2025-06-09 19:28:56,998 - log - INFO - ==========================================
data:/leonardo_work/EUHPC_R04_192/fmohamma/Adversarial_Robust_Clip/atpt_data/downstream_datasets
test_sets:Cars
dataset_mode:test
arch:ViT-L/14
resolution:224
workers:4
no_pin_memory:False
batch_size:64
print_freq:20
gpu:0
no_cudnn_benchmark:False
n_ctx:4
ctx_init:a_photo_of_a
tpt_loss:rtpt
seed:0
output_dir:/leonardo_work/EUHPC_R04_192/fmohamma/Adversarial_Robust_Clip/atpt_data/ViT-L/14/Cars
log_output_dir:/leonardo_work/EUHPC_R04_192/fmohamma/Adversarial_Robust_Clip/ATPT/Final_Results/ViT-L/14/Cars
eps:0.0
alpha:0.0
alpha_eps_ratio:4.0
steps:0
lr:0.005
selection_p:0.1
tta_steps:1
ensemble_type:weighted_rtpt
top_k:20
softmax_temp:0.01
counter_attack:True
counter_attack_type:pgd
counter_attack_steps:2
counter_attack_eps:4.0
counter_attack_alpha:1.0
counter_attack_tau_thres:0.2
counter_attack_beta:2.0
counter_attack_weighted_perturbations:True
pgd_clip_pure_i_text_embeddings:null
pgd_counter_and_clipure_i_lamda:1.0
selected_id_name:selected_topk.json
weighted_score_name:weighted_scores.json
batch_entropy_name:entropies.json
log_dir:/leonardo_work/EUHPC_R04_192/fmohamma/Adversarial_Robust_Clip/ATPT/Final_Results/ViT-L/14/Cars/Clean/Counter_Attack/Eps_4_0_Steps_2_Alpha_1_0/tau_0_2_beta_2_0_weighted_pertrubation_True/TPT/Optimization_Loss_rtpt_LR_0_005_Optimization_Steps_1_View_Selection_Fraction_0_1/Inference_Ensemble_weighted_rtpt_topk_20_softmaxtemp_0_01

2025-06-09 19:28:56,999 - log - INFO - Use GPU: 0 for training
2025-06-09 19:29:55,546 - log - INFO - Freezing all parameters except prompt learner
2025-06-09 19:29:55,547 - log - INFO - => Model created: visual backbone ViT-L/14
2025-06-09 19:29:55,573 - log - INFO - Number of test samples: 8041
2025-06-09 19:29:55,573 - log - INFO - Evaluating dataset: Cars
2025-06-09 19:29:55,574 - log - INFO - Starting evaluation with batch size: 64, selection percentage: 0.1
2025-06-09 19:29:55,574 - log - INFO - Test-time adaptation steps: 1, learning rate: 0.005
2025-06-09 19:29:55,575 - log - INFO - Using counter-attack with epsilon: 4.000000, alpha: 0.000000, steps: 2, tau_thres: 0.2, beta: 2.0, weighted perturbation: True
2025-06-09 19:31:14,495 - log - INFO - iter:20/8041, clip_acc1=35.0, tta_acc1=55.0
2025-06-09 19:31:14,495 - log - INFO - iter:20/8041, Original Acc@1: 35.00, Acc@5: 70.00, TTA Acc@1: 55.00, Acc@5: 85.00
2025-06-09 19:32:17,973 - log - INFO - iter:40/8041, clip_acc1=45.0, tta_acc1=60.0
2025-06-09 19:32:17,973 - log - INFO - iter:40/8041, Original Acc@1: 45.00, Acc@5: 80.00, TTA Acc@1: 60.00, Acc@5: 92.50
2025-06-09 19:33:20,594 - log - INFO - iter:60/8041, clip_acc1=48.333335876464844, tta_acc1=60.000003814697266
2025-06-09 19:33:20,594 - log - INFO - iter:60/8041, Original Acc@1: 48.33, Acc@5: 85.00, TTA Acc@1: 60.00, Acc@5: 95.00
2025-06-09 19:34:23,880 - log - INFO - iter:80/8041, clip_acc1=51.25, tta_acc1=58.75
2025-06-09 19:34:23,880 - log - INFO - iter:80/8041, Original Acc@1: 51.25, Acc@5: 85.00, TTA Acc@1: 58.75, Acc@5: 95.00
2025-06-09 19:35:27,484 - log - INFO - iter:100/8041, clip_acc1=54.0, tta_acc1=64.0
2025-06-09 19:35:27,484 - log - INFO - iter:100/8041, Original Acc@1: 54.00, Acc@5: 86.00, TTA Acc@1: 64.00, Acc@5: 96.00
2025-06-09 19:36:31,082 - log - INFO - iter:120/8041, clip_acc1=53.333335876464844, tta_acc1=62.500003814697266
2025-06-09 19:36:31,083 - log - INFO - iter:120/8041, Original Acc@1: 53.33, Acc@5: 85.83, TTA Acc@1: 62.50, Acc@5: 95.83
2025-06-09 19:37:38,066 - log - INFO - iter:140/8041, clip_acc1=52.85714340209961, tta_acc1=62.14285659790039
2025-06-09 19:37:38,066 - log - INFO - iter:140/8041, Original Acc@1: 52.86, Acc@5: 85.71, TTA Acc@1: 62.14, Acc@5: 95.00
2025-06-09 19:38:42,156 - log - INFO - iter:160/8041, clip_acc1=52.5, tta_acc1=63.75
2025-06-09 19:38:42,156 - log - INFO - iter:160/8041, Original Acc@1: 52.50, Acc@5: 86.88, TTA Acc@1: 63.75, Acc@5: 95.00
2025-06-09 19:39:45,295 - log - INFO - iter:180/8041, clip_acc1=54.4444465637207, tta_acc1=67.22222137451172
2025-06-09 19:39:45,296 - log - INFO - iter:180/8041, Original Acc@1: 54.44, Acc@5: 87.78, TTA Acc@1: 67.22, Acc@5: 95.56
2025-06-09 19:40:49,124 - log - INFO - iter:200/8041, clip_acc1=55.0, tta_acc1=68.0
2025-06-09 19:40:49,125 - log - INFO - iter:200/8041, Original Acc@1: 55.00, Acc@5: 87.50, TTA Acc@1: 68.00, Acc@5: 95.00
2025-06-09 19:41:52,598 - log - INFO - iter:220/8041, clip_acc1=54.54545211791992, tta_acc1=69.09090423583984
2025-06-09 19:41:52,599 - log - INFO - iter:220/8041, Original Acc@1: 54.55, Acc@5: 86.36, TTA Acc@1: 69.09, Acc@5: 94.55
2025-06-09 19:42:55,544 - log - INFO - iter:240/8041, clip_acc1=54.16666793823242, tta_acc1=70.83333587646484
2025-06-09 19:42:55,544 - log - INFO - iter:240/8041, Original Acc@1: 54.17, Acc@5: 87.08, TTA Acc@1: 70.83, Acc@5: 95.00
2025-06-09 19:43:59,074 - log - INFO - iter:260/8041, clip_acc1=53.46154022216797, tta_acc1=72.30769348144531
2025-06-09 19:43:59,074 - log - INFO - iter:260/8041, Original Acc@1: 53.46, Acc@5: 87.31, TTA Acc@1: 72.31, Acc@5: 95.38
2025-06-09 19:45:04,196 - log - INFO - iter:280/8041, clip_acc1=52.85714340209961, tta_acc1=72.14286041259766
2025-06-09 19:45:04,197 - log - INFO - iter:280/8041, Original Acc@1: 52.86, Acc@5: 87.14, TTA Acc@1: 72.14, Acc@5: 95.36
2025-06-09 19:46:08,179 - log - INFO - iter:300/8041, clip_acc1=53.66666793823242, tta_acc1=72.33333587646484
2025-06-09 19:46:08,179 - log - INFO - iter:300/8041, Original Acc@1: 53.67, Acc@5: 87.67, TTA Acc@1: 72.33, Acc@5: 95.67
2025-06-09 19:47:11,593 - log - INFO - iter:320/8041, clip_acc1=54.0625, tta_acc1=73.125
2025-06-09 19:47:11,593 - log - INFO - iter:320/8041, Original Acc@1: 54.06, Acc@5: 88.44, TTA Acc@1: 73.12, Acc@5: 95.94
2025-06-09 19:48:15,450 - log - INFO - iter:340/8041, clip_acc1=54.11764907836914, tta_acc1=72.94117736816406
2025-06-09 19:48:15,450 - log - INFO - iter:340/8041, Original Acc@1: 54.12, Acc@5: 87.94, TTA Acc@1: 72.94, Acc@5: 95.59
2025-06-09 19:49:18,781 - log - INFO - iter:360/8041, clip_acc1=53.88888931274414, tta_acc1=73.33333587646484
2025-06-09 19:49:18,781 - log - INFO - iter:360/8041, Original Acc@1: 53.89, Acc@5: 87.78, TTA Acc@1: 73.33, Acc@5: 95.83
2025-06-09 19:50:21,821 - log - INFO - iter:380/8041, clip_acc1=54.47368621826172, tta_acc1=72.89473724365234
2025-06-09 19:50:21,821 - log - INFO - iter:380/8041, Original Acc@1: 54.47, Acc@5: 87.89, TTA Acc@1: 72.89, Acc@5: 96.05
2025-06-09 19:51:25,562 - log - INFO - iter:400/8041, clip_acc1=54.25, tta_acc1=72.5
2025-06-09 19:51:25,562 - log - INFO - iter:400/8041, Original Acc@1: 54.25, Acc@5: 88.25, TTA Acc@1: 72.50, Acc@5: 96.00
2025-06-09 19:52:29,098 - log - INFO - iter:420/8041, clip_acc1=55.000003814697266, tta_acc1=73.33333587646484
2025-06-09 19:52:29,099 - log - INFO - iter:420/8041, Original Acc@1: 55.00, Acc@5: 88.57, TTA Acc@1: 73.33, Acc@5: 95.95
2025-06-09 19:53:32,917 - log - INFO - iter:440/8041, clip_acc1=55.45454406738281, tta_acc1=74.09090423583984
2025-06-09 19:53:32,917 - log - INFO - iter:440/8041, Original Acc@1: 55.45, Acc@5: 89.09, TTA Acc@1: 74.09, Acc@5: 96.14
2025-06-09 19:54:35,824 - log - INFO - iter:460/8041, clip_acc1=55.43478012084961, tta_acc1=73.69564819335938
2025-06-09 19:54:35,825 - log - INFO - iter:460/8041, Original Acc@1: 55.43, Acc@5: 88.91, TTA Acc@1: 73.70, Acc@5: 96.09
2025-06-09 19:55:40,092 - log - INFO - iter:480/8041, clip_acc1=55.000003814697266, tta_acc1=73.54167175292969
2025-06-09 19:55:40,092 - log - INFO - iter:480/8041, Original Acc@1: 55.00, Acc@5: 88.54, TTA Acc@1: 73.54, Acc@5: 95.83
2025-06-09 19:56:43,453 - log - INFO - iter:500/8041, clip_acc1=54.80000305175781, tta_acc1=73.4000015258789
2025-06-09 19:56:43,453 - log - INFO - iter:500/8041, Original Acc@1: 54.80, Acc@5: 88.60, TTA Acc@1: 73.40, Acc@5: 96.00
2025-06-09 19:57:47,826 - log - INFO - iter:520/8041, clip_acc1=55.19230651855469, tta_acc1=74.23076629638672
2025-06-09 19:57:47,827 - log - INFO - iter:520/8041, Original Acc@1: 55.19, Acc@5: 88.85, TTA Acc@1: 74.23, Acc@5: 96.15
2025-06-09 19:58:51,407 - log - INFO - iter:540/8041, clip_acc1=54.814815521240234, tta_acc1=73.70370483398438
2025-06-09 19:58:51,407 - log - INFO - iter:540/8041, Original Acc@1: 54.81, Acc@5: 88.70, TTA Acc@1: 73.70, Acc@5: 96.11
2025-06-09 19:59:54,886 - log - INFO - iter:560/8041, clip_acc1=54.82143020629883, tta_acc1=73.57142639160156
2025-06-09 19:59:54,887 - log - INFO - iter:560/8041, Original Acc@1: 54.82, Acc@5: 88.57, TTA Acc@1: 73.57, Acc@5: 96.07
2025-06-09 20:00:58,818 - log - INFO - iter:580/8041, clip_acc1=54.482757568359375, tta_acc1=73.27586364746094
2025-06-09 20:00:58,818 - log - INFO - iter:580/8041, Original Acc@1: 54.48, Acc@5: 88.28, TTA Acc@1: 73.28, Acc@5: 95.69
2025-06-09 20:02:02,500 - log - INFO - iter:600/8041, clip_acc1=54.5, tta_acc1=73.5
2025-06-09 20:02:02,500 - log - INFO - iter:600/8041, Original Acc@1: 54.50, Acc@5: 88.17, TTA Acc@1: 73.50, Acc@5: 95.67
2025-06-09 20:03:05,709 - log - INFO - iter:620/8041, clip_acc1=54.51612854003906, tta_acc1=73.38709259033203
2025-06-09 20:03:05,709 - log - INFO - iter:620/8041, Original Acc@1: 54.52, Acc@5: 88.39, TTA Acc@1: 73.39, Acc@5: 95.81
2025-06-09 20:04:09,518 - log - INFO - iter:640/8041, clip_acc1=54.6875, tta_acc1=73.59375
2025-06-09 20:04:09,518 - log - INFO - iter:640/8041, Original Acc@1: 54.69, Acc@5: 88.12, TTA Acc@1: 73.59, Acc@5: 95.62
2025-06-09 20:05:12,781 - log - INFO - iter:660/8041, clip_acc1=54.69696807861328, tta_acc1=73.63636016845703
2025-06-09 20:05:12,781 - log - INFO - iter:660/8041, Original Acc@1: 54.70, Acc@5: 88.03, TTA Acc@1: 73.64, Acc@5: 95.76
2025-06-09 20:06:16,269 - log - INFO - iter:680/8041, clip_acc1=55.14706039428711, tta_acc1=73.97058868408203
2025-06-09 20:06:16,269 - log - INFO - iter:680/8041, Original Acc@1: 55.15, Acc@5: 88.24, TTA Acc@1: 73.97, Acc@5: 95.88
2025-06-09 20:07:19,822 - log - INFO - iter:700/8041, clip_acc1=54.85714340209961, tta_acc1=74.28571319580078
2025-06-09 20:07:19,822 - log - INFO - iter:700/8041, Original Acc@1: 54.86, Acc@5: 88.29, TTA Acc@1: 74.29, Acc@5: 96.00
2025-06-09 20:08:23,604 - log - INFO - iter:720/8041, clip_acc1=55.13888931274414, tta_acc1=74.02777862548828
2025-06-09 20:08:23,605 - log - INFO - iter:720/8041, Original Acc@1: 55.14, Acc@5: 88.06, TTA Acc@1: 74.03, Acc@5: 95.83
2025-06-09 20:09:27,618 - log - INFO - iter:740/8041, clip_acc1=55.135135650634766, tta_acc1=74.0540542602539
2025-06-09 20:09:27,618 - log - INFO - iter:740/8041, Original Acc@1: 55.14, Acc@5: 87.97, TTA Acc@1: 74.05, Acc@5: 95.95
2025-06-09 20:10:31,036 - log - INFO - iter:760/8041, clip_acc1=55.39474105834961, tta_acc1=73.8157958984375
2025-06-09 20:10:31,037 - log - INFO - iter:760/8041, Original Acc@1: 55.39, Acc@5: 88.29, TTA Acc@1: 73.82, Acc@5: 95.92
2025-06-09 20:11:34,330 - log - INFO - iter:780/8041, clip_acc1=55.897438049316406, tta_acc1=74.10256958007812
2025-06-09 20:11:34,330 - log - INFO - iter:780/8041, Original Acc@1: 55.90, Acc@5: 88.21, TTA Acc@1: 74.10, Acc@5: 95.90
2025-06-09 20:12:38,385 - log - INFO - iter:800/8041, clip_acc1=56.125, tta_acc1=74.125
2025-06-09 20:12:38,385 - log - INFO - iter:800/8041, Original Acc@1: 56.12, Acc@5: 88.12, TTA Acc@1: 74.12, Acc@5: 96.00
2025-06-09 20:13:41,476 - log - INFO - iter:820/8041, clip_acc1=56.34146499633789, tta_acc1=74.26829528808594
2025-06-09 20:13:41,476 - log - INFO - iter:820/8041, Original Acc@1: 56.34, Acc@5: 88.29, TTA Acc@1: 74.27, Acc@5: 96.10
2025-06-09 20:14:44,942 - log - INFO - iter:840/8041, clip_acc1=56.07143020629883, tta_acc1=73.80952453613281
2025-06-09 20:14:44,942 - log - INFO - iter:840/8041, Original Acc@1: 56.07, Acc@5: 88.33, TTA Acc@1: 73.81, Acc@5: 96.07
2025-06-09 20:15:48,748 - log - INFO - iter:860/8041, clip_acc1=56.27906799316406, tta_acc1=73.72093200683594
2025-06-09 20:15:48,749 - log - INFO - iter:860/8041, Original Acc@1: 56.28, Acc@5: 88.37, TTA Acc@1: 73.72, Acc@5: 95.93
2025-06-09 20:16:52,355 - log - INFO - iter:880/8041, clip_acc1=56.13636016845703, tta_acc1=73.75
2025-06-09 20:16:52,355 - log - INFO - iter:880/8041, Original Acc@1: 56.14, Acc@5: 88.30, TTA Acc@1: 73.75, Acc@5: 95.57
2025-06-09 20:17:57,400 - log - INFO - iter:900/8041, clip_acc1=56.333335876464844, tta_acc1=73.77777862548828
2025-06-09 20:17:57,400 - log - INFO - iter:900/8041, Original Acc@1: 56.33, Acc@5: 88.11, TTA Acc@1: 73.78, Acc@5: 95.67
2025-06-09 20:19:01,434 - log - INFO - iter:920/8041, clip_acc1=56.304344177246094, tta_acc1=74.02173614501953
2025-06-09 20:19:01,434 - log - INFO - iter:920/8041, Original Acc@1: 56.30, Acc@5: 87.72, TTA Acc@1: 74.02, Acc@5: 95.65
2025-06-09 20:20:05,606 - log - INFO - iter:940/8041, clip_acc1=56.27659225463867, tta_acc1=73.93616485595703
2025-06-09 20:20:05,607 - log - INFO - iter:940/8041, Original Acc@1: 56.28, Acc@5: 87.66, TTA Acc@1: 73.94, Acc@5: 95.64
2025-06-09 20:21:09,900 - log - INFO - iter:960/8041, clip_acc1=56.250003814697266, tta_acc1=73.75000762939453
2025-06-09 20:21:09,901 - log - INFO - iter:960/8041, Original Acc@1: 56.25, Acc@5: 87.50, TTA Acc@1: 73.75, Acc@5: 95.73
2025-06-09 20:22:13,767 - log - INFO - iter:980/8041, clip_acc1=56.632652282714844, tta_acc1=73.87754821777344
2025-06-09 20:22:13,767 - log - INFO - iter:980/8041, Original Acc@1: 56.63, Acc@5: 87.55, TTA Acc@1: 73.88, Acc@5: 95.82
2025-06-09 20:23:17,789 - log - INFO - iter:1000/8041, clip_acc1=57.000003814697266, tta_acc1=73.80000305175781
2025-06-09 20:23:17,789 - log - INFO - iter:1000/8041, Original Acc@1: 57.00, Acc@5: 87.60, TTA Acc@1: 73.80, Acc@5: 95.80
2025-06-09 20:24:21,297 - log - INFO - iter:1020/8041, clip_acc1=57.254905700683594, tta_acc1=74.1176528930664
2025-06-09 20:24:21,298 - log - INFO - iter:1020/8041, Original Acc@1: 57.25, Acc@5: 87.75, TTA Acc@1: 74.12, Acc@5: 95.88
2025-06-09 20:25:24,978 - log - INFO - iter:1040/8041, clip_acc1=57.5, tta_acc1=74.13461303710938
2025-06-09 20:25:24,978 - log - INFO - iter:1040/8041, Original Acc@1: 57.50, Acc@5: 87.88, TTA Acc@1: 74.13, Acc@5: 95.96
2025-06-09 20:26:28,623 - log - INFO - iter:1060/8041, clip_acc1=57.45283126831055, tta_acc1=73.96226501464844
2025-06-09 20:26:28,624 - log - INFO - iter:1060/8041, Original Acc@1: 57.45, Acc@5: 87.83, TTA Acc@1: 73.96, Acc@5: 95.94
2025-06-09 20:27:32,506 - log - INFO - iter:1080/8041, clip_acc1=57.5, tta_acc1=73.98148345947266
2025-06-09 20:27:32,506 - log - INFO - iter:1080/8041, Original Acc@1: 57.50, Acc@5: 87.78, TTA Acc@1: 73.98, Acc@5: 95.93
2025-06-09 20:28:37,072 - log - INFO - iter:1100/8041, clip_acc1=57.3636360168457, tta_acc1=73.90908813476562
2025-06-09 20:28:37,073 - log - INFO - iter:1100/8041, Original Acc@1: 57.36, Acc@5: 87.73, TTA Acc@1: 73.91, Acc@5: 96.00
2025-06-09 20:29:40,816 - log - INFO - iter:1120/8041, clip_acc1=57.67857360839844, tta_acc1=74.10713958740234
2025-06-09 20:29:40,817 - log - INFO - iter:1120/8041, Original Acc@1: 57.68, Acc@5: 87.95, TTA Acc@1: 74.11, Acc@5: 96.07
2025-06-09 20:30:44,064 - log - INFO - iter:1140/8041, clip_acc1=57.45614242553711, tta_acc1=74.03508758544922
2025-06-09 20:30:44,065 - log - INFO - iter:1140/8041, Original Acc@1: 57.46, Acc@5: 87.72, TTA Acc@1: 74.04, Acc@5: 96.05
2025-06-09 20:31:47,415 - log - INFO - iter:1160/8041, clip_acc1=57.58620834350586, tta_acc1=74.05172729492188
2025-06-09 20:31:47,416 - log - INFO - iter:1160/8041, Original Acc@1: 57.59, Acc@5: 87.84, TTA Acc@1: 74.05, Acc@5: 96.03
2025-06-09 20:32:51,755 - log - INFO - iter:1180/8041, clip_acc1=57.796607971191406, tta_acc1=73.89830780029297
2025-06-09 20:32:51,755 - log - INFO - iter:1180/8041, Original Acc@1: 57.80, Acc@5: 87.97, TTA Acc@1: 73.90, Acc@5: 96.02
2025-06-09 20:33:55,251 - log - INFO - iter:1200/8041, clip_acc1=57.833335876464844, tta_acc1=73.5
2025-06-09 20:33:55,251 - log - INFO - iter:1200/8041, Original Acc@1: 57.83, Acc@5: 88.00, TTA Acc@1: 73.50, Acc@5: 95.83
2025-06-09 20:34:59,489 - log - INFO - iter:1220/8041, clip_acc1=57.86885070800781, tta_acc1=73.2786865234375
2025-06-09 20:34:59,490 - log - INFO - iter:1220/8041, Original Acc@1: 57.87, Acc@5: 88.11, TTA Acc@1: 73.28, Acc@5: 95.90
2025-06-09 20:36:03,228 - log - INFO - iter:1240/8041, clip_acc1=57.82257843017578, tta_acc1=73.14515686035156
2025-06-09 20:36:03,229 - log - INFO - iter:1240/8041, Original Acc@1: 57.82, Acc@5: 88.23, TTA Acc@1: 73.15, Acc@5: 95.97
2025-06-09 20:37:08,148 - log - INFO - iter:1260/8041, clip_acc1=57.619049072265625, tta_acc1=72.93650817871094
2025-06-09 20:37:08,148 - log - INFO - iter:1260/8041, Original Acc@1: 57.62, Acc@5: 88.10, TTA Acc@1: 72.94, Acc@5: 95.95
2025-06-09 20:38:12,309 - log - INFO - iter:1280/8041, clip_acc1=57.421875, tta_acc1=72.96875
2025-06-09 20:38:12,309 - log - INFO - iter:1280/8041, Original Acc@1: 57.42, Acc@5: 87.89, TTA Acc@1: 72.97, Acc@5: 95.78
2025-06-09 20:39:16,553 - log - INFO - iter:1300/8041, clip_acc1=57.30769348144531, tta_acc1=72.84615325927734
2025-06-09 20:39:16,553 - log - INFO - iter:1300/8041, Original Acc@1: 57.31, Acc@5: 87.77, TTA Acc@1: 72.85, Acc@5: 95.85
2025-06-09 20:40:20,745 - log - INFO - iter:1320/8041, clip_acc1=57.19696807861328, tta_acc1=72.80302429199219
2025-06-09 20:40:20,745 - log - INFO - iter:1320/8041, Original Acc@1: 57.20, Acc@5: 87.58, TTA Acc@1: 72.80, Acc@5: 95.83
2025-06-09 20:41:24,420 - log - INFO - iter:1340/8041, clip_acc1=57.08955383300781, tta_acc1=72.83582305908203
2025-06-09 20:41:24,420 - log - INFO - iter:1340/8041, Original Acc@1: 57.09, Acc@5: 87.46, TTA Acc@1: 72.84, Acc@5: 95.75
2025-06-09 20:42:28,089 - log - INFO - iter:1360/8041, clip_acc1=57.0588264465332, tta_acc1=72.64705657958984
2025-06-09 20:42:28,089 - log - INFO - iter:1360/8041, Original Acc@1: 57.06, Acc@5: 87.35, TTA Acc@1: 72.65, Acc@5: 95.74
2025-06-09 20:43:31,718 - log - INFO - iter:1380/8041, clip_acc1=57.17391586303711, tta_acc1=72.75362396240234
2025-06-09 20:43:31,718 - log - INFO - iter:1380/8041, Original Acc@1: 57.17, Acc@5: 87.39, TTA Acc@1: 72.75, Acc@5: 95.80
2025-06-09 20:44:33,949 - log - INFO - iter:1400/8041, clip_acc1=57.28571319580078, tta_acc1=72.78571319580078
2025-06-09 20:44:33,950 - log - INFO - iter:1400/8041, Original Acc@1: 57.29, Acc@5: 87.43, TTA Acc@1: 72.79, Acc@5: 95.79
2025-06-09 20:45:36,933 - log - INFO - iter:1420/8041, clip_acc1=57.112674713134766, tta_acc1=72.88732147216797
2025-06-09 20:45:36,933 - log - INFO - iter:1420/8041, Original Acc@1: 57.11, Acc@5: 87.46, TTA Acc@1: 72.89, Acc@5: 95.85
2025-06-09 20:46:40,162 - log - INFO - iter:1440/8041, clip_acc1=57.083335876464844, tta_acc1=72.84722137451172
2025-06-09 20:46:40,163 - log - INFO - iter:1440/8041, Original Acc@1: 57.08, Acc@5: 87.36, TTA Acc@1: 72.85, Acc@5: 95.90
2025-06-09 20:47:42,956 - log - INFO - iter:1460/8041, clip_acc1=57.1917839050293, tta_acc1=72.80821990966797
2025-06-09 20:47:42,956 - log - INFO - iter:1460/8041, Original Acc@1: 57.19, Acc@5: 87.40, TTA Acc@1: 72.81, Acc@5: 95.96
2025-06-09 20:48:45,940 - log - INFO - iter:1480/8041, clip_acc1=57.09459686279297, tta_acc1=72.90541076660156
2025-06-09 20:48:45,940 - log - INFO - iter:1480/8041, Original Acc@1: 57.09, Acc@5: 87.36, TTA Acc@1: 72.91, Acc@5: 96.01
2025-06-09 20:49:49,662 - log - INFO - iter:1500/8041, clip_acc1=57.20000076293945, tta_acc1=72.93333435058594
2025-06-09 20:49:49,662 - log - INFO - iter:1500/8041, Original Acc@1: 57.20, Acc@5: 87.40, TTA Acc@1: 72.93, Acc@5: 96.07
2025-06-09 20:50:53,654 - log - INFO - iter:1520/8041, clip_acc1=57.17105484008789, tta_acc1=72.82894897460938
2025-06-09 20:50:53,654 - log - INFO - iter:1520/8041, Original Acc@1: 57.17, Acc@5: 87.37, TTA Acc@1: 72.83, Acc@5: 95.99
2025-06-09 20:51:56,600 - log - INFO - iter:1540/8041, clip_acc1=57.272727966308594, tta_acc1=72.85713958740234
2025-06-09 20:51:56,600 - log - INFO - iter:1540/8041, Original Acc@1: 57.27, Acc@5: 87.53, TTA Acc@1: 72.86, Acc@5: 96.04
2025-06-09 20:53:02,529 - log - INFO - iter:1560/8041, clip_acc1=57.115386962890625, tta_acc1=72.75641632080078
2025-06-09 20:53:02,529 - log - INFO - iter:1560/8041, Original Acc@1: 57.12, Acc@5: 87.44, TTA Acc@1: 72.76, Acc@5: 95.90
2025-06-09 20:54:06,000 - log - INFO - iter:1580/8041, clip_acc1=57.08860778808594, tta_acc1=72.84809875488281
2025-06-09 20:54:06,001 - log - INFO - iter:1580/8041, Original Acc@1: 57.09, Acc@5: 87.34, TTA Acc@1: 72.85, Acc@5: 95.89
2025-06-09 20:55:10,328 - log - INFO - iter:1600/8041, clip_acc1=56.9375, tta_acc1=72.5
2025-06-09 20:55:10,329 - log - INFO - iter:1600/8041, Original Acc@1: 56.94, Acc@5: 87.31, TTA Acc@1: 72.50, Acc@5: 95.94
2025-06-09 20:56:13,577 - log - INFO - iter:1620/8041, clip_acc1=56.728397369384766, tta_acc1=72.53086853027344
2025-06-09 20:56:13,578 - log - INFO - iter:1620/8041, Original Acc@1: 56.73, Acc@5: 87.35, TTA Acc@1: 72.53, Acc@5: 95.93
2025-06-09 20:57:16,772 - log - INFO - iter:1640/8041, clip_acc1=56.89024353027344, tta_acc1=72.56097412109375
2025-06-09 20:57:16,772 - log - INFO - iter:1640/8041, Original Acc@1: 56.89, Acc@5: 87.32, TTA Acc@1: 72.56, Acc@5: 95.85
2025-06-09 20:58:21,616 - log - INFO - iter:1660/8041, clip_acc1=56.927711486816406, tta_acc1=72.65060424804688
2025-06-09 20:58:21,617 - log - INFO - iter:1660/8041, Original Acc@1: 56.93, Acc@5: 87.35, TTA Acc@1: 72.65, Acc@5: 95.84
2025-06-09 20:59:25,124 - log - INFO - iter:1680/8041, clip_acc1=57.02381134033203, tta_acc1=72.67857360839844
2025-06-09 20:59:25,124 - log - INFO - iter:1680/8041, Original Acc@1: 57.02, Acc@5: 87.32, TTA Acc@1: 72.68, Acc@5: 95.83
2025-06-09 21:00:29,002 - log - INFO - iter:1700/8041, clip_acc1=56.9411735534668, tta_acc1=72.64705657958984
2025-06-09 21:00:29,002 - log - INFO - iter:1700/8041, Original Acc@1: 56.94, Acc@5: 87.29, TTA Acc@1: 72.65, Acc@5: 95.76
2025-06-09 21:01:33,153 - log - INFO - iter:1720/8041, clip_acc1=56.569766998291016, tta_acc1=72.44185638427734
2025-06-09 21:01:33,153 - log - INFO - iter:1720/8041, Original Acc@1: 56.57, Acc@5: 87.15, TTA Acc@1: 72.44, Acc@5: 95.76
2025-06-09 21:02:36,444 - log - INFO - iter:1740/8041, clip_acc1=56.78160858154297, tta_acc1=72.47126770019531
2025-06-09 21:02:36,444 - log - INFO - iter:1740/8041, Original Acc@1: 56.78, Acc@5: 87.24, TTA Acc@1: 72.47, Acc@5: 95.75
2025-06-09 21:03:39,836 - log - INFO - iter:1760/8041, clip_acc1=56.818180084228516, tta_acc1=72.67045593261719
2025-06-09 21:03:39,837 - log - INFO - iter:1760/8041, Original Acc@1: 56.82, Acc@5: 87.33, TTA Acc@1: 72.67, Acc@5: 95.74
2025-06-09 21:04:42,988 - log - INFO - iter:1780/8041, clip_acc1=56.573036193847656, tta_acc1=72.52809143066406
2025-06-09 21:04:42,989 - log - INFO - iter:1780/8041, Original Acc@1: 56.57, Acc@5: 87.42, TTA Acc@1: 72.53, Acc@5: 95.79
2025-06-09 21:05:46,199 - log - INFO - iter:1800/8041, clip_acc1=56.61111068725586, tta_acc1=72.66667175292969
2025-06-09 21:05:46,199 - log - INFO - iter:1800/8041, Original Acc@1: 56.61, Acc@5: 87.33, TTA Acc@1: 72.67, Acc@5: 95.78
2025-06-09 21:06:49,808 - log - INFO - iter:1820/8041, clip_acc1=56.5384635925293, tta_acc1=72.63736724853516
2025-06-09 21:06:49,808 - log - INFO - iter:1820/8041, Original Acc@1: 56.54, Acc@5: 87.31, TTA Acc@1: 72.64, Acc@5: 95.77
2025-06-09 21:07:53,274 - log - INFO - iter:1840/8041, clip_acc1=56.73912811279297, tta_acc1=72.66304016113281
2025-06-09 21:07:53,274 - log - INFO - iter:1840/8041, Original Acc@1: 56.74, Acc@5: 87.39, TTA Acc@1: 72.66, Acc@5: 95.82
2025-06-09 21:08:56,534 - log - INFO - iter:1860/8041, clip_acc1=56.6129035949707, tta_acc1=72.52688598632812
2025-06-09 21:08:56,534 - log - INFO - iter:1860/8041, Original Acc@1: 56.61, Acc@5: 87.31, TTA Acc@1: 72.53, Acc@5: 95.75
2025-06-09 21:10:00,614 - log - INFO - iter:1880/8041, clip_acc1=56.595741271972656, tta_acc1=72.39361572265625
2025-06-09 21:10:00,614 - log - INFO - iter:1880/8041, Original Acc@1: 56.60, Acc@5: 87.39, TTA Acc@1: 72.39, Acc@5: 95.74
2025-06-09 21:11:04,031 - log - INFO - iter:1900/8041, clip_acc1=56.57894515991211, tta_acc1=72.36841583251953
2025-06-09 21:11:04,031 - log - INFO - iter:1900/8041, Original Acc@1: 56.58, Acc@5: 87.37, TTA Acc@1: 72.37, Acc@5: 95.74
2025-06-09 21:12:07,572 - log - INFO - iter:1920/8041, clip_acc1=56.51041793823242, tta_acc1=72.08333587646484
2025-06-09 21:12:07,573 - log - INFO - iter:1920/8041, Original Acc@1: 56.51, Acc@5: 87.34, TTA Acc@1: 72.08, Acc@5: 95.68
2025-06-09 21:13:11,065 - log - INFO - iter:1940/8041, clip_acc1=56.54639434814453, tta_acc1=72.2680435180664
2025-06-09 21:13:11,066 - log - INFO - iter:1940/8041, Original Acc@1: 56.55, Acc@5: 87.42, TTA Acc@1: 72.27, Acc@5: 95.72
2025-06-09 21:14:14,230 - log - INFO - iter:1960/8041, clip_acc1=56.530609130859375, tta_acc1=72.34693908691406
2025-06-09 21:14:14,230 - log - INFO - iter:1960/8041, Original Acc@1: 56.53, Acc@5: 87.45, TTA Acc@1: 72.35, Acc@5: 95.77
2025-06-09 21:15:18,042 - log - INFO - iter:1980/8041, clip_acc1=56.46464920043945, tta_acc1=72.22222900390625
2025-06-09 21:15:18,042 - log - INFO - iter:1980/8041, Original Acc@1: 56.46, Acc@5: 87.42, TTA Acc@1: 72.22, Acc@5: 95.76
2025-06-09 21:16:21,709 - log - INFO - iter:2000/8041, clip_acc1=56.45000457763672, tta_acc1=72.30000305175781
2025-06-09 21:16:21,710 - log - INFO - iter:2000/8041, Original Acc@1: 56.45, Acc@5: 87.30, TTA Acc@1: 72.30, Acc@5: 95.80
2025-06-09 21:17:25,151 - log - INFO - iter:2020/8041, clip_acc1=56.5346565246582, tta_acc1=72.22772216796875
2025-06-09 21:17:25,151 - log - INFO - iter:2020/8041, Original Acc@1: 56.53, Acc@5: 87.28, TTA Acc@1: 72.23, Acc@5: 95.84
2025-06-09 21:18:28,295 - log - INFO - iter:2040/8041, clip_acc1=56.37255096435547, tta_acc1=72.2549057006836
2025-06-09 21:18:28,295 - log - INFO - iter:2040/8041, Original Acc@1: 56.37, Acc@5: 87.21, TTA Acc@1: 72.25, Acc@5: 95.88
2025-06-09 21:19:31,427 - log - INFO - iter:2060/8041, clip_acc1=56.01941680908203, tta_acc1=72.03883361816406
2025-06-09 21:19:31,427 - log - INFO - iter:2060/8041, Original Acc@1: 56.02, Acc@5: 87.14, TTA Acc@1: 72.04, Acc@5: 95.78
2025-06-09 21:20:34,925 - log - INFO - iter:2080/8041, clip_acc1=56.105770111083984, tta_acc1=72.11538696289062
2025-06-09 21:20:34,925 - log - INFO - iter:2080/8041, Original Acc@1: 56.11, Acc@5: 87.02, TTA Acc@1: 72.12, Acc@5: 95.72
2025-06-09 21:21:38,079 - log - INFO - iter:2100/8041, clip_acc1=56.0476188659668, tta_acc1=71.95237731933594
2025-06-09 21:21:38,079 - log - INFO - iter:2100/8041, Original Acc@1: 56.05, Acc@5: 87.05, TTA Acc@1: 71.95, Acc@5: 95.76
2025-06-09 21:22:42,087 - log - INFO - iter:2120/8041, clip_acc1=55.99056625366211, tta_acc1=71.9339599609375
2025-06-09 21:22:42,088 - log - INFO - iter:2120/8041, Original Acc@1: 55.99, Acc@5: 87.03, TTA Acc@1: 71.93, Acc@5: 95.75
2025-06-09 21:23:46,342 - log - INFO - iter:2140/8041, clip_acc1=56.07476806640625, tta_acc1=71.9158935546875
2025-06-09 21:23:46,342 - log - INFO - iter:2140/8041, Original Acc@1: 56.07, Acc@5: 87.15, TTA Acc@1: 71.92, Acc@5: 95.79
2025-06-09 21:24:50,135 - log - INFO - iter:2160/8041, clip_acc1=56.157405853271484, tta_acc1=72.08332824707031
2025-06-09 21:24:50,135 - log - INFO - iter:2160/8041, Original Acc@1: 56.16, Acc@5: 87.18, TTA Acc@1: 72.08, Acc@5: 95.79
2025-06-09 21:25:53,520 - log - INFO - iter:2180/8041, clip_acc1=56.10091781616211, tta_acc1=72.06422424316406
2025-06-09 21:25:53,520 - log - INFO - iter:2180/8041, Original Acc@1: 56.10, Acc@5: 87.20, TTA Acc@1: 72.06, Acc@5: 95.78
2025-06-09 21:26:57,010 - log - INFO - iter:2200/8041, clip_acc1=56.181819915771484, tta_acc1=72.2272720336914
2025-06-09 21:26:57,010 - log - INFO - iter:2200/8041, Original Acc@1: 56.18, Acc@5: 87.23, TTA Acc@1: 72.23, Acc@5: 95.82
2025-06-09 21:28:00,540 - log - INFO - iter:2220/8041, clip_acc1=56.126129150390625, tta_acc1=72.20720672607422
2025-06-09 21:28:00,540 - log - INFO - iter:2220/8041, Original Acc@1: 56.13, Acc@5: 87.25, TTA Acc@1: 72.21, Acc@5: 95.86
2025-06-09 21:29:04,183 - log - INFO - iter:2240/8041, clip_acc1=56.07143020629883, tta_acc1=72.14286041259766
2025-06-09 21:29:04,183 - log - INFO - iter:2240/8041, Original Acc@1: 56.07, Acc@5: 87.19, TTA Acc@1: 72.14, Acc@5: 95.85
2025-06-09 21:30:07,827 - log - INFO - iter:2260/8041, clip_acc1=56.061946868896484, tta_acc1=72.16814422607422
2025-06-09 21:30:07,828 - log - INFO - iter:2260/8041, Original Acc@1: 56.06, Acc@5: 87.21, TTA Acc@1: 72.17, Acc@5: 95.88
2025-06-09 21:31:12,017 - log - INFO - iter:2280/8041, clip_acc1=56.05263137817383, tta_acc1=72.28070068359375
2025-06-09 21:31:12,017 - log - INFO - iter:2280/8041, Original Acc@1: 56.05, Acc@5: 87.28, TTA Acc@1: 72.28, Acc@5: 95.92
2025-06-09 21:32:15,155 - log - INFO - iter:2300/8041, clip_acc1=56.0, tta_acc1=72.26087188720703
2025-06-09 21:32:15,155 - log - INFO - iter:2300/8041, Original Acc@1: 56.00, Acc@5: 87.26, TTA Acc@1: 72.26, Acc@5: 95.91
2025-06-09 21:33:18,754 - log - INFO - iter:2320/8041, clip_acc1=56.034481048583984, tta_acc1=72.32758331298828
2025-06-09 21:33:18,755 - log - INFO - iter:2320/8041, Original Acc@1: 56.03, Acc@5: 87.20, TTA Acc@1: 72.33, Acc@5: 95.91
2025-06-09 21:34:22,137 - log - INFO - iter:2340/8041, clip_acc1=55.982906341552734, tta_acc1=72.3931655883789
2025-06-09 21:34:22,137 - log - INFO - iter:2340/8041, Original Acc@1: 55.98, Acc@5: 87.18, TTA Acc@1: 72.39, Acc@5: 95.94
2025-06-09 21:35:26,775 - log - INFO - iter:2360/8041, clip_acc1=56.01694869995117, tta_acc1=72.5
2025-06-09 21:35:26,775 - log - INFO - iter:2360/8041, Original Acc@1: 56.02, Acc@5: 87.12, TTA Acc@1: 72.50, Acc@5: 95.93
2025-06-09 21:36:29,907 - log - INFO - iter:2380/8041, clip_acc1=56.17647171020508, tta_acc1=72.64705657958984
2025-06-09 21:36:29,908 - log - INFO - iter:2380/8041, Original Acc@1: 56.18, Acc@5: 87.18, TTA Acc@1: 72.65, Acc@5: 95.97
2025-06-09 21:37:33,559 - log - INFO - iter:2400/8041, clip_acc1=56.208335876464844, tta_acc1=72.75
2025-06-09 21:37:33,559 - log - INFO - iter:2400/8041, Original Acc@1: 56.21, Acc@5: 87.17, TTA Acc@1: 72.75, Acc@5: 95.96
2025-06-09 21:38:38,495 - log - INFO - iter:2420/8041, clip_acc1=56.15702438354492, tta_acc1=72.7272720336914
2025-06-09 21:38:38,495 - log - INFO - iter:2420/8041, Original Acc@1: 56.16, Acc@5: 87.15, TTA Acc@1: 72.73, Acc@5: 95.99
2025-06-09 21:39:41,795 - log - INFO - iter:2440/8041, clip_acc1=56.14754104614258, tta_acc1=72.7868881225586
2025-06-09 21:39:41,795 - log - INFO - iter:2440/8041, Original Acc@1: 56.15, Acc@5: 87.13, TTA Acc@1: 72.79, Acc@5: 95.94
2025-06-09 21:40:46,690 - log - INFO - iter:2460/8041, clip_acc1=55.934959411621094, tta_acc1=72.72357177734375
2025-06-09 21:40:46,690 - log - INFO - iter:2460/8041, Original Acc@1: 55.93, Acc@5: 87.07, TTA Acc@1: 72.72, Acc@5: 95.98
2025-06-09 21:41:50,329 - log - INFO - iter:2480/8041, clip_acc1=55.84677505493164, tta_acc1=72.62096405029297
2025-06-09 21:41:50,329 - log - INFO - iter:2480/8041, Original Acc@1: 55.85, Acc@5: 87.06, TTA Acc@1: 72.62, Acc@5: 95.89
2025-06-09 21:42:53,318 - log - INFO - iter:2500/8041, clip_acc1=55.87999725341797, tta_acc1=72.55999755859375
2025-06-09 21:42:53,319 - log - INFO - iter:2500/8041, Original Acc@1: 55.88, Acc@5: 87.08, TTA Acc@1: 72.56, Acc@5: 95.84
2025-06-09 21:43:57,204 - log - INFO - iter:2520/8041, clip_acc1=55.873016357421875, tta_acc1=72.53968048095703
2025-06-09 21:43:57,204 - log - INFO - iter:2520/8041, Original Acc@1: 55.87, Acc@5: 87.06, TTA Acc@1: 72.54, Acc@5: 95.83
2025-06-09 21:45:01,032 - log - INFO - iter:2540/8041, clip_acc1=55.9842529296875, tta_acc1=72.55905151367188
2025-06-09 21:45:01,032 - log - INFO - iter:2540/8041, Original Acc@1: 55.98, Acc@5: 87.05, TTA Acc@1: 72.56, Acc@5: 95.83
2025-06-09 21:46:05,825 - log - INFO - iter:2560/8041, clip_acc1=56.015625, tta_acc1=72.421875
2025-06-09 21:46:05,825 - log - INFO - iter:2560/8041, Original Acc@1: 56.02, Acc@5: 87.11, TTA Acc@1: 72.42, Acc@5: 95.86
2025-06-09 21:47:10,287 - log - INFO - iter:2580/8041, clip_acc1=55.930233001708984, tta_acc1=72.3255844116211
2025-06-09 21:47:10,288 - log - INFO - iter:2580/8041, Original Acc@1: 55.93, Acc@5: 86.94, TTA Acc@1: 72.33, Acc@5: 95.85
2025-06-09 21:48:14,969 - log - INFO - iter:2600/8041, clip_acc1=55.96154022216797, tta_acc1=72.38461303710938
2025-06-09 21:48:14,970 - log - INFO - iter:2600/8041, Original Acc@1: 55.96, Acc@5: 86.92, TTA Acc@1: 72.38, Acc@5: 95.88
2025-06-09 21:49:17,812 - log - INFO - iter:2620/8041, clip_acc1=55.76335906982422, tta_acc1=72.25190734863281
2025-06-09 21:49:17,812 - log - INFO - iter:2620/8041, Original Acc@1: 55.76, Acc@5: 86.76, TTA Acc@1: 72.25, Acc@5: 95.92
2025-06-09 21:50:20,969 - log - INFO - iter:2640/8041, clip_acc1=55.719696044921875, tta_acc1=72.2727279663086
2025-06-09 21:50:20,969 - log - INFO - iter:2640/8041, Original Acc@1: 55.72, Acc@5: 86.70, TTA Acc@1: 72.27, Acc@5: 95.87
2025-06-09 21:51:24,330 - log - INFO - iter:2660/8041, clip_acc1=55.82706832885742, tta_acc1=72.2556381225586
2025-06-09 21:51:24,330 - log - INFO - iter:2660/8041, Original Acc@1: 55.83, Acc@5: 86.65, TTA Acc@1: 72.26, Acc@5: 95.90
2025-06-09 21:52:27,732 - log - INFO - iter:2680/8041, clip_acc1=55.85820770263672, tta_acc1=72.3880615234375
2025-06-09 21:52:27,732 - log - INFO - iter:2680/8041, Original Acc@1: 55.86, Acc@5: 86.57, TTA Acc@1: 72.39, Acc@5: 95.90
2025-06-09 21:53:32,237 - log - INFO - iter:2700/8041, clip_acc1=55.85185241699219, tta_acc1=72.33333587646484
2025-06-09 21:53:32,237 - log - INFO - iter:2700/8041, Original Acc@1: 55.85, Acc@5: 86.59, TTA Acc@1: 72.33, Acc@5: 95.93
2025-06-09 21:54:35,836 - log - INFO - iter:2720/8041, clip_acc1=55.8088264465332, tta_acc1=72.31617736816406
2025-06-09 21:54:35,836 - log - INFO - iter:2720/8041, Original Acc@1: 55.81, Acc@5: 86.51, TTA Acc@1: 72.32, Acc@5: 95.85
2025-06-09 21:55:39,347 - log - INFO - iter:2740/8041, clip_acc1=55.729923248291016, tta_acc1=72.37226104736328
2025-06-09 21:55:39,347 - log - INFO - iter:2740/8041, Original Acc@1: 55.73, Acc@5: 86.28, TTA Acc@1: 72.37, Acc@5: 95.84
2025-06-09 21:56:42,615 - log - INFO - iter:2760/8041, clip_acc1=55.724639892578125, tta_acc1=72.35507202148438
2025-06-09 21:56:42,616 - log - INFO - iter:2760/8041, Original Acc@1: 55.72, Acc@5: 86.30, TTA Acc@1: 72.36, Acc@5: 95.87
2025-06-09 21:57:46,644 - log - INFO - iter:2780/8041, clip_acc1=55.755393981933594, tta_acc1=72.41007232666016
2025-06-09 21:57:46,644 - log - INFO - iter:2780/8041, Original Acc@1: 55.76, Acc@5: 86.37, TTA Acc@1: 72.41, Acc@5: 95.90
2025-06-09 21:58:49,679 - log - INFO - iter:2800/8041, clip_acc1=55.75, tta_acc1=72.35713958740234
2025-06-09 21:58:49,679 - log - INFO - iter:2800/8041, Original Acc@1: 55.75, Acc@5: 86.39, TTA Acc@1: 72.36, Acc@5: 95.89
2025-06-09 21:59:52,838 - log - INFO - iter:2820/8041, clip_acc1=55.7092170715332, tta_acc1=72.51773071289062
2025-06-09 21:59:52,838 - log - INFO - iter:2820/8041, Original Acc@1: 55.71, Acc@5: 86.42, TTA Acc@1: 72.52, Acc@5: 95.92
2025-06-09 22:00:59,162 - log - INFO - iter:2840/8041, clip_acc1=55.59859085083008, tta_acc1=72.53520965576172
2025-06-09 22:00:59,162 - log - INFO - iter:2840/8041, Original Acc@1: 55.60, Acc@5: 86.41, TTA Acc@1: 72.54, Acc@5: 95.95
2025-06-09 22:02:03,583 - log - INFO - iter:2860/8041, clip_acc1=55.59440612792969, tta_acc1=72.62238311767578
2025-06-09 22:02:03,583 - log - INFO - iter:2860/8041, Original Acc@1: 55.59, Acc@5: 86.50, TTA Acc@1: 72.62, Acc@5: 95.98
2025-06-09 22:03:06,741 - log - INFO - iter:2880/8041, clip_acc1=55.59027862548828, tta_acc1=72.56944274902344
2025-06-09 22:03:06,741 - log - INFO - iter:2880/8041, Original Acc@1: 55.59, Acc@5: 86.53, TTA Acc@1: 72.57, Acc@5: 95.97
2025-06-09 22:04:09,928 - log - INFO - iter:2900/8041, clip_acc1=55.517242431640625, tta_acc1=72.48275756835938
2025-06-09 22:04:09,928 - log - INFO - iter:2900/8041, Original Acc@1: 55.52, Acc@5: 86.52, TTA Acc@1: 72.48, Acc@5: 95.90
2025-06-09 22:05:13,493 - log - INFO - iter:2920/8041, clip_acc1=55.479454040527344, tta_acc1=72.53424835205078
2025-06-09 22:05:13,493 - log - INFO - iter:2920/8041, Original Acc@1: 55.48, Acc@5: 86.58, TTA Acc@1: 72.53, Acc@5: 95.92
2025-06-09 22:06:18,281 - log - INFO - iter:2940/8041, clip_acc1=55.408164978027344, tta_acc1=72.55101776123047
2025-06-09 22:06:18,281 - log - INFO - iter:2940/8041, Original Acc@1: 55.41, Acc@5: 86.53, TTA Acc@1: 72.55, Acc@5: 95.95
2025-06-09 22:07:21,856 - log - INFO - iter:2960/8041, clip_acc1=55.43918991088867, tta_acc1=72.53378295898438
2025-06-09 22:07:21,856 - log - INFO - iter:2960/8041, Original Acc@1: 55.44, Acc@5: 86.55, TTA Acc@1: 72.53, Acc@5: 95.95
2025-06-09 22:08:26,572 - log - INFO - iter:2980/8041, clip_acc1=55.53691482543945, tta_acc1=72.58389282226562
2025-06-09 22:08:26,572 - log - INFO - iter:2980/8041, Original Acc@1: 55.54, Acc@5: 86.61, TTA Acc@1: 72.58, Acc@5: 95.97
2025-06-09 22:09:30,619 - log - INFO - iter:3000/8041, clip_acc1=55.5, tta_acc1=72.53333282470703
2025-06-09 22:09:30,619 - log - INFO - iter:3000/8041, Original Acc@1: 55.50, Acc@5: 86.63, TTA Acc@1: 72.53, Acc@5: 95.97
2025-06-09 22:10:34,229 - log - INFO - iter:3020/8041, clip_acc1=55.59602737426758, tta_acc1=72.54966735839844
2025-06-09 22:10:34,230 - log - INFO - iter:3020/8041, Original Acc@1: 55.60, Acc@5: 86.69, TTA Acc@1: 72.55, Acc@5: 95.99
2025-06-09 22:11:38,495 - log - INFO - iter:3040/8041, clip_acc1=55.592105865478516, tta_acc1=72.53289794921875
2025-06-09 22:11:38,496 - log - INFO - iter:3040/8041, Original Acc@1: 55.59, Acc@5: 86.71, TTA Acc@1: 72.53, Acc@5: 96.02
2025-06-09 22:12:42,269 - log - INFO - iter:3060/8041, clip_acc1=55.686275482177734, tta_acc1=72.54901885986328
2025-06-09 22:12:42,269 - log - INFO - iter:3060/8041, Original Acc@1: 55.69, Acc@5: 86.70, TTA Acc@1: 72.55, Acc@5: 96.05
2025-06-09 22:13:45,790 - log - INFO - iter:3080/8041, clip_acc1=55.71428298950195, tta_acc1=72.59740447998047
2025-06-09 22:13:45,790 - log - INFO - iter:3080/8041, Original Acc@1: 55.71, Acc@5: 86.66, TTA Acc@1: 72.60, Acc@5: 96.04
2025-06-09 22:14:49,619 - log - INFO - iter:3100/8041, clip_acc1=55.645164489746094, tta_acc1=72.54839324951172
2025-06-09 22:14:49,619 - log - INFO - iter:3100/8041, Original Acc@1: 55.65, Acc@5: 86.58, TTA Acc@1: 72.55, Acc@5: 96.03
2025-06-09 22:15:53,771 - log - INFO - iter:3120/8041, clip_acc1=55.60897445678711, tta_acc1=72.62820434570312
2025-06-09 22:15:53,771 - log - INFO - iter:3120/8041, Original Acc@1: 55.61, Acc@5: 86.63, TTA Acc@1: 72.63, Acc@5: 96.06
2025-06-09 22:16:55,681 - log - INFO - iter:3140/8041, clip_acc1=55.60509490966797, tta_acc1=72.67516326904297
2025-06-09 22:16:55,681 - log - INFO - iter:3140/8041, Original Acc@1: 55.61, Acc@5: 86.66, TTA Acc@1: 72.68, Acc@5: 96.08
2025-06-09 22:17:58,877 - log - INFO - iter:3160/8041, clip_acc1=55.632911682128906, tta_acc1=72.6582260131836
2025-06-09 22:17:58,877 - log - INFO - iter:3160/8041, Original Acc@1: 55.63, Acc@5: 86.68, TTA Acc@1: 72.66, Acc@5: 96.04
2025-06-09 22:19:01,924 - log - INFO - iter:3180/8041, clip_acc1=55.660377502441406, tta_acc1=72.67295837402344
2025-06-09 22:19:01,924 - log - INFO - iter:3180/8041, Original Acc@1: 55.66, Acc@5: 86.64, TTA Acc@1: 72.67, Acc@5: 96.04
2025-06-09 22:20:05,493 - log - INFO - iter:3200/8041, clip_acc1=55.65625, tta_acc1=72.75
2025-06-09 22:20:05,493 - log - INFO - iter:3200/8041, Original Acc@1: 55.66, Acc@5: 86.62, TTA Acc@1: 72.75, Acc@5: 96.06
2025-06-09 22:21:12,612 - log - INFO - iter:3220/8041, clip_acc1=55.74534225463867, tta_acc1=72.70185852050781
2025-06-09 22:21:12,612 - log - INFO - iter:3220/8041, Original Acc@1: 55.75, Acc@5: 86.61, TTA Acc@1: 72.70, Acc@5: 96.09
2025-06-09 22:22:15,723 - log - INFO - iter:3240/8041, clip_acc1=55.864200592041016, tta_acc1=72.71604919433594
2025-06-09 22:22:15,723 - log - INFO - iter:3240/8041, Original Acc@1: 55.86, Acc@5: 86.70, TTA Acc@1: 72.72, Acc@5: 96.11
2025-06-09 22:23:19,786 - log - INFO - iter:3260/8041, clip_acc1=55.85889434814453, tta_acc1=72.66870880126953
2025-06-09 22:23:19,786 - log - INFO - iter:3260/8041, Original Acc@1: 55.86, Acc@5: 86.63, TTA Acc@1: 72.67, Acc@5: 96.10
2025-06-09 22:24:23,807 - log - INFO - iter:3280/8041, clip_acc1=55.85365676879883, tta_acc1=72.7743911743164
2025-06-09 22:24:23,807 - log - INFO - iter:3280/8041, Original Acc@1: 55.85, Acc@5: 86.55, TTA Acc@1: 72.77, Acc@5: 96.13
2025-06-09 22:25:28,541 - log - INFO - iter:3300/8041, clip_acc1=55.81818389892578, tta_acc1=72.8484878540039
2025-06-09 22:25:28,542 - log - INFO - iter:3300/8041, Original Acc@1: 55.82, Acc@5: 86.52, TTA Acc@1: 72.85, Acc@5: 96.15
2025-06-09 22:26:31,800 - log - INFO - iter:3320/8041, clip_acc1=55.78313446044922, tta_acc1=72.83132934570312
2025-06-09 22:26:31,800 - log - INFO - iter:3320/8041, Original Acc@1: 55.78, Acc@5: 86.57, TTA Acc@1: 72.83, Acc@5: 96.17
2025-06-09 22:27:35,044 - log - INFO - iter:3340/8041, clip_acc1=55.80838394165039, tta_acc1=72.84431457519531
2025-06-09 22:27:35,044 - log - INFO - iter:3340/8041, Original Acc@1: 55.81, Acc@5: 86.56, TTA Acc@1: 72.84, Acc@5: 96.20
2025-06-09 22:28:38,633 - log - INFO - iter:3360/8041, clip_acc1=55.77381134033203, tta_acc1=72.76786041259766
2025-06-09 22:28:38,633 - log - INFO - iter:3360/8041, Original Acc@1: 55.77, Acc@5: 86.43, TTA Acc@1: 72.77, Acc@5: 96.16
2025-06-09 22:29:41,939 - log - INFO - iter:3380/8041, clip_acc1=55.73964309692383, tta_acc1=72.69230651855469
2025-06-09 22:29:41,940 - log - INFO - iter:3380/8041, Original Acc@1: 55.74, Acc@5: 86.45, TTA Acc@1: 72.69, Acc@5: 96.18
2025-06-09 22:30:44,881 - log - INFO - iter:3400/8041, clip_acc1=55.70587921142578, tta_acc1=72.5882339477539
2025-06-09 22:30:44,882 - log - INFO - iter:3400/8041, Original Acc@1: 55.71, Acc@5: 86.47, TTA Acc@1: 72.59, Acc@5: 96.18
2025-06-09 22:31:48,216 - log - INFO - iter:3420/8041, clip_acc1=55.643272399902344, tta_acc1=72.54386138916016
2025-06-09 22:31:48,216 - log - INFO - iter:3420/8041, Original Acc@1: 55.64, Acc@5: 86.46, TTA Acc@1: 72.54, Acc@5: 96.14
2025-06-09 22:32:52,189 - log - INFO - iter:3440/8041, clip_acc1=55.58139419555664, tta_acc1=72.55813598632812
2025-06-09 22:32:52,189 - log - INFO - iter:3440/8041, Original Acc@1: 55.58, Acc@5: 86.51, TTA Acc@1: 72.56, Acc@5: 96.13
2025-06-09 22:33:55,985 - log - INFO - iter:3460/8041, clip_acc1=55.491329193115234, tta_acc1=72.57225036621094
2025-06-09 22:33:55,985 - log - INFO - iter:3460/8041, Original Acc@1: 55.49, Acc@5: 86.50, TTA Acc@1: 72.57, Acc@5: 96.16
2025-06-09 22:34:59,296 - log - INFO - iter:3480/8041, clip_acc1=55.517242431640625, tta_acc1=72.5862045288086
2025-06-09 22:34:59,296 - log - INFO - iter:3480/8041, Original Acc@1: 55.52, Acc@5: 86.49, TTA Acc@1: 72.59, Acc@5: 96.15
2025-06-09 22:36:02,638 - log - INFO - iter:3500/8041, clip_acc1=55.4571418762207, tta_acc1=72.5142822265625
2025-06-09 22:36:02,639 - log - INFO - iter:3500/8041, Original Acc@1: 55.46, Acc@5: 86.40, TTA Acc@1: 72.51, Acc@5: 96.09
2025-06-09 22:37:06,058 - log - INFO - iter:3520/8041, clip_acc1=55.48295211791992, tta_acc1=72.52840423583984
2025-06-09 22:37:06,058 - log - INFO - iter:3520/8041, Original Acc@1: 55.48, Acc@5: 86.36, TTA Acc@1: 72.53, Acc@5: 96.08
2025-06-09 22:38:10,132 - log - INFO - iter:3540/8041, clip_acc1=55.45197677612305, tta_acc1=72.45762634277344
2025-06-09 22:38:10,133 - log - INFO - iter:3540/8041, Original Acc@1: 55.45, Acc@5: 86.36, TTA Acc@1: 72.46, Acc@5: 96.10
2025-06-09 22:39:14,201 - log - INFO - iter:3560/8041, clip_acc1=55.449440002441406, tta_acc1=72.4438247680664
2025-06-09 22:39:14,202 - log - INFO - iter:3560/8041, Original Acc@1: 55.45, Acc@5: 86.35, TTA Acc@1: 72.44, Acc@5: 96.10
2025-06-09 22:40:17,913 - log - INFO - iter:3580/8041, clip_acc1=55.41899108886719, tta_acc1=72.37429809570312
2025-06-09 22:40:17,913 - log - INFO - iter:3580/8041, Original Acc@1: 55.42, Acc@5: 86.31, TTA Acc@1: 72.37, Acc@5: 96.06
2025-06-09 22:41:21,534 - log - INFO - iter:3600/8041, clip_acc1=55.333335876464844, tta_acc1=72.33333587646484
2025-06-09 22:41:21,535 - log - INFO - iter:3600/8041, Original Acc@1: 55.33, Acc@5: 86.28, TTA Acc@1: 72.33, Acc@5: 96.08
2025-06-09 22:42:25,336 - log - INFO - iter:3620/8041, clip_acc1=55.33148956298828, tta_acc1=72.34806060791016
2025-06-09 22:42:25,337 - log - INFO - iter:3620/8041, Original Acc@1: 55.33, Acc@5: 86.35, TTA Acc@1: 72.35, Acc@5: 96.10
2025-06-09 22:43:29,483 - log - INFO - iter:3640/8041, clip_acc1=55.30220031738281, tta_acc1=72.36264038085938
2025-06-09 22:43:29,483 - log - INFO - iter:3640/8041, Original Acc@1: 55.30, Acc@5: 86.32, TTA Acc@1: 72.36, Acc@5: 96.10
2025-06-09 22:44:32,813 - log - INFO - iter:3660/8041, clip_acc1=55.38251495361328, tta_acc1=72.40437316894531
2025-06-09 22:44:32,813 - log - INFO - iter:3660/8041, Original Acc@1: 55.38, Acc@5: 86.37, TTA Acc@1: 72.40, Acc@5: 96.12
2025-06-09 22:45:36,916 - log - INFO - iter:3680/8041, clip_acc1=55.298912048339844, tta_acc1=72.33695220947266
2025-06-09 22:45:36,917 - log - INFO - iter:3680/8041, Original Acc@1: 55.30, Acc@5: 86.30, TTA Acc@1: 72.34, Acc@5: 96.09
2025-06-09 22:46:40,026 - log - INFO - iter:3700/8041, clip_acc1=55.297298431396484, tta_acc1=72.35135650634766
2025-06-09 22:46:40,027 - log - INFO - iter:3700/8041, Original Acc@1: 55.30, Acc@5: 86.32, TTA Acc@1: 72.35, Acc@5: 96.11
2025-06-09 22:47:43,655 - log - INFO - iter:3720/8041, clip_acc1=55.32258224487305, tta_acc1=72.36559295654297
2025-06-09 22:47:43,655 - log - INFO - iter:3720/8041, Original Acc@1: 55.32, Acc@5: 86.37, TTA Acc@1: 72.37, Acc@5: 96.08
2025-06-09 22:48:47,316 - log - INFO - iter:3740/8041, clip_acc1=55.29411697387695, tta_acc1=72.37967681884766
2025-06-09 22:48:47,316 - log - INFO - iter:3740/8041, Original Acc@1: 55.29, Acc@5: 86.34, TTA Acc@1: 72.38, Acc@5: 96.07
2025-06-09 22:49:50,870 - log - INFO - iter:3760/8041, clip_acc1=55.26595687866211, tta_acc1=72.34042358398438
2025-06-09 22:49:50,870 - log - INFO - iter:3760/8041, Original Acc@1: 55.27, Acc@5: 86.28, TTA Acc@1: 72.34, Acc@5: 96.09
2025-06-09 22:50:55,388 - log - INFO - iter:3780/8041, clip_acc1=55.31746292114258, tta_acc1=72.30158996582031
2025-06-09 22:50:55,388 - log - INFO - iter:3780/8041, Original Acc@1: 55.32, Acc@5: 86.32, TTA Acc@1: 72.30, Acc@5: 96.08
2025-06-09 22:51:58,889 - log - INFO - iter:3800/8041, clip_acc1=55.31578826904297, tta_acc1=72.34210205078125
2025-06-09 22:51:58,889 - log - INFO - iter:3800/8041, Original Acc@1: 55.32, Acc@5: 86.37, TTA Acc@1: 72.34, Acc@5: 96.11
2025-06-09 22:53:02,434 - log - INFO - iter:3820/8041, clip_acc1=55.26177978515625, tta_acc1=72.25131225585938
2025-06-09 22:53:02,434 - log - INFO - iter:3820/8041, Original Acc@1: 55.26, Acc@5: 86.36, TTA Acc@1: 72.25, Acc@5: 96.10
2025-06-09 22:54:05,733 - log - INFO - iter:3840/8041, clip_acc1=55.26041793823242, tta_acc1=72.23958587646484
2025-06-09 22:54:05,734 - log - INFO - iter:3840/8041, Original Acc@1: 55.26, Acc@5: 86.43, TTA Acc@1: 72.24, Acc@5: 96.12
2025-06-09 22:55:08,823 - log - INFO - iter:3860/8041, clip_acc1=55.36269760131836, tta_acc1=72.33161163330078
2025-06-09 22:55:08,824 - log - INFO - iter:3860/8041, Original Acc@1: 55.36, Acc@5: 86.48, TTA Acc@1: 72.33, Acc@5: 96.14
2025-06-09 22:56:12,293 - log - INFO - iter:3880/8041, clip_acc1=55.43814468383789, tta_acc1=72.31958770751953
2025-06-09 22:56:12,293 - log - INFO - iter:3880/8041, Original Acc@1: 55.44, Acc@5: 86.52, TTA Acc@1: 72.32, Acc@5: 96.16
2025-06-09 22:57:15,344 - log - INFO - iter:3900/8041, clip_acc1=55.358970642089844, tta_acc1=72.35897064208984
2025-06-09 22:57:15,344 - log - INFO - iter:3900/8041, Original Acc@1: 55.36, Acc@5: 86.51, TTA Acc@1: 72.36, Acc@5: 96.18
2025-06-09 22:58:18,442 - log - INFO - iter:3920/8041, clip_acc1=55.382652282714844, tta_acc1=72.32142639160156
2025-06-09 22:58:18,442 - log - INFO - iter:3920/8041, Original Acc@1: 55.38, Acc@5: 86.53, TTA Acc@1: 72.32, Acc@5: 96.15
2025-06-09 22:59:22,626 - log - INFO - iter:3940/8041, clip_acc1=55.304569244384766, tta_acc1=72.23350524902344
2025-06-09 22:59:22,626 - log - INFO - iter:3940/8041, Original Acc@1: 55.30, Acc@5: 86.45, TTA Acc@1: 72.23, Acc@5: 96.17
2025-06-09 23:00:25,941 - log - INFO - iter:3960/8041, clip_acc1=55.37879180908203, tta_acc1=72.22222900390625
2025-06-09 23:00:25,941 - log - INFO - iter:3960/8041, Original Acc@1: 55.38, Acc@5: 86.46, TTA Acc@1: 72.22, Acc@5: 96.16
2025-06-09 23:01:30,278 - log - INFO - iter:3980/8041, clip_acc1=55.4522590637207, tta_acc1=72.26130676269531
2025-06-09 23:01:30,278 - log - INFO - iter:3980/8041, Original Acc@1: 55.45, Acc@5: 86.46, TTA Acc@1: 72.26, Acc@5: 96.18
2025-06-09 23:02:33,519 - log - INFO - iter:4000/8041, clip_acc1=55.45000076293945, tta_acc1=72.22500610351562
2025-06-09 23:02:33,519 - log - INFO - iter:4000/8041, Original Acc@1: 55.45, Acc@5: 86.48, TTA Acc@1: 72.23, Acc@5: 96.18
2025-06-09 23:03:36,648 - log - INFO - iter:4020/8041, clip_acc1=55.422889709472656, tta_acc1=72.21393585205078
2025-06-09 23:03:36,648 - log - INFO - iter:4020/8041, Original Acc@1: 55.42, Acc@5: 86.47, TTA Acc@1: 72.21, Acc@5: 96.19
2025-06-09 23:04:40,081 - log - INFO - iter:4040/8041, clip_acc1=55.37128829956055, tta_acc1=72.1534652709961
2025-06-09 23:04:40,081 - log - INFO - iter:4040/8041, Original Acc@1: 55.37, Acc@5: 86.44, TTA Acc@1: 72.15, Acc@5: 96.16
2025-06-09 23:05:43,541 - log - INFO - iter:4060/8041, clip_acc1=55.41872024536133, tta_acc1=72.19212341308594
2025-06-09 23:05:43,541 - log - INFO - iter:4060/8041, Original Acc@1: 55.42, Acc@5: 86.43, TTA Acc@1: 72.19, Acc@5: 96.18
2025-06-09 23:06:47,226 - log - INFO - iter:4080/8041, clip_acc1=55.46569061279297, tta_acc1=72.13235473632812
2025-06-09 23:06:47,226 - log - INFO - iter:4080/8041, Original Acc@1: 55.47, Acc@5: 86.45, TTA Acc@1: 72.13, Acc@5: 96.20
2025-06-09 23:07:50,856 - log - INFO - iter:4100/8041, clip_acc1=55.5121955871582, tta_acc1=72.19512176513672
2025-06-09 23:07:50,856 - log - INFO - iter:4100/8041, Original Acc@1: 55.51, Acc@5: 86.46, TTA Acc@1: 72.20, Acc@5: 96.20
2025-06-09 23:08:57,577 - log - INFO - iter:4120/8041, clip_acc1=55.53398132324219, tta_acc1=72.208740234375
2025-06-09 23:08:57,578 - log - INFO - iter:4120/8041, Original Acc@1: 55.53, Acc@5: 86.46, TTA Acc@1: 72.21, Acc@5: 96.21
2025-06-09 23:10:01,161 - log - INFO - iter:4140/8041, clip_acc1=55.53139877319336, tta_acc1=72.12560272216797
2025-06-09 23:10:01,162 - log - INFO - iter:4140/8041, Original Acc@1: 55.53, Acc@5: 86.45, TTA Acc@1: 72.13, Acc@5: 96.21
2025-06-09 23:11:04,456 - log - INFO - iter:4160/8041, clip_acc1=55.456729888916016, tta_acc1=72.11538696289062
2025-06-09 23:11:04,456 - log - INFO - iter:4160/8041, Original Acc@1: 55.46, Acc@5: 86.44, TTA Acc@1: 72.12, Acc@5: 96.20
2025-06-09 23:12:08,345 - log - INFO - iter:4180/8041, clip_acc1=55.33492660522461, tta_acc1=72.10526275634766
2025-06-09 23:12:08,345 - log - INFO - iter:4180/8041, Original Acc@1: 55.33, Acc@5: 86.41, TTA Acc@1: 72.11, Acc@5: 96.22
2025-06-09 23:13:13,020 - log - INFO - iter:4200/8041, clip_acc1=55.47618865966797, tta_acc1=72.14285278320312
2025-06-09 23:13:13,021 - log - INFO - iter:4200/8041, Original Acc@1: 55.48, Acc@5: 86.48, TTA Acc@1: 72.14, Acc@5: 96.24
2025-06-09 23:14:16,346 - log - INFO - iter:4220/8041, clip_acc1=55.45023727416992, tta_acc1=72.13269805908203
2025-06-09 23:14:16,346 - log - INFO - iter:4220/8041, Original Acc@1: 55.45, Acc@5: 86.45, TTA Acc@1: 72.13, Acc@5: 96.26
2025-06-09 23:15:21,390 - log - INFO - iter:4240/8041, clip_acc1=55.47169876098633, tta_acc1=72.16981506347656
2025-06-09 23:15:21,390 - log - INFO - iter:4240/8041, Original Acc@1: 55.47, Acc@5: 86.46, TTA Acc@1: 72.17, Acc@5: 96.25
2025-06-09 23:16:24,730 - log - INFO - iter:4260/8041, clip_acc1=55.53990936279297, tta_acc1=72.25352478027344
2025-06-09 23:16:24,730 - log - INFO - iter:4260/8041, Original Acc@1: 55.54, Acc@5: 86.53, TTA Acc@1: 72.25, Acc@5: 96.27
2025-06-09 23:17:28,331 - log - INFO - iter:4280/8041, clip_acc1=55.607479095458984, tta_acc1=72.24299621582031
2025-06-09 23:17:28,331 - log - INFO - iter:4280/8041, Original Acc@1: 55.61, Acc@5: 86.54, TTA Acc@1: 72.24, Acc@5: 96.29
2025-06-09 23:18:31,808 - log - INFO - iter:4300/8041, clip_acc1=55.55813980102539, tta_acc1=72.18605041503906
2025-06-09 23:18:31,808 - log - INFO - iter:4300/8041, Original Acc@1: 55.56, Acc@5: 86.51, TTA Acc@1: 72.19, Acc@5: 96.28
2025-06-09 23:19:35,637 - log - INFO - iter:4320/8041, clip_acc1=55.532405853271484, tta_acc1=72.1759262084961
2025-06-09 23:19:35,637 - log - INFO - iter:4320/8041, Original Acc@1: 55.53, Acc@5: 86.48, TTA Acc@1: 72.18, Acc@5: 96.27
2025-06-09 23:20:38,876 - log - INFO - iter:4340/8041, clip_acc1=55.41474533081055, tta_acc1=72.1889419555664
2025-06-09 23:20:38,876 - log - INFO - iter:4340/8041, Original Acc@1: 55.41, Acc@5: 86.36, TTA Acc@1: 72.19, Acc@5: 96.27
2025-06-09 23:21:42,465 - log - INFO - iter:4360/8041, clip_acc1=55.527523040771484, tta_acc1=72.2477035522461
2025-06-09 23:21:42,465 - log - INFO - iter:4360/8041, Original Acc@1: 55.53, Acc@5: 86.42, TTA Acc@1: 72.25, Acc@5: 96.28
2025-06-09 23:22:45,741 - log - INFO - iter:4380/8041, clip_acc1=55.61643600463867, tta_acc1=72.30593872070312
2025-06-09 23:22:45,741 - log - INFO - iter:4380/8041, Original Acc@1: 55.62, Acc@5: 86.46, TTA Acc@1: 72.31, Acc@5: 96.30
2025-06-09 23:23:48,854 - log - INFO - iter:4400/8041, clip_acc1=55.65909194946289, tta_acc1=72.34091186523438
2025-06-09 23:23:48,854 - log - INFO - iter:4400/8041, Original Acc@1: 55.66, Acc@5: 86.45, TTA Acc@1: 72.34, Acc@5: 96.30
2025-06-09 23:24:52,114 - log - INFO - iter:4420/8041, clip_acc1=55.678733825683594, tta_acc1=72.35294342041016
2025-06-09 23:24:52,114 - log - INFO - iter:4420/8041, Original Acc@1: 55.68, Acc@5: 86.47, TTA Acc@1: 72.35, Acc@5: 96.31
2025-06-09 23:25:55,260 - log - INFO - iter:4440/8041, clip_acc1=55.72072219848633, tta_acc1=72.34234619140625
2025-06-09 23:25:55,261 - log - INFO - iter:4440/8041, Original Acc@1: 55.72, Acc@5: 86.46, TTA Acc@1: 72.34, Acc@5: 96.33
2025-06-09 23:26:58,532 - log - INFO - iter:4460/8041, clip_acc1=55.73991012573242, tta_acc1=72.30941772460938
2025-06-09 23:26:58,532 - log - INFO - iter:4460/8041, Original Acc@1: 55.74, Acc@5: 86.50, TTA Acc@1: 72.31, Acc@5: 96.32
2025-06-09 23:28:01,640 - log - INFO - iter:4480/8041, clip_acc1=55.73660659790039, tta_acc1=72.29911041259766
2025-06-09 23:28:01,640 - log - INFO - iter:4480/8041, Original Acc@1: 55.74, Acc@5: 86.50, TTA Acc@1: 72.30, Acc@5: 96.32
2025-06-09 23:29:06,115 - log - INFO - iter:4500/8041, clip_acc1=55.79999923706055, tta_acc1=72.37777709960938
2025-06-09 23:29:06,116 - log - INFO - iter:4500/8041, Original Acc@1: 55.80, Acc@5: 86.56, TTA Acc@1: 72.38, Acc@5: 96.33
2025-06-09 23:30:09,152 - log - INFO - iter:4520/8041, clip_acc1=55.77433776855469, tta_acc1=72.36725616455078
2025-06-09 23:30:09,152 - log - INFO - iter:4520/8041, Original Acc@1: 55.77, Acc@5: 86.50, TTA Acc@1: 72.37, Acc@5: 96.31
2025-06-09 23:31:12,574 - log - INFO - iter:4540/8041, clip_acc1=55.7048454284668, tta_acc1=72.33480072021484
2025-06-09 23:31:12,575 - log - INFO - iter:4540/8041, Original Acc@1: 55.70, Acc@5: 86.45, TTA Acc@1: 72.33, Acc@5: 96.32
2025-06-09 23:32:15,359 - log - INFO - iter:4560/8041, clip_acc1=55.72368621826172, tta_acc1=72.34648895263672
2025-06-09 23:32:15,359 - log - INFO - iter:4560/8041, Original Acc@1: 55.72, Acc@5: 86.45, TTA Acc@1: 72.35, Acc@5: 96.32
2025-06-09 23:33:18,383 - log - INFO - iter:4580/8041, clip_acc1=55.676856994628906, tta_acc1=72.33625030517578
2025-06-09 23:33:18,383 - log - INFO - iter:4580/8041, Original Acc@1: 55.68, Acc@5: 86.38, TTA Acc@1: 72.34, Acc@5: 96.31
2025-06-09 23:34:21,888 - log - INFO - iter:4600/8041, clip_acc1=55.69565200805664, tta_acc1=72.26087188720703
2025-06-09 23:34:21,888 - log - INFO - iter:4600/8041, Original Acc@1: 55.70, Acc@5: 86.37, TTA Acc@1: 72.26, Acc@5: 96.28
2025-06-09 23:35:25,588 - log - INFO - iter:4620/8041, clip_acc1=55.670997619628906, tta_acc1=72.22943878173828
2025-06-09 23:35:25,589 - log - INFO - iter:4620/8041, Original Acc@1: 55.67, Acc@5: 86.41, TTA Acc@1: 72.23, Acc@5: 96.26
2025-06-09 23:36:28,886 - log - INFO - iter:4640/8041, clip_acc1=55.64655303955078, tta_acc1=72.28448486328125
2025-06-09 23:36:28,886 - log - INFO - iter:4640/8041, Original Acc@1: 55.65, Acc@5: 86.47, TTA Acc@1: 72.28, Acc@5: 96.27
2025-06-09 23:37:32,791 - log - INFO - iter:4660/8041, clip_acc1=55.66523742675781, tta_acc1=72.29613494873047
2025-06-09 23:37:32,792 - log - INFO - iter:4660/8041, Original Acc@1: 55.67, Acc@5: 86.46, TTA Acc@1: 72.30, Acc@5: 96.29
2025-06-09 23:38:37,339 - log - INFO - iter:4680/8041, clip_acc1=55.70512771606445, tta_acc1=72.32906341552734
2025-06-09 23:38:37,339 - log - INFO - iter:4680/8041, Original Acc@1: 55.71, Acc@5: 86.50, TTA Acc@1: 72.33, Acc@5: 96.28
2025-06-09 23:39:40,697 - log - INFO - iter:4700/8041, clip_acc1=55.7872314453125, tta_acc1=72.40425109863281
2025-06-09 23:39:40,697 - log - INFO - iter:4700/8041, Original Acc@1: 55.79, Acc@5: 86.51, TTA Acc@1: 72.40, Acc@5: 96.28
2025-06-09 23:40:43,980 - log - INFO - iter:4720/8041, clip_acc1=55.805084228515625, tta_acc1=72.3940658569336
2025-06-09 23:40:43,981 - log - INFO - iter:4720/8041, Original Acc@1: 55.81, Acc@5: 86.53, TTA Acc@1: 72.39, Acc@5: 96.25
2025-06-09 23:41:47,601 - log - INFO - iter:4740/8041, clip_acc1=55.8438835144043, tta_acc1=72.36286926269531
2025-06-09 23:41:47,601 - log - INFO - iter:4740/8041, Original Acc@1: 55.84, Acc@5: 86.56, TTA Acc@1: 72.36, Acc@5: 96.24
2025-06-09 23:42:50,842 - log - INFO - iter:4760/8041, clip_acc1=55.81932830810547, tta_acc1=72.3319320678711
2025-06-09 23:42:50,843 - log - INFO - iter:4760/8041, Original Acc@1: 55.82, Acc@5: 86.51, TTA Acc@1: 72.33, Acc@5: 96.26
2025-06-09 23:43:56,502 - log - INFO - iter:4780/8041, clip_acc1=55.7740592956543, tta_acc1=72.38494110107422
2025-06-09 23:43:56,502 - log - INFO - iter:4780/8041, Original Acc@1: 55.77, Acc@5: 86.44, TTA Acc@1: 72.38, Acc@5: 96.28
2025-06-09 23:45:00,658 - log - INFO - iter:4800/8041, clip_acc1=55.85416793823242, tta_acc1=72.41667175292969
2025-06-09 23:45:00,659 - log - INFO - iter:4800/8041, Original Acc@1: 55.85, Acc@5: 86.50, TTA Acc@1: 72.42, Acc@5: 96.29
2025-06-09 23:46:04,087 - log - INFO - iter:4820/8041, clip_acc1=55.850624084472656, tta_acc1=72.36514282226562
2025-06-09 23:46:04,088 - log - INFO - iter:4820/8041, Original Acc@1: 55.85, Acc@5: 86.49, TTA Acc@1: 72.37, Acc@5: 96.29
2025-06-09 23:47:07,148 - log - INFO - iter:4840/8041, clip_acc1=55.888431549072266, tta_acc1=72.3553695678711
2025-06-09 23:47:07,148 - log - INFO - iter:4840/8041, Original Acc@1: 55.89, Acc@5: 86.51, TTA Acc@1: 72.36, Acc@5: 96.30
2025-06-09 23:48:10,469 - log - INFO - iter:4860/8041, clip_acc1=55.88477325439453, tta_acc1=72.32510375976562
2025-06-09 23:48:10,470 - log - INFO - iter:4860/8041, Original Acc@1: 55.88, Acc@5: 86.48, TTA Acc@1: 72.33, Acc@5: 96.32
2025-06-09 23:49:14,330 - log - INFO - iter:4880/8041, clip_acc1=55.88114929199219, tta_acc1=72.3155746459961
2025-06-09 23:49:14,331 - log - INFO - iter:4880/8041, Original Acc@1: 55.88, Acc@5: 86.45, TTA Acc@1: 72.32, Acc@5: 96.31
2025-06-09 23:50:17,459 - log - INFO - iter:4900/8041, clip_acc1=55.93877410888672, tta_acc1=72.34693908691406
2025-06-09 23:50:17,460 - log - INFO - iter:4900/8041, Original Acc@1: 55.94, Acc@5: 86.49, TTA Acc@1: 72.35, Acc@5: 96.33
2025-06-09 23:51:21,140 - log - INFO - iter:4920/8041, clip_acc1=55.934959411621094, tta_acc1=72.31707000732422
2025-06-09 23:51:21,140 - log - INFO - iter:4920/8041, Original Acc@1: 55.93, Acc@5: 86.48, TTA Acc@1: 72.32, Acc@5: 96.34
2025-06-09 23:52:23,600 - log - INFO - iter:4940/8041, clip_acc1=55.97166061401367, tta_acc1=72.34817504882812
2025-06-09 23:52:23,601 - log - INFO - iter:4940/8041, Original Acc@1: 55.97, Acc@5: 86.52, TTA Acc@1: 72.35, Acc@5: 96.36
2025-06-09 23:53:26,521 - log - INFO - iter:4960/8041, clip_acc1=55.9879035949707, tta_acc1=72.31855010986328
2025-06-09 23:53:26,521 - log - INFO - iter:4960/8041, Original Acc@1: 55.99, Acc@5: 86.53, TTA Acc@1: 72.32, Acc@5: 96.35
2025-06-09 23:54:29,360 - log - INFO - iter:4980/8041, clip_acc1=55.9236946105957, tta_acc1=72.34939575195312
2025-06-09 23:54:29,361 - log - INFO - iter:4980/8041, Original Acc@1: 55.92, Acc@5: 86.53, TTA Acc@1: 72.35, Acc@5: 96.37
2025-06-09 23:55:32,303 - log - INFO - iter:5000/8041, clip_acc1=55.91999816894531, tta_acc1=72.4000015258789
2025-06-09 23:55:32,303 - log - INFO - iter:5000/8041, Original Acc@1: 55.92, Acc@5: 86.54, TTA Acc@1: 72.40, Acc@5: 96.38
2025-06-09 23:56:36,111 - log - INFO - iter:5020/8041, clip_acc1=55.9561767578125, tta_acc1=72.39044189453125
2025-06-09 23:56:36,111 - log - INFO - iter:5020/8041, Original Acc@1: 55.96, Acc@5: 86.55, TTA Acc@1: 72.39, Acc@5: 96.39
2025-06-09 23:57:39,690 - log - INFO - iter:5040/8041, clip_acc1=55.93254089355469, tta_acc1=72.36111450195312
2025-06-09 23:57:39,690 - log - INFO - iter:5040/8041, Original Acc@1: 55.93, Acc@5: 86.53, TTA Acc@1: 72.36, Acc@5: 96.39
2025-06-09 23:58:42,485 - log - INFO - iter:5060/8041, clip_acc1=55.88932800292969, tta_acc1=72.31224822998047
2025-06-09 23:58:42,485 - log - INFO - iter:5060/8041, Original Acc@1: 55.89, Acc@5: 86.46, TTA Acc@1: 72.31, Acc@5: 96.36
2025-06-09 23:59:45,824 - log - INFO - iter:5080/8041, clip_acc1=55.84645462036133, tta_acc1=72.24409484863281
2025-06-09 23:59:45,824 - log - INFO - iter:5080/8041, Original Acc@1: 55.85, Acc@5: 86.42, TTA Acc@1: 72.24, Acc@5: 96.36
2025-06-10 00:00:49,326 - log - INFO - iter:5100/8041, clip_acc1=55.82352828979492, tta_acc1=72.29411315917969
2025-06-10 00:00:49,326 - log - INFO - iter:5100/8041, Original Acc@1: 55.82, Acc@5: 86.41, TTA Acc@1: 72.29, Acc@5: 96.37
2025-06-10 00:01:53,501 - log - INFO - iter:5120/8041, clip_acc1=55.8203125, tta_acc1=72.28515625
2025-06-10 00:01:53,501 - log - INFO - iter:5120/8041, Original Acc@1: 55.82, Acc@5: 86.43, TTA Acc@1: 72.29, Acc@5: 96.39
2025-06-10 00:02:56,678 - log - INFO - iter:5140/8041, clip_acc1=55.83657455444336, tta_acc1=72.2762680053711
2025-06-10 00:02:56,678 - log - INFO - iter:5140/8041, Original Acc@1: 55.84, Acc@5: 86.44, TTA Acc@1: 72.28, Acc@5: 96.40
2025-06-10 00:04:00,842 - log - INFO - iter:5160/8041, clip_acc1=55.872093200683594, tta_acc1=72.24806213378906
2025-06-10 00:04:00,843 - log - INFO - iter:5160/8041, Original Acc@1: 55.87, Acc@5: 86.43, TTA Acc@1: 72.25, Acc@5: 96.38
2025-06-10 00:05:03,903 - log - INFO - iter:5180/8041, clip_acc1=55.86872482299805, tta_acc1=72.31660461425781
2025-06-10 00:05:03,903 - log - INFO - iter:5180/8041, Original Acc@1: 55.87, Acc@5: 86.41, TTA Acc@1: 72.32, Acc@5: 96.37
2025-06-10 00:06:07,299 - log - INFO - iter:5200/8041, clip_acc1=55.903846740722656, tta_acc1=72.34615325927734
2025-06-10 00:06:07,300 - log - INFO - iter:5200/8041, Original Acc@1: 55.90, Acc@5: 86.46, TTA Acc@1: 72.35, Acc@5: 96.38
2025-06-10 00:07:10,548 - log - INFO - iter:5220/8041, clip_acc1=55.90038299560547, tta_acc1=72.2988510131836
2025-06-10 00:07:10,548 - log - INFO - iter:5220/8041, Original Acc@1: 55.90, Acc@5: 86.44, TTA Acc@1: 72.30, Acc@5: 96.38
2025-06-10 00:08:13,937 - log - INFO - iter:5240/8041, clip_acc1=55.89694595336914, tta_acc1=72.25190734863281
2025-06-10 00:08:13,937 - log - INFO - iter:5240/8041, Original Acc@1: 55.90, Acc@5: 86.43, TTA Acc@1: 72.25, Acc@5: 96.34
2025-06-10 00:09:16,970 - log - INFO - iter:5260/8041, clip_acc1=55.931556701660156, tta_acc1=72.22433471679688
2025-06-10 00:09:16,971 - log - INFO - iter:5260/8041, Original Acc@1: 55.93, Acc@5: 86.46, TTA Acc@1: 72.22, Acc@5: 96.35
2025-06-10 00:10:20,617 - log - INFO - iter:5280/8041, clip_acc1=55.92802810668945, tta_acc1=72.21590423583984
2025-06-10 00:10:20,617 - log - INFO - iter:5280/8041, Original Acc@1: 55.93, Acc@5: 86.48, TTA Acc@1: 72.22, Acc@5: 96.36
2025-06-10 00:11:23,776 - log - INFO - iter:5300/8041, clip_acc1=55.943397521972656, tta_acc1=72.18868255615234
2025-06-10 00:11:23,777 - log - INFO - iter:5300/8041, Original Acc@1: 55.94, Acc@5: 86.51, TTA Acc@1: 72.19, Acc@5: 96.38
2025-06-10 00:12:27,661 - log - INFO - iter:5320/8041, clip_acc1=55.939849853515625, tta_acc1=72.2556381225586
2025-06-10 00:12:27,662 - log - INFO - iter:5320/8041, Original Acc@1: 55.94, Acc@5: 86.52, TTA Acc@1: 72.26, Acc@5: 96.37
2025-06-10 00:13:32,693 - log - INFO - iter:5340/8041, clip_acc1=56.01123809814453, tta_acc1=72.2846450805664
2025-06-10 00:13:32,694 - log - INFO - iter:5340/8041, Original Acc@1: 56.01, Acc@5: 86.55, TTA Acc@1: 72.28, Acc@5: 96.39
2025-06-10 00:14:35,603 - log - INFO - iter:5360/8041, clip_acc1=55.93283462524414, tta_acc1=72.23880767822266
2025-06-10 00:14:35,604 - log - INFO - iter:5360/8041, Original Acc@1: 55.93, Acc@5: 86.51, TTA Acc@1: 72.24, Acc@5: 96.40
2025-06-10 00:15:39,025 - log - INFO - iter:5380/8041, clip_acc1=55.9665412902832, tta_acc1=72.28624725341797
2025-06-10 00:15:39,025 - log - INFO - iter:5380/8041, Original Acc@1: 55.97, Acc@5: 86.47, TTA Acc@1: 72.29, Acc@5: 96.39
2025-06-10 00:16:45,803 - log - INFO - iter:5400/8041, clip_acc1=56.018516540527344, tta_acc1=72.29629516601562
2025-06-10 00:16:45,803 - log - INFO - iter:5400/8041, Original Acc@1: 56.02, Acc@5: 86.44, TTA Acc@1: 72.30, Acc@5: 96.41
2025-06-10 00:17:49,539 - log - INFO - iter:5420/8041, clip_acc1=55.996307373046875, tta_acc1=72.2878189086914
2025-06-10 00:17:49,540 - log - INFO - iter:5420/8041, Original Acc@1: 56.00, Acc@5: 86.44, TTA Acc@1: 72.29, Acc@5: 96.40
2025-06-10 00:18:53,014 - log - INFO - iter:5440/8041, clip_acc1=55.974266052246094, tta_acc1=72.31617736816406
2025-06-10 00:18:53,015 - log - INFO - iter:5440/8041, Original Acc@1: 55.97, Acc@5: 86.43, TTA Acc@1: 72.32, Acc@5: 96.42
2025-06-10 00:19:56,222 - log - INFO - iter:5460/8041, clip_acc1=55.97069549560547, tta_acc1=72.32601165771484
2025-06-10 00:19:56,222 - log - INFO - iter:5460/8041, Original Acc@1: 55.97, Acc@5: 86.45, TTA Acc@1: 72.33, Acc@5: 96.43
2025-06-10 00:20:59,203 - log - INFO - iter:5480/8041, clip_acc1=55.94890213012695, tta_acc1=72.35401153564453
2025-06-10 00:20:59,204 - log - INFO - iter:5480/8041, Original Acc@1: 55.95, Acc@5: 86.44, TTA Acc@1: 72.35, Acc@5: 96.44
2025-06-10 00:22:01,995 - log - INFO - iter:5500/8041, clip_acc1=55.87272644042969, tta_acc1=72.29090881347656
2025-06-10 00:22:01,995 - log - INFO - iter:5500/8041, Original Acc@1: 55.87, Acc@5: 86.44, TTA Acc@1: 72.29, Acc@5: 96.44
2025-06-10 00:23:04,798 - log - INFO - iter:5520/8041, clip_acc1=55.8876838684082, tta_acc1=72.28260803222656
2025-06-10 00:23:04,798 - log - INFO - iter:5520/8041, Original Acc@1: 55.89, Acc@5: 86.45, TTA Acc@1: 72.28, Acc@5: 96.43
2025-06-10 00:24:08,435 - log - INFO - iter:5540/8041, clip_acc1=55.99278259277344, tta_acc1=72.31047058105469
2025-06-10 00:24:08,436 - log - INFO - iter:5540/8041, Original Acc@1: 55.99, Acc@5: 86.48, TTA Acc@1: 72.31, Acc@5: 96.44
2025-06-10 00:25:12,203 - log - INFO - iter:5560/8041, clip_acc1=55.98920822143555, tta_acc1=72.32014465332031
2025-06-10 00:25:12,203 - log - INFO - iter:5560/8041, Original Acc@1: 55.99, Acc@5: 86.51, TTA Acc@1: 72.32, Acc@5: 96.46
2025-06-10 00:26:15,525 - log - INFO - iter:5580/8041, clip_acc1=55.985660552978516, tta_acc1=72.31182861328125
2025-06-10 00:26:15,525 - log - INFO - iter:5580/8041, Original Acc@1: 55.99, Acc@5: 86.54, TTA Acc@1: 72.31, Acc@5: 96.45
2025-06-10 00:27:18,277 - log - INFO - iter:5600/8041, clip_acc1=56.01785659790039, tta_acc1=72.30357360839844
2025-06-10 00:27:18,278 - log - INFO - iter:5600/8041, Original Acc@1: 56.02, Acc@5: 86.52, TTA Acc@1: 72.30, Acc@5: 96.45
2025-06-10 00:28:21,220 - log - INFO - iter:5620/8041, clip_acc1=55.960853576660156, tta_acc1=72.22419738769531
2025-06-10 00:28:21,220 - log - INFO - iter:5620/8041, Original Acc@1: 55.96, Acc@5: 86.51, TTA Acc@1: 72.22, Acc@5: 96.46
2025-06-10 00:29:24,862 - log - INFO - iter:5640/8041, clip_acc1=55.99290466308594, tta_acc1=72.25177001953125
2025-06-10 00:29:24,862 - log - INFO - iter:5640/8041, Original Acc@1: 55.99, Acc@5: 86.47, TTA Acc@1: 72.25, Acc@5: 96.47
2025-06-10 00:30:27,956 - log - INFO - iter:5660/8041, clip_acc1=55.97172927856445, tta_acc1=72.26148223876953
2025-06-10 00:30:27,957 - log - INFO - iter:5660/8041, Original Acc@1: 55.97, Acc@5: 86.50, TTA Acc@1: 72.26, Acc@5: 96.47
2025-06-10 00:31:31,842 - log - INFO - iter:5680/8041, clip_acc1=55.96830749511719, tta_acc1=72.28872680664062
2025-06-10 00:31:31,842 - log - INFO - iter:5680/8041, Original Acc@1: 55.97, Acc@5: 86.51, TTA Acc@1: 72.29, Acc@5: 96.48
2025-06-10 00:32:34,921 - log - INFO - iter:5700/8041, clip_acc1=55.94736862182617, tta_acc1=72.3157958984375
2025-06-10 00:32:34,921 - log - INFO - iter:5700/8041, Original Acc@1: 55.95, Acc@5: 86.51, TTA Acc@1: 72.32, Acc@5: 96.49
2025-06-10 00:33:37,662 - log - INFO - iter:5720/8041, clip_acc1=55.99650573730469, tta_acc1=72.29021453857422
2025-06-10 00:33:37,662 - log - INFO - iter:5720/8041, Original Acc@1: 56.00, Acc@5: 86.52, TTA Acc@1: 72.29, Acc@5: 96.50
2025-06-10 00:34:41,499 - log - INFO - iter:5740/8041, clip_acc1=56.01045227050781, tta_acc1=72.26480865478516
2025-06-10 00:34:41,500 - log - INFO - iter:5740/8041, Original Acc@1: 56.01, Acc@5: 86.52, TTA Acc@1: 72.26, Acc@5: 96.50
2025-06-10 00:35:44,658 - log - INFO - iter:5760/8041, clip_acc1=55.972225189208984, tta_acc1=72.27430725097656
2025-06-10 00:35:44,658 - log - INFO - iter:5760/8041, Original Acc@1: 55.97, Acc@5: 86.49, TTA Acc@1: 72.27, Acc@5: 96.49
2025-06-10 00:36:48,249 - log - INFO - iter:5780/8041, clip_acc1=55.95155715942383, tta_acc1=72.26643371582031
2025-06-10 00:36:48,249 - log - INFO - iter:5780/8041, Original Acc@1: 55.95, Acc@5: 86.47, TTA Acc@1: 72.27, Acc@5: 96.49
2025-06-10 00:37:51,577 - log - INFO - iter:5800/8041, clip_acc1=55.98276138305664, tta_acc1=72.24137878417969
2025-06-10 00:37:51,578 - log - INFO - iter:5800/8041, Original Acc@1: 55.98, Acc@5: 86.50, TTA Acc@1: 72.24, Acc@5: 96.47
2025-06-10 00:38:55,714 - log - INFO - iter:5820/8041, clip_acc1=55.9793815612793, tta_acc1=72.28522491455078
2025-06-10 00:38:55,714 - log - INFO - iter:5820/8041, Original Acc@1: 55.98, Acc@5: 86.51, TTA Acc@1: 72.29, Acc@5: 96.48
2025-06-10 00:39:59,021 - log - INFO - iter:5840/8041, clip_acc1=56.04452133178711, tta_acc1=72.32876586914062
2025-06-10 00:39:59,021 - log - INFO - iter:5840/8041, Original Acc@1: 56.04, Acc@5: 86.56, TTA Acc@1: 72.33, Acc@5: 96.49
2025-06-10 00:41:03,874 - log - INFO - iter:5860/8041, clip_acc1=56.02389144897461, tta_acc1=72.28668975830078
2025-06-10 00:41:03,875 - log - INFO - iter:5860/8041, Original Acc@1: 56.02, Acc@5: 86.50, TTA Acc@1: 72.29, Acc@5: 96.47
2025-06-10 00:42:07,244 - log - INFO - iter:5880/8041, clip_acc1=55.98639678955078, tta_acc1=72.2959213256836
2025-06-10 00:42:07,245 - log - INFO - iter:5880/8041, Original Acc@1: 55.99, Acc@5: 86.46, TTA Acc@1: 72.30, Acc@5: 96.45
2025-06-10 00:43:10,855 - log - INFO - iter:5900/8041, clip_acc1=56.0, tta_acc1=72.30508422851562
2025-06-10 00:43:10,855 - log - INFO - iter:5900/8041, Original Acc@1: 56.00, Acc@5: 86.49, TTA Acc@1: 72.31, Acc@5: 96.44
2025-06-10 00:44:15,200 - log - INFO - iter:5920/8041, clip_acc1=55.99662399291992, tta_acc1=72.31419372558594
2025-06-10 00:44:15,202 - log - INFO - iter:5920/8041, Original Acc@1: 56.00, Acc@5: 86.50, TTA Acc@1: 72.31, Acc@5: 96.42
2025-06-10 00:45:18,785 - log - INFO - iter:5940/8041, clip_acc1=55.993263244628906, tta_acc1=72.3400650024414
2025-06-10 00:45:18,785 - log - INFO - iter:5940/8041, Original Acc@1: 55.99, Acc@5: 86.45, TTA Acc@1: 72.34, Acc@5: 96.43
2025-06-10 00:46:21,895 - log - INFO - iter:5960/8041, clip_acc1=56.0067138671875, tta_acc1=72.29866027832031
2025-06-10 00:46:21,895 - log - INFO - iter:5960/8041, Original Acc@1: 56.01, Acc@5: 86.43, TTA Acc@1: 72.30, Acc@5: 96.43
2025-06-10 00:47:25,057 - log - INFO - iter:5980/8041, clip_acc1=55.98662185668945, tta_acc1=72.27424621582031
2025-06-10 00:47:25,057 - log - INFO - iter:5980/8041, Original Acc@1: 55.99, Acc@5: 86.44, TTA Acc@1: 72.27, Acc@5: 96.44
2025-06-10 00:48:28,762 - log - INFO - iter:6000/8041, clip_acc1=55.95000076293945, tta_acc1=72.26666259765625
2025-06-10 00:48:28,763 - log - INFO - iter:6000/8041, Original Acc@1: 55.95, Acc@5: 86.45, TTA Acc@1: 72.27, Acc@5: 96.43
2025-06-10 00:49:31,909 - log - INFO - iter:6020/8041, clip_acc1=55.93022918701172, tta_acc1=72.27574157714844
2025-06-10 00:49:31,910 - log - INFO - iter:6020/8041, Original Acc@1: 55.93, Acc@5: 86.40, TTA Acc@1: 72.28, Acc@5: 96.45
2025-06-10 00:50:34,931 - log - INFO - iter:6040/8041, clip_acc1=55.927154541015625, tta_acc1=72.31787872314453
2025-06-10 00:50:34,932 - log - INFO - iter:6040/8041, Original Acc@1: 55.93, Acc@5: 86.37, TTA Acc@1: 72.32, Acc@5: 96.44
2025-06-10 00:51:37,892 - log - INFO - iter:6060/8041, clip_acc1=55.9075927734375, tta_acc1=72.27722930908203
2025-06-10 00:51:37,893 - log - INFO - iter:6060/8041, Original Acc@1: 55.91, Acc@5: 86.39, TTA Acc@1: 72.28, Acc@5: 96.45
2025-06-10 00:52:41,076 - log - INFO - iter:6080/8041, clip_acc1=55.888160705566406, tta_acc1=72.3026351928711
2025-06-10 00:52:41,076 - log - INFO - iter:6080/8041, Original Acc@1: 55.89, Acc@5: 86.32, TTA Acc@1: 72.30, Acc@5: 96.45
2025-06-10 00:53:43,871 - log - INFO - iter:6100/8041, clip_acc1=55.90163803100586, tta_acc1=72.32786560058594
2025-06-10 00:53:43,872 - log - INFO - iter:6100/8041, Original Acc@1: 55.90, Acc@5: 86.33, TTA Acc@1: 72.33, Acc@5: 96.46
2025-06-10 00:54:53,830 - log - INFO - iter:6120/8041, clip_acc1=55.849674224853516, tta_acc1=72.30392456054688
2025-06-10 00:54:53,831 - log - INFO - iter:6120/8041, Original Acc@1: 55.85, Acc@5: 86.32, TTA Acc@1: 72.30, Acc@5: 96.44
2025-06-10 00:55:57,820 - log - INFO - iter:6140/8041, clip_acc1=55.863189697265625, tta_acc1=72.29641723632812
2025-06-10 00:55:57,821 - log - INFO - iter:6140/8041, Original Acc@1: 55.86, Acc@5: 86.32, TTA Acc@1: 72.30, Acc@5: 96.43
2025-06-10 00:57:00,826 - log - INFO - iter:6160/8041, clip_acc1=55.860389709472656, tta_acc1=72.2564926147461
2025-06-10 00:57:00,826 - log - INFO - iter:6160/8041, Original Acc@1: 55.86, Acc@5: 86.31, TTA Acc@1: 72.26, Acc@5: 96.43
2025-06-10 00:58:04,075 - log - INFO - iter:6180/8041, clip_acc1=55.88996505737305, tta_acc1=72.24919128417969
2025-06-10 00:58:04,075 - log - INFO - iter:6180/8041, Original Acc@1: 55.89, Acc@5: 86.31, TTA Acc@1: 72.25, Acc@5: 96.44
2025-06-10 00:59:06,750 - log - INFO - iter:6200/8041, clip_acc1=55.93548583984375, tta_acc1=72.2741928100586
2025-06-10 00:59:06,751 - log - INFO - iter:6200/8041, Original Acc@1: 55.94, Acc@5: 86.34, TTA Acc@1: 72.27, Acc@5: 96.44
2025-06-10 01:00:09,878 - log - INFO - iter:6220/8041, clip_acc1=55.964630126953125, tta_acc1=72.25080108642578
2025-06-10 01:00:09,878 - log - INFO - iter:6220/8041, Original Acc@1: 55.96, Acc@5: 86.33, TTA Acc@1: 72.25, Acc@5: 96.45
2025-06-10 01:01:13,482 - log - INFO - iter:6240/8041, clip_acc1=55.99359130859375, tta_acc1=72.27564239501953
2025-06-10 01:01:13,482 - log - INFO - iter:6240/8041, Original Acc@1: 55.99, Acc@5: 86.33, TTA Acc@1: 72.28, Acc@5: 96.43
2025-06-10 01:02:17,093 - log - INFO - iter:6260/8041, clip_acc1=56.07028579711914, tta_acc1=72.33226776123047
2025-06-10 01:02:17,093 - log - INFO - iter:6260/8041, Original Acc@1: 56.07, Acc@5: 86.34, TTA Acc@1: 72.33, Acc@5: 96.44
2025-06-10 01:03:19,995 - log - INFO - iter:6280/8041, clip_acc1=56.11465072631836, tta_acc1=72.37261199951172
2025-06-10 01:03:19,995 - log - INFO - iter:6280/8041, Original Acc@1: 56.11, Acc@5: 86.37, TTA Acc@1: 72.37, Acc@5: 96.45
2025-06-10 01:04:22,947 - log - INFO - iter:6300/8041, clip_acc1=56.11111068725586, tta_acc1=72.39682006835938
2025-06-10 01:04:22,948 - log - INFO - iter:6300/8041, Original Acc@1: 56.11, Acc@5: 86.33, TTA Acc@1: 72.40, Acc@5: 96.44
2025-06-10 01:05:27,467 - log - INFO - iter:6320/8041, clip_acc1=56.10759353637695, tta_acc1=72.37342071533203
2025-06-10 01:05:27,467 - log - INFO - iter:6320/8041, Original Acc@1: 56.11, Acc@5: 86.36, TTA Acc@1: 72.37, Acc@5: 96.46
2025-06-10 01:06:30,782 - log - INFO - iter:6340/8041, clip_acc1=56.08832550048828, tta_acc1=72.36592864990234
2025-06-10 01:06:30,782 - log - INFO - iter:6340/8041, Original Acc@1: 56.09, Acc@5: 86.31, TTA Acc@1: 72.37, Acc@5: 96.45
2025-06-10 01:07:34,642 - log - INFO - iter:6360/8041, clip_acc1=56.147796630859375, tta_acc1=72.38993835449219
2025-06-10 01:07:34,642 - log - INFO - iter:6360/8041, Original Acc@1: 56.15, Acc@5: 86.34, TTA Acc@1: 72.39, Acc@5: 96.46
2025-06-10 01:08:38,551 - log - INFO - iter:6380/8041, clip_acc1=56.19122314453125, tta_acc1=72.4137954711914
2025-06-10 01:08:38,551 - log - INFO - iter:6380/8041, Original Acc@1: 56.19, Acc@5: 86.33, TTA Acc@1: 72.41, Acc@5: 96.47
2025-06-10 01:09:42,103 - log - INFO - iter:6400/8041, clip_acc1=56.09375, tta_acc1=72.359375
2025-06-10 01:09:42,103 - log - INFO - iter:6400/8041, Original Acc@1: 56.09, Acc@5: 86.34, TTA Acc@1: 72.36, Acc@5: 96.47
2025-06-10 01:10:45,032 - log - INFO - iter:6420/8041, clip_acc1=56.105918884277344, tta_acc1=72.39875030517578
2025-06-10 01:10:45,033 - log - INFO - iter:6420/8041, Original Acc@1: 56.11, Acc@5: 86.36, TTA Acc@1: 72.40, Acc@5: 96.48
2025-06-10 01:11:49,041 - log - INFO - iter:6440/8041, clip_acc1=56.07142639160156, tta_acc1=72.37577819824219
2025-06-10 01:11:49,042 - log - INFO - iter:6440/8041, Original Acc@1: 56.07, Acc@5: 86.37, TTA Acc@1: 72.38, Acc@5: 96.48
2025-06-10 01:12:51,863 - log - INFO - iter:6460/8041, clip_acc1=56.05263137817383, tta_acc1=72.35294342041016
2025-06-10 01:12:51,863 - log - INFO - iter:6460/8041, Original Acc@1: 56.05, Acc@5: 86.35, TTA Acc@1: 72.35, Acc@5: 96.47
2025-06-10 01:13:56,684 - log - INFO - iter:6480/8041, clip_acc1=56.03395462036133, tta_acc1=72.3148193359375
2025-06-10 01:13:56,684 - log - INFO - iter:6480/8041, Original Acc@1: 56.03, Acc@5: 86.36, TTA Acc@1: 72.31, Acc@5: 96.47
2025-06-10 01:15:02,063 - log - INFO - iter:6500/8041, clip_acc1=56.015384674072266, tta_acc1=72.29230499267578
2025-06-10 01:15:02,063 - log - INFO - iter:6500/8041, Original Acc@1: 56.02, Acc@5: 86.34, TTA Acc@1: 72.29, Acc@5: 96.46
2025-06-10 01:16:05,332 - log - INFO - iter:6520/8041, clip_acc1=56.02760696411133, tta_acc1=72.2852783203125
2025-06-10 01:16:05,333 - log - INFO - iter:6520/8041, Original Acc@1: 56.03, Acc@5: 86.35, TTA Acc@1: 72.29, Acc@5: 96.46
2025-06-10 01:17:09,428 - log - INFO - iter:6540/8041, clip_acc1=56.05504608154297, tta_acc1=72.2477035522461
2025-06-10 01:17:09,428 - log - INFO - iter:6540/8041, Original Acc@1: 56.06, Acc@5: 86.39, TTA Acc@1: 72.25, Acc@5: 96.47
2025-06-10 01:18:12,912 - log - INFO - iter:6560/8041, clip_acc1=56.05183029174805, tta_acc1=72.2713394165039
2025-06-10 01:18:12,913 - log - INFO - iter:6560/8041, Original Acc@1: 56.05, Acc@5: 86.39, TTA Acc@1: 72.27, Acc@5: 96.48
2025-06-10 01:19:16,129 - log - INFO - iter:6580/8041, clip_acc1=56.07902526855469, tta_acc1=72.27963256835938
2025-06-10 01:19:16,130 - log - INFO - iter:6580/8041, Original Acc@1: 56.08, Acc@5: 86.40, TTA Acc@1: 72.28, Acc@5: 96.46
2025-06-10 01:20:19,815 - log - INFO - iter:6600/8041, clip_acc1=56.10606002807617, tta_acc1=72.30303192138672
2025-06-10 01:20:19,816 - log - INFO - iter:6600/8041, Original Acc@1: 56.11, Acc@5: 86.41, TTA Acc@1: 72.30, Acc@5: 96.42
2025-06-10 01:21:23,661 - log - INFO - iter:6620/8041, clip_acc1=56.132930755615234, tta_acc1=72.32628631591797
2025-06-10 01:21:23,662 - log - INFO - iter:6620/8041, Original Acc@1: 56.13, Acc@5: 86.42, TTA Acc@1: 72.33, Acc@5: 96.44
2025-06-10 01:22:29,267 - log - INFO - iter:6640/8041, clip_acc1=56.15964126586914, tta_acc1=72.31927490234375
2025-06-10 01:22:29,267 - log - INFO - iter:6640/8041, Original Acc@1: 56.16, Acc@5: 86.40, TTA Acc@1: 72.32, Acc@5: 96.42
2025-06-10 01:23:32,379 - log - INFO - iter:6660/8041, clip_acc1=56.171173095703125, tta_acc1=72.34234619140625
2025-06-10 01:23:32,379 - log - INFO - iter:6660/8041, Original Acc@1: 56.17, Acc@5: 86.38, TTA Acc@1: 72.34, Acc@5: 96.38
2025-06-10 01:24:36,098 - log - INFO - iter:6680/8041, clip_acc1=56.167667388916016, tta_acc1=72.35030364990234
2025-06-10 01:24:36,098 - log - INFO - iter:6680/8041, Original Acc@1: 56.17, Acc@5: 86.39, TTA Acc@1: 72.35, Acc@5: 96.38
2025-06-10 01:25:39,151 - log - INFO - iter:6700/8041, clip_acc1=56.16417694091797, tta_acc1=72.3432846069336
2025-06-10 01:25:39,152 - log - INFO - iter:6700/8041, Original Acc@1: 56.16, Acc@5: 86.36, TTA Acc@1: 72.34, Acc@5: 96.37
2025-06-10 01:26:42,324 - log - INFO - iter:6720/8041, clip_acc1=56.101192474365234, tta_acc1=72.3214340209961
2025-06-10 01:26:42,325 - log - INFO - iter:6720/8041, Original Acc@1: 56.10, Acc@5: 86.31, TTA Acc@1: 72.32, Acc@5: 96.35
2025-06-10 01:27:44,836 - log - INFO - iter:6740/8041, clip_acc1=56.0682487487793, tta_acc1=72.2997055053711
2025-06-10 01:27:44,836 - log - INFO - iter:6740/8041, Original Acc@1: 56.07, Acc@5: 86.32, TTA Acc@1: 72.30, Acc@5: 96.35
2025-06-10 01:28:47,614 - log - INFO - iter:6760/8041, clip_acc1=56.09467315673828, tta_acc1=72.30769348144531
2025-06-10 01:28:47,614 - log - INFO - iter:6760/8041, Original Acc@1: 56.09, Acc@5: 86.33, TTA Acc@1: 72.31, Acc@5: 96.33
2025-06-10 01:29:50,748 - log - INFO - iter:6780/8041, clip_acc1=56.061946868896484, tta_acc1=72.2861328125
2025-06-10 01:29:50,748 - log - INFO - iter:6780/8041, Original Acc@1: 56.06, Acc@5: 86.34, TTA Acc@1: 72.29, Acc@5: 96.34
2025-06-10 01:30:53,445 - log - INFO - iter:6800/8041, clip_acc1=56.05882263183594, tta_acc1=72.32352447509766
2025-06-10 01:30:53,445 - log - INFO - iter:6800/8041, Original Acc@1: 56.06, Acc@5: 86.35, TTA Acc@1: 72.32, Acc@5: 96.35
2025-06-10 01:31:57,044 - log - INFO - iter:6820/8041, clip_acc1=56.099708557128906, tta_acc1=72.3460464477539
2025-06-10 01:31:57,045 - log - INFO - iter:6820/8041, Original Acc@1: 56.10, Acc@5: 86.35, TTA Acc@1: 72.35, Acc@5: 96.36
2025-06-10 01:33:01,160 - log - INFO - iter:6840/8041, clip_acc1=56.081871032714844, tta_acc1=72.3245620727539
2025-06-10 01:33:01,161 - log - INFO - iter:6840/8041, Original Acc@1: 56.08, Acc@5: 86.33, TTA Acc@1: 72.32, Acc@5: 96.36
2025-06-10 01:34:04,444 - log - INFO - iter:6860/8041, clip_acc1=56.06413650512695, tta_acc1=72.31777954101562
2025-06-10 01:34:04,444 - log - INFO - iter:6860/8041, Original Acc@1: 56.06, Acc@5: 86.36, TTA Acc@1: 72.32, Acc@5: 96.36
2025-06-10 01:35:07,656 - log - INFO - iter:6880/8041, clip_acc1=56.01744079589844, tta_acc1=72.28197479248047
2025-06-10 01:35:07,656 - log - INFO - iter:6880/8041, Original Acc@1: 56.02, Acc@5: 86.29, TTA Acc@1: 72.28, Acc@5: 96.35
2025-06-10 01:36:12,657 - log - INFO - iter:6900/8041, clip_acc1=56.04347610473633, tta_acc1=72.27536010742188
2025-06-10 01:36:12,657 - log - INFO - iter:6900/8041, Original Acc@1: 56.04, Acc@5: 86.30, TTA Acc@1: 72.28, Acc@5: 96.35
2025-06-10 01:37:15,956 - log - INFO - iter:6920/8041, clip_acc1=56.011558532714844, tta_acc1=72.26878356933594
2025-06-10 01:37:15,956 - log - INFO - iter:6920/8041, Original Acc@1: 56.01, Acc@5: 86.30, TTA Acc@1: 72.27, Acc@5: 96.33
2025-06-10 01:38:19,092 - log - INFO - iter:6940/8041, clip_acc1=56.05187225341797, tta_acc1=72.29106903076172
2025-06-10 01:38:19,092 - log - INFO - iter:6940/8041, Original Acc@1: 56.05, Acc@5: 86.30, TTA Acc@1: 72.29, Acc@5: 96.33
2025-06-10 01:39:22,471 - log - INFO - iter:6960/8041, clip_acc1=56.1063232421875, tta_acc1=72.34195709228516
2025-06-10 01:39:22,471 - log - INFO - iter:6960/8041, Original Acc@1: 56.11, Acc@5: 86.32, TTA Acc@1: 72.34, Acc@5: 96.34
2025-06-10 01:40:26,643 - log - INFO - iter:6980/8041, clip_acc1=56.131805419921875, tta_acc1=72.32091522216797
2025-06-10 01:40:26,643 - log - INFO - iter:6980/8041, Original Acc@1: 56.13, Acc@5: 86.33, TTA Acc@1: 72.32, Acc@5: 96.35
2025-06-10 01:41:30,161 - log - INFO - iter:7000/8041, clip_acc1=56.157142639160156, tta_acc1=72.34285736083984
2025-06-10 01:41:30,162 - log - INFO - iter:7000/8041, Original Acc@1: 56.16, Acc@5: 86.33, TTA Acc@1: 72.34, Acc@5: 96.36
2025-06-10 01:42:33,974 - log - INFO - iter:7020/8041, clip_acc1=56.1680908203125, tta_acc1=72.39315795898438
2025-06-10 01:42:33,974 - log - INFO - iter:7020/8041, Original Acc@1: 56.17, Acc@5: 86.31, TTA Acc@1: 72.39, Acc@5: 96.37
2025-06-10 01:43:37,373 - log - INFO - iter:7040/8041, clip_acc1=56.193180084228516, tta_acc1=72.38636016845703
2025-06-10 01:43:37,373 - log - INFO - iter:7040/8041, Original Acc@1: 56.19, Acc@5: 86.34, TTA Acc@1: 72.39, Acc@5: 96.38
2025-06-10 01:44:40,319 - log - INFO - iter:7060/8041, clip_acc1=56.13314437866211, tta_acc1=72.37960052490234
2025-06-10 01:44:40,319 - log - INFO - iter:7060/8041, Original Acc@1: 56.13, Acc@5: 86.33, TTA Acc@1: 72.38, Acc@5: 96.39
2025-06-10 01:45:43,554 - log - INFO - iter:7080/8041, clip_acc1=56.115821838378906, tta_acc1=72.38700866699219
2025-06-10 01:45:43,554 - log - INFO - iter:7080/8041, Original Acc@1: 56.12, Acc@5: 86.37, TTA Acc@1: 72.39, Acc@5: 96.40
2025-06-10 01:46:47,094 - log - INFO - iter:7100/8041, clip_acc1=56.12676239013672, tta_acc1=72.39437103271484
2025-06-10 01:46:47,095 - log - INFO - iter:7100/8041, Original Acc@1: 56.13, Acc@5: 86.38, TTA Acc@1: 72.39, Acc@5: 96.41
2025-06-10 01:47:51,411 - log - INFO - iter:7120/8041, clip_acc1=56.16572952270508, tta_acc1=72.38764190673828
2025-06-10 01:47:51,412 - log - INFO - iter:7120/8041, Original Acc@1: 56.17, Acc@5: 86.39, TTA Acc@1: 72.39, Acc@5: 96.42
2025-06-10 01:48:54,794 - log - INFO - iter:7140/8041, clip_acc1=56.23249435424805, tta_acc1=72.4229736328125
2025-06-10 01:48:54,794 - log - INFO - iter:7140/8041, Original Acc@1: 56.23, Acc@5: 86.41, TTA Acc@1: 72.42, Acc@5: 96.43
2025-06-10 01:49:58,690 - log - INFO - iter:7160/8041, clip_acc1=56.24301528930664, tta_acc1=72.43016815185547
2025-06-10 01:49:58,690 - log - INFO - iter:7160/8041, Original Acc@1: 56.24, Acc@5: 86.42, TTA Acc@1: 72.43, Acc@5: 96.42
2025-06-10 01:51:01,752 - log - INFO - iter:7180/8041, clip_acc1=56.28133773803711, tta_acc1=72.3816146850586
2025-06-10 01:51:01,752 - log - INFO - iter:7180/8041, Original Acc@1: 56.28, Acc@5: 86.39, TTA Acc@1: 72.38, Acc@5: 96.39
2025-06-10 01:52:04,864 - log - INFO - iter:7200/8041, clip_acc1=56.29166793823242, tta_acc1=72.3888931274414
2025-06-10 01:52:04,865 - log - INFO - iter:7200/8041, Original Acc@1: 56.29, Acc@5: 86.38, TTA Acc@1: 72.39, Acc@5: 96.38
2025-06-10 01:53:07,975 - log - INFO - iter:7220/8041, clip_acc1=56.24653625488281, tta_acc1=72.40997314453125
2025-06-10 01:53:07,975 - log - INFO - iter:7220/8041, Original Acc@1: 56.25, Acc@5: 86.36, TTA Acc@1: 72.41, Acc@5: 96.37
2025-06-10 01:54:11,932 - log - INFO - iter:7240/8041, clip_acc1=56.270713806152344, tta_acc1=72.41712188720703
2025-06-10 01:54:11,932 - log - INFO - iter:7240/8041, Original Acc@1: 56.27, Acc@5: 86.34, TTA Acc@1: 72.42, Acc@5: 96.34
2025-06-10 01:55:15,272 - log - INFO - iter:7260/8041, clip_acc1=56.25344467163086, tta_acc1=72.41046905517578
2025-06-10 01:55:15,272 - log - INFO - iter:7260/8041, Original Acc@1: 56.25, Acc@5: 86.35, TTA Acc@1: 72.41, Acc@5: 96.35
2025-06-10 01:56:18,551 - log - INFO - iter:7280/8041, clip_acc1=56.29121017456055, tta_acc1=72.44506072998047
2025-06-10 01:56:18,552 - log - INFO - iter:7280/8041, Original Acc@1: 56.29, Acc@5: 86.35, TTA Acc@1: 72.45, Acc@5: 96.35
2025-06-10 01:57:22,051 - log - INFO - iter:7300/8041, clip_acc1=56.301368713378906, tta_acc1=72.45205688476562
2025-06-10 01:57:22,052 - log - INFO - iter:7300/8041, Original Acc@1: 56.30, Acc@5: 86.33, TTA Acc@1: 72.45, Acc@5: 96.34
2025-06-10 01:58:26,141 - log - INFO - iter:7320/8041, clip_acc1=56.33879852294922, tta_acc1=72.4726791381836
2025-06-10 01:58:26,141 - log - INFO - iter:7320/8041, Original Acc@1: 56.34, Acc@5: 86.33, TTA Acc@1: 72.47, Acc@5: 96.34
2025-06-10 01:59:30,273 - log - INFO - iter:7340/8041, clip_acc1=56.28065490722656, tta_acc1=72.41144561767578
2025-06-10 01:59:30,273 - log - INFO - iter:7340/8041, Original Acc@1: 56.28, Acc@5: 86.34, TTA Acc@1: 72.41, Acc@5: 96.32
2025-06-10 02:00:39,841 - log - INFO - iter:7360/8041, clip_acc1=56.22282409667969, tta_acc1=72.37771606445312
2025-06-10 02:00:39,842 - log - INFO - iter:7360/8041, Original Acc@1: 56.22, Acc@5: 86.32, TTA Acc@1: 72.38, Acc@5: 96.32
2025-06-10 02:01:44,198 - log - INFO - iter:7380/8041, clip_acc1=56.233062744140625, tta_acc1=72.35771942138672
2025-06-10 02:01:44,198 - log - INFO - iter:7380/8041, Original Acc@1: 56.23, Acc@5: 86.36, TTA Acc@1: 72.36, Acc@5: 96.33
2025-06-10 02:02:48,018 - log - INFO - iter:7400/8041, clip_acc1=56.229732513427734, tta_acc1=72.35135650634766
2025-06-10 02:02:48,019 - log - INFO - iter:7400/8041, Original Acc@1: 56.23, Acc@5: 86.34, TTA Acc@1: 72.35, Acc@5: 96.32
2025-06-10 02:03:51,408 - log - INFO - iter:7420/8041, clip_acc1=56.28032302856445, tta_acc1=72.38544464111328
2025-06-10 02:03:51,408 - log - INFO - iter:7420/8041, Original Acc@1: 56.28, Acc@5: 86.36, TTA Acc@1: 72.39, Acc@5: 96.33
2025-06-10 02:04:54,977 - log - INFO - iter:7440/8041, clip_acc1=56.31720733642578, tta_acc1=72.43280029296875
2025-06-10 02:04:54,978 - log - INFO - iter:7440/8041, Original Acc@1: 56.32, Acc@5: 86.38, TTA Acc@1: 72.43, Acc@5: 96.34
2025-06-10 02:05:58,581 - log - INFO - iter:7460/8041, clip_acc1=56.31367111206055, tta_acc1=72.4128646850586
2025-06-10 02:05:58,581 - log - INFO - iter:7460/8041, Original Acc@1: 56.31, Acc@5: 86.41, TTA Acc@1: 72.41, Acc@5: 96.34
2025-06-10 02:07:03,056 - log - INFO - iter:7480/8041, clip_acc1=56.32353210449219, tta_acc1=72.41978454589844
2025-06-10 02:07:03,057 - log - INFO - iter:7480/8041, Original Acc@1: 56.32, Acc@5: 86.40, TTA Acc@1: 72.42, Acc@5: 96.34
2025-06-10 02:08:06,597 - log - INFO - iter:7500/8041, clip_acc1=56.33333206176758, tta_acc1=72.41333770751953
2025-06-10 02:08:06,597 - log - INFO - iter:7500/8041, Original Acc@1: 56.33, Acc@5: 86.39, TTA Acc@1: 72.41, Acc@5: 96.32
2025-06-10 02:09:10,079 - log - INFO - iter:7520/8041, clip_acc1=56.343082427978516, tta_acc1=72.40691375732422
2025-06-10 02:09:10,079 - log - INFO - iter:7520/8041, Original Acc@1: 56.34, Acc@5: 86.40, TTA Acc@1: 72.41, Acc@5: 96.33
2025-06-10 02:10:13,601 - log - INFO - iter:7540/8041, clip_acc1=56.352787017822266, tta_acc1=72.4137954711914
2025-06-10 02:10:13,602 - log - INFO - iter:7540/8041, Original Acc@1: 56.35, Acc@5: 86.38, TTA Acc@1: 72.41, Acc@5: 96.34
2025-06-10 02:11:17,692 - log - INFO - iter:7560/8041, clip_acc1=56.34920883178711, tta_acc1=72.39418029785156
2025-06-10 02:11:17,693 - log - INFO - iter:7560/8041, Original Acc@1: 56.35, Acc@5: 86.35, TTA Acc@1: 72.39, Acc@5: 96.32
2025-06-10 02:12:21,619 - log - INFO - iter:7580/8041, clip_acc1=56.35883712768555, tta_acc1=72.42743682861328
2025-06-10 02:12:21,620 - log - INFO - iter:7580/8041, Original Acc@1: 56.36, Acc@5: 86.36, TTA Acc@1: 72.43, Acc@5: 96.33
2025-06-10 02:13:24,747 - log - INFO - iter:7600/8041, clip_acc1=56.38157653808594, tta_acc1=72.4473648071289
2025-06-10 02:13:24,747 - log - INFO - iter:7600/8041, Original Acc@1: 56.38, Acc@5: 86.37, TTA Acc@1: 72.45, Acc@5: 96.33
2025-06-10 02:14:28,148 - log - INFO - iter:7620/8041, clip_acc1=56.391075134277344, tta_acc1=72.4409408569336
2025-06-10 02:14:28,148 - log - INFO - iter:7620/8041, Original Acc@1: 56.39, Acc@5: 86.38, TTA Acc@1: 72.44, Acc@5: 96.33
2025-06-10 02:15:31,714 - log - INFO - iter:7640/8041, clip_acc1=56.36125564575195, tta_acc1=72.3822021484375
2025-06-10 02:15:31,714 - log - INFO - iter:7640/8041, Original Acc@1: 56.36, Acc@5: 86.36, TTA Acc@1: 72.38, Acc@5: 96.34
2025-06-10 02:16:34,802 - log - INFO - iter:7660/8041, clip_acc1=56.35770034790039, tta_acc1=72.40209197998047
2025-06-10 02:16:34,802 - log - INFO - iter:7660/8041, Original Acc@1: 56.36, Acc@5: 86.36, TTA Acc@1: 72.40, Acc@5: 96.34
2025-06-10 02:17:38,098 - log - INFO - iter:7680/8041, clip_acc1=56.341148376464844, tta_acc1=72.39583587646484
2025-06-10 02:17:38,099 - log - INFO - iter:7680/8041, Original Acc@1: 56.34, Acc@5: 86.34, TTA Acc@1: 72.40, Acc@5: 96.35
2025-06-10 02:18:41,261 - log - INFO - iter:7700/8041, clip_acc1=56.32467269897461, tta_acc1=72.40259552001953
2025-06-10 02:18:41,261 - log - INFO - iter:7700/8041, Original Acc@1: 56.32, Acc@5: 86.32, TTA Acc@1: 72.40, Acc@5: 96.36
2025-06-10 02:19:44,647 - log - INFO - iter:7720/8041, clip_acc1=56.308292388916016, tta_acc1=72.39637756347656
2025-06-10 02:19:44,647 - log - INFO - iter:7720/8041, Original Acc@1: 56.31, Acc@5: 86.33, TTA Acc@1: 72.40, Acc@5: 96.37
2025-06-10 02:20:48,718 - log - INFO - iter:7740/8041, clip_acc1=56.291988372802734, tta_acc1=72.37725830078125
2025-06-10 02:20:48,718 - log - INFO - iter:7740/8041, Original Acc@1: 56.29, Acc@5: 86.32, TTA Acc@1: 72.38, Acc@5: 96.37
2025-06-10 02:21:52,073 - log - INFO - iter:7760/8041, clip_acc1=56.35309600830078, tta_acc1=72.39691162109375
2025-06-10 02:21:52,073 - log - INFO - iter:7760/8041, Original Acc@1: 56.35, Acc@5: 86.31, TTA Acc@1: 72.40, Acc@5: 96.38
2025-06-10 02:22:55,564 - log - INFO - iter:7780/8041, clip_acc1=56.323909759521484, tta_acc1=72.3907470703125
2025-06-10 02:22:55,564 - log - INFO - iter:7780/8041, Original Acc@1: 56.32, Acc@5: 86.29, TTA Acc@1: 72.39, Acc@5: 96.38
2025-06-10 02:23:58,795 - log - INFO - iter:7800/8041, clip_acc1=56.358970642089844, tta_acc1=72.39743041992188
2025-06-10 02:23:58,796 - log - INFO - iter:7800/8041, Original Acc@1: 56.36, Acc@5: 86.29, TTA Acc@1: 72.40, Acc@5: 96.38
2025-06-10 02:25:02,321 - log - INFO - iter:7820/8041, clip_acc1=56.34271240234375, tta_acc1=72.39130401611328
2025-06-10 02:25:02,321 - log - INFO - iter:7820/8041, Original Acc@1: 56.34, Acc@5: 86.30, TTA Acc@1: 72.39, Acc@5: 96.39
2025-06-10 02:26:06,009 - log - INFO - iter:7840/8041, clip_acc1=56.37754821777344, tta_acc1=72.42346954345703
2025-06-10 02:26:06,010 - log - INFO - iter:7840/8041, Original Acc@1: 56.38, Acc@5: 86.31, TTA Acc@1: 72.42, Acc@5: 96.38
2025-06-10 02:27:10,043 - log - INFO - iter:7860/8041, clip_acc1=56.41221237182617, tta_acc1=72.4554672241211
2025-06-10 02:27:10,044 - log - INFO - iter:7860/8041, Original Acc@1: 56.41, Acc@5: 86.32, TTA Acc@1: 72.46, Acc@5: 96.39
2025-06-10 02:28:14,725 - log - INFO - iter:7880/8041, clip_acc1=56.395938873291016, tta_acc1=72.4365463256836
2025-06-10 02:28:14,725 - log - INFO - iter:7880/8041, Original Acc@1: 56.40, Acc@5: 86.36, TTA Acc@1: 72.44, Acc@5: 96.40
2025-06-10 02:29:18,173 - log - INFO - iter:7900/8041, clip_acc1=56.40506362915039, tta_acc1=72.44303894042969
2025-06-10 02:29:18,173 - log - INFO - iter:7900/8041, Original Acc@1: 56.41, Acc@5: 86.35, TTA Acc@1: 72.44, Acc@5: 96.39
2025-06-10 02:30:21,621 - log - INFO - iter:7920/8041, clip_acc1=56.4267692565918, tta_acc1=72.44950103759766
2025-06-10 02:30:21,621 - log - INFO - iter:7920/8041, Original Acc@1: 56.43, Acc@5: 86.35, TTA Acc@1: 72.45, Acc@5: 96.40
2025-06-10 02:31:25,289 - log - INFO - iter:7940/8041, clip_acc1=56.410579681396484, tta_acc1=72.46851348876953
2025-06-10 02:31:25,289 - log - INFO - iter:7940/8041, Original Acc@1: 56.41, Acc@5: 86.36, TTA Acc@1: 72.47, Acc@5: 96.41
2025-06-10 02:32:28,199 - log - INFO - iter:7960/8041, clip_acc1=56.432159423828125, tta_acc1=72.48743438720703
2025-06-10 02:32:28,199 - log - INFO - iter:7960/8041, Original Acc@1: 56.43, Acc@5: 86.37, TTA Acc@1: 72.49, Acc@5: 96.41
2025-06-10 02:33:32,321 - log - INFO - iter:7980/8041, clip_acc1=56.44110107421875, tta_acc1=72.481201171875
2025-06-10 02:33:32,321 - log - INFO - iter:7980/8041, Original Acc@1: 56.44, Acc@5: 86.35, TTA Acc@1: 72.48, Acc@5: 96.39
2025-06-10 02:34:36,173 - log - INFO - iter:8000/8041, clip_acc1=56.45000457763672, tta_acc1=72.48750305175781
2025-06-10 02:34:36,173 - log - INFO - iter:8000/8041, Original Acc@1: 56.45, Acc@5: 86.35, TTA Acc@1: 72.49, Acc@5: 96.38
2025-06-10 02:35:39,649 - log - INFO - iter:8020/8041, clip_acc1=56.43391418457031, tta_acc1=72.44388580322266
2025-06-10 02:35:39,649 - log - INFO - iter:8020/8041, Original Acc@1: 56.43, Acc@5: 86.33, TTA Acc@1: 72.44, Acc@5: 96.36
2025-06-10 02:36:40,913 - log - INFO - iter:8040/8041, clip_acc1=56.442787170410156, tta_acc1=72.42537689208984
2025-06-10 02:36:40,913 - log - INFO - iter:8040/8041, Original Acc@1: 56.44, Acc@5: 86.34, TTA Acc@1: 72.43, Acc@5: 96.37
2025-06-10 02:36:43,735 - log - INFO - iter:8041/8041, clip_acc1=56.448204040527344, tta_acc1=72.42880249023438
2025-06-10 02:36:43,735 - log - INFO - iter:8041/8041, Original Acc@1: 56.45, Acc@5: 86.34, TTA Acc@1: 72.43, Acc@5: 96.37
2025-06-10 02:36:43,882 - log - INFO - Final results - Original Acc@1: 56.45, Acc@5: 86.34, TTA Acc@1: 72.43, Acc@5: 96.37
2025-06-10 02:36:43,882 - log - INFO - Improvement from TTA in Acc@1 15.98, and Acc@5 10.02
2025-06-10 02:36:43,885 - log - INFO - Number of selected samples with index 0: 2067
2025-06-10 02:36:43,886 - log - INFO - Number of samples in the dataset: 8041
2025-06-10 02:36:43,937 - log - INFO - Selected IDs saved to /leonardo_work/EUHPC_R04_192/fmohamma/Adversarial_Robust_Clip/ATPT/Final_Results/ViT-L/14/Cars/Clean/Counter_Attack/Eps_4_0_Steps_2_Alpha_1_0/tau_0_2_beta_2_0_weighted_pertrubation_True/TPT/Optimization_Loss_rtpt_LR_0_005_Optimization_Steps_1_View_Selection_Fraction_0_1/Inference_Ensemble_weighted_rtpt_topk_20_softmaxtemp_0_01/selected_topk.json
2025-06-10 02:36:44,449 - log - INFO - Batch entropies saved to /leonardo_work/EUHPC_R04_192/fmohamma/Adversarial_Robust_Clip/ATPT/Final_Results/ViT-L/14/Cars/Clean/Counter_Attack/Eps_4_0_Steps_2_Alpha_1_0/tau_0_2_beta_2_0_weighted_pertrubation_True/TPT/Optimization_Loss_rtpt_LR_0_005_Optimization_Steps_1_View_Selection_Fraction_0_1/Inference_Ensemble_weighted_rtpt_topk_20_softmaxtemp_0_01/entropies.json
2025-06-10 02:36:44,993 - log - INFO - Weighted scores saved to /leonardo_work/EUHPC_R04_192/fmohamma/Adversarial_Robust_Clip/ATPT/Final_Results/ViT-L/14/Cars/Clean/Counter_Attack/Eps_4_0_Steps_2_Alpha_1_0/tau_0_2_beta_2_0_weighted_pertrubation_True/TPT/Optimization_Loss_rtpt_LR_0_005_Optimization_Steps_1_View_Selection_Fraction_0_1/Inference_Ensemble_weighted_rtpt_topk_20_softmaxtemp_0_01/weighted_scores.json
2025-06-10 02:36:44,994 - log - INFO - Creating plot of average weights for each view
2025-06-10 02:36:50,402 - log - INFO - Average weights plot saved to /leonardo_work/EUHPC_R04_192/fmohamma/Adversarial_Robust_Clip/ATPT/Final_Results/ViT-L/14/Cars/Clean/Counter_Attack/Eps_4_0_Steps_2_Alpha_1_0/tau_0_2_beta_2_0_weighted_pertrubation_True/TPT/Optimization_Loss_rtpt_LR_0_005_Optimization_Steps_1_View_Selection_Fraction_0_1/Inference_Ensemble_weighted_rtpt_topk_20_softmaxtemp_0_01/weighted_scores_plot.png
2025-06-10 02:36:50,424 - log - INFO - => Acc. on testset [Cars]: Clean Acc @1 56.448204040527344/ TTA Clean Acc @1 72.42880249023438, Clean Acc @5 86.34498596191406/ TTA Clean Acc @5 96.36861419677734
2025-06-10 02:36:50,424 - log - INFO - Total script execution time: 25673.47 seconds (427.89 minutes)
