2025-06-15 13:48:14,757 - log - INFO - ==========================================
data:/leonardo_work/EUHPC_R04_192/fmohamma/Adversarial_Robust_Clip/atpt_data/downstream_datasets
test_sets:eurosat
dataset_mode:test
arch:vit_l_14_datacomp_1b
resolution:224
workers:4
no_pin_memory:False
batch_size:64
print_freq:20
gpu:0
no_cudnn_benchmark:False
n_ctx:4
ctx_init:a_photo_of_a
tpt_loss:tpt
seed:0
output_dir:/leonardo_work/EUHPC_R04_192/fmohamma/Adversarial_Robust_Clip/atpt_data/vit_l_14_datacomp_1b/eurosat
log_output_dir:/leonardo_work/EUHPC_R04_192/fmohamma/Adversarial_Robust_Clip/ATPT/Final_Results/vit_l_14_datacomp_1b/eurosat
eps:0.0
alpha:0.0
alpha_eps_ratio:4.0
steps:0
lr:0.005
selection_p:0.1
tta_steps:1
ensemble_type:weighted_rtpt
top_k:20
softmax_temp:0.01
counter_attack:True
counter_attack_type:pgd
counter_attack_steps:2
counter_attack_eps:2.0
counter_attack_alpha:1.0
counter_attack_tau_thres:0.2
counter_attack_beta:2.0
counter_attack_weighted_perturbations:True
pgd_clip_pure_i_text_embeddings:null
pgd_counter_and_clipure_i_lamda:1.0
selected_id_name:selected_topk.json
weighted_score_name:weighted_scores.json
batch_entropy_name:entropies.json
log_dir:/leonardo_work/EUHPC_R04_192/fmohamma/Adversarial_Robust_Clip/ATPT/Final_Results/vit_l_14_datacomp_1b/eurosat/Clean/Counter_Attack/Eps_2_0_Steps_2_Alpha_1_0/tau_0_2_beta_2_0_weighted_pertrubation_True/TPT/Optimization_Loss_tpt_LR_0_005_Optimization_Steps_1_View_Selection_Fraction_0_1/Inference_Ensemble_weighted_rtpt_topk_20_softmaxtemp_0_01

2025-06-15 13:48:14,758 - log - INFO - Use GPU: 0 for training
2025-06-15 13:49:48,948 - log - INFO - Freezing all parameters except prompt learner
2025-06-15 13:49:48,949 - log - INFO - => Model created: visual backbone vit_l_14_datacomp_1b
2025-06-15 13:49:48,968 - log - INFO - Number of test samples: 8100
2025-06-15 13:49:48,969 - log - INFO - Evaluating dataset: eurosat
2025-06-15 13:49:48,970 - log - INFO - Starting evaluation with batch size: 64, selection percentage: 0.1
2025-06-15 13:49:48,970 - log - INFO - Test-time adaptation steps: 1, learning rate: 0.005
2025-06-15 13:49:48,970 - log - INFO - Using counter-attack with epsilon: 2.000000, alpha: 0.000000, steps: 2, tau_thres: 0.2, beta: 2.0, weighted perturbation: True
2025-06-15 13:50:45,636 - log - INFO - iter:20/8100, clip_acc1=5.0, tta_acc1=15.0
2025-06-15 13:50:45,636 - log - INFO - iter:20/8100, Original Acc@1: 5.00, Acc@5: 60.00, TTA Acc@1: 15.00, Acc@5: 90.00
2025-06-15 13:51:35,664 - log - INFO - iter:40/8100, clip_acc1=12.5, tta_acc1=20.0
2025-06-15 13:51:35,664 - log - INFO - iter:40/8100, Original Acc@1: 12.50, Acc@5: 60.00, TTA Acc@1: 20.00, Acc@5: 87.50
2025-06-15 13:52:25,971 - log - INFO - iter:60/8100, clip_acc1=10.000000953674316, tta_acc1=20.000001907348633
2025-06-15 13:52:25,971 - log - INFO - iter:60/8100, Original Acc@1: 10.00, Acc@5: 66.67, TTA Acc@1: 20.00, Acc@5: 85.00
2025-06-15 13:53:16,343 - log - INFO - iter:80/8100, clip_acc1=8.75, tta_acc1=23.75
2025-06-15 13:53:16,343 - log - INFO - iter:80/8100, Original Acc@1: 8.75, Acc@5: 67.50, TTA Acc@1: 23.75, Acc@5: 88.75
2025-06-15 13:54:06,823 - log - INFO - iter:100/8100, clip_acc1=9.0, tta_acc1=24.0
2025-06-15 13:54:06,823 - log - INFO - iter:100/8100, Original Acc@1: 9.00, Acc@5: 68.00, TTA Acc@1: 24.00, Acc@5: 91.00
2025-06-15 13:54:57,480 - log - INFO - iter:120/8100, clip_acc1=7.500000476837158, tta_acc1=22.500001907348633
2025-06-15 13:54:57,480 - log - INFO - iter:120/8100, Original Acc@1: 7.50, Acc@5: 68.33, TTA Acc@1: 22.50, Acc@5: 92.50
2025-06-15 13:55:48,005 - log - INFO - iter:140/8100, clip_acc1=6.428571701049805, tta_acc1=23.571428298950195
2025-06-15 13:55:48,005 - log - INFO - iter:140/8100, Original Acc@1: 6.43, Acc@5: 68.57, TTA Acc@1: 23.57, Acc@5: 92.86
2025-06-15 13:56:38,607 - log - INFO - iter:160/8100, clip_acc1=6.25, tta_acc1=25.0
2025-06-15 13:56:38,608 - log - INFO - iter:160/8100, Original Acc@1: 6.25, Acc@5: 68.75, TTA Acc@1: 25.00, Acc@5: 91.88
2025-06-15 13:57:29,188 - log - INFO - iter:180/8100, clip_acc1=5.555555820465088, tta_acc1=24.44444465637207
2025-06-15 13:57:29,188 - log - INFO - iter:180/8100, Original Acc@1: 5.56, Acc@5: 70.56, TTA Acc@1: 24.44, Acc@5: 90.56
2025-06-15 13:58:19,867 - log - INFO - iter:200/8100, clip_acc1=5.5, tta_acc1=25.0
2025-06-15 13:58:19,867 - log - INFO - iter:200/8100, Original Acc@1: 5.50, Acc@5: 67.50, TTA Acc@1: 25.00, Acc@5: 89.00
2025-06-15 13:59:10,621 - log - INFO - iter:220/8100, clip_acc1=5.909090518951416, tta_acc1=26.363636016845703
2025-06-15 13:59:10,621 - log - INFO - iter:220/8100, Original Acc@1: 5.91, Acc@5: 67.27, TTA Acc@1: 26.36, Acc@5: 88.64
2025-06-15 14:00:01,072 - log - INFO - iter:240/8100, clip_acc1=6.250000476837158, tta_acc1=26.250001907348633
2025-06-15 14:00:01,072 - log - INFO - iter:240/8100, Original Acc@1: 6.25, Acc@5: 66.25, TTA Acc@1: 26.25, Acc@5: 87.08
2025-06-15 14:00:54,130 - log - INFO - iter:260/8100, clip_acc1=6.153846263885498, tta_acc1=26.153846740722656
2025-06-15 14:00:54,130 - log - INFO - iter:260/8100, Original Acc@1: 6.15, Acc@5: 66.15, TTA Acc@1: 26.15, Acc@5: 87.31
2025-06-15 14:01:44,746 - log - INFO - iter:280/8100, clip_acc1=5.714285850524902, tta_acc1=25.71428680419922
2025-06-15 14:01:44,746 - log - INFO - iter:280/8100, Original Acc@1: 5.71, Acc@5: 66.79, TTA Acc@1: 25.71, Acc@5: 87.86
2025-06-15 14:02:38,717 - log - INFO - iter:300/8100, clip_acc1=6.333333492279053, tta_acc1=26.0
2025-06-15 14:02:38,717 - log - INFO - iter:300/8100, Original Acc@1: 6.33, Acc@5: 65.33, TTA Acc@1: 26.00, Acc@5: 87.67
2025-06-15 14:03:29,379 - log - INFO - iter:320/8100, clip_acc1=6.5625, tta_acc1=25.9375
2025-06-15 14:03:29,380 - log - INFO - iter:320/8100, Original Acc@1: 6.56, Acc@5: 64.69, TTA Acc@1: 25.94, Acc@5: 87.50
2025-06-15 14:04:20,145 - log - INFO - iter:340/8100, clip_acc1=6.470588207244873, tta_acc1=26.47058868408203
2025-06-15 14:04:20,145 - log - INFO - iter:340/8100, Original Acc@1: 6.47, Acc@5: 65.29, TTA Acc@1: 26.47, Acc@5: 87.65
2025-06-15 14:05:10,852 - log - INFO - iter:360/8100, clip_acc1=6.111111164093018, tta_acc1=25.83333396911621
2025-06-15 14:05:10,853 - log - INFO - iter:360/8100, Original Acc@1: 6.11, Acc@5: 65.00, TTA Acc@1: 25.83, Acc@5: 87.22
2025-06-15 14:06:01,412 - log - INFO - iter:380/8100, clip_acc1=6.315789699554443, tta_acc1=25.526317596435547
2025-06-15 14:06:01,413 - log - INFO - iter:380/8100, Original Acc@1: 6.32, Acc@5: 64.47, TTA Acc@1: 25.53, Acc@5: 87.11
2025-06-15 14:06:52,152 - log - INFO - iter:400/8100, clip_acc1=6.5, tta_acc1=26.25
2025-06-15 14:06:52,152 - log - INFO - iter:400/8100, Original Acc@1: 6.50, Acc@5: 63.75, TTA Acc@1: 26.25, Acc@5: 86.75
2025-06-15 14:07:42,795 - log - INFO - iter:420/8100, clip_acc1=6.428571701049805, tta_acc1=26.428571701049805
2025-06-15 14:07:42,795 - log - INFO - iter:420/8100, Original Acc@1: 6.43, Acc@5: 64.29, TTA Acc@1: 26.43, Acc@5: 86.67
2025-06-15 14:08:33,488 - log - INFO - iter:440/8100, clip_acc1=6.363636016845703, tta_acc1=26.136362075805664
2025-06-15 14:08:33,488 - log - INFO - iter:440/8100, Original Acc@1: 6.36, Acc@5: 64.32, TTA Acc@1: 26.14, Acc@5: 86.36
2025-06-15 14:09:24,365 - log - INFO - iter:460/8100, clip_acc1=6.304347515106201, tta_acc1=26.086956024169922
2025-06-15 14:09:24,365 - log - INFO - iter:460/8100, Original Acc@1: 6.30, Acc@5: 65.22, TTA Acc@1: 26.09, Acc@5: 86.74
2025-06-15 14:10:15,066 - log - INFO - iter:480/8100, clip_acc1=6.6666669845581055, tta_acc1=26.250001907348633
2025-06-15 14:10:15,066 - log - INFO - iter:480/8100, Original Acc@1: 6.67, Acc@5: 65.21, TTA Acc@1: 26.25, Acc@5: 86.88
2025-06-15 14:11:05,808 - log - INFO - iter:500/8100, clip_acc1=6.400000095367432, tta_acc1=25.400001525878906
2025-06-15 14:11:05,808 - log - INFO - iter:500/8100, Original Acc@1: 6.40, Acc@5: 64.80, TTA Acc@1: 25.40, Acc@5: 86.40
2025-06-15 14:11:56,587 - log - INFO - iter:520/8100, clip_acc1=6.538461685180664, tta_acc1=25.19230842590332
2025-06-15 14:11:56,588 - log - INFO - iter:520/8100, Original Acc@1: 6.54, Acc@5: 65.38, TTA Acc@1: 25.19, Acc@5: 86.92
2025-06-15 14:12:47,292 - log - INFO - iter:540/8100, clip_acc1=6.481481552124023, tta_acc1=25.185184478759766
2025-06-15 14:12:47,293 - log - INFO - iter:540/8100, Original Acc@1: 6.48, Acc@5: 65.56, TTA Acc@1: 25.19, Acc@5: 86.48
2025-06-15 14:13:37,847 - log - INFO - iter:560/8100, clip_acc1=6.25, tta_acc1=24.821428298950195
2025-06-15 14:13:37,847 - log - INFO - iter:560/8100, Original Acc@1: 6.25, Acc@5: 65.54, TTA Acc@1: 24.82, Acc@5: 86.43
2025-06-15 14:14:28,608 - log - INFO - iter:580/8100, clip_acc1=6.034482955932617, tta_acc1=25.0
2025-06-15 14:14:28,608 - log - INFO - iter:580/8100, Original Acc@1: 6.03, Acc@5: 65.69, TTA Acc@1: 25.00, Acc@5: 86.72
2025-06-15 14:15:19,276 - log - INFO - iter:600/8100, clip_acc1=6.0, tta_acc1=24.83333396911621
2025-06-15 14:15:19,277 - log - INFO - iter:600/8100, Original Acc@1: 6.00, Acc@5: 65.33, TTA Acc@1: 24.83, Acc@5: 87.00
2025-06-15 14:16:10,228 - log - INFO - iter:620/8100, clip_acc1=6.290322303771973, tta_acc1=25.0
2025-06-15 14:16:10,229 - log - INFO - iter:620/8100, Original Acc@1: 6.29, Acc@5: 65.81, TTA Acc@1: 25.00, Acc@5: 87.42
2025-06-15 14:17:01,061 - log - INFO - iter:640/8100, clip_acc1=6.09375, tta_acc1=24.84375
2025-06-15 14:17:01,062 - log - INFO - iter:640/8100, Original Acc@1: 6.09, Acc@5: 65.78, TTA Acc@1: 24.84, Acc@5: 87.19
2025-06-15 14:17:51,847 - log - INFO - iter:660/8100, clip_acc1=6.21212100982666, tta_acc1=25.151514053344727
2025-06-15 14:17:51,848 - log - INFO - iter:660/8100, Original Acc@1: 6.21, Acc@5: 66.06, TTA Acc@1: 25.15, Acc@5: 87.42
2025-06-15 14:18:42,555 - log - INFO - iter:680/8100, clip_acc1=6.3235297203063965, tta_acc1=24.852941513061523
2025-06-15 14:18:42,555 - log - INFO - iter:680/8100, Original Acc@1: 6.32, Acc@5: 65.74, TTA Acc@1: 24.85, Acc@5: 87.35
2025-06-15 14:19:33,306 - log - INFO - iter:700/8100, clip_acc1=6.4285712242126465, tta_acc1=25.0
2025-06-15 14:19:33,306 - log - INFO - iter:700/8100, Original Acc@1: 6.43, Acc@5: 66.00, TTA Acc@1: 25.00, Acc@5: 87.43
2025-06-15 14:20:24,078 - log - INFO - iter:720/8100, clip_acc1=6.6666669845581055, tta_acc1=24.861112594604492
2025-06-15 14:20:24,078 - log - INFO - iter:720/8100, Original Acc@1: 6.67, Acc@5: 66.53, TTA Acc@1: 24.86, Acc@5: 87.36
2025-06-15 14:21:14,798 - log - INFO - iter:740/8100, clip_acc1=6.891891956329346, tta_acc1=25.0
2025-06-15 14:21:14,798 - log - INFO - iter:740/8100, Original Acc@1: 6.89, Acc@5: 66.89, TTA Acc@1: 25.00, Acc@5: 86.89
2025-06-15 14:22:05,626 - log - INFO - iter:760/8100, clip_acc1=6.842105388641357, tta_acc1=25.000001907348633
2025-06-15 14:22:05,626 - log - INFO - iter:760/8100, Original Acc@1: 6.84, Acc@5: 66.84, TTA Acc@1: 25.00, Acc@5: 86.84
2025-06-15 14:22:56,341 - log - INFO - iter:780/8100, clip_acc1=6.794871807098389, tta_acc1=24.74359130859375
2025-06-15 14:22:56,341 - log - INFO - iter:780/8100, Original Acc@1: 6.79, Acc@5: 66.67, TTA Acc@1: 24.74, Acc@5: 86.92
2025-06-15 14:23:46,976 - log - INFO - iter:800/8100, clip_acc1=6.75, tta_acc1=24.625
2025-06-15 14:23:46,977 - log - INFO - iter:800/8100, Original Acc@1: 6.75, Acc@5: 67.12, TTA Acc@1: 24.62, Acc@5: 86.88
2025-06-15 14:24:37,623 - log - INFO - iter:820/8100, clip_acc1=6.95121955871582, tta_acc1=24.7560977935791
2025-06-15 14:24:37,624 - log - INFO - iter:820/8100, Original Acc@1: 6.95, Acc@5: 67.07, TTA Acc@1: 24.76, Acc@5: 86.83
2025-06-15 14:25:28,480 - log - INFO - iter:840/8100, clip_acc1=6.904762268066406, tta_acc1=24.642858505249023
2025-06-15 14:25:28,480 - log - INFO - iter:840/8100, Original Acc@1: 6.90, Acc@5: 67.02, TTA Acc@1: 24.64, Acc@5: 86.67
2025-06-15 14:26:19,170 - log - INFO - iter:860/8100, clip_acc1=6.976744174957275, tta_acc1=24.534883499145508
2025-06-15 14:26:19,170 - log - INFO - iter:860/8100, Original Acc@1: 6.98, Acc@5: 66.98, TTA Acc@1: 24.53, Acc@5: 86.74
2025-06-15 14:27:09,903 - log - INFO - iter:880/8100, clip_acc1=7.272727012634277, tta_acc1=24.659090042114258
2025-06-15 14:27:09,904 - log - INFO - iter:880/8100, Original Acc@1: 7.27, Acc@5: 67.39, TTA Acc@1: 24.66, Acc@5: 86.48
2025-06-15 14:28:00,574 - log - INFO - iter:900/8100, clip_acc1=7.111111164093018, tta_acc1=24.666667938232422
2025-06-15 14:28:00,574 - log - INFO - iter:900/8100, Original Acc@1: 7.11, Acc@5: 67.56, TTA Acc@1: 24.67, Acc@5: 86.56
2025-06-15 14:28:51,312 - log - INFO - iter:920/8100, clip_acc1=7.065217018127441, tta_acc1=24.673912048339844
2025-06-15 14:28:51,313 - log - INFO - iter:920/8100, Original Acc@1: 7.07, Acc@5: 67.83, TTA Acc@1: 24.67, Acc@5: 86.74
2025-06-15 14:29:42,210 - log - INFO - iter:940/8100, clip_acc1=7.446808338165283, tta_acc1=25.212764739990234
2025-06-15 14:29:42,210 - log - INFO - iter:940/8100, Original Acc@1: 7.45, Acc@5: 68.30, TTA Acc@1: 25.21, Acc@5: 86.91
2025-06-15 14:30:32,758 - log - INFO - iter:960/8100, clip_acc1=7.395833492279053, tta_acc1=25.416667938232422
2025-06-15 14:30:32,759 - log - INFO - iter:960/8100, Original Acc@1: 7.40, Acc@5: 68.44, TTA Acc@1: 25.42, Acc@5: 87.19
2025-06-15 14:31:23,322 - log - INFO - iter:980/8100, clip_acc1=7.346938610076904, tta_acc1=25.40816307067871
2025-06-15 14:31:23,322 - log - INFO - iter:980/8100, Original Acc@1: 7.35, Acc@5: 68.67, TTA Acc@1: 25.41, Acc@5: 87.45
2025-06-15 14:32:13,990 - log - INFO - iter:1000/8100, clip_acc1=7.300000190734863, tta_acc1=25.200000762939453
2025-06-15 14:32:13,991 - log - INFO - iter:1000/8100, Original Acc@1: 7.30, Acc@5: 68.60, TTA Acc@1: 25.20, Acc@5: 87.60
2025-06-15 14:33:04,778 - log - INFO - iter:1020/8100, clip_acc1=7.352941513061523, tta_acc1=25.294118881225586
2025-06-15 14:33:04,778 - log - INFO - iter:1020/8100, Original Acc@1: 7.35, Acc@5: 68.73, TTA Acc@1: 25.29, Acc@5: 87.65
2025-06-15 14:33:55,418 - log - INFO - iter:1040/8100, clip_acc1=7.596153736114502, tta_acc1=25.576923370361328
2025-06-15 14:33:55,418 - log - INFO - iter:1040/8100, Original Acc@1: 7.60, Acc@5: 68.75, TTA Acc@1: 25.58, Acc@5: 87.88
2025-06-15 14:34:46,195 - log - INFO - iter:1060/8100, clip_acc1=7.735849380493164, tta_acc1=25.471698760986328
2025-06-15 14:34:46,195 - log - INFO - iter:1060/8100, Original Acc@1: 7.74, Acc@5: 68.96, TTA Acc@1: 25.47, Acc@5: 88.11
2025-06-15 14:35:36,819 - log - INFO - iter:1080/8100, clip_acc1=8.148147583007812, tta_acc1=26.296295166015625
2025-06-15 14:35:36,819 - log - INFO - iter:1080/8100, Original Acc@1: 8.15, Acc@5: 69.44, TTA Acc@1: 26.30, Acc@5: 88.33
2025-06-15 14:36:27,679 - log - INFO - iter:1100/8100, clip_acc1=8.272727012634277, tta_acc1=26.545454025268555
2025-06-15 14:36:27,679 - log - INFO - iter:1100/8100, Original Acc@1: 8.27, Acc@5: 69.64, TTA Acc@1: 26.55, Acc@5: 88.45
2025-06-15 14:37:18,355 - log - INFO - iter:1120/8100, clip_acc1=8.303571701049805, tta_acc1=26.785715103149414
2025-06-15 14:37:18,356 - log - INFO - iter:1120/8100, Original Acc@1: 8.30, Acc@5: 69.82, TTA Acc@1: 26.79, Acc@5: 88.66
2025-06-15 14:38:09,158 - log - INFO - iter:1140/8100, clip_acc1=8.684210777282715, tta_acc1=26.929824829101562
2025-06-15 14:38:09,158 - log - INFO - iter:1140/8100, Original Acc@1: 8.68, Acc@5: 70.18, TTA Acc@1: 26.93, Acc@5: 88.86
2025-06-15 14:38:59,897 - log - INFO - iter:1160/8100, clip_acc1=9.051724433898926, tta_acc1=27.241378784179688
2025-06-15 14:38:59,897 - log - INFO - iter:1160/8100, Original Acc@1: 9.05, Acc@5: 70.34, TTA Acc@1: 27.24, Acc@5: 89.05
2025-06-15 14:39:50,609 - log - INFO - iter:1180/8100, clip_acc1=9.06779670715332, tta_acc1=27.79660987854004
2025-06-15 14:39:50,609 - log - INFO - iter:1180/8100, Original Acc@1: 9.07, Acc@5: 70.51, TTA Acc@1: 27.80, Acc@5: 89.24
2025-06-15 14:40:41,231 - log - INFO - iter:1200/8100, clip_acc1=9.083333969116211, tta_acc1=27.75
2025-06-15 14:40:41,232 - log - INFO - iter:1200/8100, Original Acc@1: 9.08, Acc@5: 70.33, TTA Acc@1: 27.75, Acc@5: 89.42
2025-06-15 14:41:31,976 - log - INFO - iter:1220/8100, clip_acc1=9.34426212310791, tta_acc1=27.868852615356445
2025-06-15 14:41:31,976 - log - INFO - iter:1220/8100, Original Acc@1: 9.34, Acc@5: 70.57, TTA Acc@1: 27.87, Acc@5: 89.59
2025-06-15 14:42:22,853 - log - INFO - iter:1240/8100, clip_acc1=9.596774101257324, tta_acc1=27.983871459960938
2025-06-15 14:42:22,853 - log - INFO - iter:1240/8100, Original Acc@1: 9.60, Acc@5: 70.73, TTA Acc@1: 27.98, Acc@5: 89.76
2025-06-15 14:43:13,580 - log - INFO - iter:1260/8100, clip_acc1=9.682539939880371, tta_acc1=28.015872955322266
2025-06-15 14:43:13,580 - log - INFO - iter:1260/8100, Original Acc@1: 9.68, Acc@5: 70.87, TTA Acc@1: 28.02, Acc@5: 89.92
2025-06-15 14:44:04,226 - log - INFO - iter:1280/8100, clip_acc1=9.53125, tta_acc1=28.125
2025-06-15 14:44:04,226 - log - INFO - iter:1280/8100, Original Acc@1: 9.53, Acc@5: 70.94, TTA Acc@1: 28.12, Acc@5: 90.08
2025-06-15 14:44:55,055 - log - INFO - iter:1300/8100, clip_acc1=9.615385055541992, tta_acc1=28.230770111083984
2025-06-15 14:44:55,055 - log - INFO - iter:1300/8100, Original Acc@1: 9.62, Acc@5: 70.92, TTA Acc@1: 28.23, Acc@5: 90.15
2025-06-15 14:45:45,872 - log - INFO - iter:1320/8100, clip_acc1=9.696969032287598, tta_acc1=28.333332061767578
2025-06-15 14:45:45,872 - log - INFO - iter:1320/8100, Original Acc@1: 9.70, Acc@5: 71.14, TTA Acc@1: 28.33, Acc@5: 90.30
2025-06-15 14:46:36,604 - log - INFO - iter:1340/8100, clip_acc1=9.701492309570312, tta_acc1=28.507463455200195
2025-06-15 14:46:36,604 - log - INFO - iter:1340/8100, Original Acc@1: 9.70, Acc@5: 71.12, TTA Acc@1: 28.51, Acc@5: 90.37
2025-06-15 14:47:27,427 - log - INFO - iter:1360/8100, clip_acc1=10.073529243469238, tta_acc1=28.676471710205078
2025-06-15 14:47:27,427 - log - INFO - iter:1360/8100, Original Acc@1: 10.07, Acc@5: 71.18, TTA Acc@1: 28.68, Acc@5: 90.51
2025-06-15 14:48:18,060 - log - INFO - iter:1380/8100, clip_acc1=10.144927978515625, tta_acc1=28.840579986572266
2025-06-15 14:48:18,060 - log - INFO - iter:1380/8100, Original Acc@1: 10.14, Acc@5: 71.23, TTA Acc@1: 28.84, Acc@5: 90.65
2025-06-15 14:49:08,854 - log - INFO - iter:1400/8100, clip_acc1=10.357142448425293, tta_acc1=29.28571319580078
2025-06-15 14:49:08,855 - log - INFO - iter:1400/8100, Original Acc@1: 10.36, Acc@5: 71.43, TTA Acc@1: 29.29, Acc@5: 90.79
2025-06-15 14:49:59,592 - log - INFO - iter:1420/8100, clip_acc1=10.281689643859863, tta_acc1=29.014083862304688
2025-06-15 14:49:59,592 - log - INFO - iter:1420/8100, Original Acc@1: 10.28, Acc@5: 71.34, TTA Acc@1: 29.01, Acc@5: 90.77
2025-06-15 14:50:50,222 - log - INFO - iter:1440/8100, clip_acc1=10.416666984558105, tta_acc1=28.95833396911621
2025-06-15 14:50:50,222 - log - INFO - iter:1440/8100, Original Acc@1: 10.42, Acc@5: 71.46, TTA Acc@1: 28.96, Acc@5: 90.90
2025-06-15 14:51:41,648 - log - INFO - iter:1460/8100, clip_acc1=10.479452133178711, tta_acc1=29.041095733642578
2025-06-15 14:51:41,649 - log - INFO - iter:1460/8100, Original Acc@1: 10.48, Acc@5: 71.44, TTA Acc@1: 29.04, Acc@5: 90.96
2025-06-15 14:52:32,438 - log - INFO - iter:1480/8100, clip_acc1=10.743243217468262, tta_acc1=29.189189910888672
2025-06-15 14:52:32,438 - log - INFO - iter:1480/8100, Original Acc@1: 10.74, Acc@5: 71.49, TTA Acc@1: 29.19, Acc@5: 91.08
2025-06-15 14:53:23,263 - log - INFO - iter:1500/8100, clip_acc1=10.733333587646484, tta_acc1=29.19999885559082
2025-06-15 14:53:23,263 - log - INFO - iter:1500/8100, Original Acc@1: 10.73, Acc@5: 71.47, TTA Acc@1: 29.20, Acc@5: 91.13
2025-06-15 14:54:14,018 - log - INFO - iter:1520/8100, clip_acc1=10.789474487304688, tta_acc1=29.342105865478516
2025-06-15 14:54:14,018 - log - INFO - iter:1520/8100, Original Acc@1: 10.79, Acc@5: 71.58, TTA Acc@1: 29.34, Acc@5: 91.12
2025-06-15 14:55:04,750 - log - INFO - iter:1540/8100, clip_acc1=10.844155311584473, tta_acc1=29.220779418945312
2025-06-15 14:55:04,750 - log - INFO - iter:1540/8100, Original Acc@1: 10.84, Acc@5: 71.75, TTA Acc@1: 29.22, Acc@5: 91.23
2025-06-15 14:55:55,432 - log - INFO - iter:1560/8100, clip_acc1=10.897436141967773, tta_acc1=29.166667938232422
2025-06-15 14:55:55,432 - log - INFO - iter:1560/8100, Original Acc@1: 10.90, Acc@5: 71.92, TTA Acc@1: 29.17, Acc@5: 91.35
2025-06-15 14:56:46,393 - log - INFO - iter:1580/8100, clip_acc1=11.01265811920166, tta_acc1=29.113924026489258
2025-06-15 14:56:46,393 - log - INFO - iter:1580/8100, Original Acc@1: 11.01, Acc@5: 72.09, TTA Acc@1: 29.11, Acc@5: 91.46
2025-06-15 14:57:37,299 - log - INFO - iter:1600/8100, clip_acc1=11.125, tta_acc1=29.375
2025-06-15 14:57:37,299 - log - INFO - iter:1600/8100, Original Acc@1: 11.12, Acc@5: 72.25, TTA Acc@1: 29.38, Acc@5: 91.50
2025-06-15 14:58:28,025 - log - INFO - iter:1620/8100, clip_acc1=11.23456859588623, tta_acc1=29.506174087524414
2025-06-15 14:58:28,025 - log - INFO - iter:1620/8100, Original Acc@1: 11.23, Acc@5: 72.47, TTA Acc@1: 29.51, Acc@5: 91.48
2025-06-15 14:59:18,828 - log - INFO - iter:1640/8100, clip_acc1=11.219511985778809, tta_acc1=29.45121955871582
2025-06-15 14:59:18,828 - log - INFO - iter:1640/8100, Original Acc@1: 11.22, Acc@5: 72.44, TTA Acc@1: 29.45, Acc@5: 91.59
2025-06-15 15:00:09,428 - log - INFO - iter:1660/8100, clip_acc1=11.14457893371582, tta_acc1=29.57831382751465
2025-06-15 15:00:09,428 - log - INFO - iter:1660/8100, Original Acc@1: 11.14, Acc@5: 72.47, TTA Acc@1: 29.58, Acc@5: 91.63
2025-06-15 15:01:00,131 - log - INFO - iter:1680/8100, clip_acc1=11.130952835083008, tta_acc1=29.345239639282227
2025-06-15 15:01:00,131 - log - INFO - iter:1680/8100, Original Acc@1: 11.13, Acc@5: 72.50, TTA Acc@1: 29.35, Acc@5: 91.73
2025-06-15 15:01:50,821 - log - INFO - iter:1700/8100, clip_acc1=11.294116973876953, tta_acc1=29.4705867767334
2025-06-15 15:01:50,821 - log - INFO - iter:1700/8100, Original Acc@1: 11.29, Acc@5: 72.41, TTA Acc@1: 29.47, Acc@5: 91.76
2025-06-15 15:02:41,563 - log - INFO - iter:1720/8100, clip_acc1=11.162790298461914, tta_acc1=29.476743698120117
2025-06-15 15:02:41,563 - log - INFO - iter:1720/8100, Original Acc@1: 11.16, Acc@5: 72.44, TTA Acc@1: 29.48, Acc@5: 91.80
2025-06-15 15:03:32,394 - log - INFO - iter:1740/8100, clip_acc1=11.091954231262207, tta_acc1=29.65517234802246
2025-06-15 15:03:32,394 - log - INFO - iter:1740/8100, Original Acc@1: 11.09, Acc@5: 72.30, TTA Acc@1: 29.66, Acc@5: 91.90
2025-06-15 15:04:23,082 - log - INFO - iter:1760/8100, clip_acc1=11.13636302947998, tta_acc1=29.659090042114258
2025-06-15 15:04:23,082 - log - INFO - iter:1760/8100, Original Acc@1: 11.14, Acc@5: 72.39, TTA Acc@1: 29.66, Acc@5: 91.99
2025-06-15 15:05:13,883 - log - INFO - iter:1780/8100, clip_acc1=11.17977523803711, tta_acc1=29.77528190612793
2025-06-15 15:05:13,883 - log - INFO - iter:1780/8100, Original Acc@1: 11.18, Acc@5: 72.25, TTA Acc@1: 29.78, Acc@5: 92.08
2025-06-15 15:06:04,654 - log - INFO - iter:1800/8100, clip_acc1=11.166666984558105, tta_acc1=29.72222328186035
2025-06-15 15:06:04,654 - log - INFO - iter:1800/8100, Original Acc@1: 11.17, Acc@5: 72.33, TTA Acc@1: 29.72, Acc@5: 92.17
2025-06-15 15:06:55,622 - log - INFO - iter:1820/8100, clip_acc1=11.098901748657227, tta_acc1=29.395605087280273
2025-06-15 15:06:55,623 - log - INFO - iter:1820/8100, Original Acc@1: 11.10, Acc@5: 71.87, TTA Acc@1: 29.40, Acc@5: 91.32
2025-06-15 15:07:46,342 - log - INFO - iter:1840/8100, clip_acc1=10.978260040283203, tta_acc1=29.076086044311523
2025-06-15 15:07:46,342 - log - INFO - iter:1840/8100, Original Acc@1: 10.98, Acc@5: 71.25, TTA Acc@1: 29.08, Acc@5: 90.33
2025-06-15 15:08:37,275 - log - INFO - iter:1860/8100, clip_acc1=10.860215187072754, tta_acc1=28.76344108581543
2025-06-15 15:08:37,275 - log - INFO - iter:1860/8100, Original Acc@1: 10.86, Acc@5: 70.81, TTA Acc@1: 28.76, Acc@5: 89.35
2025-06-15 15:09:28,030 - log - INFO - iter:1880/8100, clip_acc1=10.797871589660645, tta_acc1=28.510637283325195
2025-06-15 15:09:28,030 - log - INFO - iter:1880/8100, Original Acc@1: 10.80, Acc@5: 70.37, TTA Acc@1: 28.51, Acc@5: 88.67
2025-06-15 15:10:18,755 - log - INFO - iter:1900/8100, clip_acc1=10.684209823608398, tta_acc1=28.210525512695312
2025-06-15 15:10:18,755 - log - INFO - iter:1900/8100, Original Acc@1: 10.68, Acc@5: 70.00, TTA Acc@1: 28.21, Acc@5: 87.89
2025-06-15 15:11:09,649 - log - INFO - iter:1920/8100, clip_acc1=10.572916984558105, tta_acc1=27.916667938232422
2025-06-15 15:11:09,650 - log - INFO - iter:1920/8100, Original Acc@1: 10.57, Acc@5: 69.43, TTA Acc@1: 27.92, Acc@5: 87.24
2025-06-15 15:12:00,430 - log - INFO - iter:1940/8100, clip_acc1=10.515464782714844, tta_acc1=27.62886619567871
2025-06-15 15:12:00,430 - log - INFO - iter:1940/8100, Original Acc@1: 10.52, Acc@5: 68.81, TTA Acc@1: 27.63, Acc@5: 86.44
2025-06-15 15:12:51,067 - log - INFO - iter:1960/8100, clip_acc1=10.408163070678711, tta_acc1=27.34693717956543
2025-06-15 15:12:51,067 - log - INFO - iter:1960/8100, Original Acc@1: 10.41, Acc@5: 68.32, TTA Acc@1: 27.35, Acc@5: 85.61
2025-06-15 15:13:41,700 - log - INFO - iter:1980/8100, clip_acc1=10.303030967712402, tta_acc1=27.070709228515625
2025-06-15 15:13:41,700 - log - INFO - iter:1980/8100, Original Acc@1: 10.30, Acc@5: 67.78, TTA Acc@1: 27.07, Acc@5: 84.80
2025-06-15 15:14:34,889 - log - INFO - iter:2000/8100, clip_acc1=10.300000190734863, tta_acc1=26.80000114440918
2025-06-15 15:14:34,889 - log - INFO - iter:2000/8100, Original Acc@1: 10.30, Acc@5: 67.40, TTA Acc@1: 26.80, Acc@5: 84.10
2025-06-15 15:15:25,602 - log - INFO - iter:2020/8100, clip_acc1=10.198019981384277, tta_acc1=26.53465461730957
2025-06-15 15:15:25,602 - log - INFO - iter:2020/8100, Original Acc@1: 10.20, Acc@5: 66.88, TTA Acc@1: 26.53, Acc@5: 83.32
2025-06-15 15:16:16,351 - log - INFO - iter:2040/8100, clip_acc1=10.19607925415039, tta_acc1=26.274511337280273
2025-06-15 15:16:16,351 - log - INFO - iter:2040/8100, Original Acc@1: 10.20, Acc@5: 66.52, TTA Acc@1: 26.27, Acc@5: 82.65
2025-06-15 15:17:07,116 - log - INFO - iter:2060/8100, clip_acc1=10.097087860107422, tta_acc1=26.019418716430664
2025-06-15 15:17:07,117 - log - INFO - iter:2060/8100, Original Acc@1: 10.10, Acc@5: 66.12, TTA Acc@1: 26.02, Acc@5: 81.99
2025-06-15 15:17:57,828 - log - INFO - iter:2080/8100, clip_acc1=10.0, tta_acc1=25.769229888916016
2025-06-15 15:17:57,828 - log - INFO - iter:2080/8100, Original Acc@1: 10.00, Acc@5: 65.62, TTA Acc@1: 25.77, Acc@5: 81.25
2025-06-15 15:18:50,870 - log - INFO - iter:2100/8100, clip_acc1=9.904762268066406, tta_acc1=25.5238094329834
2025-06-15 15:18:50,870 - log - INFO - iter:2100/8100, Original Acc@1: 9.90, Acc@5: 65.19, TTA Acc@1: 25.52, Acc@5: 80.71
2025-06-15 15:19:41,468 - log - INFO - iter:2120/8100, clip_acc1=9.811321258544922, tta_acc1=25.28302001953125
2025-06-15 15:19:41,468 - log - INFO - iter:2120/8100, Original Acc@1: 9.81, Acc@5: 64.91, TTA Acc@1: 25.28, Acc@5: 80.05
2025-06-15 15:20:32,365 - log - INFO - iter:2140/8100, clip_acc1=9.766355514526367, tta_acc1=25.046730041503906
2025-06-15 15:20:32,366 - log - INFO - iter:2140/8100, Original Acc@1: 9.77, Acc@5: 64.49, TTA Acc@1: 25.05, Acc@5: 79.44
2025-06-15 15:21:23,274 - log - INFO - iter:2160/8100, clip_acc1=9.675926208496094, tta_acc1=24.8148136138916
2025-06-15 15:21:23,274 - log - INFO - iter:2160/8100, Original Acc@1: 9.68, Acc@5: 64.03, TTA Acc@1: 24.81, Acc@5: 78.84
2025-06-15 15:22:14,156 - log - INFO - iter:2180/8100, clip_acc1=9.587156295776367, tta_acc1=24.587156295776367
2025-06-15 15:22:14,156 - log - INFO - iter:2180/8100, Original Acc@1: 9.59, Acc@5: 63.67, TTA Acc@1: 24.59, Acc@5: 78.26
2025-06-15 15:23:05,051 - log - INFO - iter:2200/8100, clip_acc1=9.5, tta_acc1=24.363636016845703
2025-06-15 15:23:05,051 - log - INFO - iter:2200/8100, Original Acc@1: 9.50, Acc@5: 63.64, TTA Acc@1: 24.36, Acc@5: 77.68
2025-06-15 15:23:55,722 - log - INFO - iter:2220/8100, clip_acc1=9.414414405822754, tta_acc1=24.14414405822754
2025-06-15 15:23:55,722 - log - INFO - iter:2220/8100, Original Acc@1: 9.41, Acc@5: 63.24, TTA Acc@1: 24.14, Acc@5: 77.07
2025-06-15 15:24:46,559 - log - INFO - iter:2240/8100, clip_acc1=9.375, tta_acc1=23.928571701049805
2025-06-15 15:24:46,559 - log - INFO - iter:2240/8100, Original Acc@1: 9.38, Acc@5: 62.99, TTA Acc@1: 23.93, Acc@5: 76.56
2025-06-15 15:25:37,502 - log - INFO - iter:2260/8100, clip_acc1=9.292035102844238, tta_acc1=23.716814041137695
2025-06-15 15:25:37,502 - log - INFO - iter:2260/8100, Original Acc@1: 9.29, Acc@5: 62.65, TTA Acc@1: 23.72, Acc@5: 75.97
2025-06-15 15:26:28,370 - log - INFO - iter:2280/8100, clip_acc1=9.210526466369629, tta_acc1=23.508771896362305
2025-06-15 15:26:28,370 - log - INFO - iter:2280/8100, Original Acc@1: 9.21, Acc@5: 62.24, TTA Acc@1: 23.51, Acc@5: 75.31
2025-06-15 15:27:19,092 - log - INFO - iter:2300/8100, clip_acc1=9.17391300201416, tta_acc1=23.30434799194336
2025-06-15 15:27:19,092 - log - INFO - iter:2300/8100, Original Acc@1: 9.17, Acc@5: 61.96, TTA Acc@1: 23.30, Acc@5: 74.74
2025-06-15 15:28:09,766 - log - INFO - iter:2320/8100, clip_acc1=9.094827651977539, tta_acc1=23.10344886779785
2025-06-15 15:28:09,766 - log - INFO - iter:2320/8100, Original Acc@1: 9.09, Acc@5: 61.64, TTA Acc@1: 23.10, Acc@5: 74.22
2025-06-15 15:29:00,558 - log - INFO - iter:2340/8100, clip_acc1=9.017093658447266, tta_acc1=22.905982971191406
2025-06-15 15:29:00,559 - log - INFO - iter:2340/8100, Original Acc@1: 9.02, Acc@5: 61.32, TTA Acc@1: 22.91, Acc@5: 73.72
2025-06-15 15:29:51,230 - log - INFO - iter:2360/8100, clip_acc1=8.940677642822266, tta_acc1=22.711864471435547
2025-06-15 15:29:51,231 - log - INFO - iter:2360/8100, Original Acc@1: 8.94, Acc@5: 61.10, TTA Acc@1: 22.71, Acc@5: 73.35
2025-06-15 15:30:42,087 - log - INFO - iter:2380/8100, clip_acc1=8.865546226501465, tta_acc1=22.52100944519043
2025-06-15 15:30:42,087 - log - INFO - iter:2380/8100, Original Acc@1: 8.87, Acc@5: 60.80, TTA Acc@1: 22.52, Acc@5: 72.90
2025-06-15 15:31:32,718 - log - INFO - iter:2400/8100, clip_acc1=8.791666984558105, tta_acc1=22.33333396911621
2025-06-15 15:31:32,718 - log - INFO - iter:2400/8100, Original Acc@1: 8.79, Acc@5: 60.50, TTA Acc@1: 22.33, Acc@5: 72.46
2025-06-15 15:32:23,435 - log - INFO - iter:2420/8100, clip_acc1=8.760330200195312, tta_acc1=22.148759841918945
2025-06-15 15:32:23,435 - log - INFO - iter:2420/8100, Original Acc@1: 8.76, Acc@5: 60.29, TTA Acc@1: 22.15, Acc@5: 72.07
2025-06-15 15:33:14,185 - log - INFO - iter:2440/8100, clip_acc1=8.729508399963379, tta_acc1=21.967212677001953
2025-06-15 15:33:14,186 - log - INFO - iter:2440/8100, Original Acc@1: 8.73, Acc@5: 60.04, TTA Acc@1: 21.97, Acc@5: 71.64
2025-06-15 15:34:05,039 - log - INFO - iter:2460/8100, clip_acc1=8.658535957336426, tta_acc1=21.788618087768555
2025-06-15 15:34:05,039 - log - INFO - iter:2460/8100, Original Acc@1: 8.66, Acc@5: 59.72, TTA Acc@1: 21.79, Acc@5: 71.14
2025-06-15 15:34:55,763 - log - INFO - iter:2480/8100, clip_acc1=8.588709831237793, tta_acc1=21.612903594970703
2025-06-15 15:34:55,763 - log - INFO - iter:2480/8100, Original Acc@1: 8.59, Acc@5: 59.64, TTA Acc@1: 21.61, Acc@5: 70.69
2025-06-15 15:35:46,440 - log - INFO - iter:2500/8100, clip_acc1=8.519999504089355, tta_acc1=21.439998626708984
2025-06-15 15:35:46,440 - log - INFO - iter:2500/8100, Original Acc@1: 8.52, Acc@5: 59.52, TTA Acc@1: 21.44, Acc@5: 70.36
2025-06-15 15:36:37,291 - log - INFO - iter:2520/8100, clip_acc1=8.452381134033203, tta_acc1=21.26984214782715
2025-06-15 15:36:37,291 - log - INFO - iter:2520/8100, Original Acc@1: 8.45, Acc@5: 59.21, TTA Acc@1: 21.27, Acc@5: 69.88
2025-06-15 15:37:28,100 - log - INFO - iter:2540/8100, clip_acc1=8.425196647644043, tta_acc1=21.10236167907715
2025-06-15 15:37:28,100 - log - INFO - iter:2540/8100, Original Acc@1: 8.43, Acc@5: 58.94, TTA Acc@1: 21.10, Acc@5: 69.45
2025-06-15 15:38:18,834 - log - INFO - iter:2560/8100, clip_acc1=8.3984375, tta_acc1=20.9375
2025-06-15 15:38:18,834 - log - INFO - iter:2560/8100, Original Acc@1: 8.40, Acc@5: 58.59, TTA Acc@1: 20.94, Acc@5: 68.95
2025-06-15 15:39:09,525 - log - INFO - iter:2580/8100, clip_acc1=8.333333015441895, tta_acc1=20.77519416809082
2025-06-15 15:39:09,525 - log - INFO - iter:2580/8100, Original Acc@1: 8.33, Acc@5: 58.41, TTA Acc@1: 20.78, Acc@5: 68.53
2025-06-15 15:40:00,333 - log - INFO - iter:2600/8100, clip_acc1=8.307692527770996, tta_acc1=20.615385055541992
2025-06-15 15:40:00,333 - log - INFO - iter:2600/8100, Original Acc@1: 8.31, Acc@5: 58.19, TTA Acc@1: 20.62, Acc@5: 68.12
2025-06-15 15:40:50,918 - log - INFO - iter:2620/8100, clip_acc1=8.320611000061035, tta_acc1=20.45801544189453
2025-06-15 15:40:50,918 - log - INFO - iter:2620/8100, Original Acc@1: 8.32, Acc@5: 58.02, TTA Acc@1: 20.46, Acc@5: 67.90
2025-06-15 15:41:41,612 - log - INFO - iter:2640/8100, clip_acc1=8.257575035095215, tta_acc1=20.303030014038086
2025-06-15 15:41:41,612 - log - INFO - iter:2640/8100, Original Acc@1: 8.26, Acc@5: 57.65, TTA Acc@1: 20.30, Acc@5: 67.54
2025-06-15 15:42:32,483 - log - INFO - iter:2660/8100, clip_acc1=8.195488929748535, tta_acc1=20.150375366210938
2025-06-15 15:42:32,483 - log - INFO - iter:2660/8100, Original Acc@1: 8.20, Acc@5: 57.44, TTA Acc@1: 20.15, Acc@5: 67.18
2025-06-15 15:43:23,442 - log - INFO - iter:2680/8100, clip_acc1=8.171642303466797, tta_acc1=20.0
2025-06-15 15:43:23,442 - log - INFO - iter:2680/8100, Original Acc@1: 8.17, Acc@5: 57.31, TTA Acc@1: 20.00, Acc@5: 66.75
2025-06-15 15:44:14,091 - log - INFO - iter:2700/8100, clip_acc1=8.11111068725586, tta_acc1=19.851852416992188
2025-06-15 15:44:14,092 - log - INFO - iter:2700/8100, Original Acc@1: 8.11, Acc@5: 57.11, TTA Acc@1: 19.85, Acc@5: 66.37
2025-06-15 15:45:04,946 - log - INFO - iter:2720/8100, clip_acc1=8.345588684082031, tta_acc1=20.294118881225586
2025-06-15 15:45:04,947 - log - INFO - iter:2720/8100, Original Acc@1: 8.35, Acc@5: 57.17, TTA Acc@1: 20.29, Acc@5: 66.58
2025-06-15 15:45:55,608 - log - INFO - iter:2740/8100, clip_acc1=8.46715259552002, tta_acc1=20.802919387817383
2025-06-15 15:45:55,608 - log - INFO - iter:2740/8100, Original Acc@1: 8.47, Acc@5: 57.23, TTA Acc@1: 20.80, Acc@5: 66.82
2025-06-15 15:46:46,302 - log - INFO - iter:2760/8100, clip_acc1=8.768115997314453, tta_acc1=21.19565200805664
2025-06-15 15:46:46,302 - log - INFO - iter:2760/8100, Original Acc@1: 8.77, Acc@5: 57.36, TTA Acc@1: 21.20, Acc@5: 67.03
2025-06-15 15:47:37,052 - log - INFO - iter:2780/8100, clip_acc1=8.920863151550293, tta_acc1=21.582733154296875
2025-06-15 15:47:37,052 - log - INFO - iter:2780/8100, Original Acc@1: 8.92, Acc@5: 57.34, TTA Acc@1: 21.58, Acc@5: 67.23
2025-06-15 15:48:27,872 - log - INFO - iter:2800/8100, clip_acc1=9.14285659790039, tta_acc1=22.071428298950195
2025-06-15 15:48:27,872 - log - INFO - iter:2800/8100, Original Acc@1: 9.14, Acc@5: 57.43, TTA Acc@1: 22.07, Acc@5: 67.46
2025-06-15 15:49:18,454 - log - INFO - iter:2820/8100, clip_acc1=9.397162437438965, tta_acc1=22.375885009765625
2025-06-15 15:49:18,455 - log - INFO - iter:2820/8100, Original Acc@1: 9.40, Acc@5: 57.45, TTA Acc@1: 22.38, Acc@5: 67.62
2025-06-15 15:50:09,244 - log - INFO - iter:2840/8100, clip_acc1=9.612675666809082, tta_acc1=22.781688690185547
2025-06-15 15:50:09,244 - log - INFO - iter:2840/8100, Original Acc@1: 9.61, Acc@5: 57.61, TTA Acc@1: 22.78, Acc@5: 67.78
2025-06-15 15:50:59,993 - log - INFO - iter:2860/8100, clip_acc1=9.720279693603516, tta_acc1=23.21678352355957
2025-06-15 15:50:59,993 - log - INFO - iter:2860/8100, Original Acc@1: 9.72, Acc@5: 57.62, TTA Acc@1: 23.22, Acc@5: 68.01
2025-06-15 15:51:50,840 - log - INFO - iter:2880/8100, clip_acc1=9.895833969116211, tta_acc1=23.57638931274414
2025-06-15 15:51:50,841 - log - INFO - iter:2880/8100, Original Acc@1: 9.90, Acc@5: 57.67, TTA Acc@1: 23.58, Acc@5: 68.19
2025-06-15 15:52:41,502 - log - INFO - iter:2900/8100, clip_acc1=10.206896781921387, tta_acc1=24.0
2025-06-15 15:52:41,502 - log - INFO - iter:2900/8100, Original Acc@1: 10.21, Acc@5: 57.90, TTA Acc@1: 24.00, Acc@5: 68.41
2025-06-15 15:53:32,178 - log - INFO - iter:2920/8100, clip_acc1=10.479452133178711, tta_acc1=24.52054786682129
2025-06-15 15:53:32,178 - log - INFO - iter:2920/8100, Original Acc@1: 10.48, Acc@5: 58.12, TTA Acc@1: 24.52, Acc@5: 68.63
2025-06-15 15:54:23,070 - log - INFO - iter:2940/8100, clip_acc1=10.850339889526367, tta_acc1=24.79591941833496
2025-06-15 15:54:23,070 - log - INFO - iter:2940/8100, Original Acc@1: 10.85, Acc@5: 58.30, TTA Acc@1: 24.80, Acc@5: 68.78
2025-06-15 15:55:13,893 - log - INFO - iter:2960/8100, clip_acc1=11.013513565063477, tta_acc1=25.16891860961914
2025-06-15 15:55:13,893 - log - INFO - iter:2960/8100, Original Acc@1: 11.01, Acc@5: 58.38, TTA Acc@1: 25.17, Acc@5: 68.99
2025-06-15 15:56:04,659 - log - INFO - iter:2980/8100, clip_acc1=11.24161148071289, tta_acc1=25.570470809936523
2025-06-15 15:56:04,659 - log - INFO - iter:2980/8100, Original Acc@1: 11.24, Acc@5: 58.56, TTA Acc@1: 25.57, Acc@5: 69.19
2025-06-15 15:56:55,393 - log - INFO - iter:3000/8100, clip_acc1=11.5, tta_acc1=26.0
2025-06-15 15:56:55,393 - log - INFO - iter:3000/8100, Original Acc@1: 11.50, Acc@5: 58.63, TTA Acc@1: 26.00, Acc@5: 69.40
2025-06-15 15:57:46,146 - log - INFO - iter:3020/8100, clip_acc1=11.754966735839844, tta_acc1=26.357616424560547
2025-06-15 15:57:46,146 - log - INFO - iter:3020/8100, Original Acc@1: 11.75, Acc@5: 58.71, TTA Acc@1: 26.36, Acc@5: 69.57
2025-06-15 15:58:37,073 - log - INFO - iter:3040/8100, clip_acc1=12.006579399108887, tta_acc1=26.80921173095703
2025-06-15 15:58:37,074 - log - INFO - iter:3040/8100, Original Acc@1: 12.01, Acc@5: 58.82, TTA Acc@1: 26.81, Acc@5: 69.77
2025-06-15 15:59:28,003 - log - INFO - iter:3060/8100, clip_acc1=12.189542770385742, tta_acc1=27.254901885986328
2025-06-15 15:59:28,004 - log - INFO - iter:3060/8100, Original Acc@1: 12.19, Acc@5: 58.92, TTA Acc@1: 27.25, Acc@5: 69.97
2025-06-15 16:00:18,616 - log - INFO - iter:3080/8100, clip_acc1=12.272727012634277, tta_acc1=27.5
2025-06-15 16:00:18,616 - log - INFO - iter:3080/8100, Original Acc@1: 12.27, Acc@5: 58.99, TTA Acc@1: 27.50, Acc@5: 70.10
2025-06-15 16:01:10,413 - log - INFO - iter:3100/8100, clip_acc1=12.516129493713379, tta_acc1=27.903226852416992
2025-06-15 16:01:10,414 - log - INFO - iter:3100/8100, Original Acc@1: 12.52, Acc@5: 59.10, TTA Acc@1: 27.90, Acc@5: 70.29
2025-06-15 16:02:01,192 - log - INFO - iter:3120/8100, clip_acc1=12.660256385803223, tta_acc1=28.237180709838867
2025-06-15 16:02:01,192 - log - INFO - iter:3120/8100, Original Acc@1: 12.66, Acc@5: 59.23, TTA Acc@1: 28.24, Acc@5: 70.48
2025-06-15 16:02:51,779 - log - INFO - iter:3140/8100, clip_acc1=12.8025484085083, tta_acc1=28.535032272338867
2025-06-15 16:02:51,780 - log - INFO - iter:3140/8100, Original Acc@1: 12.80, Acc@5: 59.24, TTA Acc@1: 28.54, Acc@5: 70.67
2025-06-15 16:03:42,603 - log - INFO - iter:3160/8100, clip_acc1=12.943037986755371, tta_acc1=28.860759735107422
2025-06-15 16:03:42,603 - log - INFO - iter:3160/8100, Original Acc@1: 12.94, Acc@5: 59.40, TTA Acc@1: 28.86, Acc@5: 70.85
2025-06-15 16:04:33,713 - log - INFO - iter:3180/8100, clip_acc1=13.11320686340332, tta_acc1=29.150943756103516
2025-06-15 16:04:33,714 - log - INFO - iter:3180/8100, Original Acc@1: 13.11, Acc@5: 59.47, TTA Acc@1: 29.15, Acc@5: 71.04
2025-06-15 16:05:24,412 - log - INFO - iter:3200/8100, clip_acc1=13.21875, tta_acc1=29.5
2025-06-15 16:05:24,412 - log - INFO - iter:3200/8100, Original Acc@1: 13.22, Acc@5: 59.47, TTA Acc@1: 29.50, Acc@5: 71.22
2025-06-15 16:06:15,187 - log - INFO - iter:3220/8100, clip_acc1=13.354037284851074, tta_acc1=29.75155258178711
2025-06-15 16:06:15,187 - log - INFO - iter:3220/8100, Original Acc@1: 13.35, Acc@5: 59.44, TTA Acc@1: 29.75, Acc@5: 71.34
2025-06-15 16:07:05,861 - log - INFO - iter:3240/8100, clip_acc1=13.518519401550293, tta_acc1=30.123458862304688
2025-06-15 16:07:05,861 - log - INFO - iter:3240/8100, Original Acc@1: 13.52, Acc@5: 59.63, TTA Acc@1: 30.12, Acc@5: 71.51
2025-06-15 16:07:56,706 - log - INFO - iter:3260/8100, clip_acc1=13.680981636047363, tta_acc1=30.398773193359375
2025-06-15 16:07:56,706 - log - INFO - iter:3260/8100, Original Acc@1: 13.68, Acc@5: 59.66, TTA Acc@1: 30.40, Acc@5: 71.66
2025-06-15 16:08:47,512 - log - INFO - iter:3280/8100, clip_acc1=13.780488014221191, tta_acc1=30.762195587158203
2025-06-15 16:08:47,513 - log - INFO - iter:3280/8100, Original Acc@1: 13.78, Acc@5: 59.76, TTA Acc@1: 30.76, Acc@5: 71.80
2025-06-15 16:09:38,484 - log - INFO - iter:3300/8100, clip_acc1=13.78787899017334, tta_acc1=31.15151596069336
2025-06-15 16:09:38,484 - log - INFO - iter:3300/8100, Original Acc@1: 13.79, Acc@5: 59.82, TTA Acc@1: 31.15, Acc@5: 71.97
2025-06-15 16:10:30,203 - log - INFO - iter:3320/8100, clip_acc1=14.006024360656738, tta_acc1=31.41566276550293
2025-06-15 16:10:30,203 - log - INFO - iter:3320/8100, Original Acc@1: 14.01, Acc@5: 59.88, TTA Acc@1: 31.42, Acc@5: 72.14
2025-06-15 16:11:20,875 - log - INFO - iter:3340/8100, clip_acc1=14.101797103881836, tta_acc1=31.676647186279297
2025-06-15 16:11:20,875 - log - INFO - iter:3340/8100, Original Acc@1: 14.10, Acc@5: 59.94, TTA Acc@1: 31.68, Acc@5: 72.31
2025-06-15 16:12:11,528 - log - INFO - iter:3360/8100, clip_acc1=14.34523868560791, tta_acc1=32.02381134033203
2025-06-15 16:12:11,528 - log - INFO - iter:3360/8100, Original Acc@1: 14.35, Acc@5: 60.00, TTA Acc@1: 32.02, Acc@5: 72.47
2025-06-15 16:13:02,121 - log - INFO - iter:3380/8100, clip_acc1=14.437870025634766, tta_acc1=32.24851989746094
2025-06-15 16:13:02,121 - log - INFO - iter:3380/8100, Original Acc@1: 14.44, Acc@5: 59.97, TTA Acc@1: 32.25, Acc@5: 72.60
2025-06-15 16:13:52,588 - log - INFO - iter:3400/8100, clip_acc1=14.617646217346191, tta_acc1=32.52941131591797
2025-06-15 16:13:52,588 - log - INFO - iter:3400/8100, Original Acc@1: 14.62, Acc@5: 60.03, TTA Acc@1: 32.53, Acc@5: 72.74
2025-06-15 16:14:43,271 - log - INFO - iter:3420/8100, clip_acc1=14.795321464538574, tta_acc1=32.86549758911133
2025-06-15 16:14:43,271 - log - INFO - iter:3420/8100, Original Acc@1: 14.80, Acc@5: 60.23, TTA Acc@1: 32.87, Acc@5: 72.89
2025-06-15 16:15:34,015 - log - INFO - iter:3440/8100, clip_acc1=14.970930099487305, tta_acc1=33.08139419555664
2025-06-15 16:15:34,015 - log - INFO - iter:3440/8100, Original Acc@1: 14.97, Acc@5: 60.35, TTA Acc@1: 33.08, Acc@5: 73.05
2025-06-15 16:16:24,729 - log - INFO - iter:3460/8100, clip_acc1=15.086705207824707, tta_acc1=33.323699951171875
2025-06-15 16:16:24,729 - log - INFO - iter:3460/8100, Original Acc@1: 15.09, Acc@5: 60.49, TTA Acc@1: 33.32, Acc@5: 73.21
2025-06-15 16:17:15,393 - log - INFO - iter:3480/8100, clip_acc1=15.201148986816406, tta_acc1=33.620689392089844
2025-06-15 16:17:15,393 - log - INFO - iter:3480/8100, Original Acc@1: 15.20, Acc@5: 60.69, TTA Acc@1: 33.62, Acc@5: 73.36
2025-06-15 16:18:06,028 - log - INFO - iter:3500/8100, clip_acc1=15.342857360839844, tta_acc1=33.94285583496094
2025-06-15 16:18:06,029 - log - INFO - iter:3500/8100, Original Acc@1: 15.34, Acc@5: 60.91, TTA Acc@1: 33.94, Acc@5: 73.51
2025-06-15 16:18:57,617 - log - INFO - iter:3520/8100, clip_acc1=15.482954025268555, tta_acc1=34.1761360168457
2025-06-15 16:18:57,617 - log - INFO - iter:3520/8100, Original Acc@1: 15.48, Acc@5: 61.11, TTA Acc@1: 34.18, Acc@5: 73.66
2025-06-15 16:19:48,311 - log - INFO - iter:3540/8100, clip_acc1=15.536723136901855, tta_acc1=34.40678024291992
2025-06-15 16:19:48,312 - log - INFO - iter:3540/8100, Original Acc@1: 15.54, Acc@5: 61.21, TTA Acc@1: 34.41, Acc@5: 73.81
2025-06-15 16:20:39,258 - log - INFO - iter:3560/8100, clip_acc1=15.64606761932373, tta_acc1=34.60674285888672
2025-06-15 16:20:39,259 - log - INFO - iter:3560/8100, Original Acc@1: 15.65, Acc@5: 61.35, TTA Acc@1: 34.61, Acc@5: 73.96
2025-06-15 16:21:29,962 - log - INFO - iter:3580/8100, clip_acc1=15.837987899780273, tta_acc1=34.91619873046875
2025-06-15 16:21:29,963 - log - INFO - iter:3580/8100, Original Acc@1: 15.84, Acc@5: 61.48, TTA Acc@1: 34.92, Acc@5: 74.11
2025-06-15 16:22:20,651 - log - INFO - iter:3600/8100, clip_acc1=15.94444465637207, tta_acc1=35.1944465637207
2025-06-15 16:22:20,651 - log - INFO - iter:3600/8100, Original Acc@1: 15.94, Acc@5: 61.69, TTA Acc@1: 35.19, Acc@5: 74.25
2025-06-15 16:23:11,310 - log - INFO - iter:3620/8100, clip_acc1=16.04972267150879, tta_acc1=35.49723434448242
2025-06-15 16:23:11,310 - log - INFO - iter:3620/8100, Original Acc@1: 16.05, Acc@5: 61.82, TTA Acc@1: 35.50, Acc@5: 74.39
2025-06-15 16:24:04,788 - log - INFO - iter:3640/8100, clip_acc1=16.208791732788086, tta_acc1=35.79670333862305
2025-06-15 16:24:04,788 - log - INFO - iter:3640/8100, Original Acc@1: 16.21, Acc@5: 62.01, TTA Acc@1: 35.80, Acc@5: 74.53
2025-06-15 16:24:55,529 - log - INFO - iter:3660/8100, clip_acc1=16.393444061279297, tta_acc1=36.010929107666016
2025-06-15 16:24:55,529 - log - INFO - iter:3660/8100, Original Acc@1: 16.39, Acc@5: 62.16, TTA Acc@1: 36.01, Acc@5: 74.67
2025-06-15 16:25:46,230 - log - INFO - iter:3680/8100, clip_acc1=16.521738052368164, tta_acc1=36.22282409667969
2025-06-15 16:25:46,230 - log - INFO - iter:3680/8100, Original Acc@1: 16.52, Acc@5: 62.34, TTA Acc@1: 36.22, Acc@5: 74.81
2025-06-15 16:26:36,937 - log - INFO - iter:3700/8100, clip_acc1=16.70270347595215, tta_acc1=36.4594612121582
2025-06-15 16:26:36,937 - log - INFO - iter:3700/8100, Original Acc@1: 16.70, Acc@5: 62.51, TTA Acc@1: 36.46, Acc@5: 74.95
2025-06-15 16:27:27,565 - log - INFO - iter:3720/8100, clip_acc1=16.908601760864258, tta_acc1=36.69355010986328
2025-06-15 16:27:27,565 - log - INFO - iter:3720/8100, Original Acc@1: 16.91, Acc@5: 62.63, TTA Acc@1: 36.69, Acc@5: 75.08
2025-06-15 16:28:18,145 - log - INFO - iter:3740/8100, clip_acc1=17.005348205566406, tta_acc1=36.89839553833008
2025-06-15 16:28:18,145 - log - INFO - iter:3740/8100, Original Acc@1: 17.01, Acc@5: 62.81, TTA Acc@1: 36.90, Acc@5: 75.21
2025-06-15 16:29:08,925 - log - INFO - iter:3760/8100, clip_acc1=17.234041213989258, tta_acc1=37.180850982666016
2025-06-15 16:29:08,925 - log - INFO - iter:3760/8100, Original Acc@1: 17.23, Acc@5: 62.98, TTA Acc@1: 37.18, Acc@5: 75.35
2025-06-15 16:29:59,576 - log - INFO - iter:3780/8100, clip_acc1=17.32804298400879, tta_acc1=37.38095474243164
2025-06-15 16:29:59,577 - log - INFO - iter:3780/8100, Original Acc@1: 17.33, Acc@5: 63.12, TTA Acc@1: 37.38, Acc@5: 75.48
2025-06-15 16:30:50,206 - log - INFO - iter:3800/8100, clip_acc1=17.526315689086914, tta_acc1=37.684207916259766
2025-06-15 16:30:50,206 - log - INFO - iter:3800/8100, Original Acc@1: 17.53, Acc@5: 63.26, TTA Acc@1: 37.68, Acc@5: 75.61
2025-06-15 16:31:41,112 - log - INFO - iter:3820/8100, clip_acc1=17.617801666259766, tta_acc1=37.905757904052734
2025-06-15 16:31:41,112 - log - INFO - iter:3820/8100, Original Acc@1: 17.62, Acc@5: 63.40, TTA Acc@1: 37.91, Acc@5: 75.73
2025-06-15 16:32:31,972 - log - INFO - iter:3840/8100, clip_acc1=17.70833396911621, tta_acc1=38.098960876464844
2025-06-15 16:32:31,972 - log - INFO - iter:3840/8100, Original Acc@1: 17.71, Acc@5: 63.57, TTA Acc@1: 38.10, Acc@5: 75.86
2025-06-15 16:33:22,612 - log - INFO - iter:3860/8100, clip_acc1=17.875648498535156, tta_acc1=38.316062927246094
2025-06-15 16:33:22,613 - log - INFO - iter:3860/8100, Original Acc@1: 17.88, Acc@5: 63.73, TTA Acc@1: 38.32, Acc@5: 75.98
2025-06-15 16:34:13,117 - log - INFO - iter:3880/8100, clip_acc1=18.041236877441406, tta_acc1=38.58247375488281
2025-06-15 16:34:13,117 - log - INFO - iter:3880/8100, Original Acc@1: 18.04, Acc@5: 63.87, TTA Acc@1: 38.58, Acc@5: 76.11
2025-06-15 16:35:03,800 - log - INFO - iter:3900/8100, clip_acc1=18.179487228393555, tta_acc1=38.82051086425781
2025-06-15 16:35:03,801 - log - INFO - iter:3900/8100, Original Acc@1: 18.18, Acc@5: 64.05, TTA Acc@1: 38.82, Acc@5: 76.23
2025-06-15 16:35:54,462 - log - INFO - iter:3920/8100, clip_acc1=18.316326141357422, tta_acc1=39.08163070678711
2025-06-15 16:35:54,462 - log - INFO - iter:3920/8100, Original Acc@1: 18.32, Acc@5: 64.13, TTA Acc@1: 39.08, Acc@5: 76.35
2025-06-15 16:36:45,058 - log - INFO - iter:3940/8100, clip_acc1=18.401016235351562, tta_acc1=39.314720153808594
2025-06-15 16:36:45,059 - log - INFO - iter:3940/8100, Original Acc@1: 18.40, Acc@5: 64.26, TTA Acc@1: 39.31, Acc@5: 76.47
2025-06-15 16:37:35,676 - log - INFO - iter:3960/8100, clip_acc1=18.585859298706055, tta_acc1=39.59596252441406
2025-06-15 16:37:35,676 - log - INFO - iter:3960/8100, Original Acc@1: 18.59, Acc@5: 64.39, TTA Acc@1: 39.60, Acc@5: 76.59
2025-06-15 16:38:26,338 - log - INFO - iter:3980/8100, clip_acc1=18.693466186523438, tta_acc1=39.87437057495117
2025-06-15 16:38:26,338 - log - INFO - iter:3980/8100, Original Acc@1: 18.69, Acc@5: 64.52, TTA Acc@1: 39.87, Acc@5: 76.71
2025-06-15 16:39:16,876 - log - INFO - iter:4000/8100, clip_acc1=18.75, tta_acc1=40.07500076293945
2025-06-15 16:39:16,876 - log - INFO - iter:4000/8100, Original Acc@1: 18.75, Acc@5: 64.68, TTA Acc@1: 40.08, Acc@5: 76.83
2025-06-15 16:40:07,356 - log - INFO - iter:4020/8100, clip_acc1=18.880598068237305, tta_acc1=40.27363204956055
2025-06-15 16:40:07,356 - log - INFO - iter:4020/8100, Original Acc@1: 18.88, Acc@5: 64.83, TTA Acc@1: 40.27, Acc@5: 76.94
2025-06-15 16:40:57,915 - log - INFO - iter:4040/8100, clip_acc1=19.00990104675293, tta_acc1=40.5445556640625
2025-06-15 16:40:57,915 - log - INFO - iter:4040/8100, Original Acc@1: 19.01, Acc@5: 64.98, TTA Acc@1: 40.54, Acc@5: 77.05
2025-06-15 16:41:48,639 - log - INFO - iter:4060/8100, clip_acc1=19.211822509765625, tta_acc1=40.73891830444336
2025-06-15 16:41:48,639 - log - INFO - iter:4060/8100, Original Acc@1: 19.21, Acc@5: 65.10, TTA Acc@1: 40.74, Acc@5: 77.17
2025-06-15 16:42:39,310 - log - INFO - iter:4080/8100, clip_acc1=19.387256622314453, tta_acc1=41.029415130615234
2025-06-15 16:42:39,311 - log - INFO - iter:4080/8100, Original Acc@1: 19.39, Acc@5: 65.22, TTA Acc@1: 41.03, Acc@5: 77.28
2025-06-15 16:43:30,131 - log - INFO - iter:4100/8100, clip_acc1=19.585365295410156, tta_acc1=41.24390411376953
2025-06-15 16:43:30,132 - log - INFO - iter:4100/8100, Original Acc@1: 19.59, Acc@5: 65.39, TTA Acc@1: 41.24, Acc@5: 77.39
2025-06-15 16:44:20,762 - log - INFO - iter:4120/8100, clip_acc1=19.611650466918945, tta_acc1=41.38349533081055
2025-06-15 16:44:20,762 - log - INFO - iter:4120/8100, Original Acc@1: 19.61, Acc@5: 65.53, TTA Acc@1: 41.38, Acc@5: 77.50
2025-06-15 16:45:11,427 - log - INFO - iter:4140/8100, clip_acc1=19.782608032226562, tta_acc1=41.49758529663086
2025-06-15 16:45:11,427 - log - INFO - iter:4140/8100, Original Acc@1: 19.78, Acc@5: 65.65, TTA Acc@1: 41.50, Acc@5: 77.61
2025-06-15 16:46:02,136 - log - INFO - iter:4160/8100, clip_acc1=19.831729888916016, tta_acc1=41.706729888916016
2025-06-15 16:46:02,136 - log - INFO - iter:4160/8100, Original Acc@1: 19.83, Acc@5: 65.77, TTA Acc@1: 41.71, Acc@5: 77.72
2025-06-15 16:46:52,908 - log - INFO - iter:4180/8100, clip_acc1=19.92823028564453, tta_acc1=41.913875579833984
2025-06-15 16:46:52,909 - log - INFO - iter:4180/8100, Original Acc@1: 19.93, Acc@5: 65.91, TTA Acc@1: 41.91, Acc@5: 77.82
2025-06-15 16:47:43,663 - log - INFO - iter:4200/8100, clip_acc1=20.0238094329834, tta_acc1=42.095237731933594
2025-06-15 16:47:43,663 - log - INFO - iter:4200/8100, Original Acc@1: 20.02, Acc@5: 66.00, TTA Acc@1: 42.10, Acc@5: 77.93
2025-06-15 16:48:34,287 - log - INFO - iter:4220/8100, clip_acc1=19.928909301757812, tta_acc1=41.89573287963867
2025-06-15 16:48:34,287 - log - INFO - iter:4220/8100, Original Acc@1: 19.93, Acc@5: 65.78, TTA Acc@1: 41.90, Acc@5: 77.91
2025-06-15 16:49:24,905 - log - INFO - iter:4240/8100, clip_acc1=19.858489990234375, tta_acc1=41.69811248779297
2025-06-15 16:49:24,905 - log - INFO - iter:4240/8100, Original Acc@1: 19.86, Acc@5: 65.68, TTA Acc@1: 41.70, Acc@5: 77.85
2025-06-15 16:50:15,688 - log - INFO - iter:4260/8100, clip_acc1=19.812206268310547, tta_acc1=41.502349853515625
2025-06-15 16:50:15,688 - log - INFO - iter:4260/8100, Original Acc@1: 19.81, Acc@5: 65.59, TTA Acc@1: 41.50, Acc@5: 77.79
2025-06-15 16:51:06,425 - log - INFO - iter:4280/8100, clip_acc1=19.78972053527832, tta_acc1=41.3317756652832
2025-06-15 16:51:06,425 - log - INFO - iter:4280/8100, Original Acc@1: 19.79, Acc@5: 65.58, TTA Acc@1: 41.33, Acc@5: 77.80
2025-06-15 16:51:57,243 - log - INFO - iter:4300/8100, clip_acc1=19.697675704956055, tta_acc1=41.13953399658203
2025-06-15 16:51:57,243 - log - INFO - iter:4300/8100, Original Acc@1: 19.70, Acc@5: 65.47, TTA Acc@1: 41.14, Acc@5: 77.70
2025-06-15 16:52:48,013 - log - INFO - iter:4320/8100, clip_acc1=19.65277671813965, tta_acc1=40.949073791503906
2025-06-15 16:52:48,013 - log - INFO - iter:4320/8100, Original Acc@1: 19.65, Acc@5: 65.30, TTA Acc@1: 40.95, Acc@5: 77.71
2025-06-15 16:53:38,678 - log - INFO - iter:4340/8100, clip_acc1=19.58525276184082, tta_acc1=40.76036834716797
2025-06-15 16:53:38,678 - log - INFO - iter:4340/8100, Original Acc@1: 19.59, Acc@5: 65.23, TTA Acc@1: 40.76, Acc@5: 77.72
2025-06-15 16:54:29,357 - log - INFO - iter:4360/8100, clip_acc1=19.518348693847656, tta_acc1=40.573394775390625
2025-06-15 16:54:29,357 - log - INFO - iter:4360/8100, Original Acc@1: 19.52, Acc@5: 65.18, TTA Acc@1: 40.57, Acc@5: 77.71
2025-06-15 16:55:19,982 - log - INFO - iter:4380/8100, clip_acc1=19.429224014282227, tta_acc1=40.388126373291016
2025-06-15 16:55:19,983 - log - INFO - iter:4380/8100, Original Acc@1: 19.43, Acc@5: 65.07, TTA Acc@1: 40.39, Acc@5: 77.65
2025-06-15 16:56:10,622 - log - INFO - iter:4400/8100, clip_acc1=19.363636016845703, tta_acc1=40.20454406738281
2025-06-15 16:56:10,623 - log - INFO - iter:4400/8100, Original Acc@1: 19.36, Acc@5: 64.93, TTA Acc@1: 40.20, Acc@5: 77.59
2025-06-15 16:57:01,156 - log - INFO - iter:4420/8100, clip_acc1=19.36651611328125, tta_acc1=40.045249938964844
2025-06-15 16:57:01,156 - log - INFO - iter:4420/8100, Original Acc@1: 19.37, Acc@5: 64.93, TTA Acc@1: 40.05, Acc@5: 77.65
2025-06-15 16:57:51,836 - log - INFO - iter:4440/8100, clip_acc1=19.301801681518555, tta_acc1=39.864864349365234
2025-06-15 16:57:51,837 - log - INFO - iter:4440/8100, Original Acc@1: 19.30, Acc@5: 64.82, TTA Acc@1: 39.86, Acc@5: 77.52
2025-06-15 16:58:42,503 - log - INFO - iter:4460/8100, clip_acc1=19.215246200561523, tta_acc1=39.68609619140625
2025-06-15 16:58:42,503 - log - INFO - iter:4460/8100, Original Acc@1: 19.22, Acc@5: 64.71, TTA Acc@1: 39.69, Acc@5: 77.44
2025-06-15 16:59:33,337 - log - INFO - iter:4480/8100, clip_acc1=19.17410659790039, tta_acc1=39.50893020629883
2025-06-15 16:59:33,337 - log - INFO - iter:4480/8100, Original Acc@1: 19.17, Acc@5: 64.51, TTA Acc@1: 39.51, Acc@5: 77.37
2025-06-15 17:00:23,928 - log - INFO - iter:4500/8100, clip_acc1=19.133333206176758, tta_acc1=39.35555648803711
2025-06-15 17:00:23,928 - log - INFO - iter:4500/8100, Original Acc@1: 19.13, Acc@5: 64.47, TTA Acc@1: 39.36, Acc@5: 77.36
2025-06-15 17:01:14,606 - log - INFO - iter:4520/8100, clip_acc1=19.092920303344727, tta_acc1=39.20354080200195
2025-06-15 17:01:14,606 - log - INFO - iter:4520/8100, Original Acc@1: 19.09, Acc@5: 64.36, TTA Acc@1: 39.20, Acc@5: 77.39
2025-06-15 17:02:05,234 - log - INFO - iter:4540/8100, clip_acc1=19.030838012695312, tta_acc1=39.05286407470703
2025-06-15 17:02:05,234 - log - INFO - iter:4540/8100, Original Acc@1: 19.03, Acc@5: 64.30, TTA Acc@1: 39.05, Acc@5: 77.36
2025-06-15 17:02:55,673 - log - INFO - iter:4560/8100, clip_acc1=18.96929931640625, tta_acc1=38.90351104736328
2025-06-15 17:02:55,673 - log - INFO - iter:4560/8100, Original Acc@1: 18.97, Acc@5: 64.21, TTA Acc@1: 38.90, Acc@5: 77.32
2025-06-15 17:03:46,125 - log - INFO - iter:4580/8100, clip_acc1=18.908296585083008, tta_acc1=38.73362731933594
2025-06-15 17:03:46,125 - log - INFO - iter:4580/8100, Original Acc@1: 18.91, Acc@5: 64.06, TTA Acc@1: 38.73, Acc@5: 77.34
2025-06-15 17:04:36,606 - log - INFO - iter:4600/8100, clip_acc1=18.826087951660156, tta_acc1=38.56521987915039
2025-06-15 17:04:36,606 - log - INFO - iter:4600/8100, Original Acc@1: 18.83, Acc@5: 64.00, TTA Acc@1: 38.57, Acc@5: 77.35
2025-06-15 17:05:27,273 - log - INFO - iter:4620/8100, clip_acc1=18.74458885192871, tta_acc1=38.39826965332031
2025-06-15 17:05:27,274 - log - INFO - iter:4620/8100, Original Acc@1: 18.74, Acc@5: 63.92, TTA Acc@1: 38.40, Acc@5: 77.27
2025-06-15 17:06:17,956 - log - INFO - iter:4640/8100, clip_acc1=18.685344696044922, tta_acc1=38.232757568359375
2025-06-15 17:06:17,956 - log - INFO - iter:4640/8100, Original Acc@1: 18.69, Acc@5: 63.79, TTA Acc@1: 38.23, Acc@5: 77.26
2025-06-15 17:07:08,521 - log - INFO - iter:4660/8100, clip_acc1=18.626609802246094, tta_acc1=38.068668365478516
2025-06-15 17:07:08,521 - log - INFO - iter:4660/8100, Original Acc@1: 18.63, Acc@5: 63.67, TTA Acc@1: 38.07, Acc@5: 77.17
2025-06-15 17:07:59,535 - log - INFO - iter:4680/8100, clip_acc1=18.547008514404297, tta_acc1=37.905982971191406
2025-06-15 17:07:59,535 - log - INFO - iter:4680/8100, Original Acc@1: 18.55, Acc@5: 63.59, TTA Acc@1: 37.91, Acc@5: 77.16
2025-06-15 17:08:50,096 - log - INFO - iter:4700/8100, clip_acc1=18.46808433532715, tta_acc1=37.76595687866211
2025-06-15 17:08:50,096 - log - INFO - iter:4700/8100, Original Acc@1: 18.47, Acc@5: 63.40, TTA Acc@1: 37.77, Acc@5: 77.09
2025-06-15 17:09:40,726 - log - INFO - iter:4720/8100, clip_acc1=18.43220329284668, tta_acc1=37.62711715698242
2025-06-15 17:09:40,726 - log - INFO - iter:4720/8100, Original Acc@1: 18.43, Acc@5: 63.31, TTA Acc@1: 37.63, Acc@5: 76.99
2025-06-15 17:10:31,383 - log - INFO - iter:4740/8100, clip_acc1=18.37552833557129, tta_acc1=37.468353271484375
2025-06-15 17:10:31,384 - log - INFO - iter:4740/8100, Original Acc@1: 18.38, Acc@5: 63.19, TTA Acc@1: 37.47, Acc@5: 77.03
2025-06-15 17:11:22,212 - log - INFO - iter:4760/8100, clip_acc1=18.31932830810547, tta_acc1=37.331932067871094
2025-06-15 17:11:22,212 - log - INFO - iter:4760/8100, Original Acc@1: 18.32, Acc@5: 63.13, TTA Acc@1: 37.33, Acc@5: 76.97
2025-06-15 17:12:12,807 - log - INFO - iter:4780/8100, clip_acc1=18.263599395751953, tta_acc1=37.17573165893555
2025-06-15 17:12:12,808 - log - INFO - iter:4780/8100, Original Acc@1: 18.26, Acc@5: 62.95, TTA Acc@1: 37.18, Acc@5: 76.86
2025-06-15 17:13:03,581 - log - INFO - iter:4800/8100, clip_acc1=18.20833396911621, tta_acc1=37.020835876464844
2025-06-15 17:13:03,581 - log - INFO - iter:4800/8100, Original Acc@1: 18.21, Acc@5: 62.94, TTA Acc@1: 37.02, Acc@5: 76.92
2025-06-15 17:13:54,505 - log - INFO - iter:4820/8100, clip_acc1=18.298755645751953, tta_acc1=37.157676696777344
2025-06-15 17:13:54,505 - log - INFO - iter:4820/8100, Original Acc@1: 18.30, Acc@5: 63.01, TTA Acc@1: 37.16, Acc@5: 77.01
2025-06-15 17:14:45,093 - log - INFO - iter:4840/8100, clip_acc1=18.34710693359375, tta_acc1=37.25206756591797
2025-06-15 17:14:45,093 - log - INFO - iter:4840/8100, Original Acc@1: 18.35, Acc@5: 63.08, TTA Acc@1: 37.25, Acc@5: 77.11
2025-06-15 17:15:35,726 - log - INFO - iter:4860/8100, clip_acc1=18.395061492919922, tta_acc1=37.345680236816406
2025-06-15 17:15:35,727 - log - INFO - iter:4860/8100, Original Acc@1: 18.40, Acc@5: 63.17, TTA Acc@1: 37.35, Acc@5: 77.20
2025-06-15 17:16:26,468 - log - INFO - iter:4880/8100, clip_acc1=18.422130584716797, tta_acc1=37.5
2025-06-15 17:16:26,468 - log - INFO - iter:4880/8100, Original Acc@1: 18.42, Acc@5: 63.28, TTA Acc@1: 37.50, Acc@5: 77.30
2025-06-15 17:17:17,102 - log - INFO - iter:4900/8100, clip_acc1=18.489795684814453, tta_acc1=37.67346954345703
2025-06-15 17:17:17,102 - log - INFO - iter:4900/8100, Original Acc@1: 18.49, Acc@5: 63.43, TTA Acc@1: 37.67, Acc@5: 77.39
2025-06-15 17:18:08,038 - log - INFO - iter:4920/8100, clip_acc1=18.556909561157227, tta_acc1=37.86585235595703
2025-06-15 17:18:08,038 - log - INFO - iter:4920/8100, Original Acc@1: 18.56, Acc@5: 63.52, TTA Acc@1: 37.87, Acc@5: 77.46
2025-06-15 17:18:58,809 - log - INFO - iter:4940/8100, clip_acc1=18.582996368408203, tta_acc1=37.99595260620117
2025-06-15 17:18:58,809 - log - INFO - iter:4940/8100, Original Acc@1: 18.58, Acc@5: 63.58, TTA Acc@1: 38.00, Acc@5: 77.55
2025-06-15 17:19:49,419 - log - INFO - iter:4960/8100, clip_acc1=18.629032135009766, tta_acc1=38.125
2025-06-15 17:19:49,420 - log - INFO - iter:4960/8100, Original Acc@1: 18.63, Acc@5: 63.71, TTA Acc@1: 38.12, Acc@5: 77.64
2025-06-15 17:20:40,261 - log - INFO - iter:4980/8100, clip_acc1=18.634538650512695, tta_acc1=38.253013610839844
2025-06-15 17:20:40,261 - log - INFO - iter:4980/8100, Original Acc@1: 18.63, Acc@5: 63.82, TTA Acc@1: 38.25, Acc@5: 77.71
2025-06-15 17:21:30,751 - log - INFO - iter:5000/8100, clip_acc1=18.639999389648438, tta_acc1=38.39999771118164
2025-06-15 17:21:30,752 - log - INFO - iter:5000/8100, Original Acc@1: 18.64, Acc@5: 63.90, TTA Acc@1: 38.40, Acc@5: 77.80
2025-06-15 17:22:21,447 - log - INFO - iter:5020/8100, clip_acc1=18.685258865356445, tta_acc1=38.565738677978516
2025-06-15 17:22:21,447 - log - INFO - iter:5020/8100, Original Acc@1: 18.69, Acc@5: 63.98, TTA Acc@1: 38.57, Acc@5: 77.89
2025-06-15 17:23:12,235 - log - INFO - iter:5040/8100, clip_acc1=18.75, tta_acc1=38.650794982910156
2025-06-15 17:23:12,235 - log - INFO - iter:5040/8100, Original Acc@1: 18.75, Acc@5: 64.03, TTA Acc@1: 38.65, Acc@5: 77.98
2025-06-15 17:24:03,042 - log - INFO - iter:5060/8100, clip_acc1=18.794466018676758, tta_acc1=38.69565200805664
2025-06-15 17:24:03,042 - log - INFO - iter:5060/8100, Original Acc@1: 18.79, Acc@5: 64.07, TTA Acc@1: 38.70, Acc@5: 78.06
2025-06-15 17:24:53,863 - log - INFO - iter:5080/8100, clip_acc1=18.83858299255371, tta_acc1=38.83858108520508
2025-06-15 17:24:53,863 - log - INFO - iter:5080/8100, Original Acc@1: 18.84, Acc@5: 64.19, TTA Acc@1: 38.84, Acc@5: 78.15
2025-06-15 17:25:44,665 - log - INFO - iter:5100/8100, clip_acc1=18.823528289794922, tta_acc1=38.960784912109375
2025-06-15 17:25:44,665 - log - INFO - iter:5100/8100, Original Acc@1: 18.82, Acc@5: 64.29, TTA Acc@1: 38.96, Acc@5: 78.24
2025-06-15 17:26:35,140 - log - INFO - iter:5120/8100, clip_acc1=18.828125, tta_acc1=39.08203125
2025-06-15 17:26:35,141 - log - INFO - iter:5120/8100, Original Acc@1: 18.83, Acc@5: 64.41, TTA Acc@1: 39.08, Acc@5: 78.32
2025-06-15 17:27:25,711 - log - INFO - iter:5140/8100, clip_acc1=18.832685470581055, tta_acc1=39.202335357666016
2025-06-15 17:27:25,711 - log - INFO - iter:5140/8100, Original Acc@1: 18.83, Acc@5: 64.46, TTA Acc@1: 39.20, Acc@5: 78.37
2025-06-15 17:28:17,177 - log - INFO - iter:5160/8100, clip_acc1=18.779069900512695, tta_acc1=39.22480773925781
2025-06-15 17:28:17,177 - log - INFO - iter:5160/8100, Original Acc@1: 18.78, Acc@5: 64.52, TTA Acc@1: 39.22, Acc@5: 78.45
2025-06-15 17:29:11,232 - log - INFO - iter:5180/8100, clip_acc1=18.783782958984375, tta_acc1=39.30501937866211
2025-06-15 17:29:11,232 - log - INFO - iter:5180/8100, Original Acc@1: 18.78, Acc@5: 64.56, TTA Acc@1: 39.31, Acc@5: 78.53
2025-06-15 17:30:01,563 - log - INFO - iter:5200/8100, clip_acc1=18.788461685180664, tta_acc1=39.42307662963867
2025-06-15 17:30:01,563 - log - INFO - iter:5200/8100, Original Acc@1: 18.79, Acc@5: 64.60, TTA Acc@1: 39.42, Acc@5: 78.60
2025-06-15 17:30:51,998 - log - INFO - iter:5220/8100, clip_acc1=18.869731903076172, tta_acc1=39.54022979736328
2025-06-15 17:30:51,998 - log - INFO - iter:5220/8100, Original Acc@1: 18.87, Acc@5: 64.69, TTA Acc@1: 39.54, Acc@5: 78.68
2025-06-15 17:31:42,334 - log - INFO - iter:5240/8100, clip_acc1=18.931297302246094, tta_acc1=39.69465637207031
2025-06-15 17:31:42,335 - log - INFO - iter:5240/8100, Original Acc@1: 18.93, Acc@5: 64.79, TTA Acc@1: 39.69, Acc@5: 78.76
2025-06-15 17:32:32,711 - log - INFO - iter:5260/8100, clip_acc1=18.95437240600586, tta_acc1=39.79087448120117
2025-06-15 17:32:32,711 - log - INFO - iter:5260/8100, Original Acc@1: 18.95, Acc@5: 64.85, TTA Acc@1: 39.79, Acc@5: 78.84
2025-06-15 17:33:23,082 - log - INFO - iter:5280/8100, clip_acc1=18.958332061767578, tta_acc1=39.92424011230469
2025-06-15 17:33:23,082 - log - INFO - iter:5280/8100, Original Acc@1: 18.96, Acc@5: 64.91, TTA Acc@1: 39.92, Acc@5: 78.92
2025-06-15 17:34:13,423 - log - INFO - iter:5300/8100, clip_acc1=19.0, tta_acc1=40.03773498535156
2025-06-15 17:34:13,424 - log - INFO - iter:5300/8100, Original Acc@1: 19.00, Acc@5: 64.96, TTA Acc@1: 40.04, Acc@5: 79.00
2025-06-15 17:35:03,925 - log - INFO - iter:5320/8100, clip_acc1=19.02255630493164, tta_acc1=40.1127815246582
2025-06-15 17:35:03,925 - log - INFO - iter:5320/8100, Original Acc@1: 19.02, Acc@5: 65.04, TTA Acc@1: 40.11, Acc@5: 79.08
2025-06-15 17:35:55,317 - log - INFO - iter:5340/8100, clip_acc1=19.0823974609375, tta_acc1=40.26217269897461
2025-06-15 17:35:55,317 - log - INFO - iter:5340/8100, Original Acc@1: 19.08, Acc@5: 65.07, TTA Acc@1: 40.26, Acc@5: 79.16
2025-06-15 17:36:45,702 - log - INFO - iter:5360/8100, clip_acc1=19.14179039001465, tta_acc1=40.41044998168945
2025-06-15 17:36:45,702 - log - INFO - iter:5360/8100, Original Acc@1: 19.14, Acc@5: 65.19, TTA Acc@1: 40.41, Acc@5: 79.24
2025-06-15 17:37:36,026 - log - INFO - iter:5380/8100, clip_acc1=19.107807159423828, tta_acc1=40.50185775756836
2025-06-15 17:37:36,027 - log - INFO - iter:5380/8100, Original Acc@1: 19.11, Acc@5: 65.28, TTA Acc@1: 40.50, Acc@5: 79.31
2025-06-15 17:38:26,369 - log - INFO - iter:5400/8100, clip_acc1=19.129629135131836, tta_acc1=40.62963104248047
2025-06-15 17:38:26,369 - log - INFO - iter:5400/8100, Original Acc@1: 19.13, Acc@5: 65.35, TTA Acc@1: 40.63, Acc@5: 79.39
2025-06-15 17:39:18,823 - log - INFO - iter:5420/8100, clip_acc1=19.18819236755371, tta_acc1=40.793357849121094
2025-06-15 17:39:18,823 - log - INFO - iter:5420/8100, Original Acc@1: 19.19, Acc@5: 65.46, TTA Acc@1: 40.79, Acc@5: 79.46
2025-06-15 17:40:09,241 - log - INFO - iter:5440/8100, clip_acc1=19.227941513061523, tta_acc1=40.86397171020508
2025-06-15 17:40:09,242 - log - INFO - iter:5440/8100, Original Acc@1: 19.23, Acc@5: 65.53, TTA Acc@1: 40.86, Acc@5: 79.54
2025-06-15 17:40:59,808 - log - INFO - iter:5460/8100, clip_acc1=19.212453842163086, tta_acc1=40.91575241088867
2025-06-15 17:40:59,808 - log - INFO - iter:5460/8100, Original Acc@1: 19.21, Acc@5: 65.57, TTA Acc@1: 40.92, Acc@5: 79.62
2025-06-15 17:41:50,453 - log - INFO - iter:5480/8100, clip_acc1=19.23357582092285, tta_acc1=40.98540115356445
2025-06-15 17:41:50,453 - log - INFO - iter:5480/8100, Original Acc@1: 19.23, Acc@5: 65.68, TTA Acc@1: 40.99, Acc@5: 79.69
2025-06-15 17:42:40,857 - log - INFO - iter:5500/8100, clip_acc1=19.254545211791992, tta_acc1=41.09090805053711
2025-06-15 17:42:40,858 - log - INFO - iter:5500/8100, Original Acc@1: 19.25, Acc@5: 65.76, TTA Acc@1: 41.09, Acc@5: 79.76
2025-06-15 17:43:31,823 - log - INFO - iter:5520/8100, clip_acc1=19.329710006713867, tta_acc1=41.25
2025-06-15 17:43:31,823 - log - INFO - iter:5520/8100, Original Acc@1: 19.33, Acc@5: 65.85, TTA Acc@1: 41.25, Acc@5: 79.84
2025-06-15 17:44:22,382 - log - INFO - iter:5540/8100, clip_acc1=19.404333114624023, tta_acc1=41.353790283203125
2025-06-15 17:44:22,382 - log - INFO - iter:5540/8100, Original Acc@1: 19.40, Acc@5: 65.88, TTA Acc@1: 41.35, Acc@5: 79.89
2025-06-15 17:45:13,020 - log - INFO - iter:5560/8100, clip_acc1=19.460432052612305, tta_acc1=41.49280548095703
2025-06-15 17:45:13,020 - log - INFO - iter:5560/8100, Original Acc@1: 19.46, Acc@5: 65.92, TTA Acc@1: 41.49, Acc@5: 79.95
2025-06-15 17:46:03,756 - log - INFO - iter:5580/8100, clip_acc1=19.641576766967773, tta_acc1=41.630821228027344
2025-06-15 17:46:03,756 - log - INFO - iter:5580/8100, Original Acc@1: 19.64, Acc@5: 66.00, TTA Acc@1: 41.63, Acc@5: 79.96
2025-06-15 17:46:54,289 - log - INFO - iter:5600/8100, clip_acc1=19.714284896850586, tta_acc1=41.78571319580078
2025-06-15 17:46:54,289 - log - INFO - iter:5600/8100, Original Acc@1: 19.71, Acc@5: 66.00, TTA Acc@1: 41.79, Acc@5: 80.02
2025-06-15 17:47:44,849 - log - INFO - iter:5620/8100, clip_acc1=19.857650756835938, tta_acc1=41.92170715332031
2025-06-15 17:47:44,849 - log - INFO - iter:5620/8100, Original Acc@1: 19.86, Acc@5: 66.03, TTA Acc@1: 41.92, Acc@5: 80.04
2025-06-15 17:48:35,569 - log - INFO - iter:5640/8100, clip_acc1=20.0, tta_acc1=42.074466705322266
2025-06-15 17:48:35,569 - log - INFO - iter:5640/8100, Original Acc@1: 20.00, Acc@5: 66.10, TTA Acc@1: 42.07, Acc@5: 80.05
2025-06-15 17:49:26,127 - log - INFO - iter:5660/8100, clip_acc1=20.106006622314453, tta_acc1=42.17314529418945
2025-06-15 17:49:26,128 - log - INFO - iter:5660/8100, Original Acc@1: 20.11, Acc@5: 66.08, TTA Acc@1: 42.17, Acc@5: 80.05
2025-06-15 17:50:16,765 - log - INFO - iter:5680/8100, clip_acc1=20.140844345092773, tta_acc1=42.25352096557617
2025-06-15 17:50:16,765 - log - INFO - iter:5680/8100, Original Acc@1: 20.14, Acc@5: 66.04, TTA Acc@1: 42.25, Acc@5: 80.02
2025-06-15 17:51:06,355 - log - INFO - iter:5700/8100, clip_acc1=20.192983627319336, tta_acc1=42.42105484008789
2025-06-15 17:51:06,355 - log - INFO - iter:5700/8100, Original Acc@1: 20.19, Acc@5: 66.05, TTA Acc@1: 42.42, Acc@5: 80.07
2025-06-15 17:52:04,038 - log - INFO - iter:5720/8100, clip_acc1=20.279720306396484, tta_acc1=42.5874137878418
2025-06-15 17:52:04,038 - log - INFO - iter:5720/8100, Original Acc@1: 20.28, Acc@5: 66.14, TTA Acc@1: 42.59, Acc@5: 80.10
2025-06-15 17:52:54,153 - log - INFO - iter:5740/8100, clip_acc1=20.348432540893555, tta_acc1=42.75261306762695
2025-06-15 17:52:54,153 - log - INFO - iter:5740/8100, Original Acc@1: 20.35, Acc@5: 66.18, TTA Acc@1: 42.75, Acc@5: 80.14
2025-06-15 17:53:44,652 - log - INFO - iter:5760/8100, clip_acc1=20.38194465637207, tta_acc1=42.89930725097656
2025-06-15 17:53:44,652 - log - INFO - iter:5760/8100, Original Acc@1: 20.38, Acc@5: 66.20, TTA Acc@1: 42.90, Acc@5: 80.19
2025-06-15 17:54:35,016 - log - INFO - iter:5780/8100, clip_acc1=20.46712875366211, tta_acc1=43.02768325805664
2025-06-15 17:54:35,016 - log - INFO - iter:5780/8100, Original Acc@1: 20.47, Acc@5: 66.25, TTA Acc@1: 43.03, Acc@5: 80.22
2025-06-15 17:55:25,530 - log - INFO - iter:5800/8100, clip_acc1=20.551725387573242, tta_acc1=43.17241668701172
2025-06-15 17:55:25,530 - log - INFO - iter:5800/8100, Original Acc@1: 20.55, Acc@5: 66.31, TTA Acc@1: 43.17, Acc@5: 80.29
2025-06-15 17:56:15,990 - log - INFO - iter:5820/8100, clip_acc1=20.635738372802734, tta_acc1=43.26460266113281
2025-06-15 17:56:15,990 - log - INFO - iter:5820/8100, Original Acc@1: 20.64, Acc@5: 66.36, TTA Acc@1: 43.26, Acc@5: 80.34
2025-06-15 17:57:06,501 - log - INFO - iter:5840/8100, clip_acc1=20.667808532714844, tta_acc1=43.35616683959961
2025-06-15 17:57:06,501 - log - INFO - iter:5840/8100, Original Acc@1: 20.67, Acc@5: 66.32, TTA Acc@1: 43.36, Acc@5: 80.38
2025-06-15 17:57:57,192 - log - INFO - iter:5860/8100, clip_acc1=20.802047729492188, tta_acc1=43.48122787475586
2025-06-15 17:57:57,192 - log - INFO - iter:5860/8100, Original Acc@1: 20.80, Acc@5: 66.38, TTA Acc@1: 43.48, Acc@5: 80.43
2025-06-15 17:58:47,555 - log - INFO - iter:5880/8100, clip_acc1=20.83333396911621, tta_acc1=43.60544204711914
2025-06-15 17:58:47,556 - log - INFO - iter:5880/8100, Original Acc@1: 20.83, Acc@5: 66.38, TTA Acc@1: 43.61, Acc@5: 80.49
2025-06-15 17:59:38,141 - log - INFO - iter:5900/8100, clip_acc1=20.898305892944336, tta_acc1=43.72881317138672
2025-06-15 17:59:38,142 - log - INFO - iter:5900/8100, Original Acc@1: 20.90, Acc@5: 66.39, TTA Acc@1: 43.73, Acc@5: 80.53
2025-06-15 18:00:28,833 - log - INFO - iter:5920/8100, clip_acc1=20.99662208557129, tta_acc1=43.86824417114258
2025-06-15 18:00:28,834 - log - INFO - iter:5920/8100, Original Acc@1: 21.00, Acc@5: 66.47, TTA Acc@1: 43.87, Acc@5: 80.56
2025-06-15 18:01:19,150 - log - INFO - iter:5940/8100, clip_acc1=21.11111068725586, tta_acc1=44.02356719970703
2025-06-15 18:01:19,150 - log - INFO - iter:5940/8100, Original Acc@1: 21.11, Acc@5: 66.53, TTA Acc@1: 44.02, Acc@5: 80.61
2025-06-15 18:02:09,573 - log - INFO - iter:5960/8100, clip_acc1=21.22483253479004, tta_acc1=44.19463348388672
2025-06-15 18:02:09,573 - log - INFO - iter:5960/8100, Original Acc@1: 21.22, Acc@5: 66.49, TTA Acc@1: 44.19, Acc@5: 80.65
2025-06-15 18:03:00,175 - log - INFO - iter:5980/8100, clip_acc1=21.387958526611328, tta_acc1=44.36454772949219
2025-06-15 18:03:00,175 - log - INFO - iter:5980/8100, Original Acc@1: 21.39, Acc@5: 66.56, TTA Acc@1: 44.36, Acc@5: 80.72
2025-06-15 18:03:50,395 - log - INFO - iter:6000/8100, clip_acc1=21.516666412353516, tta_acc1=44.54999923706055
2025-06-15 18:03:50,395 - log - INFO - iter:6000/8100, Original Acc@1: 21.52, Acc@5: 66.60, TTA Acc@1: 44.55, Acc@5: 80.78
2025-06-15 18:04:40,932 - log - INFO - iter:6020/8100, clip_acc1=21.57807159423828, tta_acc1=44.684383392333984
2025-06-15 18:04:40,932 - log - INFO - iter:6020/8100, Original Acc@1: 21.58, Acc@5: 66.59, TTA Acc@1: 44.68, Acc@5: 80.83
2025-06-15 18:05:31,514 - log - INFO - iter:6040/8100, clip_acc1=21.572847366333008, tta_acc1=44.784767150878906
2025-06-15 18:05:31,515 - log - INFO - iter:6040/8100, Original Acc@1: 21.57, Acc@5: 66.64, TTA Acc@1: 44.78, Acc@5: 80.88
2025-06-15 18:06:22,230 - log - INFO - iter:6060/8100, clip_acc1=21.633663177490234, tta_acc1=44.950496673583984
2025-06-15 18:06:22,230 - log - INFO - iter:6060/8100, Original Acc@1: 21.63, Acc@5: 66.70, TTA Acc@1: 44.95, Acc@5: 80.92
2025-06-15 18:07:12,690 - log - INFO - iter:6080/8100, clip_acc1=21.710527420043945, tta_acc1=45.065792083740234
2025-06-15 18:07:12,690 - log - INFO - iter:6080/8100, Original Acc@1: 21.71, Acc@5: 66.74, TTA Acc@1: 45.07, Acc@5: 80.99
2025-06-15 18:08:03,018 - log - INFO - iter:6100/8100, clip_acc1=21.754098892211914, tta_acc1=45.16393280029297
2025-06-15 18:08:03,018 - log - INFO - iter:6100/8100, Original Acc@1: 21.75, Acc@5: 66.75, TTA Acc@1: 45.16, Acc@5: 81.02
2025-06-15 18:08:53,514 - log - INFO - iter:6120/8100, clip_acc1=21.830066680908203, tta_acc1=45.31045913696289
2025-06-15 18:08:53,514 - log - INFO - iter:6120/8100, Original Acc@1: 21.83, Acc@5: 66.76, TTA Acc@1: 45.31, Acc@5: 81.06
2025-06-15 18:09:43,218 - log - INFO - iter:6140/8100, clip_acc1=21.954397201538086, tta_acc1=45.456024169921875
2025-06-15 18:09:43,218 - log - INFO - iter:6140/8100, Original Acc@1: 21.95, Acc@5: 66.82, TTA Acc@1: 45.46, Acc@5: 81.09
2025-06-15 18:10:33,749 - log - INFO - iter:6160/8100, clip_acc1=22.01298713684082, tta_acc1=45.61688232421875
2025-06-15 18:10:33,750 - log - INFO - iter:6160/8100, Original Acc@1: 22.01, Acc@5: 66.87, TTA Acc@1: 45.62, Acc@5: 81.14
2025-06-15 18:11:24,042 - log - INFO - iter:6180/8100, clip_acc1=22.119739532470703, tta_acc1=45.77669906616211
2025-06-15 18:11:24,042 - log - INFO - iter:6180/8100, Original Acc@1: 22.12, Acc@5: 66.89, TTA Acc@1: 45.78, Acc@5: 81.18
2025-06-15 18:12:13,669 - log - INFO - iter:6200/8100, clip_acc1=22.209678649902344, tta_acc1=45.88710021972656
2025-06-15 18:12:13,669 - log - INFO - iter:6200/8100, Original Acc@1: 22.21, Acc@5: 66.94, TTA Acc@1: 45.89, Acc@5: 81.21
2025-06-15 18:13:04,250 - log - INFO - iter:6220/8100, clip_acc1=22.31511116027832, tta_acc1=45.99678421020508
2025-06-15 18:13:04,250 - log - INFO - iter:6220/8100, Original Acc@1: 22.32, Acc@5: 66.95, TTA Acc@1: 46.00, Acc@5: 81.24
2025-06-15 18:13:55,059 - log - INFO - iter:6240/8100, clip_acc1=22.339744567871094, tta_acc1=46.137821197509766
2025-06-15 18:13:55,059 - log - INFO - iter:6240/8100, Original Acc@1: 22.34, Acc@5: 67.00, TTA Acc@1: 46.14, Acc@5: 81.28
2025-06-15 18:14:45,716 - log - INFO - iter:6260/8100, clip_acc1=22.460063934326172, tta_acc1=46.2779541015625
2025-06-15 18:14:45,716 - log - INFO - iter:6260/8100, Original Acc@1: 22.46, Acc@5: 67.04, TTA Acc@1: 46.28, Acc@5: 81.33
2025-06-15 18:15:36,182 - log - INFO - iter:6280/8100, clip_acc1=22.53184700012207, tta_acc1=46.38534927368164
2025-06-15 18:15:36,182 - log - INFO - iter:6280/8100, Original Acc@1: 22.53, Acc@5: 67.02, TTA Acc@1: 46.39, Acc@5: 81.35
2025-06-15 18:16:26,736 - log - INFO - iter:6300/8100, clip_acc1=22.539682388305664, tta_acc1=46.523807525634766
2025-06-15 18:16:26,736 - log - INFO - iter:6300/8100, Original Acc@1: 22.54, Acc@5: 67.03, TTA Acc@1: 46.52, Acc@5: 81.40
2025-06-15 18:17:17,353 - log - INFO - iter:6320/8100, clip_acc1=22.67405128479004, tta_acc1=46.66139221191406
2025-06-15 18:17:17,354 - log - INFO - iter:6320/8100, Original Acc@1: 22.67, Acc@5: 67.12, TTA Acc@1: 46.66, Acc@5: 81.44
2025-06-15 18:18:08,122 - log - INFO - iter:6340/8100, clip_acc1=22.791797637939453, tta_acc1=46.813880920410156
2025-06-15 18:18:08,122 - log - INFO - iter:6340/8100, Original Acc@1: 22.79, Acc@5: 67.18, TTA Acc@1: 46.81, Acc@5: 81.50
2025-06-15 18:18:58,595 - log - INFO - iter:6360/8100, clip_acc1=22.877357482910156, tta_acc1=46.87106704711914
2025-06-15 18:18:58,595 - log - INFO - iter:6360/8100, Original Acc@1: 22.88, Acc@5: 67.22, TTA Acc@1: 46.87, Acc@5: 81.53
2025-06-15 18:19:48,909 - log - INFO - iter:6380/8100, clip_acc1=22.978055953979492, tta_acc1=46.990596771240234
2025-06-15 18:19:48,910 - log - INFO - iter:6380/8100, Original Acc@1: 22.98, Acc@5: 67.27, TTA Acc@1: 46.99, Acc@5: 81.57
2025-06-15 18:20:39,950 - log - INFO - iter:6400/8100, clip_acc1=23.09375, tta_acc1=47.15625
2025-06-15 18:20:39,951 - log - INFO - iter:6400/8100, Original Acc@1: 23.09, Acc@5: 67.30, TTA Acc@1: 47.16, Acc@5: 81.62
2025-06-15 18:21:30,107 - log - INFO - iter:6420/8100, clip_acc1=23.22429847717285, tta_acc1=47.27414321899414
2025-06-15 18:21:30,107 - log - INFO - iter:6420/8100, Original Acc@1: 23.22, Acc@5: 67.35, TTA Acc@1: 47.27, Acc@5: 81.65
2025-06-15 18:22:19,926 - log - INFO - iter:6440/8100, clip_acc1=23.276397705078125, tta_acc1=47.37577438354492
2025-06-15 18:22:19,926 - log - INFO - iter:6440/8100, Original Acc@1: 23.28, Acc@5: 67.36, TTA Acc@1: 47.38, Acc@5: 81.68
2025-06-15 18:23:10,546 - log - INFO - iter:6460/8100, clip_acc1=23.281734466552734, tta_acc1=47.3838996887207
2025-06-15 18:23:10,547 - log - INFO - iter:6460/8100, Original Acc@1: 23.28, Acc@5: 67.41, TTA Acc@1: 47.38, Acc@5: 81.72
2025-06-15 18:24:01,301 - log - INFO - iter:6480/8100, clip_acc1=23.317901611328125, tta_acc1=47.3919792175293
2025-06-15 18:24:01,301 - log - INFO - iter:6480/8100, Original Acc@1: 23.32, Acc@5: 67.47, TTA Acc@1: 47.39, Acc@5: 81.77
2025-06-15 18:24:52,070 - log - INFO - iter:6500/8100, clip_acc1=23.292306900024414, tta_acc1=47.384613037109375
2025-06-15 18:24:52,070 - log - INFO - iter:6500/8100, Original Acc@1: 23.29, Acc@5: 67.54, TTA Acc@1: 47.38, Acc@5: 81.83
2025-06-15 18:25:42,766 - log - INFO - iter:6520/8100, clip_acc1=23.32822036743164, tta_acc1=47.40797424316406
2025-06-15 18:25:42,767 - log - INFO - iter:6520/8100, Original Acc@1: 23.33, Acc@5: 67.59, TTA Acc@1: 47.41, Acc@5: 81.87
2025-06-15 18:26:32,801 - log - INFO - iter:6540/8100, clip_acc1=23.37920379638672, tta_acc1=47.385318756103516
2025-06-15 18:26:32,802 - log - INFO - iter:6540/8100, Original Acc@1: 23.38, Acc@5: 67.65, TTA Acc@1: 47.39, Acc@5: 81.93
2025-06-15 18:27:23,591 - log - INFO - iter:6560/8100, clip_acc1=23.338415145874023, tta_acc1=47.39329147338867
2025-06-15 18:27:23,591 - log - INFO - iter:6560/8100, Original Acc@1: 23.34, Acc@5: 67.67, TTA Acc@1: 47.39, Acc@5: 81.98
2025-06-15 18:28:14,381 - log - INFO - iter:6580/8100, clip_acc1=23.373859405517578, tta_acc1=47.370819091796875
2025-06-15 18:28:14,381 - log - INFO - iter:6580/8100, Original Acc@1: 23.37, Acc@5: 67.72, TTA Acc@1: 47.37, Acc@5: 82.04
2025-06-15 18:29:05,075 - log - INFO - iter:6600/8100, clip_acc1=23.348485946655273, tta_acc1=47.34848403930664
2025-06-15 18:29:05,075 - log - INFO - iter:6600/8100, Original Acc@1: 23.35, Acc@5: 67.80, TTA Acc@1: 47.35, Acc@5: 82.09
2025-06-15 18:29:55,610 - log - INFO - iter:6620/8100, clip_acc1=23.398792266845703, tta_acc1=47.341392517089844
2025-06-15 18:29:55,610 - log - INFO - iter:6620/8100, Original Acc@1: 23.40, Acc@5: 67.87, TTA Acc@1: 47.34, Acc@5: 82.13
2025-06-15 18:30:46,284 - log - INFO - iter:6640/8100, clip_acc1=23.37349510192871, tta_acc1=47.30421829223633
2025-06-15 18:30:46,285 - log - INFO - iter:6640/8100, Original Acc@1: 23.37, Acc@5: 67.92, TTA Acc@1: 47.30, Acc@5: 82.15
