2025-06-12 18:17:06,691 - log - INFO - ==========================================
data:/leonardo_work/EUHPC_R04_192/fmohamma/Adversarial_Robust_Clip/atpt_data/downstream_datasets
test_sets:Pets
dataset_mode:test
arch:vit_l_14_datacomp_1b
resolution:224
workers:4
no_pin_memory:False
batch_size:64
print_freq:20
gpu:0
no_cudnn_benchmark:False
n_ctx:4
ctx_init:a_photo_of_a
tpt_loss:rtpt
seed:0
output_dir:/leonardo_work/EUHPC_R04_192/fmohamma/Adversarial_Robust_Clip/atpt_data/vit_l_14_datacomp_1b/Pets
log_output_dir:/leonardo_work/EUHPC_R04_192/fmohamma/Adversarial_Robust_Clip/ATPT/Final_Results/vit_l_14_datacomp_1b/Pets
eps:0.0
alpha:0.0
alpha_eps_ratio:4.0
steps:0
lr:0.005
selection_p:0.1
tta_steps:1
ensemble_type:vanilla
top_k:20
softmax_temp:0.01
counter_attack:True
counter_attack_type:pgd
counter_attack_steps:2
counter_attack_eps:4.0
counter_attack_alpha:1.0
counter_attack_tau_thres:0.2
counter_attack_beta:2.0
counter_attack_weighted_perturbations:True
pgd_clip_pure_i_text_embeddings:null
pgd_counter_and_clipure_i_lamda:1.0
selected_id_name:selected_topk.json
weighted_score_name:weighted_scores.json
batch_entropy_name:entropies.json
log_dir:/leonardo_work/EUHPC_R04_192/fmohamma/Adversarial_Robust_Clip/ATPT/Final_Results/vit_l_14_datacomp_1b/Pets/Clean/Counter_Attack/Eps_4_0_Steps_2_Alpha_1_0/tau_0_2_beta_2_0_weighted_pertrubation_True/TPT/Optimization_Loss_rtpt_LR_0_005_Optimization_Steps_1_View_Selection_Fraction_0_1/Inference_Ensemble_vanilla

2025-06-12 18:17:06,691 - log - INFO - Use GPU: 0 for training
2025-06-12 18:18:49,641 - log - INFO - Freezing all parameters except prompt learner
2025-06-12 18:18:49,642 - log - INFO - => Model created: visual backbone vit_l_14_datacomp_1b
2025-06-12 18:18:49,664 - log - INFO - Number of test samples: 3669
2025-06-12 18:18:49,664 - log - INFO - Evaluating dataset: Pets
2025-06-12 18:18:49,665 - log - INFO - Starting evaluation with batch size: 64, selection percentage: 0.1
2025-06-12 18:18:49,665 - log - INFO - Test-time adaptation steps: 1, learning rate: 0.005
2025-06-12 18:18:49,665 - log - INFO - Using counter-attack with epsilon: 4.000000, alpha: 0.000000, steps: 2, tau_thres: 0.2, beta: 2.0, weighted perturbation: True
2025-06-12 18:19:59,413 - log - INFO - iter:20/3669, clip_acc1=70.0, tta_acc1=80.0
2025-06-12 18:19:59,413 - log - INFO - iter:20/3669, Original Acc@1: 70.00, Acc@5: 100.00, TTA Acc@1: 80.00, Acc@5: 95.00
2025-06-12 18:20:53,127 - log - INFO - iter:40/3669, clip_acc1=72.5, tta_acc1=82.5
2025-06-12 18:20:53,128 - log - INFO - iter:40/3669, Original Acc@1: 72.50, Acc@5: 95.00, TTA Acc@1: 82.50, Acc@5: 95.00
2025-06-12 18:21:46,036 - log - INFO - iter:60/3669, clip_acc1=66.66667175292969, tta_acc1=81.66667175292969
2025-06-12 18:21:46,036 - log - INFO - iter:60/3669, Original Acc@1: 66.67, Acc@5: 88.33, TTA Acc@1: 81.67, Acc@5: 95.00
2025-06-12 18:22:39,791 - log - INFO - iter:80/3669, clip_acc1=68.75, tta_acc1=86.25
2025-06-12 18:22:39,791 - log - INFO - iter:80/3669, Original Acc@1: 68.75, Acc@5: 90.00, TTA Acc@1: 86.25, Acc@5: 96.25
2025-06-12 18:23:32,845 - log - INFO - iter:100/3669, clip_acc1=69.0, tta_acc1=87.0
2025-06-12 18:23:32,845 - log - INFO - iter:100/3669, Original Acc@1: 69.00, Acc@5: 91.00, TTA Acc@1: 87.00, Acc@5: 97.00
2025-06-12 18:24:26,244 - log - INFO - iter:120/3669, clip_acc1=65.0, tta_acc1=86.66667175292969
2025-06-12 18:24:26,244 - log - INFO - iter:120/3669, Original Acc@1: 65.00, Acc@5: 90.83, TTA Acc@1: 86.67, Acc@5: 97.50
2025-06-12 18:25:19,238 - log - INFO - iter:140/3669, clip_acc1=65.0, tta_acc1=86.42857360839844
2025-06-12 18:25:19,238 - log - INFO - iter:140/3669, Original Acc@1: 65.00, Acc@5: 90.71, TTA Acc@1: 86.43, Acc@5: 97.86
2025-06-12 18:26:12,287 - log - INFO - iter:160/3669, clip_acc1=61.875, tta_acc1=86.25
2025-06-12 18:26:12,287 - log - INFO - iter:160/3669, Original Acc@1: 61.88, Acc@5: 91.25, TTA Acc@1: 86.25, Acc@5: 98.12
2025-06-12 18:27:05,383 - log - INFO - iter:180/3669, clip_acc1=60.0, tta_acc1=86.11111450195312
2025-06-12 18:27:05,384 - log - INFO - iter:180/3669, Original Acc@1: 60.00, Acc@5: 92.22, TTA Acc@1: 86.11, Acc@5: 98.33
2025-06-12 18:27:58,246 - log - INFO - iter:200/3669, clip_acc1=60.0, tta_acc1=85.0
2025-06-12 18:27:58,246 - log - INFO - iter:200/3669, Original Acc@1: 60.00, Acc@5: 92.00, TTA Acc@1: 85.00, Acc@5: 98.00
2025-06-12 18:28:52,747 - log - INFO - iter:220/3669, clip_acc1=60.45454406738281, tta_acc1=85.0
2025-06-12 18:28:52,747 - log - INFO - iter:220/3669, Original Acc@1: 60.45, Acc@5: 92.27, TTA Acc@1: 85.00, Acc@5: 98.18
