2025-05-29 15:55:21,885 - log - INFO - ==========================================
data:/leonardo_work/EUHPC_R04_192/fmohamma/Adversarial_Robust_Clip/atpt_data/downstream_datasets
test_sets:Pets
dataset_mode:test
arch:ViT-L/14
resolution:224
workers:4
no_pin_memory:False
batch_size:64
print_freq:20
gpu:0
no_cudnn_benchmark:False
n_ctx:4
ctx_init:a_photo_of_a
tpt_loss:rtpt
seed:0
output_dir:/leonardo_work/EUHPC_R04_192/fmohamma/Adversarial_Robust_Clip/atpt_data/ViT-L/14/Pets
log_output_dir:/leonardo_work/EUHPC_R04_192/fmohamma/Adversarial_Robust_Clip/ATPT/Final_Results/ViT-L/14/Pets
eps:0.0
alpha:0.0
alpha_eps_ratio:4.0
steps:0
lr:0.005
selection_p:0.1
tta_steps:0
ensemble_type:weighted_rtpt
top_k:20
softmax_temp:0.01
counter_attack:True
counter_attack_type:pgd
counter_attack_steps:0
counter_attack_eps:4.0
counter_attack_alpha:1.0
counter_attack_tau_thres:0.2
counter_attack_beta:2.0
counter_attack_weighted_perturbations:True
pgd_clip_pure_i_text_embeddings:null
pgd_counter_and_clipure_i_lamda:1.0
selected_id_name:selected_topk.json
weighted_score_name:weighted_scores.json
batch_entropy_name:entropies.json
log_dir:/leonardo_work/EUHPC_R04_192/fmohamma/Adversarial_Robust_Clip/ATPT/Final_Results/ViT-L/14/Pets/Clean/Counter_Attack/Eps_4_0_Steps_0_Alpha_1_0/tau_0_2_beta_2_0_weighted_pertrubation_True/No_TPT/Inference_Ensemble_weighted_rtpt_topk_20_softmaxtemp_0_01

2025-05-29 15:55:21,886 - log - INFO - Use GPU: 0 for training
2025-05-29 15:56:08,794 - log - INFO - Freezing all parameters except prompt learner
2025-05-29 15:56:08,795 - log - INFO - => Model created: visual backbone ViT-L/14
2025-05-29 15:56:08,815 - log - INFO - Number of test samples: 3669
2025-05-29 15:56:08,815 - log - INFO - Evaluating dataset: Pets
2025-05-29 15:56:08,816 - log - INFO - Starting evaluation with batch size: 64, selection percentage: 0.1
2025-05-29 15:56:08,816 - log - INFO - Test-time adaptation steps: 0, learning rate: 0.005
2025-05-29 15:56:08,816 - log - INFO - Using counter-attack with epsilon: 4.000000, alpha: 0.000000, steps: 0, tau_thres: 0.2, beta: 2.0, weighted perturbation: True
2025-05-29 15:57:07,231 - log - INFO - iter:20/3669, clip_acc1=85.0, tta_acc1=85.0
2025-05-29 15:57:07,231 - log - INFO - iter:20/3669, Original Acc@1: 85.00, Acc@5: 90.00, TTA Acc@1: 85.00, Acc@5: 85.00
2025-05-29 15:57:51,241 - log - INFO - iter:40/3669, clip_acc1=87.5, tta_acc1=82.5
2025-05-29 15:57:51,241 - log - INFO - iter:40/3669, Original Acc@1: 87.50, Acc@5: 92.50, TTA Acc@1: 82.50, Acc@5: 90.00
2025-05-29 15:58:34,267 - log - INFO - iter:60/3669, clip_acc1=88.33333587646484, tta_acc1=81.66667175292969
2025-05-29 15:58:34,268 - log - INFO - iter:60/3669, Original Acc@1: 88.33, Acc@5: 93.33, TTA Acc@1: 81.67, Acc@5: 91.67
2025-05-29 15:59:17,345 - log - INFO - iter:80/3669, clip_acc1=91.25, tta_acc1=83.75
2025-05-29 15:59:17,345 - log - INFO - iter:80/3669, Original Acc@1: 91.25, Acc@5: 95.00, TTA Acc@1: 83.75, Acc@5: 93.75
2025-05-29 16:00:00,308 - log - INFO - iter:100/3669, clip_acc1=92.0, tta_acc1=86.0
2025-05-29 16:00:00,308 - log - INFO - iter:100/3669, Original Acc@1: 92.00, Acc@5: 96.00, TTA Acc@1: 86.00, Acc@5: 95.00
2025-05-29 16:00:43,468 - log - INFO - iter:120/3669, clip_acc1=92.50000762939453, tta_acc1=88.33333587646484
2025-05-29 16:00:43,468 - log - INFO - iter:120/3669, Original Acc@1: 92.50, Acc@5: 96.67, TTA Acc@1: 88.33, Acc@5: 95.83
2025-05-29 16:01:26,564 - log - INFO - iter:140/3669, clip_acc1=92.14286041259766, tta_acc1=89.28571319580078
2025-05-29 16:01:26,564 - log - INFO - iter:140/3669, Original Acc@1: 92.14, Acc@5: 97.14, TTA Acc@1: 89.29, Acc@5: 96.43
2025-05-29 16:02:09,724 - log - INFO - iter:160/3669, clip_acc1=91.875, tta_acc1=88.75
2025-05-29 16:02:09,724 - log - INFO - iter:160/3669, Original Acc@1: 91.88, Acc@5: 97.50, TTA Acc@1: 88.75, Acc@5: 96.88
2025-05-29 16:02:52,797 - log - INFO - iter:180/3669, clip_acc1=92.77777862548828, tta_acc1=90.0
2025-05-29 16:02:52,797 - log - INFO - iter:180/3669, Original Acc@1: 92.78, Acc@5: 97.78, TTA Acc@1: 90.00, Acc@5: 97.22
2025-05-29 16:03:35,399 - log - INFO - iter:200/3669, clip_acc1=92.5, tta_acc1=89.5
2025-05-29 16:03:35,400 - log - INFO - iter:200/3669, Original Acc@1: 92.50, Acc@5: 97.50, TTA Acc@1: 89.50, Acc@5: 97.00
2025-05-29 16:04:18,751 - log - INFO - iter:220/3669, clip_acc1=93.18181610107422, tta_acc1=89.54544830322266
2025-05-29 16:04:18,751 - log - INFO - iter:220/3669, Original Acc@1: 93.18, Acc@5: 97.73, TTA Acc@1: 89.55, Acc@5: 97.27
2025-05-29 16:05:01,625 - log - INFO - iter:240/3669, clip_acc1=92.08333587646484, tta_acc1=87.91667175292969
2025-05-29 16:05:01,625 - log - INFO - iter:240/3669, Original Acc@1: 92.08, Acc@5: 97.92, TTA Acc@1: 87.92, Acc@5: 97.50
2025-05-29 16:05:45,192 - log - INFO - iter:260/3669, clip_acc1=91.92308044433594, tta_acc1=87.30769348144531
2025-05-29 16:05:45,192 - log - INFO - iter:260/3669, Original Acc@1: 91.92, Acc@5: 98.08, TTA Acc@1: 87.31, Acc@5: 97.69
2025-05-29 16:06:28,124 - log - INFO - iter:280/3669, clip_acc1=91.42857360839844, tta_acc1=86.78571319580078
2025-05-29 16:06:28,124 - log - INFO - iter:280/3669, Original Acc@1: 91.43, Acc@5: 98.21, TTA Acc@1: 86.79, Acc@5: 97.86
2025-05-29 16:07:11,056 - log - INFO - iter:300/3669, clip_acc1=91.33333587646484, tta_acc1=86.33333587646484
2025-05-29 16:07:11,056 - log - INFO - iter:300/3669, Original Acc@1: 91.33, Acc@5: 98.33, TTA Acc@1: 86.33, Acc@5: 98.00
2025-05-29 16:07:54,209 - log - INFO - iter:320/3669, clip_acc1=91.25, tta_acc1=86.5625
2025-05-29 16:07:54,209 - log - INFO - iter:320/3669, Original Acc@1: 91.25, Acc@5: 98.44, TTA Acc@1: 86.56, Acc@5: 98.12
2025-05-29 16:08:37,439 - log - INFO - iter:340/3669, clip_acc1=91.76470947265625, tta_acc1=87.35294342041016
2025-05-29 16:08:37,439 - log - INFO - iter:340/3669, Original Acc@1: 91.76, Acc@5: 98.53, TTA Acc@1: 87.35, Acc@5: 98.24
2025-05-29 16:09:20,305 - log - INFO - iter:360/3669, clip_acc1=92.22222137451172, tta_acc1=87.77777862548828
2025-05-29 16:09:20,305 - log - INFO - iter:360/3669, Original Acc@1: 92.22, Acc@5: 98.61, TTA Acc@1: 87.78, Acc@5: 98.33
2025-05-29 16:10:03,226 - log - INFO - iter:380/3669, clip_acc1=92.63158416748047, tta_acc1=88.42105865478516
2025-05-29 16:10:03,226 - log - INFO - iter:380/3669, Original Acc@1: 92.63, Acc@5: 98.68, TTA Acc@1: 88.42, Acc@5: 98.42
2025-05-29 16:10:47,020 - log - INFO - iter:400/3669, clip_acc1=93.0, tta_acc1=89.0
2025-05-29 16:10:47,021 - log - INFO - iter:400/3669, Original Acc@1: 93.00, Acc@5: 98.75, TTA Acc@1: 89.00, Acc@5: 98.50
2025-05-29 16:11:29,986 - log - INFO - iter:420/3669, clip_acc1=92.61904907226562, tta_acc1=89.04762268066406
2025-05-29 16:11:29,986 - log - INFO - iter:420/3669, Original Acc@1: 92.62, Acc@5: 98.81, TTA Acc@1: 89.05, Acc@5: 98.57
2025-05-29 16:12:13,114 - log - INFO - iter:440/3669, clip_acc1=92.5, tta_acc1=89.54544830322266
2025-05-29 16:12:13,114 - log - INFO - iter:440/3669, Original Acc@1: 92.50, Acc@5: 98.86, TTA Acc@1: 89.55, Acc@5: 98.64
2025-05-29 16:12:55,549 - log - INFO - iter:460/3669, clip_acc1=92.82608032226562, tta_acc1=89.99999237060547
2025-05-29 16:12:55,549 - log - INFO - iter:460/3669, Original Acc@1: 92.83, Acc@5: 98.91, TTA Acc@1: 90.00, Acc@5: 98.70
2025-05-29 16:13:38,150 - log - INFO - iter:480/3669, clip_acc1=92.91667175292969, tta_acc1=90.41667175292969
2025-05-29 16:13:38,150 - log - INFO - iter:480/3669, Original Acc@1: 92.92, Acc@5: 98.96, TTA Acc@1: 90.42, Acc@5: 98.75
2025-05-29 16:14:22,396 - log - INFO - iter:500/3669, clip_acc1=93.20000457763672, tta_acc1=90.80000305175781
2025-05-29 16:14:22,396 - log - INFO - iter:500/3669, Original Acc@1: 93.20, Acc@5: 99.00, TTA Acc@1: 90.80, Acc@5: 98.80
2025-05-29 16:15:06,192 - log - INFO - iter:520/3669, clip_acc1=92.69230651855469, tta_acc1=90.57691955566406
2025-05-29 16:15:06,192 - log - INFO - iter:520/3669, Original Acc@1: 92.69, Acc@5: 99.04, TTA Acc@1: 90.58, Acc@5: 98.85
2025-05-29 16:15:48,958 - log - INFO - iter:540/3669, clip_acc1=92.77777862548828, tta_acc1=90.74073791503906
2025-05-29 16:15:48,958 - log - INFO - iter:540/3669, Original Acc@1: 92.78, Acc@5: 99.07, TTA Acc@1: 90.74, Acc@5: 98.89
2025-05-29 16:16:31,615 - log - INFO - iter:560/3669, clip_acc1=92.67857360839844, tta_acc1=90.89286041259766
2025-05-29 16:16:31,615 - log - INFO - iter:560/3669, Original Acc@1: 92.68, Acc@5: 99.11, TTA Acc@1: 90.89, Acc@5: 98.93
2025-05-29 16:17:14,617 - log - INFO - iter:580/3669, clip_acc1=92.75862121582031, tta_acc1=91.20689392089844
2025-05-29 16:17:14,617 - log - INFO - iter:580/3669, Original Acc@1: 92.76, Acc@5: 99.14, TTA Acc@1: 91.21, Acc@5: 98.97
2025-05-29 16:17:57,471 - log - INFO - iter:600/3669, clip_acc1=92.66667175292969, tta_acc1=91.16667175292969
2025-05-29 16:17:57,471 - log - INFO - iter:600/3669, Original Acc@1: 92.67, Acc@5: 99.17, TTA Acc@1: 91.17, Acc@5: 99.00
2025-05-29 16:18:40,255 - log - INFO - iter:620/3669, clip_acc1=91.45161437988281, tta_acc1=90.96774291992188
2025-05-29 16:18:40,255 - log - INFO - iter:620/3669, Original Acc@1: 91.45, Acc@5: 99.19, TTA Acc@1: 90.97, Acc@5: 99.03
2025-05-29 16:19:23,448 - log - INFO - iter:640/3669, clip_acc1=89.6875, tta_acc1=89.84375
2025-05-29 16:19:23,448 - log - INFO - iter:640/3669, Original Acc@1: 89.69, Acc@5: 99.22, TTA Acc@1: 89.84, Acc@5: 99.06
2025-05-29 16:20:06,583 - log - INFO - iter:660/3669, clip_acc1=88.03030395507812, tta_acc1=89.24242401123047
2025-05-29 16:20:06,583 - log - INFO - iter:660/3669, Original Acc@1: 88.03, Acc@5: 99.24, TTA Acc@1: 89.24, Acc@5: 99.09
2025-05-29 16:20:49,663 - log - INFO - iter:680/3669, clip_acc1=86.76470947265625, tta_acc1=89.11764526367188
2025-05-29 16:20:49,663 - log - INFO - iter:680/3669, Original Acc@1: 86.76, Acc@5: 99.26, TTA Acc@1: 89.12, Acc@5: 99.12
2025-05-29 16:21:32,478 - log - INFO - iter:700/3669, clip_acc1=85.85713958740234, tta_acc1=88.57142639160156
2025-05-29 16:21:32,478 - log - INFO - iter:700/3669, Original Acc@1: 85.86, Acc@5: 99.29, TTA Acc@1: 88.57, Acc@5: 99.14
2025-05-29 16:22:15,993 - log - INFO - iter:720/3669, clip_acc1=85.1388931274414, tta_acc1=88.05555725097656
2025-05-29 16:22:15,993 - log - INFO - iter:720/3669, Original Acc@1: 85.14, Acc@5: 99.31, TTA Acc@1: 88.06, Acc@5: 99.17
2025-05-29 16:22:58,852 - log - INFO - iter:740/3669, clip_acc1=85.0, tta_acc1=87.97297668457031
2025-05-29 16:22:58,852 - log - INFO - iter:740/3669, Original Acc@1: 85.00, Acc@5: 99.32, TTA Acc@1: 87.97, Acc@5: 99.19
2025-05-29 16:23:41,578 - log - INFO - iter:760/3669, clip_acc1=85.0, tta_acc1=88.02632141113281
2025-05-29 16:23:41,579 - log - INFO - iter:760/3669, Original Acc@1: 85.00, Acc@5: 99.34, TTA Acc@1: 88.03, Acc@5: 99.21
2025-05-29 16:24:23,836 - log - INFO - iter:780/3669, clip_acc1=85.0, tta_acc1=88.0769271850586
2025-05-29 16:24:23,836 - log - INFO - iter:780/3669, Original Acc@1: 85.00, Acc@5: 99.36, TTA Acc@1: 88.08, Acc@5: 99.23
2025-05-29 16:25:06,232 - log - INFO - iter:800/3669, clip_acc1=84.5, tta_acc1=87.75
2025-05-29 16:25:06,232 - log - INFO - iter:800/3669, Original Acc@1: 84.50, Acc@5: 99.38, TTA Acc@1: 87.75, Acc@5: 99.25
2025-05-29 16:25:49,149 - log - INFO - iter:820/3669, clip_acc1=84.63414764404297, tta_acc1=87.80487823486328
2025-05-29 16:25:49,149 - log - INFO - iter:820/3669, Original Acc@1: 84.63, Acc@5: 99.39, TTA Acc@1: 87.80, Acc@5: 99.27
2025-05-29 16:26:31,927 - log - INFO - iter:840/3669, clip_acc1=84.8809585571289, tta_acc1=87.9761962890625
2025-05-29 16:26:31,927 - log - INFO - iter:840/3669, Original Acc@1: 84.88, Acc@5: 99.40, TTA Acc@1: 87.98, Acc@5: 99.29
2025-05-29 16:27:14,486 - log - INFO - iter:860/3669, clip_acc1=85.0, tta_acc1=88.02325439453125
2025-05-29 16:27:14,486 - log - INFO - iter:860/3669, Original Acc@1: 85.00, Acc@5: 99.42, TTA Acc@1: 88.02, Acc@5: 99.19
2025-05-29 16:27:57,150 - log - INFO - iter:880/3669, clip_acc1=85.2272720336914, tta_acc1=88.18181610107422
2025-05-29 16:27:57,150 - log - INFO - iter:880/3669, Original Acc@1: 85.23, Acc@5: 99.43, TTA Acc@1: 88.18, Acc@5: 99.20
2025-05-29 16:28:40,024 - log - INFO - iter:900/3669, clip_acc1=85.22222137451172, tta_acc1=88.0
2025-05-29 16:28:40,024 - log - INFO - iter:900/3669, Original Acc@1: 85.22, Acc@5: 99.44, TTA Acc@1: 88.00, Acc@5: 99.22
2025-05-29 16:29:22,732 - log - INFO - iter:920/3669, clip_acc1=85.54347229003906, tta_acc1=88.2608642578125
2025-05-29 16:29:22,733 - log - INFO - iter:920/3669, Original Acc@1: 85.54, Acc@5: 99.46, TTA Acc@1: 88.26, Acc@5: 99.24
2025-05-29 16:30:06,028 - log - INFO - iter:940/3669, clip_acc1=85.74467468261719, tta_acc1=88.40425109863281
2025-05-29 16:30:06,028 - log - INFO - iter:940/3669, Original Acc@1: 85.74, Acc@5: 99.47, TTA Acc@1: 88.40, Acc@5: 99.26
2025-05-29 16:30:49,080 - log - INFO - iter:960/3669, clip_acc1=85.93750762939453, tta_acc1=88.54167175292969
2025-05-29 16:30:49,080 - log - INFO - iter:960/3669, Original Acc@1: 85.94, Acc@5: 99.48, TTA Acc@1: 88.54, Acc@5: 99.27
2025-05-29 16:31:31,838 - log - INFO - iter:980/3669, clip_acc1=85.91836547851562, tta_acc1=88.36734008789062
2025-05-29 16:31:31,838 - log - INFO - iter:980/3669, Original Acc@1: 85.92, Acc@5: 99.49, TTA Acc@1: 88.37, Acc@5: 99.29
2025-05-29 16:32:15,013 - log - INFO - iter:1000/3669, clip_acc1=85.9000015258789, tta_acc1=88.30000305175781
2025-05-29 16:32:15,014 - log - INFO - iter:1000/3669, Original Acc@1: 85.90, Acc@5: 99.50, TTA Acc@1: 88.30, Acc@5: 99.30
2025-05-29 16:32:57,982 - log - INFO - iter:1020/3669, clip_acc1=86.07843780517578, tta_acc1=88.43138122558594
2025-05-29 16:32:57,982 - log - INFO - iter:1020/3669, Original Acc@1: 86.08, Acc@5: 99.51, TTA Acc@1: 88.43, Acc@5: 99.31
2025-05-29 16:33:41,027 - log - INFO - iter:1040/3669, clip_acc1=86.15384674072266, tta_acc1=88.55769348144531
2025-05-29 16:33:41,027 - log - INFO - iter:1040/3669, Original Acc@1: 86.15, Acc@5: 99.52, TTA Acc@1: 88.56, Acc@5: 99.33
2025-05-29 16:34:38,938 - log - INFO - iter:1060/3669, clip_acc1=86.32075500488281, tta_acc1=88.7735824584961
2025-05-29 16:34:38,938 - log - INFO - iter:1060/3669, Original Acc@1: 86.32, Acc@5: 99.53, TTA Acc@1: 88.77, Acc@5: 99.34
2025-05-29 16:35:21,287 - log - INFO - iter:1080/3669, clip_acc1=86.20370483398438, tta_acc1=88.70370483398438
2025-05-29 16:35:21,288 - log - INFO - iter:1080/3669, Original Acc@1: 86.20, Acc@5: 99.54, TTA Acc@1: 88.70, Acc@5: 99.35
2025-05-29 16:36:03,990 - log - INFO - iter:1100/3669, clip_acc1=86.2727279663086, tta_acc1=88.81818389892578
2025-05-29 16:36:03,990 - log - INFO - iter:1100/3669, Original Acc@1: 86.27, Acc@5: 99.55, TTA Acc@1: 88.82, Acc@5: 99.36
2025-05-29 16:36:46,656 - log - INFO - iter:1120/3669, clip_acc1=86.42857360839844, tta_acc1=88.92857360839844
2025-05-29 16:36:46,657 - log - INFO - iter:1120/3669, Original Acc@1: 86.43, Acc@5: 99.55, TTA Acc@1: 88.93, Acc@5: 99.38
2025-05-29 16:37:29,606 - log - INFO - iter:1140/3669, clip_acc1=86.49122619628906, tta_acc1=89.03508758544922
2025-05-29 16:37:29,606 - log - INFO - iter:1140/3669, Original Acc@1: 86.49, Acc@5: 99.56, TTA Acc@1: 89.04, Acc@5: 99.39
2025-05-29 16:38:12,338 - log - INFO - iter:1160/3669, clip_acc1=86.46551513671875, tta_acc1=89.05172729492188
2025-05-29 16:38:12,338 - log - INFO - iter:1160/3669, Original Acc@1: 86.47, Acc@5: 99.57, TTA Acc@1: 89.05, Acc@5: 99.40
2025-05-29 16:38:55,380 - log - INFO - iter:1180/3669, clip_acc1=86.52542114257812, tta_acc1=89.06779479980469
2025-05-29 16:38:55,380 - log - INFO - iter:1180/3669, Original Acc@1: 86.53, Acc@5: 99.58, TTA Acc@1: 89.07, Acc@5: 99.41
2025-05-29 16:39:37,767 - log - INFO - iter:1200/3669, clip_acc1=86.66667175292969, tta_acc1=89.16667175292969
2025-05-29 16:39:37,768 - log - INFO - iter:1200/3669, Original Acc@1: 86.67, Acc@5: 99.58, TTA Acc@1: 89.17, Acc@5: 99.42
2025-05-29 16:40:21,387 - log - INFO - iter:1220/3669, clip_acc1=86.88524627685547, tta_acc1=89.3442611694336
2025-05-29 16:40:21,387 - log - INFO - iter:1220/3669, Original Acc@1: 86.89, Acc@5: 99.59, TTA Acc@1: 89.34, Acc@5: 99.43
2025-05-29 16:41:04,474 - log - INFO - iter:1240/3669, clip_acc1=86.61289978027344, tta_acc1=89.19355010986328
2025-05-29 16:41:04,474 - log - INFO - iter:1240/3669, Original Acc@1: 86.61, Acc@5: 99.60, TTA Acc@1: 89.19, Acc@5: 99.44
2025-05-29 16:41:47,554 - log - INFO - iter:1260/3669, clip_acc1=86.5873031616211, tta_acc1=89.36508178710938
2025-05-29 16:41:47,554 - log - INFO - iter:1260/3669, Original Acc@1: 86.59, Acc@5: 99.60, TTA Acc@1: 89.37, Acc@5: 99.44
2025-05-29 16:42:30,350 - log - INFO - iter:1280/3669, clip_acc1=86.640625, tta_acc1=89.453125
2025-05-29 16:42:30,350 - log - INFO - iter:1280/3669, Original Acc@1: 86.64, Acc@5: 99.61, TTA Acc@1: 89.45, Acc@5: 99.45
2025-05-29 16:43:13,542 - log - INFO - iter:1300/3669, clip_acc1=86.69230651855469, tta_acc1=89.53845977783203
2025-05-29 16:43:13,542 - log - INFO - iter:1300/3669, Original Acc@1: 86.69, Acc@5: 99.62, TTA Acc@1: 89.54, Acc@5: 99.46
2025-05-29 16:43:56,445 - log - INFO - iter:1320/3669, clip_acc1=86.89393615722656, tta_acc1=89.69696807861328
2025-05-29 16:43:56,445 - log - INFO - iter:1320/3669, Original Acc@1: 86.89, Acc@5: 99.62, TTA Acc@1: 89.70, Acc@5: 99.47
2025-05-29 16:44:39,324 - log - INFO - iter:1340/3669, clip_acc1=87.08955383300781, tta_acc1=89.776123046875
2025-05-29 16:44:39,324 - log - INFO - iter:1340/3669, Original Acc@1: 87.09, Acc@5: 99.63, TTA Acc@1: 89.78, Acc@5: 99.48
2025-05-29 16:45:22,308 - log - INFO - iter:1360/3669, clip_acc1=87.27941131591797, tta_acc1=89.92647552490234
2025-05-29 16:45:22,308 - log - INFO - iter:1360/3669, Original Acc@1: 87.28, Acc@5: 99.63, TTA Acc@1: 89.93, Acc@5: 99.49
2025-05-29 16:46:05,017 - log - INFO - iter:1380/3669, clip_acc1=87.4637680053711, tta_acc1=90.07246398925781
2025-05-29 16:46:05,017 - log - INFO - iter:1380/3669, Original Acc@1: 87.46, Acc@5: 99.64, TTA Acc@1: 90.07, Acc@5: 99.49
2025-05-29 16:46:48,243 - log - INFO - iter:1400/3669, clip_acc1=87.64285278320312, tta_acc1=90.21428680419922
2025-05-29 16:46:48,243 - log - INFO - iter:1400/3669, Original Acc@1: 87.64, Acc@5: 99.64, TTA Acc@1: 90.21, Acc@5: 99.50
2025-05-29 16:47:31,182 - log - INFO - iter:1420/3669, clip_acc1=87.81689453125, tta_acc1=90.35211181640625
2025-05-29 16:47:31,182 - log - INFO - iter:1420/3669, Original Acc@1: 87.82, Acc@5: 99.65, TTA Acc@1: 90.35, Acc@5: 99.51
2025-05-29 16:48:13,935 - log - INFO - iter:1440/3669, clip_acc1=87.98611450195312, tta_acc1=90.48611450195312
2025-05-29 16:48:13,935 - log - INFO - iter:1440/3669, Original Acc@1: 87.99, Acc@5: 99.65, TTA Acc@1: 90.49, Acc@5: 99.51
2025-05-29 16:48:56,555 - log - INFO - iter:1460/3669, clip_acc1=88.15068817138672, tta_acc1=90.61643981933594
2025-05-29 16:48:56,556 - log - INFO - iter:1460/3669, Original Acc@1: 88.15, Acc@5: 99.66, TTA Acc@1: 90.62, Acc@5: 99.52
2025-05-29 16:49:39,307 - log - INFO - iter:1480/3669, clip_acc1=88.3108139038086, tta_acc1=90.74324798583984
2025-05-29 16:49:39,307 - log - INFO - iter:1480/3669, Original Acc@1: 88.31, Acc@5: 99.66, TTA Acc@1: 90.74, Acc@5: 99.53
2025-05-29 16:50:23,122 - log - INFO - iter:1500/3669, clip_acc1=88.33333587646484, tta_acc1=90.79999542236328
2025-05-29 16:50:23,122 - log - INFO - iter:1500/3669, Original Acc@1: 88.33, Acc@5: 99.67, TTA Acc@1: 90.80, Acc@5: 99.53
2025-05-29 16:51:06,175 - log - INFO - iter:1520/3669, clip_acc1=88.48684692382812, tta_acc1=90.92105865478516
2025-05-29 16:51:06,176 - log - INFO - iter:1520/3669, Original Acc@1: 88.49, Acc@5: 99.67, TTA Acc@1: 90.92, Acc@5: 99.54
2025-05-29 16:51:49,147 - log - INFO - iter:1540/3669, clip_acc1=88.63636016845703, tta_acc1=91.03895568847656
2025-05-29 16:51:49,148 - log - INFO - iter:1540/3669, Original Acc@1: 88.64, Acc@5: 99.68, TTA Acc@1: 91.04, Acc@5: 99.55
2025-05-29 16:52:32,206 - log - INFO - iter:1560/3669, clip_acc1=88.71794891357422, tta_acc1=91.15384674072266
2025-05-29 16:52:32,207 - log - INFO - iter:1560/3669, Original Acc@1: 88.72, Acc@5: 99.68, TTA Acc@1: 91.15, Acc@5: 99.55
2025-05-29 16:53:15,686 - log - INFO - iter:1580/3669, clip_acc1=88.86076354980469, tta_acc1=91.20252990722656
2025-05-29 16:53:15,687 - log - INFO - iter:1580/3669, Original Acc@1: 88.86, Acc@5: 99.68, TTA Acc@1: 91.20, Acc@5: 99.56
2025-05-29 16:53:58,585 - log - INFO - iter:1600/3669, clip_acc1=88.875, tta_acc1=91.3125
2025-05-29 16:53:58,585 - log - INFO - iter:1600/3669, Original Acc@1: 88.88, Acc@5: 99.69, TTA Acc@1: 91.31, Acc@5: 99.56
2025-05-29 16:54:41,525 - log - INFO - iter:1620/3669, clip_acc1=89.0123519897461, tta_acc1=91.41975402832031
2025-05-29 16:54:41,525 - log - INFO - iter:1620/3669, Original Acc@1: 89.01, Acc@5: 99.69, TTA Acc@1: 91.42, Acc@5: 99.57
2025-05-29 16:55:24,414 - log - INFO - iter:1640/3669, clip_acc1=89.1463394165039, tta_acc1=91.46341705322266
2025-05-29 16:55:24,414 - log - INFO - iter:1640/3669, Original Acc@1: 89.15, Acc@5: 99.70, TTA Acc@1: 91.46, Acc@5: 99.57
2025-05-29 16:56:07,272 - log - INFO - iter:1660/3669, clip_acc1=89.21686553955078, tta_acc1=91.56626892089844
2025-05-29 16:56:07,272 - log - INFO - iter:1660/3669, Original Acc@1: 89.22, Acc@5: 99.70, TTA Acc@1: 91.57, Acc@5: 99.58
2025-05-29 16:56:50,518 - log - INFO - iter:1680/3669, clip_acc1=89.28572082519531, tta_acc1=91.66667175292969
2025-05-29 16:56:50,518 - log - INFO - iter:1680/3669, Original Acc@1: 89.29, Acc@5: 99.70, TTA Acc@1: 91.67, Acc@5: 99.58
2025-05-29 16:57:33,445 - log - INFO - iter:1700/3669, clip_acc1=89.41175842285156, tta_acc1=91.76470184326172
2025-05-29 16:57:33,446 - log - INFO - iter:1700/3669, Original Acc@1: 89.41, Acc@5: 99.71, TTA Acc@1: 91.76, Acc@5: 99.59
2025-05-29 16:58:16,329 - log - INFO - iter:1720/3669, clip_acc1=89.53488159179688, tta_acc1=91.86046600341797
2025-05-29 16:58:16,329 - log - INFO - iter:1720/3669, Original Acc@1: 89.53, Acc@5: 99.71, TTA Acc@1: 91.86, Acc@5: 99.59
2025-05-29 16:58:59,240 - log - INFO - iter:1740/3669, clip_acc1=89.6551742553711, tta_acc1=91.95402526855469
2025-05-29 16:58:59,241 - log - INFO - iter:1740/3669, Original Acc@1: 89.66, Acc@5: 99.71, TTA Acc@1: 91.95, Acc@5: 99.60
2025-05-29 16:59:42,144 - log - INFO - iter:1760/3669, clip_acc1=89.7727279663086, tta_acc1=92.04544830322266
2025-05-29 16:59:42,144 - log - INFO - iter:1760/3669, Original Acc@1: 89.77, Acc@5: 99.72, TTA Acc@1: 92.05, Acc@5: 99.60
2025-05-29 17:00:25,669 - log - INFO - iter:1780/3669, clip_acc1=89.77528381347656, tta_acc1=92.13483428955078
2025-05-29 17:00:25,670 - log - INFO - iter:1780/3669, Original Acc@1: 89.78, Acc@5: 99.72, TTA Acc@1: 92.13, Acc@5: 99.61
2025-05-29 17:01:08,796 - log - INFO - iter:1800/3669, clip_acc1=89.8888931274414, tta_acc1=92.22222137451172
2025-05-29 17:01:08,796 - log - INFO - iter:1800/3669, Original Acc@1: 89.89, Acc@5: 99.72, TTA Acc@1: 92.22, Acc@5: 99.61
2025-05-29 17:01:51,785 - log - INFO - iter:1820/3669, clip_acc1=90.00000762939453, tta_acc1=92.30769348144531
2025-05-29 17:01:51,785 - log - INFO - iter:1820/3669, Original Acc@1: 90.00, Acc@5: 99.73, TTA Acc@1: 92.31, Acc@5: 99.62
2025-05-29 17:02:34,910 - log - INFO - iter:1840/3669, clip_acc1=90.0543441772461, tta_acc1=92.39129638671875
2025-05-29 17:02:34,910 - log - INFO - iter:1840/3669, Original Acc@1: 90.05, Acc@5: 99.73, TTA Acc@1: 92.39, Acc@5: 99.62
2025-05-29 17:03:18,980 - log - INFO - iter:1860/3669, clip_acc1=90.10752868652344, tta_acc1=92.41935729980469
2025-05-29 17:03:18,980 - log - INFO - iter:1860/3669, Original Acc@1: 90.11, Acc@5: 99.73, TTA Acc@1: 92.42, Acc@5: 99.62
2025-05-29 17:04:02,087 - log - INFO - iter:1880/3669, clip_acc1=90.21276092529297, tta_acc1=92.5
2025-05-29 17:04:02,087 - log - INFO - iter:1880/3669, Original Acc@1: 90.21, Acc@5: 99.73, TTA Acc@1: 92.50, Acc@5: 99.63
2025-05-29 17:04:45,071 - log - INFO - iter:1900/3669, clip_acc1=90.05262756347656, tta_acc1=92.31578826904297
2025-05-29 17:04:45,071 - log - INFO - iter:1900/3669, Original Acc@1: 90.05, Acc@5: 99.74, TTA Acc@1: 92.32, Acc@5: 99.63
2025-05-29 17:05:28,366 - log - INFO - iter:1920/3669, clip_acc1=90.15625762939453, tta_acc1=92.39583587646484
2025-05-29 17:05:28,366 - log - INFO - iter:1920/3669, Original Acc@1: 90.16, Acc@5: 99.74, TTA Acc@1: 92.40, Acc@5: 99.64
2025-05-29 17:06:11,522 - log - INFO - iter:1940/3669, clip_acc1=90.25773620605469, tta_acc1=92.47422790527344
2025-05-29 17:06:11,522 - log - INFO - iter:1940/3669, Original Acc@1: 90.26, Acc@5: 99.74, TTA Acc@1: 92.47, Acc@5: 99.64
2025-05-29 17:06:54,405 - log - INFO - iter:1960/3669, clip_acc1=90.35713958740234, tta_acc1=92.55101776123047
2025-05-29 17:06:54,405 - log - INFO - iter:1960/3669, Original Acc@1: 90.36, Acc@5: 99.74, TTA Acc@1: 92.55, Acc@5: 99.64
2025-05-29 17:07:37,311 - log - INFO - iter:1980/3669, clip_acc1=90.45455169677734, tta_acc1=92.62626647949219
2025-05-29 17:07:37,311 - log - INFO - iter:1980/3669, Original Acc@1: 90.45, Acc@5: 99.75, TTA Acc@1: 92.63, Acc@5: 99.65
2025-05-29 17:08:20,153 - log - INFO - iter:2000/3669, clip_acc1=90.50000762939453, tta_acc1=92.60000610351562
2025-05-29 17:08:20,153 - log - INFO - iter:2000/3669, Original Acc@1: 90.50, Acc@5: 99.70, TTA Acc@1: 92.60, Acc@5: 99.60
2025-05-29 17:09:02,939 - log - INFO - iter:2020/3669, clip_acc1=90.5445556640625, tta_acc1=92.67327117919922
2025-05-29 17:09:02,940 - log - INFO - iter:2020/3669, Original Acc@1: 90.54, Acc@5: 99.70, TTA Acc@1: 92.67, Acc@5: 99.60
2025-05-29 17:09:45,937 - log - INFO - iter:2040/3669, clip_acc1=90.63726043701172, tta_acc1=92.74510192871094
2025-05-29 17:09:45,937 - log - INFO - iter:2040/3669, Original Acc@1: 90.64, Acc@5: 99.71, TTA Acc@1: 92.75, Acc@5: 99.61
2025-05-29 17:10:29,651 - log - INFO - iter:2060/3669, clip_acc1=90.72815704345703, tta_acc1=92.7669906616211
2025-05-29 17:10:29,651 - log - INFO - iter:2060/3669, Original Acc@1: 90.73, Acc@5: 99.71, TTA Acc@1: 92.77, Acc@5: 99.61
2025-05-29 17:11:12,365 - log - INFO - iter:2080/3669, clip_acc1=90.76923370361328, tta_acc1=92.78845977783203
2025-05-29 17:11:12,366 - log - INFO - iter:2080/3669, Original Acc@1: 90.77, Acc@5: 99.71, TTA Acc@1: 92.79, Acc@5: 99.62
2025-05-29 17:11:55,165 - log - INFO - iter:2100/3669, clip_acc1=90.85713958740234, tta_acc1=92.85713958740234
2025-05-29 17:11:55,166 - log - INFO - iter:2100/3669, Original Acc@1: 90.86, Acc@5: 99.71, TTA Acc@1: 92.86, Acc@5: 99.62
2025-05-29 17:12:38,332 - log - INFO - iter:2120/3669, clip_acc1=90.94339752197266, tta_acc1=92.87735748291016
2025-05-29 17:12:38,332 - log - INFO - iter:2120/3669, Original Acc@1: 90.94, Acc@5: 99.72, TTA Acc@1: 92.88, Acc@5: 99.62
2025-05-29 17:13:23,138 - log - INFO - iter:2140/3669, clip_acc1=91.02803802490234, tta_acc1=92.94393157958984
2025-05-29 17:13:23,138 - log - INFO - iter:2140/3669, Original Acc@1: 91.03, Acc@5: 99.72, TTA Acc@1: 92.94, Acc@5: 99.63
2025-05-29 17:14:06,218 - log - INFO - iter:2160/3669, clip_acc1=91.1111068725586, tta_acc1=93.0092544555664
2025-05-29 17:14:06,219 - log - INFO - iter:2160/3669, Original Acc@1: 91.11, Acc@5: 99.72, TTA Acc@1: 93.01, Acc@5: 99.63
2025-05-29 17:14:49,267 - log - INFO - iter:2180/3669, clip_acc1=91.19265747070312, tta_acc1=93.07339477539062
2025-05-29 17:14:49,267 - log - INFO - iter:2180/3669, Original Acc@1: 91.19, Acc@5: 99.72, TTA Acc@1: 93.07, Acc@5: 99.63
2025-05-29 17:15:32,380 - log - INFO - iter:2200/3669, clip_acc1=91.18181610107422, tta_acc1=93.04545593261719
2025-05-29 17:15:32,380 - log - INFO - iter:2200/3669, Original Acc@1: 91.18, Acc@5: 99.73, TTA Acc@1: 93.05, Acc@5: 99.64
2025-05-29 17:16:15,579 - log - INFO - iter:2220/3669, clip_acc1=91.21621704101562, tta_acc1=93.06306457519531
2025-05-29 17:16:15,580 - log - INFO - iter:2220/3669, Original Acc@1: 91.22, Acc@5: 99.73, TTA Acc@1: 93.06, Acc@5: 99.64
2025-05-29 17:16:58,781 - log - INFO - iter:2240/3669, clip_acc1=91.29463958740234, tta_acc1=93.125
2025-05-29 17:16:58,781 - log - INFO - iter:2240/3669, Original Acc@1: 91.29, Acc@5: 99.73, TTA Acc@1: 93.12, Acc@5: 99.64
2025-05-29 17:17:42,224 - log - INFO - iter:2260/3669, clip_acc1=91.3716812133789, tta_acc1=93.18583679199219
2025-05-29 17:17:42,224 - log - INFO - iter:2260/3669, Original Acc@1: 91.37, Acc@5: 99.73, TTA Acc@1: 93.19, Acc@5: 99.65
2025-05-29 17:18:25,341 - log - INFO - iter:2280/3669, clip_acc1=91.44737243652344, tta_acc1=93.2017593383789
2025-05-29 17:18:25,341 - log - INFO - iter:2280/3669, Original Acc@1: 91.45, Acc@5: 99.74, TTA Acc@1: 93.20, Acc@5: 99.61
2025-05-29 17:19:08,383 - log - INFO - iter:2300/3669, clip_acc1=91.47826385498047, tta_acc1=93.21739196777344
2025-05-29 17:19:08,383 - log - INFO - iter:2300/3669, Original Acc@1: 91.48, Acc@5: 99.74, TTA Acc@1: 93.22, Acc@5: 99.61
2025-05-29 17:19:51,249 - log - INFO - iter:2320/3669, clip_acc1=91.50862121582031, tta_acc1=93.23275756835938
2025-05-29 17:19:51,249 - log - INFO - iter:2320/3669, Original Acc@1: 91.51, Acc@5: 99.74, TTA Acc@1: 93.23, Acc@5: 99.61
2025-05-29 17:20:34,411 - log - INFO - iter:2340/3669, clip_acc1=91.5811996459961, tta_acc1=93.29059600830078
2025-05-29 17:20:34,411 - log - INFO - iter:2340/3669, Original Acc@1: 91.58, Acc@5: 99.74, TTA Acc@1: 93.29, Acc@5: 99.62
2025-05-29 17:21:17,517 - log - INFO - iter:2360/3669, clip_acc1=91.65254211425781, tta_acc1=93.34745788574219
2025-05-29 17:21:17,518 - log - INFO - iter:2360/3669, Original Acc@1: 91.65, Acc@5: 99.75, TTA Acc@1: 93.35, Acc@5: 99.62
2025-05-29 17:22:00,697 - log - INFO - iter:2380/3669, clip_acc1=91.72268676757812, tta_acc1=93.40335845947266
2025-05-29 17:22:00,697 - log - INFO - iter:2380/3669, Original Acc@1: 91.72, Acc@5: 99.75, TTA Acc@1: 93.40, Acc@5: 99.62
2025-05-29 17:22:43,625 - log - INFO - iter:2400/3669, clip_acc1=91.79167175292969, tta_acc1=93.45833587646484
2025-05-29 17:22:43,626 - log - INFO - iter:2400/3669, Original Acc@1: 91.79, Acc@5: 99.75, TTA Acc@1: 93.46, Acc@5: 99.62
2025-05-29 17:23:26,825 - log - INFO - iter:2420/3669, clip_acc1=91.85950469970703, tta_acc1=93.51239776611328
2025-05-29 17:23:26,825 - log - INFO - iter:2420/3669, Original Acc@1: 91.86, Acc@5: 99.75, TTA Acc@1: 93.51, Acc@5: 99.63
2025-05-29 17:24:10,480 - log - INFO - iter:2440/3669, clip_acc1=91.92623138427734, tta_acc1=93.5655746459961
2025-05-29 17:24:10,480 - log - INFO - iter:2440/3669, Original Acc@1: 91.93, Acc@5: 99.75, TTA Acc@1: 93.57, Acc@5: 99.63
2025-05-29 17:24:53,811 - log - INFO - iter:2460/3669, clip_acc1=91.99186706542969, tta_acc1=93.61788177490234
2025-05-29 17:24:53,811 - log - INFO - iter:2460/3669, Original Acc@1: 91.99, Acc@5: 99.76, TTA Acc@1: 93.62, Acc@5: 99.63
2025-05-29 17:25:36,935 - log - INFO - iter:2480/3669, clip_acc1=92.05644989013672, tta_acc1=93.66934967041016
2025-05-29 17:25:36,936 - log - INFO - iter:2480/3669, Original Acc@1: 92.06, Acc@5: 99.76, TTA Acc@1: 93.67, Acc@5: 99.64
2025-05-29 17:26:20,009 - log - INFO - iter:2500/3669, clip_acc1=92.1199951171875, tta_acc1=93.72000122070312
2025-05-29 17:26:20,010 - log - INFO - iter:2500/3669, Original Acc@1: 92.12, Acc@5: 99.76, TTA Acc@1: 93.72, Acc@5: 99.64
2025-05-29 17:27:03,170 - log - INFO - iter:2520/3669, clip_acc1=92.18254089355469, tta_acc1=93.76984405517578
2025-05-29 17:27:03,170 - log - INFO - iter:2520/3669, Original Acc@1: 92.18, Acc@5: 99.76, TTA Acc@1: 93.77, Acc@5: 99.64
2025-05-29 17:27:46,278 - log - INFO - iter:2540/3669, clip_acc1=92.24409484863281, tta_acc1=93.81890106201172
2025-05-29 17:27:46,279 - log - INFO - iter:2540/3669, Original Acc@1: 92.24, Acc@5: 99.76, TTA Acc@1: 93.82, Acc@5: 99.65
2025-05-29 17:28:29,334 - log - INFO - iter:2560/3669, clip_acc1=92.265625, tta_acc1=93.828125
2025-05-29 17:28:29,334 - log - INFO - iter:2560/3669, Original Acc@1: 92.27, Acc@5: 99.77, TTA Acc@1: 93.83, Acc@5: 99.65
2025-05-29 17:29:12,329 - log - INFO - iter:2580/3669, clip_acc1=92.3255844116211, tta_acc1=93.87596893310547
2025-05-29 17:29:12,329 - log - INFO - iter:2580/3669, Original Acc@1: 92.33, Acc@5: 99.77, TTA Acc@1: 93.88, Acc@5: 99.65
2025-05-29 17:29:55,385 - log - INFO - iter:2600/3669, clip_acc1=92.07691955566406, tta_acc1=93.61538696289062
2025-05-29 17:29:55,386 - log - INFO - iter:2600/3669, Original Acc@1: 92.08, Acc@5: 99.77, TTA Acc@1: 93.62, Acc@5: 99.65
2025-05-29 17:30:38,378 - log - INFO - iter:2620/3669, clip_acc1=91.87023162841797, tta_acc1=93.3969497680664
2025-05-29 17:30:50,007 - log - INFO - iter:2620/3669, Original Acc@1: 91.87, Acc@5: 99.77, TTA Acc@1: 93.40, Acc@5: 99.66
2025-05-29 17:31:33,398 - log - INFO - iter:2640/3669, clip_acc1=91.7802963256836, tta_acc1=93.33332824707031
2025-05-29 17:31:33,398 - log - INFO - iter:2640/3669, Original Acc@1: 91.78, Acc@5: 99.77, TTA Acc@1: 93.33, Acc@5: 99.66
2025-05-29 17:32:16,164 - log - INFO - iter:2660/3669, clip_acc1=91.65413665771484, tta_acc1=93.15789794921875
2025-05-29 17:32:16,164 - log - INFO - iter:2660/3669, Original Acc@1: 91.65, Acc@5: 99.77, TTA Acc@1: 93.16, Acc@5: 99.66
2025-05-29 17:32:59,283 - log - INFO - iter:2680/3669, clip_acc1=91.60447692871094, tta_acc1=93.02239227294922
2025-05-29 17:32:59,284 - log - INFO - iter:2680/3669, Original Acc@1: 91.60, Acc@5: 99.78, TTA Acc@1: 93.02, Acc@5: 99.66
2025-05-29 17:33:41,879 - log - INFO - iter:2700/3669, clip_acc1=91.62963104248047, tta_acc1=93.0740737915039
2025-05-29 17:33:41,879 - log - INFO - iter:2700/3669, Original Acc@1: 91.63, Acc@5: 99.78, TTA Acc@1: 93.07, Acc@5: 99.67
2025-05-29 17:34:24,833 - log - INFO - iter:2720/3669, clip_acc1=91.65441131591797, tta_acc1=93.125
2025-05-29 17:34:24,834 - log - INFO - iter:2720/3669, Original Acc@1: 91.65, Acc@5: 99.78, TTA Acc@1: 93.12, Acc@5: 99.67
2025-05-29 17:35:08,366 - log - INFO - iter:2740/3669, clip_acc1=91.71532440185547, tta_acc1=93.17517852783203
2025-05-29 17:35:08,366 - log - INFO - iter:2740/3669, Original Acc@1: 91.72, Acc@5: 99.78, TTA Acc@1: 93.18, Acc@5: 99.67
2025-05-29 17:35:51,397 - log - INFO - iter:2760/3669, clip_acc1=91.7753677368164, tta_acc1=93.22463989257812
2025-05-29 17:35:51,397 - log - INFO - iter:2760/3669, Original Acc@1: 91.78, Acc@5: 99.78, TTA Acc@1: 93.22, Acc@5: 99.67
2025-05-29 17:36:34,343 - log - INFO - iter:2780/3669, clip_acc1=91.72661590576172, tta_acc1=93.23741149902344
2025-05-29 17:36:34,343 - log - INFO - iter:2780/3669, Original Acc@1: 91.73, Acc@5: 99.78, TTA Acc@1: 93.24, Acc@5: 99.68
2025-05-29 17:37:17,335 - log - INFO - iter:2800/3669, clip_acc1=91.71428680419922, tta_acc1=93.21428680419922
2025-05-29 17:37:17,335 - log - INFO - iter:2800/3669, Original Acc@1: 91.71, Acc@5: 99.75, TTA Acc@1: 93.21, Acc@5: 99.64
2025-05-29 17:38:00,148 - log - INFO - iter:2820/3669, clip_acc1=91.7730484008789, tta_acc1=93.26240539550781
2025-05-29 17:38:00,148 - log - INFO - iter:2820/3669, Original Acc@1: 91.77, Acc@5: 99.75, TTA Acc@1: 93.26, Acc@5: 99.65
2025-05-29 17:38:43,148 - log - INFO - iter:2840/3669, clip_acc1=91.83098602294922, tta_acc1=93.30985260009766
2025-05-29 17:38:43,148 - log - INFO - iter:2840/3669, Original Acc@1: 91.83, Acc@5: 99.75, TTA Acc@1: 93.31, Acc@5: 99.65
2025-05-29 17:39:25,970 - log - INFO - iter:2860/3669, clip_acc1=91.88811492919922, tta_acc1=93.35664367675781
2025-05-29 17:39:25,970 - log - INFO - iter:2860/3669, Original Acc@1: 91.89, Acc@5: 99.76, TTA Acc@1: 93.36, Acc@5: 99.65
2025-05-29 17:40:08,795 - log - INFO - iter:2880/3669, clip_acc1=91.94445037841797, tta_acc1=93.40277862548828
2025-05-29 17:40:08,795 - log - INFO - iter:2880/3669, Original Acc@1: 91.94, Acc@5: 99.76, TTA Acc@1: 93.40, Acc@5: 99.65
2025-05-29 17:40:52,050 - log - INFO - iter:2900/3669, clip_acc1=92.0, tta_acc1=93.44828033447266
2025-05-29 17:40:52,050 - log - INFO - iter:2900/3669, Original Acc@1: 92.00, Acc@5: 99.76, TTA Acc@1: 93.45, Acc@5: 99.66
2025-05-29 17:41:34,753 - log - INFO - iter:2920/3669, clip_acc1=92.05479431152344, tta_acc1=93.49315643310547
2025-05-29 17:41:34,753 - log - INFO - iter:2920/3669, Original Acc@1: 92.05, Acc@5: 99.76, TTA Acc@1: 93.49, Acc@5: 99.66
2025-05-29 17:42:18,001 - log - INFO - iter:2940/3669, clip_acc1=92.10884857177734, tta_acc1=93.53741455078125
2025-05-29 17:42:18,002 - log - INFO - iter:2940/3669, Original Acc@1: 92.11, Acc@5: 99.76, TTA Acc@1: 93.54, Acc@5: 99.66
2025-05-29 17:43:01,011 - log - INFO - iter:2960/3669, clip_acc1=92.12837982177734, tta_acc1=93.58108520507812
2025-05-29 17:43:01,012 - log - INFO - iter:2960/3669, Original Acc@1: 92.13, Acc@5: 99.76, TTA Acc@1: 93.58, Acc@5: 99.66
2025-05-29 17:43:43,841 - log - INFO - iter:2980/3669, clip_acc1=92.18121337890625, tta_acc1=93.6241683959961
2025-05-29 17:43:43,842 - log - INFO - iter:2980/3669, Original Acc@1: 92.18, Acc@5: 99.77, TTA Acc@1: 93.62, Acc@5: 99.66
2025-05-29 17:44:26,541 - log - INFO - iter:3000/3669, clip_acc1=92.23332977294922, tta_acc1=93.66666412353516
2025-05-29 17:44:26,542 - log - INFO - iter:3000/3669, Original Acc@1: 92.23, Acc@5: 99.77, TTA Acc@1: 93.67, Acc@5: 99.67
2025-05-29 17:45:10,591 - log - INFO - iter:3020/3669, clip_acc1=92.2847671508789, tta_acc1=93.70861053466797
2025-05-29 17:45:10,591 - log - INFO - iter:3020/3669, Original Acc@1: 92.28, Acc@5: 99.77, TTA Acc@1: 93.71, Acc@5: 99.67
2025-05-29 17:45:53,557 - log - INFO - iter:3040/3669, clip_acc1=92.33553314208984, tta_acc1=93.75000762939453
2025-05-29 17:45:53,557 - log - INFO - iter:3040/3669, Original Acc@1: 92.34, Acc@5: 99.77, TTA Acc@1: 93.75, Acc@5: 99.67
2025-05-29 17:46:37,039 - log - INFO - iter:3060/3669, clip_acc1=92.35294342041016, tta_acc1=93.72549438476562
2025-05-29 17:46:37,039 - log - INFO - iter:3060/3669, Original Acc@1: 92.35, Acc@5: 99.77, TTA Acc@1: 93.73, Acc@5: 99.67
2025-05-29 17:47:20,005 - log - INFO - iter:3080/3669, clip_acc1=92.40259552001953, tta_acc1=93.7662353515625
2025-05-29 17:47:20,006 - log - INFO - iter:3080/3669, Original Acc@1: 92.40, Acc@5: 99.77, TTA Acc@1: 93.77, Acc@5: 99.68
2025-05-29 17:48:03,086 - log - INFO - iter:3100/3669, clip_acc1=92.45161437988281, tta_acc1=93.77420043945312
2025-05-29 17:48:03,086 - log - INFO - iter:3100/3669, Original Acc@1: 92.45, Acc@5: 99.77, TTA Acc@1: 93.77, Acc@5: 99.68
2025-05-29 17:48:46,133 - log - INFO - iter:3120/3669, clip_acc1=92.5, tta_acc1=93.81410217285156
2025-05-29 17:48:46,133 - log - INFO - iter:3120/3669, Original Acc@1: 92.50, Acc@5: 99.78, TTA Acc@1: 93.81, Acc@5: 99.68
2025-05-29 17:49:28,755 - log - INFO - iter:3140/3669, clip_acc1=92.54777526855469, tta_acc1=93.85350799560547
2025-05-29 17:49:28,755 - log - INFO - iter:3140/3669, Original Acc@1: 92.55, Acc@5: 99.78, TTA Acc@1: 93.85, Acc@5: 99.68
2025-05-29 17:50:12,395 - log - INFO - iter:3160/3669, clip_acc1=92.59494018554688, tta_acc1=93.89240264892578
2025-05-29 17:50:12,396 - log - INFO - iter:3160/3669, Original Acc@1: 92.59, Acc@5: 99.78, TTA Acc@1: 93.89, Acc@5: 99.68
2025-05-29 17:50:55,684 - log - INFO - iter:3180/3669, clip_acc1=92.64151000976562, tta_acc1=93.93081665039062
2025-05-29 17:50:55,685 - log - INFO - iter:3180/3669, Original Acc@1: 92.64, Acc@5: 99.78, TTA Acc@1: 93.93, Acc@5: 99.69
2025-05-29 17:51:38,157 - log - INFO - iter:3200/3669, clip_acc1=92.59375, tta_acc1=93.90625
2025-05-29 17:51:38,158 - log - INFO - iter:3200/3669, Original Acc@1: 92.59, Acc@5: 99.78, TTA Acc@1: 93.91, Acc@5: 99.69
2025-05-29 17:52:20,865 - log - INFO - iter:3220/3669, clip_acc1=92.6397476196289, tta_acc1=93.94409942626953
2025-05-29 17:52:20,865 - log - INFO - iter:3220/3669, Original Acc@1: 92.64, Acc@5: 99.78, TTA Acc@1: 93.94, Acc@5: 99.69
2025-05-29 17:53:03,807 - log - INFO - iter:3240/3669, clip_acc1=92.68518829345703, tta_acc1=93.98148345947266
2025-05-29 17:53:03,807 - log - INFO - iter:3240/3669, Original Acc@1: 92.69, Acc@5: 99.78, TTA Acc@1: 93.98, Acc@5: 99.69
2025-05-29 17:53:46,777 - log - INFO - iter:3260/3669, clip_acc1=92.73006439208984, tta_acc1=94.01840209960938
2025-05-29 17:53:46,778 - log - INFO - iter:3260/3669, Original Acc@1: 92.73, Acc@5: 99.79, TTA Acc@1: 94.02, Acc@5: 99.69
2025-05-29 17:54:29,580 - log - INFO - iter:3280/3669, clip_acc1=92.7743911743164, tta_acc1=94.05487823486328
2025-05-29 17:54:29,580 - log - INFO - iter:3280/3669, Original Acc@1: 92.77, Acc@5: 99.79, TTA Acc@1: 94.05, Acc@5: 99.70
2025-05-29 17:55:13,177 - log - INFO - iter:3300/3669, clip_acc1=92.81818389892578, tta_acc1=94.09091186523438
2025-05-29 17:55:13,177 - log - INFO - iter:3300/3669, Original Acc@1: 92.82, Acc@5: 99.79, TTA Acc@1: 94.09, Acc@5: 99.70
2025-05-29 17:55:56,332 - log - INFO - iter:3320/3669, clip_acc1=92.8614501953125, tta_acc1=94.12651062011719
2025-05-29 17:55:56,333 - log - INFO - iter:3320/3669, Original Acc@1: 92.86, Acc@5: 99.79, TTA Acc@1: 94.13, Acc@5: 99.70
2025-05-29 17:56:39,674 - log - INFO - iter:3340/3669, clip_acc1=92.90419006347656, tta_acc1=94.16168212890625
2025-05-29 17:56:39,674 - log - INFO - iter:3340/3669, Original Acc@1: 92.90, Acc@5: 99.79, TTA Acc@1: 94.16, Acc@5: 99.70
2025-05-29 17:57:22,660 - log - INFO - iter:3360/3669, clip_acc1=92.9464340209961, tta_acc1=94.1964340209961
2025-05-29 17:57:22,660 - log - INFO - iter:3360/3669, Original Acc@1: 92.95, Acc@5: 99.79, TTA Acc@1: 94.20, Acc@5: 99.70
2025-05-29 17:58:05,553 - log - INFO - iter:3380/3669, clip_acc1=92.98816680908203, tta_acc1=94.23076629638672
2025-05-29 17:58:05,554 - log - INFO - iter:3380/3669, Original Acc@1: 92.99, Acc@5: 99.79, TTA Acc@1: 94.23, Acc@5: 99.70
2025-05-29 17:58:48,392 - log - INFO - iter:3400/3669, clip_acc1=93.0, tta_acc1=94.26470184326172
2025-05-29 17:58:48,392 - log - INFO - iter:3400/3669, Original Acc@1: 93.00, Acc@5: 99.79, TTA Acc@1: 94.26, Acc@5: 99.71
2025-05-29 17:59:31,477 - log - INFO - iter:3420/3669, clip_acc1=92.95321655273438, tta_acc1=94.23976135253906
2025-05-29 17:59:31,477 - log - INFO - iter:3420/3669, Original Acc@1: 92.95, Acc@5: 99.80, TTA Acc@1: 94.24, Acc@5: 99.71
2025-05-29 18:00:14,694 - log - INFO - iter:3440/3669, clip_acc1=92.99418640136719, tta_acc1=94.27325439453125
2025-05-29 18:00:14,695 - log - INFO - iter:3440/3669, Original Acc@1: 92.99, Acc@5: 99.80, TTA Acc@1: 94.27, Acc@5: 99.71
2025-05-29 18:00:57,732 - log - INFO - iter:3460/3669, clip_acc1=93.03468322753906, tta_acc1=94.30635833740234
2025-05-29 18:00:57,732 - log - INFO - iter:3460/3669, Original Acc@1: 93.03, Acc@5: 99.80, TTA Acc@1: 94.31, Acc@5: 99.71
2025-05-29 18:01:40,610 - log - INFO - iter:3480/3669, clip_acc1=93.07471466064453, tta_acc1=94.31034088134766
2025-05-29 18:01:40,610 - log - INFO - iter:3480/3669, Original Acc@1: 93.07, Acc@5: 99.80, TTA Acc@1: 94.31, Acc@5: 99.68
2025-05-29 18:02:23,362 - log - INFO - iter:3500/3669, clip_acc1=93.11428833007812, tta_acc1=94.31428527832031
2025-05-29 18:02:23,362 - log - INFO - iter:3500/3669, Original Acc@1: 93.11, Acc@5: 99.80, TTA Acc@1: 94.31, Acc@5: 99.69
2025-05-29 18:03:06,276 - log - INFO - iter:3520/3669, clip_acc1=93.125, tta_acc1=94.31817626953125
2025-05-29 18:03:06,276 - log - INFO - iter:3520/3669, Original Acc@1: 93.12, Acc@5: 99.80, TTA Acc@1: 94.32, Acc@5: 99.69
2025-05-29 18:03:49,148 - log - INFO - iter:3540/3669, clip_acc1=93.1638412475586, tta_acc1=94.35028839111328
2025-05-29 18:03:49,148 - log - INFO - iter:3540/3669, Original Acc@1: 93.16, Acc@5: 99.80, TTA Acc@1: 94.35, Acc@5: 99.69
2025-05-29 18:04:32,344 - log - INFO - iter:3560/3669, clip_acc1=93.2022476196289, tta_acc1=94.38202667236328
2025-05-29 18:04:32,345 - log - INFO - iter:3560/3669, Original Acc@1: 93.20, Acc@5: 99.80, TTA Acc@1: 94.38, Acc@5: 99.69
2025-05-29 18:05:15,759 - log - INFO - iter:3580/3669, clip_acc1=93.18435668945312, tta_acc1=94.3854751586914
2025-05-29 18:05:15,759 - log - INFO - iter:3580/3669, Original Acc@1: 93.18, Acc@5: 99.80, TTA Acc@1: 94.39, Acc@5: 99.69
2025-05-29 18:05:58,725 - log - INFO - iter:3600/3669, clip_acc1=93.22222137451172, tta_acc1=94.41667175292969
2025-05-29 18:05:58,725 - log - INFO - iter:3600/3669, Original Acc@1: 93.22, Acc@5: 99.81, TTA Acc@1: 94.42, Acc@5: 99.69
2025-05-29 18:06:41,675 - log - INFO - iter:3620/3669, clip_acc1=93.2596664428711, tta_acc1=94.447509765625
2025-05-29 18:06:41,675 - log - INFO - iter:3620/3669, Original Acc@1: 93.26, Acc@5: 99.81, TTA Acc@1: 94.45, Acc@5: 99.70
2025-05-29 18:07:24,937 - log - INFO - iter:3640/3669, clip_acc1=93.29670715332031, tta_acc1=94.47802734375
2025-05-29 18:07:24,937 - log - INFO - iter:3640/3669, Original Acc@1: 93.30, Acc@5: 99.81, TTA Acc@1: 94.48, Acc@5: 99.70
2025-05-29 18:08:07,980 - log - INFO - iter:3660/3669, clip_acc1=93.33333587646484, tta_acc1=94.5082015991211
2025-05-29 18:08:07,980 - log - INFO - iter:3660/3669, Original Acc@1: 93.33, Acc@5: 99.81, TTA Acc@1: 94.51, Acc@5: 99.70
2025-05-29 18:08:23,929 - log - INFO - iter:3669/3669, clip_acc1=93.34968566894531, tta_acc1=94.4944076538086
2025-05-29 18:08:23,929 - log - INFO - iter:3669/3669, Original Acc@1: 93.35, Acc@5: 99.81, TTA Acc@1: 94.49, Acc@5: 99.70
2025-05-29 18:08:24,037 - log - INFO - Final results - Original Acc@1: 93.35, Acc@5: 99.81, TTA Acc@1: 94.49, Acc@5: 99.70
2025-05-29 18:08:24,038 - log - INFO - Improvement from TTA in Acc@1 1.14, and Acc@5 -0.11
2025-05-29 18:08:24,285 - log - INFO - Weighted scores saved to /leonardo_work/EUHPC_R04_192/fmohamma/Adversarial_Robust_Clip/ATPT/Final_Results/ViT-L/14/Pets/Clean/Counter_Attack/Eps_4_0_Steps_0_Alpha_1_0/tau_0_2_beta_2_0_weighted_pertrubation_True/No_TPT/Inference_Ensemble_weighted_rtpt_topk_20_softmaxtemp_0_01/weighted_scores.json
2025-05-29 18:08:24,285 - log - INFO - Creating plot of average weights for each view
2025-05-29 18:08:30,066 - log - INFO - Average weights plot saved to /leonardo_work/EUHPC_R04_192/fmohamma/Adversarial_Robust_Clip/ATPT/Final_Results/ViT-L/14/Pets/Clean/Counter_Attack/Eps_4_0_Steps_0_Alpha_1_0/tau_0_2_beta_2_0_weighted_pertrubation_True/No_TPT/Inference_Ensemble_weighted_rtpt_topk_20_softmaxtemp_0_01/weighted_scores_plot.png
2025-05-29 18:08:30,070 - log - INFO - => Acc. on testset [Pets]: Clean Acc @1 93.34968566894531/ TTA Clean Acc @1 94.4944076538086, Clean Acc @5 99.80921173095703/ TTA Clean Acc @5 99.70018768310547
2025-05-29 18:08:30,070 - log - INFO - Total script execution time: 7988.25 seconds (133.14 minutes)
