2025-06-02 20:05:20,153 - log - INFO - ==========================================
data:/leonardo_work/EUHPC_R04_192/fmohamma/Adversarial_Robust_Clip/atpt_data/downstream_datasets
test_sets:Flower102
dataset_mode:test
arch:ViT-L/14
resolution:224
workers:4
no_pin_memory:False
batch_size:64
print_freq:20
gpu:0
no_cudnn_benchmark:False
n_ctx:4
ctx_init:a_photo_of_a
tpt_loss:rtpt
seed:0
output_dir:/leonardo_work/EUHPC_R04_192/fmohamma/Adversarial_Robust_Clip/atpt_data/ViT-L/14/Flower102
log_output_dir:/leonardo_work/EUHPC_R04_192/fmohamma/Adversarial_Robust_Clip/ATPT/Final_Results/ViT-L/14/Flower102
eps:0.0
alpha:0.0
alpha_eps_ratio:4.0
steps:0
lr:0.005
selection_p:0.1
tta_steps:1
ensemble_type:weighted_rtpt
top_k:20
softmax_temp:0.01
counter_attack:True
counter_attack_type:pgd
counter_attack_steps:0
counter_attack_eps:2.0
counter_attack_alpha:1.0
counter_attack_tau_thres:0.2
counter_attack_beta:2.0
counter_attack_weighted_perturbations:True
pgd_clip_pure_i_text_embeddings:null
pgd_counter_and_clipure_i_lamda:1.0
selected_id_name:selected_topk.json
weighted_score_name:weighted_scores.json
batch_entropy_name:entropies.json
log_dir:/leonardo_work/EUHPC_R04_192/fmohamma/Adversarial_Robust_Clip/ATPT/Final_Results/ViT-L/14/Flower102/Clean/Counter_Attack/Eps_2_0_Steps_0_Alpha_1_0/tau_0_2_beta_2_0_weighted_pertrubation_True/TPT/Optimization_Loss_rtpt_LR_0_005_Optimization_Steps_1_View_Selection_Fraction_0_1/Inference_Ensemble_weighted_rtpt_topk_20_softmaxtemp_0_01

2025-06-02 20:05:20,153 - log - INFO - Use GPU: 0 for training
2025-06-02 20:06:20,118 - log - INFO - Freezing all parameters except prompt learner
2025-06-02 20:06:20,119 - log - INFO - => Model created: visual backbone ViT-L/14
2025-06-02 20:06:20,128 - log - INFO - Number of test samples: 2463
2025-06-02 20:06:20,129 - log - INFO - Evaluating dataset: Flower102
2025-06-02 20:06:20,130 - log - INFO - Starting evaluation with batch size: 64, selection percentage: 0.1
2025-06-02 20:06:20,130 - log - INFO - Test-time adaptation steps: 1, learning rate: 0.005
2025-06-02 20:06:20,130 - log - INFO - Using counter-attack with epsilon: 2.000000, alpha: 0.000000, steps: 0, tau_thres: 0.2, beta: 2.0, weighted perturbation: True
2025-06-02 20:07:29,320 - log - INFO - iter:20/2463, clip_acc1=100.0, tta_acc1=100.0
2025-06-02 20:07:29,320 - log - INFO - iter:20/2463, Original Acc@1: 100.00, Acc@5: 100.00, TTA Acc@1: 100.00, Acc@5: 100.00
2025-06-02 20:08:26,815 - log - INFO - iter:40/2463, clip_acc1=100.0, tta_acc1=100.0
2025-06-02 20:08:26,815 - log - INFO - iter:40/2463, Original Acc@1: 100.00, Acc@5: 100.00, TTA Acc@1: 100.00, Acc@5: 100.00
2025-06-02 20:09:24,274 - log - INFO - iter:60/2463, clip_acc1=100.00000762939453, tta_acc1=100.00000762939453
2025-06-02 20:09:24,274 - log - INFO - iter:60/2463, Original Acc@1: 100.00, Acc@5: 100.00, TTA Acc@1: 100.00, Acc@5: 100.00
2025-06-02 20:10:21,720 - log - INFO - iter:80/2463, clip_acc1=98.75, tta_acc1=98.75
2025-06-02 20:10:21,720 - log - INFO - iter:80/2463, Original Acc@1: 98.75, Acc@5: 100.00, TTA Acc@1: 98.75, Acc@5: 100.00
2025-06-02 20:11:19,308 - log - INFO - iter:100/2463, clip_acc1=95.0, tta_acc1=96.0
2025-06-02 20:11:19,308 - log - INFO - iter:100/2463, Original Acc@1: 95.00, Acc@5: 100.00, TTA Acc@1: 96.00, Acc@5: 100.00
2025-06-02 20:12:17,821 - log - INFO - iter:120/2463, clip_acc1=94.16667175292969, tta_acc1=95.00000762939453
2025-06-02 20:12:17,821 - log - INFO - iter:120/2463, Original Acc@1: 94.17, Acc@5: 100.00, TTA Acc@1: 95.00, Acc@5: 100.00
2025-06-02 20:13:15,378 - log - INFO - iter:140/2463, clip_acc1=93.57142639160156, tta_acc1=95.71428680419922
2025-06-02 20:13:15,378 - log - INFO - iter:140/2463, Original Acc@1: 93.57, Acc@5: 100.00, TTA Acc@1: 95.71, Acc@5: 100.00
2025-06-02 20:14:16,117 - log - INFO - iter:160/2463, clip_acc1=93.125, tta_acc1=95.625
2025-06-02 20:14:16,117 - log - INFO - iter:160/2463, Original Acc@1: 93.12, Acc@5: 100.00, TTA Acc@1: 95.62, Acc@5: 100.00
2025-06-02 20:15:17,464 - log - INFO - iter:180/2463, clip_acc1=92.77777862548828, tta_acc1=95.55555725097656
2025-06-02 20:15:17,464 - log - INFO - iter:180/2463, Original Acc@1: 92.78, Acc@5: 99.44, TTA Acc@1: 95.56, Acc@5: 99.44
2025-06-02 20:16:15,152 - log - INFO - iter:200/2463, clip_acc1=83.5, tta_acc1=86.0
2025-06-02 20:16:15,152 - log - INFO - iter:200/2463, Original Acc@1: 83.50, Acc@5: 89.50, TTA Acc@1: 86.00, Acc@5: 89.50
2025-06-02 20:17:12,869 - log - INFO - iter:220/2463, clip_acc1=75.90908813476562, tta_acc1=78.18181610107422
2025-06-02 20:17:12,869 - log - INFO - iter:220/2463, Original Acc@1: 75.91, Acc@5: 81.36, TTA Acc@1: 78.18, Acc@5: 81.36
2025-06-02 20:18:10,408 - log - INFO - iter:240/2463, clip_acc1=72.08333587646484, tta_acc1=74.16667175292969
2025-06-02 20:18:10,408 - log - INFO - iter:240/2463, Original Acc@1: 72.08, Acc@5: 77.08, TTA Acc@1: 74.17, Acc@5: 77.08
2025-06-02 20:19:07,865 - log - INFO - iter:260/2463, clip_acc1=74.23076629638672, tta_acc1=76.15384674072266
2025-06-02 20:19:07,865 - log - INFO - iter:260/2463, Original Acc@1: 74.23, Acc@5: 78.85, TTA Acc@1: 76.15, Acc@5: 78.85
2025-06-02 20:20:05,465 - log - INFO - iter:280/2463, clip_acc1=76.07142639160156, tta_acc1=77.85713958740234
2025-06-02 20:20:05,465 - log - INFO - iter:280/2463, Original Acc@1: 76.07, Acc@5: 80.36, TTA Acc@1: 77.86, Acc@5: 80.36
2025-06-02 20:21:02,907 - log - INFO - iter:300/2463, clip_acc1=72.33333587646484, tta_acc1=74.0
2025-06-02 20:21:02,907 - log - INFO - iter:300/2463, Original Acc@1: 72.33, Acc@5: 80.33, TTA Acc@1: 74.00, Acc@5: 77.00
2025-06-02 20:22:00,870 - log - INFO - iter:320/2463, clip_acc1=68.4375, tta_acc1=69.375
2025-06-02 20:22:00,870 - log - INFO - iter:320/2463, Original Acc@1: 68.44, Acc@5: 80.00, TTA Acc@1: 69.38, Acc@5: 73.12
2025-06-02 20:22:58,727 - log - INFO - iter:340/2463, clip_acc1=65.0, tta_acc1=65.88235473632812
2025-06-02 20:22:58,728 - log - INFO - iter:340/2463, Original Acc@1: 65.00, Acc@5: 80.59, TTA Acc@1: 65.88, Acc@5: 69.71
2025-06-02 20:23:56,352 - log - INFO - iter:360/2463, clip_acc1=66.3888931274414, tta_acc1=66.94444274902344
2025-06-02 20:23:56,352 - log - INFO - iter:360/2463, Original Acc@1: 66.39, Acc@5: 81.67, TTA Acc@1: 66.94, Acc@5: 71.11
2025-06-02 20:24:54,033 - log - INFO - iter:380/2463, clip_acc1=68.15789794921875, tta_acc1=68.68421173095703
2025-06-02 20:24:54,033 - log - INFO - iter:380/2463, Original Acc@1: 68.16, Acc@5: 82.63, TTA Acc@1: 68.68, Acc@5: 72.63
2025-06-02 20:25:51,724 - log - INFO - iter:400/2463, clip_acc1=69.5, tta_acc1=70.0
2025-06-02 20:25:51,724 - log - INFO - iter:400/2463, Original Acc@1: 69.50, Acc@5: 83.50, TTA Acc@1: 70.00, Acc@5: 74.00
2025-06-02 20:26:49,258 - log - INFO - iter:420/2463, clip_acc1=68.0952377319336, tta_acc1=70.23809814453125
2025-06-02 20:26:49,258 - log - INFO - iter:420/2463, Original Acc@1: 68.10, Acc@5: 84.29, TTA Acc@1: 70.24, Acc@5: 75.24
2025-06-02 20:27:46,901 - log - INFO - iter:440/2463, clip_acc1=66.36363220214844, tta_acc1=69.7727279663086
2025-06-02 20:27:46,901 - log - INFO - iter:440/2463, Original Acc@1: 66.36, Acc@5: 85.00, TTA Acc@1: 69.77, Acc@5: 76.36
2025-06-02 20:28:44,516 - log - INFO - iter:460/2463, clip_acc1=65.21739196777344, tta_acc1=69.56521606445312
2025-06-02 20:28:44,517 - log - INFO - iter:460/2463, Original Acc@1: 65.22, Acc@5: 85.65, TTA Acc@1: 69.57, Acc@5: 77.39
2025-06-02 20:29:42,097 - log - INFO - iter:480/2463, clip_acc1=65.625, tta_acc1=70.0
2025-06-02 20:29:42,097 - log - INFO - iter:480/2463, Original Acc@1: 65.62, Acc@5: 86.25, TTA Acc@1: 70.00, Acc@5: 78.33
2025-06-02 20:30:40,717 - log - INFO - iter:500/2463, clip_acc1=67.0, tta_acc1=71.20000457763672
2025-06-02 20:30:40,717 - log - INFO - iter:500/2463, Original Acc@1: 67.00, Acc@5: 86.80, TTA Acc@1: 71.20, Acc@5: 79.20
2025-06-02 20:31:38,460 - log - INFO - iter:520/2463, clip_acc1=68.26923370361328, tta_acc1=72.30769348144531
2025-06-02 20:31:38,461 - log - INFO - iter:520/2463, Original Acc@1: 68.27, Acc@5: 87.31, TTA Acc@1: 72.31, Acc@5: 80.00
2025-06-02 20:32:36,015 - log - INFO - iter:540/2463, clip_acc1=69.44444274902344, tta_acc1=73.33332824707031
2025-06-02 20:32:36,016 - log - INFO - iter:540/2463, Original Acc@1: 69.44, Acc@5: 87.78, TTA Acc@1: 73.33, Acc@5: 80.74
2025-06-02 20:33:33,393 - log - INFO - iter:560/2463, clip_acc1=70.35713958740234, tta_acc1=74.10713958740234
2025-06-02 20:33:33,393 - log - INFO - iter:560/2463, Original Acc@1: 70.36, Acc@5: 88.21, TTA Acc@1: 74.11, Acc@5: 81.43
2025-06-02 20:34:31,040 - log - INFO - iter:580/2463, clip_acc1=71.20689392089844, tta_acc1=74.82758331298828
2025-06-02 20:34:31,041 - log - INFO - iter:580/2463, Original Acc@1: 71.21, Acc@5: 88.62, TTA Acc@1: 74.83, Acc@5: 82.07
2025-06-02 20:35:28,775 - log - INFO - iter:600/2463, clip_acc1=72.16667175292969, tta_acc1=75.5
2025-06-02 20:35:28,776 - log - INFO - iter:600/2463, Original Acc@1: 72.17, Acc@5: 89.00, TTA Acc@1: 75.50, Acc@5: 82.67
2025-06-02 20:36:26,373 - log - INFO - iter:620/2463, clip_acc1=73.06451416015625, tta_acc1=76.29032135009766
2025-06-02 20:36:26,373 - log - INFO - iter:620/2463, Original Acc@1: 73.06, Acc@5: 89.35, TTA Acc@1: 76.29, Acc@5: 83.23
2025-06-02 20:37:24,147 - log - INFO - iter:640/2463, clip_acc1=73.90625, tta_acc1=77.03125
2025-06-02 20:37:24,147 - log - INFO - iter:640/2463, Original Acc@1: 73.91, Acc@5: 89.69, TTA Acc@1: 77.03, Acc@5: 83.75
2025-06-02 20:38:21,847 - log - INFO - iter:660/2463, clip_acc1=72.8787841796875, tta_acc1=76.06060028076172
2025-06-02 20:38:21,848 - log - INFO - iter:660/2463, Original Acc@1: 72.88, Acc@5: 89.55, TTA Acc@1: 76.06, Acc@5: 83.33
2025-06-02 20:39:19,473 - log - INFO - iter:680/2463, clip_acc1=71.02941131591797, tta_acc1=74.26470947265625
2025-06-02 20:39:19,474 - log - INFO - iter:680/2463, Original Acc@1: 71.03, Acc@5: 89.41, TTA Acc@1: 74.26, Acc@5: 82.65
2025-06-02 20:40:17,099 - log - INFO - iter:700/2463, clip_acc1=71.57142639160156, tta_acc1=74.57142639160156
2025-06-02 20:40:17,099 - log - INFO - iter:700/2463, Original Acc@1: 71.57, Acc@5: 89.57, TTA Acc@1: 74.57, Acc@5: 82.86
2025-06-02 20:41:14,722 - log - INFO - iter:720/2463, clip_acc1=72.36111450195312, tta_acc1=75.1388931274414
2025-06-02 20:41:14,723 - log - INFO - iter:720/2463, Original Acc@1: 72.36, Acc@5: 89.86, TTA Acc@1: 75.14, Acc@5: 83.33
2025-06-02 20:42:12,411 - log - INFO - iter:740/2463, clip_acc1=70.54054260253906, tta_acc1=73.10810852050781
2025-06-02 20:42:12,412 - log - INFO - iter:740/2463, Original Acc@1: 70.54, Acc@5: 88.78, TTA Acc@1: 73.11, Acc@5: 81.62
2025-06-02 20:43:10,081 - log - INFO - iter:760/2463, clip_acc1=68.8157958984375, tta_acc1=71.18421173095703
2025-06-02 20:43:10,081 - log - INFO - iter:760/2463, Original Acc@1: 68.82, Acc@5: 87.89, TTA Acc@1: 71.18, Acc@5: 80.00
2025-06-02 20:44:07,572 - log - INFO - iter:780/2463, clip_acc1=69.61538696289062, tta_acc1=71.79487609863281
2025-06-02 20:44:07,572 - log - INFO - iter:780/2463, Original Acc@1: 69.62, Acc@5: 88.21, TTA Acc@1: 71.79, Acc@5: 80.51
2025-06-02 20:45:05,025 - log - INFO - iter:800/2463, clip_acc1=70.0, tta_acc1=72.25
2025-06-02 20:45:05,026 - log - INFO - iter:800/2463, Original Acc@1: 70.00, Acc@5: 88.50, TTA Acc@1: 72.25, Acc@5: 81.00
2025-06-02 20:46:02,541 - log - INFO - iter:820/2463, clip_acc1=70.48780822753906, tta_acc1=72.68292999267578
2025-06-02 20:46:02,541 - log - INFO - iter:820/2463, Original Acc@1: 70.49, Acc@5: 88.78, TTA Acc@1: 72.68, Acc@5: 81.46
2025-06-02 20:47:00,390 - log - INFO - iter:840/2463, clip_acc1=70.11904907226562, tta_acc1=72.5
2025-06-02 20:47:00,390 - log - INFO - iter:840/2463, Original Acc@1: 70.12, Acc@5: 89.05, TTA Acc@1: 72.50, Acc@5: 81.90
2025-06-02 20:47:57,991 - log - INFO - iter:860/2463, clip_acc1=69.18604278564453, tta_acc1=71.39534759521484
2025-06-02 20:47:57,991 - log - INFO - iter:860/2463, Original Acc@1: 69.19, Acc@5: 88.26, TTA Acc@1: 71.40, Acc@5: 81.28
2025-06-02 20:48:55,619 - log - INFO - iter:880/2463, clip_acc1=67.61363220214844, tta_acc1=69.7727279663086
2025-06-02 20:48:55,619 - log - INFO - iter:880/2463, Original Acc@1: 67.61, Acc@5: 86.25, TTA Acc@1: 69.77, Acc@5: 79.43
2025-06-02 20:49:53,233 - log - INFO - iter:900/2463, clip_acc1=67.66667175292969, tta_acc1=69.33333587646484
2025-06-02 20:49:53,233 - log - INFO - iter:900/2463, Original Acc@1: 67.67, Acc@5: 86.11, TTA Acc@1: 69.33, Acc@5: 79.44
2025-06-02 20:50:50,854 - log - INFO - iter:920/2463, clip_acc1=67.39130401611328, tta_acc1=69.02173614501953
2025-06-02 20:50:50,855 - log - INFO - iter:920/2463, Original Acc@1: 67.39, Acc@5: 86.41, TTA Acc@1: 69.02, Acc@5: 79.89
2025-06-02 20:51:48,572 - log - INFO - iter:940/2463, clip_acc1=67.44680786132812, tta_acc1=69.14893341064453
2025-06-02 20:51:48,573 - log - INFO - iter:940/2463, Original Acc@1: 67.45, Acc@5: 86.70, TTA Acc@1: 69.15, Acc@5: 80.32
2025-06-02 20:52:45,998 - log - INFO - iter:960/2463, clip_acc1=68.125, tta_acc1=69.79167175292969
2025-06-02 20:52:45,998 - log - INFO - iter:960/2463, Original Acc@1: 68.12, Acc@5: 86.98, TTA Acc@1: 69.79, Acc@5: 80.73
2025-06-02 20:53:43,346 - log - INFO - iter:980/2463, clip_acc1=68.77550506591797, tta_acc1=70.40815734863281
2025-06-02 20:53:43,346 - log - INFO - iter:980/2463, Original Acc@1: 68.78, Acc@5: 87.24, TTA Acc@1: 70.41, Acc@5: 81.12
2025-06-02 20:54:40,860 - log - INFO - iter:1000/2463, clip_acc1=69.20000457763672, tta_acc1=71.0
2025-06-02 20:54:40,860 - log - INFO - iter:1000/2463, Original Acc@1: 69.20, Acc@5: 87.50, TTA Acc@1: 71.00, Acc@5: 81.50
2025-06-02 20:55:38,275 - log - INFO - iter:1020/2463, clip_acc1=69.80392456054688, tta_acc1=71.56863403320312
2025-06-02 20:55:38,275 - log - INFO - iter:1020/2463, Original Acc@1: 69.80, Acc@5: 87.75, TTA Acc@1: 71.57, Acc@5: 81.86
2025-06-02 20:56:35,650 - log - INFO - iter:1040/2463, clip_acc1=70.38461303710938, tta_acc1=72.11538696289062
2025-06-02 20:56:35,650 - log - INFO - iter:1040/2463, Original Acc@1: 70.38, Acc@5: 87.98, TTA Acc@1: 72.12, Acc@5: 82.21
2025-06-02 20:57:33,148 - log - INFO - iter:1060/2463, clip_acc1=70.84906005859375, tta_acc1=72.54717254638672
2025-06-02 20:57:33,148 - log - INFO - iter:1060/2463, Original Acc@1: 70.85, Acc@5: 88.21, TTA Acc@1: 72.55, Acc@5: 82.55
2025-06-02 20:58:30,500 - log - INFO - iter:1080/2463, clip_acc1=70.55555725097656, tta_acc1=71.85185241699219
2025-06-02 20:58:30,500 - log - INFO - iter:1080/2463, Original Acc@1: 70.56, Acc@5: 88.24, TTA Acc@1: 71.85, Acc@5: 82.22
2025-06-02 20:59:28,098 - log - INFO - iter:1100/2463, clip_acc1=70.90908813476562, tta_acc1=72.18181610107422
2025-06-02 20:59:28,098 - log - INFO - iter:1100/2463, Original Acc@1: 70.91, Acc@5: 88.45, TTA Acc@1: 72.18, Acc@5: 82.55
2025-06-02 21:00:25,661 - log - INFO - iter:1120/2463, clip_acc1=71.42857360839844, tta_acc1=72.67857360839844
2025-06-02 21:00:25,662 - log - INFO - iter:1120/2463, Original Acc@1: 71.43, Acc@5: 88.66, TTA Acc@1: 72.68, Acc@5: 82.86
2025-06-02 21:01:23,354 - log - INFO - iter:1140/2463, clip_acc1=71.75438690185547, tta_acc1=72.71929931640625
2025-06-02 21:01:23,354 - log - INFO - iter:1140/2463, Original Acc@1: 71.75, Acc@5: 88.86, TTA Acc@1: 72.72, Acc@5: 82.98
2025-06-02 21:02:20,873 - log - INFO - iter:1160/2463, clip_acc1=71.03448486328125, tta_acc1=71.89655303955078
2025-06-02 21:02:20,873 - log - INFO - iter:1160/2463, Original Acc@1: 71.03, Acc@5: 88.45, TTA Acc@1: 71.90, Acc@5: 82.59
2025-06-02 21:03:18,426 - log - INFO - iter:1180/2463, clip_acc1=69.91525268554688, tta_acc1=70.76271057128906
2025-06-02 21:03:18,426 - log - INFO - iter:1180/2463, Original Acc@1: 69.92, Acc@5: 87.37, TTA Acc@1: 70.76, Acc@5: 81.61
2025-06-02 21:04:15,915 - log - INFO - iter:1200/2463, clip_acc1=70.41667175292969, tta_acc1=71.25
2025-06-02 21:04:15,915 - log - INFO - iter:1200/2463, Original Acc@1: 70.42, Acc@5: 87.58, TTA Acc@1: 71.25, Acc@5: 81.92
2025-06-02 21:05:13,477 - log - INFO - iter:1220/2463, clip_acc1=70.6557388305664, tta_acc1=71.14754486083984
2025-06-02 21:05:13,478 - log - INFO - iter:1220/2463, Original Acc@1: 70.66, Acc@5: 87.70, TTA Acc@1: 71.15, Acc@5: 81.89
2025-06-02 21:06:11,148 - log - INFO - iter:1240/2463, clip_acc1=70.88709259033203, tta_acc1=71.29032135009766
2025-06-02 21:06:11,148 - log - INFO - iter:1240/2463, Original Acc@1: 70.89, Acc@5: 87.90, TTA Acc@1: 71.29, Acc@5: 81.94
2025-06-02 21:07:08,758 - log - INFO - iter:1260/2463, clip_acc1=71.26984405517578, tta_acc1=71.5079345703125
2025-06-02 21:07:08,758 - log - INFO - iter:1260/2463, Original Acc@1: 71.27, Acc@5: 88.10, TTA Acc@1: 71.51, Acc@5: 82.22
2025-06-02 21:08:06,325 - log - INFO - iter:1280/2463, clip_acc1=71.71875, tta_acc1=71.953125
2025-06-02 21:08:06,325 - log - INFO - iter:1280/2463, Original Acc@1: 71.72, Acc@5: 88.28, TTA Acc@1: 71.95, Acc@5: 82.50
2025-06-02 21:09:04,080 - log - INFO - iter:1300/2463, clip_acc1=72.15384674072266, tta_acc1=72.38461303710938
2025-06-02 21:09:04,080 - log - INFO - iter:1300/2463, Original Acc@1: 72.15, Acc@5: 88.46, TTA Acc@1: 72.38, Acc@5: 82.77
2025-06-02 21:10:01,789 - log - INFO - iter:1320/2463, clip_acc1=72.57575225830078, tta_acc1=72.80302429199219
2025-06-02 21:10:01,789 - log - INFO - iter:1320/2463, Original Acc@1: 72.58, Acc@5: 88.64, TTA Acc@1: 72.80, Acc@5: 83.03
2025-06-02 21:10:59,328 - log - INFO - iter:1340/2463, clip_acc1=72.91044616699219, tta_acc1=73.05970001220703
2025-06-02 21:10:59,329 - log - INFO - iter:1340/2463, Original Acc@1: 72.91, Acc@5: 88.81, TTA Acc@1: 73.06, Acc@5: 83.28
2025-06-02 21:11:57,058 - log - INFO - iter:1360/2463, clip_acc1=73.23529815673828, tta_acc1=73.23529815673828
2025-06-02 21:11:57,058 - log - INFO - iter:1360/2463, Original Acc@1: 73.24, Acc@5: 88.97, TTA Acc@1: 73.24, Acc@5: 83.53
2025-06-02 21:12:54,510 - log - INFO - iter:1380/2463, clip_acc1=73.47826385498047, tta_acc1=73.6231918334961
2025-06-02 21:12:54,510 - log - INFO - iter:1380/2463, Original Acc@1: 73.48, Acc@5: 89.13, TTA Acc@1: 73.62, Acc@5: 83.77
2025-06-02 21:13:52,425 - log - INFO - iter:1400/2463, clip_acc1=73.85713958740234, tta_acc1=74.0
2025-06-02 21:13:52,425 - log - INFO - iter:1400/2463, Original Acc@1: 73.86, Acc@5: 89.29, TTA Acc@1: 74.00, Acc@5: 84.00
2025-06-02 21:14:50,253 - log - INFO - iter:1420/2463, clip_acc1=73.66197204589844, tta_acc1=73.87323760986328
2025-06-02 21:14:50,253 - log - INFO - iter:1420/2463, Original Acc@1: 73.66, Acc@5: 89.15, TTA Acc@1: 73.87, Acc@5: 83.94
2025-06-02 21:15:47,694 - log - INFO - iter:1440/2463, clip_acc1=72.77777862548828, tta_acc1=72.91667175292969
2025-06-02 21:15:47,694 - log - INFO - iter:1440/2463, Original Acc@1: 72.78, Acc@5: 88.12, TTA Acc@1: 72.92, Acc@5: 83.12
2025-06-02 21:16:45,399 - log - INFO - iter:1460/2463, clip_acc1=73.01370239257812, tta_acc1=73.08219146728516
2025-06-02 21:16:45,400 - log - INFO - iter:1460/2463, Original Acc@1: 73.01, Acc@5: 88.29, TTA Acc@1: 73.08, Acc@5: 83.36
2025-06-02 21:17:43,709 - log - INFO - iter:1480/2463, clip_acc1=73.37837982177734, tta_acc1=73.4459457397461
2025-06-02 21:17:43,709 - log - INFO - iter:1480/2463, Original Acc@1: 73.38, Acc@5: 88.45, TTA Acc@1: 73.45, Acc@5: 83.58
2025-06-02 21:18:42,509 - log - INFO - iter:1500/2463, clip_acc1=73.53333282470703, tta_acc1=73.79999542236328
2025-06-02 21:18:42,510 - log - INFO - iter:1500/2463, Original Acc@1: 73.53, Acc@5: 88.60, TTA Acc@1: 73.80, Acc@5: 83.80
2025-06-02 21:19:40,186 - log - INFO - iter:1520/2463, clip_acc1=73.28947448730469, tta_acc1=74.0131607055664
2025-06-02 21:19:40,186 - log - INFO - iter:1520/2463, Original Acc@1: 73.29, Acc@5: 88.62, TTA Acc@1: 74.01, Acc@5: 83.88
2025-06-02 21:20:37,770 - log - INFO - iter:1540/2463, clip_acc1=73.63636016845703, tta_acc1=74.15584564208984
2025-06-02 21:20:37,770 - log - INFO - iter:1540/2463, Original Acc@1: 73.64, Acc@5: 88.77, TTA Acc@1: 74.16, Acc@5: 84.09
2025-06-02 21:21:35,149 - log - INFO - iter:1560/2463, clip_acc1=73.52564239501953, tta_acc1=73.97435760498047
2025-06-02 21:21:35,149 - log - INFO - iter:1560/2463, Original Acc@1: 73.53, Acc@5: 88.91, TTA Acc@1: 73.97, Acc@5: 84.29
2025-06-02 21:22:32,731 - log - INFO - iter:1580/2463, clip_acc1=73.2911376953125, tta_acc1=73.54430389404297
2025-06-02 21:22:32,732 - log - INFO - iter:1580/2463, Original Acc@1: 73.29, Acc@5: 89.05, TTA Acc@1: 73.54, Acc@5: 84.43
2025-06-02 21:23:30,235 - log - INFO - iter:1600/2463, clip_acc1=73.5625, tta_acc1=73.75
2025-06-02 21:23:30,235 - log - INFO - iter:1600/2463, Original Acc@1: 73.56, Acc@5: 89.19, TTA Acc@1: 73.75, Acc@5: 84.62
2025-06-02 21:24:27,782 - log - INFO - iter:1620/2463, clip_acc1=73.76543426513672, tta_acc1=73.8888931274414
2025-06-02 21:24:27,782 - log - INFO - iter:1620/2463, Original Acc@1: 73.77, Acc@5: 89.32, TTA Acc@1: 73.89, Acc@5: 84.75
2025-06-02 21:25:27,920 - log - INFO - iter:1640/2463, clip_acc1=74.08536529541016, tta_acc1=74.20731353759766
2025-06-02 21:25:27,920 - log - INFO - iter:1640/2463, Original Acc@1: 74.09, Acc@5: 89.45, TTA Acc@1: 74.21, Acc@5: 84.94
2025-06-02 21:26:25,494 - log - INFO - iter:1660/2463, clip_acc1=74.33734893798828, tta_acc1=74.51807403564453
2025-06-02 21:26:25,494 - log - INFO - iter:1660/2463, Original Acc@1: 74.34, Acc@5: 89.58, TTA Acc@1: 74.52, Acc@5: 85.12
2025-06-02 21:27:23,166 - log - INFO - iter:1680/2463, clip_acc1=74.52381134033203, tta_acc1=74.8214340209961
2025-06-02 21:27:23,166 - log - INFO - iter:1680/2463, Original Acc@1: 74.52, Acc@5: 89.70, TTA Acc@1: 74.82, Acc@5: 85.30
2025-06-02 21:28:24,155 - log - INFO - iter:1700/2463, clip_acc1=74.76470184326172, tta_acc1=75.11764526367188
2025-06-02 21:28:24,155 - log - INFO - iter:1700/2463, Original Acc@1: 74.76, Acc@5: 89.82, TTA Acc@1: 75.12, Acc@5: 85.47
2025-06-02 21:29:21,704 - log - INFO - iter:1720/2463, clip_acc1=74.88372039794922, tta_acc1=75.29069519042969
2025-06-02 21:29:21,704 - log - INFO - iter:1720/2463, Original Acc@1: 74.88, Acc@5: 89.94, TTA Acc@1: 75.29, Acc@5: 85.58
2025-06-02 21:30:19,357 - log - INFO - iter:1740/2463, clip_acc1=75.17241668701172, tta_acc1=75.57471466064453
2025-06-02 21:30:19,357 - log - INFO - iter:1740/2463, Original Acc@1: 75.17, Acc@5: 90.06, TTA Acc@1: 75.57, Acc@5: 85.75
2025-06-02 21:31:16,856 - log - INFO - iter:1760/2463, clip_acc1=74.7727279663086, tta_acc1=75.17045593261719
2025-06-02 21:31:16,856 - log - INFO - iter:1760/2463, Original Acc@1: 74.77, Acc@5: 89.66, TTA Acc@1: 75.17, Acc@5: 85.28
2025-06-02 21:32:14,359 - log - INFO - iter:1780/2463, clip_acc1=74.77528381347656, tta_acc1=75.16854095458984
2025-06-02 21:32:14,359 - log - INFO - iter:1780/2463, Original Acc@1: 74.78, Acc@5: 89.66, TTA Acc@1: 75.17, Acc@5: 85.22
2025-06-02 21:33:11,878 - log - INFO - iter:1800/2463, clip_acc1=74.94444274902344, tta_acc1=75.33333587646484
2025-06-02 21:33:11,878 - log - INFO - iter:1800/2463, Original Acc@1: 74.94, Acc@5: 89.78, TTA Acc@1: 75.33, Acc@5: 85.39
2025-06-02 21:34:09,481 - log - INFO - iter:1820/2463, clip_acc1=74.83516693115234, tta_acc1=75.21977996826172
2025-06-02 21:34:09,482 - log - INFO - iter:1820/2463, Original Acc@1: 74.84, Acc@5: 89.51, TTA Acc@1: 75.22, Acc@5: 85.16
2025-06-02 21:35:07,029 - log - INFO - iter:1840/2463, clip_acc1=74.72825622558594, tta_acc1=75.10869598388672
2025-06-02 21:35:07,029 - log - INFO - iter:1840/2463, Original Acc@1: 74.73, Acc@5: 89.24, TTA Acc@1: 75.11, Acc@5: 84.95
2025-06-02 21:36:04,495 - log - INFO - iter:1860/2463, clip_acc1=73.9784927368164, tta_acc1=74.35484313964844
2025-06-02 21:36:04,495 - log - INFO - iter:1860/2463, Original Acc@1: 73.98, Acc@5: 88.60, TTA Acc@1: 74.35, Acc@5: 84.41
2025-06-02 21:37:02,014 - log - INFO - iter:1880/2463, clip_acc1=73.77659606933594, tta_acc1=74.04254913330078
2025-06-02 21:37:02,014 - log - INFO - iter:1880/2463, Original Acc@1: 73.78, Acc@5: 88.72, TTA Acc@1: 74.04, Acc@5: 84.20
2025-06-02 21:37:59,564 - log - INFO - iter:1900/2463, clip_acc1=73.9473648071289, tta_acc1=74.21052551269531
2025-06-02 21:37:59,564 - log - INFO - iter:1900/2463, Original Acc@1: 73.95, Acc@5: 88.84, TTA Acc@1: 74.21, Acc@5: 84.37
2025-06-02 21:38:57,251 - log - INFO - iter:1920/2463, clip_acc1=74.21875762939453, tta_acc1=74.47917175292969
2025-06-02 21:38:57,251 - log - INFO - iter:1920/2463, Original Acc@1: 74.22, Acc@5: 88.96, TTA Acc@1: 74.48, Acc@5: 84.53
2025-06-02 21:39:54,990 - log - INFO - iter:1940/2463, clip_acc1=74.48453521728516, tta_acc1=74.74227142333984
2025-06-02 21:39:54,991 - log - INFO - iter:1940/2463, Original Acc@1: 74.48, Acc@5: 89.07, TTA Acc@1: 74.74, Acc@5: 84.69
2025-06-02 21:40:52,742 - log - INFO - iter:1960/2463, clip_acc1=74.6938705444336, tta_acc1=75.0
2025-06-02 21:40:52,742 - log - INFO - iter:1960/2463, Original Acc@1: 74.69, Acc@5: 89.18, TTA Acc@1: 75.00, Acc@5: 84.85
2025-06-02 21:41:50,307 - log - INFO - iter:1980/2463, clip_acc1=74.89899444580078, tta_acc1=75.25252532958984
2025-06-02 21:41:50,308 - log - INFO - iter:1980/2463, Original Acc@1: 74.90, Acc@5: 89.29, TTA Acc@1: 75.25, Acc@5: 85.00
2025-06-02 21:42:47,986 - log - INFO - iter:2000/2463, clip_acc1=75.10000610351562, tta_acc1=75.45000457763672
2025-06-02 21:42:47,987 - log - INFO - iter:2000/2463, Original Acc@1: 75.10, Acc@5: 89.35, TTA Acc@1: 75.45, Acc@5: 85.10
2025-06-02 21:43:45,603 - log - INFO - iter:2020/2463, clip_acc1=75.14851379394531, tta_acc1=75.44554901123047
2025-06-02 21:43:45,604 - log - INFO - iter:2020/2463, Original Acc@1: 75.15, Acc@5: 89.46, TTA Acc@1: 75.45, Acc@5: 85.10
2025-06-02 21:44:43,189 - log - INFO - iter:2040/2463, clip_acc1=75.3431396484375, tta_acc1=75.58824157714844
2025-06-02 21:44:43,190 - log - INFO - iter:2040/2463, Original Acc@1: 75.34, Acc@5: 89.56, TTA Acc@1: 75.59, Acc@5: 85.25
2025-06-02 21:45:40,763 - log - INFO - iter:2060/2463, clip_acc1=75.53398132324219, tta_acc1=75.72815704345703
2025-06-02 21:45:40,764 - log - INFO - iter:2060/2463, Original Acc@1: 75.53, Acc@5: 89.66, TTA Acc@1: 75.73, Acc@5: 85.39
2025-06-02 21:46:38,295 - log - INFO - iter:2080/2463, clip_acc1=75.43269348144531, tta_acc1=75.67308044433594
2025-06-02 21:46:38,295 - log - INFO - iter:2080/2463, Original Acc@1: 75.43, Acc@5: 89.47, TTA Acc@1: 75.67, Acc@5: 85.24
2025-06-02 21:47:35,792 - log - INFO - iter:2100/2463, clip_acc1=75.38095092773438, tta_acc1=75.57142639160156
2025-06-02 21:47:35,792 - log - INFO - iter:2100/2463, Original Acc@1: 75.38, Acc@5: 89.29, TTA Acc@1: 75.57, Acc@5: 85.10
2025-06-02 21:48:33,337 - log - INFO - iter:2120/2463, clip_acc1=75.37735748291016, tta_acc1=75.33019256591797
2025-06-02 21:48:33,337 - log - INFO - iter:2120/2463, Original Acc@1: 75.38, Acc@5: 89.39, TTA Acc@1: 75.33, Acc@5: 85.24
2025-06-02 21:49:31,001 - log - INFO - iter:2140/2463, clip_acc1=75.37383270263672, tta_acc1=75.14019012451172
2025-06-02 21:49:31,002 - log - INFO - iter:2140/2463, Original Acc@1: 75.37, Acc@5: 89.35, TTA Acc@1: 75.14, Acc@5: 85.28
2025-06-02 21:50:28,778 - log - INFO - iter:2160/2463, clip_acc1=75.55555725097656, tta_acc1=75.3240737915039
2025-06-02 21:50:28,778 - log - INFO - iter:2160/2463, Original Acc@1: 75.56, Acc@5: 89.44, TTA Acc@1: 75.32, Acc@5: 85.42
2025-06-02 21:51:26,467 - log - INFO - iter:2180/2463, clip_acc1=75.22935485839844, tta_acc1=74.95413208007812
2025-06-02 21:51:26,467 - log - INFO - iter:2180/2463, Original Acc@1: 75.23, Acc@5: 88.99, TTA Acc@1: 74.95, Acc@5: 85.00
2025-06-02 21:52:24,148 - log - INFO - iter:2200/2463, clip_acc1=75.36363983154297, tta_acc1=75.13636779785156
2025-06-02 21:52:24,148 - log - INFO - iter:2200/2463, Original Acc@1: 75.36, Acc@5: 89.09, TTA Acc@1: 75.14, Acc@5: 85.14
2025-06-02 21:53:21,735 - log - INFO - iter:2220/2463, clip_acc1=75.58558654785156, tta_acc1=75.36035919189453
2025-06-02 21:53:21,735 - log - INFO - iter:2220/2463, Original Acc@1: 75.59, Acc@5: 89.19, TTA Acc@1: 75.36, Acc@5: 85.27
2025-06-02 21:54:19,446 - log - INFO - iter:2240/2463, clip_acc1=75.58036041259766, tta_acc1=75.3125
2025-06-02 21:54:19,447 - log - INFO - iter:2240/2463, Original Acc@1: 75.58, Acc@5: 89.29, TTA Acc@1: 75.31, Acc@5: 85.40
2025-06-02 21:55:17,324 - log - INFO - iter:2260/2463, clip_acc1=75.75221252441406, tta_acc1=75.53097534179688
2025-06-02 21:55:17,324 - log - INFO - iter:2260/2463, Original Acc@1: 75.75, Acc@5: 89.38, TTA Acc@1: 75.53, Acc@5: 85.53
2025-06-02 21:56:15,101 - log - INFO - iter:2280/2463, clip_acc1=75.96491241455078, tta_acc1=75.74561309814453
2025-06-02 21:56:15,101 - log - INFO - iter:2280/2463, Original Acc@1: 75.96, Acc@5: 89.47, TTA Acc@1: 75.75, Acc@5: 85.66
2025-06-02 21:57:12,746 - log - INFO - iter:2300/2463, clip_acc1=76.08695983886719, tta_acc1=75.82608795166016
2025-06-02 21:57:12,746 - log - INFO - iter:2300/2463, Original Acc@1: 76.09, Acc@5: 89.57, TTA Acc@1: 75.83, Acc@5: 85.78
2025-06-02 21:58:10,337 - log - INFO - iter:2320/2463, clip_acc1=76.29310607910156, tta_acc1=75.94827270507812
2025-06-02 21:58:10,337 - log - INFO - iter:2320/2463, Original Acc@1: 76.29, Acc@5: 89.66, TTA Acc@1: 75.95, Acc@5: 85.91
2025-06-02 21:59:07,866 - log - INFO - iter:2340/2463, clip_acc1=76.36752319335938, tta_acc1=75.98291015625
2025-06-02 21:59:07,866 - log - INFO - iter:2340/2463, Original Acc@1: 76.37, Acc@5: 89.66, TTA Acc@1: 75.98, Acc@5: 85.94
2025-06-02 22:00:05,543 - log - INFO - iter:2360/2463, clip_acc1=76.31356048583984, tta_acc1=75.93220520019531
2025-06-02 22:00:05,543 - log - INFO - iter:2360/2463, Original Acc@1: 76.31, Acc@5: 89.58, TTA Acc@1: 75.93, Acc@5: 85.81
2025-06-02 22:01:03,244 - log - INFO - iter:2380/2463, clip_acc1=75.75630187988281, tta_acc1=75.3781509399414
2025-06-02 22:01:03,245 - log - INFO - iter:2380/2463, Original Acc@1: 75.76, Acc@5: 89.20, TTA Acc@1: 75.38, Acc@5: 85.34
2025-06-02 22:02:00,889 - log - INFO - iter:2400/2463, clip_acc1=75.625, tta_acc1=75.125
2025-06-02 22:02:00,889 - log - INFO - iter:2400/2463, Original Acc@1: 75.62, Acc@5: 89.25, TTA Acc@1: 75.12, Acc@5: 85.42
2025-06-02 22:02:58,436 - log - INFO - iter:2420/2463, clip_acc1=75.61983489990234, tta_acc1=75.28925323486328
2025-06-02 22:02:58,437 - log - INFO - iter:2420/2463, Original Acc@1: 75.62, Acc@5: 89.34, TTA Acc@1: 75.29, Acc@5: 85.54
2025-06-02 22:03:56,036 - log - INFO - iter:2440/2463, clip_acc1=75.7786865234375, tta_acc1=75.49180603027344
2025-06-02 22:03:56,036 - log - INFO - iter:2440/2463, Original Acc@1: 75.78, Acc@5: 89.43, TTA Acc@1: 75.49, Acc@5: 85.66
2025-06-02 22:04:51,696 - log - INFO - iter:2460/2463, clip_acc1=75.81300354003906, tta_acc1=75.52845001220703
2025-06-02 22:04:51,696 - log - INFO - iter:2460/2463, Original Acc@1: 75.81, Acc@5: 89.51, TTA Acc@1: 75.53, Acc@5: 85.73
2025-06-02 22:04:59,170 - log - INFO - iter:2463/2463, clip_acc1=75.80187225341797, tta_acc1=75.51766204833984
2025-06-02 22:04:59,170 - log - INFO - iter:2463/2463, Original Acc@1: 75.80, Acc@5: 89.52, TTA Acc@1: 75.52, Acc@5: 85.75
2025-06-02 22:04:59,294 - log - INFO - Final results - Original Acc@1: 75.80, Acc@5: 89.52, TTA Acc@1: 75.52, Acc@5: 85.75
2025-06-02 22:04:59,294 - log - INFO - Improvement from TTA in Acc@1 -0.28, and Acc@5 -3.78
2025-06-02 22:04:59,295 - log - INFO - Number of selected samples with index 0: 1047
2025-06-02 22:04:59,295 - log - INFO - Number of samples in the dataset: 2463
2025-06-02 22:04:59,316 - log - INFO - Selected IDs saved to /leonardo_work/EUHPC_R04_192/fmohamma/Adversarial_Robust_Clip/ATPT/Final_Results/ViT-L/14/Flower102/Clean/Counter_Attack/Eps_2_0_Steps_0_Alpha_1_0/tau_0_2_beta_2_0_weighted_pertrubation_True/TPT/Optimization_Loss_rtpt_LR_0_005_Optimization_Steps_1_View_Selection_Fraction_0_1/Inference_Ensemble_weighted_rtpt_topk_20_softmaxtemp_0_01/selected_topk.json
2025-06-02 22:04:59,471 - log - INFO - Batch entropies saved to /leonardo_work/EUHPC_R04_192/fmohamma/Adversarial_Robust_Clip/ATPT/Final_Results/ViT-L/14/Flower102/Clean/Counter_Attack/Eps_2_0_Steps_0_Alpha_1_0/tau_0_2_beta_2_0_weighted_pertrubation_True/TPT/Optimization_Loss_rtpt_LR_0_005_Optimization_Steps_1_View_Selection_Fraction_0_1/Inference_Ensemble_weighted_rtpt_topk_20_softmaxtemp_0_01/entropies.json
2025-06-02 22:04:59,637 - log - INFO - Weighted scores saved to /leonardo_work/EUHPC_R04_192/fmohamma/Adversarial_Robust_Clip/ATPT/Final_Results/ViT-L/14/Flower102/Clean/Counter_Attack/Eps_2_0_Steps_0_Alpha_1_0/tau_0_2_beta_2_0_weighted_pertrubation_True/TPT/Optimization_Loss_rtpt_LR_0_005_Optimization_Steps_1_View_Selection_Fraction_0_1/Inference_Ensemble_weighted_rtpt_topk_20_softmaxtemp_0_01/weighted_scores.json
2025-06-02 22:04:59,637 - log - INFO - Creating plot of average weights for each view
2025-06-02 22:05:05,411 - log - INFO - Average weights plot saved to /leonardo_work/EUHPC_R04_192/fmohamma/Adversarial_Robust_Clip/ATPT/Final_Results/ViT-L/14/Flower102/Clean/Counter_Attack/Eps_2_0_Steps_0_Alpha_1_0/tau_0_2_beta_2_0_weighted_pertrubation_True/TPT/Optimization_Loss_rtpt_LR_0_005_Optimization_Steps_1_View_Selection_Fraction_0_1/Inference_Ensemble_weighted_rtpt_topk_20_softmaxtemp_0_01/weighted_scores_plot.png
2025-06-02 22:05:05,417 - log - INFO - => Acc. on testset [Flower102]: Clean Acc @1 75.80187225341797/ TTA Clean Acc @1 75.51766204833984, Clean Acc @5 89.52497100830078/ TTA Clean Acc @5 85.74909210205078
2025-06-02 22:05:05,417 - log - INFO - Total script execution time: 7185.30 seconds (119.75 minutes)
