2025-06-11 03:05:37,493 - log - INFO - ==========================================
data:/leonardo_work/EUHPC_R04_192/fmohamma/Adversarial_Robust_Clip/atpt_data/downstream_datasets
test_sets:Flower102
dataset_mode:test
arch:delta_clip_l14_224
resolution:224
workers:4
no_pin_memory:False
batch_size:64
print_freq:20
gpu:0
no_cudnn_benchmark:False
n_ctx:4
ctx_init:a_photo_of_a
tpt_loss:rtpt
seed:0
output_dir:/leonardo_work/EUHPC_R04_192/fmohamma/Adversarial_Robust_Clip/atpt_data/delta_clip_l14_224/Flower102
log_output_dir:/leonardo_work/EUHPC_R04_192/fmohamma/Adversarial_Robust_Clip/ATPT/Final_Results/delta_clip_l14_224/Flower102
eps:0.0
alpha:0.0
alpha_eps_ratio:4.0
steps:0
lr:0.005
selection_p:0.1
tta_steps:1
ensemble_type:none
top_k:20
softmax_temp:0.01
counter_attack:True
counter_attack_type:pgd
counter_attack_steps:2
counter_attack_eps:4.0
counter_attack_alpha:1.0
counter_attack_tau_thres:0.2
counter_attack_beta:2.0
counter_attack_weighted_perturbations:True
pgd_clip_pure_i_text_embeddings:null
pgd_counter_and_clipure_i_lamda:1.0
selected_id_name:selected_topk.json
weighted_score_name:weighted_scores.json
batch_entropy_name:entropies.json
log_dir:/leonardo_work/EUHPC_R04_192/fmohamma/Adversarial_Robust_Clip/ATPT/Final_Results/delta_clip_l14_224/Flower102/Clean/Counter_Attack/Eps_4_0_Steps_2_Alpha_1_0/tau_0_2_beta_2_0_weighted_pertrubation_True/TPT/Optimization_Loss_rtpt_LR_0_005_Optimization_Steps_1_View_Selection_Fraction_0_1/Inference_Ensemble_none

2025-06-11 03:05:37,493 - log - INFO - Use GPU: 0 for training
2025-06-11 03:07:36,807 - log - INFO - Freezing all parameters except prompt learner
2025-06-11 03:07:36,808 - log - INFO - => Model created: visual backbone delta_clip_l14_224
2025-06-11 03:07:36,815 - log - INFO - Number of test samples: 2463
2025-06-11 03:07:36,815 - log - INFO - Evaluating dataset: Flower102
2025-06-11 03:07:36,816 - log - INFO - Starting evaluation with batch size: 64, selection percentage: 0.1
2025-06-11 03:07:36,816 - log - INFO - Test-time adaptation steps: 1, learning rate: 0.005
2025-06-11 03:07:36,816 - log - INFO - Using counter-attack with epsilon: 4.000000, alpha: 0.000000, steps: 2, tau_thres: 0.2, beta: 2.0, weighted perturbation: True
2025-06-11 03:08:30,466 - log - INFO - iter:20/2463, clip_acc1=100.0, tta_acc1=100.0
2025-06-11 03:08:30,466 - log - INFO - iter:20/2463, Original Acc@1: 100.00, Acc@5: 100.00, TTA Acc@1: 100.00, Acc@5: 100.00
2025-06-11 03:09:20,435 - log - INFO - iter:40/2463, clip_acc1=100.0, tta_acc1=100.0
2025-06-11 03:09:20,435 - log - INFO - iter:40/2463, Original Acc@1: 100.00, Acc@5: 100.00, TTA Acc@1: 100.00, Acc@5: 100.00
2025-06-11 03:10:10,354 - log - INFO - iter:60/2463, clip_acc1=100.00000762939453, tta_acc1=100.00000762939453
2025-06-11 03:10:10,354 - log - INFO - iter:60/2463, Original Acc@1: 100.00, Acc@5: 100.00, TTA Acc@1: 100.00, Acc@5: 100.00
2025-06-11 03:10:59,951 - log - INFO - iter:80/2463, clip_acc1=100.0, tta_acc1=100.0
2025-06-11 03:10:59,951 - log - INFO - iter:80/2463, Original Acc@1: 100.00, Acc@5: 100.00, TTA Acc@1: 100.00, Acc@5: 100.00
2025-06-11 03:11:49,671 - log - INFO - iter:100/2463, clip_acc1=100.0, tta_acc1=99.0
2025-06-11 03:11:49,671 - log - INFO - iter:100/2463, Original Acc@1: 100.00, Acc@5: 100.00, TTA Acc@1: 99.00, Acc@5: 100.00
2025-06-11 03:12:40,113 - log - INFO - iter:120/2463, clip_acc1=100.00000762939453, tta_acc1=99.16667175292969
2025-06-11 03:12:40,113 - log - INFO - iter:120/2463, Original Acc@1: 100.00, Acc@5: 100.00, TTA Acc@1: 99.17, Acc@5: 100.00
2025-06-11 03:13:29,897 - log - INFO - iter:140/2463, clip_acc1=98.57142639160156, tta_acc1=98.57142639160156
2025-06-11 03:13:29,897 - log - INFO - iter:140/2463, Original Acc@1: 98.57, Acc@5: 100.00, TTA Acc@1: 98.57, Acc@5: 100.00
2025-06-11 03:14:19,529 - log - INFO - iter:160/2463, clip_acc1=97.5, tta_acc1=97.5
2025-06-11 03:14:19,529 - log - INFO - iter:160/2463, Original Acc@1: 97.50, Acc@5: 100.00, TTA Acc@1: 97.50, Acc@5: 100.00
2025-06-11 03:15:09,223 - log - INFO - iter:180/2463, clip_acc1=96.11111450195312, tta_acc1=95.55555725097656
2025-06-11 03:15:09,223 - log - INFO - iter:180/2463, Original Acc@1: 96.11, Acc@5: 99.44, TTA Acc@1: 95.56, Acc@5: 99.44
2025-06-11 03:15:58,763 - log - INFO - iter:200/2463, clip_acc1=86.5, tta_acc1=86.0
2025-06-11 03:15:58,763 - log - INFO - iter:200/2463, Original Acc@1: 86.50, Acc@5: 89.50, TTA Acc@1: 86.00, Acc@5: 89.50
2025-06-11 03:16:48,275 - log - INFO - iter:220/2463, clip_acc1=78.63636016845703, tta_acc1=78.18181610107422
2025-06-11 03:16:48,275 - log - INFO - iter:220/2463, Original Acc@1: 78.64, Acc@5: 81.36, TTA Acc@1: 78.18, Acc@5: 81.36
2025-06-11 03:17:37,824 - log - INFO - iter:240/2463, clip_acc1=74.58333587646484, tta_acc1=74.16667175292969
2025-06-11 03:17:37,825 - log - INFO - iter:240/2463, Original Acc@1: 74.58, Acc@5: 77.08, TTA Acc@1: 74.17, Acc@5: 77.08
2025-06-11 03:18:27,353 - log - INFO - iter:260/2463, clip_acc1=76.53845977783203, tta_acc1=76.15384674072266
2025-06-11 03:18:27,353 - log - INFO - iter:260/2463, Original Acc@1: 76.54, Acc@5: 78.85, TTA Acc@1: 76.15, Acc@5: 78.85
2025-06-11 03:19:16,888 - log - INFO - iter:280/2463, clip_acc1=78.21428680419922, tta_acc1=77.85713958740234
2025-06-11 03:19:16,889 - log - INFO - iter:280/2463, Original Acc@1: 78.21, Acc@5: 80.36, TTA Acc@1: 77.86, Acc@5: 80.36
2025-06-11 03:20:06,442 - log - INFO - iter:300/2463, clip_acc1=74.33333587646484, tta_acc1=74.0
2025-06-11 03:20:06,442 - log - INFO - iter:300/2463, Original Acc@1: 74.33, Acc@5: 79.00, TTA Acc@1: 74.00, Acc@5: 79.00
2025-06-11 03:20:55,997 - log - INFO - iter:320/2463, clip_acc1=69.6875, tta_acc1=69.375
2025-06-11 03:20:55,997 - log - INFO - iter:320/2463, Original Acc@1: 69.69, Acc@5: 77.50, TTA Acc@1: 69.38, Acc@5: 77.50
2025-06-11 03:21:45,610 - log - INFO - iter:340/2463, clip_acc1=65.5882339477539, tta_acc1=65.29412078857422
2025-06-11 03:21:45,610 - log - INFO - iter:340/2463, Original Acc@1: 65.59, Acc@5: 77.06, TTA Acc@1: 65.29, Acc@5: 76.47
2025-06-11 03:22:35,648 - log - INFO - iter:360/2463, clip_acc1=66.66667175292969, tta_acc1=66.3888931274414
2025-06-11 03:22:35,649 - log - INFO - iter:360/2463, Original Acc@1: 66.67, Acc@5: 77.78, TTA Acc@1: 66.39, Acc@5: 77.50
2025-06-11 03:23:25,157 - log - INFO - iter:380/2463, clip_acc1=67.89473724365234, tta_acc1=67.63158416748047
2025-06-11 03:23:25,157 - log - INFO - iter:380/2463, Original Acc@1: 67.89, Acc@5: 78.95, TTA Acc@1: 67.63, Acc@5: 78.68
2025-06-11 03:24:14,802 - log - INFO - iter:400/2463, clip_acc1=68.25, tta_acc1=68.0
2025-06-11 03:24:14,802 - log - INFO - iter:400/2463, Original Acc@1: 68.25, Acc@5: 80.00, TTA Acc@1: 68.00, Acc@5: 79.75
2025-06-11 03:25:04,318 - log - INFO - iter:420/2463, clip_acc1=65.4761962890625, tta_acc1=65.4761962890625
2025-06-11 03:25:04,318 - log - INFO - iter:420/2463, Original Acc@1: 65.48, Acc@5: 80.95, TTA Acc@1: 65.48, Acc@5: 80.71
2025-06-11 03:25:54,035 - log - INFO - iter:440/2463, clip_acc1=62.727272033691406, tta_acc1=62.727272033691406
2025-06-11 03:25:54,035 - log - INFO - iter:440/2463, Original Acc@1: 62.73, Acc@5: 81.82, TTA Acc@1: 62.73, Acc@5: 81.36
2025-06-11 03:26:43,532 - log - INFO - iter:460/2463, clip_acc1=60.43478012084961, tta_acc1=60.43478012084961
2025-06-11 03:26:43,532 - log - INFO - iter:460/2463, Original Acc@1: 60.43, Acc@5: 82.39, TTA Acc@1: 60.43, Acc@5: 82.17
2025-06-11 03:27:33,314 - log - INFO - iter:480/2463, clip_acc1=60.208335876464844, tta_acc1=60.208335876464844
2025-06-11 03:27:33,315 - log - INFO - iter:480/2463, Original Acc@1: 60.21, Acc@5: 82.92, TTA Acc@1: 60.21, Acc@5: 82.71
2025-06-11 03:28:23,048 - log - INFO - iter:500/2463, clip_acc1=61.80000305175781, tta_acc1=61.80000305175781
2025-06-11 03:28:23,048 - log - INFO - iter:500/2463, Original Acc@1: 61.80, Acc@5: 83.60, TTA Acc@1: 61.80, Acc@5: 83.40
2025-06-11 03:29:12,745 - log - INFO - iter:520/2463, clip_acc1=63.269229888916016, tta_acc1=63.269229888916016
2025-06-11 03:29:12,745 - log - INFO - iter:520/2463, Original Acc@1: 63.27, Acc@5: 84.23, TTA Acc@1: 63.27, Acc@5: 84.04
2025-06-11 03:30:02,638 - log - INFO - iter:540/2463, clip_acc1=64.62963104248047, tta_acc1=64.62963104248047
2025-06-11 03:30:02,638 - log - INFO - iter:540/2463, Original Acc@1: 64.63, Acc@5: 84.81, TTA Acc@1: 64.63, Acc@5: 84.63
2025-06-11 03:30:52,260 - log - INFO - iter:560/2463, clip_acc1=65.71428680419922, tta_acc1=65.71428680419922
2025-06-11 03:30:52,260 - log - INFO - iter:560/2463, Original Acc@1: 65.71, Acc@5: 85.36, TTA Acc@1: 65.71, Acc@5: 85.18
2025-06-11 03:31:42,102 - log - INFO - iter:580/2463, clip_acc1=66.89655303955078, tta_acc1=66.89655303955078
2025-06-11 03:31:42,102 - log - INFO - iter:580/2463, Original Acc@1: 66.90, Acc@5: 85.86, TTA Acc@1: 66.90, Acc@5: 85.69
2025-06-11 03:32:31,705 - log - INFO - iter:600/2463, clip_acc1=68.0, tta_acc1=68.0
2025-06-11 03:32:31,706 - log - INFO - iter:600/2463, Original Acc@1: 68.00, Acc@5: 86.33, TTA Acc@1: 68.00, Acc@5: 86.17
2025-06-11 03:33:21,523 - log - INFO - iter:620/2463, clip_acc1=68.87096405029297, tta_acc1=68.87096405029297
2025-06-11 03:33:21,524 - log - INFO - iter:620/2463, Original Acc@1: 68.87, Acc@5: 86.77, TTA Acc@1: 68.87, Acc@5: 86.61
2025-06-11 03:34:11,380 - log - INFO - iter:640/2463, clip_acc1=69.84375, tta_acc1=69.84375
2025-06-11 03:34:11,380 - log - INFO - iter:640/2463, Original Acc@1: 69.84, Acc@5: 87.19, TTA Acc@1: 69.84, Acc@5: 87.03
2025-06-11 03:35:00,976 - log - INFO - iter:660/2463, clip_acc1=68.63636016845703, tta_acc1=68.63636016845703
2025-06-11 03:35:00,977 - log - INFO - iter:660/2463, Original Acc@1: 68.64, Acc@5: 85.45, TTA Acc@1: 68.64, Acc@5: 85.30
2025-06-11 03:35:50,427 - log - INFO - iter:680/2463, clip_acc1=66.61764526367188, tta_acc1=66.61764526367188
2025-06-11 03:35:50,427 - log - INFO - iter:680/2463, Original Acc@1: 66.62, Acc@5: 83.09, TTA Acc@1: 66.62, Acc@5: 82.94
2025-06-11 03:36:40,166 - log - INFO - iter:700/2463, clip_acc1=64.85713958740234, tta_acc1=64.85713958740234
2025-06-11 03:36:40,166 - log - INFO - iter:700/2463, Original Acc@1: 64.86, Acc@5: 82.43, TTA Acc@1: 64.86, Acc@5: 82.29
2025-06-11 03:37:29,908 - log - INFO - iter:720/2463, clip_acc1=63.1944465637207, tta_acc1=63.1944465637207
2025-06-11 03:37:29,909 - log - INFO - iter:720/2463, Original Acc@1: 63.19, Acc@5: 82.22, TTA Acc@1: 63.19, Acc@5: 81.94
2025-06-11 03:38:19,605 - log - INFO - iter:740/2463, clip_acc1=61.486488342285156, tta_acc1=61.486488342285156
2025-06-11 03:38:19,605 - log - INFO - iter:740/2463, Original Acc@1: 61.49, Acc@5: 80.14, TTA Acc@1: 61.49, Acc@5: 79.86
2025-06-11 03:39:09,343 - log - INFO - iter:760/2463, clip_acc1=60.000003814697266, tta_acc1=60.000003814697266
2025-06-11 03:39:09,344 - log - INFO - iter:760/2463, Original Acc@1: 60.00, Acc@5: 78.16, TTA Acc@1: 60.00, Acc@5: 77.89
2025-06-11 03:39:58,911 - log - INFO - iter:780/2463, clip_acc1=61.02564239501953, tta_acc1=61.02564239501953
2025-06-11 03:39:58,911 - log - INFO - iter:780/2463, Original Acc@1: 61.03, Acc@5: 78.72, TTA Acc@1: 61.03, Acc@5: 78.46
2025-06-11 03:40:48,618 - log - INFO - iter:800/2463, clip_acc1=61.875, tta_acc1=61.875
2025-06-11 03:40:48,618 - log - INFO - iter:800/2463, Original Acc@1: 61.88, Acc@5: 79.25, TTA Acc@1: 61.88, Acc@5: 79.00
2025-06-11 03:41:38,276 - log - INFO - iter:820/2463, clip_acc1=62.80487823486328, tta_acc1=62.80487823486328
2025-06-11 03:41:38,277 - log - INFO - iter:820/2463, Original Acc@1: 62.80, Acc@5: 79.76, TTA Acc@1: 62.80, Acc@5: 79.51
2025-06-11 03:42:28,040 - log - INFO - iter:840/2463, clip_acc1=63.69047927856445, tta_acc1=63.69047927856445
2025-06-11 03:42:28,041 - log - INFO - iter:840/2463, Original Acc@1: 63.69, Acc@5: 80.24, TTA Acc@1: 63.69, Acc@5: 80.00
2025-06-11 03:43:17,618 - log - INFO - iter:860/2463, clip_acc1=63.488372802734375, tta_acc1=63.488372802734375
2025-06-11 03:43:17,618 - log - INFO - iter:860/2463, Original Acc@1: 63.49, Acc@5: 79.65, TTA Acc@1: 63.49, Acc@5: 79.42
2025-06-11 03:44:07,345 - log - INFO - iter:880/2463, clip_acc1=62.04545211791992, tta_acc1=62.04545211791992
2025-06-11 03:44:07,345 - log - INFO - iter:880/2463, Original Acc@1: 62.05, Acc@5: 77.84, TTA Acc@1: 62.05, Acc@5: 77.61
2025-06-11 03:44:56,967 - log - INFO - iter:900/2463, clip_acc1=60.66666793823242, tta_acc1=60.66666793823242
2025-06-11 03:44:56,968 - log - INFO - iter:900/2463, Original Acc@1: 60.67, Acc@5: 76.22, TTA Acc@1: 60.67, Acc@5: 76.00
2025-06-11 03:45:46,715 - log - INFO - iter:920/2463, clip_acc1=61.41304016113281, tta_acc1=61.41304016113281
2025-06-11 03:45:46,715 - log - INFO - iter:920/2463, Original Acc@1: 61.41, Acc@5: 76.63, TTA Acc@1: 61.41, Acc@5: 76.41
2025-06-11 03:46:36,525 - log - INFO - iter:940/2463, clip_acc1=62.234039306640625, tta_acc1=62.234039306640625
2025-06-11 03:46:36,526 - log - INFO - iter:940/2463, Original Acc@1: 62.23, Acc@5: 77.13, TTA Acc@1: 62.23, Acc@5: 76.91
2025-06-11 03:47:26,271 - log - INFO - iter:960/2463, clip_acc1=62.812503814697266, tta_acc1=62.91667175292969
2025-06-11 03:47:26,271 - log - INFO - iter:960/2463, Original Acc@1: 62.81, Acc@5: 77.60, TTA Acc@1: 62.92, Acc@5: 77.40
2025-06-11 03:48:15,833 - log - INFO - iter:980/2463, clip_acc1=63.16326141357422, tta_acc1=63.26530456542969
2025-06-11 03:48:15,834 - log - INFO - iter:980/2463, Original Acc@1: 63.16, Acc@5: 78.06, TTA Acc@1: 63.27, Acc@5: 77.86
2025-06-11 03:49:05,541 - log - INFO - iter:1000/2463, clip_acc1=63.70000457763672, tta_acc1=63.80000305175781
2025-06-11 03:49:05,541 - log - INFO - iter:1000/2463, Original Acc@1: 63.70, Acc@5: 78.50, TTA Acc@1: 63.80, Acc@5: 78.30
2025-06-11 03:49:55,175 - log - INFO - iter:1020/2463, clip_acc1=64.4117660522461, tta_acc1=64.50981140136719
2025-06-11 03:49:55,175 - log - INFO - iter:1020/2463, Original Acc@1: 64.41, Acc@5: 78.92, TTA Acc@1: 64.51, Acc@5: 78.73
2025-06-11 03:50:45,053 - log - INFO - iter:1040/2463, clip_acc1=65.09615325927734, tta_acc1=65.09615325927734
2025-06-11 03:50:45,054 - log - INFO - iter:1040/2463, Original Acc@1: 65.10, Acc@5: 79.33, TTA Acc@1: 65.10, Acc@5: 79.13
2025-06-11 03:51:34,789 - log - INFO - iter:1060/2463, clip_acc1=65.6603775024414, tta_acc1=65.6603775024414
2025-06-11 03:51:34,790 - log - INFO - iter:1060/2463, Original Acc@1: 65.66, Acc@5: 79.72, TTA Acc@1: 65.66, Acc@5: 79.53
2025-06-11 03:52:24,231 - log - INFO - iter:1080/2463, clip_acc1=65.0, tta_acc1=64.81481170654297
2025-06-11 03:52:24,231 - log - INFO - iter:1080/2463, Original Acc@1: 65.00, Acc@5: 79.54, TTA Acc@1: 64.81, Acc@5: 79.44
2025-06-11 03:53:13,719 - log - INFO - iter:1100/2463, clip_acc1=64.90908813476562, tta_acc1=64.7272720336914
2025-06-11 03:53:13,719 - log - INFO - iter:1100/2463, Original Acc@1: 64.91, Acc@5: 79.82, TTA Acc@1: 64.73, Acc@5: 79.73
2025-06-11 03:54:03,116 - log - INFO - iter:1120/2463, clip_acc1=65.44642639160156, tta_acc1=65.26786041259766
2025-06-11 03:54:03,116 - log - INFO - iter:1120/2463, Original Acc@1: 65.45, Acc@5: 80.09, TTA Acc@1: 65.27, Acc@5: 80.00
2025-06-11 03:54:52,845 - log - INFO - iter:1140/2463, clip_acc1=65.7017593383789, tta_acc1=65.52631378173828
2025-06-11 03:54:52,846 - log - INFO - iter:1140/2463, Original Acc@1: 65.70, Acc@5: 80.44, TTA Acc@1: 65.53, Acc@5: 80.26
2025-06-11 03:55:42,986 - log - INFO - iter:1160/2463, clip_acc1=65.0862045288086, tta_acc1=64.82758331298828
2025-06-11 03:55:42,986 - log - INFO - iter:1160/2463, Original Acc@1: 65.09, Acc@5: 79.66, TTA Acc@1: 64.83, Acc@5: 79.48
2025-06-11 03:56:32,455 - log - INFO - iter:1180/2463, clip_acc1=64.06779479980469, tta_acc1=63.81355667114258
2025-06-11 03:56:32,455 - log - INFO - iter:1180/2463, Original Acc@1: 64.07, Acc@5: 78.39, TTA Acc@1: 63.81, Acc@5: 78.22
2025-06-11 03:57:21,974 - log - INFO - iter:1200/2463, clip_acc1=64.66667175292969, tta_acc1=64.41667175292969
2025-06-11 03:57:21,974 - log - INFO - iter:1200/2463, Original Acc@1: 64.67, Acc@5: 78.75, TTA Acc@1: 64.42, Acc@5: 78.58
2025-06-11 03:58:11,446 - log - INFO - iter:1220/2463, clip_acc1=64.01639556884766, tta_acc1=63.77049255371094
2025-06-11 03:58:11,446 - log - INFO - iter:1220/2463, Original Acc@1: 64.02, Acc@5: 77.87, TTA Acc@1: 63.77, Acc@5: 77.70
2025-06-11 03:59:00,914 - log - INFO - iter:1240/2463, clip_acc1=63.3870964050293, tta_acc1=63.14516067504883
2025-06-11 03:59:00,915 - log - INFO - iter:1240/2463, Original Acc@1: 63.39, Acc@5: 77.34, TTA Acc@1: 63.15, Acc@5: 77.18
2025-06-11 03:59:50,504 - log - INFO - iter:1260/2463, clip_acc1=63.41270065307617, tta_acc1=63.17460250854492
2025-06-11 03:59:50,504 - log - INFO - iter:1260/2463, Original Acc@1: 63.41, Acc@5: 77.70, TTA Acc@1: 63.17, Acc@5: 77.54
2025-06-11 04:00:40,023 - log - INFO - iter:1280/2463, clip_acc1=63.984375, tta_acc1=63.75
2025-06-11 04:00:40,023 - log - INFO - iter:1280/2463, Original Acc@1: 63.98, Acc@5: 78.05, TTA Acc@1: 63.75, Acc@5: 77.89
2025-06-11 04:01:29,628 - log - INFO - iter:1300/2463, clip_acc1=64.38461303710938, tta_acc1=64.15384674072266
2025-06-11 04:01:29,628 - log - INFO - iter:1300/2463, Original Acc@1: 64.38, Acc@5: 78.38, TTA Acc@1: 64.15, Acc@5: 78.23
2025-06-11 04:02:19,165 - log - INFO - iter:1320/2463, clip_acc1=64.62120819091797, tta_acc1=64.31817626953125
2025-06-11 04:02:19,165 - log - INFO - iter:1320/2463, Original Acc@1: 64.62, Acc@5: 78.71, TTA Acc@1: 64.32, Acc@5: 78.56
2025-06-11 04:03:08,803 - log - INFO - iter:1340/2463, clip_acc1=64.47761535644531, tta_acc1=64.02985382080078
2025-06-11 04:03:08,803 - log - INFO - iter:1340/2463, Original Acc@1: 64.48, Acc@5: 79.03, TTA Acc@1: 64.03, Acc@5: 78.88
2025-06-11 04:03:58,391 - log - INFO - iter:1360/2463, clip_acc1=64.48529815673828, tta_acc1=64.04412078857422
2025-06-11 04:03:58,392 - log - INFO - iter:1360/2463, Original Acc@1: 64.49, Acc@5: 79.26, TTA Acc@1: 64.04, Acc@5: 79.12
2025-06-11 04:04:47,781 - log - INFO - iter:1380/2463, clip_acc1=65.0, tta_acc1=64.56521606445312
2025-06-11 04:04:47,781 - log - INFO - iter:1380/2463, Original Acc@1: 65.00, Acc@5: 79.57, TTA Acc@1: 64.57, Acc@5: 79.42
2025-06-11 04:05:37,333 - log - INFO - iter:1400/2463, clip_acc1=65.42857360839844, tta_acc1=65.0
2025-06-11 04:05:37,334 - log - INFO - iter:1400/2463, Original Acc@1: 65.43, Acc@5: 79.79, TTA Acc@1: 65.00, Acc@5: 79.71
2025-06-11 04:06:26,952 - log - INFO - iter:1420/2463, clip_acc1=65.63380432128906, tta_acc1=65.21126556396484
2025-06-11 04:06:26,952 - log - INFO - iter:1420/2463, Original Acc@1: 65.63, Acc@5: 79.79, TTA Acc@1: 65.21, Acc@5: 79.72
2025-06-11 04:07:16,563 - log - INFO - iter:1440/2463, clip_acc1=64.72222137451172, tta_acc1=64.30555725097656
2025-06-11 04:07:16,564 - log - INFO - iter:1440/2463, Original Acc@1: 64.72, Acc@5: 78.89, TTA Acc@1: 64.31, Acc@5: 78.82
2025-06-11 04:08:05,987 - log - INFO - iter:1460/2463, clip_acc1=64.17808532714844, tta_acc1=63.76712417602539
2025-06-11 04:08:05,987 - log - INFO - iter:1460/2463, Original Acc@1: 64.18, Acc@5: 78.90, TTA Acc@1: 63.77, Acc@5: 78.84
2025-06-11 04:08:55,334 - log - INFO - iter:1480/2463, clip_acc1=64.66216278076172, tta_acc1=64.25675964355469
2025-06-11 04:08:55,334 - log - INFO - iter:1480/2463, Original Acc@1: 64.66, Acc@5: 79.19, TTA Acc@1: 64.26, Acc@5: 79.12
2025-06-11 04:09:45,154 - log - INFO - iter:1500/2463, clip_acc1=64.86666870117188, tta_acc1=64.46666717529297
2025-06-11 04:09:45,154 - log - INFO - iter:1500/2463, Original Acc@1: 64.87, Acc@5: 79.47, TTA Acc@1: 64.47, Acc@5: 79.40
2025-06-11 04:10:35,715 - log - INFO - iter:1520/2463, clip_acc1=64.27632141113281, tta_acc1=63.8815803527832
2025-06-11 04:10:35,716 - log - INFO - iter:1520/2463, Original Acc@1: 64.28, Acc@5: 79.67, TTA Acc@1: 63.88, Acc@5: 79.61
2025-06-11 04:11:25,195 - log - INFO - iter:1540/2463, clip_acc1=63.83116912841797, tta_acc1=63.506492614746094
2025-06-11 04:11:25,196 - log - INFO - iter:1540/2463, Original Acc@1: 63.83, Acc@5: 79.94, TTA Acc@1: 63.51, Acc@5: 79.87
2025-06-11 04:12:14,717 - log - INFO - iter:1560/2463, clip_acc1=63.141029357910156, tta_acc1=62.756412506103516
2025-06-11 04:12:14,717 - log - INFO - iter:1560/2463, Original Acc@1: 63.14, Acc@5: 80.19, TTA Acc@1: 62.76, Acc@5: 80.13
2025-06-11 04:13:04,371 - log - INFO - iter:1580/2463, clip_acc1=62.531646728515625, tta_acc1=62.15189743041992
2025-06-11 04:13:04,371 - log - INFO - iter:1580/2463, Original Acc@1: 62.53, Acc@5: 80.44, TTA Acc@1: 62.15, Acc@5: 80.38
2025-06-11 04:13:53,997 - log - INFO - iter:1600/2463, clip_acc1=61.875, tta_acc1=61.5
2025-06-11 04:13:53,998 - log - INFO - iter:1600/2463, Original Acc@1: 61.88, Acc@5: 80.62, TTA Acc@1: 61.50, Acc@5: 80.50
2025-06-11 04:14:43,737 - log - INFO - iter:1620/2463, clip_acc1=61.23456954956055, tta_acc1=60.864200592041016
2025-06-11 04:14:43,737 - log - INFO - iter:1620/2463, Original Acc@1: 61.23, Acc@5: 80.62, TTA Acc@1: 60.86, Acc@5: 80.56
2025-06-11 04:15:33,657 - log - INFO - iter:1640/2463, clip_acc1=61.524391174316406, tta_acc1=61.03658676147461
2025-06-11 04:15:33,657 - log - INFO - iter:1640/2463, Original Acc@1: 61.52, Acc@5: 80.85, TTA Acc@1: 61.04, Acc@5: 80.79
2025-06-11 04:16:23,173 - log - INFO - iter:1660/2463, clip_acc1=61.987953186035156, tta_acc1=61.50602722167969
2025-06-11 04:16:23,173 - log - INFO - iter:1660/2463, Original Acc@1: 61.99, Acc@5: 81.08, TTA Acc@1: 61.51, Acc@5: 81.02
2025-06-11 04:17:12,711 - log - INFO - iter:1680/2463, clip_acc1=62.32143020629883, tta_acc1=61.84524154663086
2025-06-11 04:17:12,712 - log - INFO - iter:1680/2463, Original Acc@1: 62.32, Acc@5: 81.31, TTA Acc@1: 61.85, Acc@5: 81.25
2025-06-11 04:18:02,174 - log - INFO - iter:1700/2463, clip_acc1=62.647056579589844, tta_acc1=62.17646789550781
2025-06-11 04:18:02,175 - log - INFO - iter:1700/2463, Original Acc@1: 62.65, Acc@5: 81.53, TTA Acc@1: 62.18, Acc@5: 81.47
2025-06-11 04:18:51,906 - log - INFO - iter:1720/2463, clip_acc1=62.67441940307617, tta_acc1=62.20930099487305
2025-06-11 04:18:51,906 - log - INFO - iter:1720/2463, Original Acc@1: 62.67, Acc@5: 81.74, TTA Acc@1: 62.21, Acc@5: 81.69
2025-06-11 04:19:42,486 - log - INFO - iter:1740/2463, clip_acc1=63.10344696044922, tta_acc1=62.6436767578125
2025-06-11 04:19:42,487 - log - INFO - iter:1740/2463, Original Acc@1: 63.10, Acc@5: 81.95, TTA Acc@1: 62.64, Acc@5: 81.90
2025-06-11 04:20:32,270 - log - INFO - iter:1760/2463, clip_acc1=62.89772415161133, tta_acc1=62.443180084228516
2025-06-11 04:20:32,270 - log - INFO - iter:1760/2463, Original Acc@1: 62.90, Acc@5: 81.99, TTA Acc@1: 62.44, Acc@5: 81.93
2025-06-11 04:21:22,023 - log - INFO - iter:1780/2463, clip_acc1=63.03370666503906, tta_acc1=62.58427047729492
2025-06-11 04:21:22,023 - log - INFO - iter:1780/2463, Original Acc@1: 63.03, Acc@5: 82.08, TTA Acc@1: 62.58, Acc@5: 82.08
2025-06-11 04:22:11,798 - log - INFO - iter:1800/2463, clip_acc1=63.111114501953125, tta_acc1=62.66666793823242
2025-06-11 04:22:11,799 - log - INFO - iter:1800/2463, Original Acc@1: 63.11, Acc@5: 82.28, TTA Acc@1: 62.67, Acc@5: 82.28
2025-06-11 04:23:01,497 - log - INFO - iter:1820/2463, clip_acc1=62.5274772644043, tta_acc1=62.087913513183594
2025-06-11 04:23:01,497 - log - INFO - iter:1820/2463, Original Acc@1: 62.53, Acc@5: 82.09, TTA Acc@1: 62.09, Acc@5: 82.09
2025-06-11 04:23:51,367 - log - INFO - iter:1840/2463, clip_acc1=62.554344177246094, tta_acc1=62.119564056396484
2025-06-11 04:23:51,367 - log - INFO - iter:1840/2463, Original Acc@1: 62.55, Acc@5: 81.90, TTA Acc@1: 62.12, Acc@5: 81.90
2025-06-11 04:24:41,069 - log - INFO - iter:1860/2463, clip_acc1=62.04301071166992, tta_acc1=61.6129035949707
2025-06-11 04:24:41,069 - log - INFO - iter:1860/2463, Original Acc@1: 62.04, Acc@5: 81.24, TTA Acc@1: 61.61, Acc@5: 81.24
2025-06-11 04:25:30,704 - log - INFO - iter:1880/2463, clip_acc1=62.180850982666016, tta_acc1=61.75531768798828
2025-06-11 04:25:30,704 - log - INFO - iter:1880/2463, Original Acc@1: 62.18, Acc@5: 81.44, TTA Acc@1: 61.76, Acc@5: 81.44
2025-06-11 04:26:20,304 - log - INFO - iter:1900/2463, clip_acc1=61.89473342895508, tta_acc1=61.47368240356445
2025-06-11 04:26:20,304 - log - INFO - iter:1900/2463, Original Acc@1: 61.89, Acc@5: 80.95, TTA Acc@1: 61.47, Acc@5: 80.95
2025-06-11 04:27:09,911 - log - INFO - iter:1920/2463, clip_acc1=62.187503814697266, tta_acc1=61.770835876464844
2025-06-11 04:27:09,911 - log - INFO - iter:1920/2463, Original Acc@1: 62.19, Acc@5: 81.04, TTA Acc@1: 61.77, Acc@5: 81.04
2025-06-11 04:27:59,896 - log - INFO - iter:1940/2463, clip_acc1=62.57732009887695, tta_acc1=62.16495132446289
2025-06-11 04:27:59,896 - log - INFO - iter:1940/2463, Original Acc@1: 62.58, Acc@5: 81.24, TTA Acc@1: 62.16, Acc@5: 81.24
2025-06-11 04:28:49,350 - log - INFO - iter:1960/2463, clip_acc1=62.80611801147461, tta_acc1=62.39795684814453
2025-06-11 04:28:49,350 - log - INFO - iter:1960/2463, Original Acc@1: 62.81, Acc@5: 81.43, TTA Acc@1: 62.40, Acc@5: 81.38
2025-06-11 04:29:46,917 - log - INFO - iter:1980/2463, clip_acc1=62.92929458618164, tta_acc1=62.5252571105957
2025-06-11 04:29:46,917 - log - INFO - iter:1980/2463, Original Acc@1: 62.93, Acc@5: 81.57, TTA Acc@1: 62.53, Acc@5: 81.52
2025-06-11 04:30:36,571 - log - INFO - iter:2000/2463, clip_acc1=63.20000457763672, tta_acc1=62.80000305175781
2025-06-11 04:30:36,571 - log - INFO - iter:2000/2463, Original Acc@1: 63.20, Acc@5: 81.70, TTA Acc@1: 62.80, Acc@5: 81.65
2025-06-11 04:31:26,606 - log - INFO - iter:2020/2463, clip_acc1=62.970298767089844, tta_acc1=62.57426071166992
2025-06-11 04:31:26,606 - log - INFO - iter:2020/2463, Original Acc@1: 62.97, Acc@5: 81.39, TTA Acc@1: 62.57, Acc@5: 81.34
2025-06-11 04:32:16,391 - log - INFO - iter:2040/2463, clip_acc1=63.13726043701172, tta_acc1=62.696083068847656
2025-06-11 04:32:16,391 - log - INFO - iter:2040/2463, Original Acc@1: 63.14, Acc@5: 81.37, TTA Acc@1: 62.70, Acc@5: 81.32
2025-06-11 04:33:06,081 - log - INFO - iter:2060/2463, clip_acc1=63.34951400756836, tta_acc1=62.96116638183594
2025-06-11 04:33:06,082 - log - INFO - iter:2060/2463, Original Acc@1: 63.35, Acc@5: 81.55, TTA Acc@1: 62.96, Acc@5: 81.50
2025-06-11 04:33:55,712 - log - INFO - iter:2080/2463, clip_acc1=63.41345977783203, tta_acc1=63.028846740722656
2025-06-11 04:33:55,712 - log - INFO - iter:2080/2463, Original Acc@1: 63.41, Acc@5: 81.44, TTA Acc@1: 63.03, Acc@5: 81.39
2025-06-11 04:34:45,340 - log - INFO - iter:2100/2463, clip_acc1=63.42856979370117, tta_acc1=62.9523811340332
2025-06-11 04:34:45,340 - log - INFO - iter:2100/2463, Original Acc@1: 63.43, Acc@5: 81.33, TTA Acc@1: 62.95, Acc@5: 81.29
2025-06-11 04:35:34,973 - log - INFO - iter:2120/2463, clip_acc1=63.3962287902832, tta_acc1=62.97169876098633
2025-06-11 04:35:34,973 - log - INFO - iter:2120/2463, Original Acc@1: 63.40, Acc@5: 81.46, TTA Acc@1: 62.97, Acc@5: 81.42
2025-06-11 04:36:24,825 - log - INFO - iter:2140/2463, clip_acc1=63.50467300415039, tta_acc1=63.08411407470703
2025-06-11 04:36:24,825 - log - INFO - iter:2140/2463, Original Acc@1: 63.50, Acc@5: 81.59, TTA Acc@1: 63.08, Acc@5: 81.54
2025-06-11 04:37:14,404 - log - INFO - iter:2160/2463, clip_acc1=63.75, tta_acc1=63.33333206176758
2025-06-11 04:37:14,404 - log - INFO - iter:2160/2463, Original Acc@1: 63.75, Acc@5: 81.76, TTA Acc@1: 63.33, Acc@5: 81.71
2025-06-11 04:38:03,976 - log - INFO - iter:2180/2463, clip_acc1=63.44036865234375, tta_acc1=63.073394775390625
2025-06-11 04:38:03,976 - log - INFO - iter:2180/2463, Original Acc@1: 63.44, Acc@5: 81.38, TTA Acc@1: 63.07, Acc@5: 81.33
2025-06-11 04:38:53,587 - log - INFO - iter:2200/2463, clip_acc1=63.772727966308594, tta_acc1=63.40909194946289
2025-06-11 04:38:53,587 - log - INFO - iter:2200/2463, Original Acc@1: 63.77, Acc@5: 81.55, TTA Acc@1: 63.41, Acc@5: 81.50
2025-06-11 04:39:43,215 - log - INFO - iter:2220/2463, clip_acc1=64.0990982055664, tta_acc1=63.738739013671875
2025-06-11 04:39:43,216 - log - INFO - iter:2220/2463, Original Acc@1: 64.10, Acc@5: 81.71, TTA Acc@1: 63.74, Acc@5: 81.67
2025-06-11 04:40:32,802 - log - INFO - iter:2240/2463, clip_acc1=64.28571319580078, tta_acc1=63.92857360839844
2025-06-11 04:40:32,802 - log - INFO - iter:2240/2463, Original Acc@1: 64.29, Acc@5: 81.88, TTA Acc@1: 63.93, Acc@5: 81.83
2025-06-11 04:41:22,635 - log - INFO - iter:2260/2463, clip_acc1=64.60176849365234, tta_acc1=64.24778747558594
2025-06-11 04:41:22,635 - log - INFO - iter:2260/2463, Original Acc@1: 64.60, Acc@5: 82.04, TTA Acc@1: 64.25, Acc@5: 81.99
2025-06-11 04:42:12,279 - log - INFO - iter:2280/2463, clip_acc1=64.91228485107422, tta_acc1=64.5614013671875
2025-06-11 04:42:12,279 - log - INFO - iter:2280/2463, Original Acc@1: 64.91, Acc@5: 82.19, TTA Acc@1: 64.56, Acc@5: 82.15
2025-06-11 04:43:01,945 - log - INFO - iter:2300/2463, clip_acc1=65.0434799194336, tta_acc1=64.6956558227539
2025-06-11 04:43:01,945 - log - INFO - iter:2300/2463, Original Acc@1: 65.04, Acc@5: 82.26, TTA Acc@1: 64.70, Acc@5: 82.22
2025-06-11 04:43:51,596 - log - INFO - iter:2320/2463, clip_acc1=65.30172729492188, tta_acc1=64.87068939208984
2025-06-11 04:43:51,597 - log - INFO - iter:2320/2463, Original Acc@1: 65.30, Acc@5: 82.37, TTA Acc@1: 64.87, Acc@5: 82.33
2025-06-11 04:44:41,064 - log - INFO - iter:2340/2463, clip_acc1=65.47008514404297, tta_acc1=65.04273223876953
2025-06-11 04:44:41,064 - log - INFO - iter:2340/2463, Original Acc@1: 65.47, Acc@5: 82.44, TTA Acc@1: 65.04, Acc@5: 82.39
2025-06-11 04:45:30,708 - log - INFO - iter:2360/2463, clip_acc1=65.50847625732422, tta_acc1=65.08474731445312
2025-06-11 04:45:30,708 - log - INFO - iter:2360/2463, Original Acc@1: 65.51, Acc@5: 82.33, TTA Acc@1: 65.08, Acc@5: 82.29
2025-06-11 04:46:20,410 - log - INFO - iter:2380/2463, clip_acc1=65.08403778076172, tta_acc1=64.66386413574219
2025-06-11 04:46:20,411 - log - INFO - iter:2380/2463, Original Acc@1: 65.08, Acc@5: 81.89, TTA Acc@1: 64.66, Acc@5: 81.85
2025-06-11 04:47:10,036 - log - INFO - iter:2400/2463, clip_acc1=64.75, tta_acc1=64.33333587646484
2025-06-11 04:47:10,036 - log - INFO - iter:2400/2463, Original Acc@1: 64.75, Acc@5: 82.04, TTA Acc@1: 64.33, Acc@5: 82.00
2025-06-11 04:47:59,570 - log - INFO - iter:2420/2463, clip_acc1=65.0, tta_acc1=64.58677673339844
2025-06-11 04:47:59,570 - log - INFO - iter:2420/2463, Original Acc@1: 65.00, Acc@5: 82.19, TTA Acc@1: 64.59, Acc@5: 82.15
2025-06-11 04:48:49,207 - log - INFO - iter:2440/2463, clip_acc1=64.95901489257812, tta_acc1=64.54917907714844
2025-06-11 04:48:49,207 - log - INFO - iter:2440/2463, Original Acc@1: 64.96, Acc@5: 82.34, TTA Acc@1: 64.55, Acc@5: 82.30
2025-06-11 04:49:38,876 - log - INFO - iter:2460/2463, clip_acc1=64.918701171875, tta_acc1=64.47154235839844
2025-06-11 04:49:38,876 - log - INFO - iter:2460/2463, Original Acc@1: 64.92, Acc@5: 82.44, TTA Acc@1: 64.47, Acc@5: 82.40
2025-06-11 04:49:46,231 - log - INFO - iter:2463/2463, clip_acc1=64.96143341064453, tta_acc1=64.51482391357422
2025-06-11 04:49:46,232 - log - INFO - iter:2463/2463, Original Acc@1: 64.96, Acc@5: 82.46, TTA Acc@1: 64.51, Acc@5: 82.42
2025-06-11 04:49:46,340 - log - INFO - Final results - Original Acc@1: 64.96, Acc@5: 82.46, TTA Acc@1: 64.51, Acc@5: 82.42
2025-06-11 04:49:46,341 - log - INFO - Improvement from TTA in Acc@1 -0.45, and Acc@5 -0.04
2025-06-11 04:49:46,342 - log - INFO - Number of selected samples with index 0: 1223
2025-06-11 04:49:46,342 - log - INFO - Number of samples in the dataset: 2463
2025-06-11 04:49:46,358 - log - INFO - Selected IDs saved to /leonardo_work/EUHPC_R04_192/fmohamma/Adversarial_Robust_Clip/ATPT/Final_Results/delta_clip_l14_224/Flower102/Clean/Counter_Attack/Eps_4_0_Steps_2_Alpha_1_0/tau_0_2_beta_2_0_weighted_pertrubation_True/TPT/Optimization_Loss_rtpt_LR_0_005_Optimization_Steps_1_View_Selection_Fraction_0_1/Inference_Ensemble_none/selected_topk.json
2025-06-11 04:49:46,511 - log - INFO - Batch entropies saved to /leonardo_work/EUHPC_R04_192/fmohamma/Adversarial_Robust_Clip/ATPT/Final_Results/delta_clip_l14_224/Flower102/Clean/Counter_Attack/Eps_4_0_Steps_2_Alpha_1_0/tau_0_2_beta_2_0_weighted_pertrubation_True/TPT/Optimization_Loss_rtpt_LR_0_005_Optimization_Steps_1_View_Selection_Fraction_0_1/Inference_Ensemble_none/entropies.json
2025-06-11 04:49:46,513 - log - INFO - => Acc. on testset [Flower102]: Clean Acc @1 64.96143341064453/ TTA Clean Acc @1 64.51482391357422, Clean Acc @5 82.46041870117188/ TTA Clean Acc @5 82.41981506347656
2025-06-11 04:49:46,513 - log - INFO - Total script execution time: 6249.03 seconds (104.15 minutes)
