2025-06-03 00:53:20,281 - log - INFO - ==========================================
data:/leonardo_work/EUHPC_R04_192/fmohamma/Adversarial_Robust_Clip/atpt_data/downstream_datasets
test_sets:UCF101
dataset_mode:test
arch:ViT-L/14
resolution:224
workers:4
no_pin_memory:False
batch_size:64
print_freq:20
gpu:0
no_cudnn_benchmark:False
n_ctx:4
ctx_init:a_photo_of_a
tpt_loss:rtpt
seed:0
output_dir:/leonardo_work/EUHPC_R04_192/fmohamma/Adversarial_Robust_Clip/atpt_data/ViT-L/14/UCF101
log_output_dir:/leonardo_work/EUHPC_R04_192/fmohamma/Adversarial_Robust_Clip/ATPT/Final_Results/ViT-L/14/UCF101
eps:0.0
alpha:0.0
alpha_eps_ratio:4.0
steps:0
lr:0.005
selection_p:0.1
tta_steps:1
ensemble_type:none
top_k:20
softmax_temp:0.01
counter_attack:True
counter_attack_type:pgd
counter_attack_steps:0
counter_attack_eps:4.0
counter_attack_alpha:1.0
counter_attack_tau_thres:0.2
counter_attack_beta:2.0
counter_attack_weighted_perturbations:True
pgd_clip_pure_i_text_embeddings:null
pgd_counter_and_clipure_i_lamda:1.0
selected_id_name:selected_topk.json
weighted_score_name:weighted_scores.json
batch_entropy_name:entropies.json
log_dir:/leonardo_work/EUHPC_R04_192/fmohamma/Adversarial_Robust_Clip/ATPT/Final_Results/ViT-L/14/UCF101/Clean/Counter_Attack/Eps_4_0_Steps_0_Alpha_1_0/tau_0_2_beta_2_0_weighted_pertrubation_True/TPT/Optimization_Loss_rtpt_LR_0_005_Optimization_Steps_1_View_Selection_Fraction_0_1/Inference_Ensemble_none

2025-06-03 00:53:20,282 - log - INFO - Use GPU: 0 for training
2025-06-03 00:54:00,902 - log - INFO - Freezing all parameters except prompt learner
2025-06-03 00:54:00,903 - log - INFO - => Model created: visual backbone ViT-L/14
2025-06-03 00:54:00,937 - log - INFO - Number of test samples: 3783
2025-06-03 00:54:00,937 - log - INFO - Evaluating dataset: UCF101
2025-06-03 00:54:00,938 - log - INFO - Starting evaluation with batch size: 64, selection percentage: 0.1
2025-06-03 00:54:00,938 - log - INFO - Test-time adaptation steps: 1, learning rate: 0.005
2025-06-03 00:54:00,938 - log - INFO - Using counter-attack with epsilon: 4.000000, alpha: 0.000000, steps: 0, tau_thres: 0.2, beta: 2.0, weighted perturbation: True
2025-06-03 00:55:10,520 - log - INFO - iter:20/3783, clip_acc1=100.0, tta_acc1=100.0
2025-06-03 00:55:10,520 - log - INFO - iter:20/3783, Original Acc@1: 100.00, Acc@5: 100.00, TTA Acc@1: 100.00, Acc@5: 100.00
2025-06-03 00:56:07,674 - log - INFO - iter:40/3783, clip_acc1=100.0, tta_acc1=100.0
2025-06-03 00:56:07,675 - log - INFO - iter:40/3783, Original Acc@1: 100.00, Acc@5: 100.00, TTA Acc@1: 100.00, Acc@5: 100.00
2025-06-03 00:57:04,794 - log - INFO - iter:60/3783, clip_acc1=85.00000762939453, tta_acc1=90.00000762939453
2025-06-03 00:57:04,795 - log - INFO - iter:60/3783, Original Acc@1: 85.00, Acc@5: 96.67, TTA Acc@1: 90.00, Acc@5: 98.33
2025-06-03 00:58:01,959 - log - INFO - iter:80/3783, clip_acc1=75.0, tta_acc1=82.5
2025-06-03 00:58:01,959 - log - INFO - iter:80/3783, Original Acc@1: 75.00, Acc@5: 96.25, TTA Acc@1: 82.50, Acc@5: 98.75
2025-06-03 00:58:59,383 - log - INFO - iter:100/3783, clip_acc1=80.0, tta_acc1=86.0
2025-06-03 00:58:59,383 - log - INFO - iter:100/3783, Original Acc@1: 80.00, Acc@5: 97.00, TTA Acc@1: 86.00, Acc@5: 99.00
2025-06-03 00:59:56,801 - log - INFO - iter:120/3783, clip_acc1=80.83333587646484, tta_acc1=86.66667175292969
2025-06-03 00:59:56,802 - log - INFO - iter:120/3783, Original Acc@1: 80.83, Acc@5: 96.67, TTA Acc@1: 86.67, Acc@5: 98.33
2025-06-03 01:00:54,223 - log - INFO - iter:140/3783, clip_acc1=83.57142639160156, tta_acc1=88.57142639160156
2025-06-03 01:00:54,224 - log - INFO - iter:140/3783, Original Acc@1: 83.57, Acc@5: 97.14, TTA Acc@1: 88.57, Acc@5: 98.57
2025-06-03 01:01:51,546 - log - INFO - iter:160/3783, clip_acc1=81.25, tta_acc1=85.625
2025-06-03 01:01:51,547 - log - INFO - iter:160/3783, Original Acc@1: 81.25, Acc@5: 96.88, TTA Acc@1: 85.62, Acc@5: 98.12
2025-06-03 01:02:48,848 - log - INFO - iter:180/3783, clip_acc1=74.44444274902344, tta_acc1=76.66667175292969
2025-06-03 01:02:48,849 - log - INFO - iter:180/3783, Original Acc@1: 74.44, Acc@5: 92.22, TTA Acc@1: 76.67, Acc@5: 92.78
2025-06-03 01:03:46,088 - log - INFO - iter:200/3783, clip_acc1=75.5, tta_acc1=77.5
2025-06-03 01:03:46,088 - log - INFO - iter:200/3783, Original Acc@1: 75.50, Acc@5: 92.50, TTA Acc@1: 77.50, Acc@5: 93.00
2025-06-03 01:04:43,351 - log - INFO - iter:220/3783, clip_acc1=77.2727279663086, tta_acc1=79.09090423583984
2025-06-03 01:04:43,351 - log - INFO - iter:220/3783, Original Acc@1: 77.27, Acc@5: 93.18, TTA Acc@1: 79.09, Acc@5: 93.64
2025-06-03 01:05:40,511 - log - INFO - iter:240/3783, clip_acc1=76.66667175292969, tta_acc1=78.33333587646484
2025-06-03 01:05:40,511 - log - INFO - iter:240/3783, Original Acc@1: 76.67, Acc@5: 91.67, TTA Acc@1: 78.33, Acc@5: 92.08
2025-06-03 01:06:37,650 - log - INFO - iter:260/3783, clip_acc1=78.07691955566406, tta_acc1=80.0
2025-06-03 01:06:37,651 - log - INFO - iter:260/3783, Original Acc@1: 78.08, Acc@5: 92.31, TTA Acc@1: 80.00, Acc@5: 92.69
2025-06-03 01:07:35,025 - log - INFO - iter:280/3783, clip_acc1=75.71428680419922, tta_acc1=77.5
2025-06-03 01:07:35,025 - log - INFO - iter:280/3783, Original Acc@1: 75.71, Acc@5: 92.86, TTA Acc@1: 77.50, Acc@5: 93.21
2025-06-03 01:08:32,064 - log - INFO - iter:300/3783, clip_acc1=70.66667175292969, tta_acc1=72.33333587646484
2025-06-03 01:08:32,064 - log - INFO - iter:300/3783, Original Acc@1: 70.67, Acc@5: 92.33, TTA Acc@1: 72.33, Acc@5: 93.00
2025-06-03 01:09:29,340 - log - INFO - iter:320/3783, clip_acc1=71.25, tta_acc1=72.8125
2025-06-03 01:09:29,340 - log - INFO - iter:320/3783, Original Acc@1: 71.25, Acc@5: 92.81, TTA Acc@1: 72.81, Acc@5: 93.12
2025-06-03 01:10:26,735 - log - INFO - iter:340/3783, clip_acc1=72.94117736816406, tta_acc1=74.4117660522461
2025-06-03 01:10:26,735 - log - INFO - iter:340/3783, Original Acc@1: 72.94, Acc@5: 93.24, TTA Acc@1: 74.41, Acc@5: 93.53
2025-06-03 01:11:24,155 - log - INFO - iter:360/3783, clip_acc1=74.16667175292969, tta_acc1=75.83333587646484
2025-06-03 01:11:24,155 - log - INFO - iter:360/3783, Original Acc@1: 74.17, Acc@5: 93.61, TTA Acc@1: 75.83, Acc@5: 93.89
2025-06-03 01:12:21,269 - log - INFO - iter:380/3783, clip_acc1=75.52632141113281, tta_acc1=76.57894897460938
2025-06-03 01:12:21,270 - log - INFO - iter:380/3783, Original Acc@1: 75.53, Acc@5: 93.95, TTA Acc@1: 76.58, Acc@5: 94.21
2025-06-03 01:13:18,498 - log - INFO - iter:400/3783, clip_acc1=76.75, tta_acc1=77.75
2025-06-03 01:13:18,498 - log - INFO - iter:400/3783, Original Acc@1: 76.75, Acc@5: 94.25, TTA Acc@1: 77.75, Acc@5: 94.50
2025-06-03 01:14:15,651 - log - INFO - iter:420/3783, clip_acc1=77.61904907226562, tta_acc1=78.80952453613281
2025-06-03 01:14:15,652 - log - INFO - iter:420/3783, Original Acc@1: 77.62, Acc@5: 94.52, TTA Acc@1: 78.81, Acc@5: 94.76
2025-06-03 01:15:12,904 - log - INFO - iter:440/3783, clip_acc1=78.63636016845703, tta_acc1=79.7727279663086
2025-06-03 01:15:12,904 - log - INFO - iter:440/3783, Original Acc@1: 78.64, Acc@5: 94.77, TTA Acc@1: 79.77, Acc@5: 95.00
2025-06-03 01:16:10,091 - log - INFO - iter:460/3783, clip_acc1=79.56521606445312, tta_acc1=80.65216827392578
2025-06-03 01:16:10,092 - log - INFO - iter:460/3783, Original Acc@1: 79.57, Acc@5: 95.00, TTA Acc@1: 80.65, Acc@5: 95.22
2025-06-03 01:17:07,396 - log - INFO - iter:480/3783, clip_acc1=80.20833587646484, tta_acc1=81.45833587646484
2025-06-03 01:17:07,397 - log - INFO - iter:480/3783, Original Acc@1: 80.21, Acc@5: 95.21, TTA Acc@1: 81.46, Acc@5: 95.42
2025-06-03 01:18:04,727 - log - INFO - iter:500/3783, clip_acc1=80.20000457763672, tta_acc1=81.4000015258789
2025-06-03 01:18:04,727 - log - INFO - iter:500/3783, Original Acc@1: 80.20, Acc@5: 95.40, TTA Acc@1: 81.40, Acc@5: 95.60
2025-06-03 01:19:02,025 - log - INFO - iter:520/3783, clip_acc1=80.76923370361328, tta_acc1=81.73076629638672
2025-06-03 01:19:02,025 - log - INFO - iter:520/3783, Original Acc@1: 80.77, Acc@5: 95.58, TTA Acc@1: 81.73, Acc@5: 95.77
2025-06-03 01:19:59,275 - log - INFO - iter:540/3783, clip_acc1=81.29629516601562, tta_acc1=82.03703308105469
2025-06-03 01:19:59,275 - log - INFO - iter:540/3783, Original Acc@1: 81.30, Acc@5: 95.74, TTA Acc@1: 82.04, Acc@5: 95.93
2025-06-03 01:20:56,532 - log - INFO - iter:560/3783, clip_acc1=80.35713958740234, tta_acc1=81.42857360839844
2025-06-03 01:20:56,532 - log - INFO - iter:560/3783, Original Acc@1: 80.36, Acc@5: 95.18, TTA Acc@1: 81.43, Acc@5: 95.36
2025-06-03 01:21:53,782 - log - INFO - iter:580/3783, clip_acc1=80.51724243164062, tta_acc1=81.55172729492188
2025-06-03 01:21:53,783 - log - INFO - iter:580/3783, Original Acc@1: 80.52, Acc@5: 95.34, TTA Acc@1: 81.55, Acc@5: 95.34
2025-06-03 01:22:50,994 - log - INFO - iter:600/3783, clip_acc1=81.16667175292969, tta_acc1=82.16667175292969
2025-06-03 01:22:50,995 - log - INFO - iter:600/3783, Original Acc@1: 81.17, Acc@5: 95.50, TTA Acc@1: 82.17, Acc@5: 95.50
2025-06-03 01:23:49,494 - log - INFO - iter:620/3783, clip_acc1=81.61289978027344, tta_acc1=82.41935729980469
2025-06-03 01:23:49,494 - log - INFO - iter:620/3783, Original Acc@1: 81.61, Acc@5: 95.65, TTA Acc@1: 82.42, Acc@5: 95.65
2025-06-03 01:24:46,860 - log - INFO - iter:640/3783, clip_acc1=81.25, tta_acc1=82.1875
2025-06-03 01:24:46,860 - log - INFO - iter:640/3783, Original Acc@1: 81.25, Acc@5: 95.78, TTA Acc@1: 82.19, Acc@5: 95.78
2025-06-03 01:25:44,110 - log - INFO - iter:660/3783, clip_acc1=80.75757598876953, tta_acc1=81.96969604492188
2025-06-03 01:25:44,110 - log - INFO - iter:660/3783, Original Acc@1: 80.76, Acc@5: 95.91, TTA Acc@1: 81.97, Acc@5: 95.91
2025-06-03 01:26:41,272 - log - INFO - iter:680/3783, clip_acc1=79.26470947265625, tta_acc1=80.29412078857422
2025-06-03 01:26:41,272 - log - INFO - iter:680/3783, Original Acc@1: 79.26, Acc@5: 95.15, TTA Acc@1: 80.29, Acc@5: 95.44
2025-06-03 01:27:38,650 - log - INFO - iter:700/3783, clip_acc1=77.42857360839844, tta_acc1=78.42857360839844
2025-06-03 01:27:38,650 - log - INFO - iter:700/3783, Original Acc@1: 77.43, Acc@5: 93.29, TTA Acc@1: 78.43, Acc@5: 93.43
2025-06-03 01:28:36,011 - log - INFO - iter:720/3783, clip_acc1=76.94444274902344, tta_acc1=77.36111450195312
2025-06-03 01:28:36,012 - log - INFO - iter:720/3783, Original Acc@1: 76.94, Acc@5: 93.47, TTA Acc@1: 77.36, Acc@5: 93.61
2025-06-03 01:29:33,291 - log - INFO - iter:740/3783, clip_acc1=76.62162017822266, tta_acc1=76.89189147949219
2025-06-03 01:29:33,291 - log - INFO - iter:740/3783, Original Acc@1: 76.62, Acc@5: 93.65, TTA Acc@1: 76.89, Acc@5: 93.78
2025-06-03 01:30:30,621 - log - INFO - iter:760/3783, clip_acc1=77.23684692382812, tta_acc1=77.5
2025-06-03 01:30:30,621 - log - INFO - iter:760/3783, Original Acc@1: 77.24, Acc@5: 93.82, TTA Acc@1: 77.50, Acc@5: 93.95
2025-06-03 01:31:27,931 - log - INFO - iter:780/3783, clip_acc1=77.05128479003906, tta_acc1=77.30769348144531
2025-06-03 01:31:27,931 - log - INFO - iter:780/3783, Original Acc@1: 77.05, Acc@5: 93.97, TTA Acc@1: 77.31, Acc@5: 94.10
2025-06-03 01:32:25,055 - log - INFO - iter:800/3783, clip_acc1=77.25, tta_acc1=77.0
2025-06-03 01:32:25,055 - log - INFO - iter:800/3783, Original Acc@1: 77.25, Acc@5: 94.00, TTA Acc@1: 77.00, Acc@5: 94.12
2025-06-03 01:33:22,189 - log - INFO - iter:820/3783, clip_acc1=76.82926940917969, tta_acc1=77.07317352294922
2025-06-03 01:33:22,189 - log - INFO - iter:820/3783, Original Acc@1: 76.83, Acc@5: 94.02, TTA Acc@1: 77.07, Acc@5: 94.15
2025-06-03 01:34:19,604 - log - INFO - iter:840/3783, clip_acc1=76.9047622680664, tta_acc1=77.14286041259766
2025-06-03 01:34:19,604 - log - INFO - iter:840/3783, Original Acc@1: 76.90, Acc@5: 94.05, TTA Acc@1: 77.14, Acc@5: 94.05
2025-06-03 01:35:16,852 - log - INFO - iter:860/3783, clip_acc1=76.51162719726562, tta_acc1=76.86046600341797
2025-06-03 01:35:16,853 - log - INFO - iter:860/3783, Original Acc@1: 76.51, Acc@5: 93.60, TTA Acc@1: 76.86, Acc@5: 93.60
2025-06-03 01:36:14,040 - log - INFO - iter:880/3783, clip_acc1=75.90908813476562, tta_acc1=75.68181610107422
2025-06-03 01:36:14,040 - log - INFO - iter:880/3783, Original Acc@1: 75.91, Acc@5: 93.75, TTA Acc@1: 75.68, Acc@5: 93.75
2025-06-03 01:37:11,187 - log - INFO - iter:900/3783, clip_acc1=75.0, tta_acc1=75.11111450195312
2025-06-03 01:37:11,187 - log - INFO - iter:900/3783, Original Acc@1: 75.00, Acc@5: 93.89, TTA Acc@1: 75.11, Acc@5: 93.78
2025-06-03 01:38:08,500 - log - INFO - iter:920/3783, clip_acc1=74.13043212890625, tta_acc1=74.34782409667969
2025-06-03 01:38:08,500 - log - INFO - iter:920/3783, Original Acc@1: 74.13, Acc@5: 94.02, TTA Acc@1: 74.35, Acc@5: 93.26
2025-06-03 01:39:05,825 - log - INFO - iter:940/3783, clip_acc1=74.574462890625, tta_acc1=74.7872314453125
2025-06-03 01:39:05,825 - log - INFO - iter:940/3783, Original Acc@1: 74.57, Acc@5: 94.15, TTA Acc@1: 74.79, Acc@5: 93.40
2025-06-03 01:40:02,975 - log - INFO - iter:960/3783, clip_acc1=75.00000762939453, tta_acc1=75.20833587646484
2025-06-03 01:40:02,976 - log - INFO - iter:960/3783, Original Acc@1: 75.00, Acc@5: 94.27, TTA Acc@1: 75.21, Acc@5: 93.54
2025-06-03 01:41:00,056 - log - INFO - iter:980/3783, clip_acc1=75.2040786743164, tta_acc1=75.40815734863281
2025-06-03 01:41:00,056 - log - INFO - iter:980/3783, Original Acc@1: 75.20, Acc@5: 94.29, TTA Acc@1: 75.41, Acc@5: 93.57
2025-06-03 01:41:57,288 - log - INFO - iter:1000/3783, clip_acc1=75.5, tta_acc1=75.70000457763672
2025-06-03 01:41:57,288 - log - INFO - iter:1000/3783, Original Acc@1: 75.50, Acc@5: 94.40, TTA Acc@1: 75.70, Acc@5: 93.70
2025-06-03 01:42:54,506 - log - INFO - iter:1020/3783, clip_acc1=75.98040008544922, tta_acc1=76.17647552490234
2025-06-03 01:42:54,507 - log - INFO - iter:1020/3783, Original Acc@1: 75.98, Acc@5: 94.51, TTA Acc@1: 76.18, Acc@5: 93.82
2025-06-03 01:43:51,667 - log - INFO - iter:1040/3783, clip_acc1=75.96154022216797, tta_acc1=76.44230651855469
2025-06-03 01:43:51,667 - log - INFO - iter:1040/3783, Original Acc@1: 75.96, Acc@5: 94.62, TTA Acc@1: 76.44, Acc@5: 93.94
2025-06-03 01:44:49,059 - log - INFO - iter:1060/3783, clip_acc1=76.41509246826172, tta_acc1=76.88679504394531
2025-06-03 01:44:49,059 - log - INFO - iter:1060/3783, Original Acc@1: 76.42, Acc@5: 94.72, TTA Acc@1: 76.89, Acc@5: 94.06
2025-06-03 01:45:46,247 - log - INFO - iter:1080/3783, clip_acc1=76.85185241699219, tta_acc1=77.22222137451172
2025-06-03 01:45:46,247 - log - INFO - iter:1080/3783, Original Acc@1: 76.85, Acc@5: 94.81, TTA Acc@1: 77.22, Acc@5: 94.17
2025-06-03 01:46:43,671 - log - INFO - iter:1100/3783, clip_acc1=77.2727279663086, tta_acc1=77.63636779785156
2025-06-03 01:46:43,671 - log - INFO - iter:1100/3783, Original Acc@1: 77.27, Acc@5: 94.91, TTA Acc@1: 77.64, Acc@5: 94.27
2025-06-03 01:47:40,902 - log - INFO - iter:1120/3783, clip_acc1=77.41071319580078, tta_acc1=77.67857360839844
2025-06-03 01:47:40,903 - log - INFO - iter:1120/3783, Original Acc@1: 77.41, Acc@5: 95.00, TTA Acc@1: 77.68, Acc@5: 94.38
2025-06-03 01:48:38,221 - log - INFO - iter:1140/3783, clip_acc1=77.28070068359375, tta_acc1=77.19298553466797
2025-06-03 01:48:38,222 - log - INFO - iter:1140/3783, Original Acc@1: 77.28, Acc@5: 95.09, TTA Acc@1: 77.19, Acc@5: 94.47
2025-06-03 01:49:35,497 - log - INFO - iter:1160/3783, clip_acc1=76.89655303955078, tta_acc1=76.46551513671875
2025-06-03 01:49:35,497 - log - INFO - iter:1160/3783, Original Acc@1: 76.90, Acc@5: 94.83, TTA Acc@1: 76.47, Acc@5: 94.14
2025-06-03 01:50:32,745 - log - INFO - iter:1180/3783, clip_acc1=77.2033920288086, tta_acc1=76.7796630859375
2025-06-03 01:50:32,745 - log - INFO - iter:1180/3783, Original Acc@1: 77.20, Acc@5: 94.92, TTA Acc@1: 76.78, Acc@5: 94.24
2025-06-03 01:51:29,925 - log - INFO - iter:1200/3783, clip_acc1=77.08333587646484, tta_acc1=76.5
2025-06-03 01:51:29,925 - log - INFO - iter:1200/3783, Original Acc@1: 77.08, Acc@5: 95.00, TTA Acc@1: 76.50, Acc@5: 94.33
2025-06-03 01:52:27,189 - log - INFO - iter:1220/3783, clip_acc1=76.63934326171875, tta_acc1=76.22950744628906
2025-06-03 01:52:27,189 - log - INFO - iter:1220/3783, Original Acc@1: 76.64, Acc@5: 95.08, TTA Acc@1: 76.23, Acc@5: 94.43
2025-06-03 01:53:24,580 - log - INFO - iter:1240/3783, clip_acc1=76.61289978027344, tta_acc1=76.20967864990234
2025-06-03 01:53:24,581 - log - INFO - iter:1240/3783, Original Acc@1: 76.61, Acc@5: 95.08, TTA Acc@1: 76.21, Acc@5: 94.44
2025-06-03 01:54:21,817 - log - INFO - iter:1260/3783, clip_acc1=76.984130859375, tta_acc1=76.5873031616211
2025-06-03 01:54:21,817 - log - INFO - iter:1260/3783, Original Acc@1: 76.98, Acc@5: 95.16, TTA Acc@1: 76.59, Acc@5: 94.52
2025-06-03 01:55:19,040 - log - INFO - iter:1280/3783, clip_acc1=76.5625, tta_acc1=76.25
2025-06-03 01:55:19,040 - log - INFO - iter:1280/3783, Original Acc@1: 76.56, Acc@5: 95.23, TTA Acc@1: 76.25, Acc@5: 94.61
2025-06-03 01:56:16,338 - log - INFO - iter:1300/3783, clip_acc1=76.30769348144531, tta_acc1=76.0
2025-06-03 01:56:16,339 - log - INFO - iter:1300/3783, Original Acc@1: 76.31, Acc@5: 95.15, TTA Acc@1: 76.00, Acc@5: 94.46
2025-06-03 01:57:13,660 - log - INFO - iter:1320/3783, clip_acc1=76.13636016845703, tta_acc1=75.83332824707031
2025-06-03 01:57:13,660 - log - INFO - iter:1320/3783, Original Acc@1: 76.14, Acc@5: 95.08, TTA Acc@1: 75.83, Acc@5: 94.24
2025-06-03 01:58:11,013 - log - INFO - iter:1340/3783, clip_acc1=76.11940002441406, tta_acc1=75.89552307128906
2025-06-03 01:58:11,013 - log - INFO - iter:1340/3783, Original Acc@1: 76.12, Acc@5: 95.15, TTA Acc@1: 75.90, Acc@5: 94.18
2025-06-03 01:59:08,356 - log - INFO - iter:1360/3783, clip_acc1=76.47058868408203, tta_acc1=76.25
2025-06-03 01:59:08,356 - log - INFO - iter:1360/3783, Original Acc@1: 76.47, Acc@5: 95.22, TTA Acc@1: 76.25, Acc@5: 94.26
2025-06-03 02:00:05,650 - log - INFO - iter:1380/3783, clip_acc1=76.59420776367188, tta_acc1=76.37681579589844
2025-06-03 02:00:05,651 - log - INFO - iter:1380/3783, Original Acc@1: 76.59, Acc@5: 95.29, TTA Acc@1: 76.38, Acc@5: 94.35
2025-06-03 02:01:04,104 - log - INFO - iter:1400/3783, clip_acc1=76.35713958740234, tta_acc1=76.35713958740234
2025-06-03 02:01:04,104 - log - INFO - iter:1400/3783, Original Acc@1: 76.36, Acc@5: 95.36, TTA Acc@1: 76.36, Acc@5: 94.43
2025-06-03 02:02:01,342 - log - INFO - iter:1420/3783, clip_acc1=76.19718170166016, tta_acc1=76.19718170166016
2025-06-03 02:02:01,343 - log - INFO - iter:1420/3783, Original Acc@1: 76.20, Acc@5: 95.42, TTA Acc@1: 76.20, Acc@5: 94.51
2025-06-03 02:02:58,517 - log - INFO - iter:1440/3783, clip_acc1=75.55555725097656, tta_acc1=75.55555725097656
2025-06-03 02:02:58,517 - log - INFO - iter:1440/3783, Original Acc@1: 75.56, Acc@5: 95.35, TTA Acc@1: 75.56, Acc@5: 94.44
2025-06-03 02:03:55,540 - log - INFO - iter:1460/3783, clip_acc1=75.89041137695312, tta_acc1=75.89041137695312
2025-06-03 02:03:55,540 - log - INFO - iter:1460/3783, Original Acc@1: 75.89, Acc@5: 95.41, TTA Acc@1: 75.89, Acc@5: 94.52
2025-06-03 02:04:53,710 - log - INFO - iter:1480/3783, clip_acc1=75.74324798583984, tta_acc1=75.9459457397461
2025-06-03 02:04:53,710 - log - INFO - iter:1480/3783, Original Acc@1: 75.74, Acc@5: 95.41, TTA Acc@1: 75.95, Acc@5: 94.53
2025-06-03 02:05:53,289 - log - INFO - iter:1500/3783, clip_acc1=75.13333129882812, tta_acc1=75.26666259765625
2025-06-03 02:05:53,290 - log - INFO - iter:1500/3783, Original Acc@1: 75.13, Acc@5: 95.40, TTA Acc@1: 75.27, Acc@5: 94.53
2025-06-03 02:06:50,805 - log - INFO - iter:1520/3783, clip_acc1=74.67105865478516, tta_acc1=74.8026351928711
2025-06-03 02:06:50,806 - log - INFO - iter:1520/3783, Original Acc@1: 74.67, Acc@5: 95.46, TTA Acc@1: 74.80, Acc@5: 94.61
2025-06-03 02:07:48,074 - log - INFO - iter:1540/3783, clip_acc1=75.0, tta_acc1=75.12986755371094
2025-06-03 02:07:48,074 - log - INFO - iter:1540/3783, Original Acc@1: 75.00, Acc@5: 95.52, TTA Acc@1: 75.13, Acc@5: 94.68
2025-06-03 02:08:45,151 - log - INFO - iter:1560/3783, clip_acc1=75.32051849365234, tta_acc1=75.44872283935547
2025-06-03 02:08:45,151 - log - INFO - iter:1560/3783, Original Acc@1: 75.32, Acc@5: 95.58, TTA Acc@1: 75.45, Acc@5: 94.74
2025-06-03 02:09:42,511 - log - INFO - iter:1580/3783, clip_acc1=75.6329116821289, tta_acc1=75.75949096679688
2025-06-03 02:09:42,512 - log - INFO - iter:1580/3783, Original Acc@1: 75.63, Acc@5: 95.63, TTA Acc@1: 75.76, Acc@5: 94.81
2025-06-03 02:10:39,805 - log - INFO - iter:1600/3783, clip_acc1=75.9375, tta_acc1=76.0625
2025-06-03 02:10:39,805 - log - INFO - iter:1600/3783, Original Acc@1: 75.94, Acc@5: 95.69, TTA Acc@1: 76.06, Acc@5: 94.88
2025-06-03 02:11:37,112 - log - INFO - iter:1620/3783, clip_acc1=75.67901611328125, tta_acc1=75.9259262084961
2025-06-03 02:11:37,113 - log - INFO - iter:1620/3783, Original Acc@1: 75.68, Acc@5: 95.43, TTA Acc@1: 75.93, Acc@5: 94.75
2025-06-03 02:12:34,286 - log - INFO - iter:1640/3783, clip_acc1=75.30487823486328, tta_acc1=75.8536605834961
2025-06-03 02:12:34,286 - log - INFO - iter:1640/3783, Original Acc@1: 75.30, Acc@5: 95.24, TTA Acc@1: 75.85, Acc@5: 94.76
2025-06-03 02:13:31,522 - log - INFO - iter:1660/3783, clip_acc1=75.42169189453125, tta_acc1=76.08433532714844
2025-06-03 02:13:31,523 - log - INFO - iter:1660/3783, Original Acc@1: 75.42, Acc@5: 95.30, TTA Acc@1: 76.08, Acc@5: 94.82
2025-06-03 02:14:29,059 - log - INFO - iter:1680/3783, clip_acc1=75.6547622680664, tta_acc1=76.36904907226562
2025-06-03 02:14:29,059 - log - INFO - iter:1680/3783, Original Acc@1: 75.65, Acc@5: 95.36, TTA Acc@1: 76.37, Acc@5: 94.88
2025-06-03 02:15:26,273 - log - INFO - iter:1700/3783, clip_acc1=75.05882263183594, tta_acc1=75.70587921142578
2025-06-03 02:15:26,273 - log - INFO - iter:1700/3783, Original Acc@1: 75.06, Acc@5: 95.18, TTA Acc@1: 75.71, Acc@5: 94.76
2025-06-03 02:16:23,432 - log - INFO - iter:1720/3783, clip_acc1=74.70930480957031, tta_acc1=75.23255920410156
2025-06-03 02:16:23,432 - log - INFO - iter:1720/3783, Original Acc@1: 74.71, Acc@5: 94.88, TTA Acc@1: 75.23, Acc@5: 94.65
2025-06-03 02:17:20,762 - log - INFO - iter:1740/3783, clip_acc1=74.42528533935547, tta_acc1=75.11494445800781
2025-06-03 02:17:20,763 - log - INFO - iter:1740/3783, Original Acc@1: 74.43, Acc@5: 94.89, TTA Acc@1: 75.11, Acc@5: 94.60
2025-06-03 02:18:17,986 - log - INFO - iter:1760/3783, clip_acc1=74.03408813476562, tta_acc1=74.71590423583984
2025-06-03 02:18:17,986 - log - INFO - iter:1760/3783, Original Acc@1: 74.03, Acc@5: 94.89, TTA Acc@1: 74.72, Acc@5: 94.43
2025-06-03 02:19:15,190 - log - INFO - iter:1780/3783, clip_acc1=73.37078857421875, tta_acc1=74.0449447631836
2025-06-03 02:19:15,190 - log - INFO - iter:1780/3783, Original Acc@1: 73.37, Acc@5: 94.55, TTA Acc@1: 74.04, Acc@5: 94.04
2025-06-03 02:20:12,571 - log - INFO - iter:1800/3783, clip_acc1=73.16667175292969, tta_acc1=73.8888931274414
2025-06-03 02:20:12,571 - log - INFO - iter:1800/3783, Original Acc@1: 73.17, Acc@5: 94.50, TTA Acc@1: 73.89, Acc@5: 94.00
2025-06-03 02:21:09,957 - log - INFO - iter:1820/3783, clip_acc1=72.69231414794922, tta_acc1=73.29670715332031
2025-06-03 02:21:09,957 - log - INFO - iter:1820/3783, Original Acc@1: 72.69, Acc@5: 94.29, TTA Acc@1: 73.30, Acc@5: 93.85
2025-06-03 02:22:07,136 - log - INFO - iter:1840/3783, clip_acc1=72.60869598388672, tta_acc1=73.31521606445312
2025-06-03 02:22:07,136 - log - INFO - iter:1840/3783, Original Acc@1: 72.61, Acc@5: 94.24, TTA Acc@1: 73.32, Acc@5: 93.91
2025-06-03 02:23:04,298 - log - INFO - iter:1860/3783, clip_acc1=72.36559295654297, tta_acc1=72.95699310302734
2025-06-03 02:23:04,298 - log - INFO - iter:1860/3783, Original Acc@1: 72.37, Acc@5: 94.25, TTA Acc@1: 72.96, Acc@5: 93.92
2025-06-03 02:24:01,505 - log - INFO - iter:1880/3783, clip_acc1=72.55319213867188, tta_acc1=73.0851058959961
2025-06-03 02:24:01,506 - log - INFO - iter:1880/3783, Original Acc@1: 72.55, Acc@5: 94.26, TTA Acc@1: 73.09, Acc@5: 93.94
2025-06-03 02:24:58,759 - log - INFO - iter:1900/3783, clip_acc1=72.84210205078125, tta_acc1=73.36841583251953
2025-06-03 02:24:58,759 - log - INFO - iter:1900/3783, Original Acc@1: 72.84, Acc@5: 94.32, TTA Acc@1: 73.37, Acc@5: 94.00
2025-06-03 02:25:56,229 - log - INFO - iter:1920/3783, clip_acc1=72.91667175292969, tta_acc1=73.54167175292969
2025-06-03 02:25:56,229 - log - INFO - iter:1920/3783, Original Acc@1: 72.92, Acc@5: 94.27, TTA Acc@1: 73.54, Acc@5: 94.06
2025-06-03 02:26:53,675 - log - INFO - iter:1940/3783, clip_acc1=72.73196411132812, tta_acc1=73.2989730834961
2025-06-03 02:26:53,675 - log - INFO - iter:1940/3783, Original Acc@1: 72.73, Acc@5: 94.18, TTA Acc@1: 73.30, Acc@5: 93.92
2025-06-03 02:27:51,176 - log - INFO - iter:1960/3783, clip_acc1=72.14285278320312, tta_acc1=72.7040786743164
2025-06-03 02:27:51,176 - log - INFO - iter:1960/3783, Original Acc@1: 72.14, Acc@5: 94.13, TTA Acc@1: 72.70, Acc@5: 93.83
2025-06-03 02:28:48,193 - log - INFO - iter:1980/3783, clip_acc1=71.86869049072266, tta_acc1=72.42424774169922
2025-06-03 02:28:48,193 - log - INFO - iter:1980/3783, Original Acc@1: 71.87, Acc@5: 94.09, TTA Acc@1: 72.42, Acc@5: 93.84
2025-06-03 02:29:46,868 - log - INFO - iter:2000/3783, clip_acc1=72.0, tta_acc1=72.45000457763672
2025-06-03 02:29:46,869 - log - INFO - iter:2000/3783, Original Acc@1: 72.00, Acc@5: 94.15, TTA Acc@1: 72.45, Acc@5: 93.90
2025-06-03 02:30:44,049 - log - INFO - iter:2020/3783, clip_acc1=71.93069458007812, tta_acc1=72.3762435913086
2025-06-03 02:30:44,050 - log - INFO - iter:2020/3783, Original Acc@1: 71.93, Acc@5: 94.21, TTA Acc@1: 72.38, Acc@5: 93.71
2025-06-03 02:31:41,105 - log - INFO - iter:2040/3783, clip_acc1=71.81372833251953, tta_acc1=72.40196228027344
2025-06-03 02:31:41,105 - log - INFO - iter:2040/3783, Original Acc@1: 71.81, Acc@5: 94.22, TTA Acc@1: 72.40, Acc@5: 93.77
2025-06-03 02:32:38,017 - log - INFO - iter:2060/3783, clip_acc1=71.55339813232422, tta_acc1=72.2330093383789
2025-06-03 02:32:38,017 - log - INFO - iter:2060/3783, Original Acc@1: 71.55, Acc@5: 94.17, TTA Acc@1: 72.23, Acc@5: 93.79
2025-06-03 02:33:34,995 - log - INFO - iter:2080/3783, clip_acc1=71.63461303710938, tta_acc1=72.35576629638672
2025-06-03 02:33:34,995 - log - INFO - iter:2080/3783, Original Acc@1: 71.63, Acc@5: 94.13, TTA Acc@1: 72.36, Acc@5: 93.85
2025-06-03 02:34:32,139 - log - INFO - iter:2100/3783, clip_acc1=71.0952377319336, tta_acc1=71.85713958740234
2025-06-03 02:34:32,139 - log - INFO - iter:2100/3783, Original Acc@1: 71.10, Acc@5: 93.57, TTA Acc@1: 71.86, Acc@5: 93.43
2025-06-03 02:35:29,045 - log - INFO - iter:2120/3783, clip_acc1=70.89622497558594, tta_acc1=71.60377502441406
2025-06-03 02:35:29,046 - log - INFO - iter:2120/3783, Original Acc@1: 70.90, Acc@5: 93.49, TTA Acc@1: 71.60, Acc@5: 93.40
2025-06-03 02:36:26,215 - log - INFO - iter:2140/3783, clip_acc1=70.23365020751953, tta_acc1=70.93457794189453
2025-06-03 02:36:26,215 - log - INFO - iter:2140/3783, Original Acc@1: 70.23, Acc@5: 93.36, TTA Acc@1: 70.93, Acc@5: 93.36
2025-06-03 02:37:23,490 - log - INFO - iter:2160/3783, clip_acc1=69.81481170654297, tta_acc1=70.5092544555664
2025-06-03 02:37:23,491 - log - INFO - iter:2160/3783, Original Acc@1: 69.81, Acc@5: 93.38, TTA Acc@1: 70.51, Acc@5: 93.33
2025-06-03 02:38:20,690 - log - INFO - iter:2180/3783, clip_acc1=69.77064514160156, tta_acc1=70.50458526611328
2025-06-03 02:38:20,691 - log - INFO - iter:2180/3783, Original Acc@1: 69.77, Acc@5: 93.35, TTA Acc@1: 70.50, Acc@5: 93.35
2025-06-03 02:39:17,869 - log - INFO - iter:2200/3783, clip_acc1=69.86363983154297, tta_acc1=70.63636779785156
2025-06-03 02:39:17,869 - log - INFO - iter:2200/3783, Original Acc@1: 69.86, Acc@5: 93.36, TTA Acc@1: 70.64, Acc@5: 93.36
2025-06-03 02:40:14,971 - log - INFO - iter:2220/3783, clip_acc1=70.13513946533203, tta_acc1=70.9009017944336
2025-06-03 02:40:14,971 - log - INFO - iter:2220/3783, Original Acc@1: 70.14, Acc@5: 93.42, TTA Acc@1: 70.90, Acc@5: 93.42
2025-06-03 02:41:11,995 - log - INFO - iter:2240/3783, clip_acc1=70.04463958740234, tta_acc1=70.80357360839844
2025-06-03 02:41:11,995 - log - INFO - iter:2240/3783, Original Acc@1: 70.04, Acc@5: 93.48, TTA Acc@1: 70.80, Acc@5: 93.26
2025-06-03 02:42:09,317 - log - INFO - iter:2260/3783, clip_acc1=69.4247817993164, tta_acc1=70.17699432373047
2025-06-03 02:42:09,317 - log - INFO - iter:2260/3783, Original Acc@1: 69.42, Acc@5: 93.23, TTA Acc@1: 70.18, Acc@5: 92.65
2025-06-03 02:43:06,478 - log - INFO - iter:2280/3783, clip_acc1=69.12281036376953, tta_acc1=69.86842346191406
2025-06-03 02:43:06,478 - log - INFO - iter:2280/3783, Original Acc@1: 69.12, Acc@5: 93.29, TTA Acc@1: 69.87, Acc@5: 92.24
2025-06-03 02:44:03,619 - log - INFO - iter:2300/3783, clip_acc1=69.30435180664062, tta_acc1=70.13043975830078
2025-06-03 02:44:03,619 - log - INFO - iter:2300/3783, Original Acc@1: 69.30, Acc@5: 93.35, TTA Acc@1: 70.13, Acc@5: 92.30
2025-06-03 02:45:00,578 - log - INFO - iter:2320/3783, clip_acc1=69.52586364746094, tta_acc1=70.38793182373047
2025-06-03 02:45:00,578 - log - INFO - iter:2320/3783, Original Acc@1: 69.53, Acc@5: 93.41, TTA Acc@1: 70.39, Acc@5: 92.37
2025-06-03 02:45:57,532 - log - INFO - iter:2340/3783, clip_acc1=69.78632354736328, tta_acc1=70.64102935791016
2025-06-03 02:45:57,532 - log - INFO - iter:2340/3783, Original Acc@1: 69.79, Acc@5: 93.46, TTA Acc@1: 70.64, Acc@5: 92.44
2025-06-03 02:46:54,579 - log - INFO - iter:2360/3783, clip_acc1=70.04237365722656, tta_acc1=70.88983154296875
2025-06-03 02:46:54,579 - log - INFO - iter:2360/3783, Original Acc@1: 70.04, Acc@5: 93.52, TTA Acc@1: 70.89, Acc@5: 92.50
2025-06-03 02:47:51,774 - log - INFO - iter:2380/3783, clip_acc1=70.29412078857422, tta_acc1=71.13445281982422
2025-06-03 02:47:51,775 - log - INFO - iter:2380/3783, Original Acc@1: 70.29, Acc@5: 93.57, TTA Acc@1: 71.13, Acc@5: 92.56
2025-06-03 02:48:48,907 - log - INFO - iter:2400/3783, clip_acc1=70.54167175292969, tta_acc1=71.375
2025-06-03 02:48:48,907 - log - INFO - iter:2400/3783, Original Acc@1: 70.54, Acc@5: 93.62, TTA Acc@1: 71.38, Acc@5: 92.62
2025-06-03 02:49:45,946 - log - INFO - iter:2420/3783, clip_acc1=70.78512573242188, tta_acc1=71.611572265625
2025-06-03 02:49:45,946 - log - INFO - iter:2420/3783, Original Acc@1: 70.79, Acc@5: 93.68, TTA Acc@1: 71.61, Acc@5: 92.69
2025-06-03 02:50:42,919 - log - INFO - iter:2440/3783, clip_acc1=71.02458953857422, tta_acc1=71.8442611694336
2025-06-03 02:50:42,920 - log - INFO - iter:2440/3783, Original Acc@1: 71.02, Acc@5: 93.73, TTA Acc@1: 71.84, Acc@5: 92.75
2025-06-03 02:51:40,062 - log - INFO - iter:2460/3783, clip_acc1=71.26016235351562, tta_acc1=72.07316589355469
2025-06-03 02:51:40,062 - log - INFO - iter:2460/3783, Original Acc@1: 71.26, Acc@5: 93.78, TTA Acc@1: 72.07, Acc@5: 92.80
2025-06-03 02:52:37,171 - log - INFO - iter:2480/3783, clip_acc1=71.49193572998047, tta_acc1=72.29838562011719
2025-06-03 02:52:37,172 - log - INFO - iter:2480/3783, Original Acc@1: 71.49, Acc@5: 93.83, TTA Acc@1: 72.30, Acc@5: 92.86
2025-06-03 02:53:34,090 - log - INFO - iter:2500/3783, clip_acc1=71.72000122070312, tta_acc1=72.5199966430664
2025-06-03 02:53:34,090 - log - INFO - iter:2500/3783, Original Acc@1: 71.72, Acc@5: 93.88, TTA Acc@1: 72.52, Acc@5: 92.92
2025-06-03 02:54:31,199 - log - INFO - iter:2520/3783, clip_acc1=71.94444274902344, tta_acc1=72.73809814453125
2025-06-03 02:54:31,199 - log - INFO - iter:2520/3783, Original Acc@1: 71.94, Acc@5: 93.93, TTA Acc@1: 72.74, Acc@5: 92.98
2025-06-03 02:55:28,378 - log - INFO - iter:2540/3783, clip_acc1=72.16535186767578, tta_acc1=72.9527587890625
2025-06-03 02:55:28,379 - log - INFO - iter:2540/3783, Original Acc@1: 72.17, Acc@5: 93.98, TTA Acc@1: 72.95, Acc@5: 93.03
2025-06-03 02:56:25,453 - log - INFO - iter:2560/3783, clip_acc1=71.875, tta_acc1=72.5390625
2025-06-03 02:56:25,454 - log - INFO - iter:2560/3783, Original Acc@1: 71.88, Acc@5: 93.87, TTA Acc@1: 72.54, Acc@5: 92.93
2025-06-03 02:57:22,577 - log - INFO - iter:2580/3783, clip_acc1=71.93798065185547, tta_acc1=72.6744155883789
2025-06-03 02:57:22,578 - log - INFO - iter:2580/3783, Original Acc@1: 71.94, Acc@5: 93.88, TTA Acc@1: 72.67, Acc@5: 92.95
2025-06-03 02:58:19,708 - log - INFO - iter:2600/3783, clip_acc1=71.73076629638672, tta_acc1=72.5
2025-06-03 02:58:19,708 - log - INFO - iter:2600/3783, Original Acc@1: 71.73, Acc@5: 93.92, TTA Acc@1: 72.50, Acc@5: 93.00
2025-06-03 02:59:16,577 - log - INFO - iter:2620/3783, clip_acc1=71.64122009277344, tta_acc1=72.40457916259766
2025-06-03 02:59:16,578 - log - INFO - iter:2620/3783, Original Acc@1: 71.64, Acc@5: 93.97, TTA Acc@1: 72.40, Acc@5: 93.05
2025-06-03 03:00:13,632 - log - INFO - iter:2640/3783, clip_acc1=71.55302429199219, tta_acc1=72.38636016845703
2025-06-03 03:00:13,632 - log - INFO - iter:2640/3783, Original Acc@1: 71.55, Acc@5: 94.02, TTA Acc@1: 72.39, Acc@5: 93.11
2025-06-03 03:01:10,810 - log - INFO - iter:2660/3783, clip_acc1=71.31578826904297, tta_acc1=72.18045043945312
2025-06-03 03:01:10,810 - log - INFO - iter:2660/3783, Original Acc@1: 71.32, Acc@5: 94.02, TTA Acc@1: 72.18, Acc@5: 93.16
2025-06-03 03:02:07,972 - log - INFO - iter:2680/3783, clip_acc1=71.30596923828125, tta_acc1=72.3880615234375
2025-06-03 03:02:07,973 - log - INFO - iter:2680/3783, Original Acc@1: 71.31, Acc@5: 94.07, TTA Acc@1: 72.39, Acc@5: 93.21
2025-06-03 03:03:04,910 - log - INFO - iter:2700/3783, clip_acc1=71.0, tta_acc1=72.03703308105469
2025-06-03 03:03:04,910 - log - INFO - iter:2700/3783, Original Acc@1: 71.00, Acc@5: 94.11, TTA Acc@1: 72.04, Acc@5: 93.26
2025-06-03 03:04:02,022 - log - INFO - iter:2720/3783, clip_acc1=70.625, tta_acc1=71.65441131591797
2025-06-03 03:04:02,022 - log - INFO - iter:2720/3783, Original Acc@1: 70.62, Acc@5: 94.15, TTA Acc@1: 71.65, Acc@5: 93.20
2025-06-03 03:04:58,967 - log - INFO - iter:2740/3783, clip_acc1=70.83941650390625, tta_acc1=71.82481384277344
2025-06-03 03:04:58,967 - log - INFO - iter:2740/3783, Original Acc@1: 70.84, Acc@5: 94.20, TTA Acc@1: 71.82, Acc@5: 93.25
2025-06-03 03:05:56,007 - log - INFO - iter:2760/3783, clip_acc1=70.94203186035156, tta_acc1=71.7391357421875
2025-06-03 03:05:56,008 - log - INFO - iter:2760/3783, Original Acc@1: 70.94, Acc@5: 94.24, TTA Acc@1: 71.74, Acc@5: 93.30
2025-06-03 03:06:53,586 - log - INFO - iter:2780/3783, clip_acc1=71.07913970947266, tta_acc1=71.83453369140625
2025-06-03 03:06:53,586 - log - INFO - iter:2780/3783, Original Acc@1: 71.08, Acc@5: 94.28, TTA Acc@1: 71.83, Acc@5: 93.35
2025-06-03 03:07:50,897 - log - INFO - iter:2800/3783, clip_acc1=71.0, tta_acc1=71.71428680419922
2025-06-03 03:07:50,897 - log - INFO - iter:2800/3783, Original Acc@1: 71.00, Acc@5: 94.32, TTA Acc@1: 71.71, Acc@5: 93.32
2025-06-03 03:08:47,927 - log - INFO - iter:2820/3783, clip_acc1=70.78013610839844, tta_acc1=71.52481842041016
2025-06-03 03:08:47,927 - log - INFO - iter:2820/3783, Original Acc@1: 70.78, Acc@5: 94.36, TTA Acc@1: 71.52, Acc@5: 93.23
2025-06-03 03:09:45,499 - log - INFO - iter:2840/3783, clip_acc1=70.98591613769531, tta_acc1=71.72534942626953
2025-06-03 03:09:45,499 - log - INFO - iter:2840/3783, Original Acc@1: 70.99, Acc@5: 94.40, TTA Acc@1: 71.73, Acc@5: 93.27
2025-06-03 03:10:42,621 - log - INFO - iter:2860/3783, clip_acc1=71.18881225585938, tta_acc1=71.92308044433594
2025-06-03 03:10:42,621 - log - INFO - iter:2860/3783, Original Acc@1: 71.19, Acc@5: 94.44, TTA Acc@1: 71.92, Acc@5: 93.32
2025-06-03 03:11:39,827 - log - INFO - iter:2880/3783, clip_acc1=71.3888931274414, tta_acc1=72.11805725097656
2025-06-03 03:11:39,827 - log - INFO - iter:2880/3783, Original Acc@1: 71.39, Acc@5: 94.48, TTA Acc@1: 72.12, Acc@5: 93.37
2025-06-03 03:12:36,903 - log - INFO - iter:2900/3783, clip_acc1=71.58621215820312, tta_acc1=72.31034851074219
2025-06-03 03:12:36,903 - log - INFO - iter:2900/3783, Original Acc@1: 71.59, Acc@5: 94.52, TTA Acc@1: 72.31, Acc@5: 93.41
2025-06-03 03:13:34,026 - log - INFO - iter:2920/3783, clip_acc1=71.78082275390625, tta_acc1=72.46575164794922
2025-06-03 03:13:34,026 - log - INFO - iter:2920/3783, Original Acc@1: 71.78, Acc@5: 94.55, TTA Acc@1: 72.47, Acc@5: 93.46
2025-06-03 03:14:31,499 - log - INFO - iter:2940/3783, clip_acc1=71.93877410888672, tta_acc1=72.61904907226562
2025-06-03 03:14:31,499 - log - INFO - iter:2940/3783, Original Acc@1: 71.94, Acc@5: 94.59, TTA Acc@1: 72.62, Acc@5: 93.50
2025-06-03 03:15:28,932 - log - INFO - iter:2960/3783, clip_acc1=71.48648834228516, tta_acc1=72.16216278076172
2025-06-03 03:15:28,932 - log - INFO - iter:2960/3783, Original Acc@1: 71.49, Acc@5: 94.22, TTA Acc@1: 72.16, Acc@5: 93.24
2025-06-03 03:16:26,293 - log - INFO - iter:2980/3783, clip_acc1=71.30873107910156, tta_acc1=72.04698181152344
2025-06-03 03:16:26,293 - log - INFO - iter:2980/3783, Original Acc@1: 71.31, Acc@5: 94.19, TTA Acc@1: 72.05, Acc@5: 93.29
2025-06-03 03:17:23,143 - log - INFO - iter:3000/3783, clip_acc1=71.36666870117188, tta_acc1=72.06666564941406
2025-06-03 03:17:23,143 - log - INFO - iter:3000/3783, Original Acc@1: 71.37, Acc@5: 94.23, TTA Acc@1: 72.07, Acc@5: 93.33
2025-06-03 03:18:20,333 - log - INFO - iter:3020/3783, clip_acc1=71.52317810058594, tta_acc1=72.21854400634766
2025-06-03 03:18:20,333 - log - INFO - iter:3020/3783, Original Acc@1: 71.52, Acc@5: 94.27, TTA Acc@1: 72.22, Acc@5: 93.38
2025-06-03 03:19:17,678 - log - INFO - iter:3040/3783, clip_acc1=71.6776351928711, tta_acc1=72.40132141113281
2025-06-03 03:19:17,679 - log - INFO - iter:3040/3783, Original Acc@1: 71.68, Acc@5: 94.31, TTA Acc@1: 72.40, Acc@5: 93.42
2025-06-03 03:20:15,033 - log - INFO - iter:3060/3783, clip_acc1=71.73202514648438, tta_acc1=72.54901885986328
2025-06-03 03:20:15,033 - log - INFO - iter:3060/3783, Original Acc@1: 71.73, Acc@5: 94.31, TTA Acc@1: 72.55, Acc@5: 93.43
2025-06-03 03:21:11,939 - log - INFO - iter:3080/3783, clip_acc1=71.2662353515625, tta_acc1=72.07791900634766
2025-06-03 03:21:11,939 - log - INFO - iter:3080/3783, Original Acc@1: 71.27, Acc@5: 93.83, TTA Acc@1: 72.08, Acc@5: 92.95
2025-06-03 03:22:09,097 - log - INFO - iter:3100/3783, clip_acc1=71.2258071899414, tta_acc1=72.06452178955078
2025-06-03 03:22:09,097 - log - INFO - iter:3100/3783, Original Acc@1: 71.23, Acc@5: 93.71, TTA Acc@1: 72.06, Acc@5: 92.87
2025-06-03 03:23:06,194 - log - INFO - iter:3120/3783, clip_acc1=71.37820434570312, tta_acc1=72.24359130859375
2025-06-03 03:23:06,195 - log - INFO - iter:3120/3783, Original Acc@1: 71.38, Acc@5: 93.75, TTA Acc@1: 72.24, Acc@5: 92.92
2025-06-03 03:24:03,060 - log - INFO - iter:3140/3783, clip_acc1=71.43312072753906, tta_acc1=72.2929916381836
2025-06-03 03:24:03,060 - log - INFO - iter:3140/3783, Original Acc@1: 71.43, Acc@5: 93.73, TTA Acc@1: 72.29, Acc@5: 92.90
2025-06-03 03:25:00,526 - log - INFO - iter:3160/3783, clip_acc1=71.26582336425781, tta_acc1=72.08860778808594
2025-06-03 03:25:00,526 - log - INFO - iter:3160/3783, Original Acc@1: 71.27, Acc@5: 93.70, TTA Acc@1: 72.09, Acc@5: 92.88
2025-06-03 03:25:57,654 - log - INFO - iter:3180/3783, clip_acc1=71.44654083251953, tta_acc1=72.26415252685547
2025-06-03 03:25:57,654 - log - INFO - iter:3180/3783, Original Acc@1: 71.45, Acc@5: 93.74, TTA Acc@1: 72.26, Acc@5: 92.92
2025-06-03 03:26:54,645 - log - INFO - iter:3200/3783, clip_acc1=71.5625, tta_acc1=72.375
2025-06-03 03:26:54,645 - log - INFO - iter:3200/3783, Original Acc@1: 71.56, Acc@5: 93.72, TTA Acc@1: 72.38, Acc@5: 92.91
2025-06-03 03:27:51,671 - log - INFO - iter:3220/3783, clip_acc1=71.11801147460938, tta_acc1=71.92546081542969
2025-06-03 03:27:51,671 - log - INFO - iter:3220/3783, Original Acc@1: 71.12, Acc@5: 93.14, TTA Acc@1: 71.93, Acc@5: 92.33
2025-06-03 03:28:48,716 - log - INFO - iter:3240/3783, clip_acc1=70.98765563964844, tta_acc1=71.79012298583984
2025-06-03 03:28:48,716 - log - INFO - iter:3240/3783, Original Acc@1: 70.99, Acc@5: 92.87, TTA Acc@1: 71.79, Acc@5: 92.07
2025-06-03 03:29:45,847 - log - INFO - iter:3260/3783, clip_acc1=71.16564178466797, tta_acc1=71.96318817138672
2025-06-03 03:29:45,847 - log - INFO - iter:3260/3783, Original Acc@1: 71.17, Acc@5: 92.91, TTA Acc@1: 71.96, Acc@5: 92.12
2025-06-03 03:30:42,821 - log - INFO - iter:3280/3783, clip_acc1=71.34146118164062, tta_acc1=72.13414764404297
2025-06-03 03:30:42,821 - log - INFO - iter:3280/3783, Original Acc@1: 71.34, Acc@5: 92.96, TTA Acc@1: 72.13, Acc@5: 92.16
2025-06-03 03:31:39,953 - log - INFO - iter:3300/3783, clip_acc1=71.42424011230469, tta_acc1=72.2727279663086
2025-06-03 03:31:39,954 - log - INFO - iter:3300/3783, Original Acc@1: 71.42, Acc@5: 93.00, TTA Acc@1: 72.27, Acc@5: 92.21
2025-06-03 03:32:37,099 - log - INFO - iter:3320/3783, clip_acc1=71.38554382324219, tta_acc1=72.25904083251953
2025-06-03 03:32:37,099 - log - INFO - iter:3320/3783, Original Acc@1: 71.39, Acc@5: 92.95, TTA Acc@1: 72.26, Acc@5: 92.17
2025-06-03 03:33:34,339 - log - INFO - iter:3340/3783, clip_acc1=71.49700927734375, tta_acc1=72.39521026611328
2025-06-03 03:33:34,339 - log - INFO - iter:3340/3783, Original Acc@1: 71.50, Acc@5: 92.99, TTA Acc@1: 72.40, Acc@5: 92.22
2025-06-03 03:34:31,404 - log - INFO - iter:3360/3783, clip_acc1=71.66667175292969, tta_acc1=72.55952453613281
2025-06-03 03:34:31,404 - log - INFO - iter:3360/3783, Original Acc@1: 71.67, Acc@5: 93.04, TTA Acc@1: 72.56, Acc@5: 92.26
2025-06-03 03:35:28,508 - log - INFO - iter:3380/3783, clip_acc1=71.83432006835938, tta_acc1=72.72189331054688
2025-06-03 03:35:28,509 - log - INFO - iter:3380/3783, Original Acc@1: 71.83, Acc@5: 93.08, TTA Acc@1: 72.72, Acc@5: 92.31
2025-06-03 03:36:25,421 - log - INFO - iter:3400/3783, clip_acc1=71.94117736816406, tta_acc1=72.85293579101562
2025-06-03 03:36:25,421 - log - INFO - iter:3400/3783, Original Acc@1: 71.94, Acc@5: 93.12, TTA Acc@1: 72.85, Acc@5: 92.35
2025-06-03 03:37:22,584 - log - INFO - iter:3420/3783, clip_acc1=72.04678344726562, tta_acc1=72.9239730834961
2025-06-03 03:37:22,585 - log - INFO - iter:3420/3783, Original Acc@1: 72.05, Acc@5: 93.16, TTA Acc@1: 72.92, Acc@5: 92.40
2025-06-03 03:38:19,684 - log - INFO - iter:3440/3783, clip_acc1=72.20930480957031, tta_acc1=73.0813980102539
2025-06-03 03:38:19,684 - log - INFO - iter:3440/3783, Original Acc@1: 72.21, Acc@5: 93.20, TTA Acc@1: 73.08, Acc@5: 92.44
2025-06-03 03:39:17,510 - log - INFO - iter:3460/3783, clip_acc1=72.1676254272461, tta_acc1=73.06358337402344
2025-06-03 03:39:17,510 - log - INFO - iter:3460/3783, Original Acc@1: 72.17, Acc@5: 93.21, TTA Acc@1: 73.06, Acc@5: 92.43
2025-06-03 03:40:14,539 - log - INFO - iter:3480/3783, clip_acc1=71.89655303955078, tta_acc1=72.7298812866211
2025-06-03 03:40:14,540 - log - INFO - iter:3480/3783, Original Acc@1: 71.90, Acc@5: 93.22, TTA Acc@1: 72.73, Acc@5: 92.01
2025-06-03 03:41:11,602 - log - INFO - iter:3500/3783, clip_acc1=71.71428680419922, tta_acc1=72.5142822265625
2025-06-03 03:41:11,602 - log - INFO - iter:3500/3783, Original Acc@1: 71.71, Acc@5: 93.11, TTA Acc@1: 72.51, Acc@5: 91.74
2025-06-03 03:42:08,552 - log - INFO - iter:3520/3783, clip_acc1=71.875, tta_acc1=72.67045593261719
2025-06-03 03:42:08,552 - log - INFO - iter:3520/3783, Original Acc@1: 71.88, Acc@5: 93.15, TTA Acc@1: 72.67, Acc@5: 91.79
2025-06-03 03:43:05,625 - log - INFO - iter:3540/3783, clip_acc1=72.03389739990234, tta_acc1=72.82485961914062
2025-06-03 03:43:05,625 - log - INFO - iter:3540/3783, Original Acc@1: 72.03, Acc@5: 93.19, TTA Acc@1: 72.82, Acc@5: 91.84
2025-06-03 03:44:02,715 - log - INFO - iter:3560/3783, clip_acc1=72.19100952148438, tta_acc1=72.97753143310547
2025-06-03 03:44:02,715 - log - INFO - iter:3560/3783, Original Acc@1: 72.19, Acc@5: 93.23, TTA Acc@1: 72.98, Acc@5: 91.88
2025-06-03 03:44:59,683 - log - INFO - iter:3580/3783, clip_acc1=72.2905044555664, tta_acc1=73.10055541992188
2025-06-03 03:44:59,683 - log - INFO - iter:3580/3783, Original Acc@1: 72.29, Acc@5: 93.24, TTA Acc@1: 73.10, Acc@5: 91.93
2025-06-03 03:45:56,675 - log - INFO - iter:3600/3783, clip_acc1=72.3888931274414, tta_acc1=73.22222137451172
2025-06-03 03:45:56,675 - log - INFO - iter:3600/3783, Original Acc@1: 72.39, Acc@5: 93.28, TTA Acc@1: 73.22, Acc@5: 91.94
2025-06-03 03:46:53,826 - log - INFO - iter:3620/3783, clip_acc1=72.43093872070312, tta_acc1=73.2596664428711
2025-06-03 03:46:53,826 - log - INFO - iter:3620/3783, Original Acc@1: 72.43, Acc@5: 93.29, TTA Acc@1: 73.26, Acc@5: 91.93
2025-06-03 03:47:50,961 - log - INFO - iter:3640/3783, clip_acc1=72.4725341796875, tta_acc1=73.32418060302734
2025-06-03 03:47:50,961 - log - INFO - iter:3640/3783, Original Acc@1: 72.47, Acc@5: 93.30, TTA Acc@1: 73.32, Acc@5: 91.95
2025-06-03 03:48:47,995 - log - INFO - iter:3660/3783, clip_acc1=72.56830596923828, tta_acc1=73.442626953125
2025-06-03 03:48:47,995 - log - INFO - iter:3660/3783, Original Acc@1: 72.57, Acc@5: 93.28, TTA Acc@1: 73.44, Acc@5: 91.97
2025-06-03 03:49:45,144 - log - INFO - iter:3680/3783, clip_acc1=72.69021606445312, tta_acc1=73.55977630615234
2025-06-03 03:49:45,144 - log - INFO - iter:3680/3783, Original Acc@1: 72.69, Acc@5: 93.32, TTA Acc@1: 73.56, Acc@5: 92.01
2025-06-03 03:50:42,312 - log - INFO - iter:3700/3783, clip_acc1=72.83783721923828, tta_acc1=73.70270538330078
2025-06-03 03:50:42,312 - log - INFO - iter:3700/3783, Original Acc@1: 72.84, Acc@5: 93.35, TTA Acc@1: 73.70, Acc@5: 92.05
2025-06-03 03:51:39,350 - log - INFO - iter:3720/3783, clip_acc1=72.98387145996094, tta_acc1=73.84408569335938
2025-06-03 03:51:39,350 - log - INFO - iter:3720/3783, Original Acc@1: 72.98, Acc@5: 93.39, TTA Acc@1: 73.84, Acc@5: 92.10
2025-06-03 03:52:36,258 - log - INFO - iter:3740/3783, clip_acc1=73.12834167480469, tta_acc1=73.98395538330078
2025-06-03 03:52:36,259 - log - INFO - iter:3740/3783, Original Acc@1: 73.13, Acc@5: 93.42, TTA Acc@1: 73.98, Acc@5: 92.14
2025-06-03 03:53:33,266 - log - INFO - iter:3760/3783, clip_acc1=73.19149017333984, tta_acc1=73.85638427734375
2025-06-03 03:53:33,267 - log - INFO - iter:3760/3783, Original Acc@1: 73.19, Acc@5: 93.43, TTA Acc@1: 73.86, Acc@5: 92.07
2025-06-03 03:54:28,571 - log - INFO - iter:3780/3783, clip_acc1=73.06878662109375, tta_acc1=73.4920654296875
2025-06-03 03:54:28,571 - log - INFO - iter:3780/3783, Original Acc@1: 73.07, Acc@5: 93.25, TTA Acc@1: 73.49, Acc@5: 91.67
2025-06-03 03:54:36,030 - log - INFO - iter:3783/3783, clip_acc1=73.01083374023438, tta_acc1=73.43377685546875
2025-06-03 03:54:36,031 - log - INFO - iter:3783/3783, Original Acc@1: 73.01, Acc@5: 93.26, TTA Acc@1: 73.43, Acc@5: 91.65
2025-06-03 03:54:36,133 - log - INFO - Final results - Original Acc@1: 73.01, Acc@5: 93.26, TTA Acc@1: 73.43, Acc@5: 91.65
2025-06-03 03:54:36,133 - log - INFO - Improvement from TTA in Acc@1 0.42, and Acc@5 -1.61
2025-06-03 03:54:36,134 - log - INFO - Number of selected samples with index 0: 955
2025-06-03 03:54:36,134 - log - INFO - Number of samples in the dataset: 3783
2025-06-03 03:54:36,167 - log - INFO - Selected IDs saved to /leonardo_work/EUHPC_R04_192/fmohamma/Adversarial_Robust_Clip/ATPT/Final_Results/ViT-L/14/UCF101/Clean/Counter_Attack/Eps_4_0_Steps_0_Alpha_1_0/tau_0_2_beta_2_0_weighted_pertrubation_True/TPT/Optimization_Loss_rtpt_LR_0_005_Optimization_Steps_1_View_Selection_Fraction_0_1/Inference_Ensemble_none/selected_topk.json
2025-06-03 03:54:36,403 - log - INFO - Batch entropies saved to /leonardo_work/EUHPC_R04_192/fmohamma/Adversarial_Robust_Clip/ATPT/Final_Results/ViT-L/14/UCF101/Clean/Counter_Attack/Eps_4_0_Steps_0_Alpha_1_0/tau_0_2_beta_2_0_weighted_pertrubation_True/TPT/Optimization_Loss_rtpt_LR_0_005_Optimization_Steps_1_View_Selection_Fraction_0_1/Inference_Ensemble_none/entropies.json
2025-06-03 03:54:36,406 - log - INFO - => Acc. on testset [UCF101]: Clean Acc @1 73.01083374023438/ TTA Clean Acc @1 73.43377685546875, Clean Acc @5 93.25931549072266/ TTA Clean Acc @5 91.64683532714844
2025-06-03 03:54:36,406 - log - INFO - Total script execution time: 10876.16 seconds (181.27 minutes)
