2025-06-04 19:26:46,867 - log - INFO - ==========================================
data:/leonardo_work/EUHPC_R04_192/fmohamma/Adversarial_Robust_Clip/atpt_data/downstream_datasets
test_sets:DTD
dataset_mode:test
arch:delta_clip_l14_224
resolution:224
workers:4
no_pin_memory:False
batch_size:64
print_freq:20
gpu:0
no_cudnn_benchmark:False
n_ctx:4
ctx_init:a_photo_of_a
tpt_loss:rtpt
seed:0
output_dir:/leonardo_work/EUHPC_R04_192/fmohamma/Adversarial_Robust_Clip/atpt_data/delta_clip_l14_224/DTD
log_output_dir:/leonardo_work/EUHPC_R04_192/fmohamma/Adversarial_Robust_Clip/ATPT/Final_Results/delta_clip_l14_224/DTD
eps:0.0
alpha:0.0
alpha_eps_ratio:4.0
steps:0
lr:0.005
selection_p:0.1
tta_steps:0
ensemble_type:vanilla
top_k:20
softmax_temp:0.01
counter_attack:True
counter_attack_type:pgd
counter_attack_steps:0
counter_attack_eps:2.0
counter_attack_alpha:1.0
counter_attack_tau_thres:0.2
counter_attack_beta:2.0
counter_attack_weighted_perturbations:True
pgd_clip_pure_i_text_embeddings:null
pgd_counter_and_clipure_i_lamda:1.0
selected_id_name:selected_topk.json
weighted_score_name:weighted_scores.json
batch_entropy_name:entropies.json
log_dir:/leonardo_work/EUHPC_R04_192/fmohamma/Adversarial_Robust_Clip/ATPT/Final_Results/delta_clip_l14_224/DTD/Clean/Counter_Attack/Eps_2_0_Steps_0_Alpha_1_0/tau_0_2_beta_2_0_weighted_pertrubation_True/No_TPT/Inference_Ensemble_vanilla

2025-06-04 19:26:46,867 - log - INFO - Use GPU: 0 for training
2025-06-04 19:47:30,791 - log - INFO - Freezing all parameters except prompt learner
2025-06-04 19:47:30,792 - log - INFO - => Model created: visual backbone delta_clip_l14_224
2025-06-04 19:47:30,814 - log - INFO - Number of test samples: 1692
2025-06-04 19:47:30,814 - log - INFO - Evaluating dataset: DTD
2025-06-04 19:47:30,815 - log - INFO - Starting evaluation with batch size: 64, selection percentage: 0.1
2025-06-04 19:47:30,815 - log - INFO - Test-time adaptation steps: 0, learning rate: 0.005
2025-06-04 19:47:30,815 - log - INFO - Using counter-attack with epsilon: 2.000000, alpha: 0.000000, steps: 0, tau_thres: 0.2, beta: 2.0, weighted perturbation: True
2025-06-04 19:48:37,885 - log - INFO - iter:20/1692, clip_acc1=0.0, tta_acc1=0.0
2025-06-04 19:48:37,886 - log - INFO - iter:20/1692, Original Acc@1: 0.00, Acc@5: 85.00, TTA Acc@1: 0.00, Acc@5: 95.00
2025-06-04 19:49:12,227 - log - INFO - iter:40/1692, clip_acc1=2.5, tta_acc1=0.0
2025-06-04 19:49:12,227 - log - INFO - iter:40/1692, Original Acc@1: 2.50, Acc@5: 82.50, TTA Acc@1: 0.00, Acc@5: 90.00
2025-06-04 19:49:47,134 - log - INFO - iter:60/1692, clip_acc1=6.6666669845581055, tta_acc1=10.000000953674316
2025-06-04 19:49:47,134 - log - INFO - iter:60/1692, Original Acc@1: 6.67, Acc@5: 68.33, TTA Acc@1: 10.00, Acc@5: 76.67
2025-06-04 19:50:21,251 - log - INFO - iter:80/1692, clip_acc1=13.75, tta_acc1=15.0
2025-06-04 19:50:21,251 - log - INFO - iter:80/1692, Original Acc@1: 13.75, Acc@5: 68.75, TTA Acc@1: 15.00, Acc@5: 75.00
2025-06-04 19:51:02,371 - log - INFO - iter:100/1692, clip_acc1=21.0, tta_acc1=22.0
2025-06-04 19:51:02,371 - log - INFO - iter:100/1692, Original Acc@1: 21.00, Acc@5: 74.00, TTA Acc@1: 22.00, Acc@5: 79.00
2025-06-04 19:51:36,924 - log - INFO - iter:120/1692, clip_acc1=30.833335876464844, tta_acc1=30.833335876464844
2025-06-04 19:51:36,925 - log - INFO - iter:120/1692, Original Acc@1: 30.83, Acc@5: 78.33, TTA Acc@1: 30.83, Acc@5: 80.83
2025-06-04 19:52:11,270 - log - INFO - iter:140/1692, clip_acc1=40.0, tta_acc1=39.28571319580078
2025-06-04 19:52:11,270 - log - INFO - iter:140/1692, Original Acc@1: 40.00, Acc@5: 81.43, TTA Acc@1: 39.29, Acc@5: 83.57
2025-06-04 19:52:45,527 - log - INFO - iter:160/1692, clip_acc1=38.125, tta_acc1=37.5
2025-06-04 19:52:45,527 - log - INFO - iter:160/1692, Original Acc@1: 38.12, Acc@5: 80.62, TTA Acc@1: 37.50, Acc@5: 80.00
2025-06-04 19:53:19,777 - log - INFO - iter:180/1692, clip_acc1=37.77777862548828, tta_acc1=35.0
2025-06-04 19:53:19,777 - log - INFO - iter:180/1692, Original Acc@1: 37.78, Acc@5: 80.00, TTA Acc@1: 35.00, Acc@5: 78.89
2025-06-04 19:53:54,137 - log - INFO - iter:200/1692, clip_acc1=43.0, tta_acc1=41.0
2025-06-04 19:53:54,138 - log - INFO - iter:200/1692, Original Acc@1: 43.00, Acc@5: 81.50, TTA Acc@1: 41.00, Acc@5: 80.50
2025-06-04 19:54:28,530 - log - INFO - iter:220/1692, clip_acc1=47.727272033691406, tta_acc1=45.909088134765625
2025-06-04 19:54:28,531 - log - INFO - iter:220/1692, Original Acc@1: 47.73, Acc@5: 83.18, TTA Acc@1: 45.91, Acc@5: 82.27
2025-06-04 19:55:02,889 - log - INFO - iter:240/1692, clip_acc1=50.41666793823242, tta_acc1=49.16666793823242
2025-06-04 19:55:02,890 - log - INFO - iter:240/1692, Original Acc@1: 50.42, Acc@5: 84.58, TTA Acc@1: 49.17, Acc@5: 83.75
2025-06-04 19:55:38,860 - log - INFO - iter:260/1692, clip_acc1=52.69230651855469, tta_acc1=50.0
2025-06-04 19:55:38,860 - log - INFO - iter:260/1692, Original Acc@1: 52.69, Acc@5: 85.77, TTA Acc@1: 50.00, Acc@5: 84.62
2025-06-04 19:56:13,156 - log - INFO - iter:280/1692, clip_acc1=55.35714340209961, tta_acc1=51.78571319580078
2025-06-04 19:56:13,156 - log - INFO - iter:280/1692, Original Acc@1: 55.36, Acc@5: 86.79, TTA Acc@1: 51.79, Acc@5: 85.36
2025-06-04 19:56:47,461 - log - INFO - iter:300/1692, clip_acc1=54.66666793823242, tta_acc1=51.66666793823242
2025-06-04 19:56:47,461 - log - INFO - iter:300/1692, Original Acc@1: 54.67, Acc@5: 86.67, TTA Acc@1: 51.67, Acc@5: 85.33
2025-06-04 19:57:21,788 - log - INFO - iter:320/1692, clip_acc1=52.8125, tta_acc1=50.9375
2025-06-04 19:57:21,789 - log - INFO - iter:320/1692, Original Acc@1: 52.81, Acc@5: 86.25, TTA Acc@1: 50.94, Acc@5: 85.94
2025-06-04 19:57:56,179 - log - INFO - iter:340/1692, clip_acc1=54.11764907836914, tta_acc1=51.17647171020508
2025-06-04 19:57:56,180 - log - INFO - iter:340/1692, Original Acc@1: 54.12, Acc@5: 85.88, TTA Acc@1: 51.18, Acc@5: 84.71
2025-06-04 19:58:30,535 - log - INFO - iter:360/1692, clip_acc1=55.833335876464844, tta_acc1=51.38888931274414
2025-06-04 19:58:30,535 - log - INFO - iter:360/1692, Original Acc@1: 55.83, Acc@5: 86.39, TTA Acc@1: 51.39, Acc@5: 84.72
2025-06-04 19:59:04,855 - log - INFO - iter:380/1692, clip_acc1=54.73684310913086, tta_acc1=51.052635192871094
2025-06-04 19:59:04,855 - log - INFO - iter:380/1692, Original Acc@1: 54.74, Acc@5: 87.11, TTA Acc@1: 51.05, Acc@5: 85.53
2025-06-04 19:59:39,491 - log - INFO - iter:400/1692, clip_acc1=54.25, tta_acc1=51.0
2025-06-04 19:59:39,491 - log - INFO - iter:400/1692, Original Acc@1: 54.25, Acc@5: 87.75, TTA Acc@1: 51.00, Acc@5: 86.25
2025-06-04 20:00:13,726 - log - INFO - iter:420/1692, clip_acc1=55.476192474365234, tta_acc1=52.619049072265625
2025-06-04 20:00:13,726 - log - INFO - iter:420/1692, Original Acc@1: 55.48, Acc@5: 88.33, TTA Acc@1: 52.62, Acc@5: 86.90
2025-06-04 20:00:48,066 - log - INFO - iter:440/1692, clip_acc1=56.13636016845703, tta_acc1=52.5
2025-06-04 20:00:48,066 - log - INFO - iter:440/1692, Original Acc@1: 56.14, Acc@5: 87.95, TTA Acc@1: 52.50, Acc@5: 86.59
2025-06-04 20:01:22,148 - log - INFO - iter:460/1692, clip_acc1=56.304344177246094, tta_acc1=52.60869216918945
2025-06-04 20:01:22,149 - log - INFO - iter:460/1692, Original Acc@1: 56.30, Acc@5: 88.04, TTA Acc@1: 52.61, Acc@5: 86.30
2025-06-04 20:01:56,471 - log - INFO - iter:480/1692, clip_acc1=56.875003814697266, tta_acc1=53.125003814697266
2025-06-04 20:01:56,471 - log - INFO - iter:480/1692, Original Acc@1: 56.88, Acc@5: 88.33, TTA Acc@1: 53.13, Acc@5: 86.25
2025-06-04 20:02:30,648 - log - INFO - iter:500/1692, clip_acc1=56.400001525878906, tta_acc1=52.000003814697266
2025-06-04 20:02:30,648 - log - INFO - iter:500/1692, Original Acc@1: 56.40, Acc@5: 87.60, TTA Acc@1: 52.00, Acc@5: 84.80
2025-06-04 20:03:04,822 - log - INFO - iter:520/1692, clip_acc1=55.38461685180664, tta_acc1=50.57692337036133
2025-06-04 20:03:04,822 - log - INFO - iter:520/1692, Original Acc@1: 55.38, Acc@5: 87.88, TTA Acc@1: 50.58, Acc@5: 84.42
2025-06-04 20:03:39,083 - log - INFO - iter:540/1692, clip_acc1=55.0, tta_acc1=49.25925827026367
2025-06-04 20:03:39,083 - log - INFO - iter:540/1692, Original Acc@1: 55.00, Acc@5: 87.78, TTA Acc@1: 49.26, Acc@5: 84.44
2025-06-04 20:04:13,248 - log - INFO - iter:560/1692, clip_acc1=53.03571319580078, tta_acc1=47.5
2025-06-04 20:04:13,248 - log - INFO - iter:560/1692, Original Acc@1: 53.04, Acc@5: 84.64, TTA Acc@1: 47.50, Acc@5: 81.43
2025-06-04 20:04:47,491 - log - INFO - iter:580/1692, clip_acc1=51.72413635253906, tta_acc1=46.379310607910156
2025-06-04 20:04:47,491 - log - INFO - iter:580/1692, Original Acc@1: 51.72, Acc@5: 82.41, TTA Acc@1: 46.38, Acc@5: 79.31
2025-06-04 20:05:21,615 - log - INFO - iter:600/1692, clip_acc1=51.333335876464844, tta_acc1=46.16666793823242
2025-06-04 20:05:21,615 - log - INFO - iter:600/1692, Original Acc@1: 51.33, Acc@5: 82.67, TTA Acc@1: 46.17, Acc@5: 79.83
2025-06-04 20:05:55,965 - log - INFO - iter:620/1692, clip_acc1=51.45161056518555, tta_acc1=46.45161056518555
2025-06-04 20:05:55,965 - log - INFO - iter:620/1692, Original Acc@1: 51.45, Acc@5: 82.58, TTA Acc@1: 46.45, Acc@5: 80.16
2025-06-04 20:06:30,416 - log - INFO - iter:640/1692, clip_acc1=52.1875, tta_acc1=47.1875
2025-06-04 20:06:30,416 - log - INFO - iter:640/1692, Original Acc@1: 52.19, Acc@5: 82.97, TTA Acc@1: 47.19, Acc@5: 80.62
2025-06-04 20:07:04,690 - log - INFO - iter:660/1692, clip_acc1=52.27272415161133, tta_acc1=47.42424011230469
2025-06-04 20:07:04,690 - log - INFO - iter:660/1692, Original Acc@1: 52.27, Acc@5: 83.03, TTA Acc@1: 47.42, Acc@5: 80.76
2025-06-04 20:07:38,848 - log - INFO - iter:680/1692, clip_acc1=52.0588264465332, tta_acc1=47.352943420410156
2025-06-04 20:07:38,849 - log - INFO - iter:680/1692, Original Acc@1: 52.06, Acc@5: 82.94, TTA Acc@1: 47.35, Acc@5: 80.44
2025-06-04 20:08:13,215 - log - INFO - iter:700/1692, clip_acc1=51.71428680419922, tta_acc1=47.28571319580078
2025-06-04 20:08:13,216 - log - INFO - iter:700/1692, Original Acc@1: 51.71, Acc@5: 83.00, TTA Acc@1: 47.29, Acc@5: 80.71
2025-06-04 20:08:47,541 - log - INFO - iter:720/1692, clip_acc1=51.52777862548828, tta_acc1=47.5
2025-06-04 20:08:47,541 - log - INFO - iter:720/1692, Original Acc@1: 51.53, Acc@5: 83.33, TTA Acc@1: 47.50, Acc@5: 80.97
2025-06-04 20:09:21,866 - log - INFO - iter:740/1692, clip_acc1=51.62162399291992, tta_acc1=47.70270538330078
2025-06-04 20:09:21,866 - log - INFO - iter:740/1692, Original Acc@1: 51.62, Acc@5: 83.51, TTA Acc@1: 47.70, Acc@5: 81.08
2025-06-04 20:09:56,333 - log - INFO - iter:760/1692, clip_acc1=52.23684310913086, tta_acc1=48.42105484008789
2025-06-04 20:09:56,333 - log - INFO - iter:760/1692, Original Acc@1: 52.24, Acc@5: 83.68, TTA Acc@1: 48.42, Acc@5: 81.18
2025-06-04 20:10:30,848 - log - INFO - iter:780/1692, clip_acc1=53.333335876464844, tta_acc1=49.4871826171875
2025-06-04 20:10:30,848 - log - INFO - iter:780/1692, Original Acc@1: 53.33, Acc@5: 84.10, TTA Acc@1: 49.49, Acc@5: 81.67
2025-06-04 20:11:05,129 - log - INFO - iter:800/1692, clip_acc1=53.5, tta_acc1=49.625
2025-06-04 20:11:05,129 - log - INFO - iter:800/1692, Original Acc@1: 53.50, Acc@5: 84.50, TTA Acc@1: 49.62, Acc@5: 82.12
2025-06-04 20:11:39,489 - log - INFO - iter:820/1692, clip_acc1=52.92683029174805, tta_acc1=49.024391174316406
2025-06-04 20:11:39,490 - log - INFO - iter:820/1692, Original Acc@1: 52.93, Acc@5: 84.63, TTA Acc@1: 49.02, Acc@5: 82.32
2025-06-04 20:12:13,830 - log - INFO - iter:840/1692, clip_acc1=52.619049072265625, tta_acc1=49.28571701049805
2025-06-04 20:12:13,830 - log - INFO - iter:840/1692, Original Acc@1: 52.62, Acc@5: 85.00, TTA Acc@1: 49.29, Acc@5: 82.74
2025-06-04 20:12:48,189 - log - INFO - iter:860/1692, clip_acc1=53.13953399658203, tta_acc1=50.348838806152344
2025-06-04 20:12:48,190 - log - INFO - iter:860/1692, Original Acc@1: 53.14, Acc@5: 85.35, TTA Acc@1: 50.35, Acc@5: 83.14
2025-06-04 20:13:22,603 - log - INFO - iter:880/1692, clip_acc1=52.27272415161133, tta_acc1=49.659088134765625
2025-06-04 20:13:22,604 - log - INFO - iter:880/1692, Original Acc@1: 52.27, Acc@5: 83.75, TTA Acc@1: 49.66, Acc@5: 81.70
2025-06-04 20:13:56,863 - log - INFO - iter:900/1692, clip_acc1=51.11111068725586, tta_acc1=48.66666793823242
2025-06-04 20:13:56,864 - log - INFO - iter:900/1692, Original Acc@1: 51.11, Acc@5: 82.00, TTA Acc@1: 48.67, Acc@5: 80.00
2025-06-04 20:14:31,128 - log - INFO - iter:920/1692, clip_acc1=51.304344177246094, tta_acc1=48.804344177246094
2025-06-04 20:14:31,129 - log - INFO - iter:920/1692, Original Acc@1: 51.30, Acc@5: 82.39, TTA Acc@1: 48.80, Acc@5: 80.43
2025-06-04 20:15:05,353 - log - INFO - iter:940/1692, clip_acc1=51.91489028930664, tta_acc1=49.468082427978516
2025-06-04 20:15:05,353 - log - INFO - iter:940/1692, Original Acc@1: 51.91, Acc@5: 82.77, TTA Acc@1: 49.47, Acc@5: 80.85
2025-06-04 20:15:39,554 - log - INFO - iter:960/1692, clip_acc1=52.91666793823242, tta_acc1=50.520835876464844
2025-06-04 20:15:39,554 - log - INFO - iter:960/1692, Original Acc@1: 52.92, Acc@5: 83.13, TTA Acc@1: 50.52, Acc@5: 81.25
2025-06-04 20:16:13,751 - log - INFO - iter:980/1692, clip_acc1=53.87754821777344, tta_acc1=51.3265266418457
2025-06-04 20:16:13,751 - log - INFO - iter:980/1692, Original Acc@1: 53.88, Acc@5: 83.47, TTA Acc@1: 51.33, Acc@5: 81.63
2025-06-04 20:16:48,153 - log - INFO - iter:1000/1692, clip_acc1=54.70000076293945, tta_acc1=52.000003814697266
2025-06-04 20:16:48,154 - log - INFO - iter:1000/1692, Original Acc@1: 54.70, Acc@5: 83.80, TTA Acc@1: 52.00, Acc@5: 82.00
2025-06-04 20:17:22,360 - log - INFO - iter:1020/1692, clip_acc1=54.411766052246094, tta_acc1=51.76470947265625
2025-06-04 20:17:22,360 - log - INFO - iter:1020/1692, Original Acc@1: 54.41, Acc@5: 83.43, TTA Acc@1: 51.76, Acc@5: 81.27
2025-06-04 20:17:56,609 - log - INFO - iter:1040/1692, clip_acc1=53.846153259277344, tta_acc1=51.153846740722656
2025-06-04 20:17:56,609 - log - INFO - iter:1040/1692, Original Acc@1: 53.85, Acc@5: 82.69, TTA Acc@1: 51.15, Acc@5: 80.38
2025-06-04 20:18:30,907 - log - INFO - iter:1060/1692, clip_acc1=54.05660629272461, tta_acc1=51.50943374633789
2025-06-04 20:18:30,907 - log - INFO - iter:1060/1692, Original Acc@1: 54.06, Acc@5: 82.83, TTA Acc@1: 51.51, Acc@5: 80.38
2025-06-04 20:19:05,098 - log - INFO - iter:1080/1692, clip_acc1=54.6296272277832, tta_acc1=52.03703689575195
2025-06-04 20:19:05,099 - log - INFO - iter:1080/1692, Original Acc@1: 54.63, Acc@5: 83.15, TTA Acc@1: 52.04, Acc@5: 80.74
2025-06-04 20:19:39,439 - log - INFO - iter:1100/1692, clip_acc1=54.81818389892578, tta_acc1=52.3636360168457
2025-06-04 20:19:39,440 - log - INFO - iter:1100/1692, Original Acc@1: 54.82, Acc@5: 83.45, TTA Acc@1: 52.36, Acc@5: 81.00
2025-06-04 20:20:13,656 - log - INFO - iter:1120/1692, clip_acc1=55.08928680419922, tta_acc1=52.58928680419922
2025-06-04 20:20:13,656 - log - INFO - iter:1120/1692, Original Acc@1: 55.09, Acc@5: 83.57, TTA Acc@1: 52.59, Acc@5: 81.16
2025-06-04 20:20:48,021 - log - INFO - iter:1140/1692, clip_acc1=55.08771896362305, tta_acc1=52.6315803527832
2025-06-04 20:20:48,021 - log - INFO - iter:1140/1692, Original Acc@1: 55.09, Acc@5: 83.77, TTA Acc@1: 52.63, Acc@5: 81.32
2025-06-04 20:21:22,226 - log - INFO - iter:1160/1692, clip_acc1=55.25862121582031, tta_acc1=52.67241287231445
2025-06-04 20:21:22,226 - log - INFO - iter:1160/1692, Original Acc@1: 55.26, Acc@5: 83.88, TTA Acc@1: 52.67, Acc@5: 81.38
2025-06-04 20:21:56,662 - log - INFO - iter:1180/1692, clip_acc1=56.01694869995117, tta_acc1=53.050846099853516
2025-06-04 20:21:56,662 - log - INFO - iter:1180/1692, Original Acc@1: 56.02, Acc@5: 84.15, TTA Acc@1: 53.05, Acc@5: 81.61
2025-06-04 20:22:30,916 - log - INFO - iter:1200/1692, clip_acc1=56.66666793823242, tta_acc1=53.583335876464844
2025-06-04 20:22:30,916 - log - INFO - iter:1200/1692, Original Acc@1: 56.67, Acc@5: 84.42, TTA Acc@1: 53.58, Acc@5: 81.83
2025-06-04 20:23:05,235 - log - INFO - iter:1220/1692, clip_acc1=57.04917907714844, tta_acc1=54.01639175415039
2025-06-04 20:23:05,235 - log - INFO - iter:1220/1692, Original Acc@1: 57.05, Acc@5: 84.59, TTA Acc@1: 54.02, Acc@5: 82.13
2025-06-04 20:23:39,682 - log - INFO - iter:1240/1692, clip_acc1=56.85483932495117, tta_acc1=53.629032135009766
2025-06-04 20:23:39,682 - log - INFO - iter:1240/1692, Original Acc@1: 56.85, Acc@5: 84.44, TTA Acc@1: 53.63, Acc@5: 82.02
2025-06-04 20:24:14,153 - log - INFO - iter:1260/1692, clip_acc1=56.34920883178711, tta_acc1=53.17460250854492
2025-06-04 20:24:14,153 - log - INFO - iter:1260/1692, Original Acc@1: 56.35, Acc@5: 84.29, TTA Acc@1: 53.17, Acc@5: 82.06
2025-06-04 20:24:48,581 - log - INFO - iter:1280/1692, clip_acc1=56.5625, tta_acc1=53.359375
2025-06-04 20:24:48,581 - log - INFO - iter:1280/1692, Original Acc@1: 56.56, Acc@5: 84.06, TTA Acc@1: 53.36, Acc@5: 81.88
2025-06-04 20:25:23,023 - log - INFO - iter:1300/1692, clip_acc1=56.769229888916016, tta_acc1=53.69230651855469
2025-06-04 20:25:23,023 - log - INFO - iter:1300/1692, Original Acc@1: 56.77, Acc@5: 84.08, TTA Acc@1: 53.69, Acc@5: 82.00
2025-06-04 20:25:57,201 - log - INFO - iter:1320/1692, clip_acc1=56.59090805053711, tta_acc1=53.409088134765625
2025-06-04 20:25:57,201 - log - INFO - iter:1320/1692, Original Acc@1: 56.59, Acc@5: 84.09, TTA Acc@1: 53.41, Acc@5: 81.89
2025-06-04 20:26:31,440 - log - INFO - iter:1340/1692, clip_acc1=56.11940383911133, tta_acc1=52.985076904296875
2025-06-04 20:26:31,440 - log - INFO - iter:1340/1692, Original Acc@1: 56.12, Acc@5: 83.81, TTA Acc@1: 52.99, Acc@5: 81.42
2025-06-04 20:27:05,621 - log - INFO - iter:1360/1692, clip_acc1=55.29411697387695, tta_acc1=52.42647171020508
2025-06-04 20:27:05,621 - log - INFO - iter:1360/1692, Original Acc@1: 55.29, Acc@5: 83.46, TTA Acc@1: 52.43, Acc@5: 81.32
2025-06-04 20:27:39,668 - log - INFO - iter:1380/1692, clip_acc1=54.6376838684082, tta_acc1=51.739131927490234
2025-06-04 20:27:39,669 - log - INFO - iter:1380/1692, Original Acc@1: 54.64, Acc@5: 83.26, TTA Acc@1: 51.74, Acc@5: 81.01
2025-06-04 20:28:13,945 - log - INFO - iter:1400/1692, clip_acc1=54.07142639160156, tta_acc1=51.14285659790039
2025-06-04 20:28:13,945 - log - INFO - iter:1400/1692, Original Acc@1: 54.07, Acc@5: 83.07, TTA Acc@1: 51.14, Acc@5: 80.50
2025-06-04 20:28:48,287 - log - INFO - iter:1420/1692, clip_acc1=54.22534942626953, tta_acc1=51.26760482788086
2025-06-04 20:28:48,287 - log - INFO - iter:1420/1692, Original Acc@1: 54.23, Acc@5: 83.10, TTA Acc@1: 51.27, Acc@5: 80.49
2025-06-04 20:29:22,452 - log - INFO - iter:1440/1692, clip_acc1=54.4444465637207, tta_acc1=51.66666793823242
2025-06-04 20:29:22,452 - log - INFO - iter:1440/1692, Original Acc@1: 54.44, Acc@5: 83.33, TTA Acc@1: 51.67, Acc@5: 80.69
2025-06-04 20:29:56,635 - log - INFO - iter:1460/1692, clip_acc1=54.863014221191406, tta_acc1=52.05479431152344
2025-06-04 20:29:56,635 - log - INFO - iter:1460/1692, Original Acc@1: 54.86, Acc@5: 83.56, TTA Acc@1: 52.05, Acc@5: 80.89
2025-06-04 20:30:31,004 - log - INFO - iter:1480/1692, clip_acc1=55.20270538330078, tta_acc1=52.364864349365234
2025-06-04 20:30:31,005 - log - INFO - iter:1480/1692, Original Acc@1: 55.20, Acc@5: 83.72, TTA Acc@1: 52.36, Acc@5: 81.08
2025-06-04 20:31:05,577 - log - INFO - iter:1500/1692, clip_acc1=55.39999771118164, tta_acc1=52.39999771118164
2025-06-04 20:31:05,578 - log - INFO - iter:1500/1692, Original Acc@1: 55.40, Acc@5: 83.87, TTA Acc@1: 52.40, Acc@5: 81.20
2025-06-04 20:31:40,103 - log - INFO - iter:1520/1692, clip_acc1=55.592105865478516, tta_acc1=52.6315803527832
2025-06-04 20:31:40,103 - log - INFO - iter:1520/1692, Original Acc@1: 55.59, Acc@5: 83.95, TTA Acc@1: 52.63, Acc@5: 81.25
2025-06-04 20:32:14,427 - log - INFO - iter:1540/1692, clip_acc1=55.649349212646484, tta_acc1=52.66233825683594
2025-06-04 20:32:14,427 - log - INFO - iter:1540/1692, Original Acc@1: 55.65, Acc@5: 83.90, TTA Acc@1: 52.66, Acc@5: 81.36
2025-06-04 20:32:48,744 - log - INFO - iter:1560/1692, clip_acc1=55.833335876464844, tta_acc1=52.756412506103516
2025-06-04 20:32:48,745 - log - INFO - iter:1560/1692, Original Acc@1: 55.83, Acc@5: 83.91, TTA Acc@1: 52.76, Acc@5: 81.41
2025-06-04 20:33:23,133 - log - INFO - iter:1580/1692, clip_acc1=56.13924026489258, tta_acc1=53.0379753112793
2025-06-04 20:33:23,134 - log - INFO - iter:1580/1692, Original Acc@1: 56.14, Acc@5: 83.86, TTA Acc@1: 53.04, Acc@5: 81.39
2025-06-04 20:33:57,510 - log - INFO - iter:1600/1692, clip_acc1=56.5625, tta_acc1=53.4375
2025-06-04 20:33:57,510 - log - INFO - iter:1600/1692, Original Acc@1: 56.56, Acc@5: 84.00, TTA Acc@1: 53.44, Acc@5: 81.56
2025-06-04 20:34:31,809 - log - INFO - iter:1620/1692, clip_acc1=56.543212890625, tta_acc1=53.58024978637695
2025-06-04 20:34:31,809 - log - INFO - iter:1620/1692, Original Acc@1: 56.54, Acc@5: 84.07, TTA Acc@1: 53.58, Acc@5: 81.73
2025-06-04 20:35:06,218 - log - INFO - iter:1640/1692, clip_acc1=56.524391174316406, tta_acc1=53.475608825683594
2025-06-04 20:35:06,218 - log - INFO - iter:1640/1692, Original Acc@1: 56.52, Acc@5: 83.84, TTA Acc@1: 53.48, Acc@5: 81.46
2025-06-04 20:35:40,525 - log - INFO - iter:1660/1692, clip_acc1=56.44578552246094, tta_acc1=53.43373489379883
2025-06-04 20:35:40,526 - log - INFO - iter:1660/1692, Original Acc@1: 56.45, Acc@5: 83.86, TTA Acc@1: 53.43, Acc@5: 81.57
2025-06-04 20:36:14,600 - log - INFO - iter:1680/1692, clip_acc1=56.904762268066406, tta_acc1=53.92857360839844
2025-06-04 20:36:14,600 - log - INFO - iter:1680/1692, Original Acc@1: 56.90, Acc@5: 83.99, TTA Acc@1: 53.93, Acc@5: 81.79
2025-06-04 20:36:35,411 - log - INFO - iter:1692/1692, clip_acc1=57.21040344238281, tta_acc1=54.19621658325195
2025-06-04 20:36:35,411 - log - INFO - iter:1692/1692, Original Acc@1: 57.21, Acc@5: 84.10, TTA Acc@1: 54.20, Acc@5: 81.91
2025-06-04 20:36:35,587 - log - INFO - Final results - Original Acc@1: 57.21, Acc@5: 84.10, TTA Acc@1: 54.20, Acc@5: 81.91
2025-06-04 20:36:35,588 - log - INFO - Improvement from TTA in Acc@1 -3.01, and Acc@5 -2.19
2025-06-04 20:36:35,588 - log - INFO - => Acc. on testset [DTD]: Clean Acc @1 57.21040344238281/ TTA Clean Acc @1 54.19621658325195, Clean Acc @5 84.10165405273438/ TTA Clean Acc @5 81.9148941040039
2025-06-04 20:36:35,588 - log - INFO - Total script execution time: 4188.76 seconds (69.81 minutes)
