2025-06-11 17:15:43,565 - log - INFO - ==========================================
data:/l/users/hashmat.malik/downstream_datasets
test_sets:Aircraft
dataset_mode:test
arch:fare4
resolution:224
workers:4
no_pin_memory:False
batch_size:64
print_freq:20
gpu:0
no_cudnn_benchmark:False
n_ctx:4
ctx_init:a_photo_of_a
tpt_loss:rtpt
seed:0
output_dir:/l/users/hashmat.malik/atpt_results/fare4/Aircraft
log_output_dir:/l/users/hashmat.malik/Projects/ATPT/Final_Results/fare4/Aircraft
eps:0.0
alpha:0.0
alpha_eps_ratio:4.0
steps:0
lr:0.005
selection_p:0.1
tta_steps:0
ensemble_type:weighted_rtpt
top_k:20
softmax_temp:0.01
counter_attack:True
counter_attack_type:pgd
counter_attack_steps:2
counter_attack_eps:4.0
counter_attack_alpha:1.0
counter_attack_tau_thres:0.2
counter_attack_beta:2.0
counter_attack_weighted_perturbations:True
pgd_clip_pure_i_text_embeddings:null
pgd_counter_and_clipure_i_lamda:1.0
selected_id_name:selected_topk.json
weighted_score_name:weighted_scores.json
batch_entropy_name:entropies.json
log_dir:/l/users/hashmat.malik/Projects/ATPT/Final_Results/fare4/Aircraft/Clean/Counter_Attack/Eps_4_0_Steps_2_Alpha_1_0/tau_0_2_beta_2_0_weighted_pertrubation_True/No_TPT/Inference_Ensemble_weighted_rtpt_topk_20_softmaxtemp_0_01

2025-06-11 17:15:43,566 - log - INFO - Use GPU: 0 for training
2025-06-11 17:15:55,623 - log - INFO - Freezing all parameters except prompt learner
2025-06-11 17:15:55,624 - log - INFO - => Model created: visual backbone fare4
2025-06-11 17:15:55,636 - log - INFO - Number of test samples: 3333
2025-06-11 17:15:55,636 - log - INFO - Evaluating dataset: Aircraft
2025-06-11 17:15:55,637 - log - INFO - Starting evaluation with batch size: 64, selection percentage: 0.1
2025-06-11 17:15:55,637 - log - INFO - Test-time adaptation steps: 0, learning rate: 0.005
2025-06-11 17:15:55,637 - log - INFO - Using counter-attack with epsilon: 4.000000, alpha: 0.000000, steps: 2, tau_thres: 0.2, beta: 2.0, weighted perturbation: True
2025-06-11 17:17:05,976 - log - INFO - iter:20/3333, clip_acc1=25.0, tta_acc1=5.0
2025-06-11 17:17:05,977 - log - INFO - iter:20/3333, Original Acc@1: 25.00, Acc@5: 90.00, TTA Acc@1: 5.00, Acc@5: 85.00
2025-06-11 17:18:12,614 - log - INFO - iter:40/3333, clip_acc1=35.0, tta_acc1=2.5
2025-06-11 17:18:12,614 - log - INFO - iter:40/3333, Original Acc@1: 35.00, Acc@5: 87.50, TTA Acc@1: 2.50, Acc@5: 80.00
2025-06-11 17:19:26,767 - log - INFO - iter:60/3333, clip_acc1=36.66666793823242, tta_acc1=6.6666669845581055
2025-06-11 17:19:26,768 - log - INFO - iter:60/3333, Original Acc@1: 36.67, Acc@5: 83.33, TTA Acc@1: 6.67, Acc@5: 76.67
2025-06-11 17:20:36,968 - log - INFO - iter:80/3333, clip_acc1=30.0, tta_acc1=7.5
2025-06-11 17:20:36,969 - log - INFO - iter:80/3333, Original Acc@1: 30.00, Acc@5: 77.50, TTA Acc@1: 7.50, Acc@5: 67.50
2025-06-11 17:21:44,384 - log - INFO - iter:100/3333, clip_acc1=24.0, tta_acc1=7.0
2025-06-11 17:21:44,384 - log - INFO - iter:100/3333, Original Acc@1: 24.00, Acc@5: 65.00, TTA Acc@1: 7.00, Acc@5: 60.00
2025-06-11 17:22:45,370 - log - INFO - iter:120/3333, clip_acc1=20.000001907348633, tta_acc1=5.833333492279053
2025-06-11 17:22:45,370 - log - INFO - iter:120/3333, Original Acc@1: 20.00, Acc@5: 56.67, TTA Acc@1: 5.83, Acc@5: 50.83
2025-06-11 17:23:53,160 - log - INFO - iter:140/3333, clip_acc1=17.14285659790039, tta_acc1=5.0
2025-06-11 17:23:53,160 - log - INFO - iter:140/3333, Original Acc@1: 17.14, Acc@5: 48.57, TTA Acc@1: 5.00, Acc@5: 43.57
2025-06-11 17:25:00,577 - log - INFO - iter:160/3333, clip_acc1=15.0, tta_acc1=4.375
2025-06-11 17:25:00,577 - log - INFO - iter:160/3333, Original Acc@1: 15.00, Acc@5: 42.50, TTA Acc@1: 4.38, Acc@5: 38.12
2025-06-11 17:26:08,123 - log - INFO - iter:180/3333, clip_acc1=13.333333969116211, tta_acc1=3.8888890743255615
2025-06-11 17:26:08,123 - log - INFO - iter:180/3333, Original Acc@1: 13.33, Acc@5: 39.44, TTA Acc@1: 3.89, Acc@5: 33.89
2025-06-11 17:27:15,072 - log - INFO - iter:200/3333, clip_acc1=12.0, tta_acc1=3.5
2025-06-11 17:27:15,072 - log - INFO - iter:200/3333, Original Acc@1: 12.00, Acc@5: 40.00, TTA Acc@1: 3.50, Acc@5: 32.00
2025-06-11 17:28:32,147 - log - INFO - iter:220/3333, clip_acc1=12.272727012634277, tta_acc1=4.090909004211426
2025-06-11 17:28:32,147 - log - INFO - iter:220/3333, Original Acc@1: 12.27, Acc@5: 45.45, TTA Acc@1: 4.09, Acc@5: 37.27
2025-06-11 17:29:59,752 - log - INFO - iter:240/3333, clip_acc1=11.250000953674316, tta_acc1=3.750000238418579
2025-06-11 17:29:59,752 - log - INFO - iter:240/3333, Original Acc@1: 11.25, Acc@5: 48.33, TTA Acc@1: 3.75, Acc@5: 40.42
2025-06-11 17:31:04,629 - log - INFO - iter:260/3333, clip_acc1=11.15384578704834, tta_acc1=3.846153736114502
2025-06-11 17:31:04,629 - log - INFO - iter:260/3333, Original Acc@1: 11.15, Acc@5: 51.92, TTA Acc@1: 3.85, Acc@5: 42.69
2025-06-11 17:32:09,713 - log - INFO - iter:280/3333, clip_acc1=10.357142448425293, tta_acc1=3.5714285373687744
2025-06-11 17:32:09,714 - log - INFO - iter:280/3333, Original Acc@1: 10.36, Acc@5: 51.07, TTA Acc@1: 3.57, Acc@5: 40.71
2025-06-11 17:33:20,478 - log - INFO - iter:300/3333, clip_acc1=9.666666984558105, tta_acc1=3.3333334922790527
2025-06-11 17:33:20,478 - log - INFO - iter:300/3333, Original Acc@1: 9.67, Acc@5: 50.00, TTA Acc@1: 3.33, Acc@5: 39.00
2025-06-11 17:34:40,350 - log - INFO - iter:320/3333, clip_acc1=10.0, tta_acc1=4.0625
2025-06-11 17:34:40,350 - log - INFO - iter:320/3333, Original Acc@1: 10.00, Acc@5: 51.56, TTA Acc@1: 4.06, Acc@5: 40.31
2025-06-11 17:35:45,036 - log - INFO - iter:340/3333, clip_acc1=12.058823585510254, tta_acc1=5.588235378265381
2025-06-11 17:35:45,037 - log - INFO - iter:340/3333, Original Acc@1: 12.06, Acc@5: 53.24, TTA Acc@1: 5.59, Acc@5: 41.76
2025-06-11 17:37:04,642 - log - INFO - iter:360/3333, clip_acc1=13.88888931274414, tta_acc1=7.777778148651123
2025-06-11 17:37:04,642 - log - INFO - iter:360/3333, Original Acc@1: 13.89, Acc@5: 55.56, TTA Acc@1: 7.78, Acc@5: 43.61
2025-06-11 17:38:19,878 - log - INFO - iter:380/3333, clip_acc1=14.473685264587402, tta_acc1=8.421052932739258
2025-06-11 17:38:19,878 - log - INFO - iter:380/3333, Original Acc@1: 14.47, Acc@5: 56.32, TTA Acc@1: 8.42, Acc@5: 45.00
2025-06-11 17:39:18,520 - log - INFO - iter:400/3333, clip_acc1=13.75, tta_acc1=8.0
2025-06-11 17:39:18,520 - log - INFO - iter:400/3333, Original Acc@1: 13.75, Acc@5: 57.00, TTA Acc@1: 8.00, Acc@5: 45.25
2025-06-11 17:40:27,058 - log - INFO - iter:420/3333, clip_acc1=13.09523868560791, tta_acc1=7.619048118591309
2025-06-11 17:40:27,059 - log - INFO - iter:420/3333, Original Acc@1: 13.10, Acc@5: 57.38, TTA Acc@1: 7.62, Acc@5: 45.24
2025-06-11 17:41:24,681 - log - INFO - iter:440/3333, clip_acc1=12.5, tta_acc1=7.272727012634277
2025-06-11 17:41:24,682 - log - INFO - iter:440/3333, Original Acc@1: 12.50, Acc@5: 57.73, TTA Acc@1: 7.27, Acc@5: 45.45
2025-06-11 17:42:26,150 - log - INFO - iter:460/3333, clip_acc1=11.956521034240723, tta_acc1=6.956521511077881
2025-06-11 17:42:26,150 - log - INFO - iter:460/3333, Original Acc@1: 11.96, Acc@5: 57.39, TTA Acc@1: 6.96, Acc@5: 45.65
2025-06-11 17:43:36,263 - log - INFO - iter:480/3333, clip_acc1=12.291666984558105, tta_acc1=7.083333492279053
2025-06-11 17:43:36,263 - log - INFO - iter:480/3333, Original Acc@1: 12.29, Acc@5: 57.29, TTA Acc@1: 7.08, Acc@5: 45.42
2025-06-11 17:44:52,738 - log - INFO - iter:500/3333, clip_acc1=12.800000190734863, tta_acc1=7.40000057220459
2025-06-11 17:44:52,738 - log - INFO - iter:500/3333, Original Acc@1: 12.80, Acc@5: 57.20, TTA Acc@1: 7.40, Acc@5: 45.40
2025-06-11 17:46:06,380 - log - INFO - iter:520/3333, clip_acc1=13.076923370361328, tta_acc1=7.692307472229004
2025-06-11 17:46:06,381 - log - INFO - iter:520/3333, Original Acc@1: 13.08, Acc@5: 58.46, TTA Acc@1: 7.69, Acc@5: 46.35
2025-06-11 17:47:13,496 - log - INFO - iter:540/3333, clip_acc1=13.333333015441895, tta_acc1=7.407407283782959
2025-06-11 17:47:13,496 - log - INFO - iter:540/3333, Original Acc@1: 13.33, Acc@5: 59.44, TTA Acc@1: 7.41, Acc@5: 46.67
2025-06-11 17:48:34,624 - log - INFO - iter:560/3333, clip_acc1=13.214285850524902, tta_acc1=7.678571701049805
2025-06-11 17:48:34,624 - log - INFO - iter:560/3333, Original Acc@1: 13.21, Acc@5: 60.18, TTA Acc@1: 7.68, Acc@5: 47.68
2025-06-11 17:49:39,041 - log - INFO - iter:580/3333, clip_acc1=13.620689392089844, tta_acc1=8.965517044067383
2025-06-11 17:49:39,042 - log - INFO - iter:580/3333, Original Acc@1: 13.62, Acc@5: 61.21, TTA Acc@1: 8.97, Acc@5: 48.97
2025-06-11 17:50:50,583 - log - INFO - iter:600/3333, clip_acc1=13.833333969116211, tta_acc1=9.666666984558105
2025-06-11 17:50:50,583 - log - INFO - iter:600/3333, Original Acc@1: 13.83, Acc@5: 62.17, TTA Acc@1: 9.67, Acc@5: 50.00
2025-06-11 17:51:51,910 - log - INFO - iter:620/3333, clip_acc1=13.387096405029297, tta_acc1=9.354838371276855
2025-06-11 17:51:51,911 - log - INFO - iter:620/3333, Original Acc@1: 13.39, Acc@5: 62.90, TTA Acc@1: 9.35, Acc@5: 51.13
2025-06-11 17:52:52,641 - log - INFO - iter:640/3333, clip_acc1=13.28125, tta_acc1=9.0625
2025-06-11 17:52:52,642 - log - INFO - iter:640/3333, Original Acc@1: 13.28, Acc@5: 63.12, TTA Acc@1: 9.06, Acc@5: 51.09
2025-06-11 17:54:16,423 - log - INFO - iter:660/3333, clip_acc1=12.87878704071045, tta_acc1=8.787878036499023
2025-06-11 17:54:16,423 - log - INFO - iter:660/3333, Original Acc@1: 12.88, Acc@5: 61.52, TTA Acc@1: 8.79, Acc@5: 50.00
2025-06-11 17:55:34,397 - log - INFO - iter:680/3333, clip_acc1=12.5, tta_acc1=8.529412269592285
2025-06-11 17:55:34,397 - log - INFO - iter:680/3333, Original Acc@1: 12.50, Acc@5: 60.74, TTA Acc@1: 8.53, Acc@5: 48.53
2025-06-11 17:56:39,015 - log - INFO - iter:700/3333, clip_acc1=12.285714149475098, tta_acc1=8.285714149475098
2025-06-11 17:56:39,015 - log - INFO - iter:700/3333, Original Acc@1: 12.29, Acc@5: 60.86, TTA Acc@1: 8.29, Acc@5: 48.14
2025-06-11 17:57:40,596 - log - INFO - iter:720/3333, clip_acc1=11.94444465637207, tta_acc1=8.05555534362793
2025-06-11 17:57:40,596 - log - INFO - iter:720/3333, Original Acc@1: 11.94, Acc@5: 59.86, TTA Acc@1: 8.06, Acc@5: 47.22
2025-06-11 17:58:44,697 - log - INFO - iter:740/3333, clip_acc1=12.027027130126953, tta_acc1=7.837838172912598
2025-06-11 17:58:44,697 - log - INFO - iter:740/3333, Original Acc@1: 12.03, Acc@5: 59.73, TTA Acc@1: 7.84, Acc@5: 46.35
2025-06-11 17:59:45,975 - log - INFO - iter:760/3333, clip_acc1=12.236842155456543, tta_acc1=7.631579399108887
2025-06-11 17:59:45,975 - log - INFO - iter:760/3333, Original Acc@1: 12.24, Acc@5: 59.21, TTA Acc@1: 7.63, Acc@5: 45.39
2025-06-11 18:00:48,678 - log - INFO - iter:780/3333, clip_acc1=12.307692527770996, tta_acc1=7.692307949066162
2025-06-11 18:00:48,678 - log - INFO - iter:780/3333, Original Acc@1: 12.31, Acc@5: 59.23, TTA Acc@1: 7.69, Acc@5: 45.00
2025-06-11 18:02:10,150 - log - INFO - iter:800/3333, clip_acc1=12.0, tta_acc1=7.5
2025-06-11 18:02:10,150 - log - INFO - iter:800/3333, Original Acc@1: 12.00, Acc@5: 59.00, TTA Acc@1: 7.50, Acc@5: 44.75
2025-06-11 18:03:34,227 - log - INFO - iter:820/3333, clip_acc1=13.292682647705078, tta_acc1=8.292682647705078
2025-06-11 18:03:34,227 - log - INFO - iter:820/3333, Original Acc@1: 13.29, Acc@5: 59.51, TTA Acc@1: 8.29, Acc@5: 45.00
2025-06-11 18:04:52,467 - log - INFO - iter:840/3333, clip_acc1=13.690476417541504, tta_acc1=8.571429252624512
2025-06-11 18:04:52,467 - log - INFO - iter:840/3333, Original Acc@1: 13.69, Acc@5: 59.40, TTA Acc@1: 8.57, Acc@5: 44.88
2025-06-11 18:06:18,494 - log - INFO - iter:860/3333, clip_acc1=13.488371849060059, tta_acc1=8.488371849060059
2025-06-11 18:06:18,495 - log - INFO - iter:860/3333, Original Acc@1: 13.49, Acc@5: 59.42, TTA Acc@1: 8.49, Acc@5: 44.53
2025-06-11 18:07:41,205 - log - INFO - iter:880/3333, clip_acc1=13.409090042114258, tta_acc1=8.409090995788574
2025-06-11 18:07:41,205 - log - INFO - iter:880/3333, Original Acc@1: 13.41, Acc@5: 59.09, TTA Acc@1: 8.41, Acc@5: 44.09
2025-06-11 18:08:40,678 - log - INFO - iter:900/3333, clip_acc1=13.44444465637207, tta_acc1=8.44444465637207
2025-06-11 18:08:40,678 - log - INFO - iter:900/3333, Original Acc@1: 13.44, Acc@5: 58.78, TTA Acc@1: 8.44, Acc@5: 43.56
2025-06-11 18:09:51,953 - log - INFO - iter:920/3333, clip_acc1=13.3695650100708, tta_acc1=8.478260040283203
2025-06-11 18:09:51,953 - log - INFO - iter:920/3333, Original Acc@1: 13.37, Acc@5: 58.80, TTA Acc@1: 8.48, Acc@5: 43.26
2025-06-11 18:11:01,028 - log - INFO - iter:940/3333, clip_acc1=13.191489219665527, tta_acc1=8.297872543334961
2025-06-11 18:11:01,029 - log - INFO - iter:940/3333, Original Acc@1: 13.19, Acc@5: 57.98, TTA Acc@1: 8.30, Acc@5: 42.55
2025-06-11 18:12:23,043 - log - INFO - iter:960/3333, clip_acc1=12.916666984558105, tta_acc1=8.125
2025-06-11 18:12:23,043 - log - INFO - iter:960/3333, Original Acc@1: 12.92, Acc@5: 57.19, TTA Acc@1: 8.12, Acc@5: 41.67
2025-06-11 18:13:51,316 - log - INFO - iter:980/3333, clip_acc1=12.857142448425293, tta_acc1=8.163265228271484
2025-06-11 18:13:51,317 - log - INFO - iter:980/3333, Original Acc@1: 12.86, Acc@5: 57.04, TTA Acc@1: 8.16, Acc@5: 41.63
2025-06-11 18:15:04,648 - log - INFO - iter:1000/3333, clip_acc1=12.90000057220459, tta_acc1=8.700000762939453
2025-06-11 18:15:04,649 - log - INFO - iter:1000/3333, Original Acc@1: 12.90, Acc@5: 57.00, TTA Acc@1: 8.70, Acc@5: 42.20
2025-06-11 18:16:52,707 - log - INFO - iter:1020/3333, clip_acc1=12.647059440612793, tta_acc1=8.529412269592285
2025-06-11 18:16:52,707 - log - INFO - iter:1020/3333, Original Acc@1: 12.65, Acc@5: 56.67, TTA Acc@1: 8.53, Acc@5: 42.06
2025-06-11 18:17:56,233 - log - INFO - iter:1040/3333, clip_acc1=12.40384578704834, tta_acc1=8.365385055541992
2025-06-11 18:17:56,233 - log - INFO - iter:1040/3333, Original Acc@1: 12.40, Acc@5: 56.83, TTA Acc@1: 8.37, Acc@5: 42.12
2025-06-11 18:19:19,204 - log - INFO - iter:1060/3333, clip_acc1=12.169811248779297, tta_acc1=8.207547187805176
2025-06-11 18:19:19,205 - log - INFO - iter:1060/3333, Original Acc@1: 12.17, Acc@5: 57.08, TTA Acc@1: 8.21, Acc@5: 42.45
2025-06-11 18:20:36,668 - log - INFO - iter:1080/3333, clip_acc1=12.314814567565918, tta_acc1=8.148147583007812
2025-06-11 18:20:36,668 - log - INFO - iter:1080/3333, Original Acc@1: 12.31, Acc@5: 57.13, TTA Acc@1: 8.15, Acc@5: 42.41
2025-06-11 18:22:00,501 - log - INFO - iter:1100/3333, clip_acc1=12.727272987365723, tta_acc1=8.181818008422852
2025-06-11 18:22:00,508 - log - INFO - iter:1100/3333, Original Acc@1: 12.73, Acc@5: 57.73, TTA Acc@1: 8.18, Acc@5: 42.82
2025-06-11 18:23:44,452 - log - INFO - iter:1120/3333, clip_acc1=13.125, tta_acc1=8.482142448425293
2025-06-11 18:23:44,452 - log - INFO - iter:1120/3333, Original Acc@1: 13.12, Acc@5: 57.68, TTA Acc@1: 8.48, Acc@5: 42.59
2025-06-11 18:25:10,645 - log - INFO - iter:1140/3333, clip_acc1=13.333333969116211, tta_acc1=8.596491813659668
2025-06-11 18:25:10,645 - log - INFO - iter:1140/3333, Original Acc@1: 13.33, Acc@5: 57.81, TTA Acc@1: 8.60, Acc@5: 42.63
2025-06-11 18:26:42,096 - log - INFO - iter:1160/3333, clip_acc1=13.362069129943848, tta_acc1=8.534482955932617
2025-06-11 18:26:42,096 - log - INFO - iter:1160/3333, Original Acc@1: 13.36, Acc@5: 58.36, TTA Acc@1: 8.53, Acc@5: 43.45
2025-06-11 18:27:53,132 - log - INFO - iter:1180/3333, clip_acc1=13.389830589294434, tta_acc1=8.474575996398926
2025-06-11 18:27:53,132 - log - INFO - iter:1180/3333, Original Acc@1: 13.39, Acc@5: 58.81, TTA Acc@1: 8.47, Acc@5: 44.15
2025-06-11 18:29:17,643 - log - INFO - iter:1200/3333, clip_acc1=13.166666984558105, tta_acc1=8.333333969116211
2025-06-11 18:29:17,643 - log - INFO - iter:1200/3333, Original Acc@1: 13.17, Acc@5: 58.75, TTA Acc@1: 8.33, Acc@5: 44.33
2025-06-11 18:31:01,513 - log - INFO - iter:1220/3333, clip_acc1=12.950819969177246, tta_acc1=8.196721076965332
2025-06-11 18:31:01,513 - log - INFO - iter:1220/3333, Original Acc@1: 12.95, Acc@5: 57.79, TTA Acc@1: 8.20, Acc@5: 43.61
2025-06-11 18:32:18,276 - log - INFO - iter:1240/3333, clip_acc1=12.822580337524414, tta_acc1=8.145161628723145
2025-06-11 18:32:18,277 - log - INFO - iter:1240/3333, Original Acc@1: 12.82, Acc@5: 57.34, TTA Acc@1: 8.15, Acc@5: 43.06
2025-06-11 18:34:04,662 - log - INFO - iter:1260/3333, clip_acc1=12.777777671813965, tta_acc1=8.412698745727539
2025-06-11 18:34:04,662 - log - INFO - iter:1260/3333, Original Acc@1: 12.78, Acc@5: 57.70, TTA Acc@1: 8.41, Acc@5: 43.02
2025-06-11 18:36:00,783 - log - INFO - iter:1280/3333, clip_acc1=12.8125, tta_acc1=8.359375
2025-06-11 18:36:00,783 - log - INFO - iter:1280/3333, Original Acc@1: 12.81, Acc@5: 57.81, TTA Acc@1: 8.36, Acc@5: 42.66
2025-06-11 18:37:10,404 - log - INFO - iter:1300/3333, clip_acc1=13.0, tta_acc1=8.307692527770996
2025-06-11 18:37:10,404 - log - INFO - iter:1300/3333, Original Acc@1: 13.00, Acc@5: 58.00, TTA Acc@1: 8.31, Acc@5: 42.62
2025-06-11 18:38:51,703 - log - INFO - iter:1320/3333, clip_acc1=13.106060028076172, tta_acc1=8.333333015441895
2025-06-11 18:38:51,703 - log - INFO - iter:1320/3333, Original Acc@1: 13.11, Acc@5: 58.18, TTA Acc@1: 8.33, Acc@5: 42.58
2025-06-11 18:40:06,768 - log - INFO - iter:1340/3333, clip_acc1=13.358208656311035, tta_acc1=8.283581733703613
2025-06-11 18:40:06,768 - log - INFO - iter:1340/3333, Original Acc@1: 13.36, Acc@5: 58.51, TTA Acc@1: 8.28, Acc@5: 42.46
2025-06-11 18:41:08,742 - log - INFO - iter:1360/3333, clip_acc1=13.235294342041016, tta_acc1=8.235294342041016
2025-06-11 18:41:08,742 - log - INFO - iter:1360/3333, Original Acc@1: 13.24, Acc@5: 58.75, TTA Acc@1: 8.24, Acc@5: 42.43
2025-06-11 18:43:02,363 - log - INFO - iter:1380/3333, clip_acc1=13.260869979858398, tta_acc1=8.188405990600586
2025-06-11 18:43:02,363 - log - INFO - iter:1380/3333, Original Acc@1: 13.26, Acc@5: 58.77, TTA Acc@1: 8.19, Acc@5: 42.54
2025-06-11 18:44:24,670 - log - INFO - iter:1400/3333, clip_acc1=13.14285659790039, tta_acc1=8.071428298950195
2025-06-11 18:44:24,671 - log - INFO - iter:1400/3333, Original Acc@1: 13.14, Acc@5: 58.86, TTA Acc@1: 8.07, Acc@5: 42.79
2025-06-11 18:45:49,684 - log - INFO - iter:1420/3333, clip_acc1=13.873238563537598, tta_acc1=8.450703620910645
2025-06-11 18:45:49,684 - log - INFO - iter:1420/3333, Original Acc@1: 13.87, Acc@5: 59.23, TTA Acc@1: 8.45, Acc@5: 43.24
2025-06-11 18:47:02,659 - log - INFO - iter:1440/3333, clip_acc1=14.166666984558105, tta_acc1=8.68055534362793
2025-06-11 18:47:02,659 - log - INFO - iter:1440/3333, Original Acc@1: 14.17, Acc@5: 59.44, TTA Acc@1: 8.68, Acc@5: 43.33
2025-06-11 18:48:14,684 - log - INFO - iter:1460/3333, clip_acc1=14.041096687316895, tta_acc1=8.561643600463867
2025-06-11 18:48:14,684 - log - INFO - iter:1460/3333, Original Acc@1: 14.04, Acc@5: 59.18, TTA Acc@1: 8.56, Acc@5: 42.74
2025-06-11 18:49:28,765 - log - INFO - iter:1480/3333, clip_acc1=13.918919563293457, tta_acc1=8.445945739746094
2025-06-11 18:49:28,765 - log - INFO - iter:1480/3333, Original Acc@1: 13.92, Acc@5: 58.58, TTA Acc@1: 8.45, Acc@5: 42.57
2025-06-11 18:50:54,274 - log - INFO - iter:1500/3333, clip_acc1=13.733333587646484, tta_acc1=8.333333015441895
2025-06-11 18:50:54,274 - log - INFO - iter:1500/3333, Original Acc@1: 13.73, Acc@5: 58.27, TTA Acc@1: 8.33, Acc@5: 42.67
2025-06-11 18:52:28,538 - log - INFO - iter:1520/3333, clip_acc1=14.013158798217773, tta_acc1=8.684210777282715
2025-06-11 18:52:28,538 - log - INFO - iter:1520/3333, Original Acc@1: 14.01, Acc@5: 58.03, TTA Acc@1: 8.68, Acc@5: 42.96
2025-06-11 18:53:51,883 - log - INFO - iter:1540/3333, clip_acc1=13.961038589477539, tta_acc1=8.766233444213867
2025-06-11 18:53:51,884 - log - INFO - iter:1540/3333, Original Acc@1: 13.96, Acc@5: 57.86, TTA Acc@1: 8.77, Acc@5: 43.05
2025-06-11 18:55:07,499 - log - INFO - iter:1560/3333, clip_acc1=13.910256385803223, tta_acc1=8.782051086425781
2025-06-11 18:55:07,499 - log - INFO - iter:1560/3333, Original Acc@1: 13.91, Acc@5: 57.56, TTA Acc@1: 8.78, Acc@5: 43.08
2025-06-11 18:56:20,160 - log - INFO - iter:1580/3333, clip_acc1=14.113924026489258, tta_acc1=9.113924026489258
2025-06-11 18:56:20,160 - log - INFO - iter:1580/3333, Original Acc@1: 14.11, Acc@5: 57.85, TTA Acc@1: 9.11, Acc@5: 43.54
2025-06-11 18:57:45,047 - log - INFO - iter:1600/3333, clip_acc1=14.375, tta_acc1=9.5
2025-06-11 18:57:45,048 - log - INFO - iter:1600/3333, Original Acc@1: 14.38, Acc@5: 58.25, TTA Acc@1: 9.50, Acc@5: 44.06
2025-06-11 18:59:04,004 - log - INFO - iter:1620/3333, clip_acc1=14.69135856628418, tta_acc1=9.629630088806152
2025-06-11 18:59:04,004 - log - INFO - iter:1620/3333, Original Acc@1: 14.69, Acc@5: 58.46, TTA Acc@1: 9.63, Acc@5: 44.14
2025-06-11 19:00:30,733 - log - INFO - iter:1640/3333, clip_acc1=15.060976028442383, tta_acc1=9.756097793579102
2025-06-11 19:00:30,733 - log - INFO - iter:1640/3333, Original Acc@1: 15.06, Acc@5: 58.72, TTA Acc@1: 9.76, Acc@5: 44.15
2025-06-11 19:01:36,940 - log - INFO - iter:1660/3333, clip_acc1=15.361446380615234, tta_acc1=9.8192777633667
2025-06-11 19:01:36,941 - log - INFO - iter:1660/3333, Original Acc@1: 15.36, Acc@5: 59.04, TTA Acc@1: 9.82, Acc@5: 44.34
2025-06-11 19:02:48,652 - log - INFO - iter:1680/3333, clip_acc1=15.476191520690918, tta_acc1=9.880952835083008
2025-06-11 19:02:48,653 - log - INFO - iter:1680/3333, Original Acc@1: 15.48, Acc@5: 59.11, TTA Acc@1: 9.88, Acc@5: 44.23
2025-06-11 19:04:05,473 - log - INFO - iter:1700/3333, clip_acc1=15.352940559387207, tta_acc1=9.764705657958984
2025-06-11 19:04:05,474 - log - INFO - iter:1700/3333, Original Acc@1: 15.35, Acc@5: 58.88, TTA Acc@1: 9.76, Acc@5: 43.76
2025-06-11 19:05:20,872 - log - INFO - iter:1720/3333, clip_acc1=15.348836898803711, tta_acc1=9.651163101196289
2025-06-11 19:05:20,872 - log - INFO - iter:1720/3333, Original Acc@1: 15.35, Acc@5: 58.84, TTA Acc@1: 9.65, Acc@5: 43.31
2025-06-11 19:06:24,245 - log - INFO - iter:1740/3333, clip_acc1=15.344827651977539, tta_acc1=9.597701072692871
2025-06-11 19:06:24,245 - log - INFO - iter:1740/3333, Original Acc@1: 15.34, Acc@5: 58.91, TTA Acc@1: 9.60, Acc@5: 43.22
2025-06-11 19:07:24,641 - log - INFO - iter:1760/3333, clip_acc1=15.170454025268555, tta_acc1=9.602272033691406
2025-06-11 19:07:24,641 - log - INFO - iter:1760/3333, Original Acc@1: 15.17, Acc@5: 58.69, TTA Acc@1: 9.60, Acc@5: 43.58
2025-06-11 19:08:43,854 - log - INFO - iter:1780/3333, clip_acc1=15.056180000305176, tta_acc1=9.550561904907227
2025-06-11 19:08:43,854 - log - INFO - iter:1780/3333, Original Acc@1: 15.06, Acc@5: 58.76, TTA Acc@1: 9.55, Acc@5: 43.71
2025-06-11 19:09:43,388 - log - INFO - iter:1800/3333, clip_acc1=15.277777671813965, tta_acc1=9.5
2025-06-11 19:09:43,388 - log - INFO - iter:1800/3333, Original Acc@1: 15.28, Acc@5: 58.89, TTA Acc@1: 9.50, Acc@5: 43.67
2025-06-11 19:10:52,682 - log - INFO - iter:1820/3333, clip_acc1=15.549450874328613, tta_acc1=9.615385055541992
2025-06-11 19:10:52,682 - log - INFO - iter:1820/3333, Original Acc@1: 15.55, Acc@5: 58.79, TTA Acc@1: 9.62, Acc@5: 43.85
2025-06-11 19:12:26,659 - log - INFO - iter:1840/3333, clip_acc1=15.923912048339844, tta_acc1=10.0
2025-06-11 19:12:26,659 - log - INFO - iter:1840/3333, Original Acc@1: 15.92, Acc@5: 59.02, TTA Acc@1: 10.00, Acc@5: 44.02
2025-06-11 19:13:41,392 - log - INFO - iter:1860/3333, clip_acc1=16.23655891418457, tta_acc1=10.376344680786133
2025-06-11 19:13:41,392 - log - INFO - iter:1860/3333, Original Acc@1: 16.24, Acc@5: 59.09, TTA Acc@1: 10.38, Acc@5: 44.35
2025-06-11 19:14:52,892 - log - INFO - iter:1880/3333, clip_acc1=16.276596069335938, tta_acc1=10.531914710998535
2025-06-11 19:14:52,892 - log - INFO - iter:1880/3333, Original Acc@1: 16.28, Acc@5: 59.41, TTA Acc@1: 10.53, Acc@5: 44.68
2025-06-11 19:15:59,243 - log - INFO - iter:1900/3333, clip_acc1=16.31578826904297, tta_acc1=10.47368335723877
2025-06-11 19:15:59,243 - log - INFO - iter:1900/3333, Original Acc@1: 16.32, Acc@5: 59.68, TTA Acc@1: 10.47, Acc@5: 44.84
2025-06-11 19:17:24,086 - log - INFO - iter:1920/3333, clip_acc1=16.77083396911621, tta_acc1=10.677083969116211
2025-06-11 19:17:24,087 - log - INFO - iter:1920/3333, Original Acc@1: 16.77, Acc@5: 60.05, TTA Acc@1: 10.68, Acc@5: 45.31
2025-06-11 19:18:51,748 - log - INFO - iter:1940/3333, clip_acc1=17.01030921936035, tta_acc1=10.876289367675781
2025-06-11 19:18:51,748 - log - INFO - iter:1940/3333, Original Acc@1: 17.01, Acc@5: 60.31, TTA Acc@1: 10.88, Acc@5: 45.62
2025-06-11 19:19:57,285 - log - INFO - iter:1960/3333, clip_acc1=16.836734771728516, tta_acc1=10.765305519104004
2025-06-11 19:19:57,285 - log - INFO - iter:1960/3333, Original Acc@1: 16.84, Acc@5: 60.56, TTA Acc@1: 10.77, Acc@5: 46.02
2025-06-11 19:21:03,244 - log - INFO - iter:1980/3333, clip_acc1=16.767677307128906, tta_acc1=10.858586311340332
2025-06-11 19:21:03,250 - log - INFO - iter:1980/3333, Original Acc@1: 16.77, Acc@5: 60.81, TTA Acc@1: 10.86, Acc@5: 46.36
2025-06-11 19:22:04,399 - log - INFO - iter:2000/3333, clip_acc1=16.80000114440918, tta_acc1=11.050000190734863
2025-06-11 19:22:04,399 - log - INFO - iter:2000/3333, Original Acc@1: 16.80, Acc@5: 61.10, TTA Acc@1: 11.05, Acc@5: 46.75
2025-06-11 19:23:28,439 - log - INFO - iter:2020/3333, clip_acc1=17.079208374023438, tta_acc1=11.683168411254883
2025-06-11 19:23:28,440 - log - INFO - iter:2020/3333, Original Acc@1: 17.08, Acc@5: 61.49, TTA Acc@1: 11.68, Acc@5: 47.23
2025-06-11 19:24:58,102 - log - INFO - iter:2040/3333, clip_acc1=17.401962280273438, tta_acc1=12.15686321258545
2025-06-11 19:24:58,103 - log - INFO - iter:2040/3333, Original Acc@1: 17.40, Acc@5: 61.86, TTA Acc@1: 12.16, Acc@5: 47.60
2025-06-11 19:26:14,442 - log - INFO - iter:2060/3333, clip_acc1=17.815534591674805, tta_acc1=12.524271965026855
2025-06-11 19:26:14,442 - log - INFO - iter:2060/3333, Original Acc@1: 17.82, Acc@5: 62.18, TTA Acc@1: 12.52, Acc@5: 47.96
2025-06-11 19:27:58,463 - log - INFO - iter:2080/3333, clip_acc1=17.836538314819336, tta_acc1=12.548076629638672
2025-06-11 19:27:58,464 - log - INFO - iter:2080/3333, Original Acc@1: 17.84, Acc@5: 61.88, TTA Acc@1: 12.55, Acc@5: 47.69
2025-06-11 19:29:04,665 - log - INFO - iter:2100/3333, clip_acc1=17.66666603088379, tta_acc1=12.476190567016602
2025-06-11 19:29:04,665 - log - INFO - iter:2100/3333, Original Acc@1: 17.67, Acc@5: 61.33, TTA Acc@1: 12.48, Acc@5: 47.38
2025-06-11 19:30:20,979 - log - INFO - iter:2120/3333, clip_acc1=17.547170639038086, tta_acc1=12.358490943908691
2025-06-11 19:30:20,980 - log - INFO - iter:2120/3333, Original Acc@1: 17.55, Acc@5: 61.32, TTA Acc@1: 12.36, Acc@5: 47.36
2025-06-11 19:31:34,716 - log - INFO - iter:2140/3333, clip_acc1=17.429906845092773, tta_acc1=12.289719581604004
2025-06-11 19:31:34,716 - log - INFO - iter:2140/3333, Original Acc@1: 17.43, Acc@5: 61.26, TTA Acc@1: 12.29, Acc@5: 47.29
2025-06-11 19:33:16,661 - log - INFO - iter:2160/3333, clip_acc1=17.268518447875977, tta_acc1=12.175925254821777
2025-06-11 19:33:16,661 - log - INFO - iter:2160/3333, Original Acc@1: 17.27, Acc@5: 60.69, TTA Acc@1: 12.18, Acc@5: 46.90
2025-06-11 19:34:28,508 - log - INFO - iter:2180/3333, clip_acc1=17.24770736694336, tta_acc1=12.201834678649902
2025-06-11 19:34:28,509 - log - INFO - iter:2180/3333, Original Acc@1: 17.25, Acc@5: 60.64, TTA Acc@1: 12.20, Acc@5: 46.93
2025-06-11 19:35:40,886 - log - INFO - iter:2200/3333, clip_acc1=17.31818199157715, tta_acc1=12.227272987365723
2025-06-11 19:35:40,886 - log - INFO - iter:2200/3333, Original Acc@1: 17.32, Acc@5: 60.86, TTA Acc@1: 12.23, Acc@5: 47.14
2025-06-11 19:36:56,660 - log - INFO - iter:2220/3333, clip_acc1=17.16216278076172, tta_acc1=12.117117881774902
2025-06-11 19:36:56,660 - log - INFO - iter:2220/3333, Original Acc@1: 17.16, Acc@5: 60.54, TTA Acc@1: 12.12, Acc@5: 46.89
2025-06-11 19:37:57,043 - log - INFO - iter:2240/3333, clip_acc1=17.008928298950195, tta_acc1=12.008928298950195
2025-06-11 19:37:57,044 - log - INFO - iter:2240/3333, Original Acc@1: 17.01, Acc@5: 60.04, TTA Acc@1: 12.01, Acc@5: 46.56
2025-06-11 19:39:03,877 - log - INFO - iter:2260/3333, clip_acc1=16.90265464782715, tta_acc1=11.902654647827148
2025-06-11 19:39:03,878 - log - INFO - iter:2260/3333, Original Acc@1: 16.90, Acc@5: 59.69, TTA Acc@1: 11.90, Acc@5: 46.37
2025-06-11 19:40:30,521 - log - INFO - iter:2280/3333, clip_acc1=16.75438690185547, tta_acc1=11.842105865478516
2025-06-11 19:40:30,521 - log - INFO - iter:2280/3333, Original Acc@1: 16.75, Acc@5: 59.52, TTA Acc@1: 11.84, Acc@5: 46.40
2025-06-11 19:41:42,774 - log - INFO - iter:2300/3333, clip_acc1=16.60869598388672, tta_acc1=11.739130973815918
2025-06-11 19:41:42,774 - log - INFO - iter:2300/3333, Original Acc@1: 16.61, Acc@5: 59.52, TTA Acc@1: 11.74, Acc@5: 46.48
2025-06-11 19:43:14,007 - log - INFO - iter:2320/3333, clip_acc1=16.681034088134766, tta_acc1=11.767241477966309
2025-06-11 19:43:14,007 - log - INFO - iter:2320/3333, Original Acc@1: 16.68, Acc@5: 59.57, TTA Acc@1: 11.77, Acc@5: 46.64
2025-06-11 19:44:21,865 - log - INFO - iter:2340/3333, clip_acc1=16.623931884765625, tta_acc1=11.709402084350586
2025-06-11 19:44:21,865 - log - INFO - iter:2340/3333, Original Acc@1: 16.62, Acc@5: 59.44, TTA Acc@1: 11.71, Acc@5: 46.62
2025-06-11 19:45:48,694 - log - INFO - iter:2360/3333, clip_acc1=16.525423049926758, tta_acc1=11.610169410705566
2025-06-11 19:45:48,694 - log - INFO - iter:2360/3333, Original Acc@1: 16.53, Acc@5: 59.24, TTA Acc@1: 11.61, Acc@5: 46.31
2025-06-11 19:46:52,282 - log - INFO - iter:2380/3333, clip_acc1=16.764705657958984, tta_acc1=11.680672645568848
2025-06-11 19:46:52,283 - log - INFO - iter:2380/3333, Original Acc@1: 16.76, Acc@5: 59.41, TTA Acc@1: 11.68, Acc@5: 46.39
2025-06-11 19:47:51,165 - log - INFO - iter:2400/3333, clip_acc1=17.125, tta_acc1=11.916666984558105
2025-06-11 19:47:51,166 - log - INFO - iter:2400/3333, Original Acc@1: 17.12, Acc@5: 59.75, TTA Acc@1: 11.92, Acc@5: 46.83
2025-06-11 19:49:04,402 - log - INFO - iter:2420/3333, clip_acc1=17.76859474182129, tta_acc1=12.479338645935059
2025-06-11 19:49:04,402 - log - INFO - iter:2420/3333, Original Acc@1: 17.77, Acc@5: 60.08, TTA Acc@1: 12.48, Acc@5: 47.27
2025-06-11 19:50:36,239 - log - INFO - iter:2440/3333, clip_acc1=18.401639938354492, tta_acc1=12.991803169250488
2025-06-11 19:50:36,240 - log - INFO - iter:2440/3333, Original Acc@1: 18.40, Acc@5: 60.37, TTA Acc@1: 12.99, Acc@5: 47.66
2025-06-11 19:51:44,646 - log - INFO - iter:2460/3333, clip_acc1=18.983739852905273, tta_acc1=13.61788558959961
2025-06-11 19:51:44,646 - log - INFO - iter:2460/3333, Original Acc@1: 18.98, Acc@5: 60.65, TTA Acc@1: 13.62, Acc@5: 48.05
2025-06-11 19:53:26,359 - log - INFO - iter:2480/3333, clip_acc1=19.072580337524414, tta_acc1=13.75
2025-06-11 19:53:26,359 - log - INFO - iter:2480/3333, Original Acc@1: 19.07, Acc@5: 60.56, TTA Acc@1: 13.75, Acc@5: 48.02
2025-06-11 19:54:45,905 - log - INFO - iter:2500/3333, clip_acc1=18.920000076293945, tta_acc1=13.639999389648438
2025-06-11 19:54:45,905 - log - INFO - iter:2500/3333, Original Acc@1: 18.92, Acc@5: 60.52, TTA Acc@1: 13.64, Acc@5: 48.00
2025-06-11 19:56:03,045 - log - INFO - iter:2520/3333, clip_acc1=19.007936477661133, tta_acc1=13.730158805847168
2025-06-11 19:56:03,045 - log - INFO - iter:2520/3333, Original Acc@1: 19.01, Acc@5: 60.60, TTA Acc@1: 13.73, Acc@5: 47.98
2025-06-11 19:57:21,125 - log - INFO - iter:2540/3333, clip_acc1=19.0944881439209, tta_acc1=13.740157127380371
2025-06-11 19:57:21,126 - log - INFO - iter:2540/3333, Original Acc@1: 19.09, Acc@5: 60.71, TTA Acc@1: 13.74, Acc@5: 47.95
2025-06-11 19:58:42,556 - log - INFO - iter:2560/3333, clip_acc1=19.296875, tta_acc1=13.8671875
2025-06-11 19:58:42,556 - log - INFO - iter:2560/3333, Original Acc@1: 19.30, Acc@5: 60.82, TTA Acc@1: 13.87, Acc@5: 48.09
2025-06-11 19:59:54,773 - log - INFO - iter:2580/3333, clip_acc1=19.302326202392578, tta_acc1=13.798449516296387
2025-06-11 19:59:54,774 - log - INFO - iter:2580/3333, Original Acc@1: 19.30, Acc@5: 60.97, TTA Acc@1: 13.80, Acc@5: 48.14
2025-06-11 20:01:15,601 - log - INFO - iter:2600/3333, clip_acc1=19.30769157409668, tta_acc1=13.692307472229004
2025-06-11 20:01:15,601 - log - INFO - iter:2600/3333, Original Acc@1: 19.31, Acc@5: 61.12, TTA Acc@1: 13.69, Acc@5: 48.19
2025-06-11 20:02:46,892 - log - INFO - iter:2620/3333, clip_acc1=19.58015251159668, tta_acc1=13.969465255737305
2025-06-11 20:02:46,893 - log - INFO - iter:2620/3333, Original Acc@1: 19.58, Acc@5: 61.26, TTA Acc@1: 13.97, Acc@5: 48.36
2025-06-11 20:03:44,652 - log - INFO - iter:2640/3333, clip_acc1=19.621212005615234, tta_acc1=14.090909004211426
2025-06-11 20:03:44,652 - log - INFO - iter:2640/3333, Original Acc@1: 19.62, Acc@5: 61.29, TTA Acc@1: 14.09, Acc@5: 48.41
2025-06-11 20:05:25,748 - log - INFO - iter:2660/3333, clip_acc1=19.624059677124023, tta_acc1=14.13533878326416
2025-06-11 20:05:25,748 - log - INFO - iter:2660/3333, Original Acc@1: 19.62, Acc@5: 61.17, TTA Acc@1: 14.14, Acc@5: 48.35
2025-06-11 20:06:32,886 - log - INFO - iter:2680/3333, clip_acc1=19.477611541748047, tta_acc1=14.067164421081543
2025-06-11 20:06:32,887 - log - INFO - iter:2680/3333, Original Acc@1: 19.48, Acc@5: 61.08, TTA Acc@1: 14.07, Acc@5: 48.32
2025-06-11 20:07:52,220 - log - INFO - iter:2700/3333, clip_acc1=19.33333396911621, tta_acc1=13.962963104248047
2025-06-11 20:07:52,220 - log - INFO - iter:2700/3333, Original Acc@1: 19.33, Acc@5: 61.07, TTA Acc@1: 13.96, Acc@5: 48.37
2025-06-11 20:09:14,233 - log - INFO - iter:2720/3333, clip_acc1=19.742647171020508, tta_acc1=14.411765098571777
2025-06-11 20:09:14,233 - log - INFO - iter:2720/3333, Original Acc@1: 19.74, Acc@5: 61.21, TTA Acc@1: 14.41, Acc@5: 48.60
2025-06-11 20:10:37,646 - log - INFO - iter:2740/3333, clip_acc1=20.218976974487305, tta_acc1=14.890510559082031
2025-06-11 20:10:37,646 - log - INFO - iter:2740/3333, Original Acc@1: 20.22, Acc@5: 61.50, TTA Acc@1: 14.89, Acc@5: 48.91
2025-06-11 20:12:08,535 - log - INFO - iter:2760/3333, clip_acc1=20.797101974487305, tta_acc1=15.507246971130371
2025-06-11 20:12:08,535 - log - INFO - iter:2760/3333, Original Acc@1: 20.80, Acc@5: 61.78, TTA Acc@1: 15.51, Acc@5: 49.28
2025-06-11 20:13:09,916 - log - INFO - iter:2780/3333, clip_acc1=20.863309860229492, tta_acc1=15.575539588928223
2025-06-11 20:13:09,917 - log - INFO - iter:2780/3333, Original Acc@1: 20.86, Acc@5: 61.76, TTA Acc@1: 15.58, Acc@5: 49.35
2025-06-11 20:14:06,493 - log - INFO - iter:2800/3333, clip_acc1=20.821428298950195, tta_acc1=15.535714149475098
2025-06-11 20:14:06,493 - log - INFO - iter:2800/3333, Original Acc@1: 20.82, Acc@5: 61.64, TTA Acc@1: 15.54, Acc@5: 49.25
2025-06-11 20:15:19,984 - log - INFO - iter:2820/3333, clip_acc1=20.744680404663086, tta_acc1=15.673758506774902
2025-06-11 20:15:19,984 - log - INFO - iter:2820/3333, Original Acc@1: 20.74, Acc@5: 61.74, TTA Acc@1: 15.67, Acc@5: 49.47
2025-06-11 20:16:22,766 - log - INFO - iter:2840/3333, clip_acc1=20.880281448364258, tta_acc1=15.915492057800293
2025-06-11 20:16:22,766 - log - INFO - iter:2840/3333, Original Acc@1: 20.88, Acc@5: 61.80, TTA Acc@1: 15.92, Acc@5: 49.61
2025-06-11 20:17:43,496 - log - INFO - iter:2860/3333, clip_acc1=20.874126434326172, tta_acc1=16.013986587524414
2025-06-11 20:17:43,496 - log - INFO - iter:2860/3333, Original Acc@1: 20.87, Acc@5: 61.64, TTA Acc@1: 16.01, Acc@5: 49.62
2025-06-11 20:19:22,201 - log - INFO - iter:2880/3333, clip_acc1=20.79861068725586, tta_acc1=15.902778625488281
2025-06-11 20:19:22,202 - log - INFO - iter:2880/3333, Original Acc@1: 20.80, Acc@5: 61.67, TTA Acc@1: 15.90, Acc@5: 49.79
2025-06-11 20:20:37,148 - log - INFO - iter:2900/3333, clip_acc1=20.79310417175293, tta_acc1=15.827587127685547
2025-06-11 20:20:37,149 - log - INFO - iter:2900/3333, Original Acc@1: 20.79, Acc@5: 61.62, TTA Acc@1: 15.83, Acc@5: 49.97
2025-06-11 20:22:02,898 - log - INFO - iter:2920/3333, clip_acc1=20.719179153442383, tta_acc1=15.856164932250977
2025-06-11 20:22:02,898 - log - INFO - iter:2920/3333, Original Acc@1: 20.72, Acc@5: 61.88, TTA Acc@1: 15.86, Acc@5: 50.31
2025-06-11 20:23:31,645 - log - INFO - iter:2940/3333, clip_acc1=20.748300552368164, tta_acc1=15.952381134033203
2025-06-11 20:23:31,645 - log - INFO - iter:2940/3333, Original Acc@1: 20.75, Acc@5: 61.94, TTA Acc@1: 15.95, Acc@5: 50.54
2025-06-11 20:24:58,734 - log - INFO - iter:2960/3333, clip_acc1=20.641891479492188, tta_acc1=15.94594669342041
2025-06-11 20:24:58,734 - log - INFO - iter:2960/3333, Original Acc@1: 20.64, Acc@5: 61.99, TTA Acc@1: 15.95, Acc@5: 50.78
2025-06-11 20:26:08,251 - log - INFO - iter:2980/3333, clip_acc1=20.70469856262207, tta_acc1=16.04026985168457
2025-06-11 20:26:08,251 - log - INFO - iter:2980/3333, Original Acc@1: 20.70, Acc@5: 62.05, TTA Acc@1: 16.04, Acc@5: 51.01
2025-06-11 20:27:17,069 - log - INFO - iter:3000/3333, clip_acc1=20.69999885559082, tta_acc1=16.16666603088379
2025-06-11 20:27:17,069 - log - INFO - iter:3000/3333, Original Acc@1: 20.70, Acc@5: 62.07, TTA Acc@1: 16.17, Acc@5: 51.20
2025-06-11 20:28:55,845 - log - INFO - iter:3020/3333, clip_acc1=20.56291389465332, tta_acc1=16.192052841186523
2025-06-11 20:28:55,845 - log - INFO - iter:3020/3333, Original Acc@1: 20.56, Acc@5: 61.79, TTA Acc@1: 16.19, Acc@5: 51.26
2025-06-11 20:29:49,674 - log - INFO - iter:3040/3333, clip_acc1=20.49342155456543, tta_acc1=16.25
2025-06-11 20:29:49,674 - log - INFO - iter:3040/3333, Original Acc@1: 20.49, Acc@5: 61.74, TTA Acc@1: 16.25, Acc@5: 51.55
2025-06-11 20:31:15,563 - log - INFO - iter:3060/3333, clip_acc1=20.75163459777832, tta_acc1=16.633987426757812
2025-06-11 20:31:15,564 - log - INFO - iter:3060/3333, Original Acc@1: 20.75, Acc@5: 61.96, TTA Acc@1: 16.63, Acc@5: 51.86
2025-06-11 20:32:42,993 - log - INFO - iter:3080/3333, clip_acc1=20.68181800842285, tta_acc1=16.688310623168945
2025-06-11 20:32:42,994 - log - INFO - iter:3080/3333, Original Acc@1: 20.68, Acc@5: 61.92, TTA Acc@1: 16.69, Acc@5: 52.05
2025-06-11 20:33:53,896 - log - INFO - iter:3100/3333, clip_acc1=20.54838752746582, tta_acc1=16.580646514892578
2025-06-11 20:33:53,896 - log - INFO - iter:3100/3333, Original Acc@1: 20.55, Acc@5: 61.90, TTA Acc@1: 16.58, Acc@5: 52.19
2025-06-11 20:35:08,075 - log - INFO - iter:3120/3333, clip_acc1=20.480770111083984, tta_acc1=16.506410598754883
2025-06-11 20:35:08,076 - log - INFO - iter:3120/3333, Original Acc@1: 20.48, Acc@5: 61.79, TTA Acc@1: 16.51, Acc@5: 52.18
2025-06-11 20:36:40,787 - log - INFO - iter:3140/3333, clip_acc1=20.414012908935547, tta_acc1=16.433120727539062
2025-06-11 20:36:40,787 - log - INFO - iter:3140/3333, Original Acc@1: 20.41, Acc@5: 61.72, TTA Acc@1: 16.43, Acc@5: 52.20
2025-06-11 20:37:42,506 - log - INFO - iter:3160/3333, clip_acc1=20.37974739074707, tta_acc1=16.45569610595703
2025-06-11 20:37:42,507 - log - INFO - iter:3160/3333, Original Acc@1: 20.38, Acc@5: 61.71, TTA Acc@1: 16.46, Acc@5: 52.22
2025-06-11 20:39:09,247 - log - INFO - iter:3180/3333, clip_acc1=20.660377502441406, tta_acc1=16.57232666015625
2025-06-11 20:39:09,248 - log - INFO - iter:3180/3333, Original Acc@1: 20.66, Acc@5: 61.86, TTA Acc@1: 16.57, Acc@5: 52.39
2025-06-11 20:40:28,749 - log - INFO - iter:3200/3333, clip_acc1=21.0, tta_acc1=16.875
2025-06-11 20:40:28,755 - log - INFO - iter:3200/3333, Original Acc@1: 21.00, Acc@5: 61.97, TTA Acc@1: 16.88, Acc@5: 52.56
2025-06-11 20:41:56,576 - log - INFO - iter:3220/3333, clip_acc1=20.869564056396484, tta_acc1=16.770185470581055
2025-06-11 20:41:56,577 - log - INFO - iter:3220/3333, Original Acc@1: 20.87, Acc@5: 61.74, TTA Acc@1: 16.77, Acc@5: 52.30
2025-06-11 20:43:12,231 - log - INFO - iter:3240/3333, clip_acc1=20.7716064453125, tta_acc1=16.666667938232422
2025-06-11 20:43:12,232 - log - INFO - iter:3240/3333, Original Acc@1: 20.77, Acc@5: 61.54, TTA Acc@1: 16.67, Acc@5: 51.98
2025-06-11 20:44:30,524 - log - INFO - iter:3260/3333, clip_acc1=20.674846649169922, tta_acc1=16.564416885375977
2025-06-11 20:44:30,525 - log - INFO - iter:3260/3333, Original Acc@1: 20.67, Acc@5: 61.29, TTA Acc@1: 16.56, Acc@5: 51.69
2025-06-11 20:45:38,011 - log - INFO - iter:3280/3333, clip_acc1=20.579267501831055, tta_acc1=16.463415145874023
2025-06-11 20:45:38,011 - log - INFO - iter:3280/3333, Original Acc@1: 20.58, Acc@5: 61.13, TTA Acc@1: 16.46, Acc@5: 51.49
2025-06-11 20:46:55,942 - log - INFO - iter:3300/3333, clip_acc1=20.57575798034668, tta_acc1=16.42424201965332
2025-06-11 20:46:55,942 - log - INFO - iter:3300/3333, Original Acc@1: 20.58, Acc@5: 60.97, TTA Acc@1: 16.42, Acc@5: 51.36
2025-06-11 20:48:36,083 - log - INFO - iter:3320/3333, clip_acc1=20.451807022094727, tta_acc1=16.325302124023438
2025-06-11 20:48:36,083 - log - INFO - iter:3320/3333, Original Acc@1: 20.45, Acc@5: 60.60, TTA Acc@1: 16.33, Acc@5: 51.05
2025-06-11 20:49:17,293 - log - INFO - iter:3333/3333, clip_acc1=20.37203598022461, tta_acc1=16.261625289916992
2025-06-11 20:49:17,293 - log - INFO - iter:3333/3333, Original Acc@1: 20.37, Acc@5: 60.37, TTA Acc@1: 16.26, Acc@5: 50.86
2025-06-11 20:49:17,346 - log - INFO - Final results - Original Acc@1: 20.37, Acc@5: 60.37, TTA Acc@1: 16.26, Acc@5: 50.86
2025-06-11 20:49:17,346 - log - INFO - Improvement from TTA in Acc@1 -4.11, and Acc@5 -9.51
2025-06-11 20:49:17,595 - log - INFO - Weighted scores saved to /l/users/hashmat.malik/Projects/ATPT/Final_Results/fare4/Aircraft/Clean/Counter_Attack/Eps_4_0_Steps_2_Alpha_1_0/tau_0_2_beta_2_0_weighted_pertrubation_True/No_TPT/Inference_Ensemble_weighted_rtpt_topk_20_softmaxtemp_0_01/weighted_scores.json
2025-06-11 20:49:17,595 - log - INFO - Creating plot of average weights for each view
2025-06-11 20:49:18,645 - log - INFO - Average weights plot saved to /l/users/hashmat.malik/Projects/ATPT/Final_Results/fare4/Aircraft/Clean/Counter_Attack/Eps_4_0_Steps_2_Alpha_1_0/tau_0_2_beta_2_0_weighted_pertrubation_True/No_TPT/Inference_Ensemble_weighted_rtpt_topk_20_softmaxtemp_0_01/weighted_scores_plot.png
2025-06-11 20:49:18,650 - log - INFO - => Acc. on testset [Aircraft]: Clean Acc @1 20.37203598022461/ TTA Clean Acc @1 16.261625289916992, Clean Acc @5 60.36603546142578/ TTA Clean Acc @5 50.85508346557617
2025-06-11 20:49:18,650 - log - INFO - Total script execution time: 12815.09 seconds (213.58 minutes)
