2025-06-14 04:39:27,950 - log - INFO - ==========================================
data:/leonardo_work/EUHPC_R04_192/fmohamma/Adversarial_Robust_Clip/atpt_data/downstream_datasets
test_sets:Flower102
dataset_mode:test
arch:delta_clip_l14_224
resolution:224
workers:4
no_pin_memory:False
batch_size:64
print_freq:20
gpu:0
no_cudnn_benchmark:False
n_ctx:4
ctx_init:a_photo_of_a
tpt_loss:tpt
seed:0
output_dir:/leonardo_work/EUHPC_R04_192/fmohamma/Adversarial_Robust_Clip/atpt_data/delta_clip_l14_224/Flower102
log_output_dir:/leonardo_work/EUHPC_R04_192/fmohamma/Adversarial_Robust_Clip/ATPT/Final_Results/delta_clip_l14_224/Flower102
eps:0.0
alpha:0.0
alpha_eps_ratio:4.0
steps:0
lr:0.005
selection_p:0.1
tta_steps:1
ensemble_type:vanilla
top_k:20
softmax_temp:0.01
counter_attack:True
counter_attack_type:pgd
counter_attack_steps:2
counter_attack_eps:4.0
counter_attack_alpha:1.0
counter_attack_tau_thres:0.2
counter_attack_beta:2.0
counter_attack_weighted_perturbations:True
pgd_clip_pure_i_text_embeddings:null
pgd_counter_and_clipure_i_lamda:1.0
selected_id_name:selected_topk.json
weighted_score_name:weighted_scores.json
batch_entropy_name:entropies.json
log_dir:/leonardo_work/EUHPC_R04_192/fmohamma/Adversarial_Robust_Clip/ATPT/Final_Results/delta_clip_l14_224/Flower102/Clean/Counter_Attack/Eps_4_0_Steps_2_Alpha_1_0/tau_0_2_beta_2_0_weighted_pertrubation_True/TPT/Optimization_Loss_tpt_LR_0_005_Optimization_Steps_1_View_Selection_Fraction_0_1/Inference_Ensemble_vanilla

2025-06-14 04:39:27,950 - log - INFO - Use GPU: 0 for training
2025-06-14 04:41:23,554 - log - INFO - Freezing all parameters except prompt learner
2025-06-14 04:41:23,555 - log - INFO - => Model created: visual backbone delta_clip_l14_224
2025-06-14 04:41:23,603 - log - INFO - Number of test samples: 2463
2025-06-14 04:41:23,603 - log - INFO - Evaluating dataset: Flower102
2025-06-14 04:41:23,604 - log - INFO - Starting evaluation with batch size: 64, selection percentage: 0.1
2025-06-14 04:41:23,604 - log - INFO - Test-time adaptation steps: 1, learning rate: 0.005
2025-06-14 04:41:23,605 - log - INFO - Using counter-attack with epsilon: 4.000000, alpha: 0.000000, steps: 2, tau_thres: 0.2, beta: 2.0, weighted perturbation: True
2025-06-14 04:42:17,055 - log - INFO - iter:20/2463, clip_acc1=100.0, tta_acc1=100.0
2025-06-14 04:42:17,056 - log - INFO - iter:20/2463, Original Acc@1: 100.00, Acc@5: 100.00, TTA Acc@1: 100.00, Acc@5: 100.00
2025-06-14 04:43:06,957 - log - INFO - iter:40/2463, clip_acc1=100.0, tta_acc1=100.0
2025-06-14 04:43:06,957 - log - INFO - iter:40/2463, Original Acc@1: 100.00, Acc@5: 100.00, TTA Acc@1: 100.00, Acc@5: 100.00
2025-06-14 04:43:56,651 - log - INFO - iter:60/2463, clip_acc1=100.00000762939453, tta_acc1=100.00000762939453
2025-06-14 04:43:56,651 - log - INFO - iter:60/2463, Original Acc@1: 100.00, Acc@5: 100.00, TTA Acc@1: 100.00, Acc@5: 100.00
2025-06-14 04:44:46,273 - log - INFO - iter:80/2463, clip_acc1=100.0, tta_acc1=98.75
2025-06-14 04:44:46,274 - log - INFO - iter:80/2463, Original Acc@1: 100.00, Acc@5: 100.00, TTA Acc@1: 98.75, Acc@5: 100.00
2025-06-14 04:45:36,148 - log - INFO - iter:100/2463, clip_acc1=100.0, tta_acc1=97.0
2025-06-14 04:45:36,148 - log - INFO - iter:100/2463, Original Acc@1: 100.00, Acc@5: 100.00, TTA Acc@1: 97.00, Acc@5: 100.00
2025-06-14 04:46:26,234 - log - INFO - iter:120/2463, clip_acc1=100.00000762939453, tta_acc1=96.66667175292969
2025-06-14 04:46:26,235 - log - INFO - iter:120/2463, Original Acc@1: 100.00, Acc@5: 100.00, TTA Acc@1: 96.67, Acc@5: 100.00
2025-06-14 04:47:16,209 - log - INFO - iter:140/2463, clip_acc1=98.57142639160156, tta_acc1=95.0
2025-06-14 04:47:16,209 - log - INFO - iter:140/2463, Original Acc@1: 98.57, Acc@5: 100.00, TTA Acc@1: 95.00, Acc@5: 100.00
2025-06-14 04:48:06,213 - log - INFO - iter:160/2463, clip_acc1=97.5, tta_acc1=93.75
2025-06-14 04:48:06,213 - log - INFO - iter:160/2463, Original Acc@1: 97.50, Acc@5: 100.00, TTA Acc@1: 93.75, Acc@5: 100.00
2025-06-14 04:48:56,174 - log - INFO - iter:180/2463, clip_acc1=96.11111450195312, tta_acc1=91.11111450195312
2025-06-14 04:48:56,174 - log - INFO - iter:180/2463, Original Acc@1: 96.11, Acc@5: 99.44, TTA Acc@1: 91.11, Acc@5: 99.44
2025-06-14 04:49:46,165 - log - INFO - iter:200/2463, clip_acc1=86.5, tta_acc1=82.0
2025-06-14 04:49:46,165 - log - INFO - iter:200/2463, Original Acc@1: 86.50, Acc@5: 89.50, TTA Acc@1: 82.00, Acc@5: 89.50
2025-06-14 04:50:36,240 - log - INFO - iter:220/2463, clip_acc1=78.63636016845703, tta_acc1=74.54545593261719
2025-06-14 04:50:36,241 - log - INFO - iter:220/2463, Original Acc@1: 78.64, Acc@5: 81.36, TTA Acc@1: 74.55, Acc@5: 81.36
2025-06-14 04:51:26,188 - log - INFO - iter:240/2463, clip_acc1=74.58333587646484, tta_acc1=70.83333587646484
2025-06-14 04:51:26,189 - log - INFO - iter:240/2463, Original Acc@1: 74.58, Acc@5: 77.08, TTA Acc@1: 70.83, Acc@5: 77.08
2025-06-14 04:52:15,890 - log - INFO - iter:260/2463, clip_acc1=76.53845977783203, tta_acc1=73.07691955566406
2025-06-14 04:52:15,891 - log - INFO - iter:260/2463, Original Acc@1: 76.54, Acc@5: 78.85, TTA Acc@1: 73.08, Acc@5: 78.85
2025-06-14 04:53:05,625 - log - INFO - iter:280/2463, clip_acc1=78.21428680419922, tta_acc1=74.64286041259766
2025-06-14 04:53:05,625 - log - INFO - iter:280/2463, Original Acc@1: 78.21, Acc@5: 80.36, TTA Acc@1: 74.64, Acc@5: 80.36
2025-06-14 04:53:55,482 - log - INFO - iter:300/2463, clip_acc1=74.33333587646484, tta_acc1=71.0
2025-06-14 04:53:55,482 - log - INFO - iter:300/2463, Original Acc@1: 74.33, Acc@5: 79.00, TTA Acc@1: 71.00, Acc@5: 77.00
2025-06-14 04:54:45,300 - log - INFO - iter:320/2463, clip_acc1=69.6875, tta_acc1=66.5625
2025-06-14 04:54:45,300 - log - INFO - iter:320/2463, Original Acc@1: 69.69, Acc@5: 77.50, TTA Acc@1: 66.56, Acc@5: 73.12
2025-06-14 04:55:35,199 - log - INFO - iter:340/2463, clip_acc1=65.5882339477539, tta_acc1=62.64706039428711
2025-06-14 04:55:35,199 - log - INFO - iter:340/2463, Original Acc@1: 65.59, Acc@5: 77.06, TTA Acc@1: 62.65, Acc@5: 70.00
2025-06-14 04:56:25,212 - log - INFO - iter:360/2463, clip_acc1=66.66667175292969, tta_acc1=63.88888931274414
2025-06-14 04:56:25,213 - log - INFO - iter:360/2463, Original Acc@1: 66.67, Acc@5: 77.78, TTA Acc@1: 63.89, Acc@5: 70.83
2025-06-14 04:57:15,092 - log - INFO - iter:380/2463, clip_acc1=67.89473724365234, tta_acc1=65.78947448730469
2025-06-14 04:57:15,092 - log - INFO - iter:380/2463, Original Acc@1: 67.89, Acc@5: 78.95, TTA Acc@1: 65.79, Acc@5: 72.37
2025-06-14 04:58:04,988 - log - INFO - iter:400/2463, clip_acc1=68.25, tta_acc1=66.25
2025-06-14 04:58:04,988 - log - INFO - iter:400/2463, Original Acc@1: 68.25, Acc@5: 80.00, TTA Acc@1: 66.25, Acc@5: 73.75
2025-06-14 04:58:54,567 - log - INFO - iter:420/2463, clip_acc1=65.4761962890625, tta_acc1=64.28571319580078
2025-06-14 04:58:54,568 - log - INFO - iter:420/2463, Original Acc@1: 65.48, Acc@5: 80.95, TTA Acc@1: 64.29, Acc@5: 74.76
2025-06-14 04:59:44,323 - log - INFO - iter:440/2463, clip_acc1=62.727272033691406, tta_acc1=62.27272415161133
2025-06-14 04:59:44,323 - log - INFO - iter:440/2463, Original Acc@1: 62.73, Acc@5: 81.82, TTA Acc@1: 62.27, Acc@5: 75.68
2025-06-14 05:00:34,025 - log - INFO - iter:460/2463, clip_acc1=60.43478012084961, tta_acc1=61.086952209472656
2025-06-14 05:00:34,025 - log - INFO - iter:460/2463, Original Acc@1: 60.43, Acc@5: 82.39, TTA Acc@1: 61.09, Acc@5: 76.52
2025-06-14 05:01:23,878 - log - INFO - iter:480/2463, clip_acc1=60.208335876464844, tta_acc1=60.833335876464844
2025-06-14 05:01:23,879 - log - INFO - iter:480/2463, Original Acc@1: 60.21, Acc@5: 82.92, TTA Acc@1: 60.83, Acc@5: 77.29
2025-06-14 05:02:15,137 - log - INFO - iter:500/2463, clip_acc1=61.80000305175781, tta_acc1=62.400001525878906
2025-06-14 05:02:15,138 - log - INFO - iter:500/2463, Original Acc@1: 61.80, Acc@5: 83.60, TTA Acc@1: 62.40, Acc@5: 78.20
2025-06-14 05:03:05,052 - log - INFO - iter:520/2463, clip_acc1=63.269229888916016, tta_acc1=63.846153259277344
2025-06-14 05:03:05,053 - log - INFO - iter:520/2463, Original Acc@1: 63.27, Acc@5: 84.23, TTA Acc@1: 63.85, Acc@5: 79.04
2025-06-14 05:03:55,129 - log - INFO - iter:540/2463, clip_acc1=64.62963104248047, tta_acc1=65.1851806640625
2025-06-14 05:03:55,130 - log - INFO - iter:540/2463, Original Acc@1: 64.63, Acc@5: 84.81, TTA Acc@1: 65.19, Acc@5: 79.81
2025-06-14 05:04:44,703 - log - INFO - iter:560/2463, clip_acc1=65.71428680419922, tta_acc1=66.25
2025-06-14 05:04:44,703 - log - INFO - iter:560/2463, Original Acc@1: 65.71, Acc@5: 85.36, TTA Acc@1: 66.25, Acc@5: 80.36
2025-06-14 05:05:34,437 - log - INFO - iter:580/2463, clip_acc1=66.89655303955078, tta_acc1=67.24137878417969
2025-06-14 05:05:34,437 - log - INFO - iter:580/2463, Original Acc@1: 66.90, Acc@5: 85.86, TTA Acc@1: 67.24, Acc@5: 81.03
2025-06-14 05:06:23,969 - log - INFO - iter:600/2463, clip_acc1=68.0, tta_acc1=68.33333587646484
2025-06-14 05:06:23,969 - log - INFO - iter:600/2463, Original Acc@1: 68.00, Acc@5: 86.33, TTA Acc@1: 68.33, Acc@5: 81.67
2025-06-14 05:07:14,816 - log - INFO - iter:620/2463, clip_acc1=68.87096405029297, tta_acc1=69.19355010986328
2025-06-14 05:07:14,816 - log - INFO - iter:620/2463, Original Acc@1: 68.87, Acc@5: 86.77, TTA Acc@1: 69.19, Acc@5: 82.26
2025-06-14 05:08:05,104 - log - INFO - iter:640/2463, clip_acc1=69.84375, tta_acc1=70.15625
2025-06-14 05:08:05,105 - log - INFO - iter:640/2463, Original Acc@1: 69.84, Acc@5: 87.19, TTA Acc@1: 70.16, Acc@5: 82.81
2025-06-14 05:08:54,745 - log - INFO - iter:660/2463, clip_acc1=68.63636016845703, tta_acc1=68.93939208984375
2025-06-14 05:08:54,745 - log - INFO - iter:660/2463, Original Acc@1: 68.64, Acc@5: 85.45, TTA Acc@1: 68.94, Acc@5: 81.21
2025-06-14 05:09:44,141 - log - INFO - iter:680/2463, clip_acc1=66.61764526367188, tta_acc1=66.9117660522461
2025-06-14 05:09:44,141 - log - INFO - iter:680/2463, Original Acc@1: 66.62, Acc@5: 83.09, TTA Acc@1: 66.91, Acc@5: 78.97
2025-06-14 05:10:33,820 - log - INFO - iter:700/2463, clip_acc1=64.85713958740234, tta_acc1=65.14285278320312
2025-06-14 05:10:33,820 - log - INFO - iter:700/2463, Original Acc@1: 64.86, Acc@5: 82.43, TTA Acc@1: 65.14, Acc@5: 78.43
2025-06-14 05:11:23,485 - log - INFO - iter:720/2463, clip_acc1=63.1944465637207, tta_acc1=63.333335876464844
2025-06-14 05:11:23,485 - log - INFO - iter:720/2463, Original Acc@1: 63.19, Acc@5: 82.22, TTA Acc@1: 63.33, Acc@5: 78.33
2025-06-14 05:12:13,005 - log - INFO - iter:740/2463, clip_acc1=61.486488342285156, tta_acc1=61.62162399291992
2025-06-14 05:12:13,005 - log - INFO - iter:740/2463, Original Acc@1: 61.49, Acc@5: 80.14, TTA Acc@1: 61.62, Acc@5: 76.35
2025-06-14 05:13:02,682 - log - INFO - iter:760/2463, clip_acc1=60.000003814697266, tta_acc1=60.1315803527832
2025-06-14 05:13:02,682 - log - INFO - iter:760/2463, Original Acc@1: 60.00, Acc@5: 78.16, TTA Acc@1: 60.13, Acc@5: 74.47
2025-06-14 05:13:52,282 - log - INFO - iter:780/2463, clip_acc1=61.02564239501953, tta_acc1=61.153846740722656
2025-06-14 05:13:52,283 - log - INFO - iter:780/2463, Original Acc@1: 61.03, Acc@5: 78.72, TTA Acc@1: 61.15, Acc@5: 75.13
2025-06-14 05:14:42,268 - log - INFO - iter:800/2463, clip_acc1=61.875, tta_acc1=62.0
2025-06-14 05:14:42,268 - log - INFO - iter:800/2463, Original Acc@1: 61.88, Acc@5: 79.25, TTA Acc@1: 62.00, Acc@5: 75.62
2025-06-14 05:15:32,088 - log - INFO - iter:820/2463, clip_acc1=62.80487823486328, tta_acc1=62.80487823486328
2025-06-14 05:15:32,088 - log - INFO - iter:820/2463, Original Acc@1: 62.80, Acc@5: 79.76, TTA Acc@1: 62.80, Acc@5: 76.22
2025-06-14 05:16:21,977 - log - INFO - iter:840/2463, clip_acc1=63.69047927856445, tta_acc1=63.57143020629883
2025-06-14 05:16:21,977 - log - INFO - iter:840/2463, Original Acc@1: 63.69, Acc@5: 80.24, TTA Acc@1: 63.57, Acc@5: 76.79
2025-06-14 05:17:11,747 - log - INFO - iter:860/2463, clip_acc1=63.488372802734375, tta_acc1=63.25581359863281
2025-06-14 05:17:11,747 - log - INFO - iter:860/2463, Original Acc@1: 63.49, Acc@5: 79.65, TTA Acc@1: 63.26, Acc@5: 76.28
2025-06-14 05:18:01,764 - log - INFO - iter:880/2463, clip_acc1=62.04545211791992, tta_acc1=61.818180084228516
2025-06-14 05:18:01,764 - log - INFO - iter:880/2463, Original Acc@1: 62.05, Acc@5: 77.84, TTA Acc@1: 61.82, Acc@5: 74.55
2025-06-14 05:18:51,604 - log - INFO - iter:900/2463, clip_acc1=60.66666793823242, tta_acc1=60.4444465637207
2025-06-14 05:18:51,605 - log - INFO - iter:900/2463, Original Acc@1: 60.67, Acc@5: 76.22, TTA Acc@1: 60.44, Acc@5: 72.89
2025-06-14 05:19:41,401 - log - INFO - iter:920/2463, clip_acc1=61.41304016113281, tta_acc1=61.195648193359375
2025-06-14 05:19:41,401 - log - INFO - iter:920/2463, Original Acc@1: 61.41, Acc@5: 76.63, TTA Acc@1: 61.20, Acc@5: 73.37
2025-06-14 05:20:31,036 - log - INFO - iter:940/2463, clip_acc1=62.234039306640625, tta_acc1=62.02127456665039
2025-06-14 05:20:31,036 - log - INFO - iter:940/2463, Original Acc@1: 62.23, Acc@5: 77.13, TTA Acc@1: 62.02, Acc@5: 73.94
2025-06-14 05:21:20,583 - log - INFO - iter:960/2463, clip_acc1=62.812503814697266, tta_acc1=62.60417175292969
2025-06-14 05:21:20,583 - log - INFO - iter:960/2463, Original Acc@1: 62.81, Acc@5: 77.60, TTA Acc@1: 62.60, Acc@5: 74.38
2025-06-14 05:22:10,246 - log - INFO - iter:980/2463, clip_acc1=63.16326141357422, tta_acc1=62.857139587402344
2025-06-14 05:22:10,246 - log - INFO - iter:980/2463, Original Acc@1: 63.16, Acc@5: 78.06, TTA Acc@1: 62.86, Acc@5: 74.80
2025-06-14 05:22:59,964 - log - INFO - iter:1000/2463, clip_acc1=63.70000457763672, tta_acc1=63.500003814697266
2025-06-14 05:22:59,964 - log - INFO - iter:1000/2463, Original Acc@1: 63.70, Acc@5: 78.50, TTA Acc@1: 63.50, Acc@5: 75.30
2025-06-14 05:23:49,574 - log - INFO - iter:1020/2463, clip_acc1=64.4117660522461, tta_acc1=64.21569061279297
2025-06-14 05:23:49,574 - log - INFO - iter:1020/2463, Original Acc@1: 64.41, Acc@5: 78.92, TTA Acc@1: 64.22, Acc@5: 75.78
2025-06-14 05:24:39,135 - log - INFO - iter:1040/2463, clip_acc1=65.09615325927734, tta_acc1=64.80769348144531
2025-06-14 05:24:39,135 - log - INFO - iter:1040/2463, Original Acc@1: 65.10, Acc@5: 79.33, TTA Acc@1: 64.81, Acc@5: 76.25
2025-06-14 05:25:28,824 - log - INFO - iter:1060/2463, clip_acc1=65.6603775024414, tta_acc1=65.0943374633789
2025-06-14 05:25:28,825 - log - INFO - iter:1060/2463, Original Acc@1: 65.66, Acc@5: 79.72, TTA Acc@1: 65.09, Acc@5: 76.60
2025-06-14 05:26:18,473 - log - INFO - iter:1080/2463, clip_acc1=65.0, tta_acc1=64.0740737915039
2025-06-14 05:26:18,473 - log - INFO - iter:1080/2463, Original Acc@1: 65.00, Acc@5: 79.54, TTA Acc@1: 64.07, Acc@5: 75.83
2025-06-14 05:27:08,183 - log - INFO - iter:1100/2463, clip_acc1=64.90908813476562, tta_acc1=63.81818389892578
2025-06-14 05:27:08,183 - log - INFO - iter:1100/2463, Original Acc@1: 64.91, Acc@5: 79.82, TTA Acc@1: 63.82, Acc@5: 76.18
2025-06-14 05:27:57,813 - log - INFO - iter:1120/2463, clip_acc1=65.44642639160156, tta_acc1=64.28571319580078
2025-06-14 05:27:57,813 - log - INFO - iter:1120/2463, Original Acc@1: 65.45, Acc@5: 80.09, TTA Acc@1: 64.29, Acc@5: 76.61
2025-06-14 05:28:47,521 - log - INFO - iter:1140/2463, clip_acc1=65.7017593383789, tta_acc1=64.29824829101562
2025-06-14 05:28:47,521 - log - INFO - iter:1140/2463, Original Acc@1: 65.70, Acc@5: 80.44, TTA Acc@1: 64.30, Acc@5: 76.84
2025-06-14 05:29:37,590 - log - INFO - iter:1160/2463, clip_acc1=65.0862045288086, tta_acc1=63.36206817626953
2025-06-14 05:29:37,590 - log - INFO - iter:1160/2463, Original Acc@1: 65.09, Acc@5: 79.66, TTA Acc@1: 63.36, Acc@5: 76.03
2025-06-14 05:30:27,331 - log - INFO - iter:1180/2463, clip_acc1=64.06779479980469, tta_acc1=62.37287902832031
2025-06-14 05:30:27,331 - log - INFO - iter:1180/2463, Original Acc@1: 64.07, Acc@5: 78.39, TTA Acc@1: 62.37, Acc@5: 74.83
2025-06-14 05:31:17,044 - log - INFO - iter:1200/2463, clip_acc1=64.66667175292969, tta_acc1=63.0
2025-06-14 05:31:17,045 - log - INFO - iter:1200/2463, Original Acc@1: 64.67, Acc@5: 78.75, TTA Acc@1: 63.00, Acc@5: 75.25
2025-06-14 05:32:06,743 - log - INFO - iter:1220/2463, clip_acc1=64.01639556884766, tta_acc1=62.37704849243164
2025-06-14 05:32:06,743 - log - INFO - iter:1220/2463, Original Acc@1: 64.02, Acc@5: 77.87, TTA Acc@1: 62.38, Acc@5: 74.43
2025-06-14 05:32:56,555 - log - INFO - iter:1240/2463, clip_acc1=63.3870964050293, tta_acc1=61.693546295166016
2025-06-14 05:32:56,555 - log - INFO - iter:1240/2463, Original Acc@1: 63.39, Acc@5: 77.34, TTA Acc@1: 61.69, Acc@5: 73.95
2025-06-14 05:33:46,245 - log - INFO - iter:1260/2463, clip_acc1=63.41270065307617, tta_acc1=61.66666793823242
2025-06-14 05:33:46,245 - log - INFO - iter:1260/2463, Original Acc@1: 63.41, Acc@5: 77.70, TTA Acc@1: 61.67, Acc@5: 74.37
2025-06-14 05:34:35,852 - log - INFO - iter:1280/2463, clip_acc1=63.984375, tta_acc1=62.265625
2025-06-14 05:34:35,852 - log - INFO - iter:1280/2463, Original Acc@1: 63.98, Acc@5: 78.05, TTA Acc@1: 62.27, Acc@5: 74.77
2025-06-14 05:35:25,608 - log - INFO - iter:1300/2463, clip_acc1=64.38461303710938, tta_acc1=62.61538314819336
2025-06-14 05:35:25,608 - log - INFO - iter:1300/2463, Original Acc@1: 64.38, Acc@5: 78.38, TTA Acc@1: 62.62, Acc@5: 75.15
2025-06-14 05:36:15,363 - log - INFO - iter:1320/2463, clip_acc1=64.62120819091797, tta_acc1=62.57575607299805
2025-06-14 05:36:15,363 - log - INFO - iter:1320/2463, Original Acc@1: 64.62, Acc@5: 78.71, TTA Acc@1: 62.58, Acc@5: 75.53
2025-06-14 05:37:05,053 - log - INFO - iter:1340/2463, clip_acc1=64.47761535644531, tta_acc1=62.31343460083008
2025-06-14 05:37:05,054 - log - INFO - iter:1340/2463, Original Acc@1: 64.48, Acc@5: 79.03, TTA Acc@1: 62.31, Acc@5: 75.75
2025-06-14 05:37:54,767 - log - INFO - iter:1360/2463, clip_acc1=64.48529815673828, tta_acc1=62.27941131591797
2025-06-14 05:37:54,767 - log - INFO - iter:1360/2463, Original Acc@1: 64.49, Acc@5: 79.26, TTA Acc@1: 62.28, Acc@5: 75.88
2025-06-14 05:38:44,363 - log - INFO - iter:1380/2463, clip_acc1=65.0, tta_acc1=62.826087951660156
2025-06-14 05:38:44,363 - log - INFO - iter:1380/2463, Original Acc@1: 65.00, Acc@5: 79.57, TTA Acc@1: 62.83, Acc@5: 76.23
2025-06-14 05:39:34,206 - log - INFO - iter:1400/2463, clip_acc1=65.42857360839844, tta_acc1=63.21428680419922
2025-06-14 05:39:34,207 - log - INFO - iter:1400/2463, Original Acc@1: 65.43, Acc@5: 79.79, TTA Acc@1: 63.21, Acc@5: 76.43
2025-06-14 05:40:23,883 - log - INFO - iter:1420/2463, clip_acc1=65.63380432128906, tta_acc1=63.45070266723633
2025-06-14 05:40:23,883 - log - INFO - iter:1420/2463, Original Acc@1: 65.63, Acc@5: 79.79, TTA Acc@1: 63.45, Acc@5: 76.48
2025-06-14 05:41:13,966 - log - INFO - iter:1440/2463, clip_acc1=64.72222137451172, tta_acc1=62.5694465637207
2025-06-14 05:41:13,966 - log - INFO - iter:1440/2463, Original Acc@1: 64.72, Acc@5: 78.89, TTA Acc@1: 62.57, Acc@5: 75.62
2025-06-14 05:42:03,738 - log - INFO - iter:1460/2463, clip_acc1=64.17808532714844, tta_acc1=62.05479431152344
2025-06-14 05:42:03,738 - log - INFO - iter:1460/2463, Original Acc@1: 64.18, Acc@5: 78.90, TTA Acc@1: 62.05, Acc@5: 75.21
2025-06-14 05:42:53,350 - log - INFO - iter:1480/2463, clip_acc1=64.66216278076172, tta_acc1=62.567569732666016
2025-06-14 05:42:53,350 - log - INFO - iter:1480/2463, Original Acc@1: 64.66, Acc@5: 79.19, TTA Acc@1: 62.57, Acc@5: 75.54
2025-06-14 05:43:43,184 - log - INFO - iter:1500/2463, clip_acc1=64.86666870117188, tta_acc1=62.86666488647461
2025-06-14 05:43:43,184 - log - INFO - iter:1500/2463, Original Acc@1: 64.87, Acc@5: 79.47, TTA Acc@1: 62.87, Acc@5: 75.87
2025-06-14 05:44:32,990 - log - INFO - iter:1520/2463, clip_acc1=64.27632141113281, tta_acc1=62.36842346191406
2025-06-14 05:44:32,990 - log - INFO - iter:1520/2463, Original Acc@1: 64.28, Acc@5: 79.67, TTA Acc@1: 62.37, Acc@5: 76.12
2025-06-14 05:45:22,551 - log - INFO - iter:1540/2463, clip_acc1=63.83116912841797, tta_acc1=62.01298522949219
2025-06-14 05:45:22,551 - log - INFO - iter:1540/2463, Original Acc@1: 63.83, Acc@5: 79.94, TTA Acc@1: 62.01, Acc@5: 76.43
2025-06-14 05:46:12,099 - log - INFO - iter:1560/2463, clip_acc1=63.141029357910156, tta_acc1=61.21794891357422
2025-06-14 05:46:12,099 - log - INFO - iter:1560/2463, Original Acc@1: 63.14, Acc@5: 80.19, TTA Acc@1: 61.22, Acc@5: 76.67
2025-06-14 05:47:01,728 - log - INFO - iter:1580/2463, clip_acc1=62.531646728515625, tta_acc1=60.50632858276367
2025-06-14 05:47:01,729 - log - INFO - iter:1580/2463, Original Acc@1: 62.53, Acc@5: 80.44, TTA Acc@1: 60.51, Acc@5: 76.84
2025-06-14 05:47:51,455 - log - INFO - iter:1600/2463, clip_acc1=61.875, tta_acc1=59.75
2025-06-14 05:47:51,456 - log - INFO - iter:1600/2463, Original Acc@1: 61.88, Acc@5: 80.62, TTA Acc@1: 59.75, Acc@5: 76.88
2025-06-14 05:48:41,077 - log - INFO - iter:1620/2463, clip_acc1=61.23456954956055, tta_acc1=59.135807037353516
2025-06-14 05:48:41,077 - log - INFO - iter:1620/2463, Original Acc@1: 61.23, Acc@5: 80.62, TTA Acc@1: 59.14, Acc@5: 76.73
2025-06-14 05:49:30,743 - log - INFO - iter:1640/2463, clip_acc1=61.524391174316406, tta_acc1=59.39024353027344
2025-06-14 05:49:30,743 - log - INFO - iter:1640/2463, Original Acc@1: 61.52, Acc@5: 80.85, TTA Acc@1: 59.39, Acc@5: 77.01
2025-06-14 05:50:20,505 - log - INFO - iter:1660/2463, clip_acc1=61.987953186035156, tta_acc1=59.879520416259766
2025-06-14 05:50:20,505 - log - INFO - iter:1660/2463, Original Acc@1: 61.99, Acc@5: 81.08, TTA Acc@1: 59.88, Acc@5: 77.29
2025-06-14 05:51:10,084 - log - INFO - iter:1680/2463, clip_acc1=62.32143020629883, tta_acc1=60.119049072265625
2025-06-14 05:51:10,084 - log - INFO - iter:1680/2463, Original Acc@1: 62.32, Acc@5: 81.31, TTA Acc@1: 60.12, Acc@5: 77.56
2025-06-14 05:51:59,725 - log - INFO - iter:1700/2463, clip_acc1=62.647056579589844, tta_acc1=60.23529052734375
2025-06-14 05:51:59,726 - log - INFO - iter:1700/2463, Original Acc@1: 62.65, Acc@5: 81.53, TTA Acc@1: 60.24, Acc@5: 77.82
2025-06-14 05:52:49,416 - log - INFO - iter:1720/2463, clip_acc1=62.67441940307617, tta_acc1=60.29069900512695
2025-06-14 05:52:49,416 - log - INFO - iter:1720/2463, Original Acc@1: 62.67, Acc@5: 81.74, TTA Acc@1: 60.29, Acc@5: 78.02
2025-06-14 05:53:39,167 - log - INFO - iter:1740/2463, clip_acc1=63.10344696044922, tta_acc1=60.747127532958984
2025-06-14 05:53:39,168 - log - INFO - iter:1740/2463, Original Acc@1: 63.10, Acc@5: 81.95, TTA Acc@1: 60.75, Acc@5: 78.28
2025-06-14 05:54:28,837 - log - INFO - iter:1760/2463, clip_acc1=62.89772415161133, tta_acc1=60.51136016845703
2025-06-14 05:54:28,837 - log - INFO - iter:1760/2463, Original Acc@1: 62.90, Acc@5: 81.99, TTA Acc@1: 60.51, Acc@5: 78.24
2025-06-14 05:55:18,479 - log - INFO - iter:1780/2463, clip_acc1=63.03370666503906, tta_acc1=60.674156188964844
2025-06-14 05:55:18,479 - log - INFO - iter:1780/2463, Original Acc@1: 63.03, Acc@5: 82.08, TTA Acc@1: 60.67, Acc@5: 78.37
2025-06-14 05:56:08,132 - log - INFO - iter:1800/2463, clip_acc1=63.111114501953125, tta_acc1=60.77777862548828
2025-06-14 05:56:08,133 - log - INFO - iter:1800/2463, Original Acc@1: 63.11, Acc@5: 82.28, TTA Acc@1: 60.78, Acc@5: 78.61
2025-06-14 05:56:57,795 - log - INFO - iter:1820/2463, clip_acc1=62.5274772644043, tta_acc1=60.219783782958984
2025-06-14 05:56:57,795 - log - INFO - iter:1820/2463, Original Acc@1: 62.53, Acc@5: 82.09, TTA Acc@1: 60.22, Acc@5: 78.46
2025-06-14 05:57:47,487 - log - INFO - iter:1840/2463, clip_acc1=62.554344177246094, tta_acc1=60.27173614501953
2025-06-14 05:57:47,487 - log - INFO - iter:1840/2463, Original Acc@1: 62.55, Acc@5: 81.90, TTA Acc@1: 60.27, Acc@5: 78.32
2025-06-14 05:58:37,072 - log - INFO - iter:1860/2463, clip_acc1=62.04301071166992, tta_acc1=59.73118591308594
2025-06-14 05:58:37,072 - log - INFO - iter:1860/2463, Original Acc@1: 62.04, Acc@5: 81.24, TTA Acc@1: 59.73, Acc@5: 77.69
2025-06-14 05:59:26,846 - log - INFO - iter:1880/2463, clip_acc1=62.180850982666016, tta_acc1=59.840423583984375
2025-06-14 05:59:26,847 - log - INFO - iter:1880/2463, Original Acc@1: 62.18, Acc@5: 81.44, TTA Acc@1: 59.84, Acc@5: 77.93
2025-06-14 06:00:17,322 - log - INFO - iter:1900/2463, clip_acc1=61.89473342895508, tta_acc1=59.57894515991211
2025-06-14 06:00:17,322 - log - INFO - iter:1900/2463, Original Acc@1: 61.89, Acc@5: 80.95, TTA Acc@1: 59.58, Acc@5: 77.47
2025-06-14 06:01:07,011 - log - INFO - iter:1920/2463, clip_acc1=62.187503814697266, tta_acc1=59.895835876464844
2025-06-14 06:01:07,011 - log - INFO - iter:1920/2463, Original Acc@1: 62.19, Acc@5: 81.04, TTA Acc@1: 59.90, Acc@5: 77.60
2025-06-14 06:01:56,943 - log - INFO - iter:1940/2463, clip_acc1=62.57732009887695, tta_acc1=60.30928039550781
2025-06-14 06:01:56,943 - log - INFO - iter:1940/2463, Original Acc@1: 62.58, Acc@5: 81.24, TTA Acc@1: 60.31, Acc@5: 77.84
2025-06-14 06:02:46,602 - log - INFO - iter:1960/2463, clip_acc1=62.80611801147461, tta_acc1=60.561222076416016
2025-06-14 06:02:46,603 - log - INFO - iter:1960/2463, Original Acc@1: 62.81, Acc@5: 81.43, TTA Acc@1: 60.56, Acc@5: 78.01
2025-06-14 06:03:36,333 - log - INFO - iter:1980/2463, clip_acc1=62.92929458618164, tta_acc1=60.70707321166992
2025-06-14 06:03:36,333 - log - INFO - iter:1980/2463, Original Acc@1: 62.93, Acc@5: 81.57, TTA Acc@1: 60.71, Acc@5: 78.18
2025-06-14 06:04:25,992 - log - INFO - iter:2000/2463, clip_acc1=63.20000457763672, tta_acc1=61.000003814697266
2025-06-14 06:04:25,992 - log - INFO - iter:2000/2463, Original Acc@1: 63.20, Acc@5: 81.70, TTA Acc@1: 61.00, Acc@5: 78.35
2025-06-14 06:05:15,676 - log - INFO - iter:2020/2463, clip_acc1=62.970298767089844, tta_acc1=60.84158706665039
2025-06-14 06:05:15,677 - log - INFO - iter:2020/2463, Original Acc@1: 62.97, Acc@5: 81.39, TTA Acc@1: 60.84, Acc@5: 78.02
2025-06-14 06:06:05,444 - log - INFO - iter:2040/2463, clip_acc1=63.13726043701172, tta_acc1=60.98039627075195
2025-06-14 06:06:05,444 - log - INFO - iter:2040/2463, Original Acc@1: 63.14, Acc@5: 81.37, TTA Acc@1: 60.98, Acc@5: 78.04
2025-06-14 06:06:55,026 - log - INFO - iter:2060/2463, clip_acc1=63.34951400756836, tta_acc1=61.213592529296875
2025-06-14 06:06:55,026 - log - INFO - iter:2060/2463, Original Acc@1: 63.35, Acc@5: 81.55, TTA Acc@1: 61.21, Acc@5: 78.25
2025-06-14 06:07:44,647 - log - INFO - iter:2080/2463, clip_acc1=63.41345977783203, tta_acc1=61.29807662963867
2025-06-14 06:07:44,647 - log - INFO - iter:2080/2463, Original Acc@1: 63.41, Acc@5: 81.44, TTA Acc@1: 61.30, Acc@5: 78.17
2025-06-14 06:08:34,466 - log - INFO - iter:2100/2463, clip_acc1=63.42856979370117, tta_acc1=61.095237731933594
2025-06-14 06:08:34,466 - log - INFO - iter:2100/2463, Original Acc@1: 63.43, Acc@5: 81.33, TTA Acc@1: 61.10, Acc@5: 78.10
2025-06-14 06:09:24,240 - log - INFO - iter:2120/2463, clip_acc1=63.3962287902832, tta_acc1=61.08490753173828
2025-06-14 06:09:24,241 - log - INFO - iter:2120/2463, Original Acc@1: 63.40, Acc@5: 81.46, TTA Acc@1: 61.08, Acc@5: 78.21
2025-06-14 06:10:14,038 - log - INFO - iter:2140/2463, clip_acc1=63.50467300415039, tta_acc1=61.121498107910156
2025-06-14 06:10:14,039 - log - INFO - iter:2140/2463, Original Acc@1: 63.50, Acc@5: 81.59, TTA Acc@1: 61.12, Acc@5: 78.36
2025-06-14 06:11:04,056 - log - INFO - iter:2160/2463, clip_acc1=63.75, tta_acc1=61.38888931274414
2025-06-14 06:11:04,056 - log - INFO - iter:2160/2463, Original Acc@1: 63.75, Acc@5: 81.76, TTA Acc@1: 61.39, Acc@5: 78.56
2025-06-14 06:11:53,762 - log - INFO - iter:2180/2463, clip_acc1=63.44036865234375, tta_acc1=61.05504608154297
2025-06-14 06:11:53,763 - log - INFO - iter:2180/2463, Original Acc@1: 63.44, Acc@5: 81.38, TTA Acc@1: 61.06, Acc@5: 78.21
2025-06-14 06:12:43,521 - log - INFO - iter:2200/2463, clip_acc1=63.772727966308594, tta_acc1=61.40909194946289
2025-06-14 06:12:43,522 - log - INFO - iter:2200/2463, Original Acc@1: 63.77, Acc@5: 81.55, TTA Acc@1: 61.41, Acc@5: 78.41
2025-06-14 06:13:33,226 - log - INFO - iter:2220/2463, clip_acc1=64.0990982055664, tta_acc1=61.75675964355469
2025-06-14 06:13:33,226 - log - INFO - iter:2220/2463, Original Acc@1: 64.10, Acc@5: 81.71, TTA Acc@1: 61.76, Acc@5: 78.60
2025-06-14 06:14:23,056 - log - INFO - iter:2240/2463, clip_acc1=64.28571319580078, tta_acc1=61.91964340209961
2025-06-14 06:14:23,056 - log - INFO - iter:2240/2463, Original Acc@1: 64.29, Acc@5: 81.88, TTA Acc@1: 61.92, Acc@5: 78.79
2025-06-14 06:15:12,907 - log - INFO - iter:2260/2463, clip_acc1=64.60176849365234, tta_acc1=62.25663757324219
2025-06-14 06:15:12,907 - log - INFO - iter:2260/2463, Original Acc@1: 64.60, Acc@5: 82.04, TTA Acc@1: 62.26, Acc@5: 78.98
2025-06-14 06:16:02,765 - log - INFO - iter:2280/2463, clip_acc1=64.91228485107422, tta_acc1=62.58771896362305
2025-06-14 06:16:02,766 - log - INFO - iter:2280/2463, Original Acc@1: 64.91, Acc@5: 82.19, TTA Acc@1: 62.59, Acc@5: 79.17
2025-06-14 06:16:52,489 - log - INFO - iter:2300/2463, clip_acc1=65.0434799194336, tta_acc1=62.739131927490234
2025-06-14 06:16:52,489 - log - INFO - iter:2300/2463, Original Acc@1: 65.04, Acc@5: 82.26, TTA Acc@1: 62.74, Acc@5: 79.17
2025-06-14 06:17:42,325 - log - INFO - iter:2320/2463, clip_acc1=65.30172729492188, tta_acc1=62.88793182373047
2025-06-14 06:17:42,325 - log - INFO - iter:2320/2463, Original Acc@1: 65.30, Acc@5: 82.37, TTA Acc@1: 62.89, Acc@5: 79.22
2025-06-14 06:18:32,316 - log - INFO - iter:2340/2463, clip_acc1=65.47008514404297, tta_acc1=63.03418731689453
2025-06-14 06:18:32,317 - log - INFO - iter:2340/2463, Original Acc@1: 65.47, Acc@5: 82.44, TTA Acc@1: 63.03, Acc@5: 79.32
2025-06-14 06:19:22,015 - log - INFO - iter:2360/2463, clip_acc1=65.50847625732422, tta_acc1=63.09321975708008
2025-06-14 06:19:22,015 - log - INFO - iter:2360/2463, Original Acc@1: 65.51, Acc@5: 82.33, TTA Acc@1: 63.09, Acc@5: 79.24
2025-06-14 06:20:11,768 - log - INFO - iter:2380/2463, clip_acc1=65.08403778076172, tta_acc1=62.60504150390625
2025-06-14 06:20:11,768 - log - INFO - iter:2380/2463, Original Acc@1: 65.08, Acc@5: 81.89, TTA Acc@1: 62.61, Acc@5: 78.87
2025-06-14 06:21:01,440 - log - INFO - iter:2400/2463, clip_acc1=64.75, tta_acc1=62.208335876464844
2025-06-14 06:21:01,440 - log - INFO - iter:2400/2463, Original Acc@1: 64.75, Acc@5: 82.04, TTA Acc@1: 62.21, Acc@5: 78.92
2025-06-14 06:21:51,261 - log - INFO - iter:2420/2463, clip_acc1=65.0, tta_acc1=62.479339599609375
2025-06-14 06:21:51,262 - log - INFO - iter:2420/2463, Original Acc@1: 65.00, Acc@5: 82.19, TTA Acc@1: 62.48, Acc@5: 79.09
2025-06-14 06:22:40,936 - log - INFO - iter:2440/2463, clip_acc1=64.95901489257812, tta_acc1=62.459014892578125
2025-06-14 06:22:40,936 - log - INFO - iter:2440/2463, Original Acc@1: 64.96, Acc@5: 82.34, TTA Acc@1: 62.46, Acc@5: 79.14
2025-06-14 06:23:33,015 - log - INFO - iter:2460/2463, clip_acc1=64.918701171875, tta_acc1=62.19512176513672
2025-06-14 06:23:33,015 - log - INFO - iter:2460/2463, Original Acc@1: 64.92, Acc@5: 82.44, TTA Acc@1: 62.20, Acc@5: 79.23
2025-06-14 06:23:40,400 - log - INFO - iter:2463/2463, clip_acc1=64.96143341064453, tta_acc1=62.20056915283203
2025-06-14 06:23:40,400 - log - INFO - iter:2463/2463, Original Acc@1: 64.96, Acc@5: 82.46, TTA Acc@1: 62.20, Acc@5: 79.25
2025-06-14 06:23:40,532 - log - INFO - Final results - Original Acc@1: 64.96, Acc@5: 82.46, TTA Acc@1: 62.20, Acc@5: 79.25
2025-06-14 06:23:40,532 - log - INFO - Improvement from TTA in Acc@1 -2.76, and Acc@5 -3.21
2025-06-14 06:23:40,533 - log - INFO - Number of selected samples with index 0: 1223
2025-06-14 06:23:40,533 - log - INFO - Number of samples in the dataset: 2463
2025-06-14 06:23:40,549 - log - INFO - Selected IDs saved to /leonardo_work/EUHPC_R04_192/fmohamma/Adversarial_Robust_Clip/ATPT/Final_Results/delta_clip_l14_224/Flower102/Clean/Counter_Attack/Eps_4_0_Steps_2_Alpha_1_0/tau_0_2_beta_2_0_weighted_pertrubation_True/TPT/Optimization_Loss_tpt_LR_0_005_Optimization_Steps_1_View_Selection_Fraction_0_1/Inference_Ensemble_vanilla/selected_topk.json
2025-06-14 06:23:40,705 - log - INFO - Batch entropies saved to /leonardo_work/EUHPC_R04_192/fmohamma/Adversarial_Robust_Clip/ATPT/Final_Results/delta_clip_l14_224/Flower102/Clean/Counter_Attack/Eps_4_0_Steps_2_Alpha_1_0/tau_0_2_beta_2_0_weighted_pertrubation_True/TPT/Optimization_Loss_tpt_LR_0_005_Optimization_Steps_1_View_Selection_Fraction_0_1/Inference_Ensemble_vanilla/entropies.json
2025-06-14 06:23:40,708 - log - INFO - => Acc. on testset [Flower102]: Clean Acc @1 64.96143341064453/ TTA Clean Acc @1 62.20056915283203, Clean Acc @5 82.46041870117188/ TTA Clean Acc @5 79.25294494628906
2025-06-14 06:23:40,708 - log - INFO - Total script execution time: 6252.77 seconds (104.21 minutes)
