2025-06-11 15:03:41,624 - log - INFO - ==========================================
data:/leonardo_work/EUHPC_R04_192/fmohamma/Adversarial_Robust_Clip/atpt_data/downstream_datasets
test_sets:Pets
dataset_mode:test
arch:delta_clip_l14_224
resolution:224
workers:4
no_pin_memory:False
batch_size:64
print_freq:20
gpu:0
no_cudnn_benchmark:False
n_ctx:4
ctx_init:a_photo_of_a
tpt_loss:rtpt
seed:0
output_dir:/leonardo_work/EUHPC_R04_192/fmohamma/Adversarial_Robust_Clip/atpt_data/delta_clip_l14_224/Pets
log_output_dir:/leonardo_work/EUHPC_R04_192/fmohamma/Adversarial_Robust_Clip/ATPT/Final_Results/delta_clip_l14_224/Pets
eps:0.0
alpha:0.0
alpha_eps_ratio:4.0
steps:0
lr:0.005
selection_p:0.1
tta_steps:1
ensemble_type:vanilla
top_k:20
softmax_temp:0.01
counter_attack:True
counter_attack_type:pgd
counter_attack_steps:2
counter_attack_eps:2.0
counter_attack_alpha:1.0
counter_attack_tau_thres:0.2
counter_attack_beta:2.0
counter_attack_weighted_perturbations:True
pgd_clip_pure_i_text_embeddings:null
pgd_counter_and_clipure_i_lamda:1.0
selected_id_name:selected_topk.json
weighted_score_name:weighted_scores.json
batch_entropy_name:entropies.json
log_dir:/leonardo_work/EUHPC_R04_192/fmohamma/Adversarial_Robust_Clip/ATPT/Final_Results/delta_clip_l14_224/Pets/Clean/Counter_Attack/Eps_2_0_Steps_2_Alpha_1_0/tau_0_2_beta_2_0_weighted_pertrubation_True/TPT/Optimization_Loss_rtpt_LR_0_005_Optimization_Steps_1_View_Selection_Fraction_0_1/Inference_Ensemble_vanilla

2025-06-11 15:03:41,625 - log - INFO - Use GPU: 0 for training
2025-06-11 15:05:53,635 - log - INFO - Freezing all parameters except prompt learner
2025-06-11 15:05:53,636 - log - INFO - => Model created: visual backbone delta_clip_l14_224
2025-06-11 15:05:53,658 - log - INFO - Number of test samples: 3669
2025-06-11 15:05:53,658 - log - INFO - Evaluating dataset: Pets
2025-06-11 15:05:53,659 - log - INFO - Starting evaluation with batch size: 64, selection percentage: 0.1
2025-06-11 15:05:53,659 - log - INFO - Test-time adaptation steps: 1, learning rate: 0.005
2025-06-11 15:05:53,659 - log - INFO - Using counter-attack with epsilon: 2.000000, alpha: 0.000000, steps: 2, tau_thres: 0.2, beta: 2.0, weighted perturbation: True
2025-06-11 15:06:55,273 - log - INFO - iter:20/3669, clip_acc1=45.0, tta_acc1=50.0
2025-06-11 15:06:55,273 - log - INFO - iter:20/3669, Original Acc@1: 45.00, Acc@5: 90.00, TTA Acc@1: 50.00, Acc@5: 85.00
2025-06-11 15:07:44,362 - log - INFO - iter:40/3669, clip_acc1=47.5, tta_acc1=55.0
2025-06-11 15:07:44,363 - log - INFO - iter:40/3669, Original Acc@1: 47.50, Acc@5: 95.00, TTA Acc@1: 55.00, Acc@5: 90.00
2025-06-11 15:08:31,225 - log - INFO - iter:60/3669, clip_acc1=53.333335876464844, tta_acc1=58.333335876464844
2025-06-11 15:08:31,225 - log - INFO - iter:60/3669, Original Acc@1: 53.33, Acc@5: 96.67, TTA Acc@1: 58.33, Acc@5: 91.67
2025-06-11 15:09:18,028 - log - INFO - iter:80/3669, clip_acc1=53.75, tta_acc1=57.5
2025-06-11 15:09:18,028 - log - INFO - iter:80/3669, Original Acc@1: 53.75, Acc@5: 97.50, TTA Acc@1: 57.50, Acc@5: 92.50
2025-06-11 15:10:04,922 - log - INFO - iter:100/3669, clip_acc1=55.0, tta_acc1=60.0
2025-06-11 15:10:04,922 - log - INFO - iter:100/3669, Original Acc@1: 55.00, Acc@5: 98.00, TTA Acc@1: 60.00, Acc@5: 94.00
2025-06-11 15:10:51,824 - log - INFO - iter:120/3669, clip_acc1=60.833335876464844, tta_acc1=65.0
2025-06-11 15:10:51,824 - log - INFO - iter:120/3669, Original Acc@1: 60.83, Acc@5: 98.33, TTA Acc@1: 65.00, Acc@5: 95.00
2025-06-11 15:11:38,874 - log - INFO - iter:140/3669, clip_acc1=63.57143020629883, tta_acc1=67.85713958740234
2025-06-11 15:11:38,875 - log - INFO - iter:140/3669, Original Acc@1: 63.57, Acc@5: 98.57, TTA Acc@1: 67.86, Acc@5: 95.71
2025-06-11 15:12:26,159 - log - INFO - iter:160/3669, clip_acc1=66.25, tta_acc1=70.0
2025-06-11 15:12:26,159 - log - INFO - iter:160/3669, Original Acc@1: 66.25, Acc@5: 98.75, TTA Acc@1: 70.00, Acc@5: 96.25
2025-06-11 15:13:12,946 - log - INFO - iter:180/3669, clip_acc1=68.33333587646484, tta_acc1=71.66667175292969
2025-06-11 15:13:12,946 - log - INFO - iter:180/3669, Original Acc@1: 68.33, Acc@5: 98.89, TTA Acc@1: 71.67, Acc@5: 96.67
2025-06-11 15:13:59,655 - log - INFO - iter:200/3669, clip_acc1=70.0, tta_acc1=72.0
2025-06-11 15:13:59,655 - log - INFO - iter:200/3669, Original Acc@1: 70.00, Acc@5: 98.50, TTA Acc@1: 72.00, Acc@5: 96.50
2025-06-11 15:14:46,621 - log - INFO - iter:220/3669, clip_acc1=72.2727279663086, tta_acc1=72.2727279663086
2025-06-11 15:14:46,621 - log - INFO - iter:220/3669, Original Acc@1: 72.27, Acc@5: 98.64, TTA Acc@1: 72.27, Acc@5: 96.82
2025-06-11 15:15:33,558 - log - INFO - iter:240/3669, clip_acc1=71.66667175292969, tta_acc1=69.16667175292969
2025-06-11 15:15:33,558 - log - INFO - iter:240/3669, Original Acc@1: 71.67, Acc@5: 98.75, TTA Acc@1: 69.17, Acc@5: 97.08
2025-06-11 15:16:20,414 - log - INFO - iter:260/3669, clip_acc1=71.92308044433594, tta_acc1=69.23076629638672
2025-06-11 15:16:20,414 - log - INFO - iter:260/3669, Original Acc@1: 71.92, Acc@5: 98.85, TTA Acc@1: 69.23, Acc@5: 97.31
2025-06-11 15:17:07,365 - log - INFO - iter:280/3669, clip_acc1=73.21428680419922, tta_acc1=70.0
2025-06-11 15:17:07,366 - log - INFO - iter:280/3669, Original Acc@1: 73.21, Acc@5: 98.93, TTA Acc@1: 70.00, Acc@5: 97.50
2025-06-11 15:17:54,663 - log - INFO - iter:300/3669, clip_acc1=73.33333587646484, tta_acc1=70.0
2025-06-11 15:17:54,663 - log - INFO - iter:300/3669, Original Acc@1: 73.33, Acc@5: 99.00, TTA Acc@1: 70.00, Acc@5: 97.67
2025-06-11 15:18:42,022 - log - INFO - iter:320/3669, clip_acc1=73.75, tta_acc1=70.625
2025-06-11 15:18:42,022 - log - INFO - iter:320/3669, Original Acc@1: 73.75, Acc@5: 99.06, TTA Acc@1: 70.62, Acc@5: 97.81
2025-06-11 15:19:28,965 - log - INFO - iter:340/3669, clip_acc1=75.0, tta_acc1=71.76470947265625
2025-06-11 15:19:28,965 - log - INFO - iter:340/3669, Original Acc@1: 75.00, Acc@5: 99.12, TTA Acc@1: 71.76, Acc@5: 97.94
2025-06-11 15:20:15,852 - log - INFO - iter:360/3669, clip_acc1=75.83333587646484, tta_acc1=72.77777862548828
2025-06-11 15:20:15,853 - log - INFO - iter:360/3669, Original Acc@1: 75.83, Acc@5: 99.17, TTA Acc@1: 72.78, Acc@5: 98.06
2025-06-11 15:21:02,710 - log - INFO - iter:380/3669, clip_acc1=76.84210968017578, tta_acc1=73.42105865478516
2025-06-11 15:21:02,711 - log - INFO - iter:380/3669, Original Acc@1: 76.84, Acc@5: 99.21, TTA Acc@1: 73.42, Acc@5: 98.16
2025-06-11 15:21:49,532 - log - INFO - iter:400/3669, clip_acc1=78.0, tta_acc1=74.75
2025-06-11 15:21:49,533 - log - INFO - iter:400/3669, Original Acc@1: 78.00, Acc@5: 99.25, TTA Acc@1: 74.75, Acc@5: 98.25
2025-06-11 15:22:36,349 - log - INFO - iter:420/3669, clip_acc1=78.5714340209961, tta_acc1=75.4761962890625
2025-06-11 15:22:36,349 - log - INFO - iter:420/3669, Original Acc@1: 78.57, Acc@5: 99.05, TTA Acc@1: 75.48, Acc@5: 98.10
2025-06-11 15:23:23,216 - log - INFO - iter:440/3669, clip_acc1=79.54544830322266, tta_acc1=76.59090423583984
2025-06-11 15:23:23,216 - log - INFO - iter:440/3669, Original Acc@1: 79.55, Acc@5: 99.09, TTA Acc@1: 76.59, Acc@5: 98.18
2025-06-11 15:24:09,766 - log - INFO - iter:460/3669, clip_acc1=80.43477630615234, tta_acc1=77.39130401611328
2025-06-11 15:24:09,767 - log - INFO - iter:460/3669, Original Acc@1: 80.43, Acc@5: 99.13, TTA Acc@1: 77.39, Acc@5: 98.26
2025-06-11 15:24:56,569 - log - INFO - iter:480/3669, clip_acc1=81.25000762939453, tta_acc1=78.33333587646484
2025-06-11 15:24:56,569 - log - INFO - iter:480/3669, Original Acc@1: 81.25, Acc@5: 99.17, TTA Acc@1: 78.33, Acc@5: 98.33
2025-06-11 15:25:44,353 - log - INFO - iter:500/3669, clip_acc1=82.00000762939453, tta_acc1=79.20000457763672
2025-06-11 15:25:44,353 - log - INFO - iter:500/3669, Original Acc@1: 82.00, Acc@5: 99.20, TTA Acc@1: 79.20, Acc@5: 98.40
2025-06-11 15:26:31,496 - log - INFO - iter:520/3669, clip_acc1=82.30769348144531, tta_acc1=79.42308044433594
2025-06-11 15:26:31,496 - log - INFO - iter:520/3669, Original Acc@1: 82.31, Acc@5: 99.23, TTA Acc@1: 79.42, Acc@5: 98.27
2025-06-11 15:27:18,647 - log - INFO - iter:540/3669, clip_acc1=81.85185241699219, tta_acc1=78.88888549804688
2025-06-11 15:27:18,647 - log - INFO - iter:540/3669, Original Acc@1: 81.85, Acc@5: 99.26, TTA Acc@1: 78.89, Acc@5: 98.33
2025-06-11 15:28:05,631 - log - INFO - iter:560/3669, clip_acc1=81.60713958740234, tta_acc1=78.75
2025-06-11 15:28:05,631 - log - INFO - iter:560/3669, Original Acc@1: 81.61, Acc@5: 99.29, TTA Acc@1: 78.75, Acc@5: 98.04
2025-06-11 15:28:52,680 - log - INFO - iter:580/3669, clip_acc1=80.51724243164062, tta_acc1=78.27586364746094
2025-06-11 15:28:52,681 - log - INFO - iter:580/3669, Original Acc@1: 80.52, Acc@5: 99.31, TTA Acc@1: 78.28, Acc@5: 97.76
2025-06-11 15:29:39,550 - log - INFO - iter:600/3669, clip_acc1=80.5, tta_acc1=78.16667175292969
2025-06-11 15:29:39,551 - log - INFO - iter:600/3669, Original Acc@1: 80.50, Acc@5: 99.33, TTA Acc@1: 78.17, Acc@5: 97.83
2025-06-11 15:30:26,446 - log - INFO - iter:620/3669, clip_acc1=80.96774291992188, tta_acc1=78.38709259033203
2025-06-11 15:30:26,447 - log - INFO - iter:620/3669, Original Acc@1: 80.97, Acc@5: 99.35, TTA Acc@1: 78.39, Acc@5: 97.90
2025-06-11 15:31:13,541 - log - INFO - iter:640/3669, clip_acc1=80.78125, tta_acc1=77.8125
2025-06-11 15:31:13,541 - log - INFO - iter:640/3669, Original Acc@1: 80.78, Acc@5: 99.38, TTA Acc@1: 77.81, Acc@5: 97.97
2025-06-11 15:32:00,412 - log - INFO - iter:660/3669, clip_acc1=80.6060562133789, tta_acc1=76.66666412353516
2025-06-11 15:32:00,412 - log - INFO - iter:660/3669, Original Acc@1: 80.61, Acc@5: 99.39, TTA Acc@1: 76.67, Acc@5: 98.03
2025-06-11 15:32:47,068 - log - INFO - iter:680/3669, clip_acc1=81.17647552490234, tta_acc1=76.47058868408203
2025-06-11 15:32:47,068 - log - INFO - iter:680/3669, Original Acc@1: 81.18, Acc@5: 99.41, TTA Acc@1: 76.47, Acc@5: 98.09
2025-06-11 15:33:33,945 - log - INFO - iter:700/3669, clip_acc1=80.85713958740234, tta_acc1=76.14285278320312
2025-06-11 15:33:33,945 - log - INFO - iter:700/3669, Original Acc@1: 80.86, Acc@5: 99.14, TTA Acc@1: 76.14, Acc@5: 97.86
2025-06-11 15:34:20,857 - log - INFO - iter:720/3669, clip_acc1=78.61111450195312, tta_acc1=74.02777862548828
2025-06-11 15:34:20,857 - log - INFO - iter:720/3669, Original Acc@1: 78.61, Acc@5: 96.39, TTA Acc@1: 74.03, Acc@5: 95.14
2025-06-11 15:35:07,739 - log - INFO - iter:740/3669, clip_acc1=76.48648834228516, tta_acc1=72.02703094482422
2025-06-11 15:35:07,739 - log - INFO - iter:740/3669, Original Acc@1: 76.49, Acc@5: 93.78, TTA Acc@1: 72.03, Acc@5: 92.57
2025-06-11 15:35:54,598 - log - INFO - iter:760/3669, clip_acc1=74.47368621826172, tta_acc1=70.13158416748047
2025-06-11 15:35:54,598 - log - INFO - iter:760/3669, Original Acc@1: 74.47, Acc@5: 91.32, TTA Acc@1: 70.13, Acc@5: 90.13
2025-06-11 15:36:41,339 - log - INFO - iter:780/3669, clip_acc1=72.56410217285156, tta_acc1=68.33333587646484
2025-06-11 15:36:41,340 - log - INFO - iter:780/3669, Original Acc@1: 72.56, Acc@5: 88.97, TTA Acc@1: 68.33, Acc@5: 87.82
2025-06-11 15:37:28,262 - log - INFO - iter:800/3669, clip_acc1=72.125, tta_acc1=68.0
2025-06-11 15:37:28,262 - log - INFO - iter:800/3669, Original Acc@1: 72.12, Acc@5: 88.38, TTA Acc@1: 68.00, Acc@5: 87.12
2025-06-11 15:38:15,261 - log - INFO - iter:820/3669, clip_acc1=72.43902587890625, tta_acc1=68.04878234863281
2025-06-11 15:38:15,261 - log - INFO - iter:820/3669, Original Acc@1: 72.44, Acc@5: 88.66, TTA Acc@1: 68.05, Acc@5: 87.44
2025-06-11 15:39:02,175 - log - INFO - iter:840/3669, clip_acc1=72.9761962890625, tta_acc1=68.69047546386719
2025-06-11 15:39:02,175 - log - INFO - iter:840/3669, Original Acc@1: 72.98, Acc@5: 88.93, TTA Acc@1: 68.69, Acc@5: 87.74
2025-06-11 15:39:48,876 - log - INFO - iter:860/3669, clip_acc1=73.3720932006836, tta_acc1=68.9534912109375
2025-06-11 15:39:48,876 - log - INFO - iter:860/3669, Original Acc@1: 73.37, Acc@5: 89.19, TTA Acc@1: 68.95, Acc@5: 87.91
2025-06-11 15:40:35,839 - log - INFO - iter:880/3669, clip_acc1=73.86363220214844, tta_acc1=69.54545593261719
2025-06-11 15:40:35,840 - log - INFO - iter:880/3669, Original Acc@1: 73.86, Acc@5: 89.43, TTA Acc@1: 69.55, Acc@5: 88.18
2025-06-11 15:41:22,658 - log - INFO - iter:900/3669, clip_acc1=74.0, tta_acc1=69.8888931274414
2025-06-11 15:41:22,658 - log - INFO - iter:900/3669, Original Acc@1: 74.00, Acc@5: 89.67, TTA Acc@1: 69.89, Acc@5: 88.44
2025-06-11 15:42:09,598 - log - INFO - iter:920/3669, clip_acc1=74.56521606445312, tta_acc1=70.54347229003906
2025-06-11 15:42:09,598 - log - INFO - iter:920/3669, Original Acc@1: 74.57, Acc@5: 89.89, TTA Acc@1: 70.54, Acc@5: 88.70
2025-06-11 15:42:56,521 - log - INFO - iter:940/3669, clip_acc1=75.0, tta_acc1=71.17021179199219
2025-06-11 15:42:56,521 - log - INFO - iter:940/3669, Original Acc@1: 75.00, Acc@5: 90.11, TTA Acc@1: 71.17, Acc@5: 88.94
