2025-06-13 13:28:19,517 - log - INFO - ==========================================
data:/leonardo_work/EUHPC_R04_192/fmohamma/Adversarial_Robust_Clip/atpt_data/downstream_datasets
test_sets:eurosat
dataset_mode:test
arch:ViT-L/14
resolution:224
workers:4
no_pin_memory:False
batch_size:64
print_freq:20
gpu:0
no_cudnn_benchmark:False
n_ctx:4
ctx_init:a_photo_of_a
tpt_loss:tpt
seed:0
output_dir:/leonardo_work/EUHPC_R04_192/fmohamma/Adversarial_Robust_Clip/atpt_data/ViT-L/14/eurosat
log_output_dir:/leonardo_work/EUHPC_R04_192/fmohamma/Adversarial_Robust_Clip/ATPT/Final_Results/ViT-L/14/eurosat
eps:0.0
alpha:0.0
alpha_eps_ratio:4.0
steps:0
lr:0.005
selection_p:0.1
tta_steps:1
ensemble_type:weighted_rtpt
top_k:20
softmax_temp:0.01
counter_attack:True
counter_attack_type:pgd
counter_attack_steps:2
counter_attack_eps:2.0
counter_attack_alpha:1.0
counter_attack_tau_thres:0.2
counter_attack_beta:2.0
counter_attack_weighted_perturbations:True
pgd_clip_pure_i_text_embeddings:null
pgd_counter_and_clipure_i_lamda:1.0
selected_id_name:selected_topk.json
weighted_score_name:weighted_scores.json
batch_entropy_name:entropies.json
log_dir:/leonardo_work/EUHPC_R04_192/fmohamma/Adversarial_Robust_Clip/ATPT/Final_Results/ViT-L/14/eurosat/Clean/Counter_Attack/Eps_2_0_Steps_2_Alpha_1_0/tau_0_2_beta_2_0_weighted_pertrubation_True/TPT/Optimization_Loss_tpt_LR_0_005_Optimization_Steps_1_View_Selection_Fraction_0_1/Inference_Ensemble_weighted_rtpt_topk_20_softmaxtemp_0_01

2025-06-13 13:28:19,518 - log - INFO - Use GPU: 0 for training
2025-06-13 13:29:14,251 - log - INFO - Freezing all parameters except prompt learner
2025-06-13 13:29:14,253 - log - INFO - => Model created: visual backbone ViT-L/14
2025-06-13 13:29:14,288 - log - INFO - Number of test samples: 8100
2025-06-13 13:29:14,289 - log - INFO - Evaluating dataset: eurosat
2025-06-13 13:29:14,290 - log - INFO - Starting evaluation with batch size: 64, selection percentage: 0.1
2025-06-13 13:29:14,290 - log - INFO - Test-time adaptation steps: 1, learning rate: 0.005
2025-06-13 13:29:14,290 - log - INFO - Using counter-attack with epsilon: 2.000000, alpha: 0.000000, steps: 2, tau_thres: 0.2, beta: 2.0, weighted perturbation: True
2025-06-13 13:30:23,112 - log - INFO - iter:20/8100, clip_acc1=20.0, tta_acc1=0.0
2025-06-13 13:30:23,112 - log - INFO - iter:20/8100, Original Acc@1: 20.00, Acc@5: 50.00, TTA Acc@1: 0.00, Acc@5: 20.00
2025-06-13 13:31:16,414 - log - INFO - iter:40/8100, clip_acc1=25.0, tta_acc1=0.0
2025-06-13 13:31:16,414 - log - INFO - iter:40/8100, Original Acc@1: 25.00, Acc@5: 62.50, TTA Acc@1: 0.00, Acc@5: 32.50
2025-06-13 13:32:09,615 - log - INFO - iter:60/8100, clip_acc1=21.666667938232422, tta_acc1=0.0
2025-06-13 13:32:09,615 - log - INFO - iter:60/8100, Original Acc@1: 21.67, Acc@5: 68.33, TTA Acc@1: 0.00, Acc@5: 33.33
2025-06-13 13:33:02,748 - log - INFO - iter:80/8100, clip_acc1=23.75, tta_acc1=0.0
2025-06-13 13:33:02,748 - log - INFO - iter:80/8100, Original Acc@1: 23.75, Acc@5: 71.25, TTA Acc@1: 0.00, Acc@5: 33.75
2025-06-13 13:33:59,063 - log - INFO - iter:100/8100, clip_acc1=23.0, tta_acc1=0.0
2025-06-13 13:33:59,064 - log - INFO - iter:100/8100, Original Acc@1: 23.00, Acc@5: 71.00, TTA Acc@1: 0.00, Acc@5: 37.00
2025-06-13 13:34:52,510 - log - INFO - iter:120/8100, clip_acc1=24.166667938232422, tta_acc1=0.8333333730697632
2025-06-13 13:34:52,511 - log - INFO - iter:120/8100, Original Acc@1: 24.17, Acc@5: 71.67, TTA Acc@1: 0.83, Acc@5: 38.33
2025-06-13 13:35:45,759 - log - INFO - iter:140/8100, clip_acc1=25.0, tta_acc1=0.7142857313156128
2025-06-13 13:35:45,759 - log - INFO - iter:140/8100, Original Acc@1: 25.00, Acc@5: 71.43, TTA Acc@1: 0.71, Acc@5: 39.29
2025-06-13 13:36:39,357 - log - INFO - iter:160/8100, clip_acc1=26.25, tta_acc1=0.625
2025-06-13 13:36:39,357 - log - INFO - iter:160/8100, Original Acc@1: 26.25, Acc@5: 71.25, TTA Acc@1: 0.62, Acc@5: 40.00
2025-06-13 13:37:32,654 - log - INFO - iter:180/8100, clip_acc1=26.111112594604492, tta_acc1=0.5555555820465088
2025-06-13 13:37:32,654 - log - INFO - iter:180/8100, Original Acc@1: 26.11, Acc@5: 72.78, TTA Acc@1: 0.56, Acc@5: 40.56
2025-06-13 13:38:26,113 - log - INFO - iter:200/8100, clip_acc1=27.0, tta_acc1=0.5
2025-06-13 13:38:26,113 - log - INFO - iter:200/8100, Original Acc@1: 27.00, Acc@5: 74.00, TTA Acc@1: 0.50, Acc@5: 40.50
2025-06-13 13:39:19,500 - log - INFO - iter:220/8100, clip_acc1=25.0, tta_acc1=0.45454543828964233
2025-06-13 13:39:19,500 - log - INFO - iter:220/8100, Original Acc@1: 25.00, Acc@5: 72.73, TTA Acc@1: 0.45, Acc@5: 41.36
2025-06-13 13:40:12,658 - log - INFO - iter:240/8100, clip_acc1=24.58333396911621, tta_acc1=0.4166666865348816
2025-06-13 13:40:12,659 - log - INFO - iter:240/8100, Original Acc@1: 24.58, Acc@5: 73.33, TTA Acc@1: 0.42, Acc@5: 41.25
2025-06-13 13:41:05,827 - log - INFO - iter:260/8100, clip_acc1=23.846153259277344, tta_acc1=0.38461539149284363
2025-06-13 13:41:05,827 - log - INFO - iter:260/8100, Original Acc@1: 23.85, Acc@5: 73.85, TTA Acc@1: 0.38, Acc@5: 41.54
2025-06-13 13:41:59,135 - log - INFO - iter:280/8100, clip_acc1=23.928571701049805, tta_acc1=0.3571428656578064
2025-06-13 13:41:59,135 - log - INFO - iter:280/8100, Original Acc@1: 23.93, Acc@5: 74.64, TTA Acc@1: 0.36, Acc@5: 42.86
2025-06-13 13:42:54,689 - log - INFO - iter:300/8100, clip_acc1=24.0, tta_acc1=0.3333333432674408
2025-06-13 13:42:54,689 - log - INFO - iter:300/8100, Original Acc@1: 24.00, Acc@5: 74.33, TTA Acc@1: 0.33, Acc@5: 43.33
2025-06-13 13:43:48,079 - log - INFO - iter:320/8100, clip_acc1=24.0625, tta_acc1=0.3125
2025-06-13 13:43:48,079 - log - INFO - iter:320/8100, Original Acc@1: 24.06, Acc@5: 74.06, TTA Acc@1: 0.31, Acc@5: 43.12
2025-06-13 13:44:41,496 - log - INFO - iter:340/8100, clip_acc1=24.411766052246094, tta_acc1=0.29411765933036804
2025-06-13 13:44:41,496 - log - INFO - iter:340/8100, Original Acc@1: 24.41, Acc@5: 74.71, TTA Acc@1: 0.29, Acc@5: 43.24
2025-06-13 13:45:34,832 - log - INFO - iter:360/8100, clip_acc1=24.72222328186035, tta_acc1=0.2777777910232544
2025-06-13 13:45:34,833 - log - INFO - iter:360/8100, Original Acc@1: 24.72, Acc@5: 73.89, TTA Acc@1: 0.28, Acc@5: 42.50
2025-06-13 13:46:28,445 - log - INFO - iter:380/8100, clip_acc1=24.473684310913086, tta_acc1=0.2631579041481018
2025-06-13 13:46:28,446 - log - INFO - iter:380/8100, Original Acc@1: 24.47, Acc@5: 73.95, TTA Acc@1: 0.26, Acc@5: 43.16
2025-06-13 13:47:21,792 - log - INFO - iter:400/8100, clip_acc1=24.25, tta_acc1=0.25
2025-06-13 13:47:21,793 - log - INFO - iter:400/8100, Original Acc@1: 24.25, Acc@5: 73.25, TTA Acc@1: 0.25, Acc@5: 42.75
2025-06-13 13:48:14,903 - log - INFO - iter:420/8100, clip_acc1=23.809524536132812, tta_acc1=0.2380952537059784
2025-06-13 13:48:14,903 - log - INFO - iter:420/8100, Original Acc@1: 23.81, Acc@5: 73.10, TTA Acc@1: 0.24, Acc@5: 42.14
2025-06-13 13:49:08,289 - log - INFO - iter:440/8100, clip_acc1=23.636362075805664, tta_acc1=0.22727271914482117
2025-06-13 13:49:08,290 - log - INFO - iter:440/8100, Original Acc@1: 23.64, Acc@5: 72.50, TTA Acc@1: 0.23, Acc@5: 42.05
2025-06-13 13:50:01,578 - log - INFO - iter:460/8100, clip_acc1=23.478260040283203, tta_acc1=0.21739129722118378
2025-06-13 13:50:01,578 - log - INFO - iter:460/8100, Original Acc@1: 23.48, Acc@5: 72.61, TTA Acc@1: 0.22, Acc@5: 42.61
2025-06-13 13:50:54,861 - log - INFO - iter:480/8100, clip_acc1=23.95833396911621, tta_acc1=0.4166666865348816
2025-06-13 13:50:54,862 - log - INFO - iter:480/8100, Original Acc@1: 23.96, Acc@5: 72.92, TTA Acc@1: 0.42, Acc@5: 42.71
2025-06-13 13:51:48,209 - log - INFO - iter:500/8100, clip_acc1=23.80000114440918, tta_acc1=0.4000000059604645
2025-06-13 13:51:48,209 - log - INFO - iter:500/8100, Original Acc@1: 23.80, Acc@5: 73.20, TTA Acc@1: 0.40, Acc@5: 42.00
2025-06-13 13:52:41,523 - log - INFO - iter:520/8100, clip_acc1=23.846153259277344, tta_acc1=0.5769230723381042
2025-06-13 13:52:41,523 - log - INFO - iter:520/8100, Original Acc@1: 23.85, Acc@5: 72.88, TTA Acc@1: 0.58, Acc@5: 41.92
2025-06-13 13:53:34,761 - log - INFO - iter:540/8100, clip_acc1=23.88888931274414, tta_acc1=0.555555522441864
2025-06-13 13:53:34,761 - log - INFO - iter:540/8100, Original Acc@1: 23.89, Acc@5: 73.15, TTA Acc@1: 0.56, Acc@5: 41.67
2025-06-13 13:54:27,851 - log - INFO - iter:560/8100, clip_acc1=23.39285659790039, tta_acc1=0.5357142686843872
2025-06-13 13:54:27,851 - log - INFO - iter:560/8100, Original Acc@1: 23.39, Acc@5: 72.86, TTA Acc@1: 0.54, Acc@5: 41.43
2025-06-13 13:55:21,149 - log - INFO - iter:580/8100, clip_acc1=23.965517044067383, tta_acc1=0.517241358757019
2025-06-13 13:55:21,150 - log - INFO - iter:580/8100, Original Acc@1: 23.97, Acc@5: 73.10, TTA Acc@1: 0.52, Acc@5: 41.38
2025-06-13 13:56:14,379 - log - INFO - iter:600/8100, clip_acc1=24.666667938232422, tta_acc1=0.5
2025-06-13 13:56:14,379 - log - INFO - iter:600/8100, Original Acc@1: 24.67, Acc@5: 73.50, TTA Acc@1: 0.50, Acc@5: 42.00
2025-06-13 13:57:07,691 - log - INFO - iter:620/8100, clip_acc1=24.838708877563477, tta_acc1=0.4838709533214569
2025-06-13 13:57:07,691 - log - INFO - iter:620/8100, Original Acc@1: 24.84, Acc@5: 73.71, TTA Acc@1: 0.48, Acc@5: 42.26
2025-06-13 13:58:01,093 - log - INFO - iter:640/8100, clip_acc1=24.84375, tta_acc1=0.46875
2025-06-13 13:58:01,093 - log - INFO - iter:640/8100, Original Acc@1: 24.84, Acc@5: 73.75, TTA Acc@1: 0.47, Acc@5: 42.66
2025-06-13 13:58:54,411 - log - INFO - iter:660/8100, clip_acc1=25.0, tta_acc1=0.45454543828964233
2025-06-13 13:58:54,411 - log - INFO - iter:660/8100, Original Acc@1: 25.00, Acc@5: 73.64, TTA Acc@1: 0.45, Acc@5: 42.42
2025-06-13 13:59:47,614 - log - INFO - iter:680/8100, clip_acc1=24.705883026123047, tta_acc1=0.44117647409439087
2025-06-13 13:59:47,614 - log - INFO - iter:680/8100, Original Acc@1: 24.71, Acc@5: 73.68, TTA Acc@1: 0.44, Acc@5: 43.24
2025-06-13 14:00:40,874 - log - INFO - iter:700/8100, clip_acc1=24.571428298950195, tta_acc1=0.5714285373687744
2025-06-13 14:00:40,875 - log - INFO - iter:700/8100, Original Acc@1: 24.57, Acc@5: 73.71, TTA Acc@1: 0.57, Acc@5: 43.14
2025-06-13 14:01:34,171 - log - INFO - iter:720/8100, clip_acc1=24.72222328186035, tta_acc1=0.5555555820465088
2025-06-13 14:01:34,171 - log - INFO - iter:720/8100, Original Acc@1: 24.72, Acc@5: 74.03, TTA Acc@1: 0.56, Acc@5: 43.06
2025-06-13 14:02:27,433 - log - INFO - iter:740/8100, clip_acc1=24.7297306060791, tta_acc1=0.5405405759811401
2025-06-13 14:02:27,433 - log - INFO - iter:740/8100, Original Acc@1: 24.73, Acc@5: 74.19, TTA Acc@1: 0.54, Acc@5: 42.70
2025-06-13 14:03:20,746 - log - INFO - iter:760/8100, clip_acc1=24.210527420043945, tta_acc1=0.5263158082962036
2025-06-13 14:03:20,746 - log - INFO - iter:760/8100, Original Acc@1: 24.21, Acc@5: 72.89, TTA Acc@1: 0.53, Acc@5: 42.24
2025-06-13 14:04:13,986 - log - INFO - iter:780/8100, clip_acc1=23.846155166625977, tta_acc1=0.5128205418586731
2025-06-13 14:04:13,986 - log - INFO - iter:780/8100, Original Acc@1: 23.85, Acc@5: 72.56, TTA Acc@1: 0.51, Acc@5: 41.92
2025-06-13 14:05:07,203 - log - INFO - iter:800/8100, clip_acc1=24.125, tta_acc1=0.5
2025-06-13 14:05:07,203 - log - INFO - iter:800/8100, Original Acc@1: 24.12, Acc@5: 72.75, TTA Acc@1: 0.50, Acc@5: 42.00
2025-06-13 14:06:00,373 - log - INFO - iter:820/8100, clip_acc1=23.90243911743164, tta_acc1=0.4878048896789551
2025-06-13 14:06:00,373 - log - INFO - iter:820/8100, Original Acc@1: 23.90, Acc@5: 72.56, TTA Acc@1: 0.49, Acc@5: 42.07
2025-06-13 14:06:53,783 - log - INFO - iter:840/8100, clip_acc1=23.69047737121582, tta_acc1=0.4761905074119568
2025-06-13 14:06:53,783 - log - INFO - iter:840/8100, Original Acc@1: 23.69, Acc@5: 72.38, TTA Acc@1: 0.48, Acc@5: 42.02
2025-06-13 14:07:47,042 - log - INFO - iter:860/8100, clip_acc1=23.604650497436523, tta_acc1=0.4651162624359131
2025-06-13 14:07:47,042 - log - INFO - iter:860/8100, Original Acc@1: 23.60, Acc@5: 72.33, TTA Acc@1: 0.47, Acc@5: 41.98
2025-06-13 14:08:40,294 - log - INFO - iter:880/8100, clip_acc1=23.295454025268555, tta_acc1=0.45454543828964233
2025-06-13 14:08:40,294 - log - INFO - iter:880/8100, Original Acc@1: 23.30, Acc@5: 72.27, TTA Acc@1: 0.45, Acc@5: 41.93
2025-06-13 14:09:33,537 - log - INFO - iter:900/8100, clip_acc1=23.0, tta_acc1=0.4444444477558136
2025-06-13 14:09:33,537 - log - INFO - iter:900/8100, Original Acc@1: 23.00, Acc@5: 72.44, TTA Acc@1: 0.44, Acc@5: 41.89
2025-06-13 14:10:26,797 - log - INFO - iter:920/8100, clip_acc1=22.499998092651367, tta_acc1=0.6521738767623901
2025-06-13 14:10:26,797 - log - INFO - iter:920/8100, Original Acc@1: 22.50, Acc@5: 72.50, TTA Acc@1: 0.65, Acc@5: 43.15
2025-06-13 14:11:20,170 - log - INFO - iter:940/8100, clip_acc1=22.234041213989258, tta_acc1=0.8510637879371643
2025-06-13 14:11:20,170 - log - INFO - iter:940/8100, Original Acc@1: 22.23, Acc@5: 71.91, TTA Acc@1: 0.85, Acc@5: 44.36
2025-06-13 14:12:13,311 - log - INFO - iter:960/8100, clip_acc1=21.875001907348633, tta_acc1=0.9375000596046448
2025-06-13 14:12:13,312 - log - INFO - iter:960/8100, Original Acc@1: 21.88, Acc@5: 71.25, TTA Acc@1: 0.94, Acc@5: 45.31
2025-06-13 14:13:06,435 - log - INFO - iter:980/8100, clip_acc1=21.428569793701172, tta_acc1=1.0204081535339355
2025-06-13 14:13:06,436 - log - INFO - iter:980/8100, Original Acc@1: 21.43, Acc@5: 70.31, TTA Acc@1: 1.02, Acc@5: 46.22
2025-06-13 14:13:59,693 - log - INFO - iter:1000/8100, clip_acc1=21.000001907348633, tta_acc1=1.100000023841858
2025-06-13 14:13:59,694 - log - INFO - iter:1000/8100, Original Acc@1: 21.00, Acc@5: 69.80, TTA Acc@1: 1.10, Acc@5: 47.10
2025-06-13 14:14:52,928 - log - INFO - iter:1020/8100, clip_acc1=20.980392456054688, tta_acc1=1.372549057006836
2025-06-13 14:14:52,928 - log - INFO - iter:1020/8100, Original Acc@1: 20.98, Acc@5: 69.51, TTA Acc@1: 1.37, Acc@5: 48.04
2025-06-13 14:15:47,133 - log - INFO - iter:1040/8100, clip_acc1=20.769229888916016, tta_acc1=1.7307692766189575
2025-06-13 14:15:47,133 - log - INFO - iter:1040/8100, Original Acc@1: 20.77, Acc@5: 69.04, TTA Acc@1: 1.73, Acc@5: 48.85
2025-06-13 14:16:40,546 - log - INFO - iter:1060/8100, clip_acc1=20.471698760986328, tta_acc1=1.7924528121948242
2025-06-13 14:16:40,546 - log - INFO - iter:1060/8100, Original Acc@1: 20.47, Acc@5: 68.49, TTA Acc@1: 1.79, Acc@5: 49.72
2025-06-13 14:17:33,708 - log - INFO - iter:1080/8100, clip_acc1=20.27777671813965, tta_acc1=2.129629611968994
2025-06-13 14:17:33,709 - log - INFO - iter:1080/8100, Original Acc@1: 20.28, Acc@5: 68.24, TTA Acc@1: 2.13, Acc@5: 50.65
2025-06-13 14:18:27,132 - log - INFO - iter:1100/8100, clip_acc1=20.18181800842285, tta_acc1=2.1818182468414307
2025-06-13 14:18:27,132 - log - INFO - iter:1100/8100, Original Acc@1: 20.18, Acc@5: 68.00, TTA Acc@1: 2.18, Acc@5: 51.55
2025-06-13 14:19:20,348 - log - INFO - iter:1120/8100, clip_acc1=20.089284896850586, tta_acc1=2.5
2025-06-13 14:19:20,349 - log - INFO - iter:1120/8100, Original Acc@1: 20.09, Acc@5: 67.95, TTA Acc@1: 2.50, Acc@5: 52.41
2025-06-13 14:20:13,675 - log - INFO - iter:1140/8100, clip_acc1=19.73684310913086, tta_acc1=2.7192983627319336
2025-06-13 14:20:13,675 - log - INFO - iter:1140/8100, Original Acc@1: 19.74, Acc@5: 67.54, TTA Acc@1: 2.72, Acc@5: 53.16
2025-06-13 14:21:06,909 - log - INFO - iter:1160/8100, clip_acc1=19.39655113220215, tta_acc1=2.7586207389831543
2025-06-13 14:21:06,909 - log - INFO - iter:1160/8100, Original Acc@1: 19.40, Acc@5: 67.41, TTA Acc@1: 2.76, Acc@5: 53.97
2025-06-13 14:22:00,188 - log - INFO - iter:1180/8100, clip_acc1=19.06779670715332, tta_acc1=3.0508475303649902
2025-06-13 14:22:00,188 - log - INFO - iter:1180/8100, Original Acc@1: 19.07, Acc@5: 67.20, TTA Acc@1: 3.05, Acc@5: 54.75
2025-06-13 14:22:53,339 - log - INFO - iter:1200/8100, clip_acc1=18.916667938232422, tta_acc1=3.1666667461395264
2025-06-13 14:22:53,339 - log - INFO - iter:1200/8100, Original Acc@1: 18.92, Acc@5: 66.92, TTA Acc@1: 3.17, Acc@5: 55.33
2025-06-13 14:23:46,658 - log - INFO - iter:1220/8100, clip_acc1=18.770492553710938, tta_acc1=3.278688430786133
2025-06-13 14:23:46,658 - log - INFO - iter:1220/8100, Original Acc@1: 18.77, Acc@5: 66.64, TTA Acc@1: 3.28, Acc@5: 55.98
2025-06-13 14:24:40,017 - log - INFO - iter:1240/8100, clip_acc1=18.70967674255371, tta_acc1=3.6290321350097656
2025-06-13 14:24:40,018 - log - INFO - iter:1240/8100, Original Acc@1: 18.71, Acc@5: 66.21, TTA Acc@1: 3.63, Acc@5: 56.69
2025-06-13 14:25:33,309 - log - INFO - iter:1260/8100, clip_acc1=18.41269874572754, tta_acc1=3.6507937908172607
2025-06-13 14:25:33,309 - log - INFO - iter:1260/8100, Original Acc@1: 18.41, Acc@5: 65.79, TTA Acc@1: 3.65, Acc@5: 57.38
2025-06-13 14:26:26,683 - log - INFO - iter:1280/8100, clip_acc1=18.28125, tta_acc1=3.59375
2025-06-13 14:26:26,684 - log - INFO - iter:1280/8100, Original Acc@1: 18.28, Acc@5: 65.62, TTA Acc@1: 3.59, Acc@5: 57.97
2025-06-13 14:27:20,073 - log - INFO - iter:1300/8100, clip_acc1=18.153846740722656, tta_acc1=3.615384578704834
2025-06-13 14:27:20,074 - log - INFO - iter:1300/8100, Original Acc@1: 18.15, Acc@5: 65.38, TTA Acc@1: 3.62, Acc@5: 58.54
2025-06-13 14:28:13,377 - log - INFO - iter:1320/8100, clip_acc1=17.954544067382812, tta_acc1=3.6363635063171387
2025-06-13 14:28:13,377 - log - INFO - iter:1320/8100, Original Acc@1: 17.95, Acc@5: 65.15, TTA Acc@1: 3.64, Acc@5: 59.02
2025-06-13 14:29:06,713 - log - INFO - iter:1340/8100, clip_acc1=17.8358211517334, tta_acc1=3.7313432693481445
2025-06-13 14:29:06,713 - log - INFO - iter:1340/8100, Original Acc@1: 17.84, Acc@5: 64.85, TTA Acc@1: 3.73, Acc@5: 59.55
2025-06-13 14:29:59,988 - log - INFO - iter:1360/8100, clip_acc1=17.72058868408203, tta_acc1=3.8970589637756348
2025-06-13 14:29:59,988 - log - INFO - iter:1360/8100, Original Acc@1: 17.72, Acc@5: 64.78, TTA Acc@1: 3.90, Acc@5: 60.15
2025-06-13 14:30:53,242 - log - INFO - iter:1380/8100, clip_acc1=17.60869598388672, tta_acc1=3.9855074882507324
2025-06-13 14:30:53,242 - log - INFO - iter:1380/8100, Original Acc@1: 17.61, Acc@5: 64.49, TTA Acc@1: 3.99, Acc@5: 60.65
2025-06-13 14:31:46,548 - log - INFO - iter:1400/8100, clip_acc1=17.428571701049805, tta_acc1=4.0
2025-06-13 14:31:46,548 - log - INFO - iter:1400/8100, Original Acc@1: 17.43, Acc@5: 64.43, TTA Acc@1: 4.00, Acc@5: 61.21
2025-06-13 14:32:39,827 - log - INFO - iter:1420/8100, clip_acc1=17.323942184448242, tta_acc1=4.1549296379089355
2025-06-13 14:32:39,828 - log - INFO - iter:1420/8100, Original Acc@1: 17.32, Acc@5: 64.23, TTA Acc@1: 4.15, Acc@5: 61.62
2025-06-13 14:33:33,129 - log - INFO - iter:1440/8100, clip_acc1=17.08333396911621, tta_acc1=4.1666669845581055
2025-06-13 14:33:33,129 - log - INFO - iter:1440/8100, Original Acc@1: 17.08, Acc@5: 63.75, TTA Acc@1: 4.17, Acc@5: 62.01
2025-06-13 14:34:26,316 - log - INFO - iter:1460/8100, clip_acc1=16.917808532714844, tta_acc1=4.109589099884033
2025-06-13 14:34:26,317 - log - INFO - iter:1460/8100, Original Acc@1: 16.92, Acc@5: 63.36, TTA Acc@1: 4.11, Acc@5: 62.53
2025-06-13 14:35:19,596 - log - INFO - iter:1480/8100, clip_acc1=16.95945930480957, tta_acc1=4.189189434051514
2025-06-13 14:35:19,596 - log - INFO - iter:1480/8100, Original Acc@1: 16.96, Acc@5: 63.51, TTA Acc@1: 4.19, Acc@5: 63.04
2025-06-13 14:36:13,079 - log - INFO - iter:1500/8100, clip_acc1=16.799999237060547, tta_acc1=4.333333492279053
2025-06-13 14:36:13,081 - log - INFO - iter:1500/8100, Original Acc@1: 16.80, Acc@5: 63.20, TTA Acc@1: 4.33, Acc@5: 63.47
2025-06-13 14:37:06,347 - log - INFO - iter:1520/8100, clip_acc1=16.710527420043945, tta_acc1=4.342105388641357
2025-06-13 14:37:06,347 - log - INFO - iter:1520/8100, Original Acc@1: 16.71, Acc@5: 63.03, TTA Acc@1: 4.34, Acc@5: 63.95
2025-06-13 14:37:59,620 - log - INFO - iter:1540/8100, clip_acc1=16.493505477905273, tta_acc1=4.415584564208984
2025-06-13 14:37:59,621 - log - INFO - iter:1540/8100, Original Acc@1: 16.49, Acc@5: 62.86, TTA Acc@1: 4.42, Acc@5: 64.29
2025-06-13 14:38:52,892 - log - INFO - iter:1560/8100, clip_acc1=16.346155166625977, tta_acc1=4.5512824058532715
2025-06-13 14:38:52,892 - log - INFO - iter:1560/8100, Original Acc@1: 16.35, Acc@5: 62.76, TTA Acc@1: 4.55, Acc@5: 64.74
2025-06-13 14:39:46,342 - log - INFO - iter:1580/8100, clip_acc1=16.265823364257812, tta_acc1=4.620253086090088
2025-06-13 14:39:46,342 - log - INFO - iter:1580/8100, Original Acc@1: 16.27, Acc@5: 62.78, TTA Acc@1: 4.62, Acc@5: 65.13
2025-06-13 14:40:42,444 - log - INFO - iter:1600/8100, clip_acc1=16.125, tta_acc1=4.5625
2025-06-13 14:40:42,445 - log - INFO - iter:1600/8100, Original Acc@1: 16.12, Acc@5: 62.56, TTA Acc@1: 4.56, Acc@5: 65.56
2025-06-13 14:41:35,718 - log - INFO - iter:1620/8100, clip_acc1=16.04938316345215, tta_acc1=4.567901611328125
2025-06-13 14:41:35,719 - log - INFO - iter:1620/8100, Original Acc@1: 16.05, Acc@5: 62.28, TTA Acc@1: 4.57, Acc@5: 65.86
2025-06-13 14:42:28,875 - log - INFO - iter:1640/8100, clip_acc1=15.914633750915527, tta_acc1=4.5731706619262695
2025-06-13 14:42:28,876 - log - INFO - iter:1640/8100, Original Acc@1: 15.91, Acc@5: 62.32, TTA Acc@1: 4.57, Acc@5: 66.10
2025-06-13 14:43:22,212 - log - INFO - iter:1660/8100, clip_acc1=15.722891807556152, tta_acc1=4.57831335067749
2025-06-13 14:43:22,213 - log - INFO - iter:1660/8100, Original Acc@1: 15.72, Acc@5: 62.11, TTA Acc@1: 4.58, Acc@5: 66.33
2025-06-13 14:44:15,481 - log - INFO - iter:1680/8100, clip_acc1=15.535715103149414, tta_acc1=4.642857551574707
2025-06-13 14:44:15,481 - log - INFO - iter:1680/8100, Original Acc@1: 15.54, Acc@5: 61.90, TTA Acc@1: 4.64, Acc@5: 66.73
2025-06-13 14:45:08,764 - log - INFO - iter:1700/8100, clip_acc1=15.352940559387207, tta_acc1=4.647058486938477
2025-06-13 14:45:08,764 - log - INFO - iter:1700/8100, Original Acc@1: 15.35, Acc@5: 61.65, TTA Acc@1: 4.65, Acc@5: 67.12
2025-06-13 14:46:02,007 - log - INFO - iter:1720/8100, clip_acc1=15.232558250427246, tta_acc1=4.651162624359131
2025-06-13 14:46:02,008 - log - INFO - iter:1720/8100, Original Acc@1: 15.23, Acc@5: 61.51, TTA Acc@1: 4.65, Acc@5: 67.50
2025-06-13 14:46:55,324 - log - INFO - iter:1740/8100, clip_acc1=15.17241382598877, tta_acc1=4.597701072692871
2025-06-13 14:46:55,325 - log - INFO - iter:1740/8100, Original Acc@1: 15.17, Acc@5: 61.32, TTA Acc@1: 4.60, Acc@5: 67.82
2025-06-13 14:47:48,661 - log - INFO - iter:1760/8100, clip_acc1=15.113636016845703, tta_acc1=4.545454502105713
2025-06-13 14:47:48,662 - log - INFO - iter:1760/8100, Original Acc@1: 15.11, Acc@5: 61.25, TTA Acc@1: 4.55, Acc@5: 68.07
2025-06-13 14:48:42,016 - log - INFO - iter:1780/8100, clip_acc1=14.943819999694824, tta_acc1=4.550561904907227
2025-06-13 14:48:42,017 - log - INFO - iter:1780/8100, Original Acc@1: 14.94, Acc@5: 61.35, TTA Acc@1: 4.55, Acc@5: 68.37
2025-06-13 14:49:35,269 - log - INFO - iter:1800/8100, clip_acc1=14.833333969116211, tta_acc1=4.611111164093018
2025-06-13 14:49:35,269 - log - INFO - iter:1800/8100, Original Acc@1: 14.83, Acc@5: 61.22, TTA Acc@1: 4.61, Acc@5: 68.72
2025-06-13 14:50:28,683 - log - INFO - iter:1820/8100, clip_acc1=14.670330047607422, tta_acc1=4.560439586639404
2025-06-13 14:50:28,683 - log - INFO - iter:1820/8100, Original Acc@1: 14.67, Acc@5: 60.93, TTA Acc@1: 4.56, Acc@5: 68.13
2025-06-13 14:51:22,010 - log - INFO - iter:1840/8100, clip_acc1=14.510869026184082, tta_acc1=4.51086950302124
2025-06-13 14:51:22,011 - log - INFO - iter:1840/8100, Original Acc@1: 14.51, Acc@5: 60.60, TTA Acc@1: 4.51, Acc@5: 67.55
2025-06-13 14:52:15,159 - log - INFO - iter:1860/8100, clip_acc1=14.354839324951172, tta_acc1=4.462365627288818
2025-06-13 14:52:15,159 - log - INFO - iter:1860/8100, Original Acc@1: 14.35, Acc@5: 60.27, TTA Acc@1: 4.46, Acc@5: 67.10
2025-06-13 14:53:08,399 - log - INFO - iter:1880/8100, clip_acc1=14.202127456665039, tta_acc1=4.414893627166748
2025-06-13 14:53:08,399 - log - INFO - iter:1880/8100, Original Acc@1: 14.20, Acc@5: 59.95, TTA Acc@1: 4.41, Acc@5: 66.54
2025-06-13 14:54:01,687 - log - INFO - iter:1900/8100, clip_acc1=14.052631378173828, tta_acc1=4.3684210777282715
2025-06-13 14:54:01,687 - log - INFO - iter:1900/8100, Original Acc@1: 14.05, Acc@5: 59.47, TTA Acc@1: 4.37, Acc@5: 66.05
2025-06-13 14:54:55,273 - log - INFO - iter:1920/8100, clip_acc1=13.906250953674316, tta_acc1=4.3229169845581055
2025-06-13 14:54:55,273 - log - INFO - iter:1920/8100, Original Acc@1: 13.91, Acc@5: 59.17, TTA Acc@1: 4.32, Acc@5: 65.68
2025-06-13 14:55:48,704 - log - INFO - iter:1940/8100, clip_acc1=13.762887001037598, tta_acc1=4.278350830078125
2025-06-13 14:55:48,704 - log - INFO - iter:1940/8100, Original Acc@1: 13.76, Acc@5: 58.81, TTA Acc@1: 4.28, Acc@5: 65.21
2025-06-13 14:56:41,865 - log - INFO - iter:1960/8100, clip_acc1=13.673468589782715, tta_acc1=4.23469352722168
2025-06-13 14:56:41,865 - log - INFO - iter:1960/8100, Original Acc@1: 13.67, Acc@5: 58.37, TTA Acc@1: 4.23, Acc@5: 64.85
2025-06-13 14:57:35,057 - log - INFO - iter:1980/8100, clip_acc1=13.535354614257812, tta_acc1=4.191919326782227
2025-06-13 14:57:35,057 - log - INFO - iter:1980/8100, Original Acc@1: 13.54, Acc@5: 57.98, TTA Acc@1: 4.19, Acc@5: 64.34
2025-06-13 14:58:32,566 - log - INFO - iter:2000/8100, clip_acc1=13.40000057220459, tta_acc1=4.150000095367432
2025-06-13 14:58:32,566 - log - INFO - iter:2000/8100, Original Acc@1: 13.40, Acc@5: 57.65, TTA Acc@1: 4.15, Acc@5: 64.00
2025-06-13 14:59:25,683 - log - INFO - iter:2020/8100, clip_acc1=13.267327308654785, tta_acc1=4.108911037445068
2025-06-13 14:59:25,683 - log - INFO - iter:2020/8100, Original Acc@1: 13.27, Acc@5: 57.33, TTA Acc@1: 4.11, Acc@5: 63.47
2025-06-13 15:00:18,816 - log - INFO - iter:2040/8100, clip_acc1=13.137255668640137, tta_acc1=4.117647171020508
2025-06-13 15:00:18,816 - log - INFO - iter:2040/8100, Original Acc@1: 13.14, Acc@5: 57.16, TTA Acc@1: 4.12, Acc@5: 63.14
2025-06-13 15:01:11,811 - log - INFO - iter:2060/8100, clip_acc1=13.009709358215332, tta_acc1=4.077670097351074
2025-06-13 15:01:11,811 - log - INFO - iter:2060/8100, Original Acc@1: 13.01, Acc@5: 56.89, TTA Acc@1: 4.08, Acc@5: 62.82
2025-06-13 15:02:04,799 - log - INFO - iter:2080/8100, clip_acc1=12.884614944458008, tta_acc1=4.038461685180664
2025-06-13 15:02:04,799 - log - INFO - iter:2080/8100, Original Acc@1: 12.88, Acc@5: 56.44, TTA Acc@1: 4.04, Acc@5: 62.45
2025-06-13 15:02:57,980 - log - INFO - iter:2100/8100, clip_acc1=12.7619047164917, tta_acc1=4.0
2025-06-13 15:02:57,980 - log - INFO - iter:2100/8100, Original Acc@1: 12.76, Acc@5: 56.10, TTA Acc@1: 4.00, Acc@5: 62.00
2025-06-13 15:03:50,959 - log - INFO - iter:2120/8100, clip_acc1=12.641510009765625, tta_acc1=3.9622642993927
2025-06-13 15:03:50,960 - log - INFO - iter:2120/8100, Original Acc@1: 12.64, Acc@5: 55.71, TTA Acc@1: 3.96, Acc@5: 61.70
2025-06-13 15:04:44,319 - log - INFO - iter:2140/8100, clip_acc1=12.523365020751953, tta_acc1=3.925233840942383
2025-06-13 15:04:44,319 - log - INFO - iter:2140/8100, Original Acc@1: 12.52, Acc@5: 55.23, TTA Acc@1: 3.93, Acc@5: 61.21
2025-06-13 15:05:37,776 - log - INFO - iter:2160/8100, clip_acc1=12.4074068069458, tta_acc1=3.935185194015503
2025-06-13 15:05:37,776 - log - INFO - iter:2160/8100, Original Acc@1: 12.41, Acc@5: 55.09, TTA Acc@1: 3.94, Acc@5: 60.93
2025-06-13 15:06:31,273 - log - INFO - iter:2180/8100, clip_acc1=12.293578147888184, tta_acc1=3.899082660675049
2025-06-13 15:06:31,274 - log - INFO - iter:2180/8100, Original Acc@1: 12.29, Acc@5: 54.86, TTA Acc@1: 3.90, Acc@5: 60.64
2025-06-13 15:07:24,654 - log - INFO - iter:2200/8100, clip_acc1=12.181818008422852, tta_acc1=3.8636364936828613
2025-06-13 15:07:24,654 - log - INFO - iter:2200/8100, Original Acc@1: 12.18, Acc@5: 54.68, TTA Acc@1: 3.86, Acc@5: 60.45
2025-06-13 15:08:18,013 - log - INFO - iter:2220/8100, clip_acc1=12.07207202911377, tta_acc1=3.828828811645508
2025-06-13 15:08:18,013 - log - INFO - iter:2220/8100, Original Acc@1: 12.07, Acc@5: 54.37, TTA Acc@1: 3.83, Acc@5: 60.00
2025-06-13 15:09:11,398 - log - INFO - iter:2240/8100, clip_acc1=11.964285850524902, tta_acc1=3.794642925262451
2025-06-13 15:09:11,399 - log - INFO - iter:2240/8100, Original Acc@1: 11.96, Acc@5: 54.06, TTA Acc@1: 3.79, Acc@5: 59.73
2025-06-13 15:10:04,835 - log - INFO - iter:2260/8100, clip_acc1=11.858407020568848, tta_acc1=3.761061906814575
2025-06-13 15:10:04,835 - log - INFO - iter:2260/8100, Original Acc@1: 11.86, Acc@5: 54.03, TTA Acc@1: 3.76, Acc@5: 59.51
2025-06-13 15:10:58,222 - log - INFO - iter:2280/8100, clip_acc1=11.754385948181152, tta_acc1=3.7280702590942383
2025-06-13 15:10:58,222 - log - INFO - iter:2280/8100, Original Acc@1: 11.75, Acc@5: 53.60, TTA Acc@1: 3.73, Acc@5: 59.21
2025-06-13 15:11:51,478 - log - INFO - iter:2300/8100, clip_acc1=11.65217399597168, tta_acc1=3.7391304969787598
2025-06-13 15:11:51,478 - log - INFO - iter:2300/8100, Original Acc@1: 11.65, Acc@5: 53.48, TTA Acc@1: 3.74, Acc@5: 59.13
2025-06-13 15:12:44,707 - log - INFO - iter:2320/8100, clip_acc1=11.551724433898926, tta_acc1=3.7068965435028076
2025-06-13 15:12:44,707 - log - INFO - iter:2320/8100, Original Acc@1: 11.55, Acc@5: 53.15, TTA Acc@1: 3.71, Acc@5: 58.79
2025-06-13 15:13:37,961 - log - INFO - iter:2340/8100, clip_acc1=11.452991485595703, tta_acc1=3.6752138137817383
2025-06-13 15:13:37,962 - log - INFO - iter:2340/8100, Original Acc@1: 11.45, Acc@5: 53.03, TTA Acc@1: 3.68, Acc@5: 58.63
2025-06-13 15:14:31,241 - log - INFO - iter:2360/8100, clip_acc1=11.355932235717773, tta_acc1=3.6440677642822266
2025-06-13 15:14:31,242 - log - INFO - iter:2360/8100, Original Acc@1: 11.36, Acc@5: 52.92, TTA Acc@1: 3.64, Acc@5: 58.35
2025-06-13 15:15:24,861 - log - INFO - iter:2380/8100, clip_acc1=11.260504722595215, tta_acc1=3.613445520401001
2025-06-13 15:15:24,861 - log - INFO - iter:2380/8100, Original Acc@1: 11.26, Acc@5: 52.82, TTA Acc@1: 3.61, Acc@5: 58.11
2025-06-13 15:16:18,382 - log - INFO - iter:2400/8100, clip_acc1=11.166666984558105, tta_acc1=3.5833334922790527
2025-06-13 15:16:18,383 - log - INFO - iter:2400/8100, Original Acc@1: 11.17, Acc@5: 52.62, TTA Acc@1: 3.58, Acc@5: 57.79
2025-06-13 15:17:11,117 - log - INFO - iter:2420/8100, clip_acc1=11.074379920959473, tta_acc1=3.595041275024414
2025-06-13 15:17:11,117 - log - INFO - iter:2420/8100, Original Acc@1: 11.07, Acc@5: 52.48, TTA Acc@1: 3.60, Acc@5: 57.56
2025-06-13 15:18:04,117 - log - INFO - iter:2440/8100, clip_acc1=11.024590492248535, tta_acc1=3.6065573692321777
2025-06-13 15:18:04,118 - log - INFO - iter:2440/8100, Original Acc@1: 11.02, Acc@5: 52.34, TTA Acc@1: 3.61, Acc@5: 57.21
2025-06-13 15:18:57,460 - log - INFO - iter:2460/8100, clip_acc1=10.934959411621094, tta_acc1=3.577235698699951
2025-06-13 15:18:57,461 - log - INFO - iter:2460/8100, Original Acc@1: 10.93, Acc@5: 52.11, TTA Acc@1: 3.58, Acc@5: 56.79
2025-06-13 15:19:50,717 - log - INFO - iter:2480/8100, clip_acc1=10.887096405029297, tta_acc1=3.548387050628662
2025-06-13 15:19:50,717 - log - INFO - iter:2480/8100, Original Acc@1: 10.89, Acc@5: 51.94, TTA Acc@1: 3.55, Acc@5: 56.65
2025-06-13 15:20:43,891 - log - INFO - iter:2500/8100, clip_acc1=10.800000190734863, tta_acc1=3.5199999809265137
2025-06-13 15:20:43,892 - log - INFO - iter:2500/8100, Original Acc@1: 10.80, Acc@5: 51.84, TTA Acc@1: 3.52, Acc@5: 56.72
2025-06-13 15:21:43,736 - log - INFO - iter:2520/8100, clip_acc1=10.714285850524902, tta_acc1=3.492063522338867
2025-06-13 15:21:43,737 - log - INFO - iter:2520/8100, Original Acc@1: 10.71, Acc@5: 51.79, TTA Acc@1: 3.49, Acc@5: 56.63
2025-06-13 15:22:37,007 - log - INFO - iter:2540/8100, clip_acc1=10.629920959472656, tta_acc1=3.503937005996704
2025-06-13 15:22:37,007 - log - INFO - iter:2540/8100, Original Acc@1: 10.63, Acc@5: 51.61, TTA Acc@1: 3.50, Acc@5: 56.38
2025-06-13 15:23:30,093 - log - INFO - iter:2560/8100, clip_acc1=10.546875, tta_acc1=3.4765625
2025-06-13 15:23:30,094 - log - INFO - iter:2560/8100, Original Acc@1: 10.55, Acc@5: 51.37, TTA Acc@1: 3.48, Acc@5: 56.17
2025-06-13 15:24:23,175 - log - INFO - iter:2580/8100, clip_acc1=10.465116500854492, tta_acc1=3.4496123790740967
2025-06-13 15:24:23,176 - log - INFO - iter:2580/8100, Original Acc@1: 10.47, Acc@5: 51.20, TTA Acc@1: 3.45, Acc@5: 55.93
2025-06-13 15:25:16,323 - log - INFO - iter:2600/8100, clip_acc1=10.384614944458008, tta_acc1=3.423076868057251
2025-06-13 15:25:16,323 - log - INFO - iter:2600/8100, Original Acc@1: 10.38, Acc@5: 50.96, TTA Acc@1: 3.42, Acc@5: 55.69
2025-06-13 15:26:09,201 - log - INFO - iter:2620/8100, clip_acc1=10.305343627929688, tta_acc1=3.396946668624878
2025-06-13 15:26:09,202 - log - INFO - iter:2620/8100, Original Acc@1: 10.31, Acc@5: 50.84, TTA Acc@1: 3.40, Acc@5: 55.50
2025-06-13 15:27:02,204 - log - INFO - iter:2640/8100, clip_acc1=10.227272033691406, tta_acc1=3.3712120056152344
2025-06-13 15:27:02,205 - log - INFO - iter:2640/8100, Original Acc@1: 10.23, Acc@5: 50.72, TTA Acc@1: 3.37, Acc@5: 55.34
2025-06-13 15:27:55,484 - log - INFO - iter:2660/8100, clip_acc1=10.150376319885254, tta_acc1=3.345864772796631
2025-06-13 15:27:55,484 - log - INFO - iter:2660/8100, Original Acc@1: 10.15, Acc@5: 50.56, TTA Acc@1: 3.35, Acc@5: 55.19
2025-06-13 15:28:48,691 - log - INFO - iter:2680/8100, clip_acc1=10.074626922607422, tta_acc1=3.3208954334259033
2025-06-13 15:28:48,692 - log - INFO - iter:2680/8100, Original Acc@1: 10.07, Acc@5: 50.34, TTA Acc@1: 3.32, Acc@5: 54.96
2025-06-13 15:29:41,614 - log - INFO - iter:2700/8100, clip_acc1=10.037036895751953, tta_acc1=3.2962963581085205
2025-06-13 15:29:41,614 - log - INFO - iter:2700/8100, Original Acc@1: 10.04, Acc@5: 50.19, TTA Acc@1: 3.30, Acc@5: 54.70
2025-06-13 15:30:34,944 - log - INFO - iter:2720/8100, clip_acc1=10.147059440612793, tta_acc1=3.713235378265381
2025-06-13 15:30:34,944 - log - INFO - iter:2720/8100, Original Acc@1: 10.15, Acc@5: 50.33, TTA Acc@1: 3.71, Acc@5: 55.04
2025-06-13 15:31:28,327 - log - INFO - iter:2740/8100, clip_acc1=10.218977928161621, tta_acc1=4.270072937011719
2025-06-13 15:31:28,327 - log - INFO - iter:2740/8100, Original Acc@1: 10.22, Acc@5: 50.55, TTA Acc@1: 4.27, Acc@5: 55.33
2025-06-13 15:32:21,676 - log - INFO - iter:2760/8100, clip_acc1=10.398550987243652, tta_acc1=4.746376991271973
2025-06-13 15:32:21,676 - log - INFO - iter:2760/8100, Original Acc@1: 10.40, Acc@5: 50.69, TTA Acc@1: 4.75, Acc@5: 55.65
2025-06-13 15:33:15,023 - log - INFO - iter:2780/8100, clip_acc1=10.431654930114746, tta_acc1=5.215827465057373
2025-06-13 15:33:15,023 - log - INFO - iter:2780/8100, Original Acc@1: 10.43, Acc@5: 50.97, TTA Acc@1: 5.22, Acc@5: 55.97
2025-06-13 15:34:08,306 - log - INFO - iter:2800/8100, clip_acc1=10.535714149475098, tta_acc1=5.75
2025-06-13 15:34:08,306 - log - INFO - iter:2800/8100, Original Acc@1: 10.54, Acc@5: 51.11, TTA Acc@1: 5.75, Acc@5: 56.29
2025-06-13 15:35:01,456 - log - INFO - iter:2820/8100, clip_acc1=10.602836608886719, tta_acc1=6.205673694610596
2025-06-13 15:35:01,456 - log - INFO - iter:2820/8100, Original Acc@1: 10.60, Acc@5: 51.31, TTA Acc@1: 6.21, Acc@5: 56.60
2025-06-13 15:35:54,609 - log - INFO - iter:2840/8100, clip_acc1=10.669013977050781, tta_acc1=6.725351810455322
2025-06-13 15:35:54,610 - log - INFO - iter:2840/8100, Original Acc@1: 10.67, Acc@5: 51.51, TTA Acc@1: 6.73, Acc@5: 56.90
2025-06-13 15:36:47,744 - log - INFO - iter:2860/8100, clip_acc1=10.73426628112793, tta_acc1=7.2027974128723145
2025-06-13 15:36:47,745 - log - INFO - iter:2860/8100, Original Acc@1: 10.73, Acc@5: 51.78, TTA Acc@1: 7.20, Acc@5: 57.20
2025-06-13 15:37:41,036 - log - INFO - iter:2880/8100, clip_acc1=10.86805534362793, tta_acc1=7.6041669845581055
2025-06-13 15:37:41,036 - log - INFO - iter:2880/8100, Original Acc@1: 10.87, Acc@5: 52.01, TTA Acc@1: 7.60, Acc@5: 57.47
2025-06-13 15:38:34,228 - log - INFO - iter:2900/8100, clip_acc1=11.0, tta_acc1=8.137930870056152
2025-06-13 15:38:34,228 - log - INFO - iter:2900/8100, Original Acc@1: 11.00, Acc@5: 52.17, TTA Acc@1: 8.14, Acc@5: 57.76
2025-06-13 15:39:27,453 - log - INFO - iter:2920/8100, clip_acc1=11.061644554138184, tta_acc1=8.63013744354248
2025-06-13 15:39:27,453 - log - INFO - iter:2920/8100, Original Acc@1: 11.06, Acc@5: 52.29, TTA Acc@1: 8.63, Acc@5: 58.05
2025-06-13 15:40:20,824 - log - INFO - iter:2940/8100, clip_acc1=11.122448921203613, tta_acc1=9.013605117797852
2025-06-13 15:40:20,825 - log - INFO - iter:2940/8100, Original Acc@1: 11.12, Acc@5: 52.41, TTA Acc@1: 9.01, Acc@5: 58.27
2025-06-13 15:41:14,173 - log - INFO - iter:2960/8100, clip_acc1=11.317567825317383, tta_acc1=9.425676345825195
2025-06-13 15:41:14,173 - log - INFO - iter:2960/8100, Original Acc@1: 11.32, Acc@5: 52.60, TTA Acc@1: 9.43, Acc@5: 58.55
2025-06-13 15:42:08,658 - log - INFO - iter:2980/8100, clip_acc1=11.375839233398438, tta_acc1=9.89932918548584
2025-06-13 15:42:08,659 - log - INFO - iter:2980/8100, Original Acc@1: 11.38, Acc@5: 52.82, TTA Acc@1: 9.90, Acc@5: 58.83
2025-06-13 15:43:02,223 - log - INFO - iter:3000/8100, clip_acc1=11.566666603088379, tta_acc1=10.333333015441895
2025-06-13 15:43:02,224 - log - INFO - iter:3000/8100, Original Acc@1: 11.57, Acc@5: 53.00, TTA Acc@1: 10.33, Acc@5: 59.10
2025-06-13 15:43:55,323 - log - INFO - iter:3020/8100, clip_acc1=11.622516632080078, tta_acc1=10.827815055847168
2025-06-13 15:43:55,323 - log - INFO - iter:3020/8100, Original Acc@1: 11.62, Acc@5: 53.05, TTA Acc@1: 10.83, Acc@5: 59.37
2025-06-13 15:44:48,675 - log - INFO - iter:3040/8100, clip_acc1=11.710526466369629, tta_acc1=11.217105865478516
2025-06-13 15:44:48,676 - log - INFO - iter:3040/8100, Original Acc@1: 11.71, Acc@5: 53.29, TTA Acc@1: 11.22, Acc@5: 59.61
2025-06-13 15:45:42,193 - log - INFO - iter:3060/8100, clip_acc1=11.830065727233887, tta_acc1=11.732026100158691
2025-06-13 15:45:42,194 - log - INFO - iter:3060/8100, Original Acc@1: 11.83, Acc@5: 53.40, TTA Acc@1: 11.73, Acc@5: 59.87
2025-06-13 15:46:35,450 - log - INFO - iter:3080/8100, clip_acc1=12.01298713684082, tta_acc1=12.045454025268555
2025-06-13 15:46:35,450 - log - INFO - iter:3080/8100, Original Acc@1: 12.01, Acc@5: 53.60, TTA Acc@1: 12.05, Acc@5: 60.13
2025-06-13 15:47:28,881 - log - INFO - iter:3100/8100, clip_acc1=12.161291122436523, tta_acc1=12.451613426208496
2025-06-13 15:47:28,881 - log - INFO - iter:3100/8100, Original Acc@1: 12.16, Acc@5: 53.84, TTA Acc@1: 12.45, Acc@5: 60.39
2025-06-13 15:48:22,287 - log - INFO - iter:3120/8100, clip_acc1=12.275641441345215, tta_acc1=12.756410598754883
2025-06-13 15:48:22,288 - log - INFO - iter:3120/8100, Original Acc@1: 12.28, Acc@5: 54.10, TTA Acc@1: 12.76, Acc@5: 60.61
2025-06-13 15:49:15,405 - log - INFO - iter:3140/8100, clip_acc1=12.324840545654297, tta_acc1=13.216560363769531
2025-06-13 15:49:15,405 - log - INFO - iter:3140/8100, Original Acc@1: 12.32, Acc@5: 54.20, TTA Acc@1: 13.22, Acc@5: 60.86
2025-06-13 15:50:12,253 - log - INFO - iter:3160/8100, clip_acc1=12.5, tta_acc1=13.670886039733887
2025-06-13 15:50:12,254 - log - INFO - iter:3160/8100, Original Acc@1: 12.50, Acc@5: 54.30, TTA Acc@1: 13.67, Acc@5: 61.11
2025-06-13 15:51:05,939 - log - INFO - iter:3180/8100, clip_acc1=12.54716968536377, tta_acc1=14.08804988861084
2025-06-13 15:51:05,939 - log - INFO - iter:3180/8100, Original Acc@1: 12.55, Acc@5: 54.40, TTA Acc@1: 14.09, Acc@5: 61.35
2025-06-13 15:51:59,373 - log - INFO - iter:3200/8100, clip_acc1=12.65625, tta_acc1=14.5625
2025-06-13 15:51:59,373 - log - INFO - iter:3200/8100, Original Acc@1: 12.66, Acc@5: 54.56, TTA Acc@1: 14.56, Acc@5: 61.59
2025-06-13 15:52:52,726 - log - INFO - iter:3220/8100, clip_acc1=12.79503059387207, tta_acc1=14.96894359588623
2025-06-13 15:52:52,726 - log - INFO - iter:3220/8100, Original Acc@1: 12.80, Acc@5: 54.66, TTA Acc@1: 14.97, Acc@5: 61.80
2025-06-13 15:53:46,071 - log - INFO - iter:3240/8100, clip_acc1=12.901235580444336, tta_acc1=15.401235580444336
2025-06-13 15:53:46,071 - log - INFO - iter:3240/8100, Original Acc@1: 12.90, Acc@5: 54.88, TTA Acc@1: 15.40, Acc@5: 62.04
2025-06-13 15:54:39,634 - log - INFO - iter:3260/8100, clip_acc1=12.975460052490234, tta_acc1=15.736196517944336
2025-06-13 15:54:39,635 - log - INFO - iter:3260/8100, Original Acc@1: 12.98, Acc@5: 55.06, TTA Acc@1: 15.74, Acc@5: 62.27
2025-06-13 15:55:32,970 - log - INFO - iter:3280/8100, clip_acc1=13.018292427062988, tta_acc1=16.09756088256836
2025-06-13 15:55:32,971 - log - INFO - iter:3280/8100, Original Acc@1: 13.02, Acc@5: 55.30, TTA Acc@1: 16.10, Acc@5: 62.50
2025-06-13 15:56:25,948 - log - INFO - iter:3300/8100, clip_acc1=13.090909004211426, tta_acc1=16.545454025268555
2025-06-13 15:56:25,948 - log - INFO - iter:3300/8100, Original Acc@1: 13.09, Acc@5: 55.39, TTA Acc@1: 16.55, Acc@5: 62.70
2025-06-13 15:57:18,992 - log - INFO - iter:3320/8100, clip_acc1=13.102410316467285, tta_acc1=16.927711486816406
2025-06-13 15:57:18,992 - log - INFO - iter:3320/8100, Original Acc@1: 13.10, Acc@5: 55.57, TTA Acc@1: 16.93, Acc@5: 62.92
2025-06-13 15:58:12,493 - log - INFO - iter:3340/8100, clip_acc1=13.11377239227295, tta_acc1=17.305389404296875
2025-06-13 15:58:12,493 - log - INFO - iter:3340/8100, Original Acc@1: 13.11, Acc@5: 55.63, TTA Acc@1: 17.31, Acc@5: 63.14
2025-06-13 15:59:05,857 - log - INFO - iter:3360/8100, clip_acc1=13.09523868560791, tta_acc1=17.6488094329834
2025-06-13 15:59:05,857 - log - INFO - iter:3360/8100, Original Acc@1: 13.10, Acc@5: 55.68, TTA Acc@1: 17.65, Acc@5: 63.33
2025-06-13 15:59:59,141 - log - INFO - iter:3380/8100, clip_acc1=13.165679931640625, tta_acc1=17.958580017089844
2025-06-13 15:59:59,142 - log - INFO - iter:3380/8100, Original Acc@1: 13.17, Acc@5: 55.83, TTA Acc@1: 17.96, Acc@5: 63.55
2025-06-13 16:00:52,342 - log - INFO - iter:3400/8100, clip_acc1=13.147058486938477, tta_acc1=18.294116973876953
2025-06-13 16:00:52,342 - log - INFO - iter:3400/8100, Original Acc@1: 13.15, Acc@5: 55.97, TTA Acc@1: 18.29, Acc@5: 63.76
2025-06-13 16:01:45,992 - log - INFO - iter:3420/8100, clip_acc1=13.245614051818848, tta_acc1=18.713449478149414
2025-06-13 16:01:45,993 - log - INFO - iter:3420/8100, Original Acc@1: 13.25, Acc@5: 56.17, TTA Acc@1: 18.71, Acc@5: 63.98
2025-06-13 16:02:39,705 - log - INFO - iter:3440/8100, clip_acc1=13.343023300170898, tta_acc1=19.011627197265625
2025-06-13 16:02:39,705 - log - INFO - iter:3440/8100, Original Acc@1: 13.34, Acc@5: 56.28, TTA Acc@1: 19.01, Acc@5: 64.16
2025-06-13 16:03:33,137 - log - INFO - iter:3460/8100, clip_acc1=13.439306259155273, tta_acc1=19.248554229736328
2025-06-13 16:03:33,138 - log - INFO - iter:3460/8100, Original Acc@1: 13.44, Acc@5: 56.30, TTA Acc@1: 19.25, Acc@5: 64.34
2025-06-13 16:04:26,363 - log - INFO - iter:3480/8100, clip_acc1=13.505746841430664, tta_acc1=19.65517234802246
2025-06-13 16:04:26,364 - log - INFO - iter:3480/8100, Original Acc@1: 13.51, Acc@5: 56.38, TTA Acc@1: 19.66, Acc@5: 64.54
2025-06-13 16:05:20,877 - log - INFO - iter:3500/8100, clip_acc1=13.571428298950195, tta_acc1=20.02857208251953
2025-06-13 16:05:20,877 - log - INFO - iter:3500/8100, Original Acc@1: 13.57, Acc@5: 56.40, TTA Acc@1: 20.03, Acc@5: 64.74
2025-06-13 16:06:14,107 - log - INFO - iter:3520/8100, clip_acc1=13.664772033691406, tta_acc1=20.34090805053711
2025-06-13 16:06:14,107 - log - INFO - iter:3520/8100, Original Acc@1: 13.66, Acc@5: 56.45, TTA Acc@1: 20.34, Acc@5: 64.94
2025-06-13 16:07:07,472 - log - INFO - iter:3540/8100, clip_acc1=13.700565338134766, tta_acc1=20.59322166442871
2025-06-13 16:07:07,472 - log - INFO - iter:3540/8100, Original Acc@1: 13.70, Acc@5: 56.50, TTA Acc@1: 20.59, Acc@5: 65.11
2025-06-13 16:08:00,988 - log - INFO - iter:3560/8100, clip_acc1=13.67977523803711, tta_acc1=20.870786666870117
2025-06-13 16:08:00,988 - log - INFO - iter:3560/8100, Original Acc@1: 13.68, Acc@5: 56.46, TTA Acc@1: 20.87, Acc@5: 65.28
2025-06-13 16:08:54,242 - log - INFO - iter:3580/8100, clip_acc1=13.631284713745117, tta_acc1=21.089384078979492
2025-06-13 16:08:54,243 - log - INFO - iter:3580/8100, Original Acc@1: 13.63, Acc@5: 56.48, TTA Acc@1: 21.09, Acc@5: 65.47
2025-06-13 16:09:47,448 - log - INFO - iter:3600/8100, clip_acc1=13.722222328186035, tta_acc1=21.416667938232422
2025-06-13 16:09:47,448 - log - INFO - iter:3600/8100, Original Acc@1: 13.72, Acc@5: 56.56, TTA Acc@1: 21.42, Acc@5: 65.67
2025-06-13 16:10:40,676 - log - INFO - iter:3620/8100, clip_acc1=13.729281425476074, tta_acc1=21.823204040527344
2025-06-13 16:10:40,676 - log - INFO - iter:3620/8100, Original Acc@1: 13.73, Acc@5: 56.66, TTA Acc@1: 21.82, Acc@5: 65.86
2025-06-13 16:11:33,970 - log - INFO - iter:3640/8100, clip_acc1=13.79120922088623, tta_acc1=22.087913513183594
2025-06-13 16:11:33,970 - log - INFO - iter:3640/8100, Original Acc@1: 13.79, Acc@5: 56.62, TTA Acc@1: 22.09, Acc@5: 66.04
2025-06-13 16:12:27,364 - log - INFO - iter:3660/8100, clip_acc1=13.8251371383667, tta_acc1=22.295082092285156
2025-06-13 16:12:27,365 - log - INFO - iter:3660/8100, Original Acc@1: 13.83, Acc@5: 56.56, TTA Acc@1: 22.30, Acc@5: 66.23
2025-06-13 16:13:20,634 - log - INFO - iter:3680/8100, clip_acc1=13.777173042297363, tta_acc1=22.44565200805664
2025-06-13 16:13:20,634 - log - INFO - iter:3680/8100, Original Acc@1: 13.78, Acc@5: 56.55, TTA Acc@1: 22.45, Acc@5: 66.39
2025-06-13 16:14:13,979 - log - INFO - iter:3700/8100, clip_acc1=13.810811042785645, tta_acc1=22.70270347595215
2025-06-13 16:14:13,979 - log - INFO - iter:3700/8100, Original Acc@1: 13.81, Acc@5: 56.59, TTA Acc@1: 22.70, Acc@5: 66.54
2025-06-13 16:15:07,120 - log - INFO - iter:3720/8100, clip_acc1=13.844086647033691, tta_acc1=22.956989288330078
2025-06-13 16:15:07,120 - log - INFO - iter:3720/8100, Original Acc@1: 13.84, Acc@5: 56.56, TTA Acc@1: 22.96, Acc@5: 66.69
2025-06-13 16:16:00,168 - log - INFO - iter:3740/8100, clip_acc1=13.877005577087402, tta_acc1=23.262033462524414
2025-06-13 16:16:00,168 - log - INFO - iter:3740/8100, Original Acc@1: 13.88, Acc@5: 56.66, TTA Acc@1: 23.26, Acc@5: 66.84
2025-06-13 16:16:53,375 - log - INFO - iter:3760/8100, clip_acc1=13.882978439331055, tta_acc1=23.510637283325195
2025-06-13 16:16:53,376 - log - INFO - iter:3760/8100, Original Acc@1: 13.88, Acc@5: 56.68, TTA Acc@1: 23.51, Acc@5: 67.02
2025-06-13 16:17:46,678 - log - INFO - iter:3780/8100, clip_acc1=13.835979461669922, tta_acc1=23.703704833984375
2025-06-13 16:17:46,678 - log - INFO - iter:3780/8100, Original Acc@1: 13.84, Acc@5: 56.72, TTA Acc@1: 23.70, Acc@5: 67.20
2025-06-13 16:18:39,957 - log - INFO - iter:3800/8100, clip_acc1=13.8421049118042, tta_acc1=23.999998092651367
2025-06-13 16:18:39,957 - log - INFO - iter:3800/8100, Original Acc@1: 13.84, Acc@5: 56.76, TTA Acc@1: 24.00, Acc@5: 67.37
2025-06-13 16:19:33,384 - log - INFO - iter:3820/8100, clip_acc1=13.848167419433594, tta_acc1=24.24083709716797
2025-06-13 16:19:33,384 - log - INFO - iter:3820/8100, Original Acc@1: 13.85, Acc@5: 56.65, TTA Acc@1: 24.24, Acc@5: 67.51
2025-06-13 16:20:26,579 - log - INFO - iter:3840/8100, clip_acc1=13.880208969116211, tta_acc1=24.401042938232422
2025-06-13 16:20:26,579 - log - INFO - iter:3840/8100, Original Acc@1: 13.88, Acc@5: 56.69, TTA Acc@1: 24.40, Acc@5: 67.68
2025-06-13 16:21:19,810 - log - INFO - iter:3860/8100, clip_acc1=13.86010456085205, tta_acc1=24.637306213378906
2025-06-13 16:21:19,810 - log - INFO - iter:3860/8100, Original Acc@1: 13.86, Acc@5: 56.68, TTA Acc@1: 24.64, Acc@5: 67.85
2025-06-13 16:22:12,997 - log - INFO - iter:3880/8100, clip_acc1=13.917526245117188, tta_acc1=24.948453903198242
2025-06-13 16:22:12,998 - log - INFO - iter:3880/8100, Original Acc@1: 13.92, Acc@5: 56.75, TTA Acc@1: 24.95, Acc@5: 68.02
2025-06-13 16:23:06,247 - log - INFO - iter:3900/8100, clip_acc1=13.923076629638672, tta_acc1=25.179485321044922
2025-06-13 16:23:06,248 - log - INFO - iter:3900/8100, Original Acc@1: 13.92, Acc@5: 56.74, TTA Acc@1: 25.18, Acc@5: 68.18
2025-06-13 16:23:59,462 - log - INFO - iter:3920/8100, clip_acc1=13.903060913085938, tta_acc1=25.433671951293945
2025-06-13 16:23:59,462 - log - INFO - iter:3920/8100, Original Acc@1: 13.90, Acc@5: 56.81, TTA Acc@1: 25.43, Acc@5: 68.34
2025-06-13 16:24:52,681 - log - INFO - iter:3940/8100, clip_acc1=13.908629417419434, tta_acc1=25.65989875793457
2025-06-13 16:24:52,682 - log - INFO - iter:3940/8100, Original Acc@1: 13.91, Acc@5: 56.80, TTA Acc@1: 25.66, Acc@5: 68.50
2025-06-13 16:25:45,966 - log - INFO - iter:3960/8100, clip_acc1=13.914141654968262, tta_acc1=25.90909194946289
2025-06-13 16:25:45,967 - log - INFO - iter:3960/8100, Original Acc@1: 13.91, Acc@5: 56.84, TTA Acc@1: 25.91, Acc@5: 68.66
2025-06-13 16:26:39,567 - log - INFO - iter:3980/8100, clip_acc1=13.944723129272461, tta_acc1=26.155778884887695
2025-06-13 16:26:39,567 - log - INFO - iter:3980/8100, Original Acc@1: 13.94, Acc@5: 56.91, TTA Acc@1: 26.16, Acc@5: 68.79
2025-06-13 16:27:32,705 - log - INFO - iter:4000/8100, clip_acc1=13.950000762939453, tta_acc1=26.375001907348633
2025-06-13 16:27:32,705 - log - INFO - iter:4000/8100, Original Acc@1: 13.95, Acc@5: 56.98, TTA Acc@1: 26.38, Acc@5: 68.93
2025-06-13 16:28:25,887 - log - INFO - iter:4020/8100, clip_acc1=14.029850959777832, tta_acc1=26.61691665649414
2025-06-13 16:28:25,887 - log - INFO - iter:4020/8100, Original Acc@1: 14.03, Acc@5: 56.99, TTA Acc@1: 26.62, Acc@5: 69.08
2025-06-13 16:29:19,110 - log - INFO - iter:4040/8100, clip_acc1=14.059406280517578, tta_acc1=26.881189346313477
2025-06-13 16:29:19,110 - log - INFO - iter:4040/8100, Original Acc@1: 14.06, Acc@5: 57.08, TTA Acc@1: 26.88, Acc@5: 69.21
2025-06-13 16:30:12,594 - log - INFO - iter:4060/8100, clip_acc1=14.113301277160645, tta_acc1=27.118227005004883
2025-06-13 16:30:12,594 - log - INFO - iter:4060/8100, Original Acc@1: 14.11, Acc@5: 57.19, TTA Acc@1: 27.12, Acc@5: 69.36
2025-06-13 16:31:05,941 - log - INFO - iter:4080/8100, clip_acc1=14.191177368164062, tta_acc1=27.426471710205078
2025-06-13 16:31:05,941 - log - INFO - iter:4080/8100, Original Acc@1: 14.19, Acc@5: 57.30, TTA Acc@1: 27.43, Acc@5: 69.51
2025-06-13 16:31:59,397 - log - INFO - iter:4100/8100, clip_acc1=14.243902206420898, tta_acc1=27.731706619262695
2025-06-13 16:31:59,397 - log - INFO - iter:4100/8100, Original Acc@1: 14.24, Acc@5: 57.29, TTA Acc@1: 27.73, Acc@5: 69.66
2025-06-13 16:32:52,672 - log - INFO - iter:4120/8100, clip_acc1=14.296116828918457, tta_acc1=27.912622451782227
2025-06-13 16:32:52,672 - log - INFO - iter:4120/8100, Original Acc@1: 14.30, Acc@5: 57.33, TTA Acc@1: 27.91, Acc@5: 69.81
2025-06-13 16:33:45,881 - log - INFO - iter:4140/8100, clip_acc1=14.275362014770508, tta_acc1=28.04347801208496
2025-06-13 16:33:45,881 - log - INFO - iter:4140/8100, Original Acc@1: 14.28, Acc@5: 57.29, TTA Acc@1: 28.04, Acc@5: 69.95
2025-06-13 16:34:39,158 - log - INFO - iter:4160/8100, clip_acc1=14.326923370361328, tta_acc1=28.269229888916016
2025-06-13 16:34:39,159 - log - INFO - iter:4160/8100, Original Acc@1: 14.33, Acc@5: 57.28, TTA Acc@1: 28.27, Acc@5: 70.10
2025-06-13 16:35:32,555 - log - INFO - iter:4180/8100, clip_acc1=14.4019136428833, tta_acc1=28.46889877319336
2025-06-13 16:35:32,555 - log - INFO - iter:4180/8100, Original Acc@1: 14.40, Acc@5: 57.34, TTA Acc@1: 28.47, Acc@5: 70.24
2025-06-13 16:36:26,013 - log - INFO - iter:4200/8100, clip_acc1=14.428571701049805, tta_acc1=28.690475463867188
2025-06-13 16:36:26,014 - log - INFO - iter:4200/8100, Original Acc@1: 14.43, Acc@5: 57.38, TTA Acc@1: 28.69, Acc@5: 70.36
2025-06-13 16:37:19,314 - log - INFO - iter:4220/8100, clip_acc1=14.360189437866211, tta_acc1=28.554502487182617
2025-06-13 16:37:19,314 - log - INFO - iter:4220/8100, Original Acc@1: 14.36, Acc@5: 57.39, TTA Acc@1: 28.55, Acc@5: 70.47
2025-06-13 16:38:12,649 - log - INFO - iter:4240/8100, clip_acc1=14.292452812194824, tta_acc1=28.466981887817383
2025-06-13 16:38:12,649 - log - INFO - iter:4240/8100, Original Acc@1: 14.29, Acc@5: 57.48, TTA Acc@1: 28.47, Acc@5: 70.57
2025-06-13 16:39:05,920 - log - INFO - iter:4260/8100, clip_acc1=14.295775413513184, tta_acc1=28.427230834960938
2025-06-13 16:39:05,921 - log - INFO - iter:4260/8100, Original Acc@1: 14.30, Acc@5: 57.54, TTA Acc@1: 28.43, Acc@5: 70.63
2025-06-13 16:39:59,309 - log - INFO - iter:4280/8100, clip_acc1=14.252336502075195, tta_acc1=28.364486694335938
2025-06-13 16:39:59,310 - log - INFO - iter:4280/8100, Original Acc@1: 14.25, Acc@5: 57.57, TTA Acc@1: 28.36, Acc@5: 70.70
2025-06-13 16:40:52,666 - log - INFO - iter:4300/8100, clip_acc1=14.186046600341797, tta_acc1=28.279069900512695
2025-06-13 16:40:52,667 - log - INFO - iter:4300/8100, Original Acc@1: 14.19, Acc@5: 57.63, TTA Acc@1: 28.28, Acc@5: 70.74
2025-06-13 16:41:46,158 - log - INFO - iter:4320/8100, clip_acc1=14.143518447875977, tta_acc1=28.19444465637207
2025-06-13 16:41:46,158 - log - INFO - iter:4320/8100, Original Acc@1: 14.14, Acc@5: 57.75, TTA Acc@1: 28.19, Acc@5: 70.83
2025-06-13 16:42:39,601 - log - INFO - iter:4340/8100, clip_acc1=14.078341484069824, tta_acc1=28.110599517822266
2025-06-13 16:42:39,601 - log - INFO - iter:4340/8100, Original Acc@1: 14.08, Acc@5: 57.79, TTA Acc@1: 28.11, Acc@5: 70.92
2025-06-13 16:43:33,035 - log - INFO - iter:4360/8100, clip_acc1=14.013761520385742, tta_acc1=28.027523040771484
2025-06-13 16:43:33,035 - log - INFO - iter:4360/8100, Original Acc@1: 14.01, Acc@5: 57.89, TTA Acc@1: 28.03, Acc@5: 70.99
2025-06-13 16:44:26,269 - log - INFO - iter:4380/8100, clip_acc1=13.949771881103516, tta_acc1=27.89954376220703
2025-06-13 16:44:26,269 - log - INFO - iter:4380/8100, Original Acc@1: 13.95, Acc@5: 57.85, TTA Acc@1: 27.90, Acc@5: 70.91
2025-06-13 16:45:19,696 - log - INFO - iter:4400/8100, clip_acc1=13.931818008422852, tta_acc1=27.840909957885742
2025-06-13 16:45:19,697 - log - INFO - iter:4400/8100, Original Acc@1: 13.93, Acc@5: 57.91, TTA Acc@1: 27.84, Acc@5: 71.02
2025-06-13 16:46:12,877 - log - INFO - iter:4420/8100, clip_acc1=13.914027214050293, tta_acc1=27.828054428100586
2025-06-13 16:46:12,878 - log - INFO - iter:4420/8100, Original Acc@1: 13.91, Acc@5: 57.94, TTA Acc@1: 27.83, Acc@5: 71.11
2025-06-13 16:47:06,163 - log - INFO - iter:4440/8100, clip_acc1=13.851351737976074, tta_acc1=27.7252254486084
2025-06-13 16:47:06,163 - log - INFO - iter:4440/8100, Original Acc@1: 13.85, Acc@5: 57.93, TTA Acc@1: 27.73, Acc@5: 71.13
2025-06-13 16:47:59,489 - log - INFO - iter:4460/8100, clip_acc1=13.789237022399902, tta_acc1=27.64573860168457
2025-06-13 16:47:59,489 - log - INFO - iter:4460/8100, Original Acc@1: 13.79, Acc@5: 57.96, TTA Acc@1: 27.65, Acc@5: 71.14
2025-06-13 16:48:52,949 - log - INFO - iter:4480/8100, clip_acc1=13.727678298950195, tta_acc1=27.522321701049805
2025-06-13 16:48:52,949 - log - INFO - iter:4480/8100, Original Acc@1: 13.73, Acc@5: 57.97, TTA Acc@1: 27.52, Acc@5: 71.25
2025-06-13 16:49:46,276 - log - INFO - iter:4500/8100, clip_acc1=13.688889503479004, tta_acc1=27.44444465637207
2025-06-13 16:49:46,276 - log - INFO - iter:4500/8100, Original Acc@1: 13.69, Acc@5: 58.04, TTA Acc@1: 27.44, Acc@5: 71.31
2025-06-13 16:50:39,682 - log - INFO - iter:4520/8100, clip_acc1=13.628318786621094, tta_acc1=27.34513282775879
2025-06-13 16:50:39,682 - log - INFO - iter:4520/8100, Original Acc@1: 13.63, Acc@5: 58.10, TTA Acc@1: 27.35, Acc@5: 71.39
2025-06-13 16:51:33,155 - log - INFO - iter:4540/8100, clip_acc1=13.590309143066406, tta_acc1=27.24669647216797
2025-06-13 16:51:33,155 - log - INFO - iter:4540/8100, Original Acc@1: 13.59, Acc@5: 58.15, TTA Acc@1: 27.25, Acc@5: 71.48
2025-06-13 16:52:30,632 - log - INFO - iter:4560/8100, clip_acc1=13.530701637268066, tta_acc1=27.171052932739258
2025-06-13 16:52:30,632 - log - INFO - iter:4560/8100, Original Acc@1: 13.53, Acc@5: 58.22, TTA Acc@1: 27.17, Acc@5: 71.54
2025-06-13 16:53:23,692 - log - INFO - iter:4580/8100, clip_acc1=13.4716157913208, tta_acc1=27.117904663085938
2025-06-13 16:53:23,692 - log - INFO - iter:4580/8100, Original Acc@1: 13.47, Acc@5: 58.36, TTA Acc@1: 27.12, Acc@5: 71.64
2025-06-13 16:54:16,761 - log - INFO - iter:4600/8100, clip_acc1=13.413043975830078, tta_acc1=27.065217971801758
2025-06-13 16:54:16,761 - log - INFO - iter:4600/8100, Original Acc@1: 13.41, Acc@5: 58.43, TTA Acc@1: 27.07, Acc@5: 71.70
2025-06-13 16:55:10,026 - log - INFO - iter:4620/8100, clip_acc1=13.354978561401367, tta_acc1=26.969697952270508
2025-06-13 16:55:10,026 - log - INFO - iter:4620/8100, Original Acc@1: 13.35, Acc@5: 58.44, TTA Acc@1: 26.97, Acc@5: 71.67
2025-06-13 16:56:03,337 - log - INFO - iter:4640/8100, clip_acc1=13.29741382598877, tta_acc1=26.875
2025-06-13 16:56:03,338 - log - INFO - iter:4640/8100, Original Acc@1: 13.30, Acc@5: 58.47, TTA Acc@1: 26.88, Acc@5: 71.70
2025-06-13 16:56:57,353 - log - INFO - iter:4660/8100, clip_acc1=13.261802673339844, tta_acc1=26.75965690612793
2025-06-13 16:56:57,353 - log - INFO - iter:4660/8100, Original Acc@1: 13.26, Acc@5: 58.52, TTA Acc@1: 26.76, Acc@5: 71.72
2025-06-13 16:57:50,941 - log - INFO - iter:4680/8100, clip_acc1=13.20512866973877, tta_acc1=26.66666603088379
2025-06-13 16:57:50,941 - log - INFO - iter:4680/8100, Original Acc@1: 13.21, Acc@5: 58.53, TTA Acc@1: 26.67, Acc@5: 71.75
2025-06-13 16:58:44,077 - log - INFO - iter:4700/8100, clip_acc1=13.170212745666504, tta_acc1=26.63829803466797
2025-06-13 16:58:44,077 - log - INFO - iter:4700/8100, Original Acc@1: 13.17, Acc@5: 58.66, TTA Acc@1: 26.64, Acc@5: 71.85
2025-06-13 16:59:37,349 - log - INFO - iter:4720/8100, clip_acc1=13.11440658569336, tta_acc1=26.56779670715332
2025-06-13 16:59:37,350 - log - INFO - iter:4720/8100, Original Acc@1: 13.11, Acc@5: 58.73, TTA Acc@1: 26.57, Acc@5: 71.91
2025-06-13 17:00:34,100 - log - INFO - iter:4740/8100, clip_acc1=13.05907154083252, tta_acc1=26.51898765563965
2025-06-13 17:00:34,101 - log - INFO - iter:4740/8100, Original Acc@1: 13.06, Acc@5: 58.78, TTA Acc@1: 26.52, Acc@5: 72.03
2025-06-13 17:01:27,460 - log - INFO - iter:4760/8100, clip_acc1=13.004201889038086, tta_acc1=26.4495792388916
2025-06-13 17:01:27,460 - log - INFO - iter:4760/8100, Original Acc@1: 13.00, Acc@5: 58.74, TTA Acc@1: 26.45, Acc@5: 72.04
2025-06-13 17:02:20,711 - log - INFO - iter:4780/8100, clip_acc1=12.949790954589844, tta_acc1=26.401674270629883
2025-06-13 17:02:20,711 - log - INFO - iter:4780/8100, Original Acc@1: 12.95, Acc@5: 58.77, TTA Acc@1: 26.40, Acc@5: 72.11
2025-06-13 17:03:14,159 - log - INFO - iter:4800/8100, clip_acc1=12.916666984558105, tta_acc1=26.416667938232422
2025-06-13 17:03:14,159 - log - INFO - iter:4800/8100, Original Acc@1: 12.92, Acc@5: 58.88, TTA Acc@1: 26.42, Acc@5: 72.17
2025-06-13 17:04:07,706 - log - INFO - iter:4820/8100, clip_acc1=13.070539474487305, tta_acc1=26.618257522583008
2025-06-13 17:04:07,707 - log - INFO - iter:4820/8100, Original Acc@1: 13.07, Acc@5: 59.00, TTA Acc@1: 26.62, Acc@5: 72.24
2025-06-13 17:05:00,903 - log - INFO - iter:4840/8100, clip_acc1=13.181818008422852, tta_acc1=26.797521591186523
2025-06-13 17:05:00,904 - log - INFO - iter:4840/8100, Original Acc@1: 13.18, Acc@5: 59.11, TTA Acc@1: 26.80, Acc@5: 72.36
2025-06-13 17:05:54,620 - log - INFO - iter:4860/8100, clip_acc1=13.271604537963867, tta_acc1=26.99588394165039
2025-06-13 17:05:54,620 - log - INFO - iter:4860/8100, Original Acc@1: 13.27, Acc@5: 59.24, TTA Acc@1: 27.00, Acc@5: 72.47
2025-06-13 17:06:48,059 - log - INFO - iter:4880/8100, clip_acc1=13.381147384643555, tta_acc1=27.131147384643555
2025-06-13 17:06:48,059 - log - INFO - iter:4880/8100, Original Acc@1: 13.38, Acc@5: 59.34, TTA Acc@1: 27.13, Acc@5: 72.58
2025-06-13 17:07:41,382 - log - INFO - iter:4900/8100, clip_acc1=13.469388008117676, tta_acc1=27.32653045654297
2025-06-13 17:07:41,383 - log - INFO - iter:4900/8100, Original Acc@1: 13.47, Acc@5: 59.41, TTA Acc@1: 27.33, Acc@5: 72.67
2025-06-13 17:08:35,219 - log - INFO - iter:4920/8100, clip_acc1=13.556910514831543, tta_acc1=27.5406494140625
2025-06-13 17:08:35,219 - log - INFO - iter:4920/8100, Original Acc@1: 13.56, Acc@5: 59.51, TTA Acc@1: 27.54, Acc@5: 72.78
2025-06-13 17:09:28,524 - log - INFO - iter:4940/8100, clip_acc1=13.66396713256836, tta_acc1=27.712549209594727
2025-06-13 17:09:28,525 - log - INFO - iter:4940/8100, Original Acc@1: 13.66, Acc@5: 59.66, TTA Acc@1: 27.71, Acc@5: 72.89
2025-06-13 17:10:21,815 - log - INFO - iter:4960/8100, clip_acc1=13.810483932495117, tta_acc1=27.94354820251465
2025-06-13 17:10:21,815 - log - INFO - iter:4960/8100, Original Acc@1: 13.81, Acc@5: 59.78, TTA Acc@1: 27.94, Acc@5: 73.00
2025-06-13 17:11:15,596 - log - INFO - iter:4980/8100, clip_acc1=13.95582389831543, tta_acc1=28.132530212402344
2025-06-13 17:11:15,597 - log - INFO - iter:4980/8100, Original Acc@1: 13.96, Acc@5: 59.90, TTA Acc@1: 28.13, Acc@5: 73.09
2025-06-13 17:12:08,552 - log - INFO - iter:5000/8100, clip_acc1=14.09999942779541, tta_acc1=28.34000015258789
2025-06-13 17:12:08,552 - log - INFO - iter:5000/8100, Original Acc@1: 14.10, Acc@5: 60.04, TTA Acc@1: 28.34, Acc@5: 73.20
2025-06-13 17:13:01,599 - log - INFO - iter:5020/8100, clip_acc1=14.183267593383789, tta_acc1=28.54581642150879
2025-06-13 17:13:01,600 - log - INFO - iter:5020/8100, Original Acc@1: 14.18, Acc@5: 60.18, TTA Acc@1: 28.55, Acc@5: 73.31
2025-06-13 17:13:55,485 - log - INFO - iter:5040/8100, clip_acc1=14.30555534362793, tta_acc1=28.75
2025-06-13 17:13:55,485 - log - INFO - iter:5040/8100, Original Acc@1: 14.31, Acc@5: 60.28, TTA Acc@1: 28.75, Acc@5: 73.41
2025-06-13 17:14:48,842 - log - INFO - iter:5060/8100, clip_acc1=14.466403007507324, tta_acc1=28.913042068481445
2025-06-13 17:14:48,842 - log - INFO - iter:5060/8100, Original Acc@1: 14.47, Acc@5: 60.42, TTA Acc@1: 28.91, Acc@5: 73.50
2025-06-13 17:15:42,259 - log - INFO - iter:5080/8100, clip_acc1=14.56692886352539, tta_acc1=29.0944881439209
2025-06-13 17:15:42,259 - log - INFO - iter:5080/8100, Original Acc@1: 14.57, Acc@5: 60.53, TTA Acc@1: 29.09, Acc@5: 73.60
2025-06-13 17:16:35,792 - log - INFO - iter:5100/8100, clip_acc1=14.666666030883789, tta_acc1=29.333332061767578
2025-06-13 17:16:35,792 - log - INFO - iter:5100/8100, Original Acc@1: 14.67, Acc@5: 60.67, TTA Acc@1: 29.33, Acc@5: 73.69
2025-06-13 17:17:28,957 - log - INFO - iter:5120/8100, clip_acc1=14.8046875, tta_acc1=29.5703125
2025-06-13 17:17:28,957 - log - INFO - iter:5120/8100, Original Acc@1: 14.80, Acc@5: 60.80, TTA Acc@1: 29.57, Acc@5: 73.77
2025-06-13 17:18:22,344 - log - INFO - iter:5140/8100, clip_acc1=14.90272331237793, tta_acc1=29.82490348815918
2025-06-13 17:18:22,344 - log - INFO - iter:5140/8100, Original Acc@1: 14.90, Acc@5: 60.95, TTA Acc@1: 29.82, Acc@5: 73.87
2025-06-13 17:19:15,678 - log - INFO - iter:5160/8100, clip_acc1=15.019379615783691, tta_acc1=30.019380569458008
2025-06-13 17:19:15,678 - log - INFO - iter:5160/8100, Original Acc@1: 15.02, Acc@5: 61.09, TTA Acc@1: 30.02, Acc@5: 73.97
2025-06-13 17:20:08,983 - log - INFO - iter:5180/8100, clip_acc1=15.07721996307373, tta_acc1=30.21235466003418
2025-06-13 17:20:08,984 - log - INFO - iter:5180/8100, Original Acc@1: 15.08, Acc@5: 61.22, TTA Acc@1: 30.21, Acc@5: 74.05
2025-06-13 17:21:02,281 - log - INFO - iter:5200/8100, clip_acc1=15.173076629638672, tta_acc1=30.461538314819336
2025-06-13 17:21:02,281 - log - INFO - iter:5200/8100, Original Acc@1: 15.17, Acc@5: 61.33, TTA Acc@1: 30.46, Acc@5: 74.15
2025-06-13 17:21:55,598 - log - INFO - iter:5220/8100, clip_acc1=15.249042510986328, tta_acc1=30.632184982299805
2025-06-13 17:21:55,598 - log - INFO - iter:5220/8100, Original Acc@1: 15.25, Acc@5: 61.46, TTA Acc@1: 30.63, Acc@5: 74.25
2025-06-13 17:22:48,966 - log - INFO - iter:5240/8100, clip_acc1=15.362595558166504, tta_acc1=30.85877799987793
2025-06-13 17:22:48,967 - log - INFO - iter:5240/8100, Original Acc@1: 15.36, Acc@5: 61.60, TTA Acc@1: 30.86, Acc@5: 74.35
2025-06-13 17:23:42,268 - log - INFO - iter:5260/8100, clip_acc1=15.437261581420898, tta_acc1=31.007604598999023
2025-06-13 17:23:42,269 - log - INFO - iter:5260/8100, Original Acc@1: 15.44, Acc@5: 61.69, TTA Acc@1: 31.01, Acc@5: 74.41
2025-06-13 17:24:35,613 - log - INFO - iter:5280/8100, clip_acc1=15.54924201965332, tta_acc1=31.249998092651367
2025-06-13 17:24:35,613 - log - INFO - iter:5280/8100, Original Acc@1: 15.55, Acc@5: 61.82, TTA Acc@1: 31.25, Acc@5: 74.51
2025-06-13 17:25:28,875 - log - INFO - iter:5300/8100, clip_acc1=15.641509056091309, tta_acc1=31.39622688293457
2025-06-13 17:25:28,875 - log - INFO - iter:5300/8100, Original Acc@1: 15.64, Acc@5: 61.92, TTA Acc@1: 31.40, Acc@5: 74.60
2025-06-13 17:26:22,240 - log - INFO - iter:5320/8100, clip_acc1=15.789473533630371, tta_acc1=31.59774398803711
2025-06-13 17:26:22,241 - log - INFO - iter:5320/8100, Original Acc@1: 15.79, Acc@5: 61.99, TTA Acc@1: 31.60, Acc@5: 74.66
2025-06-13 17:27:15,649 - log - INFO - iter:5340/8100, clip_acc1=15.880149841308594, tta_acc1=31.741573333740234
2025-06-13 17:27:15,650 - log - INFO - iter:5340/8100, Original Acc@1: 15.88, Acc@5: 62.10, TTA Acc@1: 31.74, Acc@5: 74.74
2025-06-13 17:28:08,969 - log - INFO - iter:5360/8100, clip_acc1=15.988805770874023, tta_acc1=31.865671157836914
2025-06-13 17:28:08,969 - log - INFO - iter:5360/8100, Original Acc@1: 15.99, Acc@5: 62.18, TTA Acc@1: 31.87, Acc@5: 74.81
2025-06-13 17:29:02,259 - log - INFO - iter:5380/8100, clip_acc1=16.02230453491211, tta_acc1=32.0074348449707
2025-06-13 17:29:02,259 - log - INFO - iter:5380/8100, Original Acc@1: 16.02, Acc@5: 62.29, TTA Acc@1: 32.01, Acc@5: 74.89
2025-06-13 17:29:55,594 - log - INFO - iter:5400/8100, clip_acc1=16.148147583007812, tta_acc1=32.203704833984375
2025-06-13 17:29:55,594 - log - INFO - iter:5400/8100, Original Acc@1: 16.15, Acc@5: 62.39, TTA Acc@1: 32.20, Acc@5: 74.98
2025-06-13 17:30:48,754 - log - INFO - iter:5420/8100, clip_acc1=16.273061752319336, tta_acc1=32.34317398071289
2025-06-13 17:30:48,754 - log - INFO - iter:5420/8100, Original Acc@1: 16.27, Acc@5: 62.51, TTA Acc@1: 32.34, Acc@5: 75.06
2025-06-13 17:31:41,860 - log - INFO - iter:5440/8100, clip_acc1=16.378677368164062, tta_acc1=32.5
2025-06-13 17:31:41,860 - log - INFO - iter:5440/8100, Original Acc@1: 16.38, Acc@5: 62.63, TTA Acc@1: 32.50, Acc@5: 75.15
2025-06-13 17:32:35,202 - log - INFO - iter:5460/8100, clip_acc1=16.5018310546875, tta_acc1=32.71062469482422
2025-06-13 17:32:35,202 - log - INFO - iter:5460/8100, Original Acc@1: 16.50, Acc@5: 62.75, TTA Acc@1: 32.71, Acc@5: 75.24
2025-06-13 17:33:28,612 - log - INFO - iter:5480/8100, clip_acc1=16.624086380004883, tta_acc1=32.883209228515625
2025-06-13 17:33:28,612 - log - INFO - iter:5480/8100, Original Acc@1: 16.62, Acc@5: 62.83, TTA Acc@1: 32.88, Acc@5: 75.31
2025-06-13 17:34:21,739 - log - INFO - iter:5500/8100, clip_acc1=16.781818389892578, tta_acc1=33.01818084716797
2025-06-13 17:34:21,739 - log - INFO - iter:5500/8100, Original Acc@1: 16.78, Acc@5: 62.93, TTA Acc@1: 33.02, Acc@5: 75.36
2025-06-13 17:35:14,946 - log - INFO - iter:5520/8100, clip_acc1=16.865942001342773, tta_acc1=33.224639892578125
2025-06-13 17:35:14,946 - log - INFO - iter:5520/8100, Original Acc@1: 16.87, Acc@5: 63.04, TTA Acc@1: 33.22, Acc@5: 75.45
2025-06-13 17:36:08,213 - log - INFO - iter:5540/8100, clip_acc1=16.931407928466797, tta_acc1=33.39350128173828
2025-06-13 17:36:08,213 - log - INFO - iter:5540/8100, Original Acc@1: 16.93, Acc@5: 63.14, TTA Acc@1: 33.39, Acc@5: 75.54
2025-06-13 17:37:01,479 - log - INFO - iter:5560/8100, clip_acc1=17.014389038085938, tta_acc1=33.50719451904297
2025-06-13 17:37:01,480 - log - INFO - iter:5560/8100, Original Acc@1: 17.01, Acc@5: 63.20, TTA Acc@1: 33.51, Acc@5: 75.54
2025-06-13 17:37:54,921 - log - INFO - iter:5580/8100, clip_acc1=17.025089263916016, tta_acc1=33.584228515625
2025-06-13 17:37:54,921 - log - INFO - iter:5580/8100, Original Acc@1: 17.03, Acc@5: 63.19, TTA Acc@1: 33.58, Acc@5: 75.47
2025-06-13 17:38:48,215 - log - INFO - iter:5600/8100, clip_acc1=17.053571701049805, tta_acc1=33.625
2025-06-13 17:38:48,216 - log - INFO - iter:5600/8100, Original Acc@1: 17.05, Acc@5: 63.18, TTA Acc@1: 33.62, Acc@5: 75.46
2025-06-13 17:39:41,554 - log - INFO - iter:5620/8100, clip_acc1=17.09964370727539, tta_acc1=33.68327331542969
2025-06-13 17:39:41,554 - log - INFO - iter:5620/8100, Original Acc@1: 17.10, Acc@5: 63.22, TTA Acc@1: 33.68, Acc@5: 75.44
2025-06-13 17:40:34,927 - log - INFO - iter:5640/8100, clip_acc1=17.09219741821289, tta_acc1=33.68794250488281
2025-06-13 17:40:34,927 - log - INFO - iter:5640/8100, Original Acc@1: 17.09, Acc@5: 63.19, TTA Acc@1: 33.69, Acc@5: 75.41
2025-06-13 17:41:28,183 - log - INFO - iter:5660/8100, clip_acc1=17.067136764526367, tta_acc1=33.69257736206055
2025-06-13 17:41:28,183 - log - INFO - iter:5660/8100, Original Acc@1: 17.07, Acc@5: 63.22, TTA Acc@1: 33.69, Acc@5: 75.37
2025-06-13 17:42:21,668 - log - INFO - iter:5680/8100, clip_acc1=17.112674713134766, tta_acc1=33.714786529541016
2025-06-13 17:42:21,669 - log - INFO - iter:5680/8100, Original Acc@1: 17.11, Acc@5: 63.22, TTA Acc@1: 33.71, Acc@5: 75.35
2025-06-13 17:43:15,102 - log - INFO - iter:5700/8100, clip_acc1=17.175439834594727, tta_acc1=33.77193069458008
2025-06-13 17:43:15,102 - log - INFO - iter:5700/8100, Original Acc@1: 17.18, Acc@5: 63.25, TTA Acc@1: 33.77, Acc@5: 75.32
2025-06-13 17:44:08,473 - log - INFO - iter:5720/8100, clip_acc1=17.237762451171875, tta_acc1=33.93356704711914
2025-06-13 17:44:08,473 - log - INFO - iter:5720/8100, Original Acc@1: 17.24, Acc@5: 63.25, TTA Acc@1: 33.93, Acc@5: 75.37
2025-06-13 17:45:01,995 - log - INFO - iter:5740/8100, clip_acc1=17.282230377197266, tta_acc1=33.98954772949219
2025-06-13 17:45:01,995 - log - INFO - iter:5740/8100, Original Acc@1: 17.28, Acc@5: 63.29, TTA Acc@1: 33.99, Acc@5: 75.33
2025-06-13 17:45:55,474 - log - INFO - iter:5760/8100, clip_acc1=17.32638931274414, tta_acc1=34.07986068725586
2025-06-13 17:45:55,474 - log - INFO - iter:5760/8100, Original Acc@1: 17.33, Acc@5: 63.30, TTA Acc@1: 34.08, Acc@5: 75.33
2025-06-13 17:46:48,799 - log - INFO - iter:5780/8100, clip_acc1=17.370243072509766, tta_acc1=34.11764907836914
2025-06-13 17:46:48,800 - log - INFO - iter:5780/8100, Original Acc@1: 17.37, Acc@5: 63.32, TTA Acc@1: 34.12, Acc@5: 75.31
2025-06-13 17:47:42,119 - log - INFO - iter:5800/8100, clip_acc1=17.39655303955078, tta_acc1=34.155174255371094
2025-06-13 17:47:42,120 - log - INFO - iter:5800/8100, Original Acc@1: 17.40, Acc@5: 63.29, TTA Acc@1: 34.16, Acc@5: 75.29
2025-06-13 17:48:35,401 - log - INFO - iter:5820/8100, clip_acc1=17.422679901123047, tta_acc1=34.192440032958984
2025-06-13 17:48:35,402 - log - INFO - iter:5820/8100, Original Acc@1: 17.42, Acc@5: 63.33, TTA Acc@1: 34.19, Acc@5: 75.27
2025-06-13 17:49:28,714 - log - INFO - iter:5840/8100, clip_acc1=17.448631286621094, tta_acc1=34.229454040527344
2025-06-13 17:49:28,714 - log - INFO - iter:5840/8100, Original Acc@1: 17.45, Acc@5: 63.32, TTA Acc@1: 34.23, Acc@5: 75.24
2025-06-13 17:50:22,370 - log - INFO - iter:5860/8100, clip_acc1=17.457338333129883, tta_acc1=34.2491455078125
2025-06-13 17:50:22,370 - log - INFO - iter:5860/8100, Original Acc@1: 17.46, Acc@5: 63.31, TTA Acc@1: 34.25, Acc@5: 75.24
2025-06-13 17:51:15,601 - log - INFO - iter:5880/8100, clip_acc1=17.43197250366211, tta_acc1=34.21768569946289
2025-06-13 17:51:15,601 - log - INFO - iter:5880/8100, Original Acc@1: 17.43, Acc@5: 63.30, TTA Acc@1: 34.22, Acc@5: 75.20
2025-06-13 17:52:09,199 - log - INFO - iter:5900/8100, clip_acc1=17.423728942871094, tta_acc1=34.25423812866211
2025-06-13 17:52:09,199 - log - INFO - iter:5900/8100, Original Acc@1: 17.42, Acc@5: 63.32, TTA Acc@1: 34.25, Acc@5: 75.17
2025-06-13 17:53:02,676 - log - INFO - iter:5920/8100, clip_acc1=17.466217041015625, tta_acc1=34.239864349365234
2025-06-13 17:53:02,676 - log - INFO - iter:5920/8100, Original Acc@1: 17.47, Acc@5: 63.29, TTA Acc@1: 34.24, Acc@5: 75.10
2025-06-13 17:53:55,839 - log - INFO - iter:5940/8100, clip_acc1=17.474746704101562, tta_acc1=34.25925827026367
2025-06-13 17:53:55,839 - log - INFO - iter:5940/8100, Original Acc@1: 17.47, Acc@5: 63.27, TTA Acc@1: 34.26, Acc@5: 75.07
2025-06-13 17:54:49,215 - log - INFO - iter:5960/8100, clip_acc1=17.51677894592285, tta_acc1=34.345638275146484
2025-06-13 17:54:49,216 - log - INFO - iter:5960/8100, Original Acc@1: 17.52, Acc@5: 63.29, TTA Acc@1: 34.35, Acc@5: 75.10
2025-06-13 17:55:42,608 - log - INFO - iter:5980/8100, clip_acc1=17.558528900146484, tta_acc1=34.39799118041992
2025-06-13 17:55:42,609 - log - INFO - iter:5980/8100, Original Acc@1: 17.56, Acc@5: 63.28, TTA Acc@1: 34.40, Acc@5: 75.13
2025-06-13 17:56:35,871 - log - INFO - iter:6000/8100, clip_acc1=17.616666793823242, tta_acc1=34.5
2025-06-13 17:56:35,872 - log - INFO - iter:6000/8100, Original Acc@1: 17.62, Acc@5: 63.32, TTA Acc@1: 34.50, Acc@5: 75.15
2025-06-13 17:57:29,253 - log - INFO - iter:6020/8100, clip_acc1=17.657806396484375, tta_acc1=34.534881591796875
2025-06-13 17:57:29,253 - log - INFO - iter:6020/8100, Original Acc@1: 17.66, Acc@5: 63.31, TTA Acc@1: 34.53, Acc@5: 75.13
2025-06-13 17:58:25,075 - log - INFO - iter:6040/8100, clip_acc1=17.665563583374023, tta_acc1=34.53642272949219
2025-06-13 17:58:25,076 - log - INFO - iter:6040/8100, Original Acc@1: 17.67, Acc@5: 63.29, TTA Acc@1: 34.54, Acc@5: 75.10
2025-06-13 17:59:18,433 - log - INFO - iter:6060/8100, clip_acc1=17.7227725982666, tta_acc1=34.5544548034668
2025-06-13 17:59:18,433 - log - INFO - iter:6060/8100, Original Acc@1: 17.72, Acc@5: 63.28, TTA Acc@1: 34.55, Acc@5: 75.10
2025-06-13 18:00:11,945 - log - INFO - iter:6080/8100, clip_acc1=17.763158798217773, tta_acc1=34.62171173095703
2025-06-13 18:00:11,945 - log - INFO - iter:6080/8100, Original Acc@1: 17.76, Acc@5: 63.32, TTA Acc@1: 34.62, Acc@5: 75.08
2025-06-13 18:01:05,177 - log - INFO - iter:6100/8100, clip_acc1=17.770492553710938, tta_acc1=34.655738830566406
2025-06-13 18:01:05,177 - log - INFO - iter:6100/8100, Original Acc@1: 17.77, Acc@5: 63.28, TTA Acc@1: 34.66, Acc@5: 75.05
2025-06-13 18:01:58,634 - log - INFO - iter:6120/8100, clip_acc1=17.810457229614258, tta_acc1=34.70588302612305
2025-06-13 18:01:58,634 - log - INFO - iter:6120/8100, Original Acc@1: 17.81, Acc@5: 63.30, TTA Acc@1: 34.71, Acc@5: 75.07
2025-06-13 18:02:51,935 - log - INFO - iter:6140/8100, clip_acc1=17.817588806152344, tta_acc1=34.755699157714844
2025-06-13 18:02:51,935 - log - INFO - iter:6140/8100, Original Acc@1: 17.82, Acc@5: 63.34, TTA Acc@1: 34.76, Acc@5: 75.03
2025-06-13 18:03:45,301 - log - INFO - iter:6160/8100, clip_acc1=17.90584373474121, tta_acc1=34.83766174316406
2025-06-13 18:03:45,301 - log - INFO - iter:6160/8100, Original Acc@1: 17.91, Acc@5: 63.38, TTA Acc@1: 34.84, Acc@5: 75.06
2025-06-13 18:04:38,527 - log - INFO - iter:6180/8100, clip_acc1=17.912620544433594, tta_acc1=34.83818817138672
2025-06-13 18:04:38,527 - log - INFO - iter:6180/8100, Original Acc@1: 17.91, Acc@5: 63.37, TTA Acc@1: 34.84, Acc@5: 75.05
2025-06-13 18:05:31,774 - log - INFO - iter:6200/8100, clip_acc1=17.919355392456055, tta_acc1=34.870967864990234
2025-06-13 18:05:31,774 - log - INFO - iter:6200/8100, Original Acc@1: 17.92, Acc@5: 63.32, TTA Acc@1: 34.87, Acc@5: 75.02
2025-06-13 18:06:26,742 - log - INFO - iter:6220/8100, clip_acc1=17.926044464111328, tta_acc1=34.903533935546875
2025-06-13 18:06:26,743 - log - INFO - iter:6220/8100, Original Acc@1: 17.93, Acc@5: 63.33, TTA Acc@1: 34.90, Acc@5: 75.02
2025-06-13 18:07:20,637 - log - INFO - iter:6240/8100, clip_acc1=17.996795654296875, tta_acc1=35.03205108642578
2025-06-13 18:07:20,637 - log - INFO - iter:6240/8100, Original Acc@1: 18.00, Acc@5: 63.33, TTA Acc@1: 35.03, Acc@5: 75.05
2025-06-13 18:08:13,903 - log - INFO - iter:6260/8100, clip_acc1=18.03514289855957, tta_acc1=35.09584426879883
2025-06-13 18:08:13,903 - log - INFO - iter:6260/8100, Original Acc@1: 18.04, Acc@5: 63.37, TTA Acc@1: 35.10, Acc@5: 75.10
2025-06-13 18:09:07,348 - log - INFO - iter:6280/8100, clip_acc1=18.08917236328125, tta_acc1=35.1751594543457
2025-06-13 18:09:07,349 - log - INFO - iter:6280/8100, Original Acc@1: 18.09, Acc@5: 63.36, TTA Acc@1: 35.18, Acc@5: 75.10
2025-06-13 18:10:00,541 - log - INFO - iter:6300/8100, clip_acc1=18.095237731933594, tta_acc1=35.22222137451172
2025-06-13 18:10:00,541 - log - INFO - iter:6300/8100, Original Acc@1: 18.10, Acc@5: 63.37, TTA Acc@1: 35.22, Acc@5: 75.06
2025-06-13 18:10:53,879 - log - INFO - iter:6320/8100, clip_acc1=18.117088317871094, tta_acc1=35.30063247680664
2025-06-13 18:10:53,879 - log - INFO - iter:6320/8100, Original Acc@1: 18.12, Acc@5: 63.39, TTA Acc@1: 35.30, Acc@5: 75.05
2025-06-13 18:11:47,225 - log - INFO - iter:6340/8100, clip_acc1=18.201892852783203, tta_acc1=35.33123016357422
2025-06-13 18:11:47,226 - log - INFO - iter:6340/8100, Original Acc@1: 18.20, Acc@5: 63.42, TTA Acc@1: 35.33, Acc@5: 75.09
2025-06-13 18:12:40,492 - log - INFO - iter:6360/8100, clip_acc1=18.17609977722168, tta_acc1=35.3144645690918
2025-06-13 18:12:40,492 - log - INFO - iter:6360/8100, Original Acc@1: 18.18, Acc@5: 63.36, TTA Acc@1: 35.31, Acc@5: 75.03
2025-06-13 18:13:33,979 - log - INFO - iter:6380/8100, clip_acc1=18.18181800842285, tta_acc1=35.34482955932617
2025-06-13 18:13:33,980 - log - INFO - iter:6380/8100, Original Acc@1: 18.18, Acc@5: 63.35, TTA Acc@1: 35.34, Acc@5: 74.97
2025-06-13 18:14:27,305 - log - INFO - iter:6400/8100, clip_acc1=18.1875, tta_acc1=35.359375
2025-06-13 18:14:27,305 - log - INFO - iter:6400/8100, Original Acc@1: 18.19, Acc@5: 63.31, TTA Acc@1: 35.36, Acc@5: 74.97
2025-06-13 18:15:20,510 - log - INFO - iter:6420/8100, clip_acc1=18.22429847717285, tta_acc1=35.37382888793945
2025-06-13 18:15:20,511 - log - INFO - iter:6420/8100, Original Acc@1: 18.22, Acc@5: 63.29, TTA Acc@1: 35.37, Acc@5: 74.94
2025-06-13 18:16:13,715 - log - INFO - iter:6440/8100, clip_acc1=18.214284896850586, tta_acc1=35.3726692199707
2025-06-13 18:16:13,715 - log - INFO - iter:6440/8100, Original Acc@1: 18.21, Acc@5: 63.25, TTA Acc@1: 35.37, Acc@5: 74.91
2025-06-13 18:17:06,892 - log - INFO - iter:6460/8100, clip_acc1=18.188854217529297, tta_acc1=35.371517181396484
2025-06-13 18:17:06,893 - log - INFO - iter:6460/8100, Original Acc@1: 18.19, Acc@5: 63.22, TTA Acc@1: 35.37, Acc@5: 74.95
2025-06-13 18:18:00,317 - log - INFO - iter:6480/8100, clip_acc1=18.148149490356445, tta_acc1=35.30864334106445
2025-06-13 18:18:00,317 - log - INFO - iter:6480/8100, Original Acc@1: 18.15, Acc@5: 63.23, TTA Acc@1: 35.31, Acc@5: 75.02
2025-06-13 18:18:53,584 - log - INFO - iter:6500/8100, clip_acc1=18.10769271850586, tta_acc1=35.24615478515625
2025-06-13 18:18:53,584 - log - INFO - iter:6500/8100, Original Acc@1: 18.11, Acc@5: 63.11, TTA Acc@1: 35.25, Acc@5: 75.08
2025-06-13 18:19:47,087 - log - INFO - iter:6520/8100, clip_acc1=18.06748390197754, tta_acc1=35.15337371826172
2025-06-13 18:19:47,088 - log - INFO - iter:6520/8100, Original Acc@1: 18.07, Acc@5: 63.08, TTA Acc@1: 35.15, Acc@5: 75.12
2025-06-13 18:20:41,132 - log - INFO - iter:6540/8100, clip_acc1=18.027523040771484, tta_acc1=35.07645034790039
2025-06-13 18:20:41,132 - log - INFO - iter:6540/8100, Original Acc@1: 18.03, Acc@5: 63.00, TTA Acc@1: 35.08, Acc@5: 75.18
2025-06-13 18:21:34,290 - log - INFO - iter:6560/8100, clip_acc1=17.987804412841797, tta_acc1=35.0
2025-06-13 18:21:34,291 - log - INFO - iter:6560/8100, Original Acc@1: 17.99, Acc@5: 62.99, TTA Acc@1: 35.00, Acc@5: 75.23
2025-06-13 18:22:27,613 - log - INFO - iter:6580/8100, clip_acc1=17.978723526000977, tta_acc1=34.92401123046875
2025-06-13 18:22:27,614 - log - INFO - iter:6580/8100, Original Acc@1: 17.98, Acc@5: 63.01, TTA Acc@1: 34.92, Acc@5: 75.30
2025-06-13 18:23:20,912 - log - INFO - iter:6600/8100, clip_acc1=17.939393997192383, tta_acc1=34.8636360168457
2025-06-13 18:23:20,912 - log - INFO - iter:6600/8100, Original Acc@1: 17.94, Acc@5: 62.91, TTA Acc@1: 34.86, Acc@5: 75.35
2025-06-13 18:24:14,086 - log - INFO - iter:6620/8100, clip_acc1=17.930513381958008, tta_acc1=34.833839416503906
2025-06-13 18:24:14,086 - log - INFO - iter:6620/8100, Original Acc@1: 17.93, Acc@5: 62.85, TTA Acc@1: 34.83, Acc@5: 75.41
2025-06-13 18:25:07,347 - log - INFO - iter:6640/8100, clip_acc1=17.89156723022461, tta_acc1=34.77409744262695
2025-06-13 18:25:07,347 - log - INFO - iter:6640/8100, Original Acc@1: 17.89, Acc@5: 62.77, TTA Acc@1: 34.77, Acc@5: 75.44
2025-06-13 18:26:03,816 - log - INFO - iter:6660/8100, clip_acc1=17.852853775024414, tta_acc1=34.71471405029297
2025-06-13 18:26:03,817 - log - INFO - iter:6660/8100, Original Acc@1: 17.85, Acc@5: 62.73, TTA Acc@1: 34.71, Acc@5: 75.48
2025-06-13 18:26:56,965 - log - INFO - iter:6680/8100, clip_acc1=17.829341888427734, tta_acc1=34.64072036743164
2025-06-13 18:26:56,966 - log - INFO - iter:6680/8100, Original Acc@1: 17.83, Acc@5: 62.74, TTA Acc@1: 34.64, Acc@5: 75.55
2025-06-13 18:27:50,090 - log - INFO - iter:6700/8100, clip_acc1=17.776119232177734, tta_acc1=34.55223846435547
2025-06-13 18:27:50,091 - log - INFO - iter:6700/8100, Original Acc@1: 17.78, Acc@5: 62.69, TTA Acc@1: 34.55, Acc@5: 75.58
2025-06-13 18:28:43,193 - log - INFO - iter:6720/8100, clip_acc1=17.738096237182617, tta_acc1=34.47916793823242
2025-06-13 18:28:43,193 - log - INFO - iter:6720/8100, Original Acc@1: 17.74, Acc@5: 62.68, TTA Acc@1: 34.48, Acc@5: 75.65
2025-06-13 18:29:36,505 - log - INFO - iter:6740/8100, clip_acc1=17.70029640197754, tta_acc1=34.39168930053711
2025-06-13 18:29:36,505 - log - INFO - iter:6740/8100, Original Acc@1: 17.70, Acc@5: 62.66, TTA Acc@1: 34.39, Acc@5: 75.73
2025-06-13 18:30:29,811 - log - INFO - iter:6760/8100, clip_acc1=17.64792823791504, tta_acc1=34.34911346435547
2025-06-13 18:30:29,811 - log - INFO - iter:6760/8100, Original Acc@1: 17.65, Acc@5: 62.63, TTA Acc@1: 34.35, Acc@5: 75.77
2025-06-13 18:31:23,108 - log - INFO - iter:6780/8100, clip_acc1=17.625368118286133, tta_acc1=34.29203414916992
2025-06-13 18:31:23,108 - log - INFO - iter:6780/8100, Original Acc@1: 17.63, Acc@5: 62.61, TTA Acc@1: 34.29, Acc@5: 75.84
2025-06-13 18:32:16,378 - log - INFO - iter:6800/8100, clip_acc1=17.573528289794922, tta_acc1=34.22058868408203
2025-06-13 18:32:16,378 - log - INFO - iter:6800/8100, Original Acc@1: 17.57, Acc@5: 62.60, TTA Acc@1: 34.22, Acc@5: 75.90
2025-06-13 18:33:09,711 - log - INFO - iter:6820/8100, clip_acc1=17.536657333374023, tta_acc1=34.164222717285156
2025-06-13 18:33:09,711 - log - INFO - iter:6820/8100, Original Acc@1: 17.54, Acc@5: 62.54, TTA Acc@1: 34.16, Acc@5: 75.92
2025-06-13 18:34:02,890 - log - INFO - iter:6840/8100, clip_acc1=17.485380172729492, tta_acc1=34.108184814453125
2025-06-13 18:34:02,891 - log - INFO - iter:6840/8100, Original Acc@1: 17.49, Acc@5: 62.43, TTA Acc@1: 34.11, Acc@5: 75.99
2025-06-13 18:34:56,088 - log - INFO - iter:6860/8100, clip_acc1=17.478134155273438, tta_acc1=34.067054748535156
2025-06-13 18:34:56,089 - log - INFO - iter:6860/8100, Original Acc@1: 17.48, Acc@5: 62.35, TTA Acc@1: 34.07, Acc@5: 76.05
2025-06-13 18:35:49,433 - log - INFO - iter:6880/8100, clip_acc1=17.427326202392578, tta_acc1=34.011627197265625
2025-06-13 18:35:49,434 - log - INFO - iter:6880/8100, Original Acc@1: 17.43, Acc@5: 62.27, TTA Acc@1: 34.01, Acc@5: 76.10
2025-06-13 18:36:42,757 - log - INFO - iter:6900/8100, clip_acc1=17.39130401611328, tta_acc1=33.971012115478516
2025-06-13 18:36:42,758 - log - INFO - iter:6900/8100, Original Acc@1: 17.39, Acc@5: 62.28, TTA Acc@1: 33.97, Acc@5: 76.14
2025-06-13 18:37:35,791 - log - INFO - iter:6920/8100, clip_acc1=17.36994171142578, tta_acc1=33.9017333984375
2025-06-13 18:37:35,792 - log - INFO - iter:6920/8100, Original Acc@1: 17.37, Acc@5: 62.25, TTA Acc@1: 33.90, Acc@5: 76.17
2025-06-13 18:38:29,008 - log - INFO - iter:6940/8100, clip_acc1=17.348703384399414, tta_acc1=33.87607955932617
2025-06-13 18:38:29,008 - log - INFO - iter:6940/8100, Original Acc@1: 17.35, Acc@5: 62.20, TTA Acc@1: 33.88, Acc@5: 76.22
2025-06-13 18:39:22,383 - log - INFO - iter:6960/8100, clip_acc1=17.31321907043457, tta_acc1=33.77873611450195
2025-06-13 18:39:22,383 - log - INFO - iter:6960/8100, Original Acc@1: 17.31, Acc@5: 62.16, TTA Acc@1: 33.78, Acc@5: 76.25
2025-06-13 18:40:15,627 - log - INFO - iter:6980/8100, clip_acc1=17.29226303100586, tta_acc1=33.72492599487305
2025-06-13 18:40:15,627 - log - INFO - iter:6980/8100, Original Acc@1: 17.29, Acc@5: 62.11, TTA Acc@1: 33.72, Acc@5: 76.29
2025-06-13 18:41:08,905 - log - INFO - iter:7000/8100, clip_acc1=17.242856979370117, tta_acc1=33.657142639160156
2025-06-13 18:41:08,905 - log - INFO - iter:7000/8100, Original Acc@1: 17.24, Acc@5: 62.07, TTA Acc@1: 33.66, Acc@5: 76.31
2025-06-13 18:42:02,166 - log - INFO - iter:7020/8100, clip_acc1=17.22222137451172, tta_acc1=33.56125259399414
2025-06-13 18:42:02,166 - log - INFO - iter:7020/8100, Original Acc@1: 17.22, Acc@5: 61.99, TTA Acc@1: 33.56, Acc@5: 76.37
2025-06-13 18:42:55,352 - log - INFO - iter:7040/8100, clip_acc1=17.173294067382812, tta_acc1=33.4801139831543
2025-06-13 18:42:55,352 - log - INFO - iter:7040/8100, Original Acc@1: 17.17, Acc@5: 61.89, TTA Acc@1: 33.48, Acc@5: 76.41
2025-06-13 18:43:48,570 - log - INFO - iter:7060/8100, clip_acc1=17.15297508239746, tta_acc1=33.39943313598633
2025-06-13 18:43:48,570 - log - INFO - iter:7060/8100, Original Acc@1: 17.15, Acc@5: 61.93, TTA Acc@1: 33.40, Acc@5: 76.46
2025-06-13 18:44:41,829 - log - INFO - iter:7080/8100, clip_acc1=17.11864471435547, tta_acc1=33.34745788574219
2025-06-13 18:44:41,829 - log - INFO - iter:7080/8100, Original Acc@1: 17.12, Acc@5: 61.89, TTA Acc@1: 33.35, Acc@5: 76.50
2025-06-13 18:45:34,977 - log - INFO - iter:7100/8100, clip_acc1=17.09859275817871, tta_acc1=33.28169250488281
2025-06-13 18:45:34,977 - log - INFO - iter:7100/8100, Original Acc@1: 17.10, Acc@5: 61.87, TTA Acc@1: 33.28, Acc@5: 76.55
2025-06-13 18:46:28,421 - log - INFO - iter:7120/8100, clip_acc1=17.078651428222656, tta_acc1=33.244380950927734
2025-06-13 18:46:28,421 - log - INFO - iter:7120/8100, Original Acc@1: 17.08, Acc@5: 61.87, TTA Acc@1: 33.24, Acc@5: 76.59
2025-06-13 18:47:21,883 - log - INFO - iter:7140/8100, clip_acc1=17.072830200195312, tta_acc1=33.19327926635742
2025-06-13 18:47:21,883 - log - INFO - iter:7140/8100, Original Acc@1: 17.07, Acc@5: 61.88, TTA Acc@1: 33.19, Acc@5: 76.62
2025-06-13 18:48:15,235 - log - INFO - iter:7160/8100, clip_acc1=17.02513885498047, tta_acc1=33.114524841308594
2025-06-13 18:48:15,235 - log - INFO - iter:7160/8100, Original Acc@1: 17.03, Acc@5: 61.77, TTA Acc@1: 33.11, Acc@5: 76.68
2025-06-13 18:49:08,881 - log - INFO - iter:7180/8100, clip_acc1=17.005571365356445, tta_acc1=33.06406784057617
2025-06-13 18:49:08,882 - log - INFO - iter:7180/8100, Original Acc@1: 17.01, Acc@5: 61.73, TTA Acc@1: 33.06, Acc@5: 76.71
2025-06-13 18:50:02,497 - log - INFO - iter:7200/8100, clip_acc1=16.95833396911621, tta_acc1=32.98611068725586
2025-06-13 18:50:02,497 - log - INFO - iter:7200/8100, Original Acc@1: 16.96, Acc@5: 61.68, TTA Acc@1: 32.99, Acc@5: 76.76
2025-06-13 18:50:56,034 - log - INFO - iter:7220/8100, clip_acc1=17.16066551208496, tta_acc1=33.17174530029297
2025-06-13 18:50:56,035 - log - INFO - iter:7220/8100, Original Acc@1: 17.16, Acc@5: 61.77, TTA Acc@1: 33.17, Acc@5: 76.83
2025-06-13 18:51:49,605 - log - INFO - iter:7240/8100, clip_acc1=17.36187744140625, tta_acc1=33.356353759765625
2025-06-13 18:51:49,605 - log - INFO - iter:7240/8100, Original Acc@1: 17.36, Acc@5: 61.86, TTA Acc@1: 33.36, Acc@5: 76.89
2025-06-13 18:52:43,232 - log - INFO - iter:7260/8100, clip_acc1=17.56198501586914, tta_acc1=33.539947509765625
2025-06-13 18:52:43,233 - log - INFO - iter:7260/8100, Original Acc@1: 17.56, Acc@5: 61.96, TTA Acc@1: 33.54, Acc@5: 76.96
2025-06-13 18:53:36,802 - log - INFO - iter:7280/8100, clip_acc1=17.788461685180664, tta_acc1=33.722530364990234
2025-06-13 18:53:36,802 - log - INFO - iter:7280/8100, Original Acc@1: 17.79, Acc@5: 62.06, TTA Acc@1: 33.72, Acc@5: 77.02
2025-06-13 18:54:30,392 - log - INFO - iter:7300/8100, clip_acc1=17.97260284423828, tta_acc1=33.904109954833984
2025-06-13 18:54:30,392 - log - INFO - iter:7300/8100, Original Acc@1: 17.97, Acc@5: 62.15, TTA Acc@1: 33.90, Acc@5: 77.08
2025-06-13 18:55:23,725 - log - INFO - iter:7320/8100, clip_acc1=18.16939926147461, tta_acc1=34.08470153808594
2025-06-13 18:55:23,725 - log - INFO - iter:7320/8100, Original Acc@1: 18.17, Acc@5: 62.25, TTA Acc@1: 34.08, Acc@5: 77.14
2025-06-13 18:56:17,012 - log - INFO - iter:7340/8100, clip_acc1=18.378747940063477, tta_acc1=34.264305114746094
2025-06-13 18:56:17,012 - log - INFO - iter:7340/8100, Original Acc@1: 18.38, Acc@5: 62.34, TTA Acc@1: 34.26, Acc@5: 77.21
2025-06-13 18:57:10,421 - log - INFO - iter:7360/8100, clip_acc1=18.546194076538086, tta_acc1=34.44293212890625
2025-06-13 18:57:10,421 - log - INFO - iter:7360/8100, Original Acc@1: 18.55, Acc@5: 62.45, TTA Acc@1: 34.44, Acc@5: 77.27
2025-06-13 18:58:03,841 - log - INFO - iter:7380/8100, clip_acc1=18.699186325073242, tta_acc1=34.6205940246582
2025-06-13 18:58:03,841 - log - INFO - iter:7380/8100, Original Acc@1: 18.70, Acc@5: 62.52, TTA Acc@1: 34.62, Acc@5: 77.33
2025-06-13 18:58:57,213 - log - INFO - iter:7400/8100, clip_acc1=18.87837791442871, tta_acc1=34.797298431396484
2025-06-13 18:58:57,213 - log - INFO - iter:7400/8100, Original Acc@1: 18.88, Acc@5: 62.61, TTA Acc@1: 34.80, Acc@5: 77.39
2025-06-13 18:59:50,708 - log - INFO - iter:7420/8100, clip_acc1=19.02964973449707, tta_acc1=34.973045349121094
2025-06-13 18:59:50,708 - log - INFO - iter:7420/8100, Original Acc@1: 19.03, Acc@5: 62.68, TTA Acc@1: 34.97, Acc@5: 77.45
2025-06-13 19:00:44,274 - log - INFO - iter:7440/8100, clip_acc1=19.247312545776367, tta_acc1=35.147850036621094
2025-06-13 19:00:44,274 - log - INFO - iter:7440/8100, Original Acc@1: 19.25, Acc@5: 62.78, TTA Acc@1: 35.15, Acc@5: 77.51
