2025-06-10 19:54:18,068 - log - INFO - ==========================================
data:/leonardo_work/EUHPC_R04_192/fmohamma/Adversarial_Robust_Clip/atpt_data/downstream_datasets
test_sets:Cars
dataset_mode:test
arch:delta_clip_l14_224
resolution:224
workers:4
no_pin_memory:False
batch_size:64
print_freq:20
gpu:0
no_cudnn_benchmark:False
n_ctx:4
ctx_init:a_photo_of_a
tpt_loss:rtpt
seed:0
output_dir:/leonardo_work/EUHPC_R04_192/fmohamma/Adversarial_Robust_Clip/atpt_data/delta_clip_l14_224/Cars
log_output_dir:/leonardo_work/EUHPC_R04_192/fmohamma/Adversarial_Robust_Clip/ATPT/Final_Results/delta_clip_l14_224/Cars
eps:0.0
alpha:0.0
alpha_eps_ratio:4.0
steps:0
lr:0.005
selection_p:0.1
tta_steps:1
ensemble_type:weighted_rtpt
top_k:20
softmax_temp:0.01
counter_attack:True
counter_attack_type:pgd
counter_attack_steps:2
counter_attack_eps:2.0
counter_attack_alpha:1.0
counter_attack_tau_thres:0.2
counter_attack_beta:2.0
counter_attack_weighted_perturbations:True
pgd_clip_pure_i_text_embeddings:null
pgd_counter_and_clipure_i_lamda:1.0
selected_id_name:selected_topk.json
weighted_score_name:weighted_scores.json
batch_entropy_name:entropies.json
log_dir:/leonardo_work/EUHPC_R04_192/fmohamma/Adversarial_Robust_Clip/ATPT/Final_Results/delta_clip_l14_224/Cars/Clean/Counter_Attack/Eps_2_0_Steps_2_Alpha_1_0/tau_0_2_beta_2_0_weighted_pertrubation_True/TPT/Optimization_Loss_rtpt_LR_0_005_Optimization_Steps_1_View_Selection_Fraction_0_1/Inference_Ensemble_weighted_rtpt_topk_20_softmaxtemp_0_01

2025-06-10 19:54:18,069 - log - INFO - Use GPU: 0 for training
2025-06-10 19:55:19,123 - log - INFO - Freezing all parameters except prompt learner
2025-06-10 19:55:19,124 - log - INFO - => Model created: visual backbone delta_clip_l14_224
2025-06-10 19:55:19,136 - log - INFO - Number of test samples: 8041
2025-06-10 19:55:19,136 - log - INFO - Evaluating dataset: Cars
2025-06-10 19:55:19,137 - log - INFO - Starting evaluation with batch size: 64, selection percentage: 0.1
2025-06-10 19:55:19,137 - log - INFO - Test-time adaptation steps: 1, learning rate: 0.005
2025-06-10 19:55:19,137 - log - INFO - Using counter-attack with epsilon: 2.000000, alpha: 0.000000, steps: 2, tau_thres: 0.2, beta: 2.0, weighted perturbation: True
2025-06-10 19:56:20,312 - log - INFO - iter:20/8041, clip_acc1=85.0, tta_acc1=85.0
2025-06-10 19:56:20,312 - log - INFO - iter:20/8041, Original Acc@1: 85.00, Acc@5: 100.00, TTA Acc@1: 85.00, Acc@5: 100.00
2025-06-10 19:57:19,720 - log - INFO - iter:40/8041, clip_acc1=85.0, tta_acc1=85.0
2025-06-10 19:57:19,721 - log - INFO - iter:40/8041, Original Acc@1: 85.00, Acc@5: 100.00, TTA Acc@1: 85.00, Acc@5: 100.00
2025-06-10 19:58:18,353 - log - INFO - iter:60/8041, clip_acc1=85.00000762939453, tta_acc1=85.00000762939453
2025-06-10 19:58:18,353 - log - INFO - iter:60/8041, Original Acc@1: 85.00, Acc@5: 100.00, TTA Acc@1: 85.00, Acc@5: 100.00
2025-06-10 19:59:17,593 - log - INFO - iter:80/8041, clip_acc1=83.75, tta_acc1=83.75
2025-06-10 19:59:17,594 - log - INFO - iter:80/8041, Original Acc@1: 83.75, Acc@5: 100.00, TTA Acc@1: 83.75, Acc@5: 100.00
2025-06-10 20:00:16,794 - log - INFO - iter:100/8041, clip_acc1=85.0, tta_acc1=86.0
2025-06-10 20:00:16,794 - log - INFO - iter:100/8041, Original Acc@1: 85.00, Acc@5: 100.00, TTA Acc@1: 86.00, Acc@5: 100.00
2025-06-10 20:01:16,159 - log - INFO - iter:120/8041, clip_acc1=85.83333587646484, tta_acc1=85.83333587646484
2025-06-10 20:01:16,159 - log - INFO - iter:120/8041, Original Acc@1: 85.83, Acc@5: 100.00, TTA Acc@1: 85.83, Acc@5: 100.00
2025-06-10 20:02:15,346 - log - INFO - iter:140/8041, clip_acc1=82.85713958740234, tta_acc1=81.42857360839844
2025-06-10 20:02:15,346 - log - INFO - iter:140/8041, Original Acc@1: 82.86, Acc@5: 100.00, TTA Acc@1: 81.43, Acc@5: 99.29
2025-06-10 20:03:15,325 - log - INFO - iter:160/8041, clip_acc1=83.125, tta_acc1=81.25
2025-06-10 20:03:15,326 - log - INFO - iter:160/8041, Original Acc@1: 83.12, Acc@5: 100.00, TTA Acc@1: 81.25, Acc@5: 99.38
2025-06-10 20:04:14,363 - log - INFO - iter:180/8041, clip_acc1=82.22222137451172, tta_acc1=80.55555725097656
2025-06-10 20:04:14,363 - log - INFO - iter:180/8041, Original Acc@1: 82.22, Acc@5: 100.00, TTA Acc@1: 80.56, Acc@5: 99.44
2025-06-10 20:05:13,894 - log - INFO - iter:200/8041, clip_acc1=82.5, tta_acc1=81.5
2025-06-10 20:05:13,895 - log - INFO - iter:200/8041, Original Acc@1: 82.50, Acc@5: 100.00, TTA Acc@1: 81.50, Acc@5: 99.50
2025-06-10 20:06:13,075 - log - INFO - iter:220/8041, clip_acc1=81.81817626953125, tta_acc1=80.90908813476562
2025-06-10 20:06:13,075 - log - INFO - iter:220/8041, Original Acc@1: 81.82, Acc@5: 100.00, TTA Acc@1: 80.91, Acc@5: 99.55
2025-06-10 20:07:12,051 - log - INFO - iter:240/8041, clip_acc1=82.91667175292969, tta_acc1=82.08333587646484
2025-06-10 20:07:12,051 - log - INFO - iter:240/8041, Original Acc@1: 82.92, Acc@5: 100.00, TTA Acc@1: 82.08, Acc@5: 99.58
2025-06-10 20:08:11,891 - log - INFO - iter:260/8041, clip_acc1=82.69230651855469, tta_acc1=81.53845977783203
2025-06-10 20:08:11,891 - log - INFO - iter:260/8041, Original Acc@1: 82.69, Acc@5: 100.00, TTA Acc@1: 81.54, Acc@5: 99.62
2025-06-10 20:09:11,220 - log - INFO - iter:280/8041, clip_acc1=82.5, tta_acc1=81.78571319580078
2025-06-10 20:09:11,220 - log - INFO - iter:280/8041, Original Acc@1: 82.50, Acc@5: 100.00, TTA Acc@1: 81.79, Acc@5: 99.64
2025-06-10 20:10:11,157 - log - INFO - iter:300/8041, clip_acc1=82.33333587646484, tta_acc1=81.66667175292969
2025-06-10 20:10:11,157 - log - INFO - iter:300/8041, Original Acc@1: 82.33, Acc@5: 100.00, TTA Acc@1: 81.67, Acc@5: 99.67
2025-06-10 20:11:10,398 - log - INFO - iter:320/8041, clip_acc1=82.1875, tta_acc1=81.875
2025-06-10 20:11:10,398 - log - INFO - iter:320/8041, Original Acc@1: 82.19, Acc@5: 100.00, TTA Acc@1: 81.88, Acc@5: 99.69
2025-06-10 20:12:09,814 - log - INFO - iter:340/8041, clip_acc1=82.05882263183594, tta_acc1=82.05882263183594
2025-06-10 20:12:09,815 - log - INFO - iter:340/8041, Original Acc@1: 82.06, Acc@5: 100.00, TTA Acc@1: 82.06, Acc@5: 99.71
2025-06-10 20:13:08,736 - log - INFO - iter:360/8041, clip_acc1=82.22222137451172, tta_acc1=81.94444274902344
2025-06-10 20:13:08,736 - log - INFO - iter:360/8041, Original Acc@1: 82.22, Acc@5: 100.00, TTA Acc@1: 81.94, Acc@5: 99.72
2025-06-10 20:14:08,689 - log - INFO - iter:380/8041, clip_acc1=82.10527038574219, tta_acc1=82.10527038574219
2025-06-10 20:14:08,689 - log - INFO - iter:380/8041, Original Acc@1: 82.11, Acc@5: 100.00, TTA Acc@1: 82.11, Acc@5: 99.74
2025-06-10 20:15:08,273 - log - INFO - iter:400/8041, clip_acc1=82.0, tta_acc1=82.0
2025-06-10 20:15:08,273 - log - INFO - iter:400/8041, Original Acc@1: 82.00, Acc@5: 100.00, TTA Acc@1: 82.00, Acc@5: 99.75
2025-06-10 20:16:07,627 - log - INFO - iter:420/8041, clip_acc1=81.66667175292969, tta_acc1=81.42857360839844
2025-06-10 20:16:07,627 - log - INFO - iter:420/8041, Original Acc@1: 81.67, Acc@5: 99.76, TTA Acc@1: 81.43, Acc@5: 99.52
2025-06-10 20:17:07,176 - log - INFO - iter:440/8041, clip_acc1=82.04544830322266, tta_acc1=81.36363220214844
2025-06-10 20:17:07,177 - log - INFO - iter:440/8041, Original Acc@1: 82.05, Acc@5: 99.77, TTA Acc@1: 81.36, Acc@5: 99.55
2025-06-10 20:18:05,804 - log - INFO - iter:460/8041, clip_acc1=81.52173614501953, tta_acc1=80.86956024169922
2025-06-10 20:18:05,804 - log - INFO - iter:460/8041, Original Acc@1: 81.52, Acc@5: 99.78, TTA Acc@1: 80.87, Acc@5: 99.57
2025-06-10 20:19:05,696 - log - INFO - iter:480/8041, clip_acc1=81.25000762939453, tta_acc1=80.41667175292969
2025-06-10 20:19:05,696 - log - INFO - iter:480/8041, Original Acc@1: 81.25, Acc@5: 99.58, TTA Acc@1: 80.42, Acc@5: 99.58
2025-06-10 20:20:04,752 - log - INFO - iter:500/8041, clip_acc1=80.80000305175781, tta_acc1=80.0
2025-06-10 20:20:04,752 - log - INFO - iter:500/8041, Original Acc@1: 80.80, Acc@5: 99.60, TTA Acc@1: 80.00, Acc@5: 99.60
2025-06-10 20:21:04,738 - log - INFO - iter:520/8041, clip_acc1=80.38461303710938, tta_acc1=79.80769348144531
2025-06-10 20:21:04,738 - log - INFO - iter:520/8041, Original Acc@1: 80.38, Acc@5: 99.62, TTA Acc@1: 79.81, Acc@5: 99.62
2025-06-10 20:22:03,928 - log - INFO - iter:540/8041, clip_acc1=80.37036895751953, tta_acc1=80.0
2025-06-10 20:22:03,928 - log - INFO - iter:540/8041, Original Acc@1: 80.37, Acc@5: 99.44, TTA Acc@1: 80.00, Acc@5: 99.44
2025-06-10 20:23:03,164 - log - INFO - iter:560/8041, clip_acc1=80.71428680419922, tta_acc1=80.0
2025-06-10 20:23:03,164 - log - INFO - iter:560/8041, Original Acc@1: 80.71, Acc@5: 99.46, TTA Acc@1: 80.00, Acc@5: 99.46
2025-06-10 20:24:02,604 - log - INFO - iter:580/8041, clip_acc1=80.3448257446289, tta_acc1=79.6551742553711
2025-06-10 20:24:02,604 - log - INFO - iter:580/8041, Original Acc@1: 80.34, Acc@5: 99.48, TTA Acc@1: 79.66, Acc@5: 99.31
2025-06-10 20:25:02,076 - log - INFO - iter:600/8041, clip_acc1=80.16667175292969, tta_acc1=79.66667175292969
2025-06-10 20:25:02,076 - log - INFO - iter:600/8041, Original Acc@1: 80.17, Acc@5: 99.50, TTA Acc@1: 79.67, Acc@5: 99.33
2025-06-10 20:26:01,269 - log - INFO - iter:620/8041, clip_acc1=80.64515686035156, tta_acc1=80.16128540039062
2025-06-10 20:26:01,269 - log - INFO - iter:620/8041, Original Acc@1: 80.65, Acc@5: 99.52, TTA Acc@1: 80.16, Acc@5: 99.35
2025-06-10 20:27:00,565 - log - INFO - iter:640/8041, clip_acc1=80.3125, tta_acc1=80.0
2025-06-10 20:27:00,566 - log - INFO - iter:640/8041, Original Acc@1: 80.31, Acc@5: 99.53, TTA Acc@1: 80.00, Acc@5: 99.38
2025-06-10 20:27:59,672 - log - INFO - iter:660/8041, clip_acc1=80.6060562133789, tta_acc1=80.30302429199219
2025-06-10 20:27:59,672 - log - INFO - iter:660/8041, Original Acc@1: 80.61, Acc@5: 99.39, TTA Acc@1: 80.30, Acc@5: 99.24
2025-06-10 20:28:58,842 - log - INFO - iter:680/8041, clip_acc1=80.5882339477539, tta_acc1=80.44117736816406
2025-06-10 20:28:58,842 - log - INFO - iter:680/8041, Original Acc@1: 80.59, Acc@5: 99.41, TTA Acc@1: 80.44, Acc@5: 99.26
2025-06-10 20:29:57,833 - log - INFO - iter:700/8041, clip_acc1=80.85713958740234, tta_acc1=80.85713958740234
2025-06-10 20:29:57,833 - log - INFO - iter:700/8041, Original Acc@1: 80.86, Acc@5: 99.43, TTA Acc@1: 80.86, Acc@5: 99.29
2025-06-10 20:30:57,300 - log - INFO - iter:720/8041, clip_acc1=80.83333587646484, tta_acc1=80.83333587646484
2025-06-10 20:30:57,301 - log - INFO - iter:720/8041, Original Acc@1: 80.83, Acc@5: 99.31, TTA Acc@1: 80.83, Acc@5: 99.17
2025-06-10 20:31:56,779 - log - INFO - iter:740/8041, clip_acc1=80.9459457397461, tta_acc1=80.8108139038086
2025-06-10 20:31:56,779 - log - INFO - iter:740/8041, Original Acc@1: 80.95, Acc@5: 99.19, TTA Acc@1: 80.81, Acc@5: 98.92
2025-06-10 20:32:55,823 - log - INFO - iter:760/8041, clip_acc1=81.18421173095703, tta_acc1=80.78947448730469
2025-06-10 20:32:55,823 - log - INFO - iter:760/8041, Original Acc@1: 81.18, Acc@5: 99.21, TTA Acc@1: 80.79, Acc@5: 98.95
2025-06-10 20:33:54,840 - log - INFO - iter:780/8041, clip_acc1=81.02564239501953, tta_acc1=80.51282501220703
2025-06-10 20:33:54,841 - log - INFO - iter:780/8041, Original Acc@1: 81.03, Acc@5: 99.23, TTA Acc@1: 80.51, Acc@5: 98.97
2025-06-10 20:34:54,585 - log - INFO - iter:800/8041, clip_acc1=81.375, tta_acc1=80.875
2025-06-10 20:34:54,586 - log - INFO - iter:800/8041, Original Acc@1: 81.38, Acc@5: 99.25, TTA Acc@1: 80.88, Acc@5: 99.00
2025-06-10 20:35:53,493 - log - INFO - iter:820/8041, clip_acc1=81.34146118164062, tta_acc1=80.8536605834961
2025-06-10 20:35:53,493 - log - INFO - iter:820/8041, Original Acc@1: 81.34, Acc@5: 99.27, TTA Acc@1: 80.85, Acc@5: 99.02
2025-06-10 20:36:52,725 - log - INFO - iter:840/8041, clip_acc1=81.42857360839844, tta_acc1=80.95238494873047
2025-06-10 20:36:52,725 - log - INFO - iter:840/8041, Original Acc@1: 81.43, Acc@5: 99.17, TTA Acc@1: 80.95, Acc@5: 98.93
2025-06-10 20:37:52,241 - log - INFO - iter:860/8041, clip_acc1=81.27906799316406, tta_acc1=80.81394958496094
2025-06-10 20:37:52,242 - log - INFO - iter:860/8041, Original Acc@1: 81.28, Acc@5: 99.19, TTA Acc@1: 80.81, Acc@5: 98.84
2025-06-10 20:38:51,382 - log - INFO - iter:880/8041, clip_acc1=81.4772720336914, tta_acc1=81.0227279663086
2025-06-10 20:38:51,382 - log - INFO - iter:880/8041, Original Acc@1: 81.48, Acc@5: 99.20, TTA Acc@1: 81.02, Acc@5: 98.86
2025-06-10 20:39:51,967 - log - INFO - iter:900/8041, clip_acc1=81.55555725097656, tta_acc1=81.22222137451172
2025-06-10 20:39:51,968 - log - INFO - iter:900/8041, Original Acc@1: 81.56, Acc@5: 99.22, TTA Acc@1: 81.22, Acc@5: 98.89
2025-06-10 20:40:51,584 - log - INFO - iter:920/8041, clip_acc1=81.73912811279297, tta_acc1=81.19564819335938
2025-06-10 20:40:51,585 - log - INFO - iter:920/8041, Original Acc@1: 81.74, Acc@5: 99.24, TTA Acc@1: 81.20, Acc@5: 98.91
2025-06-10 20:41:51,418 - log - INFO - iter:940/8041, clip_acc1=81.9148941040039, tta_acc1=81.38297271728516
2025-06-10 20:41:51,418 - log - INFO - iter:940/8041, Original Acc@1: 81.91, Acc@5: 99.26, TTA Acc@1: 81.38, Acc@5: 98.94
2025-06-10 20:42:51,317 - log - INFO - iter:960/8041, clip_acc1=81.66667175292969, tta_acc1=81.14583587646484
2025-06-10 20:42:51,317 - log - INFO - iter:960/8041, Original Acc@1: 81.67, Acc@5: 99.17, TTA Acc@1: 81.15, Acc@5: 98.85
2025-06-10 20:43:51,029 - log - INFO - iter:980/8041, clip_acc1=81.83673095703125, tta_acc1=81.02040100097656
2025-06-10 20:43:51,029 - log - INFO - iter:980/8041, Original Acc@1: 81.84, Acc@5: 99.18, TTA Acc@1: 81.02, Acc@5: 98.88
2025-06-10 20:44:50,992 - log - INFO - iter:1000/8041, clip_acc1=81.9000015258789, tta_acc1=81.10000610351562
2025-06-10 20:44:50,992 - log - INFO - iter:1000/8041, Original Acc@1: 81.90, Acc@5: 99.20, TTA Acc@1: 81.10, Acc@5: 98.90
2025-06-10 20:45:49,857 - log - INFO - iter:1020/8041, clip_acc1=81.9607925415039, tta_acc1=81.07843780517578
2025-06-10 20:45:49,857 - log - INFO - iter:1020/8041, Original Acc@1: 81.96, Acc@5: 99.22, TTA Acc@1: 81.08, Acc@5: 98.92
2025-06-10 20:46:49,313 - log - INFO - iter:1040/8041, clip_acc1=82.01923370361328, tta_acc1=80.96154022216797
2025-06-10 20:46:49,313 - log - INFO - iter:1040/8041, Original Acc@1: 82.02, Acc@5: 99.23, TTA Acc@1: 80.96, Acc@5: 98.94
2025-06-10 20:47:48,401 - log - INFO - iter:1060/8041, clip_acc1=82.07546997070312, tta_acc1=81.03773498535156
2025-06-10 20:47:48,401 - log - INFO - iter:1060/8041, Original Acc@1: 82.08, Acc@5: 99.25, TTA Acc@1: 81.04, Acc@5: 98.96
2025-06-10 20:48:48,057 - log - INFO - iter:1080/8041, clip_acc1=82.22222137451172, tta_acc1=81.1111068725586
2025-06-10 20:48:48,058 - log - INFO - iter:1080/8041, Original Acc@1: 82.22, Acc@5: 99.26, TTA Acc@1: 81.11, Acc@5: 98.98
2025-06-10 20:49:48,209 - log - INFO - iter:1100/8041, clip_acc1=82.2727279663086, tta_acc1=81.2727279663086
2025-06-10 20:49:48,209 - log - INFO - iter:1100/8041, Original Acc@1: 82.27, Acc@5: 99.27, TTA Acc@1: 81.27, Acc@5: 99.00
2025-06-10 20:50:47,546 - log - INFO - iter:1120/8041, clip_acc1=82.41071319580078, tta_acc1=81.51786041259766
2025-06-10 20:50:47,546 - log - INFO - iter:1120/8041, Original Acc@1: 82.41, Acc@5: 99.29, TTA Acc@1: 81.52, Acc@5: 99.02
2025-06-10 20:51:46,484 - log - INFO - iter:1140/8041, clip_acc1=82.54386138916016, tta_acc1=81.40351104736328
2025-06-10 20:51:46,484 - log - INFO - iter:1140/8041, Original Acc@1: 82.54, Acc@5: 99.30, TTA Acc@1: 81.40, Acc@5: 99.04
2025-06-10 20:52:45,500 - log - INFO - iter:1160/8041, clip_acc1=82.75862121582031, tta_acc1=81.63793182373047
2025-06-10 20:52:45,500 - log - INFO - iter:1160/8041, Original Acc@1: 82.76, Acc@5: 99.31, TTA Acc@1: 81.64, Acc@5: 99.05
2025-06-10 20:53:45,531 - log - INFO - iter:1180/8041, clip_acc1=82.71186065673828, tta_acc1=81.61016845703125
2025-06-10 20:53:45,532 - log - INFO - iter:1180/8041, Original Acc@1: 82.71, Acc@5: 99.32, TTA Acc@1: 81.61, Acc@5: 99.07
2025-06-10 20:54:44,506 - log - INFO - iter:1200/8041, clip_acc1=82.83333587646484, tta_acc1=81.58333587646484
2025-06-10 20:54:44,506 - log - INFO - iter:1200/8041, Original Acc@1: 82.83, Acc@5: 99.33, TTA Acc@1: 81.58, Acc@5: 99.08
2025-06-10 20:55:44,022 - log - INFO - iter:1220/8041, clip_acc1=82.86885070800781, tta_acc1=81.63934326171875
2025-06-10 20:55:44,022 - log - INFO - iter:1220/8041, Original Acc@1: 82.87, Acc@5: 99.34, TTA Acc@1: 81.64, Acc@5: 99.10
2025-06-10 20:56:43,414 - log - INFO - iter:1240/8041, clip_acc1=82.98387145996094, tta_acc1=81.69355010986328
2025-06-10 20:56:43,414 - log - INFO - iter:1240/8041, Original Acc@1: 82.98, Acc@5: 99.35, TTA Acc@1: 81.69, Acc@5: 99.11
2025-06-10 20:57:43,965 - log - INFO - iter:1260/8041, clip_acc1=82.85714721679688, tta_acc1=81.5873031616211
2025-06-10 20:57:43,965 - log - INFO - iter:1260/8041, Original Acc@1: 82.86, Acc@5: 99.29, TTA Acc@1: 81.59, Acc@5: 99.05
2025-06-10 20:58:43,616 - log - INFO - iter:1280/8041, clip_acc1=82.890625, tta_acc1=81.640625
2025-06-10 20:58:43,617 - log - INFO - iter:1280/8041, Original Acc@1: 82.89, Acc@5: 99.30, TTA Acc@1: 81.64, Acc@5: 99.06
2025-06-10 20:59:43,347 - log - INFO - iter:1300/8041, clip_acc1=83.07691955566406, tta_acc1=81.84615325927734
2025-06-10 20:59:43,347 - log - INFO - iter:1300/8041, Original Acc@1: 83.08, Acc@5: 99.31, TTA Acc@1: 81.85, Acc@5: 99.08
2025-06-10 21:00:42,947 - log - INFO - iter:1320/8041, clip_acc1=83.1060562133789, tta_acc1=81.89393615722656
2025-06-10 21:00:42,947 - log - INFO - iter:1320/8041, Original Acc@1: 83.11, Acc@5: 99.24, TTA Acc@1: 81.89, Acc@5: 99.02
2025-06-10 21:01:42,406 - log - INFO - iter:1340/8041, clip_acc1=83.13433074951172, tta_acc1=81.94029998779297
2025-06-10 21:01:42,406 - log - INFO - iter:1340/8041, Original Acc@1: 83.13, Acc@5: 99.18, TTA Acc@1: 81.94, Acc@5: 98.96
2025-06-10 21:02:42,172 - log - INFO - iter:1360/8041, clip_acc1=83.0882339477539, tta_acc1=81.9117660522461
2025-06-10 21:02:42,172 - log - INFO - iter:1360/8041, Original Acc@1: 83.09, Acc@5: 99.19, TTA Acc@1: 81.91, Acc@5: 98.97
2025-06-10 21:03:41,840 - log - INFO - iter:1380/8041, clip_acc1=83.18840789794922, tta_acc1=81.95652770996094
2025-06-10 21:03:41,840 - log - INFO - iter:1380/8041, Original Acc@1: 83.19, Acc@5: 99.20, TTA Acc@1: 81.96, Acc@5: 98.99
2025-06-10 21:04:41,023 - log - INFO - iter:1400/8041, clip_acc1=83.21428680419922, tta_acc1=82.14285278320312
2025-06-10 21:04:41,023 - log - INFO - iter:1400/8041, Original Acc@1: 83.21, Acc@5: 99.21, TTA Acc@1: 82.14, Acc@5: 99.00
2025-06-10 21:05:40,417 - log - INFO - iter:1420/8041, clip_acc1=83.09858703613281, tta_acc1=82.04225158691406
2025-06-10 21:05:40,417 - log - INFO - iter:1420/8041, Original Acc@1: 83.10, Acc@5: 99.23, TTA Acc@1: 82.04, Acc@5: 99.01
2025-06-10 21:06:40,306 - log - INFO - iter:1440/8041, clip_acc1=83.125, tta_acc1=82.15277862548828
2025-06-10 21:06:40,307 - log - INFO - iter:1440/8041, Original Acc@1: 83.12, Acc@5: 99.24, TTA Acc@1: 82.15, Acc@5: 99.03
2025-06-10 21:07:39,070 - log - INFO - iter:1460/8041, clip_acc1=83.28767395019531, tta_acc1=82.39726257324219
2025-06-10 21:07:39,070 - log - INFO - iter:1460/8041, Original Acc@1: 83.29, Acc@5: 99.25, TTA Acc@1: 82.40, Acc@5: 99.04
2025-06-10 21:08:38,130 - log - INFO - iter:1480/8041, clip_acc1=83.37837982177734, tta_acc1=82.43243408203125
2025-06-10 21:08:38,130 - log - INFO - iter:1480/8041, Original Acc@1: 83.38, Acc@5: 99.26, TTA Acc@1: 82.43, Acc@5: 99.05
2025-06-10 21:09:37,666 - log - INFO - iter:1500/8041, clip_acc1=83.53333282470703, tta_acc1=82.5999984741211
2025-06-10 21:09:37,666 - log - INFO - iter:1500/8041, Original Acc@1: 83.53, Acc@5: 99.27, TTA Acc@1: 82.60, Acc@5: 99.07
2025-06-10 21:10:37,397 - log - INFO - iter:1520/8041, clip_acc1=83.5526351928711, tta_acc1=82.63158416748047
2025-06-10 21:10:37,397 - log - INFO - iter:1520/8041, Original Acc@1: 83.55, Acc@5: 99.28, TTA Acc@1: 82.63, Acc@5: 99.08
2025-06-10 21:11:36,476 - log - INFO - iter:1540/8041, clip_acc1=83.63636016845703, tta_acc1=82.7272720336914
2025-06-10 21:11:36,476 - log - INFO - iter:1540/8041, Original Acc@1: 83.64, Acc@5: 99.29, TTA Acc@1: 82.73, Acc@5: 99.09
2025-06-10 21:12:35,604 - log - INFO - iter:1560/8041, clip_acc1=83.52564239501953, tta_acc1=82.56410217285156
2025-06-10 21:12:35,605 - log - INFO - iter:1560/8041, Original Acc@1: 83.53, Acc@5: 99.23, TTA Acc@1: 82.56, Acc@5: 98.97
2025-06-10 21:13:34,844 - log - INFO - iter:1580/8041, clip_acc1=83.54430389404297, tta_acc1=82.59494018554688
2025-06-10 21:13:34,845 - log - INFO - iter:1580/8041, Original Acc@1: 83.54, Acc@5: 99.24, TTA Acc@1: 82.59, Acc@5: 98.92
2025-06-10 21:14:34,902 - log - INFO - iter:1600/8041, clip_acc1=83.5625, tta_acc1=82.5625
2025-06-10 21:14:34,902 - log - INFO - iter:1600/8041, Original Acc@1: 83.56, Acc@5: 99.25, TTA Acc@1: 82.56, Acc@5: 98.94
2025-06-10 21:15:40,395 - log - INFO - iter:1620/8041, clip_acc1=83.33333587646484, tta_acc1=82.40740966796875
2025-06-10 21:15:40,396 - log - INFO - iter:1620/8041, Original Acc@1: 83.33, Acc@5: 99.26, TTA Acc@1: 82.41, Acc@5: 98.89
2025-06-10 21:16:39,605 - log - INFO - iter:1640/8041, clip_acc1=83.3536605834961, tta_acc1=82.43902587890625
2025-06-10 21:16:39,606 - log - INFO - iter:1640/8041, Original Acc@1: 83.35, Acc@5: 99.27, TTA Acc@1: 82.44, Acc@5: 98.90
2025-06-10 21:17:40,162 - log - INFO - iter:1660/8041, clip_acc1=83.3132553100586, tta_acc1=82.40963745117188
2025-06-10 21:17:40,162 - log - INFO - iter:1660/8041, Original Acc@1: 83.31, Acc@5: 99.28, TTA Acc@1: 82.41, Acc@5: 98.92
2025-06-10 21:18:39,183 - log - INFO - iter:1680/8041, clip_acc1=83.39286041259766, tta_acc1=82.44048309326172
2025-06-10 21:18:39,183 - log - INFO - iter:1680/8041, Original Acc@1: 83.39, Acc@5: 99.29, TTA Acc@1: 82.44, Acc@5: 98.93
2025-06-10 21:19:38,616 - log - INFO - iter:1700/8041, clip_acc1=83.17646789550781, tta_acc1=82.17646789550781
2025-06-10 21:19:38,616 - log - INFO - iter:1700/8041, Original Acc@1: 83.18, Acc@5: 99.29, TTA Acc@1: 82.18, Acc@5: 98.94
2025-06-10 21:20:38,038 - log - INFO - iter:1720/8041, clip_acc1=82.96511840820312, tta_acc1=81.9186019897461
2025-06-10 21:20:38,038 - log - INFO - iter:1720/8041, Original Acc@1: 82.97, Acc@5: 99.30, TTA Acc@1: 81.92, Acc@5: 98.90
2025-06-10 21:21:37,316 - log - INFO - iter:1740/8041, clip_acc1=82.87356567382812, tta_acc1=81.83908081054688
2025-06-10 21:21:37,316 - log - INFO - iter:1740/8041, Original Acc@1: 82.87, Acc@5: 99.31, TTA Acc@1: 81.84, Acc@5: 98.91
2025-06-10 21:22:37,072 - log - INFO - iter:1760/8041, clip_acc1=83.01136016845703, tta_acc1=81.875
2025-06-10 21:22:37,072 - log - INFO - iter:1760/8041, Original Acc@1: 83.01, Acc@5: 99.32, TTA Acc@1: 81.88, Acc@5: 98.92
2025-06-10 21:23:35,931 - log - INFO - iter:1780/8041, clip_acc1=83.14606475830078, tta_acc1=82.02247619628906
2025-06-10 21:23:35,931 - log - INFO - iter:1780/8041, Original Acc@1: 83.15, Acc@5: 99.33, TTA Acc@1: 82.02, Acc@5: 98.93
2025-06-10 21:24:35,032 - log - INFO - iter:1800/8041, clip_acc1=83.22222137451172, tta_acc1=82.11111450195312
2025-06-10 21:24:35,032 - log - INFO - iter:1800/8041, Original Acc@1: 83.22, Acc@5: 99.33, TTA Acc@1: 82.11, Acc@5: 98.94
2025-06-10 21:25:34,545 - log - INFO - iter:1820/8041, clip_acc1=83.29670715332031, tta_acc1=82.0879135131836
2025-06-10 21:25:34,545 - log - INFO - iter:1820/8041, Original Acc@1: 83.30, Acc@5: 99.34, TTA Acc@1: 82.09, Acc@5: 98.96
2025-06-10 21:26:33,884 - log - INFO - iter:1840/8041, clip_acc1=83.42391204833984, tta_acc1=82.22825622558594
2025-06-10 21:26:33,884 - log - INFO - iter:1840/8041, Original Acc@1: 83.42, Acc@5: 99.35, TTA Acc@1: 82.23, Acc@5: 98.97
2025-06-10 21:27:33,013 - log - INFO - iter:1860/8041, clip_acc1=83.44086456298828, tta_acc1=82.1505355834961
2025-06-10 21:27:33,013 - log - INFO - iter:1860/8041, Original Acc@1: 83.44, Acc@5: 99.35, TTA Acc@1: 82.15, Acc@5: 98.98
2025-06-10 21:28:32,748 - log - INFO - iter:1880/8041, clip_acc1=83.45744323730469, tta_acc1=82.12765502929688
2025-06-10 21:28:32,749 - log - INFO - iter:1880/8041, Original Acc@1: 83.46, Acc@5: 99.36, TTA Acc@1: 82.13, Acc@5: 98.99
2025-06-10 21:29:31,800 - log - INFO - iter:1900/8041, clip_acc1=83.57894134521484, tta_acc1=82.26315307617188
2025-06-10 21:29:31,801 - log - INFO - iter:1900/8041, Original Acc@1: 83.58, Acc@5: 99.37, TTA Acc@1: 82.26, Acc@5: 99.00
2025-06-10 21:30:31,088 - log - INFO - iter:1920/8041, clip_acc1=83.54167175292969, tta_acc1=82.23958587646484
2025-06-10 21:30:31,088 - log - INFO - iter:1920/8041, Original Acc@1: 83.54, Acc@5: 99.38, TTA Acc@1: 82.24, Acc@5: 99.01
2025-06-10 21:31:30,518 - log - INFO - iter:1940/8041, clip_acc1=83.65979766845703, tta_acc1=82.37113952636719
2025-06-10 21:31:30,518 - log - INFO - iter:1940/8041, Original Acc@1: 83.66, Acc@5: 99.38, TTA Acc@1: 82.37, Acc@5: 99.02
2025-06-10 21:32:29,490 - log - INFO - iter:1960/8041, clip_acc1=83.77550506591797, tta_acc1=82.448974609375
2025-06-10 21:32:29,490 - log - INFO - iter:1960/8041, Original Acc@1: 83.78, Acc@5: 99.39, TTA Acc@1: 82.45, Acc@5: 99.03
2025-06-10 21:33:29,139 - log - INFO - iter:1980/8041, clip_acc1=83.83838653564453, tta_acc1=82.52525329589844
2025-06-10 21:33:29,139 - log - INFO - iter:1980/8041, Original Acc@1: 83.84, Acc@5: 99.39, TTA Acc@1: 82.53, Acc@5: 99.04
2025-06-10 21:34:28,199 - log - INFO - iter:2000/8041, clip_acc1=83.9000015258789, tta_acc1=82.60000610351562
2025-06-10 21:34:28,200 - log - INFO - iter:2000/8041, Original Acc@1: 83.90, Acc@5: 99.40, TTA Acc@1: 82.60, Acc@5: 99.05
2025-06-10 21:35:27,575 - log - INFO - iter:2020/8041, clip_acc1=83.86138916015625, tta_acc1=82.57425689697266
2025-06-10 21:35:27,576 - log - INFO - iter:2020/8041, Original Acc@1: 83.86, Acc@5: 99.41, TTA Acc@1: 82.57, Acc@5: 99.06
2025-06-10 21:36:26,610 - log - INFO - iter:2040/8041, clip_acc1=83.87255096435547, tta_acc1=82.64706420898438
2025-06-10 21:36:26,610 - log - INFO - iter:2040/8041, Original Acc@1: 83.87, Acc@5: 99.41, TTA Acc@1: 82.65, Acc@5: 99.07
2025-06-10 21:37:25,613 - log - INFO - iter:2060/8041, clip_acc1=83.88349914550781, tta_acc1=82.6213607788086
2025-06-10 21:37:25,613 - log - INFO - iter:2060/8041, Original Acc@1: 83.88, Acc@5: 99.42, TTA Acc@1: 82.62, Acc@5: 99.08
2025-06-10 21:38:24,856 - log - INFO - iter:2080/8041, clip_acc1=83.89423370361328, tta_acc1=82.64423370361328
2025-06-10 21:38:24,856 - log - INFO - iter:2080/8041, Original Acc@1: 83.89, Acc@5: 99.42, TTA Acc@1: 82.64, Acc@5: 99.09
2025-06-10 21:39:23,766 - log - INFO - iter:2100/8041, clip_acc1=83.95237731933594, tta_acc1=82.71428680419922
2025-06-10 21:39:23,766 - log - INFO - iter:2100/8041, Original Acc@1: 83.95, Acc@5: 99.43, TTA Acc@1: 82.71, Acc@5: 99.10
2025-06-10 21:40:23,870 - log - INFO - iter:2120/8041, clip_acc1=84.05660247802734, tta_acc1=82.68868255615234
2025-06-10 21:40:23,870 - log - INFO - iter:2120/8041, Original Acc@1: 84.06, Acc@5: 99.43, TTA Acc@1: 82.69, Acc@5: 99.10
2025-06-10 21:41:23,746 - log - INFO - iter:2140/8041, clip_acc1=84.15888214111328, tta_acc1=82.80374145507812
2025-06-10 21:41:23,746 - log - INFO - iter:2140/8041, Original Acc@1: 84.16, Acc@5: 99.44, TTA Acc@1: 82.80, Acc@5: 99.11
2025-06-10 21:42:23,458 - log - INFO - iter:2160/8041, clip_acc1=84.30555725097656, tta_acc1=82.91666412353516
2025-06-10 21:42:23,458 - log - INFO - iter:2160/8041, Original Acc@1: 84.31, Acc@5: 99.44, TTA Acc@1: 82.92, Acc@5: 99.12
2025-06-10 21:43:22,563 - log - INFO - iter:2180/8041, clip_acc1=84.31192779541016, tta_acc1=82.88990783691406
2025-06-10 21:43:22,564 - log - INFO - iter:2180/8041, Original Acc@1: 84.31, Acc@5: 99.45, TTA Acc@1: 82.89, Acc@5: 99.13
2025-06-10 21:44:21,958 - log - INFO - iter:2200/8041, clip_acc1=84.40908813476562, tta_acc1=83.0
2025-06-10 21:44:21,958 - log - INFO - iter:2200/8041, Original Acc@1: 84.41, Acc@5: 99.45, TTA Acc@1: 83.00, Acc@5: 99.14
2025-06-10 21:45:21,302 - log - INFO - iter:2220/8041, clip_acc1=84.27928161621094, tta_acc1=82.97297668457031
2025-06-10 21:45:21,302 - log - INFO - iter:2220/8041, Original Acc@1: 84.28, Acc@5: 99.41, TTA Acc@1: 82.97, Acc@5: 99.14
2025-06-10 21:46:20,867 - log - INFO - iter:2240/8041, clip_acc1=84.24107360839844, tta_acc1=82.90178680419922
2025-06-10 21:46:20,867 - log - INFO - iter:2240/8041, Original Acc@1: 84.24, Acc@5: 99.42, TTA Acc@1: 82.90, Acc@5: 99.15
2025-06-10 21:47:20,079 - log - INFO - iter:2260/8041, clip_acc1=84.29203796386719, tta_acc1=82.83185577392578
2025-06-10 21:47:20,080 - log - INFO - iter:2260/8041, Original Acc@1: 84.29, Acc@5: 99.42, TTA Acc@1: 82.83, Acc@5: 99.16
2025-06-10 21:48:19,736 - log - INFO - iter:2280/8041, clip_acc1=84.3859634399414, tta_acc1=82.98246002197266
2025-06-10 21:48:19,737 - log - INFO - iter:2280/8041, Original Acc@1: 84.39, Acc@5: 99.43, TTA Acc@1: 82.98, Acc@5: 99.17
2025-06-10 21:49:18,819 - log - INFO - iter:2300/8041, clip_acc1=84.39130401611328, tta_acc1=82.9565200805664
2025-06-10 21:49:18,820 - log - INFO - iter:2300/8041, Original Acc@1: 84.39, Acc@5: 99.43, TTA Acc@1: 82.96, Acc@5: 99.17
2025-06-10 21:50:18,290 - log - INFO - iter:2320/8041, clip_acc1=84.43965148925781, tta_acc1=83.01724243164062
2025-06-10 21:50:18,290 - log - INFO - iter:2320/8041, Original Acc@1: 84.44, Acc@5: 99.44, TTA Acc@1: 83.02, Acc@5: 99.18
2025-06-10 21:51:17,267 - log - INFO - iter:2340/8041, clip_acc1=84.35897827148438, tta_acc1=82.991455078125
2025-06-10 21:51:17,267 - log - INFO - iter:2340/8041, Original Acc@1: 84.36, Acc@5: 99.44, TTA Acc@1: 82.99, Acc@5: 99.19
2025-06-10 21:52:17,695 - log - INFO - iter:2360/8041, clip_acc1=84.3644027709961, tta_acc1=82.9237289428711
2025-06-10 21:52:17,696 - log - INFO - iter:2360/8041, Original Acc@1: 84.36, Acc@5: 99.45, TTA Acc@1: 82.92, Acc@5: 99.19
2025-06-10 21:53:16,539 - log - INFO - iter:2380/8041, clip_acc1=84.45378112792969, tta_acc1=83.02520751953125
2025-06-10 21:53:16,539 - log - INFO - iter:2380/8041, Original Acc@1: 84.45, Acc@5: 99.45, TTA Acc@1: 83.03, Acc@5: 99.20
2025-06-10 21:54:15,674 - log - INFO - iter:2400/8041, clip_acc1=84.58333587646484, tta_acc1=83.16667175292969
2025-06-10 21:54:15,674 - log - INFO - iter:2400/8041, Original Acc@1: 84.58, Acc@5: 99.46, TTA Acc@1: 83.17, Acc@5: 99.21
2025-06-10 21:55:16,476 - log - INFO - iter:2420/8041, clip_acc1=84.62809753417969, tta_acc1=83.18181610107422
2025-06-10 21:55:16,476 - log - INFO - iter:2420/8041, Original Acc@1: 84.63, Acc@5: 99.42, TTA Acc@1: 83.18, Acc@5: 99.17
2025-06-10 21:56:15,391 - log - INFO - iter:2440/8041, clip_acc1=84.59016418457031, tta_acc1=83.1557388305664
2025-06-10 21:56:15,391 - log - INFO - iter:2440/8041, Original Acc@1: 84.59, Acc@5: 99.39, TTA Acc@1: 83.16, Acc@5: 99.18
2025-06-10 21:57:14,894 - log - INFO - iter:2460/8041, clip_acc1=84.63414764404297, tta_acc1=83.13008117675781
2025-06-10 21:57:14,895 - log - INFO - iter:2460/8041, Original Acc@1: 84.63, Acc@5: 99.39, TTA Acc@1: 83.13, Acc@5: 99.19
2025-06-10 21:58:14,240 - log - INFO - iter:2480/8041, clip_acc1=84.63709259033203, tta_acc1=83.14515686035156
2025-06-10 21:58:14,240 - log - INFO - iter:2480/8041, Original Acc@1: 84.64, Acc@5: 99.40, TTA Acc@1: 83.15, Acc@5: 99.19
2025-06-10 21:59:13,183 - log - INFO - iter:2500/8041, clip_acc1=84.47999572753906, tta_acc1=82.95999908447266
2025-06-10 21:59:13,183 - log - INFO - iter:2500/8041, Original Acc@1: 84.48, Acc@5: 99.40, TTA Acc@1: 82.96, Acc@5: 99.20
2025-06-10 22:00:12,767 - log - INFO - iter:2520/8041, clip_acc1=84.484130859375, tta_acc1=82.93650817871094
2025-06-10 22:00:12,767 - log - INFO - iter:2520/8041, Original Acc@1: 84.48, Acc@5: 99.40, TTA Acc@1: 82.94, Acc@5: 99.21
2025-06-10 22:01:12,070 - log - INFO - iter:2540/8041, clip_acc1=84.56692504882812, tta_acc1=82.9527587890625
2025-06-10 22:01:12,070 - log - INFO - iter:2540/8041, Original Acc@1: 84.57, Acc@5: 99.41, TTA Acc@1: 82.95, Acc@5: 99.21
2025-06-10 22:02:12,366 - log - INFO - iter:2560/8041, clip_acc1=84.4921875, tta_acc1=82.9296875
2025-06-10 22:02:12,366 - log - INFO - iter:2560/8041, Original Acc@1: 84.49, Acc@5: 99.41, TTA Acc@1: 82.93, Acc@5: 99.22
2025-06-10 22:03:12,824 - log - INFO - iter:2580/8041, clip_acc1=84.4186019897461, tta_acc1=82.82946014404297
2025-06-10 22:03:12,825 - log - INFO - iter:2580/8041, Original Acc@1: 84.42, Acc@5: 99.42, TTA Acc@1: 82.83, Acc@5: 99.22
2025-06-10 22:04:12,978 - log - INFO - iter:2600/8041, clip_acc1=84.42308044433594, tta_acc1=82.84615325927734
2025-06-10 22:04:12,979 - log - INFO - iter:2600/8041, Original Acc@1: 84.42, Acc@5: 99.42, TTA Acc@1: 82.85, Acc@5: 99.23
2025-06-10 22:05:12,097 - log - INFO - iter:2620/8041, clip_acc1=84.38931274414062, tta_acc1=82.86259460449219
2025-06-10 22:05:12,097 - log - INFO - iter:2620/8041, Original Acc@1: 84.39, Acc@5: 99.39, TTA Acc@1: 82.86, Acc@5: 99.24
2025-06-10 22:06:11,240 - log - INFO - iter:2640/8041, clip_acc1=84.43181610107422, tta_acc1=82.91666412353516
2025-06-10 22:06:11,240 - log - INFO - iter:2640/8041, Original Acc@1: 84.43, Acc@5: 99.39, TTA Acc@1: 82.92, Acc@5: 99.24
2025-06-10 22:07:11,016 - log - INFO - iter:2660/8041, clip_acc1=84.28571319580078, tta_acc1=82.78195190429688
2025-06-10 22:07:11,016 - log - INFO - iter:2660/8041, Original Acc@1: 84.29, Acc@5: 99.40, TTA Acc@1: 82.78, Acc@5: 99.25
2025-06-10 22:08:10,194 - log - INFO - iter:2680/8041, clip_acc1=84.25373077392578, tta_acc1=82.79850769042969
2025-06-10 22:08:10,194 - log - INFO - iter:2680/8041, Original Acc@1: 84.25, Acc@5: 99.40, TTA Acc@1: 82.80, Acc@5: 99.25
2025-06-10 22:09:10,173 - log - INFO - iter:2700/8041, clip_acc1=84.25926208496094, tta_acc1=82.81481170654297
2025-06-10 22:09:10,174 - log - INFO - iter:2700/8041, Original Acc@1: 84.26, Acc@5: 99.41, TTA Acc@1: 82.81, Acc@5: 99.26
2025-06-10 22:10:09,374 - log - INFO - iter:2720/8041, clip_acc1=84.15441131591797, tta_acc1=82.75735473632812
2025-06-10 22:10:09,375 - log - INFO - iter:2720/8041, Original Acc@1: 84.15, Acc@5: 99.41, TTA Acc@1: 82.76, Acc@5: 99.26
2025-06-10 22:11:08,742 - log - INFO - iter:2740/8041, clip_acc1=84.19707489013672, tta_acc1=82.77371978759766
2025-06-10 22:11:08,742 - log - INFO - iter:2740/8041, Original Acc@1: 84.20, Acc@5: 99.42, TTA Acc@1: 82.77, Acc@5: 99.27
2025-06-10 22:12:07,729 - log - INFO - iter:2760/8041, clip_acc1=84.2029037475586, tta_acc1=82.86231994628906
2025-06-10 22:12:07,729 - log - INFO - iter:2760/8041, Original Acc@1: 84.20, Acc@5: 99.42, TTA Acc@1: 82.86, Acc@5: 99.28
2025-06-10 22:13:07,443 - log - INFO - iter:2780/8041, clip_acc1=84.2446060180664, tta_acc1=82.98561096191406
2025-06-10 22:13:07,443 - log - INFO - iter:2780/8041, Original Acc@1: 84.24, Acc@5: 99.42, TTA Acc@1: 82.99, Acc@5: 99.28
2025-06-10 22:14:06,344 - log - INFO - iter:2800/8041, clip_acc1=84.21428680419922, tta_acc1=82.96428680419922
2025-06-10 22:14:06,345 - log - INFO - iter:2800/8041, Original Acc@1: 84.21, Acc@5: 99.43, TTA Acc@1: 82.96, Acc@5: 99.29
2025-06-10 22:15:05,355 - log - INFO - iter:2820/8041, clip_acc1=84.25531768798828, tta_acc1=82.97872161865234
2025-06-10 22:15:05,355 - log - INFO - iter:2820/8041, Original Acc@1: 84.26, Acc@5: 99.43, TTA Acc@1: 82.98, Acc@5: 99.29
2025-06-10 22:16:04,625 - log - INFO - iter:2840/8041, clip_acc1=84.26055908203125, tta_acc1=82.99295806884766
2025-06-10 22:16:04,625 - log - INFO - iter:2840/8041, Original Acc@1: 84.26, Acc@5: 99.44, TTA Acc@1: 82.99, Acc@5: 99.30
2025-06-10 22:17:04,771 - log - INFO - iter:2860/8041, clip_acc1=84.30070495605469, tta_acc1=83.04196166992188
2025-06-10 22:17:04,771 - log - INFO - iter:2860/8041, Original Acc@1: 84.30, Acc@5: 99.44, TTA Acc@1: 83.04, Acc@5: 99.30
2025-06-10 22:18:03,679 - log - INFO - iter:2880/8041, clip_acc1=84.23611450195312, tta_acc1=82.98611450195312
2025-06-10 22:18:03,679 - log - INFO - iter:2880/8041, Original Acc@1: 84.24, Acc@5: 99.44, TTA Acc@1: 82.99, Acc@5: 99.31
2025-06-10 22:19:02,487 - log - INFO - iter:2900/8041, clip_acc1=84.17241668701172, tta_acc1=82.93103790283203
2025-06-10 22:19:02,487 - log - INFO - iter:2900/8041, Original Acc@1: 84.17, Acc@5: 99.41, TTA Acc@1: 82.93, Acc@5: 99.28
2025-06-10 22:20:01,851 - log - INFO - iter:2920/8041, clip_acc1=84.21233367919922, tta_acc1=82.94520568847656
2025-06-10 22:20:01,851 - log - INFO - iter:2920/8041, Original Acc@1: 84.21, Acc@5: 99.42, TTA Acc@1: 82.95, Acc@5: 99.28
2025-06-10 22:21:02,275 - log - INFO - iter:2940/8041, clip_acc1=84.25170135498047, tta_acc1=82.99320220947266
2025-06-10 22:21:02,276 - log - INFO - iter:2940/8041, Original Acc@1: 84.25, Acc@5: 99.42, TTA Acc@1: 82.99, Acc@5: 99.29
2025-06-10 22:22:01,440 - log - INFO - iter:2960/8041, clip_acc1=84.25675964355469, tta_acc1=83.00675964355469
2025-06-10 22:22:01,440 - log - INFO - iter:2960/8041, Original Acc@1: 84.26, Acc@5: 99.39, TTA Acc@1: 83.01, Acc@5: 99.26
2025-06-10 22:23:01,677 - log - INFO - iter:2980/8041, clip_acc1=84.19463348388672, tta_acc1=82.91946411132812
2025-06-10 22:23:01,677 - log - INFO - iter:2980/8041, Original Acc@1: 84.19, Acc@5: 99.40, TTA Acc@1: 82.92, Acc@5: 99.26
2025-06-10 22:24:01,263 - log - INFO - iter:3000/8041, clip_acc1=84.19999694824219, tta_acc1=82.93333435058594
2025-06-10 22:24:01,263 - log - INFO - iter:3000/8041, Original Acc@1: 84.20, Acc@5: 99.40, TTA Acc@1: 82.93, Acc@5: 99.27
2025-06-10 22:25:00,604 - log - INFO - iter:3020/8041, clip_acc1=84.23841094970703, tta_acc1=82.98013305664062
2025-06-10 22:25:00,604 - log - INFO - iter:3020/8041, Original Acc@1: 84.24, Acc@5: 99.40, TTA Acc@1: 82.98, Acc@5: 99.27
2025-06-10 22:26:00,256 - log - INFO - iter:3040/8041, clip_acc1=84.21053314208984, tta_acc1=82.96053314208984
2025-06-10 22:26:00,256 - log - INFO - iter:3040/8041, Original Acc@1: 84.21, Acc@5: 99.41, TTA Acc@1: 82.96, Acc@5: 99.28
2025-06-10 22:26:59,574 - log - INFO - iter:3060/8041, clip_acc1=84.24836730957031, tta_acc1=82.97386169433594
2025-06-10 22:26:59,574 - log - INFO - iter:3060/8041, Original Acc@1: 84.25, Acc@5: 99.41, TTA Acc@1: 82.97, Acc@5: 99.28
2025-06-10 22:27:59,081 - log - INFO - iter:3080/8041, clip_acc1=84.18830871582031, tta_acc1=82.88961029052734
2025-06-10 22:27:59,081 - log - INFO - iter:3080/8041, Original Acc@1: 84.19, Acc@5: 99.42, TTA Acc@1: 82.89, Acc@5: 99.29
2025-06-10 22:28:59,613 - log - INFO - iter:3100/8041, clip_acc1=84.19355010986328, tta_acc1=82.90322875976562
2025-06-10 22:28:59,613 - log - INFO - iter:3100/8041, Original Acc@1: 84.19, Acc@5: 99.42, TTA Acc@1: 82.90, Acc@5: 99.29
2025-06-10 22:29:59,793 - log - INFO - iter:3120/8041, clip_acc1=84.19872283935547, tta_acc1=82.91667175292969
2025-06-10 22:29:59,793 - log - INFO - iter:3120/8041, Original Acc@1: 84.20, Acc@5: 99.39, TTA Acc@1: 82.92, Acc@5: 99.29
2025-06-10 22:30:58,418 - log - INFO - iter:3140/8041, clip_acc1=84.23567199707031, tta_acc1=82.96178436279297
2025-06-10 22:30:58,418 - log - INFO - iter:3140/8041, Original Acc@1: 84.24, Acc@5: 99.39, TTA Acc@1: 82.96, Acc@5: 99.30
2025-06-10 22:31:57,850 - log - INFO - iter:3160/8041, clip_acc1=84.24050903320312, tta_acc1=82.97468566894531
2025-06-10 22:31:57,850 - log - INFO - iter:3160/8041, Original Acc@1: 84.24, Acc@5: 99.37, TTA Acc@1: 82.97, Acc@5: 99.27
2025-06-10 22:32:57,172 - log - INFO - iter:3180/8041, clip_acc1=84.21383666992188, tta_acc1=82.95597076416016
2025-06-10 22:32:57,173 - log - INFO - iter:3180/8041, Original Acc@1: 84.21, Acc@5: 99.37, TTA Acc@1: 82.96, Acc@5: 99.28
2025-06-10 22:33:56,272 - log - INFO - iter:3200/8041, clip_acc1=84.28125, tta_acc1=83.0
2025-06-10 22:33:56,272 - log - INFO - iter:3200/8041, Original Acc@1: 84.28, Acc@5: 99.38, TTA Acc@1: 83.00, Acc@5: 99.28
2025-06-10 22:35:00,099 - log - INFO - iter:3220/8041, clip_acc1=84.31676483154297, tta_acc1=83.0434799194336
2025-06-10 22:35:00,100 - log - INFO - iter:3220/8041, Original Acc@1: 84.32, Acc@5: 99.38, TTA Acc@1: 83.04, Acc@5: 99.29
2025-06-10 22:35:59,116 - log - INFO - iter:3240/8041, clip_acc1=84.35185241699219, tta_acc1=83.08642578125
2025-06-10 22:35:59,116 - log - INFO - iter:3240/8041, Original Acc@1: 84.35, Acc@5: 99.38, TTA Acc@1: 83.09, Acc@5: 99.29
2025-06-10 22:36:58,980 - log - INFO - iter:3260/8041, clip_acc1=84.38650512695312, tta_acc1=83.09815979003906
2025-06-10 22:36:58,981 - log - INFO - iter:3260/8041, Original Acc@1: 84.39, Acc@5: 99.36, TTA Acc@1: 83.10, Acc@5: 99.26
2025-06-10 22:37:58,864 - log - INFO - iter:3280/8041, clip_acc1=84.42073059082031, tta_acc1=83.10975646972656
2025-06-10 22:37:58,864 - log - INFO - iter:3280/8041, Original Acc@1: 84.42, Acc@5: 99.33, TTA Acc@1: 83.11, Acc@5: 99.27
2025-06-10 22:38:59,125 - log - INFO - iter:3300/8041, clip_acc1=84.39393615722656, tta_acc1=83.1212158203125
2025-06-10 22:38:59,125 - log - INFO - iter:3300/8041, Original Acc@1: 84.39, Acc@5: 99.33, TTA Acc@1: 83.12, Acc@5: 99.27
2025-06-10 22:39:58,254 - log - INFO - iter:3320/8041, clip_acc1=84.24698638916016, tta_acc1=83.0722885131836
2025-06-10 22:39:58,254 - log - INFO - iter:3320/8041, Original Acc@1: 84.25, Acc@5: 99.34, TTA Acc@1: 83.07, Acc@5: 99.28
2025-06-10 22:40:57,464 - log - INFO - iter:3340/8041, clip_acc1=84.19161987304688, tta_acc1=82.99401092529297
2025-06-10 22:40:57,464 - log - INFO - iter:3340/8041, Original Acc@1: 84.19, Acc@5: 99.34, TTA Acc@1: 82.99, Acc@5: 99.28
2025-06-10 22:41:56,688 - log - INFO - iter:3360/8041, clip_acc1=84.16667175292969, tta_acc1=82.9761962890625
2025-06-10 22:41:56,689 - log - INFO - iter:3360/8041, Original Acc@1: 84.17, Acc@5: 99.32, TTA Acc@1: 82.98, Acc@5: 99.26
2025-06-10 22:42:55,752 - log - INFO - iter:3380/8041, clip_acc1=84.23076629638672, tta_acc1=82.86981964111328
2025-06-10 22:42:55,753 - log - INFO - iter:3380/8041, Original Acc@1: 84.23, Acc@5: 99.32, TTA Acc@1: 82.87, Acc@5: 99.26
2025-06-10 22:43:54,574 - log - INFO - iter:3400/8041, clip_acc1=84.17646789550781, tta_acc1=82.76470184326172
2025-06-10 22:43:54,575 - log - INFO - iter:3400/8041, Original Acc@1: 84.18, Acc@5: 99.32, TTA Acc@1: 82.76, Acc@5: 99.26
2025-06-10 22:44:53,725 - log - INFO - iter:3420/8041, clip_acc1=84.09356689453125, tta_acc1=82.71929931640625
2025-06-10 22:44:53,725 - log - INFO - iter:3420/8041, Original Acc@1: 84.09, Acc@5: 99.33, TTA Acc@1: 82.72, Acc@5: 99.27
2025-06-10 22:45:53,220 - log - INFO - iter:3440/8041, clip_acc1=84.09883880615234, tta_acc1=82.7034912109375
2025-06-10 22:45:53,220 - log - INFO - iter:3440/8041, Original Acc@1: 84.10, Acc@5: 99.33, TTA Acc@1: 82.70, Acc@5: 99.27
2025-06-10 22:46:52,604 - log - INFO - iter:3460/8041, clip_acc1=84.16184997558594, tta_acc1=82.74566650390625
2025-06-10 22:46:52,604 - log - INFO - iter:3460/8041, Original Acc@1: 84.16, Acc@5: 99.34, TTA Acc@1: 82.75, Acc@5: 99.28
2025-06-10 22:47:51,575 - log - INFO - iter:3480/8041, clip_acc1=84.19540405273438, tta_acc1=82.787353515625
2025-06-10 22:47:51,576 - log - INFO - iter:3480/8041, Original Acc@1: 84.20, Acc@5: 99.34, TTA Acc@1: 82.79, Acc@5: 99.28
2025-06-10 22:48:50,564 - log - INFO - iter:3500/8041, clip_acc1=84.17142486572266, tta_acc1=82.74285888671875
2025-06-10 22:48:50,564 - log - INFO - iter:3500/8041, Original Acc@1: 84.17, Acc@5: 99.34, TTA Acc@1: 82.74, Acc@5: 99.29
2025-06-10 22:49:49,479 - log - INFO - iter:3520/8041, clip_acc1=84.20454406738281, tta_acc1=82.78408813476562
2025-06-10 22:49:49,479 - log - INFO - iter:3520/8041, Original Acc@1: 84.20, Acc@5: 99.35, TTA Acc@1: 82.78, Acc@5: 99.29
2025-06-10 22:50:48,957 - log - INFO - iter:3540/8041, clip_acc1=84.15254211425781, tta_acc1=82.71186828613281
2025-06-10 22:50:48,957 - log - INFO - iter:3540/8041, Original Acc@1: 84.15, Acc@5: 99.35, TTA Acc@1: 82.71, Acc@5: 99.29
2025-06-10 22:51:48,803 - log - INFO - iter:3560/8041, clip_acc1=84.10112762451172, tta_acc1=82.61235809326172
2025-06-10 22:51:48,803 - log - INFO - iter:3560/8041, Original Acc@1: 84.10, Acc@5: 99.35, TTA Acc@1: 82.61, Acc@5: 99.30
2025-06-10 22:52:48,056 - log - INFO - iter:3580/8041, clip_acc1=84.07820892333984, tta_acc1=82.62569427490234
2025-06-10 22:52:48,056 - log - INFO - iter:3580/8041, Original Acc@1: 84.08, Acc@5: 99.36, TTA Acc@1: 82.63, Acc@5: 99.30
2025-06-10 22:53:47,453 - log - INFO - iter:3600/8041, clip_acc1=84.02777862548828, tta_acc1=82.52777862548828
2025-06-10 22:53:47,453 - log - INFO - iter:3600/8041, Original Acc@1: 84.03, Acc@5: 99.36, TTA Acc@1: 82.53, Acc@5: 99.31
2025-06-10 22:54:46,709 - log - INFO - iter:3620/8041, clip_acc1=83.97789764404297, tta_acc1=82.43093872070312
2025-06-10 22:54:46,709 - log - INFO - iter:3620/8041, Original Acc@1: 83.98, Acc@5: 99.36, TTA Acc@1: 82.43, Acc@5: 99.31
2025-06-10 22:55:46,137 - log - INFO - iter:3640/8041, clip_acc1=83.92857360839844, tta_acc1=82.41758728027344
2025-06-10 22:55:46,137 - log - INFO - iter:3640/8041, Original Acc@1: 83.93, Acc@5: 99.37, TTA Acc@1: 82.42, Acc@5: 99.31
2025-06-10 22:56:44,972 - log - INFO - iter:3660/8041, clip_acc1=83.98907470703125, tta_acc1=82.45902252197266
2025-06-10 22:56:44,973 - log - INFO - iter:3660/8041, Original Acc@1: 83.99, Acc@5: 99.37, TTA Acc@1: 82.46, Acc@5: 99.32
2025-06-10 22:57:44,839 - log - INFO - iter:3680/8041, clip_acc1=83.9673843383789, tta_acc1=82.44564819335938
2025-06-10 22:57:44,840 - log - INFO - iter:3680/8041, Original Acc@1: 83.97, Acc@5: 99.37, TTA Acc@1: 82.45, Acc@5: 99.32
2025-06-10 22:58:43,829 - log - INFO - iter:3700/8041, clip_acc1=83.8648681640625, tta_acc1=82.37837982177734
2025-06-10 22:58:43,829 - log - INFO - iter:3700/8041, Original Acc@1: 83.86, Acc@5: 99.35, TTA Acc@1: 82.38, Acc@5: 99.30
2025-06-10 22:59:43,617 - log - INFO - iter:3720/8041, clip_acc1=83.92473602294922, tta_acc1=82.41935729980469
2025-06-10 22:59:43,617 - log - INFO - iter:3720/8041, Original Acc@1: 83.92, Acc@5: 99.35, TTA Acc@1: 82.42, Acc@5: 99.30
2025-06-10 23:00:43,075 - log - INFO - iter:3740/8041, clip_acc1=83.93048095703125, tta_acc1=82.43315887451172
2025-06-10 23:00:43,076 - log - INFO - iter:3740/8041, Original Acc@1: 83.93, Acc@5: 99.36, TTA Acc@1: 82.43, Acc@5: 99.30
2025-06-10 23:01:42,077 - log - INFO - iter:3760/8041, clip_acc1=83.93616485595703, tta_acc1=82.42021179199219
2025-06-10 23:01:42,077 - log - INFO - iter:3760/8041, Original Acc@1: 83.94, Acc@5: 99.36, TTA Acc@1: 82.42, Acc@5: 99.31
2025-06-10 23:02:42,323 - log - INFO - iter:3780/8041, clip_acc1=83.94180297851562, tta_acc1=82.46031951904297
2025-06-10 23:02:42,323 - log - INFO - iter:3780/8041, Original Acc@1: 83.94, Acc@5: 99.37, TTA Acc@1: 82.46, Acc@5: 99.31
2025-06-10 23:03:41,689 - log - INFO - iter:3800/8041, clip_acc1=83.89472961425781, tta_acc1=82.36841583251953
2025-06-10 23:03:41,690 - log - INFO - iter:3800/8041, Original Acc@1: 83.89, Acc@5: 99.37, TTA Acc@1: 82.37, Acc@5: 99.29
2025-06-10 23:04:40,918 - log - INFO - iter:3820/8041, clip_acc1=83.87434387207031, tta_acc1=82.32984161376953
2025-06-10 23:04:40,918 - log - INFO - iter:3820/8041, Original Acc@1: 83.87, Acc@5: 99.37, TTA Acc@1: 82.33, Acc@5: 99.29
2025-06-10 23:05:40,002 - log - INFO - iter:3840/8041, clip_acc1=83.90625762939453, tta_acc1=82.34375762939453
2025-06-10 23:05:40,002 - log - INFO - iter:3840/8041, Original Acc@1: 83.91, Acc@5: 99.38, TTA Acc@1: 82.34, Acc@5: 99.30
2025-06-10 23:06:38,873 - log - INFO - iter:3860/8041, clip_acc1=83.91191864013672, tta_acc1=82.35751342773438
2025-06-10 23:06:38,874 - log - INFO - iter:3860/8041, Original Acc@1: 83.91, Acc@5: 99.38, TTA Acc@1: 82.36, Acc@5: 99.30
2025-06-10 23:07:38,136 - log - INFO - iter:3880/8041, clip_acc1=83.91752624511719, tta_acc1=82.34536743164062
2025-06-10 23:07:38,137 - log - INFO - iter:3880/8041, Original Acc@1: 83.92, Acc@5: 99.38, TTA Acc@1: 82.35, Acc@5: 99.30
2025-06-10 23:08:36,988 - log - INFO - iter:3900/8041, clip_acc1=83.94871520996094, tta_acc1=82.35897064208984
2025-06-10 23:08:36,988 - log - INFO - iter:3900/8041, Original Acc@1: 83.95, Acc@5: 99.38, TTA Acc@1: 82.36, Acc@5: 99.31
2025-06-10 23:09:36,080 - log - INFO - iter:3920/8041, clip_acc1=83.9285659790039, tta_acc1=82.34693145751953
2025-06-10 23:09:36,081 - log - INFO - iter:3920/8041, Original Acc@1: 83.93, Acc@5: 99.39, TTA Acc@1: 82.35, Acc@5: 99.29
2025-06-10 23:10:36,397 - log - INFO - iter:3940/8041, clip_acc1=83.90863037109375, tta_acc1=82.30964660644531
2025-06-10 23:10:36,397 - log - INFO - iter:3940/8041, Original Acc@1: 83.91, Acc@5: 99.39, TTA Acc@1: 82.31, Acc@5: 99.29
2025-06-10 23:11:36,173 - log - INFO - iter:3960/8041, clip_acc1=83.91414642333984, tta_acc1=82.29798126220703
2025-06-10 23:11:36,174 - log - INFO - iter:3960/8041, Original Acc@1: 83.91, Acc@5: 99.39, TTA Acc@1: 82.30, Acc@5: 99.29
2025-06-10 23:12:35,697 - log - INFO - iter:3980/8041, clip_acc1=83.86934661865234, tta_acc1=82.2361831665039
2025-06-10 23:12:35,697 - log - INFO - iter:3980/8041, Original Acc@1: 83.87, Acc@5: 99.40, TTA Acc@1: 82.24, Acc@5: 99.30
2025-06-10 23:13:34,885 - log - INFO - iter:4000/8041, clip_acc1=83.87500762939453, tta_acc1=82.2750015258789
2025-06-10 23:13:34,886 - log - INFO - iter:4000/8041, Original Acc@1: 83.88, Acc@5: 99.40, TTA Acc@1: 82.28, Acc@5: 99.30
2025-06-10 23:14:34,088 - log - INFO - iter:4020/8041, clip_acc1=83.85572814941406, tta_acc1=82.26368713378906
2025-06-10 23:14:34,088 - log - INFO - iter:4020/8041, Original Acc@1: 83.86, Acc@5: 99.40, TTA Acc@1: 82.26, Acc@5: 99.30
2025-06-10 23:15:33,230 - log - INFO - iter:4040/8041, clip_acc1=83.83663940429688, tta_acc1=82.22772216796875
2025-06-10 23:15:33,230 - log - INFO - iter:4040/8041, Original Acc@1: 83.84, Acc@5: 99.38, TTA Acc@1: 82.23, Acc@5: 99.28
2025-06-10 23:16:32,768 - log - INFO - iter:4060/8041, clip_acc1=83.81773376464844, tta_acc1=82.21675109863281
2025-06-10 23:16:32,768 - log - INFO - iter:4060/8041, Original Acc@1: 83.82, Acc@5: 99.38, TTA Acc@1: 82.22, Acc@5: 99.29
2025-06-10 23:17:32,582 - log - INFO - iter:4080/8041, clip_acc1=83.8480453491211, tta_acc1=82.2794189453125
2025-06-10 23:17:32,582 - log - INFO - iter:4080/8041, Original Acc@1: 83.85, Acc@5: 99.39, TTA Acc@1: 82.28, Acc@5: 99.29
2025-06-10 23:18:31,821 - log - INFO - iter:4100/8041, clip_acc1=83.8780517578125, tta_acc1=82.31707000732422
2025-06-10 23:18:31,821 - log - INFO - iter:4100/8041, Original Acc@1: 83.88, Acc@5: 99.39, TTA Acc@1: 82.32, Acc@5: 99.29
2025-06-10 23:19:31,248 - log - INFO - iter:4120/8041, clip_acc1=83.95631408691406, tta_acc1=82.40291595458984
2025-06-10 23:19:31,248 - log - INFO - iter:4120/8041, Original Acc@1: 83.96, Acc@5: 99.39, TTA Acc@1: 82.40, Acc@5: 99.30
2025-06-10 23:20:30,595 - log - INFO - iter:4140/8041, clip_acc1=83.93719482421875, tta_acc1=82.39130401611328
2025-06-10 23:20:30,596 - log - INFO - iter:4140/8041, Original Acc@1: 83.94, Acc@5: 99.40, TTA Acc@1: 82.39, Acc@5: 99.30
2025-06-10 23:21:29,670 - log - INFO - iter:4160/8041, clip_acc1=83.96634674072266, tta_acc1=82.40384674072266
2025-06-10 23:21:29,671 - log - INFO - iter:4160/8041, Original Acc@1: 83.97, Acc@5: 99.40, TTA Acc@1: 82.40, Acc@5: 99.30
2025-06-10 23:22:29,261 - log - INFO - iter:4180/8041, clip_acc1=83.9712905883789, tta_acc1=82.41626739501953
2025-06-10 23:22:29,261 - log - INFO - iter:4180/8041, Original Acc@1: 83.97, Acc@5: 99.40, TTA Acc@1: 82.42, Acc@5: 99.31
2025-06-10 23:23:29,602 - log - INFO - iter:4200/8041, clip_acc1=84.02381134033203, tta_acc1=82.47618865966797
2025-06-10 23:23:29,602 - log - INFO - iter:4200/8041, Original Acc@1: 84.02, Acc@5: 99.40, TTA Acc@1: 82.48, Acc@5: 99.31
2025-06-10 23:24:28,631 - log - INFO - iter:4220/8041, clip_acc1=84.02843475341797, tta_acc1=82.48815155029297
2025-06-10 23:24:28,631 - log - INFO - iter:4220/8041, Original Acc@1: 84.03, Acc@5: 99.41, TTA Acc@1: 82.49, Acc@5: 99.31
2025-06-10 23:25:29,794 - log - INFO - iter:4240/8041, clip_acc1=83.96226501464844, tta_acc1=82.42924499511719
2025-06-10 23:25:29,794 - log - INFO - iter:4240/8041, Original Acc@1: 83.96, Acc@5: 99.41, TTA Acc@1: 82.43, Acc@5: 99.32
2025-06-10 23:26:29,129 - log - INFO - iter:4260/8041, clip_acc1=84.01408386230469, tta_acc1=82.48826599121094
2025-06-10 23:26:29,130 - log - INFO - iter:4260/8041, Original Acc@1: 84.01, Acc@5: 99.41, TTA Acc@1: 82.49, Acc@5: 99.32
2025-06-10 23:27:28,631 - log - INFO - iter:4280/8041, clip_acc1=84.04206085205078, tta_acc1=82.52336883544922
2025-06-10 23:27:28,631 - log - INFO - iter:4280/8041, Original Acc@1: 84.04, Acc@5: 99.42, TTA Acc@1: 82.52, Acc@5: 99.32
2025-06-10 23:28:27,972 - log - INFO - iter:4300/8041, clip_acc1=84.02325439453125, tta_acc1=82.48837280273438
2025-06-10 23:28:27,972 - log - INFO - iter:4300/8041, Original Acc@1: 84.02, Acc@5: 99.42, TTA Acc@1: 82.49, Acc@5: 99.33
2025-06-10 23:29:27,673 - log - INFO - iter:4320/8041, clip_acc1=83.9351806640625, tta_acc1=82.43055725097656
2025-06-10 23:29:27,673 - log - INFO - iter:4320/8041, Original Acc@1: 83.94, Acc@5: 99.42, TTA Acc@1: 82.43, Acc@5: 99.33
2025-06-10 23:30:26,806 - log - INFO - iter:4340/8041, clip_acc1=83.98617553710938, tta_acc1=82.48847961425781
2025-06-10 23:30:26,807 - log - INFO - iter:4340/8041, Original Acc@1: 83.99, Acc@5: 99.42, TTA Acc@1: 82.49, Acc@5: 99.33
2025-06-10 23:31:26,300 - log - INFO - iter:4360/8041, clip_acc1=84.03669738769531, tta_acc1=82.52293395996094
2025-06-10 23:31:26,300 - log - INFO - iter:4360/8041, Original Acc@1: 84.04, Acc@5: 99.43, TTA Acc@1: 82.52, Acc@5: 99.33
2025-06-10 23:32:25,456 - log - INFO - iter:4380/8041, clip_acc1=84.04109191894531, tta_acc1=82.55707550048828
2025-06-10 23:32:25,456 - log - INFO - iter:4380/8041, Original Acc@1: 84.04, Acc@5: 99.43, TTA Acc@1: 82.56, Acc@5: 99.34
2025-06-10 23:33:24,480 - log - INFO - iter:4400/8041, clip_acc1=84.0227279663086, tta_acc1=82.5
2025-06-10 23:33:24,481 - log - INFO - iter:4400/8041, Original Acc@1: 84.02, Acc@5: 99.43, TTA Acc@1: 82.50, Acc@5: 99.34
2025-06-10 23:34:23,721 - log - INFO - iter:4420/8041, clip_acc1=83.93665313720703, tta_acc1=82.42081451416016
2025-06-10 23:34:23,721 - log - INFO - iter:4420/8041, Original Acc@1: 83.94, Acc@5: 99.43, TTA Acc@1: 82.42, Acc@5: 99.34
2025-06-10 23:35:22,889 - log - INFO - iter:4440/8041, clip_acc1=83.9639663696289, tta_acc1=82.43243408203125
2025-06-10 23:35:22,890 - log - INFO - iter:4440/8041, Original Acc@1: 83.96, Acc@5: 99.44, TTA Acc@1: 82.43, Acc@5: 99.35
2025-06-10 23:36:22,313 - log - INFO - iter:4460/8041, clip_acc1=84.0134506225586, tta_acc1=82.48878479003906
2025-06-10 23:36:22,313 - log - INFO - iter:4460/8041, Original Acc@1: 84.01, Acc@5: 99.44, TTA Acc@1: 82.49, Acc@5: 99.35
2025-06-10 23:37:21,509 - log - INFO - iter:4480/8041, clip_acc1=83.99553680419922, tta_acc1=82.47767639160156
2025-06-10 23:37:21,509 - log - INFO - iter:4480/8041, Original Acc@1: 84.00, Acc@5: 99.42, TTA Acc@1: 82.48, Acc@5: 99.33
2025-06-10 23:38:20,872 - log - INFO - iter:4500/8041, clip_acc1=84.02222442626953, tta_acc1=82.53333282470703
2025-06-10 23:38:20,872 - log - INFO - iter:4500/8041, Original Acc@1: 84.02, Acc@5: 99.42, TTA Acc@1: 82.53, Acc@5: 99.33
2025-06-10 23:39:19,968 - log - INFO - iter:4520/8041, clip_acc1=84.02655029296875, tta_acc1=82.47787475585938
2025-06-10 23:39:19,968 - log - INFO - iter:4520/8041, Original Acc@1: 84.03, Acc@5: 99.42, TTA Acc@1: 82.48, Acc@5: 99.34
2025-06-10 23:40:19,512 - log - INFO - iter:4540/8041, clip_acc1=84.03083801269531, tta_acc1=82.4889907836914
2025-06-10 23:40:19,513 - log - INFO - iter:4540/8041, Original Acc@1: 84.03, Acc@5: 99.43, TTA Acc@1: 82.49, Acc@5: 99.34
2025-06-10 23:41:18,407 - log - INFO - iter:4560/8041, clip_acc1=84.03508758544922, tta_acc1=82.5
2025-06-10 23:41:18,408 - log - INFO - iter:4560/8041, Original Acc@1: 84.04, Acc@5: 99.43, TTA Acc@1: 82.50, Acc@5: 99.34
2025-06-10 23:42:17,613 - log - INFO - iter:4580/8041, clip_acc1=84.039306640625, tta_acc1=82.51091766357422
2025-06-10 23:42:17,613 - log - INFO - iter:4580/8041, Original Acc@1: 84.04, Acc@5: 99.43, TTA Acc@1: 82.51, Acc@5: 99.34
2025-06-10 23:43:17,184 - log - INFO - iter:4600/8041, clip_acc1=84.06521606445312, tta_acc1=82.52174377441406
2025-06-10 23:43:17,184 - log - INFO - iter:4600/8041, Original Acc@1: 84.07, Acc@5: 99.43, TTA Acc@1: 82.52, Acc@5: 99.35
2025-06-10 23:44:16,465 - log - INFO - iter:4620/8041, clip_acc1=84.09091186523438, tta_acc1=82.55411529541016
2025-06-10 23:44:16,465 - log - INFO - iter:4620/8041, Original Acc@1: 84.09, Acc@5: 99.44, TTA Acc@1: 82.55, Acc@5: 99.35
2025-06-10 23:45:15,748 - log - INFO - iter:4640/8041, clip_acc1=84.07327270507812, tta_acc1=82.54310607910156
2025-06-10 23:45:15,749 - log - INFO - iter:4640/8041, Original Acc@1: 84.07, Acc@5: 99.44, TTA Acc@1: 82.54, Acc@5: 99.33
2025-06-10 23:46:15,717 - log - INFO - iter:4660/8041, clip_acc1=84.07725524902344, tta_acc1=82.51072692871094
2025-06-10 23:46:15,717 - log - INFO - iter:4660/8041, Original Acc@1: 84.08, Acc@5: 99.44, TTA Acc@1: 82.51, Acc@5: 99.33
2025-06-10 23:47:16,377 - log - INFO - iter:4680/8041, clip_acc1=84.1025619506836, tta_acc1=82.54273223876953
2025-06-10 23:47:16,377 - log - INFO - iter:4680/8041, Original Acc@1: 84.10, Acc@5: 99.44, TTA Acc@1: 82.54, Acc@5: 99.34
2025-06-10 23:48:16,005 - log - INFO - iter:4700/8041, clip_acc1=84.0851058959961, tta_acc1=82.53191375732422
2025-06-10 23:48:16,005 - log - INFO - iter:4700/8041, Original Acc@1: 84.09, Acc@5: 99.45, TTA Acc@1: 82.53, Acc@5: 99.32
2025-06-10 23:49:14,939 - log - INFO - iter:4720/8041, clip_acc1=84.11016845703125, tta_acc1=82.56356048583984
2025-06-10 23:49:14,939 - log - INFO - iter:4720/8041, Original Acc@1: 84.11, Acc@5: 99.45, TTA Acc@1: 82.56, Acc@5: 99.32
2025-06-10 23:50:14,260 - log - INFO - iter:4740/8041, clip_acc1=84.07173156738281, tta_acc1=82.53164672851562
2025-06-10 23:50:14,260 - log - INFO - iter:4740/8041, Original Acc@1: 84.07, Acc@5: 99.45, TTA Acc@1: 82.53, Acc@5: 99.32
2025-06-10 23:51:13,678 - log - INFO - iter:4760/8041, clip_acc1=84.05462646484375, tta_acc1=82.56302642822266
2025-06-10 23:51:13,678 - log - INFO - iter:4760/8041, Original Acc@1: 84.05, Acc@5: 99.45, TTA Acc@1: 82.56, Acc@5: 99.33
2025-06-10 23:52:15,476 - log - INFO - iter:4780/8041, clip_acc1=84.121337890625, tta_acc1=82.635986328125
2025-06-10 23:52:15,476 - log - INFO - iter:4780/8041, Original Acc@1: 84.12, Acc@5: 99.46, TTA Acc@1: 82.64, Acc@5: 99.33
2025-06-10 23:53:15,972 - log - INFO - iter:4800/8041, clip_acc1=84.08333587646484, tta_acc1=82.625
2025-06-10 23:53:15,972 - log - INFO - iter:4800/8041, Original Acc@1: 84.08, Acc@5: 99.46, TTA Acc@1: 82.62, Acc@5: 99.33
2025-06-10 23:54:15,608 - log - INFO - iter:4820/8041, clip_acc1=84.14937591552734, tta_acc1=82.67634582519531
2025-06-10 23:54:15,608 - log - INFO - iter:4820/8041, Original Acc@1: 84.15, Acc@5: 99.46, TTA Acc@1: 82.68, Acc@5: 99.34
2025-06-10 23:55:14,786 - log - INFO - iter:4840/8041, clip_acc1=84.13223266601562, tta_acc1=82.68595123291016
2025-06-10 23:55:14,787 - log - INFO - iter:4840/8041, Original Acc@1: 84.13, Acc@5: 99.46, TTA Acc@1: 82.69, Acc@5: 99.34
2025-06-10 23:56:14,044 - log - INFO - iter:4860/8041, clip_acc1=84.17695617675781, tta_acc1=82.71604919433594
2025-06-10 23:56:14,044 - log - INFO - iter:4860/8041, Original Acc@1: 84.18, Acc@5: 99.47, TTA Acc@1: 82.72, Acc@5: 99.34
2025-06-10 23:57:13,865 - log - INFO - iter:4880/8041, clip_acc1=84.13934326171875, tta_acc1=82.70491790771484
2025-06-10 23:57:13,865 - log - INFO - iter:4880/8041, Original Acc@1: 84.14, Acc@5: 99.47, TTA Acc@1: 82.70, Acc@5: 99.34
2025-06-10 23:58:13,214 - log - INFO - iter:4900/8041, clip_acc1=84.10204315185547, tta_acc1=82.69387817382812
2025-06-10 23:58:13,214 - log - INFO - iter:4900/8041, Original Acc@1: 84.10, Acc@5: 99.47, TTA Acc@1: 82.69, Acc@5: 99.35
2025-06-10 23:59:12,886 - log - INFO - iter:4920/8041, clip_acc1=84.12601470947266, tta_acc1=82.72357177734375
2025-06-10 23:59:12,886 - log - INFO - iter:4920/8041, Original Acc@1: 84.13, Acc@5: 99.47, TTA Acc@1: 82.72, Acc@5: 99.35
2025-06-11 00:00:11,798 - log - INFO - iter:4940/8041, clip_acc1=84.14979553222656, tta_acc1=82.69230651855469
2025-06-11 00:00:11,799 - log - INFO - iter:4940/8041, Original Acc@1: 84.15, Acc@5: 99.47, TTA Acc@1: 82.69, Acc@5: 99.35
2025-06-11 00:01:11,537 - log - INFO - iter:4960/8041, clip_acc1=84.11289978027344, tta_acc1=82.70161437988281
2025-06-11 00:01:11,537 - log - INFO - iter:4960/8041, Original Acc@1: 84.11, Acc@5: 99.48, TTA Acc@1: 82.70, Acc@5: 99.35
2025-06-11 00:02:10,885 - log - INFO - iter:4980/8041, clip_acc1=84.07630920410156, tta_acc1=82.67068481445312
2025-06-11 00:02:10,885 - log - INFO - iter:4980/8041, Original Acc@1: 84.08, Acc@5: 99.48, TTA Acc@1: 82.67, Acc@5: 99.36
2025-06-11 00:03:10,137 - log - INFO - iter:5000/8041, clip_acc1=84.0999984741211, tta_acc1=82.68000030517578
2025-06-11 00:03:10,138 - log - INFO - iter:5000/8041, Original Acc@1: 84.10, Acc@5: 99.48, TTA Acc@1: 82.68, Acc@5: 99.36
2025-06-11 00:04:10,095 - log - INFO - iter:5020/8041, clip_acc1=84.12350463867188, tta_acc1=82.70916748046875
2025-06-11 00:04:10,096 - log - INFO - iter:5020/8041, Original Acc@1: 84.12, Acc@5: 99.48, TTA Acc@1: 82.71, Acc@5: 99.36
2025-06-11 00:05:09,809 - log - INFO - iter:5040/8041, clip_acc1=84.0873031616211, tta_acc1=82.67857360839844
2025-06-11 00:05:09,809 - log - INFO - iter:5040/8041, Original Acc@1: 84.09, Acc@5: 99.48, TTA Acc@1: 82.68, Acc@5: 99.37
2025-06-11 00:06:08,753 - log - INFO - iter:5060/8041, clip_acc1=84.09090423583984, tta_acc1=82.687744140625
2025-06-11 00:06:08,754 - log - INFO - iter:5060/8041, Original Acc@1: 84.09, Acc@5: 99.49, TTA Acc@1: 82.69, Acc@5: 99.37
2025-06-11 00:07:08,120 - log - INFO - iter:5080/8041, clip_acc1=84.09449005126953, tta_acc1=82.71653747558594
2025-06-11 00:07:08,120 - log - INFO - iter:5080/8041, Original Acc@1: 84.09, Acc@5: 99.49, TTA Acc@1: 82.72, Acc@5: 99.37
2025-06-11 00:08:07,910 - log - INFO - iter:5100/8041, clip_acc1=84.07843017578125, tta_acc1=82.7254867553711
2025-06-11 00:08:07,910 - log - INFO - iter:5100/8041, Original Acc@1: 84.08, Acc@5: 99.47, TTA Acc@1: 82.73, Acc@5: 99.35
2025-06-11 00:09:08,231 - log - INFO - iter:5120/8041, clip_acc1=84.1015625, tta_acc1=82.7734375
2025-06-11 00:09:08,231 - log - INFO - iter:5120/8041, Original Acc@1: 84.10, Acc@5: 99.47, TTA Acc@1: 82.77, Acc@5: 99.36
2025-06-11 00:10:07,346 - log - INFO - iter:5140/8041, clip_acc1=84.12451171875, tta_acc1=82.82101440429688
2025-06-11 00:10:07,346 - log - INFO - iter:5140/8041, Original Acc@1: 84.12, Acc@5: 99.47, TTA Acc@1: 82.82, Acc@5: 99.36
2025-06-11 00:11:07,485 - log - INFO - iter:5160/8041, clip_acc1=84.1279067993164, tta_acc1=82.82946014404297
2025-06-11 00:11:07,485 - log - INFO - iter:5160/8041, Original Acc@1: 84.13, Acc@5: 99.48, TTA Acc@1: 82.83, Acc@5: 99.36
2025-06-11 00:12:06,366 - log - INFO - iter:5180/8041, clip_acc1=84.16988372802734, tta_acc1=82.85713958740234
2025-06-11 00:12:06,366 - log - INFO - iter:5180/8041, Original Acc@1: 84.17, Acc@5: 99.46, TTA Acc@1: 82.86, Acc@5: 99.34
2025-06-11 00:13:05,658 - log - INFO - iter:5200/8041, clip_acc1=84.17308044433594, tta_acc1=82.84615325927734
2025-06-11 00:13:05,658 - log - INFO - iter:5200/8041, Original Acc@1: 84.17, Acc@5: 99.46, TTA Acc@1: 82.85, Acc@5: 99.35
2025-06-11 00:14:04,731 - log - INFO - iter:5220/8041, clip_acc1=84.1762466430664, tta_acc1=82.81609344482422
2025-06-11 00:14:04,731 - log - INFO - iter:5220/8041, Original Acc@1: 84.18, Acc@5: 99.46, TTA Acc@1: 82.82, Acc@5: 99.35
2025-06-11 00:15:04,067 - log - INFO - iter:5240/8041, clip_acc1=84.16030883789062, tta_acc1=82.78626251220703
2025-06-11 00:15:04,067 - log - INFO - iter:5240/8041, Original Acc@1: 84.16, Acc@5: 99.47, TTA Acc@1: 82.79, Acc@5: 99.35
2025-06-11 00:16:02,981 - log - INFO - iter:5260/8041, clip_acc1=84.16349792480469, tta_acc1=82.794677734375
2025-06-11 00:16:02,981 - log - INFO - iter:5260/8041, Original Acc@1: 84.16, Acc@5: 99.47, TTA Acc@1: 82.79, Acc@5: 99.35
2025-06-11 00:17:02,443 - log - INFO - iter:5280/8041, clip_acc1=84.10984802246094, tta_acc1=82.74620819091797
2025-06-11 00:17:02,444 - log - INFO - iter:5280/8041, Original Acc@1: 84.11, Acc@5: 99.47, TTA Acc@1: 82.75, Acc@5: 99.36
2025-06-11 00:18:01,520 - log - INFO - iter:5300/8041, clip_acc1=84.07546997070312, tta_acc1=82.69811248779297
2025-06-11 00:18:01,520 - log - INFO - iter:5300/8041, Original Acc@1: 84.08, Acc@5: 99.47, TTA Acc@1: 82.70, Acc@5: 99.36
2025-06-11 00:19:01,337 - log - INFO - iter:5320/8041, clip_acc1=84.09774780273438, tta_acc1=82.7255630493164
2025-06-11 00:19:01,337 - log - INFO - iter:5320/8041, Original Acc@1: 84.10, Acc@5: 99.47, TTA Acc@1: 82.73, Acc@5: 99.36
2025-06-11 00:20:14,414 - log - INFO - iter:5340/8041, clip_acc1=84.1198501586914, tta_acc1=82.7902603149414
2025-06-11 00:20:14,414 - log - INFO - iter:5340/8041, Original Acc@1: 84.12, Acc@5: 99.48, TTA Acc@1: 82.79, Acc@5: 99.36
2025-06-11 00:21:13,566 - log - INFO - iter:5360/8041, clip_acc1=84.08582305908203, tta_acc1=82.8171615600586
2025-06-11 00:21:13,566 - log - INFO - iter:5360/8041, Original Acc@1: 84.09, Acc@5: 99.48, TTA Acc@1: 82.82, Acc@5: 99.37
2025-06-11 00:22:12,970 - log - INFO - iter:5380/8041, clip_acc1=84.10780334472656, tta_acc1=82.84386444091797
2025-06-11 00:22:12,971 - log - INFO - iter:5380/8041, Original Acc@1: 84.11, Acc@5: 99.48, TTA Acc@1: 82.84, Acc@5: 99.37
2025-06-11 00:23:13,032 - log - INFO - iter:5400/8041, clip_acc1=84.12963104248047, tta_acc1=82.87036895751953
2025-06-11 00:23:13,033 - log - INFO - iter:5400/8041, Original Acc@1: 84.13, Acc@5: 99.48, TTA Acc@1: 82.87, Acc@5: 99.37
2025-06-11 00:24:13,534 - log - INFO - iter:5420/8041, clip_acc1=84.13284301757812, tta_acc1=82.87822723388672
2025-06-11 00:24:13,535 - log - INFO - iter:5420/8041, Original Acc@1: 84.13, Acc@5: 99.48, TTA Acc@1: 82.88, Acc@5: 99.35
2025-06-11 00:25:13,306 - log - INFO - iter:5440/8041, clip_acc1=84.13603210449219, tta_acc1=82.90441131591797
2025-06-11 00:25:13,306 - log - INFO - iter:5440/8041, Original Acc@1: 84.14, Acc@5: 99.49, TTA Acc@1: 82.90, Acc@5: 99.36
2025-06-11 00:26:12,705 - log - INFO - iter:5460/8041, clip_acc1=84.15750885009766, tta_acc1=82.9120864868164
2025-06-11 00:26:12,705 - log - INFO - iter:5460/8041, Original Acc@1: 84.16, Acc@5: 99.49, TTA Acc@1: 82.91, Acc@5: 99.36
2025-06-11 00:27:11,757 - log - INFO - iter:5480/8041, clip_acc1=84.12408447265625, tta_acc1=82.88320922851562
2025-06-11 00:27:11,757 - log - INFO - iter:5480/8041, Original Acc@1: 84.12, Acc@5: 99.49, TTA Acc@1: 82.88, Acc@5: 99.36
2025-06-11 00:28:10,808 - log - INFO - iter:5500/8041, clip_acc1=84.10908508300781, tta_acc1=82.87272644042969
2025-06-11 00:28:10,808 - log - INFO - iter:5500/8041, Original Acc@1: 84.11, Acc@5: 99.49, TTA Acc@1: 82.87, Acc@5: 99.36
2025-06-11 00:29:09,800 - log - INFO - iter:5520/8041, clip_acc1=84.05797576904297, tta_acc1=82.82608795166016
2025-06-11 00:29:09,800 - log - INFO - iter:5520/8041, Original Acc@1: 84.06, Acc@5: 99.49, TTA Acc@1: 82.83, Acc@5: 99.37
2025-06-11 00:30:09,497 - log - INFO - iter:5540/8041, clip_acc1=84.11552429199219, tta_acc1=82.88809204101562
2025-06-11 00:30:09,497 - log - INFO - iter:5540/8041, Original Acc@1: 84.12, Acc@5: 99.49, TTA Acc@1: 82.89, Acc@5: 99.37
2025-06-11 00:31:09,215 - log - INFO - iter:5560/8041, clip_acc1=84.10071563720703, tta_acc1=82.89568328857422
2025-06-11 00:31:09,215 - log - INFO - iter:5560/8041, Original Acc@1: 84.10, Acc@5: 99.50, TTA Acc@1: 82.90, Acc@5: 99.37
2025-06-11 00:32:08,604 - log - INFO - iter:5580/8041, clip_acc1=84.08602142333984, tta_acc1=82.921142578125
2025-06-11 00:32:08,604 - log - INFO - iter:5580/8041, Original Acc@1: 84.09, Acc@5: 99.50, TTA Acc@1: 82.92, Acc@5: 99.37
2025-06-11 00:33:07,551 - log - INFO - iter:5600/8041, clip_acc1=84.08928680419922, tta_acc1=82.94642639160156
2025-06-11 00:33:07,551 - log - INFO - iter:5600/8041, Original Acc@1: 84.09, Acc@5: 99.50, TTA Acc@1: 82.95, Acc@5: 99.38
2025-06-11 00:34:06,768 - log - INFO - iter:5620/8041, clip_acc1=84.11032104492188, tta_acc1=82.9537353515625
2025-06-11 00:34:06,768 - log - INFO - iter:5620/8041, Original Acc@1: 84.11, Acc@5: 99.50, TTA Acc@1: 82.95, Acc@5: 99.38
2025-06-11 00:35:06,384 - log - INFO - iter:5640/8041, clip_acc1=84.09574127197266, tta_acc1=82.9432601928711
2025-06-11 00:35:06,385 - log - INFO - iter:5640/8041, Original Acc@1: 84.10, Acc@5: 99.50, TTA Acc@1: 82.94, Acc@5: 99.38
2025-06-11 00:36:05,629 - log - INFO - iter:5660/8041, clip_acc1=84.08126831054688, tta_acc1=82.932861328125
2025-06-11 00:36:05,629 - log - INFO - iter:5660/8041, Original Acc@1: 84.08, Acc@5: 99.51, TTA Acc@1: 82.93, Acc@5: 99.38
2025-06-11 00:37:05,794 - log - INFO - iter:5680/8041, clip_acc1=84.10211181640625, tta_acc1=82.94013977050781
2025-06-11 00:37:05,794 - log - INFO - iter:5680/8041, Original Acc@1: 84.10, Acc@5: 99.51, TTA Acc@1: 82.94, Acc@5: 99.38
2025-06-11 00:38:05,005 - log - INFO - iter:5700/8041, clip_acc1=84.14035034179688, tta_acc1=82.98246002197266
2025-06-11 00:38:05,006 - log - INFO - iter:5700/8041, Original Acc@1: 84.14, Acc@5: 99.51, TTA Acc@1: 82.98, Acc@5: 99.39
2025-06-11 00:39:04,132 - log - INFO - iter:5720/8041, clip_acc1=84.16084289550781, tta_acc1=83.00699615478516
2025-06-11 00:39:04,132 - log - INFO - iter:5720/8041, Original Acc@1: 84.16, Acc@5: 99.51, TTA Acc@1: 83.01, Acc@5: 99.39
2025-06-11 00:40:03,914 - log - INFO - iter:5740/8041, clip_acc1=84.16375732421875, tta_acc1=83.0139389038086
2025-06-11 00:40:03,914 - log - INFO - iter:5740/8041, Original Acc@1: 84.16, Acc@5: 99.51, TTA Acc@1: 83.01, Acc@5: 99.39
2025-06-11 00:41:03,195 - log - INFO - iter:5760/8041, clip_acc1=84.14930725097656, tta_acc1=83.02083587646484
2025-06-11 00:41:03,195 - log - INFO - iter:5760/8041, Original Acc@1: 84.15, Acc@5: 99.51, TTA Acc@1: 83.02, Acc@5: 99.39
2025-06-11 00:42:02,233 - log - INFO - iter:5780/8041, clip_acc1=84.16954803466797, tta_acc1=83.04498291015625
2025-06-11 00:42:02,233 - log - INFO - iter:5780/8041, Original Acc@1: 84.17, Acc@5: 99.52, TTA Acc@1: 83.04, Acc@5: 99.39
2025-06-11 00:43:01,585 - log - INFO - iter:5800/8041, clip_acc1=84.1551742553711, tta_acc1=83.01724243164062
2025-06-11 00:43:01,586 - log - INFO - iter:5800/8041, Original Acc@1: 84.16, Acc@5: 99.52, TTA Acc@1: 83.02, Acc@5: 99.40
2025-06-11 00:44:02,727 - log - INFO - iter:5820/8041, clip_acc1=84.17525482177734, tta_acc1=83.0412368774414
2025-06-11 00:44:02,727 - log - INFO - iter:5820/8041, Original Acc@1: 84.18, Acc@5: 99.50, TTA Acc@1: 83.04, Acc@5: 99.38
2025-06-11 00:45:01,910 - log - INFO - iter:5840/8041, clip_acc1=84.19520568847656, tta_acc1=83.06507110595703
2025-06-11 00:45:01,910 - log - INFO - iter:5840/8041, Original Acc@1: 84.20, Acc@5: 99.50, TTA Acc@1: 83.07, Acc@5: 99.38
2025-06-11 00:46:02,833 - log - INFO - iter:5860/8041, clip_acc1=84.163818359375, tta_acc1=83.00341033935547
2025-06-11 00:46:02,833 - log - INFO - iter:5860/8041, Original Acc@1: 84.16, Acc@5: 99.51, TTA Acc@1: 83.00, Acc@5: 99.37
2025-06-11 00:47:02,226 - log - INFO - iter:5880/8041, clip_acc1=84.18367767333984, tta_acc1=83.04421997070312
2025-06-11 00:47:02,226 - log - INFO - iter:5880/8041, Original Acc@1: 84.18, Acc@5: 99.51, TTA Acc@1: 83.04, Acc@5: 99.37
2025-06-11 00:48:01,663 - log - INFO - iter:5900/8041, clip_acc1=84.2203369140625, tta_acc1=83.08474731445312
2025-06-11 00:48:01,663 - log - INFO - iter:5900/8041, Original Acc@1: 84.22, Acc@5: 99.51, TTA Acc@1: 83.08, Acc@5: 99.37
2025-06-11 00:49:01,797 - log - INFO - iter:5920/8041, clip_acc1=84.20608520507812, tta_acc1=83.07432556152344
2025-06-11 00:49:01,797 - log - INFO - iter:5920/8041, Original Acc@1: 84.21, Acc@5: 99.49, TTA Acc@1: 83.07, Acc@5: 99.36
2025-06-11 00:50:01,372 - log - INFO - iter:5940/8041, clip_acc1=84.1919174194336, tta_acc1=83.06397247314453
2025-06-11 00:50:01,372 - log - INFO - iter:5940/8041, Original Acc@1: 84.19, Acc@5: 99.49, TTA Acc@1: 83.06, Acc@5: 99.36
2025-06-11 00:51:00,395 - log - INFO - iter:5960/8041, clip_acc1=84.1778564453125, tta_acc1=83.03691864013672
2025-06-11 00:51:00,395 - log - INFO - iter:5960/8041, Original Acc@1: 84.18, Acc@5: 99.50, TTA Acc@1: 83.04, Acc@5: 99.36
2025-06-11 00:51:59,473 - log - INFO - iter:5980/8041, clip_acc1=84.16387939453125, tta_acc1=83.0434799194336
2025-06-11 00:51:59,473 - log - INFO - iter:5980/8041, Original Acc@1: 84.16, Acc@5: 99.50, TTA Acc@1: 83.04, Acc@5: 99.35
2025-06-11 00:52:59,041 - log - INFO - iter:6000/8041, clip_acc1=84.19999694824219, tta_acc1=83.06666564941406
2025-06-11 00:52:59,042 - log - INFO - iter:6000/8041, Original Acc@1: 84.20, Acc@5: 99.48, TTA Acc@1: 83.07, Acc@5: 99.33
2025-06-11 00:53:58,281 - log - INFO - iter:6020/8041, clip_acc1=84.15281677246094, tta_acc1=83.03986358642578
2025-06-11 00:53:58,281 - log - INFO - iter:6020/8041, Original Acc@1: 84.15, Acc@5: 99.47, TTA Acc@1: 83.04, Acc@5: 99.32
2025-06-11 00:54:57,294 - log - INFO - iter:6040/8041, clip_acc1=84.1887435913086, tta_acc1=83.0794677734375
2025-06-11 00:54:57,294 - log - INFO - iter:6040/8041, Original Acc@1: 84.19, Acc@5: 99.47, TTA Acc@1: 83.08, Acc@5: 99.32
2025-06-11 00:55:56,540 - log - INFO - iter:6060/8041, clip_acc1=84.17491912841797, tta_acc1=83.05281066894531
2025-06-11 00:55:56,541 - log - INFO - iter:6060/8041, Original Acc@1: 84.17, Acc@5: 99.47, TTA Acc@1: 83.05, Acc@5: 99.32
2025-06-11 00:56:55,980 - log - INFO - iter:6080/8041, clip_acc1=84.22697448730469, tta_acc1=83.10855865478516
2025-06-11 00:56:55,980 - log - INFO - iter:6080/8041, Original Acc@1: 84.23, Acc@5: 99.47, TTA Acc@1: 83.11, Acc@5: 99.33
2025-06-11 00:57:54,804 - log - INFO - iter:6100/8041, clip_acc1=84.2786865234375, tta_acc1=83.14754486083984
2025-06-11 00:57:54,805 - log - INFO - iter:6100/8041, Original Acc@1: 84.28, Acc@5: 99.48, TTA Acc@1: 83.15, Acc@5: 99.33
2025-06-11 00:58:54,853 - log - INFO - iter:6120/8041, clip_acc1=84.24836730957031, tta_acc1=83.12091827392578
2025-06-11 00:58:54,853 - log - INFO - iter:6120/8041, Original Acc@1: 84.25, Acc@5: 99.48, TTA Acc@1: 83.12, Acc@5: 99.33
2025-06-11 00:59:54,442 - log - INFO - iter:6140/8041, clip_acc1=84.25081634521484, tta_acc1=83.12703704833984
2025-06-11 00:59:54,442 - log - INFO - iter:6140/8041, Original Acc@1: 84.25, Acc@5: 99.48, TTA Acc@1: 83.13, Acc@5: 99.33
2025-06-11 01:00:53,784 - log - INFO - iter:6160/8041, clip_acc1=84.18830871582031, tta_acc1=83.05194854736328
2025-06-11 01:00:53,784 - log - INFO - iter:6160/8041, Original Acc@1: 84.19, Acc@5: 99.48, TTA Acc@1: 83.05, Acc@5: 99.33
2025-06-11 01:01:53,185 - log - INFO - iter:6180/8041, clip_acc1=84.22329711914062, tta_acc1=83.09061431884766
2025-06-11 01:01:53,185 - log - INFO - iter:6180/8041, Original Acc@1: 84.22, Acc@5: 99.48, TTA Acc@1: 83.09, Acc@5: 99.34
2025-06-11 01:02:52,292 - log - INFO - iter:6200/8041, clip_acc1=84.24193572998047, tta_acc1=83.11290740966797
2025-06-11 01:02:52,292 - log - INFO - iter:6200/8041, Original Acc@1: 84.24, Acc@5: 99.48, TTA Acc@1: 83.11, Acc@5: 99.34
2025-06-11 01:03:51,630 - log - INFO - iter:6220/8041, clip_acc1=84.21221923828125, tta_acc1=83.0868148803711
2025-06-11 01:03:51,630 - log - INFO - iter:6220/8041, Original Acc@1: 84.21, Acc@5: 99.45, TTA Acc@1: 83.09, Acc@5: 99.32
2025-06-11 01:04:51,141 - log - INFO - iter:6240/8041, clip_acc1=84.2147445678711, tta_acc1=83.0769271850586
2025-06-11 01:04:51,141 - log - INFO - iter:6240/8041, Original Acc@1: 84.21, Acc@5: 99.44, TTA Acc@1: 83.08, Acc@5: 99.31
2025-06-11 01:05:50,585 - log - INFO - iter:6260/8041, clip_acc1=84.23322296142578, tta_acc1=83.09903717041016
2025-06-11 01:05:50,586 - log - INFO - iter:6260/8041, Original Acc@1: 84.23, Acc@5: 99.44, TTA Acc@1: 83.10, Acc@5: 99.31
2025-06-11 01:06:49,498 - log - INFO - iter:6280/8041, clip_acc1=84.20381927490234, tta_acc1=83.08917236328125
2025-06-11 01:06:49,498 - log - INFO - iter:6280/8041, Original Acc@1: 84.20, Acc@5: 99.44, TTA Acc@1: 83.09, Acc@5: 99.32
2025-06-11 01:07:48,395 - log - INFO - iter:6300/8041, clip_acc1=84.22222137451172, tta_acc1=83.1111068725586
2025-06-11 01:07:48,395 - log - INFO - iter:6300/8041, Original Acc@1: 84.22, Acc@5: 99.44, TTA Acc@1: 83.11, Acc@5: 99.32
2025-06-11 01:08:48,770 - log - INFO - iter:6320/8041, clip_acc1=84.24050903320312, tta_acc1=83.10126495361328
2025-06-11 01:08:48,770 - log - INFO - iter:6320/8041, Original Acc@1: 84.24, Acc@5: 99.45, TTA Acc@1: 83.10, Acc@5: 99.32
2025-06-11 01:09:48,190 - log - INFO - iter:6340/8041, clip_acc1=84.1640396118164, tta_acc1=83.04415893554688
2025-06-11 01:09:48,190 - log - INFO - iter:6340/8041, Original Acc@1: 84.16, Acc@5: 99.43, TTA Acc@1: 83.04, Acc@5: 99.31
2025-06-11 01:10:47,919 - log - INFO - iter:6360/8041, clip_acc1=84.18238830566406, tta_acc1=83.0660400390625
2025-06-11 01:10:47,919 - log - INFO - iter:6360/8041, Original Acc@1: 84.18, Acc@5: 99.43, TTA Acc@1: 83.07, Acc@5: 99.31
2025-06-11 01:11:47,624 - log - INFO - iter:6380/8041, clip_acc1=84.20063018798828, tta_acc1=83.08777618408203
2025-06-11 01:11:47,625 - log - INFO - iter:6380/8041, Original Acc@1: 84.20, Acc@5: 99.44, TTA Acc@1: 83.09, Acc@5: 99.31
2025-06-11 01:12:46,699 - log - INFO - iter:6400/8041, clip_acc1=84.21875, tta_acc1=83.09375
2025-06-11 01:12:46,700 - log - INFO - iter:6400/8041, Original Acc@1: 84.22, Acc@5: 99.42, TTA Acc@1: 83.09, Acc@5: 99.30
2025-06-11 01:13:45,803 - log - INFO - iter:6420/8041, clip_acc1=84.22118377685547, tta_acc1=83.09968566894531
2025-06-11 01:13:45,804 - log - INFO - iter:6420/8041, Original Acc@1: 84.22, Acc@5: 99.42, TTA Acc@1: 83.10, Acc@5: 99.30
2025-06-11 01:14:45,734 - log - INFO - iter:6440/8041, clip_acc1=84.23912811279297, tta_acc1=83.1211166381836
2025-06-11 01:14:45,735 - log - INFO - iter:6440/8041, Original Acc@1: 84.24, Acc@5: 99.43, TTA Acc@1: 83.12, Acc@5: 99.30
2025-06-11 01:15:44,576 - log - INFO - iter:6460/8041, clip_acc1=84.1795654296875, tta_acc1=83.06501770019531
2025-06-11 01:15:44,576 - log - INFO - iter:6460/8041, Original Acc@1: 84.18, Acc@5: 99.41, TTA Acc@1: 83.07, Acc@5: 99.30
2025-06-11 01:16:45,236 - log - INFO - iter:6480/8041, clip_acc1=84.10494232177734, tta_acc1=83.00926208496094
2025-06-11 01:16:45,237 - log - INFO - iter:6480/8041, Original Acc@1: 84.10, Acc@5: 99.41, TTA Acc@1: 83.01, Acc@5: 99.31
2025-06-11 01:17:45,345 - log - INFO - iter:6500/8041, clip_acc1=84.0923080444336, tta_acc1=83.0
2025-06-11 01:17:45,345 - log - INFO - iter:6500/8041, Original Acc@1: 84.09, Acc@5: 99.40, TTA Acc@1: 83.00, Acc@5: 99.29
2025-06-11 01:18:44,433 - log - INFO - iter:6520/8041, clip_acc1=84.07975769042969, tta_acc1=82.99079895019531
2025-06-11 01:18:44,433 - log - INFO - iter:6520/8041, Original Acc@1: 84.08, Acc@5: 99.40, TTA Acc@1: 82.99, Acc@5: 99.29
2025-06-11 01:19:44,409 - log - INFO - iter:6540/8041, clip_acc1=84.08256530761719, tta_acc1=82.99694061279297
2025-06-11 01:19:44,409 - log - INFO - iter:6540/8041, Original Acc@1: 84.08, Acc@5: 99.40, TTA Acc@1: 83.00, Acc@5: 99.30
2025-06-11 01:20:43,845 - log - INFO - iter:6560/8041, clip_acc1=84.07012176513672, tta_acc1=82.97256469726562
2025-06-11 01:20:43,846 - log - INFO - iter:6560/8041, Original Acc@1: 84.07, Acc@5: 99.41, TTA Acc@1: 82.97, Acc@5: 99.30
2025-06-11 01:21:42,958 - log - INFO - iter:6580/8041, clip_acc1=84.07294464111328, tta_acc1=82.97872161865234
2025-06-11 01:21:42,958 - log - INFO - iter:6580/8041, Original Acc@1: 84.07, Acc@5: 99.41, TTA Acc@1: 82.98, Acc@5: 99.30
2025-06-11 01:22:42,623 - log - INFO - iter:6600/8041, clip_acc1=84.10606384277344, tta_acc1=83.01515197753906
2025-06-11 01:22:42,624 - log - INFO - iter:6600/8041, Original Acc@1: 84.11, Acc@5: 99.41, TTA Acc@1: 83.02, Acc@5: 99.30
2025-06-11 01:23:42,486 - log - INFO - iter:6620/8041, clip_acc1=84.15408325195312, tta_acc1=83.05136108398438
2025-06-11 01:23:42,486 - log - INFO - iter:6620/8041, Original Acc@1: 84.15, Acc@5: 99.41, TTA Acc@1: 83.05, Acc@5: 99.31
2025-06-11 01:24:41,665 - log - INFO - iter:6640/8041, clip_acc1=84.14157104492188, tta_acc1=83.0572280883789
2025-06-11 01:24:41,665 - log - INFO - iter:6640/8041, Original Acc@1: 84.14, Acc@5: 99.40, TTA Acc@1: 83.06, Acc@5: 99.29
2025-06-11 01:25:40,794 - log - INFO - iter:6660/8041, clip_acc1=84.1291275024414, tta_acc1=83.06306457519531
2025-06-11 01:25:40,794 - log - INFO - iter:6660/8041, Original Acc@1: 84.13, Acc@5: 99.40, TTA Acc@1: 83.06, Acc@5: 99.29
2025-06-11 01:26:40,909 - log - INFO - iter:6680/8041, clip_acc1=84.11676788330078, tta_acc1=83.06886291503906
2025-06-11 01:26:40,909 - log - INFO - iter:6680/8041, Original Acc@1: 84.12, Acc@5: 99.40, TTA Acc@1: 83.07, Acc@5: 99.28
2025-06-11 01:27:40,742 - log - INFO - iter:6700/8041, clip_acc1=84.11940002441406, tta_acc1=83.07462310791016
2025-06-11 01:27:40,743 - log - INFO - iter:6700/8041, Original Acc@1: 84.12, Acc@5: 99.40, TTA Acc@1: 83.07, Acc@5: 99.28
2025-06-11 01:28:40,489 - log - INFO - iter:6720/8041, clip_acc1=84.12202453613281, tta_acc1=83.08036041259766
2025-06-11 01:28:40,490 - log - INFO - iter:6720/8041, Original Acc@1: 84.12, Acc@5: 99.40, TTA Acc@1: 83.08, Acc@5: 99.29
2025-06-11 01:29:39,889 - log - INFO - iter:6740/8041, clip_acc1=84.08011627197266, tta_acc1=83.04154205322266
2025-06-11 01:29:39,889 - log - INFO - iter:6740/8041, Original Acc@1: 84.08, Acc@5: 99.41, TTA Acc@1: 83.04, Acc@5: 99.29
2025-06-11 01:30:39,517 - log - INFO - iter:6760/8041, clip_acc1=84.0976333618164, tta_acc1=83.03254699707031
2025-06-11 01:30:39,517 - log - INFO - iter:6760/8041, Original Acc@1: 84.10, Acc@5: 99.41, TTA Acc@1: 83.03, Acc@5: 99.29
2025-06-11 01:31:39,130 - log - INFO - iter:6780/8041, clip_acc1=84.05604553222656, tta_acc1=82.99410247802734
2025-06-11 01:31:39,130 - log - INFO - iter:6780/8041, Original Acc@1: 84.06, Acc@5: 99.41, TTA Acc@1: 82.99, Acc@5: 99.29
2025-06-11 01:32:38,516 - log - INFO - iter:6800/8041, clip_acc1=84.0882339477539, tta_acc1=83.02941131591797
2025-06-11 01:32:38,516 - log - INFO - iter:6800/8041, Original Acc@1: 84.09, Acc@5: 99.41, TTA Acc@1: 83.03, Acc@5: 99.29
2025-06-11 01:33:38,191 - log - INFO - iter:6820/8041, clip_acc1=84.13490295410156, tta_acc1=83.06452178955078
2025-06-11 01:33:38,191 - log - INFO - iter:6820/8041, Original Acc@1: 84.13, Acc@5: 99.41, TTA Acc@1: 83.06, Acc@5: 99.30
2025-06-11 01:34:38,192 - log - INFO - iter:6840/8041, clip_acc1=84.122802734375, tta_acc1=83.04093170166016
2025-06-11 01:34:38,192 - log - INFO - iter:6840/8041, Original Acc@1: 84.12, Acc@5: 99.42, TTA Acc@1: 83.04, Acc@5: 99.30
2025-06-11 01:35:37,379 - log - INFO - iter:6860/8041, clip_acc1=84.11078643798828, tta_acc1=83.03206634521484
2025-06-11 01:35:37,379 - log - INFO - iter:6860/8041, Original Acc@1: 84.11, Acc@5: 99.42, TTA Acc@1: 83.03, Acc@5: 99.30
2025-06-11 01:36:36,519 - log - INFO - iter:6880/8041, clip_acc1=84.09883880615234, tta_acc1=83.00872039794922
2025-06-11 01:36:36,520 - log - INFO - iter:6880/8041, Original Acc@1: 84.10, Acc@5: 99.42, TTA Acc@1: 83.01, Acc@5: 99.29
2025-06-11 01:37:37,008 - log - INFO - iter:6900/8041, clip_acc1=84.05796813964844, tta_acc1=82.9565200805664
2025-06-11 01:37:37,008 - log - INFO - iter:6900/8041, Original Acc@1: 84.06, Acc@5: 99.42, TTA Acc@1: 82.96, Acc@5: 99.29
2025-06-11 01:38:36,193 - log - INFO - iter:6920/8041, clip_acc1=84.0606918334961, tta_acc1=82.9624252319336
2025-06-11 01:38:36,193 - log - INFO - iter:6920/8041, Original Acc@1: 84.06, Acc@5: 99.42, TTA Acc@1: 82.96, Acc@5: 99.29
2025-06-11 01:39:35,264 - log - INFO - iter:6940/8041, clip_acc1=84.07781219482422, tta_acc1=82.95388793945312
2025-06-11 01:39:35,265 - log - INFO - iter:6940/8041, Original Acc@1: 84.08, Acc@5: 99.42, TTA Acc@1: 82.95, Acc@5: 99.29
2025-06-11 01:40:34,323 - log - INFO - iter:6960/8041, clip_acc1=84.08045959472656, tta_acc1=82.95977020263672
2025-06-11 01:40:34,323 - log - INFO - iter:6960/8041, Original Acc@1: 84.08, Acc@5: 99.41, TTA Acc@1: 82.96, Acc@5: 99.28
2025-06-11 01:41:34,352 - log - INFO - iter:6980/8041, clip_acc1=84.08309173583984, tta_acc1=82.97994232177734
2025-06-11 01:41:34,352 - log - INFO - iter:6980/8041, Original Acc@1: 84.08, Acc@5: 99.41, TTA Acc@1: 82.98, Acc@5: 99.28
2025-06-11 01:42:33,631 - log - INFO - iter:7000/8041, clip_acc1=84.07142639160156, tta_acc1=82.97142791748047
2025-06-11 01:42:33,631 - log - INFO - iter:7000/8041, Original Acc@1: 84.07, Acc@5: 99.41, TTA Acc@1: 82.97, Acc@5: 99.29
2025-06-11 01:43:33,535 - log - INFO - iter:7020/8041, clip_acc1=84.04558563232422, tta_acc1=82.96295928955078
2025-06-11 01:43:33,535 - log - INFO - iter:7020/8041, Original Acc@1: 84.05, Acc@5: 99.42, TTA Acc@1: 82.96, Acc@5: 99.29
2025-06-11 01:44:32,906 - log - INFO - iter:7040/8041, clip_acc1=84.07669830322266, tta_acc1=82.98294830322266
2025-06-11 01:44:32,906 - log - INFO - iter:7040/8041, Original Acc@1: 84.08, Acc@5: 99.42, TTA Acc@1: 82.98, Acc@5: 99.29
2025-06-11 01:45:32,004 - log - INFO - iter:7060/8041, clip_acc1=84.0793228149414, tta_acc1=82.9886703491211
2025-06-11 01:45:32,004 - log - INFO - iter:7060/8041, Original Acc@1: 84.08, Acc@5: 99.42, TTA Acc@1: 82.99, Acc@5: 99.29
2025-06-11 01:46:31,274 - log - INFO - iter:7080/8041, clip_acc1=84.08192443847656, tta_acc1=82.99435424804688
2025-06-11 01:46:31,274 - log - INFO - iter:7080/8041, Original Acc@1: 84.08, Acc@5: 99.42, TTA Acc@1: 82.99, Acc@5: 99.29
2025-06-11 01:47:30,876 - log - INFO - iter:7100/8041, clip_acc1=84.0422592163086, tta_acc1=82.97183227539062
2025-06-11 01:47:30,876 - log - INFO - iter:7100/8041, Original Acc@1: 84.04, Acc@5: 99.42, TTA Acc@1: 82.97, Acc@5: 99.30
2025-06-11 01:48:31,241 - log - INFO - iter:7120/8041, clip_acc1=84.03089904785156, tta_acc1=82.9494400024414
2025-06-11 01:48:31,241 - log - INFO - iter:7120/8041, Original Acc@1: 84.03, Acc@5: 99.41, TTA Acc@1: 82.95, Acc@5: 99.28
2025-06-11 01:49:30,172 - log - INFO - iter:7140/8041, clip_acc1=84.04762268066406, tta_acc1=82.94117736816406
2025-06-11 01:49:30,172 - log - INFO - iter:7140/8041, Original Acc@1: 84.05, Acc@5: 99.41, TTA Acc@1: 82.94, Acc@5: 99.29
2025-06-11 01:50:29,810 - log - INFO - iter:7160/8041, clip_acc1=84.07820892333984, tta_acc1=82.96089172363281
2025-06-11 01:50:29,810 - log - INFO - iter:7160/8041, Original Acc@1: 84.08, Acc@5: 99.41, TTA Acc@1: 82.96, Acc@5: 99.29
2025-06-11 01:51:28,614 - log - INFO - iter:7180/8041, clip_acc1=84.08078002929688, tta_acc1=82.95265197753906
2025-06-11 01:51:28,614 - log - INFO - iter:7180/8041, Original Acc@1: 84.08, Acc@5: 99.42, TTA Acc@1: 82.95, Acc@5: 99.29
2025-06-11 01:52:27,764 - log - INFO - iter:7200/8041, clip_acc1=84.08333587646484, tta_acc1=82.95833587646484
2025-06-11 01:52:27,764 - log - INFO - iter:7200/8041, Original Acc@1: 84.08, Acc@5: 99.42, TTA Acc@1: 82.96, Acc@5: 99.29
2025-06-11 01:53:26,839 - log - INFO - iter:7220/8041, clip_acc1=84.05817413330078, tta_acc1=82.93628692626953
2025-06-11 01:53:26,840 - log - INFO - iter:7220/8041, Original Acc@1: 84.06, Acc@5: 99.42, TTA Acc@1: 82.94, Acc@5: 99.29
2025-06-11 01:54:28,018 - log - INFO - iter:7240/8041, clip_acc1=83.99170684814453, tta_acc1=82.8729248046875
2025-06-11 01:54:28,018 - log - INFO - iter:7240/8041, Original Acc@1: 83.99, Acc@5: 99.41, TTA Acc@1: 82.87, Acc@5: 99.28
2025-06-11 01:55:27,156 - log - INFO - iter:7260/8041, clip_acc1=83.9669418334961, tta_acc1=82.87879180908203
2025-06-11 01:55:27,156 - log - INFO - iter:7260/8041, Original Acc@1: 83.97, Acc@5: 99.41, TTA Acc@1: 82.88, Acc@5: 99.28
2025-06-11 01:56:26,179 - log - INFO - iter:7280/8041, clip_acc1=83.96978759765625, tta_acc1=82.8846206665039
2025-06-11 01:56:26,179 - log - INFO - iter:7280/8041, Original Acc@1: 83.97, Acc@5: 99.40, TTA Acc@1: 82.88, Acc@5: 99.29
2025-06-11 01:57:24,876 - log - INFO - iter:7300/8041, clip_acc1=84.0, tta_acc1=82.91780853271484
2025-06-11 01:57:24,877 - log - INFO - iter:7300/8041, Original Acc@1: 84.00, Acc@5: 99.40, TTA Acc@1: 82.92, Acc@5: 99.29
2025-06-11 01:58:24,756 - log - INFO - iter:7320/8041, clip_acc1=83.96175384521484, tta_acc1=82.89617919921875
2025-06-11 01:58:24,757 - log - INFO - iter:7320/8041, Original Acc@1: 83.96, Acc@5: 99.40, TTA Acc@1: 82.90, Acc@5: 99.29
2025-06-11 01:59:24,752 - log - INFO - iter:7340/8041, clip_acc1=83.95095825195312, tta_acc1=82.88829040527344
2025-06-11 01:59:24,752 - log - INFO - iter:7340/8041, Original Acc@1: 83.95, Acc@5: 99.40, TTA Acc@1: 82.89, Acc@5: 99.29
2025-06-11 02:00:25,204 - log - INFO - iter:7360/8041, clip_acc1=83.91304016113281, tta_acc1=82.8668441772461
2025-06-11 02:00:25,204 - log - INFO - iter:7360/8041, Original Acc@1: 83.91, Acc@5: 99.39, TTA Acc@1: 82.87, Acc@5: 99.28
2025-06-11 02:01:24,420 - log - INFO - iter:7380/8041, clip_acc1=83.91598510742188, tta_acc1=82.87262725830078
2025-06-11 02:01:24,420 - log - INFO - iter:7380/8041, Original Acc@1: 83.92, Acc@5: 99.39, TTA Acc@1: 82.87, Acc@5: 99.28
2025-06-11 02:02:23,815 - log - INFO - iter:7400/8041, clip_acc1=83.9189224243164, tta_acc1=82.87837982177734
2025-06-11 02:02:23,815 - log - INFO - iter:7400/8041, Original Acc@1: 83.92, Acc@5: 99.39, TTA Acc@1: 82.88, Acc@5: 99.28
2025-06-11 02:03:23,526 - log - INFO - iter:7420/8041, clip_acc1=83.94878387451172, tta_acc1=82.89757537841797
2025-06-11 02:03:23,526 - log - INFO - iter:7420/8041, Original Acc@1: 83.95, Acc@5: 99.39, TTA Acc@1: 82.90, Acc@5: 99.29
2025-06-11 02:04:22,638 - log - INFO - iter:7440/8041, clip_acc1=83.96505737304688, tta_acc1=82.91667175292969
2025-06-11 02:04:22,638 - log - INFO - iter:7440/8041, Original Acc@1: 83.97, Acc@5: 99.40, TTA Acc@1: 82.92, Acc@5: 99.29
2025-06-11 02:05:22,162 - log - INFO - iter:7460/8041, clip_acc1=83.96782684326172, tta_acc1=82.90884399414062
2025-06-11 02:05:22,162 - log - INFO - iter:7460/8041, Original Acc@1: 83.97, Acc@5: 99.40, TTA Acc@1: 82.91, Acc@5: 99.29
2025-06-11 02:06:24,019 - log - INFO - iter:7480/8041, clip_acc1=83.94385528564453, tta_acc1=82.87433624267578
2025-06-11 02:06:24,019 - log - INFO - iter:7480/8041, Original Acc@1: 83.94, Acc@5: 99.40, TTA Acc@1: 82.87, Acc@5: 99.29
2025-06-11 02:07:23,524 - log - INFO - iter:7500/8041, clip_acc1=83.97333526611328, tta_acc1=82.8933334350586
2025-06-11 02:07:23,524 - log - INFO - iter:7500/8041, Original Acc@1: 83.97, Acc@5: 99.40, TTA Acc@1: 82.89, Acc@5: 99.29
2025-06-11 02:08:22,950 - log - INFO - iter:7520/8041, clip_acc1=83.9893569946289, tta_acc1=82.92552947998047
2025-06-11 02:08:22,951 - log - INFO - iter:7520/8041, Original Acc@1: 83.99, Acc@5: 99.40, TTA Acc@1: 82.93, Acc@5: 99.30
2025-06-11 02:09:22,275 - log - INFO - iter:7540/8041, clip_acc1=84.01856994628906, tta_acc1=82.95755767822266
2025-06-11 02:09:22,276 - log - INFO - iter:7540/8041, Original Acc@1: 84.02, Acc@5: 99.40, TTA Acc@1: 82.96, Acc@5: 99.30
2025-06-11 02:10:22,236 - log - INFO - iter:7560/8041, clip_acc1=84.02116394042969, tta_acc1=82.96296691894531
2025-06-11 02:10:22,237 - log - INFO - iter:7560/8041, Original Acc@1: 84.02, Acc@5: 99.40, TTA Acc@1: 82.96, Acc@5: 99.30
2025-06-11 02:11:21,628 - log - INFO - iter:7580/8041, clip_acc1=84.03694152832031, tta_acc1=82.95514678955078
2025-06-11 02:11:21,628 - log - INFO - iter:7580/8041, Original Acc@1: 84.04, Acc@5: 99.41, TTA Acc@1: 82.96, Acc@5: 99.29
2025-06-11 02:12:20,542 - log - INFO - iter:7600/8041, clip_acc1=84.05262756347656, tta_acc1=82.9473648071289
2025-06-11 02:12:20,542 - log - INFO - iter:7600/8041, Original Acc@1: 84.05, Acc@5: 99.41, TTA Acc@1: 82.95, Acc@5: 99.29
2025-06-11 02:13:19,638 - log - INFO - iter:7620/8041, clip_acc1=84.05511474609375, tta_acc1=82.9527587890625
2025-06-11 02:13:19,638 - log - INFO - iter:7620/8041, Original Acc@1: 84.06, Acc@5: 99.41, TTA Acc@1: 82.95, Acc@5: 99.29
2025-06-11 02:14:18,716 - log - INFO - iter:7640/8041, clip_acc1=84.01832580566406, tta_acc1=82.9188461303711
2025-06-11 02:14:18,716 - log - INFO - iter:7640/8041, Original Acc@1: 84.02, Acc@5: 99.41, TTA Acc@1: 82.92, Acc@5: 99.29
2025-06-11 02:15:18,035 - log - INFO - iter:7660/8041, clip_acc1=84.0078353881836, tta_acc1=82.8981704711914
2025-06-11 02:15:18,035 - log - INFO - iter:7660/8041, Original Acc@1: 84.01, Acc@5: 99.41, TTA Acc@1: 82.90, Acc@5: 99.30
2025-06-11 02:16:17,111 - log - INFO - iter:7680/8041, clip_acc1=84.02344512939453, tta_acc1=82.92969512939453
2025-06-11 02:16:17,111 - log - INFO - iter:7680/8041, Original Acc@1: 84.02, Acc@5: 99.41, TTA Acc@1: 82.93, Acc@5: 99.30
2025-06-11 02:17:16,138 - log - INFO - iter:7700/8041, clip_acc1=84.0, tta_acc1=82.88311004638672
2025-06-11 02:17:16,139 - log - INFO - iter:7700/8041, Original Acc@1: 84.00, Acc@5: 99.42, TTA Acc@1: 82.88, Acc@5: 99.30
2025-06-11 02:18:15,279 - log - INFO - iter:7720/8041, clip_acc1=83.98963928222656, tta_acc1=82.84974670410156
2025-06-11 02:18:15,279 - log - INFO - iter:7720/8041, Original Acc@1: 83.99, Acc@5: 99.42, TTA Acc@1: 82.85, Acc@5: 99.30
2025-06-11 02:19:14,418 - log - INFO - iter:7740/8041, clip_acc1=84.00516510009766, tta_acc1=82.86820983886719
2025-06-11 02:19:14,418 - log - INFO - iter:7740/8041, Original Acc@1: 84.01, Acc@5: 99.42, TTA Acc@1: 82.87, Acc@5: 99.30
2025-06-11 02:20:13,677 - log - INFO - iter:7760/8041, clip_acc1=83.96907806396484, tta_acc1=82.84793853759766
2025-06-11 02:20:13,677 - log - INFO - iter:7760/8041, Original Acc@1: 83.97, Acc@5: 99.41, TTA Acc@1: 82.85, Acc@5: 99.29
2025-06-11 02:21:13,016 - log - INFO - iter:7780/8041, clip_acc1=83.9974365234375, tta_acc1=82.87918090820312
2025-06-11 02:21:13,016 - log - INFO - iter:7780/8041, Original Acc@1: 84.00, Acc@5: 99.41, TTA Acc@1: 82.88, Acc@5: 99.29
2025-06-11 02:22:12,424 - log - INFO - iter:7800/8041, clip_acc1=83.97435760498047, tta_acc1=82.85897064208984
2025-06-11 02:22:12,424 - log - INFO - iter:7800/8041, Original Acc@1: 83.97, Acc@5: 99.41, TTA Acc@1: 82.86, Acc@5: 99.29
2025-06-11 02:23:11,731 - log - INFO - iter:7820/8041, clip_acc1=83.96419525146484, tta_acc1=82.86444854736328
2025-06-11 02:23:11,732 - log - INFO - iter:7820/8041, Original Acc@1: 83.96, Acc@5: 99.41, TTA Acc@1: 82.86, Acc@5: 99.30
2025-06-11 02:24:11,416 - log - INFO - iter:7840/8041, clip_acc1=83.94132232666016, tta_acc1=82.83162689208984
2025-06-11 02:24:11,417 - log - INFO - iter:7840/8041, Original Acc@1: 83.94, Acc@5: 99.40, TTA Acc@1: 82.83, Acc@5: 99.29
2025-06-11 02:25:11,250 - log - INFO - iter:7860/8041, clip_acc1=83.9312973022461, tta_acc1=82.82442474365234
2025-06-11 02:25:11,251 - log - INFO - iter:7860/8041, Original Acc@1: 83.93, Acc@5: 99.39, TTA Acc@1: 82.82, Acc@5: 99.27
2025-06-11 02:26:10,591 - log - INFO - iter:7880/8041, clip_acc1=83.92132568359375, tta_acc1=82.8172607421875
2025-06-11 02:26:10,591 - log - INFO - iter:7880/8041, Original Acc@1: 83.92, Acc@5: 99.39, TTA Acc@1: 82.82, Acc@5: 99.28
2025-06-11 02:27:10,218 - log - INFO - iter:7900/8041, clip_acc1=83.9240493774414, tta_acc1=82.83544158935547
2025-06-11 02:27:10,218 - log - INFO - iter:7900/8041, Original Acc@1: 83.92, Acc@5: 99.39, TTA Acc@1: 82.84, Acc@5: 99.28
2025-06-11 02:28:09,471 - log - INFO - iter:7920/8041, clip_acc1=83.91414642333984, tta_acc1=82.81565856933594
2025-06-11 02:28:09,471 - log - INFO - iter:7920/8041, Original Acc@1: 83.91, Acc@5: 99.39, TTA Acc@1: 82.82, Acc@5: 99.28
2025-06-11 02:29:09,066 - log - INFO - iter:7940/8041, clip_acc1=83.89168548583984, tta_acc1=82.79596710205078
2025-06-11 02:29:09,066 - log - INFO - iter:7940/8041, Original Acc@1: 83.89, Acc@5: 99.38, TTA Acc@1: 82.80, Acc@5: 99.27
2025-06-11 02:30:08,216 - log - INFO - iter:7960/8041, clip_acc1=83.90703582763672, tta_acc1=82.81407165527344
2025-06-11 02:30:08,217 - log - INFO - iter:7960/8041, Original Acc@1: 83.91, Acc@5: 99.38, TTA Acc@1: 82.81, Acc@5: 99.27
2025-06-11 02:31:08,429 - log - INFO - iter:7980/8041, clip_acc1=83.90977478027344, tta_acc1=82.83207702636719
2025-06-11 02:31:08,429 - log - INFO - iter:7980/8041, Original Acc@1: 83.91, Acc@5: 99.37, TTA Acc@1: 82.83, Acc@5: 99.27
2025-06-11 02:32:07,845 - log - INFO - iter:8000/8041, clip_acc1=83.91250610351562, tta_acc1=82.8375015258789
2025-06-11 02:32:07,845 - log - INFO - iter:8000/8041, Original Acc@1: 83.91, Acc@5: 99.38, TTA Acc@1: 82.84, Acc@5: 99.28
2025-06-11 02:33:07,144 - log - INFO - iter:8020/8041, clip_acc1=83.92768096923828, tta_acc1=82.85536193847656
2025-06-11 02:33:07,144 - log - INFO - iter:8020/8041, Original Acc@1: 83.93, Acc@5: 99.36, TTA Acc@1: 82.86, Acc@5: 99.26
2025-06-11 02:34:04,844 - log - INFO - iter:8040/8041, clip_acc1=83.85572814941406, tta_acc1=82.78607177734375
2025-06-11 02:34:04,844 - log - INFO - iter:8040/8041, Original Acc@1: 83.86, Acc@5: 99.37, TTA Acc@1: 82.79, Acc@5: 99.27
2025-06-11 02:34:07,531 - log - INFO - iter:8041/8041, clip_acc1=83.84529876708984, tta_acc1=82.78821563720703
2025-06-11 02:34:07,531 - log - INFO - iter:8041/8041, Original Acc@1: 83.85, Acc@5: 99.37, TTA Acc@1: 82.79, Acc@5: 99.27
2025-06-11 02:34:07,629 - log - INFO - Final results - Original Acc@1: 83.85, Acc@5: 99.37, TTA Acc@1: 82.79, Acc@5: 99.27
2025-06-11 02:34:07,629 - log - INFO - Improvement from TTA in Acc@1 -1.06, and Acc@5 -0.10
2025-06-11 02:34:07,632 - log - INFO - Number of selected samples with index 0: 5174
2025-06-11 02:34:07,632 - log - INFO - Number of samples in the dataset: 8041
2025-06-11 02:34:07,680 - log - INFO - Selected IDs saved to /leonardo_work/EUHPC_R04_192/fmohamma/Adversarial_Robust_Clip/ATPT/Final_Results/delta_clip_l14_224/Cars/Clean/Counter_Attack/Eps_2_0_Steps_2_Alpha_1_0/tau_0_2_beta_2_0_weighted_pertrubation_True/TPT/Optimization_Loss_rtpt_LR_0_005_Optimization_Steps_1_View_Selection_Fraction_0_1/Inference_Ensemble_weighted_rtpt_topk_20_softmaxtemp_0_01/selected_topk.json
2025-06-11 02:34:08,177 - log - INFO - Batch entropies saved to /leonardo_work/EUHPC_R04_192/fmohamma/Adversarial_Robust_Clip/ATPT/Final_Results/delta_clip_l14_224/Cars/Clean/Counter_Attack/Eps_2_0_Steps_2_Alpha_1_0/tau_0_2_beta_2_0_weighted_pertrubation_True/TPT/Optimization_Loss_rtpt_LR_0_005_Optimization_Steps_1_View_Selection_Fraction_0_1/Inference_Ensemble_weighted_rtpt_topk_20_softmaxtemp_0_01/entropies.json
2025-06-11 02:34:08,715 - log - INFO - Weighted scores saved to /leonardo_work/EUHPC_R04_192/fmohamma/Adversarial_Robust_Clip/ATPT/Final_Results/delta_clip_l14_224/Cars/Clean/Counter_Attack/Eps_2_0_Steps_2_Alpha_1_0/tau_0_2_beta_2_0_weighted_pertrubation_True/TPT/Optimization_Loss_rtpt_LR_0_005_Optimization_Steps_1_View_Selection_Fraction_0_1/Inference_Ensemble_weighted_rtpt_topk_20_softmaxtemp_0_01/weighted_scores.json
2025-06-11 02:34:08,715 - log - INFO - Creating plot of average weights for each view
2025-06-11 02:34:09,957 - log - INFO - Average weights plot saved to /leonardo_work/EUHPC_R04_192/fmohamma/Adversarial_Robust_Clip/ATPT/Final_Results/delta_clip_l14_224/Cars/Clean/Counter_Attack/Eps_2_0_Steps_2_Alpha_1_0/tau_0_2_beta_2_0_weighted_pertrubation_True/TPT/Optimization_Loss_rtpt_LR_0_005_Optimization_Steps_1_View_Selection_Fraction_0_1/Inference_Ensemble_weighted_rtpt_topk_20_softmaxtemp_0_01/weighted_scores_plot.png
2025-06-11 02:34:09,976 - log - INFO - => Acc. on testset [Cars]: Clean Acc @1 83.84529876708984/ TTA Clean Acc @1 82.78821563720703, Clean Acc @5 99.36575317382812/ TTA Clean Acc @5 99.26626586914062
2025-06-11 02:34:09,976 - log - INFO - Total script execution time: 23991.91 seconds (399.87 minutes)
