2025-06-14 08:45:43,079 - log - INFO - ==========================================
data:/leonardo_work/EUHPC_R04_192/fmohamma/Adversarial_Robust_Clip/atpt_data/downstream_datasets
test_sets:UCF101
dataset_mode:test
arch:delta_clip_l14_224
resolution:224
workers:4
no_pin_memory:False
batch_size:64
print_freq:20
gpu:0
no_cudnn_benchmark:False
n_ctx:4
ctx_init:a_photo_of_a
tpt_loss:tpt
seed:0
output_dir:/leonardo_work/EUHPC_R04_192/fmohamma/Adversarial_Robust_Clip/atpt_data/delta_clip_l14_224/UCF101
log_output_dir:/leonardo_work/EUHPC_R04_192/fmohamma/Adversarial_Robust_Clip/ATPT/Final_Results/delta_clip_l14_224/UCF101
eps:0.0
alpha:0.0
alpha_eps_ratio:4.0
steps:0
lr:0.005
selection_p:0.1
tta_steps:1
ensemble_type:vanilla
top_k:20
softmax_temp:0.01
counter_attack:True
counter_attack_type:pgd
counter_attack_steps:2
counter_attack_eps:2.0
counter_attack_alpha:1.0
counter_attack_tau_thres:0.2
counter_attack_beta:2.0
counter_attack_weighted_perturbations:True
pgd_clip_pure_i_text_embeddings:null
pgd_counter_and_clipure_i_lamda:1.0
selected_id_name:selected_topk.json
weighted_score_name:weighted_scores.json
batch_entropy_name:entropies.json
log_dir:/leonardo_work/EUHPC_R04_192/fmohamma/Adversarial_Robust_Clip/ATPT/Final_Results/delta_clip_l14_224/UCF101/Clean/Counter_Attack/Eps_2_0_Steps_2_Alpha_1_0/tau_0_2_beta_2_0_weighted_pertrubation_True/TPT/Optimization_Loss_tpt_LR_0_005_Optimization_Steps_1_View_Selection_Fraction_0_1/Inference_Ensemble_vanilla

2025-06-14 08:45:43,080 - log - INFO - Use GPU: 0 for training
2025-06-14 08:47:31,849 - log - INFO - Freezing all parameters except prompt learner
2025-06-14 08:47:31,851 - log - INFO - => Model created: visual backbone delta_clip_l14_224
2025-06-14 08:47:31,883 - log - INFO - Number of test samples: 3783
2025-06-14 08:47:31,883 - log - INFO - Evaluating dataset: UCF101
2025-06-14 08:47:31,884 - log - INFO - Starting evaluation with batch size: 64, selection percentage: 0.1
2025-06-14 08:47:31,884 - log - INFO - Test-time adaptation steps: 1, learning rate: 0.005
2025-06-14 08:47:31,884 - log - INFO - Using counter-attack with epsilon: 2.000000, alpha: 0.000000, steps: 2, tau_thres: 0.2, beta: 2.0, weighted perturbation: True
2025-06-14 08:48:34,878 - log - INFO - iter:20/3783, clip_acc1=100.0, tta_acc1=95.0
2025-06-14 08:48:34,878 - log - INFO - iter:20/3783, Original Acc@1: 100.00, Acc@5: 100.00, TTA Acc@1: 95.00, Acc@5: 100.00
2025-06-14 08:49:24,404 - log - INFO - iter:40/3783, clip_acc1=100.0, tta_acc1=95.0
2025-06-14 08:49:24,405 - log - INFO - iter:40/3783, Original Acc@1: 100.00, Acc@5: 100.00, TTA Acc@1: 95.00, Acc@5: 100.00
2025-06-14 08:50:13,900 - log - INFO - iter:60/3783, clip_acc1=78.33333587646484, tta_acc1=75.00000762939453
2025-06-14 08:50:13,901 - log - INFO - iter:60/3783, Original Acc@1: 78.33, Acc@5: 100.00, TTA Acc@1: 75.00, Acc@5: 100.00
2025-06-14 08:51:03,313 - log - INFO - iter:80/3783, clip_acc1=75.0, tta_acc1=67.5
2025-06-14 08:51:03,313 - log - INFO - iter:80/3783, Original Acc@1: 75.00, Acc@5: 100.00, TTA Acc@1: 67.50, Acc@5: 100.00
2025-06-14 08:51:52,930 - log - INFO - iter:100/3783, clip_acc1=75.0, tta_acc1=66.0
2025-06-14 08:51:52,930 - log - INFO - iter:100/3783, Original Acc@1: 75.00, Acc@5: 100.00, TTA Acc@1: 66.00, Acc@5: 100.00
2025-06-14 08:52:42,399 - log - INFO - iter:120/3783, clip_acc1=75.00000762939453, tta_acc1=67.5
2025-06-14 08:52:42,400 - log - INFO - iter:120/3783, Original Acc@1: 75.00, Acc@5: 99.17, TTA Acc@1: 67.50, Acc@5: 98.33
2025-06-14 08:53:31,928 - log - INFO - iter:140/3783, clip_acc1=77.85713958740234, tta_acc1=71.42857360839844
2025-06-14 08:53:31,928 - log - INFO - iter:140/3783, Original Acc@1: 77.86, Acc@5: 98.57, TTA Acc@1: 71.43, Acc@5: 97.86
2025-06-14 08:54:21,450 - log - INFO - iter:160/3783, clip_acc1=75.625, tta_acc1=70.0
2025-06-14 08:54:21,450 - log - INFO - iter:160/3783, Original Acc@1: 75.62, Acc@5: 98.75, TTA Acc@1: 70.00, Acc@5: 97.50
2025-06-14 08:55:10,937 - log - INFO - iter:180/3783, clip_acc1=67.22222137451172, tta_acc1=62.222225189208984
2025-06-14 08:55:10,938 - log - INFO - iter:180/3783, Original Acc@1: 67.22, Acc@5: 96.67, TTA Acc@1: 62.22, Acc@5: 92.78
2025-06-14 08:56:00,346 - log - INFO - iter:200/3783, clip_acc1=68.5, tta_acc1=64.5
2025-06-14 08:56:00,346 - log - INFO - iter:200/3783, Original Acc@1: 68.50, Acc@5: 96.50, TTA Acc@1: 64.50, Acc@5: 92.50
2025-06-14 08:56:49,733 - log - INFO - iter:220/3783, clip_acc1=70.0, tta_acc1=66.36363220214844
2025-06-14 08:56:49,733 - log - INFO - iter:220/3783, Original Acc@1: 70.00, Acc@5: 96.82, TTA Acc@1: 66.36, Acc@5: 93.18
2025-06-14 08:57:39,136 - log - INFO - iter:240/3783, clip_acc1=70.0, tta_acc1=66.66667175292969
2025-06-14 08:57:39,136 - log - INFO - iter:240/3783, Original Acc@1: 70.00, Acc@5: 94.58, TTA Acc@1: 66.67, Acc@5: 91.25
2025-06-14 08:58:28,482 - log - INFO - iter:260/3783, clip_acc1=72.30769348144531, tta_acc1=69.23076629638672
2025-06-14 08:58:28,482 - log - INFO - iter:260/3783, Original Acc@1: 72.31, Acc@5: 95.00, TTA Acc@1: 69.23, Acc@5: 91.92
2025-06-14 08:59:17,794 - log - INFO - iter:280/3783, clip_acc1=70.35713958740234, tta_acc1=67.5
2025-06-14 08:59:17,794 - log - INFO - iter:280/3783, Original Acc@1: 70.36, Acc@5: 92.86, TTA Acc@1: 67.50, Acc@5: 90.71
2025-06-14 09:00:07,218 - log - INFO - iter:300/3783, clip_acc1=65.66667175292969, tta_acc1=63.0
2025-06-14 09:00:07,218 - log - INFO - iter:300/3783, Original Acc@1: 65.67, Acc@5: 91.33, TTA Acc@1: 63.00, Acc@5: 86.33
2025-06-14 09:00:56,654 - log - INFO - iter:320/3783, clip_acc1=66.5625, tta_acc1=63.4375
2025-06-14 09:00:56,654 - log - INFO - iter:320/3783, Original Acc@1: 66.56, Acc@5: 91.56, TTA Acc@1: 63.44, Acc@5: 86.56
2025-06-14 09:01:46,133 - log - INFO - iter:340/3783, clip_acc1=68.23529815673828, tta_acc1=65.29412078857422
2025-06-14 09:01:46,133 - log - INFO - iter:340/3783, Original Acc@1: 68.24, Acc@5: 92.06, TTA Acc@1: 65.29, Acc@5: 87.35
2025-06-14 09:02:35,547 - log - INFO - iter:360/3783, clip_acc1=70.0, tta_acc1=67.22222137451172
2025-06-14 09:02:35,547 - log - INFO - iter:360/3783, Original Acc@1: 70.00, Acc@5: 92.50, TTA Acc@1: 67.22, Acc@5: 88.06
2025-06-14 09:03:24,918 - log - INFO - iter:380/3783, clip_acc1=71.57894897460938, tta_acc1=68.94737243652344
2025-06-14 09:03:24,918 - log - INFO - iter:380/3783, Original Acc@1: 71.58, Acc@5: 92.89, TTA Acc@1: 68.95, Acc@5: 88.68
2025-06-14 09:04:14,308 - log - INFO - iter:400/3783, clip_acc1=73.0, tta_acc1=70.5
2025-06-14 09:04:14,308 - log - INFO - iter:400/3783, Original Acc@1: 73.00, Acc@5: 93.25, TTA Acc@1: 70.50, Acc@5: 89.25
2025-06-14 09:05:03,651 - log - INFO - iter:420/3783, clip_acc1=73.80952453613281, tta_acc1=71.42857360839844
2025-06-14 09:05:03,651 - log - INFO - iter:420/3783, Original Acc@1: 73.81, Acc@5: 93.33, TTA Acc@1: 71.43, Acc@5: 89.52
2025-06-14 09:05:53,139 - log - INFO - iter:440/3783, clip_acc1=75.0, tta_acc1=72.7272720336914
2025-06-14 09:05:53,139 - log - INFO - iter:440/3783, Original Acc@1: 75.00, Acc@5: 93.64, TTA Acc@1: 72.73, Acc@5: 90.00
2025-06-14 09:06:42,370 - log - INFO - iter:460/3783, clip_acc1=76.08695220947266, tta_acc1=73.91304016113281
2025-06-14 09:06:42,370 - log - INFO - iter:460/3783, Original Acc@1: 76.09, Acc@5: 93.91, TTA Acc@1: 73.91, Acc@5: 90.43
2025-06-14 09:07:31,790 - log - INFO - iter:480/3783, clip_acc1=76.04167175292969, tta_acc1=73.95833587646484
2025-06-14 09:07:31,790 - log - INFO - iter:480/3783, Original Acc@1: 76.04, Acc@5: 93.54, TTA Acc@1: 73.96, Acc@5: 90.63
2025-06-14 09:08:21,132 - log - INFO - iter:500/3783, clip_acc1=74.4000015258789, tta_acc1=72.20000457763672
2025-06-14 09:08:21,133 - log - INFO - iter:500/3783, Original Acc@1: 74.40, Acc@5: 93.80, TTA Acc@1: 72.20, Acc@5: 91.00
2025-06-14 09:09:10,614 - log - INFO - iter:520/3783, clip_acc1=74.42308044433594, tta_acc1=72.30769348144531
2025-06-14 09:09:10,615 - log - INFO - iter:520/3783, Original Acc@1: 74.42, Acc@5: 94.04, TTA Acc@1: 72.31, Acc@5: 91.35
2025-06-14 09:10:00,105 - log - INFO - iter:540/3783, clip_acc1=75.0, tta_acc1=72.96295928955078
2025-06-14 09:10:00,106 - log - INFO - iter:540/3783, Original Acc@1: 75.00, Acc@5: 94.26, TTA Acc@1: 72.96, Acc@5: 91.67
2025-06-14 09:10:49,494 - log - INFO - iter:560/3783, clip_acc1=73.75, tta_acc1=71.60713958740234
2025-06-14 09:10:49,495 - log - INFO - iter:560/3783, Original Acc@1: 73.75, Acc@5: 93.75, TTA Acc@1: 71.61, Acc@5: 91.07
2025-06-14 09:11:38,999 - log - INFO - iter:580/3783, clip_acc1=73.79310607910156, tta_acc1=71.55172729492188
2025-06-14 09:11:39,000 - log - INFO - iter:580/3783, Original Acc@1: 73.79, Acc@5: 93.97, TTA Acc@1: 71.55, Acc@5: 91.38
2025-06-14 09:12:28,329 - log - INFO - iter:600/3783, clip_acc1=74.66667175292969, tta_acc1=72.5
2025-06-14 09:12:28,329 - log - INFO - iter:600/3783, Original Acc@1: 74.67, Acc@5: 94.17, TTA Acc@1: 72.50, Acc@5: 91.67
2025-06-14 09:13:17,939 - log - INFO - iter:620/3783, clip_acc1=75.48387145996094, tta_acc1=73.38709259033203
2025-06-14 09:13:17,939 - log - INFO - iter:620/3783, Original Acc@1: 75.48, Acc@5: 94.35, TTA Acc@1: 73.39, Acc@5: 91.94
2025-06-14 09:14:07,514 - log - INFO - iter:640/3783, clip_acc1=76.25, tta_acc1=74.21875
2025-06-14 09:14:07,515 - log - INFO - iter:640/3783, Original Acc@1: 76.25, Acc@5: 94.53, TTA Acc@1: 74.22, Acc@5: 92.19
2025-06-14 09:14:58,741 - log - INFO - iter:660/3783, clip_acc1=76.36363220214844, tta_acc1=74.24242401123047
2025-06-14 09:14:58,741 - log - INFO - iter:660/3783, Original Acc@1: 76.36, Acc@5: 94.39, TTA Acc@1: 74.24, Acc@5: 92.12
2025-06-14 09:15:48,032 - log - INFO - iter:680/3783, clip_acc1=74.26470947265625, tta_acc1=72.05882263183594
2025-06-14 09:15:48,032 - log - INFO - iter:680/3783, Original Acc@1: 74.26, Acc@5: 93.53, TTA Acc@1: 72.06, Acc@5: 91.03
2025-06-14 09:16:37,475 - log - INFO - iter:700/3783, clip_acc1=72.14285278320312, tta_acc1=70.0
2025-06-14 09:16:37,476 - log - INFO - iter:700/3783, Original Acc@1: 72.14, Acc@5: 91.57, TTA Acc@1: 70.00, Acc@5: 89.00
2025-06-14 09:17:26,953 - log - INFO - iter:720/3783, clip_acc1=70.27777862548828, tta_acc1=68.19444274902344
2025-06-14 09:17:26,953 - log - INFO - iter:720/3783, Original Acc@1: 70.28, Acc@5: 91.39, TTA Acc@1: 68.19, Acc@5: 88.89
2025-06-14 09:18:16,350 - log - INFO - iter:740/3783, clip_acc1=70.0, tta_acc1=68.24324798583984
2025-06-14 09:18:16,351 - log - INFO - iter:740/3783, Original Acc@1: 70.00, Acc@5: 91.08, TTA Acc@1: 68.24, Acc@5: 88.78
2025-06-14 09:19:06,019 - log - INFO - iter:760/3783, clip_acc1=70.78947448730469, tta_acc1=69.07894897460938
2025-06-14 09:19:06,019 - log - INFO - iter:760/3783, Original Acc@1: 70.79, Acc@5: 91.32, TTA Acc@1: 69.08, Acc@5: 89.08
2025-06-14 09:19:55,345 - log - INFO - iter:780/3783, clip_acc1=69.10256958007812, tta_acc1=67.43589782714844
2025-06-14 09:19:55,345 - log - INFO - iter:780/3783, Original Acc@1: 69.10, Acc@5: 89.10, TTA Acc@1: 67.44, Acc@5: 86.92
2025-06-14 09:20:44,682 - log - INFO - iter:800/3783, clip_acc1=67.75, tta_acc1=66.25
2025-06-14 09:20:44,682 - log - INFO - iter:800/3783, Original Acc@1: 67.75, Acc@5: 87.50, TTA Acc@1: 66.25, Acc@5: 85.38
2025-06-14 09:21:34,228 - log - INFO - iter:820/3783, clip_acc1=68.41463470458984, tta_acc1=66.70731353759766
2025-06-14 09:21:34,229 - log - INFO - iter:820/3783, Original Acc@1: 68.41, Acc@5: 87.68, TTA Acc@1: 66.71, Acc@5: 85.49
2025-06-14 09:22:23,795 - log - INFO - iter:840/3783, clip_acc1=68.69047546386719, tta_acc1=66.54762268066406
2025-06-14 09:22:23,795 - log - INFO - iter:840/3783, Original Acc@1: 68.69, Acc@5: 87.74, TTA Acc@1: 66.55, Acc@5: 85.48
2025-06-14 09:23:13,115 - log - INFO - iter:860/3783, clip_acc1=67.55813598632812, tta_acc1=65.46511840820312
2025-06-14 09:23:13,115 - log - INFO - iter:860/3783, Original Acc@1: 67.56, Acc@5: 86.28, TTA Acc@1: 65.47, Acc@5: 84.07
2025-06-14 09:24:02,588 - log - INFO - iter:880/3783, clip_acc1=67.38636016845703, tta_acc1=64.65908813476562
2025-06-14 09:24:02,588 - log - INFO - iter:880/3783, Original Acc@1: 67.39, Acc@5: 86.14, TTA Acc@1: 64.66, Acc@5: 83.98
2025-06-14 09:24:52,013 - log - INFO - iter:900/3783, clip_acc1=66.0, tta_acc1=63.222225189208984
2025-06-14 09:24:52,014 - log - INFO - iter:900/3783, Original Acc@1: 66.00, Acc@5: 86.22, TTA Acc@1: 63.22, Acc@5: 84.22
2025-06-14 09:25:41,546 - log - INFO - iter:920/3783, clip_acc1=64.78260803222656, tta_acc1=62.065216064453125
2025-06-14 09:25:41,546 - log - INFO - iter:920/3783, Original Acc@1: 64.78, Acc@5: 86.30, TTA Acc@1: 62.07, Acc@5: 84.46
2025-06-14 09:26:31,078 - log - INFO - iter:940/3783, clip_acc1=65.53191375732422, tta_acc1=62.340423583984375
2025-06-14 09:26:31,078 - log - INFO - iter:940/3783, Original Acc@1: 65.53, Acc@5: 86.60, TTA Acc@1: 62.34, Acc@5: 84.57
2025-06-14 09:27:20,524 - log - INFO - iter:960/3783, clip_acc1=66.14583587646484, tta_acc1=62.91667175292969
2025-06-14 09:27:20,524 - log - INFO - iter:960/3783, Original Acc@1: 66.15, Acc@5: 86.88, TTA Acc@1: 62.92, Acc@5: 84.79
2025-06-14 09:28:09,832 - log - INFO - iter:980/3783, clip_acc1=66.73468780517578, tta_acc1=63.26530456542969
2025-06-14 09:28:09,833 - log - INFO - iter:980/3783, Original Acc@1: 66.73, Acc@5: 87.04, TTA Acc@1: 63.27, Acc@5: 85.00
2025-06-14 09:28:59,376 - log - INFO - iter:1000/3783, clip_acc1=66.9000015258789, tta_acc1=63.000003814697266
2025-06-14 09:28:59,377 - log - INFO - iter:1000/3783, Original Acc@1: 66.90, Acc@5: 87.20, TTA Acc@1: 63.00, Acc@5: 85.10
2025-06-14 09:29:50,520 - log - INFO - iter:1020/3783, clip_acc1=67.54902648925781, tta_acc1=63.6274528503418
2025-06-14 09:29:50,520 - log - INFO - iter:1020/3783, Original Acc@1: 67.55, Acc@5: 87.45, TTA Acc@1: 63.63, Acc@5: 85.39
2025-06-14 09:30:39,902 - log - INFO - iter:1040/3783, clip_acc1=68.17308044433594, tta_acc1=64.32691955566406
2025-06-14 09:30:39,902 - log - INFO - iter:1040/3783, Original Acc@1: 68.17, Acc@5: 87.69, TTA Acc@1: 64.33, Acc@5: 85.67
2025-06-14 09:31:29,397 - log - INFO - iter:1060/3783, clip_acc1=68.58490753173828, tta_acc1=64.81132507324219
2025-06-14 09:31:29,397 - log - INFO - iter:1060/3783, Original Acc@1: 68.58, Acc@5: 87.92, TTA Acc@1: 64.81, Acc@5: 85.94
2025-06-14 09:32:18,816 - log - INFO - iter:1080/3783, clip_acc1=68.79629516601562, tta_acc1=65.09259033203125
2025-06-14 09:32:18,817 - log - INFO - iter:1080/3783, Original Acc@1: 68.80, Acc@5: 88.06, TTA Acc@1: 65.09, Acc@5: 86.02
2025-06-14 09:33:08,382 - log - INFO - iter:1100/3783, clip_acc1=68.54545593261719, tta_acc1=65.0
2025-06-14 09:33:08,383 - log - INFO - iter:1100/3783, Original Acc@1: 68.55, Acc@5: 88.27, TTA Acc@1: 65.00, Acc@5: 86.27
2025-06-14 09:33:57,725 - log - INFO - iter:1120/3783, clip_acc1=69.01786041259766, tta_acc1=65.35713958740234
2025-06-14 09:33:57,726 - log - INFO - iter:1120/3783, Original Acc@1: 69.02, Acc@5: 88.48, TTA Acc@1: 65.36, Acc@5: 86.52
2025-06-14 09:34:47,171 - log - INFO - iter:1140/3783, clip_acc1=69.3859634399414, tta_acc1=65.7017593383789
2025-06-14 09:34:47,171 - log - INFO - iter:1140/3783, Original Acc@1: 69.39, Acc@5: 88.60, TTA Acc@1: 65.70, Acc@5: 86.67
2025-06-14 09:35:36,644 - log - INFO - iter:1160/3783, clip_acc1=68.96551513671875, tta_acc1=65.17241668701172
2025-06-14 09:35:36,644 - log - INFO - iter:1160/3783, Original Acc@1: 68.97, Acc@5: 88.53, TTA Acc@1: 65.17, Acc@5: 86.21
2025-06-14 09:36:26,130 - log - INFO - iter:1180/3783, clip_acc1=68.05084991455078, tta_acc1=64.06779479980469
2025-06-14 09:36:26,130 - log - INFO - iter:1180/3783, Original Acc@1: 68.05, Acc@5: 88.73, TTA Acc@1: 64.07, Acc@5: 86.10
2025-06-14 09:37:15,577 - log - INFO - iter:1200/3783, clip_acc1=66.91667175292969, tta_acc1=63.0
2025-06-14 09:37:15,578 - log - INFO - iter:1200/3783, Original Acc@1: 66.92, Acc@5: 88.75, TTA Acc@1: 63.00, Acc@5: 85.83
2025-06-14 09:38:05,017 - log - INFO - iter:1220/3783, clip_acc1=65.81967163085938, tta_acc1=61.96721267700195
2025-06-14 09:38:05,018 - log - INFO - iter:1220/3783, Original Acc@1: 65.82, Acc@5: 88.77, TTA Acc@1: 61.97, Acc@5: 85.82
2025-06-14 09:38:54,625 - log - INFO - iter:1240/3783, clip_acc1=65.96774291992188, tta_acc1=62.01612854003906
2025-06-14 09:38:54,625 - log - INFO - iter:1240/3783, Original Acc@1: 65.97, Acc@5: 88.79, TTA Acc@1: 62.02, Acc@5: 85.81
2025-06-14 09:39:44,077 - log - INFO - iter:1260/3783, clip_acc1=66.42857360839844, tta_acc1=62.5396842956543
2025-06-14 09:39:44,077 - log - INFO - iter:1260/3783, Original Acc@1: 66.43, Acc@5: 88.97, TTA Acc@1: 62.54, Acc@5: 86.03
2025-06-14 09:40:33,481 - log - INFO - iter:1280/3783, clip_acc1=66.953125, tta_acc1=63.046875
2025-06-14 09:40:33,482 - log - INFO - iter:1280/3783, Original Acc@1: 66.95, Acc@5: 89.14, TTA Acc@1: 63.05, Acc@5: 86.25
2025-06-14 09:41:23,020 - log - INFO - iter:1300/3783, clip_acc1=67.23076629638672, tta_acc1=63.38461685180664
2025-06-14 09:41:23,021 - log - INFO - iter:1300/3783, Original Acc@1: 67.23, Acc@5: 89.08, TTA Acc@1: 63.38, Acc@5: 86.31
2025-06-14 09:42:12,476 - log - INFO - iter:1320/3783, clip_acc1=67.19696807861328, tta_acc1=62.8787841796875
2025-06-14 09:42:12,476 - log - INFO - iter:1320/3783, Original Acc@1: 67.20, Acc@5: 89.09, TTA Acc@1: 62.88, Acc@5: 86.44
2025-06-14 09:43:02,020 - log - INFO - iter:1340/3783, clip_acc1=67.08955383300781, tta_acc1=62.76119613647461
2025-06-14 09:43:02,021 - log - INFO - iter:1340/3783, Original Acc@1: 67.09, Acc@5: 89.25, TTA Acc@1: 62.76, Acc@5: 86.64
2025-06-14 09:43:51,480 - log - INFO - iter:1360/3783, clip_acc1=66.17647552490234, tta_acc1=61.83823776245117
2025-06-14 09:43:51,480 - log - INFO - iter:1360/3783, Original Acc@1: 66.18, Acc@5: 88.97, TTA Acc@1: 61.84, Acc@5: 85.96
2025-06-14 09:44:40,816 - log - INFO - iter:1380/3783, clip_acc1=65.65217590332031, tta_acc1=61.304351806640625
2025-06-14 09:44:40,817 - log - INFO - iter:1380/3783, Original Acc@1: 65.65, Acc@5: 88.62, TTA Acc@1: 61.30, Acc@5: 85.36
2025-06-14 09:45:30,315 - log - INFO - iter:1400/3783, clip_acc1=66.14285278320312, tta_acc1=61.85714340209961
2025-06-14 09:45:30,315 - log - INFO - iter:1400/3783, Original Acc@1: 66.14, Acc@5: 88.79, TTA Acc@1: 61.86, Acc@5: 85.57
2025-06-14 09:46:19,766 - log - INFO - iter:1420/3783, clip_acc1=65.7042236328125, tta_acc1=61.760562896728516
2025-06-14 09:46:19,766 - log - INFO - iter:1420/3783, Original Acc@1: 65.70, Acc@5: 88.66, TTA Acc@1: 61.76, Acc@5: 85.49
2025-06-14 09:47:09,162 - log - INFO - iter:1440/3783, clip_acc1=64.79167175292969, tta_acc1=60.90277862548828
2025-06-14 09:47:09,162 - log - INFO - iter:1440/3783, Original Acc@1: 64.79, Acc@5: 88.33, TTA Acc@1: 60.90, Acc@5: 85.35
2025-06-14 09:47:58,546 - log - INFO - iter:1460/3783, clip_acc1=63.97260284423828, tta_acc1=60.34246826171875
2025-06-14 09:47:58,546 - log - INFO - iter:1460/3783, Original Acc@1: 63.97, Acc@5: 88.42, TTA Acc@1: 60.34, Acc@5: 85.55
2025-06-14 09:48:47,898 - log - INFO - iter:1480/3783, clip_acc1=63.445945739746094, tta_acc1=59.8648681640625
2025-06-14 09:48:47,899 - log - INFO - iter:1480/3783, Original Acc@1: 63.45, Acc@5: 88.51, TTA Acc@1: 59.86, Acc@5: 85.68
2025-06-14 09:49:37,459 - log - INFO - iter:1500/3783, clip_acc1=62.733333587646484, tta_acc1=59.133331298828125
2025-06-14 09:49:37,459 - log - INFO - iter:1500/3783, Original Acc@1: 62.73, Acc@5: 88.40, TTA Acc@1: 59.13, Acc@5: 85.53
2025-06-14 09:50:27,014 - log - INFO - iter:1520/3783, clip_acc1=62.302635192871094, tta_acc1=58.68421173095703
2025-06-14 09:50:27,014 - log - INFO - iter:1520/3783, Original Acc@1: 62.30, Acc@5: 88.42, TTA Acc@1: 58.68, Acc@5: 85.53
2025-06-14 09:51:16,374 - log - INFO - iter:1540/3783, clip_acc1=62.792205810546875, tta_acc1=59.22077941894531
2025-06-14 09:51:16,375 - log - INFO - iter:1540/3783, Original Acc@1: 62.79, Acc@5: 88.57, TTA Acc@1: 59.22, Acc@5: 85.71
2025-06-14 09:52:05,811 - log - INFO - iter:1560/3783, clip_acc1=63.26923370361328, tta_acc1=59.74359130859375
2025-06-14 09:52:05,812 - log - INFO - iter:1560/3783, Original Acc@1: 63.27, Acc@5: 88.72, TTA Acc@1: 59.74, Acc@5: 85.90
2025-06-14 09:52:55,320 - log - INFO - iter:1580/3783, clip_acc1=63.73417663574219, tta_acc1=60.25316619873047
2025-06-14 09:52:55,320 - log - INFO - iter:1580/3783, Original Acc@1: 63.73, Acc@5: 88.86, TTA Acc@1: 60.25, Acc@5: 86.08
2025-06-14 09:53:44,712 - log - INFO - iter:1600/3783, clip_acc1=64.1875, tta_acc1=60.75
2025-06-14 09:53:44,712 - log - INFO - iter:1600/3783, Original Acc@1: 64.19, Acc@5: 89.00, TTA Acc@1: 60.75, Acc@5: 86.25
2025-06-14 09:54:34,297 - log - INFO - iter:1620/3783, clip_acc1=64.25926208496094, tta_acc1=60.80247116088867
2025-06-14 09:54:34,297 - log - INFO - iter:1620/3783, Original Acc@1: 64.26, Acc@5: 88.77, TTA Acc@1: 60.80, Acc@5: 86.05
2025-06-14 09:55:23,652 - log - INFO - iter:1640/3783, clip_acc1=64.26829528808594, tta_acc1=60.85365676879883
2025-06-14 09:55:23,653 - log - INFO - iter:1640/3783, Original Acc@1: 64.27, Acc@5: 88.48, TTA Acc@1: 60.85, Acc@5: 85.79
2025-06-14 09:56:13,636 - log - INFO - iter:1660/3783, clip_acc1=64.63855743408203, tta_acc1=61.26506042480469
2025-06-14 09:56:13,636 - log - INFO - iter:1660/3783, Original Acc@1: 64.64, Acc@5: 88.61, TTA Acc@1: 61.27, Acc@5: 85.90
2025-06-14 09:57:03,144 - log - INFO - iter:1680/3783, clip_acc1=65.05952453613281, tta_acc1=61.66666793823242
2025-06-14 09:57:03,144 - log - INFO - iter:1680/3783, Original Acc@1: 65.06, Acc@5: 88.75, TTA Acc@1: 61.67, Acc@5: 86.07
2025-06-14 09:57:52,354 - log - INFO - iter:1700/3783, clip_acc1=65.23529052734375, tta_acc1=61.76470184326172
2025-06-14 09:57:52,354 - log - INFO - iter:1700/3783, Original Acc@1: 65.24, Acc@5: 88.88, TTA Acc@1: 61.76, Acc@5: 86.24
2025-06-14 09:58:41,614 - log - INFO - iter:1720/3783, clip_acc1=65.05813598632812, tta_acc1=61.511627197265625
2025-06-14 09:58:41,615 - log - INFO - iter:1720/3783, Original Acc@1: 65.06, Acc@5: 88.72, TTA Acc@1: 61.51, Acc@5: 86.05
2025-06-14 09:59:31,016 - log - INFO - iter:1740/3783, clip_acc1=64.48275756835938, tta_acc1=60.91954040527344
2025-06-14 09:59:31,017 - log - INFO - iter:1740/3783, Original Acc@1: 64.48, Acc@5: 88.51, TTA Acc@1: 60.92, Acc@5: 85.75
2025-06-14 10:00:20,339 - log - INFO - iter:1760/3783, clip_acc1=63.749996185302734, tta_acc1=60.227272033691406
2025-06-14 10:00:20,340 - log - INFO - iter:1760/3783, Original Acc@1: 63.75, Acc@5: 87.90, TTA Acc@1: 60.23, Acc@5: 85.23
2025-06-14 10:01:09,616 - log - INFO - iter:1780/3783, clip_acc1=63.03370666503906, tta_acc1=59.55056381225586
2025-06-14 10:01:09,616 - log - INFO - iter:1780/3783, Original Acc@1: 63.03, Acc@5: 86.91, TTA Acc@1: 59.55, Acc@5: 84.33
2025-06-14 10:01:58,971 - log - INFO - iter:1800/3783, clip_acc1=62.333335876464844, tta_acc1=58.88888931274414
2025-06-14 10:01:58,971 - log - INFO - iter:1800/3783, Original Acc@1: 62.33, Acc@5: 86.11, TTA Acc@1: 58.89, Acc@5: 83.39
2025-06-14 10:02:48,330 - log - INFO - iter:1820/3783, clip_acc1=61.868133544921875, tta_acc1=58.35165023803711
2025-06-14 10:02:48,330 - log - INFO - iter:1820/3783, Original Acc@1: 61.87, Acc@5: 85.71, TTA Acc@1: 58.35, Acc@5: 82.97
2025-06-14 10:03:37,844 - log - INFO - iter:1840/3783, clip_acc1=61.84782409667969, tta_acc1=58.315216064453125
2025-06-14 10:03:37,844 - log - INFO - iter:1840/3783, Original Acc@1: 61.85, Acc@5: 85.87, TTA Acc@1: 58.32, Acc@5: 83.10
2025-06-14 10:04:27,117 - log - INFO - iter:1860/3783, clip_acc1=61.98925018310547, tta_acc1=58.3870964050293
2025-06-14 10:04:27,117 - log - INFO - iter:1860/3783, Original Acc@1: 61.99, Acc@5: 85.97, TTA Acc@1: 58.39, Acc@5: 83.17
2025-06-14 10:05:16,468 - log - INFO - iter:1880/3783, clip_acc1=62.340423583984375, tta_acc1=58.77659225463867
2025-06-14 10:05:16,469 - log - INFO - iter:1880/3783, Original Acc@1: 62.34, Acc@5: 86.06, TTA Acc@1: 58.78, Acc@5: 83.30
2025-06-14 10:06:05,765 - log - INFO - iter:1900/3783, clip_acc1=62.684207916259766, tta_acc1=59.15789031982422
2025-06-14 10:06:05,766 - log - INFO - iter:1900/3783, Original Acc@1: 62.68, Acc@5: 86.21, TTA Acc@1: 59.16, Acc@5: 83.47
2025-06-14 10:06:55,364 - log - INFO - iter:1920/3783, clip_acc1=63.020835876464844, tta_acc1=59.375003814697266
2025-06-14 10:06:55,364 - log - INFO - iter:1920/3783, Original Acc@1: 63.02, Acc@5: 86.35, TTA Acc@1: 59.38, Acc@5: 83.65
2025-06-14 10:07:44,968 - log - INFO - iter:1940/3783, clip_acc1=62.628868103027344, tta_acc1=58.96907424926758
2025-06-14 10:07:44,969 - log - INFO - iter:1940/3783, Original Acc@1: 62.63, Acc@5: 86.29, TTA Acc@1: 58.97, Acc@5: 83.56
2025-06-14 10:08:34,277 - log - INFO - iter:1960/3783, clip_acc1=62.091835021972656, tta_acc1=58.52040481567383
2025-06-14 10:08:34,277 - log - INFO - iter:1960/3783, Original Acc@1: 62.09, Acc@5: 86.17, TTA Acc@1: 58.52, Acc@5: 83.47
2025-06-14 10:09:23,598 - log - INFO - iter:1980/3783, clip_acc1=61.919193267822266, tta_acc1=58.43434524536133
2025-06-14 10:09:23,598 - log - INFO - iter:1980/3783, Original Acc@1: 61.92, Acc@5: 85.96, TTA Acc@1: 58.43, Acc@5: 83.28
2025-06-14 10:10:12,899 - log - INFO - iter:2000/3783, clip_acc1=62.250003814697266, tta_acc1=58.80000305175781
2025-06-14 10:10:12,900 - log - INFO - iter:2000/3783, Original Acc@1: 62.25, Acc@5: 86.10, TTA Acc@1: 58.80, Acc@5: 83.45
2025-06-14 10:11:02,275 - log - INFO - iter:2020/3783, clip_acc1=62.27722930908203, tta_acc1=58.96039962768555
2025-06-14 10:11:02,275 - log - INFO - iter:2020/3783, Original Acc@1: 62.28, Acc@5: 86.24, TTA Acc@1: 58.96, Acc@5: 83.61
2025-06-14 10:11:51,626 - log - INFO - iter:2040/3783, clip_acc1=62.303924560546875, tta_acc1=59.31372833251953
2025-06-14 10:11:51,626 - log - INFO - iter:2040/3783, Original Acc@1: 62.30, Acc@5: 86.37, TTA Acc@1: 59.31, Acc@5: 83.77
2025-06-14 10:12:41,126 - log - INFO - iter:2060/3783, clip_acc1=62.233009338378906, tta_acc1=59.46602249145508
2025-06-14 10:12:41,127 - log - INFO - iter:2060/3783, Original Acc@1: 62.23, Acc@5: 86.50, TTA Acc@1: 59.47, Acc@5: 83.93
2025-06-14 10:13:30,430 - log - INFO - iter:2080/3783, clip_acc1=62.45192337036133, tta_acc1=59.80769348144531
2025-06-14 10:13:30,430 - log - INFO - iter:2080/3783, Original Acc@1: 62.45, Acc@5: 86.63, TTA Acc@1: 59.81, Acc@5: 84.09
2025-06-14 10:14:19,778 - log - INFO - iter:2100/3783, clip_acc1=62.0, tta_acc1=59.380950927734375
2025-06-14 10:14:19,778 - log - INFO - iter:2100/3783, Original Acc@1: 62.00, Acc@5: 85.95, TTA Acc@1: 59.38, Acc@5: 83.43
2025-06-14 10:15:09,174 - log - INFO - iter:2120/3783, clip_acc1=61.415096282958984, tta_acc1=58.82075500488281
2025-06-14 10:15:09,174 - log - INFO - iter:2120/3783, Original Acc@1: 61.42, Acc@5: 85.42, TTA Acc@1: 58.82, Acc@5: 82.64
2025-06-14 10:15:58,653 - log - INFO - iter:2140/3783, clip_acc1=60.841121673583984, tta_acc1=58.27103042602539
2025-06-14 10:15:58,653 - log - INFO - iter:2140/3783, Original Acc@1: 60.84, Acc@5: 85.09, TTA Acc@1: 58.27, Acc@5: 82.24
2025-06-14 10:17:02,906 - log - INFO - iter:2160/3783, clip_acc1=60.46296310424805, tta_acc1=57.87036895751953
2025-06-14 10:17:02,906 - log - INFO - iter:2160/3783, Original Acc@1: 60.46, Acc@5: 84.68, TTA Acc@1: 57.87, Acc@5: 81.76
2025-06-14 10:17:52,250 - log - INFO - iter:2180/3783, clip_acc1=60.04587173461914, tta_acc1=57.47706604003906
2025-06-14 10:17:52,250 - log - INFO - iter:2180/3783, Original Acc@1: 60.05, Acc@5: 84.45, TTA Acc@1: 57.48, Acc@5: 81.56
2025-06-14 10:18:41,649 - log - INFO - iter:2200/3783, clip_acc1=59.95454406738281, tta_acc1=57.45454406738281
2025-06-14 10:18:41,649 - log - INFO - iter:2200/3783, Original Acc@1: 59.95, Acc@5: 84.27, TTA Acc@1: 57.45, Acc@5: 81.45
2025-06-14 10:19:31,102 - log - INFO - iter:2220/3783, clip_acc1=60.27027130126953, tta_acc1=57.79279327392578
2025-06-14 10:19:31,103 - log - INFO - iter:2220/3783, Original Acc@1: 60.27, Acc@5: 84.37, TTA Acc@1: 57.79, Acc@5: 81.62
2025-06-14 10:20:20,469 - log - INFO - iter:2240/3783, clip_acc1=60.26785659790039, tta_acc1=57.8125
2025-06-14 10:20:20,469 - log - INFO - iter:2240/3783, Original Acc@1: 60.27, Acc@5: 84.15, TTA Acc@1: 57.81, Acc@5: 81.43
2025-06-14 10:21:09,919 - log - INFO - iter:2260/3783, clip_acc1=59.73451232910156, tta_acc1=57.30088424682617
2025-06-14 10:21:09,919 - log - INFO - iter:2260/3783, Original Acc@1: 59.73, Acc@5: 83.41, TTA Acc@1: 57.30, Acc@5: 80.71
2025-06-14 10:21:59,277 - log - INFO - iter:2280/3783, clip_acc1=59.51754379272461, tta_acc1=57.105262756347656
2025-06-14 10:21:59,278 - log - INFO - iter:2280/3783, Original Acc@1: 59.52, Acc@5: 82.98, TTA Acc@1: 57.11, Acc@5: 80.31
2025-06-14 10:22:48,624 - log - INFO - iter:2300/3783, clip_acc1=59.86956787109375, tta_acc1=57.39130401611328
2025-06-14 10:22:48,624 - log - INFO - iter:2300/3783, Original Acc@1: 59.87, Acc@5: 83.13, TTA Acc@1: 57.39, Acc@5: 80.48
2025-06-14 10:23:37,964 - log - INFO - iter:2320/3783, clip_acc1=60.21551513671875, tta_acc1=57.75862121582031
2025-06-14 10:23:37,964 - log - INFO - iter:2320/3783, Original Acc@1: 60.22, Acc@5: 83.28, TTA Acc@1: 57.76, Acc@5: 80.65
2025-06-14 10:24:27,230 - log - INFO - iter:2340/3783, clip_acc1=60.55555725097656, tta_acc1=58.119659423828125
2025-06-14 10:24:27,230 - log - INFO - iter:2340/3783, Original Acc@1: 60.56, Acc@5: 83.42, TTA Acc@1: 58.12, Acc@5: 80.81
2025-06-14 10:25:16,595 - log - INFO - iter:2360/3783, clip_acc1=60.88983154296875, tta_acc1=58.47457504272461
2025-06-14 10:25:16,595 - log - INFO - iter:2360/3783, Original Acc@1: 60.89, Acc@5: 83.56, TTA Acc@1: 58.47, Acc@5: 80.97
2025-06-14 10:26:06,013 - log - INFO - iter:2380/3783, clip_acc1=61.21848678588867, tta_acc1=58.82352828979492
2025-06-14 10:26:06,013 - log - INFO - iter:2380/3783, Original Acc@1: 61.22, Acc@5: 83.70, TTA Acc@1: 58.82, Acc@5: 81.13
2025-06-14 10:26:55,289 - log - INFO - iter:2400/3783, clip_acc1=61.54166793823242, tta_acc1=59.16666793823242
2025-06-14 10:26:55,290 - log - INFO - iter:2400/3783, Original Acc@1: 61.54, Acc@5: 83.83, TTA Acc@1: 59.17, Acc@5: 81.29
2025-06-14 10:27:44,659 - log - INFO - iter:2420/3783, clip_acc1=61.85950469970703, tta_acc1=59.50413131713867
2025-06-14 10:27:44,659 - log - INFO - iter:2420/3783, Original Acc@1: 61.86, Acc@5: 83.97, TTA Acc@1: 59.50, Acc@5: 81.45
2025-06-14 10:28:33,980 - log - INFO - iter:2440/3783, clip_acc1=62.1721305847168, tta_acc1=59.83606719970703
2025-06-14 10:28:33,980 - log - INFO - iter:2440/3783, Original Acc@1: 62.17, Acc@5: 84.10, TTA Acc@1: 59.84, Acc@5: 81.60
2025-06-14 10:29:23,331 - log - INFO - iter:2460/3783, clip_acc1=62.479671478271484, tta_acc1=59.918697357177734
2025-06-14 10:29:23,332 - log - INFO - iter:2460/3783, Original Acc@1: 62.48, Acc@5: 84.23, TTA Acc@1: 59.92, Acc@5: 81.75
2025-06-14 10:30:12,723 - log - INFO - iter:2480/3783, clip_acc1=62.782257080078125, tta_acc1=60.24193572998047
2025-06-14 10:30:12,723 - log - INFO - iter:2480/3783, Original Acc@1: 62.78, Acc@5: 84.35, TTA Acc@1: 60.24, Acc@5: 81.90
2025-06-14 10:31:02,061 - log - INFO - iter:2500/3783, clip_acc1=63.07999801635742, tta_acc1=60.55999755859375
2025-06-14 10:31:02,061 - log - INFO - iter:2500/3783, Original Acc@1: 63.08, Acc@5: 84.48, TTA Acc@1: 60.56, Acc@5: 82.04
2025-06-14 10:31:51,500 - log - INFO - iter:2520/3783, clip_acc1=63.373016357421875, tta_acc1=60.833335876464844
2025-06-14 10:31:51,500 - log - INFO - iter:2520/3783, Original Acc@1: 63.37, Acc@5: 84.60, TTA Acc@1: 60.83, Acc@5: 82.18
2025-06-14 10:32:40,894 - log - INFO - iter:2540/3783, clip_acc1=63.66141891479492, tta_acc1=61.10236358642578
2025-06-14 10:32:40,895 - log - INFO - iter:2540/3783, Original Acc@1: 63.66, Acc@5: 84.72, TTA Acc@1: 61.10, Acc@5: 82.32
2025-06-14 10:33:30,279 - log - INFO - iter:2560/3783, clip_acc1=63.4375, tta_acc1=60.9375
2025-06-14 10:33:30,280 - log - INFO - iter:2560/3783, Original Acc@1: 63.44, Acc@5: 84.69, TTA Acc@1: 60.94, Acc@5: 82.23
2025-06-14 10:34:19,547 - log - INFO - iter:2580/3783, clip_acc1=63.29457473754883, tta_acc1=60.930233001708984
2025-06-14 10:34:19,547 - log - INFO - iter:2580/3783, Original Acc@1: 63.29, Acc@5: 84.73, TTA Acc@1: 60.93, Acc@5: 82.33
2025-06-14 10:35:08,922 - log - INFO - iter:2600/3783, clip_acc1=62.96154022216797, tta_acc1=60.653846740722656
2025-06-14 10:35:08,922 - log - INFO - iter:2600/3783, Original Acc@1: 62.96, Acc@5: 84.85, TTA Acc@1: 60.65, Acc@5: 82.46
2025-06-14 10:35:58,185 - log - INFO - iter:2620/3783, clip_acc1=62.709922790527344, tta_acc1=60.496185302734375
2025-06-14 10:35:58,185 - log - INFO - iter:2620/3783, Original Acc@1: 62.71, Acc@5: 84.96, TTA Acc@1: 60.50, Acc@5: 82.40
2025-06-14 10:36:47,486 - log - INFO - iter:2640/3783, clip_acc1=62.8787841796875, tta_acc1=60.68181610107422
2025-06-14 10:36:47,486 - log - INFO - iter:2640/3783, Original Acc@1: 62.88, Acc@5: 85.08, TTA Acc@1: 60.68, Acc@5: 82.54
2025-06-14 10:37:36,894 - log - INFO - iter:2660/3783, clip_acc1=62.518798828125, tta_acc1=60.300750732421875
2025-06-14 10:37:36,895 - log - INFO - iter:2660/3783, Original Acc@1: 62.52, Acc@5: 85.00, TTA Acc@1: 60.30, Acc@5: 82.33
2025-06-14 10:38:26,295 - log - INFO - iter:2680/3783, clip_acc1=62.08955383300781, tta_acc1=59.850746154785156
2025-06-14 10:38:26,296 - log - INFO - iter:2680/3783, Original Acc@1: 62.09, Acc@5: 85.11, TTA Acc@1: 59.85, Acc@5: 82.46
2025-06-14 10:39:15,583 - log - INFO - iter:2700/3783, clip_acc1=62.0, tta_acc1=59.592594146728516
2025-06-14 10:39:15,583 - log - INFO - iter:2700/3783, Original Acc@1: 62.00, Acc@5: 85.22, TTA Acc@1: 59.59, Acc@5: 82.59
2025-06-14 10:40:04,903 - log - INFO - iter:2720/3783, clip_acc1=61.911766052246094, tta_acc1=59.485294342041016
2025-06-14 10:40:04,904 - log - INFO - iter:2720/3783, Original Acc@1: 61.91, Acc@5: 85.18, TTA Acc@1: 59.49, Acc@5: 82.57
2025-06-14 10:40:54,175 - log - INFO - iter:2740/3783, clip_acc1=62.08028793334961, tta_acc1=59.635032653808594
2025-06-14 10:40:54,175 - log - INFO - iter:2740/3783, Original Acc@1: 62.08, Acc@5: 85.29, TTA Acc@1: 59.64, Acc@5: 82.63
2025-06-14 10:41:43,423 - log - INFO - iter:2760/3783, clip_acc1=62.35507583618164, tta_acc1=59.92753982543945
2025-06-14 10:41:43,423 - log - INFO - iter:2760/3783, Original Acc@1: 62.36, Acc@5: 85.40, TTA Acc@1: 59.93, Acc@5: 82.75
2025-06-14 10:42:35,044 - log - INFO - iter:2780/3783, clip_acc1=62.62590026855469, tta_acc1=60.21582794189453
2025-06-14 10:42:35,045 - log - INFO - iter:2780/3783, Original Acc@1: 62.63, Acc@5: 85.50, TTA Acc@1: 60.22, Acc@5: 82.88
2025-06-14 10:43:24,329 - log - INFO - iter:2800/3783, clip_acc1=62.57142639160156, tta_acc1=60.10714340209961
2025-06-14 10:43:24,330 - log - INFO - iter:2800/3783, Original Acc@1: 62.57, Acc@5: 85.43, TTA Acc@1: 60.11, Acc@5: 82.86
2025-06-14 10:44:13,617 - log - INFO - iter:2820/3783, clip_acc1=62.340423583984375, tta_acc1=59.82269287109375
2025-06-14 10:44:13,617 - log - INFO - iter:2820/3783, Original Acc@1: 62.34, Acc@5: 85.28, TTA Acc@1: 59.82, Acc@5: 82.59
2025-06-14 10:45:02,828 - log - INFO - iter:2840/3783, clip_acc1=62.60563278198242, tta_acc1=60.10563278198242
2025-06-14 10:45:02,828 - log - INFO - iter:2840/3783, Original Acc@1: 62.61, Acc@5: 85.39, TTA Acc@1: 60.11, Acc@5: 82.71
2025-06-14 10:45:52,209 - log - INFO - iter:2860/3783, clip_acc1=62.69231033325195, tta_acc1=60.20979309082031
2025-06-14 10:45:52,210 - log - INFO - iter:2860/3783, Original Acc@1: 62.69, Acc@5: 85.38, TTA Acc@1: 60.21, Acc@5: 82.66
2025-06-14 10:46:41,543 - log - INFO - iter:2880/3783, clip_acc1=62.32638931274414, tta_acc1=59.86111068725586
2025-06-14 10:46:41,543 - log - INFO - iter:2880/3783, Original Acc@1: 62.33, Acc@5: 85.17, TTA Acc@1: 59.86, Acc@5: 82.40
2025-06-14 10:47:30,832 - log - INFO - iter:2900/3783, clip_acc1=62.03448486328125, tta_acc1=59.517242431640625
2025-06-14 10:47:30,832 - log - INFO - iter:2900/3783, Original Acc@1: 62.03, Acc@5: 85.28, TTA Acc@1: 59.52, Acc@5: 82.41
2025-06-14 10:48:20,074 - log - INFO - iter:2920/3783, clip_acc1=62.1917839050293, tta_acc1=59.760276794433594
2025-06-14 10:48:20,074 - log - INFO - iter:2920/3783, Original Acc@1: 62.19, Acc@5: 85.38, TTA Acc@1: 59.76, Acc@5: 82.53
2025-06-14 10:49:09,533 - log - INFO - iter:2940/3783, clip_acc1=62.27891159057617, tta_acc1=59.8979606628418
2025-06-14 10:49:09,533 - log - INFO - iter:2940/3783, Original Acc@1: 62.28, Acc@5: 85.48, TTA Acc@1: 59.90, Acc@5: 82.62
2025-06-14 10:49:58,805 - log - INFO - iter:2960/3783, clip_acc1=61.85810852050781, tta_acc1=59.49324417114258
2025-06-14 10:49:58,805 - log - INFO - iter:2960/3783, Original Acc@1: 61.86, Acc@5: 85.17, TTA Acc@1: 59.49, Acc@5: 82.13
2025-06-14 10:50:48,148 - log - INFO - iter:2980/3783, clip_acc1=61.51007080078125, tta_acc1=59.093963623046875
2025-06-14 10:50:48,148 - log - INFO - iter:2980/3783, Original Acc@1: 61.51, Acc@5: 84.83, TTA Acc@1: 59.09, Acc@5: 81.68
2025-06-14 10:51:37,346 - log - INFO - iter:3000/3783, clip_acc1=61.5, tta_acc1=59.0
2025-06-14 10:51:37,346 - log - INFO - iter:3000/3783, Original Acc@1: 61.50, Acc@5: 84.73, TTA Acc@1: 59.00, Acc@5: 81.53
2025-06-14 10:52:26,658 - log - INFO - iter:3020/3783, clip_acc1=61.65563201904297, tta_acc1=59.205299377441406
2025-06-14 10:52:26,658 - log - INFO - iter:3020/3783, Original Acc@1: 61.66, Acc@5: 84.83, TTA Acc@1: 59.21, Acc@5: 81.62
2025-06-14 10:53:16,049 - log - INFO - iter:3040/3783, clip_acc1=61.84210968017578, tta_acc1=59.40789794921875
2025-06-14 10:53:16,050 - log - INFO - iter:3040/3783, Original Acc@1: 61.84, Acc@5: 84.93, TTA Acc@1: 59.41, Acc@5: 81.74
2025-06-14 10:54:05,434 - log - INFO - iter:3060/3783, clip_acc1=61.8300666809082, tta_acc1=59.4444465637207
2025-06-14 10:54:05,435 - log - INFO - iter:3060/3783, Original Acc@1: 61.83, Acc@5: 84.97, TTA Acc@1: 59.44, Acc@5: 81.80
2025-06-14 10:54:54,703 - log - INFO - iter:3080/3783, clip_acc1=61.42856979370117, tta_acc1=59.058441162109375
2025-06-14 10:54:54,703 - log - INFO - iter:3080/3783, Original Acc@1: 61.43, Acc@5: 84.55, TTA Acc@1: 59.06, Acc@5: 81.33
2025-06-14 10:55:44,061 - log - INFO - iter:3100/3783, clip_acc1=61.41935729980469, tta_acc1=59.064517974853516
2025-06-14 10:55:44,061 - log - INFO - iter:3100/3783, Original Acc@1: 61.42, Acc@5: 84.45, TTA Acc@1: 59.06, Acc@5: 81.23
2025-06-14 10:56:33,453 - log - INFO - iter:3120/3783, clip_acc1=61.63461685180664, tta_acc1=59.29487228393555
2025-06-14 10:56:33,454 - log - INFO - iter:3120/3783, Original Acc@1: 61.63, Acc@5: 84.55, TTA Acc@1: 59.29, Acc@5: 81.31
2025-06-14 10:57:22,655 - log - INFO - iter:3140/3783, clip_acc1=61.65605163574219, tta_acc1=59.33121109008789
2025-06-14 10:57:22,655 - log - INFO - iter:3140/3783, Original Acc@1: 61.66, Acc@5: 84.46, TTA Acc@1: 59.33, Acc@5: 81.27
2025-06-14 10:58:11,915 - log - INFO - iter:3160/3783, clip_acc1=61.677215576171875, tta_acc1=59.30379867553711
2025-06-14 10:58:11,915 - log - INFO - iter:3160/3783, Original Acc@1: 61.68, Acc@5: 84.40, TTA Acc@1: 59.30, Acc@5: 81.23
2025-06-14 10:59:01,216 - log - INFO - iter:3180/3783, clip_acc1=61.91823959350586, tta_acc1=59.55974578857422
2025-06-14 10:59:01,216 - log - INFO - iter:3180/3783, Original Acc@1: 61.92, Acc@5: 84.50, TTA Acc@1: 59.56, Acc@5: 81.35
2025-06-14 10:59:50,573 - log - INFO - iter:3200/3783, clip_acc1=62.09375, tta_acc1=59.75
2025-06-14 10:59:50,573 - log - INFO - iter:3200/3783, Original Acc@1: 62.09, Acc@5: 84.53, TTA Acc@1: 59.75, Acc@5: 81.41
2025-06-14 11:00:39,776 - log - INFO - iter:3220/3783, clip_acc1=61.708072662353516, tta_acc1=59.37887954711914
2025-06-14 11:00:39,776 - log - INFO - iter:3220/3783, Original Acc@1: 61.71, Acc@5: 84.01, TTA Acc@1: 59.38, Acc@5: 80.90
2025-06-14 11:01:29,039 - log - INFO - iter:3240/3783, clip_acc1=61.635807037353516, tta_acc1=59.32099151611328
2025-06-14 11:01:29,039 - log - INFO - iter:3240/3783, Original Acc@1: 61.64, Acc@5: 83.80, TTA Acc@1: 59.32, Acc@5: 80.71
2025-06-14 11:02:18,434 - log - INFO - iter:3260/3783, clip_acc1=61.840492248535156, tta_acc1=59.539878845214844
2025-06-14 11:02:18,434 - log - INFO - iter:3260/3783, Original Acc@1: 61.84, Acc@5: 83.90, TTA Acc@1: 59.54, Acc@5: 80.83
2025-06-14 11:03:07,849 - log - INFO - iter:3280/3783, clip_acc1=62.07316970825195, tta_acc1=59.78658676147461
2025-06-14 11:03:07,849 - log - INFO - iter:3280/3783, Original Acc@1: 62.07, Acc@5: 83.99, TTA Acc@1: 59.79, Acc@5: 80.95
2025-06-14 11:03:57,187 - log - INFO - iter:3300/3783, clip_acc1=62.212120056152344, tta_acc1=59.939395904541016
2025-06-14 11:03:57,187 - log - INFO - iter:3300/3783, Original Acc@1: 62.21, Acc@5: 84.03, TTA Acc@1: 59.94, Acc@5: 81.00
2025-06-14 11:04:46,456 - log - INFO - iter:3320/3783, clip_acc1=62.16867446899414, tta_acc1=59.78915786743164
2025-06-14 11:04:46,457 - log - INFO - iter:3320/3783, Original Acc@1: 62.17, Acc@5: 83.95, TTA Acc@1: 59.79, Acc@5: 80.93
2025-06-14 11:05:35,938 - log - INFO - iter:3340/3783, clip_acc1=62.335330963134766, tta_acc1=59.910179138183594
2025-06-14 11:05:35,938 - log - INFO - iter:3340/3783, Original Acc@1: 62.34, Acc@5: 84.01, TTA Acc@1: 59.91, Acc@5: 80.96
2025-06-14 11:06:25,332 - log - INFO - iter:3360/3783, clip_acc1=62.55952453613281, tta_acc1=60.14881134033203
2025-06-14 11:06:25,332 - log - INFO - iter:3360/3783, Original Acc@1: 62.56, Acc@5: 84.11, TTA Acc@1: 60.15, Acc@5: 81.07
2025-06-14 11:07:14,671 - log - INFO - iter:3380/3783, clip_acc1=62.781063079833984, tta_acc1=60.38461685180664
2025-06-14 11:07:14,671 - log - INFO - iter:3380/3783, Original Acc@1: 62.78, Acc@5: 84.20, TTA Acc@1: 60.38, Acc@5: 81.18
2025-06-14 11:08:03,983 - log - INFO - iter:3400/3783, clip_acc1=62.999996185302734, tta_acc1=60.617645263671875
2025-06-14 11:08:03,983 - log - INFO - iter:3400/3783, Original Acc@1: 63.00, Acc@5: 84.29, TTA Acc@1: 60.62, Acc@5: 81.29
2025-06-14 11:08:53,259 - log - INFO - iter:3420/3783, clip_acc1=63.216373443603516, tta_acc1=60.76023483276367
2025-06-14 11:08:53,259 - log - INFO - iter:3420/3783, Original Acc@1: 63.22, Acc@5: 84.39, TTA Acc@1: 60.76, Acc@5: 81.40
2025-06-14 11:09:42,559 - log - INFO - iter:3440/3783, clip_acc1=63.430233001708984, tta_acc1=60.988372802734375
2025-06-14 11:09:42,559 - log - INFO - iter:3440/3783, Original Acc@1: 63.43, Acc@5: 84.48, TTA Acc@1: 60.99, Acc@5: 81.51
2025-06-14 11:10:31,965 - log - INFO - iter:3460/3783, clip_acc1=63.410404205322266, tta_acc1=60.98265838623047
2025-06-14 11:10:31,966 - log - INFO - iter:3460/3783, Original Acc@1: 63.41, Acc@5: 84.36, TTA Acc@1: 60.98, Acc@5: 81.47
2025-06-14 11:11:21,258 - log - INFO - iter:3480/3783, clip_acc1=63.04597854614258, tta_acc1=60.63218307495117
2025-06-14 11:11:21,258 - log - INFO - iter:3480/3783, Original Acc@1: 63.05, Acc@5: 84.02, TTA Acc@1: 60.63, Acc@5: 81.09
2025-06-14 11:12:10,652 - log - INFO - iter:3500/3783, clip_acc1=62.88571548461914, tta_acc1=60.485713958740234
2025-06-14 11:12:10,652 - log - INFO - iter:3500/3783, Original Acc@1: 62.89, Acc@5: 83.74, TTA Acc@1: 60.49, Acc@5: 80.83
2025-06-14 11:12:59,857 - log - INFO - iter:3520/3783, clip_acc1=62.95454406738281, tta_acc1=60.539772033691406
2025-06-14 11:12:59,857 - log - INFO - iter:3520/3783, Original Acc@1: 62.95, Acc@5: 83.78, TTA Acc@1: 60.54, Acc@5: 80.80
2025-06-14 11:13:49,066 - log - INFO - iter:3540/3783, clip_acc1=63.16384506225586, tta_acc1=60.76271438598633
2025-06-14 11:13:49,066 - log - INFO - iter:3540/3783, Original Acc@1: 63.16, Acc@5: 83.87, TTA Acc@1: 60.76, Acc@5: 80.90
2025-06-14 11:14:38,537 - log - INFO - iter:3560/3783, clip_acc1=63.37078857421875, tta_acc1=60.98314666748047
2025-06-14 11:14:38,538 - log - INFO - iter:3560/3783, Original Acc@1: 63.37, Acc@5: 83.96, TTA Acc@1: 60.98, Acc@5: 81.01
2025-06-14 11:15:27,873 - log - INFO - iter:3580/3783, clip_acc1=63.26815414428711, tta_acc1=60.92178726196289
2025-06-14 11:15:27,873 - log - INFO - iter:3580/3783, Original Acc@1: 63.27, Acc@5: 83.97, TTA Acc@1: 60.92, Acc@5: 81.01
2025-06-14 11:16:17,267 - log - INFO - iter:3600/3783, clip_acc1=63.0, tta_acc1=60.6944465637207
2025-06-14 11:16:17,267 - log - INFO - iter:3600/3783, Original Acc@1: 63.00, Acc@5: 84.03, TTA Acc@1: 60.69, Acc@5: 81.06
2025-06-14 11:17:06,641 - log - INFO - iter:3620/3783, clip_acc1=63.17679214477539, tta_acc1=60.883975982666016
2025-06-14 11:17:06,642 - log - INFO - iter:3620/3783, Original Acc@1: 63.18, Acc@5: 84.12, TTA Acc@1: 60.88, Acc@5: 81.13
2025-06-14 11:17:56,130 - log - INFO - iter:3640/3783, clip_acc1=63.35165023803711, tta_acc1=61.04396057128906
2025-06-14 11:17:56,131 - log - INFO - iter:3640/3783, Original Acc@1: 63.35, Acc@5: 84.20, TTA Acc@1: 61.04, Acc@5: 81.24
2025-06-14 11:18:45,446 - log - INFO - iter:3660/3783, clip_acc1=63.469947814941406, tta_acc1=61.147544860839844
2025-06-14 11:18:45,447 - log - INFO - iter:3660/3783, Original Acc@1: 63.47, Acc@5: 84.23, TTA Acc@1: 61.15, Acc@5: 81.26
2025-06-14 11:19:34,756 - log - INFO - iter:3680/3783, clip_acc1=63.47825622558594, tta_acc1=61.16847610473633
2025-06-14 11:19:34,756 - log - INFO - iter:3680/3783, Original Acc@1: 63.48, Acc@5: 84.32, TTA Acc@1: 61.17, Acc@5: 81.33
2025-06-14 11:20:24,049 - log - INFO - iter:3700/3783, clip_acc1=63.567569732666016, tta_acc1=61.27027130126953
2025-06-14 11:20:24,049 - log - INFO - iter:3700/3783, Original Acc@1: 63.57, Acc@5: 84.30, TTA Acc@1: 61.27, Acc@5: 81.32
2025-06-14 11:21:13,253 - log - INFO - iter:3720/3783, clip_acc1=63.7365608215332, tta_acc1=61.370967864990234
2025-06-14 11:21:13,253 - log - INFO - iter:3720/3783, Original Acc@1: 63.74, Acc@5: 84.38, TTA Acc@1: 61.37, Acc@5: 81.42
2025-06-14 11:22:02,480 - log - INFO - iter:3740/3783, clip_acc1=63.82353210449219, tta_acc1=61.52406692504883
2025-06-14 11:22:02,480 - log - INFO - iter:3740/3783, Original Acc@1: 63.82, Acc@5: 84.47, TTA Acc@1: 61.52, Acc@5: 81.52
2025-06-14 11:22:51,854 - log - INFO - iter:3760/3783, clip_acc1=63.72340393066406, tta_acc1=61.38297653198242
2025-06-14 11:22:51,855 - log - INFO - iter:3760/3783, Original Acc@1: 63.72, Acc@5: 84.39, TTA Acc@1: 61.38, Acc@5: 81.41
2025-06-14 11:23:41,208 - log - INFO - iter:3780/3783, clip_acc1=63.38624572753906, tta_acc1=61.05820083618164
2025-06-14 11:23:41,208 - log - INFO - iter:3780/3783, Original Acc@1: 63.39, Acc@5: 83.97, TTA Acc@1: 61.06, Acc@5: 81.01
2025-06-14 11:23:48,506 - log - INFO - iter:3783/3783, clip_acc1=63.335975646972656, tta_acc1=61.0097770690918
2025-06-14 11:23:48,507 - log - INFO - iter:3783/3783, Original Acc@1: 63.34, Acc@5: 83.90, TTA Acc@1: 61.01, Acc@5: 80.94
2025-06-14 11:23:48,675 - log - INFO - Final results - Original Acc@1: 63.34, Acc@5: 83.90, TTA Acc@1: 61.01, Acc@5: 80.94
2025-06-14 11:23:48,675 - log - INFO - Improvement from TTA in Acc@1 -2.33, and Acc@5 -2.96
2025-06-14 11:23:48,677 - log - INFO - Number of selected samples with index 0: 1745
2025-06-14 11:23:48,677 - log - INFO - Number of samples in the dataset: 3783
2025-06-14 11:23:48,707 - log - INFO - Selected IDs saved to /leonardo_work/EUHPC_R04_192/fmohamma/Adversarial_Robust_Clip/ATPT/Final_Results/delta_clip_l14_224/UCF101/Clean/Counter_Attack/Eps_2_0_Steps_2_Alpha_1_0/tau_0_2_beta_2_0_weighted_pertrubation_True/TPT/Optimization_Loss_tpt_LR_0_005_Optimization_Steps_1_View_Selection_Fraction_0_1/Inference_Ensemble_vanilla/selected_topk.json
2025-06-14 11:23:48,952 - log - INFO - Batch entropies saved to /leonardo_work/EUHPC_R04_192/fmohamma/Adversarial_Robust_Clip/ATPT/Final_Results/delta_clip_l14_224/UCF101/Clean/Counter_Attack/Eps_2_0_Steps_2_Alpha_1_0/tau_0_2_beta_2_0_weighted_pertrubation_True/TPT/Optimization_Loss_tpt_LR_0_005_Optimization_Steps_1_View_Selection_Fraction_0_1/Inference_Ensemble_vanilla/entropies.json
2025-06-14 11:23:48,955 - log - INFO - => Acc. on testset [UCF101]: Clean Acc @1 63.335975646972656/ TTA Clean Acc @1 61.0097770690918, Clean Acc @5 83.90166473388672/ TTA Clean Acc @5 80.94104766845703
2025-06-14 11:23:48,955 - log - INFO - Total script execution time: 9485.91 seconds (158.10 minutes)
