2025-06-05 18:23:55,330 - log - INFO - ==========================================
data:/leonardo_work/EUHPC_R04_192/fmohamma/Adversarial_Robust_Clip/atpt_data/downstream_datasets
test_sets:Aircraft
dataset_mode:test
arch:delta_clip_l14_224
resolution:224
workers:4
no_pin_memory:False
batch_size:64
print_freq:20
gpu:0
no_cudnn_benchmark:False
n_ctx:4
ctx_init:a_photo_of_a
tpt_loss:rtpt
seed:0
output_dir:/leonardo_work/EUHPC_R04_192/fmohamma/Adversarial_Robust_Clip/atpt_data/delta_clip_l14_224/Aircraft
log_output_dir:/leonardo_work/EUHPC_R04_192/fmohamma/Adversarial_Robust_Clip/ATPT/Final_Results/delta_clip_l14_224/Aircraft
eps:0.0
alpha:0.0
alpha_eps_ratio:4.0
steps:0
lr:0.005
selection_p:0.1
tta_steps:0
ensemble_type:none
top_k:20
softmax_temp:0.01
counter_attack:True
counter_attack_type:pgd
counter_attack_steps:0
counter_attack_eps:4.0
counter_attack_alpha:1.0
counter_attack_tau_thres:0.2
counter_attack_beta:2.0
counter_attack_weighted_perturbations:True
pgd_clip_pure_i_text_embeddings:null
pgd_counter_and_clipure_i_lamda:1.0
selected_id_name:selected_topk.json
weighted_score_name:weighted_scores.json
batch_entropy_name:entropies.json
log_dir:/leonardo_work/EUHPC_R04_192/fmohamma/Adversarial_Robust_Clip/ATPT/Final_Results/delta_clip_l14_224/Aircraft/Clean/Counter_Attack/Eps_4_0_Steps_0_Alpha_1_0/tau_0_2_beta_2_0_weighted_pertrubation_True/No_TPT/Inference_Ensemble_none

2025-06-05 18:23:55,331 - log - INFO - Use GPU: 0 for training
2025-06-05 18:26:01,581 - log - INFO - Freezing all parameters except prompt learner
2025-06-05 18:26:01,582 - log - INFO - => Model created: visual backbone delta_clip_l14_224
2025-06-05 18:26:01,617 - log - INFO - Number of test samples: 3333
2025-06-05 18:26:01,617 - log - INFO - Evaluating dataset: Aircraft
2025-06-05 18:26:01,618 - log - INFO - Starting evaluation with batch size: 64, selection percentage: 0.1
2025-06-05 18:26:01,618 - log - INFO - Test-time adaptation steps: 0, learning rate: 0.005
2025-06-05 18:26:01,618 - log - INFO - Using counter-attack with epsilon: 4.000000, alpha: 0.000000, steps: 0, tau_thres: 0.2, beta: 2.0, weighted perturbation: True
2025-06-05 18:26:50,341 - log - INFO - iter:20/3333, clip_acc1=0.0, tta_acc1=0.0
2025-06-05 18:26:50,341 - log - INFO - iter:20/3333, Original Acc@1: 0.00, Acc@5: 0.00, TTA Acc@1: 0.00, Acc@5: 0.00
2025-06-05 18:27:26,263 - log - INFO - iter:40/3333, clip_acc1=5.0, tta_acc1=5.0
2025-06-05 18:27:26,263 - log - INFO - iter:40/3333, Original Acc@1: 5.00, Acc@5: 12.50, TTA Acc@1: 5.00, Acc@5: 12.50
2025-06-05 18:28:02,036 - log - INFO - iter:60/3333, clip_acc1=6.6666669845581055, tta_acc1=6.6666669845581055
2025-06-05 18:28:02,036 - log - INFO - iter:60/3333, Original Acc@1: 6.67, Acc@5: 36.67, TTA Acc@1: 6.67, Acc@5: 36.67
2025-06-05 18:28:38,333 - log - INFO - iter:80/3333, clip_acc1=7.5, tta_acc1=7.5
2025-06-05 18:28:38,333 - log - INFO - iter:80/3333, Original Acc@1: 7.50, Acc@5: 50.00, TTA Acc@1: 7.50, Acc@5: 50.00
2025-06-05 18:29:14,180 - log - INFO - iter:100/3333, clip_acc1=10.0, tta_acc1=10.0
2025-06-05 18:29:14,180 - log - INFO - iter:100/3333, Original Acc@1: 10.00, Acc@5: 58.00, TTA Acc@1: 10.00, Acc@5: 58.00
2025-06-05 18:29:50,065 - log - INFO - iter:120/3333, clip_acc1=8.333333969116211, tta_acc1=8.333333969116211
2025-06-05 18:29:50,066 - log - INFO - iter:120/3333, Original Acc@1: 8.33, Acc@5: 61.67, TTA Acc@1: 8.33, Acc@5: 61.67
2025-06-05 18:30:26,098 - log - INFO - iter:140/3333, clip_acc1=8.571428298950195, tta_acc1=8.571428298950195
2025-06-05 18:30:26,098 - log - INFO - iter:140/3333, Original Acc@1: 8.57, Acc@5: 65.71, TTA Acc@1: 8.57, Acc@5: 65.71
2025-06-05 18:31:01,987 - log - INFO - iter:160/3333, clip_acc1=12.5, tta_acc1=12.5
2025-06-05 18:31:01,987 - log - INFO - iter:160/3333, Original Acc@1: 12.50, Acc@5: 68.75, TTA Acc@1: 12.50, Acc@5: 68.75
2025-06-05 18:31:37,903 - log - INFO - iter:180/3333, clip_acc1=11.666666984558105, tta_acc1=11.666666984558105
2025-06-05 18:31:37,904 - log - INFO - iter:180/3333, Original Acc@1: 11.67, Acc@5: 65.00, TTA Acc@1: 11.67, Acc@5: 65.00
2025-06-05 18:32:13,625 - log - INFO - iter:200/3333, clip_acc1=10.5, tta_acc1=10.5
2025-06-05 18:32:13,625 - log - INFO - iter:200/3333, Original Acc@1: 10.50, Acc@5: 59.00, TTA Acc@1: 10.50, Acc@5: 59.00
2025-06-05 18:32:49,307 - log - INFO - iter:220/3333, clip_acc1=9.545454025268555, tta_acc1=9.545454025268555
2025-06-05 18:32:49,308 - log - INFO - iter:220/3333, Original Acc@1: 9.55, Acc@5: 61.82, TTA Acc@1: 9.55, Acc@5: 61.82
2025-06-05 18:33:25,122 - log - INFO - iter:240/3333, clip_acc1=9.166666984558105, tta_acc1=9.166666984558105
2025-06-05 18:33:25,124 - log - INFO - iter:240/3333, Original Acc@1: 9.17, Acc@5: 63.33, TTA Acc@1: 9.17, Acc@5: 63.33
2025-06-05 18:34:00,862 - log - INFO - iter:260/3333, clip_acc1=8.84615421295166, tta_acc1=8.84615421295166
2025-06-05 18:34:00,863 - log - INFO - iter:260/3333, Original Acc@1: 8.85, Acc@5: 64.23, TTA Acc@1: 8.85, Acc@5: 64.23
2025-06-05 18:34:36,569 - log - INFO - iter:280/3333, clip_acc1=8.214285850524902, tta_acc1=8.214285850524902
2025-06-05 18:34:36,569 - log - INFO - iter:280/3333, Original Acc@1: 8.21, Acc@5: 60.71, TTA Acc@1: 8.21, Acc@5: 60.71
2025-06-05 18:35:12,318 - log - INFO - iter:300/3333, clip_acc1=7.6666669845581055, tta_acc1=7.6666669845581055
2025-06-05 18:35:12,321 - log - INFO - iter:300/3333, Original Acc@1: 7.67, Acc@5: 56.67, TTA Acc@1: 7.67, Acc@5: 56.67
2025-06-05 18:35:48,222 - log - INFO - iter:320/3333, clip_acc1=7.1875, tta_acc1=7.1875
2025-06-05 18:35:48,223 - log - INFO - iter:320/3333, Original Acc@1: 7.19, Acc@5: 55.94, TTA Acc@1: 7.19, Acc@5: 55.94
2025-06-05 18:36:24,136 - log - INFO - iter:340/3333, clip_acc1=7.058823585510254, tta_acc1=7.058823585510254
2025-06-05 18:36:24,136 - log - INFO - iter:340/3333, Original Acc@1: 7.06, Acc@5: 55.88, TTA Acc@1: 7.06, Acc@5: 55.88
2025-06-05 18:36:59,911 - log - INFO - iter:360/3333, clip_acc1=6.6666669845581055, tta_acc1=6.6666669845581055
2025-06-05 18:36:59,911 - log - INFO - iter:360/3333, Original Acc@1: 6.67, Acc@5: 58.06, TTA Acc@1: 6.67, Acc@5: 58.06
2025-06-05 18:37:35,649 - log - INFO - iter:380/3333, clip_acc1=7.1052632331848145, tta_acc1=7.1052632331848145
2025-06-05 18:37:35,649 - log - INFO - iter:380/3333, Original Acc@1: 7.11, Acc@5: 59.74, TTA Acc@1: 7.11, Acc@5: 59.74
2025-06-05 18:38:11,425 - log - INFO - iter:400/3333, clip_acc1=6.75, tta_acc1=6.75
2025-06-05 18:38:11,425 - log - INFO - iter:400/3333, Original Acc@1: 6.75, Acc@5: 61.25, TTA Acc@1: 6.75, Acc@5: 61.25
2025-06-05 18:38:47,110 - log - INFO - iter:420/3333, clip_acc1=6.428571701049805, tta_acc1=6.428571701049805
2025-06-05 18:38:47,110 - log - INFO - iter:420/3333, Original Acc@1: 6.43, Acc@5: 62.86, TTA Acc@1: 6.43, Acc@5: 62.86
2025-06-05 18:39:22,984 - log - INFO - iter:440/3333, clip_acc1=7.5, tta_acc1=7.5
2025-06-05 18:39:22,984 - log - INFO - iter:440/3333, Original Acc@1: 7.50, Acc@5: 64.32, TTA Acc@1: 7.50, Acc@5: 64.32
2025-06-05 18:39:58,608 - log - INFO - iter:460/3333, clip_acc1=10.434782028198242, tta_acc1=10.434782028198242
2025-06-05 18:39:58,608 - log - INFO - iter:460/3333, Original Acc@1: 10.43, Acc@5: 65.87, TTA Acc@1: 10.43, Acc@5: 65.87
2025-06-05 18:40:34,419 - log - INFO - iter:480/3333, clip_acc1=10.833333969116211, tta_acc1=10.833333969116211
2025-06-05 18:40:34,419 - log - INFO - iter:480/3333, Original Acc@1: 10.83, Acc@5: 64.58, TTA Acc@1: 10.83, Acc@5: 64.58
2025-06-05 18:41:10,306 - log - INFO - iter:500/3333, clip_acc1=10.40000057220459, tta_acc1=10.40000057220459
2025-06-05 18:41:10,306 - log - INFO - iter:500/3333, Original Acc@1: 10.40, Acc@5: 63.20, TTA Acc@1: 10.40, Acc@5: 63.20
2025-06-05 18:41:46,149 - log - INFO - iter:520/3333, clip_acc1=10.0, tta_acc1=10.0
2025-06-05 18:41:46,150 - log - INFO - iter:520/3333, Original Acc@1: 10.00, Acc@5: 61.35, TTA Acc@1: 10.00, Acc@5: 61.35
2025-06-05 18:42:22,069 - log - INFO - iter:540/3333, clip_acc1=9.814814567565918, tta_acc1=9.814814567565918
2025-06-05 18:42:22,069 - log - INFO - iter:540/3333, Original Acc@1: 9.81, Acc@5: 60.56, TTA Acc@1: 9.81, Acc@5: 60.56
2025-06-05 18:42:57,759 - log - INFO - iter:560/3333, clip_acc1=10.892857551574707, tta_acc1=10.892857551574707
2025-06-05 18:42:57,759 - log - INFO - iter:560/3333, Original Acc@1: 10.89, Acc@5: 61.43, TTA Acc@1: 10.89, Acc@5: 61.43
2025-06-05 18:43:33,635 - log - INFO - iter:580/3333, clip_acc1=10.517241477966309, tta_acc1=10.517241477966309
2025-06-05 18:43:33,635 - log - INFO - iter:580/3333, Original Acc@1: 10.52, Acc@5: 62.24, TTA Acc@1: 10.52, Acc@5: 62.24
2025-06-05 18:44:09,608 - log - INFO - iter:600/3333, clip_acc1=10.166666984558105, tta_acc1=10.166666984558105
2025-06-05 18:44:09,608 - log - INFO - iter:600/3333, Original Acc@1: 10.17, Acc@5: 62.83, TTA Acc@1: 10.17, Acc@5: 62.83
2025-06-05 18:44:45,479 - log - INFO - iter:620/3333, clip_acc1=12.096774101257324, tta_acc1=12.096774101257324
2025-06-05 18:44:45,480 - log - INFO - iter:620/3333, Original Acc@1: 12.10, Acc@5: 64.03, TTA Acc@1: 12.10, Acc@5: 64.03
2025-06-05 18:45:21,414 - log - INFO - iter:640/3333, clip_acc1=13.125, tta_acc1=13.125
2025-06-05 18:45:21,414 - log - INFO - iter:640/3333, Original Acc@1: 13.12, Acc@5: 64.06, TTA Acc@1: 13.12, Acc@5: 64.06
2025-06-05 18:45:57,298 - log - INFO - iter:660/3333, clip_acc1=12.727272033691406, tta_acc1=12.727272033691406
2025-06-05 18:45:57,298 - log - INFO - iter:660/3333, Original Acc@1: 12.73, Acc@5: 63.33, TTA Acc@1: 12.73, Acc@5: 63.33
2025-06-05 18:46:32,942 - log - INFO - iter:680/3333, clip_acc1=12.352941513061523, tta_acc1=12.352941513061523
2025-06-05 18:46:32,943 - log - INFO - iter:680/3333, Original Acc@1: 12.35, Acc@5: 62.79, TTA Acc@1: 12.35, Acc@5: 62.79
2025-06-05 18:47:08,816 - log - INFO - iter:700/3333, clip_acc1=12.0, tta_acc1=12.0
2025-06-05 18:47:08,816 - log - INFO - iter:700/3333, Original Acc@1: 12.00, Acc@5: 62.14, TTA Acc@1: 12.00, Acc@5: 62.14
2025-06-05 18:47:44,663 - log - INFO - iter:720/3333, clip_acc1=11.666666984558105, tta_acc1=11.666666984558105
2025-06-05 18:47:44,663 - log - INFO - iter:720/3333, Original Acc@1: 11.67, Acc@5: 60.42, TTA Acc@1: 11.67, Acc@5: 60.42
2025-06-05 18:48:20,421 - log - INFO - iter:740/3333, clip_acc1=11.351351737976074, tta_acc1=11.351351737976074
2025-06-05 18:48:20,421 - log - INFO - iter:740/3333, Original Acc@1: 11.35, Acc@5: 58.92, TTA Acc@1: 11.35, Acc@5: 58.92
2025-06-05 18:48:56,420 - log - INFO - iter:760/3333, clip_acc1=11.052632331848145, tta_acc1=11.052632331848145
2025-06-05 18:48:56,420 - log - INFO - iter:760/3333, Original Acc@1: 11.05, Acc@5: 57.50, TTA Acc@1: 11.05, Acc@5: 57.50
2025-06-05 18:49:32,180 - log - INFO - iter:780/3333, clip_acc1=10.769230842590332, tta_acc1=10.769230842590332
2025-06-05 18:49:32,180 - log - INFO - iter:780/3333, Original Acc@1: 10.77, Acc@5: 56.28, TTA Acc@1: 10.77, Acc@5: 56.28
2025-06-05 18:50:07,923 - log - INFO - iter:800/3333, clip_acc1=10.5, tta_acc1=10.5
2025-06-05 18:50:07,924 - log - INFO - iter:800/3333, Original Acc@1: 10.50, Acc@5: 55.00, TTA Acc@1: 10.50, Acc@5: 55.00
2025-06-05 18:50:43,800 - log - INFO - iter:820/3333, clip_acc1=10.243902206420898, tta_acc1=10.243902206420898
2025-06-05 18:50:43,800 - log - INFO - iter:820/3333, Original Acc@1: 10.24, Acc@5: 53.66, TTA Acc@1: 10.24, Acc@5: 53.66
2025-06-05 18:51:19,727 - log - INFO - iter:840/3333, clip_acc1=10.35714340209961, tta_acc1=10.35714340209961
2025-06-05 18:51:19,727 - log - INFO - iter:840/3333, Original Acc@1: 10.36, Acc@5: 52.74, TTA Acc@1: 10.36, Acc@5: 52.74
2025-06-05 18:51:55,453 - log - INFO - iter:860/3333, clip_acc1=11.39534854888916, tta_acc1=11.39534854888916
2025-06-05 18:51:55,454 - log - INFO - iter:860/3333, Original Acc@1: 11.40, Acc@5: 53.14, TTA Acc@1: 11.40, Acc@5: 53.14
2025-06-05 18:52:31,431 - log - INFO - iter:880/3333, clip_acc1=11.477272033691406, tta_acc1=11.477272033691406
2025-06-05 18:52:31,431 - log - INFO - iter:880/3333, Original Acc@1: 11.48, Acc@5: 52.95, TTA Acc@1: 11.48, Acc@5: 52.95
2025-06-05 18:53:07,303 - log - INFO - iter:900/3333, clip_acc1=11.222222328186035, tta_acc1=11.222222328186035
2025-06-05 18:53:07,303 - log - INFO - iter:900/3333, Original Acc@1: 11.22, Acc@5: 52.22, TTA Acc@1: 11.22, Acc@5: 52.22
2025-06-05 18:53:43,141 - log - INFO - iter:920/3333, clip_acc1=11.52173900604248, tta_acc1=11.52173900604248
2025-06-05 18:53:43,141 - log - INFO - iter:920/3333, Original Acc@1: 11.52, Acc@5: 52.39, TTA Acc@1: 11.52, Acc@5: 52.39
2025-06-05 18:54:19,069 - log - INFO - iter:940/3333, clip_acc1=11.808509826660156, tta_acc1=11.808509826660156
2025-06-05 18:54:19,070 - log - INFO - iter:940/3333, Original Acc@1: 11.81, Acc@5: 53.19, TTA Acc@1: 11.81, Acc@5: 53.19
2025-06-05 18:54:54,889 - log - INFO - iter:960/3333, clip_acc1=11.666666984558105, tta_acc1=11.666666984558105
2025-06-05 18:54:54,889 - log - INFO - iter:960/3333, Original Acc@1: 11.67, Acc@5: 53.13, TTA Acc@1: 11.67, Acc@5: 53.13
2025-06-05 18:55:30,618 - log - INFO - iter:980/3333, clip_acc1=12.346938133239746, tta_acc1=12.346938133239746
2025-06-05 18:55:30,618 - log - INFO - iter:980/3333, Original Acc@1: 12.35, Acc@5: 53.47, TTA Acc@1: 12.35, Acc@5: 53.47
2025-06-05 18:56:06,545 - log - INFO - iter:1000/3333, clip_acc1=13.100000381469727, tta_acc1=13.100000381469727
2025-06-05 18:56:06,545 - log - INFO - iter:1000/3333, Original Acc@1: 13.10, Acc@5: 54.10, TTA Acc@1: 13.10, Acc@5: 54.10
2025-06-05 18:56:42,294 - log - INFO - iter:1020/3333, clip_acc1=12.941177368164062, tta_acc1=12.941177368164062
2025-06-05 18:56:42,294 - log - INFO - iter:1020/3333, Original Acc@1: 12.94, Acc@5: 54.90, TTA Acc@1: 12.94, Acc@5: 54.90
2025-06-05 18:57:18,129 - log - INFO - iter:1040/3333, clip_acc1=12.692307472229004, tta_acc1=12.692307472229004
2025-06-05 18:57:18,129 - log - INFO - iter:1040/3333, Original Acc@1: 12.69, Acc@5: 55.58, TTA Acc@1: 12.69, Acc@5: 55.58
2025-06-05 18:57:54,023 - log - INFO - iter:1060/3333, clip_acc1=12.641510009765625, tta_acc1=12.641510009765625
2025-06-05 18:57:54,024 - log - INFO - iter:1060/3333, Original Acc@1: 12.64, Acc@5: 55.94, TTA Acc@1: 12.64, Acc@5: 55.94
2025-06-05 18:58:29,869 - log - INFO - iter:1080/3333, clip_acc1=12.685185432434082, tta_acc1=12.685185432434082
2025-06-05 18:58:29,869 - log - INFO - iter:1080/3333, Original Acc@1: 12.69, Acc@5: 56.48, TTA Acc@1: 12.69, Acc@5: 56.48
2025-06-05 18:59:05,766 - log - INFO - iter:1100/3333, clip_acc1=13.181818008422852, tta_acc1=13.181818008422852
2025-06-05 18:59:05,767 - log - INFO - iter:1100/3333, Original Acc@1: 13.18, Acc@5: 57.18, TTA Acc@1: 13.18, Acc@5: 57.18
2025-06-05 18:59:41,646 - log - INFO - iter:1120/3333, clip_acc1=13.660714149475098, tta_acc1=13.660714149475098
2025-06-05 18:59:41,646 - log - INFO - iter:1120/3333, Original Acc@1: 13.66, Acc@5: 57.14, TTA Acc@1: 13.66, Acc@5: 57.14
2025-06-05 19:00:17,609 - log - INFO - iter:1140/3333, clip_acc1=14.035087585449219, tta_acc1=14.035087585449219
2025-06-05 19:00:17,610 - log - INFO - iter:1140/3333, Original Acc@1: 14.04, Acc@5: 57.28, TTA Acc@1: 14.04, Acc@5: 57.28
2025-06-05 19:00:53,430 - log - INFO - iter:1160/3333, clip_acc1=13.793103218078613, tta_acc1=13.793103218078613
2025-06-05 19:00:53,430 - log - INFO - iter:1160/3333, Original Acc@1: 13.79, Acc@5: 56.98, TTA Acc@1: 13.79, Acc@5: 56.98
2025-06-05 19:01:29,192 - log - INFO - iter:1180/3333, clip_acc1=13.559321403503418, tta_acc1=13.559321403503418
2025-06-05 19:01:29,192 - log - INFO - iter:1180/3333, Original Acc@1: 13.56, Acc@5: 56.95, TTA Acc@1: 13.56, Acc@5: 56.95
2025-06-05 19:02:04,882 - log - INFO - iter:1200/3333, clip_acc1=13.333333969116211, tta_acc1=13.333333969116211
2025-06-05 19:02:04,883 - log - INFO - iter:1200/3333, Original Acc@1: 13.33, Acc@5: 57.08, TTA Acc@1: 13.33, Acc@5: 57.08
2025-06-05 19:02:40,734 - log - INFO - iter:1220/3333, clip_acc1=13.196721076965332, tta_acc1=13.196721076965332
2025-06-05 19:02:40,734 - log - INFO - iter:1220/3333, Original Acc@1: 13.20, Acc@5: 57.70, TTA Acc@1: 13.20, Acc@5: 57.70
2025-06-05 19:03:16,639 - log - INFO - iter:1240/3333, clip_acc1=13.467741966247559, tta_acc1=13.467741966247559
2025-06-05 19:03:16,639 - log - INFO - iter:1240/3333, Original Acc@1: 13.47, Acc@5: 58.39, TTA Acc@1: 13.47, Acc@5: 58.39
2025-06-05 19:03:52,516 - log - INFO - iter:1260/3333, clip_acc1=14.365079879760742, tta_acc1=14.365079879760742
2025-06-05 19:03:52,516 - log - INFO - iter:1260/3333, Original Acc@1: 14.37, Acc@5: 59.05, TTA Acc@1: 14.37, Acc@5: 59.05
2025-06-05 19:04:28,383 - log - INFO - iter:1280/3333, clip_acc1=14.53125, tta_acc1=14.53125
2025-06-05 19:04:28,383 - log - INFO - iter:1280/3333, Original Acc@1: 14.53, Acc@5: 59.69, TTA Acc@1: 14.53, Acc@5: 59.69
2025-06-05 19:05:04,293 - log - INFO - iter:1300/3333, clip_acc1=14.307692527770996, tta_acc1=14.307692527770996
2025-06-05 19:05:04,293 - log - INFO - iter:1300/3333, Original Acc@1: 14.31, Acc@5: 60.31, TTA Acc@1: 14.31, Acc@5: 60.31
2025-06-05 19:05:40,268 - log - INFO - iter:1320/3333, clip_acc1=14.090909004211426, tta_acc1=14.090909004211426
2025-06-05 19:05:40,268 - log - INFO - iter:1320/3333, Original Acc@1: 14.09, Acc@5: 59.39, TTA Acc@1: 14.09, Acc@5: 59.39
2025-06-05 19:06:16,237 - log - INFO - iter:1340/3333, clip_acc1=14.253731727600098, tta_acc1=14.253731727600098
2025-06-05 19:06:16,237 - log - INFO - iter:1340/3333, Original Acc@1: 14.25, Acc@5: 59.03, TTA Acc@1: 14.25, Acc@5: 59.03
2025-06-05 19:06:52,082 - log - INFO - iter:1360/3333, clip_acc1=15.073529243469238, tta_acc1=15.073529243469238
2025-06-05 19:06:52,082 - log - INFO - iter:1360/3333, Original Acc@1: 15.07, Acc@5: 59.49, TTA Acc@1: 15.07, Acc@5: 59.49
2025-06-05 19:07:27,828 - log - INFO - iter:1380/3333, clip_acc1=15.434782981872559, tta_acc1=15.434782981872559
2025-06-05 19:07:27,829 - log - INFO - iter:1380/3333, Original Acc@1: 15.43, Acc@5: 60.00, TTA Acc@1: 15.43, Acc@5: 60.00
2025-06-05 19:08:03,701 - log - INFO - iter:1400/3333, clip_acc1=15.285714149475098, tta_acc1=15.285714149475098
2025-06-05 19:08:03,701 - log - INFO - iter:1400/3333, Original Acc@1: 15.29, Acc@5: 60.29, TTA Acc@1: 15.29, Acc@5: 60.29
2025-06-05 19:08:39,562 - log - INFO - iter:1420/3333, clip_acc1=15.915492057800293, tta_acc1=15.915492057800293
2025-06-05 19:08:39,562 - log - INFO - iter:1420/3333, Original Acc@1: 15.92, Acc@5: 60.77, TTA Acc@1: 15.92, Acc@5: 60.77
2025-06-05 19:09:15,400 - log - INFO - iter:1440/3333, clip_acc1=16.25, tta_acc1=16.25
2025-06-05 19:09:15,401 - log - INFO - iter:1440/3333, Original Acc@1: 16.25, Acc@5: 61.32, TTA Acc@1: 16.25, Acc@5: 61.32
2025-06-05 19:09:51,200 - log - INFO - iter:1460/3333, clip_acc1=16.095890045166016, tta_acc1=16.095890045166016
2025-06-05 19:09:51,200 - log - INFO - iter:1460/3333, Original Acc@1: 16.10, Acc@5: 61.64, TTA Acc@1: 16.10, Acc@5: 61.64
2025-06-05 19:10:27,055 - log - INFO - iter:1480/3333, clip_acc1=16.013513565063477, tta_acc1=16.013513565063477
2025-06-05 19:10:27,056 - log - INFO - iter:1480/3333, Original Acc@1: 16.01, Acc@5: 61.69, TTA Acc@1: 16.01, Acc@5: 61.69
2025-06-05 19:11:03,148 - log - INFO - iter:1500/3333, clip_acc1=15.800000190734863, tta_acc1=15.800000190734863
2025-06-05 19:11:03,148 - log - INFO - iter:1500/3333, Original Acc@1: 15.80, Acc@5: 61.67, TTA Acc@1: 15.80, Acc@5: 61.67
2025-06-05 19:11:39,078 - log - INFO - iter:1520/3333, clip_acc1=15.855263710021973, tta_acc1=15.855263710021973
2025-06-05 19:11:39,079 - log - INFO - iter:1520/3333, Original Acc@1: 15.86, Acc@5: 61.97, TTA Acc@1: 15.86, Acc@5: 61.97
2025-06-05 19:12:14,837 - log - INFO - iter:1540/3333, clip_acc1=15.6493501663208, tta_acc1=15.6493501663208
2025-06-05 19:12:14,838 - log - INFO - iter:1540/3333, Original Acc@1: 15.65, Acc@5: 62.01, TTA Acc@1: 15.65, Acc@5: 62.01
2025-06-05 19:12:50,625 - log - INFO - iter:1560/3333, clip_acc1=15.448718070983887, tta_acc1=15.448718070983887
2025-06-05 19:12:50,625 - log - INFO - iter:1560/3333, Original Acc@1: 15.45, Acc@5: 61.60, TTA Acc@1: 15.45, Acc@5: 61.60
2025-06-05 19:13:26,455 - log - INFO - iter:1580/3333, clip_acc1=16.07594871520996, tta_acc1=16.07594871520996
2025-06-05 19:13:26,455 - log - INFO - iter:1580/3333, Original Acc@1: 16.08, Acc@5: 61.84, TTA Acc@1: 16.08, Acc@5: 61.84
2025-06-05 19:14:02,368 - log - INFO - iter:1600/3333, clip_acc1=17.0625, tta_acc1=17.0625
2025-06-05 19:14:02,368 - log - INFO - iter:1600/3333, Original Acc@1: 17.06, Acc@5: 62.31, TTA Acc@1: 17.06, Acc@5: 62.31
2025-06-05 19:14:38,243 - log - INFO - iter:1620/3333, clip_acc1=17.839506149291992, tta_acc1=17.839506149291992
2025-06-05 19:14:38,243 - log - INFO - iter:1620/3333, Original Acc@1: 17.84, Acc@5: 62.78, TTA Acc@1: 17.84, Acc@5: 62.78
2025-06-05 19:15:14,242 - log - INFO - iter:1640/3333, clip_acc1=18.475608825683594, tta_acc1=18.475608825683594
2025-06-05 19:15:14,242 - log - INFO - iter:1640/3333, Original Acc@1: 18.48, Acc@5: 63.23, TTA Acc@1: 18.48, Acc@5: 63.23
2025-06-05 19:15:49,968 - log - INFO - iter:1660/3333, clip_acc1=19.036144256591797, tta_acc1=19.036144256591797
2025-06-05 19:15:49,968 - log - INFO - iter:1660/3333, Original Acc@1: 19.04, Acc@5: 63.55, TTA Acc@1: 19.04, Acc@5: 63.55
2025-06-05 19:16:25,665 - log - INFO - iter:1680/3333, clip_acc1=19.166667938232422, tta_acc1=19.166667938232422
2025-06-05 19:16:25,665 - log - INFO - iter:1680/3333, Original Acc@1: 19.17, Acc@5: 63.75, TTA Acc@1: 19.17, Acc@5: 63.75
2025-06-05 19:17:01,392 - log - INFO - iter:1700/3333, clip_acc1=18.94117546081543, tta_acc1=18.94117546081543
2025-06-05 19:17:01,393 - log - INFO - iter:1700/3333, Original Acc@1: 18.94, Acc@5: 63.59, TTA Acc@1: 18.94, Acc@5: 63.59
2025-06-05 19:17:37,239 - log - INFO - iter:1720/3333, clip_acc1=18.720930099487305, tta_acc1=18.720930099487305
2025-06-05 19:17:37,240 - log - INFO - iter:1720/3333, Original Acc@1: 18.72, Acc@5: 62.85, TTA Acc@1: 18.72, Acc@5: 62.85
2025-06-05 19:18:13,080 - log - INFO - iter:1740/3333, clip_acc1=18.67816162109375, tta_acc1=18.67816162109375
2025-06-05 19:18:13,080 - log - INFO - iter:1740/3333, Original Acc@1: 18.68, Acc@5: 62.41, TTA Acc@1: 18.68, Acc@5: 62.41
2025-06-05 19:18:48,901 - log - INFO - iter:1760/3333, clip_acc1=18.46590805053711, tta_acc1=18.46590805053711
2025-06-05 19:18:48,901 - log - INFO - iter:1760/3333, Original Acc@1: 18.47, Acc@5: 62.39, TTA Acc@1: 18.47, Acc@5: 62.39
2025-06-05 19:19:24,721 - log - INFO - iter:1780/3333, clip_acc1=19.101123809814453, tta_acc1=19.101123809814453
2025-06-05 19:19:24,721 - log - INFO - iter:1780/3333, Original Acc@1: 19.10, Acc@5: 62.81, TTA Acc@1: 19.10, Acc@5: 62.81
2025-06-05 19:20:00,535 - log - INFO - iter:1800/3333, clip_acc1=19.88888931274414, tta_acc1=19.88888931274414
2025-06-05 19:20:00,535 - log - INFO - iter:1800/3333, Original Acc@1: 19.89, Acc@5: 63.17, TTA Acc@1: 19.89, Acc@5: 63.17
2025-06-05 19:20:36,420 - log - INFO - iter:1820/3333, clip_acc1=20.164836883544922, tta_acc1=20.164836883544922
2025-06-05 19:20:36,420 - log - INFO - iter:1820/3333, Original Acc@1: 20.16, Acc@5: 63.52, TTA Acc@1: 20.16, Acc@5: 63.52
2025-06-05 19:21:12,211 - log - INFO - iter:1840/3333, clip_acc1=20.59782600402832, tta_acc1=20.59782600402832
2025-06-05 19:21:12,211 - log - INFO - iter:1840/3333, Original Acc@1: 20.60, Acc@5: 63.75, TTA Acc@1: 20.60, Acc@5: 63.75
2025-06-05 19:21:47,999 - log - INFO - iter:1860/3333, clip_acc1=20.537633895874023, tta_acc1=20.537633895874023
2025-06-05 19:21:47,999 - log - INFO - iter:1860/3333, Original Acc@1: 20.54, Acc@5: 63.49, TTA Acc@1: 20.54, Acc@5: 63.49
2025-06-05 19:22:23,728 - log - INFO - iter:1880/3333, clip_acc1=20.63829803466797, tta_acc1=20.63829803466797
2025-06-05 19:22:23,728 - log - INFO - iter:1880/3333, Original Acc@1: 20.64, Acc@5: 63.56, TTA Acc@1: 20.64, Acc@5: 63.56
2025-06-05 19:22:59,478 - log - INFO - iter:1900/3333, clip_acc1=20.999998092651367, tta_acc1=20.999998092651367
2025-06-05 19:22:59,478 - log - INFO - iter:1900/3333, Original Acc@1: 21.00, Acc@5: 63.74, TTA Acc@1: 21.00, Acc@5: 63.74
2025-06-05 19:23:35,358 - log - INFO - iter:1920/3333, clip_acc1=20.781251907348633, tta_acc1=20.781251907348633
2025-06-05 19:23:35,358 - log - INFO - iter:1920/3333, Original Acc@1: 20.78, Acc@5: 63.07, TTA Acc@1: 20.78, Acc@5: 63.07
2025-06-05 19:24:11,255 - log - INFO - iter:1940/3333, clip_acc1=20.5670108795166, tta_acc1=20.5670108795166
2025-06-05 19:24:11,255 - log - INFO - iter:1940/3333, Original Acc@1: 20.57, Acc@5: 62.42, TTA Acc@1: 20.57, Acc@5: 62.42
2025-06-05 19:24:47,061 - log - INFO - iter:1960/3333, clip_acc1=20.357141494750977, tta_acc1=20.357141494750977
2025-06-05 19:24:47,062 - log - INFO - iter:1960/3333, Original Acc@1: 20.36, Acc@5: 61.84, TTA Acc@1: 20.36, Acc@5: 61.84
2025-06-05 19:25:22,945 - log - INFO - iter:1980/3333, clip_acc1=20.15151596069336, tta_acc1=20.15151596069336
2025-06-05 19:25:22,945 - log - INFO - iter:1980/3333, Original Acc@1: 20.15, Acc@5: 61.21, TTA Acc@1: 20.15, Acc@5: 61.21
2025-06-05 19:25:58,799 - log - INFO - iter:2000/3333, clip_acc1=19.950000762939453, tta_acc1=19.950000762939453
2025-06-05 19:25:58,799 - log - INFO - iter:2000/3333, Original Acc@1: 19.95, Acc@5: 60.60, TTA Acc@1: 19.95, Acc@5: 60.60
2025-06-05 19:26:34,732 - log - INFO - iter:2020/3333, clip_acc1=19.75247573852539, tta_acc1=19.75247573852539
2025-06-05 19:26:34,733 - log - INFO - iter:2020/3333, Original Acc@1: 19.75, Acc@5: 60.20, TTA Acc@1: 19.75, Acc@5: 60.20
2025-06-05 19:27:10,603 - log - INFO - iter:2040/3333, clip_acc1=19.55882453918457, tta_acc1=19.55882453918457
2025-06-05 19:27:10,603 - log - INFO - iter:2040/3333, Original Acc@1: 19.56, Acc@5: 60.00, TTA Acc@1: 19.56, Acc@5: 60.00
2025-06-05 19:27:46,380 - log - INFO - iter:2060/3333, clip_acc1=19.368932723999023, tta_acc1=19.368932723999023
2025-06-05 19:27:46,381 - log - INFO - iter:2060/3333, Original Acc@1: 19.37, Acc@5: 59.85, TTA Acc@1: 19.37, Acc@5: 59.85
2025-06-05 19:28:22,301 - log - INFO - iter:2080/3333, clip_acc1=19.18269157409668, tta_acc1=19.18269157409668
2025-06-05 19:28:22,302 - log - INFO - iter:2080/3333, Original Acc@1: 19.18, Acc@5: 59.28, TTA Acc@1: 19.18, Acc@5: 59.28
2025-06-05 19:28:58,175 - log - INFO - iter:2100/3333, clip_acc1=19.0, tta_acc1=19.0
2025-06-05 19:28:58,175 - log - INFO - iter:2100/3333, Original Acc@1: 19.00, Acc@5: 58.71, TTA Acc@1: 19.00, Acc@5: 58.71
2025-06-05 19:29:33,944 - log - INFO - iter:2120/3333, clip_acc1=19.669811248779297, tta_acc1=19.669811248779297
2025-06-05 19:29:33,944 - log - INFO - iter:2120/3333, Original Acc@1: 19.67, Acc@5: 59.06, TTA Acc@1: 19.67, Acc@5: 59.06
2025-06-05 19:30:09,911 - log - INFO - iter:2140/3333, clip_acc1=20.046730041503906, tta_acc1=20.046730041503906
2025-06-05 19:30:09,911 - log - INFO - iter:2140/3333, Original Acc@1: 20.05, Acc@5: 59.11, TTA Acc@1: 20.05, Acc@5: 59.11
2025-06-05 19:30:45,806 - log - INFO - iter:2160/3333, clip_acc1=19.86111068725586, tta_acc1=19.86111068725586
2025-06-05 19:30:45,806 - log - INFO - iter:2160/3333, Original Acc@1: 19.86, Acc@5: 58.56, TTA Acc@1: 19.86, Acc@5: 58.56
2025-06-05 19:31:21,711 - log - INFO - iter:2180/3333, clip_acc1=19.67889976501465, tta_acc1=19.67889976501465
2025-06-05 19:31:21,712 - log - INFO - iter:2180/3333, Original Acc@1: 19.68, Acc@5: 58.03, TTA Acc@1: 19.68, Acc@5: 58.03
2025-06-05 19:31:57,676 - log - INFO - iter:2200/3333, clip_acc1=19.5, tta_acc1=19.5
2025-06-05 19:31:57,676 - log - INFO - iter:2200/3333, Original Acc@1: 19.50, Acc@5: 57.50, TTA Acc@1: 19.50, Acc@5: 57.50
2025-06-05 19:32:33,544 - log - INFO - iter:2220/3333, clip_acc1=19.324325561523438, tta_acc1=19.324325561523438
2025-06-05 19:32:33,544 - log - INFO - iter:2220/3333, Original Acc@1: 19.32, Acc@5: 56.98, TTA Acc@1: 19.32, Acc@5: 56.98
2025-06-05 19:33:09,450 - log - INFO - iter:2240/3333, clip_acc1=19.151784896850586, tta_acc1=19.151784896850586
2025-06-05 19:33:09,450 - log - INFO - iter:2240/3333, Original Acc@1: 19.15, Acc@5: 56.47, TTA Acc@1: 19.15, Acc@5: 56.47
2025-06-05 19:33:45,468 - log - INFO - iter:2260/3333, clip_acc1=18.982301712036133, tta_acc1=18.982301712036133
2025-06-05 19:33:45,468 - log - INFO - iter:2260/3333, Original Acc@1: 18.98, Acc@5: 55.97, TTA Acc@1: 18.98, Acc@5: 55.97
2025-06-05 19:34:22,006 - log - INFO - iter:2280/3333, clip_acc1=18.8157901763916, tta_acc1=18.8157901763916
2025-06-05 19:34:22,006 - log - INFO - iter:2280/3333, Original Acc@1: 18.82, Acc@5: 55.53, TTA Acc@1: 18.82, Acc@5: 55.53
2025-06-05 19:34:57,844 - log - INFO - iter:2300/3333, clip_acc1=18.65217399597168, tta_acc1=18.65217399597168
2025-06-05 19:34:57,844 - log - INFO - iter:2300/3333, Original Acc@1: 18.65, Acc@5: 55.13, TTA Acc@1: 18.65, Acc@5: 55.13
2025-06-05 19:35:33,636 - log - INFO - iter:2320/3333, clip_acc1=18.879310607910156, tta_acc1=18.879310607910156
2025-06-05 19:35:33,637 - log - INFO - iter:2320/3333, Original Acc@1: 18.88, Acc@5: 55.52, TTA Acc@1: 18.88, Acc@5: 55.52
2025-06-05 19:36:09,552 - log - INFO - iter:2340/3333, clip_acc1=19.145299911499023, tta_acc1=19.145299911499023
2025-06-05 19:36:09,552 - log - INFO - iter:2340/3333, Original Acc@1: 19.15, Acc@5: 55.90, TTA Acc@1: 19.15, Acc@5: 55.90
2025-06-05 19:36:45,524 - log - INFO - iter:2360/3333, clip_acc1=19.11016845703125, tta_acc1=19.11016845703125
2025-06-05 19:36:45,524 - log - INFO - iter:2360/3333, Original Acc@1: 19.11, Acc@5: 56.27, TTA Acc@1: 19.11, Acc@5: 56.27
2025-06-05 19:37:21,462 - log - INFO - iter:2380/3333, clip_acc1=19.66386604309082, tta_acc1=19.66386604309082
2025-06-05 19:37:21,462 - log - INFO - iter:2380/3333, Original Acc@1: 19.66, Acc@5: 56.64, TTA Acc@1: 19.66, Acc@5: 56.64
2025-06-05 19:37:57,531 - log - INFO - iter:2400/3333, clip_acc1=20.33333396911621, tta_acc1=20.33333396911621
2025-06-05 19:37:57,532 - log - INFO - iter:2400/3333, Original Acc@1: 20.33, Acc@5: 57.00, TTA Acc@1: 20.33, Acc@5: 57.00
2025-06-05 19:38:33,429 - log - INFO - iter:2420/3333, clip_acc1=20.991735458374023, tta_acc1=20.991735458374023
2025-06-05 19:38:33,429 - log - INFO - iter:2420/3333, Original Acc@1: 20.99, Acc@5: 57.36, TTA Acc@1: 20.99, Acc@5: 57.36
2025-06-05 19:39:09,372 - log - INFO - iter:2440/3333, clip_acc1=21.516393661499023, tta_acc1=21.516393661499023
2025-06-05 19:39:09,373 - log - INFO - iter:2440/3333, Original Acc@1: 21.52, Acc@5: 57.70, TTA Acc@1: 21.52, Acc@5: 57.70
2025-06-05 19:39:45,388 - log - INFO - iter:2460/3333, clip_acc1=22.154470443725586, tta_acc1=22.154470443725586
2025-06-05 19:39:45,388 - log - INFO - iter:2460/3333, Original Acc@1: 22.15, Acc@5: 58.05, TTA Acc@1: 22.15, Acc@5: 58.05
2025-06-05 19:40:21,456 - log - INFO - iter:2480/3333, clip_acc1=22.45967674255371, tta_acc1=22.45967674255371
2025-06-05 19:40:21,457 - log - INFO - iter:2480/3333, Original Acc@1: 22.46, Acc@5: 58.35, TTA Acc@1: 22.46, Acc@5: 58.35
2025-06-05 19:40:57,299 - log - INFO - iter:2500/3333, clip_acc1=22.559999465942383, tta_acc1=22.559999465942383
2025-06-05 19:40:57,299 - log - INFO - iter:2500/3333, Original Acc@1: 22.56, Acc@5: 58.52, TTA Acc@1: 22.56, Acc@5: 58.52
2025-06-05 19:41:33,326 - log - INFO - iter:2520/3333, clip_acc1=22.5, tta_acc1=22.5
2025-06-05 19:41:33,327 - log - INFO - iter:2520/3333, Original Acc@1: 22.50, Acc@5: 58.73, TTA Acc@1: 22.50, Acc@5: 58.73
2025-06-05 19:42:09,165 - log - INFO - iter:2540/3333, clip_acc1=22.519685745239258, tta_acc1=22.519685745239258
2025-06-05 19:42:09,166 - log - INFO - iter:2540/3333, Original Acc@1: 22.52, Acc@5: 58.90, TTA Acc@1: 22.52, Acc@5: 58.90
2025-06-05 19:42:45,157 - log - INFO - iter:2560/3333, clip_acc1=22.421875, tta_acc1=22.421875
2025-06-05 19:42:45,158 - log - INFO - iter:2560/3333, Original Acc@1: 22.42, Acc@5: 58.79, TTA Acc@1: 22.42, Acc@5: 58.79
2025-06-05 19:43:20,936 - log - INFO - iter:2580/3333, clip_acc1=22.248062133789062, tta_acc1=22.248062133789062
2025-06-05 19:43:20,936 - log - INFO - iter:2580/3333, Original Acc@1: 22.25, Acc@5: 58.84, TTA Acc@1: 22.25, Acc@5: 58.84
2025-06-05 19:43:56,768 - log - INFO - iter:2600/3333, clip_acc1=22.076923370361328, tta_acc1=22.076923370361328
2025-06-05 19:43:56,768 - log - INFO - iter:2600/3333, Original Acc@1: 22.08, Acc@5: 58.96, TTA Acc@1: 22.08, Acc@5: 58.96
2025-06-05 19:44:32,500 - log - INFO - iter:2620/3333, clip_acc1=21.908397674560547, tta_acc1=21.908397674560547
2025-06-05 19:44:32,500 - log - INFO - iter:2620/3333, Original Acc@1: 21.91, Acc@5: 59.01, TTA Acc@1: 21.91, Acc@5: 59.01
2025-06-05 19:45:08,225 - log - INFO - iter:2640/3333, clip_acc1=21.74242401123047, tta_acc1=21.74242401123047
2025-06-05 19:45:08,225 - log - INFO - iter:2640/3333, Original Acc@1: 21.74, Acc@5: 58.94, TTA Acc@1: 21.74, Acc@5: 58.94
2025-06-05 19:45:44,203 - log - INFO - iter:2660/3333, clip_acc1=21.578947067260742, tta_acc1=21.578947067260742
2025-06-05 19:45:44,203 - log - INFO - iter:2660/3333, Original Acc@1: 21.58, Acc@5: 58.50, TTA Acc@1: 21.58, Acc@5: 58.50
2025-06-05 19:46:20,106 - log - INFO - iter:2680/3333, clip_acc1=21.865671157836914, tta_acc1=21.865671157836914
2025-06-05 19:46:20,107 - log - INFO - iter:2680/3333, Original Acc@1: 21.87, Acc@5: 58.54, TTA Acc@1: 21.87, Acc@5: 58.54
2025-06-05 19:46:56,105 - log - INFO - iter:2700/3333, clip_acc1=22.33333396911621, tta_acc1=22.33333396911621
2025-06-05 19:46:56,106 - log - INFO - iter:2700/3333, Original Acc@1: 22.33, Acc@5: 58.85, TTA Acc@1: 22.33, Acc@5: 58.85
2025-06-05 19:47:32,091 - log - INFO - iter:2720/3333, clip_acc1=22.169118881225586, tta_acc1=22.169118881225586
2025-06-05 19:47:32,091 - log - INFO - iter:2720/3333, Original Acc@1: 22.17, Acc@5: 58.82, TTA Acc@1: 22.17, Acc@5: 58.82
2025-06-05 19:48:07,889 - log - INFO - iter:2740/3333, clip_acc1=22.00729751586914, tta_acc1=22.00729751586914
2025-06-05 19:48:07,889 - log - INFO - iter:2740/3333, Original Acc@1: 22.01, Acc@5: 58.69, TTA Acc@1: 22.01, Acc@5: 58.69
2025-06-05 19:48:43,651 - log - INFO - iter:2760/3333, clip_acc1=21.84782600402832, tta_acc1=21.84782600402832
2025-06-05 19:48:43,652 - log - INFO - iter:2760/3333, Original Acc@1: 21.85, Acc@5: 58.48, TTA Acc@1: 21.85, Acc@5: 58.48
2025-06-05 19:49:19,689 - log - INFO - iter:2780/3333, clip_acc1=22.158273696899414, tta_acc1=22.158273696899414
2025-06-05 19:49:19,690 - log - INFO - iter:2780/3333, Original Acc@1: 22.16, Acc@5: 58.56, TTA Acc@1: 22.16, Acc@5: 58.56
2025-06-05 19:49:55,517 - log - INFO - iter:2800/3333, clip_acc1=22.60714340209961, tta_acc1=22.60714340209961
2025-06-05 19:49:55,517 - log - INFO - iter:2800/3333, Original Acc@1: 22.61, Acc@5: 58.86, TTA Acc@1: 22.61, Acc@5: 58.86
2025-06-05 19:50:31,408 - log - INFO - iter:2820/3333, clip_acc1=22.446807861328125, tta_acc1=22.446807861328125
2025-06-05 19:50:31,408 - log - INFO - iter:2820/3333, Original Acc@1: 22.45, Acc@5: 58.69, TTA Acc@1: 22.45, Acc@5: 58.69
2025-06-05 19:51:07,203 - log - INFO - iter:2840/3333, clip_acc1=22.429576873779297, tta_acc1=22.429576873779297
2025-06-05 19:51:07,203 - log - INFO - iter:2840/3333, Original Acc@1: 22.43, Acc@5: 58.63, TTA Acc@1: 22.43, Acc@5: 58.63
2025-06-05 19:51:43,131 - log - INFO - iter:2860/3333, clip_acc1=22.797203063964844, tta_acc1=22.797203063964844
2025-06-05 19:51:43,131 - log - INFO - iter:2860/3333, Original Acc@1: 22.80, Acc@5: 58.88, TTA Acc@1: 22.80, Acc@5: 58.88
2025-06-05 19:52:19,176 - log - INFO - iter:2880/3333, clip_acc1=22.70833396911621, tta_acc1=22.70833396911621
2025-06-05 19:52:19,177 - log - INFO - iter:2880/3333, Original Acc@1: 22.71, Acc@5: 58.75, TTA Acc@1: 22.71, Acc@5: 58.75
2025-06-05 19:52:55,051 - log - INFO - iter:2900/3333, clip_acc1=22.551725387573242, tta_acc1=22.551725387573242
2025-06-05 19:52:55,051 - log - INFO - iter:2900/3333, Original Acc@1: 22.55, Acc@5: 58.66, TTA Acc@1: 22.55, Acc@5: 58.66
2025-06-05 19:53:31,028 - log - INFO - iter:2920/3333, clip_acc1=22.431507110595703, tta_acc1=22.431507110595703
2025-06-05 19:53:31,028 - log - INFO - iter:2920/3333, Original Acc@1: 22.43, Acc@5: 58.70, TTA Acc@1: 22.43, Acc@5: 58.70
2025-06-05 19:54:06,969 - log - INFO - iter:2940/3333, clip_acc1=22.312925338745117, tta_acc1=22.312925338745117
2025-06-05 19:54:06,970 - log - INFO - iter:2940/3333, Original Acc@1: 22.31, Acc@5: 58.61, TTA Acc@1: 22.31, Acc@5: 58.61
2025-06-05 19:54:42,739 - log - INFO - iter:2960/3333, clip_acc1=22.16216278076172, tta_acc1=22.16216278076172
2025-06-05 19:54:42,740 - log - INFO - iter:2960/3333, Original Acc@1: 22.16, Acc@5: 58.21, TTA Acc@1: 22.16, Acc@5: 58.21
2025-06-05 19:55:18,609 - log - INFO - iter:2980/3333, clip_acc1=22.013423919677734, tta_acc1=22.013423919677734
2025-06-05 19:55:18,609 - log - INFO - iter:2980/3333, Original Acc@1: 22.01, Acc@5: 57.82, TTA Acc@1: 22.01, Acc@5: 57.82
2025-06-05 19:55:54,294 - log - INFO - iter:3000/3333, clip_acc1=21.866666793823242, tta_acc1=21.866666793823242
2025-06-05 19:55:54,294 - log - INFO - iter:3000/3333, Original Acc@1: 21.87, Acc@5: 57.47, TTA Acc@1: 21.87, Acc@5: 57.47
2025-06-05 19:56:30,191 - log - INFO - iter:3020/3333, clip_acc1=21.72185516357422, tta_acc1=21.72185516357422
2025-06-05 19:56:30,192 - log - INFO - iter:3020/3333, Original Acc@1: 21.72, Acc@5: 57.09, TTA Acc@1: 21.72, Acc@5: 57.09
2025-06-05 19:57:06,092 - log - INFO - iter:3040/3333, clip_acc1=21.578948974609375, tta_acc1=21.578948974609375
2025-06-05 19:57:06,092 - log - INFO - iter:3040/3333, Original Acc@1: 21.58, Acc@5: 56.74, TTA Acc@1: 21.58, Acc@5: 56.74
2025-06-05 19:57:42,112 - log - INFO - iter:3060/3333, clip_acc1=21.50326919555664, tta_acc1=21.50326919555664
2025-06-05 19:57:42,113 - log - INFO - iter:3060/3333, Original Acc@1: 21.50, Acc@5: 56.63, TTA Acc@1: 21.50, Acc@5: 56.63
2025-06-05 19:58:17,943 - log - INFO - iter:3080/3333, clip_acc1=21.363636016845703, tta_acc1=21.363636016845703
2025-06-05 19:58:17,943 - log - INFO - iter:3080/3333, Original Acc@1: 21.36, Acc@5: 56.30, TTA Acc@1: 21.36, Acc@5: 56.30
2025-06-05 19:58:53,793 - log - INFO - iter:3100/3333, clip_acc1=21.225807189941406, tta_acc1=21.225807189941406
2025-06-05 19:58:53,793 - log - INFO - iter:3100/3333, Original Acc@1: 21.23, Acc@5: 55.94, TTA Acc@1: 21.23, Acc@5: 55.94
2025-06-05 19:59:29,664 - log - INFO - iter:3120/3333, clip_acc1=21.089744567871094, tta_acc1=21.089744567871094
2025-06-05 19:59:29,664 - log - INFO - iter:3120/3333, Original Acc@1: 21.09, Acc@5: 55.58, TTA Acc@1: 21.09, Acc@5: 55.58
2025-06-05 20:00:05,512 - log - INFO - iter:3140/3333, clip_acc1=20.955413818359375, tta_acc1=20.955413818359375
2025-06-05 20:00:05,512 - log - INFO - iter:3140/3333, Original Acc@1: 20.96, Acc@5: 55.25, TTA Acc@1: 20.96, Acc@5: 55.25
2025-06-05 20:00:41,375 - log - INFO - iter:3160/3333, clip_acc1=20.822784423828125, tta_acc1=20.822784423828125
2025-06-05 20:00:41,375 - log - INFO - iter:3160/3333, Original Acc@1: 20.82, Acc@5: 55.09, TTA Acc@1: 20.82, Acc@5: 55.09
2025-06-05 20:01:17,283 - log - INFO - iter:3180/3333, clip_acc1=21.1320743560791, tta_acc1=21.1320743560791
2025-06-05 20:01:17,283 - log - INFO - iter:3180/3333, Original Acc@1: 21.13, Acc@5: 55.22, TTA Acc@1: 21.13, Acc@5: 55.22
2025-06-05 20:01:53,117 - log - INFO - iter:3200/3333, clip_acc1=21.625, tta_acc1=21.625
2025-06-05 20:01:53,117 - log - INFO - iter:3200/3333, Original Acc@1: 21.62, Acc@5: 55.50, TTA Acc@1: 21.62, Acc@5: 55.50
2025-06-05 20:02:28,965 - log - INFO - iter:3220/3333, clip_acc1=21.49068260192871, tta_acc1=21.49068260192871
2025-06-05 20:02:28,965 - log - INFO - iter:3220/3333, Original Acc@1: 21.49, Acc@5: 55.16, TTA Acc@1: 21.49, Acc@5: 55.16
2025-06-05 20:03:04,829 - log - INFO - iter:3240/3333, clip_acc1=21.3580265045166, tta_acc1=21.3580265045166
2025-06-05 20:03:04,829 - log - INFO - iter:3240/3333, Original Acc@1: 21.36, Acc@5: 54.91, TTA Acc@1: 21.36, Acc@5: 54.91
2025-06-05 20:03:40,660 - log - INFO - iter:3260/3333, clip_acc1=21.226993560791016, tta_acc1=21.226993560791016
2025-06-05 20:03:40,660 - log - INFO - iter:3260/3333, Original Acc@1: 21.23, Acc@5: 54.97, TTA Acc@1: 21.23, Acc@5: 54.97
2025-06-05 20:04:16,501 - log - INFO - iter:3280/3333, clip_acc1=21.463415145874023, tta_acc1=21.463415145874023
2025-06-05 20:04:16,502 - log - INFO - iter:3280/3333, Original Acc@1: 21.46, Acc@5: 55.18, TTA Acc@1: 21.46, Acc@5: 55.18
2025-06-05 20:04:52,500 - log - INFO - iter:3300/3333, clip_acc1=21.727272033691406, tta_acc1=21.727272033691406
2025-06-05 20:04:52,500 - log - INFO - iter:3300/3333, Original Acc@1: 21.73, Acc@5: 55.42, TTA Acc@1: 21.73, Acc@5: 55.42
2025-06-05 20:05:28,546 - log - INFO - iter:3320/3333, clip_acc1=21.596385955810547, tta_acc1=21.596385955810547
2025-06-05 20:05:28,546 - log - INFO - iter:3320/3333, Original Acc@1: 21.60, Acc@5: 55.09, TTA Acc@1: 21.60, Acc@5: 55.09
2025-06-05 20:05:52,296 - log - INFO - iter:3333/3333, clip_acc1=21.512149810791016, tta_acc1=21.512149810791016
2025-06-05 20:05:52,297 - log - INFO - iter:3333/3333, Original Acc@1: 21.51, Acc@5: 54.88, TTA Acc@1: 21.51, Acc@5: 54.88
2025-06-05 20:05:52,429 - log - INFO - Final results - Original Acc@1: 21.51, Acc@5: 54.88, TTA Acc@1: 21.51, Acc@5: 54.88
2025-06-05 20:05:52,430 - log - INFO - Improvement from TTA in Acc@1 0.00, and Acc@5 0.00
2025-06-05 20:05:52,430 - log - INFO - => Acc. on testset [Aircraft]: Clean Acc @1 21.512149810791016/ TTA Clean Acc @1 21.512149810791016, Clean Acc @5 54.875484466552734/ TTA Clean Acc @5 54.875484466552734
2025-06-05 20:05:52,430 - log - INFO - Total script execution time: 6162.77 seconds (102.71 minutes)
