2025-06-04 13:29:37,194 - log - INFO - ==========================================
data:/leonardo_work/EUHPC_R04_192/fmohamma/Adversarial_Robust_Clip/atpt_data/downstream_datasets
test_sets:Caltech101
dataset_mode:test
arch:delta_clip_l14_224
resolution:224
workers:4
no_pin_memory:False
batch_size:64
print_freq:20
gpu:0
no_cudnn_benchmark:False
n_ctx:4
ctx_init:a_photo_of_a
tpt_loss:rtpt
seed:0
output_dir:/leonardo_work/EUHPC_R04_192/fmohamma/Adversarial_Robust_Clip/atpt_data/delta_clip_l14_224/Caltech101
log_output_dir:/leonardo_work/EUHPC_R04_192/fmohamma/Adversarial_Robust_Clip/ATPT/Final_Results/delta_clip_l14_224/Caltech101
eps:0.0
alpha:0.0
alpha_eps_ratio:4.0
steps:0
lr:0.005
selection_p:0.1
tta_steps:0
ensemble_type:none
top_k:20
softmax_temp:0.01
counter_attack:True
counter_attack_type:pgd
counter_attack_steps:0
counter_attack_eps:2.0
counter_attack_alpha:1.0
counter_attack_tau_thres:0.2
counter_attack_beta:2.0
counter_attack_weighted_perturbations:True
pgd_clip_pure_i_text_embeddings:null
pgd_counter_and_clipure_i_lamda:1.0
selected_id_name:selected_topk.json
weighted_score_name:weighted_scores.json
batch_entropy_name:entropies.json
log_dir:/leonardo_work/EUHPC_R04_192/fmohamma/Adversarial_Robust_Clip/ATPT/Final_Results/delta_clip_l14_224/Caltech101/Clean/Counter_Attack/Eps_2_0_Steps_0_Alpha_1_0/tau_0_2_beta_2_0_weighted_pertrubation_True/No_TPT/Inference_Ensemble_none

2025-06-04 13:29:37,195 - log - INFO - Use GPU: 0 for training
2025-06-04 13:31:20,750 - log - INFO - Freezing all parameters except prompt learner
2025-06-04 13:31:20,752 - log - INFO - => Model created: visual backbone delta_clip_l14_224
2025-06-04 13:31:21,022 - log - INFO - Number of test samples: 2465
2025-06-04 13:31:21,022 - log - INFO - Evaluating dataset: Caltech101
2025-06-04 13:31:21,023 - log - INFO - Starting evaluation with batch size: 64, selection percentage: 0.1
2025-06-04 13:31:21,023 - log - INFO - Test-time adaptation steps: 0, learning rate: 0.005
2025-06-04 13:31:21,023 - log - INFO - Using counter-attack with epsilon: 2.000000, alpha: 0.000000, steps: 0, tau_thres: 0.2, beta: 2.0, weighted perturbation: True
2025-06-04 13:32:17,724 - log - INFO - iter:20/2465, clip_acc1=90.0, tta_acc1=90.0
2025-06-04 13:32:17,725 - log - INFO - iter:20/2465, Original Acc@1: 90.00, Acc@5: 100.00, TTA Acc@1: 90.00, Acc@5: 100.00
2025-06-04 13:32:53,724 - log - INFO - iter:40/2465, clip_acc1=85.0, tta_acc1=85.0
2025-06-04 13:32:53,725 - log - INFO - iter:40/2465, Original Acc@1: 85.00, Acc@5: 97.50, TTA Acc@1: 85.00, Acc@5: 97.50
2025-06-04 13:33:29,420 - log - INFO - iter:60/2465, clip_acc1=83.33333587646484, tta_acc1=83.33333587646484
2025-06-04 13:33:29,421 - log - INFO - iter:60/2465, Original Acc@1: 83.33, Acc@5: 98.33, TTA Acc@1: 83.33, Acc@5: 98.33
2025-06-04 13:34:05,080 - log - INFO - iter:80/2465, clip_acc1=83.75, tta_acc1=83.75
2025-06-04 13:34:05,081 - log - INFO - iter:80/2465, Original Acc@1: 83.75, Acc@5: 98.75, TTA Acc@1: 83.75, Acc@5: 98.75
2025-06-04 13:34:40,946 - log - INFO - iter:100/2465, clip_acc1=83.0, tta_acc1=83.0
2025-06-04 13:34:40,946 - log - INFO - iter:100/2465, Original Acc@1: 83.00, Acc@5: 98.00, TTA Acc@1: 83.00, Acc@5: 98.00
2025-06-04 13:35:16,788 - log - INFO - iter:120/2465, clip_acc1=85.83333587646484, tta_acc1=85.83333587646484
2025-06-04 13:35:16,788 - log - INFO - iter:120/2465, Original Acc@1: 85.83, Acc@5: 98.33, TTA Acc@1: 85.83, Acc@5: 98.33
2025-06-04 13:35:52,659 - log - INFO - iter:140/2465, clip_acc1=86.42857360839844, tta_acc1=86.42857360839844
2025-06-04 13:35:52,659 - log - INFO - iter:140/2465, Original Acc@1: 86.43, Acc@5: 98.57, TTA Acc@1: 86.43, Acc@5: 98.57
2025-06-04 13:36:28,501 - log - INFO - iter:160/2465, clip_acc1=88.125, tta_acc1=88.125
2025-06-04 13:36:28,502 - log - INFO - iter:160/2465, Original Acc@1: 88.12, Acc@5: 98.75, TTA Acc@1: 88.12, Acc@5: 98.75
2025-06-04 13:37:04,276 - log - INFO - iter:180/2465, clip_acc1=89.44445037841797, tta_acc1=89.44445037841797
2025-06-04 13:37:04,277 - log - INFO - iter:180/2465, Original Acc@1: 89.44, Acc@5: 98.89, TTA Acc@1: 89.44, Acc@5: 98.89
2025-06-04 13:37:39,942 - log - INFO - iter:200/2465, clip_acc1=90.5, tta_acc1=90.5
2025-06-04 13:37:39,942 - log - INFO - iter:200/2465, Original Acc@1: 90.50, Acc@5: 99.00, TTA Acc@1: 90.50, Acc@5: 99.00
2025-06-04 13:38:15,637 - log - INFO - iter:220/2465, clip_acc1=91.36363220214844, tta_acc1=91.36363220214844
2025-06-04 13:38:15,637 - log - INFO - iter:220/2465, Original Acc@1: 91.36, Acc@5: 99.09, TTA Acc@1: 91.36, Acc@5: 99.09
2025-06-04 13:38:51,355 - log - INFO - iter:240/2465, clip_acc1=92.08333587646484, tta_acc1=92.08333587646484
2025-06-04 13:38:51,355 - log - INFO - iter:240/2465, Original Acc@1: 92.08, Acc@5: 99.17, TTA Acc@1: 92.08, Acc@5: 99.17
2025-06-04 13:39:27,166 - log - INFO - iter:260/2465, clip_acc1=92.69230651855469, tta_acc1=92.69230651855469
2025-06-04 13:39:27,166 - log - INFO - iter:260/2465, Original Acc@1: 92.69, Acc@5: 99.23, TTA Acc@1: 92.69, Acc@5: 99.23
2025-06-04 13:40:02,897 - log - INFO - iter:280/2465, clip_acc1=93.21428680419922, tta_acc1=93.21428680419922
2025-06-04 13:40:02,897 - log - INFO - iter:280/2465, Original Acc@1: 93.21, Acc@5: 99.29, TTA Acc@1: 93.21, Acc@5: 99.29
2025-06-04 13:40:38,648 - log - INFO - iter:300/2465, clip_acc1=93.66667175292969, tta_acc1=93.66667175292969
2025-06-04 13:40:38,648 - log - INFO - iter:300/2465, Original Acc@1: 93.67, Acc@5: 99.33, TTA Acc@1: 93.67, Acc@5: 99.33
2025-06-04 13:41:14,408 - log - INFO - iter:320/2465, clip_acc1=94.0625, tta_acc1=94.0625
2025-06-04 13:41:14,408 - log - INFO - iter:320/2465, Original Acc@1: 94.06, Acc@5: 99.38, TTA Acc@1: 94.06, Acc@5: 99.38
2025-06-04 13:41:50,136 - log - INFO - iter:340/2465, clip_acc1=94.4117660522461, tta_acc1=94.4117660522461
2025-06-04 13:41:50,136 - log - INFO - iter:340/2465, Original Acc@1: 94.41, Acc@5: 99.41, TTA Acc@1: 94.41, Acc@5: 99.41
2025-06-04 13:42:25,854 - log - INFO - iter:360/2465, clip_acc1=94.72222137451172, tta_acc1=94.72222137451172
2025-06-04 13:42:25,854 - log - INFO - iter:360/2465, Original Acc@1: 94.72, Acc@5: 99.44, TTA Acc@1: 94.72, Acc@5: 99.44
2025-06-04 13:43:01,475 - log - INFO - iter:380/2465, clip_acc1=95.00000762939453, tta_acc1=95.00000762939453
2025-06-04 13:43:01,475 - log - INFO - iter:380/2465, Original Acc@1: 95.00, Acc@5: 99.47, TTA Acc@1: 95.00, Acc@5: 99.47
2025-06-04 13:43:37,196 - log - INFO - iter:400/2465, clip_acc1=95.25, tta_acc1=95.25
2025-06-04 13:43:37,196 - log - INFO - iter:400/2465, Original Acc@1: 95.25, Acc@5: 99.50, TTA Acc@1: 95.25, Acc@5: 99.50
2025-06-04 13:44:12,771 - log - INFO - iter:420/2465, clip_acc1=95.4761962890625, tta_acc1=95.4761962890625
2025-06-04 13:44:12,771 - log - INFO - iter:420/2465, Original Acc@1: 95.48, Acc@5: 99.52, TTA Acc@1: 95.48, Acc@5: 99.52
2025-06-04 13:44:48,565 - log - INFO - iter:440/2465, clip_acc1=95.68181610107422, tta_acc1=95.68181610107422
2025-06-04 13:44:48,565 - log - INFO - iter:440/2465, Original Acc@1: 95.68, Acc@5: 99.55, TTA Acc@1: 95.68, Acc@5: 99.55
2025-06-04 13:45:24,110 - log - INFO - iter:460/2465, clip_acc1=95.86956024169922, tta_acc1=95.86956024169922
2025-06-04 13:45:24,110 - log - INFO - iter:460/2465, Original Acc@1: 95.87, Acc@5: 99.57, TTA Acc@1: 95.87, Acc@5: 99.57
2025-06-04 13:45:59,855 - log - INFO - iter:480/2465, clip_acc1=96.04167175292969, tta_acc1=96.04167175292969
2025-06-04 13:45:59,855 - log - INFO - iter:480/2465, Original Acc@1: 96.04, Acc@5: 99.58, TTA Acc@1: 96.04, Acc@5: 99.58
2025-06-04 13:46:35,597 - log - INFO - iter:500/2465, clip_acc1=96.20000457763672, tta_acc1=96.20000457763672
2025-06-04 13:46:35,597 - log - INFO - iter:500/2465, Original Acc@1: 96.20, Acc@5: 99.60, TTA Acc@1: 96.20, Acc@5: 99.60
2025-06-04 13:47:11,483 - log - INFO - iter:520/2465, clip_acc1=96.34615325927734, tta_acc1=96.34615325927734
2025-06-04 13:47:11,484 - log - INFO - iter:520/2465, Original Acc@1: 96.35, Acc@5: 99.62, TTA Acc@1: 96.35, Acc@5: 99.62
2025-06-04 13:47:47,281 - log - INFO - iter:540/2465, clip_acc1=96.48148345947266, tta_acc1=96.48148345947266
2025-06-04 13:47:47,281 - log - INFO - iter:540/2465, Original Acc@1: 96.48, Acc@5: 99.63, TTA Acc@1: 96.48, Acc@5: 99.63
2025-06-04 13:48:22,897 - log - INFO - iter:560/2465, clip_acc1=96.60713958740234, tta_acc1=96.60713958740234
2025-06-04 13:48:22,897 - log - INFO - iter:560/2465, Original Acc@1: 96.61, Acc@5: 99.64, TTA Acc@1: 96.61, Acc@5: 99.64
2025-06-04 13:48:58,760 - log - INFO - iter:580/2465, clip_acc1=96.72413635253906, tta_acc1=96.72413635253906
2025-06-04 13:48:58,760 - log - INFO - iter:580/2465, Original Acc@1: 96.72, Acc@5: 99.66, TTA Acc@1: 96.72, Acc@5: 99.66
2025-06-04 13:49:34,432 - log - INFO - iter:600/2465, clip_acc1=96.83333587646484, tta_acc1=96.83333587646484
2025-06-04 13:49:34,432 - log - INFO - iter:600/2465, Original Acc@1: 96.83, Acc@5: 99.67, TTA Acc@1: 96.83, Acc@5: 99.67
2025-06-04 13:50:10,167 - log - INFO - iter:620/2465, clip_acc1=96.93548583984375, tta_acc1=96.93548583984375
2025-06-04 13:50:10,168 - log - INFO - iter:620/2465, Original Acc@1: 96.94, Acc@5: 99.68, TTA Acc@1: 96.94, Acc@5: 99.68
2025-06-04 13:50:46,061 - log - INFO - iter:640/2465, clip_acc1=97.03125, tta_acc1=97.03125
2025-06-04 13:50:46,061 - log - INFO - iter:640/2465, Original Acc@1: 97.03, Acc@5: 99.69, TTA Acc@1: 97.03, Acc@5: 99.69
2025-06-04 13:51:21,831 - log - INFO - iter:660/2465, clip_acc1=97.12120819091797, tta_acc1=97.12120819091797
2025-06-04 13:51:21,832 - log - INFO - iter:660/2465, Original Acc@1: 97.12, Acc@5: 99.70, TTA Acc@1: 97.12, Acc@5: 99.70
2025-06-04 13:51:57,400 - log - INFO - iter:680/2465, clip_acc1=97.20588684082031, tta_acc1=97.20588684082031
2025-06-04 13:51:57,400 - log - INFO - iter:680/2465, Original Acc@1: 97.21, Acc@5: 99.71, TTA Acc@1: 97.21, Acc@5: 99.71
2025-06-04 13:52:33,148 - log - INFO - iter:700/2465, clip_acc1=97.28571319580078, tta_acc1=97.28571319580078
2025-06-04 13:52:33,148 - log - INFO - iter:700/2465, Original Acc@1: 97.29, Acc@5: 99.71, TTA Acc@1: 97.29, Acc@5: 99.71
2025-06-04 13:53:08,899 - log - INFO - iter:720/2465, clip_acc1=97.22222137451172, tta_acc1=97.22222137451172
2025-06-04 13:53:08,900 - log - INFO - iter:720/2465, Original Acc@1: 97.22, Acc@5: 99.72, TTA Acc@1: 97.22, Acc@5: 99.72
2025-06-04 13:53:44,612 - log - INFO - iter:740/2465, clip_acc1=97.29730224609375, tta_acc1=97.29730224609375
2025-06-04 13:53:44,613 - log - INFO - iter:740/2465, Original Acc@1: 97.30, Acc@5: 99.73, TTA Acc@1: 97.30, Acc@5: 99.73
2025-06-04 13:54:20,456 - log - INFO - iter:760/2465, clip_acc1=97.10527038574219, tta_acc1=97.10527038574219
2025-06-04 13:54:20,457 - log - INFO - iter:760/2465, Original Acc@1: 97.11, Acc@5: 99.61, TTA Acc@1: 97.11, Acc@5: 99.61
2025-06-04 13:54:56,110 - log - INFO - iter:780/2465, clip_acc1=97.17948913574219, tta_acc1=97.17948913574219
2025-06-04 13:54:56,110 - log - INFO - iter:780/2465, Original Acc@1: 97.18, Acc@5: 99.62, TTA Acc@1: 97.18, Acc@5: 99.62
2025-06-04 13:55:31,821 - log - INFO - iter:800/2465, clip_acc1=97.25, tta_acc1=97.25
2025-06-04 13:55:31,821 - log - INFO - iter:800/2465, Original Acc@1: 97.25, Acc@5: 99.62, TTA Acc@1: 97.25, Acc@5: 99.62
2025-06-04 13:56:07,658 - log - INFO - iter:820/2465, clip_acc1=97.31707000732422, tta_acc1=97.31707000732422
2025-06-04 13:56:07,658 - log - INFO - iter:820/2465, Original Acc@1: 97.32, Acc@5: 99.63, TTA Acc@1: 97.32, Acc@5: 99.63
2025-06-04 13:56:43,534 - log - INFO - iter:840/2465, clip_acc1=97.3809585571289, tta_acc1=97.3809585571289
2025-06-04 13:56:43,535 - log - INFO - iter:840/2465, Original Acc@1: 97.38, Acc@5: 99.64, TTA Acc@1: 97.38, Acc@5: 99.64
2025-06-04 13:57:19,279 - log - INFO - iter:860/2465, clip_acc1=97.44185638427734, tta_acc1=97.44185638427734
2025-06-04 13:57:19,279 - log - INFO - iter:860/2465, Original Acc@1: 97.44, Acc@5: 99.65, TTA Acc@1: 97.44, Acc@5: 99.65
2025-06-04 13:57:55,109 - log - INFO - iter:880/2465, clip_acc1=97.5, tta_acc1=97.5
2025-06-04 13:57:55,109 - log - INFO - iter:880/2465, Original Acc@1: 97.50, Acc@5: 99.66, TTA Acc@1: 97.50, Acc@5: 99.66
2025-06-04 13:58:30,897 - log - INFO - iter:900/2465, clip_acc1=97.55555725097656, tta_acc1=97.55555725097656
2025-06-04 13:58:30,897 - log - INFO - iter:900/2465, Original Acc@1: 97.56, Acc@5: 99.67, TTA Acc@1: 97.56, Acc@5: 99.67
2025-06-04 13:59:06,710 - log - INFO - iter:920/2465, clip_acc1=97.60868835449219, tta_acc1=97.60868835449219
2025-06-04 13:59:06,710 - log - INFO - iter:920/2465, Original Acc@1: 97.61, Acc@5: 99.67, TTA Acc@1: 97.61, Acc@5: 99.67
2025-06-04 13:59:42,532 - log - INFO - iter:940/2465, clip_acc1=97.6595687866211, tta_acc1=97.6595687866211
2025-06-04 13:59:42,533 - log - INFO - iter:940/2465, Original Acc@1: 97.66, Acc@5: 99.68, TTA Acc@1: 97.66, Acc@5: 99.68
2025-06-04 14:00:18,294 - log - INFO - iter:960/2465, clip_acc1=97.70833587646484, tta_acc1=97.70833587646484
2025-06-04 14:00:18,295 - log - INFO - iter:960/2465, Original Acc@1: 97.71, Acc@5: 99.69, TTA Acc@1: 97.71, Acc@5: 99.69
2025-06-04 14:00:54,047 - log - INFO - iter:980/2465, clip_acc1=97.75509643554688, tta_acc1=97.75509643554688
2025-06-04 14:00:54,047 - log - INFO - iter:980/2465, Original Acc@1: 97.76, Acc@5: 99.69, TTA Acc@1: 97.76, Acc@5: 99.69
2025-06-04 14:01:29,872 - log - INFO - iter:1000/2465, clip_acc1=97.70000457763672, tta_acc1=97.70000457763672
2025-06-04 14:01:29,873 - log - INFO - iter:1000/2465, Original Acc@1: 97.70, Acc@5: 99.70, TTA Acc@1: 97.70, Acc@5: 99.70
2025-06-04 14:02:05,596 - log - INFO - iter:1020/2465, clip_acc1=97.64706420898438, tta_acc1=97.64706420898438
2025-06-04 14:02:05,597 - log - INFO - iter:1020/2465, Original Acc@1: 97.65, Acc@5: 99.71, TTA Acc@1: 97.65, Acc@5: 99.71
2025-06-04 14:02:41,331 - log - INFO - iter:1040/2465, clip_acc1=97.69230651855469, tta_acc1=97.69230651855469
2025-06-04 14:02:41,331 - log - INFO - iter:1040/2465, Original Acc@1: 97.69, Acc@5: 99.71, TTA Acc@1: 97.69, Acc@5: 99.71
2025-06-04 14:03:17,093 - log - INFO - iter:1060/2465, clip_acc1=97.54717254638672, tta_acc1=97.54717254638672
2025-06-04 14:03:17,093 - log - INFO - iter:1060/2465, Original Acc@1: 97.55, Acc@5: 99.72, TTA Acc@1: 97.55, Acc@5: 99.72
2025-06-04 14:03:52,839 - log - INFO - iter:1080/2465, clip_acc1=97.5, tta_acc1=97.5
2025-06-04 14:03:52,839 - log - INFO - iter:1080/2465, Original Acc@1: 97.50, Acc@5: 99.63, TTA Acc@1: 97.50, Acc@5: 99.63
2025-06-04 14:04:28,640 - log - INFO - iter:1100/2465, clip_acc1=97.45454406738281, tta_acc1=97.45454406738281
2025-06-04 14:04:28,640 - log - INFO - iter:1100/2465, Original Acc@1: 97.45, Acc@5: 99.64, TTA Acc@1: 97.45, Acc@5: 99.64
2025-06-04 14:05:04,345 - log - INFO - iter:1120/2465, clip_acc1=96.33928680419922, tta_acc1=96.33928680419922
2025-06-04 14:05:04,345 - log - INFO - iter:1120/2465, Original Acc@1: 96.34, Acc@5: 99.64, TTA Acc@1: 96.34, Acc@5: 99.64
2025-06-04 14:05:40,176 - log - INFO - iter:1140/2465, clip_acc1=95.96491241455078, tta_acc1=95.96491241455078
2025-06-04 14:05:40,177 - log - INFO - iter:1140/2465, Original Acc@1: 95.96, Acc@5: 99.65, TTA Acc@1: 95.96, Acc@5: 99.65
2025-06-04 14:06:15,932 - log - INFO - iter:1160/2465, clip_acc1=95.68965148925781, tta_acc1=95.68965148925781
2025-06-04 14:06:15,932 - log - INFO - iter:1160/2465, Original Acc@1: 95.69, Acc@5: 99.66, TTA Acc@1: 95.69, Acc@5: 99.66
2025-06-04 14:06:51,690 - log - INFO - iter:1180/2465, clip_acc1=95.59321594238281, tta_acc1=95.59321594238281
2025-06-04 14:06:51,690 - log - INFO - iter:1180/2465, Original Acc@1: 95.59, Acc@5: 99.66, TTA Acc@1: 95.59, Acc@5: 99.66
2025-06-04 14:07:27,328 - log - INFO - iter:1200/2465, clip_acc1=95.66667175292969, tta_acc1=95.66667175292969
2025-06-04 14:07:27,328 - log - INFO - iter:1200/2465, Original Acc@1: 95.67, Acc@5: 99.67, TTA Acc@1: 95.67, Acc@5: 99.67
2025-06-04 14:08:03,069 - log - INFO - iter:1220/2465, clip_acc1=95.73770141601562, tta_acc1=95.73770141601562
2025-06-04 14:08:03,069 - log - INFO - iter:1220/2465, Original Acc@1: 95.74, Acc@5: 99.67, TTA Acc@1: 95.74, Acc@5: 99.67
2025-06-04 14:08:38,867 - log - INFO - iter:1240/2465, clip_acc1=95.80644989013672, tta_acc1=95.80644989013672
2025-06-04 14:08:38,867 - log - INFO - iter:1240/2465, Original Acc@1: 95.81, Acc@5: 99.68, TTA Acc@1: 95.81, Acc@5: 99.68
2025-06-04 14:09:14,684 - log - INFO - iter:1260/2465, clip_acc1=95.79365539550781, tta_acc1=95.79365539550781
2025-06-04 14:09:14,685 - log - INFO - iter:1260/2465, Original Acc@1: 95.79, Acc@5: 99.68, TTA Acc@1: 95.79, Acc@5: 99.68
2025-06-04 14:09:50,351 - log - INFO - iter:1280/2465, clip_acc1=95.859375, tta_acc1=95.859375
2025-06-04 14:09:50,351 - log - INFO - iter:1280/2465, Original Acc@1: 95.86, Acc@5: 99.69, TTA Acc@1: 95.86, Acc@5: 99.69
2025-06-04 14:10:26,195 - log - INFO - iter:1300/2465, clip_acc1=95.92308044433594, tta_acc1=95.92308044433594
2025-06-04 14:10:26,196 - log - INFO - iter:1300/2465, Original Acc@1: 95.92, Acc@5: 99.69, TTA Acc@1: 95.92, Acc@5: 99.69
2025-06-04 14:11:01,968 - log - INFO - iter:1320/2465, clip_acc1=95.98484802246094, tta_acc1=95.98484802246094
2025-06-04 14:11:01,968 - log - INFO - iter:1320/2465, Original Acc@1: 95.98, Acc@5: 99.70, TTA Acc@1: 95.98, Acc@5: 99.70
2025-06-04 14:11:37,818 - log - INFO - iter:1340/2465, clip_acc1=96.0447769165039, tta_acc1=96.0447769165039
2025-06-04 14:11:37,818 - log - INFO - iter:1340/2465, Original Acc@1: 96.04, Acc@5: 99.70, TTA Acc@1: 96.04, Acc@5: 99.70
2025-06-04 14:12:13,672 - log - INFO - iter:1360/2465, clip_acc1=96.02941131591797, tta_acc1=96.02941131591797
2025-06-04 14:12:13,672 - log - INFO - iter:1360/2465, Original Acc@1: 96.03, Acc@5: 99.71, TTA Acc@1: 96.03, Acc@5: 99.71
2025-06-04 14:12:49,302 - log - INFO - iter:1380/2465, clip_acc1=96.08695983886719, tta_acc1=96.08695983886719
2025-06-04 14:12:49,302 - log - INFO - iter:1380/2465, Original Acc@1: 96.09, Acc@5: 99.71, TTA Acc@1: 96.09, Acc@5: 99.71
2025-06-04 14:13:25,117 - log - INFO - iter:1400/2465, clip_acc1=95.28571319580078, tta_acc1=95.28571319580078
2025-06-04 14:13:25,118 - log - INFO - iter:1400/2465, Original Acc@1: 95.29, Acc@5: 99.71, TTA Acc@1: 95.29, Acc@5: 99.71
2025-06-04 14:14:00,964 - log - INFO - iter:1420/2465, clip_acc1=95.28168487548828, tta_acc1=95.28168487548828
2025-06-04 14:14:00,964 - log - INFO - iter:1420/2465, Original Acc@1: 95.28, Acc@5: 99.72, TTA Acc@1: 95.28, Acc@5: 99.72
2025-06-04 14:14:36,760 - log - INFO - iter:1440/2465, clip_acc1=95.34722137451172, tta_acc1=95.34722137451172
2025-06-04 14:14:36,761 - log - INFO - iter:1440/2465, Original Acc@1: 95.35, Acc@5: 99.72, TTA Acc@1: 95.35, Acc@5: 99.72
2025-06-04 14:15:12,471 - log - INFO - iter:1460/2465, clip_acc1=95.41096496582031, tta_acc1=95.41096496582031
2025-06-04 14:15:12,472 - log - INFO - iter:1460/2465, Original Acc@1: 95.41, Acc@5: 99.73, TTA Acc@1: 95.41, Acc@5: 99.73
2025-06-04 14:15:48,087 - log - INFO - iter:1480/2465, clip_acc1=95.47297668457031, tta_acc1=95.47297668457031
2025-06-04 14:15:48,088 - log - INFO - iter:1480/2465, Original Acc@1: 95.47, Acc@5: 99.73, TTA Acc@1: 95.47, Acc@5: 99.73
2025-06-04 14:16:24,024 - log - INFO - iter:1500/2465, clip_acc1=95.53333282470703, tta_acc1=95.53333282470703
2025-06-04 14:16:24,025 - log - INFO - iter:1500/2465, Original Acc@1: 95.53, Acc@5: 99.73, TTA Acc@1: 95.53, Acc@5: 99.73
2025-06-04 14:16:59,895 - log - INFO - iter:1520/2465, clip_acc1=95.59210968017578, tta_acc1=95.59210968017578
2025-06-04 14:16:59,895 - log - INFO - iter:1520/2465, Original Acc@1: 95.59, Acc@5: 99.74, TTA Acc@1: 95.59, Acc@5: 99.74
2025-06-04 14:17:35,653 - log - INFO - iter:1540/2465, clip_acc1=95.58441162109375, tta_acc1=95.58441162109375
2025-06-04 14:17:35,654 - log - INFO - iter:1540/2465, Original Acc@1: 95.58, Acc@5: 99.74, TTA Acc@1: 95.58, Acc@5: 99.74
2025-06-04 14:18:11,437 - log - INFO - iter:1560/2465, clip_acc1=95.64102935791016, tta_acc1=95.64102935791016
2025-06-04 14:18:11,437 - log - INFO - iter:1560/2465, Original Acc@1: 95.64, Acc@5: 99.74, TTA Acc@1: 95.64, Acc@5: 99.74
2025-06-04 14:18:47,265 - log - INFO - iter:1580/2465, clip_acc1=95.69620513916016, tta_acc1=95.69620513916016
2025-06-04 14:18:47,266 - log - INFO - iter:1580/2465, Original Acc@1: 95.70, Acc@5: 99.75, TTA Acc@1: 95.70, Acc@5: 99.75
2025-06-04 14:19:23,100 - log - INFO - iter:1600/2465, clip_acc1=95.75, tta_acc1=95.75
2025-06-04 14:19:23,100 - log - INFO - iter:1600/2465, Original Acc@1: 95.75, Acc@5: 99.75, TTA Acc@1: 95.75, Acc@5: 99.75
2025-06-04 14:19:59,013 - log - INFO - iter:1620/2465, clip_acc1=95.80247497558594, tta_acc1=95.80247497558594
2025-06-04 14:19:59,013 - log - INFO - iter:1620/2465, Original Acc@1: 95.80, Acc@5: 99.75, TTA Acc@1: 95.80, Acc@5: 99.75
2025-06-04 14:20:34,712 - log - INFO - iter:1640/2465, clip_acc1=95.24390411376953, tta_acc1=95.24390411376953
2025-06-04 14:20:34,712 - log - INFO - iter:1640/2465, Original Acc@1: 95.24, Acc@5: 99.76, TTA Acc@1: 95.24, Acc@5: 99.76
2025-06-04 14:21:10,341 - log - INFO - iter:1660/2465, clip_acc1=94.39759063720703, tta_acc1=94.39759063720703
2025-06-04 14:21:10,341 - log - INFO - iter:1660/2465, Original Acc@1: 94.40, Acc@5: 99.76, TTA Acc@1: 94.40, Acc@5: 99.76
2025-06-04 14:21:45,945 - log - INFO - iter:1680/2465, clip_acc1=94.46428680419922, tta_acc1=94.46428680419922
2025-06-04 14:21:45,946 - log - INFO - iter:1680/2465, Original Acc@1: 94.46, Acc@5: 99.76, TTA Acc@1: 94.46, Acc@5: 99.76
2025-06-04 14:22:21,604 - log - INFO - iter:1700/2465, clip_acc1=94.52941131591797, tta_acc1=94.52941131591797
2025-06-04 14:22:21,604 - log - INFO - iter:1700/2465, Original Acc@1: 94.53, Acc@5: 99.76, TTA Acc@1: 94.53, Acc@5: 99.76
2025-06-04 14:22:57,275 - log - INFO - iter:1720/2465, clip_acc1=94.59302520751953, tta_acc1=94.59302520751953
2025-06-04 14:22:57,275 - log - INFO - iter:1720/2465, Original Acc@1: 94.59, Acc@5: 99.77, TTA Acc@1: 94.59, Acc@5: 99.77
2025-06-04 14:23:33,073 - log - INFO - iter:1740/2465, clip_acc1=94.48275756835938, tta_acc1=94.48275756835938
2025-06-04 14:23:33,073 - log - INFO - iter:1740/2465, Original Acc@1: 94.48, Acc@5: 99.77, TTA Acc@1: 94.48, Acc@5: 99.77
2025-06-04 14:24:08,934 - log - INFO - iter:1760/2465, clip_acc1=94.20454406738281, tta_acc1=94.20454406738281
2025-06-04 14:24:08,934 - log - INFO - iter:1760/2465, Original Acc@1: 94.20, Acc@5: 99.77, TTA Acc@1: 94.20, Acc@5: 99.77
2025-06-04 14:24:44,648 - log - INFO - iter:1780/2465, clip_acc1=94.15730285644531, tta_acc1=94.15730285644531
2025-06-04 14:24:44,648 - log - INFO - iter:1780/2465, Original Acc@1: 94.16, Acc@5: 99.72, TTA Acc@1: 94.16, Acc@5: 99.72
2025-06-04 14:25:20,524 - log - INFO - iter:1800/2465, clip_acc1=94.16667175292969, tta_acc1=94.16667175292969
2025-06-04 14:25:20,525 - log - INFO - iter:1800/2465, Original Acc@1: 94.17, Acc@5: 99.72, TTA Acc@1: 94.17, Acc@5: 99.72
2025-06-04 14:25:56,366 - log - INFO - iter:1820/2465, clip_acc1=94.23077392578125, tta_acc1=94.23077392578125
2025-06-04 14:25:56,367 - log - INFO - iter:1820/2465, Original Acc@1: 94.23, Acc@5: 99.73, TTA Acc@1: 94.23, Acc@5: 99.73
2025-06-04 14:26:32,141 - log - INFO - iter:1840/2465, clip_acc1=94.23912811279297, tta_acc1=94.23912811279297
2025-06-04 14:26:32,141 - log - INFO - iter:1840/2465, Original Acc@1: 94.24, Acc@5: 99.73, TTA Acc@1: 94.24, Acc@5: 99.73
2025-06-04 14:27:07,965 - log - INFO - iter:1860/2465, clip_acc1=94.30107879638672, tta_acc1=94.30107879638672
2025-06-04 14:27:07,965 - log - INFO - iter:1860/2465, Original Acc@1: 94.30, Acc@5: 99.73, TTA Acc@1: 94.30, Acc@5: 99.73
2025-06-04 14:27:43,744 - log - INFO - iter:1880/2465, clip_acc1=94.36170196533203, tta_acc1=94.36170196533203
2025-06-04 14:27:43,744 - log - INFO - iter:1880/2465, Original Acc@1: 94.36, Acc@5: 99.73, TTA Acc@1: 94.36, Acc@5: 99.73
2025-06-04 14:28:19,500 - log - INFO - iter:1900/2465, clip_acc1=94.42105102539062, tta_acc1=94.42105102539062
2025-06-04 14:28:19,500 - log - INFO - iter:1900/2465, Original Acc@1: 94.42, Acc@5: 99.74, TTA Acc@1: 94.42, Acc@5: 99.74
2025-06-04 14:28:55,348 - log - INFO - iter:1920/2465, clip_acc1=94.47917175292969, tta_acc1=94.47917175292969
2025-06-04 14:28:55,348 - log - INFO - iter:1920/2465, Original Acc@1: 94.48, Acc@5: 99.74, TTA Acc@1: 94.48, Acc@5: 99.74
2025-06-04 14:29:31,170 - log - INFO - iter:1940/2465, clip_acc1=94.48454284667969, tta_acc1=94.48454284667969
2025-06-04 14:29:31,171 - log - INFO - iter:1940/2465, Original Acc@1: 94.48, Acc@5: 99.74, TTA Acc@1: 94.48, Acc@5: 99.74
2025-06-04 14:30:06,858 - log - INFO - iter:1960/2465, clip_acc1=94.54080963134766, tta_acc1=94.54080963134766
2025-06-04 14:30:06,858 - log - INFO - iter:1960/2465, Original Acc@1: 94.54, Acc@5: 99.74, TTA Acc@1: 94.54, Acc@5: 99.74
2025-06-04 14:30:42,647 - log - INFO - iter:1980/2465, clip_acc1=94.59596252441406, tta_acc1=94.59596252441406
2025-06-04 14:30:42,647 - log - INFO - iter:1980/2465, Original Acc@1: 94.60, Acc@5: 99.75, TTA Acc@1: 94.60, Acc@5: 99.75
2025-06-04 14:31:18,434 - log - INFO - iter:2000/2465, clip_acc1=94.6500015258789, tta_acc1=94.6500015258789
2025-06-04 14:31:18,434 - log - INFO - iter:2000/2465, Original Acc@1: 94.65, Acc@5: 99.75, TTA Acc@1: 94.65, Acc@5: 99.75
2025-06-04 14:31:54,228 - log - INFO - iter:2020/2465, clip_acc1=94.70297241210938, tta_acc1=94.70297241210938
2025-06-04 14:31:54,229 - log - INFO - iter:2020/2465, Original Acc@1: 94.70, Acc@5: 99.75, TTA Acc@1: 94.70, Acc@5: 99.75
2025-06-04 14:32:29,916 - log - INFO - iter:2040/2465, clip_acc1=94.7549057006836, tta_acc1=94.7549057006836
2025-06-04 14:32:29,917 - log - INFO - iter:2040/2465, Original Acc@1: 94.75, Acc@5: 99.75, TTA Acc@1: 94.75, Acc@5: 99.75
2025-06-04 14:33:05,565 - log - INFO - iter:2060/2465, clip_acc1=94.80582427978516, tta_acc1=94.80582427978516
2025-06-04 14:33:05,566 - log - INFO - iter:2060/2465, Original Acc@1: 94.81, Acc@5: 99.76, TTA Acc@1: 94.81, Acc@5: 99.76
2025-06-04 14:33:41,275 - log - INFO - iter:2080/2465, clip_acc1=94.80769348144531, tta_acc1=94.80769348144531
2025-06-04 14:33:41,275 - log - INFO - iter:2080/2465, Original Acc@1: 94.81, Acc@5: 99.76, TTA Acc@1: 94.81, Acc@5: 99.76
2025-06-04 14:34:17,043 - log - INFO - iter:2100/2465, clip_acc1=94.85713958740234, tta_acc1=94.85713958740234
2025-06-04 14:34:17,043 - log - INFO - iter:2100/2465, Original Acc@1: 94.86, Acc@5: 99.76, TTA Acc@1: 94.86, Acc@5: 99.76
2025-06-04 14:34:52,880 - log - INFO - iter:2120/2465, clip_acc1=94.9056625366211, tta_acc1=94.9056625366211
2025-06-04 14:34:52,881 - log - INFO - iter:2120/2465, Original Acc@1: 94.91, Acc@5: 99.76, TTA Acc@1: 94.91, Acc@5: 99.76
2025-06-04 14:35:28,769 - log - INFO - iter:2140/2465, clip_acc1=94.95327758789062, tta_acc1=94.95327758789062
2025-06-04 14:35:28,769 - log - INFO - iter:2140/2465, Original Acc@1: 94.95, Acc@5: 99.77, TTA Acc@1: 94.95, Acc@5: 99.77
2025-06-04 14:36:04,537 - log - INFO - iter:2160/2465, clip_acc1=95.0, tta_acc1=95.0
2025-06-04 14:36:04,537 - log - INFO - iter:2160/2465, Original Acc@1: 95.00, Acc@5: 99.77, TTA Acc@1: 95.00, Acc@5: 99.77
2025-06-04 14:36:40,247 - log - INFO - iter:2180/2465, clip_acc1=95.0458755493164, tta_acc1=95.0458755493164
2025-06-04 14:36:40,247 - log - INFO - iter:2180/2465, Original Acc@1: 95.05, Acc@5: 99.77, TTA Acc@1: 95.05, Acc@5: 99.77
2025-06-04 14:37:16,785 - log - INFO - iter:2200/2465, clip_acc1=95.09091186523438, tta_acc1=95.09091186523438
2025-06-04 14:37:16,785 - log - INFO - iter:2200/2465, Original Acc@1: 95.09, Acc@5: 99.77, TTA Acc@1: 95.09, Acc@5: 99.77
2025-06-04 14:37:52,542 - log - INFO - iter:2220/2465, clip_acc1=95.13513946533203, tta_acc1=95.13513946533203
2025-06-04 14:37:52,542 - log - INFO - iter:2220/2465, Original Acc@1: 95.14, Acc@5: 99.77, TTA Acc@1: 95.14, Acc@5: 99.77
2025-06-04 14:38:28,435 - log - INFO - iter:2240/2465, clip_acc1=95.17857360839844, tta_acc1=95.17857360839844
2025-06-04 14:38:28,436 - log - INFO - iter:2240/2465, Original Acc@1: 95.18, Acc@5: 99.78, TTA Acc@1: 95.18, Acc@5: 99.78
2025-06-04 14:39:04,590 - log - INFO - iter:2260/2465, clip_acc1=95.22123718261719, tta_acc1=95.22123718261719
2025-06-04 14:39:04,590 - log - INFO - iter:2260/2465, Original Acc@1: 95.22, Acc@5: 99.78, TTA Acc@1: 95.22, Acc@5: 99.78
2025-06-04 14:39:40,468 - log - INFO - iter:2280/2465, clip_acc1=95.1754379272461, tta_acc1=95.1754379272461
2025-06-04 14:39:40,468 - log - INFO - iter:2280/2465, Original Acc@1: 95.18, Acc@5: 99.78, TTA Acc@1: 95.18, Acc@5: 99.78
2025-06-04 14:40:16,355 - log - INFO - iter:2300/2465, clip_acc1=95.13043975830078, tta_acc1=95.13043975830078
2025-06-04 14:40:16,356 - log - INFO - iter:2300/2465, Original Acc@1: 95.13, Acc@5: 99.78, TTA Acc@1: 95.13, Acc@5: 99.78
2025-06-04 14:40:52,133 - log - INFO - iter:2320/2465, clip_acc1=95.17241668701172, tta_acc1=95.17241668701172
2025-06-04 14:40:52,133 - log - INFO - iter:2320/2465, Original Acc@1: 95.17, Acc@5: 99.78, TTA Acc@1: 95.17, Acc@5: 99.78
2025-06-04 14:41:27,875 - log - INFO - iter:2340/2465, clip_acc1=95.21367645263672, tta_acc1=95.21367645263672
2025-06-04 14:41:27,875 - log - INFO - iter:2340/2465, Original Acc@1: 95.21, Acc@5: 99.79, TTA Acc@1: 95.21, Acc@5: 99.79
2025-06-04 14:42:03,693 - log - INFO - iter:2360/2465, clip_acc1=95.25423431396484, tta_acc1=95.25423431396484
2025-06-04 14:42:03,694 - log - INFO - iter:2360/2465, Original Acc@1: 95.25, Acc@5: 99.79, TTA Acc@1: 95.25, Acc@5: 99.79
2025-06-04 14:42:39,499 - log - INFO - iter:2380/2465, clip_acc1=95.29412078857422, tta_acc1=95.29412078857422
2025-06-04 14:42:39,499 - log - INFO - iter:2380/2465, Original Acc@1: 95.29, Acc@5: 99.79, TTA Acc@1: 95.29, Acc@5: 99.79
2025-06-04 14:43:15,174 - log - INFO - iter:2400/2465, clip_acc1=95.25, tta_acc1=95.25
2025-06-04 14:43:15,174 - log - INFO - iter:2400/2465, Original Acc@1: 95.25, Acc@5: 99.79, TTA Acc@1: 95.25, Acc@5: 99.79
2025-06-04 14:43:50,865 - log - INFO - iter:2420/2465, clip_acc1=95.24793243408203, tta_acc1=95.24793243408203
2025-06-04 14:43:50,865 - log - INFO - iter:2420/2465, Original Acc@1: 95.25, Acc@5: 99.79, TTA Acc@1: 95.25, Acc@5: 99.79
2025-06-04 14:44:26,590 - log - INFO - iter:2440/2465, clip_acc1=95.24590301513672, tta_acc1=95.24590301513672
2025-06-04 14:44:26,591 - log - INFO - iter:2440/2465, Original Acc@1: 95.25, Acc@5: 99.80, TTA Acc@1: 95.25, Acc@5: 99.80
2025-06-04 14:45:02,408 - log - INFO - iter:2460/2465, clip_acc1=95.28455352783203, tta_acc1=95.28455352783203
2025-06-04 14:45:02,408 - log - INFO - iter:2460/2465, Original Acc@1: 95.28, Acc@5: 99.80, TTA Acc@1: 95.28, Acc@5: 99.80
2025-06-04 14:45:11,255 - log - INFO - iter:2465/2465, clip_acc1=95.29412078857422, tta_acc1=95.29412078857422
2025-06-04 14:45:11,255 - log - INFO - iter:2465/2465, Original Acc@1: 95.29, Acc@5: 99.80, TTA Acc@1: 95.29, Acc@5: 99.80
2025-06-04 14:45:11,420 - log - INFO - Final results - Original Acc@1: 95.29, Acc@5: 99.80, TTA Acc@1: 95.29, Acc@5: 99.80
2025-06-04 14:45:11,420 - log - INFO - Improvement from TTA in Acc@1 0.00, and Acc@5 0.00
2025-06-04 14:45:11,421 - log - INFO - => Acc. on testset [Caltech101]: Clean Acc @1 95.29412078857422/ TTA Clean Acc @1 95.29412078857422, Clean Acc @5 99.79715728759766/ TTA Clean Acc @5 99.79715728759766
2025-06-04 14:45:11,421 - log - INFO - Total script execution time: 4534.26 seconds (75.57 minutes)
