2025-05-26 15:01:17,002 - log - INFO - ==========================================
data:/leonardo_work/EUHPC_R04_192/fmohamma/Adversarial_Robust_Clip/atpt_data/downstream_datasets
test_sets:Caltech101
dataset_mode:test
arch:ViT-L/14
resolution:224
workers:4
no_pin_memory:False
batch_size:64
print_freq:20
gpu:0
no_cudnn_benchmark:False
n_ctx:4
ctx_init:a_photo_of_a
tpt_loss:rtpt
seed:0
output_dir:/leonardo_work/EUHPC_R04_192/fmohamma/Adversarial_Robust_Clip/atpt_data/ViT-L/14/Caltech101
log_output_dir:/leonardo_work/EUHPC_R04_192/fmohamma/Adversarial_Robust_Clip/ATPT/Final_Results/ViT-L/14/Caltech101
eps:0.0
alpha:0.0
alpha_eps_ratio:4.0
steps:0
lr:0.005
selection_p:0.1
tta_steps:0
ensemble_type:vanilla
top_k:20
softmax_temp:0.01
counter_attack:True
counter_attack_type:pgd
counter_attack_steps:0
counter_attack_eps:2.0
counter_attack_alpha:1.0
counter_attack_tau_thres:0.2
counter_attack_beta:2.0
counter_attack_weighted_perturbations:True
pgd_clip_pure_i_text_embeddings:null
pgd_counter_and_clipure_i_lamda:1.0
selected_id_name:selected_topk.json
weighted_score_name:weighted_scores.json
batch_entropy_name:entropies.json
log_dir:/leonardo_work/EUHPC_R04_192/fmohamma/Adversarial_Robust_Clip/ATPT/Final_Results/ViT-L/14/Caltech101/Clean/Counter_Attack/Eps_2_0_Steps_0_Alpha_1_0/tau_0_2_beta_2_0_weighted_pertrubation_True/No_TPT/Inference_Ensemble_vanilla

2025-05-26 15:01:17,003 - log - INFO - Use GPU: 0 for training
2025-05-26 15:02:11,669 - log - INFO - Freezing all parameters except prompt learner
2025-05-26 15:02:11,671 - log - INFO - => Model created: visual backbone ViT-L/14
2025-05-26 15:02:11,699 - log - INFO - Number of test samples: 2465
2025-05-26 15:02:11,699 - log - INFO - Evaluating dataset: Caltech101
2025-05-26 15:02:11,700 - log - INFO - Starting evaluation with batch size: 64, selection percentage: 0.1
2025-05-26 15:02:11,700 - log - INFO - Test-time adaptation steps: 0, learning rate: 0.005
2025-05-26 15:02:11,700 - log - INFO - Using counter-attack with epsilon: 2.000000, alpha: 0.000000, steps: 0, tau_thres: 0.2, beta: 2.0, weighted perturbation: True
2025-05-26 15:03:13,951 - log - INFO - iter:20/2465, clip_acc1=65.0, tta_acc1=85.0
2025-05-26 15:03:13,951 - log - INFO - iter:20/2465, Original Acc@1: 65.00, Acc@5: 100.00, TTA Acc@1: 85.00, Acc@5: 100.00
2025-05-26 15:03:58,313 - log - INFO - iter:40/2465, clip_acc1=70.0, tta_acc1=90.0
2025-05-26 15:03:58,313 - log - INFO - iter:40/2465, Original Acc@1: 70.00, Acc@5: 100.00, TTA Acc@1: 90.00, Acc@5: 100.00
2025-05-26 15:04:42,523 - log - INFO - iter:60/2465, clip_acc1=68.33333587646484, tta_acc1=91.66667175292969
2025-05-26 15:04:42,523 - log - INFO - iter:60/2465, Original Acc@1: 68.33, Acc@5: 100.00, TTA Acc@1: 91.67, Acc@5: 100.00
2025-05-26 15:05:26,776 - log - INFO - iter:80/2465, clip_acc1=65.0, tta_acc1=86.25
2025-05-26 15:05:26,776 - log - INFO - iter:80/2465, Original Acc@1: 65.00, Acc@5: 100.00, TTA Acc@1: 86.25, Acc@5: 100.00
2025-05-26 15:06:11,318 - log - INFO - iter:100/2465, clip_acc1=67.0, tta_acc1=86.0
2025-05-26 15:06:11,318 - log - INFO - iter:100/2465, Original Acc@1: 67.00, Acc@5: 100.00, TTA Acc@1: 86.00, Acc@5: 100.00
2025-05-26 15:06:55,992 - log - INFO - iter:120/2465, clip_acc1=67.5, tta_acc1=85.83333587646484
2025-05-26 15:06:55,993 - log - INFO - iter:120/2465, Original Acc@1: 67.50, Acc@5: 99.17, TTA Acc@1: 85.83, Acc@5: 100.00
2025-05-26 15:07:39,971 - log - INFO - iter:140/2465, clip_acc1=70.0, tta_acc1=87.14286041259766
2025-05-26 15:07:39,971 - log - INFO - iter:140/2465, Original Acc@1: 70.00, Acc@5: 99.29, TTA Acc@1: 87.14, Acc@5: 100.00
2025-05-26 15:08:24,181 - log - INFO - iter:160/2465, clip_acc1=73.75, tta_acc1=88.75
2025-05-26 15:08:24,182 - log - INFO - iter:160/2465, Original Acc@1: 73.75, Acc@5: 99.38, TTA Acc@1: 88.75, Acc@5: 100.00
2025-05-26 15:09:08,109 - log - INFO - iter:180/2465, clip_acc1=75.55555725097656, tta_acc1=90.0
2025-05-26 15:09:08,109 - log - INFO - iter:180/2465, Original Acc@1: 75.56, Acc@5: 99.44, TTA Acc@1: 90.00, Acc@5: 100.00
2025-05-26 15:09:52,299 - log - INFO - iter:200/2465, clip_acc1=78.0, tta_acc1=91.0
2025-05-26 15:09:52,299 - log - INFO - iter:200/2465, Original Acc@1: 78.00, Acc@5: 99.50, TTA Acc@1: 91.00, Acc@5: 100.00
2025-05-26 15:10:37,029 - log - INFO - iter:220/2465, clip_acc1=80.0, tta_acc1=91.81817626953125
2025-05-26 15:10:37,029 - log - INFO - iter:220/2465, Original Acc@1: 80.00, Acc@5: 99.55, TTA Acc@1: 91.82, Acc@5: 100.00
2025-05-26 15:11:20,820 - log - INFO - iter:240/2465, clip_acc1=81.66667175292969, tta_acc1=92.50000762939453
2025-05-26 15:11:20,820 - log - INFO - iter:240/2465, Original Acc@1: 81.67, Acc@5: 99.58, TTA Acc@1: 92.50, Acc@5: 100.00
2025-05-26 15:12:04,794 - log - INFO - iter:260/2465, clip_acc1=83.07691955566406, tta_acc1=93.07691955566406
2025-05-26 15:12:04,795 - log - INFO - iter:260/2465, Original Acc@1: 83.08, Acc@5: 99.62, TTA Acc@1: 93.08, Acc@5: 100.00
2025-05-26 15:12:48,806 - log - INFO - iter:280/2465, clip_acc1=84.28571319580078, tta_acc1=93.57142639160156
2025-05-26 15:12:48,806 - log - INFO - iter:280/2465, Original Acc@1: 84.29, Acc@5: 99.64, TTA Acc@1: 93.57, Acc@5: 100.00
2025-05-26 15:13:32,791 - log - INFO - iter:300/2465, clip_acc1=85.33333587646484, tta_acc1=94.0
2025-05-26 15:13:32,792 - log - INFO - iter:300/2465, Original Acc@1: 85.33, Acc@5: 99.67, TTA Acc@1: 94.00, Acc@5: 100.00
2025-05-26 15:14:16,816 - log - INFO - iter:320/2465, clip_acc1=86.25, tta_acc1=94.375
2025-05-26 15:14:16,816 - log - INFO - iter:320/2465, Original Acc@1: 86.25, Acc@5: 99.69, TTA Acc@1: 94.38, Acc@5: 100.00
2025-05-26 15:15:01,148 - log - INFO - iter:340/2465, clip_acc1=87.05882263183594, tta_acc1=94.70588684082031
2025-05-26 15:15:01,149 - log - INFO - iter:340/2465, Original Acc@1: 87.06, Acc@5: 99.71, TTA Acc@1: 94.71, Acc@5: 100.00
2025-05-26 15:15:45,365 - log - INFO - iter:360/2465, clip_acc1=87.77777862548828, tta_acc1=95.0
2025-05-26 15:15:45,365 - log - INFO - iter:360/2465, Original Acc@1: 87.78, Acc@5: 99.72, TTA Acc@1: 95.00, Acc@5: 100.00
2025-05-26 15:16:29,465 - log - INFO - iter:380/2465, clip_acc1=88.42105865478516, tta_acc1=95.2631607055664
2025-05-26 15:16:29,465 - log - INFO - iter:380/2465, Original Acc@1: 88.42, Acc@5: 99.74, TTA Acc@1: 95.26, Acc@5: 100.00
2025-05-26 15:17:13,483 - log - INFO - iter:400/2465, clip_acc1=89.0, tta_acc1=95.5
2025-05-26 15:17:13,483 - log - INFO - iter:400/2465, Original Acc@1: 89.00, Acc@5: 99.75, TTA Acc@1: 95.50, Acc@5: 100.00
2025-05-26 15:17:57,743 - log - INFO - iter:420/2465, clip_acc1=89.28572082519531, tta_acc1=95.71428680419922
2025-05-26 15:17:57,744 - log - INFO - iter:420/2465, Original Acc@1: 89.29, Acc@5: 99.76, TTA Acc@1: 95.71, Acc@5: 100.00
2025-05-26 15:18:42,222 - log - INFO - iter:440/2465, clip_acc1=89.7727279663086, tta_acc1=95.90908813476562
2025-05-26 15:18:42,222 - log - INFO - iter:440/2465, Original Acc@1: 89.77, Acc@5: 99.77, TTA Acc@1: 95.91, Acc@5: 100.00
2025-05-26 15:19:26,462 - log - INFO - iter:460/2465, clip_acc1=90.2173843383789, tta_acc1=96.08695220947266
2025-05-26 15:19:26,462 - log - INFO - iter:460/2465, Original Acc@1: 90.22, Acc@5: 99.78, TTA Acc@1: 96.09, Acc@5: 100.00
2025-05-26 15:20:10,784 - log - INFO - iter:480/2465, clip_acc1=90.62500762939453, tta_acc1=96.25000762939453
2025-05-26 15:20:10,785 - log - INFO - iter:480/2465, Original Acc@1: 90.63, Acc@5: 99.79, TTA Acc@1: 96.25, Acc@5: 100.00
2025-05-26 15:20:55,110 - log - INFO - iter:500/2465, clip_acc1=91.00000762939453, tta_acc1=96.4000015258789
2025-05-26 15:20:55,110 - log - INFO - iter:500/2465, Original Acc@1: 91.00, Acc@5: 99.80, TTA Acc@1: 96.40, Acc@5: 100.00
2025-05-26 15:21:39,290 - log - INFO - iter:520/2465, clip_acc1=91.34615325927734, tta_acc1=96.53845977783203
2025-05-26 15:21:39,291 - log - INFO - iter:520/2465, Original Acc@1: 91.35, Acc@5: 99.81, TTA Acc@1: 96.54, Acc@5: 100.00
2025-05-26 15:22:23,418 - log - INFO - iter:540/2465, clip_acc1=91.66666412353516, tta_acc1=96.66666412353516
2025-05-26 15:22:23,419 - log - INFO - iter:540/2465, Original Acc@1: 91.67, Acc@5: 99.81, TTA Acc@1: 96.67, Acc@5: 100.00
2025-05-26 15:23:07,432 - log - INFO - iter:560/2465, clip_acc1=91.96428680419922, tta_acc1=96.78571319580078
2025-05-26 15:23:07,432 - log - INFO - iter:560/2465, Original Acc@1: 91.96, Acc@5: 99.82, TTA Acc@1: 96.79, Acc@5: 100.00
2025-05-26 15:23:51,736 - log - INFO - iter:580/2465, clip_acc1=92.24137878417969, tta_acc1=96.89655303955078
2025-05-26 15:23:51,736 - log - INFO - iter:580/2465, Original Acc@1: 92.24, Acc@5: 99.83, TTA Acc@1: 96.90, Acc@5: 100.00
2025-05-26 15:24:35,804 - log - INFO - iter:600/2465, clip_acc1=92.5, tta_acc1=97.0
2025-05-26 15:24:35,804 - log - INFO - iter:600/2465, Original Acc@1: 92.50, Acc@5: 99.83, TTA Acc@1: 97.00, Acc@5: 100.00
2025-05-26 15:25:21,226 - log - INFO - iter:620/2465, clip_acc1=92.74193572998047, tta_acc1=96.93548583984375
2025-05-26 15:25:21,226 - log - INFO - iter:620/2465, Original Acc@1: 92.74, Acc@5: 99.84, TTA Acc@1: 96.94, Acc@5: 100.00
2025-05-26 15:26:05,695 - log - INFO - iter:640/2465, clip_acc1=92.8125, tta_acc1=97.03125
2025-05-26 15:26:05,695 - log - INFO - iter:640/2465, Original Acc@1: 92.81, Acc@5: 99.84, TTA Acc@1: 97.03, Acc@5: 100.00
2025-05-26 15:26:49,693 - log - INFO - iter:660/2465, clip_acc1=92.8787841796875, tta_acc1=97.12120819091797
2025-05-26 15:26:49,694 - log - INFO - iter:660/2465, Original Acc@1: 92.88, Acc@5: 99.85, TTA Acc@1: 97.12, Acc@5: 100.00
2025-05-26 15:27:33,707 - log - INFO - iter:680/2465, clip_acc1=93.0882339477539, tta_acc1=97.20588684082031
2025-05-26 15:27:33,708 - log - INFO - iter:680/2465, Original Acc@1: 93.09, Acc@5: 99.85, TTA Acc@1: 97.21, Acc@5: 100.00
2025-05-26 15:28:17,739 - log - INFO - iter:700/2465, clip_acc1=92.85713958740234, tta_acc1=97.14285278320312
2025-05-26 15:28:17,739 - log - INFO - iter:700/2465, Original Acc@1: 92.86, Acc@5: 99.86, TTA Acc@1: 97.14, Acc@5: 100.00
2025-05-26 15:29:01,799 - log - INFO - iter:720/2465, clip_acc1=92.6388931274414, tta_acc1=97.08333587646484
2025-05-26 15:29:01,799 - log - INFO - iter:720/2465, Original Acc@1: 92.64, Acc@5: 99.86, TTA Acc@1: 97.08, Acc@5: 100.00
2025-05-26 15:29:45,788 - log - INFO - iter:740/2465, clip_acc1=92.70270538330078, tta_acc1=97.02703094482422
2025-05-26 15:29:45,788 - log - INFO - iter:740/2465, Original Acc@1: 92.70, Acc@5: 99.86, TTA Acc@1: 97.03, Acc@5: 100.00
2025-05-26 15:30:30,010 - log - INFO - iter:760/2465, clip_acc1=92.63158416748047, tta_acc1=96.84210968017578
2025-05-26 15:30:30,010 - log - INFO - iter:760/2465, Original Acc@1: 92.63, Acc@5: 99.87, TTA Acc@1: 96.84, Acc@5: 100.00
2025-05-26 15:31:14,224 - log - INFO - iter:780/2465, clip_acc1=92.82051849365234, tta_acc1=96.92308044433594
2025-05-26 15:31:14,225 - log - INFO - iter:780/2465, Original Acc@1: 92.82, Acc@5: 99.87, TTA Acc@1: 96.92, Acc@5: 100.00
2025-05-26 15:31:58,352 - log - INFO - iter:800/2465, clip_acc1=93.0, tta_acc1=97.0
2025-05-26 15:31:58,352 - log - INFO - iter:800/2465, Original Acc@1: 93.00, Acc@5: 99.88, TTA Acc@1: 97.00, Acc@5: 100.00
2025-05-26 15:32:42,630 - log - INFO - iter:820/2465, clip_acc1=93.17073059082031, tta_acc1=97.07317352294922
2025-05-26 15:32:42,630 - log - INFO - iter:820/2465, Original Acc@1: 93.17, Acc@5: 99.88, TTA Acc@1: 97.07, Acc@5: 100.00
2025-05-26 15:33:27,077 - log - INFO - iter:840/2465, clip_acc1=93.33333587646484, tta_acc1=96.9047622680664
2025-05-26 15:33:27,078 - log - INFO - iter:840/2465, Original Acc@1: 93.33, Acc@5: 99.88, TTA Acc@1: 96.90, Acc@5: 100.00
2025-05-26 15:34:11,209 - log - INFO - iter:860/2465, clip_acc1=93.48837280273438, tta_acc1=96.97674560546875
2025-05-26 15:34:11,210 - log - INFO - iter:860/2465, Original Acc@1: 93.49, Acc@5: 99.88, TTA Acc@1: 96.98, Acc@5: 100.00
2025-05-26 15:34:55,356 - log - INFO - iter:880/2465, clip_acc1=93.63636016845703, tta_acc1=96.93181610107422
2025-05-26 15:34:55,356 - log - INFO - iter:880/2465, Original Acc@1: 93.64, Acc@5: 99.89, TTA Acc@1: 96.93, Acc@5: 100.00
2025-05-26 15:35:39,708 - log - INFO - iter:900/2465, clip_acc1=93.77777862548828, tta_acc1=96.8888931274414
2025-05-26 15:35:39,708 - log - INFO - iter:900/2465, Original Acc@1: 93.78, Acc@5: 99.89, TTA Acc@1: 96.89, Acc@5: 100.00
2025-05-26 15:36:24,074 - log - INFO - iter:920/2465, clip_acc1=93.58695220947266, tta_acc1=96.52173614501953
2025-05-26 15:36:24,074 - log - INFO - iter:920/2465, Original Acc@1: 93.59, Acc@5: 99.89, TTA Acc@1: 96.52, Acc@5: 100.00
2025-05-26 15:37:08,569 - log - INFO - iter:940/2465, clip_acc1=93.72340393066406, tta_acc1=96.59574127197266
2025-05-26 15:37:08,570 - log - INFO - iter:940/2465, Original Acc@1: 93.72, Acc@5: 99.89, TTA Acc@1: 96.60, Acc@5: 100.00
2025-05-26 15:37:52,762 - log - INFO - iter:960/2465, clip_acc1=93.85417175292969, tta_acc1=96.66667175292969
2025-05-26 15:37:52,763 - log - INFO - iter:960/2465, Original Acc@1: 93.85, Acc@5: 99.90, TTA Acc@1: 96.67, Acc@5: 100.00
2025-05-26 15:38:36,850 - log - INFO - iter:980/2465, clip_acc1=93.9795913696289, tta_acc1=96.63265228271484
2025-05-26 15:38:36,850 - log - INFO - iter:980/2465, Original Acc@1: 93.98, Acc@5: 99.90, TTA Acc@1: 96.63, Acc@5: 99.90
2025-05-26 15:39:21,120 - log - INFO - iter:1000/2465, clip_acc1=93.70000457763672, tta_acc1=96.70000457763672
2025-05-26 15:39:21,120 - log - INFO - iter:1000/2465, Original Acc@1: 93.70, Acc@5: 99.90, TTA Acc@1: 96.70, Acc@5: 99.90
2025-05-26 15:40:05,026 - log - INFO - iter:1020/2465, clip_acc1=93.5294189453125, tta_acc1=96.56863403320312
2025-05-26 15:40:05,027 - log - INFO - iter:1020/2465, Original Acc@1: 93.53, Acc@5: 99.90, TTA Acc@1: 96.57, Acc@5: 99.90
2025-05-26 15:40:50,421 - log - INFO - iter:1040/2465, clip_acc1=93.55769348144531, tta_acc1=96.53845977783203
2025-05-26 15:40:50,421 - log - INFO - iter:1040/2465, Original Acc@1: 93.56, Acc@5: 99.90, TTA Acc@1: 96.54, Acc@5: 99.90
2025-05-26 15:41:34,503 - log - INFO - iter:1060/2465, clip_acc1=93.49057006835938, tta_acc1=96.50943756103516
2025-05-26 15:41:34,503 - log - INFO - iter:1060/2465, Original Acc@1: 93.49, Acc@5: 99.91, TTA Acc@1: 96.51, Acc@5: 99.91
2025-05-26 15:42:18,713 - log - INFO - iter:1080/2465, clip_acc1=93.4259262084961, tta_acc1=96.38888549804688
2025-05-26 15:42:18,713 - log - INFO - iter:1080/2465, Original Acc@1: 93.43, Acc@5: 99.91, TTA Acc@1: 96.39, Acc@5: 99.81
2025-05-26 15:43:03,286 - log - INFO - iter:1100/2465, clip_acc1=93.45454406738281, tta_acc1=96.45454406738281
2025-05-26 15:43:03,286 - log - INFO - iter:1100/2465, Original Acc@1: 93.45, Acc@5: 99.91, TTA Acc@1: 96.45, Acc@5: 99.82
2025-05-26 15:43:47,244 - log - INFO - iter:1120/2465, clip_acc1=93.30357360839844, tta_acc1=95.98213958740234
2025-05-26 15:43:47,244 - log - INFO - iter:1120/2465, Original Acc@1: 93.30, Acc@5: 99.91, TTA Acc@1: 95.98, Acc@5: 99.82
2025-05-26 15:44:31,589 - log - INFO - iter:1140/2465, clip_acc1=92.54386138916016, tta_acc1=95.08772277832031
2025-05-26 15:44:31,589 - log - INFO - iter:1140/2465, Original Acc@1: 92.54, Acc@5: 99.91, TTA Acc@1: 95.09, Acc@5: 99.82
2025-05-26 15:45:15,811 - log - INFO - iter:1160/2465, clip_acc1=92.4137954711914, tta_acc1=95.17241668701172
2025-05-26 15:45:15,811 - log - INFO - iter:1160/2465, Original Acc@1: 92.41, Acc@5: 99.91, TTA Acc@1: 95.17, Acc@5: 99.83
2025-05-26 15:46:00,136 - log - INFO - iter:1180/2465, clip_acc1=92.45762634277344, tta_acc1=95.25423431396484
2025-05-26 15:46:00,137 - log - INFO - iter:1180/2465, Original Acc@1: 92.46, Acc@5: 99.92, TTA Acc@1: 95.25, Acc@5: 99.83
2025-05-26 15:46:44,352 - log - INFO - iter:1200/2465, clip_acc1=92.58333587646484, tta_acc1=95.33333587646484
2025-05-26 15:46:44,353 - log - INFO - iter:1200/2465, Original Acc@1: 92.58, Acc@5: 99.92, TTA Acc@1: 95.33, Acc@5: 99.83
2025-05-26 15:47:28,756 - log - INFO - iter:1220/2465, clip_acc1=92.70491790771484, tta_acc1=95.40983581542969
2025-05-26 15:47:28,756 - log - INFO - iter:1220/2465, Original Acc@1: 92.70, Acc@5: 99.92, TTA Acc@1: 95.41, Acc@5: 99.84
2025-05-26 15:48:13,026 - log - INFO - iter:1240/2465, clip_acc1=92.74193572998047, tta_acc1=95.0
2025-05-26 15:48:13,027 - log - INFO - iter:1240/2465, Original Acc@1: 92.74, Acc@5: 99.84, TTA Acc@1: 95.00, Acc@5: 99.84
2025-05-26 15:48:57,062 - log - INFO - iter:1260/2465, clip_acc1=92.69841766357422, tta_acc1=95.0793685913086
2025-05-26 15:48:57,062 - log - INFO - iter:1260/2465, Original Acc@1: 92.70, Acc@5: 99.84, TTA Acc@1: 95.08, Acc@5: 99.84
2025-05-26 15:49:41,361 - log - INFO - iter:1280/2465, clip_acc1=92.8125, tta_acc1=95.15625
2025-05-26 15:49:41,361 - log - INFO - iter:1280/2465, Original Acc@1: 92.81, Acc@5: 99.84, TTA Acc@1: 95.16, Acc@5: 99.84
2025-05-26 15:50:27,149 - log - INFO - iter:1300/2465, clip_acc1=92.92308044433594, tta_acc1=95.23076629638672
2025-05-26 15:50:27,150 - log - INFO - iter:1300/2465, Original Acc@1: 92.92, Acc@5: 99.85, TTA Acc@1: 95.23, Acc@5: 99.85
2025-05-26 15:51:11,263 - log - INFO - iter:1320/2465, clip_acc1=92.95454406738281, tta_acc1=95.1515121459961
2025-05-26 15:51:11,263 - log - INFO - iter:1320/2465, Original Acc@1: 92.95, Acc@5: 99.85, TTA Acc@1: 95.15, Acc@5: 99.85
2025-05-26 15:51:55,583 - log - INFO - iter:1340/2465, clip_acc1=93.05970001220703, tta_acc1=95.22388458251953
2025-05-26 15:51:55,583 - log - INFO - iter:1340/2465, Original Acc@1: 93.06, Acc@5: 99.85, TTA Acc@1: 95.22, Acc@5: 99.85
2025-05-26 15:52:39,600 - log - INFO - iter:1360/2465, clip_acc1=93.0882339477539, tta_acc1=95.14706420898438
2025-05-26 15:52:39,600 - log - INFO - iter:1360/2465, Original Acc@1: 93.09, Acc@5: 99.85, TTA Acc@1: 95.15, Acc@5: 99.85
2025-05-26 15:53:23,711 - log - INFO - iter:1380/2465, clip_acc1=93.1159439086914, tta_acc1=95.0
2025-05-26 15:53:23,711 - log - INFO - iter:1380/2465, Original Acc@1: 93.12, Acc@5: 99.86, TTA Acc@1: 95.00, Acc@5: 99.86
2025-05-26 15:54:07,906 - log - INFO - iter:1400/2465, clip_acc1=92.92857360839844, tta_acc1=95.0
2025-05-26 15:54:07,907 - log - INFO - iter:1400/2465, Original Acc@1: 92.93, Acc@5: 99.86, TTA Acc@1: 95.00, Acc@5: 99.86
2025-05-26 15:54:52,058 - log - INFO - iter:1420/2465, clip_acc1=92.9577407836914, tta_acc1=94.92957305908203
2025-05-26 15:54:52,058 - log - INFO - iter:1420/2465, Original Acc@1: 92.96, Acc@5: 99.86, TTA Acc@1: 94.93, Acc@5: 99.79
2025-05-26 15:55:36,392 - log - INFO - iter:1440/2465, clip_acc1=93.05555725097656, tta_acc1=95.0
2025-05-26 15:55:36,392 - log - INFO - iter:1440/2465, Original Acc@1: 93.06, Acc@5: 99.86, TTA Acc@1: 95.00, Acc@5: 99.79
2025-05-26 15:56:20,557 - log - INFO - iter:1460/2465, clip_acc1=93.15068817138672, tta_acc1=95.06849670410156
2025-05-26 15:56:20,558 - log - INFO - iter:1460/2465, Original Acc@1: 93.15, Acc@5: 99.86, TTA Acc@1: 95.07, Acc@5: 99.79
2025-05-26 15:57:04,814 - log - INFO - iter:1480/2465, clip_acc1=93.17567443847656, tta_acc1=95.0
2025-05-26 15:57:04,814 - log - INFO - iter:1480/2465, Original Acc@1: 93.18, Acc@5: 99.86, TTA Acc@1: 95.00, Acc@5: 99.73
2025-05-26 15:57:49,410 - log - INFO - iter:1500/2465, clip_acc1=93.19999694824219, tta_acc1=94.93333435058594
2025-05-26 15:57:49,410 - log - INFO - iter:1500/2465, Original Acc@1: 93.20, Acc@5: 99.87, TTA Acc@1: 94.93, Acc@5: 99.67
2025-05-26 15:58:33,581 - log - INFO - iter:1520/2465, clip_acc1=93.28947448730469, tta_acc1=95.00000762939453
2025-05-26 15:58:33,581 - log - INFO - iter:1520/2465, Original Acc@1: 93.29, Acc@5: 99.87, TTA Acc@1: 95.00, Acc@5: 99.67
2025-05-26 15:59:17,561 - log - INFO - iter:1540/2465, clip_acc1=93.37662506103516, tta_acc1=95.06493377685547
2025-05-26 15:59:17,561 - log - INFO - iter:1540/2465, Original Acc@1: 93.38, Acc@5: 99.87, TTA Acc@1: 95.06, Acc@5: 99.68
2025-05-26 16:00:01,621 - log - INFO - iter:1560/2465, clip_acc1=93.46154022216797, tta_acc1=95.06410217285156
2025-05-26 16:00:01,621 - log - INFO - iter:1560/2465, Original Acc@1: 93.46, Acc@5: 99.87, TTA Acc@1: 95.06, Acc@5: 99.68
2025-05-26 16:00:46,306 - log - INFO - iter:1580/2465, clip_acc1=93.48101043701172, tta_acc1=95.12657928466797
2025-05-26 16:00:46,306 - log - INFO - iter:1580/2465, Original Acc@1: 93.48, Acc@5: 99.87, TTA Acc@1: 95.13, Acc@5: 99.68
2025-05-26 16:01:30,523 - log - INFO - iter:1600/2465, clip_acc1=93.5625, tta_acc1=95.1875
2025-05-26 16:01:30,523 - log - INFO - iter:1600/2465, Original Acc@1: 93.56, Acc@5: 99.88, TTA Acc@1: 95.19, Acc@5: 99.69
2025-05-26 16:02:14,629 - log - INFO - iter:1620/2465, clip_acc1=93.64198303222656, tta_acc1=95.24691772460938
2025-05-26 16:02:14,629 - log - INFO - iter:1620/2465, Original Acc@1: 93.64, Acc@5: 99.88, TTA Acc@1: 95.25, Acc@5: 99.69
2025-05-26 16:02:58,733 - log - INFO - iter:1640/2465, clip_acc1=93.4756088256836, tta_acc1=94.75609588623047
2025-05-26 16:02:58,734 - log - INFO - iter:1640/2465, Original Acc@1: 93.48, Acc@5: 99.88, TTA Acc@1: 94.76, Acc@5: 99.70
2025-05-26 16:03:42,847 - log - INFO - iter:1660/2465, clip_acc1=93.25301361083984, tta_acc1=93.91566467285156
2025-05-26 16:03:42,847 - log - INFO - iter:1660/2465, Original Acc@1: 93.25, Acc@5: 99.88, TTA Acc@1: 93.92, Acc@5: 99.70
2025-05-26 16:04:26,835 - log - INFO - iter:1680/2465, clip_acc1=93.09524536132812, tta_acc1=93.80952453613281
2025-05-26 16:04:26,835 - log - INFO - iter:1680/2465, Original Acc@1: 93.10, Acc@5: 99.88, TTA Acc@1: 93.81, Acc@5: 99.70
2025-05-26 16:05:11,046 - log - INFO - iter:1700/2465, clip_acc1=93.11764526367188, tta_acc1=93.8823471069336
2025-05-26 16:05:11,046 - log - INFO - iter:1700/2465, Original Acc@1: 93.12, Acc@5: 99.88, TTA Acc@1: 93.88, Acc@5: 99.71
2025-05-26 16:05:56,224 - log - INFO - iter:1720/2465, clip_acc1=93.19767761230469, tta_acc1=93.89534759521484
2025-05-26 16:05:56,224 - log - INFO - iter:1720/2465, Original Acc@1: 93.20, Acc@5: 99.88, TTA Acc@1: 93.90, Acc@5: 99.65
2025-05-26 16:06:40,576 - log - INFO - iter:1740/2465, clip_acc1=93.04597473144531, tta_acc1=93.73563385009766
2025-05-26 16:06:40,576 - log - INFO - iter:1740/2465, Original Acc@1: 93.05, Acc@5: 99.89, TTA Acc@1: 93.74, Acc@5: 99.66
2025-05-26 16:07:24,593 - log - INFO - iter:1760/2465, clip_acc1=92.84090423583984, tta_acc1=93.57954406738281
2025-05-26 16:07:24,594 - log - INFO - iter:1760/2465, Original Acc@1: 92.84, Acc@5: 99.89, TTA Acc@1: 93.58, Acc@5: 99.66
2025-05-26 16:08:08,819 - log - INFO - iter:1780/2465, clip_acc1=92.92134857177734, tta_acc1=93.59550476074219
2025-05-26 16:08:08,819 - log - INFO - iter:1780/2465, Original Acc@1: 92.92, Acc@5: 99.89, TTA Acc@1: 93.60, Acc@5: 99.61
2025-05-26 16:08:55,476 - log - INFO - iter:1800/2465, clip_acc1=93.0, tta_acc1=93.66667175292969
2025-05-26 16:08:55,476 - log - INFO - iter:1800/2465, Original Acc@1: 93.00, Acc@5: 99.89, TTA Acc@1: 93.67, Acc@5: 99.61
2025-05-26 16:09:39,799 - log - INFO - iter:1820/2465, clip_acc1=93.0769271850586, tta_acc1=93.73626708984375
2025-05-26 16:09:39,800 - log - INFO - iter:1820/2465, Original Acc@1: 93.08, Acc@5: 99.89, TTA Acc@1: 93.74, Acc@5: 99.62
2025-05-26 16:10:24,046 - log - INFO - iter:1840/2465, clip_acc1=93.15216827392578, tta_acc1=93.74999237060547
2025-05-26 16:10:24,046 - log - INFO - iter:1840/2465, Original Acc@1: 93.15, Acc@5: 99.89, TTA Acc@1: 93.75, Acc@5: 99.62
2025-05-26 16:11:09,585 - log - INFO - iter:1860/2465, clip_acc1=93.2258071899414, tta_acc1=93.81720733642578
2025-05-26 16:11:09,585 - log - INFO - iter:1860/2465, Original Acc@1: 93.23, Acc@5: 99.89, TTA Acc@1: 93.82, Acc@5: 99.62
2025-05-26 16:11:54,121 - log - INFO - iter:1880/2465, clip_acc1=93.29786682128906, tta_acc1=93.88297271728516
2025-05-26 16:11:54,122 - log - INFO - iter:1880/2465, Original Acc@1: 93.30, Acc@5: 99.89, TTA Acc@1: 93.88, Acc@5: 99.63
2025-05-26 16:12:38,378 - log - INFO - iter:1900/2465, clip_acc1=93.36841583251953, tta_acc1=93.9473648071289
2025-05-26 16:12:38,379 - log - INFO - iter:1900/2465, Original Acc@1: 93.37, Acc@5: 99.89, TTA Acc@1: 93.95, Acc@5: 99.63
2025-05-26 16:13:22,842 - log - INFO - iter:1920/2465, clip_acc1=93.43750762939453, tta_acc1=94.01042175292969
2025-05-26 16:13:22,842 - log - INFO - iter:1920/2465, Original Acc@1: 93.44, Acc@5: 99.90, TTA Acc@1: 94.01, Acc@5: 99.64
2025-05-26 16:14:07,256 - log - INFO - iter:1940/2465, clip_acc1=93.50515747070312, tta_acc1=94.02062225341797
2025-05-26 16:14:07,256 - log - INFO - iter:1940/2465, Original Acc@1: 93.51, Acc@5: 99.90, TTA Acc@1: 94.02, Acc@5: 99.64
2025-05-26 16:14:51,873 - log - INFO - iter:1960/2465, clip_acc1=93.57142639160156, tta_acc1=94.03060913085938
2025-05-26 16:14:51,873 - log - INFO - iter:1960/2465, Original Acc@1: 93.57, Acc@5: 99.90, TTA Acc@1: 94.03, Acc@5: 99.64
2025-05-26 16:15:36,011 - log - INFO - iter:1980/2465, clip_acc1=93.63636779785156, tta_acc1=94.09091186523438
2025-05-26 16:15:36,011 - log - INFO - iter:1980/2465, Original Acc@1: 93.64, Acc@5: 99.90, TTA Acc@1: 94.09, Acc@5: 99.65
2025-05-26 16:16:20,265 - log - INFO - iter:2000/2465, clip_acc1=93.70000457763672, tta_acc1=94.1500015258789
2025-05-26 16:16:20,266 - log - INFO - iter:2000/2465, Original Acc@1: 93.70, Acc@5: 99.90, TTA Acc@1: 94.15, Acc@5: 99.65
2025-05-26 16:17:04,980 - log - INFO - iter:2020/2465, clip_acc1=93.76238250732422, tta_acc1=94.15841674804688
2025-05-26 16:17:04,980 - log - INFO - iter:2020/2465, Original Acc@1: 93.76, Acc@5: 99.90, TTA Acc@1: 94.16, Acc@5: 99.65
2025-05-26 16:18:04,841 - log - INFO - iter:2040/2465, clip_acc1=93.82353210449219, tta_acc1=94.21569061279297
2025-05-26 16:18:04,841 - log - INFO - iter:2040/2465, Original Acc@1: 93.82, Acc@5: 99.90, TTA Acc@1: 94.22, Acc@5: 99.66
2025-05-26 16:18:48,963 - log - INFO - iter:2060/2465, clip_acc1=93.78640747070312, tta_acc1=94.22330474853516
2025-05-26 16:18:48,963 - log - INFO - iter:2060/2465, Original Acc@1: 93.79, Acc@5: 99.90, TTA Acc@1: 94.22, Acc@5: 99.61
2025-05-26 16:19:33,211 - log - INFO - iter:2080/2465, clip_acc1=93.79808044433594, tta_acc1=94.13461303710938
2025-05-26 16:19:33,211 - log - INFO - iter:2080/2465, Original Acc@1: 93.80, Acc@5: 99.90, TTA Acc@1: 94.13, Acc@5: 99.62
2025-05-26 16:20:18,665 - log - INFO - iter:2100/2465, clip_acc1=93.85713958740234, tta_acc1=94.19047546386719
2025-05-26 16:20:18,666 - log - INFO - iter:2100/2465, Original Acc@1: 93.86, Acc@5: 99.90, TTA Acc@1: 94.19, Acc@5: 99.62
2025-05-26 16:21:02,830 - log - INFO - iter:2120/2465, clip_acc1=93.91509246826172, tta_acc1=94.19811248779297
2025-05-26 16:21:02,830 - log - INFO - iter:2120/2465, Original Acc@1: 93.92, Acc@5: 99.91, TTA Acc@1: 94.20, Acc@5: 99.62
2025-05-26 16:21:46,952 - log - INFO - iter:2140/2465, clip_acc1=93.97196197509766, tta_acc1=94.2523422241211
2025-05-26 16:21:46,952 - log - INFO - iter:2140/2465, Original Acc@1: 93.97, Acc@5: 99.91, TTA Acc@1: 94.25, Acc@5: 99.63
2025-05-26 16:22:31,416 - log - INFO - iter:2160/2465, clip_acc1=94.02777862548828, tta_acc1=94.30555725097656
2025-05-26 16:22:31,416 - log - INFO - iter:2160/2465, Original Acc@1: 94.03, Acc@5: 99.91, TTA Acc@1: 94.31, Acc@5: 99.63
2025-05-26 16:23:15,833 - log - INFO - iter:2180/2465, clip_acc1=94.08257293701172, tta_acc1=94.35779571533203
2025-05-26 16:23:15,833 - log - INFO - iter:2180/2465, Original Acc@1: 94.08, Acc@5: 99.91, TTA Acc@1: 94.36, Acc@5: 99.63
2025-05-26 16:24:00,017 - log - INFO - iter:2200/2465, clip_acc1=94.13636779785156, tta_acc1=94.40908813476562
2025-05-26 16:24:00,017 - log - INFO - iter:2200/2465, Original Acc@1: 94.14, Acc@5: 99.91, TTA Acc@1: 94.41, Acc@5: 99.64
2025-05-26 16:24:44,185 - log - INFO - iter:2220/2465, clip_acc1=94.18919372558594, tta_acc1=94.45946502685547
2025-05-26 16:24:44,186 - log - INFO - iter:2220/2465, Original Acc@1: 94.19, Acc@5: 99.91, TTA Acc@1: 94.46, Acc@5: 99.64
2025-05-26 16:25:28,903 - log - INFO - iter:2240/2465, clip_acc1=94.24107360839844, tta_acc1=94.50892639160156
2025-05-26 16:25:28,903 - log - INFO - iter:2240/2465, Original Acc@1: 94.24, Acc@5: 99.91, TTA Acc@1: 94.51, Acc@5: 99.64
2025-05-26 16:26:13,402 - log - INFO - iter:2260/2465, clip_acc1=94.29203796386719, tta_acc1=94.5575180053711
2025-05-26 16:26:13,402 - log - INFO - iter:2260/2465, Original Acc@1: 94.29, Acc@5: 99.91, TTA Acc@1: 94.56, Acc@5: 99.65
2025-05-26 16:26:57,768 - log - INFO - iter:2280/2465, clip_acc1=94.34210968017578, tta_acc1=94.60526275634766
2025-05-26 16:26:57,768 - log - INFO - iter:2280/2465, Original Acc@1: 94.34, Acc@5: 99.91, TTA Acc@1: 94.61, Acc@5: 99.65
2025-05-26 16:27:41,804 - log - INFO - iter:2300/2465, clip_acc1=94.39130401611328, tta_acc1=94.65217590332031
2025-05-26 16:27:41,804 - log - INFO - iter:2300/2465, Original Acc@1: 94.39, Acc@5: 99.91, TTA Acc@1: 94.65, Acc@5: 99.65
2025-05-26 16:28:25,961 - log - INFO - iter:2320/2465, clip_acc1=94.39655303955078, tta_acc1=94.6551742553711
2025-05-26 16:28:25,961 - log - INFO - iter:2320/2465, Original Acc@1: 94.40, Acc@5: 99.91, TTA Acc@1: 94.66, Acc@5: 99.66
2025-05-26 16:29:09,941 - log - INFO - iter:2340/2465, clip_acc1=94.44444274902344, tta_acc1=94.70085906982422
2025-05-26 16:29:09,941 - log - INFO - iter:2340/2465, Original Acc@1: 94.44, Acc@5: 99.91, TTA Acc@1: 94.70, Acc@5: 99.66
2025-05-26 16:29:54,080 - log - INFO - iter:2360/2465, clip_acc1=94.49152374267578, tta_acc1=94.74575805664062
2025-05-26 16:29:54,080 - log - INFO - iter:2360/2465, Original Acc@1: 94.49, Acc@5: 99.92, TTA Acc@1: 94.75, Acc@5: 99.66
2025-05-26 16:30:38,523 - log - INFO - iter:2380/2465, clip_acc1=94.5378189086914, tta_acc1=94.7899169921875
2025-05-26 16:30:38,524 - log - INFO - iter:2380/2465, Original Acc@1: 94.54, Acc@5: 99.92, TTA Acc@1: 94.79, Acc@5: 99.66
2025-05-26 16:31:22,605 - log - INFO - iter:2400/2465, clip_acc1=94.375, tta_acc1=94.5
2025-05-26 16:31:22,605 - log - INFO - iter:2400/2465, Original Acc@1: 94.38, Acc@5: 99.92, TTA Acc@1: 94.50, Acc@5: 99.67
2025-05-26 16:32:07,164 - log - INFO - iter:2420/2465, clip_acc1=94.29752349853516, tta_acc1=94.17355346679688
2025-05-26 16:32:07,165 - log - INFO - iter:2420/2465, Original Acc@1: 94.30, Acc@5: 99.92, TTA Acc@1: 94.17, Acc@5: 99.63
2025-05-26 16:32:51,402 - log - INFO - iter:2440/2465, clip_acc1=94.30327606201172, tta_acc1=94.01639556884766
2025-05-26 16:32:51,402 - log - INFO - iter:2440/2465, Original Acc@1: 94.30, Acc@5: 99.92, TTA Acc@1: 94.02, Acc@5: 99.63
2025-05-26 16:33:34,539 - log - INFO - iter:2460/2465, clip_acc1=94.34959411621094, tta_acc1=94.0650405883789
2025-05-26 16:33:34,540 - log - INFO - iter:2460/2465, Original Acc@1: 94.35, Acc@5: 99.92, TTA Acc@1: 94.07, Acc@5: 99.63
2025-05-26 16:33:43,754 - log - INFO - iter:2465/2465, clip_acc1=94.36105346679688, tta_acc1=94.07707977294922
2025-05-26 16:33:43,754 - log - INFO - iter:2465/2465, Original Acc@1: 94.36, Acc@5: 99.92, TTA Acc@1: 94.08, Acc@5: 99.63
2025-05-26 16:33:43,835 - log - INFO - Final results - Original Acc@1: 94.36, Acc@5: 99.92, TTA Acc@1: 94.08, Acc@5: 99.63
2025-05-26 16:33:43,836 - log - INFO - Improvement from TTA in Acc@1 -0.28, and Acc@5 -0.28
2025-05-26 16:33:43,836 - log - INFO - => Acc. on testset [Caltech101]: Clean Acc @1 94.36105346679688/ TTA Clean Acc @1 94.07707977294922, Clean Acc @5 99.91886138916016/ TTA Clean Acc @5 99.6348876953125
2025-05-26 16:33:43,836 - log - INFO - Total script execution time: 5546.92 seconds (92.45 minutes)
