2025-06-06 08:47:32,228 - log - INFO - ==========================================
data:/leonardo_work/EUHPC_R04_192/fmohamma/Adversarial_Robust_Clip/atpt_data/downstream_datasets
test_sets:Cars
dataset_mode:test
arch:delta_clip_l14_224
resolution:224
workers:4
no_pin_memory:False
batch_size:64
print_freq:20
gpu:0
no_cudnn_benchmark:False
n_ctx:4
ctx_init:a_photo_of_a
tpt_loss:rtpt
seed:0
output_dir:/leonardo_work/EUHPC_R04_192/fmohamma/Adversarial_Robust_Clip/atpt_data/delta_clip_l14_224/Cars
log_output_dir:/leonardo_work/EUHPC_R04_192/fmohamma/Adversarial_Robust_Clip/ATPT/Final_Results/delta_clip_l14_224/Cars
eps:0.0
alpha:0.0
alpha_eps_ratio:4.0
steps:0
lr:0.005
selection_p:0.1
tta_steps:0
ensemble_type:vanilla
top_k:20
softmax_temp:0.01
counter_attack:True
counter_attack_type:pgd
counter_attack_steps:2
counter_attack_eps:4.0
counter_attack_alpha:1.0
counter_attack_tau_thres:0.2
counter_attack_beta:2.0
counter_attack_weighted_perturbations:True
pgd_clip_pure_i_text_embeddings:null
pgd_counter_and_clipure_i_lamda:1.0
selected_id_name:selected_topk.json
weighted_score_name:weighted_scores.json
batch_entropy_name:entropies.json
log_dir:/leonardo_work/EUHPC_R04_192/fmohamma/Adversarial_Robust_Clip/ATPT/Final_Results/delta_clip_l14_224/Cars/Clean/Counter_Attack/Eps_4_0_Steps_2_Alpha_1_0/tau_0_2_beta_2_0_weighted_pertrubation_True/No_TPT/Inference_Ensemble_vanilla

2025-06-06 08:47:32,229 - log - INFO - Use GPU: 0 for training
2025-06-06 08:50:16,806 - log - INFO - Freezing all parameters except prompt learner
2025-06-06 08:50:16,808 - log - INFO - => Model created: visual backbone delta_clip_l14_224
2025-06-06 08:50:16,820 - log - INFO - Number of test samples: 8041
2025-06-06 08:50:16,820 - log - INFO - Evaluating dataset: Cars
2025-06-06 08:50:16,821 - log - INFO - Starting evaluation with batch size: 64, selection percentage: 0.1
2025-06-06 08:50:16,821 - log - INFO - Test-time adaptation steps: 0, learning rate: 0.005
2025-06-06 08:50:16,821 - log - INFO - Using counter-attack with epsilon: 4.000000, alpha: 0.000000, steps: 2, tau_thres: 0.2, beta: 2.0, weighted perturbation: True
2025-06-06 08:51:00,176 - log - INFO - iter:20/8041, clip_acc1=80.0, tta_acc1=85.0
2025-06-06 08:51:00,176 - log - INFO - iter:20/8041, Original Acc@1: 80.00, Acc@5: 100.00, TTA Acc@1: 85.00, Acc@5: 100.00
2025-06-06 08:51:40,634 - log - INFO - iter:40/8041, clip_acc1=82.5, tta_acc1=82.5
2025-06-06 08:51:40,634 - log - INFO - iter:40/8041, Original Acc@1: 82.50, Acc@5: 100.00, TTA Acc@1: 82.50, Acc@5: 100.00
2025-06-06 08:52:21,159 - log - INFO - iter:60/8041, clip_acc1=83.33333587646484, tta_acc1=81.66667175292969
2025-06-06 08:52:21,159 - log - INFO - iter:60/8041, Original Acc@1: 83.33, Acc@5: 100.00, TTA Acc@1: 81.67, Acc@5: 100.00
2025-06-06 08:53:01,520 - log - INFO - iter:80/8041, clip_acc1=82.5, tta_acc1=81.25
2025-06-06 08:53:01,520 - log - INFO - iter:80/8041, Original Acc@1: 82.50, Acc@5: 100.00, TTA Acc@1: 81.25, Acc@5: 100.00
2025-06-06 08:53:42,061 - log - INFO - iter:100/8041, clip_acc1=84.0, tta_acc1=82.0
2025-06-06 08:53:42,061 - log - INFO - iter:100/8041, Original Acc@1: 84.00, Acc@5: 100.00, TTA Acc@1: 82.00, Acc@5: 100.00
2025-06-06 08:54:22,690 - log - INFO - iter:120/8041, clip_acc1=85.00000762939453, tta_acc1=82.50000762939453
2025-06-06 08:54:22,690 - log - INFO - iter:120/8041, Original Acc@1: 85.00, Acc@5: 100.00, TTA Acc@1: 82.50, Acc@5: 100.00
2025-06-06 08:55:03,241 - log - INFO - iter:140/8041, clip_acc1=82.14286041259766, tta_acc1=78.57142639160156
2025-06-06 08:55:03,241 - log - INFO - iter:140/8041, Original Acc@1: 82.14, Acc@5: 100.00, TTA Acc@1: 78.57, Acc@5: 99.29
2025-06-06 08:55:43,679 - log - INFO - iter:160/8041, clip_acc1=82.5, tta_acc1=78.125
2025-06-06 08:55:43,679 - log - INFO - iter:160/8041, Original Acc@1: 82.50, Acc@5: 100.00, TTA Acc@1: 78.12, Acc@5: 99.38
2025-06-06 08:56:24,043 - log - INFO - iter:180/8041, clip_acc1=81.66667175292969, tta_acc1=78.33333587646484
2025-06-06 08:56:24,043 - log - INFO - iter:180/8041, Original Acc@1: 81.67, Acc@5: 100.00, TTA Acc@1: 78.33, Acc@5: 99.44
2025-06-06 08:57:04,322 - log - INFO - iter:200/8041, clip_acc1=82.0, tta_acc1=79.5
2025-06-06 08:57:04,322 - log - INFO - iter:200/8041, Original Acc@1: 82.00, Acc@5: 100.00, TTA Acc@1: 79.50, Acc@5: 99.50
2025-06-06 08:57:44,831 - log - INFO - iter:220/8041, clip_acc1=81.36363220214844, tta_acc1=80.0
2025-06-06 08:57:44,831 - log - INFO - iter:220/8041, Original Acc@1: 81.36, Acc@5: 100.00, TTA Acc@1: 80.00, Acc@5: 99.55
2025-06-06 08:58:25,319 - log - INFO - iter:240/8041, clip_acc1=82.50000762939453, tta_acc1=81.25000762939453
2025-06-06 08:58:25,319 - log - INFO - iter:240/8041, Original Acc@1: 82.50, Acc@5: 100.00, TTA Acc@1: 81.25, Acc@5: 99.58
2025-06-06 08:59:05,802 - log - INFO - iter:260/8041, clip_acc1=82.30769348144531, tta_acc1=80.38461303710938
2025-06-06 08:59:05,802 - log - INFO - iter:260/8041, Original Acc@1: 82.31, Acc@5: 100.00, TTA Acc@1: 80.38, Acc@5: 99.62
2025-06-06 08:59:46,222 - log - INFO - iter:280/8041, clip_acc1=82.14286041259766, tta_acc1=80.35713958740234
2025-06-06 08:59:46,223 - log - INFO - iter:280/8041, Original Acc@1: 82.14, Acc@5: 100.00, TTA Acc@1: 80.36, Acc@5: 99.64
2025-06-06 09:00:26,677 - log - INFO - iter:300/8041, clip_acc1=82.0, tta_acc1=80.66667175292969
2025-06-06 09:00:26,678 - log - INFO - iter:300/8041, Original Acc@1: 82.00, Acc@5: 100.00, TTA Acc@1: 80.67, Acc@5: 99.67
2025-06-06 09:01:12,990 - log - INFO - iter:320/8041, clip_acc1=81.875, tta_acc1=80.9375
2025-06-06 09:01:12,990 - log - INFO - iter:320/8041, Original Acc@1: 81.88, Acc@5: 100.00, TTA Acc@1: 80.94, Acc@5: 99.69
2025-06-06 09:01:53,521 - log - INFO - iter:340/8041, clip_acc1=81.76470947265625, tta_acc1=80.88235473632812
2025-06-06 09:01:53,521 - log - INFO - iter:340/8041, Original Acc@1: 81.76, Acc@5: 100.00, TTA Acc@1: 80.88, Acc@5: 99.41
2025-06-06 09:02:33,914 - log - INFO - iter:360/8041, clip_acc1=81.94444274902344, tta_acc1=80.83333587646484
2025-06-06 09:02:33,915 - log - INFO - iter:360/8041, Original Acc@1: 81.94, Acc@5: 100.00, TTA Acc@1: 80.83, Acc@5: 99.44
2025-06-06 09:03:14,263 - log - INFO - iter:380/8041, clip_acc1=81.84210968017578, tta_acc1=80.78947448730469
2025-06-06 09:03:14,263 - log - INFO - iter:380/8041, Original Acc@1: 81.84, Acc@5: 100.00, TTA Acc@1: 80.79, Acc@5: 99.47
2025-06-06 09:03:54,717 - log - INFO - iter:400/8041, clip_acc1=81.75, tta_acc1=80.75
2025-06-06 09:03:54,718 - log - INFO - iter:400/8041, Original Acc@1: 81.75, Acc@5: 100.00, TTA Acc@1: 80.75, Acc@5: 99.50
2025-06-06 09:04:35,020 - log - INFO - iter:420/8041, clip_acc1=81.42857360839844, tta_acc1=80.23809814453125
2025-06-06 09:04:35,020 - log - INFO - iter:420/8041, Original Acc@1: 81.43, Acc@5: 99.76, TTA Acc@1: 80.24, Acc@5: 99.29
2025-06-06 09:05:15,476 - log - INFO - iter:440/8041, clip_acc1=81.81817626953125, tta_acc1=80.2272720336914
2025-06-06 09:05:15,476 - log - INFO - iter:440/8041, Original Acc@1: 81.82, Acc@5: 99.77, TTA Acc@1: 80.23, Acc@5: 99.32
2025-06-06 09:05:55,666 - log - INFO - iter:460/8041, clip_acc1=81.3043441772461, tta_acc1=79.78260803222656
2025-06-06 09:05:55,667 - log - INFO - iter:460/8041, Original Acc@1: 81.30, Acc@5: 99.78, TTA Acc@1: 79.78, Acc@5: 99.35
2025-06-06 09:06:36,130 - log - INFO - iter:480/8041, clip_acc1=81.04167175292969, tta_acc1=79.37500762939453
2025-06-06 09:06:36,130 - log - INFO - iter:480/8041, Original Acc@1: 81.04, Acc@5: 99.58, TTA Acc@1: 79.38, Acc@5: 99.17
2025-06-06 09:07:16,465 - log - INFO - iter:500/8041, clip_acc1=80.60000610351562, tta_acc1=79.20000457763672
2025-06-06 09:07:16,465 - log - INFO - iter:500/8041, Original Acc@1: 80.60, Acc@5: 99.60, TTA Acc@1: 79.20, Acc@5: 99.20
2025-06-06 09:07:56,861 - log - INFO - iter:520/8041, clip_acc1=80.19230651855469, tta_acc1=78.84615325927734
2025-06-06 09:07:56,861 - log - INFO - iter:520/8041, Original Acc@1: 80.19, Acc@5: 99.62, TTA Acc@1: 78.85, Acc@5: 99.23
2025-06-06 09:08:37,584 - log - INFO - iter:540/8041, clip_acc1=80.37036895751953, tta_acc1=79.0740737915039
2025-06-06 09:08:37,584 - log - INFO - iter:540/8041, Original Acc@1: 80.37, Acc@5: 99.44, TTA Acc@1: 79.07, Acc@5: 99.07
2025-06-06 09:09:18,006 - log - INFO - iter:560/8041, clip_acc1=80.71428680419922, tta_acc1=79.10713958740234
2025-06-06 09:09:18,006 - log - INFO - iter:560/8041, Original Acc@1: 80.71, Acc@5: 99.46, TTA Acc@1: 79.11, Acc@5: 99.11
2025-06-06 09:09:58,461 - log - INFO - iter:580/8041, clip_acc1=80.3448257446289, tta_acc1=78.79310607910156
2025-06-06 09:09:58,461 - log - INFO - iter:580/8041, Original Acc@1: 80.34, Acc@5: 99.48, TTA Acc@1: 78.79, Acc@5: 98.97
2025-06-06 09:10:38,829 - log - INFO - iter:600/8041, clip_acc1=80.16667175292969, tta_acc1=78.83333587646484
2025-06-06 09:10:38,829 - log - INFO - iter:600/8041, Original Acc@1: 80.17, Acc@5: 99.50, TTA Acc@1: 78.83, Acc@5: 99.00
2025-06-06 09:11:19,313 - log - INFO - iter:620/8041, clip_acc1=80.64515686035156, tta_acc1=79.19355010986328
2025-06-06 09:11:19,313 - log - INFO - iter:620/8041, Original Acc@1: 80.65, Acc@5: 99.52, TTA Acc@1: 79.19, Acc@5: 99.03
2025-06-06 09:11:59,965 - log - INFO - iter:640/8041, clip_acc1=80.3125, tta_acc1=79.0625
2025-06-06 09:11:59,965 - log - INFO - iter:640/8041, Original Acc@1: 80.31, Acc@5: 99.53, TTA Acc@1: 79.06, Acc@5: 99.06
2025-06-06 09:12:40,521 - log - INFO - iter:660/8041, clip_acc1=80.6060562133789, tta_acc1=79.39393615722656
2025-06-06 09:12:40,521 - log - INFO - iter:660/8041, Original Acc@1: 80.61, Acc@5: 99.39, TTA Acc@1: 79.39, Acc@5: 98.94
2025-06-06 09:13:20,898 - log - INFO - iter:680/8041, clip_acc1=80.5882339477539, tta_acc1=79.26470947265625
2025-06-06 09:13:20,898 - log - INFO - iter:680/8041, Original Acc@1: 80.59, Acc@5: 99.41, TTA Acc@1: 79.26, Acc@5: 98.97
2025-06-06 09:14:01,437 - log - INFO - iter:700/8041, clip_acc1=80.85713958740234, tta_acc1=79.71428680419922
2025-06-06 09:14:01,437 - log - INFO - iter:700/8041, Original Acc@1: 80.86, Acc@5: 99.43, TTA Acc@1: 79.71, Acc@5: 99.00
2025-06-06 09:14:41,990 - log - INFO - iter:720/8041, clip_acc1=80.83333587646484, tta_acc1=79.72222137451172
2025-06-06 09:14:41,991 - log - INFO - iter:720/8041, Original Acc@1: 80.83, Acc@5: 99.31, TTA Acc@1: 79.72, Acc@5: 98.89
2025-06-06 09:15:22,455 - log - INFO - iter:740/8041, clip_acc1=80.9459457397461, tta_acc1=79.8648681640625
2025-06-06 09:15:22,455 - log - INFO - iter:740/8041, Original Acc@1: 80.95, Acc@5: 99.19, TTA Acc@1: 79.86, Acc@5: 98.65
2025-06-06 09:16:03,008 - log - INFO - iter:760/8041, clip_acc1=81.18421173095703, tta_acc1=79.86842346191406
2025-06-06 09:16:03,009 - log - INFO - iter:760/8041, Original Acc@1: 81.18, Acc@5: 99.21, TTA Acc@1: 79.87, Acc@5: 98.68
2025-06-06 09:16:43,279 - log - INFO - iter:780/8041, clip_acc1=81.02564239501953, tta_acc1=79.61538696289062
2025-06-06 09:16:43,279 - log - INFO - iter:780/8041, Original Acc@1: 81.03, Acc@5: 99.23, TTA Acc@1: 79.62, Acc@5: 98.72
2025-06-06 09:17:23,677 - log - INFO - iter:800/8041, clip_acc1=81.375, tta_acc1=79.875
2025-06-06 09:17:23,677 - log - INFO - iter:800/8041, Original Acc@1: 81.38, Acc@5: 99.25, TTA Acc@1: 79.88, Acc@5: 98.75
2025-06-06 09:18:04,236 - log - INFO - iter:820/8041, clip_acc1=81.34146118164062, tta_acc1=79.8780517578125
2025-06-06 09:18:04,236 - log - INFO - iter:820/8041, Original Acc@1: 81.34, Acc@5: 99.27, TTA Acc@1: 79.88, Acc@5: 98.78
2025-06-06 09:18:44,746 - log - INFO - iter:840/8041, clip_acc1=81.42857360839844, tta_acc1=80.0
2025-06-06 09:18:44,747 - log - INFO - iter:840/8041, Original Acc@1: 81.43, Acc@5: 99.29, TTA Acc@1: 80.00, Acc@5: 98.81
2025-06-06 09:19:25,102 - log - INFO - iter:860/8041, clip_acc1=81.27906799316406, tta_acc1=79.76744079589844
2025-06-06 09:19:25,102 - log - INFO - iter:860/8041, Original Acc@1: 81.28, Acc@5: 99.30, TTA Acc@1: 79.77, Acc@5: 98.72
2025-06-06 09:20:05,684 - log - INFO - iter:880/8041, clip_acc1=81.4772720336914, tta_acc1=80.0
2025-06-06 09:20:05,684 - log - INFO - iter:880/8041, Original Acc@1: 81.48, Acc@5: 99.32, TTA Acc@1: 80.00, Acc@5: 98.75
2025-06-06 09:20:46,278 - log - INFO - iter:900/8041, clip_acc1=81.55555725097656, tta_acc1=80.22222137451172
2025-06-06 09:20:46,278 - log - INFO - iter:900/8041, Original Acc@1: 81.56, Acc@5: 99.33, TTA Acc@1: 80.22, Acc@5: 98.78
2025-06-06 09:21:26,772 - log - INFO - iter:920/8041, clip_acc1=81.73912811279297, tta_acc1=80.2173843383789
2025-06-06 09:21:26,772 - log - INFO - iter:920/8041, Original Acc@1: 81.74, Acc@5: 99.35, TTA Acc@1: 80.22, Acc@5: 98.80
2025-06-06 09:22:07,473 - log - INFO - iter:940/8041, clip_acc1=81.9148941040039, tta_acc1=80.42552947998047
2025-06-06 09:22:07,473 - log - INFO - iter:940/8041, Original Acc@1: 81.91, Acc@5: 99.36, TTA Acc@1: 80.43, Acc@5: 98.83
2025-06-06 09:22:48,319 - log - INFO - iter:960/8041, clip_acc1=81.66667175292969, tta_acc1=80.20833587646484
2025-06-06 09:22:48,319 - log - INFO - iter:960/8041, Original Acc@1: 81.67, Acc@5: 99.27, TTA Acc@1: 80.21, Acc@5: 98.75
2025-06-06 09:23:28,714 - log - INFO - iter:980/8041, clip_acc1=81.83673095703125, tta_acc1=80.2040786743164
2025-06-06 09:23:28,714 - log - INFO - iter:980/8041, Original Acc@1: 81.84, Acc@5: 99.29, TTA Acc@1: 80.20, Acc@5: 98.78
2025-06-06 09:24:09,072 - log - INFO - iter:1000/8041, clip_acc1=81.9000015258789, tta_acc1=80.30000305175781
2025-06-06 09:24:09,072 - log - INFO - iter:1000/8041, Original Acc@1: 81.90, Acc@5: 99.30, TTA Acc@1: 80.30, Acc@5: 98.70
2025-06-06 09:24:49,635 - log - INFO - iter:1020/8041, clip_acc1=81.9607925415039, tta_acc1=80.39215850830078
2025-06-06 09:24:49,635 - log - INFO - iter:1020/8041, Original Acc@1: 81.96, Acc@5: 99.31, TTA Acc@1: 80.39, Acc@5: 98.73
2025-06-06 09:25:30,198 - log - INFO - iter:1040/8041, clip_acc1=82.01923370361328, tta_acc1=80.38461303710938
2025-06-06 09:25:30,198 - log - INFO - iter:1040/8041, Original Acc@1: 82.02, Acc@5: 99.33, TTA Acc@1: 80.38, Acc@5: 98.75
2025-06-06 09:26:10,743 - log - INFO - iter:1060/8041, clip_acc1=82.07546997070312, tta_acc1=80.37735748291016
2025-06-06 09:26:10,743 - log - INFO - iter:1060/8041, Original Acc@1: 82.08, Acc@5: 99.34, TTA Acc@1: 80.38, Acc@5: 98.77
2025-06-06 09:26:51,444 - log - INFO - iter:1080/8041, clip_acc1=82.22222137451172, tta_acc1=80.46295928955078
2025-06-06 09:26:51,444 - log - INFO - iter:1080/8041, Original Acc@1: 82.22, Acc@5: 99.35, TTA Acc@1: 80.46, Acc@5: 98.70
2025-06-06 09:27:32,727 - log - INFO - iter:1100/8041, clip_acc1=82.2727279663086, tta_acc1=80.63636779785156
2025-06-06 09:27:32,728 - log - INFO - iter:1100/8041, Original Acc@1: 82.27, Acc@5: 99.36, TTA Acc@1: 80.64, Acc@5: 98.73
2025-06-06 09:28:13,080 - log - INFO - iter:1120/8041, clip_acc1=82.41071319580078, tta_acc1=80.89286041259766
2025-06-06 09:28:13,080 - log - INFO - iter:1120/8041, Original Acc@1: 82.41, Acc@5: 99.38, TTA Acc@1: 80.89, Acc@5: 98.75
2025-06-06 09:28:53,513 - log - INFO - iter:1140/8041, clip_acc1=82.54386138916016, tta_acc1=80.78947448730469
2025-06-06 09:28:53,514 - log - INFO - iter:1140/8041, Original Acc@1: 82.54, Acc@5: 99.39, TTA Acc@1: 80.79, Acc@5: 98.68
2025-06-06 09:29:34,028 - log - INFO - iter:1160/8041, clip_acc1=82.75862121582031, tta_acc1=81.03448486328125
2025-06-06 09:29:34,028 - log - INFO - iter:1160/8041, Original Acc@1: 82.76, Acc@5: 99.40, TTA Acc@1: 81.03, Acc@5: 98.71
2025-06-06 09:30:14,429 - log - INFO - iter:1180/8041, clip_acc1=82.71186065673828, tta_acc1=81.0169448852539
2025-06-06 09:30:14,430 - log - INFO - iter:1180/8041, Original Acc@1: 82.71, Acc@5: 99.41, TTA Acc@1: 81.02, Acc@5: 98.73
2025-06-06 09:30:54,851 - log - INFO - iter:1200/8041, clip_acc1=82.83333587646484, tta_acc1=80.91667175292969
2025-06-06 09:30:54,851 - log - INFO - iter:1200/8041, Original Acc@1: 82.83, Acc@5: 99.42, TTA Acc@1: 80.92, Acc@5: 98.67
2025-06-06 09:31:35,290 - log - INFO - iter:1220/8041, clip_acc1=82.86885070800781, tta_acc1=81.0655746459961
2025-06-06 09:31:35,291 - log - INFO - iter:1220/8041, Original Acc@1: 82.87, Acc@5: 99.43, TTA Acc@1: 81.07, Acc@5: 98.69
2025-06-06 09:32:15,702 - log - INFO - iter:1240/8041, clip_acc1=82.98387145996094, tta_acc1=81.20967864990234
2025-06-06 09:32:15,703 - log - INFO - iter:1240/8041, Original Acc@1: 82.98, Acc@5: 99.44, TTA Acc@1: 81.21, Acc@5: 98.71
2025-06-06 09:32:56,647 - log - INFO - iter:1260/8041, clip_acc1=82.85714721679688, tta_acc1=81.03174591064453
2025-06-06 09:32:56,647 - log - INFO - iter:1260/8041, Original Acc@1: 82.86, Acc@5: 99.37, TTA Acc@1: 81.03, Acc@5: 98.65
2025-06-06 09:33:37,145 - log - INFO - iter:1280/8041, clip_acc1=82.890625, tta_acc1=81.015625
2025-06-06 09:33:37,145 - log - INFO - iter:1280/8041, Original Acc@1: 82.89, Acc@5: 99.38, TTA Acc@1: 81.02, Acc@5: 98.67
2025-06-06 09:34:17,663 - log - INFO - iter:1300/8041, clip_acc1=83.07691955566406, tta_acc1=81.15384674072266
2025-06-06 09:34:17,663 - log - INFO - iter:1300/8041, Original Acc@1: 83.08, Acc@5: 99.38, TTA Acc@1: 81.15, Acc@5: 98.69
2025-06-06 09:34:58,121 - log - INFO - iter:1320/8041, clip_acc1=83.1060562133789, tta_acc1=81.06060028076172
2025-06-06 09:34:58,121 - log - INFO - iter:1320/8041, Original Acc@1: 83.11, Acc@5: 99.32, TTA Acc@1: 81.06, Acc@5: 98.64
2025-06-06 09:35:38,585 - log - INFO - iter:1340/8041, clip_acc1=83.13433074951172, tta_acc1=81.0447769165039
2025-06-06 09:35:38,586 - log - INFO - iter:1340/8041, Original Acc@1: 83.13, Acc@5: 99.25, TTA Acc@1: 81.04, Acc@5: 98.58
2025-06-06 09:36:19,185 - log - INFO - iter:1360/8041, clip_acc1=83.0882339477539, tta_acc1=81.02941131591797
2025-06-06 09:36:19,185 - log - INFO - iter:1360/8041, Original Acc@1: 83.09, Acc@5: 99.26, TTA Acc@1: 81.03, Acc@5: 98.60
2025-06-06 09:36:59,618 - log - INFO - iter:1380/8041, clip_acc1=83.18840789794922, tta_acc1=81.01449584960938
2025-06-06 09:36:59,618 - log - INFO - iter:1380/8041, Original Acc@1: 83.19, Acc@5: 99.28, TTA Acc@1: 81.01, Acc@5: 98.62
2025-06-06 09:37:40,148 - log - INFO - iter:1400/8041, clip_acc1=83.21428680419922, tta_acc1=81.21428680419922
2025-06-06 09:37:40,149 - log - INFO - iter:1400/8041, Original Acc@1: 83.21, Acc@5: 99.29, TTA Acc@1: 81.21, Acc@5: 98.64
2025-06-06 09:38:20,511 - log - INFO - iter:1420/8041, clip_acc1=83.09858703613281, tta_acc1=81.19718170166016
2025-06-06 09:38:20,511 - log - INFO - iter:1420/8041, Original Acc@1: 83.10, Acc@5: 99.30, TTA Acc@1: 81.20, Acc@5: 98.66
2025-06-06 09:39:00,945 - log - INFO - iter:1440/8041, clip_acc1=83.125, tta_acc1=81.25
2025-06-06 09:39:00,945 - log - INFO - iter:1440/8041, Original Acc@1: 83.12, Acc@5: 99.31, TTA Acc@1: 81.25, Acc@5: 98.68
2025-06-06 09:39:41,514 - log - INFO - iter:1460/8041, clip_acc1=83.28767395019531, tta_acc1=81.43836212158203
2025-06-06 09:39:41,514 - log - INFO - iter:1460/8041, Original Acc@1: 83.29, Acc@5: 99.32, TTA Acc@1: 81.44, Acc@5: 98.70
2025-06-06 09:40:21,867 - log - INFO - iter:1480/8041, clip_acc1=83.37837982177734, tta_acc1=81.48648834228516
2025-06-06 09:40:21,867 - log - INFO - iter:1480/8041, Original Acc@1: 83.38, Acc@5: 99.32, TTA Acc@1: 81.49, Acc@5: 98.72
2025-06-06 09:41:02,410 - log - INFO - iter:1500/8041, clip_acc1=83.53333282470703, tta_acc1=81.66666412353516
2025-06-06 09:41:02,411 - log - INFO - iter:1500/8041, Original Acc@1: 83.53, Acc@5: 99.33, TTA Acc@1: 81.67, Acc@5: 98.73
2025-06-06 09:41:43,071 - log - INFO - iter:1520/8041, clip_acc1=83.5526351928711, tta_acc1=81.64473724365234
2025-06-06 09:41:43,072 - log - INFO - iter:1520/8041, Original Acc@1: 83.55, Acc@5: 99.34, TTA Acc@1: 81.64, Acc@5: 98.75
2025-06-06 09:42:23,351 - log - INFO - iter:1540/8041, clip_acc1=83.63636016845703, tta_acc1=81.75324249267578
2025-06-06 09:42:23,352 - log - INFO - iter:1540/8041, Original Acc@1: 83.64, Acc@5: 99.35, TTA Acc@1: 81.75, Acc@5: 98.77
2025-06-06 09:43:03,687 - log - INFO - iter:1560/8041, clip_acc1=83.52564239501953, tta_acc1=81.60256958007812
2025-06-06 09:43:03,687 - log - INFO - iter:1560/8041, Original Acc@1: 83.53, Acc@5: 99.29, TTA Acc@1: 81.60, Acc@5: 98.65
2025-06-06 09:43:44,297 - log - INFO - iter:1580/8041, clip_acc1=83.54430389404297, tta_acc1=81.64556884765625
2025-06-06 09:43:44,298 - log - INFO - iter:1580/8041, Original Acc@1: 83.54, Acc@5: 99.30, TTA Acc@1: 81.65, Acc@5: 98.61
2025-06-06 09:44:24,713 - log - INFO - iter:1600/8041, clip_acc1=83.5625, tta_acc1=81.625
2025-06-06 09:44:24,713 - log - INFO - iter:1600/8041, Original Acc@1: 83.56, Acc@5: 99.31, TTA Acc@1: 81.62, Acc@5: 98.62
2025-06-06 09:45:05,210 - log - INFO - iter:1620/8041, clip_acc1=83.33333587646484, tta_acc1=81.60494232177734
2025-06-06 09:45:05,211 - log - INFO - iter:1620/8041, Original Acc@1: 83.33, Acc@5: 99.32, TTA Acc@1: 81.60, Acc@5: 98.58
2025-06-06 09:45:45,753 - log - INFO - iter:1640/8041, clip_acc1=83.3536605834961, tta_acc1=81.6463394165039
2025-06-06 09:45:45,753 - log - INFO - iter:1640/8041, Original Acc@1: 83.35, Acc@5: 99.33, TTA Acc@1: 81.65, Acc@5: 98.60
2025-06-06 09:46:26,324 - log - INFO - iter:1660/8041, clip_acc1=83.3132553100586, tta_acc1=81.62651062011719
2025-06-06 09:46:26,324 - log - INFO - iter:1660/8041, Original Acc@1: 83.31, Acc@5: 99.34, TTA Acc@1: 81.63, Acc@5: 98.61
2025-06-06 09:47:06,678 - log - INFO - iter:1680/8041, clip_acc1=83.33333587646484, tta_acc1=81.60714721679688
2025-06-06 09:47:06,678 - log - INFO - iter:1680/8041, Original Acc@1: 83.33, Acc@5: 99.35, TTA Acc@1: 81.61, Acc@5: 98.63
2025-06-06 09:47:47,108 - log - INFO - iter:1700/8041, clip_acc1=83.11764526367188, tta_acc1=81.47058868408203
2025-06-06 09:47:47,109 - log - INFO - iter:1700/8041, Original Acc@1: 83.12, Acc@5: 99.35, TTA Acc@1: 81.47, Acc@5: 98.59
2025-06-06 09:48:27,510 - log - INFO - iter:1720/8041, clip_acc1=82.90697479248047, tta_acc1=81.27906799316406
2025-06-06 09:48:27,510 - log - INFO - iter:1720/8041, Original Acc@1: 82.91, Acc@5: 99.36, TTA Acc@1: 81.28, Acc@5: 98.55
2025-06-06 09:49:07,884 - log - INFO - iter:1740/8041, clip_acc1=82.81609344482422, tta_acc1=81.20689392089844
2025-06-06 09:49:07,884 - log - INFO - iter:1740/8041, Original Acc@1: 82.82, Acc@5: 99.37, TTA Acc@1: 81.21, Acc@5: 98.56
2025-06-06 09:49:48,351 - log - INFO - iter:1760/8041, clip_acc1=82.95454406738281, tta_acc1=81.25
2025-06-06 09:49:48,351 - log - INFO - iter:1760/8041, Original Acc@1: 82.95, Acc@5: 99.38, TTA Acc@1: 81.25, Acc@5: 98.58
2025-06-06 09:50:28,821 - log - INFO - iter:1780/8041, clip_acc1=83.03370666503906, tta_acc1=81.40449523925781
2025-06-06 09:50:28,822 - log - INFO - iter:1780/8041, Original Acc@1: 83.03, Acc@5: 99.38, TTA Acc@1: 81.40, Acc@5: 98.60
2025-06-06 09:51:09,230 - log - INFO - iter:1800/8041, clip_acc1=83.11111450195312, tta_acc1=81.5
2025-06-06 09:51:09,230 - log - INFO - iter:1800/8041, Original Acc@1: 83.11, Acc@5: 99.39, TTA Acc@1: 81.50, Acc@5: 98.61
2025-06-06 09:51:49,757 - log - INFO - iter:1820/8041, clip_acc1=83.18681335449219, tta_acc1=81.4835205078125
2025-06-06 09:51:49,757 - log - INFO - iter:1820/8041, Original Acc@1: 83.19, Acc@5: 99.40, TTA Acc@1: 81.48, Acc@5: 98.63
2025-06-06 09:52:30,109 - log - INFO - iter:1840/8041, clip_acc1=83.31521606445312, tta_acc1=81.63043212890625
2025-06-06 09:52:30,109 - log - INFO - iter:1840/8041, Original Acc@1: 83.32, Acc@5: 99.40, TTA Acc@1: 81.63, Acc@5: 98.64
2025-06-06 09:53:10,435 - log - INFO - iter:1860/8041, clip_acc1=83.33333587646484, tta_acc1=81.55914306640625
2025-06-06 09:53:10,435 - log - INFO - iter:1860/8041, Original Acc@1: 83.33, Acc@5: 99.41, TTA Acc@1: 81.56, Acc@5: 98.66
2025-06-06 09:53:50,727 - log - INFO - iter:1880/8041, clip_acc1=83.35105895996094, tta_acc1=81.64893341064453
2025-06-06 09:53:50,728 - log - INFO - iter:1880/8041, Original Acc@1: 83.35, Acc@5: 99.41, TTA Acc@1: 81.65, Acc@5: 98.67
2025-06-06 09:54:31,045 - log - INFO - iter:1900/8041, clip_acc1=83.47367858886719, tta_acc1=81.78946685791016
2025-06-06 09:54:31,045 - log - INFO - iter:1900/8041, Original Acc@1: 83.47, Acc@5: 99.42, TTA Acc@1: 81.79, Acc@5: 98.68
2025-06-06 09:55:11,441 - log - INFO - iter:1920/8041, clip_acc1=83.48958587646484, tta_acc1=81.77083587646484
2025-06-06 09:55:11,442 - log - INFO - iter:1920/8041, Original Acc@1: 83.49, Acc@5: 99.43, TTA Acc@1: 81.77, Acc@5: 98.70
2025-06-06 09:55:52,035 - log - INFO - iter:1940/8041, clip_acc1=83.6082534790039, tta_acc1=81.90721893310547
2025-06-06 09:55:52,036 - log - INFO - iter:1940/8041, Original Acc@1: 83.61, Acc@5: 99.43, TTA Acc@1: 81.91, Acc@5: 98.71
2025-06-06 09:56:32,325 - log - INFO - iter:1960/8041, clip_acc1=83.7244873046875, tta_acc1=81.98979187011719
2025-06-06 09:56:32,325 - log - INFO - iter:1960/8041, Original Acc@1: 83.72, Acc@5: 99.44, TTA Acc@1: 81.99, Acc@5: 98.72
2025-06-06 09:57:12,819 - log - INFO - iter:1980/8041, clip_acc1=83.78787994384766, tta_acc1=82.02020263671875
2025-06-06 09:57:12,819 - log - INFO - iter:1980/8041, Original Acc@1: 83.79, Acc@5: 99.44, TTA Acc@1: 82.02, Acc@5: 98.74
2025-06-06 09:57:53,180 - log - INFO - iter:2000/8041, clip_acc1=83.85000610351562, tta_acc1=82.00000762939453
2025-06-06 09:57:53,180 - log - INFO - iter:2000/8041, Original Acc@1: 83.85, Acc@5: 99.45, TTA Acc@1: 82.00, Acc@5: 98.75
2025-06-06 09:58:33,670 - log - INFO - iter:2020/8041, clip_acc1=83.81188201904297, tta_acc1=81.93069458007812
2025-06-06 09:58:33,670 - log - INFO - iter:2020/8041, Original Acc@1: 83.81, Acc@5: 99.46, TTA Acc@1: 81.93, Acc@5: 98.76
2025-06-06 09:59:14,281 - log - INFO - iter:2040/8041, clip_acc1=83.82353210449219, tta_acc1=82.00981140136719
2025-06-06 09:59:14,281 - log - INFO - iter:2040/8041, Original Acc@1: 83.82, Acc@5: 99.46, TTA Acc@1: 82.01, Acc@5: 98.77
2025-06-06 09:59:54,610 - log - INFO - iter:2060/8041, clip_acc1=83.83495330810547, tta_acc1=81.99029541015625
2025-06-06 09:59:54,610 - log - INFO - iter:2060/8041, Original Acc@1: 83.83, Acc@5: 99.47, TTA Acc@1: 81.99, Acc@5: 98.79
2025-06-06 10:00:35,011 - log - INFO - iter:2080/8041, clip_acc1=83.84615325927734, tta_acc1=82.01923370361328
2025-06-06 10:00:35,012 - log - INFO - iter:2080/8041, Original Acc@1: 83.85, Acc@5: 99.47, TTA Acc@1: 82.02, Acc@5: 98.80
2025-06-06 10:01:15,380 - log - INFO - iter:2100/8041, clip_acc1=83.85713958740234, tta_acc1=82.0952377319336
2025-06-06 10:01:15,381 - log - INFO - iter:2100/8041, Original Acc@1: 83.86, Acc@5: 99.48, TTA Acc@1: 82.10, Acc@5: 98.81
2025-06-06 10:01:55,824 - log - INFO - iter:2120/8041, clip_acc1=83.96226501464844, tta_acc1=82.07546997070312
2025-06-06 10:01:55,825 - log - INFO - iter:2120/8041, Original Acc@1: 83.96, Acc@5: 99.48, TTA Acc@1: 82.08, Acc@5: 98.82
2025-06-06 10:02:36,415 - log - INFO - iter:2140/8041, clip_acc1=84.06542205810547, tta_acc1=82.1962661743164
2025-06-06 10:02:36,416 - log - INFO - iter:2140/8041, Original Acc@1: 84.07, Acc@5: 99.49, TTA Acc@1: 82.20, Acc@5: 98.83
2025-06-06 10:03:16,903 - log - INFO - iter:2160/8041, clip_acc1=84.21295928955078, tta_acc1=82.31481170654297
2025-06-06 10:03:16,903 - log - INFO - iter:2160/8041, Original Acc@1: 84.21, Acc@5: 99.49, TTA Acc@1: 82.31, Acc@5: 98.84
2025-06-06 10:03:57,372 - log - INFO - iter:2180/8041, clip_acc1=84.22018432617188, tta_acc1=82.2477035522461
2025-06-06 10:03:57,372 - log - INFO - iter:2180/8041, Original Acc@1: 84.22, Acc@5: 99.50, TTA Acc@1: 82.25, Acc@5: 98.85
2025-06-06 10:04:37,851 - log - INFO - iter:2200/8041, clip_acc1=84.31818389892578, tta_acc1=82.31818389892578
2025-06-06 10:04:37,851 - log - INFO - iter:2200/8041, Original Acc@1: 84.32, Acc@5: 99.50, TTA Acc@1: 82.32, Acc@5: 98.86
2025-06-06 10:05:18,521 - log - INFO - iter:2220/8041, clip_acc1=84.23423767089844, tta_acc1=82.25225067138672
2025-06-06 10:05:18,521 - log - INFO - iter:2220/8041, Original Acc@1: 84.23, Acc@5: 99.46, TTA Acc@1: 82.25, Acc@5: 98.87
2025-06-06 10:05:58,950 - log - INFO - iter:2240/8041, clip_acc1=84.19642639160156, tta_acc1=82.1875
2025-06-06 10:05:58,950 - log - INFO - iter:2240/8041, Original Acc@1: 84.20, Acc@5: 99.46, TTA Acc@1: 82.19, Acc@5: 98.84
2025-06-06 10:06:39,412 - log - INFO - iter:2260/8041, clip_acc1=84.24778747558594, tta_acc1=82.16814422607422
2025-06-06 10:06:39,412 - log - INFO - iter:2260/8041, Original Acc@1: 84.25, Acc@5: 99.47, TTA Acc@1: 82.17, Acc@5: 98.85
2025-06-06 10:07:20,224 - log - INFO - iter:2280/8041, clip_acc1=84.34210968017578, tta_acc1=82.3245620727539
2025-06-06 10:07:20,224 - log - INFO - iter:2280/8041, Original Acc@1: 84.34, Acc@5: 99.47, TTA Acc@1: 82.32, Acc@5: 98.86
2025-06-06 10:08:00,677 - log - INFO - iter:2300/8041, clip_acc1=84.34782409667969, tta_acc1=82.30435180664062
2025-06-06 10:08:00,678 - log - INFO - iter:2300/8041, Original Acc@1: 84.35, Acc@5: 99.48, TTA Acc@1: 82.30, Acc@5: 98.87
2025-06-06 10:08:41,887 - log - INFO - iter:2320/8041, clip_acc1=84.35344696044922, tta_acc1=82.37068939208984
2025-06-06 10:08:41,888 - log - INFO - iter:2320/8041, Original Acc@1: 84.35, Acc@5: 99.48, TTA Acc@1: 82.37, Acc@5: 98.88
2025-06-06 10:09:22,239 - log - INFO - iter:2340/8041, clip_acc1=84.27350616455078, tta_acc1=82.35042572021484
2025-06-06 10:09:22,239 - log - INFO - iter:2340/8041, Original Acc@1: 84.27, Acc@5: 99.49, TTA Acc@1: 82.35, Acc@5: 98.89
2025-06-06 10:10:03,419 - log - INFO - iter:2360/8041, clip_acc1=84.2796630859375, tta_acc1=82.33050537109375
2025-06-06 10:10:03,419 - log - INFO - iter:2360/8041, Original Acc@1: 84.28, Acc@5: 99.49, TTA Acc@1: 82.33, Acc@5: 98.90
2025-06-06 10:10:43,824 - log - INFO - iter:2380/8041, clip_acc1=84.3697509765625, tta_acc1=82.43697357177734
2025-06-06 10:10:43,824 - log - INFO - iter:2380/8041, Original Acc@1: 84.37, Acc@5: 99.50, TTA Acc@1: 82.44, Acc@5: 98.91
2025-06-06 10:11:24,082 - log - INFO - iter:2400/8041, clip_acc1=84.5, tta_acc1=82.58333587646484
2025-06-06 10:11:24,082 - log - INFO - iter:2400/8041, Original Acc@1: 84.50, Acc@5: 99.50, TTA Acc@1: 82.58, Acc@5: 98.92
2025-06-06 10:12:04,412 - log - INFO - iter:2420/8041, clip_acc1=84.54545593261719, tta_acc1=82.60330200195312
2025-06-06 10:12:04,412 - log - INFO - iter:2420/8041, Original Acc@1: 84.55, Acc@5: 99.46, TTA Acc@1: 82.60, Acc@5: 98.88
2025-06-06 10:12:44,770 - log - INFO - iter:2440/8041, clip_acc1=84.50819396972656, tta_acc1=82.58197021484375
2025-06-06 10:12:44,770 - log - INFO - iter:2440/8041, Original Acc@1: 84.51, Acc@5: 99.43, TTA Acc@1: 82.58, Acc@5: 98.85
2025-06-06 10:13:25,769 - log - INFO - iter:2460/8041, clip_acc1=84.55284118652344, tta_acc1=82.52032470703125
2025-06-06 10:13:25,769 - log - INFO - iter:2460/8041, Original Acc@1: 84.55, Acc@5: 99.43, TTA Acc@1: 82.52, Acc@5: 98.86
2025-06-06 10:14:06,308 - log - INFO - iter:2480/8041, clip_acc1=84.55644989013672, tta_acc1=82.5
2025-06-06 10:14:06,308 - log - INFO - iter:2480/8041, Original Acc@1: 84.56, Acc@5: 99.44, TTA Acc@1: 82.50, Acc@5: 98.87
2025-06-06 10:14:46,672 - log - INFO - iter:2500/8041, clip_acc1=84.4000015258789, tta_acc1=82.31999969482422
2025-06-06 10:14:46,673 - log - INFO - iter:2500/8041, Original Acc@1: 84.40, Acc@5: 99.44, TTA Acc@1: 82.32, Acc@5: 98.88
2025-06-06 10:15:27,497 - log - INFO - iter:2520/8041, clip_acc1=84.4047622680664, tta_acc1=82.26190948486328
2025-06-06 10:15:27,497 - log - INFO - iter:2520/8041, Original Acc@1: 84.40, Acc@5: 99.44, TTA Acc@1: 82.26, Acc@5: 98.89
2025-06-06 10:16:07,978 - log - INFO - iter:2540/8041, clip_acc1=84.48818969726562, tta_acc1=82.32283782958984
2025-06-06 10:16:07,978 - log - INFO - iter:2540/8041, Original Acc@1: 84.49, Acc@5: 99.45, TTA Acc@1: 82.32, Acc@5: 98.90
2025-06-06 10:16:48,341 - log - INFO - iter:2560/8041, clip_acc1=84.4140625, tta_acc1=82.3046875
2025-06-06 10:16:48,341 - log - INFO - iter:2560/8041, Original Acc@1: 84.41, Acc@5: 99.45, TTA Acc@1: 82.30, Acc@5: 98.91
2025-06-06 10:17:29,303 - log - INFO - iter:2580/8041, clip_acc1=84.3410873413086, tta_acc1=82.20930480957031
2025-06-06 10:17:29,303 - log - INFO - iter:2580/8041, Original Acc@1: 84.34, Acc@5: 99.46, TTA Acc@1: 82.21, Acc@5: 98.91
2025-06-06 10:18:09,861 - log - INFO - iter:2600/8041, clip_acc1=84.34615325927734, tta_acc1=82.19230651855469
2025-06-06 10:18:09,861 - log - INFO - iter:2600/8041, Original Acc@1: 84.35, Acc@5: 99.46, TTA Acc@1: 82.19, Acc@5: 98.88
2025-06-06 10:18:50,120 - log - INFO - iter:2620/8041, clip_acc1=84.31298065185547, tta_acc1=82.25190734863281
2025-06-06 10:18:50,120 - log - INFO - iter:2620/8041, Original Acc@1: 84.31, Acc@5: 99.43, TTA Acc@1: 82.25, Acc@5: 98.89
2025-06-06 10:19:30,671 - log - INFO - iter:2640/8041, clip_acc1=84.3560562133789, tta_acc1=82.31060028076172
2025-06-06 10:19:30,671 - log - INFO - iter:2640/8041, Original Acc@1: 84.36, Acc@5: 99.43, TTA Acc@1: 82.31, Acc@5: 98.90
2025-06-06 10:20:11,254 - log - INFO - iter:2660/8041, clip_acc1=84.21052551269531, tta_acc1=82.18045043945312
2025-06-06 10:20:11,254 - log - INFO - iter:2660/8041, Original Acc@1: 84.21, Acc@5: 99.44, TTA Acc@1: 82.18, Acc@5: 98.91
2025-06-06 10:20:51,827 - log - INFO - iter:2680/8041, clip_acc1=84.17910766601562, tta_acc1=82.20149230957031
2025-06-06 10:20:51,827 - log - INFO - iter:2680/8041, Original Acc@1: 84.18, Acc@5: 99.44, TTA Acc@1: 82.20, Acc@5: 98.92
2025-06-06 10:21:32,609 - log - INFO - iter:2700/8041, clip_acc1=84.18518829345703, tta_acc1=82.22222137451172
2025-06-06 10:21:32,609 - log - INFO - iter:2700/8041, Original Acc@1: 84.19, Acc@5: 99.44, TTA Acc@1: 82.22, Acc@5: 98.93
2025-06-06 10:22:12,975 - log - INFO - iter:2720/8041, clip_acc1=84.08088684082031, tta_acc1=82.16912078857422
2025-06-06 10:22:12,975 - log - INFO - iter:2720/8041, Original Acc@1: 84.08, Acc@5: 99.45, TTA Acc@1: 82.17, Acc@5: 98.90
2025-06-06 10:22:53,449 - log - INFO - iter:2740/8041, clip_acc1=84.12408447265625, tta_acc1=82.18978118896484
2025-06-06 10:22:53,450 - log - INFO - iter:2740/8041, Original Acc@1: 84.12, Acc@5: 99.45, TTA Acc@1: 82.19, Acc@5: 98.91
2025-06-06 10:23:33,933 - log - INFO - iter:2760/8041, clip_acc1=84.16667175292969, tta_acc1=82.24637603759766
2025-06-06 10:23:33,933 - log - INFO - iter:2760/8041, Original Acc@1: 84.17, Acc@5: 99.46, TTA Acc@1: 82.25, Acc@5: 98.91
2025-06-06 10:24:14,438 - log - INFO - iter:2780/8041, clip_acc1=84.20863342285156, tta_acc1=82.37409973144531
2025-06-06 10:24:14,439 - log - INFO - iter:2780/8041, Original Acc@1: 84.21, Acc@5: 99.46, TTA Acc@1: 82.37, Acc@5: 98.92
2025-06-06 10:24:54,880 - log - INFO - iter:2800/8041, clip_acc1=84.17857360839844, tta_acc1=82.32142639160156
2025-06-06 10:24:54,880 - log - INFO - iter:2800/8041, Original Acc@1: 84.18, Acc@5: 99.46, TTA Acc@1: 82.32, Acc@5: 98.89
2025-06-06 10:25:35,381 - log - INFO - iter:2820/8041, clip_acc1=84.21985626220703, tta_acc1=82.34042358398438
2025-06-06 10:25:35,382 - log - INFO - iter:2820/8041, Original Acc@1: 84.22, Acc@5: 99.47, TTA Acc@1: 82.34, Acc@5: 98.90
2025-06-06 10:26:15,865 - log - INFO - iter:2840/8041, clip_acc1=84.22534942626953, tta_acc1=82.3591537475586
2025-06-06 10:26:15,866 - log - INFO - iter:2840/8041, Original Acc@1: 84.23, Acc@5: 99.47, TTA Acc@1: 82.36, Acc@5: 98.91
2025-06-06 10:26:56,296 - log - INFO - iter:2860/8041, clip_acc1=84.26573944091797, tta_acc1=82.30769348144531
2025-06-06 10:26:56,296 - log - INFO - iter:2860/8041, Original Acc@1: 84.27, Acc@5: 99.48, TTA Acc@1: 82.31, Acc@5: 98.92
2025-06-06 10:27:36,761 - log - INFO - iter:2880/8041, clip_acc1=84.2013931274414, tta_acc1=82.22222137451172
2025-06-06 10:27:36,762 - log - INFO - iter:2880/8041, Original Acc@1: 84.20, Acc@5: 99.48, TTA Acc@1: 82.22, Acc@5: 98.92
2025-06-06 10:28:17,119 - log - INFO - iter:2900/8041, clip_acc1=84.13793182373047, tta_acc1=82.17241668701172
2025-06-06 10:28:17,119 - log - INFO - iter:2900/8041, Original Acc@1: 84.14, Acc@5: 99.45, TTA Acc@1: 82.17, Acc@5: 98.90
2025-06-06 10:28:57,607 - log - INFO - iter:2920/8041, clip_acc1=84.14383697509766, tta_acc1=82.19178009033203
2025-06-06 10:28:57,608 - log - INFO - iter:2920/8041, Original Acc@1: 84.14, Acc@5: 99.45, TTA Acc@1: 82.19, Acc@5: 98.90
2025-06-06 10:29:38,441 - log - INFO - iter:2940/8041, clip_acc1=84.18367767333984, tta_acc1=82.21088409423828
2025-06-06 10:29:38,441 - log - INFO - iter:2940/8041, Original Acc@1: 84.18, Acc@5: 99.46, TTA Acc@1: 82.21, Acc@5: 98.91
2025-06-06 10:30:18,767 - log - INFO - iter:2960/8041, clip_acc1=84.18919372558594, tta_acc1=82.22972869873047
2025-06-06 10:30:18,768 - log - INFO - iter:2960/8041, Original Acc@1: 84.19, Acc@5: 99.43, TTA Acc@1: 82.23, Acc@5: 98.89
2025-06-06 10:30:59,286 - log - INFO - iter:2980/8041, clip_acc1=84.12751770019531, tta_acc1=82.11409759521484
2025-06-06 10:30:59,286 - log - INFO - iter:2980/8041, Original Acc@1: 84.13, Acc@5: 99.43, TTA Acc@1: 82.11, Acc@5: 98.89
2025-06-06 10:31:39,550 - log - INFO - iter:3000/8041, clip_acc1=84.13333129882812, tta_acc1=82.0999984741211
2025-06-06 10:31:39,551 - log - INFO - iter:3000/8041, Original Acc@1: 84.13, Acc@5: 99.43, TTA Acc@1: 82.10, Acc@5: 98.90
2025-06-06 10:32:19,978 - log - INFO - iter:3020/8041, clip_acc1=84.17218780517578, tta_acc1=82.1523208618164
2025-06-06 10:32:19,979 - log - INFO - iter:3020/8041, Original Acc@1: 84.17, Acc@5: 99.44, TTA Acc@1: 82.15, Acc@5: 98.91
2025-06-06 10:33:00,503 - log - INFO - iter:3040/8041, clip_acc1=84.14473724365234, tta_acc1=82.10527038574219
2025-06-06 10:33:00,503 - log - INFO - iter:3040/8041, Original Acc@1: 84.14, Acc@5: 99.44, TTA Acc@1: 82.11, Acc@5: 98.91
2025-06-06 10:33:41,089 - log - INFO - iter:3060/8041, clip_acc1=84.1830062866211, tta_acc1=82.12418365478516
2025-06-06 10:33:41,089 - log - INFO - iter:3060/8041, Original Acc@1: 84.18, Acc@5: 99.44, TTA Acc@1: 82.12, Acc@5: 98.92
2025-06-06 10:34:21,636 - log - INFO - iter:3080/8041, clip_acc1=84.12337493896484, tta_acc1=82.04545593261719
2025-06-06 10:34:21,637 - log - INFO - iter:3080/8041, Original Acc@1: 84.12, Acc@5: 99.45, TTA Acc@1: 82.05, Acc@5: 98.93
2025-06-06 10:35:02,081 - log - INFO - iter:3100/8041, clip_acc1=84.12903594970703, tta_acc1=82.06452178955078
2025-06-06 10:35:02,082 - log - INFO - iter:3100/8041, Original Acc@1: 84.13, Acc@5: 99.45, TTA Acc@1: 82.06, Acc@5: 98.94
2025-06-06 10:35:42,453 - log - INFO - iter:3120/8041, clip_acc1=84.1346206665039, tta_acc1=82.08333587646484
2025-06-06 10:35:42,453 - log - INFO - iter:3120/8041, Original Acc@1: 84.13, Acc@5: 99.42, TTA Acc@1: 82.08, Acc@5: 98.94
2025-06-06 10:36:22,784 - log - INFO - iter:3140/8041, clip_acc1=84.1719741821289, tta_acc1=82.10191345214844
2025-06-06 10:36:22,784 - log - INFO - iter:3140/8041, Original Acc@1: 84.17, Acc@5: 99.43, TTA Acc@1: 82.10, Acc@5: 98.95
2025-06-06 10:37:03,299 - log - INFO - iter:3160/8041, clip_acc1=84.17721557617188, tta_acc1=82.08860778808594
2025-06-06 10:37:03,299 - log - INFO - iter:3160/8041, Original Acc@1: 84.18, Acc@5: 99.40, TTA Acc@1: 82.09, Acc@5: 98.92
2025-06-06 10:37:43,778 - log - INFO - iter:3180/8041, clip_acc1=84.15093994140625, tta_acc1=82.04402160644531
2025-06-06 10:37:43,778 - log - INFO - iter:3180/8041, Original Acc@1: 84.15, Acc@5: 99.40, TTA Acc@1: 82.04, Acc@5: 98.90
2025-06-06 10:38:24,181 - log - INFO - iter:3200/8041, clip_acc1=84.21875, tta_acc1=82.09375
2025-06-06 10:38:24,182 - log - INFO - iter:3200/8041, Original Acc@1: 84.22, Acc@5: 99.41, TTA Acc@1: 82.09, Acc@5: 98.91
2025-06-06 10:39:08,442 - log - INFO - iter:3220/8041, clip_acc1=84.25465393066406, tta_acc1=82.11180114746094
2025-06-06 10:39:08,442 - log - INFO - iter:3220/8041, Original Acc@1: 84.25, Acc@5: 99.41, TTA Acc@1: 82.11, Acc@5: 98.91
2025-06-06 10:39:48,959 - log - INFO - iter:3240/8041, clip_acc1=84.29013061523438, tta_acc1=82.1604995727539
2025-06-06 10:39:48,959 - log - INFO - iter:3240/8041, Original Acc@1: 84.29, Acc@5: 99.41, TTA Acc@1: 82.16, Acc@5: 98.92
2025-06-06 10:40:29,479 - log - INFO - iter:3260/8041, clip_acc1=84.32514953613281, tta_acc1=82.1472396850586
2025-06-06 10:40:29,479 - log - INFO - iter:3260/8041, Original Acc@1: 84.33, Acc@5: 99.39, TTA Acc@1: 82.15, Acc@5: 98.90
2025-06-06 10:41:09,958 - log - INFO - iter:3280/8041, clip_acc1=84.35975646972656, tta_acc1=82.16463470458984
2025-06-06 10:41:09,958 - log - INFO - iter:3280/8041, Original Acc@1: 84.36, Acc@5: 99.36, TTA Acc@1: 82.16, Acc@5: 98.90
2025-06-06 10:41:50,383 - log - INFO - iter:3300/8041, clip_acc1=84.33333587646484, tta_acc1=82.18181610107422
2025-06-06 10:41:50,384 - log - INFO - iter:3300/8041, Original Acc@1: 84.33, Acc@5: 99.36, TTA Acc@1: 82.18, Acc@5: 98.91
2025-06-06 10:42:30,809 - log - INFO - iter:3320/8041, clip_acc1=84.18675231933594, tta_acc1=82.10843658447266
2025-06-06 10:42:30,809 - log - INFO - iter:3320/8041, Original Acc@1: 84.19, Acc@5: 99.37, TTA Acc@1: 82.11, Acc@5: 98.92
2025-06-06 10:43:11,327 - log - INFO - iter:3340/8041, clip_acc1=84.1317367553711, tta_acc1=82.06587219238281
2025-06-06 10:43:11,328 - log - INFO - iter:3340/8041, Original Acc@1: 84.13, Acc@5: 99.37, TTA Acc@1: 82.07, Acc@5: 98.92
2025-06-06 10:43:51,830 - log - INFO - iter:3360/8041, clip_acc1=84.10714721679688, tta_acc1=82.05357360839844
2025-06-06 10:43:51,830 - log - INFO - iter:3360/8041, Original Acc@1: 84.11, Acc@5: 99.35, TTA Acc@1: 82.05, Acc@5: 98.90
2025-06-06 10:44:32,161 - log - INFO - iter:3380/8041, clip_acc1=84.17160034179688, tta_acc1=82.01183319091797
2025-06-06 10:44:32,162 - log - INFO - iter:3380/8041, Original Acc@1: 84.17, Acc@5: 99.35, TTA Acc@1: 82.01, Acc@5: 98.91
2025-06-06 10:45:12,650 - log - INFO - iter:3400/8041, clip_acc1=84.11764526367188, tta_acc1=81.97058868408203
2025-06-06 10:45:12,651 - log - INFO - iter:3400/8041, Original Acc@1: 84.12, Acc@5: 99.35, TTA Acc@1: 81.97, Acc@5: 98.91
2025-06-06 10:45:53,307 - log - INFO - iter:3420/8041, clip_acc1=84.03508758544922, tta_acc1=81.90058135986328
2025-06-06 10:45:53,307 - log - INFO - iter:3420/8041, Original Acc@1: 84.04, Acc@5: 99.36, TTA Acc@1: 81.90, Acc@5: 98.92
2025-06-06 10:46:33,820 - log - INFO - iter:3440/8041, clip_acc1=84.04069519042969, tta_acc1=81.88953399658203
2025-06-06 10:46:33,820 - log - INFO - iter:3440/8041, Original Acc@1: 84.04, Acc@5: 99.36, TTA Acc@1: 81.89, Acc@5: 98.92
2025-06-06 10:47:14,385 - log - INFO - iter:3460/8041, clip_acc1=84.10404205322266, tta_acc1=81.90750885009766
2025-06-06 10:47:14,386 - log - INFO - iter:3460/8041, Original Acc@1: 84.10, Acc@5: 99.36, TTA Acc@1: 81.91, Acc@5: 98.93
2025-06-06 10:47:54,744 - log - INFO - iter:3480/8041, clip_acc1=84.13793182373047, tta_acc1=81.89655303955078
2025-06-06 10:47:54,744 - log - INFO - iter:3480/8041, Original Acc@1: 84.14, Acc@5: 99.37, TTA Acc@1: 81.90, Acc@5: 98.94
2025-06-06 10:48:35,127 - log - INFO - iter:3500/8041, clip_acc1=84.11428833007812, tta_acc1=81.85713958740234
2025-06-06 10:48:35,127 - log - INFO - iter:3500/8041, Original Acc@1: 84.11, Acc@5: 99.37, TTA Acc@1: 81.86, Acc@5: 98.91
2025-06-06 10:49:15,452 - log - INFO - iter:3520/8041, clip_acc1=84.1477279663086, tta_acc1=81.90340423583984
2025-06-06 10:49:15,453 - log - INFO - iter:3520/8041, Original Acc@1: 84.15, Acc@5: 99.38, TTA Acc@1: 81.90, Acc@5: 98.92
2025-06-06 10:49:55,772 - log - INFO - iter:3540/8041, clip_acc1=84.0960464477539, tta_acc1=81.8361587524414
2025-06-06 10:49:55,773 - log - INFO - iter:3540/8041, Original Acc@1: 84.10, Acc@5: 99.38, TTA Acc@1: 81.84, Acc@5: 98.93
2025-06-06 10:50:36,381 - log - INFO - iter:3560/8041, clip_acc1=84.0449447631836, tta_acc1=81.76966094970703
2025-06-06 10:50:36,381 - log - INFO - iter:3560/8041, Original Acc@1: 84.04, Acc@5: 99.38, TTA Acc@1: 81.77, Acc@5: 98.93
2025-06-06 10:51:17,110 - log - INFO - iter:3580/8041, clip_acc1=84.02234649658203, tta_acc1=81.78770446777344
2025-06-06 10:51:17,110 - log - INFO - iter:3580/8041, Original Acc@1: 84.02, Acc@5: 99.39, TTA Acc@1: 81.79, Acc@5: 98.94
2025-06-06 10:51:57,701 - log - INFO - iter:3600/8041, clip_acc1=83.97222137451172, tta_acc1=81.66667175292969
2025-06-06 10:51:57,702 - log - INFO - iter:3600/8041, Original Acc@1: 83.97, Acc@5: 99.39, TTA Acc@1: 81.67, Acc@5: 98.94
2025-06-06 10:52:38,080 - log - INFO - iter:3620/8041, clip_acc1=83.92264556884766, tta_acc1=81.5745849609375
2025-06-06 10:52:38,080 - log - INFO - iter:3620/8041, Original Acc@1: 83.92, Acc@5: 99.39, TTA Acc@1: 81.57, Acc@5: 98.95
2025-06-06 10:53:18,590 - log - INFO - iter:3640/8041, clip_acc1=83.87362670898438, tta_acc1=81.53846740722656
2025-06-06 10:53:18,590 - log - INFO - iter:3640/8041, Original Acc@1: 83.87, Acc@5: 99.40, TTA Acc@1: 81.54, Acc@5: 98.96
2025-06-06 10:53:59,027 - log - INFO - iter:3660/8041, clip_acc1=83.93443298339844, tta_acc1=81.55738067626953
2025-06-06 10:53:59,027 - log - INFO - iter:3660/8041, Original Acc@1: 83.93, Acc@5: 99.40, TTA Acc@1: 81.56, Acc@5: 98.96
2025-06-06 10:54:39,546 - log - INFO - iter:3680/8041, clip_acc1=83.94021606445312, tta_acc1=81.52173614501953
2025-06-06 10:54:39,546 - log - INFO - iter:3680/8041, Original Acc@1: 83.94, Acc@5: 99.40, TTA Acc@1: 81.52, Acc@5: 98.94
2025-06-06 10:55:19,951 - log - INFO - iter:3700/8041, clip_acc1=83.83783721923828, tta_acc1=81.45946502685547
2025-06-06 10:55:19,951 - log - INFO - iter:3700/8041, Original Acc@1: 83.84, Acc@5: 99.38, TTA Acc@1: 81.46, Acc@5: 98.92
2025-06-06 10:56:00,512 - log - INFO - iter:3720/8041, clip_acc1=83.8978500366211, tta_acc1=81.50537872314453
2025-06-06 10:56:00,512 - log - INFO - iter:3720/8041, Original Acc@1: 83.90, Acc@5: 99.38, TTA Acc@1: 81.51, Acc@5: 98.92
2025-06-06 10:56:40,869 - log - INFO - iter:3740/8041, clip_acc1=83.90374755859375, tta_acc1=81.52406311035156
2025-06-06 10:56:40,869 - log - INFO - iter:3740/8041, Original Acc@1: 83.90, Acc@5: 99.36, TTA Acc@1: 81.52, Acc@5: 98.93
2025-06-06 10:57:21,426 - log - INFO - iter:3760/8041, clip_acc1=83.9095687866211, tta_acc1=81.51595306396484
2025-06-06 10:57:21,427 - log - INFO - iter:3760/8041, Original Acc@1: 83.91, Acc@5: 99.36, TTA Acc@1: 81.52, Acc@5: 98.94
2025-06-06 10:58:02,149 - log - INFO - iter:3780/8041, clip_acc1=83.91534423828125, tta_acc1=81.56084442138672
2025-06-06 10:58:02,149 - log - INFO - iter:3780/8041, Original Acc@1: 83.92, Acc@5: 99.37, TTA Acc@1: 81.56, Acc@5: 98.94
2025-06-06 10:58:42,487 - log - INFO - iter:3800/8041, clip_acc1=83.86841583251953, tta_acc1=81.47367858886719
2025-06-06 10:58:42,487 - log - INFO - iter:3800/8041, Original Acc@1: 83.87, Acc@5: 99.37, TTA Acc@1: 81.47, Acc@5: 98.92
2025-06-06 10:59:22,956 - log - INFO - iter:3820/8041, clip_acc1=83.8481674194336, tta_acc1=81.41361236572266
2025-06-06 10:59:22,957 - log - INFO - iter:3820/8041, Original Acc@1: 83.85, Acc@5: 99.37, TTA Acc@1: 81.41, Acc@5: 98.93
2025-06-06 11:00:03,376 - log - INFO - iter:3840/8041, clip_acc1=83.88021087646484, tta_acc1=81.45833587646484
2025-06-06 11:00:03,376 - log - INFO - iter:3840/8041, Original Acc@1: 83.88, Acc@5: 99.38, TTA Acc@1: 81.46, Acc@5: 98.93
2025-06-06 11:00:43,852 - log - INFO - iter:3860/8041, clip_acc1=83.860107421875, tta_acc1=81.4507827758789
2025-06-06 11:00:43,852 - log - INFO - iter:3860/8041, Original Acc@1: 83.86, Acc@5: 99.38, TTA Acc@1: 81.45, Acc@5: 98.94
2025-06-06 11:01:24,256 - log - INFO - iter:3880/8041, clip_acc1=83.86598205566406, tta_acc1=81.41752624511719
2025-06-06 11:01:24,256 - log - INFO - iter:3880/8041, Original Acc@1: 83.87, Acc@5: 99.38, TTA Acc@1: 81.42, Acc@5: 98.94
2025-06-06 11:02:04,721 - log - INFO - iter:3900/8041, clip_acc1=83.89743041992188, tta_acc1=81.38461303710938
2025-06-06 11:02:04,721 - log - INFO - iter:3900/8041, Original Acc@1: 83.90, Acc@5: 99.38, TTA Acc@1: 81.38, Acc@5: 98.95
2025-06-06 11:02:45,364 - log - INFO - iter:3920/8041, clip_acc1=83.87754821777344, tta_acc1=81.35203552246094
2025-06-06 11:02:45,365 - log - INFO - iter:3920/8041, Original Acc@1: 83.88, Acc@5: 99.39, TTA Acc@1: 81.35, Acc@5: 98.93
2025-06-06 11:03:26,012 - log - INFO - iter:3940/8041, clip_acc1=83.85787200927734, tta_acc1=81.3198013305664
2025-06-06 11:03:26,012 - log - INFO - iter:3940/8041, Original Acc@1: 83.86, Acc@5: 99.39, TTA Acc@1: 81.32, Acc@5: 98.93
2025-06-06 11:04:06,395 - log - INFO - iter:3960/8041, clip_acc1=83.86363983154297, tta_acc1=81.28787994384766
2025-06-06 11:04:06,395 - log - INFO - iter:3960/8041, Original Acc@1: 83.86, Acc@5: 99.39, TTA Acc@1: 81.29, Acc@5: 98.94
2025-06-06 11:04:46,831 - log - INFO - iter:3980/8041, clip_acc1=83.819091796875, tta_acc1=81.23115539550781
2025-06-06 11:04:46,831 - log - INFO - iter:3980/8041, Original Acc@1: 83.82, Acc@5: 99.40, TTA Acc@1: 81.23, Acc@5: 98.94
2025-06-06 11:05:27,376 - log - INFO - iter:4000/8041, clip_acc1=83.82500457763672, tta_acc1=81.2750015258789
2025-06-06 11:05:27,376 - log - INFO - iter:4000/8041, Original Acc@1: 83.83, Acc@5: 99.40, TTA Acc@1: 81.28, Acc@5: 98.95
2025-06-06 11:06:07,733 - log - INFO - iter:4020/8041, clip_acc1=83.80597686767578, tta_acc1=81.26866149902344
2025-06-06 11:06:07,733 - log - INFO - iter:4020/8041, Original Acc@1: 83.81, Acc@5: 99.40, TTA Acc@1: 81.27, Acc@5: 98.96
2025-06-06 11:06:48,413 - log - INFO - iter:4040/8041, clip_acc1=83.7871322631836, tta_acc1=81.21287536621094
2025-06-06 11:06:48,414 - log - INFO - iter:4040/8041, Original Acc@1: 83.79, Acc@5: 99.38, TTA Acc@1: 81.21, Acc@5: 98.94
2025-06-06 11:07:29,037 - log - INFO - iter:4060/8041, clip_acc1=83.76847839355469, tta_acc1=81.23152923583984
2025-06-06 11:07:29,038 - log - INFO - iter:4060/8041, Original Acc@1: 83.77, Acc@5: 99.38, TTA Acc@1: 81.23, Acc@5: 98.94
2025-06-06 11:08:09,600 - log - INFO - iter:4080/8041, clip_acc1=83.79902648925781, tta_acc1=81.29902648925781
2025-06-06 11:08:09,600 - log - INFO - iter:4080/8041, Original Acc@1: 83.80, Acc@5: 99.39, TTA Acc@1: 81.30, Acc@5: 98.95
2025-06-06 11:08:50,246 - log - INFO - iter:4100/8041, clip_acc1=83.82926940917969, tta_acc1=81.34146118164062
2025-06-06 11:08:50,246 - log - INFO - iter:4100/8041, Original Acc@1: 83.83, Acc@5: 99.39, TTA Acc@1: 81.34, Acc@5: 98.95
2025-06-06 11:09:30,659 - log - INFO - iter:4120/8041, clip_acc1=83.90776824951172, tta_acc1=81.43203735351562
2025-06-06 11:09:30,659 - log - INFO - iter:4120/8041, Original Acc@1: 83.91, Acc@5: 99.39, TTA Acc@1: 81.43, Acc@5: 98.96
2025-06-06 11:10:11,143 - log - INFO - iter:4140/8041, clip_acc1=83.88888549804688, tta_acc1=81.42511749267578
2025-06-06 11:10:11,143 - log - INFO - iter:4140/8041, Original Acc@1: 83.89, Acc@5: 99.40, TTA Acc@1: 81.43, Acc@5: 98.96
2025-06-06 11:10:51,414 - log - INFO - iter:4160/8041, clip_acc1=83.91826629638672, tta_acc1=81.44230651855469
2025-06-06 11:10:51,414 - log - INFO - iter:4160/8041, Original Acc@1: 83.92, Acc@5: 99.40, TTA Acc@1: 81.44, Acc@5: 98.97
2025-06-06 11:11:32,158 - log - INFO - iter:4180/8041, clip_acc1=83.92344665527344, tta_acc1=81.4354019165039
2025-06-06 11:11:32,158 - log - INFO - iter:4180/8041, Original Acc@1: 83.92, Acc@5: 99.40, TTA Acc@1: 81.44, Acc@5: 98.97
2025-06-06 11:12:12,869 - log - INFO - iter:4200/8041, clip_acc1=83.97618865966797, tta_acc1=81.47618865966797
2025-06-06 11:12:12,869 - log - INFO - iter:4200/8041, Original Acc@1: 83.98, Acc@5: 99.40, TTA Acc@1: 81.48, Acc@5: 98.95
2025-06-06 11:12:53,256 - log - INFO - iter:4220/8041, clip_acc1=83.98104095458984, tta_acc1=81.49288940429688
2025-06-06 11:12:53,256 - log - INFO - iter:4220/8041, Original Acc@1: 83.98, Acc@5: 99.41, TTA Acc@1: 81.49, Acc@5: 98.96
2025-06-06 11:13:34,644 - log - INFO - iter:4240/8041, clip_acc1=83.91509246826172, tta_acc1=81.43868255615234
2025-06-06 11:13:34,644 - log - INFO - iter:4240/8041, Original Acc@1: 83.92, Acc@5: 99.41, TTA Acc@1: 81.44, Acc@5: 98.96
2025-06-06 11:14:15,179 - log - INFO - iter:4260/8041, clip_acc1=83.9671401977539, tta_acc1=81.52582550048828
2025-06-06 11:14:15,179 - log - INFO - iter:4260/8041, Original Acc@1: 83.97, Acc@5: 99.41, TTA Acc@1: 81.53, Acc@5: 98.97
2025-06-06 11:14:55,910 - log - INFO - iter:4280/8041, clip_acc1=83.99533081054688, tta_acc1=81.51869201660156
2025-06-06 11:14:55,910 - log - INFO - iter:4280/8041, Original Acc@1: 84.00, Acc@5: 99.42, TTA Acc@1: 81.52, Acc@5: 98.97
2025-06-06 11:15:36,579 - log - INFO - iter:4300/8041, clip_acc1=83.97674560546875, tta_acc1=81.48837280273438
2025-06-06 11:15:36,579 - log - INFO - iter:4300/8041, Original Acc@1: 83.98, Acc@5: 99.42, TTA Acc@1: 81.49, Acc@5: 98.95
2025-06-06 11:16:17,256 - log - INFO - iter:4320/8041, clip_acc1=83.88888549804688, tta_acc1=81.45832824707031
2025-06-06 11:16:17,256 - log - INFO - iter:4320/8041, Original Acc@1: 83.89, Acc@5: 99.42, TTA Acc@1: 81.46, Acc@5: 98.96
2025-06-06 11:16:57,911 - log - INFO - iter:4340/8041, clip_acc1=83.94009399414062, tta_acc1=81.54377746582031
2025-06-06 11:16:57,911 - log - INFO - iter:4340/8041, Original Acc@1: 83.94, Acc@5: 99.42, TTA Acc@1: 81.54, Acc@5: 98.96
2025-06-06 11:17:38,510 - log - INFO - iter:4360/8041, clip_acc1=83.99082946777344, tta_acc1=81.58257293701172
2025-06-06 11:17:38,510 - log - INFO - iter:4360/8041, Original Acc@1: 83.99, Acc@5: 99.43, TTA Acc@1: 81.58, Acc@5: 98.97
2025-06-06 11:18:18,836 - log - INFO - iter:4380/8041, clip_acc1=83.99542999267578, tta_acc1=81.62100219726562
2025-06-06 11:18:18,836 - log - INFO - iter:4380/8041, Original Acc@1: 84.00, Acc@5: 99.43, TTA Acc@1: 81.62, Acc@5: 98.97
2025-06-06 11:18:59,526 - log - INFO - iter:4400/8041, clip_acc1=83.9772720336914, tta_acc1=81.56818389892578
2025-06-06 11:18:59,526 - log - INFO - iter:4400/8041, Original Acc@1: 83.98, Acc@5: 99.43, TTA Acc@1: 81.57, Acc@5: 98.98
2025-06-06 11:19:39,990 - log - INFO - iter:4420/8041, clip_acc1=83.89140319824219, tta_acc1=81.51583862304688
2025-06-06 11:19:39,991 - log - INFO - iter:4420/8041, Original Acc@1: 83.89, Acc@5: 99.43, TTA Acc@1: 81.52, Acc@5: 98.98
2025-06-06 11:20:20,427 - log - INFO - iter:4440/8041, clip_acc1=83.9189224243164, tta_acc1=81.5090103149414
2025-06-06 11:20:20,428 - log - INFO - iter:4440/8041, Original Acc@1: 83.92, Acc@5: 99.44, TTA Acc@1: 81.51, Acc@5: 98.99
2025-06-06 11:21:00,954 - log - INFO - iter:4460/8041, clip_acc1=83.9686050415039, tta_acc1=81.56950378417969
2025-06-06 11:21:00,954 - log - INFO - iter:4460/8041, Original Acc@1: 83.97, Acc@5: 99.44, TTA Acc@1: 81.57, Acc@5: 98.99
2025-06-06 11:21:41,444 - log - INFO - iter:4480/8041, clip_acc1=83.95088958740234, tta_acc1=81.58482360839844
2025-06-06 11:21:41,444 - log - INFO - iter:4480/8041, Original Acc@1: 83.95, Acc@5: 99.42, TTA Acc@1: 81.58, Acc@5: 98.97
2025-06-06 11:22:22,007 - log - INFO - iter:4500/8041, clip_acc1=83.97777557373047, tta_acc1=81.64444732666016
2025-06-06 11:22:22,007 - log - INFO - iter:4500/8041, Original Acc@1: 83.98, Acc@5: 99.42, TTA Acc@1: 81.64, Acc@5: 98.98
2025-06-06 11:23:02,402 - log - INFO - iter:4520/8041, clip_acc1=83.9822998046875, tta_acc1=81.5929183959961
2025-06-06 11:23:02,402 - log - INFO - iter:4520/8041, Original Acc@1: 83.98, Acc@5: 99.42, TTA Acc@1: 81.59, Acc@5: 98.98
2025-06-06 11:23:43,005 - log - INFO - iter:4540/8041, clip_acc1=83.98678588867188, tta_acc1=81.6079330444336
2025-06-06 11:23:43,005 - log - INFO - iter:4540/8041, Original Acc@1: 83.99, Acc@5: 99.43, TTA Acc@1: 81.61, Acc@5: 98.99
2025-06-06 11:24:23,398 - log - INFO - iter:4560/8041, clip_acc1=83.99122619628906, tta_acc1=81.62281036376953
2025-06-06 11:24:23,399 - log - INFO - iter:4560/8041, Original Acc@1: 83.99, Acc@5: 99.43, TTA Acc@1: 81.62, Acc@5: 98.99
2025-06-06 11:25:03,807 - log - INFO - iter:4580/8041, clip_acc1=83.99563598632812, tta_acc1=81.63755798339844
2025-06-06 11:25:03,807 - log - INFO - iter:4580/8041, Original Acc@1: 84.00, Acc@5: 99.43, TTA Acc@1: 81.64, Acc@5: 99.00
2025-06-06 11:25:44,209 - log - INFO - iter:4600/8041, clip_acc1=84.02174377441406, tta_acc1=81.65217590332031
2025-06-06 11:25:44,209 - log - INFO - iter:4600/8041, Original Acc@1: 84.02, Acc@5: 99.43, TTA Acc@1: 81.65, Acc@5: 99.00
2025-06-06 11:26:24,575 - log - INFO - iter:4620/8041, clip_acc1=84.04762268066406, tta_acc1=81.68831634521484
2025-06-06 11:26:24,576 - log - INFO - iter:4620/8041, Original Acc@1: 84.05, Acc@5: 99.44, TTA Acc@1: 81.69, Acc@5: 99.00
2025-06-06 11:27:05,214 - log - INFO - iter:4640/8041, clip_acc1=84.0301742553711, tta_acc1=81.68103790283203
2025-06-06 11:27:05,215 - log - INFO - iter:4640/8041, Original Acc@1: 84.03, Acc@5: 99.44, TTA Acc@1: 81.68, Acc@5: 98.99
2025-06-06 11:27:46,255 - log - INFO - iter:4660/8041, clip_acc1=83.99141693115234, tta_acc1=81.65235900878906
2025-06-06 11:27:46,256 - log - INFO - iter:4660/8041, Original Acc@1: 83.99, Acc@5: 99.44, TTA Acc@1: 81.65, Acc@5: 98.99
2025-06-06 11:28:26,696 - log - INFO - iter:4680/8041, clip_acc1=84.01709747314453, tta_acc1=81.68803405761719
2025-06-06 11:28:26,696 - log - INFO - iter:4680/8041, Original Acc@1: 84.02, Acc@5: 99.44, TTA Acc@1: 81.69, Acc@5: 99.00
2025-06-06 11:29:07,253 - log - INFO - iter:4700/8041, clip_acc1=84.0, tta_acc1=81.65957641601562
2025-06-06 11:29:07,253 - log - INFO - iter:4700/8041, Original Acc@1: 84.00, Acc@5: 99.45, TTA Acc@1: 81.66, Acc@5: 98.98
2025-06-06 11:29:47,737 - log - INFO - iter:4720/8041, clip_acc1=84.02542114257812, tta_acc1=81.6737289428711
2025-06-06 11:29:47,737 - log - INFO - iter:4720/8041, Original Acc@1: 84.03, Acc@5: 99.45, TTA Acc@1: 81.67, Acc@5: 98.96
2025-06-06 11:30:28,202 - log - INFO - iter:4740/8041, clip_acc1=83.98734283447266, tta_acc1=81.64556884765625
2025-06-06 11:30:28,202 - log - INFO - iter:4740/8041, Original Acc@1: 83.99, Acc@5: 99.45, TTA Acc@1: 81.65, Acc@5: 98.97
2025-06-06 11:31:08,626 - log - INFO - iter:4760/8041, clip_acc1=83.97058868408203, tta_acc1=81.63865661621094
2025-06-06 11:31:08,626 - log - INFO - iter:4760/8041, Original Acc@1: 83.97, Acc@5: 99.45, TTA Acc@1: 81.64, Acc@5: 98.97
2025-06-06 11:31:50,881 - log - INFO - iter:4780/8041, clip_acc1=84.03765869140625, tta_acc1=81.71548461914062
2025-06-06 11:31:50,881 - log - INFO - iter:4780/8041, Original Acc@1: 84.04, Acc@5: 99.46, TTA Acc@1: 81.72, Acc@5: 98.97
2025-06-06 11:32:31,485 - log - INFO - iter:4800/8041, clip_acc1=84.0, tta_acc1=81.70833587646484
2025-06-06 11:32:31,485 - log - INFO - iter:4800/8041, Original Acc@1: 84.00, Acc@5: 99.46, TTA Acc@1: 81.71, Acc@5: 98.98
2025-06-06 11:33:11,932 - log - INFO - iter:4820/8041, clip_acc1=84.06639099121094, tta_acc1=81.76348876953125
2025-06-06 11:33:11,933 - log - INFO - iter:4820/8041, Original Acc@1: 84.07, Acc@5: 99.46, TTA Acc@1: 81.76, Acc@5: 98.98
2025-06-06 11:33:52,296 - log - INFO - iter:4840/8041, clip_acc1=84.07025146484375, tta_acc1=81.79752349853516
2025-06-06 11:33:52,296 - log - INFO - iter:4840/8041, Original Acc@1: 84.07, Acc@5: 99.46, TTA Acc@1: 81.80, Acc@5: 98.99
2025-06-06 11:34:33,001 - log - INFO - iter:4860/8041, clip_acc1=84.09465026855469, tta_acc1=81.81069946289062
2025-06-06 11:34:33,001 - log - INFO - iter:4860/8041, Original Acc@1: 84.09, Acc@5: 99.47, TTA Acc@1: 81.81, Acc@5: 98.99
2025-06-06 11:35:15,268 - log - INFO - iter:4880/8041, clip_acc1=84.05738067626953, tta_acc1=81.80327606201172
2025-06-06 11:35:15,268 - log - INFO - iter:4880/8041, Original Acc@1: 84.06, Acc@5: 99.47, TTA Acc@1: 81.80, Acc@5: 99.00
2025-06-06 11:35:55,722 - log - INFO - iter:4900/8041, clip_acc1=84.0204086303711, tta_acc1=81.81632995605469
2025-06-06 11:35:55,723 - log - INFO - iter:4900/8041, Original Acc@1: 84.02, Acc@5: 99.47, TTA Acc@1: 81.82, Acc@5: 99.00
2025-06-06 11:36:36,408 - log - INFO - iter:4920/8041, clip_acc1=84.04471588134766, tta_acc1=81.84959411621094
2025-06-06 11:36:36,408 - log - INFO - iter:4920/8041, Original Acc@1: 84.04, Acc@5: 99.47, TTA Acc@1: 81.85, Acc@5: 99.00
2025-06-06 11:37:16,769 - log - INFO - iter:4940/8041, clip_acc1=84.0688247680664, tta_acc1=81.80162048339844
2025-06-06 11:37:16,770 - log - INFO - iter:4940/8041, Original Acc@1: 84.07, Acc@5: 99.47, TTA Acc@1: 81.80, Acc@5: 99.01
2025-06-06 11:37:57,124 - log - INFO - iter:4960/8041, clip_acc1=84.03225708007812, tta_acc1=81.79435729980469
2025-06-06 11:37:57,125 - log - INFO - iter:4960/8041, Original Acc@1: 84.03, Acc@5: 99.48, TTA Acc@1: 81.79, Acc@5: 99.01
2025-06-06 11:38:37,581 - log - INFO - iter:4980/8041, clip_acc1=83.99598693847656, tta_acc1=81.7670669555664
2025-06-06 11:38:37,581 - log - INFO - iter:4980/8041, Original Acc@1: 84.00, Acc@5: 99.48, TTA Acc@1: 81.77, Acc@5: 99.02
2025-06-06 11:39:17,912 - log - INFO - iter:5000/8041, clip_acc1=84.0199966430664, tta_acc1=81.77999877929688
2025-06-06 11:39:17,913 - log - INFO - iter:5000/8041, Original Acc@1: 84.02, Acc@5: 99.48, TTA Acc@1: 81.78, Acc@5: 99.02
2025-06-06 11:39:58,562 - log - INFO - iter:5020/8041, clip_acc1=84.0438232421875, tta_acc1=81.81275177001953
2025-06-06 11:39:58,563 - log - INFO - iter:5020/8041, Original Acc@1: 84.04, Acc@5: 99.48, TTA Acc@1: 81.81, Acc@5: 99.02
2025-06-06 11:40:39,071 - log - INFO - iter:5040/8041, clip_acc1=84.0079345703125, tta_acc1=81.78571319580078
2025-06-06 11:40:39,071 - log - INFO - iter:5040/8041, Original Acc@1: 84.01, Acc@5: 99.48, TTA Acc@1: 81.79, Acc@5: 99.03
2025-06-06 11:41:19,455 - log - INFO - iter:5060/8041, clip_acc1=84.01185607910156, tta_acc1=81.7588882446289
2025-06-06 11:41:19,455 - log - INFO - iter:5060/8041, Original Acc@1: 84.01, Acc@5: 99.49, TTA Acc@1: 81.76, Acc@5: 99.03
2025-06-06 11:41:59,827 - log - INFO - iter:5080/8041, clip_acc1=84.0157470703125, tta_acc1=81.77165222167969
2025-06-06 11:41:59,828 - log - INFO - iter:5080/8041, Original Acc@1: 84.02, Acc@5: 99.49, TTA Acc@1: 81.77, Acc@5: 99.04
2025-06-06 11:42:40,545 - log - INFO - iter:5100/8041, clip_acc1=84.0, tta_acc1=81.80391693115234
2025-06-06 11:42:40,545 - log - INFO - iter:5100/8041, Original Acc@1: 84.00, Acc@5: 99.47, TTA Acc@1: 81.80, Acc@5: 99.02
2025-06-06 11:43:21,027 - log - INFO - iter:5120/8041, clip_acc1=84.04296875, tta_acc1=81.8359375
2025-06-06 11:43:21,027 - log - INFO - iter:5120/8041, Original Acc@1: 84.04, Acc@5: 99.47, TTA Acc@1: 81.84, Acc@5: 99.02
2025-06-06 11:44:01,646 - log - INFO - iter:5140/8041, clip_acc1=84.06614685058594, tta_acc1=81.88716125488281
2025-06-06 11:44:01,646 - log - INFO - iter:5140/8041, Original Acc@1: 84.07, Acc@5: 99.47, TTA Acc@1: 81.89, Acc@5: 99.03
2025-06-06 11:44:42,381 - log - INFO - iter:5160/8041, clip_acc1=84.06977081298828, tta_acc1=81.87984466552734
2025-06-06 11:44:42,381 - log - INFO - iter:5160/8041, Original Acc@1: 84.07, Acc@5: 99.48, TTA Acc@1: 81.88, Acc@5: 99.01
2025-06-06 11:45:22,823 - log - INFO - iter:5180/8041, clip_acc1=84.11196899414062, tta_acc1=81.89189147949219
2025-06-06 11:45:22,823 - log - INFO - iter:5180/8041, Original Acc@1: 84.11, Acc@5: 99.46, TTA Acc@1: 81.89, Acc@5: 99.00
2025-06-06 11:46:03,302 - log - INFO - iter:5200/8041, clip_acc1=84.11538696289062, tta_acc1=81.88461303710938
2025-06-06 11:46:03,302 - log - INFO - iter:5200/8041, Original Acc@1: 84.12, Acc@5: 99.46, TTA Acc@1: 81.88, Acc@5: 99.00
2025-06-06 11:46:43,634 - log - INFO - iter:5220/8041, clip_acc1=84.1187744140625, tta_acc1=81.85823822021484
2025-06-06 11:46:43,635 - log - INFO - iter:5220/8041, Original Acc@1: 84.12, Acc@5: 99.46, TTA Acc@1: 81.86, Acc@5: 99.00
2025-06-06 11:47:24,241 - log - INFO - iter:5240/8041, clip_acc1=84.1030502319336, tta_acc1=81.83206176757812
2025-06-06 11:47:24,242 - log - INFO - iter:5240/8041, Original Acc@1: 84.10, Acc@5: 99.47, TTA Acc@1: 81.83, Acc@5: 99.01
2025-06-06 11:48:04,719 - log - INFO - iter:5260/8041, clip_acc1=84.10646057128906, tta_acc1=81.84410095214844
2025-06-06 11:48:04,719 - log - INFO - iter:5260/8041, Original Acc@1: 84.11, Acc@5: 99.47, TTA Acc@1: 81.84, Acc@5: 99.01
2025-06-06 11:48:45,150 - log - INFO - iter:5280/8041, clip_acc1=84.05302429199219, tta_acc1=81.78030395507812
2025-06-06 11:48:45,150 - log - INFO - iter:5280/8041, Original Acc@1: 84.05, Acc@5: 99.47, TTA Acc@1: 81.78, Acc@5: 99.02
2025-06-06 11:49:25,545 - log - INFO - iter:5300/8041, clip_acc1=84.01886749267578, tta_acc1=81.73584747314453
2025-06-06 11:49:25,546 - log - INFO - iter:5300/8041, Original Acc@1: 84.02, Acc@5: 99.47, TTA Acc@1: 81.74, Acc@5: 99.02
2025-06-06 11:50:06,204 - log - INFO - iter:5320/8041, clip_acc1=84.04135131835938, tta_acc1=81.74812316894531
2025-06-06 11:50:06,205 - log - INFO - iter:5320/8041, Original Acc@1: 84.04, Acc@5: 99.47, TTA Acc@1: 81.75, Acc@5: 99.02
2025-06-06 11:50:47,017 - log - INFO - iter:5340/8041, clip_acc1=84.06367492675781, tta_acc1=81.7977523803711
2025-06-06 11:50:47,017 - log - INFO - iter:5340/8041, Original Acc@1: 84.06, Acc@5: 99.48, TTA Acc@1: 81.80, Acc@5: 99.03
2025-06-06 11:51:27,385 - log - INFO - iter:5360/8041, clip_acc1=84.02985382080078, tta_acc1=81.82836151123047
2025-06-06 11:51:27,385 - log - INFO - iter:5360/8041, Original Acc@1: 84.03, Acc@5: 99.48, TTA Acc@1: 81.83, Acc@5: 99.03
2025-06-06 11:52:07,946 - log - INFO - iter:5380/8041, clip_acc1=84.05204772949219, tta_acc1=81.84014892578125
2025-06-06 11:52:07,947 - log - INFO - iter:5380/8041, Original Acc@1: 84.05, Acc@5: 99.48, TTA Acc@1: 81.84, Acc@5: 99.03
2025-06-06 11:52:48,562 - log - INFO - iter:5400/8041, clip_acc1=84.0740737915039, tta_acc1=81.87036895751953
2025-06-06 11:52:48,562 - log - INFO - iter:5400/8041, Original Acc@1: 84.07, Acc@5: 99.48, TTA Acc@1: 81.87, Acc@5: 99.02
2025-06-06 11:53:29,133 - log - INFO - iter:5420/8041, clip_acc1=84.0774917602539, tta_acc1=81.88191986083984
2025-06-06 11:53:29,134 - log - INFO - iter:5420/8041, Original Acc@1: 84.08, Acc@5: 99.48, TTA Acc@1: 81.88, Acc@5: 99.00
2025-06-06 11:54:09,713 - log - INFO - iter:5440/8041, clip_acc1=84.08088684082031, tta_acc1=81.9117660522461
2025-06-06 11:54:09,713 - log - INFO - iter:5440/8041, Original Acc@1: 84.08, Acc@5: 99.49, TTA Acc@1: 81.91, Acc@5: 99.01
2025-06-06 11:54:50,454 - log - INFO - iter:5460/8041, clip_acc1=84.10256958007812, tta_acc1=81.9047622680664
2025-06-06 11:54:50,454 - log - INFO - iter:5460/8041, Original Acc@1: 84.10, Acc@5: 99.49, TTA Acc@1: 81.90, Acc@5: 99.01
2025-06-06 11:55:31,036 - log - INFO - iter:5480/8041, clip_acc1=84.0693359375, tta_acc1=81.8978042602539
2025-06-06 11:55:31,037 - log - INFO - iter:5480/8041, Original Acc@1: 84.07, Acc@5: 99.49, TTA Acc@1: 81.90, Acc@5: 99.00
2025-06-06 11:56:11,340 - log - INFO - iter:5500/8041, clip_acc1=84.0545425415039, tta_acc1=81.87272644042969
2025-06-06 11:56:11,340 - log - INFO - iter:5500/8041, Original Acc@1: 84.05, Acc@5: 99.49, TTA Acc@1: 81.87, Acc@5: 99.00
2025-06-06 11:56:51,779 - log - INFO - iter:5520/8041, clip_acc1=84.00362396240234, tta_acc1=81.88406372070312
2025-06-06 11:56:51,779 - log - INFO - iter:5520/8041, Original Acc@1: 84.00, Acc@5: 99.49, TTA Acc@1: 81.88, Acc@5: 99.00
2025-06-06 11:57:32,288 - log - INFO - iter:5540/8041, clip_acc1=84.06137084960938, tta_acc1=81.949462890625
2025-06-06 11:57:32,288 - log - INFO - iter:5540/8041, Original Acc@1: 84.06, Acc@5: 99.49, TTA Acc@1: 81.95, Acc@5: 99.01
2025-06-06 11:58:12,653 - log - INFO - iter:5560/8041, clip_acc1=84.04676055908203, tta_acc1=81.94244384765625
2025-06-06 11:58:12,653 - log - INFO - iter:5560/8041, Original Acc@1: 84.05, Acc@5: 99.50, TTA Acc@1: 81.94, Acc@5: 99.01
2025-06-06 11:58:53,439 - log - INFO - iter:5580/8041, clip_acc1=84.03225708007812, tta_acc1=81.97132110595703
2025-06-06 11:58:53,440 - log - INFO - iter:5580/8041, Original Acc@1: 84.03, Acc@5: 99.50, TTA Acc@1: 81.97, Acc@5: 99.01
2025-06-06 11:59:33,798 - log - INFO - iter:5600/8041, clip_acc1=84.03571319580078, tta_acc1=81.98213958740234
2025-06-06 11:59:33,798 - log - INFO - iter:5600/8041, Original Acc@1: 84.04, Acc@5: 99.50, TTA Acc@1: 81.98, Acc@5: 99.02
2025-06-06 12:00:14,334 - log - INFO - iter:5620/8041, clip_acc1=84.05693817138672, tta_acc1=81.97509002685547
2025-06-06 12:00:14,335 - log - INFO - iter:5620/8041, Original Acc@1: 84.06, Acc@5: 99.50, TTA Acc@1: 81.98, Acc@5: 99.02
2025-06-06 12:00:54,857 - log - INFO - iter:5640/8041, clip_acc1=84.04254913330078, tta_acc1=81.96808624267578
2025-06-06 12:00:54,857 - log - INFO - iter:5640/8041, Original Acc@1: 84.04, Acc@5: 99.50, TTA Acc@1: 81.97, Acc@5: 99.02
2025-06-06 12:01:35,240 - log - INFO - iter:5660/8041, clip_acc1=84.02826690673828, tta_acc1=81.96112823486328
2025-06-06 12:01:35,241 - log - INFO - iter:5660/8041, Original Acc@1: 84.03, Acc@5: 99.51, TTA Acc@1: 81.96, Acc@5: 99.03
2025-06-06 12:02:15,623 - log - INFO - iter:5680/8041, clip_acc1=84.0492935180664, tta_acc1=81.9542236328125
2025-06-06 12:02:15,624 - log - INFO - iter:5680/8041, Original Acc@1: 84.05, Acc@5: 99.51, TTA Acc@1: 81.95, Acc@5: 99.03
2025-06-06 12:02:56,298 - log - INFO - iter:5700/8041, clip_acc1=84.08772277832031, tta_acc1=81.94737243652344
2025-06-06 12:02:56,298 - log - INFO - iter:5700/8041, Original Acc@1: 84.09, Acc@5: 99.51, TTA Acc@1: 81.95, Acc@5: 99.04
2025-06-06 12:03:36,852 - log - INFO - iter:5720/8041, clip_acc1=84.1083984375, tta_acc1=81.95804595947266
2025-06-06 12:03:36,853 - log - INFO - iter:5720/8041, Original Acc@1: 84.11, Acc@5: 99.51, TTA Acc@1: 81.96, Acc@5: 99.04
2025-06-06 12:04:17,332 - log - INFO - iter:5740/8041, clip_acc1=84.11149597167969, tta_acc1=81.96863555908203
2025-06-06 12:04:17,333 - log - INFO - iter:5740/8041, Original Acc@1: 84.11, Acc@5: 99.51, TTA Acc@1: 81.97, Acc@5: 99.04
2025-06-06 12:04:57,730 - log - INFO - iter:5760/8041, clip_acc1=84.09722137451172, tta_acc1=81.97917175292969
2025-06-06 12:04:57,730 - log - INFO - iter:5760/8041, Original Acc@1: 84.10, Acc@5: 99.51, TTA Acc@1: 81.98, Acc@5: 99.05
2025-06-06 12:05:38,201 - log - INFO - iter:5780/8041, clip_acc1=84.11764526367188, tta_acc1=82.00691986083984
2025-06-06 12:05:38,202 - log - INFO - iter:5780/8041, Original Acc@1: 84.12, Acc@5: 99.52, TTA Acc@1: 82.01, Acc@5: 99.05
2025-06-06 12:06:18,568 - log - INFO - iter:5800/8041, clip_acc1=84.10345458984375, tta_acc1=81.98275756835938
2025-06-06 12:06:18,568 - log - INFO - iter:5800/8041, Original Acc@1: 84.10, Acc@5: 99.52, TTA Acc@1: 81.98, Acc@5: 99.05
2025-06-06 12:06:59,386 - log - INFO - iter:5820/8041, clip_acc1=84.12371063232422, tta_acc1=82.01030731201172
2025-06-06 12:06:59,386 - log - INFO - iter:5820/8041, Original Acc@1: 84.12, Acc@5: 99.50, TTA Acc@1: 82.01, Acc@5: 99.05
2025-06-06 12:07:40,085 - log - INFO - iter:5840/8041, clip_acc1=84.14383697509766, tta_acc1=82.02055358886719
2025-06-06 12:07:40,085 - log - INFO - iter:5840/8041, Original Acc@1: 84.14, Acc@5: 99.50, TTA Acc@1: 82.02, Acc@5: 99.06
2025-06-06 12:08:21,030 - log - INFO - iter:5860/8041, clip_acc1=84.11262512207031, tta_acc1=81.97952270507812
2025-06-06 12:08:21,031 - log - INFO - iter:5860/8041, Original Acc@1: 84.11, Acc@5: 99.51, TTA Acc@1: 81.98, Acc@5: 99.06
2025-06-06 12:09:01,568 - log - INFO - iter:5880/8041, clip_acc1=84.13265228271484, tta_acc1=82.02381134033203
2025-06-06 12:09:01,568 - log - INFO - iter:5880/8041, Original Acc@1: 84.13, Acc@5: 99.51, TTA Acc@1: 82.02, Acc@5: 99.06
2025-06-06 12:09:42,134 - log - INFO - iter:5900/8041, clip_acc1=84.16949462890625, tta_acc1=82.06779479980469
2025-06-06 12:09:42,135 - log - INFO - iter:5900/8041, Original Acc@1: 84.17, Acc@5: 99.51, TTA Acc@1: 82.07, Acc@5: 99.07
2025-06-06 12:10:22,663 - log - INFO - iter:5920/8041, clip_acc1=84.15541076660156, tta_acc1=82.0439224243164
2025-06-06 12:10:22,664 - log - INFO - iter:5920/8041, Original Acc@1: 84.16, Acc@5: 99.49, TTA Acc@1: 82.04, Acc@5: 99.05
2025-06-06 12:11:02,845 - log - INFO - iter:5940/8041, clip_acc1=84.14141082763672, tta_acc1=82.0707015991211
2025-06-06 12:11:02,846 - log - INFO - iter:5940/8041, Original Acc@1: 84.14, Acc@5: 99.49, TTA Acc@1: 82.07, Acc@5: 99.06
2025-06-06 12:11:43,275 - log - INFO - iter:5960/8041, clip_acc1=84.12751770019531, tta_acc1=82.04698181152344
2025-06-06 12:11:43,275 - log - INFO - iter:5960/8041, Original Acc@1: 84.13, Acc@5: 99.50, TTA Acc@1: 82.05, Acc@5: 99.06
2025-06-06 12:12:23,772 - log - INFO - iter:5980/8041, clip_acc1=84.11370849609375, tta_acc1=82.05685424804688
2025-06-06 12:12:23,772 - log - INFO - iter:5980/8041, Original Acc@1: 84.11, Acc@5: 99.50, TTA Acc@1: 82.06, Acc@5: 99.05
2025-06-06 12:13:04,251 - log - INFO - iter:6000/8041, clip_acc1=84.1500015258789, tta_acc1=82.0999984741211
2025-06-06 12:13:04,251 - log - INFO - iter:6000/8041, Original Acc@1: 84.15, Acc@5: 99.48, TTA Acc@1: 82.10, Acc@5: 99.03
2025-06-06 12:13:45,162 - log - INFO - iter:6020/8041, clip_acc1=84.10298919677734, tta_acc1=82.093017578125
2025-06-06 12:13:45,162 - log - INFO - iter:6020/8041, Original Acc@1: 84.10, Acc@5: 99.47, TTA Acc@1: 82.09, Acc@5: 99.02
2025-06-06 12:14:25,517 - log - INFO - iter:6040/8041, clip_acc1=84.13907623291016, tta_acc1=82.1357650756836
2025-06-06 12:14:25,518 - log - INFO - iter:6040/8041, Original Acc@1: 84.14, Acc@5: 99.47, TTA Acc@1: 82.14, Acc@5: 99.02
2025-06-06 12:15:06,198 - log - INFO - iter:6060/8041, clip_acc1=84.12541198730469, tta_acc1=82.11221313476562
2025-06-06 12:15:06,198 - log - INFO - iter:6060/8041, Original Acc@1: 84.13, Acc@5: 99.47, TTA Acc@1: 82.11, Acc@5: 99.03
2025-06-06 12:15:46,661 - log - INFO - iter:6080/8041, clip_acc1=84.1776351928711, tta_acc1=82.17105865478516
2025-06-06 12:15:46,661 - log - INFO - iter:6080/8041, Original Acc@1: 84.18, Acc@5: 99.47, TTA Acc@1: 82.17, Acc@5: 99.03
2025-06-06 12:16:27,134 - log - INFO - iter:6100/8041, clip_acc1=84.22950744628906, tta_acc1=82.2131118774414
2025-06-06 12:16:27,134 - log - INFO - iter:6100/8041, Original Acc@1: 84.23, Acc@5: 99.48, TTA Acc@1: 82.21, Acc@5: 99.03
2025-06-06 12:17:07,717 - log - INFO - iter:6120/8041, clip_acc1=84.19934844970703, tta_acc1=82.18954467773438
2025-06-06 12:17:07,717 - log - INFO - iter:6120/8041, Original Acc@1: 84.20, Acc@5: 99.48, TTA Acc@1: 82.19, Acc@5: 99.04
2025-06-06 12:17:48,111 - log - INFO - iter:6140/8041, clip_acc1=84.20195007324219, tta_acc1=82.18241119384766
2025-06-06 12:17:48,111 - log - INFO - iter:6140/8041, Original Acc@1: 84.20, Acc@5: 99.48, TTA Acc@1: 82.18, Acc@5: 99.02
2025-06-06 12:18:28,695 - log - INFO - iter:6160/8041, clip_acc1=84.13961029052734, tta_acc1=82.11038970947266
2025-06-06 12:18:28,695 - log - INFO - iter:6160/8041, Original Acc@1: 84.14, Acc@5: 99.48, TTA Acc@1: 82.11, Acc@5: 99.03
2025-06-06 12:19:09,200 - log - INFO - iter:6180/8041, clip_acc1=84.17475128173828, tta_acc1=82.152099609375
2025-06-06 12:19:09,200 - log - INFO - iter:6180/8041, Original Acc@1: 84.17, Acc@5: 99.48, TTA Acc@1: 82.15, Acc@5: 99.03
2025-06-06 12:19:49,632 - log - INFO - iter:6200/8041, clip_acc1=84.19355010986328, tta_acc1=82.16129302978516
2025-06-06 12:19:49,632 - log - INFO - iter:6200/8041, Original Acc@1: 84.19, Acc@5: 99.48, TTA Acc@1: 82.16, Acc@5: 99.03
2025-06-06 12:20:30,212 - log - INFO - iter:6220/8041, clip_acc1=84.16398620605469, tta_acc1=82.13825988769531
2025-06-06 12:20:30,212 - log - INFO - iter:6220/8041, Original Acc@1: 84.16, Acc@5: 99.45, TTA Acc@1: 82.14, Acc@5: 99.02
2025-06-06 12:21:11,389 - log - INFO - iter:6240/8041, clip_acc1=84.16667175292969, tta_acc1=82.13141632080078
2025-06-06 12:21:11,389 - log - INFO - iter:6240/8041, Original Acc@1: 84.17, Acc@5: 99.44, TTA Acc@1: 82.13, Acc@5: 99.01
2025-06-06 12:21:51,951 - log - INFO - iter:6260/8041, clip_acc1=84.185302734375, tta_acc1=82.15654754638672
2025-06-06 12:21:51,951 - log - INFO - iter:6260/8041, Original Acc@1: 84.19, Acc@5: 99.44, TTA Acc@1: 82.16, Acc@5: 99.01
2025-06-06 12:22:32,426 - log - INFO - iter:6280/8041, clip_acc1=84.15605163574219, tta_acc1=82.13375854492188
2025-06-06 12:22:32,426 - log - INFO - iter:6280/8041, Original Acc@1: 84.16, Acc@5: 99.44, TTA Acc@1: 82.13, Acc@5: 99.01
2025-06-06 12:23:12,955 - log - INFO - iter:6300/8041, clip_acc1=84.17459869384766, tta_acc1=82.15872955322266
2025-06-06 12:23:12,955 - log - INFO - iter:6300/8041, Original Acc@1: 84.17, Acc@5: 99.44, TTA Acc@1: 82.16, Acc@5: 99.02
2025-06-06 12:23:53,801 - log - INFO - iter:6320/8041, clip_acc1=84.19303894042969, tta_acc1=82.15190124511719
2025-06-06 12:23:53,801 - log - INFO - iter:6320/8041, Original Acc@1: 84.19, Acc@5: 99.45, TTA Acc@1: 82.15, Acc@5: 99.02
2025-06-06 12:24:34,731 - log - INFO - iter:6340/8041, clip_acc1=84.11671447753906, tta_acc1=82.09779357910156
2025-06-06 12:24:34,732 - log - INFO - iter:6340/8041, Original Acc@1: 84.12, Acc@5: 99.43, TTA Acc@1: 82.10, Acc@5: 99.01
2025-06-06 12:25:15,323 - log - INFO - iter:6360/8041, clip_acc1=84.13521575927734, tta_acc1=82.12264251708984
2025-06-06 12:25:15,323 - log - INFO - iter:6360/8041, Original Acc@1: 84.14, Acc@5: 99.43, TTA Acc@1: 82.12, Acc@5: 99.01
2025-06-06 12:25:55,778 - log - INFO - iter:6380/8041, clip_acc1=84.15360260009766, tta_acc1=82.1473388671875
2025-06-06 12:25:55,778 - log - INFO - iter:6380/8041, Original Acc@1: 84.15, Acc@5: 99.44, TTA Acc@1: 82.15, Acc@5: 99.01
2025-06-06 12:26:36,108 - log - INFO - iter:6400/8041, clip_acc1=84.171875, tta_acc1=82.125
2025-06-06 12:26:36,109 - log - INFO - iter:6400/8041, Original Acc@1: 84.17, Acc@5: 99.42, TTA Acc@1: 82.12, Acc@5: 99.00
2025-06-06 12:27:16,553 - log - INFO - iter:6420/8041, clip_acc1=84.17445373535156, tta_acc1=82.14952850341797
2025-06-06 12:27:16,553 - log - INFO - iter:6420/8041, Original Acc@1: 84.17, Acc@5: 99.42, TTA Acc@1: 82.15, Acc@5: 99.00
2025-06-06 12:27:57,111 - log - INFO - iter:6440/8041, clip_acc1=84.19254302978516, tta_acc1=82.17391204833984
2025-06-06 12:27:57,112 - log - INFO - iter:6440/8041, Original Acc@1: 84.19, Acc@5: 99.43, TTA Acc@1: 82.17, Acc@5: 99.01
2025-06-06 12:28:37,693 - log - INFO - iter:6460/8041, clip_acc1=84.13312530517578, tta_acc1=82.12074279785156
2025-06-06 12:28:37,694 - log - INFO - iter:6460/8041, Original Acc@1: 84.13, Acc@5: 99.41, TTA Acc@1: 82.12, Acc@5: 99.01
2025-06-06 12:29:18,415 - log - INFO - iter:6480/8041, clip_acc1=84.05864715576172, tta_acc1=82.03704071044922
2025-06-06 12:29:18,415 - log - INFO - iter:6480/8041, Original Acc@1: 84.06, Acc@5: 99.41, TTA Acc@1: 82.04, Acc@5: 99.01
2025-06-06 12:29:59,072 - log - INFO - iter:6500/8041, clip_acc1=84.04615020751953, tta_acc1=82.03076934814453
2025-06-06 12:29:59,073 - log - INFO - iter:6500/8041, Original Acc@1: 84.05, Acc@5: 99.40, TTA Acc@1: 82.03, Acc@5: 99.00
2025-06-06 12:30:39,744 - log - INFO - iter:6520/8041, clip_acc1=84.03374481201172, tta_acc1=82.0245361328125
2025-06-06 12:30:39,744 - log - INFO - iter:6520/8041, Original Acc@1: 84.03, Acc@5: 99.40, TTA Acc@1: 82.02, Acc@5: 99.00
2025-06-06 12:31:20,381 - log - INFO - iter:6540/8041, clip_acc1=84.03669738769531, tta_acc1=82.03363800048828
2025-06-06 12:31:20,382 - log - INFO - iter:6540/8041, Original Acc@1: 84.04, Acc@5: 99.40, TTA Acc@1: 82.03, Acc@5: 99.01
2025-06-06 12:32:00,811 - log - INFO - iter:6560/8041, clip_acc1=84.0243911743164, tta_acc1=82.02743530273438
2025-06-06 12:32:00,811 - log - INFO - iter:6560/8041, Original Acc@1: 84.02, Acc@5: 99.41, TTA Acc@1: 82.03, Acc@5: 99.01
2025-06-06 12:32:41,365 - log - INFO - iter:6580/8041, clip_acc1=84.02735137939453, tta_acc1=82.02127075195312
2025-06-06 12:32:41,365 - log - INFO - iter:6580/8041, Original Acc@1: 84.03, Acc@5: 99.41, TTA Acc@1: 82.02, Acc@5: 99.01
2025-06-06 12:33:21,845 - log - INFO - iter:6600/8041, clip_acc1=84.06060791015625, tta_acc1=82.04545593261719
2025-06-06 12:33:21,845 - log - INFO - iter:6600/8041, Original Acc@1: 84.06, Acc@5: 99.41, TTA Acc@1: 82.05, Acc@5: 99.02
2025-06-06 12:34:02,383 - log - INFO - iter:6620/8041, clip_acc1=84.1087646484375, tta_acc1=82.0845947265625
2025-06-06 12:34:02,383 - log - INFO - iter:6620/8041, Original Acc@1: 84.11, Acc@5: 99.41, TTA Acc@1: 82.08, Acc@5: 99.02
2025-06-06 12:34:42,913 - log - INFO - iter:6640/8041, clip_acc1=84.09638977050781, tta_acc1=82.07831573486328
2025-06-06 12:34:42,913 - log - INFO - iter:6640/8041, Original Acc@1: 84.10, Acc@5: 99.40, TTA Acc@1: 82.08, Acc@5: 99.01
2025-06-06 12:35:23,978 - log - INFO - iter:6660/8041, clip_acc1=84.0840835571289, tta_acc1=82.10210418701172
2025-06-06 12:35:23,978 - log - INFO - iter:6660/8041, Original Acc@1: 84.08, Acc@5: 99.40, TTA Acc@1: 82.10, Acc@5: 99.01
2025-06-06 12:36:05,318 - log - INFO - iter:6680/8041, clip_acc1=84.07186126708984, tta_acc1=82.11077880859375
2025-06-06 12:36:05,319 - log - INFO - iter:6680/8041, Original Acc@1: 84.07, Acc@5: 99.40, TTA Acc@1: 82.11, Acc@5: 99.00
2025-06-06 12:36:45,570 - log - INFO - iter:6700/8041, clip_acc1=84.07462310791016, tta_acc1=82.10447692871094
2025-06-06 12:36:45,571 - log - INFO - iter:6700/8041, Original Acc@1: 84.07, Acc@5: 99.40, TTA Acc@1: 82.10, Acc@5: 99.00
2025-06-06 12:37:26,048 - log - INFO - iter:6720/8041, clip_acc1=84.07738494873047, tta_acc1=82.11309814453125
2025-06-06 12:37:26,048 - log - INFO - iter:6720/8041, Original Acc@1: 84.08, Acc@5: 99.40, TTA Acc@1: 82.11, Acc@5: 99.00
2025-06-06 12:38:06,708 - log - INFO - iter:6740/8041, clip_acc1=84.03560638427734, tta_acc1=82.09198760986328
2025-06-06 12:38:06,708 - log - INFO - iter:6740/8041, Original Acc@1: 84.04, Acc@5: 99.39, TTA Acc@1: 82.09, Acc@5: 98.99
2025-06-06 12:38:47,051 - log - INFO - iter:6760/8041, clip_acc1=84.05325317382812, tta_acc1=82.08580017089844
2025-06-06 12:38:47,052 - log - INFO - iter:6760/8041, Original Acc@1: 84.05, Acc@5: 99.39, TTA Acc@1: 82.09, Acc@5: 98.99
2025-06-06 12:39:27,462 - log - INFO - iter:6780/8041, clip_acc1=84.01180267333984, tta_acc1=82.0501480102539
2025-06-06 12:39:27,462 - log - INFO - iter:6780/8041, Original Acc@1: 84.01, Acc@5: 99.40, TTA Acc@1: 82.05, Acc@5: 99.00
2025-06-06 12:40:08,046 - log - INFO - iter:6800/8041, clip_acc1=84.04411315917969, tta_acc1=82.07352447509766
2025-06-06 12:40:08,046 - log - INFO - iter:6800/8041, Original Acc@1: 84.04, Acc@5: 99.40, TTA Acc@1: 82.07, Acc@5: 99.00
2025-06-06 12:40:48,506 - log - INFO - iter:6820/8041, clip_acc1=84.09091186523438, tta_acc1=82.0967788696289
2025-06-06 12:40:48,507 - log - INFO - iter:6820/8041, Original Acc@1: 84.09, Acc@5: 99.40, TTA Acc@1: 82.10, Acc@5: 99.00
2025-06-06 12:41:28,913 - log - INFO - iter:6840/8041, clip_acc1=84.07894897460938, tta_acc1=82.07601928710938
2025-06-06 12:41:28,913 - log - INFO - iter:6840/8041, Original Acc@1: 84.08, Acc@5: 99.40, TTA Acc@1: 82.08, Acc@5: 99.01
2025-06-06 12:42:09,500 - log - INFO - iter:6860/8041, clip_acc1=84.06705474853516, tta_acc1=82.0699691772461
2025-06-06 12:42:09,500 - log - INFO - iter:6860/8041, Original Acc@1: 84.07, Acc@5: 99.40, TTA Acc@1: 82.07, Acc@5: 99.01
2025-06-06 12:42:50,229 - log - INFO - iter:6880/8041, clip_acc1=84.05522918701172, tta_acc1=82.0494155883789
2025-06-06 12:42:50,230 - log - INFO - iter:6880/8041, Original Acc@1: 84.06, Acc@5: 99.40, TTA Acc@1: 82.05, Acc@5: 99.00
2025-06-06 12:43:30,951 - log - INFO - iter:6900/8041, clip_acc1=84.01448822021484, tta_acc1=81.98550415039062
2025-06-06 12:43:30,951 - log - INFO - iter:6900/8041, Original Acc@1: 84.01, Acc@5: 99.41, TTA Acc@1: 81.99, Acc@5: 99.00
2025-06-06 12:44:11,474 - log - INFO - iter:6920/8041, clip_acc1=84.01734161376953, tta_acc1=81.97976684570312
2025-06-06 12:44:11,474 - log - INFO - iter:6920/8041, Original Acc@1: 84.02, Acc@5: 99.41, TTA Acc@1: 81.98, Acc@5: 99.00
2025-06-06 12:44:52,057 - log - INFO - iter:6940/8041, clip_acc1=84.03458404541016, tta_acc1=81.95965576171875
2025-06-06 12:44:52,057 - log - INFO - iter:6940/8041, Original Acc@1: 84.03, Acc@5: 99.41, TTA Acc@1: 81.96, Acc@5: 98.99
2025-06-06 12:45:32,616 - log - INFO - iter:6960/8041, clip_acc1=84.037353515625, tta_acc1=81.95402526855469
2025-06-06 12:45:32,617 - log - INFO - iter:6960/8041, Original Acc@1: 84.04, Acc@5: 99.40, TTA Acc@1: 81.95, Acc@5: 98.98
2025-06-06 12:46:13,153 - log - INFO - iter:6980/8041, clip_acc1=84.04011535644531, tta_acc1=81.9770736694336
2025-06-06 12:46:13,153 - log - INFO - iter:6980/8041, Original Acc@1: 84.04, Acc@5: 99.40, TTA Acc@1: 81.98, Acc@5: 98.98
2025-06-06 12:46:53,620 - log - INFO - iter:7000/8041, clip_acc1=84.02857208251953, tta_acc1=81.97142791748047
2025-06-06 12:46:53,620 - log - INFO - iter:7000/8041, Original Acc@1: 84.03, Acc@5: 99.40, TTA Acc@1: 81.97, Acc@5: 98.99
2025-06-06 12:47:34,055 - log - INFO - iter:7020/8041, clip_acc1=84.00284576416016, tta_acc1=81.96581268310547
2025-06-06 12:47:34,055 - log - INFO - iter:7020/8041, Original Acc@1: 84.00, Acc@5: 99.40, TTA Acc@1: 81.97, Acc@5: 98.99
2025-06-06 12:48:14,433 - log - INFO - iter:7040/8041, clip_acc1=84.03408813476562, tta_acc1=81.97442626953125
2025-06-06 12:48:14,433 - log - INFO - iter:7040/8041, Original Acc@1: 84.03, Acc@5: 99.40, TTA Acc@1: 81.97, Acc@5: 98.99
2025-06-06 12:48:54,957 - log - INFO - iter:7060/8041, clip_acc1=84.03682708740234, tta_acc1=81.98300170898438
2025-06-06 12:48:54,958 - log - INFO - iter:7060/8041, Original Acc@1: 84.04, Acc@5: 99.41, TTA Acc@1: 81.98, Acc@5: 98.99
2025-06-06 12:49:35,532 - log - INFO - iter:7080/8041, clip_acc1=84.03955078125, tta_acc1=81.99152374267578
2025-06-06 12:49:35,532 - log - INFO - iter:7080/8041, Original Acc@1: 84.04, Acc@5: 99.41, TTA Acc@1: 81.99, Acc@5: 99.00
2025-06-06 12:50:16,157 - log - INFO - iter:7100/8041, clip_acc1=84.00000762939453, tta_acc1=81.94366455078125
2025-06-06 12:50:16,157 - log - INFO - iter:7100/8041, Original Acc@1: 84.00, Acc@5: 99.41, TTA Acc@1: 81.94, Acc@5: 99.00
2025-06-06 12:50:57,480 - log - INFO - iter:7120/8041, clip_acc1=83.98876190185547, tta_acc1=81.92415618896484
2025-06-06 12:50:57,480 - log - INFO - iter:7120/8041, Original Acc@1: 83.99, Acc@5: 99.40, TTA Acc@1: 81.92, Acc@5: 98.99
2025-06-06 12:51:37,925 - log - INFO - iter:7140/8041, clip_acc1=84.00560760498047, tta_acc1=81.91876983642578
2025-06-06 12:51:37,926 - log - INFO - iter:7140/8041, Original Acc@1: 84.01, Acc@5: 99.40, TTA Acc@1: 81.92, Acc@5: 98.99
2025-06-06 12:52:18,339 - log - INFO - iter:7160/8041, clip_acc1=84.03630828857422, tta_acc1=81.95530700683594
2025-06-06 12:52:18,339 - log - INFO - iter:7160/8041, Original Acc@1: 84.04, Acc@5: 99.40, TTA Acc@1: 81.96, Acc@5: 98.99
2025-06-06 12:52:58,731 - log - INFO - iter:7180/8041, clip_acc1=84.03900146484375, tta_acc1=81.9359359741211
2025-06-06 12:52:58,732 - log - INFO - iter:7180/8041, Original Acc@1: 84.04, Acc@5: 99.40, TTA Acc@1: 81.94, Acc@5: 99.00
2025-06-06 12:53:39,210 - log - INFO - iter:7200/8041, clip_acc1=84.04167175292969, tta_acc1=81.94444274902344
2025-06-06 12:53:39,210 - log - INFO - iter:7200/8041, Original Acc@1: 84.04, Acc@5: 99.40, TTA Acc@1: 81.94, Acc@5: 99.00
2025-06-06 12:54:19,695 - log - INFO - iter:7220/8041, clip_acc1=84.01661682128906, tta_acc1=81.9113540649414
2025-06-06 12:54:19,695 - log - INFO - iter:7220/8041, Original Acc@1: 84.02, Acc@5: 99.40, TTA Acc@1: 81.91, Acc@5: 98.99
2025-06-06 12:55:00,213 - log - INFO - iter:7240/8041, clip_acc1=83.95027160644531, tta_acc1=81.86463928222656
2025-06-06 12:55:00,214 - log - INFO - iter:7240/8041, Original Acc@1: 83.95, Acc@5: 99.39, TTA Acc@1: 81.86, Acc@5: 98.96
2025-06-06 12:55:40,730 - log - INFO - iter:7260/8041, clip_acc1=83.92562103271484, tta_acc1=81.85950469970703
2025-06-06 12:55:40,731 - log - INFO - iter:7260/8041, Original Acc@1: 83.93, Acc@5: 99.39, TTA Acc@1: 81.86, Acc@5: 98.97
2025-06-06 12:56:21,388 - log - INFO - iter:7280/8041, clip_acc1=83.92857360839844, tta_acc1=81.85440063476562
2025-06-06 12:56:21,388 - log - INFO - iter:7280/8041, Original Acc@1: 83.93, Acc@5: 99.38, TTA Acc@1: 81.85, Acc@5: 98.97
2025-06-06 12:57:01,769 - log - INFO - iter:7300/8041, clip_acc1=83.95890808105469, tta_acc1=81.876708984375
2025-06-06 12:57:01,769 - log - INFO - iter:7300/8041, Original Acc@1: 83.96, Acc@5: 99.38, TTA Acc@1: 81.88, Acc@5: 98.97
2025-06-06 12:57:42,541 - log - INFO - iter:7320/8041, clip_acc1=83.92076873779297, tta_acc1=81.87158966064453
2025-06-06 12:57:42,541 - log - INFO - iter:7320/8041, Original Acc@1: 83.92, Acc@5: 99.39, TTA Acc@1: 81.87, Acc@5: 98.98
2025-06-06 12:58:23,106 - log - INFO - iter:7340/8041, clip_acc1=83.92371368408203, tta_acc1=81.86648559570312
2025-06-06 12:58:23,107 - log - INFO - iter:7340/8041, Original Acc@1: 83.92, Acc@5: 99.39, TTA Acc@1: 81.87, Acc@5: 98.98
2025-06-06 12:59:03,594 - log - INFO - iter:7360/8041, clip_acc1=83.8858642578125, tta_acc1=81.875
2025-06-06 12:59:03,595 - log - INFO - iter:7360/8041, Original Acc@1: 83.89, Acc@5: 99.37, TTA Acc@1: 81.88, Acc@5: 98.97
2025-06-06 12:59:43,928 - log - INFO - iter:7380/8041, clip_acc1=83.88888549804688, tta_acc1=81.88346862792969
2025-06-06 12:59:43,928 - log - INFO - iter:7380/8041, Original Acc@1: 83.89, Acc@5: 99.38, TTA Acc@1: 81.88, Acc@5: 98.97
2025-06-06 13:00:24,379 - log - INFO - iter:7400/8041, clip_acc1=83.89189147949219, tta_acc1=81.87837982177734
2025-06-06 13:00:24,379 - log - INFO - iter:7400/8041, Original Acc@1: 83.89, Acc@5: 99.38, TTA Acc@1: 81.88, Acc@5: 98.97
2025-06-06 13:01:04,899 - log - INFO - iter:7420/8041, clip_acc1=83.92182922363281, tta_acc1=81.91374969482422
2025-06-06 13:01:04,900 - log - INFO - iter:7420/8041, Original Acc@1: 83.92, Acc@5: 99.38, TTA Acc@1: 81.91, Acc@5: 98.98
2025-06-06 13:01:45,419 - log - INFO - iter:7440/8041, clip_acc1=83.92473602294922, tta_acc1=81.93548583984375
2025-06-06 13:01:45,419 - log - INFO - iter:7440/8041, Original Acc@1: 83.92, Acc@5: 99.38, TTA Acc@1: 81.94, Acc@5: 98.98
2025-06-06 13:02:25,719 - log - INFO - iter:7460/8041, clip_acc1=83.9276123046875, tta_acc1=81.93029022216797
2025-06-06 13:02:25,719 - log - INFO - iter:7460/8041, Original Acc@1: 83.93, Acc@5: 99.38, TTA Acc@1: 81.93, Acc@5: 98.98
2025-06-06 13:03:06,409 - log - INFO - iter:7480/8041, clip_acc1=83.90374755859375, tta_acc1=81.89839935302734
2025-06-06 13:03:06,409 - log - INFO - iter:7480/8041, Original Acc@1: 83.90, Acc@5: 99.39, TTA Acc@1: 81.90, Acc@5: 98.97
2025-06-06 13:03:46,811 - log - INFO - iter:7500/8041, clip_acc1=83.93333435058594, tta_acc1=81.87999725341797
2025-06-06 13:03:46,811 - log - INFO - iter:7500/8041, Original Acc@1: 83.93, Acc@5: 99.39, TTA Acc@1: 81.88, Acc@5: 98.97
2025-06-06 13:04:27,283 - log - INFO - iter:7520/8041, clip_acc1=83.949462890625, tta_acc1=81.9148941040039
2025-06-06 13:04:27,283 - log - INFO - iter:7520/8041, Original Acc@1: 83.95, Acc@5: 99.39, TTA Acc@1: 81.91, Acc@5: 98.98
2025-06-06 13:05:07,831 - log - INFO - iter:7540/8041, clip_acc1=83.9787826538086, tta_acc1=81.93634033203125
2025-06-06 13:05:07,832 - log - INFO - iter:7540/8041, Original Acc@1: 83.98, Acc@5: 99.39, TTA Acc@1: 81.94, Acc@5: 98.98
2025-06-06 13:05:48,257 - log - INFO - iter:7560/8041, clip_acc1=83.98148345947266, tta_acc1=81.94444274902344
2025-06-06 13:05:48,257 - log - INFO - iter:7560/8041, Original Acc@1: 83.98, Acc@5: 99.39, TTA Acc@1: 81.94, Acc@5: 98.98
2025-06-06 13:06:28,687 - log - INFO - iter:7580/8041, clip_acc1=84.01055145263672, tta_acc1=81.93931579589844
2025-06-06 13:06:28,687 - log - INFO - iter:7580/8041, Original Acc@1: 84.01, Acc@5: 99.39, TTA Acc@1: 81.94, Acc@5: 98.97
2025-06-06 13:07:09,071 - log - INFO - iter:7600/8041, clip_acc1=84.02631378173828, tta_acc1=81.9342041015625
2025-06-06 13:07:09,072 - log - INFO - iter:7600/8041, Original Acc@1: 84.03, Acc@5: 99.39, TTA Acc@1: 81.93, Acc@5: 98.97
2025-06-06 13:07:49,577 - log - INFO - iter:7620/8041, clip_acc1=84.02886962890625, tta_acc1=81.94225311279297
2025-06-06 13:07:49,577 - log - INFO - iter:7620/8041, Original Acc@1: 84.03, Acc@5: 99.40, TTA Acc@1: 81.94, Acc@5: 98.98
2025-06-06 13:08:30,119 - log - INFO - iter:7640/8041, clip_acc1=83.99214935302734, tta_acc1=81.88481903076172
2025-06-06 13:08:30,119 - log - INFO - iter:7640/8041, Original Acc@1: 83.99, Acc@5: 99.40, TTA Acc@1: 81.88, Acc@5: 98.98
2025-06-06 13:09:10,553 - log - INFO - iter:7660/8041, clip_acc1=83.98171997070312, tta_acc1=81.86683654785156
2025-06-06 13:09:10,553 - log - INFO - iter:7660/8041, Original Acc@1: 83.98, Acc@5: 99.40, TTA Acc@1: 81.87, Acc@5: 98.97
2025-06-06 13:09:51,117 - log - INFO - iter:7680/8041, clip_acc1=83.99739837646484, tta_acc1=81.90104675292969
2025-06-06 13:09:51,117 - log - INFO - iter:7680/8041, Original Acc@1: 84.00, Acc@5: 99.40, TTA Acc@1: 81.90, Acc@5: 98.97
2025-06-06 13:10:31,524 - log - INFO - iter:7700/8041, clip_acc1=83.9740219116211, tta_acc1=81.84415435791016
2025-06-06 13:10:31,524 - log - INFO - iter:7700/8041, Original Acc@1: 83.97, Acc@5: 99.40, TTA Acc@1: 81.84, Acc@5: 98.97
2025-06-06 13:11:12,053 - log - INFO - iter:7720/8041, clip_acc1=83.96373748779297, tta_acc1=81.8134765625
2025-06-06 13:11:12,054 - log - INFO - iter:7720/8041, Original Acc@1: 83.96, Acc@5: 99.40, TTA Acc@1: 81.81, Acc@5: 98.98
2025-06-06 13:11:52,424 - log - INFO - iter:7740/8041, clip_acc1=83.97932434082031, tta_acc1=81.83462524414062
2025-06-06 13:11:52,424 - log - INFO - iter:7740/8041, Original Acc@1: 83.98, Acc@5: 99.41, TTA Acc@1: 81.83, Acc@5: 98.98
2025-06-06 13:12:33,142 - log - INFO - iter:7760/8041, clip_acc1=83.94329833984375, tta_acc1=81.8170166015625
2025-06-06 13:12:33,142 - log - INFO - iter:7760/8041, Original Acc@1: 83.94, Acc@5: 99.39, TTA Acc@1: 81.82, Acc@5: 98.97
2025-06-06 13:13:13,592 - log - INFO - iter:7780/8041, clip_acc1=83.97172546386719, tta_acc1=81.83805084228516
2025-06-06 13:13:13,593 - log - INFO - iter:7780/8041, Original Acc@1: 83.97, Acc@5: 99.40, TTA Acc@1: 81.84, Acc@5: 98.97
2025-06-06 13:13:53,936 - log - INFO - iter:7800/8041, clip_acc1=83.94871520996094, tta_acc1=81.80768585205078
2025-06-06 13:13:53,937 - log - INFO - iter:7800/8041, Original Acc@1: 83.95, Acc@5: 99.40, TTA Acc@1: 81.81, Acc@5: 98.97
2025-06-06 13:14:34,358 - log - INFO - iter:7820/8041, clip_acc1=83.9386215209961, tta_acc1=81.82864379882812
2025-06-06 13:14:34,358 - log - INFO - iter:7820/8041, Original Acc@1: 83.94, Acc@5: 99.40, TTA Acc@1: 81.83, Acc@5: 98.98
2025-06-06 13:15:15,033 - log - INFO - iter:7840/8041, clip_acc1=83.91580963134766, tta_acc1=81.79846954345703
2025-06-06 13:15:15,034 - log - INFO - iter:7840/8041, Original Acc@1: 83.92, Acc@5: 99.39, TTA Acc@1: 81.80, Acc@5: 98.97
2025-06-06 13:15:55,541 - log - INFO - iter:7860/8041, clip_acc1=83.90585327148438, tta_acc1=81.78117370605469
2025-06-06 13:15:55,541 - log - INFO - iter:7860/8041, Original Acc@1: 83.91, Acc@5: 99.38, TTA Acc@1: 81.78, Acc@5: 98.96
2025-06-06 13:16:35,993 - log - INFO - iter:7880/8041, clip_acc1=83.89594268798828, tta_acc1=81.77664947509766
2025-06-06 13:16:35,994 - log - INFO - iter:7880/8041, Original Acc@1: 83.90, Acc@5: 99.38, TTA Acc@1: 81.78, Acc@5: 98.96
2025-06-06 13:17:16,732 - log - INFO - iter:7900/8041, clip_acc1=83.89873504638672, tta_acc1=81.79747009277344
2025-06-06 13:17:16,732 - log - INFO - iter:7900/8041, Original Acc@1: 83.90, Acc@5: 99.38, TTA Acc@1: 81.80, Acc@5: 98.96
2025-06-06 13:17:57,466 - log - INFO - iter:7920/8041, clip_acc1=83.8888931274414, tta_acc1=81.75505065917969
2025-06-06 13:17:57,466 - log - INFO - iter:7920/8041, Original Acc@1: 83.89, Acc@5: 99.38, TTA Acc@1: 81.76, Acc@5: 98.96
2025-06-06 13:18:38,022 - log - INFO - iter:7940/8041, clip_acc1=83.86650085449219, tta_acc1=81.7506332397461
2025-06-06 13:18:38,023 - log - INFO - iter:7940/8041, Original Acc@1: 83.87, Acc@5: 99.37, TTA Acc@1: 81.75, Acc@5: 98.95
2025-06-06 13:19:18,469 - log - INFO - iter:7960/8041, clip_acc1=83.88191223144531, tta_acc1=81.77135467529297
2025-06-06 13:19:18,469 - log - INFO - iter:7960/8041, Original Acc@1: 83.88, Acc@5: 99.37, TTA Acc@1: 81.77, Acc@5: 98.96
2025-06-06 13:19:58,971 - log - INFO - iter:7980/8041, clip_acc1=83.88471221923828, tta_acc1=81.77944946289062
2025-06-06 13:19:58,971 - log - INFO - iter:7980/8041, Original Acc@1: 83.88, Acc@5: 99.36, TTA Acc@1: 81.78, Acc@5: 98.95
2025-06-06 13:20:39,483 - log - INFO - iter:8000/8041, clip_acc1=83.88750457763672, tta_acc1=81.78750610351562
2025-06-06 13:20:39,483 - log - INFO - iter:8000/8041, Original Acc@1: 83.89, Acc@5: 99.36, TTA Acc@1: 81.79, Acc@5: 98.95
2025-06-06 13:21:19,886 - log - INFO - iter:8020/8041, clip_acc1=83.90274047851562, tta_acc1=81.80797576904297
2025-06-06 13:21:19,886 - log - INFO - iter:8020/8041, Original Acc@1: 83.90, Acc@5: 99.35, TTA Acc@1: 81.81, Acc@5: 98.94
2025-06-06 13:22:00,641 - log - INFO - iter:8040/8041, clip_acc1=83.83084869384766, tta_acc1=81.75373840332031
2025-06-06 13:22:00,641 - log - INFO - iter:8040/8041, Original Acc@1: 83.83, Acc@5: 99.35, TTA Acc@1: 81.75, Acc@5: 98.94
2025-06-06 13:22:02,625 - log - INFO - iter:8041/8041, clip_acc1=83.82042694091797, tta_acc1=81.7560043334961
2025-06-06 13:22:02,625 - log - INFO - iter:8041/8041, Original Acc@1: 83.82, Acc@5: 99.35, TTA Acc@1: 81.76, Acc@5: 98.94
2025-06-06 13:22:02,729 - log - INFO - Final results - Original Acc@1: 83.82, Acc@5: 99.35, TTA Acc@1: 81.76, Acc@5: 98.94
2025-06-06 13:22:02,729 - log - INFO - Improvement from TTA in Acc@1 -2.06, and Acc@5 -0.41
2025-06-06 13:22:02,729 - log - INFO - => Acc. on testset [Cars]: Clean Acc @1 83.82042694091797/ TTA Clean Acc @1 81.7560043334961, Clean Acc @5 99.35331726074219/ TTA Clean Acc @5 98.94292449951172
2025-06-06 13:22:02,729 - log - INFO - Total script execution time: 16470.52 seconds (274.51 minutes)
