2025-06-14 20:07:34,001 - log - INFO - ==========================================
data:/leonardo_work/EUHPC_R04_192/fmohamma/Adversarial_Robust_Clip/atpt_data/downstream_datasets
test_sets:Caltech101
dataset_mode:test
arch:vit_l_14_datacomp_1b
resolution:224
workers:4
no_pin_memory:False
batch_size:64
print_freq:20
gpu:0
no_cudnn_benchmark:False
n_ctx:4
ctx_init:a_photo_of_a
tpt_loss:tpt
seed:0
output_dir:/leonardo_work/EUHPC_R04_192/fmohamma/Adversarial_Robust_Clip/atpt_data/vit_l_14_datacomp_1b/Caltech101
log_output_dir:/leonardo_work/EUHPC_R04_192/fmohamma/Adversarial_Robust_Clip/ATPT/Final_Results/vit_l_14_datacomp_1b/Caltech101
eps:0.0
alpha:0.0
alpha_eps_ratio:4.0
steps:0
lr:0.005
selection_p:0.1
tta_steps:1
ensemble_type:weighted_rtpt
top_k:20
softmax_temp:0.01
counter_attack:True
counter_attack_type:pgd
counter_attack_steps:2
counter_attack_eps:4.0
counter_attack_alpha:1.0
counter_attack_tau_thres:0.2
counter_attack_beta:2.0
counter_attack_weighted_perturbations:True
pgd_clip_pure_i_text_embeddings:null
pgd_counter_and_clipure_i_lamda:1.0
selected_id_name:selected_topk.json
weighted_score_name:weighted_scores.json
batch_entropy_name:entropies.json
log_dir:/leonardo_work/EUHPC_R04_192/fmohamma/Adversarial_Robust_Clip/ATPT/Final_Results/vit_l_14_datacomp_1b/Caltech101/Clean/Counter_Attack/Eps_4_0_Steps_2_Alpha_1_0/tau_0_2_beta_2_0_weighted_pertrubation_True/TPT/Optimization_Loss_tpt_LR_0_005_Optimization_Steps_1_View_Selection_Fraction_0_1/Inference_Ensemble_weighted_rtpt_topk_20_softmaxtemp_0_01

2025-06-14 20:07:34,001 - log - INFO - Use GPU: 0 for training
2025-06-14 20:09:54,354 - log - INFO - Freezing all parameters except prompt learner
2025-06-14 20:09:54,355 - log - INFO - => Model created: visual backbone vit_l_14_datacomp_1b
2025-06-14 20:09:54,364 - log - INFO - Number of test samples: 2465
2025-06-14 20:09:54,364 - log - INFO - Evaluating dataset: Caltech101
2025-06-14 20:09:54,365 - log - INFO - Starting evaluation with batch size: 64, selection percentage: 0.1
2025-06-14 20:09:54,366 - log - INFO - Test-time adaptation steps: 1, learning rate: 0.005
2025-06-14 20:09:54,366 - log - INFO - Using counter-attack with epsilon: 4.000000, alpha: 0.000000, steps: 2, tau_thres: 0.2, beta: 2.0, weighted perturbation: True
2025-06-14 20:11:00,213 - log - INFO - iter:20/2465, clip_acc1=100.0, tta_acc1=100.0
2025-06-14 20:11:00,213 - log - INFO - iter:20/2465, Original Acc@1: 100.00, Acc@5: 100.00, TTA Acc@1: 100.00, Acc@5: 100.00
2025-06-14 20:11:55,368 - log - INFO - iter:40/2465, clip_acc1=100.0, tta_acc1=100.0
2025-06-14 20:11:55,369 - log - INFO - iter:40/2465, Original Acc@1: 100.00, Acc@5: 100.00, TTA Acc@1: 100.00, Acc@5: 100.00
2025-06-14 20:12:50,210 - log - INFO - iter:60/2465, clip_acc1=100.00000762939453, tta_acc1=100.00000762939453
2025-06-14 20:12:50,210 - log - INFO - iter:60/2465, Original Acc@1: 100.00, Acc@5: 100.00, TTA Acc@1: 100.00, Acc@5: 100.00
2025-06-14 20:13:44,944 - log - INFO - iter:80/2465, clip_acc1=100.0, tta_acc1=100.0
2025-06-14 20:13:44,944 - log - INFO - iter:80/2465, Original Acc@1: 100.00, Acc@5: 100.00, TTA Acc@1: 100.00, Acc@5: 100.00
2025-06-14 20:14:40,038 - log - INFO - iter:100/2465, clip_acc1=100.0, tta_acc1=100.0
2025-06-14 20:14:40,038 - log - INFO - iter:100/2465, Original Acc@1: 100.00, Acc@5: 100.00, TTA Acc@1: 100.00, Acc@5: 100.00
2025-06-14 20:15:35,277 - log - INFO - iter:120/2465, clip_acc1=100.00000762939453, tta_acc1=100.00000762939453
2025-06-14 20:15:35,277 - log - INFO - iter:120/2465, Original Acc@1: 100.00, Acc@5: 100.00, TTA Acc@1: 100.00, Acc@5: 100.00
2025-06-14 20:16:29,811 - log - INFO - iter:140/2465, clip_acc1=97.85714721679688, tta_acc1=100.0
2025-06-14 20:16:29,812 - log - INFO - iter:140/2465, Original Acc@1: 97.86, Acc@5: 98.57, TTA Acc@1: 100.00, Acc@5: 100.00
2025-06-14 20:17:24,648 - log - INFO - iter:160/2465, clip_acc1=96.875, tta_acc1=100.0
2025-06-14 20:17:24,649 - log - INFO - iter:160/2465, Original Acc@1: 96.88, Acc@5: 98.75, TTA Acc@1: 100.00, Acc@5: 100.00
2025-06-14 20:18:19,168 - log - INFO - iter:180/2465, clip_acc1=95.55555725097656, tta_acc1=99.44445037841797
2025-06-14 20:18:19,168 - log - INFO - iter:180/2465, Original Acc@1: 95.56, Acc@5: 98.89, TTA Acc@1: 99.44, Acc@5: 100.00
2025-06-14 20:19:13,853 - log - INFO - iter:200/2465, clip_acc1=95.0, tta_acc1=99.0
2025-06-14 20:19:13,853 - log - INFO - iter:200/2465, Original Acc@1: 95.00, Acc@5: 99.00, TTA Acc@1: 99.00, Acc@5: 100.00
2025-06-14 20:20:08,416 - log - INFO - iter:220/2465, clip_acc1=95.45454406738281, tta_acc1=99.09090423583984
2025-06-14 20:20:08,417 - log - INFO - iter:220/2465, Original Acc@1: 95.45, Acc@5: 99.09, TTA Acc@1: 99.09, Acc@5: 100.00
2025-06-14 20:21:02,801 - log - INFO - iter:240/2465, clip_acc1=95.83333587646484, tta_acc1=99.16667175292969
2025-06-14 20:21:02,801 - log - INFO - iter:240/2465, Original Acc@1: 95.83, Acc@5: 99.17, TTA Acc@1: 99.17, Acc@5: 100.00
2025-06-14 20:21:57,192 - log - INFO - iter:260/2465, clip_acc1=96.15384674072266, tta_acc1=99.23076629638672
2025-06-14 20:21:57,192 - log - INFO - iter:260/2465, Original Acc@1: 96.15, Acc@5: 99.23, TTA Acc@1: 99.23, Acc@5: 100.00
2025-06-14 20:22:51,850 - log - INFO - iter:280/2465, clip_acc1=96.42857360839844, tta_acc1=99.28571319580078
2025-06-14 20:22:51,850 - log - INFO - iter:280/2465, Original Acc@1: 96.43, Acc@5: 99.29, TTA Acc@1: 99.29, Acc@5: 100.00
2025-06-14 20:23:46,157 - log - INFO - iter:300/2465, clip_acc1=96.66667175292969, tta_acc1=99.33333587646484
2025-06-14 20:23:46,157 - log - INFO - iter:300/2465, Original Acc@1: 96.67, Acc@5: 99.33, TTA Acc@1: 99.33, Acc@5: 100.00
2025-06-14 20:24:40,810 - log - INFO - iter:320/2465, clip_acc1=96.875, tta_acc1=99.375
2025-06-14 20:24:40,810 - log - INFO - iter:320/2465, Original Acc@1: 96.88, Acc@5: 99.38, TTA Acc@1: 99.38, Acc@5: 100.00
2025-06-14 20:25:35,662 - log - INFO - iter:340/2465, clip_acc1=97.05882263183594, tta_acc1=99.4117660522461
2025-06-14 20:25:35,662 - log - INFO - iter:340/2465, Original Acc@1: 97.06, Acc@5: 99.41, TTA Acc@1: 99.41, Acc@5: 100.00
2025-06-14 20:26:30,296 - log - INFO - iter:360/2465, clip_acc1=97.22222137451172, tta_acc1=99.44445037841797
2025-06-14 20:26:30,296 - log - INFO - iter:360/2465, Original Acc@1: 97.22, Acc@5: 99.44, TTA Acc@1: 99.44, Acc@5: 100.00
2025-06-14 20:27:24,626 - log - INFO - iter:380/2465, clip_acc1=97.36842346191406, tta_acc1=99.47368621826172
2025-06-14 20:27:24,627 - log - INFO - iter:380/2465, Original Acc@1: 97.37, Acc@5: 99.47, TTA Acc@1: 99.47, Acc@5: 100.00
2025-06-14 20:28:19,097 - log - INFO - iter:400/2465, clip_acc1=97.5, tta_acc1=99.5
2025-06-14 20:28:19,097 - log - INFO - iter:400/2465, Original Acc@1: 97.50, Acc@5: 99.50, TTA Acc@1: 99.50, Acc@5: 100.00
2025-06-14 20:29:13,637 - log - INFO - iter:420/2465, clip_acc1=97.3809585571289, tta_acc1=99.52381134033203
2025-06-14 20:29:13,637 - log - INFO - iter:420/2465, Original Acc@1: 97.38, Acc@5: 99.52, TTA Acc@1: 99.52, Acc@5: 100.00
2025-06-14 20:30:08,402 - log - INFO - iter:440/2465, clip_acc1=97.2727279663086, tta_acc1=99.54544830322266
2025-06-14 20:30:08,402 - log - INFO - iter:440/2465, Original Acc@1: 97.27, Acc@5: 99.55, TTA Acc@1: 99.55, Acc@5: 100.00
2025-06-14 20:31:02,965 - log - INFO - iter:460/2465, clip_acc1=96.73912811279297, tta_acc1=99.56521606445312
2025-06-14 20:31:02,965 - log - INFO - iter:460/2465, Original Acc@1: 96.74, Acc@5: 99.35, TTA Acc@1: 99.57, Acc@5: 100.00
2025-06-14 20:31:57,507 - log - INFO - iter:480/2465, clip_acc1=96.87500762939453, tta_acc1=99.58333587646484
2025-06-14 20:31:57,507 - log - INFO - iter:480/2465, Original Acc@1: 96.88, Acc@5: 99.38, TTA Acc@1: 99.58, Acc@5: 100.00
2025-06-14 20:32:52,218 - log - INFO - iter:500/2465, clip_acc1=96.80000305175781, tta_acc1=99.60000610351562
2025-06-14 20:32:52,218 - log - INFO - iter:500/2465, Original Acc@1: 96.80, Acc@5: 99.40, TTA Acc@1: 99.60, Acc@5: 100.00
2025-06-14 20:33:46,839 - log - INFO - iter:520/2465, clip_acc1=96.92308044433594, tta_acc1=99.61538696289062
2025-06-14 20:33:46,840 - log - INFO - iter:520/2465, Original Acc@1: 96.92, Acc@5: 99.42, TTA Acc@1: 99.62, Acc@5: 100.00
2025-06-14 20:34:41,424 - log - INFO - iter:540/2465, clip_acc1=96.48148345947266, tta_acc1=99.62963104248047
2025-06-14 20:34:41,424 - log - INFO - iter:540/2465, Original Acc@1: 96.48, Acc@5: 99.07, TTA Acc@1: 99.63, Acc@5: 100.00
2025-06-14 20:35:35,848 - log - INFO - iter:560/2465, clip_acc1=96.42857360839844, tta_acc1=99.64286041259766
2025-06-14 20:35:35,848 - log - INFO - iter:560/2465, Original Acc@1: 96.43, Acc@5: 98.93, TTA Acc@1: 99.64, Acc@5: 100.00
2025-06-14 20:36:30,470 - log - INFO - iter:580/2465, clip_acc1=96.55172729492188, tta_acc1=99.6551742553711
2025-06-14 20:36:30,470 - log - INFO - iter:580/2465, Original Acc@1: 96.55, Acc@5: 98.97, TTA Acc@1: 99.66, Acc@5: 100.00
2025-06-14 20:37:25,024 - log - INFO - iter:600/2465, clip_acc1=96.66667175292969, tta_acc1=99.66667175292969
2025-06-14 20:37:25,024 - log - INFO - iter:600/2465, Original Acc@1: 96.67, Acc@5: 99.00, TTA Acc@1: 99.67, Acc@5: 100.00
2025-06-14 20:38:19,744 - log - INFO - iter:620/2465, clip_acc1=96.29032135009766, tta_acc1=99.67742156982422
2025-06-14 20:38:19,744 - log - INFO - iter:620/2465, Original Acc@1: 96.29, Acc@5: 98.87, TTA Acc@1: 99.68, Acc@5: 100.00
2025-06-14 20:39:14,616 - log - INFO - iter:640/2465, clip_acc1=96.40625, tta_acc1=99.6875
2025-06-14 20:39:14,616 - log - INFO - iter:640/2465, Original Acc@1: 96.41, Acc@5: 98.91, TTA Acc@1: 99.69, Acc@5: 100.00
2025-06-14 20:40:09,398 - log - INFO - iter:660/2465, clip_acc1=96.21212005615234, tta_acc1=99.69696807861328
2025-06-14 20:40:09,398 - log - INFO - iter:660/2465, Original Acc@1: 96.21, Acc@5: 98.64, TTA Acc@1: 99.70, Acc@5: 100.00
2025-06-14 20:41:04,066 - log - INFO - iter:680/2465, clip_acc1=96.32353210449219, tta_acc1=99.70588684082031
2025-06-14 20:41:04,066 - log - INFO - iter:680/2465, Original Acc@1: 96.32, Acc@5: 98.68, TTA Acc@1: 99.71, Acc@5: 100.00
2025-06-14 20:41:58,923 - log - INFO - iter:700/2465, clip_acc1=95.71428680419922, tta_acc1=99.42857360839844
2025-06-14 20:41:58,923 - log - INFO - iter:700/2465, Original Acc@1: 95.71, Acc@5: 98.14, TTA Acc@1: 99.43, Acc@5: 100.00
2025-06-14 20:42:53,645 - log - INFO - iter:720/2465, clip_acc1=95.55555725097656, tta_acc1=99.44445037841797
2025-06-14 20:42:53,645 - log - INFO - iter:720/2465, Original Acc@1: 95.56, Acc@5: 98.06, TTA Acc@1: 99.44, Acc@5: 100.00
2025-06-14 20:43:48,393 - log - INFO - iter:740/2465, clip_acc1=95.27027130126953, tta_acc1=99.45946502685547
2025-06-14 20:43:48,393 - log - INFO - iter:740/2465, Original Acc@1: 95.27, Acc@5: 97.84, TTA Acc@1: 99.46, Acc@5: 100.00
2025-06-14 20:44:43,257 - log - INFO - iter:760/2465, clip_acc1=94.07894897460938, tta_acc1=99.21053314208984
2025-06-14 20:44:43,257 - log - INFO - iter:760/2465, Original Acc@1: 94.08, Acc@5: 97.11, TTA Acc@1: 99.21, Acc@5: 99.87
2025-06-14 20:45:38,067 - log - INFO - iter:780/2465, clip_acc1=94.10256958007812, tta_acc1=99.23077392578125
2025-06-14 20:45:38,067 - log - INFO - iter:780/2465, Original Acc@1: 94.10, Acc@5: 97.18, TTA Acc@1: 99.23, Acc@5: 99.87
2025-06-14 20:46:32,716 - log - INFO - iter:800/2465, clip_acc1=94.25, tta_acc1=99.25
2025-06-14 20:46:32,716 - log - INFO - iter:800/2465, Original Acc@1: 94.25, Acc@5: 97.25, TTA Acc@1: 99.25, Acc@5: 99.88
2025-06-14 20:47:27,375 - log - INFO - iter:820/2465, clip_acc1=94.39024353027344, tta_acc1=99.26829528808594
2025-06-14 20:47:27,375 - log - INFO - iter:820/2465, Original Acc@1: 94.39, Acc@5: 97.32, TTA Acc@1: 99.27, Acc@5: 99.88
2025-06-14 20:48:22,198 - log - INFO - iter:840/2465, clip_acc1=94.4047622680664, tta_acc1=99.16667175292969
2025-06-14 20:48:22,198 - log - INFO - iter:840/2465, Original Acc@1: 94.40, Acc@5: 97.38, TTA Acc@1: 99.17, Acc@5: 99.88
2025-06-14 20:49:17,040 - log - INFO - iter:860/2465, clip_acc1=94.53488159179688, tta_acc1=99.18604278564453
2025-06-14 20:49:17,040 - log - INFO - iter:860/2465, Original Acc@1: 94.53, Acc@5: 97.44, TTA Acc@1: 99.19, Acc@5: 99.88
2025-06-14 20:50:11,743 - log - INFO - iter:880/2465, clip_acc1=94.65908813476562, tta_acc1=99.20454406738281
2025-06-14 20:50:11,743 - log - INFO - iter:880/2465, Original Acc@1: 94.66, Acc@5: 97.50, TTA Acc@1: 99.20, Acc@5: 99.89
2025-06-14 20:51:06,391 - log - INFO - iter:900/2465, clip_acc1=94.77777862548828, tta_acc1=99.22222137451172
2025-06-14 20:51:06,391 - log - INFO - iter:900/2465, Original Acc@1: 94.78, Acc@5: 97.56, TTA Acc@1: 99.22, Acc@5: 99.89
2025-06-14 20:52:01,097 - log - INFO - iter:920/2465, clip_acc1=94.67391204833984, tta_acc1=99.23912811279297
2025-06-14 20:52:01,098 - log - INFO - iter:920/2465, Original Acc@1: 94.67, Acc@5: 97.61, TTA Acc@1: 99.24, Acc@5: 99.89
2025-06-14 20:52:55,871 - log - INFO - iter:940/2465, clip_acc1=94.68084716796875, tta_acc1=99.25531768798828
2025-06-14 20:52:55,871 - log - INFO - iter:940/2465, Original Acc@1: 94.68, Acc@5: 97.55, TTA Acc@1: 99.26, Acc@5: 99.89
2025-06-14 20:53:50,353 - log - INFO - iter:960/2465, clip_acc1=94.79167175292969, tta_acc1=99.27083587646484
2025-06-14 20:53:50,353 - log - INFO - iter:960/2465, Original Acc@1: 94.79, Acc@5: 97.60, TTA Acc@1: 99.27, Acc@5: 99.90
2025-06-14 20:54:44,920 - log - INFO - iter:980/2465, clip_acc1=94.89795684814453, tta_acc1=99.28571319580078
2025-06-14 20:54:44,920 - log - INFO - iter:980/2465, Original Acc@1: 94.90, Acc@5: 97.65, TTA Acc@1: 99.29, Acc@5: 99.90
2025-06-14 20:55:39,724 - log - INFO - iter:1000/2465, clip_acc1=94.9000015258789, tta_acc1=99.30000305175781
2025-06-14 20:55:39,725 - log - INFO - iter:1000/2465, Original Acc@1: 94.90, Acc@5: 97.60, TTA Acc@1: 99.30, Acc@5: 99.90
2025-06-14 20:56:34,438 - log - INFO - iter:1020/2465, clip_acc1=95.00000762939453, tta_acc1=99.31372833251953
2025-06-14 20:56:34,438 - log - INFO - iter:1020/2465, Original Acc@1: 95.00, Acc@5: 97.65, TTA Acc@1: 99.31, Acc@5: 99.90
2025-06-14 20:57:29,258 - log - INFO - iter:1040/2465, clip_acc1=95.09615325927734, tta_acc1=99.23076629638672
2025-06-14 20:57:29,259 - log - INFO - iter:1040/2465, Original Acc@1: 95.10, Acc@5: 97.69, TTA Acc@1: 99.23, Acc@5: 99.90
2025-06-14 20:58:24,031 - log - INFO - iter:1060/2465, clip_acc1=95.0, tta_acc1=99.15094757080078
2025-06-14 20:58:24,031 - log - INFO - iter:1060/2465, Original Acc@1: 95.00, Acc@5: 97.74, TTA Acc@1: 99.15, Acc@5: 99.91
2025-06-14 20:59:18,661 - log - INFO - iter:1080/2465, clip_acc1=94.81481170654297, tta_acc1=99.0740737915039
2025-06-14 20:59:18,662 - log - INFO - iter:1080/2465, Original Acc@1: 94.81, Acc@5: 97.59, TTA Acc@1: 99.07, Acc@5: 99.81
2025-06-14 21:00:13,715 - log - INFO - iter:1100/2465, clip_acc1=94.63636779785156, tta_acc1=99.09091186523438
2025-06-14 21:00:13,715 - log - INFO - iter:1100/2465, Original Acc@1: 94.64, Acc@5: 97.36, TTA Acc@1: 99.09, Acc@5: 99.82
2025-06-14 21:01:08,376 - log - INFO - iter:1120/2465, clip_acc1=93.39286041259766, tta_acc1=98.39286041259766
2025-06-14 21:01:08,376 - log - INFO - iter:1120/2465, Original Acc@1: 93.39, Acc@5: 97.23, TTA Acc@1: 98.39, Acc@5: 99.82
2025-06-14 21:02:03,237 - log - INFO - iter:1140/2465, clip_acc1=92.63158416748047, tta_acc1=98.33333587646484
2025-06-14 21:02:03,237 - log - INFO - iter:1140/2465, Original Acc@1: 92.63, Acc@5: 96.93, TTA Acc@1: 98.33, Acc@5: 99.82
2025-06-14 21:02:58,136 - log - INFO - iter:1160/2465, clip_acc1=92.32758331298828, tta_acc1=98.36206817626953
2025-06-14 21:02:58,136 - log - INFO - iter:1160/2465, Original Acc@1: 92.33, Acc@5: 96.98, TTA Acc@1: 98.36, Acc@5: 99.83
2025-06-14 21:03:52,899 - log - INFO - iter:1180/2465, clip_acc1=92.2033920288086, tta_acc1=98.2203369140625
2025-06-14 21:03:52,899 - log - INFO - iter:1180/2465, Original Acc@1: 92.20, Acc@5: 97.03, TTA Acc@1: 98.22, Acc@5: 99.83
2025-06-14 21:04:47,405 - log - INFO - iter:1200/2465, clip_acc1=92.25, tta_acc1=98.25
2025-06-14 21:04:47,405 - log - INFO - iter:1200/2465, Original Acc@1: 92.25, Acc@5: 97.08, TTA Acc@1: 98.25, Acc@5: 99.83
2025-06-14 21:05:42,165 - log - INFO - iter:1220/2465, clip_acc1=92.29508209228516, tta_acc1=98.2786865234375
2025-06-14 21:05:42,165 - log - INFO - iter:1220/2465, Original Acc@1: 92.30, Acc@5: 97.13, TTA Acc@1: 98.28, Acc@5: 99.84
2025-06-14 21:06:37,098 - log - INFO - iter:1240/2465, clip_acc1=92.25806427001953, tta_acc1=98.30644989013672
2025-06-14 21:06:37,098 - log - INFO - iter:1240/2465, Original Acc@1: 92.26, Acc@5: 97.10, TTA Acc@1: 98.31, Acc@5: 99.84
2025-06-14 21:07:31,829 - log - INFO - iter:1260/2465, clip_acc1=92.06349182128906, tta_acc1=98.25396728515625
2025-06-14 21:07:31,829 - log - INFO - iter:1260/2465, Original Acc@1: 92.06, Acc@5: 96.90, TTA Acc@1: 98.25, Acc@5: 99.84
2025-06-14 21:08:26,650 - log - INFO - iter:1280/2465, clip_acc1=92.03125, tta_acc1=98.28125
2025-06-14 21:08:26,651 - log - INFO - iter:1280/2465, Original Acc@1: 92.03, Acc@5: 96.88, TTA Acc@1: 98.28, Acc@5: 99.84
2025-06-14 21:09:21,646 - log - INFO - iter:1300/2465, clip_acc1=92.0, tta_acc1=98.30769348144531
2025-06-14 21:09:21,646 - log - INFO - iter:1300/2465, Original Acc@1: 92.00, Acc@5: 96.92, TTA Acc@1: 98.31, Acc@5: 99.85
2025-06-14 21:10:16,388 - log - INFO - iter:1320/2465, clip_acc1=92.04544830322266, tta_acc1=98.25757598876953
2025-06-14 21:10:16,388 - log - INFO - iter:1320/2465, Original Acc@1: 92.05, Acc@5: 96.89, TTA Acc@1: 98.26, Acc@5: 99.85
2025-06-14 21:11:11,081 - log - INFO - iter:1340/2465, clip_acc1=92.16417694091797, tta_acc1=98.28358459472656
2025-06-14 21:11:11,082 - log - INFO - iter:1340/2465, Original Acc@1: 92.16, Acc@5: 96.94, TTA Acc@1: 98.28, Acc@5: 99.85
2025-06-14 21:12:05,878 - log - INFO - iter:1360/2465, clip_acc1=92.05882263183594, tta_acc1=98.30882263183594
2025-06-14 21:12:05,879 - log - INFO - iter:1360/2465, Original Acc@1: 92.06, Acc@5: 96.91, TTA Acc@1: 98.31, Acc@5: 99.85
2025-06-14 21:13:00,543 - log - INFO - iter:1380/2465, clip_acc1=92.10145568847656, tta_acc1=98.33333587646484
2025-06-14 21:13:00,543 - log - INFO - iter:1380/2465, Original Acc@1: 92.10, Acc@5: 96.96, TTA Acc@1: 98.33, Acc@5: 99.86
2025-06-14 21:13:55,449 - log - INFO - iter:1400/2465, clip_acc1=91.35713958740234, tta_acc1=98.07142639160156
2025-06-14 21:13:55,449 - log - INFO - iter:1400/2465, Original Acc@1: 91.36, Acc@5: 96.79, TTA Acc@1: 98.07, Acc@5: 99.86
2025-06-14 21:14:50,491 - log - INFO - iter:1420/2465, clip_acc1=91.2676010131836, tta_acc1=97.9577407836914
2025-06-14 21:14:50,491 - log - INFO - iter:1420/2465, Original Acc@1: 91.27, Acc@5: 96.69, TTA Acc@1: 97.96, Acc@5: 99.79
2025-06-14 21:15:45,204 - log - INFO - iter:1440/2465, clip_acc1=91.31945037841797, tta_acc1=97.98611450195312
2025-06-14 21:15:45,204 - log - INFO - iter:1440/2465, Original Acc@1: 91.32, Acc@5: 96.74, TTA Acc@1: 97.99, Acc@5: 99.79
2025-06-14 21:16:39,845 - log - INFO - iter:1460/2465, clip_acc1=91.43836212158203, tta_acc1=98.01370239257812
2025-06-14 21:16:39,846 - log - INFO - iter:1460/2465, Original Acc@1: 91.44, Acc@5: 96.78, TTA Acc@1: 98.01, Acc@5: 99.79
2025-06-14 21:17:34,494 - log - INFO - iter:1480/2465, clip_acc1=91.4189224243164, tta_acc1=97.97297668457031
2025-06-14 21:17:34,495 - log - INFO - iter:1480/2465, Original Acc@1: 91.42, Acc@5: 96.69, TTA Acc@1: 97.97, Acc@5: 99.73
2025-06-14 21:18:29,484 - log - INFO - iter:1500/2465, clip_acc1=91.46666717529297, tta_acc1=97.93333435058594
2025-06-14 21:18:29,484 - log - INFO - iter:1500/2465, Original Acc@1: 91.47, Acc@5: 96.73, TTA Acc@1: 97.93, Acc@5: 99.67
2025-06-14 21:19:24,241 - log - INFO - iter:1520/2465, clip_acc1=91.5131607055664, tta_acc1=97.96053314208984
2025-06-14 21:19:24,241 - log - INFO - iter:1520/2465, Original Acc@1: 91.51, Acc@5: 96.71, TTA Acc@1: 97.96, Acc@5: 99.67
2025-06-14 21:20:19,024 - log - INFO - iter:1540/2465, clip_acc1=91.4935073852539, tta_acc1=97.98701477050781
2025-06-14 21:20:19,024 - log - INFO - iter:1540/2465, Original Acc@1: 91.49, Acc@5: 96.62, TTA Acc@1: 97.99, Acc@5: 99.68
2025-06-14 21:21:13,782 - log - INFO - iter:1560/2465, clip_acc1=91.53846740722656, tta_acc1=98.01282501220703
2025-06-14 21:21:13,782 - log - INFO - iter:1560/2465, Original Acc@1: 91.54, Acc@5: 96.67, TTA Acc@1: 98.01, Acc@5: 99.68
2025-06-14 21:22:08,623 - log - INFO - iter:1580/2465, clip_acc1=91.582275390625, tta_acc1=98.03797912597656
2025-06-14 21:22:08,623 - log - INFO - iter:1580/2465, Original Acc@1: 91.58, Acc@5: 96.71, TTA Acc@1: 98.04, Acc@5: 99.68
2025-06-14 21:23:03,255 - log - INFO - iter:1600/2465, clip_acc1=91.625, tta_acc1=98.0625
2025-06-14 21:23:03,256 - log - INFO - iter:1600/2465, Original Acc@1: 91.62, Acc@5: 96.75, TTA Acc@1: 98.06, Acc@5: 99.69
2025-06-14 21:23:58,068 - log - INFO - iter:1620/2465, clip_acc1=91.48148345947266, tta_acc1=98.08642578125
2025-06-14 21:23:58,068 - log - INFO - iter:1620/2465, Original Acc@1: 91.48, Acc@5: 96.73, TTA Acc@1: 98.09, Acc@5: 99.69
2025-06-14 21:24:52,768 - log - INFO - iter:1640/2465, clip_acc1=91.40243530273438, tta_acc1=97.74390411376953
2025-06-14 21:24:52,769 - log - INFO - iter:1640/2465, Original Acc@1: 91.40, Acc@5: 96.77, TTA Acc@1: 97.74, Acc@5: 99.70
2025-06-14 21:25:47,419 - log - INFO - iter:1660/2465, clip_acc1=91.02410125732422, tta_acc1=97.0481948852539
2025-06-14 21:25:47,419 - log - INFO - iter:1660/2465, Original Acc@1: 91.02, Acc@5: 96.81, TTA Acc@1: 97.05, Acc@5: 99.70
2025-06-14 21:26:42,027 - log - INFO - iter:1680/2465, clip_acc1=91.0714340209961, tta_acc1=96.96428680419922
2025-06-14 21:26:42,027 - log - INFO - iter:1680/2465, Original Acc@1: 91.07, Acc@5: 96.79, TTA Acc@1: 96.96, Acc@5: 99.70
2025-06-14 21:27:36,746 - log - INFO - iter:1700/2465, clip_acc1=91.17646789550781, tta_acc1=96.99999237060547
2025-06-14 21:27:36,746 - log - INFO - iter:1700/2465, Original Acc@1: 91.18, Acc@5: 96.82, TTA Acc@1: 97.00, Acc@5: 99.71
2025-06-14 21:28:31,559 - log - INFO - iter:1720/2465, clip_acc1=91.0465087890625, tta_acc1=96.9186019897461
2025-06-14 21:28:31,559 - log - INFO - iter:1720/2465, Original Acc@1: 91.05, Acc@5: 96.80, TTA Acc@1: 96.92, Acc@5: 99.65
2025-06-14 21:29:26,375 - log - INFO - iter:1740/2465, clip_acc1=90.91954040527344, tta_acc1=96.83908081054688
2025-06-14 21:29:26,375 - log - INFO - iter:1740/2465, Original Acc@1: 90.92, Acc@5: 96.72, TTA Acc@1: 96.84, Acc@5: 99.66
2025-06-14 21:30:21,030 - log - INFO - iter:1760/2465, clip_acc1=90.73863220214844, tta_acc1=96.59090423583984
2025-06-14 21:30:21,031 - log - INFO - iter:1760/2465, Original Acc@1: 90.74, Acc@5: 96.76, TTA Acc@1: 96.59, Acc@5: 99.66
2025-06-14 21:31:15,987 - log - INFO - iter:1780/2465, clip_acc1=90.56179809570312, tta_acc1=96.51685333251953
2025-06-14 21:31:15,987 - log - INFO - iter:1780/2465, Original Acc@1: 90.56, Acc@5: 96.74, TTA Acc@1: 96.52, Acc@5: 99.66
2025-06-14 21:32:10,962 - log - INFO - iter:1800/2465, clip_acc1=90.66667175292969, tta_acc1=96.55555725097656
2025-06-14 21:32:10,962 - log - INFO - iter:1800/2465, Original Acc@1: 90.67, Acc@5: 96.78, TTA Acc@1: 96.56, Acc@5: 99.67
2025-06-14 21:33:05,864 - log - INFO - iter:1820/2465, clip_acc1=90.60440063476562, tta_acc1=96.59341430664062
2025-06-14 21:33:05,864 - log - INFO - iter:1820/2465, Original Acc@1: 90.60, Acc@5: 96.70, TTA Acc@1: 96.59, Acc@5: 99.67
2025-06-14 21:34:00,531 - log - INFO - iter:1840/2465, clip_acc1=90.48912811279297, tta_acc1=96.63043212890625
2025-06-14 21:34:00,532 - log - INFO - iter:1840/2465, Original Acc@1: 90.49, Acc@5: 96.74, TTA Acc@1: 96.63, Acc@5: 99.67
2025-06-14 21:34:55,185 - log - INFO - iter:1860/2465, clip_acc1=90.48387145996094, tta_acc1=96.66667175292969
2025-06-14 21:34:55,185 - log - INFO - iter:1860/2465, Original Acc@1: 90.48, Acc@5: 96.77, TTA Acc@1: 96.67, Acc@5: 99.68
2025-06-14 21:35:50,074 - log - INFO - iter:1880/2465, clip_acc1=90.47872161865234, tta_acc1=96.7021255493164
2025-06-14 21:35:50,075 - log - INFO - iter:1880/2465, Original Acc@1: 90.48, Acc@5: 96.81, TTA Acc@1: 96.70, Acc@5: 99.68
2025-06-14 21:36:44,782 - log - INFO - iter:1900/2465, clip_acc1=90.57894134521484, tta_acc1=96.7368392944336
2025-06-14 21:36:44,782 - log - INFO - iter:1900/2465, Original Acc@1: 90.58, Acc@5: 96.84, TTA Acc@1: 96.74, Acc@5: 99.68
2025-06-14 21:37:39,861 - log - INFO - iter:1920/2465, clip_acc1=90.62500762939453, tta_acc1=96.77083587646484
2025-06-14 21:37:39,861 - log - INFO - iter:1920/2465, Original Acc@1: 90.63, Acc@5: 96.88, TTA Acc@1: 96.77, Acc@5: 99.69
2025-06-14 21:38:34,789 - log - INFO - iter:1940/2465, clip_acc1=90.61856079101562, tta_acc1=96.80413055419922
2025-06-14 21:38:34,790 - log - INFO - iter:1940/2465, Original Acc@1: 90.62, Acc@5: 96.86, TTA Acc@1: 96.80, Acc@5: 99.69
2025-06-14 21:39:29,689 - log - INFO - iter:1960/2465, clip_acc1=90.56121826171875, tta_acc1=96.78571319580078
2025-06-14 21:39:29,689 - log - INFO - iter:1960/2465, Original Acc@1: 90.56, Acc@5: 96.89, TTA Acc@1: 96.79, Acc@5: 99.69
2025-06-14 21:40:24,268 - log - INFO - iter:1980/2465, clip_acc1=90.65657043457031, tta_acc1=96.81818389892578
2025-06-14 21:40:24,268 - log - INFO - iter:1980/2465, Original Acc@1: 90.66, Acc@5: 96.92, TTA Acc@1: 96.82, Acc@5: 99.70
2025-06-14 21:41:19,101 - log - INFO - iter:2000/2465, clip_acc1=90.70000457763672, tta_acc1=96.85000610351562
2025-06-14 21:41:19,101 - log - INFO - iter:2000/2465, Original Acc@1: 90.70, Acc@5: 96.90, TTA Acc@1: 96.85, Acc@5: 99.70
2025-06-14 21:42:13,754 - log - INFO - iter:2020/2465, clip_acc1=90.7425765991211, tta_acc1=96.8316879272461
2025-06-14 21:42:13,755 - log - INFO - iter:2020/2465, Original Acc@1: 90.74, Acc@5: 96.88, TTA Acc@1: 96.83, Acc@5: 99.70
2025-06-14 21:43:08,402 - log - INFO - iter:2040/2465, clip_acc1=90.73529815673828, tta_acc1=96.81372833251953
2025-06-14 21:43:08,402 - log - INFO - iter:2040/2465, Original Acc@1: 90.74, Acc@5: 96.91, TTA Acc@1: 96.81, Acc@5: 99.71
2025-06-14 21:44:02,939 - log - INFO - iter:2060/2465, clip_acc1=90.63107299804688, tta_acc1=96.7961196899414
2025-06-14 21:44:02,939 - log - INFO - iter:2060/2465, Original Acc@1: 90.63, Acc@5: 96.94, TTA Acc@1: 96.80, Acc@5: 99.71
2025-06-14 21:44:57,517 - log - INFO - iter:2080/2465, clip_acc1=90.625, tta_acc1=96.77884674072266
2025-06-14 21:44:57,517 - log - INFO - iter:2080/2465, Original Acc@1: 90.62, Acc@5: 96.97, TTA Acc@1: 96.78, Acc@5: 99.71
2025-06-14 21:45:52,504 - log - INFO - iter:2100/2465, clip_acc1=90.61904907226562, tta_acc1=96.80952453613281
2025-06-14 21:45:52,504 - log - INFO - iter:2100/2465, Original Acc@1: 90.62, Acc@5: 96.95, TTA Acc@1: 96.81, Acc@5: 99.71
2025-06-14 21:46:47,166 - log - INFO - iter:2120/2465, clip_acc1=90.6603775024414, tta_acc1=96.8396224975586
2025-06-14 21:46:47,166 - log - INFO - iter:2120/2465, Original Acc@1: 90.66, Acc@5: 96.98, TTA Acc@1: 96.84, Acc@5: 99.72
2025-06-14 21:47:42,306 - log - INFO - iter:2140/2465, clip_acc1=90.70093536376953, tta_acc1=96.8691635131836
2025-06-14 21:47:42,306 - log - INFO - iter:2140/2465, Original Acc@1: 90.70, Acc@5: 97.01, TTA Acc@1: 96.87, Acc@5: 99.72
2025-06-14 21:48:37,172 - log - INFO - iter:2160/2465, clip_acc1=90.78703308105469, tta_acc1=96.89814758300781
2025-06-14 21:48:37,172 - log - INFO - iter:2160/2465, Original Acc@1: 90.79, Acc@5: 97.04, TTA Acc@1: 96.90, Acc@5: 99.72
2025-06-14 21:49:31,991 - log - INFO - iter:2180/2465, clip_acc1=90.82569122314453, tta_acc1=96.92660522460938
2025-06-14 21:49:31,991 - log - INFO - iter:2180/2465, Original Acc@1: 90.83, Acc@5: 97.02, TTA Acc@1: 96.93, Acc@5: 99.72
2025-06-14 21:50:27,002 - log - INFO - iter:2200/2465, clip_acc1=90.86363983154297, tta_acc1=96.95454406738281
2025-06-14 21:50:27,003 - log - INFO - iter:2200/2465, Original Acc@1: 90.86, Acc@5: 97.05, TTA Acc@1: 96.95, Acc@5: 99.73
2025-06-14 21:51:21,724 - log - INFO - iter:2220/2465, clip_acc1=90.9459457397461, tta_acc1=96.98198699951172
2025-06-14 21:51:21,724 - log - INFO - iter:2220/2465, Original Acc@1: 90.95, Acc@5: 97.07, TTA Acc@1: 96.98, Acc@5: 99.73
2025-06-14 21:52:16,577 - log - INFO - iter:2240/2465, clip_acc1=91.02678680419922, tta_acc1=97.00892639160156
2025-06-14 21:52:16,577 - log - INFO - iter:2240/2465, Original Acc@1: 91.03, Acc@5: 97.10, TTA Acc@1: 97.01, Acc@5: 99.73
2025-06-14 21:53:11,790 - log - INFO - iter:2260/2465, clip_acc1=91.10619354248047, tta_acc1=97.035400390625
2025-06-14 21:53:11,790 - log - INFO - iter:2260/2465, Original Acc@1: 91.11, Acc@5: 97.12, TTA Acc@1: 97.04, Acc@5: 99.73
2025-06-14 21:54:06,607 - log - INFO - iter:2280/2465, clip_acc1=90.96491241455078, tta_acc1=97.06140899658203
2025-06-14 21:54:06,607 - log - INFO - iter:2280/2465, Original Acc@1: 90.96, Acc@5: 97.06, TTA Acc@1: 97.06, Acc@5: 99.74
2025-06-14 21:55:01,390 - log - INFO - iter:2300/2465, clip_acc1=90.78260803222656, tta_acc1=97.08695983886719
2025-06-14 21:55:01,390 - log - INFO - iter:2300/2465, Original Acc@1: 90.78, Acc@5: 96.91, TTA Acc@1: 97.09, Acc@5: 99.74
2025-06-14 21:55:56,088 - log - INFO - iter:2320/2465, clip_acc1=90.86206817626953, tta_acc1=97.11206817626953
2025-06-14 21:55:56,088 - log - INFO - iter:2320/2465, Original Acc@1: 90.86, Acc@5: 96.94, TTA Acc@1: 97.11, Acc@5: 99.74
2025-06-14 21:56:50,953 - log - INFO - iter:2340/2465, clip_acc1=90.94017028808594, tta_acc1=97.13674926757812
2025-06-14 21:56:50,954 - log - INFO - iter:2340/2465, Original Acc@1: 90.94, Acc@5: 96.97, TTA Acc@1: 97.14, Acc@5: 99.74
2025-06-14 21:57:45,631 - log - INFO - iter:2360/2465, clip_acc1=91.0169448852539, tta_acc1=97.16101837158203
2025-06-14 21:57:45,631 - log - INFO - iter:2360/2465, Original Acc@1: 91.02, Acc@5: 96.99, TTA Acc@1: 97.16, Acc@5: 99.75
2025-06-14 21:58:40,394 - log - INFO - iter:2380/2465, clip_acc1=91.09243774414062, tta_acc1=97.18487548828125
2025-06-14 21:58:40,394 - log - INFO - iter:2380/2465, Original Acc@1: 91.09, Acc@5: 97.02, TTA Acc@1: 97.18, Acc@5: 99.75
2025-06-14 21:59:35,210 - log - INFO - iter:2400/2465, clip_acc1=90.83333587646484, tta_acc1=97.08333587646484
2025-06-14 21:59:35,210 - log - INFO - iter:2400/2465, Original Acc@1: 90.83, Acc@5: 97.04, TTA Acc@1: 97.08, Acc@5: 99.75
2025-06-14 22:00:29,980 - log - INFO - iter:2420/2465, clip_acc1=90.86776733398438, tta_acc1=97.10743713378906
2025-06-14 22:00:29,980 - log - INFO - iter:2420/2465, Original Acc@1: 90.87, Acc@5: 97.07, TTA Acc@1: 97.11, Acc@5: 99.75
2025-06-14 22:01:24,610 - log - INFO - iter:2440/2465, clip_acc1=90.7786865234375, tta_acc1=96.96721649169922
2025-06-14 22:01:24,611 - log - INFO - iter:2440/2465, Original Acc@1: 90.78, Acc@5: 97.09, TTA Acc@1: 96.97, Acc@5: 99.75
2025-06-14 22:02:18,543 - log - INFO - iter:2460/2465, clip_acc1=90.85365295410156, tta_acc1=96.99186706542969
2025-06-14 22:02:18,543 - log - INFO - iter:2460/2465, Original Acc@1: 90.85, Acc@5: 97.11, TTA Acc@1: 96.99, Acc@5: 99.76
2025-06-14 22:02:30,831 - log - INFO - iter:2465/2465, clip_acc1=90.87220764160156, tta_acc1=96.99797058105469
2025-06-14 22:02:30,832 - log - INFO - iter:2465/2465, Original Acc@1: 90.87, Acc@5: 97.12, TTA Acc@1: 97.00, Acc@5: 99.76
2025-06-14 22:02:30,902 - log - INFO - Final results - Original Acc@1: 90.87, Acc@5: 97.12, TTA Acc@1: 97.00, Acc@5: 99.76
2025-06-14 22:02:30,902 - log - INFO - Improvement from TTA in Acc@1 6.13, and Acc@5 2.64
2025-06-14 22:02:30,904 - log - INFO - Number of selected samples with index 0: 479
2025-06-14 22:02:30,904 - log - INFO - Number of samples in the dataset: 2465
2025-06-14 22:02:30,931 - log - INFO - Selected IDs saved to /leonardo_work/EUHPC_R04_192/fmohamma/Adversarial_Robust_Clip/ATPT/Final_Results/vit_l_14_datacomp_1b/Caltech101/Clean/Counter_Attack/Eps_4_0_Steps_2_Alpha_1_0/tau_0_2_beta_2_0_weighted_pertrubation_True/TPT/Optimization_Loss_tpt_LR_0_005_Optimization_Steps_1_View_Selection_Fraction_0_1/Inference_Ensemble_weighted_rtpt_topk_20_softmaxtemp_0_01/selected_topk.json
2025-06-14 22:02:31,091 - log - INFO - Batch entropies saved to /leonardo_work/EUHPC_R04_192/fmohamma/Adversarial_Robust_Clip/ATPT/Final_Results/vit_l_14_datacomp_1b/Caltech101/Clean/Counter_Attack/Eps_4_0_Steps_2_Alpha_1_0/tau_0_2_beta_2_0_weighted_pertrubation_True/TPT/Optimization_Loss_tpt_LR_0_005_Optimization_Steps_1_View_Selection_Fraction_0_1/Inference_Ensemble_weighted_rtpt_topk_20_softmaxtemp_0_01/entropies.json
2025-06-14 22:02:31,267 - log - INFO - Weighted scores saved to /leonardo_work/EUHPC_R04_192/fmohamma/Adversarial_Robust_Clip/ATPT/Final_Results/vit_l_14_datacomp_1b/Caltech101/Clean/Counter_Attack/Eps_4_0_Steps_2_Alpha_1_0/tau_0_2_beta_2_0_weighted_pertrubation_True/TPT/Optimization_Loss_tpt_LR_0_005_Optimization_Steps_1_View_Selection_Fraction_0_1/Inference_Ensemble_weighted_rtpt_topk_20_softmaxtemp_0_01/weighted_scores.json
2025-06-14 22:02:31,268 - log - INFO - Creating plot of average weights for each view
2025-06-14 22:02:32,550 - log - INFO - Average weights plot saved to /leonardo_work/EUHPC_R04_192/fmohamma/Adversarial_Robust_Clip/ATPT/Final_Results/vit_l_14_datacomp_1b/Caltech101/Clean/Counter_Attack/Eps_4_0_Steps_2_Alpha_1_0/tau_0_2_beta_2_0_weighted_pertrubation_True/TPT/Optimization_Loss_tpt_LR_0_005_Optimization_Steps_1_View_Selection_Fraction_0_1/Inference_Ensemble_weighted_rtpt_topk_20_softmaxtemp_0_01/weighted_scores_plot.png
2025-06-14 22:02:32,556 - log - INFO - => Acc. on testset [Caltech101]: Clean Acc @1 90.87220764160156/ TTA Clean Acc @1 96.99797058105469, Clean Acc @5 97.11967468261719/ TTA Clean Acc @5 99.756591796875
2025-06-14 22:02:32,556 - log - INFO - Total script execution time: 6898.61 seconds (114.98 minutes)
