2025-06-13 13:25:41,781 - log - INFO - ==========================================
data:/leonardo_work/EUHPC_R04_192/fmohamma/Adversarial_Robust_Clip/atpt_data/downstream_datasets
test_sets:eurosat
dataset_mode:test
arch:ViT-L/14
resolution:224
workers:4
no_pin_memory:False
batch_size:64
print_freq:20
gpu:0
no_cudnn_benchmark:False
n_ctx:4
ctx_init:a_photo_of_a
tpt_loss:tpt
seed:0
output_dir:/leonardo_work/EUHPC_R04_192/fmohamma/Adversarial_Robust_Clip/atpt_data/ViT-L/14/eurosat
log_output_dir:/leonardo_work/EUHPC_R04_192/fmohamma/Adversarial_Robust_Clip/ATPT/Final_Results/ViT-L/14/eurosat
eps:0.0
alpha:0.0
alpha_eps_ratio:4.0
steps:0
lr:0.005
selection_p:0.1
tta_steps:1
ensemble_type:weighted_rtpt
top_k:20
softmax_temp:0.01
counter_attack:True
counter_attack_type:pgd
counter_attack_steps:2
counter_attack_eps:4.0
counter_attack_alpha:1.0
counter_attack_tau_thres:0.2
counter_attack_beta:2.0
counter_attack_weighted_perturbations:True
pgd_clip_pure_i_text_embeddings:null
pgd_counter_and_clipure_i_lamda:1.0
selected_id_name:selected_topk.json
weighted_score_name:weighted_scores.json
batch_entropy_name:entropies.json
log_dir:/leonardo_work/EUHPC_R04_192/fmohamma/Adversarial_Robust_Clip/ATPT/Final_Results/ViT-L/14/eurosat/Clean/Counter_Attack/Eps_4_0_Steps_2_Alpha_1_0/tau_0_2_beta_2_0_weighted_pertrubation_True/TPT/Optimization_Loss_tpt_LR_0_005_Optimization_Steps_1_View_Selection_Fraction_0_1/Inference_Ensemble_weighted_rtpt_topk_20_softmaxtemp_0_01

2025-06-13 13:25:41,782 - log - INFO - Use GPU: 0 for training
2025-06-13 13:26:44,350 - log - INFO - Freezing all parameters except prompt learner
2025-06-13 13:26:44,351 - log - INFO - => Model created: visual backbone ViT-L/14
2025-06-13 13:26:44,418 - log - INFO - Number of test samples: 8100
2025-06-13 13:26:44,418 - log - INFO - Evaluating dataset: eurosat
2025-06-13 13:26:44,419 - log - INFO - Starting evaluation with batch size: 64, selection percentage: 0.1
2025-06-13 13:26:44,419 - log - INFO - Test-time adaptation steps: 1, learning rate: 0.005
2025-06-13 13:26:44,419 - log - INFO - Using counter-attack with epsilon: 4.000000, alpha: 0.000000, steps: 2, tau_thres: 0.2, beta: 2.0, weighted perturbation: True
2025-06-13 13:27:54,922 - log - INFO - iter:20/8100, clip_acc1=10.0, tta_acc1=0.0
2025-06-13 13:27:54,922 - log - INFO - iter:20/8100, Original Acc@1: 10.00, Acc@5: 50.00, TTA Acc@1: 0.00, Acc@5: 15.00
2025-06-13 13:28:47,875 - log - INFO - iter:40/8100, clip_acc1=17.5, tta_acc1=0.0
2025-06-13 13:28:47,875 - log - INFO - iter:40/8100, Original Acc@1: 17.50, Acc@5: 67.50, TTA Acc@1: 0.00, Acc@5: 25.00
2025-06-13 13:29:40,791 - log - INFO - iter:60/8100, clip_acc1=13.333333969116211, tta_acc1=0.0
2025-06-13 13:29:40,791 - log - INFO - iter:60/8100, Original Acc@1: 13.33, Acc@5: 65.00, TTA Acc@1: 0.00, Acc@5: 28.33
2025-06-13 13:30:33,703 - log - INFO - iter:80/8100, clip_acc1=13.75, tta_acc1=0.0
2025-06-13 13:30:33,704 - log - INFO - iter:80/8100, Original Acc@1: 13.75, Acc@5: 67.50, TTA Acc@1: 0.00, Acc@5: 28.75
2025-06-13 13:31:29,423 - log - INFO - iter:100/8100, clip_acc1=12.0, tta_acc1=0.0
2025-06-13 13:31:29,423 - log - INFO - iter:100/8100, Original Acc@1: 12.00, Acc@5: 65.00, TTA Acc@1: 0.00, Acc@5: 30.00
2025-06-13 13:32:22,648 - log - INFO - iter:120/8100, clip_acc1=12.500000953674316, tta_acc1=0.0
2025-06-13 13:32:22,648 - log - INFO - iter:120/8100, Original Acc@1: 12.50, Acc@5: 65.83, TTA Acc@1: 0.00, Acc@5: 32.50
2025-06-13 13:33:15,650 - log - INFO - iter:140/8100, clip_acc1=14.285714149475098, tta_acc1=0.0
2025-06-13 13:33:15,650 - log - INFO - iter:140/8100, Original Acc@1: 14.29, Acc@5: 68.57, TTA Acc@1: 0.00, Acc@5: 33.57
2025-06-13 13:34:08,979 - log - INFO - iter:160/8100, clip_acc1=14.375, tta_acc1=0.0
2025-06-13 13:34:08,980 - log - INFO - iter:160/8100, Original Acc@1: 14.38, Acc@5: 69.38, TTA Acc@1: 0.00, Acc@5: 37.50
2025-06-13 13:35:01,985 - log - INFO - iter:180/8100, clip_acc1=14.44444465637207, tta_acc1=0.0
2025-06-13 13:35:01,985 - log - INFO - iter:180/8100, Original Acc@1: 14.44, Acc@5: 69.44, TTA Acc@1: 0.00, Acc@5: 38.33
2025-06-13 13:35:54,917 - log - INFO - iter:200/8100, clip_acc1=16.0, tta_acc1=0.0
2025-06-13 13:35:54,917 - log - INFO - iter:200/8100, Original Acc@1: 16.00, Acc@5: 72.00, TTA Acc@1: 0.00, Acc@5: 41.00
2025-06-13 13:36:47,925 - log - INFO - iter:220/8100, clip_acc1=14.545454025268555, tta_acc1=0.0
2025-06-13 13:36:47,925 - log - INFO - iter:220/8100, Original Acc@1: 14.55, Acc@5: 71.36, TTA Acc@1: 0.00, Acc@5: 40.91
2025-06-13 13:37:40,872 - log - INFO - iter:240/8100, clip_acc1=14.166666984558105, tta_acc1=0.0
2025-06-13 13:37:40,872 - log - INFO - iter:240/8100, Original Acc@1: 14.17, Acc@5: 70.00, TTA Acc@1: 0.00, Acc@5: 38.75
2025-06-13 13:38:33,764 - log - INFO - iter:260/8100, clip_acc1=13.461538314819336, tta_acc1=0.0
2025-06-13 13:38:33,764 - log - INFO - iter:260/8100, Original Acc@1: 13.46, Acc@5: 70.38, TTA Acc@1: 0.00, Acc@5: 39.23
2025-06-13 13:39:26,853 - log - INFO - iter:280/8100, clip_acc1=13.214285850524902, tta_acc1=0.0
2025-06-13 13:39:26,853 - log - INFO - iter:280/8100, Original Acc@1: 13.21, Acc@5: 70.00, TTA Acc@1: 0.00, Acc@5: 40.36
2025-06-13 13:40:24,590 - log - INFO - iter:300/8100, clip_acc1=13.666666984558105, tta_acc1=0.0
2025-06-13 13:40:24,591 - log - INFO - iter:300/8100, Original Acc@1: 13.67, Acc@5: 70.33, TTA Acc@1: 0.00, Acc@5: 41.67
2025-06-13 13:41:17,503 - log - INFO - iter:320/8100, clip_acc1=14.0625, tta_acc1=0.0
2025-06-13 13:41:17,503 - log - INFO - iter:320/8100, Original Acc@1: 14.06, Acc@5: 70.62, TTA Acc@1: 0.00, Acc@5: 41.88
2025-06-13 13:42:10,666 - log - INFO - iter:340/8100, clip_acc1=14.411765098571777, tta_acc1=0.0
2025-06-13 13:42:10,666 - log - INFO - iter:340/8100, Original Acc@1: 14.41, Acc@5: 70.59, TTA Acc@1: 0.00, Acc@5: 41.76
2025-06-13 13:43:03,695 - log - INFO - iter:360/8100, clip_acc1=13.88888931274414, tta_acc1=0.0
2025-06-13 13:43:03,696 - log - INFO - iter:360/8100, Original Acc@1: 13.89, Acc@5: 69.72, TTA Acc@1: 0.00, Acc@5: 40.28
2025-06-13 13:43:56,694 - log - INFO - iter:380/8100, clip_acc1=14.73684310913086, tta_acc1=0.0
2025-06-13 13:43:56,694 - log - INFO - iter:380/8100, Original Acc@1: 14.74, Acc@5: 70.26, TTA Acc@1: 0.00, Acc@5: 40.79
2025-06-13 13:44:49,732 - log - INFO - iter:400/8100, clip_acc1=15.0, tta_acc1=0.0
2025-06-13 13:44:49,733 - log - INFO - iter:400/8100, Original Acc@1: 15.00, Acc@5: 70.25, TTA Acc@1: 0.00, Acc@5: 41.00
2025-06-13 13:45:42,673 - log - INFO - iter:420/8100, clip_acc1=15.000000953674316, tta_acc1=0.0
2025-06-13 13:45:42,673 - log - INFO - iter:420/8100, Original Acc@1: 15.00, Acc@5: 69.76, TTA Acc@1: 0.00, Acc@5: 40.24
2025-06-13 13:46:35,653 - log - INFO - iter:440/8100, clip_acc1=15.454545021057129, tta_acc1=0.0
2025-06-13 13:46:35,653 - log - INFO - iter:440/8100, Original Acc@1: 15.45, Acc@5: 69.55, TTA Acc@1: 0.00, Acc@5: 40.23
2025-06-13 13:47:28,707 - log - INFO - iter:460/8100, clip_acc1=15.434782028198242, tta_acc1=0.0
2025-06-13 13:47:28,707 - log - INFO - iter:460/8100, Original Acc@1: 15.43, Acc@5: 69.78, TTA Acc@1: 0.00, Acc@5: 40.87
2025-06-13 13:48:21,686 - log - INFO - iter:480/8100, clip_acc1=16.041667938232422, tta_acc1=0.0
2025-06-13 13:48:21,686 - log - INFO - iter:480/8100, Original Acc@1: 16.04, Acc@5: 69.38, TTA Acc@1: 0.00, Acc@5: 40.83
2025-06-13 13:49:14,792 - log - INFO - iter:500/8100, clip_acc1=16.400001525878906, tta_acc1=0.0
2025-06-13 13:49:14,793 - log - INFO - iter:500/8100, Original Acc@1: 16.40, Acc@5: 69.20, TTA Acc@1: 0.00, Acc@5: 40.60
2025-06-13 13:50:07,943 - log - INFO - iter:520/8100, clip_acc1=16.153846740722656, tta_acc1=0.0
2025-06-13 13:50:07,943 - log - INFO - iter:520/8100, Original Acc@1: 16.15, Acc@5: 69.04, TTA Acc@1: 0.00, Acc@5: 40.77
2025-06-13 13:51:00,916 - log - INFO - iter:540/8100, clip_acc1=15.925925254821777, tta_acc1=0.0
2025-06-13 13:51:00,916 - log - INFO - iter:540/8100, Original Acc@1: 15.93, Acc@5: 68.89, TTA Acc@1: 0.00, Acc@5: 40.74
2025-06-13 13:51:53,970 - log - INFO - iter:560/8100, clip_acc1=15.714285850524902, tta_acc1=0.0
2025-06-13 13:51:53,971 - log - INFO - iter:560/8100, Original Acc@1: 15.71, Acc@5: 68.57, TTA Acc@1: 0.00, Acc@5: 40.18
2025-06-13 13:52:46,970 - log - INFO - iter:580/8100, clip_acc1=16.20689582824707, tta_acc1=0.0
2025-06-13 13:52:46,971 - log - INFO - iter:580/8100, Original Acc@1: 16.21, Acc@5: 69.14, TTA Acc@1: 0.00, Acc@5: 40.86
2025-06-13 13:53:40,123 - log - INFO - iter:600/8100, clip_acc1=16.166667938232422, tta_acc1=0.0
2025-06-13 13:53:40,123 - log - INFO - iter:600/8100, Original Acc@1: 16.17, Acc@5: 69.67, TTA Acc@1: 0.00, Acc@5: 41.50
2025-06-13 13:54:33,035 - log - INFO - iter:620/8100, clip_acc1=16.129032135009766, tta_acc1=0.0
2025-06-13 13:54:33,035 - log - INFO - iter:620/8100, Original Acc@1: 16.13, Acc@5: 69.52, TTA Acc@1: 0.00, Acc@5: 41.29
2025-06-13 13:55:26,091 - log - INFO - iter:640/8100, clip_acc1=15.9375, tta_acc1=0.0
2025-06-13 13:55:26,092 - log - INFO - iter:640/8100, Original Acc@1: 15.94, Acc@5: 69.53, TTA Acc@1: 0.00, Acc@5: 40.94
2025-06-13 13:56:19,128 - log - INFO - iter:660/8100, clip_acc1=16.212120056152344, tta_acc1=0.0
2025-06-13 13:56:19,128 - log - INFO - iter:660/8100, Original Acc@1: 16.21, Acc@5: 69.39, TTA Acc@1: 0.00, Acc@5: 41.06
2025-06-13 13:57:12,010 - log - INFO - iter:680/8100, clip_acc1=16.176471710205078, tta_acc1=0.0
2025-06-13 13:57:12,010 - log - INFO - iter:680/8100, Original Acc@1: 16.18, Acc@5: 69.56, TTA Acc@1: 0.00, Acc@5: 41.32
2025-06-13 13:58:04,983 - log - INFO - iter:700/8100, clip_acc1=16.571428298950195, tta_acc1=0.1428571343421936
2025-06-13 13:58:04,983 - log - INFO - iter:700/8100, Original Acc@1: 16.57, Acc@5: 69.71, TTA Acc@1: 0.14, Acc@5: 41.43
2025-06-13 13:58:57,894 - log - INFO - iter:720/8100, clip_acc1=16.80555534362793, tta_acc1=0.1388888955116272
2025-06-13 13:58:57,894 - log - INFO - iter:720/8100, Original Acc@1: 16.81, Acc@5: 70.42, TTA Acc@1: 0.14, Acc@5: 41.94
2025-06-13 13:59:50,868 - log - INFO - iter:740/8100, clip_acc1=16.62162208557129, tta_acc1=0.13513514399528503
2025-06-13 13:59:50,868 - log - INFO - iter:740/8100, Original Acc@1: 16.62, Acc@5: 70.14, TTA Acc@1: 0.14, Acc@5: 41.62
2025-06-13 14:00:43,921 - log - INFO - iter:760/8100, clip_acc1=16.3157901763916, tta_acc1=0.1315789520740509
2025-06-13 14:00:43,921 - log - INFO - iter:760/8100, Original Acc@1: 16.32, Acc@5: 69.34, TTA Acc@1: 0.13, Acc@5: 40.92
2025-06-13 14:01:36,815 - log - INFO - iter:780/8100, clip_acc1=16.28205108642578, tta_acc1=0.12820513546466827
2025-06-13 14:01:36,815 - log - INFO - iter:780/8100, Original Acc@1: 16.28, Acc@5: 68.97, TTA Acc@1: 0.13, Acc@5: 40.51
2025-06-13 14:02:29,715 - log - INFO - iter:800/8100, clip_acc1=16.375, tta_acc1=0.125
2025-06-13 14:02:29,715 - log - INFO - iter:800/8100, Original Acc@1: 16.38, Acc@5: 69.25, TTA Acc@1: 0.12, Acc@5: 40.50
2025-06-13 14:03:22,818 - log - INFO - iter:820/8100, clip_acc1=16.707317352294922, tta_acc1=0.12195122241973877
2025-06-13 14:03:22,818 - log - INFO - iter:820/8100, Original Acc@1: 16.71, Acc@5: 69.27, TTA Acc@1: 0.12, Acc@5: 40.37
2025-06-13 14:04:15,959 - log - INFO - iter:840/8100, clip_acc1=16.666667938232422, tta_acc1=0.1190476268529892
2025-06-13 14:04:15,959 - log - INFO - iter:840/8100, Original Acc@1: 16.67, Acc@5: 68.93, TTA Acc@1: 0.12, Acc@5: 40.60
2025-06-13 14:05:08,948 - log - INFO - iter:860/8100, clip_acc1=16.395349502563477, tta_acc1=0.11627906560897827
2025-06-13 14:05:08,948 - log - INFO - iter:860/8100, Original Acc@1: 16.40, Acc@5: 68.84, TTA Acc@1: 0.12, Acc@5: 40.58
2025-06-13 14:06:01,914 - log - INFO - iter:880/8100, clip_acc1=16.363636016845703, tta_acc1=0.11363635957241058
2025-06-13 14:06:01,914 - log - INFO - iter:880/8100, Original Acc@1: 16.36, Acc@5: 68.52, TTA Acc@1: 0.11, Acc@5: 40.68
2025-06-13 14:06:54,888 - log - INFO - iter:900/8100, clip_acc1=16.55555534362793, tta_acc1=0.1111111119389534
2025-06-13 14:06:54,889 - log - INFO - iter:900/8100, Original Acc@1: 16.56, Acc@5: 68.56, TTA Acc@1: 0.11, Acc@5: 40.67
2025-06-13 14:07:47,885 - log - INFO - iter:920/8100, clip_acc1=16.30434799194336, tta_acc1=0.32608693838119507
2025-06-13 14:07:47,885 - log - INFO - iter:920/8100, Original Acc@1: 16.30, Acc@5: 68.26, TTA Acc@1: 0.33, Acc@5: 41.85
2025-06-13 14:08:41,007 - log - INFO - iter:940/8100, clip_acc1=16.276596069335938, tta_acc1=0.42553189396858215
2025-06-13 14:08:41,007 - log - INFO - iter:940/8100, Original Acc@1: 16.28, Acc@5: 68.19, TTA Acc@1: 0.43, Acc@5: 42.87
2025-06-13 14:09:33,948 - log - INFO - iter:960/8100, clip_acc1=15.937500953674316, tta_acc1=0.8333333730697632
2025-06-13 14:09:33,948 - log - INFO - iter:960/8100, Original Acc@1: 15.94, Acc@5: 67.81, TTA Acc@1: 0.83, Acc@5: 43.54
2025-06-13 14:10:26,751 - log - INFO - iter:980/8100, clip_acc1=15.612244606018066, tta_acc1=0.8163264989852905
2025-06-13 14:10:26,751 - log - INFO - iter:980/8100, Original Acc@1: 15.61, Acc@5: 67.45, TTA Acc@1: 0.82, Acc@5: 44.59
2025-06-13 14:11:19,711 - log - INFO - iter:1000/8100, clip_acc1=15.40000057220459, tta_acc1=0.800000011920929
2025-06-13 14:11:19,711 - log - INFO - iter:1000/8100, Original Acc@1: 15.40, Acc@5: 66.80, TTA Acc@1: 0.80, Acc@5: 45.70
2025-06-13 14:12:12,751 - log - INFO - iter:1020/8100, clip_acc1=15.392157554626465, tta_acc1=0.9803922176361084
2025-06-13 14:12:12,751 - log - INFO - iter:1020/8100, Original Acc@1: 15.39, Acc@5: 66.47, TTA Acc@1: 0.98, Acc@5: 46.76
2025-06-13 14:13:07,148 - log - INFO - iter:1040/8100, clip_acc1=15.288461685180664, tta_acc1=1.25
2025-06-13 14:13:07,148 - log - INFO - iter:1040/8100, Original Acc@1: 15.29, Acc@5: 66.44, TTA Acc@1: 1.25, Acc@5: 47.60
2025-06-13 14:14:00,168 - log - INFO - iter:1060/8100, clip_acc1=15.094339370727539, tta_acc1=1.2264151573181152
2025-06-13 14:14:00,168 - log - INFO - iter:1060/8100, Original Acc@1: 15.09, Acc@5: 65.94, TTA Acc@1: 1.23, Acc@5: 48.21
2025-06-13 14:14:52,925 - log - INFO - iter:1080/8100, clip_acc1=14.9074068069458, tta_acc1=1.296296238899231
2025-06-13 14:14:52,925 - log - INFO - iter:1080/8100, Original Acc@1: 14.91, Acc@5: 65.83, TTA Acc@1: 1.30, Acc@5: 49.17
2025-06-13 14:15:46,142 - log - INFO - iter:1100/8100, clip_acc1=14.818181991577148, tta_acc1=1.454545497894287
2025-06-13 14:15:46,142 - log - INFO - iter:1100/8100, Original Acc@1: 14.82, Acc@5: 65.82, TTA Acc@1: 1.45, Acc@5: 50.09
2025-06-13 14:16:39,072 - log - INFO - iter:1120/8100, clip_acc1=14.553571701049805, tta_acc1=1.875
2025-06-13 14:16:39,073 - log - INFO - iter:1120/8100, Original Acc@1: 14.55, Acc@5: 65.71, TTA Acc@1: 1.88, Acc@5: 50.98
2025-06-13 14:17:32,110 - log - INFO - iter:1140/8100, clip_acc1=14.473684310913086, tta_acc1=1.9298245906829834
2025-06-13 14:17:32,111 - log - INFO - iter:1140/8100, Original Acc@1: 14.47, Acc@5: 65.35, TTA Acc@1: 1.93, Acc@5: 51.40
2025-06-13 14:18:25,062 - log - INFO - iter:1160/8100, clip_acc1=14.310344696044922, tta_acc1=2.155172348022461
2025-06-13 14:18:25,063 - log - INFO - iter:1160/8100, Original Acc@1: 14.31, Acc@5: 65.09, TTA Acc@1: 2.16, Acc@5: 51.98
2025-06-13 14:19:18,155 - log - INFO - iter:1180/8100, clip_acc1=14.06779670715332, tta_acc1=2.288135528564453
2025-06-13 14:19:18,155 - log - INFO - iter:1180/8100, Original Acc@1: 14.07, Acc@5: 64.92, TTA Acc@1: 2.29, Acc@5: 52.63
2025-06-13 14:20:10,988 - log - INFO - iter:1200/8100, clip_acc1=14.166666984558105, tta_acc1=2.3333334922790527
2025-06-13 14:20:10,988 - log - INFO - iter:1200/8100, Original Acc@1: 14.17, Acc@5: 65.17, TTA Acc@1: 2.33, Acc@5: 53.17
2025-06-13 14:21:04,015 - log - INFO - iter:1220/8100, clip_acc1=14.016393661499023, tta_acc1=2.5409836769104004
2025-06-13 14:21:04,015 - log - INFO - iter:1220/8100, Original Acc@1: 14.02, Acc@5: 65.08, TTA Acc@1: 2.54, Acc@5: 53.85
2025-06-13 14:21:57,171 - log - INFO - iter:1240/8100, clip_acc1=13.870967864990234, tta_acc1=2.9032256603240967
2025-06-13 14:21:57,171 - log - INFO - iter:1240/8100, Original Acc@1: 13.87, Acc@5: 64.84, TTA Acc@1: 2.90, Acc@5: 54.52
2025-06-13 14:22:50,098 - log - INFO - iter:1260/8100, clip_acc1=13.809523582458496, tta_acc1=3.0158729553222656
2025-06-13 14:22:50,098 - log - INFO - iter:1260/8100, Original Acc@1: 13.81, Acc@5: 64.76, TTA Acc@1: 3.02, Acc@5: 55.16
2025-06-13 14:23:42,996 - log - INFO - iter:1280/8100, clip_acc1=13.59375, tta_acc1=3.046875
2025-06-13 14:23:42,996 - log - INFO - iter:1280/8100, Original Acc@1: 13.59, Acc@5: 64.53, TTA Acc@1: 3.05, Acc@5: 55.86
2025-06-13 14:24:36,089 - log - INFO - iter:1300/8100, clip_acc1=13.384614944458008, tta_acc1=3.153846263885498
2025-06-13 14:24:36,089 - log - INFO - iter:1300/8100, Original Acc@1: 13.38, Acc@5: 64.31, TTA Acc@1: 3.15, Acc@5: 56.31
2025-06-13 14:25:29,001 - log - INFO - iter:1320/8100, clip_acc1=13.181818008422852, tta_acc1=3.10606050491333
2025-06-13 14:25:29,001 - log - INFO - iter:1320/8100, Original Acc@1: 13.18, Acc@5: 64.02, TTA Acc@1: 3.11, Acc@5: 56.67
2025-06-13 14:26:21,871 - log - INFO - iter:1340/8100, clip_acc1=13.134328842163086, tta_acc1=3.2835822105407715
2025-06-13 14:26:21,872 - log - INFO - iter:1340/8100, Original Acc@1: 13.13, Acc@5: 63.88, TTA Acc@1: 3.28, Acc@5: 57.24
2025-06-13 14:27:14,888 - log - INFO - iter:1360/8100, clip_acc1=13.0147066116333, tta_acc1=3.3823530673980713
2025-06-13 14:27:14,888 - log - INFO - iter:1360/8100, Original Acc@1: 13.01, Acc@5: 63.97, TTA Acc@1: 3.38, Acc@5: 57.72
2025-06-13 14:28:07,671 - log - INFO - iter:1380/8100, clip_acc1=12.898550987243652, tta_acc1=3.405797243118286
2025-06-13 14:28:07,671 - log - INFO - iter:1380/8100, Original Acc@1: 12.90, Acc@5: 63.55, TTA Acc@1: 3.41, Acc@5: 58.26
2025-06-13 14:29:00,633 - log - INFO - iter:1400/8100, clip_acc1=12.714285850524902, tta_acc1=3.357142925262451
2025-06-13 14:29:00,633 - log - INFO - iter:1400/8100, Original Acc@1: 12.71, Acc@5: 63.57, TTA Acc@1: 3.36, Acc@5: 58.86
2025-06-13 14:29:53,634 - log - INFO - iter:1420/8100, clip_acc1=12.535210609436035, tta_acc1=3.6619718074798584
2025-06-13 14:29:53,635 - log - INFO - iter:1420/8100, Original Acc@1: 12.54, Acc@5: 63.52, TTA Acc@1: 3.66, Acc@5: 59.30
2025-06-13 14:30:46,735 - log - INFO - iter:1440/8100, clip_acc1=12.430556297302246, tta_acc1=3.680555582046509
2025-06-13 14:30:46,736 - log - INFO - iter:1440/8100, Original Acc@1: 12.43, Acc@5: 63.19, TTA Acc@1: 3.68, Acc@5: 59.58
2025-06-13 14:31:39,468 - log - INFO - iter:1460/8100, clip_acc1=12.260273933410645, tta_acc1=3.6301369667053223
2025-06-13 14:31:39,468 - log - INFO - iter:1460/8100, Original Acc@1: 12.26, Acc@5: 62.67, TTA Acc@1: 3.63, Acc@5: 60.14
2025-06-13 14:32:32,325 - log - INFO - iter:1480/8100, clip_acc1=12.162162780761719, tta_acc1=3.648648738861084
2025-06-13 14:32:32,325 - log - INFO - iter:1480/8100, Original Acc@1: 12.16, Acc@5: 62.50, TTA Acc@1: 3.65, Acc@5: 60.68
2025-06-13 14:33:25,492 - log - INFO - iter:1500/8100, clip_acc1=12.0, tta_acc1=3.7333333492279053
2025-06-13 14:33:25,493 - log - INFO - iter:1500/8100, Original Acc@1: 12.00, Acc@5: 62.33, TTA Acc@1: 3.73, Acc@5: 61.00
2025-06-13 14:34:18,416 - log - INFO - iter:1520/8100, clip_acc1=11.9078950881958, tta_acc1=3.8157896995544434
2025-06-13 14:34:18,416 - log - INFO - iter:1520/8100, Original Acc@1: 11.91, Acc@5: 62.50, TTA Acc@1: 3.82, Acc@5: 61.51
2025-06-13 14:35:11,259 - log - INFO - iter:1540/8100, clip_acc1=11.818181991577148, tta_acc1=3.896103858947754
2025-06-13 14:35:11,259 - log - INFO - iter:1540/8100, Original Acc@1: 11.82, Acc@5: 62.40, TTA Acc@1: 3.90, Acc@5: 62.01
2025-06-13 14:36:04,076 - log - INFO - iter:1560/8100, clip_acc1=11.794872283935547, tta_acc1=3.9102566242218018
2025-06-13 14:36:04,076 - log - INFO - iter:1560/8100, Original Acc@1: 11.79, Acc@5: 62.63, TTA Acc@1: 3.91, Acc@5: 62.50
2025-06-13 14:36:57,350 - log - INFO - iter:1580/8100, clip_acc1=11.772151947021484, tta_acc1=3.9240505695343018
2025-06-13 14:36:57,351 - log - INFO - iter:1580/8100, Original Acc@1: 11.77, Acc@5: 62.66, TTA Acc@1: 3.92, Acc@5: 62.78
2025-06-13 14:37:53,727 - log - INFO - iter:1600/8100, clip_acc1=11.625, tta_acc1=3.9375
2025-06-13 14:37:53,727 - log - INFO - iter:1600/8100, Original Acc@1: 11.62, Acc@5: 62.75, TTA Acc@1: 3.94, Acc@5: 63.19
2025-06-13 14:38:46,764 - log - INFO - iter:1620/8100, clip_acc1=11.604938507080078, tta_acc1=3.8888890743255615
2025-06-13 14:38:46,764 - log - INFO - iter:1620/8100, Original Acc@1: 11.60, Acc@5: 62.72, TTA Acc@1: 3.89, Acc@5: 63.58
2025-06-13 14:39:39,685 - log - INFO - iter:1640/8100, clip_acc1=11.52439022064209, tta_acc1=3.9634146690368652
2025-06-13 14:39:39,685 - log - INFO - iter:1640/8100, Original Acc@1: 11.52, Acc@5: 62.50, TTA Acc@1: 3.96, Acc@5: 63.84
2025-06-13 14:40:33,046 - log - INFO - iter:1660/8100, clip_acc1=11.566265106201172, tta_acc1=4.036144733428955
2025-06-13 14:40:33,047 - log - INFO - iter:1660/8100, Original Acc@1: 11.57, Acc@5: 62.41, TTA Acc@1: 4.04, Acc@5: 64.10
2025-06-13 14:41:25,856 - log - INFO - iter:1680/8100, clip_acc1=11.4880952835083, tta_acc1=4.107142925262451
2025-06-13 14:41:25,856 - log - INFO - iter:1680/8100, Original Acc@1: 11.49, Acc@5: 62.32, TTA Acc@1: 4.11, Acc@5: 64.52
2025-06-13 14:42:18,747 - log - INFO - iter:1700/8100, clip_acc1=11.470587730407715, tta_acc1=4.11764669418335
2025-06-13 14:42:18,747 - log - INFO - iter:1700/8100, Original Acc@1: 11.47, Acc@5: 62.18, TTA Acc@1: 4.12, Acc@5: 64.94
2025-06-13 14:43:11,770 - log - INFO - iter:1720/8100, clip_acc1=11.337209701538086, tta_acc1=4.186046600341797
2025-06-13 14:43:11,771 - log - INFO - iter:1720/8100, Original Acc@1: 11.34, Acc@5: 62.21, TTA Acc@1: 4.19, Acc@5: 65.29
2025-06-13 14:44:04,724 - log - INFO - iter:1740/8100, clip_acc1=11.321839332580566, tta_acc1=4.252873420715332
2025-06-13 14:44:04,725 - log - INFO - iter:1740/8100, Original Acc@1: 11.32, Acc@5: 62.18, TTA Acc@1: 4.25, Acc@5: 65.69
2025-06-13 14:44:57,785 - log - INFO - iter:1760/8100, clip_acc1=11.306818008422852, tta_acc1=4.261363506317139
2025-06-13 14:44:57,785 - log - INFO - iter:1760/8100, Original Acc@1: 11.31, Acc@5: 62.05, TTA Acc@1: 4.26, Acc@5: 65.97
2025-06-13 14:45:50,721 - log - INFO - iter:1780/8100, clip_acc1=11.17977523803711, tta_acc1=4.32584285736084
2025-06-13 14:45:50,722 - log - INFO - iter:1780/8100, Original Acc@1: 11.18, Acc@5: 61.85, TTA Acc@1: 4.33, Acc@5: 66.29
2025-06-13 14:46:43,559 - log - INFO - iter:1800/8100, clip_acc1=11.166666984558105, tta_acc1=4.333333492279053
2025-06-13 14:46:43,560 - log - INFO - iter:1800/8100, Original Acc@1: 11.17, Acc@5: 61.89, TTA Acc@1: 4.33, Acc@5: 66.56
2025-06-13 14:47:36,477 - log - INFO - iter:1820/8100, clip_acc1=11.043956756591797, tta_acc1=4.285714626312256
2025-06-13 14:47:36,477 - log - INFO - iter:1820/8100, Original Acc@1: 11.04, Acc@5: 61.48, TTA Acc@1: 4.29, Acc@5: 66.10
2025-06-13 14:48:29,336 - log - INFO - iter:1840/8100, clip_acc1=10.92391300201416, tta_acc1=4.239130020141602
2025-06-13 14:48:29,336 - log - INFO - iter:1840/8100, Original Acc@1: 10.92, Acc@5: 61.03, TTA Acc@1: 4.24, Acc@5: 65.60
2025-06-13 14:49:23,316 - log - INFO - iter:1860/8100, clip_acc1=10.806451797485352, tta_acc1=4.247312068939209
2025-06-13 14:49:23,316 - log - INFO - iter:1860/8100, Original Acc@1: 10.81, Acc@5: 60.59, TTA Acc@1: 4.25, Acc@5: 65.16
2025-06-13 14:50:16,237 - log - INFO - iter:1880/8100, clip_acc1=10.691489219665527, tta_acc1=4.202127456665039
2025-06-13 14:50:16,237 - log - INFO - iter:1880/8100, Original Acc@1: 10.69, Acc@5: 60.21, TTA Acc@1: 4.20, Acc@5: 64.57
2025-06-13 14:51:09,168 - log - INFO - iter:1900/8100, clip_acc1=10.578947067260742, tta_acc1=4.157894611358643
2025-06-13 14:51:09,168 - log - INFO - iter:1900/8100, Original Acc@1: 10.58, Acc@5: 59.74, TTA Acc@1: 4.16, Acc@5: 64.16
2025-06-13 14:52:02,185 - log - INFO - iter:1920/8100, clip_acc1=10.468750953674316, tta_acc1=4.114583492279053
2025-06-13 14:52:02,185 - log - INFO - iter:1920/8100, Original Acc@1: 10.47, Acc@5: 59.38, TTA Acc@1: 4.11, Acc@5: 63.91
2025-06-13 14:52:55,346 - log - INFO - iter:1940/8100, clip_acc1=10.360825538635254, tta_acc1=4.072165012359619
2025-06-13 14:52:55,346 - log - INFO - iter:1940/8100, Original Acc@1: 10.36, Acc@5: 59.02, TTA Acc@1: 4.07, Acc@5: 63.51
2025-06-13 14:53:48,248 - log - INFO - iter:1960/8100, clip_acc1=10.255101203918457, tta_acc1=4.030611991882324
2025-06-13 14:53:48,248 - log - INFO - iter:1960/8100, Original Acc@1: 10.26, Acc@5: 58.57, TTA Acc@1: 4.03, Acc@5: 63.27
2025-06-13 14:54:41,112 - log - INFO - iter:1980/8100, clip_acc1=10.15151596069336, tta_acc1=3.989899158477783
2025-06-13 14:54:41,112 - log - INFO - iter:1980/8100, Original Acc@1: 10.15, Acc@5: 58.23, TTA Acc@1: 3.99, Acc@5: 62.73
2025-06-13 14:55:36,556 - log - INFO - iter:2000/8100, clip_acc1=10.050000190734863, tta_acc1=3.950000286102295
2025-06-13 14:55:36,556 - log - INFO - iter:2000/8100, Original Acc@1: 10.05, Acc@5: 57.95, TTA Acc@1: 3.95, Acc@5: 62.55
2025-06-13 14:56:29,507 - log - INFO - iter:2020/8100, clip_acc1=9.950495719909668, tta_acc1=3.91089129447937
2025-06-13 14:56:29,508 - log - INFO - iter:2020/8100, Original Acc@1: 9.95, Acc@5: 57.52, TTA Acc@1: 3.91, Acc@5: 62.13
2025-06-13 14:57:22,458 - log - INFO - iter:2040/8100, clip_acc1=9.852941513061523, tta_acc1=3.872549295425415
2025-06-13 14:57:22,459 - log - INFO - iter:2040/8100, Original Acc@1: 9.85, Acc@5: 57.30, TTA Acc@1: 3.87, Acc@5: 61.86
2025-06-13 14:58:15,349 - log - INFO - iter:2060/8100, clip_acc1=9.757281303405762, tta_acc1=3.834951639175415
2025-06-13 14:58:15,349 - log - INFO - iter:2060/8100, Original Acc@1: 9.76, Acc@5: 57.14, TTA Acc@1: 3.83, Acc@5: 61.75
2025-06-13 14:59:08,280 - log - INFO - iter:2080/8100, clip_acc1=9.663461685180664, tta_acc1=3.798076868057251
2025-06-13 14:59:08,280 - log - INFO - iter:2080/8100, Original Acc@1: 9.66, Acc@5: 56.83, TTA Acc@1: 3.80, Acc@5: 61.39
2025-06-13 15:00:01,147 - log - INFO - iter:2100/8100, clip_acc1=9.571428298950195, tta_acc1=3.761904716491699
2025-06-13 15:00:01,147 - log - INFO - iter:2100/8100, Original Acc@1: 9.57, Acc@5: 56.43, TTA Acc@1: 3.76, Acc@5: 60.95
2025-06-13 15:00:54,080 - log - INFO - iter:2120/8100, clip_acc1=9.481132507324219, tta_acc1=3.7264151573181152
2025-06-13 15:00:54,080 - log - INFO - iter:2120/8100, Original Acc@1: 9.48, Acc@5: 56.13, TTA Acc@1: 3.73, Acc@5: 60.57
2025-06-13 15:01:47,092 - log - INFO - iter:2140/8100, clip_acc1=9.392523765563965, tta_acc1=3.691588878631592
2025-06-13 15:01:47,092 - log - INFO - iter:2140/8100, Original Acc@1: 9.39, Acc@5: 55.79, TTA Acc@1: 3.69, Acc@5: 60.37
2025-06-13 15:02:40,181 - log - INFO - iter:2160/8100, clip_acc1=9.30555534362793, tta_acc1=3.657407283782959
2025-06-13 15:02:40,182 - log - INFO - iter:2160/8100, Original Acc@1: 9.31, Acc@5: 55.65, TTA Acc@1: 3.66, Acc@5: 60.05
2025-06-13 15:03:33,225 - log - INFO - iter:2180/8100, clip_acc1=9.220183372497559, tta_acc1=3.6238532066345215
2025-06-13 15:03:33,225 - log - INFO - iter:2180/8100, Original Acc@1: 9.22, Acc@5: 55.46, TTA Acc@1: 3.62, Acc@5: 59.86
2025-06-13 15:04:26,290 - log - INFO - iter:2200/8100, clip_acc1=9.136363983154297, tta_acc1=3.590909004211426
2025-06-13 15:04:26,290 - log - INFO - iter:2200/8100, Original Acc@1: 9.14, Acc@5: 55.18, TTA Acc@1: 3.59, Acc@5: 59.55
2025-06-13 15:05:19,252 - log - INFO - iter:2220/8100, clip_acc1=9.054054260253906, tta_acc1=3.558558702468872
2025-06-13 15:05:19,252 - log - INFO - iter:2220/8100, Original Acc@1: 9.05, Acc@5: 54.86, TTA Acc@1: 3.56, Acc@5: 59.23
2025-06-13 15:06:12,242 - log - INFO - iter:2240/8100, clip_acc1=8.973214149475098, tta_acc1=3.5267858505249023
2025-06-13 15:06:12,242 - log - INFO - iter:2240/8100, Original Acc@1: 8.97, Acc@5: 54.55, TTA Acc@1: 3.53, Acc@5: 59.29
2025-06-13 15:07:05,384 - log - INFO - iter:2260/8100, clip_acc1=8.893805503845215, tta_acc1=3.495575189590454
2025-06-13 15:07:05,384 - log - INFO - iter:2260/8100, Original Acc@1: 8.89, Acc@5: 54.42, TTA Acc@1: 3.50, Acc@5: 59.16
2025-06-13 15:07:58,397 - log - INFO - iter:2280/8100, clip_acc1=8.815789222717285, tta_acc1=3.4649124145507812
2025-06-13 15:07:58,397 - log - INFO - iter:2280/8100, Original Acc@1: 8.82, Acc@5: 54.17, TTA Acc@1: 3.46, Acc@5: 58.95
2025-06-13 15:08:51,329 - log - INFO - iter:2300/8100, clip_acc1=8.739130973815918, tta_acc1=3.4347827434539795
2025-06-13 15:08:51,330 - log - INFO - iter:2300/8100, Original Acc@1: 8.74, Acc@5: 53.87, TTA Acc@1: 3.43, Acc@5: 58.78
2025-06-13 15:09:44,377 - log - INFO - iter:2320/8100, clip_acc1=8.663792610168457, tta_acc1=3.405172348022461
2025-06-13 15:09:44,378 - log - INFO - iter:2320/8100, Original Acc@1: 8.66, Acc@5: 53.49, TTA Acc@1: 3.41, Acc@5: 58.58
2025-06-13 15:10:37,151 - log - INFO - iter:2340/8100, clip_acc1=8.632478713989258, tta_acc1=3.4188034534454346
2025-06-13 15:10:37,151 - log - INFO - iter:2340/8100, Original Acc@1: 8.63, Acc@5: 53.38, TTA Acc@1: 3.42, Acc@5: 58.38
2025-06-13 15:11:30,122 - log - INFO - iter:2360/8100, clip_acc1=8.559322357177734, tta_acc1=3.3898303508758545
2025-06-13 15:11:30,122 - log - INFO - iter:2360/8100, Original Acc@1: 8.56, Acc@5: 53.22, TTA Acc@1: 3.39, Acc@5: 58.22
2025-06-13 15:12:23,133 - log - INFO - iter:2380/8100, clip_acc1=8.487395286560059, tta_acc1=3.4033613204956055
2025-06-13 15:12:23,133 - log - INFO - iter:2380/8100, Original Acc@1: 8.49, Acc@5: 53.07, TTA Acc@1: 3.40, Acc@5: 57.94
2025-06-13 15:13:16,043 - log - INFO - iter:2400/8100, clip_acc1=8.416666984558105, tta_acc1=3.375
2025-06-13 15:13:16,044 - log - INFO - iter:2400/8100, Original Acc@1: 8.42, Acc@5: 52.83, TTA Acc@1: 3.38, Acc@5: 57.71
2025-06-13 15:14:08,862 - log - INFO - iter:2420/8100, clip_acc1=8.347107887268066, tta_acc1=3.347107410430908
2025-06-13 15:14:08,862 - log - INFO - iter:2420/8100, Original Acc@1: 8.35, Acc@5: 52.60, TTA Acc@1: 3.35, Acc@5: 57.48
2025-06-13 15:15:01,808 - log - INFO - iter:2440/8100, clip_acc1=8.278688430786133, tta_acc1=3.3606557846069336
2025-06-13 15:15:01,808 - log - INFO - iter:2440/8100, Original Acc@1: 8.28, Acc@5: 52.38, TTA Acc@1: 3.36, Acc@5: 57.25
2025-06-13 15:15:54,930 - log - INFO - iter:2460/8100, clip_acc1=8.211381912231445, tta_acc1=3.3333332538604736
2025-06-13 15:15:54,931 - log - INFO - iter:2460/8100, Original Acc@1: 8.21, Acc@5: 52.07, TTA Acc@1: 3.33, Acc@5: 56.95
2025-06-13 15:16:47,823 - log - INFO - iter:2480/8100, clip_acc1=8.185483932495117, tta_acc1=3.3064515590667725
2025-06-13 15:16:47,823 - log - INFO - iter:2480/8100, Original Acc@1: 8.19, Acc@5: 51.98, TTA Acc@1: 3.31, Acc@5: 56.81
2025-06-13 15:17:40,768 - log - INFO - iter:2500/8100, clip_acc1=8.119999885559082, tta_acc1=3.2799999713897705
2025-06-13 15:17:40,769 - log - INFO - iter:2500/8100, Original Acc@1: 8.12, Acc@5: 51.84, TTA Acc@1: 3.28, Acc@5: 56.92
2025-06-13 15:18:33,889 - log - INFO - iter:2520/8100, clip_acc1=8.05555534362793, tta_acc1=3.2539682388305664
2025-06-13 15:18:33,889 - log - INFO - iter:2520/8100, Original Acc@1: 8.06, Acc@5: 51.59, TTA Acc@1: 3.25, Acc@5: 56.90
2025-06-13 15:19:26,951 - log - INFO - iter:2540/8100, clip_acc1=7.992125988006592, tta_acc1=3.267716407775879
2025-06-13 15:19:26,951 - log - INFO - iter:2540/8100, Original Acc@1: 7.99, Acc@5: 51.30, TTA Acc@1: 3.27, Acc@5: 56.73
2025-06-13 15:20:19,703 - log - INFO - iter:2560/8100, clip_acc1=7.9296875, tta_acc1=3.2421875
2025-06-13 15:20:19,704 - log - INFO - iter:2560/8100, Original Acc@1: 7.93, Acc@5: 51.05, TTA Acc@1: 3.24, Acc@5: 56.52
2025-06-13 15:21:12,550 - log - INFO - iter:2580/8100, clip_acc1=7.8682169914245605, tta_acc1=3.2170543670654297
2025-06-13 15:21:12,550 - log - INFO - iter:2580/8100, Original Acc@1: 7.87, Acc@5: 51.01, TTA Acc@1: 3.22, Acc@5: 56.24
2025-06-13 15:22:05,836 - log - INFO - iter:2600/8100, clip_acc1=7.807692527770996, tta_acc1=3.192307710647583
2025-06-13 15:22:05,836 - log - INFO - iter:2600/8100, Original Acc@1: 7.81, Acc@5: 50.77, TTA Acc@1: 3.19, Acc@5: 56.04
2025-06-13 15:22:58,622 - log - INFO - iter:2620/8100, clip_acc1=7.748091697692871, tta_acc1=3.1679389476776123
2025-06-13 15:22:58,622 - log - INFO - iter:2620/8100, Original Acc@1: 7.75, Acc@5: 50.61, TTA Acc@1: 3.17, Acc@5: 55.92
2025-06-13 15:23:51,441 - log - INFO - iter:2640/8100, clip_acc1=7.689393520355225, tta_acc1=3.1818180084228516
2025-06-13 15:23:51,441 - log - INFO - iter:2640/8100, Original Acc@1: 7.69, Acc@5: 50.45, TTA Acc@1: 3.18, Acc@5: 55.76
2025-06-13 15:24:44,586 - log - INFO - iter:2660/8100, clip_acc1=7.6315789222717285, tta_acc1=3.1578948497772217
2025-06-13 15:24:44,586 - log - INFO - iter:2660/8100, Original Acc@1: 7.63, Acc@5: 50.30, TTA Acc@1: 3.16, Acc@5: 55.53
2025-06-13 15:25:37,630 - log - INFO - iter:2680/8100, clip_acc1=7.574626922607422, tta_acc1=3.1343283653259277
2025-06-13 15:25:37,630 - log - INFO - iter:2680/8100, Original Acc@1: 7.57, Acc@5: 50.11, TTA Acc@1: 3.13, Acc@5: 55.37
2025-06-13 15:26:31,488 - log - INFO - iter:2700/8100, clip_acc1=7.518518447875977, tta_acc1=3.1111111640930176
2025-06-13 15:26:31,488 - log - INFO - iter:2700/8100, Original Acc@1: 7.52, Acc@5: 49.89, TTA Acc@1: 3.11, Acc@5: 55.19
2025-06-13 15:27:24,723 - log - INFO - iter:2720/8100, clip_acc1=7.683823585510254, tta_acc1=3.4558823108673096
2025-06-13 15:27:24,723 - log - INFO - iter:2720/8100, Original Acc@1: 7.68, Acc@5: 50.11, TTA Acc@1: 3.46, Acc@5: 55.51
2025-06-13 15:28:17,544 - log - INFO - iter:2740/8100, clip_acc1=7.7372260093688965, tta_acc1=3.941605567932129
2025-06-13 15:28:17,544 - log - INFO - iter:2740/8100, Original Acc@1: 7.74, Acc@5: 50.29, TTA Acc@1: 3.94, Acc@5: 55.84
2025-06-13 15:29:10,513 - log - INFO - iter:2760/8100, clip_acc1=7.862318992614746, tta_acc1=4.275362491607666
2025-06-13 15:29:10,513 - log - INFO - iter:2760/8100, Original Acc@1: 7.86, Acc@5: 50.43, TTA Acc@1: 4.28, Acc@5: 56.12
2025-06-13 15:30:03,604 - log - INFO - iter:2780/8100, clip_acc1=8.057554244995117, tta_acc1=4.712230205535889
2025-06-13 15:30:03,604 - log - INFO - iter:2780/8100, Original Acc@1: 8.06, Acc@5: 50.58, TTA Acc@1: 4.71, Acc@5: 56.44
2025-06-13 15:30:56,657 - log - INFO - iter:2800/8100, clip_acc1=8.25, tta_acc1=5.142857074737549
2025-06-13 15:30:56,658 - log - INFO - iter:2800/8100, Original Acc@1: 8.25, Acc@5: 50.71, TTA Acc@1: 5.14, Acc@5: 56.75
2025-06-13 15:31:49,576 - log - INFO - iter:2820/8100, clip_acc1=8.333333015441895, tta_acc1=5.567375659942627
2025-06-13 15:31:49,577 - log - INFO - iter:2820/8100, Original Acc@1: 8.33, Acc@5: 50.92, TTA Acc@1: 5.57, Acc@5: 57.06
2025-06-13 15:32:42,464 - log - INFO - iter:2840/8100, clip_acc1=8.380281448364258, tta_acc1=5.950704097747803
2025-06-13 15:32:42,464 - log - INFO - iter:2840/8100, Original Acc@1: 8.38, Acc@5: 50.95, TTA Acc@1: 5.95, Acc@5: 57.29
2025-06-13 15:33:35,274 - log - INFO - iter:2860/8100, clip_acc1=8.496503829956055, tta_acc1=6.398601531982422
2025-06-13 15:33:35,274 - log - INFO - iter:2860/8100, Original Acc@1: 8.50, Acc@5: 51.15, TTA Acc@1: 6.40, Acc@5: 57.55
2025-06-13 15:34:28,310 - log - INFO - iter:2880/8100, clip_acc1=8.715277671813965, tta_acc1=6.701388835906982
2025-06-13 15:34:28,310 - log - INFO - iter:2880/8100, Original Acc@1: 8.72, Acc@5: 51.32, TTA Acc@1: 6.70, Acc@5: 57.85
2025-06-13 15:35:21,432 - log - INFO - iter:2900/8100, clip_acc1=8.931035041809082, tta_acc1=7.206896781921387
2025-06-13 15:35:21,432 - log - INFO - iter:2900/8100, Original Acc@1: 8.93, Acc@5: 51.52, TTA Acc@1: 7.21, Acc@5: 58.14
2025-06-13 15:36:14,138 - log - INFO - iter:2920/8100, clip_acc1=9.109589576721191, tta_acc1=7.63698673248291
2025-06-13 15:36:14,139 - log - INFO - iter:2920/8100, Original Acc@1: 9.11, Acc@5: 51.61, TTA Acc@1: 7.64, Acc@5: 58.42
2025-06-13 15:37:07,195 - log - INFO - iter:2940/8100, clip_acc1=9.149660110473633, tta_acc1=7.925169944763184
2025-06-13 15:37:07,195 - log - INFO - iter:2940/8100, Original Acc@1: 9.15, Acc@5: 51.73, TTA Acc@1: 7.93, Acc@5: 58.67
2025-06-13 15:38:01,123 - log - INFO - iter:2960/8100, clip_acc1=9.222972869873047, tta_acc1=8.20945930480957
2025-06-13 15:38:01,123 - log - INFO - iter:2960/8100, Original Acc@1: 9.22, Acc@5: 51.96, TTA Acc@1: 8.21, Acc@5: 58.95
2025-06-13 15:38:54,206 - log - INFO - iter:2980/8100, clip_acc1=9.26174545288086, tta_acc1=8.657718658447266
2025-06-13 15:38:54,206 - log - INFO - iter:2980/8100, Original Acc@1: 9.26, Acc@5: 52.15, TTA Acc@1: 8.66, Acc@5: 59.23
2025-06-13 15:39:47,120 - log - INFO - iter:3000/8100, clip_acc1=9.366666793823242, tta_acc1=8.933333396911621
2025-06-13 15:39:47,120 - log - INFO - iter:3000/8100, Original Acc@1: 9.37, Acc@5: 52.30, TTA Acc@1: 8.93, Acc@5: 59.50
2025-06-13 15:40:40,162 - log - INFO - iter:3020/8100, clip_acc1=9.470198631286621, tta_acc1=9.337748527526855
2025-06-13 15:40:40,162 - log - INFO - iter:3020/8100, Original Acc@1: 9.47, Acc@5: 52.48, TTA Acc@1: 9.34, Acc@5: 59.77
2025-06-13 15:41:33,139 - log - INFO - iter:3040/8100, clip_acc1=9.605263710021973, tta_acc1=9.671052932739258
2025-06-13 15:41:33,139 - log - INFO - iter:3040/8100, Original Acc@1: 9.61, Acc@5: 52.57, TTA Acc@1: 9.67, Acc@5: 60.00
2025-06-13 15:42:26,248 - log - INFO - iter:3060/8100, clip_acc1=9.771242141723633, tta_acc1=10.0
2025-06-13 15:42:26,249 - log - INFO - iter:3060/8100, Original Acc@1: 9.77, Acc@5: 52.78, TTA Acc@1: 10.00, Acc@5: 60.26
2025-06-13 15:43:19,130 - log - INFO - iter:3080/8100, clip_acc1=9.805194854736328, tta_acc1=10.324675559997559
2025-06-13 15:43:19,131 - log - INFO - iter:3080/8100, Original Acc@1: 9.81, Acc@5: 52.92, TTA Acc@1: 10.32, Acc@5: 60.49
2025-06-13 15:44:12,064 - log - INFO - iter:3100/8100, clip_acc1=9.870967864990234, tta_acc1=10.709677696228027
2025-06-13 15:44:12,064 - log - INFO - iter:3100/8100, Original Acc@1: 9.87, Acc@5: 53.13, TTA Acc@1: 10.71, Acc@5: 60.74
2025-06-13 15:45:05,044 - log - INFO - iter:3120/8100, clip_acc1=10.0, tta_acc1=10.961539268493652
2025-06-13 15:45:05,044 - log - INFO - iter:3120/8100, Original Acc@1: 10.00, Acc@5: 53.40, TTA Acc@1: 10.96, Acc@5: 60.99
2025-06-13 15:45:57,964 - log - INFO - iter:3140/8100, clip_acc1=10.127388954162598, tta_acc1=11.401273727416992
2025-06-13 15:45:57,965 - log - INFO - iter:3140/8100, Original Acc@1: 10.13, Acc@5: 53.54, TTA Acc@1: 11.40, Acc@5: 61.21
2025-06-13 15:46:53,974 - log - INFO - iter:3160/8100, clip_acc1=10.221519470214844, tta_acc1=11.772151947021484
2025-06-13 15:46:53,975 - log - INFO - iter:3160/8100, Original Acc@1: 10.22, Acc@5: 53.67, TTA Acc@1: 11.77, Acc@5: 61.46
2025-06-13 15:47:47,035 - log - INFO - iter:3180/8100, clip_acc1=10.377358436584473, tta_acc1=12.169811248779297
2025-06-13 15:47:47,035 - log - INFO - iter:3180/8100, Original Acc@1: 10.38, Acc@5: 53.90, TTA Acc@1: 12.17, Acc@5: 61.67
2025-06-13 15:48:39,912 - log - INFO - iter:3200/8100, clip_acc1=10.4375, tta_acc1=12.53125
2025-06-13 15:48:39,913 - log - INFO - iter:3200/8100, Original Acc@1: 10.44, Acc@5: 54.16, TTA Acc@1: 12.53, Acc@5: 61.91
2025-06-13 15:49:32,898 - log - INFO - iter:3220/8100, clip_acc1=10.559005737304688, tta_acc1=12.888198852539062
2025-06-13 15:49:32,898 - log - INFO - iter:3220/8100, Original Acc@1: 10.56, Acc@5: 54.38, TTA Acc@1: 12.89, Acc@5: 62.14
2025-06-13 15:50:25,983 - log - INFO - iter:3240/8100, clip_acc1=10.6790132522583, tta_acc1=13.209877014160156
2025-06-13 15:50:25,983 - log - INFO - iter:3240/8100, Original Acc@1: 10.68, Acc@5: 54.51, TTA Acc@1: 13.21, Acc@5: 62.38
2025-06-13 15:51:18,921 - log - INFO - iter:3260/8100, clip_acc1=10.766871452331543, tta_acc1=13.435583114624023
2025-06-13 15:51:18,921 - log - INFO - iter:3260/8100, Original Acc@1: 10.77, Acc@5: 54.63, TTA Acc@1: 13.44, Acc@5: 62.52
2025-06-13 15:52:11,867 - log - INFO - iter:3280/8100, clip_acc1=10.914633750915527, tta_acc1=13.75
2025-06-13 15:52:11,867 - log - INFO - iter:3280/8100, Original Acc@1: 10.91, Acc@5: 54.79, TTA Acc@1: 13.75, Acc@5: 62.74
2025-06-13 15:53:04,942 - log - INFO - iter:3300/8100, clip_acc1=11.030303001403809, tta_acc1=14.181818008422852
2025-06-13 15:53:04,942 - log - INFO - iter:3300/8100, Original Acc@1: 11.03, Acc@5: 55.03, TTA Acc@1: 14.18, Acc@5: 62.94
2025-06-13 15:53:57,971 - log - INFO - iter:3320/8100, clip_acc1=11.174698829650879, tta_acc1=14.457831382751465
2025-06-13 15:53:57,971 - log - INFO - iter:3320/8100, Original Acc@1: 11.17, Acc@5: 55.21, TTA Acc@1: 14.46, Acc@5: 63.16
2025-06-13 15:54:51,934 - log - INFO - iter:3340/8100, clip_acc1=11.19760513305664, tta_acc1=14.820359230041504
2025-06-13 15:54:51,934 - log - INFO - iter:3340/8100, Original Acc@1: 11.20, Acc@5: 55.33, TTA Acc@1: 14.82, Acc@5: 63.32
2025-06-13 15:55:45,063 - log - INFO - iter:3360/8100, clip_acc1=11.22023868560791, tta_acc1=15.119048118591309
2025-06-13 15:55:45,064 - log - INFO - iter:3360/8100, Original Acc@1: 11.22, Acc@5: 55.42, TTA Acc@1: 15.12, Acc@5: 63.51
2025-06-13 15:56:37,955 - log - INFO - iter:3380/8100, clip_acc1=11.390532493591309, tta_acc1=15.414200782775879
2025-06-13 15:56:37,955 - log - INFO - iter:3380/8100, Original Acc@1: 11.39, Acc@5: 55.53, TTA Acc@1: 15.41, Acc@5: 63.73
2025-06-13 15:57:30,735 - log - INFO - iter:3400/8100, clip_acc1=11.558822631835938, tta_acc1=15.70588207244873
2025-06-13 15:57:30,735 - log - INFO - iter:3400/8100, Original Acc@1: 11.56, Acc@5: 55.76, TTA Acc@1: 15.71, Acc@5: 63.91
2025-06-13 15:58:23,824 - log - INFO - iter:3420/8100, clip_acc1=11.608186721801758, tta_acc1=16.052631378173828
2025-06-13 15:58:23,824 - log - INFO - iter:3420/8100, Original Acc@1: 11.61, Acc@5: 55.85, TTA Acc@1: 16.05, Acc@5: 64.12
2025-06-13 15:59:16,836 - log - INFO - iter:3440/8100, clip_acc1=11.627906799316406, tta_acc1=16.30813980102539
2025-06-13 15:59:16,836 - log - INFO - iter:3440/8100, Original Acc@1: 11.63, Acc@5: 55.84, TTA Acc@1: 16.31, Acc@5: 64.33
2025-06-13 16:00:09,782 - log - INFO - iter:3460/8100, clip_acc1=11.820809364318848, tta_acc1=16.560693740844727
2025-06-13 16:00:09,782 - log - INFO - iter:3460/8100, Original Acc@1: 11.82, Acc@5: 55.95, TTA Acc@1: 16.56, Acc@5: 64.54
2025-06-13 16:01:02,697 - log - INFO - iter:3480/8100, clip_acc1=11.954023361206055, tta_acc1=16.9252872467041
2025-06-13 16:01:02,697 - log - INFO - iter:3480/8100, Original Acc@1: 11.95, Acc@5: 56.15, TTA Acc@1: 16.93, Acc@5: 64.71
2025-06-13 16:01:55,514 - log - INFO - iter:3500/8100, clip_acc1=12.028571128845215, tta_acc1=17.114286422729492
2025-06-13 16:01:55,514 - log - INFO - iter:3500/8100, Original Acc@1: 12.03, Acc@5: 56.14, TTA Acc@1: 17.11, Acc@5: 64.86
2025-06-13 16:02:48,517 - log - INFO - iter:3520/8100, clip_acc1=12.130681037902832, tta_acc1=17.44318199157715
2025-06-13 16:02:48,517 - log - INFO - iter:3520/8100, Original Acc@1: 12.13, Acc@5: 56.25, TTA Acc@1: 17.44, Acc@5: 65.00
2025-06-13 16:03:41,445 - log - INFO - iter:3540/8100, clip_acc1=12.203390121459961, tta_acc1=17.683616638183594
2025-06-13 16:03:41,445 - log - INFO - iter:3540/8100, Original Acc@1: 12.20, Acc@5: 56.30, TTA Acc@1: 17.68, Acc@5: 65.17
2025-06-13 16:04:34,476 - log - INFO - iter:3560/8100, clip_acc1=12.247191429138184, tta_acc1=17.893259048461914
2025-06-13 16:04:34,477 - log - INFO - iter:3560/8100, Original Acc@1: 12.25, Acc@5: 56.26, TTA Acc@1: 17.89, Acc@5: 65.37
2025-06-13 16:05:27,443 - log - INFO - iter:3580/8100, clip_acc1=12.234636306762695, tta_acc1=18.044692993164062
2025-06-13 16:05:27,443 - log - INFO - iter:3580/8100, Original Acc@1: 12.23, Acc@5: 56.34, TTA Acc@1: 18.04, Acc@5: 65.53
2025-06-13 16:06:20,305 - log - INFO - iter:3600/8100, clip_acc1=12.305556297302246, tta_acc1=18.33333396911621
2025-06-13 16:06:20,305 - log - INFO - iter:3600/8100, Original Acc@1: 12.31, Acc@5: 56.33, TTA Acc@1: 18.33, Acc@5: 65.67
2025-06-13 16:07:13,087 - log - INFO - iter:3620/8100, clip_acc1=12.348065376281738, tta_acc1=18.67403221130371
2025-06-13 16:07:13,087 - log - INFO - iter:3620/8100, Original Acc@1: 12.35, Acc@5: 56.38, TTA Acc@1: 18.67, Acc@5: 65.86
2025-06-13 16:08:05,948 - log - INFO - iter:3640/8100, clip_acc1=12.335165023803711, tta_acc1=18.873626708984375
2025-06-13 16:08:05,948 - log - INFO - iter:3640/8100, Original Acc@1: 12.34, Acc@5: 56.35, TTA Acc@1: 18.87, Acc@5: 66.02
2025-06-13 16:08:58,831 - log - INFO - iter:3660/8100, clip_acc1=12.404372215270996, tta_acc1=19.0710391998291
2025-06-13 16:08:58,831 - log - INFO - iter:3660/8100, Original Acc@1: 12.40, Acc@5: 56.42, TTA Acc@1: 19.07, Acc@5: 66.20
2025-06-13 16:09:51,676 - log - INFO - iter:3680/8100, clip_acc1=12.391304016113281, tta_acc1=19.2391300201416
2025-06-13 16:09:51,676 - log - INFO - iter:3680/8100, Original Acc@1: 12.39, Acc@5: 56.33, TTA Acc@1: 19.24, Acc@5: 66.33
2025-06-13 16:10:44,614 - log - INFO - iter:3700/8100, clip_acc1=12.432433128356934, tta_acc1=19.405405044555664
2025-06-13 16:10:44,614 - log - INFO - iter:3700/8100, Original Acc@1: 12.43, Acc@5: 56.35, TTA Acc@1: 19.41, Acc@5: 66.49
2025-06-13 16:11:37,437 - log - INFO - iter:3720/8100, clip_acc1=12.473118782043457, tta_acc1=19.6236572265625
2025-06-13 16:11:37,437 - log - INFO - iter:3720/8100, Original Acc@1: 12.47, Acc@5: 56.29, TTA Acc@1: 19.62, Acc@5: 66.67
2025-06-13 16:12:30,260 - log - INFO - iter:3740/8100, clip_acc1=12.593583106994629, tta_acc1=19.91978645324707
2025-06-13 16:12:30,260 - log - INFO - iter:3740/8100, Original Acc@1: 12.59, Acc@5: 56.39, TTA Acc@1: 19.92, Acc@5: 66.82
2025-06-13 16:13:23,233 - log - INFO - iter:3760/8100, clip_acc1=12.686169624328613, tta_acc1=20.132978439331055
2025-06-13 16:13:23,233 - log - INFO - iter:3760/8100, Original Acc@1: 12.69, Acc@5: 56.46, TTA Acc@1: 20.13, Acc@5: 66.99
2025-06-13 16:14:16,061 - log - INFO - iter:3780/8100, clip_acc1=12.724867820739746, tta_acc1=20.317461013793945
2025-06-13 16:14:16,061 - log - INFO - iter:3780/8100, Original Acc@1: 12.72, Acc@5: 56.38, TTA Acc@1: 20.32, Acc@5: 67.12
2025-06-13 16:15:09,025 - log - INFO - iter:3800/8100, clip_acc1=12.815789222717285, tta_acc1=20.605262756347656
2025-06-13 16:15:09,026 - log - INFO - iter:3800/8100, Original Acc@1: 12.82, Acc@5: 56.37, TTA Acc@1: 20.61, Acc@5: 67.26
2025-06-13 16:16:02,193 - log - INFO - iter:3820/8100, clip_acc1=12.827225685119629, tta_acc1=20.73298454284668
2025-06-13 16:16:02,193 - log - INFO - iter:3820/8100, Original Acc@1: 12.83, Acc@5: 56.23, TTA Acc@1: 20.73, Acc@5: 67.41
2025-06-13 16:16:55,099 - log - INFO - iter:3840/8100, clip_acc1=12.890625953674316, tta_acc1=20.91145896911621
2025-06-13 16:16:55,100 - log - INFO - iter:3840/8100, Original Acc@1: 12.89, Acc@5: 56.22, TTA Acc@1: 20.91, Acc@5: 67.55
2025-06-13 16:17:48,033 - log - INFO - iter:3860/8100, clip_acc1=12.875648498535156, tta_acc1=21.113990783691406
2025-06-13 16:17:48,034 - log - INFO - iter:3860/8100, Original Acc@1: 12.88, Acc@5: 56.17, TTA Acc@1: 21.11, Acc@5: 67.69
2025-06-13 16:18:40,827 - log - INFO - iter:3880/8100, clip_acc1=12.93814468383789, tta_acc1=21.417526245117188
2025-06-13 16:18:40,827 - log - INFO - iter:3880/8100, Original Acc@1: 12.94, Acc@5: 56.19, TTA Acc@1: 21.42, Acc@5: 67.86
2025-06-13 16:19:33,811 - log - INFO - iter:3900/8100, clip_acc1=12.974358558654785, tta_acc1=21.64102554321289
2025-06-13 16:19:33,811 - log - INFO - iter:3900/8100, Original Acc@1: 12.97, Acc@5: 56.21, TTA Acc@1: 21.64, Acc@5: 68.03
2025-06-13 16:20:26,827 - log - INFO - iter:3920/8100, clip_acc1=12.98469352722168, tta_acc1=21.81122398376465
2025-06-13 16:20:26,828 - log - INFO - iter:3920/8100, Original Acc@1: 12.98, Acc@5: 56.15, TTA Acc@1: 21.81, Acc@5: 68.16
2025-06-13 16:21:19,760 - log - INFO - iter:3940/8100, clip_acc1=13.045685768127441, tta_acc1=22.055837631225586
2025-06-13 16:21:19,761 - log - INFO - iter:3940/8100, Original Acc@1: 13.05, Acc@5: 56.17, TTA Acc@1: 22.06, Acc@5: 68.32
2025-06-13 16:22:12,667 - log - INFO - iter:3960/8100, clip_acc1=13.055556297302246, tta_acc1=22.29798126220703
2025-06-13 16:22:12,667 - log - INFO - iter:3960/8100, Original Acc@1: 13.06, Acc@5: 56.29, TTA Acc@1: 22.30, Acc@5: 68.46
2025-06-13 16:23:05,668 - log - INFO - iter:3980/8100, clip_acc1=13.090452194213867, tta_acc1=22.487436294555664
2025-06-13 16:23:05,668 - log - INFO - iter:3980/8100, Original Acc@1: 13.09, Acc@5: 56.23, TTA Acc@1: 22.49, Acc@5: 68.59
2025-06-13 16:23:58,415 - log - INFO - iter:4000/8100, clip_acc1=13.125000953674316, tta_acc1=22.725000381469727
2025-06-13 16:23:58,416 - log - INFO - iter:4000/8100, Original Acc@1: 13.13, Acc@5: 56.35, TTA Acc@1: 22.73, Acc@5: 68.73
2025-06-13 16:24:51,220 - log - INFO - iter:4020/8100, clip_acc1=13.184080123901367, tta_acc1=22.9601993560791
2025-06-13 16:24:51,220 - log - INFO - iter:4020/8100, Original Acc@1: 13.18, Acc@5: 56.42, TTA Acc@1: 22.96, Acc@5: 68.86
2025-06-13 16:25:44,125 - log - INFO - iter:4040/8100, clip_acc1=13.29207992553711, tta_acc1=23.217823028564453
2025-06-13 16:25:44,125 - log - INFO - iter:4040/8100, Original Acc@1: 13.29, Acc@5: 56.49, TTA Acc@1: 23.22, Acc@5: 68.99
2025-06-13 16:26:37,187 - log - INFO - iter:4060/8100, clip_acc1=13.374384880065918, tta_acc1=23.399015426635742
2025-06-13 16:26:37,188 - log - INFO - iter:4060/8100, Original Acc@1: 13.37, Acc@5: 56.48, TTA Acc@1: 23.40, Acc@5: 69.11
2025-06-13 16:27:30,168 - log - INFO - iter:4080/8100, clip_acc1=13.480393409729004, tta_acc1=23.651962280273438
2025-06-13 16:27:30,168 - log - INFO - iter:4080/8100, Original Acc@1: 13.48, Acc@5: 56.52, TTA Acc@1: 23.65, Acc@5: 69.26
2025-06-13 16:28:23,248 - log - INFO - iter:4100/8100, clip_acc1=13.512195587158203, tta_acc1=23.85365867614746
2025-06-13 16:28:23,248 - log - INFO - iter:4100/8100, Original Acc@1: 13.51, Acc@5: 56.49, TTA Acc@1: 23.85, Acc@5: 69.41
2025-06-13 16:29:16,178 - log - INFO - iter:4120/8100, clip_acc1=13.519417762756348, tta_acc1=24.02912712097168
2025-06-13 16:29:16,178 - log - INFO - iter:4120/8100, Original Acc@1: 13.52, Acc@5: 56.58, TTA Acc@1: 24.03, Acc@5: 69.56
2025-06-13 16:30:09,164 - log - INFO - iter:4140/8100, clip_acc1=13.550724029541016, tta_acc1=24.15458869934082
2025-06-13 16:30:09,164 - log - INFO - iter:4140/8100, Original Acc@1: 13.55, Acc@5: 56.55, TTA Acc@1: 24.15, Acc@5: 69.69
2025-06-13 16:31:02,253 - log - INFO - iter:4160/8100, clip_acc1=13.605769157409668, tta_acc1=24.326923370361328
2025-06-13 16:31:02,254 - log - INFO - iter:4160/8100, Original Acc@1: 13.61, Acc@5: 56.49, TTA Acc@1: 24.33, Acc@5: 69.83
2025-06-13 16:31:55,595 - log - INFO - iter:4180/8100, clip_acc1=13.61244010925293, tta_acc1=24.497608184814453
2025-06-13 16:31:55,595 - log - INFO - iter:4180/8100, Original Acc@1: 13.61, Acc@5: 56.46, TTA Acc@1: 24.50, Acc@5: 69.93
2025-06-13 16:32:48,660 - log - INFO - iter:4200/8100, clip_acc1=13.619047164916992, tta_acc1=24.64285659790039
2025-06-13 16:32:48,660 - log - INFO - iter:4200/8100, Original Acc@1: 13.62, Acc@5: 56.40, TTA Acc@1: 24.64, Acc@5: 70.02
2025-06-13 16:33:41,500 - log - INFO - iter:4220/8100, clip_acc1=13.578198432922363, tta_acc1=24.526065826416016
2025-06-13 16:33:41,500 - log - INFO - iter:4220/8100, Original Acc@1: 13.58, Acc@5: 56.45, TTA Acc@1: 24.53, Acc@5: 70.05
2025-06-13 16:34:34,416 - log - INFO - iter:4240/8100, clip_acc1=13.561321258544922, tta_acc1=24.433961868286133
2025-06-13 16:34:34,416 - log - INFO - iter:4240/8100, Original Acc@1: 13.56, Acc@5: 56.56, TTA Acc@1: 24.43, Acc@5: 70.09
2025-06-13 16:35:27,318 - log - INFO - iter:4260/8100, clip_acc1=13.497653007507324, tta_acc1=24.436620712280273
2025-06-13 16:35:27,319 - log - INFO - iter:4260/8100, Original Acc@1: 13.50, Acc@5: 56.64, TTA Acc@1: 24.44, Acc@5: 70.14
2025-06-13 16:36:20,216 - log - INFO - iter:4280/8100, clip_acc1=13.481308937072754, tta_acc1=24.369159698486328
2025-06-13 16:36:20,217 - log - INFO - iter:4280/8100, Original Acc@1: 13.48, Acc@5: 56.71, TTA Acc@1: 24.37, Acc@5: 70.12
2025-06-13 16:37:13,042 - log - INFO - iter:4300/8100, clip_acc1=13.418604850769043, tta_acc1=24.255813598632812
2025-06-13 16:37:13,042 - log - INFO - iter:4300/8100, Original Acc@1: 13.42, Acc@5: 56.67, TTA Acc@1: 24.26, Acc@5: 70.14
2025-06-13 16:38:06,054 - log - INFO - iter:4320/8100, clip_acc1=13.379629135131836, tta_acc1=24.1898136138916
2025-06-13 16:38:06,054 - log - INFO - iter:4320/8100, Original Acc@1: 13.38, Acc@5: 56.71, TTA Acc@1: 24.19, Acc@5: 70.21
2025-06-13 16:38:59,051 - log - INFO - iter:4340/8100, clip_acc1=13.34101390838623, tta_acc1=24.12442398071289
2025-06-13 16:38:59,051 - log - INFO - iter:4340/8100, Original Acc@1: 13.34, Acc@5: 56.77, TTA Acc@1: 24.12, Acc@5: 70.32
2025-06-13 16:39:52,309 - log - INFO - iter:4360/8100, clip_acc1=13.302752494812012, tta_acc1=24.082569122314453
2025-06-13 16:39:52,309 - log - INFO - iter:4360/8100, Original Acc@1: 13.30, Acc@5: 56.88, TTA Acc@1: 24.08, Acc@5: 70.39
2025-06-13 16:40:45,361 - log - INFO - iter:4380/8100, clip_acc1=13.242009162902832, tta_acc1=24.018264770507812
2025-06-13 16:40:45,362 - log - INFO - iter:4380/8100, Original Acc@1: 13.24, Acc@5: 56.94, TTA Acc@1: 24.02, Acc@5: 70.43
2025-06-13 16:41:38,287 - log - INFO - iter:4400/8100, clip_acc1=13.181818008422852, tta_acc1=23.954545974731445
2025-06-13 16:41:38,288 - log - INFO - iter:4400/8100, Original Acc@1: 13.18, Acc@5: 56.98, TTA Acc@1: 23.95, Acc@5: 70.52
2025-06-13 16:42:31,073 - log - INFO - iter:4420/8100, clip_acc1=13.167421340942383, tta_acc1=24.00452423095703
2025-06-13 16:42:31,074 - log - INFO - iter:4420/8100, Original Acc@1: 13.17, Acc@5: 57.08, TTA Acc@1: 24.00, Acc@5: 70.59
2025-06-13 16:43:23,965 - log - INFO - iter:4440/8100, clip_acc1=13.130630493164062, tta_acc1=23.941442489624023
2025-06-13 16:43:23,965 - log - INFO - iter:4440/8100, Original Acc@1: 13.13, Acc@5: 57.12, TTA Acc@1: 23.94, Acc@5: 70.63
2025-06-13 16:44:16,864 - log - INFO - iter:4460/8100, clip_acc1=13.094169616699219, tta_acc1=23.83407974243164
2025-06-13 16:44:16,864 - log - INFO - iter:4460/8100, Original Acc@1: 13.09, Acc@5: 57.17, TTA Acc@1: 23.83, Acc@5: 70.63
2025-06-13 16:45:09,932 - log - INFO - iter:4480/8100, clip_acc1=13.058035850524902, tta_acc1=23.727678298950195
2025-06-13 16:45:09,933 - log - INFO - iter:4480/8100, Original Acc@1: 13.06, Acc@5: 57.21, TTA Acc@1: 23.73, Acc@5: 70.62
2025-06-13 16:46:03,836 - log - INFO - iter:4500/8100, clip_acc1=13.0, tta_acc1=23.644445419311523
2025-06-13 16:46:03,836 - log - INFO - iter:4500/8100, Original Acc@1: 13.00, Acc@5: 57.20, TTA Acc@1: 23.64, Acc@5: 70.67
2025-06-13 16:46:56,931 - log - INFO - iter:4520/8100, clip_acc1=12.94247817993164, tta_acc1=23.561946868896484
2025-06-13 16:46:56,931 - log - INFO - iter:4520/8100, Original Acc@1: 12.94, Acc@5: 57.32, TTA Acc@1: 23.56, Acc@5: 70.75
2025-06-13 16:47:50,043 - log - INFO - iter:4540/8100, clip_acc1=12.885462760925293, tta_acc1=23.5022029876709
2025-06-13 16:47:50,043 - log - INFO - iter:4540/8100, Original Acc@1: 12.89, Acc@5: 57.31, TTA Acc@1: 23.50, Acc@5: 70.81
2025-06-13 16:48:46,930 - log - INFO - iter:4560/8100, clip_acc1=12.85087776184082, tta_acc1=23.46491241455078
2025-06-13 16:48:46,931 - log - INFO - iter:4560/8100, Original Acc@1: 12.85, Acc@5: 57.35, TTA Acc@1: 23.46, Acc@5: 70.86
2025-06-13 16:49:39,836 - log - INFO - iter:4580/8100, clip_acc1=12.816594123840332, tta_acc1=23.427947998046875
2025-06-13 16:49:39,836 - log - INFO - iter:4580/8100, Original Acc@1: 12.82, Acc@5: 57.45, TTA Acc@1: 23.43, Acc@5: 70.92
2025-06-13 16:50:32,709 - log - INFO - iter:4600/8100, clip_acc1=12.760869979858398, tta_acc1=23.34782600402832
2025-06-13 16:50:32,709 - log - INFO - iter:4600/8100, Original Acc@1: 12.76, Acc@5: 57.48, TTA Acc@1: 23.35, Acc@5: 71.00
2025-06-13 16:51:25,717 - log - INFO - iter:4620/8100, clip_acc1=12.727272987365723, tta_acc1=23.246753692626953
2025-06-13 16:51:25,717 - log - INFO - iter:4620/8100, Original Acc@1: 12.73, Acc@5: 57.45, TTA Acc@1: 23.25, Acc@5: 70.91
2025-06-13 16:52:18,700 - log - INFO - iter:4640/8100, clip_acc1=12.67241382598877, tta_acc1=23.14655113220215
2025-06-13 16:52:18,700 - log - INFO - iter:4640/8100, Original Acc@1: 12.67, Acc@5: 57.46, TTA Acc@1: 23.15, Acc@5: 70.93
2025-06-13 16:53:11,591 - log - INFO - iter:4660/8100, clip_acc1=12.618025779724121, tta_acc1=23.047210693359375
2025-06-13 16:53:11,592 - log - INFO - iter:4660/8100, Original Acc@1: 12.62, Acc@5: 57.58, TTA Acc@1: 23.05, Acc@5: 70.97
2025-06-13 16:54:04,558 - log - INFO - iter:4680/8100, clip_acc1=12.564103126525879, tta_acc1=22.97008514404297
2025-06-13 16:54:04,559 - log - INFO - iter:4680/8100, Original Acc@1: 12.56, Acc@5: 57.63, TTA Acc@1: 22.97, Acc@5: 71.00
2025-06-13 16:54:57,350 - log - INFO - iter:4700/8100, clip_acc1=12.510638236999512, tta_acc1=22.914894104003906
2025-06-13 16:54:57,350 - log - INFO - iter:4700/8100, Original Acc@1: 12.51, Acc@5: 57.72, TTA Acc@1: 22.91, Acc@5: 71.11
2025-06-13 16:55:50,362 - log - INFO - iter:4720/8100, clip_acc1=12.457627296447754, tta_acc1=22.8389835357666
2025-06-13 16:55:50,362 - log - INFO - iter:4720/8100, Original Acc@1: 12.46, Acc@5: 57.78, TTA Acc@1: 22.84, Acc@5: 71.14
2025-06-13 16:56:46,209 - log - INFO - iter:4740/8100, clip_acc1=12.40506362915039, tta_acc1=22.848100662231445
2025-06-13 16:56:46,209 - log - INFO - iter:4740/8100, Original Acc@1: 12.41, Acc@5: 57.91, TTA Acc@1: 22.85, Acc@5: 71.24
2025-06-13 16:57:39,125 - log - INFO - iter:4760/8100, clip_acc1=12.352941513061523, tta_acc1=22.794116973876953
2025-06-13 16:57:39,126 - log - INFO - iter:4760/8100, Original Acc@1: 12.35, Acc@5: 57.92, TTA Acc@1: 22.79, Acc@5: 71.28
2025-06-13 16:58:32,076 - log - INFO - iter:4780/8100, clip_acc1=12.301255226135254, tta_acc1=22.74058723449707
2025-06-13 16:58:32,076 - log - INFO - iter:4780/8100, Original Acc@1: 12.30, Acc@5: 57.97, TTA Acc@1: 22.74, Acc@5: 71.34
2025-06-13 16:59:25,171 - log - INFO - iter:4800/8100, clip_acc1=12.25, tta_acc1=22.666667938232422
2025-06-13 16:59:25,171 - log - INFO - iter:4800/8100, Original Acc@1: 12.25, Acc@5: 58.04, TTA Acc@1: 22.67, Acc@5: 71.38
2025-06-13 17:00:18,009 - log - INFO - iter:4820/8100, clip_acc1=12.448132514953613, tta_acc1=22.904563903808594
2025-06-13 17:00:18,009 - log - INFO - iter:4820/8100, Original Acc@1: 12.45, Acc@5: 58.22, TTA Acc@1: 22.90, Acc@5: 71.49
2025-06-13 17:01:11,614 - log - INFO - iter:4840/8100, clip_acc1=12.541322708129883, tta_acc1=23.119834899902344
2025-06-13 17:01:11,614 - log - INFO - iter:4840/8100, Original Acc@1: 12.54, Acc@5: 58.31, TTA Acc@1: 23.12, Acc@5: 71.57
2025-06-13 17:02:04,420 - log - INFO - iter:4860/8100, clip_acc1=12.674897193908691, tta_acc1=23.33333396911621
2025-06-13 17:02:04,420 - log - INFO - iter:4860/8100, Original Acc@1: 12.67, Acc@5: 58.42, TTA Acc@1: 23.33, Acc@5: 71.69
2025-06-13 17:02:57,389 - log - INFO - iter:4880/8100, clip_acc1=12.807376861572266, tta_acc1=23.483606338500977
2025-06-13 17:02:57,389 - log - INFO - iter:4880/8100, Original Acc@1: 12.81, Acc@5: 58.55, TTA Acc@1: 23.48, Acc@5: 71.78
2025-06-13 17:03:50,321 - log - INFO - iter:4900/8100, clip_acc1=12.918367385864258, tta_acc1=23.73469352722168
2025-06-13 17:03:50,321 - log - INFO - iter:4900/8100, Original Acc@1: 12.92, Acc@5: 58.67, TTA Acc@1: 23.73, Acc@5: 71.90
2025-06-13 17:04:43,544 - log - INFO - iter:4920/8100, clip_acc1=13.028454780578613, tta_acc1=23.94308853149414
2025-06-13 17:04:43,544 - log - INFO - iter:4920/8100, Original Acc@1: 13.03, Acc@5: 58.84, TTA Acc@1: 23.94, Acc@5: 72.01
2025-06-13 17:05:36,595 - log - INFO - iter:4940/8100, clip_acc1=13.157894134521484, tta_acc1=24.109312057495117
2025-06-13 17:05:36,595 - log - INFO - iter:4940/8100, Original Acc@1: 13.16, Acc@5: 59.01, TTA Acc@1: 24.11, Acc@5: 72.13
2025-06-13 17:06:29,134 - log - INFO - iter:4960/8100, clip_acc1=13.32661247253418, tta_acc1=24.294355392456055
2025-06-13 17:06:29,134 - log - INFO - iter:4960/8100, Original Acc@1: 13.33, Acc@5: 59.17, TTA Acc@1: 24.29, Acc@5: 72.24
2025-06-13 17:07:22,024 - log - INFO - iter:4980/8100, clip_acc1=13.514056205749512, tta_acc1=24.47791290283203
2025-06-13 17:07:22,025 - log - INFO - iter:4980/8100, Original Acc@1: 13.51, Acc@5: 59.30, TTA Acc@1: 24.48, Acc@5: 72.31
2025-06-13 17:08:14,716 - log - INFO - iter:5000/8100, clip_acc1=13.65999984741211, tta_acc1=24.69999885559082
2025-06-13 17:08:14,716 - log - INFO - iter:5000/8100, Original Acc@1: 13.66, Acc@5: 59.40, TTA Acc@1: 24.70, Acc@5: 72.42
2025-06-13 17:09:07,531 - log - INFO - iter:5020/8100, clip_acc1=13.745019912719727, tta_acc1=24.880477905273438
2025-06-13 17:09:07,532 - log - INFO - iter:5020/8100, Original Acc@1: 13.75, Acc@5: 59.54, TTA Acc@1: 24.88, Acc@5: 72.53
2025-06-13 17:10:00,340 - log - INFO - iter:5040/8100, clip_acc1=13.88888931274414, tta_acc1=25.039682388305664
2025-06-13 17:10:00,340 - log - INFO - iter:5040/8100, Original Acc@1: 13.89, Acc@5: 59.64, TTA Acc@1: 25.04, Acc@5: 72.64
2025-06-13 17:10:53,363 - log - INFO - iter:5060/8100, clip_acc1=13.992094993591309, tta_acc1=25.217390060424805
2025-06-13 17:10:53,363 - log - INFO - iter:5060/8100, Original Acc@1: 13.99, Acc@5: 59.78, TTA Acc@1: 25.22, Acc@5: 72.73
2025-06-13 17:11:46,457 - log - INFO - iter:5080/8100, clip_acc1=14.035432815551758, tta_acc1=25.37401580810547
2025-06-13 17:11:46,457 - log - INFO - iter:5080/8100, Original Acc@1: 14.04, Acc@5: 59.88, TTA Acc@1: 25.37, Acc@5: 72.80
2025-06-13 17:12:39,490 - log - INFO - iter:5100/8100, clip_acc1=14.196078300476074, tta_acc1=25.647058486938477
2025-06-13 17:12:39,490 - log - INFO - iter:5100/8100, Original Acc@1: 14.20, Acc@5: 60.02, TTA Acc@1: 25.65, Acc@5: 72.88
2025-06-13 17:13:32,514 - log - INFO - iter:5120/8100, clip_acc1=14.4140625, tta_acc1=25.8984375
2025-06-13 17:13:32,514 - log - INFO - iter:5120/8100, Original Acc@1: 14.41, Acc@5: 60.16, TTA Acc@1: 25.90, Acc@5: 72.99
2025-06-13 17:14:25,487 - log - INFO - iter:5140/8100, clip_acc1=14.57198429107666, tta_acc1=26.147859573364258
2025-06-13 17:14:25,487 - log - INFO - iter:5140/8100, Original Acc@1: 14.57, Acc@5: 60.31, TTA Acc@1: 26.15, Acc@5: 73.09
2025-06-13 17:15:18,517 - log - INFO - iter:5160/8100, clip_acc1=14.709301948547363, tta_acc1=26.29844856262207
2025-06-13 17:15:18,517 - log - INFO - iter:5160/8100, Original Acc@1: 14.71, Acc@5: 60.45, TTA Acc@1: 26.30, Acc@5: 73.16
2025-06-13 17:16:11,521 - log - INFO - iter:5180/8100, clip_acc1=14.864864349365234, tta_acc1=26.525096893310547
2025-06-13 17:16:11,521 - log - INFO - iter:5180/8100, Original Acc@1: 14.86, Acc@5: 60.56, TTA Acc@1: 26.53, Acc@5: 73.24
2025-06-13 17:17:04,460 - log - INFO - iter:5200/8100, clip_acc1=14.980769157409668, tta_acc1=26.75
2025-06-13 17:17:04,461 - log - INFO - iter:5200/8100, Original Acc@1: 14.98, Acc@5: 60.67, TTA Acc@1: 26.75, Acc@5: 73.35
2025-06-13 17:17:57,432 - log - INFO - iter:5220/8100, clip_acc1=15.076628684997559, tta_acc1=26.934865951538086
2025-06-13 17:17:57,432 - log - INFO - iter:5220/8100, Original Acc@1: 15.08, Acc@5: 60.82, TTA Acc@1: 26.93, Acc@5: 73.45
2025-06-13 17:18:50,409 - log - INFO - iter:5240/8100, clip_acc1=15.267175674438477, tta_acc1=27.11832046508789
2025-06-13 17:18:50,409 - log - INFO - iter:5240/8100, Original Acc@1: 15.27, Acc@5: 60.97, TTA Acc@1: 27.12, Acc@5: 73.53
2025-06-13 17:19:43,282 - log - INFO - iter:5260/8100, clip_acc1=15.380228042602539, tta_acc1=27.31939125061035
2025-06-13 17:19:43,282 - log - INFO - iter:5260/8100, Original Acc@1: 15.38, Acc@5: 61.10, TTA Acc@1: 27.32, Acc@5: 73.63
2025-06-13 17:20:36,214 - log - INFO - iter:5280/8100, clip_acc1=15.492424011230469, tta_acc1=27.55681800842285
2025-06-13 17:20:36,214 - log - INFO - iter:5280/8100, Original Acc@1: 15.49, Acc@5: 61.25, TTA Acc@1: 27.56, Acc@5: 73.71
2025-06-13 17:21:29,056 - log - INFO - iter:5300/8100, clip_acc1=15.584905624389648, tta_acc1=27.735849380493164
2025-06-13 17:21:29,056 - log - INFO - iter:5300/8100, Original Acc@1: 15.58, Acc@5: 61.34, TTA Acc@1: 27.74, Acc@5: 73.81
2025-06-13 17:22:22,012 - log - INFO - iter:5320/8100, clip_acc1=15.676692008972168, tta_acc1=27.894737243652344
2025-06-13 17:22:22,013 - log - INFO - iter:5320/8100, Original Acc@1: 15.68, Acc@5: 61.45, TTA Acc@1: 27.89, Acc@5: 73.87
2025-06-13 17:23:15,027 - log - INFO - iter:5340/8100, clip_acc1=15.786517143249512, tta_acc1=28.033708572387695
2025-06-13 17:23:15,027 - log - INFO - iter:5340/8100, Original Acc@1: 15.79, Acc@5: 61.55, TTA Acc@1: 28.03, Acc@5: 73.95
2025-06-13 17:24:07,850 - log - INFO - iter:5360/8100, clip_acc1=15.895522117614746, tta_acc1=28.171642303466797
2025-06-13 17:24:07,850 - log - INFO - iter:5360/8100, Original Acc@1: 15.90, Acc@5: 61.66, TTA Acc@1: 28.17, Acc@5: 74.03
2025-06-13 17:25:00,693 - log - INFO - iter:5380/8100, clip_acc1=16.00371742248535, tta_acc1=28.27137565612793
2025-06-13 17:25:00,693 - log - INFO - iter:5380/8100, Original Acc@1: 16.00, Acc@5: 61.78, TTA Acc@1: 28.27, Acc@5: 74.09
2025-06-13 17:25:53,614 - log - INFO - iter:5400/8100, clip_acc1=16.148147583007812, tta_acc1=28.425926208496094
2025-06-13 17:25:53,614 - log - INFO - iter:5400/8100, Original Acc@1: 16.15, Acc@5: 61.91, TTA Acc@1: 28.43, Acc@5: 74.15
2025-06-13 17:26:46,529 - log - INFO - iter:5420/8100, clip_acc1=16.273061752319336, tta_acc1=28.560884475708008
2025-06-13 17:26:46,529 - log - INFO - iter:5420/8100, Original Acc@1: 16.27, Acc@5: 62.03, TTA Acc@1: 28.56, Acc@5: 74.24
2025-06-13 17:27:39,295 - log - INFO - iter:5440/8100, clip_acc1=16.43382453918457, tta_acc1=28.731618881225586
2025-06-13 17:27:39,295 - log - INFO - iter:5440/8100, Original Acc@1: 16.43, Acc@5: 62.15, TTA Acc@1: 28.73, Acc@5: 74.34
2025-06-13 17:28:32,310 - log - INFO - iter:5460/8100, clip_acc1=16.55677604675293, tta_acc1=28.901100158691406
2025-06-13 17:28:32,310 - log - INFO - iter:5460/8100, Original Acc@1: 16.56, Acc@5: 62.23, TTA Acc@1: 28.90, Acc@5: 74.43
2025-06-13 17:29:25,312 - log - INFO - iter:5480/8100, clip_acc1=16.73357582092285, tta_acc1=29.05109405517578
2025-06-13 17:29:25,312 - log - INFO - iter:5480/8100, Original Acc@1: 16.73, Acc@5: 62.37, TTA Acc@1: 29.05, Acc@5: 74.49
2025-06-13 17:30:17,916 - log - INFO - iter:5500/8100, clip_acc1=16.85454559326172, tta_acc1=29.19999885559082
2025-06-13 17:30:17,917 - log - INFO - iter:5500/8100, Original Acc@1: 16.85, Acc@5: 62.47, TTA Acc@1: 29.20, Acc@5: 74.58
2025-06-13 17:31:10,620 - log - INFO - iter:5520/8100, clip_acc1=16.992753982543945, tta_acc1=29.420289993286133
2025-06-13 17:31:10,620 - log - INFO - iter:5520/8100, Original Acc@1: 16.99, Acc@5: 62.61, TTA Acc@1: 29.42, Acc@5: 74.67
2025-06-13 17:32:03,533 - log - INFO - iter:5540/8100, clip_acc1=17.111913681030273, tta_acc1=29.5848388671875
2025-06-13 17:32:03,534 - log - INFO - iter:5540/8100, Original Acc@1: 17.11, Acc@5: 62.73, TTA Acc@1: 29.58, Acc@5: 74.75
2025-06-13 17:32:56,463 - log - INFO - iter:5560/8100, clip_acc1=17.194244384765625, tta_acc1=29.676258087158203
2025-06-13 17:32:56,463 - log - INFO - iter:5560/8100, Original Acc@1: 17.19, Acc@5: 62.75, TTA Acc@1: 29.68, Acc@5: 74.73
2025-06-13 17:33:49,604 - log - INFO - iter:5580/8100, clip_acc1=17.204299926757812, tta_acc1=29.749103546142578
2025-06-13 17:33:49,604 - log - INFO - iter:5580/8100, Original Acc@1: 17.20, Acc@5: 62.71, TTA Acc@1: 29.75, Acc@5: 74.66
2025-06-13 17:34:42,344 - log - INFO - iter:5600/8100, clip_acc1=17.25, tta_acc1=29.78571319580078
2025-06-13 17:34:42,344 - log - INFO - iter:5600/8100, Original Acc@1: 17.25, Acc@5: 62.68, TTA Acc@1: 29.79, Acc@5: 74.66
2025-06-13 17:35:35,333 - log - INFO - iter:5620/8100, clip_acc1=17.25978660583496, tta_acc1=29.83985710144043
2025-06-13 17:35:35,333 - log - INFO - iter:5620/8100, Original Acc@1: 17.26, Acc@5: 62.63, TTA Acc@1: 29.84, Acc@5: 74.63
2025-06-13 17:36:28,279 - log - INFO - iter:5640/8100, clip_acc1=17.251771926879883, tta_acc1=29.858154296875
2025-06-13 17:36:28,279 - log - INFO - iter:5640/8100, Original Acc@1: 17.25, Acc@5: 62.61, TTA Acc@1: 29.86, Acc@5: 74.56
2025-06-13 17:37:21,083 - log - INFO - iter:5660/8100, clip_acc1=17.22614860534668, tta_acc1=29.876323699951172
2025-06-13 17:37:21,083 - log - INFO - iter:5660/8100, Original Acc@1: 17.23, Acc@5: 62.54, TTA Acc@1: 29.88, Acc@5: 74.49
2025-06-13 17:38:13,967 - log - INFO - iter:5680/8100, clip_acc1=17.200702667236328, tta_acc1=29.876758575439453
2025-06-13 17:38:13,967 - log - INFO - iter:5680/8100, Original Acc@1: 17.20, Acc@5: 62.50, TTA Acc@1: 29.88, Acc@5: 74.40
2025-06-13 17:39:06,952 - log - INFO - iter:5700/8100, clip_acc1=17.210527420043945, tta_acc1=29.894737243652344
2025-06-13 17:39:06,952 - log - INFO - iter:5700/8100, Original Acc@1: 17.21, Acc@5: 62.44, TTA Acc@1: 29.89, Acc@5: 74.32
2025-06-13 17:39:59,946 - log - INFO - iter:5720/8100, clip_acc1=17.255245208740234, tta_acc1=30.052448272705078
2025-06-13 17:39:59,947 - log - INFO - iter:5720/8100, Original Acc@1: 17.26, Acc@5: 62.43, TTA Acc@1: 30.05, Acc@5: 74.32
2025-06-13 17:40:53,002 - log - INFO - iter:5740/8100, clip_acc1=17.282230377197266, tta_acc1=30.104528427124023
2025-06-13 17:40:53,002 - log - INFO - iter:5740/8100, Original Acc@1: 17.28, Acc@5: 62.39, TTA Acc@1: 30.10, Acc@5: 74.27
2025-06-13 17:41:45,978 - log - INFO - iter:5760/8100, clip_acc1=17.27430534362793, tta_acc1=30.19097328186035
2025-06-13 17:41:45,978 - log - INFO - iter:5760/8100, Original Acc@1: 17.27, Acc@5: 62.34, TTA Acc@1: 30.19, Acc@5: 74.24
2025-06-13 17:42:39,086 - log - INFO - iter:5780/8100, clip_acc1=17.231834411621094, tta_acc1=30.207612991333008
2025-06-13 17:42:39,086 - log - INFO - iter:5780/8100, Original Acc@1: 17.23, Acc@5: 62.30, TTA Acc@1: 30.21, Acc@5: 74.19
2025-06-13 17:43:31,953 - log - INFO - iter:5800/8100, clip_acc1=17.224138259887695, tta_acc1=30.24138069152832
2025-06-13 17:43:31,953 - log - INFO - iter:5800/8100, Original Acc@1: 17.22, Acc@5: 62.24, TTA Acc@1: 30.24, Acc@5: 74.17
2025-06-13 17:44:25,082 - log - INFO - iter:5820/8100, clip_acc1=17.23367691040039, tta_acc1=30.22336769104004
2025-06-13 17:44:25,082 - log - INFO - iter:5820/8100, Original Acc@1: 17.23, Acc@5: 62.16, TTA Acc@1: 30.22, Acc@5: 74.09
2025-06-13 17:45:18,127 - log - INFO - iter:5840/8100, clip_acc1=17.208904266357422, tta_acc1=30.239727020263672
2025-06-13 17:45:18,128 - log - INFO - iter:5840/8100, Original Acc@1: 17.21, Acc@5: 62.11, TTA Acc@1: 30.24, Acc@5: 74.02
2025-06-13 17:46:11,425 - log - INFO - iter:5860/8100, clip_acc1=17.201364517211914, tta_acc1=30.290102005004883
2025-06-13 17:46:11,425 - log - INFO - iter:5860/8100, Original Acc@1: 17.20, Acc@5: 62.08, TTA Acc@1: 30.29, Acc@5: 73.98
2025-06-13 17:47:04,486 - log - INFO - iter:5880/8100, clip_acc1=17.193878173828125, tta_acc1=30.28911590576172
2025-06-13 17:47:04,486 - log - INFO - iter:5880/8100, Original Acc@1: 17.19, Acc@5: 62.07, TTA Acc@1: 30.29, Acc@5: 73.98
2025-06-13 17:47:57,553 - log - INFO - iter:5900/8100, clip_acc1=17.237287521362305, tta_acc1=30.3389835357666
2025-06-13 17:47:57,553 - log - INFO - iter:5900/8100, Original Acc@1: 17.24, Acc@5: 62.03, TTA Acc@1: 30.34, Acc@5: 73.90
2025-06-13 17:48:50,717 - log - INFO - iter:5920/8100, clip_acc1=17.179054260253906, tta_acc1=30.3547306060791
2025-06-13 17:48:50,717 - log - INFO - iter:5920/8100, Original Acc@1: 17.18, Acc@5: 61.93, TTA Acc@1: 30.35, Acc@5: 73.85
2025-06-13 17:49:43,572 - log - INFO - iter:5940/8100, clip_acc1=17.205387115478516, tta_acc1=30.387203216552734
2025-06-13 17:49:43,573 - log - INFO - iter:5940/8100, Original Acc@1: 17.21, Acc@5: 61.94, TTA Acc@1: 30.39, Acc@5: 73.79
2025-06-13 17:50:36,512 - log - INFO - iter:5960/8100, clip_acc1=17.214765548706055, tta_acc1=30.4865779876709
2025-06-13 17:50:36,512 - log - INFO - iter:5960/8100, Original Acc@1: 17.21, Acc@5: 61.98, TTA Acc@1: 30.49, Acc@5: 73.79
2025-06-13 17:51:29,472 - log - INFO - iter:5980/8100, clip_acc1=17.20735740661621, tta_acc1=30.53511619567871
2025-06-13 17:51:29,472 - log - INFO - iter:5980/8100, Original Acc@1: 17.21, Acc@5: 61.96, TTA Acc@1: 30.54, Acc@5: 73.80
2025-06-13 17:52:22,357 - log - INFO - iter:6000/8100, clip_acc1=17.200000762939453, tta_acc1=30.633333206176758
2025-06-13 17:52:22,357 - log - INFO - iter:6000/8100, Original Acc@1: 17.20, Acc@5: 61.92, TTA Acc@1: 30.63, Acc@5: 73.82
2025-06-13 17:53:15,275 - log - INFO - iter:6020/8100, clip_acc1=17.209300994873047, tta_acc1=30.697673797607422
2025-06-13 17:53:15,275 - log - INFO - iter:6020/8100, Original Acc@1: 17.21, Acc@5: 61.88, TTA Acc@1: 30.70, Acc@5: 73.80
2025-06-13 17:54:08,449 - log - INFO - iter:6040/8100, clip_acc1=17.23509979248047, tta_acc1=30.71192169189453
2025-06-13 17:54:08,449 - log - INFO - iter:6040/8100, Original Acc@1: 17.24, Acc@5: 61.89, TTA Acc@1: 30.71, Acc@5: 73.73
2025-06-13 17:55:01,308 - log - INFO - iter:6060/8100, clip_acc1=17.260726928710938, tta_acc1=30.79207992553711
2025-06-13 17:55:01,309 - log - INFO - iter:6060/8100, Original Acc@1: 17.26, Acc@5: 61.86, TTA Acc@1: 30.79, Acc@5: 73.71
2025-06-13 17:55:54,357 - log - INFO - iter:6080/8100, clip_acc1=17.2532901763916, tta_acc1=30.85526466369629
2025-06-13 17:55:54,357 - log - INFO - iter:6080/8100, Original Acc@1: 17.25, Acc@5: 61.86, TTA Acc@1: 30.86, Acc@5: 73.65
2025-06-13 17:56:47,310 - log - INFO - iter:6100/8100, clip_acc1=17.245901107788086, tta_acc1=30.918033599853516
2025-06-13 17:56:47,310 - log - INFO - iter:6100/8100, Original Acc@1: 17.25, Acc@5: 61.87, TTA Acc@1: 30.92, Acc@5: 73.62
2025-06-13 17:57:40,242 - log - INFO - iter:6120/8100, clip_acc1=17.238563537597656, tta_acc1=30.964054107666016
2025-06-13 17:57:40,242 - log - INFO - iter:6120/8100, Original Acc@1: 17.24, Acc@5: 61.83, TTA Acc@1: 30.96, Acc@5: 73.61
2025-06-13 17:58:33,277 - log - INFO - iter:6140/8100, clip_acc1=17.19869613647461, tta_acc1=31.0097713470459
2025-06-13 17:58:33,278 - log - INFO - iter:6140/8100, Original Acc@1: 17.20, Acc@5: 61.74, TTA Acc@1: 31.01, Acc@5: 73.53
2025-06-13 17:59:26,223 - log - INFO - iter:6160/8100, clip_acc1=17.240259170532227, tta_acc1=31.038959503173828
2025-06-13 17:59:26,223 - log - INFO - iter:6160/8100, Original Acc@1: 17.24, Acc@5: 61.74, TTA Acc@1: 31.04, Acc@5: 73.51
2025-06-13 18:00:19,231 - log - INFO - iter:6180/8100, clip_acc1=17.200647354125977, tta_acc1=31.05177879333496
2025-06-13 18:00:19,231 - log - INFO - iter:6180/8100, Original Acc@1: 17.20, Acc@5: 61.70, TTA Acc@1: 31.05, Acc@5: 73.46
2025-06-13 18:01:12,016 - log - INFO - iter:6200/8100, clip_acc1=17.161291122436523, tta_acc1=31.112903594970703
2025-06-13 18:01:12,017 - log - INFO - iter:6200/8100, Original Acc@1: 17.16, Acc@5: 61.63, TTA Acc@1: 31.11, Acc@5: 73.42
2025-06-13 18:02:08,443 - log - INFO - iter:6220/8100, clip_acc1=17.17041778564453, tta_acc1=31.157554626464844
2025-06-13 18:02:08,443 - log - INFO - iter:6220/8100, Original Acc@1: 17.17, Acc@5: 61.61, TTA Acc@1: 31.16, Acc@5: 73.44
2025-06-13 18:03:01,562 - log - INFO - iter:6240/8100, clip_acc1=17.163461685180664, tta_acc1=31.250001907348633
2025-06-13 18:03:01,562 - log - INFO - iter:6240/8100, Original Acc@1: 17.16, Acc@5: 61.60, TTA Acc@1: 31.25, Acc@5: 73.43
2025-06-13 18:03:54,462 - log - INFO - iter:6260/8100, clip_acc1=17.172523498535156, tta_acc1=31.309904098510742
2025-06-13 18:03:54,462 - log - INFO - iter:6260/8100, Original Acc@1: 17.17, Acc@5: 61.61, TTA Acc@1: 31.31, Acc@5: 73.48
2025-06-13 18:04:47,510 - log - INFO - iter:6280/8100, clip_acc1=17.133758544921875, tta_acc1=31.369426727294922
2025-06-13 18:04:47,511 - log - INFO - iter:6280/8100, Original Acc@1: 17.13, Acc@5: 61.58, TTA Acc@1: 31.37, Acc@5: 73.46
2025-06-13 18:05:40,329 - log - INFO - iter:6300/8100, clip_acc1=17.14285659790039, tta_acc1=31.39682388305664
2025-06-13 18:05:40,329 - log - INFO - iter:6300/8100, Original Acc@1: 17.14, Acc@5: 61.54, TTA Acc@1: 31.40, Acc@5: 73.44
2025-06-13 18:06:33,453 - log - INFO - iter:6320/8100, clip_acc1=17.151899337768555, tta_acc1=31.471519470214844
2025-06-13 18:06:33,454 - log - INFO - iter:6320/8100, Original Acc@1: 17.15, Acc@5: 61.57, TTA Acc@1: 31.47, Acc@5: 73.43
2025-06-13 18:07:26,335 - log - INFO - iter:6340/8100, clip_acc1=17.208202362060547, tta_acc1=31.561513900756836
2025-06-13 18:07:26,335 - log - INFO - iter:6340/8100, Original Acc@1: 17.21, Acc@5: 61.58, TTA Acc@1: 31.56, Acc@5: 73.42
2025-06-13 18:08:19,160 - log - INFO - iter:6360/8100, clip_acc1=17.169811248779297, tta_acc1=31.525156021118164
2025-06-13 18:08:19,160 - log - INFO - iter:6360/8100, Original Acc@1: 17.17, Acc@5: 61.57, TTA Acc@1: 31.53, Acc@5: 73.33
2025-06-13 18:09:13,606 - log - INFO - iter:6380/8100, clip_acc1=17.17868423461914, tta_acc1=31.53605079650879
2025-06-13 18:09:13,606 - log - INFO - iter:6380/8100, Original Acc@1: 17.18, Acc@5: 61.54, TTA Acc@1: 31.54, Acc@5: 73.29
2025-06-13 18:10:06,593 - log - INFO - iter:6400/8100, clip_acc1=17.21875, tta_acc1=31.5625
2025-06-13 18:10:06,593 - log - INFO - iter:6400/8100, Original Acc@1: 17.22, Acc@5: 61.50, TTA Acc@1: 31.56, Acc@5: 73.28
2025-06-13 18:10:59,330 - log - INFO - iter:6420/8100, clip_acc1=17.211837768554688, tta_acc1=31.57320785522461
2025-06-13 18:10:59,330 - log - INFO - iter:6420/8100, Original Acc@1: 17.21, Acc@5: 61.48, TTA Acc@1: 31.57, Acc@5: 73.22
2025-06-13 18:11:52,113 - log - INFO - iter:6440/8100, clip_acc1=17.20496940612793, tta_acc1=31.583850860595703
2025-06-13 18:11:52,114 - log - INFO - iter:6440/8100, Original Acc@1: 17.20, Acc@5: 61.43, TTA Acc@1: 31.58, Acc@5: 73.17
2025-06-13 18:12:45,802 - log - INFO - iter:6460/8100, clip_acc1=17.16718292236328, tta_acc1=31.563467025756836
2025-06-13 18:12:45,803 - log - INFO - iter:6460/8100, Original Acc@1: 17.17, Acc@5: 61.36, TTA Acc@1: 31.56, Acc@5: 73.19
2025-06-13 18:13:38,870 - log - INFO - iter:6480/8100, clip_acc1=17.145063400268555, tta_acc1=31.52777862548828
2025-06-13 18:13:38,871 - log - INFO - iter:6480/8100, Original Acc@1: 17.15, Acc@5: 61.28, TTA Acc@1: 31.53, Acc@5: 73.26
2025-06-13 18:14:31,737 - log - INFO - iter:6500/8100, clip_acc1=17.10769271850586, tta_acc1=31.461538314819336
2025-06-13 18:14:31,737 - log - INFO - iter:6500/8100, Original Acc@1: 17.11, Acc@5: 61.22, TTA Acc@1: 31.46, Acc@5: 73.32
2025-06-13 18:15:24,805 - log - INFO - iter:6520/8100, clip_acc1=17.055213928222656, tta_acc1=31.380367279052734
2025-06-13 18:15:24,805 - log - INFO - iter:6520/8100, Original Acc@1: 17.06, Acc@5: 61.17, TTA Acc@1: 31.38, Acc@5: 73.37
2025-06-13 18:16:17,693 - log - INFO - iter:6540/8100, clip_acc1=17.018348693847656, tta_acc1=31.299694061279297
2025-06-13 18:16:17,693 - log - INFO - iter:6540/8100, Original Acc@1: 17.02, Acc@5: 61.07, TTA Acc@1: 31.30, Acc@5: 73.41
2025-06-13 18:17:14,017 - log - INFO - iter:6560/8100, clip_acc1=16.996952056884766, tta_acc1=31.234756469726562
2025-06-13 18:17:14,017 - log - INFO - iter:6560/8100, Original Acc@1: 17.00, Acc@5: 61.04, TTA Acc@1: 31.23, Acc@5: 73.46
2025-06-13 18:18:06,890 - log - INFO - iter:6580/8100, clip_acc1=16.960485458374023, tta_acc1=31.155014038085938
2025-06-13 18:18:06,890 - log - INFO - iter:6580/8100, Original Acc@1: 16.96, Acc@5: 61.00, TTA Acc@1: 31.16, Acc@5: 73.53
2025-06-13 18:18:59,776 - log - INFO - iter:6600/8100, clip_acc1=16.90909194946289, tta_acc1=31.060606002807617
2025-06-13 18:18:59,777 - log - INFO - iter:6600/8100, Original Acc@1: 16.91, Acc@5: 60.94, TTA Acc@1: 31.06, Acc@5: 73.55
2025-06-13 18:19:52,556 - log - INFO - iter:6620/8100, clip_acc1=16.88821792602539, tta_acc1=31.027191162109375
2025-06-13 18:19:52,557 - log - INFO - iter:6620/8100, Original Acc@1: 16.89, Acc@5: 60.94, TTA Acc@1: 31.03, Acc@5: 73.60
2025-06-13 18:20:45,571 - log - INFO - iter:6640/8100, clip_acc1=16.882530212402344, tta_acc1=30.963855743408203
2025-06-13 18:20:45,571 - log - INFO - iter:6640/8100, Original Acc@1: 16.88, Acc@5: 60.86, TTA Acc@1: 30.96, Acc@5: 73.63
2025-06-13 18:21:38,342 - log - INFO - iter:6660/8100, clip_acc1=16.861862182617188, tta_acc1=30.915916442871094
2025-06-13 18:21:38,342 - log - INFO - iter:6660/8100, Original Acc@1: 16.86, Acc@5: 60.87, TTA Acc@1: 30.92, Acc@5: 73.68
2025-06-13 18:22:31,249 - log - INFO - iter:6680/8100, clip_acc1=16.811378479003906, tta_acc1=30.823354721069336
2025-06-13 18:22:31,249 - log - INFO - iter:6680/8100, Original Acc@1: 16.81, Acc@5: 60.88, TTA Acc@1: 30.82, Acc@5: 73.74
2025-06-13 18:23:23,918 - log - INFO - iter:6700/8100, clip_acc1=16.761194229125977, tta_acc1=30.746267318725586
2025-06-13 18:23:23,919 - log - INFO - iter:6700/8100, Original Acc@1: 16.76, Acc@5: 60.85, TTA Acc@1: 30.75, Acc@5: 73.78
2025-06-13 18:24:16,834 - log - INFO - iter:6720/8100, clip_acc1=16.741071701049805, tta_acc1=30.699405670166016
2025-06-13 18:24:16,834 - log - INFO - iter:6720/8100, Original Acc@1: 16.74, Acc@5: 60.83, TTA Acc@1: 30.70, Acc@5: 73.85
2025-06-13 18:25:09,694 - log - INFO - iter:6740/8100, clip_acc1=16.721067428588867, tta_acc1=30.608308792114258
2025-06-13 18:25:09,694 - log - INFO - iter:6740/8100, Original Acc@1: 16.72, Acc@5: 60.77, TTA Acc@1: 30.61, Acc@5: 73.90
2025-06-13 18:26:02,565 - log - INFO - iter:6760/8100, clip_acc1=16.686389923095703, tta_acc1=30.562129974365234
2025-06-13 18:26:02,565 - log - INFO - iter:6760/8100, Original Acc@1: 16.69, Acc@5: 60.77, TTA Acc@1: 30.56, Acc@5: 73.98
2025-06-13 18:26:55,518 - log - INFO - iter:6780/8100, clip_acc1=16.65191650390625, tta_acc1=30.516223907470703
2025-06-13 18:26:55,518 - log - INFO - iter:6780/8100, Original Acc@1: 16.65, Acc@5: 60.78, TTA Acc@1: 30.52, Acc@5: 74.04
2025-06-13 18:27:48,415 - log - INFO - iter:6800/8100, clip_acc1=16.617647171020508, tta_acc1=30.44117546081543
2025-06-13 18:27:48,416 - log - INFO - iter:6800/8100, Original Acc@1: 16.62, Acc@5: 60.75, TTA Acc@1: 30.44, Acc@5: 74.07
2025-06-13 18:28:41,342 - log - INFO - iter:6820/8100, clip_acc1=16.56891632080078, tta_acc1=30.39589500427246
2025-06-13 18:28:41,342 - log - INFO - iter:6820/8100, Original Acc@1: 16.57, Acc@5: 60.69, TTA Acc@1: 30.40, Acc@5: 74.12
2025-06-13 18:29:34,053 - log - INFO - iter:6840/8100, clip_acc1=16.53508758544922, tta_acc1=30.33625602722168
2025-06-13 18:29:34,054 - log - INFO - iter:6840/8100, Original Acc@1: 16.54, Acc@5: 60.63, TTA Acc@1: 30.34, Acc@5: 74.20
2025-06-13 18:30:27,081 - log - INFO - iter:6860/8100, clip_acc1=16.516035079956055, tta_acc1=30.29154396057129
2025-06-13 18:30:27,082 - log - INFO - iter:6860/8100, Original Acc@1: 16.52, Acc@5: 60.61, TTA Acc@1: 30.29, Acc@5: 74.26
2025-06-13 18:31:19,999 - log - INFO - iter:6880/8100, clip_acc1=16.48255729675293, tta_acc1=30.23255729675293
2025-06-13 18:31:19,999 - log - INFO - iter:6880/8100, Original Acc@1: 16.48, Acc@5: 60.58, TTA Acc@1: 30.23, Acc@5: 74.29
2025-06-13 18:32:13,178 - log - INFO - iter:6900/8100, clip_acc1=16.44927406311035, tta_acc1=30.202898025512695
2025-06-13 18:32:13,178 - log - INFO - iter:6900/8100, Original Acc@1: 16.45, Acc@5: 60.57, TTA Acc@1: 30.20, Acc@5: 74.32
2025-06-13 18:33:05,870 - log - INFO - iter:6920/8100, clip_acc1=16.41618537902832, tta_acc1=30.144508361816406
2025-06-13 18:33:05,870 - log - INFO - iter:6920/8100, Original Acc@1: 16.42, Acc@5: 60.49, TTA Acc@1: 30.14, Acc@5: 74.36
2025-06-13 18:33:58,653 - log - INFO - iter:6940/8100, clip_acc1=16.4121036529541, tta_acc1=30.11527442932129
2025-06-13 18:33:58,653 - log - INFO - iter:6940/8100, Original Acc@1: 16.41, Acc@5: 60.46, TTA Acc@1: 30.12, Acc@5: 74.42
2025-06-13 18:34:51,618 - log - INFO - iter:6960/8100, clip_acc1=16.393678665161133, tta_acc1=30.07183837890625
2025-06-13 18:34:51,618 - log - INFO - iter:6960/8100, Original Acc@1: 16.39, Acc@5: 60.45, TTA Acc@1: 30.07, Acc@5: 74.47
2025-06-13 18:35:44,524 - log - INFO - iter:6980/8100, clip_acc1=16.346704483032227, tta_acc1=30.0
2025-06-13 18:35:44,525 - log - INFO - iter:6980/8100, Original Acc@1: 16.35, Acc@5: 60.36, TTA Acc@1: 30.00, Acc@5: 74.48
2025-06-13 18:36:37,473 - log - INFO - iter:7000/8100, clip_acc1=16.299999237060547, tta_acc1=29.94285774230957
2025-06-13 18:36:37,473 - log - INFO - iter:7000/8100, Original Acc@1: 16.30, Acc@5: 60.36, TTA Acc@1: 29.94, Acc@5: 74.51
2025-06-13 18:37:30,427 - log - INFO - iter:7020/8100, clip_acc1=16.25356101989746, tta_acc1=29.8575496673584
2025-06-13 18:37:30,428 - log - INFO - iter:7020/8100, Original Acc@1: 16.25, Acc@5: 60.28, TTA Acc@1: 29.86, Acc@5: 74.56
2025-06-13 18:38:23,336 - log - INFO - iter:7040/8100, clip_acc1=16.207386016845703, tta_acc1=29.77272605895996
2025-06-13 18:38:23,336 - log - INFO - iter:7040/8100, Original Acc@1: 16.21, Acc@5: 60.24, TTA Acc@1: 29.77, Acc@5: 74.57
2025-06-13 18:39:16,316 - log - INFO - iter:7060/8100, clip_acc1=16.16147232055664, tta_acc1=29.70254898071289
2025-06-13 18:39:16,316 - log - INFO - iter:7060/8100, Original Acc@1: 16.16, Acc@5: 60.24, TTA Acc@1: 29.70, Acc@5: 74.62
2025-06-13 18:40:09,201 - log - INFO - iter:7080/8100, clip_acc1=16.12994384765625, tta_acc1=29.675142288208008
2025-06-13 18:40:09,202 - log - INFO - iter:7080/8100, Original Acc@1: 16.13, Acc@5: 60.28, TTA Acc@1: 29.68, Acc@5: 74.65
2025-06-13 18:41:02,086 - log - INFO - iter:7100/8100, clip_acc1=16.09859275817871, tta_acc1=29.605634689331055
2025-06-13 18:41:02,086 - log - INFO - iter:7100/8100, Original Acc@1: 16.10, Acc@5: 60.25, TTA Acc@1: 29.61, Acc@5: 74.69
2025-06-13 18:41:55,026 - log - INFO - iter:7120/8100, clip_acc1=16.05337142944336, tta_acc1=29.522472381591797
2025-06-13 18:41:55,026 - log - INFO - iter:7120/8100, Original Acc@1: 16.05, Acc@5: 60.27, TTA Acc@1: 29.52, Acc@5: 74.73
2025-06-13 18:42:47,929 - log - INFO - iter:7140/8100, clip_acc1=16.008403778076172, tta_acc1=29.45378303527832
2025-06-13 18:42:47,929 - log - INFO - iter:7140/8100, Original Acc@1: 16.01, Acc@5: 60.24, TTA Acc@1: 29.45, Acc@5: 74.79
2025-06-13 18:43:40,738 - log - INFO - iter:7160/8100, clip_acc1=15.9636869430542, tta_acc1=29.37150764465332
2025-06-13 18:43:40,738 - log - INFO - iter:7160/8100, Original Acc@1: 15.96, Acc@5: 60.21, TTA Acc@1: 29.37, Acc@5: 74.85
2025-06-13 18:44:33,760 - log - INFO - iter:7180/8100, clip_acc1=15.919220924377441, tta_acc1=29.303621292114258
2025-06-13 18:44:33,760 - log - INFO - iter:7180/8100, Original Acc@1: 15.92, Acc@5: 60.19, TTA Acc@1: 29.30, Acc@5: 74.87
2025-06-13 18:45:26,830 - log - INFO - iter:7200/8100, clip_acc1=15.875, tta_acc1=29.22222328186035
2025-06-13 18:45:26,830 - log - INFO - iter:7200/8100, Original Acc@1: 15.88, Acc@5: 60.15, TTA Acc@1: 29.22, Acc@5: 74.88
2025-06-13 18:46:19,731 - log - INFO - iter:7220/8100, clip_acc1=16.080331802368164, tta_acc1=29.41828155517578
2025-06-13 18:46:19,732 - log - INFO - iter:7220/8100, Original Acc@1: 16.08, Acc@5: 60.25, TTA Acc@1: 29.42, Acc@5: 74.94
2025-06-13 18:47:12,674 - log - INFO - iter:7240/8100, clip_acc1=16.284528732299805, tta_acc1=29.613258361816406
2025-06-13 18:47:12,674 - log - INFO - iter:7240/8100, Original Acc@1: 16.28, Acc@5: 60.35, TTA Acc@1: 29.61, Acc@5: 75.01
2025-06-13 18:48:05,741 - log - INFO - iter:7260/8100, clip_acc1=16.48760414123535, tta_acc1=29.80716323852539
2025-06-13 18:48:05,741 - log - INFO - iter:7260/8100, Original Acc@1: 16.49, Acc@5: 60.45, TTA Acc@1: 29.81, Acc@5: 75.08
2025-06-13 18:48:58,620 - log - INFO - iter:7280/8100, clip_acc1=16.675825119018555, tta_acc1=30.000001907348633
2025-06-13 18:48:58,620 - log - INFO - iter:7280/8100, Original Acc@1: 16.68, Acc@5: 60.56, TTA Acc@1: 30.00, Acc@5: 75.15
2025-06-13 18:49:51,507 - log - INFO - iter:7300/8100, clip_acc1=16.849315643310547, tta_acc1=30.178081512451172
2025-06-13 18:49:51,507 - log - INFO - iter:7300/8100, Original Acc@1: 16.85, Acc@5: 60.66, TTA Acc@1: 30.18, Acc@5: 75.22
2025-06-13 18:50:44,370 - log - INFO - iter:7320/8100, clip_acc1=17.04918098449707, tta_acc1=30.368852615356445
2025-06-13 18:50:44,371 - log - INFO - iter:7320/8100, Original Acc@1: 17.05, Acc@5: 60.77, TTA Acc@1: 30.37, Acc@5: 75.29
2025-06-13 18:51:37,253 - log - INFO - iter:7340/8100, clip_acc1=17.247957229614258, tta_acc1=30.544960021972656
2025-06-13 18:51:37,253 - log - INFO - iter:7340/8100, Original Acc@1: 17.25, Acc@5: 60.86, TTA Acc@1: 30.54, Acc@5: 75.35
2025-06-13 18:52:29,977 - log - INFO - iter:7360/8100, clip_acc1=17.432064056396484, tta_acc1=30.733694076538086
2025-06-13 18:52:29,978 - log - INFO - iter:7360/8100, Original Acc@1: 17.43, Acc@5: 60.95, TTA Acc@1: 30.73, Acc@5: 75.42
2025-06-13 18:53:23,022 - log - INFO - iter:7380/8100, clip_acc1=17.642276763916016, tta_acc1=30.92140769958496
2025-06-13 18:53:23,022 - log - INFO - iter:7380/8100, Original Acc@1: 17.64, Acc@5: 61.06, TTA Acc@1: 30.92, Acc@5: 75.49
2025-06-13 18:54:15,808 - log - INFO - iter:7400/8100, clip_acc1=17.837839126586914, tta_acc1=31.108108520507812
2025-06-13 18:54:15,809 - log - INFO - iter:7400/8100, Original Acc@1: 17.84, Acc@5: 61.15, TTA Acc@1: 31.11, Acc@5: 75.55
2025-06-13 18:55:08,665 - log - INFO - iter:7420/8100, clip_acc1=18.005390167236328, tta_acc1=31.293800354003906
2025-06-13 18:55:08,665 - log - INFO - iter:7420/8100, Original Acc@1: 18.01, Acc@5: 61.24, TTA Acc@1: 31.29, Acc@5: 75.62
2025-06-13 18:56:01,671 - log - INFO - iter:7440/8100, clip_acc1=18.212366104125977, tta_acc1=31.46505355834961
2025-06-13 18:56:01,672 - log - INFO - iter:7440/8100, Original Acc@1: 18.21, Acc@5: 61.34, TTA Acc@1: 31.47, Acc@5: 75.69
2025-06-13 18:56:54,401 - log - INFO - iter:7460/8100, clip_acc1=18.418230056762695, tta_acc1=31.648792266845703
2025-06-13 18:56:54,401 - log - INFO - iter:7460/8100, Original Acc@1: 18.42, Acc@5: 61.43, TTA Acc@1: 31.65, Acc@5: 75.75
2025-06-13 18:57:47,125 - log - INFO - iter:7480/8100, clip_acc1=18.582887649536133, tta_acc1=31.81818199157715
2025-06-13 18:57:47,125 - log - INFO - iter:7480/8100, Original Acc@1: 18.58, Acc@5: 61.54, TTA Acc@1: 31.82, Acc@5: 75.82
2025-06-13 18:58:39,926 - log - INFO - iter:7500/8100, clip_acc1=18.760000228881836, tta_acc1=32.0
2025-06-13 18:58:39,926 - log - INFO - iter:7500/8100, Original Acc@1: 18.76, Acc@5: 61.64, TTA Acc@1: 32.00, Acc@5: 75.88
2025-06-13 18:59:32,720 - log - INFO - iter:7520/8100, clip_acc1=18.949466705322266, tta_acc1=32.16755294799805
2025-06-13 18:59:32,720 - log - INFO - iter:7520/8100, Original Acc@1: 18.95, Acc@5: 61.74, TTA Acc@1: 32.17, Acc@5: 75.94
2025-06-13 19:00:25,574 - log - INFO - iter:7540/8100, clip_acc1=19.151193618774414, tta_acc1=32.3342170715332
2025-06-13 19:00:25,574 - log - INFO - iter:7540/8100, Original Acc@1: 19.15, Acc@5: 61.84, TTA Acc@1: 32.33, Acc@5: 76.01
2025-06-13 19:01:18,328 - log - INFO - iter:7560/8100, clip_acc1=19.312170028686523, tta_acc1=32.51322937011719
2025-06-13 19:01:18,328 - log - INFO - iter:7560/8100, Original Acc@1: 19.31, Acc@5: 61.90, TTA Acc@1: 32.51, Acc@5: 76.07
