2025-06-10 12:12:25,658 - log - INFO - ==========================================
data:/leonardo_work/EUHPC_R04_192/fmohamma/Adversarial_Robust_Clip/atpt_data/downstream_datasets
test_sets:eurosat
dataset_mode:test
arch:ViT-L/14
resolution:224
workers:4
no_pin_memory:False
batch_size:64
print_freq:20
gpu:0
no_cudnn_benchmark:False
n_ctx:4
ctx_init:a_photo_of_a
tpt_loss:rtpt
seed:0
output_dir:/leonardo_work/EUHPC_R04_192/fmohamma/Adversarial_Robust_Clip/atpt_data/ViT-L/14/eurosat
log_output_dir:/leonardo_work/EUHPC_R04_192/fmohamma/Adversarial_Robust_Clip/ATPT/Final_Results/ViT-L/14/eurosat
eps:0.0
alpha:0.0
alpha_eps_ratio:4.0
steps:0
lr:0.005
selection_p:0.1
tta_steps:1
ensemble_type:weighted_rtpt
top_k:20
softmax_temp:0.01
counter_attack:True
counter_attack_type:pgd
counter_attack_steps:2
counter_attack_eps:4.0
counter_attack_alpha:1.0
counter_attack_tau_thres:0.2
counter_attack_beta:2.0
counter_attack_weighted_perturbations:True
pgd_clip_pure_i_text_embeddings:null
pgd_counter_and_clipure_i_lamda:1.0
selected_id_name:selected_topk.json
weighted_score_name:weighted_scores.json
batch_entropy_name:entropies.json
log_dir:/leonardo_work/EUHPC_R04_192/fmohamma/Adversarial_Robust_Clip/ATPT/Final_Results/ViT-L/14/eurosat/Clean/Counter_Attack/Eps_4_0_Steps_2_Alpha_1_0/tau_0_2_beta_2_0_weighted_pertrubation_True/TPT/Optimization_Loss_rtpt_LR_0_005_Optimization_Steps_1_View_Selection_Fraction_0_1/Inference_Ensemble_weighted_rtpt_topk_20_softmaxtemp_0_01

2025-06-10 12:12:25,659 - log - INFO - Use GPU: 0 for training
2025-06-10 12:13:38,625 - log - INFO - Freezing all parameters except prompt learner
2025-06-10 12:13:38,627 - log - INFO - => Model created: visual backbone ViT-L/14
2025-06-10 12:13:38,659 - log - INFO - Number of test samples: 8100
2025-06-10 12:13:38,659 - log - INFO - Evaluating dataset: eurosat
2025-06-10 12:13:38,660 - log - INFO - Starting evaluation with batch size: 64, selection percentage: 0.1
2025-06-10 12:13:38,660 - log - INFO - Test-time adaptation steps: 1, learning rate: 0.005
2025-06-10 12:13:38,660 - log - INFO - Using counter-attack with epsilon: 4.000000, alpha: 0.000000, steps: 2, tau_thres: 0.2, beta: 2.0, weighted perturbation: True
2025-06-10 12:14:48,003 - log - INFO - iter:20/8100, clip_acc1=10.0, tta_acc1=0.0
2025-06-10 12:14:48,003 - log - INFO - iter:20/8100, Original Acc@1: 10.00, Acc@5: 50.00, TTA Acc@1: 0.00, Acc@5: 20.00
2025-06-10 12:15:42,444 - log - INFO - iter:40/8100, clip_acc1=17.5, tta_acc1=0.0
2025-06-10 12:15:42,444 - log - INFO - iter:40/8100, Original Acc@1: 17.50, Acc@5: 67.50, TTA Acc@1: 0.00, Acc@5: 27.50
2025-06-10 12:16:36,230 - log - INFO - iter:60/8100, clip_acc1=13.333333969116211, tta_acc1=0.0
2025-06-10 12:16:36,230 - log - INFO - iter:60/8100, Original Acc@1: 13.33, Acc@5: 65.00, TTA Acc@1: 0.00, Acc@5: 28.33
2025-06-10 12:17:33,942 - log - INFO - iter:80/8100, clip_acc1=13.75, tta_acc1=0.0
2025-06-10 12:17:33,943 - log - INFO - iter:80/8100, Original Acc@1: 13.75, Acc@5: 67.50, TTA Acc@1: 0.00, Acc@5: 30.00
2025-06-10 12:18:27,851 - log - INFO - iter:100/8100, clip_acc1=12.0, tta_acc1=0.0
2025-06-10 12:18:27,851 - log - INFO - iter:100/8100, Original Acc@1: 12.00, Acc@5: 65.00, TTA Acc@1: 0.00, Acc@5: 31.00
2025-06-10 12:19:21,770 - log - INFO - iter:120/8100, clip_acc1=12.500000953674316, tta_acc1=0.0
2025-06-10 12:19:21,770 - log - INFO - iter:120/8100, Original Acc@1: 12.50, Acc@5: 65.83, TTA Acc@1: 0.00, Acc@5: 35.00
2025-06-10 12:20:15,445 - log - INFO - iter:140/8100, clip_acc1=14.285714149475098, tta_acc1=0.0
2025-06-10 12:20:15,446 - log - INFO - iter:140/8100, Original Acc@1: 14.29, Acc@5: 68.57, TTA Acc@1: 0.00, Acc@5: 35.71
2025-06-10 12:21:09,298 - log - INFO - iter:160/8100, clip_acc1=14.375, tta_acc1=0.0
2025-06-10 12:21:09,299 - log - INFO - iter:160/8100, Original Acc@1: 14.38, Acc@5: 69.38, TTA Acc@1: 0.00, Acc@5: 39.38
2025-06-10 12:22:03,097 - log - INFO - iter:180/8100, clip_acc1=14.44444465637207, tta_acc1=0.0
2025-06-10 12:22:03,098 - log - INFO - iter:180/8100, Original Acc@1: 14.44, Acc@5: 69.44, TTA Acc@1: 0.00, Acc@5: 40.00
2025-06-10 12:22:57,070 - log - INFO - iter:200/8100, clip_acc1=16.0, tta_acc1=0.0
2025-06-10 12:22:57,071 - log - INFO - iter:200/8100, Original Acc@1: 16.00, Acc@5: 72.00, TTA Acc@1: 0.00, Acc@5: 42.00
2025-06-10 12:23:50,689 - log - INFO - iter:220/8100, clip_acc1=14.545454025268555, tta_acc1=0.0
2025-06-10 12:23:50,689 - log - INFO - iter:220/8100, Original Acc@1: 14.55, Acc@5: 71.36, TTA Acc@1: 0.00, Acc@5: 42.27
2025-06-10 12:24:44,132 - log - INFO - iter:240/8100, clip_acc1=14.166666984558105, tta_acc1=0.0
2025-06-10 12:24:44,133 - log - INFO - iter:240/8100, Original Acc@1: 14.17, Acc@5: 70.00, TTA Acc@1: 0.00, Acc@5: 40.00
2025-06-10 12:25:37,648 - log - INFO - iter:260/8100, clip_acc1=13.461538314819336, tta_acc1=0.0
2025-06-10 12:25:37,648 - log - INFO - iter:260/8100, Original Acc@1: 13.46, Acc@5: 70.38, TTA Acc@1: 0.00, Acc@5: 40.38
2025-06-10 12:26:31,441 - log - INFO - iter:280/8100, clip_acc1=13.214285850524902, tta_acc1=0.0
2025-06-10 12:26:31,441 - log - INFO - iter:280/8100, Original Acc@1: 13.21, Acc@5: 70.00, TTA Acc@1: 0.00, Acc@5: 41.07
2025-06-10 12:27:25,145 - log - INFO - iter:300/8100, clip_acc1=13.666666984558105, tta_acc1=0.0
2025-06-10 12:27:25,145 - log - INFO - iter:300/8100, Original Acc@1: 13.67, Acc@5: 70.33, TTA Acc@1: 0.00, Acc@5: 42.00
2025-06-10 12:28:19,038 - log - INFO - iter:320/8100, clip_acc1=14.0625, tta_acc1=0.0
2025-06-10 12:28:19,039 - log - INFO - iter:320/8100, Original Acc@1: 14.06, Acc@5: 70.62, TTA Acc@1: 0.00, Acc@5: 41.88
2025-06-10 12:29:12,899 - log - INFO - iter:340/8100, clip_acc1=14.411765098571777, tta_acc1=0.0
2025-06-10 12:29:12,900 - log - INFO - iter:340/8100, Original Acc@1: 14.41, Acc@5: 70.59, TTA Acc@1: 0.00, Acc@5: 41.76
2025-06-10 12:30:06,573 - log - INFO - iter:360/8100, clip_acc1=13.88888931274414, tta_acc1=0.0
2025-06-10 12:30:06,574 - log - INFO - iter:360/8100, Original Acc@1: 13.89, Acc@5: 69.72, TTA Acc@1: 0.00, Acc@5: 40.28
2025-06-10 12:31:00,108 - log - INFO - iter:380/8100, clip_acc1=14.73684310913086, tta_acc1=0.0
2025-06-10 12:31:00,108 - log - INFO - iter:380/8100, Original Acc@1: 14.74, Acc@5: 70.26, TTA Acc@1: 0.00, Acc@5: 40.79
2025-06-10 12:31:53,801 - log - INFO - iter:400/8100, clip_acc1=15.0, tta_acc1=0.0
2025-06-10 12:31:53,801 - log - INFO - iter:400/8100, Original Acc@1: 15.00, Acc@5: 70.25, TTA Acc@1: 0.00, Acc@5: 41.00
2025-06-10 12:32:47,470 - log - INFO - iter:420/8100, clip_acc1=15.000000953674316, tta_acc1=0.0
2025-06-10 12:32:47,470 - log - INFO - iter:420/8100, Original Acc@1: 15.00, Acc@5: 69.76, TTA Acc@1: 0.00, Acc@5: 40.48
2025-06-10 12:33:41,291 - log - INFO - iter:440/8100, clip_acc1=15.454545021057129, tta_acc1=0.0
2025-06-10 12:33:41,292 - log - INFO - iter:440/8100, Original Acc@1: 15.45, Acc@5: 69.55, TTA Acc@1: 0.00, Acc@5: 40.45
2025-06-10 12:34:35,016 - log - INFO - iter:460/8100, clip_acc1=15.434782028198242, tta_acc1=0.0
2025-06-10 12:34:35,017 - log - INFO - iter:460/8100, Original Acc@1: 15.43, Acc@5: 69.78, TTA Acc@1: 0.00, Acc@5: 41.09
2025-06-10 12:35:28,720 - log - INFO - iter:480/8100, clip_acc1=16.041667938232422, tta_acc1=0.0
2025-06-10 12:35:28,720 - log - INFO - iter:480/8100, Original Acc@1: 16.04, Acc@5: 69.38, TTA Acc@1: 0.00, Acc@5: 40.83
2025-06-10 12:36:22,445 - log - INFO - iter:500/8100, clip_acc1=16.400001525878906, tta_acc1=0.0
2025-06-10 12:36:22,445 - log - INFO - iter:500/8100, Original Acc@1: 16.40, Acc@5: 69.20, TTA Acc@1: 0.00, Acc@5: 40.40
2025-06-10 12:37:16,153 - log - INFO - iter:520/8100, clip_acc1=16.153846740722656, tta_acc1=0.0
2025-06-10 12:37:16,154 - log - INFO - iter:520/8100, Original Acc@1: 16.15, Acc@5: 69.04, TTA Acc@1: 0.00, Acc@5: 40.38
2025-06-10 12:38:09,752 - log - INFO - iter:540/8100, clip_acc1=15.925925254821777, tta_acc1=0.0
2025-06-10 12:38:09,752 - log - INFO - iter:540/8100, Original Acc@1: 15.93, Acc@5: 68.89, TTA Acc@1: 0.00, Acc@5: 40.19
2025-06-10 12:39:35,414 - log - INFO - iter:560/8100, clip_acc1=15.714285850524902, tta_acc1=0.0
2025-06-10 12:39:35,415 - log - INFO - iter:560/8100, Original Acc@1: 15.71, Acc@5: 68.57, TTA Acc@1: 0.00, Acc@5: 39.64
2025-06-10 12:41:01,210 - log - INFO - iter:580/8100, clip_acc1=16.20689582824707, tta_acc1=0.0
2025-06-10 12:41:01,210 - log - INFO - iter:580/8100, Original Acc@1: 16.21, Acc@5: 69.14, TTA Acc@1: 0.00, Acc@5: 39.83
2025-06-10 12:41:55,757 - log - INFO - iter:600/8100, clip_acc1=16.166667938232422, tta_acc1=0.0
2025-06-10 12:41:55,757 - log - INFO - iter:600/8100, Original Acc@1: 16.17, Acc@5: 69.67, TTA Acc@1: 0.00, Acc@5: 40.50
2025-06-10 12:42:50,174 - log - INFO - iter:620/8100, clip_acc1=16.129032135009766, tta_acc1=0.0
2025-06-10 12:42:50,175 - log - INFO - iter:620/8100, Original Acc@1: 16.13, Acc@5: 69.52, TTA Acc@1: 0.00, Acc@5: 40.48
2025-06-10 12:43:43,503 - log - INFO - iter:640/8100, clip_acc1=15.9375, tta_acc1=0.0
2025-06-10 12:43:43,504 - log - INFO - iter:640/8100, Original Acc@1: 15.94, Acc@5: 69.53, TTA Acc@1: 0.00, Acc@5: 40.16
2025-06-10 12:44:45,274 - log - INFO - iter:660/8100, clip_acc1=16.212120056152344, tta_acc1=0.0
2025-06-10 12:44:45,275 - log - INFO - iter:660/8100, Original Acc@1: 16.21, Acc@5: 69.39, TTA Acc@1: 0.00, Acc@5: 40.30
2025-06-10 12:45:38,874 - log - INFO - iter:680/8100, clip_acc1=16.176471710205078, tta_acc1=0.0
2025-06-10 12:45:38,874 - log - INFO - iter:680/8100, Original Acc@1: 16.18, Acc@5: 69.56, TTA Acc@1: 0.00, Acc@5: 40.59
2025-06-10 12:46:32,556 - log - INFO - iter:700/8100, clip_acc1=16.571428298950195, tta_acc1=0.0
2025-06-10 12:46:32,556 - log - INFO - iter:700/8100, Original Acc@1: 16.57, Acc@5: 69.57, TTA Acc@1: 0.00, Acc@5: 40.71
2025-06-10 12:47:26,514 - log - INFO - iter:720/8100, clip_acc1=16.80555534362793, tta_acc1=0.0
2025-06-10 12:47:26,515 - log - INFO - iter:720/8100, Original Acc@1: 16.81, Acc@5: 70.28, TTA Acc@1: 0.00, Acc@5: 41.25
2025-06-10 12:48:20,427 - log - INFO - iter:740/8100, clip_acc1=16.62162208557129, tta_acc1=0.0
2025-06-10 12:48:20,427 - log - INFO - iter:740/8100, Original Acc@1: 16.62, Acc@5: 70.00, TTA Acc@1: 0.00, Acc@5: 40.81
2025-06-10 12:49:14,651 - log - INFO - iter:760/8100, clip_acc1=16.3157901763916, tta_acc1=0.0
2025-06-10 12:49:14,651 - log - INFO - iter:760/8100, Original Acc@1: 16.32, Acc@5: 69.21, TTA Acc@1: 0.00, Acc@5: 40.13
2025-06-10 12:50:08,177 - log - INFO - iter:780/8100, clip_acc1=16.28205108642578, tta_acc1=0.0
2025-06-10 12:50:08,178 - log - INFO - iter:780/8100, Original Acc@1: 16.28, Acc@5: 68.85, TTA Acc@1: 0.00, Acc@5: 39.62
2025-06-10 12:51:02,070 - log - INFO - iter:800/8100, clip_acc1=16.375, tta_acc1=0.0
2025-06-10 12:51:02,071 - log - INFO - iter:800/8100, Original Acc@1: 16.38, Acc@5: 69.12, TTA Acc@1: 0.00, Acc@5: 39.62
2025-06-10 12:51:56,229 - log - INFO - iter:820/8100, clip_acc1=16.707317352294922, tta_acc1=0.0
2025-06-10 12:51:56,230 - log - INFO - iter:820/8100, Original Acc@1: 16.71, Acc@5: 69.15, TTA Acc@1: 0.00, Acc@5: 39.51
2025-06-10 12:52:50,153 - log - INFO - iter:840/8100, clip_acc1=16.666667938232422, tta_acc1=0.0
2025-06-10 12:52:50,153 - log - INFO - iter:840/8100, Original Acc@1: 16.67, Acc@5: 68.81, TTA Acc@1: 0.00, Acc@5: 39.64
2025-06-10 12:53:44,063 - log - INFO - iter:860/8100, clip_acc1=16.395349502563477, tta_acc1=0.0
2025-06-10 12:53:44,064 - log - INFO - iter:860/8100, Original Acc@1: 16.40, Acc@5: 68.72, TTA Acc@1: 0.00, Acc@5: 39.65
2025-06-10 12:54:37,959 - log - INFO - iter:880/8100, clip_acc1=16.363636016845703, tta_acc1=0.0
2025-06-10 12:54:37,959 - log - INFO - iter:880/8100, Original Acc@1: 16.36, Acc@5: 68.41, TTA Acc@1: 0.00, Acc@5: 39.77
2025-06-10 12:55:31,520 - log - INFO - iter:900/8100, clip_acc1=16.55555534362793, tta_acc1=0.0
2025-06-10 12:55:31,521 - log - INFO - iter:900/8100, Original Acc@1: 16.56, Acc@5: 68.44, TTA Acc@1: 0.00, Acc@5: 39.89
2025-06-10 12:56:25,052 - log - INFO - iter:920/8100, clip_acc1=16.30434799194336, tta_acc1=0.21739129722118378
2025-06-10 12:56:25,052 - log - INFO - iter:920/8100, Original Acc@1: 16.30, Acc@5: 68.15, TTA Acc@1: 0.22, Acc@5: 40.98
2025-06-10 12:57:17,957 - log - INFO - iter:940/8100, clip_acc1=16.276596069335938, tta_acc1=0.3191489279270172
2025-06-10 12:57:17,958 - log - INFO - iter:940/8100, Original Acc@1: 16.28, Acc@5: 68.09, TTA Acc@1: 0.32, Acc@5: 42.02
2025-06-10 12:58:11,925 - log - INFO - iter:960/8100, clip_acc1=15.937500953674316, tta_acc1=0.7291666865348816
2025-06-10 12:58:11,925 - log - INFO - iter:960/8100, Original Acc@1: 15.94, Acc@5: 67.71, TTA Acc@1: 0.73, Acc@5: 42.71
2025-06-10 12:59:04,367 - log - INFO - iter:980/8100, clip_acc1=15.612244606018066, tta_acc1=0.714285671710968
2025-06-10 12:59:04,368 - log - INFO - iter:980/8100, Original Acc@1: 15.61, Acc@5: 67.35, TTA Acc@1: 0.71, Acc@5: 43.78
2025-06-10 13:00:05,876 - log - INFO - iter:1000/8100, clip_acc1=15.40000057220459, tta_acc1=0.7000000476837158
2025-06-10 13:00:05,876 - log - INFO - iter:1000/8100, Original Acc@1: 15.40, Acc@5: 66.70, TTA Acc@1: 0.70, Acc@5: 44.90
2025-06-10 13:01:01,490 - log - INFO - iter:1020/8100, clip_acc1=15.392157554626465, tta_acc1=0.9803922176361084
2025-06-10 13:01:01,490 - log - INFO - iter:1020/8100, Original Acc@1: 15.39, Acc@5: 66.37, TTA Acc@1: 0.98, Acc@5: 45.98
2025-06-10 13:01:54,775 - log - INFO - iter:1040/8100, clip_acc1=15.288461685180664, tta_acc1=1.1538461446762085
2025-06-10 13:01:54,775 - log - INFO - iter:1040/8100, Original Acc@1: 15.29, Acc@5: 66.35, TTA Acc@1: 1.15, Acc@5: 46.83
2025-06-10 13:02:48,792 - log - INFO - iter:1060/8100, clip_acc1=15.094339370727539, tta_acc1=1.132075548171997
2025-06-10 13:02:48,792 - log - INFO - iter:1060/8100, Original Acc@1: 15.09, Acc@5: 65.85, TTA Acc@1: 1.13, Acc@5: 47.55
2025-06-10 13:03:42,688 - log - INFO - iter:1080/8100, clip_acc1=14.9074068069458, tta_acc1=1.2037036418914795
2025-06-10 13:03:42,688 - log - INFO - iter:1080/8100, Original Acc@1: 14.91, Acc@5: 65.74, TTA Acc@1: 1.20, Acc@5: 48.52
2025-06-10 13:04:36,619 - log - INFO - iter:1100/8100, clip_acc1=14.818181991577148, tta_acc1=1.3636363744735718
2025-06-10 13:04:36,620 - log - INFO - iter:1100/8100, Original Acc@1: 14.82, Acc@5: 65.73, TTA Acc@1: 1.36, Acc@5: 49.45
2025-06-10 13:05:30,349 - log - INFO - iter:1120/8100, clip_acc1=14.553571701049805, tta_acc1=1.7857142686843872
2025-06-10 13:05:30,349 - log - INFO - iter:1120/8100, Original Acc@1: 14.55, Acc@5: 65.62, TTA Acc@1: 1.79, Acc@5: 50.36
2025-06-10 13:06:23,505 - log - INFO - iter:1140/8100, clip_acc1=14.473684310913086, tta_acc1=1.8421052694320679
2025-06-10 13:06:23,506 - log - INFO - iter:1140/8100, Original Acc@1: 14.47, Acc@5: 65.26, TTA Acc@1: 1.84, Acc@5: 50.79
2025-06-10 13:07:17,024 - log - INFO - iter:1160/8100, clip_acc1=14.310344696044922, tta_acc1=2.068965435028076
2025-06-10 13:07:17,025 - log - INFO - iter:1160/8100, Original Acc@1: 14.31, Acc@5: 65.00, TTA Acc@1: 2.07, Acc@5: 51.47
2025-06-10 13:08:11,111 - log - INFO - iter:1180/8100, clip_acc1=14.06779670715332, tta_acc1=2.288135528564453
2025-06-10 13:08:11,112 - log - INFO - iter:1180/8100, Original Acc@1: 14.07, Acc@5: 64.83, TTA Acc@1: 2.29, Acc@5: 52.12
2025-06-10 13:09:04,789 - log - INFO - iter:1200/8100, clip_acc1=14.166666984558105, tta_acc1=2.3333334922790527
2025-06-10 13:09:04,789 - log - INFO - iter:1200/8100, Original Acc@1: 14.17, Acc@5: 65.08, TTA Acc@1: 2.33, Acc@5: 52.67
2025-06-10 13:09:58,681 - log - INFO - iter:1220/8100, clip_acc1=14.016393661499023, tta_acc1=2.4590163230895996
2025-06-10 13:09:58,682 - log - INFO - iter:1220/8100, Original Acc@1: 14.02, Acc@5: 65.00, TTA Acc@1: 2.46, Acc@5: 53.36
2025-06-10 13:10:52,605 - log - INFO - iter:1240/8100, clip_acc1=13.870967864990234, tta_acc1=2.7419354915618896
2025-06-10 13:10:52,605 - log - INFO - iter:1240/8100, Original Acc@1: 13.87, Acc@5: 64.76, TTA Acc@1: 2.74, Acc@5: 54.03
2025-06-10 13:11:46,038 - log - INFO - iter:1260/8100, clip_acc1=13.809523582458496, tta_acc1=2.857142925262451
2025-06-10 13:11:46,038 - log - INFO - iter:1260/8100, Original Acc@1: 13.81, Acc@5: 64.68, TTA Acc@1: 2.86, Acc@5: 54.76
2025-06-10 13:12:50,189 - log - INFO - iter:1280/8100, clip_acc1=13.59375, tta_acc1=2.8125
2025-06-10 13:12:50,189 - log - INFO - iter:1280/8100, Original Acc@1: 13.59, Acc@5: 64.45, TTA Acc@1: 2.81, Acc@5: 55.47
2025-06-10 13:13:44,240 - log - INFO - iter:1300/8100, clip_acc1=13.384614944458008, tta_acc1=2.923076868057251
2025-06-10 13:13:44,241 - log - INFO - iter:1300/8100, Original Acc@1: 13.38, Acc@5: 64.23, TTA Acc@1: 2.92, Acc@5: 55.92
2025-06-10 13:14:38,227 - log - INFO - iter:1320/8100, clip_acc1=13.181818008422852, tta_acc1=2.954545259475708
2025-06-10 13:14:38,228 - log - INFO - iter:1320/8100, Original Acc@1: 13.18, Acc@5: 63.94, TTA Acc@1: 2.95, Acc@5: 56.29
2025-06-10 13:15:32,372 - log - INFO - iter:1340/8100, clip_acc1=13.134328842163086, tta_acc1=3.2089552879333496
2025-06-10 13:15:32,373 - log - INFO - iter:1340/8100, Original Acc@1: 13.13, Acc@5: 63.81, TTA Acc@1: 3.21, Acc@5: 56.79
2025-06-10 13:16:26,125 - log - INFO - iter:1360/8100, clip_acc1=13.0147066116333, tta_acc1=3.308823585510254
2025-06-10 13:16:26,125 - log - INFO - iter:1360/8100, Original Acc@1: 13.01, Acc@5: 63.90, TTA Acc@1: 3.31, Acc@5: 57.28
2025-06-10 13:17:28,488 - log - INFO - iter:1380/8100, clip_acc1=12.898550987243652, tta_acc1=3.3333334922790527
2025-06-10 13:17:28,489 - log - INFO - iter:1380/8100, Original Acc@1: 12.90, Acc@5: 63.48, TTA Acc@1: 3.33, Acc@5: 57.83
2025-06-10 13:18:44,353 - log - INFO - iter:1400/8100, clip_acc1=12.714285850524902, tta_acc1=3.2857141494750977
2025-06-10 13:18:44,354 - log - INFO - iter:1400/8100, Original Acc@1: 12.71, Acc@5: 63.50, TTA Acc@1: 3.29, Acc@5: 58.43
2025-06-10 13:19:45,179 - log - INFO - iter:1420/8100, clip_acc1=12.535210609436035, tta_acc1=3.5915491580963135
2025-06-10 13:19:45,179 - log - INFO - iter:1420/8100, Original Acc@1: 12.54, Acc@5: 63.45, TTA Acc@1: 3.59, Acc@5: 58.87
2025-06-10 13:20:38,566 - log - INFO - iter:1440/8100, clip_acc1=12.430556297302246, tta_acc1=3.6111111640930176
2025-06-10 13:20:38,566 - log - INFO - iter:1440/8100, Original Acc@1: 12.43, Acc@5: 63.12, TTA Acc@1: 3.61, Acc@5: 59.17
2025-06-10 13:21:34,634 - log - INFO - iter:1460/8100, clip_acc1=12.260273933410645, tta_acc1=3.6301369667053223
2025-06-10 13:21:34,635 - log - INFO - iter:1460/8100, Original Acc@1: 12.26, Acc@5: 62.60, TTA Acc@1: 3.63, Acc@5: 59.73
2025-06-10 13:22:28,643 - log - INFO - iter:1480/8100, clip_acc1=12.162162780761719, tta_acc1=3.7162163257598877
2025-06-10 13:22:28,643 - log - INFO - iter:1480/8100, Original Acc@1: 12.16, Acc@5: 62.43, TTA Acc@1: 3.72, Acc@5: 60.27
2025-06-10 13:23:23,447 - log - INFO - iter:1500/8100, clip_acc1=12.0, tta_acc1=3.799999952316284
2025-06-10 13:23:23,447 - log - INFO - iter:1500/8100, Original Acc@1: 12.00, Acc@5: 62.27, TTA Acc@1: 3.80, Acc@5: 60.60
2025-06-10 13:24:20,777 - log - INFO - iter:1520/8100, clip_acc1=11.9078950881958, tta_acc1=3.8815791606903076
2025-06-10 13:24:20,778 - log - INFO - iter:1520/8100, Original Acc@1: 11.91, Acc@5: 62.43, TTA Acc@1: 3.88, Acc@5: 61.12
2025-06-10 13:25:14,326 - log - INFO - iter:1540/8100, clip_acc1=11.818181991577148, tta_acc1=3.961038827896118
2025-06-10 13:25:14,326 - log - INFO - iter:1540/8100, Original Acc@1: 11.82, Acc@5: 62.34, TTA Acc@1: 3.96, Acc@5: 61.62
2025-06-10 13:26:08,326 - log - INFO - iter:1560/8100, clip_acc1=11.794872283935547, tta_acc1=3.9743590354919434
2025-06-10 13:26:08,326 - log - INFO - iter:1560/8100, Original Acc@1: 11.79, Acc@5: 62.56, TTA Acc@1: 3.97, Acc@5: 62.05
2025-06-10 13:27:02,441 - log - INFO - iter:1580/8100, clip_acc1=11.772151947021484, tta_acc1=3.98734188079834
2025-06-10 13:27:02,441 - log - INFO - iter:1580/8100, Original Acc@1: 11.77, Acc@5: 62.59, TTA Acc@1: 3.99, Acc@5: 62.34
2025-06-10 13:27:56,435 - log - INFO - iter:1600/8100, clip_acc1=11.625, tta_acc1=4.0
2025-06-10 13:27:56,435 - log - INFO - iter:1600/8100, Original Acc@1: 11.62, Acc@5: 62.69, TTA Acc@1: 4.00, Acc@5: 62.81
2025-06-10 13:28:50,425 - log - INFO - iter:1620/8100, clip_acc1=11.604938507080078, tta_acc1=3.950617551803589
2025-06-10 13:28:50,425 - log - INFO - iter:1620/8100, Original Acc@1: 11.60, Acc@5: 62.65, TTA Acc@1: 3.95, Acc@5: 63.27
2025-06-10 13:29:44,410 - log - INFO - iter:1640/8100, clip_acc1=11.52439022064209, tta_acc1=4.02439022064209
2025-06-10 13:29:44,411 - log - INFO - iter:1640/8100, Original Acc@1: 11.52, Acc@5: 62.44, TTA Acc@1: 4.02, Acc@5: 63.54
2025-06-10 13:30:37,854 - log - INFO - iter:1660/8100, clip_acc1=11.566265106201172, tta_acc1=4.096385478973389
2025-06-10 13:30:37,854 - log - INFO - iter:1660/8100, Original Acc@1: 11.57, Acc@5: 62.35, TTA Acc@1: 4.10, Acc@5: 63.80
2025-06-10 13:31:31,166 - log - INFO - iter:1680/8100, clip_acc1=11.4880952835083, tta_acc1=4.1666669845581055
2025-06-10 13:31:31,167 - log - INFO - iter:1680/8100, Original Acc@1: 11.49, Acc@5: 62.26, TTA Acc@1: 4.17, Acc@5: 64.23
2025-06-10 13:32:25,162 - log - INFO - iter:1700/8100, clip_acc1=11.470587730407715, tta_acc1=4.235293865203857
2025-06-10 13:32:25,162 - log - INFO - iter:1700/8100, Original Acc@1: 11.47, Acc@5: 62.12, TTA Acc@1: 4.24, Acc@5: 64.65
2025-06-10 13:33:18,293 - log - INFO - iter:1720/8100, clip_acc1=11.337209701538086, tta_acc1=4.244185924530029
2025-06-10 13:33:18,294 - log - INFO - iter:1720/8100, Original Acc@1: 11.34, Acc@5: 62.15, TTA Acc@1: 4.24, Acc@5: 65.00
2025-06-10 13:34:11,730 - log - INFO - iter:1740/8100, clip_acc1=11.321839332580566, tta_acc1=4.310344696044922
2025-06-10 13:34:11,730 - log - INFO - iter:1740/8100, Original Acc@1: 11.32, Acc@5: 62.13, TTA Acc@1: 4.31, Acc@5: 65.40
2025-06-10 13:35:08,436 - log - INFO - iter:1760/8100, clip_acc1=11.306818008422852, tta_acc1=4.375
2025-06-10 13:35:08,437 - log - INFO - iter:1760/8100, Original Acc@1: 11.31, Acc@5: 61.99, TTA Acc@1: 4.38, Acc@5: 65.62
2025-06-10 13:36:02,513 - log - INFO - iter:1780/8100, clip_acc1=11.17977523803711, tta_acc1=4.438202381134033
2025-06-10 13:36:02,514 - log - INFO - iter:1780/8100, Original Acc@1: 11.18, Acc@5: 61.80, TTA Acc@1: 4.44, Acc@5: 65.96
2025-06-10 13:36:56,645 - log - INFO - iter:1800/8100, clip_acc1=11.166666984558105, tta_acc1=4.44444465637207
2025-06-10 13:36:56,645 - log - INFO - iter:1800/8100, Original Acc@1: 11.17, Acc@5: 61.83, TTA Acc@1: 4.44, Acc@5: 66.28
2025-06-10 13:37:50,802 - log - INFO - iter:1820/8100, clip_acc1=11.043956756591797, tta_acc1=4.395604610443115
2025-06-10 13:37:50,803 - log - INFO - iter:1820/8100, Original Acc@1: 11.04, Acc@5: 61.43, TTA Acc@1: 4.40, Acc@5: 65.82
2025-06-10 13:38:44,844 - log - INFO - iter:1840/8100, clip_acc1=10.92391300201416, tta_acc1=4.34782600402832
2025-06-10 13:38:44,845 - log - INFO - iter:1840/8100, Original Acc@1: 10.92, Acc@5: 60.98, TTA Acc@1: 4.35, Acc@5: 65.33
2025-06-10 13:39:38,682 - log - INFO - iter:1860/8100, clip_acc1=10.806451797485352, tta_acc1=4.354838848114014
2025-06-10 13:39:38,682 - log - INFO - iter:1860/8100, Original Acc@1: 10.81, Acc@5: 60.54, TTA Acc@1: 4.35, Acc@5: 64.89
2025-06-10 13:40:32,807 - log - INFO - iter:1880/8100, clip_acc1=10.691489219665527, tta_acc1=4.3085103034973145
2025-06-10 13:40:32,807 - log - INFO - iter:1880/8100, Original Acc@1: 10.69, Acc@5: 60.16, TTA Acc@1: 4.31, Acc@5: 64.31
2025-06-10 13:41:26,853 - log - INFO - iter:1900/8100, clip_acc1=10.578947067260742, tta_acc1=4.263157844543457
2025-06-10 13:41:26,854 - log - INFO - iter:1900/8100, Original Acc@1: 10.58, Acc@5: 59.68, TTA Acc@1: 4.26, Acc@5: 63.89
2025-06-10 13:42:20,730 - log - INFO - iter:1920/8100, clip_acc1=10.468750953674316, tta_acc1=4.21875
2025-06-10 13:42:20,731 - log - INFO - iter:1920/8100, Original Acc@1: 10.47, Acc@5: 59.32, TTA Acc@1: 4.22, Acc@5: 63.59
2025-06-10 13:43:14,885 - log - INFO - iter:1940/8100, clip_acc1=10.360825538635254, tta_acc1=4.175257682800293
2025-06-10 13:43:14,885 - log - INFO - iter:1940/8100, Original Acc@1: 10.36, Acc@5: 58.97, TTA Acc@1: 4.18, Acc@5: 63.25
2025-06-10 13:44:09,120 - log - INFO - iter:1960/8100, clip_acc1=10.255101203918457, tta_acc1=4.132652759552002
2025-06-10 13:44:09,120 - log - INFO - iter:1960/8100, Original Acc@1: 10.26, Acc@5: 58.52, TTA Acc@1: 4.13, Acc@5: 62.86
2025-06-10 13:45:03,136 - log - INFO - iter:1980/8100, clip_acc1=10.15151596069336, tta_acc1=4.090909481048584
2025-06-10 13:45:03,136 - log - INFO - iter:1980/8100, Original Acc@1: 10.15, Acc@5: 58.18, TTA Acc@1: 4.09, Acc@5: 62.32
2025-06-10 13:45:57,347 - log - INFO - iter:2000/8100, clip_acc1=10.050000190734863, tta_acc1=4.050000190734863
2025-06-10 13:45:57,348 - log - INFO - iter:2000/8100, Original Acc@1: 10.05, Acc@5: 57.90, TTA Acc@1: 4.05, Acc@5: 62.05
2025-06-10 13:46:51,656 - log - INFO - iter:2020/8100, clip_acc1=9.950495719909668, tta_acc1=4.00990104675293
2025-06-10 13:46:51,657 - log - INFO - iter:2020/8100, Original Acc@1: 9.95, Acc@5: 57.48, TTA Acc@1: 4.01, Acc@5: 61.68
2025-06-10 13:47:45,786 - log - INFO - iter:2040/8100, clip_acc1=9.852941513061523, tta_acc1=3.970588445663452
2025-06-10 13:47:45,786 - log - INFO - iter:2040/8100, Original Acc@1: 9.85, Acc@5: 57.25, TTA Acc@1: 3.97, Acc@5: 61.37
2025-06-10 13:48:39,857 - log - INFO - iter:2060/8100, clip_acc1=9.757281303405762, tta_acc1=3.9320390224456787
2025-06-10 13:48:39,858 - log - INFO - iter:2060/8100, Original Acc@1: 9.76, Acc@5: 57.09, TTA Acc@1: 3.93, Acc@5: 61.21
2025-06-10 13:49:33,586 - log - INFO - iter:2080/8100, clip_acc1=9.663461685180664, tta_acc1=3.894230842590332
2025-06-10 13:49:33,586 - log - INFO - iter:2080/8100, Original Acc@1: 9.66, Acc@5: 56.78, TTA Acc@1: 3.89, Acc@5: 60.91
2025-06-10 13:50:27,541 - log - INFO - iter:2100/8100, clip_acc1=9.571428298950195, tta_acc1=3.857142925262451
2025-06-10 13:50:27,542 - log - INFO - iter:2100/8100, Original Acc@1: 9.57, Acc@5: 56.38, TTA Acc@1: 3.86, Acc@5: 60.52
2025-06-10 13:51:21,322 - log - INFO - iter:2120/8100, clip_acc1=9.481132507324219, tta_acc1=3.8207547664642334
2025-06-10 13:51:21,322 - log - INFO - iter:2120/8100, Original Acc@1: 9.48, Acc@5: 56.08, TTA Acc@1: 3.82, Acc@5: 60.14
2025-06-10 13:52:15,314 - log - INFO - iter:2140/8100, clip_acc1=9.392523765563965, tta_acc1=3.7850468158721924
2025-06-10 13:52:15,315 - log - INFO - iter:2140/8100, Original Acc@1: 9.39, Acc@5: 55.75, TTA Acc@1: 3.79, Acc@5: 60.00
2025-06-10 13:53:09,242 - log - INFO - iter:2160/8100, clip_acc1=9.30555534362793, tta_acc1=3.75
2025-06-10 13:53:09,243 - log - INFO - iter:2160/8100, Original Acc@1: 9.31, Acc@5: 55.60, TTA Acc@1: 3.75, Acc@5: 59.68
2025-06-10 13:54:03,271 - log - INFO - iter:2180/8100, clip_acc1=9.220183372497559, tta_acc1=3.7155964374542236
2025-06-10 13:54:03,271 - log - INFO - iter:2180/8100, Original Acc@1: 9.22, Acc@5: 55.41, TTA Acc@1: 3.72, Acc@5: 59.40
2025-06-10 13:54:57,503 - log - INFO - iter:2200/8100, clip_acc1=9.136363983154297, tta_acc1=3.6818182468414307
2025-06-10 13:54:57,504 - log - INFO - iter:2200/8100, Original Acc@1: 9.14, Acc@5: 55.14, TTA Acc@1: 3.68, Acc@5: 59.14
2025-06-10 13:55:51,468 - log - INFO - iter:2220/8100, clip_acc1=9.054054260253906, tta_acc1=3.648648738861084
2025-06-10 13:55:51,468 - log - INFO - iter:2220/8100, Original Acc@1: 9.05, Acc@5: 54.82, TTA Acc@1: 3.65, Acc@5: 58.87
2025-06-10 13:56:45,722 - log - INFO - iter:2240/8100, clip_acc1=8.973214149475098, tta_acc1=3.6160714626312256
2025-06-10 13:56:45,723 - log - INFO - iter:2240/8100, Original Acc@1: 8.97, Acc@5: 54.51, TTA Acc@1: 3.62, Acc@5: 58.88
2025-06-10 13:57:40,152 - log - INFO - iter:2260/8100, clip_acc1=8.893805503845215, tta_acc1=3.5840706825256348
2025-06-10 13:57:40,152 - log - INFO - iter:2260/8100, Original Acc@1: 8.89, Acc@5: 54.38, TTA Acc@1: 3.58, Acc@5: 58.72
2025-06-10 13:58:34,314 - log - INFO - iter:2280/8100, clip_acc1=8.815789222717285, tta_acc1=3.5526316165924072
2025-06-10 13:58:34,314 - log - INFO - iter:2280/8100, Original Acc@1: 8.82, Acc@5: 54.12, TTA Acc@1: 3.55, Acc@5: 58.55
2025-06-10 13:59:28,528 - log - INFO - iter:2300/8100, clip_acc1=8.739130973815918, tta_acc1=3.5217392444610596
2025-06-10 13:59:28,528 - log - INFO - iter:2300/8100, Original Acc@1: 8.74, Acc@5: 53.83, TTA Acc@1: 3.52, Acc@5: 58.35
2025-06-10 14:00:22,487 - log - INFO - iter:2320/8100, clip_acc1=8.663792610168457, tta_acc1=3.4913792610168457
2025-06-10 14:00:22,487 - log - INFO - iter:2320/8100, Original Acc@1: 8.66, Acc@5: 53.45, TTA Acc@1: 3.49, Acc@5: 58.06
2025-06-10 14:01:16,473 - log - INFO - iter:2340/8100, clip_acc1=8.632478713989258, tta_acc1=3.461538553237915
2025-06-10 14:01:16,474 - log - INFO - iter:2340/8100, Original Acc@1: 8.63, Acc@5: 53.33, TTA Acc@1: 3.46, Acc@5: 57.82
2025-06-10 14:02:10,574 - log - INFO - iter:2360/8100, clip_acc1=8.559322357177734, tta_acc1=3.4322032928466797
2025-06-10 14:02:10,574 - log - INFO - iter:2360/8100, Original Acc@1: 8.56, Acc@5: 53.18, TTA Acc@1: 3.43, Acc@5: 57.63
2025-06-10 14:03:05,168 - log - INFO - iter:2380/8100, clip_acc1=8.487395286560059, tta_acc1=3.4033613204956055
2025-06-10 14:03:05,168 - log - INFO - iter:2380/8100, Original Acc@1: 8.49, Acc@5: 53.03, TTA Acc@1: 3.40, Acc@5: 57.39
2025-06-10 14:03:59,253 - log - INFO - iter:2400/8100, clip_acc1=8.416666984558105, tta_acc1=3.375
2025-06-10 14:03:59,253 - log - INFO - iter:2400/8100, Original Acc@1: 8.42, Acc@5: 52.79, TTA Acc@1: 3.38, Acc@5: 57.17
2025-06-10 14:04:53,799 - log - INFO - iter:2420/8100, clip_acc1=8.347107887268066, tta_acc1=3.347107410430908
2025-06-10 14:04:53,799 - log - INFO - iter:2420/8100, Original Acc@1: 8.35, Acc@5: 52.56, TTA Acc@1: 3.35, Acc@5: 56.90
2025-06-10 14:05:47,437 - log - INFO - iter:2440/8100, clip_acc1=8.278688430786133, tta_acc1=3.3606557846069336
2025-06-10 14:05:47,438 - log - INFO - iter:2440/8100, Original Acc@1: 8.28, Acc@5: 52.38, TTA Acc@1: 3.36, Acc@5: 56.72
2025-06-10 14:06:41,752 - log - INFO - iter:2460/8100, clip_acc1=8.211381912231445, tta_acc1=3.3333332538604736
2025-06-10 14:06:41,753 - log - INFO - iter:2460/8100, Original Acc@1: 8.21, Acc@5: 52.07, TTA Acc@1: 3.33, Acc@5: 56.42
2025-06-10 14:07:35,882 - log - INFO - iter:2480/8100, clip_acc1=8.185483932495117, tta_acc1=3.3064515590667725
2025-06-10 14:07:35,883 - log - INFO - iter:2480/8100, Original Acc@1: 8.19, Acc@5: 51.98, TTA Acc@1: 3.31, Acc@5: 56.25
2025-06-10 14:08:30,073 - log - INFO - iter:2500/8100, clip_acc1=8.119999885559082, tta_acc1=3.319999933242798
2025-06-10 14:08:30,074 - log - INFO - iter:2500/8100, Original Acc@1: 8.12, Acc@5: 51.84, TTA Acc@1: 3.32, Acc@5: 56.32
2025-06-10 14:09:24,258 - log - INFO - iter:2520/8100, clip_acc1=8.05555534362793, tta_acc1=3.2936508655548096
2025-06-10 14:09:24,258 - log - INFO - iter:2520/8100, Original Acc@1: 8.06, Acc@5: 51.59, TTA Acc@1: 3.29, Acc@5: 56.31
2025-06-10 14:10:18,482 - log - INFO - iter:2540/8100, clip_acc1=7.992125988006592, tta_acc1=3.307086706161499
2025-06-10 14:10:18,483 - log - INFO - iter:2540/8100, Original Acc@1: 7.99, Acc@5: 51.30, TTA Acc@1: 3.31, Acc@5: 56.10
2025-06-10 14:11:12,646 - log - INFO - iter:2560/8100, clip_acc1=7.9296875, tta_acc1=3.28125
2025-06-10 14:11:12,646 - log - INFO - iter:2560/8100, Original Acc@1: 7.93, Acc@5: 51.05, TTA Acc@1: 3.28, Acc@5: 55.82
2025-06-10 14:12:06,678 - log - INFO - iter:2580/8100, clip_acc1=7.8682169914245605, tta_acc1=3.2558138370513916
2025-06-10 14:12:06,679 - log - INFO - iter:2580/8100, Original Acc@1: 7.87, Acc@5: 51.01, TTA Acc@1: 3.26, Acc@5: 55.54
2025-06-10 14:13:00,792 - log - INFO - iter:2600/8100, clip_acc1=7.807692527770996, tta_acc1=3.230769157409668
2025-06-10 14:13:00,793 - log - INFO - iter:2600/8100, Original Acc@1: 7.81, Acc@5: 50.77, TTA Acc@1: 3.23, Acc@5: 55.35
2025-06-10 14:13:54,260 - log - INFO - iter:2620/8100, clip_acc1=7.748091697692871, tta_acc1=3.2061069011688232
2025-06-10 14:13:54,261 - log - INFO - iter:2620/8100, Original Acc@1: 7.75, Acc@5: 50.61, TTA Acc@1: 3.21, Acc@5: 55.23
2025-06-10 14:14:48,188 - log - INFO - iter:2640/8100, clip_acc1=7.689393520355225, tta_acc1=3.2196967601776123
2025-06-10 14:14:48,189 - log - INFO - iter:2640/8100, Original Acc@1: 7.69, Acc@5: 50.45, TTA Acc@1: 3.22, Acc@5: 55.08
2025-06-10 14:15:42,361 - log - INFO - iter:2660/8100, clip_acc1=7.6315789222717285, tta_acc1=3.195488691329956
2025-06-10 14:15:42,361 - log - INFO - iter:2660/8100, Original Acc@1: 7.63, Acc@5: 50.30, TTA Acc@1: 3.20, Acc@5: 54.96
2025-06-10 14:16:36,094 - log - INFO - iter:2680/8100, clip_acc1=7.574626922607422, tta_acc1=3.1716418266296387
2025-06-10 14:16:36,095 - log - INFO - iter:2680/8100, Original Acc@1: 7.57, Acc@5: 50.11, TTA Acc@1: 3.17, Acc@5: 54.81
2025-06-10 14:17:29,174 - log - INFO - iter:2700/8100, clip_acc1=7.518518447875977, tta_acc1=3.1481480598449707
2025-06-10 14:17:29,175 - log - INFO - iter:2700/8100, Original Acc@1: 7.52, Acc@5: 49.89, TTA Acc@1: 3.15, Acc@5: 54.63
2025-06-10 14:18:23,511 - log - INFO - iter:2720/8100, clip_acc1=7.683823585510254, tta_acc1=3.492647171020508
2025-06-10 14:18:23,511 - log - INFO - iter:2720/8100, Original Acc@1: 7.68, Acc@5: 50.11, TTA Acc@1: 3.49, Acc@5: 54.96
2025-06-10 14:19:17,382 - log - INFO - iter:2740/8100, clip_acc1=7.7372260093688965, tta_acc1=3.978101968765259
2025-06-10 14:19:17,383 - log - INFO - iter:2740/8100, Original Acc@1: 7.74, Acc@5: 50.29, TTA Acc@1: 3.98, Acc@5: 55.26
2025-06-10 14:20:11,500 - log - INFO - iter:2760/8100, clip_acc1=7.862318992614746, tta_acc1=4.384057998657227
2025-06-10 14:20:11,500 - log - INFO - iter:2760/8100, Original Acc@1: 7.86, Acc@5: 50.43, TTA Acc@1: 4.38, Acc@5: 55.54
2025-06-10 14:21:05,714 - log - INFO - iter:2780/8100, clip_acc1=8.057554244995117, tta_acc1=4.856114864349365
2025-06-10 14:21:05,715 - log - INFO - iter:2780/8100, Original Acc@1: 8.06, Acc@5: 50.58, TTA Acc@1: 4.86, Acc@5: 55.86
2025-06-10 14:21:59,836 - log - INFO - iter:2800/8100, clip_acc1=8.25, tta_acc1=5.321428298950195
2025-06-10 14:21:59,836 - log - INFO - iter:2800/8100, Original Acc@1: 8.25, Acc@5: 50.71, TTA Acc@1: 5.32, Acc@5: 56.18
2025-06-10 14:22:55,111 - log - INFO - iter:2820/8100, clip_acc1=8.333333015441895, tta_acc1=5.744680881500244
2025-06-10 14:22:55,112 - log - INFO - iter:2820/8100, Original Acc@1: 8.33, Acc@5: 50.92, TTA Acc@1: 5.74, Acc@5: 56.49
2025-06-10 14:23:49,552 - log - INFO - iter:2840/8100, clip_acc1=8.380281448364258, tta_acc1=6.161971569061279
2025-06-10 14:23:49,553 - log - INFO - iter:2840/8100, Original Acc@1: 8.38, Acc@5: 50.95, TTA Acc@1: 6.16, Acc@5: 56.73
2025-06-10 14:24:43,580 - log - INFO - iter:2860/8100, clip_acc1=8.496503829956055, tta_acc1=6.608391761779785
2025-06-10 14:24:43,581 - log - INFO - iter:2860/8100, Original Acc@1: 8.50, Acc@5: 51.15, TTA Acc@1: 6.61, Acc@5: 56.99
2025-06-10 14:25:37,288 - log - INFO - iter:2880/8100, clip_acc1=8.715277671813965, tta_acc1=6.94444465637207
2025-06-10 14:25:37,288 - log - INFO - iter:2880/8100, Original Acc@1: 8.72, Acc@5: 51.32, TTA Acc@1: 6.94, Acc@5: 57.29
2025-06-10 14:26:32,468 - log - INFO - iter:2900/8100, clip_acc1=8.931035041809082, tta_acc1=7.448276042938232
2025-06-10 14:26:32,468 - log - INFO - iter:2900/8100, Original Acc@1: 8.93, Acc@5: 51.52, TTA Acc@1: 7.45, Acc@5: 57.59
2025-06-10 14:27:27,023 - log - INFO - iter:2920/8100, clip_acc1=9.109589576721191, tta_acc1=7.842465877532959
2025-06-10 14:27:27,023 - log - INFO - iter:2920/8100, Original Acc@1: 9.11, Acc@5: 51.61, TTA Acc@1: 7.84, Acc@5: 57.88
2025-06-10 14:28:21,137 - log - INFO - iter:2940/8100, clip_acc1=9.149660110473633, tta_acc1=8.163265228271484
2025-06-10 14:28:21,137 - log - INFO - iter:2940/8100, Original Acc@1: 9.15, Acc@5: 51.73, TTA Acc@1: 8.16, Acc@5: 58.10
2025-06-10 14:29:18,728 - log - INFO - iter:2960/8100, clip_acc1=9.222972869873047, tta_acc1=8.445945739746094
2025-06-10 14:29:18,729 - log - INFO - iter:2960/8100, Original Acc@1: 9.22, Acc@5: 51.96, TTA Acc@1: 8.45, Acc@5: 58.38
2025-06-10 14:30:12,928 - log - INFO - iter:2980/8100, clip_acc1=9.26174545288086, tta_acc1=8.926175117492676
2025-06-10 14:30:12,928 - log - INFO - iter:2980/8100, Original Acc@1: 9.26, Acc@5: 52.15, TTA Acc@1: 8.93, Acc@5: 58.66
2025-06-10 14:31:06,827 - log - INFO - iter:3000/8100, clip_acc1=9.366666793823242, tta_acc1=9.300000190734863
2025-06-10 14:31:06,828 - log - INFO - iter:3000/8100, Original Acc@1: 9.37, Acc@5: 52.30, TTA Acc@1: 9.30, Acc@5: 58.93
2025-06-10 14:32:00,818 - log - INFO - iter:3020/8100, clip_acc1=9.470198631286621, tta_acc1=9.735099792480469
2025-06-10 14:32:00,818 - log - INFO - iter:3020/8100, Original Acc@1: 9.47, Acc@5: 52.48, TTA Acc@1: 9.74, Acc@5: 59.21
2025-06-10 14:32:55,231 - log - INFO - iter:3040/8100, clip_acc1=9.605263710021973, tta_acc1=10.065790176391602
2025-06-10 14:32:55,231 - log - INFO - iter:3040/8100, Original Acc@1: 9.61, Acc@5: 52.57, TTA Acc@1: 10.07, Acc@5: 59.41
2025-06-10 14:33:49,376 - log - INFO - iter:3060/8100, clip_acc1=9.771242141723633, tta_acc1=10.424837112426758
2025-06-10 14:33:49,376 - log - INFO - iter:3060/8100, Original Acc@1: 9.77, Acc@5: 52.78, TTA Acc@1: 10.42, Acc@5: 59.67
2025-06-10 14:34:43,351 - log - INFO - iter:3080/8100, clip_acc1=9.805194854736328, tta_acc1=10.746752738952637
2025-06-10 14:34:43,351 - log - INFO - iter:3080/8100, Original Acc@1: 9.81, Acc@5: 52.92, TTA Acc@1: 10.75, Acc@5: 59.90
2025-06-10 14:35:37,770 - log - INFO - iter:3100/8100, clip_acc1=9.870967864990234, tta_acc1=11.129033088684082
2025-06-10 14:35:37,770 - log - INFO - iter:3100/8100, Original Acc@1: 9.87, Acc@5: 53.13, TTA Acc@1: 11.13, Acc@5: 60.16
2025-06-10 14:36:31,946 - log - INFO - iter:3120/8100, clip_acc1=10.0, tta_acc1=11.378205299377441
2025-06-10 14:36:31,946 - log - INFO - iter:3120/8100, Original Acc@1: 10.00, Acc@5: 53.40, TTA Acc@1: 11.38, Acc@5: 60.42
2025-06-10 14:37:25,877 - log - INFO - iter:3140/8100, clip_acc1=10.127388954162598, tta_acc1=11.84713363647461
2025-06-10 14:37:25,878 - log - INFO - iter:3140/8100, Original Acc@1: 10.13, Acc@5: 53.54, TTA Acc@1: 11.85, Acc@5: 60.64
2025-06-10 14:38:21,868 - log - INFO - iter:3160/8100, clip_acc1=10.221519470214844, tta_acc1=12.246835708618164
2025-06-10 14:38:21,869 - log - INFO - iter:3160/8100, Original Acc@1: 10.22, Acc@5: 53.67, TTA Acc@1: 12.25, Acc@5: 60.89
2025-06-10 14:39:16,055 - log - INFO - iter:3180/8100, clip_acc1=10.377358436584473, tta_acc1=12.641509056091309
2025-06-10 14:39:16,056 - log - INFO - iter:3180/8100, Original Acc@1: 10.38, Acc@5: 53.90, TTA Acc@1: 12.64, Acc@5: 61.10
2025-06-10 14:40:10,209 - log - INFO - iter:3200/8100, clip_acc1=10.4375, tta_acc1=12.96875
2025-06-10 14:40:10,210 - log - INFO - iter:3200/8100, Original Acc@1: 10.44, Acc@5: 54.16, TTA Acc@1: 12.97, Acc@5: 61.34
2025-06-10 14:41:04,313 - log - INFO - iter:3220/8100, clip_acc1=10.559005737304688, tta_acc1=13.354037284851074
2025-06-10 14:41:04,313 - log - INFO - iter:3220/8100, Original Acc@1: 10.56, Acc@5: 54.38, TTA Acc@1: 13.35, Acc@5: 61.58
2025-06-10 14:41:58,404 - log - INFO - iter:3240/8100, clip_acc1=10.6790132522583, tta_acc1=13.703703880310059
2025-06-10 14:41:58,404 - log - INFO - iter:3240/8100, Original Acc@1: 10.68, Acc@5: 54.51, TTA Acc@1: 13.70, Acc@5: 61.82
2025-06-10 14:42:52,658 - log - INFO - iter:3260/8100, clip_acc1=10.766871452331543, tta_acc1=13.926380157470703
2025-06-10 14:42:52,658 - log - INFO - iter:3260/8100, Original Acc@1: 10.77, Acc@5: 54.63, TTA Acc@1: 13.93, Acc@5: 61.99
2025-06-10 14:43:46,788 - log - INFO - iter:3280/8100, clip_acc1=10.914633750915527, tta_acc1=14.237805366516113
2025-06-10 14:43:46,788 - log - INFO - iter:3280/8100, Original Acc@1: 10.91, Acc@5: 54.79, TTA Acc@1: 14.24, Acc@5: 62.23
2025-06-10 14:44:41,107 - log - INFO - iter:3300/8100, clip_acc1=11.030303001403809, tta_acc1=14.666666984558105
2025-06-10 14:44:41,107 - log - INFO - iter:3300/8100, Original Acc@1: 11.03, Acc@5: 55.03, TTA Acc@1: 14.67, Acc@5: 62.42
2025-06-10 14:45:35,318 - log - INFO - iter:3320/8100, clip_acc1=11.174698829650879, tta_acc1=14.969880104064941
2025-06-10 14:45:35,319 - log - INFO - iter:3320/8100, Original Acc@1: 11.17, Acc@5: 55.21, TTA Acc@1: 14.97, Acc@5: 62.65
2025-06-10 14:46:29,745 - log - INFO - iter:3340/8100, clip_acc1=11.167664527893066, tta_acc1=15.29940128326416
2025-06-10 14:46:29,746 - log - INFO - iter:3340/8100, Original Acc@1: 11.17, Acc@5: 55.30, TTA Acc@1: 15.30, Acc@5: 62.81
2025-06-10 14:47:24,194 - log - INFO - iter:3360/8100, clip_acc1=11.190476417541504, tta_acc1=15.625000953674316
2025-06-10 14:47:24,195 - log - INFO - iter:3360/8100, Original Acc@1: 11.19, Acc@5: 55.39, TTA Acc@1: 15.63, Acc@5: 63.01
2025-06-10 14:48:18,384 - log - INFO - iter:3380/8100, clip_acc1=11.331360816955566, tta_acc1=15.917160034179688
2025-06-10 14:48:18,384 - log - INFO - iter:3380/8100, Original Acc@1: 11.33, Acc@5: 55.50, TTA Acc@1: 15.92, Acc@5: 63.22
2025-06-10 14:49:12,775 - log - INFO - iter:3400/8100, clip_acc1=11.5, tta_acc1=16.176469802856445
2025-06-10 14:49:12,775 - log - INFO - iter:3400/8100, Original Acc@1: 11.50, Acc@5: 55.74, TTA Acc@1: 16.18, Acc@5: 63.44
2025-06-10 14:50:07,091 - log - INFO - iter:3420/8100, clip_acc1=11.549707412719727, tta_acc1=16.52046775817871
2025-06-10 14:50:07,091 - log - INFO - iter:3420/8100, Original Acc@1: 11.55, Acc@5: 55.82, TTA Acc@1: 16.52, Acc@5: 63.65
2025-06-10 14:51:01,413 - log - INFO - iter:3440/8100, clip_acc1=11.569766998291016, tta_acc1=16.773256301879883
2025-06-10 14:51:01,414 - log - INFO - iter:3440/8100, Original Acc@1: 11.57, Acc@5: 55.81, TTA Acc@1: 16.77, Acc@5: 63.87
2025-06-10 14:51:56,070 - log - INFO - iter:3460/8100, clip_acc1=11.763005256652832, tta_acc1=16.994218826293945
2025-06-10 14:51:56,071 - log - INFO - iter:3460/8100, Original Acc@1: 11.76, Acc@5: 55.92, TTA Acc@1: 16.99, Acc@5: 64.08
2025-06-10 14:52:50,344 - log - INFO - iter:3480/8100, clip_acc1=11.896552085876465, tta_acc1=17.38505744934082
2025-06-10 14:52:50,345 - log - INFO - iter:3480/8100, Original Acc@1: 11.90, Acc@5: 56.12, TTA Acc@1: 17.39, Acc@5: 64.28
2025-06-10 14:53:44,787 - log - INFO - iter:3500/8100, clip_acc1=11.971428871154785, tta_acc1=17.600000381469727
2025-06-10 14:53:44,787 - log - INFO - iter:3500/8100, Original Acc@1: 11.97, Acc@5: 56.11, TTA Acc@1: 17.60, Acc@5: 64.46
2025-06-10 14:54:39,331 - log - INFO - iter:3520/8100, clip_acc1=12.07386302947998, tta_acc1=17.89772605895996
2025-06-10 14:54:39,331 - log - INFO - iter:3520/8100, Original Acc@1: 12.07, Acc@5: 56.22, TTA Acc@1: 17.90, Acc@5: 64.60
2025-06-10 14:55:33,587 - log - INFO - iter:3540/8100, clip_acc1=12.146892547607422, tta_acc1=18.13559341430664
2025-06-10 14:55:33,587 - log - INFO - iter:3540/8100, Original Acc@1: 12.15, Acc@5: 56.27, TTA Acc@1: 18.14, Acc@5: 64.77
2025-06-10 14:56:27,887 - log - INFO - iter:3560/8100, clip_acc1=12.191011428833008, tta_acc1=18.342697143554688
2025-06-10 14:56:27,888 - log - INFO - iter:3560/8100, Original Acc@1: 12.19, Acc@5: 56.24, TTA Acc@1: 18.34, Acc@5: 64.92
2025-06-10 14:57:22,112 - log - INFO - iter:3580/8100, clip_acc1=12.178771018981934, tta_acc1=18.491619110107422
2025-06-10 14:57:22,113 - log - INFO - iter:3580/8100, Original Acc@1: 12.18, Acc@5: 56.31, TTA Acc@1: 18.49, Acc@5: 65.08
2025-06-10 14:58:16,393 - log - INFO - iter:3600/8100, clip_acc1=12.25, tta_acc1=18.77777862548828
2025-06-10 14:58:16,394 - log - INFO - iter:3600/8100, Original Acc@1: 12.25, Acc@5: 56.31, TTA Acc@1: 18.78, Acc@5: 65.28
2025-06-10 14:59:10,604 - log - INFO - iter:3620/8100, clip_acc1=12.292817115783691, tta_acc1=19.088396072387695
2025-06-10 14:59:10,605 - log - INFO - iter:3620/8100, Original Acc@1: 12.29, Acc@5: 56.35, TTA Acc@1: 19.09, Acc@5: 65.47
2025-06-10 15:00:04,862 - log - INFO - iter:3640/8100, clip_acc1=12.280220031738281, tta_acc1=19.285715103149414
2025-06-10 15:00:04,862 - log - INFO - iter:3640/8100, Original Acc@1: 12.28, Acc@5: 56.32, TTA Acc@1: 19.29, Acc@5: 65.66
2025-06-10 15:00:58,963 - log - INFO - iter:3660/8100, clip_acc1=12.349727630615234, tta_acc1=19.48087501525879
2025-06-10 15:00:58,963 - log - INFO - iter:3660/8100, Original Acc@1: 12.35, Acc@5: 56.39, TTA Acc@1: 19.48, Acc@5: 65.85
2025-06-10 15:01:53,112 - log - INFO - iter:3680/8100, clip_acc1=12.336956024169922, tta_acc1=19.673912048339844
2025-06-10 15:01:53,112 - log - INFO - iter:3680/8100, Original Acc@1: 12.34, Acc@5: 56.30, TTA Acc@1: 19.67, Acc@5: 65.98
2025-06-10 15:02:47,503 - log - INFO - iter:3700/8100, clip_acc1=12.378378868103027, tta_acc1=19.864866256713867
2025-06-10 15:02:47,503 - log - INFO - iter:3700/8100, Original Acc@1: 12.38, Acc@5: 56.32, TTA Acc@1: 19.86, Acc@5: 66.14
2025-06-10 15:03:41,512 - log - INFO - iter:3720/8100, clip_acc1=12.419355392456055, tta_acc1=20.080646514892578
2025-06-10 15:03:41,512 - log - INFO - iter:3720/8100, Original Acc@1: 12.42, Acc@5: 56.26, TTA Acc@1: 20.08, Acc@5: 66.32
2025-06-10 15:04:35,415 - log - INFO - iter:3740/8100, clip_acc1=12.540106773376465, tta_acc1=20.374332427978516
2025-06-10 15:04:35,415 - log - INFO - iter:3740/8100, Original Acc@1: 12.54, Acc@5: 56.36, TTA Acc@1: 20.37, Acc@5: 66.50
2025-06-10 15:05:29,709 - log - INFO - iter:3760/8100, clip_acc1=12.632978439331055, tta_acc1=20.63829803466797
2025-06-10 15:05:29,709 - log - INFO - iter:3760/8100, Original Acc@1: 12.63, Acc@5: 56.44, TTA Acc@1: 20.64, Acc@5: 66.68
2025-06-10 15:06:23,981 - log - INFO - iter:3780/8100, clip_acc1=12.671957969665527, tta_acc1=20.820106506347656
2025-06-10 15:06:23,981 - log - INFO - iter:3780/8100, Original Acc@1: 12.67, Acc@5: 56.35, TTA Acc@1: 20.82, Acc@5: 66.83
2025-06-10 15:07:18,185 - log - INFO - iter:3800/8100, clip_acc1=12.76315689086914, tta_acc1=21.105262756347656
2025-06-10 15:07:18,185 - log - INFO - iter:3800/8100, Original Acc@1: 12.76, Acc@5: 56.34, TTA Acc@1: 21.11, Acc@5: 66.97
2025-06-10 15:08:12,485 - log - INFO - iter:3820/8100, clip_acc1=12.774868965148926, tta_acc1=21.25654411315918
2025-06-10 15:08:12,485 - log - INFO - iter:3820/8100, Original Acc@1: 12.77, Acc@5: 56.20, TTA Acc@1: 21.26, Acc@5: 67.12
2025-06-10 15:09:06,665 - log - INFO - iter:3840/8100, clip_acc1=12.838541984558105, tta_acc1=21.432292938232422
2025-06-10 15:09:06,665 - log - INFO - iter:3840/8100, Original Acc@1: 12.84, Acc@5: 56.20, TTA Acc@1: 21.43, Acc@5: 67.27
2025-06-10 15:10:00,759 - log - INFO - iter:3860/8100, clip_acc1=12.823834419250488, tta_acc1=21.632125854492188
2025-06-10 15:10:00,759 - log - INFO - iter:3860/8100, Original Acc@1: 12.82, Acc@5: 56.14, TTA Acc@1: 21.63, Acc@5: 67.41
2025-06-10 15:10:54,789 - log - INFO - iter:3880/8100, clip_acc1=12.886598587036133, tta_acc1=21.958763122558594
2025-06-10 15:10:54,789 - log - INFO - iter:3880/8100, Original Acc@1: 12.89, Acc@5: 56.16, TTA Acc@1: 21.96, Acc@5: 67.58
2025-06-10 15:11:49,098 - log - INFO - iter:3900/8100, clip_acc1=12.923076629638672, tta_acc1=22.179487228393555
2025-06-10 15:11:49,099 - log - INFO - iter:3900/8100, Original Acc@1: 12.92, Acc@5: 56.18, TTA Acc@1: 22.18, Acc@5: 67.74
2025-06-10 15:12:43,503 - log - INFO - iter:3920/8100, clip_acc1=12.933672904968262, tta_acc1=22.34693717956543
2025-06-10 15:12:43,504 - log - INFO - iter:3920/8100, Original Acc@1: 12.93, Acc@5: 56.12, TTA Acc@1: 22.35, Acc@5: 67.88
2025-06-10 15:13:37,560 - log - INFO - iter:3940/8100, clip_acc1=12.994924545288086, tta_acc1=22.58883285522461
2025-06-10 15:13:37,560 - log - INFO - iter:3940/8100, Original Acc@1: 12.99, Acc@5: 56.14, TTA Acc@1: 22.59, Acc@5: 68.05
2025-06-10 15:14:31,614 - log - INFO - iter:3960/8100, clip_acc1=13.005050659179688, tta_acc1=22.85353660583496
2025-06-10 15:14:31,615 - log - INFO - iter:3960/8100, Original Acc@1: 13.01, Acc@5: 56.26, TTA Acc@1: 22.85, Acc@5: 68.18
2025-06-10 15:15:25,860 - log - INFO - iter:3980/8100, clip_acc1=13.040201187133789, tta_acc1=23.065326690673828
2025-06-10 15:15:25,860 - log - INFO - iter:3980/8100, Original Acc@1: 13.04, Acc@5: 56.21, TTA Acc@1: 23.07, Acc@5: 68.32
2025-06-10 15:16:20,070 - log - INFO - iter:4000/8100, clip_acc1=13.075000762939453, tta_acc1=23.275001525878906
2025-06-10 15:16:20,070 - log - INFO - iter:4000/8100, Original Acc@1: 13.08, Acc@5: 56.33, TTA Acc@1: 23.28, Acc@5: 68.45
2025-06-10 15:17:14,092 - log - INFO - iter:4020/8100, clip_acc1=13.134328842163086, tta_acc1=23.507463455200195
2025-06-10 15:17:14,092 - log - INFO - iter:4020/8100, Original Acc@1: 13.13, Acc@5: 56.39, TTA Acc@1: 23.51, Acc@5: 68.61
2025-06-10 15:18:08,144 - log - INFO - iter:4040/8100, clip_acc1=13.242574691772461, tta_acc1=23.76237678527832
2025-06-10 15:18:08,144 - log - INFO - iter:4040/8100, Original Acc@1: 13.24, Acc@5: 56.46, TTA Acc@1: 23.76, Acc@5: 68.74
2025-06-10 15:19:02,524 - log - INFO - iter:4060/8100, clip_acc1=13.32512378692627, tta_acc1=23.965517044067383
2025-06-10 15:19:02,525 - log - INFO - iter:4060/8100, Original Acc@1: 13.33, Acc@5: 56.45, TTA Acc@1: 23.97, Acc@5: 68.89
2025-06-10 15:19:56,946 - log - INFO - iter:4080/8100, clip_acc1=13.431373596191406, tta_acc1=24.191177368164062
2025-06-10 15:19:56,946 - log - INFO - iter:4080/8100, Original Acc@1: 13.43, Acc@5: 56.50, TTA Acc@1: 24.19, Acc@5: 69.04
2025-06-10 15:20:51,335 - log - INFO - iter:4100/8100, clip_acc1=13.463414192199707, tta_acc1=24.390243530273438
2025-06-10 15:20:51,336 - log - INFO - iter:4100/8100, Original Acc@1: 13.46, Acc@5: 56.46, TTA Acc@1: 24.39, Acc@5: 69.20
2025-06-10 15:21:45,556 - log - INFO - iter:4120/8100, clip_acc1=13.470873832702637, tta_acc1=24.563106536865234
2025-06-10 15:21:45,557 - log - INFO - iter:4120/8100, Original Acc@1: 13.47, Acc@5: 56.55, TTA Acc@1: 24.56, Acc@5: 69.34
2025-06-10 15:22:39,876 - log - INFO - iter:4140/8100, clip_acc1=13.50241470336914, tta_acc1=24.685989379882812
2025-06-10 15:22:39,876 - log - INFO - iter:4140/8100, Original Acc@1: 13.50, Acc@5: 56.52, TTA Acc@1: 24.69, Acc@5: 69.47
2025-06-10 15:23:34,156 - log - INFO - iter:4160/8100, clip_acc1=13.557692527770996, tta_acc1=24.87980842590332
2025-06-10 15:23:34,156 - log - INFO - iter:4160/8100, Original Acc@1: 13.56, Acc@5: 56.47, TTA Acc@1: 24.88, Acc@5: 69.59
2025-06-10 15:24:28,416 - log - INFO - iter:4180/8100, clip_acc1=13.564593315124512, tta_acc1=25.0478458404541
2025-06-10 15:24:28,416 - log - INFO - iter:4180/8100, Original Acc@1: 13.56, Acc@5: 56.44, TTA Acc@1: 25.05, Acc@5: 69.67
2025-06-10 15:25:22,844 - log - INFO - iter:4200/8100, clip_acc1=13.571428298950195, tta_acc1=25.190475463867188
2025-06-10 15:25:22,844 - log - INFO - iter:4200/8100, Original Acc@1: 13.57, Acc@5: 56.38, TTA Acc@1: 25.19, Acc@5: 69.79
2025-06-10 15:26:17,003 - log - INFO - iter:4220/8100, clip_acc1=13.530805587768555, tta_acc1=25.071090698242188
2025-06-10 15:26:17,004 - log - INFO - iter:4220/8100, Original Acc@1: 13.53, Acc@5: 56.42, TTA Acc@1: 25.07, Acc@5: 69.81
2025-06-10 15:27:11,309 - log - INFO - iter:4240/8100, clip_acc1=13.514151573181152, tta_acc1=25.0
2025-06-10 15:27:11,310 - log - INFO - iter:4240/8100, Original Acc@1: 13.51, Acc@5: 56.53, TTA Acc@1: 25.00, Acc@5: 69.93
2025-06-10 15:28:11,882 - log - INFO - iter:4260/8100, clip_acc1=13.450704574584961, tta_acc1=25.023475646972656
2025-06-10 15:28:11,883 - log - INFO - iter:4260/8100, Original Acc@1: 13.45, Acc@5: 56.62, TTA Acc@1: 25.02, Acc@5: 69.98
2025-06-10 15:29:06,796 - log - INFO - iter:4280/8100, clip_acc1=13.434579849243164, tta_acc1=24.953271865844727
2025-06-10 15:29:06,797 - log - INFO - iter:4280/8100, Original Acc@1: 13.43, Acc@5: 56.68, TTA Acc@1: 24.95, Acc@5: 69.95
2025-06-10 15:30:00,858 - log - INFO - iter:4300/8100, clip_acc1=13.372093200683594, tta_acc1=24.837209701538086
2025-06-10 15:30:00,858 - log - INFO - iter:4300/8100, Original Acc@1: 13.37, Acc@5: 56.65, TTA Acc@1: 24.84, Acc@5: 69.98
2025-06-10 15:30:55,138 - log - INFO - iter:4320/8100, clip_acc1=13.333333015441895, tta_acc1=24.768518447875977
2025-06-10 15:30:55,138 - log - INFO - iter:4320/8100, Original Acc@1: 13.33, Acc@5: 56.69, TTA Acc@1: 24.77, Acc@5: 70.05
2025-06-10 15:31:50,483 - log - INFO - iter:4340/8100, clip_acc1=13.294931411743164, tta_acc1=24.70046043395996
2025-06-10 15:31:50,484 - log - INFO - iter:4340/8100, Original Acc@1: 13.29, Acc@5: 56.75, TTA Acc@1: 24.70, Acc@5: 70.16
2025-06-10 15:32:44,621 - log - INFO - iter:4360/8100, clip_acc1=13.256880760192871, tta_acc1=24.655963897705078
2025-06-10 15:32:44,621 - log - INFO - iter:4360/8100, Original Acc@1: 13.26, Acc@5: 56.86, TTA Acc@1: 24.66, Acc@5: 70.23
2025-06-10 15:33:39,577 - log - INFO - iter:4380/8100, clip_acc1=13.1963472366333, tta_acc1=24.56620979309082
2025-06-10 15:33:39,577 - log - INFO - iter:4380/8100, Original Acc@1: 13.20, Acc@5: 56.92, TTA Acc@1: 24.57, Acc@5: 70.27
2025-06-10 15:34:33,696 - log - INFO - iter:4400/8100, clip_acc1=13.136363983154297, tta_acc1=24.5
2025-06-10 15:34:33,696 - log - INFO - iter:4400/8100, Original Acc@1: 13.14, Acc@5: 56.95, TTA Acc@1: 24.50, Acc@5: 70.36
2025-06-10 15:35:31,428 - log - INFO - iter:4420/8100, clip_acc1=13.122172355651855, tta_acc1=24.524887084960938
2025-06-10 15:35:31,428 - log - INFO - iter:4420/8100, Original Acc@1: 13.12, Acc@5: 57.06, TTA Acc@1: 24.52, Acc@5: 70.43
2025-06-10 15:36:25,438 - log - INFO - iter:4440/8100, clip_acc1=13.085585594177246, tta_acc1=24.45945930480957
2025-06-10 15:36:25,438 - log - INFO - iter:4440/8100, Original Acc@1: 13.09, Acc@5: 57.09, TTA Acc@1: 24.46, Acc@5: 70.45
2025-06-10 15:37:19,462 - log - INFO - iter:4460/8100, clip_acc1=13.04932689666748, tta_acc1=24.349775314331055
2025-06-10 15:37:19,462 - log - INFO - iter:4460/8100, Original Acc@1: 13.05, Acc@5: 57.15, TTA Acc@1: 24.35, Acc@5: 70.45
2025-06-10 15:38:13,882 - log - INFO - iter:4480/8100, clip_acc1=13.01339340209961, tta_acc1=24.241071701049805
2025-06-10 15:38:13,882 - log - INFO - iter:4480/8100, Original Acc@1: 13.01, Acc@5: 57.19, TTA Acc@1: 24.24, Acc@5: 70.45
2025-06-10 15:39:07,932 - log - INFO - iter:4500/8100, clip_acc1=12.95555591583252, tta_acc1=24.155555725097656
2025-06-10 15:39:07,932 - log - INFO - iter:4500/8100, Original Acc@1: 12.96, Acc@5: 57.18, TTA Acc@1: 24.16, Acc@5: 70.49
2025-06-10 15:40:02,021 - log - INFO - iter:4520/8100, clip_acc1=12.898229598999023, tta_acc1=24.070796966552734
2025-06-10 15:40:02,022 - log - INFO - iter:4520/8100, Original Acc@1: 12.90, Acc@5: 57.30, TTA Acc@1: 24.07, Acc@5: 70.58
2025-06-10 15:40:56,215 - log - INFO - iter:4540/8100, clip_acc1=12.841409683227539, tta_acc1=24.008811950683594
2025-06-10 15:40:56,215 - log - INFO - iter:4540/8100, Original Acc@1: 12.84, Acc@5: 57.29, TTA Acc@1: 24.01, Acc@5: 70.64
2025-06-10 15:41:50,204 - log - INFO - iter:4560/8100, clip_acc1=12.807018280029297, tta_acc1=23.925439834594727
2025-06-10 15:41:50,204 - log - INFO - iter:4560/8100, Original Acc@1: 12.81, Acc@5: 57.32, TTA Acc@1: 23.93, Acc@5: 70.70
2025-06-10 15:42:44,117 - log - INFO - iter:4580/8100, clip_acc1=12.772926330566406, tta_acc1=23.886463165283203
2025-06-10 15:42:44,118 - log - INFO - iter:4580/8100, Original Acc@1: 12.77, Acc@5: 57.42, TTA Acc@1: 23.89, Acc@5: 70.76
2025-06-10 15:43:39,486 - log - INFO - iter:4600/8100, clip_acc1=12.717391967773438, tta_acc1=23.80434799194336
2025-06-10 15:43:39,486 - log - INFO - iter:4600/8100, Original Acc@1: 12.72, Acc@5: 57.46, TTA Acc@1: 23.80, Acc@5: 70.85
2025-06-10 15:44:33,354 - log - INFO - iter:4620/8100, clip_acc1=12.683982849121094, tta_acc1=23.722944259643555
2025-06-10 15:44:33,354 - log - INFO - iter:4620/8100, Original Acc@1: 12.68, Acc@5: 57.42, TTA Acc@1: 23.72, Acc@5: 70.76
2025-06-10 15:45:27,360 - log - INFO - iter:4640/8100, clip_acc1=12.629310607910156, tta_acc1=23.620689392089844
2025-06-10 15:45:27,360 - log - INFO - iter:4640/8100, Original Acc@1: 12.63, Acc@5: 57.44, TTA Acc@1: 23.62, Acc@5: 70.78
2025-06-10 15:46:21,398 - log - INFO - iter:4660/8100, clip_acc1=12.57510757446289, tta_acc1=23.51931381225586
2025-06-10 15:46:21,398 - log - INFO - iter:4660/8100, Original Acc@1: 12.58, Acc@5: 57.55, TTA Acc@1: 23.52, Acc@5: 70.84
2025-06-10 15:47:15,501 - log - INFO - iter:4680/8100, clip_acc1=12.521368026733398, tta_acc1=23.440170288085938
2025-06-10 15:47:15,502 - log - INFO - iter:4680/8100, Original Acc@1: 12.52, Acc@5: 57.61, TTA Acc@1: 23.44, Acc@5: 70.88
2025-06-10 15:48:09,315 - log - INFO - iter:4700/8100, clip_acc1=12.468085289001465, tta_acc1=23.382978439331055
2025-06-10 15:48:09,316 - log - INFO - iter:4700/8100, Original Acc@1: 12.47, Acc@5: 57.70, TTA Acc@1: 23.38, Acc@5: 71.00
2025-06-10 15:49:03,316 - log - INFO - iter:4720/8100, clip_acc1=12.415253639221191, tta_acc1=23.305084228515625
2025-06-10 15:49:03,316 - log - INFO - iter:4720/8100, Original Acc@1: 12.42, Acc@5: 57.75, TTA Acc@1: 23.31, Acc@5: 71.04
2025-06-10 15:49:57,386 - log - INFO - iter:4740/8100, clip_acc1=12.362869262695312, tta_acc1=23.312236785888672
2025-06-10 15:49:57,386 - log - INFO - iter:4740/8100, Original Acc@1: 12.36, Acc@5: 57.89, TTA Acc@1: 23.31, Acc@5: 71.16
2025-06-10 15:50:51,077 - log - INFO - iter:4760/8100, clip_acc1=12.310924530029297, tta_acc1=23.256301879882812
2025-06-10 15:50:51,077 - log - INFO - iter:4760/8100, Original Acc@1: 12.31, Acc@5: 57.90, TTA Acc@1: 23.26, Acc@5: 71.20
2025-06-10 15:51:45,109 - log - INFO - iter:4780/8100, clip_acc1=12.259414672851562, tta_acc1=23.200838088989258
2025-06-10 15:51:45,110 - log - INFO - iter:4780/8100, Original Acc@1: 12.26, Acc@5: 57.95, TTA Acc@1: 23.20, Acc@5: 71.26
2025-06-10 15:52:39,260 - log - INFO - iter:4800/8100, clip_acc1=12.208333969116211, tta_acc1=23.125
2025-06-10 15:52:39,260 - log - INFO - iter:4800/8100, Original Acc@1: 12.21, Acc@5: 58.02, TTA Acc@1: 23.12, Acc@5: 71.29
2025-06-10 15:53:33,226 - log - INFO - iter:4820/8100, clip_acc1=12.406639099121094, tta_acc1=23.319501876831055
2025-06-10 15:53:33,226 - log - INFO - iter:4820/8100, Original Acc@1: 12.41, Acc@5: 58.20, TTA Acc@1: 23.32, Acc@5: 71.41
2025-06-10 15:54:27,254 - log - INFO - iter:4840/8100, clip_acc1=12.5, tta_acc1=23.51239585876465
2025-06-10 15:54:27,254 - log - INFO - iter:4840/8100, Original Acc@1: 12.50, Acc@5: 58.29, TTA Acc@1: 23.51, Acc@5: 71.49
2025-06-10 15:55:21,231 - log - INFO - iter:4860/8100, clip_acc1=12.633745193481445, tta_acc1=23.724279403686523
2025-06-10 15:55:21,231 - log - INFO - iter:4860/8100, Original Acc@1: 12.63, Acc@5: 58.40, TTA Acc@1: 23.72, Acc@5: 71.58
2025-06-10 15:56:15,558 - log - INFO - iter:4880/8100, clip_acc1=12.766393661499023, tta_acc1=23.852458953857422
2025-06-10 15:56:15,559 - log - INFO - iter:4880/8100, Original Acc@1: 12.77, Acc@5: 58.52, TTA Acc@1: 23.85, Acc@5: 71.66
2025-06-10 15:57:09,560 - log - INFO - iter:4900/8100, clip_acc1=12.877551078796387, tta_acc1=24.040817260742188
2025-06-10 15:57:09,561 - log - INFO - iter:4900/8100, Original Acc@1: 12.88, Acc@5: 58.65, TTA Acc@1: 24.04, Acc@5: 71.78
2025-06-10 15:58:03,686 - log - INFO - iter:4920/8100, clip_acc1=12.987804412841797, tta_acc1=24.247966766357422
2025-06-10 15:58:03,687 - log - INFO - iter:4920/8100, Original Acc@1: 12.99, Acc@5: 58.82, TTA Acc@1: 24.25, Acc@5: 71.89
2025-06-10 15:58:58,667 - log - INFO - iter:4940/8100, clip_acc1=13.117408752441406, tta_acc1=24.412954330444336
2025-06-10 15:58:58,667 - log - INFO - iter:4940/8100, Original Acc@1: 13.12, Acc@5: 58.99, TTA Acc@1: 24.41, Acc@5: 71.98
2025-06-10 15:59:53,015 - log - INFO - iter:4960/8100, clip_acc1=13.286290168762207, tta_acc1=24.637096405029297
2025-06-10 15:59:53,016 - log - INFO - iter:4960/8100, Original Acc@1: 13.29, Acc@5: 59.15, TTA Acc@1: 24.64, Acc@5: 72.08
2025-06-10 16:00:47,117 - log - INFO - iter:4980/8100, clip_acc1=13.493976593017578, tta_acc1=24.819276809692383
2025-06-10 16:00:47,117 - log - INFO - iter:4980/8100, Original Acc@1: 13.49, Acc@5: 59.30, TTA Acc@1: 24.82, Acc@5: 72.15
2025-06-10 16:01:40,924 - log - INFO - iter:5000/8100, clip_acc1=13.639999389648438, tta_acc1=25.059999465942383
2025-06-10 16:01:40,924 - log - INFO - iter:5000/8100, Original Acc@1: 13.64, Acc@5: 59.40, TTA Acc@1: 25.06, Acc@5: 72.26
2025-06-10 16:02:35,227 - log - INFO - iter:5020/8100, clip_acc1=13.725099563598633, tta_acc1=25.25896453857422
2025-06-10 16:02:35,227 - log - INFO - iter:5020/8100, Original Acc@1: 13.73, Acc@5: 59.54, TTA Acc@1: 25.26, Acc@5: 72.37
2025-06-10 16:03:29,233 - log - INFO - iter:5040/8100, clip_acc1=13.869048118591309, tta_acc1=25.416667938232422
2025-06-10 16:03:29,233 - log - INFO - iter:5040/8100, Original Acc@1: 13.87, Acc@5: 59.64, TTA Acc@1: 25.42, Acc@5: 72.48
2025-06-10 16:04:23,532 - log - INFO - iter:5060/8100, clip_acc1=13.972332000732422, tta_acc1=25.592884063720703
2025-06-10 16:04:23,533 - log - INFO - iter:5060/8100, Original Acc@1: 13.97, Acc@5: 59.78, TTA Acc@1: 25.59, Acc@5: 72.57
2025-06-10 16:05:17,727 - log - INFO - iter:5080/8100, clip_acc1=14.035432815551758, tta_acc1=25.78740119934082
2025-06-10 16:05:17,728 - log - INFO - iter:5080/8100, Original Acc@1: 14.04, Acc@5: 59.88, TTA Acc@1: 25.79, Acc@5: 72.66
2025-06-10 16:06:12,182 - log - INFO - iter:5100/8100, clip_acc1=14.196078300476074, tta_acc1=26.058822631835938
2025-06-10 16:06:12,183 - log - INFO - iter:5100/8100, Original Acc@1: 14.20, Acc@5: 60.02, TTA Acc@1: 26.06, Acc@5: 72.75
2025-06-10 16:07:06,208 - log - INFO - iter:5120/8100, clip_acc1=14.4140625, tta_acc1=26.2890625
2025-06-10 16:07:06,208 - log - INFO - iter:5120/8100, Original Acc@1: 14.41, Acc@5: 60.16, TTA Acc@1: 26.29, Acc@5: 72.83
2025-06-10 16:08:00,331 - log - INFO - iter:5140/8100, clip_acc1=14.57198429107666, tta_acc1=26.51750946044922
2025-06-10 16:08:00,331 - log - INFO - iter:5140/8100, Original Acc@1: 14.57, Acc@5: 60.31, TTA Acc@1: 26.52, Acc@5: 72.94
2025-06-10 16:08:54,426 - log - INFO - iter:5160/8100, clip_acc1=14.709301948547363, tta_acc1=26.686046600341797
2025-06-10 16:08:54,426 - log - INFO - iter:5160/8100, Original Acc@1: 14.71, Acc@5: 60.45, TTA Acc@1: 26.69, Acc@5: 73.00
2025-06-10 16:09:48,409 - log - INFO - iter:5180/8100, clip_acc1=14.864864349365234, tta_acc1=26.911195755004883
2025-06-10 16:09:48,410 - log - INFO - iter:5180/8100, Original Acc@1: 14.86, Acc@5: 60.56, TTA Acc@1: 26.91, Acc@5: 73.09
2025-06-10 16:10:42,455 - log - INFO - iter:5200/8100, clip_acc1=14.980769157409668, tta_acc1=27.134614944458008
2025-06-10 16:10:42,455 - log - INFO - iter:5200/8100, Original Acc@1: 14.98, Acc@5: 60.67, TTA Acc@1: 27.13, Acc@5: 73.19
2025-06-10 16:11:36,540 - log - INFO - iter:5220/8100, clip_acc1=15.05747127532959, tta_acc1=27.298851013183594
2025-06-10 16:11:36,540 - log - INFO - iter:5220/8100, Original Acc@1: 15.06, Acc@5: 60.82, TTA Acc@1: 27.30, Acc@5: 73.28
2025-06-10 16:12:30,588 - log - INFO - iter:5240/8100, clip_acc1=15.248091697692871, tta_acc1=27.48091697692871
2025-06-10 16:12:30,588 - log - INFO - iter:5240/8100, Original Acc@1: 15.25, Acc@5: 60.97, TTA Acc@1: 27.48, Acc@5: 73.36
