2025-06-08 16:03:47,613 - log - INFO - ==========================================
data:/l/users/hashmat.malik/downstream_datasets
test_sets:DTD
dataset_mode:test
arch:fare4
resolution:224
workers:4
no_pin_memory:False
batch_size:64
print_freq:20
gpu:0
no_cudnn_benchmark:False
n_ctx:4
ctx_init:a_photo_of_a
tpt_loss:rtpt
seed:0
output_dir:/l/users/hashmat.malik/atpt_results/fare4/DTD
log_output_dir:/l/users/hashmat.malik/Projects/ATPT/Final_Results/fare4/DTD
eps:0.0
alpha:0.0
alpha_eps_ratio:4.0
steps:0
lr:0.005
selection_p:0.1
tta_steps:0
ensemble_type:vanilla
top_k:20
softmax_temp:0.01
counter_attack:True
counter_attack_type:pgd
counter_attack_steps:2
counter_attack_eps:2.0
counter_attack_alpha:1.0
counter_attack_tau_thres:0.2
counter_attack_beta:2.0
counter_attack_weighted_perturbations:True
pgd_clip_pure_i_text_embeddings:null
pgd_counter_and_clipure_i_lamda:1.0
selected_id_name:selected_topk.json
weighted_score_name:weighted_scores.json
batch_entropy_name:entropies.json
log_dir:/l/users/hashmat.malik/Projects/ATPT/Final_Results/fare4/DTD/Clean/Counter_Attack/Eps_2_0_Steps_2_Alpha_1_0/tau_0_2_beta_2_0_weighted_pertrubation_True/No_TPT/Inference_Ensemble_vanilla

2025-06-08 16:03:47,614 - log - INFO - Use GPU: 0 for training
2025-06-08 16:04:00,846 - log - INFO - Freezing all parameters except prompt learner
2025-06-08 16:04:00,849 - log - INFO - => Model created: visual backbone fare4
2025-06-08 16:04:00,860 - log - INFO - Number of test samples: 1692
2025-06-08 16:04:00,861 - log - INFO - Evaluating dataset: DTD
2025-06-08 16:04:00,862 - log - INFO - Starting evaluation with batch size: 64, selection percentage: 0.1
2025-06-08 16:04:00,862 - log - INFO - Test-time adaptation steps: 0, learning rate: 0.005
2025-06-08 16:04:00,862 - log - INFO - Using counter-attack with epsilon: 2.000000, alpha: 0.000000, steps: 2, tau_thres: 0.2, beta: 2.0, weighted perturbation: True
2025-06-08 16:04:54,821 - log - INFO - iter:20/1692, clip_acc1=5.0, tta_acc1=5.0
2025-06-08 16:04:54,821 - log - INFO - iter:20/1692, Original Acc@1: 5.00, Acc@5: 40.00, TTA Acc@1: 5.00, Acc@5: 50.00
2025-06-08 16:05:45,004 - log - INFO - iter:40/1692, clip_acc1=2.5, tta_acc1=2.5
2025-06-08 16:05:45,005 - log - INFO - iter:40/1692, Original Acc@1: 2.50, Acc@5: 32.50, TTA Acc@1: 2.50, Acc@5: 35.00
2025-06-08 16:06:35,394 - log - INFO - iter:60/1692, clip_acc1=1.6666667461395264, tta_acc1=1.6666667461395264
2025-06-08 16:06:35,395 - log - INFO - iter:60/1692, Original Acc@1: 1.67, Acc@5: 30.00, TTA Acc@1: 1.67, Acc@5: 26.67
2025-06-08 16:07:29,972 - log - INFO - iter:80/1692, clip_acc1=3.75, tta_acc1=2.5
2025-06-08 16:07:29,973 - log - INFO - iter:80/1692, Original Acc@1: 3.75, Acc@5: 30.00, TTA Acc@1: 2.50, Acc@5: 26.25
2025-06-08 16:08:22,681 - log - INFO - iter:100/1692, clip_acc1=4.0, tta_acc1=2.0
2025-06-08 16:08:22,681 - log - INFO - iter:100/1692, Original Acc@1: 4.00, Acc@5: 34.00, TTA Acc@1: 2.00, Acc@5: 26.00
2025-06-08 16:09:12,973 - log - INFO - iter:120/1692, clip_acc1=9.166666984558105, tta_acc1=2.500000238418579
2025-06-08 16:09:12,973 - log - INFO - iter:120/1692, Original Acc@1: 9.17, Acc@5: 40.00, TTA Acc@1: 2.50, Acc@5: 26.67
2025-06-08 16:10:03,846 - log - INFO - iter:140/1692, clip_acc1=17.85714340209961, tta_acc1=9.285714149475098
2025-06-08 16:10:03,847 - log - INFO - iter:140/1692, Original Acc@1: 17.86, Acc@5: 45.00, TTA Acc@1: 9.29, Acc@5: 32.14
2025-06-08 16:10:53,359 - log - INFO - iter:160/1692, clip_acc1=18.75, tta_acc1=9.375
2025-06-08 16:10:53,360 - log - INFO - iter:160/1692, Original Acc@1: 18.75, Acc@5: 47.50, TTA Acc@1: 9.38, Acc@5: 34.38
2025-06-08 16:11:44,655 - log - INFO - iter:180/1692, clip_acc1=18.88888931274414, tta_acc1=11.111111640930176
2025-06-08 16:11:44,655 - log - INFO - iter:180/1692, Original Acc@1: 18.89, Acc@5: 48.33, TTA Acc@1: 11.11, Acc@5: 37.22
2025-06-08 16:12:34,528 - log - INFO - iter:200/1692, clip_acc1=26.5, tta_acc1=19.5
2025-06-08 16:12:34,528 - log - INFO - iter:200/1692, Original Acc@1: 26.50, Acc@5: 53.50, TTA Acc@1: 19.50, Acc@5: 43.50
2025-06-08 16:13:26,662 - log - INFO - iter:220/1692, clip_acc1=33.18181610107422, tta_acc1=26.363636016845703
2025-06-08 16:13:26,662 - log - INFO - iter:220/1692, Original Acc@1: 33.18, Acc@5: 57.73, TTA Acc@1: 26.36, Acc@5: 48.64
2025-06-08 16:14:16,930 - log - INFO - iter:240/1692, clip_acc1=37.083335876464844, tta_acc1=30.833335876464844
2025-06-08 16:14:16,930 - log - INFO - iter:240/1692, Original Acc@1: 37.08, Acc@5: 61.25, TTA Acc@1: 30.83, Acc@5: 52.50
2025-06-08 16:15:08,273 - log - INFO - iter:260/1692, clip_acc1=39.230770111083984, tta_acc1=32.69230651855469
2025-06-08 16:15:08,274 - log - INFO - iter:260/1692, Original Acc@1: 39.23, Acc@5: 63.46, TTA Acc@1: 32.69, Acc@5: 53.85
2025-06-08 16:16:06,382 - log - INFO - iter:280/1692, clip_acc1=39.28571319580078, tta_acc1=30.35714340209961
2025-06-08 16:16:06,382 - log - INFO - iter:280/1692, Original Acc@1: 39.29, Acc@5: 63.93, TTA Acc@1: 30.36, Acc@5: 50.36
2025-06-08 16:16:56,702 - log - INFO - iter:300/1692, clip_acc1=38.66666793823242, tta_acc1=29.666667938232422
2025-06-08 16:16:56,702 - log - INFO - iter:300/1692, Original Acc@1: 38.67, Acc@5: 65.33, TTA Acc@1: 29.67, Acc@5: 51.33
2025-06-08 16:17:50,058 - log - INFO - iter:320/1692, clip_acc1=38.4375, tta_acc1=30.3125
2025-06-08 16:17:50,058 - log - INFO - iter:320/1692, Original Acc@1: 38.44, Acc@5: 66.25, TTA Acc@1: 30.31, Acc@5: 54.06
2025-06-08 16:18:41,640 - log - INFO - iter:340/1692, clip_acc1=36.47058868408203, tta_acc1=28.5294132232666
2025-06-08 16:18:41,640 - log - INFO - iter:340/1692, Original Acc@1: 36.47, Acc@5: 63.53, TTA Acc@1: 28.53, Acc@5: 51.47
2025-06-08 16:19:34,106 - log - INFO - iter:360/1692, clip_acc1=34.72222137451172, tta_acc1=27.22222328186035
2025-06-08 16:19:34,107 - log - INFO - iter:360/1692, Original Acc@1: 34.72, Acc@5: 60.28, TTA Acc@1: 27.22, Acc@5: 48.89
2025-06-08 16:20:27,415 - log - INFO - iter:380/1692, clip_acc1=35.0, tta_acc1=28.157896041870117
2025-06-08 16:20:27,415 - log - INFO - iter:380/1692, Original Acc@1: 35.00, Acc@5: 62.37, TTA Acc@1: 28.16, Acc@5: 51.58
2025-06-08 16:21:18,713 - log - INFO - iter:400/1692, clip_acc1=34.75, tta_acc1=28.75
2025-06-08 16:21:18,713 - log - INFO - iter:400/1692, Original Acc@1: 34.75, Acc@5: 63.50, TTA Acc@1: 28.75, Acc@5: 53.00
2025-06-08 16:22:08,076 - log - INFO - iter:420/1692, clip_acc1=35.476192474365234, tta_acc1=29.52381134033203
2025-06-08 16:22:08,076 - log - INFO - iter:420/1692, Original Acc@1: 35.48, Acc@5: 64.29, TTA Acc@1: 29.52, Acc@5: 53.81
2025-06-08 16:22:59,603 - log - INFO - iter:440/1692, clip_acc1=34.54545211791992, tta_acc1=28.636362075805664
2025-06-08 16:22:59,604 - log - INFO - iter:440/1692, Original Acc@1: 34.55, Acc@5: 63.64, TTA Acc@1: 28.64, Acc@5: 53.41
2025-06-08 16:23:51,476 - log - INFO - iter:460/1692, clip_acc1=33.260868072509766, tta_acc1=27.39130401611328
2025-06-08 16:23:51,477 - log - INFO - iter:460/1692, Original Acc@1: 33.26, Acc@5: 61.74, TTA Acc@1: 27.39, Acc@5: 51.74
2025-06-08 16:24:45,143 - log - INFO - iter:480/1692, clip_acc1=33.75, tta_acc1=27.08333396911621
2025-06-08 16:24:45,149 - log - INFO - iter:480/1692, Original Acc@1: 33.75, Acc@5: 62.08, TTA Acc@1: 27.08, Acc@5: 52.08
2025-06-08 16:25:36,738 - log - INFO - iter:500/1692, clip_acc1=33.60000228881836, tta_acc1=26.80000114440918
2025-06-08 16:25:36,739 - log - INFO - iter:500/1692, Original Acc@1: 33.60, Acc@5: 62.00, TTA Acc@1: 26.80, Acc@5: 51.40
2025-06-08 16:26:30,324 - log - INFO - iter:520/1692, clip_acc1=33.653846740722656, tta_acc1=26.538461685180664
2025-06-08 16:26:30,325 - log - INFO - iter:520/1692, Original Acc@1: 33.65, Acc@5: 61.73, TTA Acc@1: 26.54, Acc@5: 51.15
2025-06-08 16:27:21,472 - log - INFO - iter:540/1692, clip_acc1=33.88888931274414, tta_acc1=26.11111068725586
2025-06-08 16:27:21,472 - log - INFO - iter:540/1692, Original Acc@1: 33.89, Acc@5: 62.04, TTA Acc@1: 26.11, Acc@5: 50.74
2025-06-08 16:28:13,930 - log - INFO - iter:560/1692, clip_acc1=34.64285659790039, tta_acc1=27.321428298950195
2025-06-08 16:28:13,930 - log - INFO - iter:560/1692, Original Acc@1: 34.64, Acc@5: 62.68, TTA Acc@1: 27.32, Acc@5: 51.96
2025-06-08 16:29:04,509 - log - INFO - iter:580/1692, clip_acc1=35.86206817626953, tta_acc1=28.79310417175293
2025-06-08 16:29:04,509 - log - INFO - iter:580/1692, Original Acc@1: 35.86, Acc@5: 63.62, TTA Acc@1: 28.79, Acc@5: 53.10
2025-06-08 16:29:58,234 - log - INFO - iter:600/1692, clip_acc1=35.66666793823242, tta_acc1=28.5
2025-06-08 16:29:58,235 - log - INFO - iter:600/1692, Original Acc@1: 35.67, Acc@5: 64.50, TTA Acc@1: 28.50, Acc@5: 53.83
2025-06-08 16:30:51,942 - log - INFO - iter:620/1692, clip_acc1=35.0, tta_acc1=28.064516067504883
2025-06-08 16:30:51,943 - log - INFO - iter:620/1692, Original Acc@1: 35.00, Acc@5: 64.35, TTA Acc@1: 28.06, Acc@5: 53.87
2025-06-08 16:31:46,488 - log - INFO - iter:640/1692, clip_acc1=34.0625, tta_acc1=27.5
2025-06-08 16:31:46,489 - log - INFO - iter:640/1692, Original Acc@1: 34.06, Acc@5: 62.97, TTA Acc@1: 27.50, Acc@5: 52.66
2025-06-08 16:32:39,783 - log - INFO - iter:660/1692, clip_acc1=33.6363639831543, tta_acc1=27.27272605895996
2025-06-08 16:32:39,784 - log - INFO - iter:660/1692, Original Acc@1: 33.64, Acc@5: 62.12, TTA Acc@1: 27.27, Acc@5: 52.12
2025-06-08 16:33:29,470 - log - INFO - iter:680/1692, clip_acc1=34.264705657958984, tta_acc1=27.352941513061523
2025-06-08 16:33:29,470 - log - INFO - iter:680/1692, Original Acc@1: 34.26, Acc@5: 62.94, TTA Acc@1: 27.35, Acc@5: 52.94
2025-06-08 16:34:21,992 - log - INFO - iter:700/1692, clip_acc1=33.57142639160156, tta_acc1=27.14285659790039
2025-06-08 16:34:21,993 - log - INFO - iter:700/1692, Original Acc@1: 33.57, Acc@5: 62.14, TTA Acc@1: 27.14, Acc@5: 53.57
2025-06-08 16:35:15,937 - log - INFO - iter:720/1692, clip_acc1=32.63888931274414, tta_acc1=26.666667938232422
2025-06-08 16:35:15,938 - log - INFO - iter:720/1692, Original Acc@1: 32.64, Acc@5: 61.39, TTA Acc@1: 26.67, Acc@5: 54.31
2025-06-08 16:36:06,967 - log - INFO - iter:740/1692, clip_acc1=33.51351547241211, tta_acc1=26.62162208557129
2025-06-08 16:36:06,967 - log - INFO - iter:740/1692, Original Acc@1: 33.51, Acc@5: 62.16, TTA Acc@1: 26.62, Acc@5: 55.00
2025-06-08 16:36:57,008 - log - INFO - iter:760/1692, clip_acc1=34.342105865478516, tta_acc1=27.23684310913086
2025-06-08 16:36:57,009 - log - INFO - iter:760/1692, Original Acc@1: 34.34, Acc@5: 62.63, TTA Acc@1: 27.24, Acc@5: 55.53
2025-06-08 16:37:46,968 - log - INFO - iter:780/1692, clip_acc1=33.46154022216797, tta_acc1=26.538461685180664
2025-06-08 16:37:46,968 - log - INFO - iter:780/1692, Original Acc@1: 33.46, Acc@5: 61.15, TTA Acc@1: 26.54, Acc@5: 54.10
2025-06-08 16:38:40,928 - log - INFO - iter:800/1692, clip_acc1=32.625, tta_acc1=25.875
2025-06-08 16:38:40,929 - log - INFO - iter:800/1692, Original Acc@1: 32.62, Acc@5: 60.50, TTA Acc@1: 25.88, Acc@5: 53.38
2025-06-08 16:39:37,205 - log - INFO - iter:820/1692, clip_acc1=32.317073822021484, tta_acc1=25.85365867614746
2025-06-08 16:39:37,206 - log - INFO - iter:820/1692, Original Acc@1: 32.32, Acc@5: 60.61, TTA Acc@1: 25.85, Acc@5: 53.41
2025-06-08 16:40:31,000 - log - INFO - iter:840/1692, clip_acc1=31.54762077331543, tta_acc1=25.238096237182617
2025-06-08 16:40:31,001 - log - INFO - iter:840/1692, Original Acc@1: 31.55, Acc@5: 60.24, TTA Acc@1: 25.24, Acc@5: 52.86
2025-06-08 16:41:25,038 - log - INFO - iter:860/1692, clip_acc1=30.930233001708984, tta_acc1=24.65116310119629
2025-06-08 16:41:25,039 - log - INFO - iter:860/1692, Original Acc@1: 30.93, Acc@5: 59.65, TTA Acc@1: 24.65, Acc@5: 52.56
2025-06-08 16:42:15,909 - log - INFO - iter:880/1692, clip_acc1=30.34090805053711, tta_acc1=24.204544067382812
2025-06-08 16:42:15,910 - log - INFO - iter:880/1692, Original Acc@1: 30.34, Acc@5: 58.86, TTA Acc@1: 24.20, Acc@5: 52.16
2025-06-08 16:43:06,556 - log - INFO - iter:900/1692, clip_acc1=29.88888931274414, tta_acc1=23.77777862548828
2025-06-08 16:43:06,556 - log - INFO - iter:900/1692, Original Acc@1: 29.89, Acc@5: 58.33, TTA Acc@1: 23.78, Acc@5: 51.33
2025-06-08 16:44:00,103 - log - INFO - iter:920/1692, clip_acc1=30.760868072509766, tta_acc1=24.673912048339844
2025-06-08 16:44:00,104 - log - INFO - iter:920/1692, Original Acc@1: 30.76, Acc@5: 59.24, TTA Acc@1: 24.67, Acc@5: 52.39
2025-06-08 16:44:51,477 - log - INFO - iter:940/1692, clip_acc1=31.489360809326172, tta_acc1=25.638296127319336
2025-06-08 16:44:51,478 - log - INFO - iter:940/1692, Original Acc@1: 31.49, Acc@5: 60.11, TTA Acc@1: 25.64, Acc@5: 53.30
2025-06-08 16:45:44,421 - log - INFO - iter:960/1692, clip_acc1=32.5, tta_acc1=26.45833396911621
2025-06-08 16:45:44,422 - log - INFO - iter:960/1692, Original Acc@1: 32.50, Acc@5: 60.94, TTA Acc@1: 26.46, Acc@5: 54.27
2025-06-08 16:46:39,247 - log - INFO - iter:980/1692, clip_acc1=33.57142639160156, tta_acc1=27.34693717956543
2025-06-08 16:46:39,248 - log - INFO - iter:980/1692, Original Acc@1: 33.57, Acc@5: 61.63, TTA Acc@1: 27.35, Acc@5: 55.00
2025-06-08 16:47:31,499 - log - INFO - iter:1000/1692, clip_acc1=34.400001525878906, tta_acc1=28.60000228881836
2025-06-08 16:47:31,500 - log - INFO - iter:1000/1692, Original Acc@1: 34.40, Acc@5: 62.40, TTA Acc@1: 28.60, Acc@5: 55.80
2025-06-08 16:48:22,081 - log - INFO - iter:1020/1692, clip_acc1=34.50980758666992, tta_acc1=28.823530197143555
2025-06-08 16:48:22,082 - log - INFO - iter:1020/1692, Original Acc@1: 34.51, Acc@5: 62.06, TTA Acc@1: 28.82, Acc@5: 55.59
2025-06-08 16:49:12,426 - log - INFO - iter:1040/1692, clip_acc1=34.13461685180664, tta_acc1=28.461538314819336
2025-06-08 16:49:12,426 - log - INFO - iter:1040/1692, Original Acc@1: 34.13, Acc@5: 61.44, TTA Acc@1: 28.46, Acc@5: 54.81
2025-06-08 16:50:02,257 - log - INFO - iter:1060/1692, clip_acc1=34.056602478027344, tta_acc1=28.49056625366211
2025-06-08 16:50:02,258 - log - INFO - iter:1060/1692, Original Acc@1: 34.06, Acc@5: 61.60, TTA Acc@1: 28.49, Acc@5: 54.81
2025-06-08 16:50:55,829 - log - INFO - iter:1080/1692, clip_acc1=34.35185241699219, tta_acc1=28.425926208496094
2025-06-08 16:50:55,830 - log - INFO - iter:1080/1692, Original Acc@1: 34.35, Acc@5: 62.04, TTA Acc@1: 28.43, Acc@5: 55.28
2025-06-08 16:51:48,995 - log - INFO - iter:1100/1692, clip_acc1=34.90909194946289, tta_acc1=29.0
2025-06-08 16:51:48,995 - log - INFO - iter:1100/1692, Original Acc@1: 34.91, Acc@5: 62.64, TTA Acc@1: 29.00, Acc@5: 55.91
2025-06-08 16:52:41,266 - log - INFO - iter:1120/1692, clip_acc1=35.26785659790039, tta_acc1=29.196428298950195
2025-06-08 16:52:41,267 - log - INFO - iter:1120/1692, Original Acc@1: 35.27, Acc@5: 63.12, TTA Acc@1: 29.20, Acc@5: 56.43
2025-06-08 16:53:33,356 - log - INFO - iter:1140/1692, clip_acc1=35.175437927246094, tta_acc1=28.947368621826172
2025-06-08 16:53:33,357 - log - INFO - iter:1140/1692, Original Acc@1: 35.18, Acc@5: 63.25, TTA Acc@1: 28.95, Acc@5: 56.49
2025-06-08 16:54:29,287 - log - INFO - iter:1160/1692, clip_acc1=34.82758712768555, tta_acc1=28.620689392089844
2025-06-08 16:54:29,288 - log - INFO - iter:1160/1692, Original Acc@1: 34.83, Acc@5: 62.93, TTA Acc@1: 28.62, Acc@5: 55.69
2025-06-08 16:55:21,332 - log - INFO - iter:1180/1692, clip_acc1=34.915252685546875, tta_acc1=28.220338821411133
2025-06-08 16:55:21,333 - log - INFO - iter:1180/1692, Original Acc@1: 34.92, Acc@5: 62.63, TTA Acc@1: 28.22, Acc@5: 54.83
2025-06-08 16:56:10,470 - log - INFO - iter:1200/1692, clip_acc1=34.75, tta_acc1=27.75
2025-06-08 16:56:10,471 - log - INFO - iter:1200/1692, Original Acc@1: 34.75, Acc@5: 62.33, TTA Acc@1: 27.75, Acc@5: 54.00
2025-06-08 16:57:12,601 - log - INFO - iter:1220/1692, clip_acc1=34.26229476928711, tta_acc1=27.295082092285156
2025-06-08 16:57:12,602 - log - INFO - iter:1220/1692, Original Acc@1: 34.26, Acc@5: 61.56, TTA Acc@1: 27.30, Acc@5: 53.20
2025-06-08 16:58:03,715 - log - INFO - iter:1240/1692, clip_acc1=33.790321350097656, tta_acc1=26.85483741760254
2025-06-08 16:58:03,715 - log - INFO - iter:1240/1692, Original Acc@1: 33.79, Acc@5: 60.89, TTA Acc@1: 26.85, Acc@5: 52.66
2025-06-08 16:58:53,734 - log - INFO - iter:1260/1692, clip_acc1=33.25396728515625, tta_acc1=26.428571701049805
2025-06-08 16:58:53,734 - log - INFO - iter:1260/1692, Original Acc@1: 33.25, Acc@5: 60.24, TTA Acc@1: 26.43, Acc@5: 52.38
2025-06-08 16:59:47,075 - log - INFO - iter:1280/1692, clip_acc1=33.75, tta_acc1=26.953125
2025-06-08 16:59:47,076 - log - INFO - iter:1280/1692, Original Acc@1: 33.75, Acc@5: 60.47, TTA Acc@1: 26.95, Acc@5: 52.81
2025-06-08 17:00:40,282 - log - INFO - iter:1300/1692, clip_acc1=34.38461685180664, tta_acc1=27.461538314819336
2025-06-08 17:00:40,283 - log - INFO - iter:1300/1692, Original Acc@1: 34.38, Acc@5: 60.85, TTA Acc@1: 27.46, Acc@5: 53.31
2025-06-08 17:01:36,060 - log - INFO - iter:1320/1692, clip_acc1=34.24242401123047, tta_acc1=27.19696807861328
2025-06-08 17:01:36,061 - log - INFO - iter:1320/1692, Original Acc@1: 34.24, Acc@5: 60.83, TTA Acc@1: 27.20, Acc@5: 53.03
2025-06-08 17:02:53,130 - log - INFO - iter:1340/1692, clip_acc1=34.17910385131836, tta_acc1=27.014925003051758
2025-06-08 17:02:53,131 - log - INFO - iter:1340/1692, Original Acc@1: 34.18, Acc@5: 60.60, TTA Acc@1: 27.01, Acc@5: 52.61
2025-06-08 17:03:45,131 - log - INFO - iter:1360/1692, clip_acc1=33.82352828979492, tta_acc1=26.691177368164062
2025-06-08 17:03:45,132 - log - INFO - iter:1360/1692, Original Acc@1: 33.82, Acc@5: 60.07, TTA Acc@1: 26.69, Acc@5: 52.50
2025-06-08 17:04:38,200 - log - INFO - iter:1380/1692, clip_acc1=33.62318801879883, tta_acc1=26.449275970458984
2025-06-08 17:04:38,201 - log - INFO - iter:1380/1692, Original Acc@1: 33.62, Acc@5: 59.86, TTA Acc@1: 26.45, Acc@5: 52.25
2025-06-08 17:05:31,514 - log - INFO - iter:1400/1692, clip_acc1=33.64285659790039, tta_acc1=26.28571319580078
2025-06-08 17:05:31,515 - log - INFO - iter:1400/1692, Original Acc@1: 33.64, Acc@5: 59.93, TTA Acc@1: 26.29, Acc@5: 52.21
2025-06-08 17:06:25,085 - log - INFO - iter:1420/1692, clip_acc1=34.01408386230469, tta_acc1=26.690139770507812
2025-06-08 17:06:25,085 - log - INFO - iter:1420/1692, Original Acc@1: 34.01, Acc@5: 60.21, TTA Acc@1: 26.69, Acc@5: 52.54
2025-06-08 17:07:18,686 - log - INFO - iter:1440/1692, clip_acc1=34.86111068725586, tta_acc1=27.43055534362793
2025-06-08 17:07:18,687 - log - INFO - iter:1440/1692, Original Acc@1: 34.86, Acc@5: 60.76, TTA Acc@1: 27.43, Acc@5: 53.19
2025-06-08 17:08:10,417 - log - INFO - iter:1460/1692, clip_acc1=35.0, tta_acc1=27.397260665893555
2025-06-08 17:08:10,418 - log - INFO - iter:1460/1692, Original Acc@1: 35.00, Acc@5: 61.03, TTA Acc@1: 27.40, Acc@5: 53.15
2025-06-08 17:09:02,562 - log - INFO - iter:1480/1692, clip_acc1=35.0, tta_acc1=27.297298431396484
2025-06-08 17:09:02,565 - log - INFO - iter:1480/1692, Original Acc@1: 35.00, Acc@5: 61.15, TTA Acc@1: 27.30, Acc@5: 53.31
2025-06-08 17:09:57,085 - log - INFO - iter:1500/1692, clip_acc1=34.66666793823242, tta_acc1=27.066665649414062
2025-06-08 17:09:57,086 - log - INFO - iter:1500/1692, Original Acc@1: 34.67, Acc@5: 61.20, TTA Acc@1: 27.07, Acc@5: 53.47
2025-06-08 17:10:50,492 - log - INFO - iter:1520/1692, clip_acc1=34.40789794921875, tta_acc1=26.907896041870117
2025-06-08 17:10:50,493 - log - INFO - iter:1520/1692, Original Acc@1: 34.41, Acc@5: 61.18, TTA Acc@1: 26.91, Acc@5: 53.42
2025-06-08 17:11:44,998 - log - INFO - iter:1540/1692, clip_acc1=34.35064697265625, tta_acc1=26.753246307373047
2025-06-08 17:11:44,999 - log - INFO - iter:1540/1692, Original Acc@1: 34.35, Acc@5: 60.97, TTA Acc@1: 26.75, Acc@5: 53.18
2025-06-08 17:12:37,921 - log - INFO - iter:1560/1692, clip_acc1=34.487178802490234, tta_acc1=26.666667938232422
2025-06-08 17:12:37,922 - log - INFO - iter:1560/1692, Original Acc@1: 34.49, Acc@5: 60.90, TTA Acc@1: 26.67, Acc@5: 52.95
2025-06-08 17:13:31,419 - log - INFO - iter:1580/1692, clip_acc1=34.74683380126953, tta_acc1=26.89873504638672
2025-06-08 17:13:31,420 - log - INFO - iter:1580/1692, Original Acc@1: 34.75, Acc@5: 61.01, TTA Acc@1: 26.90, Acc@5: 53.04
2025-06-08 17:14:24,420 - log - INFO - iter:1600/1692, clip_acc1=35.375, tta_acc1=27.5
2025-06-08 17:14:24,421 - log - INFO - iter:1600/1692, Original Acc@1: 35.38, Acc@5: 61.38, TTA Acc@1: 27.50, Acc@5: 53.44
2025-06-08 17:15:17,867 - log - INFO - iter:1620/1692, clip_acc1=35.98765563964844, tta_acc1=28.209877014160156
2025-06-08 17:15:17,868 - log - INFO - iter:1620/1692, Original Acc@1: 35.99, Acc@5: 61.79, TTA Acc@1: 28.21, Acc@5: 54.01
2025-06-08 17:16:11,300 - log - INFO - iter:1640/1692, clip_acc1=35.85365676879883, tta_acc1=27.987804412841797
2025-06-08 17:16:11,301 - log - INFO - iter:1640/1692, Original Acc@1: 35.85, Acc@5: 61.59, TTA Acc@1: 27.99, Acc@5: 53.84
2025-06-08 17:17:04,510 - log - INFO - iter:1660/1692, clip_acc1=35.60240936279297, tta_acc1=27.83132553100586
2025-06-08 17:17:04,516 - log - INFO - iter:1660/1692, Original Acc@1: 35.60, Acc@5: 61.57, TTA Acc@1: 27.83, Acc@5: 53.98
2025-06-08 17:17:58,140 - log - INFO - iter:1680/1692, clip_acc1=36.25, tta_acc1=28.511905670166016
2025-06-08 17:17:58,141 - log - INFO - iter:1680/1692, Original Acc@1: 36.25, Acc@5: 61.96, TTA Acc@1: 28.51, Acc@5: 54.52
2025-06-08 17:18:26,816 - log - INFO - iter:1692/1692, clip_acc1=36.58392333984375, tta_acc1=28.90070915222168
2025-06-08 17:18:26,817 - log - INFO - iter:1692/1692, Original Acc@1: 36.58, Acc@5: 62.23, TTA Acc@1: 28.90, Acc@5: 54.79
2025-06-08 17:18:26,906 - log - INFO - Final results - Original Acc@1: 36.58, Acc@5: 62.23, TTA Acc@1: 28.90, Acc@5: 54.79
2025-06-08 17:18:26,907 - log - INFO - Improvement from TTA in Acc@1 -7.68, and Acc@5 -7.45
2025-06-08 17:18:26,908 - log - INFO - => Acc. on testset [DTD]: Clean Acc @1 36.58392333984375/ TTA Clean Acc @1 28.90070915222168, Clean Acc @5 62.23404312133789/ TTA Clean Acc @5 54.787235260009766
2025-06-08 17:18:26,908 - log - INFO - Total script execution time: 4479.31 seconds (74.66 minutes)
