2025-06-12 09:27:41,114 - log - INFO - ==========================================
data:/leonardo_work/EUHPC_R04_192/fmohamma/Adversarial_Robust_Clip/atpt_data/downstream_datasets
test_sets:UCF101
dataset_mode:test
arch:vit_l_14_datacomp_1b
resolution:224
workers:4
no_pin_memory:False
batch_size:64
print_freq:20
gpu:0
no_cudnn_benchmark:False
n_ctx:4
ctx_init:a_photo_of_a
tpt_loss:rtpt
seed:0
output_dir:/leonardo_work/EUHPC_R04_192/fmohamma/Adversarial_Robust_Clip/atpt_data/vit_l_14_datacomp_1b/UCF101
log_output_dir:/leonardo_work/EUHPC_R04_192/fmohamma/Adversarial_Robust_Clip/ATPT/Final_Results/vit_l_14_datacomp_1b/UCF101
eps:0.0
alpha:0.0
alpha_eps_ratio:4.0
steps:0
lr:0.005
selection_p:0.1
tta_steps:1
ensemble_type:vanilla
top_k:20
softmax_temp:0.01
counter_attack:True
counter_attack_type:pgd
counter_attack_steps:2
counter_attack_eps:4.0
counter_attack_alpha:1.0
counter_attack_tau_thres:0.2
counter_attack_beta:2.0
counter_attack_weighted_perturbations:True
pgd_clip_pure_i_text_embeddings:null
pgd_counter_and_clipure_i_lamda:1.0
selected_id_name:selected_topk.json
weighted_score_name:weighted_scores.json
batch_entropy_name:entropies.json
log_dir:/leonardo_work/EUHPC_R04_192/fmohamma/Adversarial_Robust_Clip/ATPT/Final_Results/vit_l_14_datacomp_1b/UCF101/Clean/Counter_Attack/Eps_4_0_Steps_2_Alpha_1_0/tau_0_2_beta_2_0_weighted_pertrubation_True/TPT/Optimization_Loss_rtpt_LR_0_005_Optimization_Steps_1_View_Selection_Fraction_0_1/Inference_Ensemble_vanilla

2025-06-12 09:27:41,114 - log - INFO - Use GPU: 0 for training
2025-06-12 09:29:55,476 - log - INFO - Freezing all parameters except prompt learner
2025-06-12 09:29:55,477 - log - INFO - => Model created: visual backbone vit_l_14_datacomp_1b
2025-06-12 09:29:55,502 - log - INFO - Number of test samples: 3783
2025-06-12 09:29:55,502 - log - INFO - Evaluating dataset: UCF101
2025-06-12 09:29:55,503 - log - INFO - Starting evaluation with batch size: 64, selection percentage: 0.1
2025-06-12 09:29:55,503 - log - INFO - Test-time adaptation steps: 1, learning rate: 0.005
2025-06-12 09:29:55,503 - log - INFO - Using counter-attack with epsilon: 4.000000, alpha: 0.000000, steps: 2, tau_thres: 0.2, beta: 2.0, weighted perturbation: True
2025-06-12 09:31:08,055 - log - INFO - iter:20/3783, clip_acc1=75.0, tta_acc1=80.0
2025-06-12 09:31:08,055 - log - INFO - iter:20/3783, Original Acc@1: 75.00, Acc@5: 95.00, TTA Acc@1: 80.00, Acc@5: 90.00
2025-06-12 09:32:03,470 - log - INFO - iter:40/3783, clip_acc1=82.5, tta_acc1=90.0
2025-06-12 09:32:03,470 - log - INFO - iter:40/3783, Original Acc@1: 82.50, Acc@5: 97.50, TTA Acc@1: 90.00, Acc@5: 95.00
2025-06-12 09:32:58,859 - log - INFO - iter:60/3783, clip_acc1=78.33333587646484, tta_acc1=90.00000762939453
2025-06-12 09:32:58,859 - log - INFO - iter:60/3783, Original Acc@1: 78.33, Acc@5: 91.67, TTA Acc@1: 90.00, Acc@5: 96.67
2025-06-12 09:33:53,856 - log - INFO - iter:80/3783, clip_acc1=82.5, tta_acc1=91.25
2025-06-12 09:33:53,856 - log - INFO - iter:80/3783, Original Acc@1: 82.50, Acc@5: 92.50, TTA Acc@1: 91.25, Acc@5: 97.50
2025-06-12 09:34:49,764 - log - INFO - iter:100/3783, clip_acc1=80.0, tta_acc1=90.0
2025-06-12 09:34:49,764 - log - INFO - iter:100/3783, Original Acc@1: 80.00, Acc@5: 92.00, TTA Acc@1: 90.00, Acc@5: 98.00
2025-06-12 09:35:44,887 - log - INFO - iter:120/3783, clip_acc1=79.16667175292969, tta_acc1=86.66667175292969
2025-06-12 09:35:44,887 - log - INFO - iter:120/3783, Original Acc@1: 79.17, Acc@5: 90.83, TTA Acc@1: 86.67, Acc@5: 95.83
2025-06-12 09:36:41,723 - log - INFO - iter:140/3783, clip_acc1=81.42857360839844, tta_acc1=88.57142639160156
2025-06-12 09:36:41,723 - log - INFO - iter:140/3783, Original Acc@1: 81.43, Acc@5: 91.43, TTA Acc@1: 88.57, Acc@5: 96.43
2025-06-12 09:37:36,657 - log - INFO - iter:160/3783, clip_acc1=76.875, tta_acc1=86.25
2025-06-12 09:37:36,657 - log - INFO - iter:160/3783, Original Acc@1: 76.88, Acc@5: 90.00, TTA Acc@1: 86.25, Acc@5: 96.88
2025-06-12 09:38:31,947 - log - INFO - iter:180/3783, clip_acc1=69.44444274902344, tta_acc1=77.22222137451172
2025-06-12 09:38:31,948 - log - INFO - iter:180/3783, Original Acc@1: 69.44, Acc@5: 87.78, TTA Acc@1: 77.22, Acc@5: 93.89
2025-06-12 09:39:26,846 - log - INFO - iter:200/3783, clip_acc1=70.5, tta_acc1=78.5
2025-06-12 09:39:26,847 - log - INFO - iter:200/3783, Original Acc@1: 70.50, Acc@5: 88.50, TTA Acc@1: 78.50, Acc@5: 93.50
2025-06-12 09:40:21,827 - log - INFO - iter:220/3783, clip_acc1=71.81817626953125, tta_acc1=79.09090423583984
2025-06-12 09:40:21,827 - log - INFO - iter:220/3783, Original Acc@1: 71.82, Acc@5: 89.09, TTA Acc@1: 79.09, Acc@5: 94.09
2025-06-12 09:41:16,737 - log - INFO - iter:240/3783, clip_acc1=70.41667175292969, tta_acc1=78.33333587646484
2025-06-12 09:41:16,737 - log - INFO - iter:240/3783, Original Acc@1: 70.42, Acc@5: 87.50, TTA Acc@1: 78.33, Acc@5: 92.08
2025-06-12 09:42:11,859 - log - INFO - iter:260/3783, clip_acc1=71.92308044433594, tta_acc1=80.0
2025-06-12 09:42:11,859 - log - INFO - iter:260/3783, Original Acc@1: 71.92, Acc@5: 88.46, TTA Acc@1: 80.00, Acc@5: 92.69
2025-06-12 09:43:07,123 - log - INFO - iter:280/3783, clip_acc1=70.0, tta_acc1=77.5
2025-06-12 09:43:07,124 - log - INFO - iter:280/3783, Original Acc@1: 70.00, Acc@5: 86.43, TTA Acc@1: 77.50, Acc@5: 91.79
2025-06-12 09:44:02,132 - log - INFO - iter:300/3783, clip_acc1=65.66667175292969, tta_acc1=72.66667175292969
2025-06-12 09:44:02,133 - log - INFO - iter:300/3783, Original Acc@1: 65.67, Acc@5: 84.33, TTA Acc@1: 72.67, Acc@5: 88.67
2025-06-12 09:44:57,141 - log - INFO - iter:320/3783, clip_acc1=66.25, tta_acc1=73.125
2025-06-12 09:44:57,144 - log - INFO - iter:320/3783, Original Acc@1: 66.25, Acc@5: 85.00, TTA Acc@1: 73.12, Acc@5: 89.06
2025-06-12 09:45:52,109 - log - INFO - iter:340/3783, clip_acc1=66.47058868408203, tta_acc1=73.82353210449219
2025-06-12 09:45:52,109 - log - INFO - iter:340/3783, Original Acc@1: 66.47, Acc@5: 85.59, TTA Acc@1: 73.82, Acc@5: 89.71
2025-06-12 09:46:47,111 - log - INFO - iter:360/3783, clip_acc1=68.33333587646484, tta_acc1=75.0
2025-06-12 09:46:47,111 - log - INFO - iter:360/3783, Original Acc@1: 68.33, Acc@5: 86.39, TTA Acc@1: 75.00, Acc@5: 90.28
2025-06-12 09:47:42,024 - log - INFO - iter:380/3783, clip_acc1=68.68421173095703, tta_acc1=75.0
2025-06-12 09:47:42,024 - log - INFO - iter:380/3783, Original Acc@1: 68.68, Acc@5: 86.58, TTA Acc@1: 75.00, Acc@5: 90.79
2025-06-12 09:48:36,931 - log - INFO - iter:400/3783, clip_acc1=69.25, tta_acc1=75.75
2025-06-12 09:48:36,931 - log - INFO - iter:400/3783, Original Acc@1: 69.25, Acc@5: 87.25, TTA Acc@1: 75.75, Acc@5: 91.25
2025-06-12 09:49:31,734 - log - INFO - iter:420/3783, clip_acc1=70.71428680419922, tta_acc1=76.9047622680664
2025-06-12 09:49:31,736 - log - INFO - iter:420/3783, Original Acc@1: 70.71, Acc@5: 87.86, TTA Acc@1: 76.90, Acc@5: 91.67
2025-06-12 09:50:26,611 - log - INFO - iter:440/3783, clip_acc1=72.04545593261719, tta_acc1=77.95454406738281
2025-06-12 09:50:26,611 - log - INFO - iter:440/3783, Original Acc@1: 72.05, Acc@5: 88.41, TTA Acc@1: 77.95, Acc@5: 92.05
2025-06-12 09:51:21,198 - log - INFO - iter:460/3783, clip_acc1=73.04347229003906, tta_acc1=78.91304016113281
2025-06-12 09:51:21,200 - log - INFO - iter:460/3783, Original Acc@1: 73.04, Acc@5: 88.91, TTA Acc@1: 78.91, Acc@5: 92.39
2025-06-12 09:52:15,962 - log - INFO - iter:480/3783, clip_acc1=73.33333587646484, tta_acc1=78.75000762939453
2025-06-12 09:52:15,963 - log - INFO - iter:480/3783, Original Acc@1: 73.33, Acc@5: 88.96, TTA Acc@1: 78.75, Acc@5: 92.50
2025-06-12 09:53:10,608 - log - INFO - iter:500/3783, clip_acc1=73.80000305175781, tta_acc1=78.60000610351562
2025-06-12 09:53:10,613 - log - INFO - iter:500/3783, Original Acc@1: 73.80, Acc@5: 89.40, TTA Acc@1: 78.60, Acc@5: 92.80
2025-06-12 09:54:05,267 - log - INFO - iter:520/3783, clip_acc1=74.03845977783203, tta_acc1=78.84615325927734
2025-06-12 09:54:05,270 - log - INFO - iter:520/3783, Original Acc@1: 74.04, Acc@5: 89.81, TTA Acc@1: 78.85, Acc@5: 92.88
2025-06-12 09:54:59,993 - log - INFO - iter:540/3783, clip_acc1=74.62963104248047, tta_acc1=79.2592544555664
2025-06-12 09:54:59,993 - log - INFO - iter:540/3783, Original Acc@1: 74.63, Acc@5: 90.19, TTA Acc@1: 79.26, Acc@5: 93.15
2025-06-12 09:55:54,648 - log - INFO - iter:560/3783, clip_acc1=72.32142639160156, tta_acc1=77.5
2025-06-12 09:55:54,648 - log - INFO - iter:560/3783, Original Acc@1: 72.32, Acc@5: 88.75, TTA Acc@1: 77.50, Acc@5: 92.50
2025-06-12 09:56:49,317 - log - INFO - iter:580/3783, clip_acc1=72.06896209716797, tta_acc1=76.89655303955078
2025-06-12 09:56:49,319 - log - INFO - iter:580/3783, Original Acc@1: 72.07, Acc@5: 88.79, TTA Acc@1: 76.90, Acc@5: 92.24
2025-06-12 09:57:43,923 - log - INFO - iter:600/3783, clip_acc1=72.83333587646484, tta_acc1=77.66667175292969
2025-06-12 09:57:43,923 - log - INFO - iter:600/3783, Original Acc@1: 72.83, Acc@5: 89.17, TTA Acc@1: 77.67, Acc@5: 92.50
2025-06-12 09:58:38,635 - log - INFO - iter:620/3783, clip_acc1=73.38709259033203, tta_acc1=78.06451416015625
2025-06-12 09:58:38,635 - log - INFO - iter:620/3783, Original Acc@1: 73.39, Acc@5: 89.52, TTA Acc@1: 78.06, Acc@5: 92.74
2025-06-12 09:59:33,639 - log - INFO - iter:640/3783, clip_acc1=72.65625, tta_acc1=77.34375
2025-06-12 09:59:33,639 - log - INFO - iter:640/3783, Original Acc@1: 72.66, Acc@5: 89.84, TTA Acc@1: 77.34, Acc@5: 92.97
2025-06-12 10:00:28,638 - log - INFO - iter:660/3783, clip_acc1=72.12120819091797, tta_acc1=76.81817626953125
2025-06-12 10:00:28,638 - log - INFO - iter:660/3783, Original Acc@1: 72.12, Acc@5: 89.55, TTA Acc@1: 76.82, Acc@5: 92.88
2025-06-12 10:01:23,678 - log - INFO - iter:680/3783, clip_acc1=70.88235473632812, tta_acc1=75.73529815673828
2025-06-12 10:01:23,678 - log - INFO - iter:680/3783, Original Acc@1: 70.88, Acc@5: 88.38, TTA Acc@1: 75.74, Acc@5: 91.76
2025-06-12 10:02:18,993 - log - INFO - iter:700/3783, clip_acc1=69.28571319580078, tta_acc1=73.57142639160156
2025-06-12 10:02:18,993 - log - INFO - iter:700/3783, Original Acc@1: 69.29, Acc@5: 86.43, TTA Acc@1: 73.57, Acc@5: 89.86
2025-06-12 10:03:13,968 - log - INFO - iter:720/3783, clip_acc1=68.33333587646484, tta_acc1=72.36111450195312
2025-06-12 10:03:13,968 - log - INFO - iter:720/3783, Original Acc@1: 68.33, Acc@5: 86.53, TTA Acc@1: 72.36, Acc@5: 90.14
2025-06-12 10:04:08,985 - log - INFO - iter:740/3783, clip_acc1=67.83783721923828, tta_acc1=71.75675964355469
2025-06-12 10:04:08,987 - log - INFO - iter:740/3783, Original Acc@1: 67.84, Acc@5: 86.76, TTA Acc@1: 71.76, Acc@5: 90.41
2025-06-12 10:05:03,927 - log - INFO - iter:760/3783, clip_acc1=68.5526351928711, tta_acc1=72.23684692382812
2025-06-12 10:05:03,927 - log - INFO - iter:760/3783, Original Acc@1: 68.55, Acc@5: 86.97, TTA Acc@1: 72.24, Acc@5: 90.53
2025-06-12 10:05:58,802 - log - INFO - iter:780/3783, clip_acc1=69.10256958007812, tta_acc1=72.94872283935547
2025-06-12 10:05:58,802 - log - INFO - iter:780/3783, Original Acc@1: 69.10, Acc@5: 87.31, TTA Acc@1: 72.95, Acc@5: 90.77
2025-06-12 10:06:53,576 - log - INFO - iter:800/3783, clip_acc1=69.625, tta_acc1=73.5
2025-06-12 10:06:53,577 - log - INFO - iter:800/3783, Original Acc@1: 69.62, Acc@5: 87.38, TTA Acc@1: 73.50, Acc@5: 90.88
2025-06-12 10:07:48,283 - log - INFO - iter:820/3783, clip_acc1=69.51219177246094, tta_acc1=73.65853881835938
2025-06-12 10:07:48,288 - log - INFO - iter:820/3783, Original Acc@1: 69.51, Acc@5: 87.20, TTA Acc@1: 73.66, Acc@5: 90.85
2025-06-12 10:08:43,246 - log - INFO - iter:840/3783, clip_acc1=69.8809585571289, tta_acc1=73.80952453613281
2025-06-12 10:08:43,246 - log - INFO - iter:840/3783, Original Acc@1: 69.88, Acc@5: 87.14, TTA Acc@1: 73.81, Acc@5: 90.83
2025-06-12 10:09:38,285 - log - INFO - iter:860/3783, clip_acc1=68.83721160888672, tta_acc1=72.44185638427734
2025-06-12 10:09:38,285 - log - INFO - iter:860/3783, Original Acc@1: 68.84, Acc@5: 86.40, TTA Acc@1: 72.44, Acc@5: 89.53
2025-06-12 10:10:33,223 - log - INFO - iter:880/3783, clip_acc1=68.29545593261719, tta_acc1=71.81817626953125
2025-06-12 10:10:33,224 - log - INFO - iter:880/3783, Original Acc@1: 68.30, Acc@5: 86.48, TTA Acc@1: 71.82, Acc@5: 89.43
2025-06-12 10:11:28,086 - log - INFO - iter:900/3783, clip_acc1=67.44444274902344, tta_acc1=71.33333587646484
2025-06-12 10:11:28,087 - log - INFO - iter:900/3783, Original Acc@1: 67.44, Acc@5: 86.22, TTA Acc@1: 71.33, Acc@5: 89.67
2025-06-12 10:12:22,603 - log - INFO - iter:920/3783, clip_acc1=66.73912811279297, tta_acc1=70.54347229003906
2025-06-12 10:12:22,604 - log - INFO - iter:920/3783, Original Acc@1: 66.74, Acc@5: 85.87, TTA Acc@1: 70.54, Acc@5: 89.89
2025-06-12 10:13:17,511 - log - INFO - iter:940/3783, clip_acc1=67.34042358398438, tta_acc1=71.06382751464844
2025-06-12 10:13:17,511 - log - INFO - iter:940/3783, Original Acc@1: 67.34, Acc@5: 86.06, TTA Acc@1: 71.06, Acc@5: 90.11
2025-06-12 10:14:12,558 - log - INFO - iter:960/3783, clip_acc1=67.5, tta_acc1=70.83333587646484
2025-06-12 10:14:12,558 - log - INFO - iter:960/3783, Original Acc@1: 67.50, Acc@5: 86.15, TTA Acc@1: 70.83, Acc@5: 90.00
2025-06-12 10:15:07,486 - log - INFO - iter:980/3783, clip_acc1=66.73468780517578, tta_acc1=69.48979187011719
2025-06-12 10:15:07,489 - log - INFO - iter:980/3783, Original Acc@1: 66.73, Acc@5: 86.43, TTA Acc@1: 69.49, Acc@5: 89.18
2025-06-12 10:16:02,313 - log - INFO - iter:1000/3783, clip_acc1=66.60000610351562, tta_acc1=68.80000305175781
2025-06-12 10:16:02,314 - log - INFO - iter:1000/3783, Original Acc@1: 66.60, Acc@5: 86.60, TTA Acc@1: 68.80, Acc@5: 88.70
2025-06-12 10:16:57,451 - log - INFO - iter:1020/3783, clip_acc1=67.05883026123047, tta_acc1=69.4117660522461
2025-06-12 10:16:57,452 - log - INFO - iter:1020/3783, Original Acc@1: 67.06, Acc@5: 86.86, TTA Acc@1: 69.41, Acc@5: 88.92
2025-06-12 10:17:52,740 - log - INFO - iter:1040/3783, clip_acc1=67.21154022216797, tta_acc1=69.51923370361328
2025-06-12 10:17:52,740 - log - INFO - iter:1040/3783, Original Acc@1: 67.21, Acc@5: 87.12, TTA Acc@1: 69.52, Acc@5: 89.13
2025-06-12 10:18:48,232 - log - INFO - iter:1060/3783, clip_acc1=67.35848999023438, tta_acc1=70.0
2025-06-12 10:18:48,232 - log - INFO - iter:1060/3783, Original Acc@1: 67.36, Acc@5: 87.26, TTA Acc@1: 70.00, Acc@5: 89.25
2025-06-12 10:19:43,276 - log - INFO - iter:1080/3783, clip_acc1=67.22222137451172, tta_acc1=70.0
2025-06-12 10:19:43,276 - log - INFO - iter:1080/3783, Original Acc@1: 67.22, Acc@5: 87.04, TTA Acc@1: 70.00, Acc@5: 89.35
2025-06-12 10:20:38,591 - log - INFO - iter:1100/3783, clip_acc1=67.45454406738281, tta_acc1=70.45454406738281
2025-06-12 10:20:38,592 - log - INFO - iter:1100/3783, Original Acc@1: 67.45, Acc@5: 87.18, TTA Acc@1: 70.45, Acc@5: 89.55
2025-06-12 10:21:33,610 - log - INFO - iter:1120/3783, clip_acc1=67.5, tta_acc1=70.89286041259766
2025-06-12 10:21:33,610 - log - INFO - iter:1120/3783, Original Acc@1: 67.50, Acc@5: 87.32, TTA Acc@1: 70.89, Acc@5: 89.73
2025-06-12 10:22:28,663 - log - INFO - iter:1140/3783, clip_acc1=67.10526275634766, tta_acc1=70.78947448730469
2025-06-12 10:22:28,663 - log - INFO - iter:1140/3783, Original Acc@1: 67.11, Acc@5: 87.11, TTA Acc@1: 70.79, Acc@5: 89.74
2025-06-12 10:23:23,563 - log - INFO - iter:1160/3783, clip_acc1=66.63793182373047, tta_acc1=70.3448257446289
2025-06-12 10:23:23,564 - log - INFO - iter:1160/3783, Original Acc@1: 66.64, Acc@5: 86.90, TTA Acc@1: 70.34, Acc@5: 89.40
2025-06-12 10:24:18,497 - log - INFO - iter:1180/3783, clip_acc1=66.52542114257812, tta_acc1=69.91525268554688
2025-06-12 10:24:18,498 - log - INFO - iter:1180/3783, Original Acc@1: 66.53, Acc@5: 86.95, TTA Acc@1: 69.92, Acc@5: 89.41
2025-06-12 10:25:13,424 - log - INFO - iter:1200/3783, clip_acc1=65.83333587646484, tta_acc1=69.33333587646484
2025-06-12 10:25:13,424 - log - INFO - iter:1200/3783, Original Acc@1: 65.83, Acc@5: 86.92, TTA Acc@1: 69.33, Acc@5: 89.33
2025-06-12 10:26:08,517 - log - INFO - iter:1220/3783, clip_acc1=65.81967163085938, tta_acc1=69.3442611694336
2025-06-12 10:26:08,517 - log - INFO - iter:1220/3783, Original Acc@1: 65.82, Acc@5: 86.97, TTA Acc@1: 69.34, Acc@5: 89.51
2025-06-12 10:27:03,516 - log - INFO - iter:1240/3783, clip_acc1=65.64515686035156, tta_acc1=69.51612854003906
2025-06-12 10:27:03,516 - log - INFO - iter:1240/3783, Original Acc@1: 65.65, Acc@5: 86.85, TTA Acc@1: 69.52, Acc@5: 89.60
2025-06-12 10:27:58,762 - log - INFO - iter:1260/3783, clip_acc1=66.11111450195312, tta_acc1=70.0
2025-06-12 10:27:58,762 - log - INFO - iter:1260/3783, Original Acc@1: 66.11, Acc@5: 86.98, TTA Acc@1: 70.00, Acc@5: 89.76
2025-06-12 10:28:53,911 - log - INFO - iter:1280/3783, clip_acc1=66.40625, tta_acc1=70.15625
2025-06-12 10:28:53,911 - log - INFO - iter:1280/3783, Original Acc@1: 66.41, Acc@5: 87.19, TTA Acc@1: 70.16, Acc@5: 89.92
2025-06-12 10:29:49,446 - log - INFO - iter:1300/3783, clip_acc1=66.53845977783203, tta_acc1=70.23076629638672
2025-06-12 10:29:49,446 - log - INFO - iter:1300/3783, Original Acc@1: 66.54, Acc@5: 87.15, TTA Acc@1: 70.23, Acc@5: 89.85
2025-06-12 10:30:44,503 - log - INFO - iter:1320/3783, clip_acc1=66.13636016845703, tta_acc1=69.7727279663086
2025-06-12 10:30:44,506 - log - INFO - iter:1320/3783, Original Acc@1: 66.14, Acc@5: 86.97, TTA Acc@1: 69.77, Acc@5: 89.70
2025-06-12 10:31:39,749 - log - INFO - iter:1340/3783, clip_acc1=66.0447769165039, tta_acc1=69.776123046875
2025-06-12 10:31:39,749 - log - INFO - iter:1340/3783, Original Acc@1: 66.04, Acc@5: 86.94, TTA Acc@1: 69.78, Acc@5: 89.78
2025-06-12 10:32:34,936 - log - INFO - iter:1360/3783, clip_acc1=65.29412078857422, tta_acc1=68.97058868408203
2025-06-12 10:32:34,936 - log - INFO - iter:1360/3783, Original Acc@1: 65.29, Acc@5: 86.84, TTA Acc@1: 68.97, Acc@5: 89.85
2025-06-12 10:33:30,031 - log - INFO - iter:1380/3783, clip_acc1=64.56521606445312, tta_acc1=68.18840789794922
2025-06-12 10:33:30,031 - log - INFO - iter:1380/3783, Original Acc@1: 64.57, Acc@5: 86.52, TTA Acc@1: 68.19, Acc@5: 90.00
2025-06-12 10:34:25,145 - log - INFO - iter:1400/3783, clip_acc1=64.21428680419922, tta_acc1=68.28571319580078
2025-06-12 10:34:25,145 - log - INFO - iter:1400/3783, Original Acc@1: 64.21, Acc@5: 86.50, TTA Acc@1: 68.29, Acc@5: 90.14
2025-06-12 10:35:20,220 - log - INFO - iter:1420/3783, clip_acc1=63.943660736083984, tta_acc1=68.09858703613281
2025-06-12 10:35:20,220 - log - INFO - iter:1420/3783, Original Acc@1: 63.94, Acc@5: 86.27, TTA Acc@1: 68.10, Acc@5: 89.93
2025-06-12 10:36:14,912 - log - INFO - iter:1440/3783, clip_acc1=63.1944465637207, tta_acc1=67.29167175292969
2025-06-12 10:36:14,912 - log - INFO - iter:1440/3783, Original Acc@1: 63.19, Acc@5: 85.83, TTA Acc@1: 67.29, Acc@5: 90.00
2025-06-12 10:37:09,943 - log - INFO - iter:1460/3783, clip_acc1=62.80821990966797, tta_acc1=66.91780853271484
2025-06-12 10:37:09,944 - log - INFO - iter:1460/3783, Original Acc@1: 62.81, Acc@5: 86.03, TTA Acc@1: 66.92, Acc@5: 90.14
2025-06-12 10:38:05,929 - log - INFO - iter:1480/3783, clip_acc1=62.635135650634766, tta_acc1=66.82432556152344
2025-06-12 10:38:05,929 - log - INFO - iter:1480/3783, Original Acc@1: 62.64, Acc@5: 85.88, TTA Acc@1: 66.82, Acc@5: 90.14
2025-06-12 10:39:07,184 - log - INFO - iter:1500/3783, clip_acc1=62.133331298828125, tta_acc1=66.26666259765625
2025-06-12 10:39:07,184 - log - INFO - iter:1500/3783, Original Acc@1: 62.13, Acc@5: 85.87, TTA Acc@1: 66.27, Acc@5: 90.13
2025-06-12 10:40:02,849 - log - INFO - iter:1520/3783, clip_acc1=61.71052932739258, tta_acc1=65.78947448730469
2025-06-12 10:40:02,849 - log - INFO - iter:1520/3783, Original Acc@1: 61.71, Acc@5: 85.79, TTA Acc@1: 65.79, Acc@5: 90.07
2025-06-12 10:40:57,877 - log - INFO - iter:1540/3783, clip_acc1=62.20779037475586, tta_acc1=66.2337646484375
2025-06-12 10:40:57,877 - log - INFO - iter:1540/3783, Original Acc@1: 62.21, Acc@5: 85.97, TTA Acc@1: 66.23, Acc@5: 90.19
2025-06-12 10:41:55,320 - log - INFO - iter:1560/3783, clip_acc1=62.69231033325195, tta_acc1=66.66667175292969
2025-06-12 10:41:55,320 - log - INFO - iter:1560/3783, Original Acc@1: 62.69, Acc@5: 86.15, TTA Acc@1: 66.67, Acc@5: 90.32
2025-06-12 10:42:50,484 - log - INFO - iter:1580/3783, clip_acc1=63.16455841064453, tta_acc1=67.08860778808594
2025-06-12 10:42:50,484 - log - INFO - iter:1580/3783, Original Acc@1: 63.16, Acc@5: 86.33, TTA Acc@1: 67.09, Acc@5: 90.44
2025-06-12 10:43:46,052 - log - INFO - iter:1600/3783, clip_acc1=63.625, tta_acc1=67.5
2025-06-12 10:43:46,052 - log - INFO - iter:1600/3783, Original Acc@1: 63.62, Acc@5: 86.50, TTA Acc@1: 67.50, Acc@5: 90.56
2025-06-12 10:44:41,189 - log - INFO - iter:1620/3783, clip_acc1=63.6419792175293, tta_acc1=67.4691390991211
2025-06-12 10:44:41,190 - log - INFO - iter:1620/3783, Original Acc@1: 63.64, Acc@5: 86.36, TTA Acc@1: 67.47, Acc@5: 90.56
2025-06-12 10:45:36,206 - log - INFO - iter:1640/3783, clip_acc1=63.780487060546875, tta_acc1=67.5
2025-06-12 10:45:36,206 - log - INFO - iter:1640/3783, Original Acc@1: 63.78, Acc@5: 86.34, TTA Acc@1: 67.50, Acc@5: 90.49
2025-06-12 10:46:31,091 - log - INFO - iter:1660/3783, clip_acc1=64.21686553955078, tta_acc1=67.89157104492188
2025-06-12 10:46:31,091 - log - INFO - iter:1660/3783, Original Acc@1: 64.22, Acc@5: 86.51, TTA Acc@1: 67.89, Acc@5: 90.60
2025-06-12 10:47:26,046 - log - INFO - iter:1680/3783, clip_acc1=64.64286041259766, tta_acc1=68.27381134033203
2025-06-12 10:47:26,046 - log - INFO - iter:1680/3783, Original Acc@1: 64.64, Acc@5: 86.67, TTA Acc@1: 68.27, Acc@5: 90.71
2025-06-12 10:48:21,335 - log - INFO - iter:1700/3783, clip_acc1=64.05882263183594, tta_acc1=67.82352447509766
2025-06-12 10:48:21,335 - log - INFO - iter:1700/3783, Original Acc@1: 64.06, Acc@5: 86.24, TTA Acc@1: 67.82, Acc@5: 90.59
2025-06-12 10:49:16,587 - log - INFO - iter:1720/3783, clip_acc1=63.604652404785156, tta_acc1=67.26744079589844
2025-06-12 10:49:16,588 - log - INFO - iter:1720/3783, Original Acc@1: 63.60, Acc@5: 85.99, TTA Acc@1: 67.27, Acc@5: 90.12
2025-06-12 10:50:11,835 - log - INFO - iter:1740/3783, clip_acc1=62.87356185913086, tta_acc1=66.49425506591797
2025-06-12 10:50:11,835 - log - INFO - iter:1740/3783, Original Acc@1: 62.87, Acc@5: 85.40, TTA Acc@1: 66.49, Acc@5: 89.08
2025-06-12 10:51:06,963 - log - INFO - iter:1760/3783, clip_acc1=62.21590805053711, tta_acc1=65.73863220214844
2025-06-12 10:51:06,964 - log - INFO - iter:1760/3783, Original Acc@1: 62.22, Acc@5: 85.06, TTA Acc@1: 65.74, Acc@5: 88.58
2025-06-12 10:52:01,866 - log - INFO - iter:1780/3783, clip_acc1=61.573036193847656, tta_acc1=65.0
2025-06-12 10:52:01,866 - log - INFO - iter:1780/3783, Original Acc@1: 61.57, Acc@5: 84.55, TTA Acc@1: 65.00, Acc@5: 88.09
2025-06-12 10:52:56,813 - log - INFO - iter:1800/3783, clip_acc1=61.27777862548828, tta_acc1=64.44444274902344
2025-06-12 10:52:56,813 - log - INFO - iter:1800/3783, Original Acc@1: 61.28, Acc@5: 84.22, TTA Acc@1: 64.44, Acc@5: 87.67
2025-06-12 10:53:51,822 - log - INFO - iter:1820/3783, clip_acc1=60.76923370361328, tta_acc1=63.901100158691406
2025-06-12 10:53:51,823 - log - INFO - iter:1820/3783, Original Acc@1: 60.77, Acc@5: 83.74, TTA Acc@1: 63.90, Acc@5: 86.92
2025-06-12 10:54:46,756 - log - INFO - iter:1840/3783, clip_acc1=60.97825622558594, tta_acc1=64.07608032226562
2025-06-12 10:54:46,756 - log - INFO - iter:1840/3783, Original Acc@1: 60.98, Acc@5: 83.86, TTA Acc@1: 64.08, Acc@5: 87.01
2025-06-12 10:55:41,810 - log - INFO - iter:1860/3783, clip_acc1=61.2365608215332, tta_acc1=64.19355010986328
2025-06-12 10:55:41,811 - log - INFO - iter:1860/3783, Original Acc@1: 61.24, Acc@5: 83.98, TTA Acc@1: 64.19, Acc@5: 87.10
2025-06-12 10:56:36,765 - log - INFO - iter:1880/3783, clip_acc1=61.48936080932617, tta_acc1=64.46808624267578
2025-06-12 10:56:36,765 - log - INFO - iter:1880/3783, Original Acc@1: 61.49, Acc@5: 84.04, TTA Acc@1: 64.47, Acc@5: 87.18
2025-06-12 10:57:31,604 - log - INFO - iter:1900/3783, clip_acc1=61.684207916259766, tta_acc1=64.84210205078125
2025-06-12 10:57:31,604 - log - INFO - iter:1900/3783, Original Acc@1: 61.68, Acc@5: 84.11, TTA Acc@1: 64.84, Acc@5: 87.32
2025-06-12 10:58:26,613 - log - INFO - iter:1920/3783, clip_acc1=61.718753814697266, tta_acc1=65.10417175292969
2025-06-12 10:58:26,613 - log - INFO - iter:1920/3783, Original Acc@1: 61.72, Acc@5: 84.17, TTA Acc@1: 65.10, Acc@5: 87.45
2025-06-12 10:59:21,692 - log - INFO - iter:1940/3783, clip_acc1=61.3402099609375, tta_acc1=64.74227142333984
2025-06-12 10:59:21,693 - log - INFO - iter:1940/3783, Original Acc@1: 61.34, Acc@5: 83.92, TTA Acc@1: 64.74, Acc@5: 87.37
2025-06-12 11:00:16,614 - log - INFO - iter:1960/3783, clip_acc1=61.173465728759766, tta_acc1=64.79591369628906
2025-06-12 11:00:16,614 - log - INFO - iter:1960/3783, Original Acc@1: 61.17, Acc@5: 84.03, TTA Acc@1: 64.80, Acc@5: 87.45
2025-06-12 11:01:11,645 - log - INFO - iter:1980/3783, clip_acc1=61.161617279052734, tta_acc1=64.8484878540039
2025-06-12 11:01:11,646 - log - INFO - iter:1980/3783, Original Acc@1: 61.16, Acc@5: 84.04, TTA Acc@1: 64.85, Acc@5: 87.58
2025-06-12 11:02:06,820 - log - INFO - iter:2000/3783, clip_acc1=61.55000305175781, tta_acc1=65.1500015258789
2025-06-12 11:02:06,821 - log - INFO - iter:2000/3783, Original Acc@1: 61.55, Acc@5: 84.20, TTA Acc@1: 65.15, Acc@5: 87.70
2025-06-12 11:03:01,889 - log - INFO - iter:2020/3783, clip_acc1=61.930694580078125, tta_acc1=65.49504852294922
2025-06-12 11:03:01,889 - log - INFO - iter:2020/3783, Original Acc@1: 61.93, Acc@5: 84.36, TTA Acc@1: 65.50, Acc@5: 87.82
2025-06-12 11:03:56,914 - log - INFO - iter:2040/3783, clip_acc1=62.254905700683594, tta_acc1=65.686279296875
2025-06-12 11:03:56,914 - log - INFO - iter:2040/3783, Original Acc@1: 62.25, Acc@5: 84.46, TTA Acc@1: 65.69, Acc@5: 87.94
2025-06-12 11:04:51,750 - log - INFO - iter:2060/3783, clip_acc1=62.13592529296875, tta_acc1=65.82524108886719
2025-06-12 11:04:51,751 - log - INFO - iter:2060/3783, Original Acc@1: 62.14, Acc@5: 84.47, TTA Acc@1: 65.83, Acc@5: 88.06
2025-06-12 11:05:46,652 - log - INFO - iter:2080/3783, clip_acc1=62.25961685180664, tta_acc1=66.10576629638672
2025-06-12 11:05:46,652 - log - INFO - iter:2080/3783, Original Acc@1: 62.26, Acc@5: 84.52, TTA Acc@1: 66.11, Acc@5: 88.12
2025-06-12 11:06:41,655 - log - INFO - iter:2100/3783, clip_acc1=61.80952453613281, tta_acc1=65.61904907226562
2025-06-12 11:06:41,655 - log - INFO - iter:2100/3783, Original Acc@1: 61.81, Acc@5: 83.86, TTA Acc@1: 65.62, Acc@5: 87.43
2025-06-12 11:07:36,667 - log - INFO - iter:2120/3783, clip_acc1=61.46226501464844, tta_acc1=65.0
2025-06-12 11:07:36,667 - log - INFO - iter:2120/3783, Original Acc@1: 61.46, Acc@5: 83.58, TTA Acc@1: 65.00, Acc@5: 86.98
2025-06-12 11:08:31,831 - log - INFO - iter:2140/3783, clip_acc1=60.88785171508789, tta_acc1=64.39252471923828
2025-06-12 11:08:31,831 - log - INFO - iter:2140/3783, Original Acc@1: 60.89, Acc@5: 83.13, TTA Acc@1: 64.39, Acc@5: 86.82
2025-06-12 11:09:27,146 - log - INFO - iter:2160/3783, clip_acc1=60.5555534362793, tta_acc1=63.98147964477539
2025-06-12 11:09:27,146 - log - INFO - iter:2160/3783, Original Acc@1: 60.56, Acc@5: 83.15, TTA Acc@1: 63.98, Acc@5: 86.90
2025-06-12 11:10:22,313 - log - INFO - iter:2180/3783, clip_acc1=60.55046081542969, tta_acc1=63.94495391845703
2025-06-12 11:10:22,314 - log - INFO - iter:2180/3783, Original Acc@1: 60.55, Acc@5: 83.21, TTA Acc@1: 63.94, Acc@5: 86.79
2025-06-12 11:11:17,736 - log - INFO - iter:2200/3783, clip_acc1=60.40909194946289, tta_acc1=63.95454406738281
2025-06-12 11:11:17,736 - log - INFO - iter:2200/3783, Original Acc@1: 60.41, Acc@5: 83.00, TTA Acc@1: 63.95, Acc@5: 86.68
2025-06-12 11:12:12,721 - log - INFO - iter:2220/3783, clip_acc1=60.72072219848633, tta_acc1=64.27928161621094
2025-06-12 11:12:12,721 - log - INFO - iter:2220/3783, Original Acc@1: 60.72, Acc@5: 83.11, TTA Acc@1: 64.28, Acc@5: 86.80
2025-06-12 11:13:07,904 - log - INFO - iter:2240/3783, clip_acc1=60.75893020629883, tta_acc1=64.24107360839844
2025-06-12 11:13:07,904 - log - INFO - iter:2240/3783, Original Acc@1: 60.76, Acc@5: 83.26, TTA Acc@1: 64.24, Acc@5: 86.56
2025-06-12 11:14:03,271 - log - INFO - iter:2260/3783, clip_acc1=60.22123718261719, tta_acc1=63.67256546020508
2025-06-12 11:14:03,271 - log - INFO - iter:2260/3783, Original Acc@1: 60.22, Acc@5: 83.23, TTA Acc@1: 63.67, Acc@5: 85.93
2025-06-12 11:14:58,613 - log - INFO - iter:2280/3783, clip_acc1=60.17544174194336, tta_acc1=63.50877380371094
2025-06-12 11:14:58,613 - log - INFO - iter:2280/3783, Original Acc@1: 60.18, Acc@5: 83.33, TTA Acc@1: 63.51, Acc@5: 85.70
2025-06-12 11:15:53,614 - log - INFO - iter:2300/3783, clip_acc1=60.5217399597168, tta_acc1=63.826087951660156
2025-06-12 11:15:53,615 - log - INFO - iter:2300/3783, Original Acc@1: 60.52, Acc@5: 83.48, TTA Acc@1: 63.83, Acc@5: 85.83
2025-06-12 11:16:48,577 - log - INFO - iter:2320/3783, clip_acc1=60.86206817626953, tta_acc1=64.13793182373047
2025-06-12 11:16:48,577 - log - INFO - iter:2320/3783, Original Acc@1: 60.86, Acc@5: 83.62, TTA Acc@1: 64.14, Acc@5: 85.95
2025-06-12 11:17:43,304 - log - INFO - iter:2340/3783, clip_acc1=61.19658279418945, tta_acc1=64.44444274902344
2025-06-12 11:17:43,305 - log - INFO - iter:2340/3783, Original Acc@1: 61.20, Acc@5: 83.76, TTA Acc@1: 64.44, Acc@5: 86.07
2025-06-12 11:18:38,125 - log - INFO - iter:2360/3783, clip_acc1=61.525421142578125, tta_acc1=64.74576568603516
2025-06-12 11:18:38,125 - log - INFO - iter:2360/3783, Original Acc@1: 61.53, Acc@5: 83.90, TTA Acc@1: 64.75, Acc@5: 86.19
2025-06-12 11:19:33,065 - log - INFO - iter:2380/3783, clip_acc1=61.84873962402344, tta_acc1=65.0420150756836
2025-06-12 11:19:33,065 - log - INFO - iter:2380/3783, Original Acc@1: 61.85, Acc@5: 84.03, TTA Acc@1: 65.04, Acc@5: 86.30
2025-06-12 11:20:28,087 - log - INFO - iter:2400/3783, clip_acc1=62.16666793823242, tta_acc1=65.33333587646484
2025-06-12 11:20:28,087 - log - INFO - iter:2400/3783, Original Acc@1: 62.17, Acc@5: 84.17, TTA Acc@1: 65.33, Acc@5: 86.42
2025-06-12 11:21:23,115 - log - INFO - iter:2420/3783, clip_acc1=62.314048767089844, tta_acc1=65.61983489990234
2025-06-12 11:21:23,116 - log - INFO - iter:2420/3783, Original Acc@1: 62.31, Acc@5: 84.30, TTA Acc@1: 65.62, Acc@5: 86.53
2025-06-12 11:22:18,085 - log - INFO - iter:2440/3783, clip_acc1=62.581966400146484, tta_acc1=65.90164184570312
2025-06-12 11:22:18,085 - log - INFO - iter:2440/3783, Original Acc@1: 62.58, Acc@5: 84.43, TTA Acc@1: 65.90, Acc@5: 86.64
2025-06-12 11:23:13,335 - log - INFO - iter:2460/3783, clip_acc1=62.60162353515625, tta_acc1=66.1382064819336
2025-06-12 11:23:13,335 - log - INFO - iter:2460/3783, Original Acc@1: 62.60, Acc@5: 84.55, TTA Acc@1: 66.14, Acc@5: 86.75
2025-06-12 11:24:08,413 - log - INFO - iter:2480/3783, clip_acc1=62.70161056518555, tta_acc1=66.41129302978516
2025-06-12 11:24:08,414 - log - INFO - iter:2480/3783, Original Acc@1: 62.70, Acc@5: 84.68, TTA Acc@1: 66.41, Acc@5: 86.85
2025-06-12 11:25:03,349 - log - INFO - iter:2500/3783, clip_acc1=62.87999725341797, tta_acc1=66.68000030517578
2025-06-12 11:25:03,349 - log - INFO - iter:2500/3783, Original Acc@1: 62.88, Acc@5: 84.80, TTA Acc@1: 66.68, Acc@5: 86.96
2025-06-12 11:25:58,524 - log - INFO - iter:2520/3783, clip_acc1=63.05555725097656, tta_acc1=66.86508178710938
2025-06-12 11:25:58,524 - log - INFO - iter:2520/3783, Original Acc@1: 63.06, Acc@5: 84.92, TTA Acc@1: 66.87, Acc@5: 87.06
2025-06-12 11:26:53,691 - log - INFO - iter:2540/3783, clip_acc1=63.30708694458008, tta_acc1=67.12598419189453
2025-06-12 11:26:53,691 - log - INFO - iter:2540/3783, Original Acc@1: 63.31, Acc@5: 85.04, TTA Acc@1: 67.13, Acc@5: 87.17
2025-06-12 11:27:48,715 - log - INFO - iter:2560/3783, clip_acc1=62.96875, tta_acc1=66.7578125
2025-06-12 11:27:48,715 - log - INFO - iter:2560/3783, Original Acc@1: 62.97, Acc@5: 84.73, TTA Acc@1: 66.76, Acc@5: 86.95
2025-06-12 11:28:43,907 - log - INFO - iter:2580/3783, clip_acc1=62.67441940307617, tta_acc1=66.51162719726562
2025-06-12 11:28:43,907 - log - INFO - iter:2580/3783, Original Acc@1: 62.67, Acc@5: 84.73, TTA Acc@1: 66.51, Acc@5: 87.05
2025-06-12 11:29:39,221 - log - INFO - iter:2600/3783, clip_acc1=62.730770111083984, tta_acc1=66.57691955566406
2025-06-12 11:29:39,221 - log - INFO - iter:2600/3783, Original Acc@1: 62.73, Acc@5: 84.73, TTA Acc@1: 66.58, Acc@5: 87.04
2025-06-12 11:30:34,125 - log - INFO - iter:2620/3783, clip_acc1=62.709922790527344, tta_acc1=66.56488800048828
2025-06-12 11:30:34,125 - log - INFO - iter:2620/3783, Original Acc@1: 62.71, Acc@5: 84.81, TTA Acc@1: 66.56, Acc@5: 87.06
2025-06-12 11:31:29,131 - log - INFO - iter:2640/3783, clip_acc1=62.8787841796875, tta_acc1=66.78030395507812
2025-06-12 11:31:29,131 - log - INFO - iter:2640/3783, Original Acc@1: 62.88, Acc@5: 84.85, TTA Acc@1: 66.78, Acc@5: 87.16
2025-06-12 11:32:24,394 - log - INFO - iter:2660/3783, clip_acc1=62.6315803527832, tta_acc1=66.5037612915039
2025-06-12 11:32:24,394 - log - INFO - iter:2660/3783, Original Acc@1: 62.63, Acc@5: 84.85, TTA Acc@1: 66.50, Acc@5: 86.84
2025-06-12 11:33:19,435 - log - INFO - iter:2680/3783, clip_acc1=62.57462692260742, tta_acc1=66.5671615600586
2025-06-12 11:33:19,435 - log - INFO - iter:2680/3783, Original Acc@1: 62.57, Acc@5: 84.96, TTA Acc@1: 66.57, Acc@5: 86.87
2025-06-12 11:34:14,258 - log - INFO - iter:2700/3783, clip_acc1=62.77777862548828, tta_acc1=66.74073791503906
2025-06-12 11:34:14,258 - log - INFO - iter:2700/3783, Original Acc@1: 62.78, Acc@5: 85.07, TTA Acc@1: 66.74, Acc@5: 86.96
2025-06-12 11:35:09,583 - log - INFO - iter:2720/3783, clip_acc1=62.757354736328125, tta_acc1=66.875
2025-06-12 11:35:09,583 - log - INFO - iter:2720/3783, Original Acc@1: 62.76, Acc@5: 85.11, TTA Acc@1: 66.88, Acc@5: 87.02
2025-06-12 11:36:04,501 - log - INFO - iter:2740/3783, clip_acc1=62.95620346069336, tta_acc1=67.04379272460938
2025-06-12 11:36:04,501 - log - INFO - iter:2740/3783, Original Acc@1: 62.96, Acc@5: 85.22, TTA Acc@1: 67.04, Acc@5: 87.08
2025-06-12 11:36:59,487 - log - INFO - iter:2760/3783, clip_acc1=63.115943908691406, tta_acc1=67.28260803222656
2025-06-12 11:36:59,487 - log - INFO - iter:2760/3783, Original Acc@1: 63.12, Acc@5: 85.29, TTA Acc@1: 67.28, Acc@5: 87.17
2025-06-12 11:37:54,645 - log - INFO - iter:2780/3783, clip_acc1=63.30935287475586, tta_acc1=67.446044921875
2025-06-12 11:37:54,645 - log - INFO - iter:2780/3783, Original Acc@1: 63.31, Acc@5: 85.40, TTA Acc@1: 67.45, Acc@5: 87.23
2025-06-12 11:38:49,663 - log - INFO - iter:2800/3783, clip_acc1=63.10714340209961, tta_acc1=67.25
2025-06-12 11:38:49,663 - log - INFO - iter:2800/3783, Original Acc@1: 63.11, Acc@5: 85.29, TTA Acc@1: 67.25, Acc@5: 87.00
2025-06-12 11:39:44,536 - log - INFO - iter:2820/3783, clip_acc1=62.872337341308594, tta_acc1=66.9858169555664
2025-06-12 11:39:44,536 - log - INFO - iter:2820/3783, Original Acc@1: 62.87, Acc@5: 85.14, TTA Acc@1: 66.99, Acc@5: 86.91
2025-06-12 11:40:39,724 - log - INFO - iter:2840/3783, clip_acc1=63.1338005065918, tta_acc1=67.21830749511719
2025-06-12 11:40:39,724 - log - INFO - iter:2840/3783, Original Acc@1: 63.13, Acc@5: 85.25, TTA Acc@1: 67.22, Acc@5: 87.01
2025-06-12 11:41:34,878 - log - INFO - iter:2860/3783, clip_acc1=63.25175094604492, tta_acc1=67.34265899658203
2025-06-12 11:41:34,878 - log - INFO - iter:2860/3783, Original Acc@1: 63.25, Acc@5: 85.24, TTA Acc@1: 67.34, Acc@5: 87.06
2025-06-12 11:42:29,922 - log - INFO - iter:2880/3783, clip_acc1=63.298614501953125, tta_acc1=67.3263931274414
2025-06-12 11:42:29,922 - log - INFO - iter:2880/3783, Original Acc@1: 63.30, Acc@5: 85.35, TTA Acc@1: 67.33, Acc@5: 87.08
2025-06-12 11:43:24,791 - log - INFO - iter:2900/3783, clip_acc1=63.27586364746094, tta_acc1=67.34483337402344
2025-06-12 11:43:24,791 - log - INFO - iter:2900/3783, Original Acc@1: 63.28, Acc@5: 85.41, TTA Acc@1: 67.34, Acc@5: 87.10
2025-06-12 11:44:19,824 - log - INFO - iter:2920/3783, clip_acc1=63.45890426635742, tta_acc1=67.56849670410156
2025-06-12 11:44:19,824 - log - INFO - iter:2920/3783, Original Acc@1: 63.46, Acc@5: 85.51, TTA Acc@1: 67.57, Acc@5: 87.19
2025-06-12 11:45:15,014 - log - INFO - iter:2940/3783, clip_acc1=63.26530838012695, tta_acc1=67.48299407958984
2025-06-12 11:45:15,015 - log - INFO - iter:2940/3783, Original Acc@1: 63.27, Acc@5: 85.48, TTA Acc@1: 67.48, Acc@5: 87.28
2025-06-12 11:46:10,034 - log - INFO - iter:2960/3783, clip_acc1=62.83784103393555, tta_acc1=67.02703094482422
2025-06-12 11:46:10,034 - log - INFO - iter:2960/3783, Original Acc@1: 62.84, Acc@5: 85.03, TTA Acc@1: 67.03, Acc@5: 86.93
2025-06-12 11:47:06,030 - log - INFO - iter:2980/3783, clip_acc1=62.41611099243164, tta_acc1=66.57718658447266
2025-06-12 11:47:06,031 - log - INFO - iter:2980/3783, Original Acc@1: 62.42, Acc@5: 84.77, TTA Acc@1: 66.58, Acc@5: 86.54
2025-06-12 11:48:07,110 - log - INFO - iter:3000/3783, clip_acc1=62.36666488647461, tta_acc1=66.5
2025-06-12 11:48:07,110 - log - INFO - iter:3000/3783, Original Acc@1: 62.37, Acc@5: 84.63, TTA Acc@1: 66.50, Acc@5: 86.53
2025-06-12 11:49:02,961 - log - INFO - iter:3020/3783, clip_acc1=62.58278274536133, tta_acc1=66.72185516357422
2025-06-12 11:49:02,961 - log - INFO - iter:3020/3783, Original Acc@1: 62.58, Acc@5: 84.74, TTA Acc@1: 66.72, Acc@5: 86.62
2025-06-12 11:49:58,441 - log - INFO - iter:3040/3783, clip_acc1=62.6315803527832, tta_acc1=66.84210968017578
2025-06-12 11:49:58,441 - log - INFO - iter:3040/3783, Original Acc@1: 62.63, Acc@5: 84.80, TTA Acc@1: 66.84, Acc@5: 86.71
2025-06-12 11:50:56,889 - log - INFO - iter:3060/3783, clip_acc1=62.64706039428711, tta_acc1=66.86274719238281
2025-06-12 11:50:56,890 - log - INFO - iter:3060/3783, Original Acc@1: 62.65, Acc@5: 84.84, TTA Acc@1: 66.86, Acc@5: 86.76
2025-06-12 11:51:52,083 - log - INFO - iter:3080/3783, clip_acc1=62.62986755371094, tta_acc1=66.78571319580078
2025-06-12 11:51:52,083 - log - INFO - iter:3080/3783, Original Acc@1: 62.63, Acc@5: 84.84, TTA Acc@1: 66.79, Acc@5: 86.69
2025-06-12 11:52:47,217 - log - INFO - iter:3100/3783, clip_acc1=62.67742156982422, tta_acc1=66.80645751953125
2025-06-12 11:52:47,217 - log - INFO - iter:3100/3783, Original Acc@1: 62.68, Acc@5: 84.87, TTA Acc@1: 66.81, Acc@5: 86.65
2025-06-12 11:53:42,103 - log - INFO - iter:3120/3783, clip_acc1=62.85256576538086, tta_acc1=66.95513153076172
2025-06-12 11:53:42,104 - log - INFO - iter:3120/3783, Original Acc@1: 62.85, Acc@5: 84.90, TTA Acc@1: 66.96, Acc@5: 86.70
2025-06-12 11:54:37,219 - log - INFO - iter:3140/3783, clip_acc1=62.802547454833984, tta_acc1=66.91082763671875
2025-06-12 11:54:37,219 - log - INFO - iter:3140/3783, Original Acc@1: 62.80, Acc@5: 84.84, TTA Acc@1: 66.91, Acc@5: 86.72
2025-06-12 11:55:32,397 - log - INFO - iter:3160/3783, clip_acc1=62.81645584106445, tta_acc1=66.93038177490234
2025-06-12 11:55:32,398 - log - INFO - iter:3160/3783, Original Acc@1: 62.82, Acc@5: 84.75, TTA Acc@1: 66.93, Acc@5: 86.74
2025-06-12 11:56:27,532 - log - INFO - iter:3180/3783, clip_acc1=63.05031204223633, tta_acc1=67.13836669921875
2025-06-12 11:56:27,533 - log - INFO - iter:3180/3783, Original Acc@1: 63.05, Acc@5: 84.84, TTA Acc@1: 67.14, Acc@5: 86.82
2025-06-12 11:57:22,490 - log - INFO - iter:3200/3783, clip_acc1=63.21875, tta_acc1=67.28125
2025-06-12 11:57:22,490 - log - INFO - iter:3200/3783, Original Acc@1: 63.22, Acc@5: 84.88, TTA Acc@1: 67.28, Acc@5: 86.84
2025-06-12 11:58:17,412 - log - INFO - iter:3220/3783, clip_acc1=62.82608413696289, tta_acc1=66.8944091796875
2025-06-12 11:58:17,412 - log - INFO - iter:3220/3783, Original Acc@1: 62.83, Acc@5: 84.72, TTA Acc@1: 66.89, Acc@5: 86.40
2025-06-12 11:59:12,359 - log - INFO - iter:3240/3783, clip_acc1=62.8703727722168, tta_acc1=66.91358184814453
2025-06-12 11:59:12,359 - log - INFO - iter:3240/3783, Original Acc@1: 62.87, Acc@5: 84.66, TTA Acc@1: 66.91, Acc@5: 86.30
2025-06-12 12:00:07,390 - log - INFO - iter:3260/3783, clip_acc1=63.09815979003906, tta_acc1=67.11656188964844
2025-06-12 12:00:07,391 - log - INFO - iter:3260/3783, Original Acc@1: 63.10, Acc@5: 84.75, TTA Acc@1: 67.12, Acc@5: 86.38
2025-06-12 12:01:02,586 - log - INFO - iter:3280/3783, clip_acc1=63.29268264770508, tta_acc1=67.31707000732422
2025-06-12 12:01:02,586 - log - INFO - iter:3280/3783, Original Acc@1: 63.29, Acc@5: 84.85, TTA Acc@1: 67.32, Acc@5: 86.46
2025-06-12 12:01:57,849 - log - INFO - iter:3300/3783, clip_acc1=63.45454406738281, tta_acc1=67.48484802246094
2025-06-12 12:01:57,849 - log - INFO - iter:3300/3783, Original Acc@1: 63.45, Acc@5: 84.91, TTA Acc@1: 67.48, Acc@5: 86.55
2025-06-12 12:02:52,799 - log - INFO - iter:3320/3783, clip_acc1=63.373497009277344, tta_acc1=67.53012084960938
2025-06-12 12:02:52,800 - log - INFO - iter:3320/3783, Original Acc@1: 63.37, Acc@5: 84.82, TTA Acc@1: 67.53, Acc@5: 86.51
2025-06-12 12:03:48,030 - log - INFO - iter:3340/3783, clip_acc1=63.443115234375, tta_acc1=67.69461059570312
2025-06-12 12:03:48,030 - log - INFO - iter:3340/3783, Original Acc@1: 63.44, Acc@5: 84.88, TTA Acc@1: 67.69, Acc@5: 86.59
2025-06-12 12:04:43,078 - log - INFO - iter:3360/3783, clip_acc1=63.57143020629883, tta_acc1=67.85714721679688
2025-06-12 12:04:43,079 - log - INFO - iter:3360/3783, Original Acc@1: 63.57, Acc@5: 84.88, TTA Acc@1: 67.86, Acc@5: 86.64
2025-06-12 12:05:38,058 - log - INFO - iter:3380/3783, clip_acc1=63.786983489990234, tta_acc1=68.0473403930664
2025-06-12 12:05:38,059 - log - INFO - iter:3380/3783, Original Acc@1: 63.79, Acc@5: 84.97, TTA Acc@1: 68.05, Acc@5: 86.72
2025-06-12 12:06:33,030 - log - INFO - iter:3400/3783, clip_acc1=63.9411735534668, tta_acc1=68.23529052734375
2025-06-12 12:06:33,031 - log - INFO - iter:3400/3783, Original Acc@1: 63.94, Acc@5: 85.00, TTA Acc@1: 68.24, Acc@5: 86.79
2025-06-12 12:07:27,961 - log - INFO - iter:3420/3783, clip_acc1=63.88888931274414, tta_acc1=68.33333587646484
2025-06-12 12:07:27,961 - log - INFO - iter:3420/3783, Original Acc@1: 63.89, Acc@5: 84.85, TTA Acc@1: 68.33, Acc@5: 86.87
2025-06-12 12:08:22,894 - log - INFO - iter:3440/3783, clip_acc1=64.09883880615234, tta_acc1=68.51744079589844
2025-06-12 12:08:22,895 - log - INFO - iter:3440/3783, Original Acc@1: 64.10, Acc@5: 84.94, TTA Acc@1: 68.52, Acc@5: 86.95
2025-06-12 12:09:17,889 - log - INFO - iter:3460/3783, clip_acc1=64.07514190673828, tta_acc1=68.4393081665039
2025-06-12 12:09:17,889 - log - INFO - iter:3460/3783, Original Acc@1: 64.08, Acc@5: 84.88, TTA Acc@1: 68.44, Acc@5: 86.85
2025-06-12 12:10:12,800 - log - INFO - iter:3480/3783, clip_acc1=63.96551513671875, tta_acc1=68.36206817626953
2025-06-12 12:10:12,800 - log - INFO - iter:3480/3783, Original Acc@1: 63.97, Acc@5: 84.91, TTA Acc@1: 68.36, Acc@5: 86.72
2025-06-12 12:11:07,640 - log - INFO - iter:3500/3783, clip_acc1=63.82857131958008, tta_acc1=68.34285736083984
2025-06-12 12:11:07,640 - log - INFO - iter:3500/3783, Original Acc@1: 63.83, Acc@5: 84.69, TTA Acc@1: 68.34, Acc@5: 86.66
2025-06-12 12:12:02,808 - log - INFO - iter:3520/3783, clip_acc1=63.80681610107422, tta_acc1=68.29545593261719
2025-06-12 12:12:02,808 - log - INFO - iter:3520/3783, Original Acc@1: 63.81, Acc@5: 84.57, TTA Acc@1: 68.30, Acc@5: 86.68
2025-06-12 12:12:57,861 - log - INFO - iter:3540/3783, clip_acc1=63.98305130004883, tta_acc1=68.47457885742188
2025-06-12 12:12:57,862 - log - INFO - iter:3540/3783, Original Acc@1: 63.98, Acc@5: 84.66, TTA Acc@1: 68.47, Acc@5: 86.75
2025-06-12 12:13:52,816 - log - INFO - iter:3560/3783, clip_acc1=64.18539428710938, tta_acc1=68.65168762207031
2025-06-12 12:13:52,816 - log - INFO - iter:3560/3783, Original Acc@1: 64.19, Acc@5: 84.75, TTA Acc@1: 68.65, Acc@5: 86.83
2025-06-12 12:14:47,748 - log - INFO - iter:3580/3783, clip_acc1=64.30167388916016, tta_acc1=68.77095031738281
2025-06-12 12:14:47,748 - log - INFO - iter:3580/3783, Original Acc@1: 64.30, Acc@5: 84.75, TTA Acc@1: 68.77, Acc@5: 86.84
2025-06-12 12:15:42,635 - log - INFO - iter:3600/3783, clip_acc1=64.36111450195312, tta_acc1=68.83333587646484
2025-06-12 12:15:42,635 - log - INFO - iter:3600/3783, Original Acc@1: 64.36, Acc@5: 84.81, TTA Acc@1: 68.83, Acc@5: 86.92
2025-06-12 12:16:37,482 - log - INFO - iter:3620/3783, clip_acc1=64.447509765625, tta_acc1=68.97789764404297
2025-06-12 12:16:37,482 - log - INFO - iter:3620/3783, Original Acc@1: 64.45, Acc@5: 84.86, TTA Acc@1: 68.98, Acc@5: 86.99
2025-06-12 12:17:32,365 - log - INFO - iter:3640/3783, clip_acc1=64.50550079345703, tta_acc1=69.03846740722656
2025-06-12 12:17:32,366 - log - INFO - iter:3640/3783, Original Acc@1: 64.51, Acc@5: 84.84, TTA Acc@1: 69.04, Acc@5: 87.01
2025-06-12 12:18:27,172 - log - INFO - iter:3660/3783, clip_acc1=64.59016418457031, tta_acc1=69.12568664550781
2025-06-12 12:18:27,173 - log - INFO - iter:3660/3783, Original Acc@1: 64.59, Acc@5: 84.84, TTA Acc@1: 69.13, Acc@5: 87.02
2025-06-12 12:19:22,015 - log - INFO - iter:3680/3783, clip_acc1=64.56521606445312, tta_acc1=69.23912811279297
2025-06-12 12:19:22,015 - log - INFO - iter:3680/3783, Original Acc@1: 64.57, Acc@5: 84.89, TTA Acc@1: 69.24, Acc@5: 87.07
2025-06-12 12:20:16,963 - log - INFO - iter:3700/3783, clip_acc1=64.62162017822266, tta_acc1=69.29730224609375
2025-06-12 12:20:16,963 - log - INFO - iter:3700/3783, Original Acc@1: 64.62, Acc@5: 84.86, TTA Acc@1: 69.30, Acc@5: 87.05
2025-06-12 12:21:11,705 - log - INFO - iter:3720/3783, clip_acc1=64.78495025634766, tta_acc1=69.46236419677734
2025-06-12 12:21:11,705 - log - INFO - iter:3720/3783, Original Acc@1: 64.78, Acc@5: 84.95, TTA Acc@1: 69.46, Acc@5: 87.12
2025-06-12 12:22:06,443 - log - INFO - iter:3740/3783, clip_acc1=64.89305114746094, tta_acc1=69.62567138671875
2025-06-12 12:22:06,443 - log - INFO - iter:3740/3783, Original Acc@1: 64.89, Acc@5: 85.00, TTA Acc@1: 69.63, Acc@5: 87.19
2025-06-12 12:23:01,365 - log - INFO - iter:3760/3783, clip_acc1=64.97340393066406, tta_acc1=69.52127075195312
2025-06-12 12:23:01,365 - log - INFO - iter:3760/3783, Original Acc@1: 64.97, Acc@5: 85.05, TTA Acc@1: 69.52, Acc@5: 87.21
2025-06-12 12:23:54,911 - log - INFO - iter:3780/3783, clip_acc1=64.89418029785156, tta_acc1=69.338623046875
2025-06-12 12:23:54,912 - log - INFO - iter:3780/3783, Original Acc@1: 64.89, Acc@5: 84.95, TTA Acc@1: 69.34, Acc@5: 87.14
2025-06-12 12:24:02,268 - log - INFO - iter:3783/3783, clip_acc1=64.84271240234375, tta_acc1=69.31006622314453
2025-06-12 12:24:02,269 - log - INFO - iter:3783/3783, Original Acc@1: 64.84, Acc@5: 84.91, TTA Acc@1: 69.31, Acc@5: 87.13
2025-06-12 12:24:02,436 - log - INFO - Final results - Original Acc@1: 64.84, Acc@5: 84.91, TTA Acc@1: 69.31, Acc@5: 87.13
2025-06-12 12:24:02,437 - log - INFO - Improvement from TTA in Acc@1 4.47, and Acc@5 2.22
2025-06-12 12:24:02,438 - log - INFO - Number of selected samples with index 0: 543
2025-06-12 12:24:02,438 - log - INFO - Number of samples in the dataset: 3783
2025-06-12 12:24:02,467 - log - INFO - Selected IDs saved to /leonardo_work/EUHPC_R04_192/fmohamma/Adversarial_Robust_Clip/ATPT/Final_Results/vit_l_14_datacomp_1b/UCF101/Clean/Counter_Attack/Eps_4_0_Steps_2_Alpha_1_0/tau_0_2_beta_2_0_weighted_pertrubation_True/TPT/Optimization_Loss_rtpt_LR_0_005_Optimization_Steps_1_View_Selection_Fraction_0_1/Inference_Ensemble_vanilla/selected_topk.json
2025-06-12 12:24:02,707 - log - INFO - Batch entropies saved to /leonardo_work/EUHPC_R04_192/fmohamma/Adversarial_Robust_Clip/ATPT/Final_Results/vit_l_14_datacomp_1b/UCF101/Clean/Counter_Attack/Eps_4_0_Steps_2_Alpha_1_0/tau_0_2_beta_2_0_weighted_pertrubation_True/TPT/Optimization_Loss_rtpt_LR_0_005_Optimization_Steps_1_View_Selection_Fraction_0_1/Inference_Ensemble_vanilla/entropies.json
2025-06-12 12:24:02,710 - log - INFO - => Acc. on testset [UCF101]: Clean Acc @1 64.84271240234375/ TTA Clean Acc @1 69.31006622314453, Clean Acc @5 84.90615844726562/ TTA Clean Acc @5 87.12661743164062
2025-06-12 12:24:02,710 - log - INFO - Total script execution time: 10581.64 seconds (176.36 minutes)
