2025-06-15 06:09:57,136 - log - INFO - ==========================================
data:/leonardo_work/EUHPC_R04_192/fmohamma/Adversarial_Robust_Clip/atpt_data/downstream_datasets
test_sets:Flower102
dataset_mode:test
arch:vit_l_14_datacomp_1b
resolution:224
workers:4
no_pin_memory:False
batch_size:64
print_freq:20
gpu:0
no_cudnn_benchmark:False
n_ctx:4
ctx_init:a_photo_of_a
tpt_loss:tpt
seed:0
output_dir:/leonardo_work/EUHPC_R04_192/fmohamma/Adversarial_Robust_Clip/atpt_data/vit_l_14_datacomp_1b/Flower102
log_output_dir:/leonardo_work/EUHPC_R04_192/fmohamma/Adversarial_Robust_Clip/ATPT/Final_Results/vit_l_14_datacomp_1b/Flower102
eps:0.0
alpha:0.0
alpha_eps_ratio:4.0
steps:0
lr:0.005
selection_p:0.1
tta_steps:1
ensemble_type:vanilla
top_k:20
softmax_temp:0.01
counter_attack:True
counter_attack_type:pgd
counter_attack_steps:2
counter_attack_eps:2.0
counter_attack_alpha:1.0
counter_attack_tau_thres:0.2
counter_attack_beta:2.0
counter_attack_weighted_perturbations:True
pgd_clip_pure_i_text_embeddings:null
pgd_counter_and_clipure_i_lamda:1.0
selected_id_name:selected_topk.json
weighted_score_name:weighted_scores.json
batch_entropy_name:entropies.json
log_dir:/leonardo_work/EUHPC_R04_192/fmohamma/Adversarial_Robust_Clip/ATPT/Final_Results/vit_l_14_datacomp_1b/Flower102/Clean/Counter_Attack/Eps_2_0_Steps_2_Alpha_1_0/tau_0_2_beta_2_0_weighted_pertrubation_True/TPT/Optimization_Loss_tpt_LR_0_005_Optimization_Steps_1_View_Selection_Fraction_0_1/Inference_Ensemble_vanilla

2025-06-15 06:09:57,137 - log - INFO - Use GPU: 0 for training
2025-06-15 06:11:27,272 - log - INFO - Freezing all parameters except prompt learner
2025-06-15 06:11:27,273 - log - INFO - => Model created: visual backbone vit_l_14_datacomp_1b
2025-06-15 06:11:27,283 - log - INFO - Number of test samples: 2463
2025-06-15 06:11:27,283 - log - INFO - Evaluating dataset: Flower102
2025-06-15 06:11:27,284 - log - INFO - Starting evaluation with batch size: 64, selection percentage: 0.1
2025-06-15 06:11:27,284 - log - INFO - Test-time adaptation steps: 1, learning rate: 0.005
2025-06-15 06:11:27,285 - log - INFO - Using counter-attack with epsilon: 2.000000, alpha: 0.000000, steps: 2, tau_thres: 0.2, beta: 2.0, weighted perturbation: True
2025-06-15 06:12:28,113 - log - INFO - iter:20/2463, clip_acc1=100.0, tta_acc1=100.0
2025-06-15 06:12:28,113 - log - INFO - iter:20/2463, Original Acc@1: 100.00, Acc@5: 100.00, TTA Acc@1: 100.00, Acc@5: 100.00
2025-06-15 06:13:23,414 - log - INFO - iter:40/2463, clip_acc1=100.0, tta_acc1=100.0
2025-06-15 06:13:23,415 - log - INFO - iter:40/2463, Original Acc@1: 100.00, Acc@5: 100.00, TTA Acc@1: 100.00, Acc@5: 100.00
2025-06-15 06:14:18,649 - log - INFO - iter:60/2463, clip_acc1=100.00000762939453, tta_acc1=100.00000762939453
2025-06-15 06:14:18,649 - log - INFO - iter:60/2463, Original Acc@1: 100.00, Acc@5: 100.00, TTA Acc@1: 100.00, Acc@5: 100.00
2025-06-15 06:15:13,898 - log - INFO - iter:80/2463, clip_acc1=98.75, tta_acc1=98.75
2025-06-15 06:15:13,898 - log - INFO - iter:80/2463, Original Acc@1: 98.75, Acc@5: 100.00, TTA Acc@1: 98.75, Acc@5: 100.00
2025-06-15 06:16:09,388 - log - INFO - iter:100/2463, clip_acc1=95.0, tta_acc1=98.0
2025-06-15 06:16:09,389 - log - INFO - iter:100/2463, Original Acc@1: 95.00, Acc@5: 100.00, TTA Acc@1: 98.00, Acc@5: 100.00
2025-06-15 06:17:04,990 - log - INFO - iter:120/2463, clip_acc1=90.00000762939453, tta_acc1=96.66667175292969
2025-06-15 06:17:04,990 - log - INFO - iter:120/2463, Original Acc@1: 90.00, Acc@5: 100.00, TTA Acc@1: 96.67, Acc@5: 100.00
2025-06-15 06:18:00,524 - log - INFO - iter:140/2463, clip_acc1=88.57142639160156, tta_acc1=97.14286041259766
2025-06-15 06:18:00,525 - log - INFO - iter:140/2463, Original Acc@1: 88.57, Acc@5: 100.00, TTA Acc@1: 97.14, Acc@5: 100.00
2025-06-15 06:18:58,504 - log - INFO - iter:160/2463, clip_acc1=86.25, tta_acc1=96.875
2025-06-15 06:18:58,504 - log - INFO - iter:160/2463, Original Acc@1: 86.25, Acc@5: 99.38, TTA Acc@1: 96.88, Acc@5: 100.00
2025-06-15 06:19:54,653 - log - INFO - iter:180/2463, clip_acc1=84.44444274902344, tta_acc1=96.66667175292969
2025-06-15 06:19:54,653 - log - INFO - iter:180/2463, Original Acc@1: 84.44, Acc@5: 98.89, TTA Acc@1: 96.67, Acc@5: 99.44
2025-06-15 06:20:50,117 - log - INFO - iter:200/2463, clip_acc1=76.0, tta_acc1=87.0
2025-06-15 06:20:50,117 - log - INFO - iter:200/2463, Original Acc@1: 76.00, Acc@5: 89.00, TTA Acc@1: 87.00, Acc@5: 89.50
2025-06-15 06:21:45,445 - log - INFO - iter:220/2463, clip_acc1=69.09090423583984, tta_acc1=79.09090423583984
2025-06-15 06:21:45,445 - log - INFO - iter:220/2463, Original Acc@1: 69.09, Acc@5: 80.91, TTA Acc@1: 79.09, Acc@5: 81.36
2025-06-15 06:22:40,670 - log - INFO - iter:240/2463, clip_acc1=65.83333587646484, tta_acc1=75.00000762939453
2025-06-15 06:22:40,670 - log - INFO - iter:240/2463, Original Acc@1: 65.83, Acc@5: 76.67, TTA Acc@1: 75.00, Acc@5: 77.08
2025-06-15 06:23:35,903 - log - INFO - iter:260/2463, clip_acc1=68.46154022216797, tta_acc1=76.92308044433594
2025-06-15 06:23:35,903 - log - INFO - iter:260/2463, Original Acc@1: 68.46, Acc@5: 78.46, TTA Acc@1: 76.92, Acc@5: 78.85
2025-06-15 06:24:31,301 - log - INFO - iter:280/2463, clip_acc1=70.71428680419922, tta_acc1=78.57142639160156
2025-06-15 06:24:31,301 - log - INFO - iter:280/2463, Original Acc@1: 70.71, Acc@5: 80.00, TTA Acc@1: 78.57, Acc@5: 80.36
2025-06-15 06:25:26,765 - log - INFO - iter:300/2463, clip_acc1=72.66667175292969, tta_acc1=80.0
2025-06-15 06:25:26,765 - log - INFO - iter:300/2463, Original Acc@1: 72.67, Acc@5: 81.33, TTA Acc@1: 80.00, Acc@5: 81.67
2025-06-15 06:26:22,372 - log - INFO - iter:320/2463, clip_acc1=74.375, tta_acc1=81.25
2025-06-15 06:26:22,372 - log - INFO - iter:320/2463, Original Acc@1: 74.38, Acc@5: 82.50, TTA Acc@1: 81.25, Acc@5: 82.81
2025-06-15 06:27:17,855 - log - INFO - iter:340/2463, clip_acc1=75.5882339477539, tta_acc1=82.35294342041016
2025-06-15 06:27:17,855 - log - INFO - iter:340/2463, Original Acc@1: 75.59, Acc@5: 83.53, TTA Acc@1: 82.35, Acc@5: 83.82
2025-06-15 06:28:13,263 - log - INFO - iter:360/2463, clip_acc1=76.94444274902344, tta_acc1=83.33333587646484
2025-06-15 06:28:13,263 - log - INFO - iter:360/2463, Original Acc@1: 76.94, Acc@5: 84.44, TTA Acc@1: 83.33, Acc@5: 84.72
2025-06-15 06:29:08,533 - log - INFO - iter:380/2463, clip_acc1=77.89473724365234, tta_acc1=84.21053314208984
2025-06-15 06:29:08,533 - log - INFO - iter:380/2463, Original Acc@1: 77.89, Acc@5: 85.26, TTA Acc@1: 84.21, Acc@5: 85.53
2025-06-15 06:30:03,890 - log - INFO - iter:400/2463, clip_acc1=78.5, tta_acc1=84.75
2025-06-15 06:30:03,890 - log - INFO - iter:400/2463, Original Acc@1: 78.50, Acc@5: 86.00, TTA Acc@1: 84.75, Acc@5: 86.25
2025-06-15 06:30:59,174 - log - INFO - iter:420/2463, clip_acc1=78.33333587646484, tta_acc1=85.0
2025-06-15 06:30:59,174 - log - INFO - iter:420/2463, Original Acc@1: 78.33, Acc@5: 86.43, TTA Acc@1: 85.00, Acc@5: 86.67
2025-06-15 06:31:54,629 - log - INFO - iter:440/2463, clip_acc1=77.7272720336914, tta_acc1=85.45454406738281
2025-06-15 06:31:54,629 - log - INFO - iter:440/2463, Original Acc@1: 77.73, Acc@5: 87.05, TTA Acc@1: 85.45, Acc@5: 87.27
2025-06-15 06:32:49,951 - log - INFO - iter:460/2463, clip_acc1=77.60868835449219, tta_acc1=85.86956024169922
2025-06-15 06:32:49,952 - log - INFO - iter:460/2463, Original Acc@1: 77.61, Acc@5: 87.61, TTA Acc@1: 85.87, Acc@5: 87.83
2025-06-15 06:33:45,389 - log - INFO - iter:480/2463, clip_acc1=77.50000762939453, tta_acc1=86.25000762939453
2025-06-15 06:33:45,389 - log - INFO - iter:480/2463, Original Acc@1: 77.50, Acc@5: 87.71, TTA Acc@1: 86.25, Acc@5: 88.33
2025-06-15 06:34:41,980 - log - INFO - iter:500/2463, clip_acc1=78.4000015258789, tta_acc1=86.80000305175781
2025-06-15 06:34:41,980 - log - INFO - iter:500/2463, Original Acc@1: 78.40, Acc@5: 88.20, TTA Acc@1: 86.80, Acc@5: 88.80
2025-06-15 06:35:37,400 - log - INFO - iter:520/2463, clip_acc1=79.03845977783203, tta_acc1=87.30769348144531
2025-06-15 06:35:37,401 - log - INFO - iter:520/2463, Original Acc@1: 79.04, Acc@5: 88.46, TTA Acc@1: 87.31, Acc@5: 89.23
2025-06-15 06:36:32,791 - log - INFO - iter:540/2463, clip_acc1=79.81481170654297, tta_acc1=87.77777862548828
2025-06-15 06:36:32,791 - log - INFO - iter:540/2463, Original Acc@1: 79.81, Acc@5: 88.89, TTA Acc@1: 87.78, Acc@5: 89.63
2025-06-15 06:37:27,986 - log - INFO - iter:560/2463, clip_acc1=80.53571319580078, tta_acc1=88.21428680419922
2025-06-15 06:37:27,987 - log - INFO - iter:560/2463, Original Acc@1: 80.54, Acc@5: 89.29, TTA Acc@1: 88.21, Acc@5: 90.00
2025-06-15 06:38:23,355 - log - INFO - iter:580/2463, clip_acc1=81.20689392089844, tta_acc1=88.62068939208984
2025-06-15 06:38:23,355 - log - INFO - iter:580/2463, Original Acc@1: 81.21, Acc@5: 89.66, TTA Acc@1: 88.62, Acc@5: 90.34
2025-06-15 06:39:18,732 - log - INFO - iter:600/2463, clip_acc1=81.66667175292969, tta_acc1=89.0
2025-06-15 06:39:18,732 - log - INFO - iter:600/2463, Original Acc@1: 81.67, Acc@5: 90.00, TTA Acc@1: 89.00, Acc@5: 90.67
2025-06-15 06:40:15,007 - log - INFO - iter:620/2463, clip_acc1=82.25806427001953, tta_acc1=89.3548355102539
2025-06-15 06:40:15,008 - log - INFO - iter:620/2463, Original Acc@1: 82.26, Acc@5: 90.32, TTA Acc@1: 89.35, Acc@5: 90.97
2025-06-15 06:41:10,559 - log - INFO - iter:640/2463, clip_acc1=82.8125, tta_acc1=89.6875
2025-06-15 06:41:10,559 - log - INFO - iter:640/2463, Original Acc@1: 82.81, Acc@5: 90.62, TTA Acc@1: 89.69, Acc@5: 91.25
2025-06-15 06:42:06,106 - log - INFO - iter:660/2463, clip_acc1=81.21212005615234, tta_acc1=87.8787841796875
2025-06-15 06:42:06,106 - log - INFO - iter:660/2463, Original Acc@1: 81.21, Acc@5: 88.79, TTA Acc@1: 87.88, Acc@5: 89.39
2025-06-15 06:43:01,623 - log - INFO - iter:680/2463, clip_acc1=78.82353210449219, tta_acc1=85.29412078857422
2025-06-15 06:43:01,623 - log - INFO - iter:680/2463, Original Acc@1: 78.82, Acc@5: 86.32, TTA Acc@1: 85.29, Acc@5: 86.91
2025-06-15 06:43:57,042 - log - INFO - iter:700/2463, clip_acc1=79.14285278320312, tta_acc1=85.42857360839844
2025-06-15 06:43:57,042 - log - INFO - iter:700/2463, Original Acc@1: 79.14, Acc@5: 86.57, TTA Acc@1: 85.43, Acc@5: 87.00
2025-06-15 06:44:52,711 - log - INFO - iter:720/2463, clip_acc1=79.72222137451172, tta_acc1=85.83333587646484
2025-06-15 06:44:52,711 - log - INFO - iter:720/2463, Original Acc@1: 79.72, Acc@5: 86.94, TTA Acc@1: 85.83, Acc@5: 87.36
2025-06-15 06:45:48,196 - log - INFO - iter:740/2463, clip_acc1=78.10810852050781, tta_acc1=83.9189224243164
2025-06-15 06:45:48,196 - log - INFO - iter:740/2463, Original Acc@1: 78.11, Acc@5: 86.62, TTA Acc@1: 83.92, Acc@5: 86.22
2025-06-15 06:46:43,607 - log - INFO - iter:760/2463, clip_acc1=76.3157958984375, tta_acc1=81.97368621826172
2025-06-15 06:46:43,607 - log - INFO - iter:760/2463, Original Acc@1: 76.32, Acc@5: 86.71, TTA Acc@1: 81.97, Acc@5: 85.92
2025-06-15 06:47:38,914 - log - INFO - iter:780/2463, clip_acc1=76.66667175292969, tta_acc1=82.43589782714844
2025-06-15 06:47:38,914 - log - INFO - iter:780/2463, Original Acc@1: 76.67, Acc@5: 86.92, TTA Acc@1: 82.44, Acc@5: 86.28
2025-06-15 06:48:34,069 - log - INFO - iter:800/2463, clip_acc1=77.0, tta_acc1=82.875
2025-06-15 06:48:34,069 - log - INFO - iter:800/2463, Original Acc@1: 77.00, Acc@5: 87.25, TTA Acc@1: 82.88, Acc@5: 86.62
2025-06-15 06:49:29,291 - log - INFO - iter:820/2463, clip_acc1=77.43902587890625, tta_acc1=83.17073059082031
2025-06-15 06:49:29,292 - log - INFO - iter:820/2463, Original Acc@1: 77.44, Acc@5: 87.56, TTA Acc@1: 83.17, Acc@5: 86.95
2025-06-15 06:50:24,925 - log - INFO - iter:840/2463, clip_acc1=77.61904907226562, tta_acc1=83.45238494873047
2025-06-15 06:50:24,925 - log - INFO - iter:840/2463, Original Acc@1: 77.62, Acc@5: 87.86, TTA Acc@1: 83.45, Acc@5: 87.26
2025-06-15 06:51:20,306 - log - INFO - iter:860/2463, clip_acc1=76.97674560546875, tta_acc1=82.79069519042969
2025-06-15 06:51:20,306 - log - INFO - iter:860/2463, Original Acc@1: 76.98, Acc@5: 87.09, TTA Acc@1: 82.79, Acc@5: 86.51
2025-06-15 06:52:15,719 - log - INFO - iter:880/2463, clip_acc1=75.2272720336914, tta_acc1=80.90908813476562
2025-06-15 06:52:15,719 - log - INFO - iter:880/2463, Original Acc@1: 75.23, Acc@5: 85.11, TTA Acc@1: 80.91, Acc@5: 84.55
2025-06-15 06:53:11,069 - log - INFO - iter:900/2463, clip_acc1=73.77777862548828, tta_acc1=79.11111450195312
2025-06-15 06:53:11,069 - log - INFO - iter:900/2463, Original Acc@1: 73.78, Acc@5: 85.00, TTA Acc@1: 79.11, Acc@5: 84.44
2025-06-15 06:54:06,503 - log - INFO - iter:920/2463, clip_acc1=73.15216827392578, tta_acc1=78.91304016113281
2025-06-15 06:54:06,503 - log - INFO - iter:920/2463, Original Acc@1: 73.15, Acc@5: 85.00, TTA Acc@1: 78.91, Acc@5: 84.78
2025-06-15 06:55:02,053 - log - INFO - iter:940/2463, clip_acc1=73.19149017333984, tta_acc1=79.36170196533203
2025-06-15 06:55:02,053 - log - INFO - iter:940/2463, Original Acc@1: 73.19, Acc@5: 85.21, TTA Acc@1: 79.36, Acc@5: 85.11
2025-06-15 06:55:57,542 - log - INFO - iter:960/2463, clip_acc1=73.75000762939453, tta_acc1=79.79167175292969
2025-06-15 06:55:57,542 - log - INFO - iter:960/2463, Original Acc@1: 73.75, Acc@5: 85.52, TTA Acc@1: 79.79, Acc@5: 85.42
2025-06-15 06:56:53,040 - log - INFO - iter:980/2463, clip_acc1=73.87754821777344, tta_acc1=80.2040786743164
2025-06-15 06:56:53,041 - log - INFO - iter:980/2463, Original Acc@1: 73.88, Acc@5: 85.82, TTA Acc@1: 80.20, Acc@5: 85.71
2025-06-15 06:57:48,775 - log - INFO - iter:1000/2463, clip_acc1=73.9000015258789, tta_acc1=80.50000762939453
2025-06-15 06:57:48,775 - log - INFO - iter:1000/2463, Original Acc@1: 73.90, Acc@5: 85.90, TTA Acc@1: 80.50, Acc@5: 86.00
2025-06-15 06:58:44,295 - log - INFO - iter:1020/2463, clip_acc1=74.1176528930664, tta_acc1=80.78431701660156
2025-06-15 06:58:44,295 - log - INFO - iter:1020/2463, Original Acc@1: 74.12, Acc@5: 86.18, TTA Acc@1: 80.78, Acc@5: 86.27
2025-06-15 06:59:39,805 - log - INFO - iter:1040/2463, clip_acc1=74.61538696289062, tta_acc1=81.15384674072266
2025-06-15 06:59:39,806 - log - INFO - iter:1040/2463, Original Acc@1: 74.62, Acc@5: 86.44, TTA Acc@1: 81.15, Acc@5: 86.54
2025-06-15 07:00:35,395 - log - INFO - iter:1060/2463, clip_acc1=74.62264251708984, tta_acc1=81.2264175415039
2025-06-15 07:00:35,395 - log - INFO - iter:1060/2463, Original Acc@1: 74.62, Acc@5: 86.60, TTA Acc@1: 81.23, Acc@5: 86.70
2025-06-15 07:01:31,021 - log - INFO - iter:1080/2463, clip_acc1=74.53703308105469, tta_acc1=80.9259262084961
2025-06-15 07:01:31,021 - log - INFO - iter:1080/2463, Original Acc@1: 74.54, Acc@5: 86.76, TTA Acc@1: 80.93, Acc@5: 86.85
2025-06-15 07:02:26,787 - log - INFO - iter:1100/2463, clip_acc1=74.7272720336914, tta_acc1=81.2727279663086
2025-06-15 07:02:26,787 - log - INFO - iter:1100/2463, Original Acc@1: 74.73, Acc@5: 87.00, TTA Acc@1: 81.27, Acc@5: 87.09
2025-06-15 07:03:22,249 - log - INFO - iter:1120/2463, clip_acc1=75.08928680419922, tta_acc1=81.60713958740234
2025-06-15 07:03:22,249 - log - INFO - iter:1120/2463, Original Acc@1: 75.09, Acc@5: 87.23, TTA Acc@1: 81.61, Acc@5: 87.32
2025-06-15 07:04:17,832 - log - INFO - iter:1140/2463, clip_acc1=75.1754379272461, tta_acc1=81.66667175292969
2025-06-15 07:04:17,832 - log - INFO - iter:1140/2463, Original Acc@1: 75.18, Acc@5: 87.37, TTA Acc@1: 81.67, Acc@5: 87.54
2025-06-15 07:05:13,351 - log - INFO - iter:1160/2463, clip_acc1=74.48275756835938, tta_acc1=80.77586364746094
2025-06-15 07:05:13,351 - log - INFO - iter:1160/2463, Original Acc@1: 74.48, Acc@5: 87.16, TTA Acc@1: 80.78, Acc@5: 87.33
2025-06-15 07:06:08,847 - log - INFO - iter:1180/2463, clip_acc1=73.30508422851562, tta_acc1=79.49152374267578
2025-06-15 07:06:08,847 - log - INFO - iter:1180/2463, Original Acc@1: 73.31, Acc@5: 86.53, TTA Acc@1: 79.49, Acc@5: 86.61
2025-06-15 07:07:04,234 - log - INFO - iter:1200/2463, clip_acc1=73.75, tta_acc1=79.83333587646484
2025-06-15 07:07:04,234 - log - INFO - iter:1200/2463, Original Acc@1: 73.75, Acc@5: 86.75, TTA Acc@1: 79.83, Acc@5: 86.83
2025-06-15 07:07:59,871 - log - INFO - iter:1220/2463, clip_acc1=73.60655975341797, tta_acc1=79.83606719970703
2025-06-15 07:07:59,871 - log - INFO - iter:1220/2463, Original Acc@1: 73.61, Acc@5: 86.89, TTA Acc@1: 79.84, Acc@5: 86.89
2025-06-15 07:08:55,451 - log - INFO - iter:1240/2463, clip_acc1=73.54838562011719, tta_acc1=79.83870697021484
2025-06-15 07:08:55,451 - log - INFO - iter:1240/2463, Original Acc@1: 73.55, Acc@5: 87.10, TTA Acc@1: 79.84, Acc@5: 87.02
2025-06-15 07:09:50,950 - log - INFO - iter:1260/2463, clip_acc1=73.8888931274414, tta_acc1=79.92063903808594
2025-06-15 07:09:50,950 - log - INFO - iter:1260/2463, Original Acc@1: 73.89, Acc@5: 87.30, TTA Acc@1: 79.92, Acc@5: 87.22
2025-06-15 07:10:46,669 - log - INFO - iter:1280/2463, clip_acc1=74.296875, tta_acc1=80.234375
2025-06-15 07:10:46,669 - log - INFO - iter:1280/2463, Original Acc@1: 74.30, Acc@5: 87.50, TTA Acc@1: 80.23, Acc@5: 87.42
2025-06-15 07:11:42,522 - log - INFO - iter:1300/2463, clip_acc1=74.46154022216797, tta_acc1=80.53845977783203
2025-06-15 07:11:42,522 - log - INFO - iter:1300/2463, Original Acc@1: 74.46, Acc@5: 87.54, TTA Acc@1: 80.54, Acc@5: 87.62
2025-06-15 07:12:38,130 - log - INFO - iter:1320/2463, clip_acc1=74.69696807861328, tta_acc1=80.83332824707031
2025-06-15 07:12:38,130 - log - INFO - iter:1320/2463, Original Acc@1: 74.70, Acc@5: 87.65, TTA Acc@1: 80.83, Acc@5: 87.80
2025-06-15 07:13:33,752 - log - INFO - iter:1340/2463, clip_acc1=74.85074615478516, tta_acc1=80.97014617919922
2025-06-15 07:13:33,753 - log - INFO - iter:1340/2463, Original Acc@1: 74.85, Acc@5: 87.76, TTA Acc@1: 80.97, Acc@5: 87.99
2025-06-15 07:14:29,416 - log - INFO - iter:1360/2463, clip_acc1=74.70588684082031, tta_acc1=81.25
2025-06-15 07:14:29,417 - log - INFO - iter:1360/2463, Original Acc@1: 74.71, Acc@5: 87.94, TTA Acc@1: 81.25, Acc@5: 88.16
2025-06-15 07:15:24,901 - log - INFO - iter:1380/2463, clip_acc1=74.78260803222656, tta_acc1=81.52174377441406
2025-06-15 07:15:24,901 - log - INFO - iter:1380/2463, Original Acc@1: 74.78, Acc@5: 88.12, TTA Acc@1: 81.52, Acc@5: 88.33
2025-06-15 07:16:20,664 - log - INFO - iter:1400/2463, clip_acc1=74.71428680419922, tta_acc1=81.78571319580078
2025-06-15 07:16:20,665 - log - INFO - iter:1400/2463, Original Acc@1: 74.71, Acc@5: 88.14, TTA Acc@1: 81.79, Acc@5: 88.50
2025-06-15 07:17:16,423 - log - INFO - iter:1420/2463, clip_acc1=74.64788818359375, tta_acc1=81.76055908203125
2025-06-15 07:17:16,424 - log - INFO - iter:1420/2463, Original Acc@1: 74.65, Acc@5: 88.03, TTA Acc@1: 81.76, Acc@5: 88.38
2025-06-15 07:18:11,926 - log - INFO - iter:1440/2463, clip_acc1=73.81944274902344, tta_acc1=80.83333587646484
2025-06-15 07:18:11,926 - log - INFO - iter:1440/2463, Original Acc@1: 73.82, Acc@5: 87.08, TTA Acc@1: 80.83, Acc@5: 87.36
2025-06-15 07:19:07,282 - log - INFO - iter:1460/2463, clip_acc1=74.17808532714844, tta_acc1=80.95890808105469
2025-06-15 07:19:07,282 - log - INFO - iter:1460/2463, Original Acc@1: 74.18, Acc@5: 87.26, TTA Acc@1: 80.96, Acc@5: 87.53
2025-06-15 07:20:02,953 - log - INFO - iter:1480/2463, clip_acc1=74.52703094482422, tta_acc1=81.14865112304688
2025-06-15 07:20:02,953 - log - INFO - iter:1480/2463, Original Acc@1: 74.53, Acc@5: 87.43, TTA Acc@1: 81.15, Acc@5: 87.70
2025-06-15 07:20:58,666 - log - INFO - iter:1500/2463, clip_acc1=74.66666412353516, tta_acc1=81.26666259765625
2025-06-15 07:20:58,666 - log - INFO - iter:1500/2463, Original Acc@1: 74.67, Acc@5: 87.60, TTA Acc@1: 81.27, Acc@5: 87.87
2025-06-15 07:21:54,459 - log - INFO - iter:1520/2463, clip_acc1=74.53947448730469, tta_acc1=81.11842346191406
2025-06-15 07:21:54,460 - log - INFO - iter:1520/2463, Original Acc@1: 74.54, Acc@5: 87.70, TTA Acc@1: 81.12, Acc@5: 87.96
2025-06-15 07:22:50,087 - log - INFO - iter:1540/2463, clip_acc1=74.35064697265625, tta_acc1=80.77922058105469
2025-06-15 07:22:50,087 - log - INFO - iter:1540/2463, Original Acc@1: 74.35, Acc@5: 87.53, TTA Acc@1: 80.78, Acc@5: 87.99
2025-06-15 07:23:45,634 - log - INFO - iter:1560/2463, clip_acc1=73.9102554321289, tta_acc1=80.19230651855469
2025-06-15 07:23:45,634 - log - INFO - iter:1560/2463, Original Acc@1: 73.91, Acc@5: 87.63, TTA Acc@1: 80.19, Acc@5: 88.14
2025-06-15 07:24:41,284 - log - INFO - iter:1580/2463, clip_acc1=73.67088317871094, tta_acc1=79.68354797363281
2025-06-15 07:24:41,284 - log - INFO - iter:1580/2463, Original Acc@1: 73.67, Acc@5: 87.78, TTA Acc@1: 79.68, Acc@5: 88.29
2025-06-15 07:25:36,994 - log - INFO - iter:1600/2463, clip_acc1=73.9375, tta_acc1=79.9375
2025-06-15 07:25:36,995 - log - INFO - iter:1600/2463, Original Acc@1: 73.94, Acc@5: 87.94, TTA Acc@1: 79.94, Acc@5: 88.44
2025-06-15 07:26:32,971 - log - INFO - iter:1620/2463, clip_acc1=74.0740737915039, tta_acc1=80.12345886230469
2025-06-15 07:26:32,971 - log - INFO - iter:1620/2463, Original Acc@1: 74.07, Acc@5: 88.02, TTA Acc@1: 80.12, Acc@5: 88.58
2025-06-15 07:27:30,368 - log - INFO - iter:1640/2463, clip_acc1=74.26829528808594, tta_acc1=80.30487823486328
2025-06-15 07:27:30,368 - log - INFO - iter:1640/2463, Original Acc@1: 74.27, Acc@5: 88.17, TTA Acc@1: 80.30, Acc@5: 88.72
2025-06-15 07:28:25,822 - log - INFO - iter:1660/2463, clip_acc1=74.51807403564453, tta_acc1=80.54216766357422
2025-06-15 07:28:25,823 - log - INFO - iter:1660/2463, Original Acc@1: 74.52, Acc@5: 88.31, TTA Acc@1: 80.54, Acc@5: 88.86
2025-06-15 07:29:21,362 - log - INFO - iter:1680/2463, clip_acc1=74.8214340209961, tta_acc1=80.77381134033203
2025-06-15 07:29:21,362 - log - INFO - iter:1680/2463, Original Acc@1: 74.82, Acc@5: 88.45, TTA Acc@1: 80.77, Acc@5: 88.99
2025-06-15 07:30:16,932 - log - INFO - iter:1700/2463, clip_acc1=75.11764526367188, tta_acc1=80.94116973876953
2025-06-15 07:30:16,932 - log - INFO - iter:1700/2463, Original Acc@1: 75.12, Acc@5: 88.59, TTA Acc@1: 80.94, Acc@5: 89.12
2025-06-15 07:31:12,525 - log - INFO - iter:1720/2463, clip_acc1=75.23255920410156, tta_acc1=81.10465240478516
2025-06-15 07:31:12,525 - log - INFO - iter:1720/2463, Original Acc@1: 75.23, Acc@5: 88.60, TTA Acc@1: 81.10, Acc@5: 89.24
2025-06-15 07:32:08,477 - log - INFO - iter:1740/2463, clip_acc1=75.40229797363281, tta_acc1=81.32183837890625
2025-06-15 07:32:08,477 - log - INFO - iter:1740/2463, Original Acc@1: 75.40, Acc@5: 88.74, TTA Acc@1: 81.32, Acc@5: 89.37
2025-06-15 07:33:04,017 - log - INFO - iter:1760/2463, clip_acc1=75.625, tta_acc1=81.53408813476562
2025-06-15 07:33:04,017 - log - INFO - iter:1760/2463, Original Acc@1: 75.62, Acc@5: 88.86, TTA Acc@1: 81.53, Acc@5: 89.49
2025-06-15 07:33:59,618 - log - INFO - iter:1780/2463, clip_acc1=75.89888000488281, tta_acc1=81.68539428710938
2025-06-15 07:33:59,618 - log - INFO - iter:1780/2463, Original Acc@1: 75.90, Acc@5: 88.99, TTA Acc@1: 81.69, Acc@5: 89.61
2025-06-15 07:34:55,153 - log - INFO - iter:1800/2463, clip_acc1=75.94444274902344, tta_acc1=81.72222137451172
2025-06-15 07:34:55,153 - log - INFO - iter:1800/2463, Original Acc@1: 75.94, Acc@5: 89.11, TTA Acc@1: 81.72, Acc@5: 89.72
2025-06-15 07:35:50,830 - log - INFO - iter:1820/2463, clip_acc1=75.76923370361328, tta_acc1=81.53846740722656
2025-06-15 07:35:50,831 - log - INFO - iter:1820/2463, Original Acc@1: 75.77, Acc@5: 88.85, TTA Acc@1: 81.54, Acc@5: 89.45
2025-06-15 07:36:46,300 - log - INFO - iter:1840/2463, clip_acc1=75.65216827392578, tta_acc1=81.35868835449219
2025-06-15 07:36:46,300 - log - INFO - iter:1840/2463, Original Acc@1: 75.65, Acc@5: 88.59, TTA Acc@1: 81.36, Acc@5: 89.18
2025-06-15 07:37:41,738 - log - INFO - iter:1860/2463, clip_acc1=75.05376434326172, tta_acc1=80.75269317626953
2025-06-15 07:37:41,738 - log - INFO - iter:1860/2463, Original Acc@1: 75.05, Acc@5: 87.85, TTA Acc@1: 80.75, Acc@5: 88.49
2025-06-15 07:38:37,245 - log - INFO - iter:1880/2463, clip_acc1=75.26595306396484, tta_acc1=80.95744323730469
2025-06-15 07:38:37,245 - log - INFO - iter:1880/2463, Original Acc@1: 75.27, Acc@5: 87.98, TTA Acc@1: 80.96, Acc@5: 88.62
2025-06-15 07:39:32,802 - log - INFO - iter:1900/2463, clip_acc1=75.42105102539062, tta_acc1=80.78946685791016
2025-06-15 07:39:32,802 - log - INFO - iter:1900/2463, Original Acc@1: 75.42, Acc@5: 88.11, TTA Acc@1: 80.79, Acc@5: 88.74
2025-06-15 07:40:31,243 - log - INFO - iter:1920/2463, clip_acc1=75.67708587646484, tta_acc1=80.88542175292969
2025-06-15 07:40:31,244 - log - INFO - iter:1920/2463, Original Acc@1: 75.68, Acc@5: 88.23, TTA Acc@1: 80.89, Acc@5: 88.85
2025-06-15 07:41:26,871 - log - INFO - iter:1940/2463, clip_acc1=75.92784118652344, tta_acc1=81.08247375488281
2025-06-15 07:41:26,871 - log - INFO - iter:1940/2463, Original Acc@1: 75.93, Acc@5: 88.35, TTA Acc@1: 81.08, Acc@5: 88.97
2025-06-15 07:42:22,472 - log - INFO - iter:1960/2463, clip_acc1=76.0204086303711, tta_acc1=81.27550506591797
2025-06-15 07:42:22,472 - log - INFO - iter:1960/2463, Original Acc@1: 76.02, Acc@5: 88.47, TTA Acc@1: 81.28, Acc@5: 89.08
2025-06-15 07:43:18,922 - log - INFO - iter:1980/2463, clip_acc1=76.21212768554688, tta_acc1=81.41414642333984
2025-06-15 07:43:18,922 - log - INFO - iter:1980/2463, Original Acc@1: 76.21, Acc@5: 88.59, TTA Acc@1: 81.41, Acc@5: 89.14
2025-06-15 07:44:14,611 - log - INFO - iter:2000/2463, clip_acc1=76.4000015258789, tta_acc1=81.55000305175781
2025-06-15 07:44:14,611 - log - INFO - iter:2000/2463, Original Acc@1: 76.40, Acc@5: 88.70, TTA Acc@1: 81.55, Acc@5: 89.25
2025-06-15 07:45:10,161 - log - INFO - iter:2020/2463, clip_acc1=76.33663940429688, tta_acc1=81.38613891601562
2025-06-15 07:45:10,161 - log - INFO - iter:2020/2463, Original Acc@1: 76.34, Acc@5: 88.71, TTA Acc@1: 81.39, Acc@5: 89.21
2025-06-15 07:46:06,882 - log - INFO - iter:2040/2463, clip_acc1=76.22549438476562, tta_acc1=81.2745132446289
2025-06-15 07:46:06,882 - log - INFO - iter:2040/2463, Original Acc@1: 76.23, Acc@5: 88.82, TTA Acc@1: 81.27, Acc@5: 89.26
2025-06-15 07:47:02,399 - log - INFO - iter:2060/2463, clip_acc1=75.97087860107422, tta_acc1=81.35922241210938
2025-06-15 07:47:02,399 - log - INFO - iter:2060/2463, Original Acc@1: 75.97, Acc@5: 88.88, TTA Acc@1: 81.36, Acc@5: 89.37
2025-06-15 07:47:57,897 - log - INFO - iter:2080/2463, clip_acc1=75.91345977783203, tta_acc1=81.25
2025-06-15 07:47:57,897 - log - INFO - iter:2080/2463, Original Acc@1: 75.91, Acc@5: 88.80, TTA Acc@1: 81.25, Acc@5: 89.28
2025-06-15 07:48:53,426 - log - INFO - iter:2100/2463, clip_acc1=75.76190185546875, tta_acc1=81.14285278320312
2025-06-15 07:48:53,426 - log - INFO - iter:2100/2463, Original Acc@1: 75.76, Acc@5: 88.71, TTA Acc@1: 81.14, Acc@5: 89.10
2025-06-15 07:49:48,796 - log - INFO - iter:2120/2463, clip_acc1=75.61320495605469, tta_acc1=81.132080078125
2025-06-15 07:49:48,797 - log - INFO - iter:2120/2463, Original Acc@1: 75.61, Acc@5: 88.82, TTA Acc@1: 81.13, Acc@5: 89.20
2025-06-15 07:50:44,431 - log - INFO - iter:2140/2463, clip_acc1=75.46729278564453, tta_acc1=81.21495819091797
2025-06-15 07:50:44,431 - log - INFO - iter:2140/2463, Original Acc@1: 75.47, Acc@5: 88.83, TTA Acc@1: 81.21, Acc@5: 89.25
2025-06-15 07:51:40,069 - log - INFO - iter:2160/2463, clip_acc1=75.69444274902344, tta_acc1=81.38888549804688
2025-06-15 07:51:40,070 - log - INFO - iter:2160/2463, Original Acc@1: 75.69, Acc@5: 88.94, TTA Acc@1: 81.39, Acc@5: 89.35
2025-06-15 07:52:35,661 - log - INFO - iter:2180/2463, clip_acc1=75.36697387695312, tta_acc1=81.0091781616211
2025-06-15 07:52:35,661 - log - INFO - iter:2180/2463, Original Acc@1: 75.37, Acc@5: 88.49, TTA Acc@1: 81.01, Acc@5: 88.90
2025-06-15 07:53:31,226 - log - INFO - iter:2200/2463, clip_acc1=75.54545593261719, tta_acc1=81.13636779785156
2025-06-15 07:53:31,227 - log - INFO - iter:2200/2463, Original Acc@1: 75.55, Acc@5: 88.59, TTA Acc@1: 81.14, Acc@5: 89.00
2025-06-15 07:54:26,668 - log - INFO - iter:2220/2463, clip_acc1=75.7207260131836, tta_acc1=81.30630493164062
2025-06-15 07:54:26,668 - log - INFO - iter:2220/2463, Original Acc@1: 75.72, Acc@5: 88.69, TTA Acc@1: 81.31, Acc@5: 89.10
2025-06-15 07:55:22,365 - log - INFO - iter:2240/2463, clip_acc1=75.80357360839844, tta_acc1=81.29463958740234
2025-06-15 07:55:22,365 - log - INFO - iter:2240/2463, Original Acc@1: 75.80, Acc@5: 88.79, TTA Acc@1: 81.29, Acc@5: 89.20
2025-06-15 07:56:18,100 - log - INFO - iter:2260/2463, clip_acc1=75.97344970703125, tta_acc1=81.46017456054688
2025-06-15 07:56:18,101 - log - INFO - iter:2260/2463, Original Acc@1: 75.97, Acc@5: 88.89, TTA Acc@1: 81.46, Acc@5: 89.29
2025-06-15 07:57:13,790 - log - INFO - iter:2280/2463, clip_acc1=76.00877380371094, tta_acc1=81.57894897460938
2025-06-15 07:57:13,790 - log - INFO - iter:2280/2463, Original Acc@1: 76.01, Acc@5: 88.99, TTA Acc@1: 81.58, Acc@5: 89.39
2025-06-15 07:58:09,349 - log - INFO - iter:2300/2463, clip_acc1=76.08695983886719, tta_acc1=81.7391357421875
2025-06-15 07:58:09,349 - log - INFO - iter:2300/2463, Original Acc@1: 76.09, Acc@5: 89.04, TTA Acc@1: 81.74, Acc@5: 89.48
2025-06-15 07:59:04,757 - log - INFO - iter:2320/2463, clip_acc1=76.1637954711914, tta_acc1=81.89655303955078
2025-06-15 07:59:04,757 - log - INFO - iter:2320/2463, Original Acc@1: 76.16, Acc@5: 89.05, TTA Acc@1: 81.90, Acc@5: 89.57
2025-06-15 08:00:00,234 - log - INFO - iter:2340/2463, clip_acc1=76.15384674072266, tta_acc1=81.96581268310547
2025-06-15 08:00:00,235 - log - INFO - iter:2340/2463, Original Acc@1: 76.15, Acc@5: 89.02, TTA Acc@1: 81.97, Acc@5: 89.62
2025-06-15 08:00:55,664 - log - INFO - iter:2360/2463, clip_acc1=76.05931854248047, tta_acc1=81.8644027709961
2025-06-15 08:00:55,665 - log - INFO - iter:2360/2463, Original Acc@1: 76.06, Acc@5: 89.07, TTA Acc@1: 81.86, Acc@5: 89.62
2025-06-15 08:01:51,277 - log - INFO - iter:2380/2463, clip_acc1=75.5882339477539, tta_acc1=81.26050567626953
2025-06-15 08:01:51,277 - log - INFO - iter:2380/2463, Original Acc@1: 75.59, Acc@5: 89.03, TTA Acc@1: 81.26, Acc@5: 89.58
2025-06-15 08:02:46,768 - log - INFO - iter:2400/2463, clip_acc1=75.125, tta_acc1=80.95833587646484
2025-06-15 08:02:46,768 - log - INFO - iter:2400/2463, Original Acc@1: 75.12, Acc@5: 88.88, TTA Acc@1: 80.96, Acc@5: 89.67
2025-06-15 08:03:42,362 - log - INFO - iter:2420/2463, clip_acc1=75.28925323486328, tta_acc1=81.1156997680664
2025-06-15 08:03:42,363 - log - INFO - iter:2420/2463, Original Acc@1: 75.29, Acc@5: 88.97, TTA Acc@1: 81.12, Acc@5: 89.75
2025-06-15 08:04:37,899 - log - INFO - iter:2440/2463, clip_acc1=75.45082092285156, tta_acc1=81.27049255371094
2025-06-15 08:04:37,899 - log - INFO - iter:2440/2463, Original Acc@1: 75.45, Acc@5: 89.02, TTA Acc@1: 81.27, Acc@5: 89.84
2025-06-15 08:05:31,765 - log - INFO - iter:2460/2463, clip_acc1=75.56910705566406, tta_acc1=81.42276000976562
2025-06-15 08:05:31,765 - log - INFO - iter:2460/2463, Original Acc@1: 75.57, Acc@5: 89.11, TTA Acc@1: 81.42, Acc@5: 89.92
2025-06-15 08:05:39,111 - log - INFO - iter:2463/2463, clip_acc1=75.59886169433594, tta_acc1=81.44539642333984
2025-06-15 08:05:39,112 - log - INFO - iter:2463/2463, Original Acc@1: 75.60, Acc@5: 89.12, TTA Acc@1: 81.45, Acc@5: 89.93
2025-06-15 08:05:39,264 - log - INFO - Final results - Original Acc@1: 75.60, Acc@5: 89.12, TTA Acc@1: 81.45, Acc@5: 89.93
2025-06-15 08:05:39,265 - log - INFO - Improvement from TTA in Acc@1 5.85, and Acc@5 0.81
2025-06-15 08:05:39,266 - log - INFO - Number of selected samples with index 0: 347
2025-06-15 08:05:39,266 - log - INFO - Number of samples in the dataset: 2463
2025-06-15 08:05:39,542 - log - INFO - Selected IDs saved to /leonardo_work/EUHPC_R04_192/fmohamma/Adversarial_Robust_Clip/ATPT/Final_Results/vit_l_14_datacomp_1b/Flower102/Clean/Counter_Attack/Eps_2_0_Steps_2_Alpha_1_0/tau_0_2_beta_2_0_weighted_pertrubation_True/TPT/Optimization_Loss_tpt_LR_0_005_Optimization_Steps_1_View_Selection_Fraction_0_1/Inference_Ensemble_vanilla/selected_topk.json
2025-06-15 08:05:39,700 - log - INFO - Batch entropies saved to /leonardo_work/EUHPC_R04_192/fmohamma/Adversarial_Robust_Clip/ATPT/Final_Results/vit_l_14_datacomp_1b/Flower102/Clean/Counter_Attack/Eps_2_0_Steps_2_Alpha_1_0/tau_0_2_beta_2_0_weighted_pertrubation_True/TPT/Optimization_Loss_tpt_LR_0_005_Optimization_Steps_1_View_Selection_Fraction_0_1/Inference_Ensemble_vanilla/entropies.json
2025-06-15 08:05:39,703 - log - INFO - => Acc. on testset [Flower102]: Clean Acc @1 75.59886169433594/ TTA Clean Acc @1 81.44539642333984, Clean Acc @5 89.11896514892578/ TTA Clean Acc @5 89.93097686767578
2025-06-15 08:05:39,703 - log - INFO - Total script execution time: 6942.60 seconds (115.71 minutes)
