2025-06-12 12:29:28,477 - log - INFO - ==========================================
data:/leonardo_work/EUHPC_R04_192/fmohamma/Adversarial_Robust_Clip/atpt_data/downstream_datasets
test_sets:eurosat
dataset_mode:test
arch:vit_l_14_datacomp_1b
resolution:224
workers:4
no_pin_memory:False
batch_size:64
print_freq:20
gpu:0
no_cudnn_benchmark:False
n_ctx:4
ctx_init:a_photo_of_a
tpt_loss:rtpt
seed:0
output_dir:/leonardo_work/EUHPC_R04_192/fmohamma/Adversarial_Robust_Clip/atpt_data/vit_l_14_datacomp_1b/eurosat
log_output_dir:/leonardo_work/EUHPC_R04_192/fmohamma/Adversarial_Robust_Clip/ATPT/Final_Results/vit_l_14_datacomp_1b/eurosat
eps:0.0
alpha:0.0
alpha_eps_ratio:4.0
steps:0
lr:0.005
selection_p:0.1
tta_steps:1
ensemble_type:vanilla
top_k:20
softmax_temp:0.01
counter_attack:True
counter_attack_type:pgd
counter_attack_steps:2
counter_attack_eps:4.0
counter_attack_alpha:1.0
counter_attack_tau_thres:0.2
counter_attack_beta:2.0
counter_attack_weighted_perturbations:True
pgd_clip_pure_i_text_embeddings:null
pgd_counter_and_clipure_i_lamda:1.0
selected_id_name:selected_topk.json
weighted_score_name:weighted_scores.json
batch_entropy_name:entropies.json
log_dir:/leonardo_work/EUHPC_R04_192/fmohamma/Adversarial_Robust_Clip/ATPT/Final_Results/vit_l_14_datacomp_1b/eurosat/Clean/Counter_Attack/Eps_4_0_Steps_2_Alpha_1_0/tau_0_2_beta_2_0_weighted_pertrubation_True/TPT/Optimization_Loss_rtpt_LR_0_005_Optimization_Steps_1_View_Selection_Fraction_0_1/Inference_Ensemble_vanilla

2025-06-12 12:29:28,478 - log - INFO - Use GPU: 0 for training
2025-06-12 12:31:26,689 - log - INFO - Freezing all parameters except prompt learner
2025-06-12 12:31:26,690 - log - INFO - => Model created: visual backbone vit_l_14_datacomp_1b
2025-06-12 12:31:26,731 - log - INFO - Number of test samples: 8100
2025-06-12 12:31:26,731 - log - INFO - Evaluating dataset: eurosat
2025-06-12 12:31:26,732 - log - INFO - Starting evaluation with batch size: 64, selection percentage: 0.1
2025-06-12 12:31:26,732 - log - INFO - Test-time adaptation steps: 1, learning rate: 0.005
2025-06-12 12:31:26,733 - log - INFO - Using counter-attack with epsilon: 4.000000, alpha: 0.000000, steps: 2, tau_thres: 0.2, beta: 2.0, weighted perturbation: True
2025-06-12 12:32:33,004 - log - INFO - iter:20/8100, clip_acc1=25.0, tta_acc1=15.0
2025-06-12 12:32:33,004 - log - INFO - iter:20/8100, Original Acc@1: 25.00, Acc@5: 65.00, TTA Acc@1: 15.00, Acc@5: 75.00
2025-06-12 12:33:23,693 - log - INFO - iter:40/8100, clip_acc1=15.0, tta_acc1=12.5
2025-06-12 12:33:23,693 - log - INFO - iter:40/8100, Original Acc@1: 15.00, Acc@5: 72.50, TTA Acc@1: 12.50, Acc@5: 80.00
2025-06-12 12:34:14,149 - log - INFO - iter:60/8100, clip_acc1=10.000000953674316, tta_acc1=15.000000953674316
2025-06-12 12:34:14,150 - log - INFO - iter:60/8100, Original Acc@1: 10.00, Acc@5: 76.67, TTA Acc@1: 15.00, Acc@5: 80.00
2025-06-12 12:35:04,661 - log - INFO - iter:80/8100, clip_acc1=15.0, tta_acc1=18.75
2025-06-12 12:35:04,661 - log - INFO - iter:80/8100, Original Acc@1: 15.00, Acc@5: 77.50, TTA Acc@1: 18.75, Acc@5: 83.75
2025-06-12 12:35:58,123 - log - INFO - iter:100/8100, clip_acc1=15.0, tta_acc1=22.0
2025-06-12 12:35:58,124 - log - INFO - iter:100/8100, Original Acc@1: 15.00, Acc@5: 78.00, TTA Acc@1: 22.00, Acc@5: 84.00
2025-06-12 12:36:48,790 - log - INFO - iter:120/8100, clip_acc1=15.000000953674316, tta_acc1=21.666667938232422
2025-06-12 12:36:48,791 - log - INFO - iter:120/8100, Original Acc@1: 15.00, Acc@5: 78.33, TTA Acc@1: 21.67, Acc@5: 86.67
2025-06-12 12:37:39,301 - log - INFO - iter:140/8100, clip_acc1=15.714285850524902, tta_acc1=22.85714340209961
2025-06-12 12:37:39,301 - log - INFO - iter:140/8100, Original Acc@1: 15.71, Acc@5: 76.43, TTA Acc@1: 22.86, Acc@5: 87.86
2025-06-12 12:38:29,923 - log - INFO - iter:160/8100, clip_acc1=14.375, tta_acc1=21.875
2025-06-12 12:38:29,923 - log - INFO - iter:160/8100, Original Acc@1: 14.38, Acc@5: 75.00, TTA Acc@1: 21.88, Acc@5: 87.50
2025-06-12 12:39:20,593 - log - INFO - iter:180/8100, clip_acc1=13.333333969116211, tta_acc1=21.11111068725586
2025-06-12 12:39:20,594 - log - INFO - iter:180/8100, Original Acc@1: 13.33, Acc@5: 72.78, TTA Acc@1: 21.11, Acc@5: 86.67
2025-06-12 12:40:11,185 - log - INFO - iter:200/8100, clip_acc1=14.5, tta_acc1=22.5
2025-06-12 12:40:11,185 - log - INFO - iter:200/8100, Original Acc@1: 14.50, Acc@5: 74.00, TTA Acc@1: 22.50, Acc@5: 87.00
2025-06-12 12:41:01,896 - log - INFO - iter:220/8100, clip_acc1=17.727272033691406, tta_acc1=24.545454025268555
2025-06-12 12:41:01,897 - log - INFO - iter:220/8100, Original Acc@1: 17.73, Acc@5: 75.00, TTA Acc@1: 24.55, Acc@5: 86.36
2025-06-12 12:41:52,321 - log - INFO - iter:240/8100, clip_acc1=18.33333396911621, tta_acc1=24.166667938232422
2025-06-12 12:41:52,321 - log - INFO - iter:240/8100, Original Acc@1: 18.33, Acc@5: 74.58, TTA Acc@1: 24.17, Acc@5: 86.25
2025-06-12 12:42:42,736 - log - INFO - iter:260/8100, clip_acc1=18.076923370361328, tta_acc1=23.846153259277344
2025-06-12 12:42:42,737 - log - INFO - iter:260/8100, Original Acc@1: 18.08, Acc@5: 75.00, TTA Acc@1: 23.85, Acc@5: 85.38
2025-06-12 12:43:33,279 - log - INFO - iter:280/8100, clip_acc1=17.5, tta_acc1=23.928571701049805
2025-06-12 12:43:33,279 - log - INFO - iter:280/8100, Original Acc@1: 17.50, Acc@5: 75.00, TTA Acc@1: 23.93, Acc@5: 85.36
2025-06-12 12:44:23,639 - log - INFO - iter:300/8100, clip_acc1=18.666667938232422, tta_acc1=25.0
2025-06-12 12:44:23,640 - log - INFO - iter:300/8100, Original Acc@1: 18.67, Acc@5: 74.33, TTA Acc@1: 25.00, Acc@5: 85.33
2025-06-12 12:45:14,173 - log - INFO - iter:320/8100, clip_acc1=18.4375, tta_acc1=24.0625
2025-06-12 12:45:14,173 - log - INFO - iter:320/8100, Original Acc@1: 18.44, Acc@5: 74.06, TTA Acc@1: 24.06, Acc@5: 85.62
2025-06-12 12:46:04,751 - log - INFO - iter:340/8100, clip_acc1=17.941177368164062, tta_acc1=23.823530197143555
2025-06-12 12:46:04,752 - log - INFO - iter:340/8100, Original Acc@1: 17.94, Acc@5: 73.53, TTA Acc@1: 23.82, Acc@5: 85.88
2025-06-12 12:46:55,330 - log - INFO - iter:360/8100, clip_acc1=18.05555534362793, tta_acc1=23.05555534362793
2025-06-12 12:46:55,330 - log - INFO - iter:360/8100, Original Acc@1: 18.06, Acc@5: 73.06, TTA Acc@1: 23.06, Acc@5: 85.28
2025-06-12 12:47:45,987 - log - INFO - iter:380/8100, clip_acc1=18.68421173095703, tta_acc1=23.68421173095703
2025-06-12 12:47:45,987 - log - INFO - iter:380/8100, Original Acc@1: 18.68, Acc@5: 74.47, TTA Acc@1: 23.68, Acc@5: 85.53
2025-06-12 12:48:36,560 - log - INFO - iter:400/8100, clip_acc1=18.75, tta_acc1=24.25
2025-06-12 12:48:36,560 - log - INFO - iter:400/8100, Original Acc@1: 18.75, Acc@5: 74.50, TTA Acc@1: 24.25, Acc@5: 85.00
2025-06-12 12:49:27,100 - log - INFO - iter:420/8100, clip_acc1=17.85714340209961, tta_acc1=23.809524536132812
2025-06-12 12:49:27,100 - log - INFO - iter:420/8100, Original Acc@1: 17.86, Acc@5: 72.86, TTA Acc@1: 23.81, Acc@5: 85.00
2025-06-12 12:50:17,738 - log - INFO - iter:440/8100, clip_acc1=17.954544067382812, tta_acc1=24.09090805053711
2025-06-12 12:50:17,739 - log - INFO - iter:440/8100, Original Acc@1: 17.95, Acc@5: 72.27, TTA Acc@1: 24.09, Acc@5: 85.68
2025-06-12 12:51:08,267 - log - INFO - iter:460/8100, clip_acc1=17.608694076538086, tta_acc1=24.347824096679688
2025-06-12 12:51:08,267 - log - INFO - iter:460/8100, Original Acc@1: 17.61, Acc@5: 72.61, TTA Acc@1: 24.35, Acc@5: 86.09
2025-06-12 12:51:58,783 - log - INFO - iter:480/8100, clip_acc1=17.5, tta_acc1=24.166667938232422
2025-06-12 12:51:58,783 - log - INFO - iter:480/8100, Original Acc@1: 17.50, Acc@5: 72.50, TTA Acc@1: 24.17, Acc@5: 86.04
2025-06-12 12:52:49,398 - log - INFO - iter:500/8100, clip_acc1=17.200000762939453, tta_acc1=23.200000762939453
2025-06-12 12:52:49,398 - log - INFO - iter:500/8100, Original Acc@1: 17.20, Acc@5: 71.60, TTA Acc@1: 23.20, Acc@5: 85.20
2025-06-12 12:53:39,936 - log - INFO - iter:520/8100, clip_acc1=16.730770111083984, tta_acc1=22.884614944458008
2025-06-12 12:53:39,936 - log - INFO - iter:520/8100, Original Acc@1: 16.73, Acc@5: 71.15, TTA Acc@1: 22.88, Acc@5: 85.00
2025-06-12 12:54:30,476 - log - INFO - iter:540/8100, clip_acc1=17.22222137451172, tta_acc1=22.962963104248047
2025-06-12 12:54:30,476 - log - INFO - iter:540/8100, Original Acc@1: 17.22, Acc@5: 71.67, TTA Acc@1: 22.96, Acc@5: 85.19
2025-06-12 12:55:20,914 - log - INFO - iter:560/8100, clip_acc1=17.321428298950195, tta_acc1=22.85714340209961
2025-06-12 12:55:20,914 - log - INFO - iter:560/8100, Original Acc@1: 17.32, Acc@5: 71.96, TTA Acc@1: 22.86, Acc@5: 85.00
2025-06-12 12:56:11,527 - log - INFO - iter:580/8100, clip_acc1=17.413793563842773, tta_acc1=22.758621215820312
2025-06-12 12:56:11,527 - log - INFO - iter:580/8100, Original Acc@1: 17.41, Acc@5: 72.59, TTA Acc@1: 22.76, Acc@5: 85.00
2025-06-12 12:57:02,038 - log - INFO - iter:600/8100, clip_acc1=17.166667938232422, tta_acc1=22.5
2025-06-12 12:57:02,038 - log - INFO - iter:600/8100, Original Acc@1: 17.17, Acc@5: 72.33, TTA Acc@1: 22.50, Acc@5: 85.17
2025-06-12 12:57:52,604 - log - INFO - iter:620/8100, clip_acc1=16.935483932495117, tta_acc1=22.74193572998047
2025-06-12 12:57:52,604 - log - INFO - iter:620/8100, Original Acc@1: 16.94, Acc@5: 72.58, TTA Acc@1: 22.74, Acc@5: 85.65
2025-06-12 12:58:43,219 - log - INFO - iter:640/8100, clip_acc1=16.71875, tta_acc1=22.5
2025-06-12 12:58:43,219 - log - INFO - iter:640/8100, Original Acc@1: 16.72, Acc@5: 71.88, TTA Acc@1: 22.50, Acc@5: 85.16
2025-06-12 12:59:33,790 - log - INFO - iter:660/8100, clip_acc1=16.51515007019043, tta_acc1=22.727272033691406
2025-06-12 12:59:33,791 - log - INFO - iter:660/8100, Original Acc@1: 16.52, Acc@5: 71.67, TTA Acc@1: 22.73, Acc@5: 85.15
2025-06-12 13:00:24,343 - log - INFO - iter:680/8100, clip_acc1=16.323530197143555, tta_acc1=22.794118881225586
2025-06-12 13:00:24,344 - log - INFO - iter:680/8100, Original Acc@1: 16.32, Acc@5: 71.32, TTA Acc@1: 22.79, Acc@5: 84.85
2025-06-12 13:01:14,974 - log - INFO - iter:700/8100, clip_acc1=16.571428298950195, tta_acc1=23.0
2025-06-12 13:01:14,974 - log - INFO - iter:700/8100, Original Acc@1: 16.57, Acc@5: 71.71, TTA Acc@1: 23.00, Acc@5: 85.00
2025-06-12 13:02:05,571 - log - INFO - iter:720/8100, clip_acc1=16.666667938232422, tta_acc1=22.916667938232422
2025-06-12 13:02:05,571 - log - INFO - iter:720/8100, Original Acc@1: 16.67, Acc@5: 71.81, TTA Acc@1: 22.92, Acc@5: 85.00
2025-06-12 13:02:56,228 - log - INFO - iter:740/8100, clip_acc1=17.16216278076172, tta_acc1=23.243244171142578
2025-06-12 13:02:56,228 - log - INFO - iter:740/8100, Original Acc@1: 17.16, Acc@5: 72.30, TTA Acc@1: 23.24, Acc@5: 85.00
2025-06-12 13:03:46,907 - log - INFO - iter:760/8100, clip_acc1=17.36842155456543, tta_acc1=23.157896041870117
2025-06-12 13:03:46,907 - log - INFO - iter:760/8100, Original Acc@1: 17.37, Acc@5: 72.11, TTA Acc@1: 23.16, Acc@5: 84.74
2025-06-12 13:04:37,486 - log - INFO - iter:780/8100, clip_acc1=17.05128288269043, tta_acc1=22.948719024658203
2025-06-12 13:04:37,487 - log - INFO - iter:780/8100, Original Acc@1: 17.05, Acc@5: 71.92, TTA Acc@1: 22.95, Acc@5: 84.62
2025-06-12 13:05:28,085 - log - INFO - iter:800/8100, clip_acc1=17.0, tta_acc1=23.25
2025-06-12 13:05:28,085 - log - INFO - iter:800/8100, Original Acc@1: 17.00, Acc@5: 72.12, TTA Acc@1: 23.25, Acc@5: 84.50
2025-06-12 13:06:18,488 - log - INFO - iter:820/8100, clip_acc1=16.829267501831055, tta_acc1=23.170732498168945
2025-06-12 13:06:18,488 - log - INFO - iter:820/8100, Original Acc@1: 16.83, Acc@5: 71.95, TTA Acc@1: 23.17, Acc@5: 84.27
2025-06-12 13:07:09,189 - log - INFO - iter:840/8100, clip_acc1=16.904762268066406, tta_acc1=23.095239639282227
2025-06-12 13:07:09,189 - log - INFO - iter:840/8100, Original Acc@1: 16.90, Acc@5: 72.02, TTA Acc@1: 23.10, Acc@5: 84.05
2025-06-12 13:07:59,759 - log - INFO - iter:860/8100, clip_acc1=17.325580596923828, tta_acc1=23.372093200683594
2025-06-12 13:07:59,759 - log - INFO - iter:860/8100, Original Acc@1: 17.33, Acc@5: 72.09, TTA Acc@1: 23.37, Acc@5: 83.95
2025-06-12 13:08:50,292 - log - INFO - iter:880/8100, clip_acc1=17.613636016845703, tta_acc1=23.636362075805664
2025-06-12 13:08:50,292 - log - INFO - iter:880/8100, Original Acc@1: 17.61, Acc@5: 72.50, TTA Acc@1: 23.64, Acc@5: 83.64
2025-06-12 13:09:40,820 - log - INFO - iter:900/8100, clip_acc1=17.666667938232422, tta_acc1=23.666667938232422
2025-06-12 13:09:40,820 - log - INFO - iter:900/8100, Original Acc@1: 17.67, Acc@5: 72.44, TTA Acc@1: 23.67, Acc@5: 83.67
2025-06-12 13:10:31,400 - log - INFO - iter:920/8100, clip_acc1=17.5, tta_acc1=23.369564056396484
2025-06-12 13:10:31,401 - log - INFO - iter:920/8100, Original Acc@1: 17.50, Acc@5: 72.83, TTA Acc@1: 23.37, Acc@5: 84.02
2025-06-12 13:11:22,051 - log - INFO - iter:940/8100, clip_acc1=17.234041213989258, tta_acc1=23.29787254333496
2025-06-12 13:11:22,052 - log - INFO - iter:940/8100, Original Acc@1: 17.23, Acc@5: 72.87, TTA Acc@1: 23.30, Acc@5: 84.36
2025-06-12 13:12:12,510 - log - INFO - iter:960/8100, clip_acc1=16.979167938232422, tta_acc1=22.916667938232422
2025-06-12 13:12:12,510 - log - INFO - iter:960/8100, Original Acc@1: 16.98, Acc@5: 72.92, TTA Acc@1: 22.92, Acc@5: 84.69
2025-06-12 13:13:02,903 - log - INFO - iter:980/8100, clip_acc1=16.73469352722168, tta_acc1=22.653060913085938
2025-06-12 13:13:02,903 - log - INFO - iter:980/8100, Original Acc@1: 16.73, Acc@5: 73.27, TTA Acc@1: 22.65, Acc@5: 85.00
2025-06-12 13:13:53,431 - log - INFO - iter:1000/8100, clip_acc1=16.400001525878906, tta_acc1=22.30000114440918
2025-06-12 13:13:53,431 - log - INFO - iter:1000/8100, Original Acc@1: 16.40, Acc@5: 73.40, TTA Acc@1: 22.30, Acc@5: 85.30
2025-06-12 13:14:43,994 - log - INFO - iter:1020/8100, clip_acc1=16.078432083129883, tta_acc1=22.05882453918457
2025-06-12 13:14:43,994 - log - INFO - iter:1020/8100, Original Acc@1: 16.08, Acc@5: 73.24, TTA Acc@1: 22.06, Acc@5: 85.59
2025-06-12 13:15:34,563 - log - INFO - iter:1040/8100, clip_acc1=15.865385055541992, tta_acc1=22.115385055541992
2025-06-12 13:15:34,563 - log - INFO - iter:1040/8100, Original Acc@1: 15.87, Acc@5: 72.88, TTA Acc@1: 22.12, Acc@5: 85.87
2025-06-12 13:16:25,210 - log - INFO - iter:1060/8100, clip_acc1=15.754716873168945, tta_acc1=21.88679313659668
2025-06-12 13:16:25,210 - log - INFO - iter:1060/8100, Original Acc@1: 15.75, Acc@5: 72.92, TTA Acc@1: 21.89, Acc@5: 86.13
2025-06-12 13:17:15,713 - log - INFO - iter:1080/8100, clip_acc1=15.55555534362793, tta_acc1=22.037036895751953
2025-06-12 13:17:15,714 - log - INFO - iter:1080/8100, Original Acc@1: 15.56, Acc@5: 73.43, TTA Acc@1: 22.04, Acc@5: 86.39
2025-06-12 13:18:06,520 - log - INFO - iter:1100/8100, clip_acc1=15.545454978942871, tta_acc1=22.0
2025-06-12 13:18:06,520 - log - INFO - iter:1100/8100, Original Acc@1: 15.55, Acc@5: 73.45, TTA Acc@1: 22.00, Acc@5: 86.55
2025-06-12 13:18:57,307 - log - INFO - iter:1120/8100, clip_acc1=15.446428298950195, tta_acc1=22.14285659790039
2025-06-12 13:18:57,308 - log - INFO - iter:1120/8100, Original Acc@1: 15.45, Acc@5: 73.75, TTA Acc@1: 22.14, Acc@5: 86.79
2025-06-12 13:19:47,945 - log - INFO - iter:1140/8100, clip_acc1=15.438596725463867, tta_acc1=22.01754379272461
2025-06-12 13:19:47,945 - log - INFO - iter:1140/8100, Original Acc@1: 15.44, Acc@5: 73.77, TTA Acc@1: 22.02, Acc@5: 87.02
2025-06-12 13:20:38,471 - log - INFO - iter:1160/8100, clip_acc1=15.17241382598877, tta_acc1=21.89655113220215
2025-06-12 13:20:38,472 - log - INFO - iter:1160/8100, Original Acc@1: 15.17, Acc@5: 73.79, TTA Acc@1: 21.90, Acc@5: 87.24
2025-06-12 13:21:29,102 - log - INFO - iter:1180/8100, clip_acc1=15.0, tta_acc1=22.20339012145996
2025-06-12 13:21:29,102 - log - INFO - iter:1180/8100, Original Acc@1: 15.00, Acc@5: 73.90, TTA Acc@1: 22.20, Acc@5: 87.46
2025-06-12 13:22:19,569 - log - INFO - iter:1200/8100, clip_acc1=14.833333969116211, tta_acc1=22.0
2025-06-12 13:22:19,569 - log - INFO - iter:1200/8100, Original Acc@1: 14.83, Acc@5: 73.83, TTA Acc@1: 22.00, Acc@5: 87.67
2025-06-12 13:23:10,126 - log - INFO - iter:1220/8100, clip_acc1=14.672131538391113, tta_acc1=21.967212677001953
2025-06-12 13:23:10,126 - log - INFO - iter:1220/8100, Original Acc@1: 14.67, Acc@5: 73.77, TTA Acc@1: 21.97, Acc@5: 87.87
2025-06-12 13:24:00,817 - log - INFO - iter:1240/8100, clip_acc1=14.67741870880127, tta_acc1=21.935483932495117
2025-06-12 13:24:00,817 - log - INFO - iter:1240/8100, Original Acc@1: 14.68, Acc@5: 73.87, TTA Acc@1: 21.94, Acc@5: 88.06
2025-06-12 13:24:51,393 - log - INFO - iter:1260/8100, clip_acc1=14.44444465637207, tta_acc1=21.904762268066406
2025-06-12 13:24:51,393 - log - INFO - iter:1260/8100, Original Acc@1: 14.44, Acc@5: 74.13, TTA Acc@1: 21.90, Acc@5: 88.25
2025-06-12 13:25:41,998 - log - INFO - iter:1280/8100, clip_acc1=14.296875, tta_acc1=21.875
2025-06-12 13:25:41,999 - log - INFO - iter:1280/8100, Original Acc@1: 14.30, Acc@5: 74.30, TTA Acc@1: 21.88, Acc@5: 88.44
2025-06-12 13:26:32,717 - log - INFO - iter:1300/8100, clip_acc1=14.230769157409668, tta_acc1=21.846153259277344
2025-06-12 13:26:32,717 - log - INFO - iter:1300/8100, Original Acc@1: 14.23, Acc@5: 74.38, TTA Acc@1: 21.85, Acc@5: 88.62
2025-06-12 13:27:23,342 - log - INFO - iter:1320/8100, clip_acc1=14.090909004211426, tta_acc1=21.893938064575195
2025-06-12 13:27:23,342 - log - INFO - iter:1320/8100, Original Acc@1: 14.09, Acc@5: 74.55, TTA Acc@1: 21.89, Acc@5: 88.79
2025-06-12 13:28:13,884 - log - INFO - iter:1340/8100, clip_acc1=14.104477882385254, tta_acc1=22.014925003051758
2025-06-12 13:28:13,884 - log - INFO - iter:1340/8100, Original Acc@1: 14.10, Acc@5: 74.70, TTA Acc@1: 22.01, Acc@5: 88.96
2025-06-12 13:29:04,448 - log - INFO - iter:1360/8100, clip_acc1=14.191176414489746, tta_acc1=22.05882453918457
2025-06-12 13:29:04,448 - log - INFO - iter:1360/8100, Original Acc@1: 14.19, Acc@5: 74.93, TTA Acc@1: 22.06, Acc@5: 89.12
2025-06-12 13:29:54,846 - log - INFO - iter:1380/8100, clip_acc1=14.1304349899292, tta_acc1=22.101449966430664
2025-06-12 13:29:54,846 - log - INFO - iter:1380/8100, Original Acc@1: 14.13, Acc@5: 75.14, TTA Acc@1: 22.10, Acc@5: 89.28
2025-06-12 13:30:45,520 - log - INFO - iter:1400/8100, clip_acc1=14.071428298950195, tta_acc1=22.0
2025-06-12 13:30:45,520 - log - INFO - iter:1400/8100, Original Acc@1: 14.07, Acc@5: 75.07, TTA Acc@1: 22.00, Acc@5: 89.43
2025-06-12 13:31:36,268 - log - INFO - iter:1420/8100, clip_acc1=14.014083862304688, tta_acc1=21.83098602294922
2025-06-12 13:31:36,269 - log - INFO - iter:1420/8100, Original Acc@1: 14.01, Acc@5: 75.14, TTA Acc@1: 21.83, Acc@5: 89.58
2025-06-12 13:32:26,768 - log - INFO - iter:1440/8100, clip_acc1=14.097222328186035, tta_acc1=21.73611068725586
2025-06-12 13:32:26,768 - log - INFO - iter:1440/8100, Original Acc@1: 14.10, Acc@5: 75.14, TTA Acc@1: 21.74, Acc@5: 89.72
2025-06-12 13:33:17,770 - log - INFO - iter:1460/8100, clip_acc1=14.041096687316895, tta_acc1=21.78082275390625
2025-06-12 13:33:17,770 - log - INFO - iter:1460/8100, Original Acc@1: 14.04, Acc@5: 75.21, TTA Acc@1: 21.78, Acc@5: 89.86
2025-06-12 13:34:08,203 - log - INFO - iter:1480/8100, clip_acc1=13.918919563293457, tta_acc1=21.554054260253906
2025-06-12 13:34:08,203 - log - INFO - iter:1480/8100, Original Acc@1: 13.92, Acc@5: 75.27, TTA Acc@1: 21.55, Acc@5: 90.00
2025-06-12 13:34:58,955 - log - INFO - iter:1500/8100, clip_acc1=13.733333587646484, tta_acc1=21.600000381469727
2025-06-12 13:34:58,956 - log - INFO - iter:1500/8100, Original Acc@1: 13.73, Acc@5: 75.00, TTA Acc@1: 21.60, Acc@5: 90.13
2025-06-12 13:35:49,521 - log - INFO - iter:1520/8100, clip_acc1=13.815790176391602, tta_acc1=21.513158798217773
2025-06-12 13:35:49,521 - log - INFO - iter:1520/8100, Original Acc@1: 13.82, Acc@5: 75.07, TTA Acc@1: 21.51, Acc@5: 90.26
2025-06-12 13:36:40,028 - log - INFO - iter:1540/8100, clip_acc1=13.701298713684082, tta_acc1=21.428571701049805
2025-06-12 13:36:40,028 - log - INFO - iter:1540/8100, Original Acc@1: 13.70, Acc@5: 75.00, TTA Acc@1: 21.43, Acc@5: 90.39
2025-06-12 13:37:37,763 - log - INFO - iter:1560/8100, clip_acc1=13.589743614196777, tta_acc1=21.21794891357422
2025-06-12 13:37:37,764 - log - INFO - iter:1560/8100, Original Acc@1: 13.59, Acc@5: 75.19, TTA Acc@1: 21.22, Acc@5: 90.51
2025-06-12 13:38:28,548 - log - INFO - iter:1580/8100, clip_acc1=13.481012344360352, tta_acc1=21.139240264892578
2025-06-12 13:38:28,548 - log - INFO - iter:1580/8100, Original Acc@1: 13.48, Acc@5: 75.25, TTA Acc@1: 21.14, Acc@5: 90.63
2025-06-12 13:39:19,154 - log - INFO - iter:1600/8100, clip_acc1=13.375, tta_acc1=20.9375
2025-06-12 13:39:19,154 - log - INFO - iter:1600/8100, Original Acc@1: 13.38, Acc@5: 75.19, TTA Acc@1: 20.94, Acc@5: 90.75
2025-06-12 13:40:09,776 - log - INFO - iter:1620/8100, clip_acc1=13.395062446594238, tta_acc1=20.864198684692383
2025-06-12 13:40:09,776 - log - INFO - iter:1620/8100, Original Acc@1: 13.40, Acc@5: 75.31, TTA Acc@1: 20.86, Acc@5: 90.86
2025-06-12 13:41:00,234 - log - INFO - iter:1640/8100, clip_acc1=13.292682647705078, tta_acc1=20.792682647705078
2025-06-12 13:41:00,235 - log - INFO - iter:1640/8100, Original Acc@1: 13.29, Acc@5: 75.43, TTA Acc@1: 20.79, Acc@5: 90.98
2025-06-12 13:41:54,028 - log - INFO - iter:1660/8100, clip_acc1=13.132530212402344, tta_acc1=20.783132553100586
2025-06-12 13:41:54,028 - log - INFO - iter:1660/8100, Original Acc@1: 13.13, Acc@5: 75.60, TTA Acc@1: 20.78, Acc@5: 91.08
2025-06-12 13:42:44,553 - log - INFO - iter:1680/8100, clip_acc1=13.09523868560791, tta_acc1=20.71428680419922
2025-06-12 13:42:44,554 - log - INFO - iter:1680/8100, Original Acc@1: 13.10, Acc@5: 75.42, TTA Acc@1: 20.71, Acc@5: 91.19
2025-06-12 13:43:35,142 - log - INFO - iter:1700/8100, clip_acc1=13.058822631835938, tta_acc1=20.588233947753906
2025-06-12 13:43:35,142 - log - INFO - iter:1700/8100, Original Acc@1: 13.06, Acc@5: 75.41, TTA Acc@1: 20.59, Acc@5: 91.29
2025-06-12 13:44:25,961 - log - INFO - iter:1720/8100, clip_acc1=12.906976699829102, tta_acc1=20.465116500854492
2025-06-12 13:44:25,961 - log - INFO - iter:1720/8100, Original Acc@1: 12.91, Acc@5: 75.52, TTA Acc@1: 20.47, Acc@5: 91.40
2025-06-12 13:45:16,535 - log - INFO - iter:1740/8100, clip_acc1=12.758620262145996, tta_acc1=20.287355422973633
2025-06-12 13:45:16,536 - log - INFO - iter:1740/8100, Original Acc@1: 12.76, Acc@5: 75.63, TTA Acc@1: 20.29, Acc@5: 91.49
2025-06-12 13:46:07,124 - log - INFO - iter:1760/8100, clip_acc1=12.727272033691406, tta_acc1=20.227272033691406
2025-06-12 13:46:07,124 - log - INFO - iter:1760/8100, Original Acc@1: 12.73, Acc@5: 75.62, TTA Acc@1: 20.23, Acc@5: 91.59
2025-06-12 13:46:57,629 - log - INFO - iter:1780/8100, clip_acc1=12.584269523620605, tta_acc1=20.11236000061035
2025-06-12 13:46:57,629 - log - INFO - iter:1780/8100, Original Acc@1: 12.58, Acc@5: 75.73, TTA Acc@1: 20.11, Acc@5: 91.69
2025-06-12 13:47:48,177 - log - INFO - iter:1800/8100, clip_acc1=12.555556297302246, tta_acc1=20.11111068725586
2025-06-12 13:47:48,178 - log - INFO - iter:1800/8100, Original Acc@1: 12.56, Acc@5: 75.67, TTA Acc@1: 20.11, Acc@5: 91.72
2025-06-12 13:48:38,865 - log - INFO - iter:1820/8100, clip_acc1=12.472528457641602, tta_acc1=19.89011001586914
2025-06-12 13:48:38,865 - log - INFO - iter:1820/8100, Original Acc@1: 12.47, Acc@5: 75.05, TTA Acc@1: 19.89, Acc@5: 90.93
2025-06-12 13:49:29,337 - log - INFO - iter:1840/8100, clip_acc1=12.336956024169922, tta_acc1=19.673912048339844
2025-06-12 13:49:29,337 - log - INFO - iter:1840/8100, Original Acc@1: 12.34, Acc@5: 74.35, TTA Acc@1: 19.67, Acc@5: 89.95
2025-06-12 13:50:20,152 - log - INFO - iter:1860/8100, clip_acc1=12.204300880432129, tta_acc1=19.462366104125977
2025-06-12 13:50:20,152 - log - INFO - iter:1860/8100, Original Acc@1: 12.20, Acc@5: 73.66, TTA Acc@1: 19.46, Acc@5: 89.03
2025-06-12 13:51:10,747 - log - INFO - iter:1880/8100, clip_acc1=12.074467658996582, tta_acc1=19.25531768798828
2025-06-12 13:51:10,747 - log - INFO - iter:1880/8100, Original Acc@1: 12.07, Acc@5: 73.03, TTA Acc@1: 19.26, Acc@5: 88.24
2025-06-12 13:52:01,184 - log - INFO - iter:1900/8100, clip_acc1=11.947367668151855, tta_acc1=19.052631378173828
2025-06-12 13:52:01,184 - log - INFO - iter:1900/8100, Original Acc@1: 11.95, Acc@5: 72.53, TTA Acc@1: 19.05, Acc@5: 87.42
2025-06-12 13:52:51,833 - log - INFO - iter:1920/8100, clip_acc1=11.822916984558105, tta_acc1=18.854167938232422
2025-06-12 13:52:51,833 - log - INFO - iter:1920/8100, Original Acc@1: 11.82, Acc@5: 72.03, TTA Acc@1: 18.85, Acc@5: 86.56
2025-06-12 13:53:42,834 - log - INFO - iter:1940/8100, clip_acc1=11.701031684875488, tta_acc1=18.659793853759766
2025-06-12 13:53:42,834 - log - INFO - iter:1940/8100, Original Acc@1: 11.70, Acc@5: 71.60, TTA Acc@1: 18.66, Acc@5: 85.77
2025-06-12 13:54:33,388 - log - INFO - iter:1960/8100, clip_acc1=11.632652282714844, tta_acc1=18.46938705444336
2025-06-12 13:54:33,388 - log - INFO - iter:1960/8100, Original Acc@1: 11.63, Acc@5: 71.07, TTA Acc@1: 18.47, Acc@5: 84.95
2025-06-12 13:55:23,908 - log - INFO - iter:1980/8100, clip_acc1=11.515151977539062, tta_acc1=18.28282928466797
2025-06-12 13:55:23,908 - log - INFO - iter:1980/8100, Original Acc@1: 11.52, Acc@5: 70.45, TTA Acc@1: 18.28, Acc@5: 84.09
2025-06-12 13:56:14,609 - log - INFO - iter:2000/8100, clip_acc1=11.500000953674316, tta_acc1=18.100000381469727
2025-06-12 13:56:14,609 - log - INFO - iter:2000/8100, Original Acc@1: 11.50, Acc@5: 70.10, TTA Acc@1: 18.10, Acc@5: 83.50
2025-06-12 13:57:05,280 - log - INFO - iter:2020/8100, clip_acc1=11.386138916015625, tta_acc1=17.920793533325195
2025-06-12 13:57:05,280 - log - INFO - iter:2020/8100, Original Acc@1: 11.39, Acc@5: 69.65, TTA Acc@1: 17.92, Acc@5: 82.77
2025-06-12 13:57:55,903 - log - INFO - iter:2040/8100, clip_acc1=11.274510383605957, tta_acc1=17.745100021362305
2025-06-12 13:57:55,903 - log - INFO - iter:2040/8100, Original Acc@1: 11.27, Acc@5: 69.17, TTA Acc@1: 17.75, Acc@5: 82.01
2025-06-12 13:58:46,557 - log - INFO - iter:2060/8100, clip_acc1=11.213592529296875, tta_acc1=17.62135887145996
2025-06-12 13:58:46,557 - log - INFO - iter:2060/8100, Original Acc@1: 11.21, Acc@5: 68.79, TTA Acc@1: 17.62, Acc@5: 81.36
2025-06-12 13:59:37,145 - log - INFO - iter:2080/8100, clip_acc1=11.105769157409668, tta_acc1=17.451923370361328
2025-06-12 13:59:37,145 - log - INFO - iter:2080/8100, Original Acc@1: 11.11, Acc@5: 68.27, TTA Acc@1: 17.45, Acc@5: 80.67
2025-06-12 14:00:27,742 - log - INFO - iter:2100/8100, clip_acc1=11.0, tta_acc1=17.28571319580078
2025-06-12 14:00:27,743 - log - INFO - iter:2100/8100, Original Acc@1: 11.00, Acc@5: 67.86, TTA Acc@1: 17.29, Acc@5: 79.95
2025-06-12 14:01:18,163 - log - INFO - iter:2120/8100, clip_acc1=10.89622688293457, tta_acc1=17.122642517089844
2025-06-12 14:01:18,163 - log - INFO - iter:2120/8100, Original Acc@1: 10.90, Acc@5: 67.36, TTA Acc@1: 17.12, Acc@5: 79.25
2025-06-12 14:02:08,859 - log - INFO - iter:2140/8100, clip_acc1=10.794392585754395, tta_acc1=16.962617874145508
2025-06-12 14:02:08,860 - log - INFO - iter:2140/8100, Original Acc@1: 10.79, Acc@5: 66.87, TTA Acc@1: 16.96, Acc@5: 78.60
2025-06-12 14:02:59,676 - log - INFO - iter:2160/8100, clip_acc1=10.69444465637207, tta_acc1=16.80555534362793
2025-06-12 14:02:59,677 - log - INFO - iter:2160/8100, Original Acc@1: 10.69, Acc@5: 66.39, TTA Acc@1: 16.81, Acc@5: 77.92
2025-06-12 14:03:50,360 - log - INFO - iter:2180/8100, clip_acc1=10.596330642700195, tta_acc1=16.651376724243164
2025-06-12 14:03:50,360 - log - INFO - iter:2180/8100, Original Acc@1: 10.60, Acc@5: 65.92, TTA Acc@1: 16.65, Acc@5: 77.25
2025-06-12 14:04:41,127 - log - INFO - iter:2200/8100, clip_acc1=10.5, tta_acc1=16.5
2025-06-12 14:04:41,127 - log - INFO - iter:2200/8100, Original Acc@1: 10.50, Acc@5: 65.45, TTA Acc@1: 16.50, Acc@5: 76.64
2025-06-12 14:05:31,644 - log - INFO - iter:2220/8100, clip_acc1=10.495495796203613, tta_acc1=16.35135269165039
2025-06-12 14:05:31,644 - log - INFO - iter:2220/8100, Original Acc@1: 10.50, Acc@5: 65.14, TTA Acc@1: 16.35, Acc@5: 75.99
2025-06-12 14:06:22,209 - log - INFO - iter:2240/8100, clip_acc1=10.401785850524902, tta_acc1=16.20535659790039
2025-06-12 14:06:22,209 - log - INFO - iter:2240/8100, Original Acc@1: 10.40, Acc@5: 64.64, TTA Acc@1: 16.21, Acc@5: 75.40
2025-06-12 14:07:13,148 - log - INFO - iter:2260/8100, clip_acc1=10.309734344482422, tta_acc1=16.061946868896484
2025-06-12 14:07:13,148 - log - INFO - iter:2260/8100, Original Acc@1: 10.31, Acc@5: 64.25, TTA Acc@1: 16.06, Acc@5: 74.82
2025-06-12 14:08:03,804 - log - INFO - iter:2280/8100, clip_acc1=10.219298362731934, tta_acc1=15.921052932739258
2025-06-12 14:08:03,804 - log - INFO - iter:2280/8100, Original Acc@1: 10.22, Acc@5: 63.86, TTA Acc@1: 15.92, Acc@5: 74.21
2025-06-12 14:08:54,319 - log - INFO - iter:2300/8100, clip_acc1=10.1304349899292, tta_acc1=15.782608985900879
2025-06-12 14:08:54,320 - log - INFO - iter:2300/8100, Original Acc@1: 10.13, Acc@5: 63.52, TTA Acc@1: 15.78, Acc@5: 73.61
2025-06-12 14:09:44,866 - log - INFO - iter:2320/8100, clip_acc1=10.043103218078613, tta_acc1=15.646552085876465
2025-06-12 14:09:44,866 - log - INFO - iter:2320/8100, Original Acc@1: 10.04, Acc@5: 63.15, TTA Acc@1: 15.65, Acc@5: 73.10
2025-06-12 14:10:35,315 - log - INFO - iter:2340/8100, clip_acc1=9.95726490020752, tta_acc1=15.51282024383545
2025-06-12 14:10:35,315 - log - INFO - iter:2340/8100, Original Acc@1: 9.96, Acc@5: 62.65, TTA Acc@1: 15.51, Acc@5: 72.61
2025-06-12 14:11:25,951 - log - INFO - iter:2360/8100, clip_acc1=9.915254592895508, tta_acc1=15.381355285644531
2025-06-12 14:11:25,951 - log - INFO - iter:2360/8100, Original Acc@1: 9.92, Acc@5: 62.46, TTA Acc@1: 15.38, Acc@5: 72.25
2025-06-12 14:12:16,651 - log - INFO - iter:2380/8100, clip_acc1=9.83193302154541, tta_acc1=15.252100944519043
2025-06-12 14:12:16,651 - log - INFO - iter:2380/8100, Original Acc@1: 9.83, Acc@5: 62.14, TTA Acc@1: 15.25, Acc@5: 71.68
2025-06-12 14:13:07,151 - log - INFO - iter:2400/8100, clip_acc1=9.75, tta_acc1=15.125
2025-06-12 14:13:07,151 - log - INFO - iter:2400/8100, Original Acc@1: 9.75, Acc@5: 61.75, TTA Acc@1: 15.12, Acc@5: 71.17
2025-06-12 14:13:57,693 - log - INFO - iter:2420/8100, clip_acc1=9.669421195983887, tta_acc1=15.0
2025-06-12 14:13:57,694 - log - INFO - iter:2420/8100, Original Acc@1: 9.67, Acc@5: 61.32, TTA Acc@1: 15.00, Acc@5: 70.66
2025-06-12 14:14:48,218 - log - INFO - iter:2440/8100, clip_acc1=9.590164184570312, tta_acc1=14.877049446105957
2025-06-12 14:14:48,218 - log - INFO - iter:2440/8100, Original Acc@1: 9.59, Acc@5: 61.02, TTA Acc@1: 14.88, Acc@5: 70.16
2025-06-12 14:15:38,928 - log - INFO - iter:2460/8100, clip_acc1=9.512194633483887, tta_acc1=14.756096839904785
2025-06-12 14:15:38,928 - log - INFO - iter:2460/8100, Original Acc@1: 9.51, Acc@5: 60.61, TTA Acc@1: 14.76, Acc@5: 69.59
2025-06-12 14:16:29,501 - log - INFO - iter:2480/8100, clip_acc1=9.435483932495117, tta_acc1=14.637096405029297
2025-06-12 14:16:29,501 - log - INFO - iter:2480/8100, Original Acc@1: 9.44, Acc@5: 60.32, TTA Acc@1: 14.64, Acc@5: 69.07
2025-06-12 14:17:20,105 - log - INFO - iter:2500/8100, clip_acc1=9.359999656677246, tta_acc1=14.519999504089355
2025-06-12 14:17:20,105 - log - INFO - iter:2500/8100, Original Acc@1: 9.36, Acc@5: 59.96, TTA Acc@1: 14.52, Acc@5: 68.64
2025-06-12 14:18:10,800 - log - INFO - iter:2520/8100, clip_acc1=9.285714149475098, tta_acc1=14.404762268066406
2025-06-12 14:18:10,800 - log - INFO - iter:2520/8100, Original Acc@1: 9.29, Acc@5: 59.48, TTA Acc@1: 14.40, Acc@5: 68.13
2025-06-12 14:19:01,632 - log - INFO - iter:2540/8100, clip_acc1=9.21259880065918, tta_acc1=14.291338920593262
2025-06-12 14:19:01,633 - log - INFO - iter:2540/8100, Original Acc@1: 9.21, Acc@5: 59.09, TTA Acc@1: 14.29, Acc@5: 67.60
2025-06-12 14:19:52,177 - log - INFO - iter:2560/8100, clip_acc1=9.140625, tta_acc1=14.1796875
2025-06-12 14:19:52,177 - log - INFO - iter:2560/8100, Original Acc@1: 9.14, Acc@5: 58.75, TTA Acc@1: 14.18, Acc@5: 67.07
2025-06-12 14:20:42,747 - log - INFO - iter:2580/8100, clip_acc1=9.069766998291016, tta_acc1=14.069766998291016
2025-06-12 14:20:42,747 - log - INFO - iter:2580/8100, Original Acc@1: 9.07, Acc@5: 58.45, TTA Acc@1: 14.07, Acc@5: 66.63
2025-06-12 14:21:33,423 - log - INFO - iter:2600/8100, clip_acc1=9.038461685180664, tta_acc1=13.961538314819336
2025-06-12 14:21:33,423 - log - INFO - iter:2600/8100, Original Acc@1: 9.04, Acc@5: 58.12, TTA Acc@1: 13.96, Acc@5: 66.23
2025-06-12 14:22:23,895 - log - INFO - iter:2620/8100, clip_acc1=9.007633209228516, tta_acc1=13.854962348937988
2025-06-12 14:22:23,895 - log - INFO - iter:2620/8100, Original Acc@1: 9.01, Acc@5: 57.90, TTA Acc@1: 13.85, Acc@5: 65.95
2025-06-12 14:23:14,410 - log - INFO - iter:2640/8100, clip_acc1=8.939393997192383, tta_acc1=13.75
2025-06-12 14:23:14,410 - log - INFO - iter:2640/8100, Original Acc@1: 8.94, Acc@5: 57.54, TTA Acc@1: 13.75, Acc@5: 65.45
2025-06-12 14:24:05,138 - log - INFO - iter:2660/8100, clip_acc1=8.872180938720703, tta_acc1=13.64661693572998
2025-06-12 14:24:05,138 - log - INFO - iter:2660/8100, Original Acc@1: 8.87, Acc@5: 57.22, TTA Acc@1: 13.65, Acc@5: 65.08
2025-06-12 14:24:55,772 - log - INFO - iter:2680/8100, clip_acc1=8.805970191955566, tta_acc1=13.54477596282959
2025-06-12 14:24:55,772 - log - INFO - iter:2680/8100, Original Acc@1: 8.81, Acc@5: 56.98, TTA Acc@1: 13.54, Acc@5: 64.63
2025-06-12 14:25:46,280 - log - INFO - iter:2700/8100, clip_acc1=8.740740776062012, tta_acc1=13.44444465637207
2025-06-12 14:25:46,280 - log - INFO - iter:2700/8100, Original Acc@1: 8.74, Acc@5: 56.74, TTA Acc@1: 13.44, Acc@5: 64.26
2025-06-12 14:26:37,004 - log - INFO - iter:2720/8100, clip_acc1=8.933823585510254, tta_acc1=13.713235855102539
2025-06-12 14:26:37,004 - log - INFO - iter:2720/8100, Original Acc@1: 8.93, Acc@5: 56.73, TTA Acc@1: 13.71, Acc@5: 64.52
2025-06-12 14:27:27,507 - log - INFO - iter:2740/8100, clip_acc1=9.1240873336792, tta_acc1=14.270071983337402
2025-06-12 14:27:27,508 - log - INFO - iter:2740/8100, Original Acc@1: 9.12, Acc@5: 56.75, TTA Acc@1: 14.27, Acc@5: 64.78
2025-06-12 14:28:18,106 - log - INFO - iter:2760/8100, clip_acc1=9.384057998657227, tta_acc1=14.565217971801758
2025-06-12 14:28:18,106 - log - INFO - iter:2760/8100, Original Acc@1: 9.38, Acc@5: 56.78, TTA Acc@1: 14.57, Acc@5: 65.00
2025-06-12 14:29:08,774 - log - INFO - iter:2780/8100, clip_acc1=9.640287399291992, tta_acc1=14.964028358459473
2025-06-12 14:29:08,774 - log - INFO - iter:2780/8100, Original Acc@1: 9.64, Acc@5: 56.80, TTA Acc@1: 14.96, Acc@5: 65.18
2025-06-12 14:29:59,413 - log - INFO - iter:2800/8100, clip_acc1=9.857142448425293, tta_acc1=15.321428298950195
2025-06-12 14:29:59,414 - log - INFO - iter:2800/8100, Original Acc@1: 9.86, Acc@5: 56.75, TTA Acc@1: 15.32, Acc@5: 65.43
2025-06-12 14:30:49,818 - log - INFO - iter:2820/8100, clip_acc1=10.035460472106934, tta_acc1=15.673758506774902
2025-06-12 14:30:49,819 - log - INFO - iter:2820/8100, Original Acc@1: 10.04, Acc@5: 56.81, TTA Acc@1: 15.67, Acc@5: 65.60
2025-06-12 14:31:40,446 - log - INFO - iter:2840/8100, clip_acc1=10.316901206970215, tta_acc1=16.091548919677734
2025-06-12 14:31:40,446 - log - INFO - iter:2840/8100, Original Acc@1: 10.32, Acc@5: 56.80, TTA Acc@1: 16.09, Acc@5: 65.77
2025-06-12 14:32:31,062 - log - INFO - iter:2860/8100, clip_acc1=10.454545974731445, tta_acc1=16.46853256225586
2025-06-12 14:32:31,062 - log - INFO - iter:2860/8100, Original Acc@1: 10.45, Acc@5: 56.82, TTA Acc@1: 16.47, Acc@5: 65.94
2025-06-12 14:33:21,727 - log - INFO - iter:2880/8100, clip_acc1=10.625, tta_acc1=16.80555534362793
2025-06-12 14:33:21,727 - log - INFO - iter:2880/8100, Original Acc@1: 10.62, Acc@5: 56.74, TTA Acc@1: 16.81, Acc@5: 66.11
2025-06-12 14:34:12,272 - log - INFO - iter:2900/8100, clip_acc1=10.862069129943848, tta_acc1=17.275861740112305
2025-06-12 14:34:12,272 - log - INFO - iter:2900/8100, Original Acc@1: 10.86, Acc@5: 56.83, TTA Acc@1: 17.28, Acc@5: 66.34
2025-06-12 14:35:02,692 - log - INFO - iter:2920/8100, clip_acc1=11.027397155761719, tta_acc1=17.671234130859375
2025-06-12 14:35:02,692 - log - INFO - iter:2920/8100, Original Acc@1: 11.03, Acc@5: 56.78, TTA Acc@1: 17.67, Acc@5: 66.54
2025-06-12 14:35:53,367 - log - INFO - iter:2940/8100, clip_acc1=11.360544204711914, tta_acc1=17.99319839477539
2025-06-12 14:35:53,367 - log - INFO - iter:2940/8100, Original Acc@1: 11.36, Acc@5: 56.94, TTA Acc@1: 17.99, Acc@5: 66.73
2025-06-12 14:36:44,037 - log - INFO - iter:2960/8100, clip_acc1=11.418919563293457, tta_acc1=18.243244171142578
2025-06-12 14:36:44,037 - log - INFO - iter:2960/8100, Original Acc@1: 11.42, Acc@5: 56.82, TTA Acc@1: 18.24, Acc@5: 66.93
2025-06-12 14:37:34,708 - log - INFO - iter:2980/8100, clip_acc1=11.744966506958008, tta_acc1=18.624162673950195
2025-06-12 14:37:34,709 - log - INFO - iter:2980/8100, Original Acc@1: 11.74, Acc@5: 56.91, TTA Acc@1: 18.62, Acc@5: 67.15
2025-06-12 14:38:25,300 - log - INFO - iter:3000/8100, clip_acc1=11.866666793823242, tta_acc1=19.0
2025-06-12 14:38:25,300 - log - INFO - iter:3000/8100, Original Acc@1: 11.87, Acc@5: 56.90, TTA Acc@1: 19.00, Acc@5: 67.37
2025-06-12 14:39:15,879 - log - INFO - iter:3020/8100, clip_acc1=12.052980422973633, tta_acc1=19.27152442932129
2025-06-12 14:39:15,879 - log - INFO - iter:3020/8100, Original Acc@1: 12.05, Acc@5: 56.89, TTA Acc@1: 19.27, Acc@5: 67.55
2025-06-12 14:40:06,566 - log - INFO - iter:3040/8100, clip_acc1=12.302632331848145, tta_acc1=19.703948974609375
2025-06-12 14:40:06,566 - log - INFO - iter:3040/8100, Original Acc@1: 12.30, Acc@5: 56.97, TTA Acc@1: 19.70, Acc@5: 67.73
2025-06-12 14:40:57,304 - log - INFO - iter:3060/8100, clip_acc1=12.549019813537598, tta_acc1=20.0
2025-06-12 14:40:57,304 - log - INFO - iter:3060/8100, Original Acc@1: 12.55, Acc@5: 56.99, TTA Acc@1: 20.00, Acc@5: 67.94
2025-06-12 14:41:47,703 - log - INFO - iter:3080/8100, clip_acc1=12.727272033691406, tta_acc1=20.324674606323242
2025-06-12 14:41:47,703 - log - INFO - iter:3080/8100, Original Acc@1: 12.73, Acc@5: 57.18, TTA Acc@1: 20.32, Acc@5: 68.12
2025-06-12 14:42:39,015 - log - INFO - iter:3100/8100, clip_acc1=12.903225898742676, tta_acc1=20.580646514892578
2025-06-12 14:42:39,015 - log - INFO - iter:3100/8100, Original Acc@1: 12.90, Acc@5: 57.10, TTA Acc@1: 20.58, Acc@5: 68.26
2025-06-12 14:43:29,648 - log - INFO - iter:3120/8100, clip_acc1=13.044872283935547, tta_acc1=20.897436141967773
2025-06-12 14:43:29,648 - log - INFO - iter:3120/8100, Original Acc@1: 13.04, Acc@5: 57.15, TTA Acc@1: 20.90, Acc@5: 68.46
2025-06-12 14:44:20,169 - log - INFO - iter:3140/8100, clip_acc1=13.15286636352539, tta_acc1=21.21019172668457
2025-06-12 14:44:20,169 - log - INFO - iter:3140/8100, Original Acc@1: 13.15, Acc@5: 57.10, TTA Acc@1: 21.21, Acc@5: 68.60
2025-06-12 14:45:10,691 - log - INFO - iter:3160/8100, clip_acc1=13.386075973510742, tta_acc1=21.613924026489258
2025-06-12 14:45:10,692 - log - INFO - iter:3160/8100, Original Acc@1: 13.39, Acc@5: 57.22, TTA Acc@1: 21.61, Acc@5: 68.77
2025-06-12 14:46:01,624 - log - INFO - iter:3180/8100, clip_acc1=13.584905624389648, tta_acc1=21.91823959350586
2025-06-12 14:46:01,624 - log - INFO - iter:3180/8100, Original Acc@1: 13.58, Acc@5: 57.26, TTA Acc@1: 21.92, Acc@5: 68.96
2025-06-12 14:46:52,173 - log - INFO - iter:3200/8100, clip_acc1=13.6875, tta_acc1=22.21875
2025-06-12 14:46:52,174 - log - INFO - iter:3200/8100, Original Acc@1: 13.69, Acc@5: 57.25, TTA Acc@1: 22.22, Acc@5: 69.16
2025-06-12 14:47:42,720 - log - INFO - iter:3220/8100, clip_acc1=13.913043022155762, tta_acc1=22.515527725219727
2025-06-12 14:47:42,720 - log - INFO - iter:3220/8100, Original Acc@1: 13.91, Acc@5: 57.30, TTA Acc@1: 22.52, Acc@5: 69.32
2025-06-12 14:48:33,273 - log - INFO - iter:3240/8100, clip_acc1=14.104938507080078, tta_acc1=22.839508056640625
2025-06-12 14:48:33,273 - log - INFO - iter:3240/8100, Original Acc@1: 14.10, Acc@5: 57.41, TTA Acc@1: 22.84, Acc@5: 69.48
2025-06-12 14:49:23,920 - log - INFO - iter:3260/8100, clip_acc1=14.233128547668457, tta_acc1=23.06748390197754
2025-06-12 14:49:23,920 - log - INFO - iter:3260/8100, Original Acc@1: 14.23, Acc@5: 57.42, TTA Acc@1: 23.07, Acc@5: 69.63
2025-06-12 14:50:14,654 - log - INFO - iter:3280/8100, clip_acc1=14.420731544494629, tta_acc1=23.35365867614746
2025-06-12 14:50:14,654 - log - INFO - iter:3280/8100, Original Acc@1: 14.42, Acc@5: 57.44, TTA Acc@1: 23.35, Acc@5: 69.76
2025-06-12 14:51:12,730 - log - INFO - iter:3300/8100, clip_acc1=14.636363983154297, tta_acc1=23.696969985961914
2025-06-12 14:51:12,730 - log - INFO - iter:3300/8100, Original Acc@1: 14.64, Acc@5: 57.55, TTA Acc@1: 23.70, Acc@5: 69.94
2025-06-12 14:52:03,443 - log - INFO - iter:3320/8100, clip_acc1=14.698795318603516, tta_acc1=23.91566276550293
2025-06-12 14:52:03,444 - log - INFO - iter:3320/8100, Original Acc@1: 14.70, Acc@5: 57.47, TTA Acc@1: 23.92, Acc@5: 70.06
2025-06-12 14:52:54,183 - log - INFO - iter:3340/8100, clip_acc1=14.850299835205078, tta_acc1=24.16167640686035
2025-06-12 14:52:54,183 - log - INFO - iter:3340/8100, Original Acc@1: 14.85, Acc@5: 57.49, TTA Acc@1: 24.16, Acc@5: 70.21
2025-06-12 14:53:44,824 - log - INFO - iter:3360/8100, clip_acc1=15.119048118591309, tta_acc1=24.46428680419922
2025-06-12 14:53:44,824 - log - INFO - iter:3360/8100, Original Acc@1: 15.12, Acc@5: 57.59, TTA Acc@1: 24.46, Acc@5: 70.39
2025-06-12 14:54:35,480 - log - INFO - iter:3380/8100, clip_acc1=15.295857429504395, tta_acc1=24.674556732177734
2025-06-12 14:54:35,480 - log - INFO - iter:3380/8100, Original Acc@1: 15.30, Acc@5: 57.66, TTA Acc@1: 24.67, Acc@5: 70.56
2025-06-12 14:55:27,881 - log - INFO - iter:3400/8100, clip_acc1=15.382351875305176, tta_acc1=24.85293960571289
2025-06-12 14:55:27,882 - log - INFO - iter:3400/8100, Original Acc@1: 15.38, Acc@5: 57.68, TTA Acc@1: 24.85, Acc@5: 70.71
2025-06-12 14:56:18,412 - log - INFO - iter:3420/8100, clip_acc1=15.55555534362793, tta_acc1=25.146198272705078
2025-06-12 14:56:18,412 - log - INFO - iter:3420/8100, Original Acc@1: 15.56, Acc@5: 57.84, TTA Acc@1: 25.15, Acc@5: 70.88
2025-06-12 14:57:09,021 - log - INFO - iter:3440/8100, clip_acc1=15.697674751281738, tta_acc1=25.377906799316406
2025-06-12 14:57:09,022 - log - INFO - iter:3440/8100, Original Acc@1: 15.70, Acc@5: 57.82, TTA Acc@1: 25.38, Acc@5: 71.02
2025-06-12 14:57:59,678 - log - INFO - iter:3460/8100, clip_acc1=15.722542762756348, tta_acc1=25.54913330078125
2025-06-12 14:57:59,679 - log - INFO - iter:3460/8100, Original Acc@1: 15.72, Acc@5: 57.89, TTA Acc@1: 25.55, Acc@5: 71.16
2025-06-12 14:58:50,683 - log - INFO - iter:3480/8100, clip_acc1=15.804597854614258, tta_acc1=25.83333396911621
2025-06-12 14:58:50,683 - log - INFO - iter:3480/8100, Original Acc@1: 15.80, Acc@5: 58.02, TTA Acc@1: 25.83, Acc@5: 71.32
2025-06-12 14:59:41,210 - log - INFO - iter:3500/8100, clip_acc1=15.885714530944824, tta_acc1=26.08571434020996
2025-06-12 14:59:41,210 - log - INFO - iter:3500/8100, Original Acc@1: 15.89, Acc@5: 58.06, TTA Acc@1: 26.09, Acc@5: 71.49
2025-06-12 15:00:32,383 - log - INFO - iter:3520/8100, clip_acc1=15.937499046325684, tta_acc1=26.25
2025-06-12 15:00:32,383 - log - INFO - iter:3520/8100, Original Acc@1: 15.94, Acc@5: 58.15, TTA Acc@1: 26.25, Acc@5: 71.65
2025-06-12 15:01:22,998 - log - INFO - iter:3540/8100, clip_acc1=15.93220329284668, tta_acc1=26.38418197631836
2025-06-12 15:01:22,998 - log - INFO - iter:3540/8100, Original Acc@1: 15.93, Acc@5: 58.19, TTA Acc@1: 26.38, Acc@5: 71.81
2025-06-12 15:02:13,804 - log - INFO - iter:3560/8100, clip_acc1=16.039325714111328, tta_acc1=26.4887638092041
2025-06-12 15:02:13,804 - log - INFO - iter:3560/8100, Original Acc@1: 16.04, Acc@5: 58.26, TTA Acc@1: 26.49, Acc@5: 71.94
2025-06-12 15:03:04,419 - log - INFO - iter:3580/8100, clip_acc1=16.089384078979492, tta_acc1=26.703908920288086
2025-06-12 15:03:04,420 - log - INFO - iter:3580/8100, Original Acc@1: 16.09, Acc@5: 58.35, TTA Acc@1: 26.70, Acc@5: 72.09
2025-06-12 15:03:54,991 - log - INFO - iter:3600/8100, clip_acc1=16.19444465637207, tta_acc1=27.0
2025-06-12 15:03:54,991 - log - INFO - iter:3600/8100, Original Acc@1: 16.19, Acc@5: 58.39, TTA Acc@1: 27.00, Acc@5: 72.25
2025-06-12 15:04:45,639 - log - INFO - iter:3620/8100, clip_acc1=16.215469360351562, tta_acc1=27.3204402923584
2025-06-12 15:04:45,639 - log - INFO - iter:3620/8100, Original Acc@1: 16.22, Acc@5: 58.45, TTA Acc@1: 27.32, Acc@5: 72.40
2025-06-12 15:05:36,264 - log - INFO - iter:3640/8100, clip_acc1=16.346155166625977, tta_acc1=27.58241844177246
2025-06-12 15:05:36,264 - log - INFO - iter:3640/8100, Original Acc@1: 16.35, Acc@5: 58.52, TTA Acc@1: 27.58, Acc@5: 72.55
2025-06-12 15:06:27,001 - log - INFO - iter:3660/8100, clip_acc1=16.393444061279297, tta_acc1=27.759563446044922
2025-06-12 15:06:27,001 - log - INFO - iter:3660/8100, Original Acc@1: 16.39, Acc@5: 58.66, TTA Acc@1: 27.76, Acc@5: 72.70
2025-06-12 15:07:17,614 - log - INFO - iter:3680/8100, clip_acc1=16.494564056396484, tta_acc1=27.961956024169922
2025-06-12 15:07:17,614 - log - INFO - iter:3680/8100, Original Acc@1: 16.49, Acc@5: 58.78, TTA Acc@1: 27.96, Acc@5: 72.85
2025-06-12 15:08:08,222 - log - INFO - iter:3700/8100, clip_acc1=16.54054069519043, tta_acc1=28.16216278076172
2025-06-12 15:08:08,222 - log - INFO - iter:3700/8100, Original Acc@1: 16.54, Acc@5: 58.89, TTA Acc@1: 28.16, Acc@5: 73.00
2025-06-12 15:08:58,677 - log - INFO - iter:3720/8100, clip_acc1=16.639785766601562, tta_acc1=28.413978576660156
2025-06-12 15:08:58,677 - log - INFO - iter:3720/8100, Original Acc@1: 16.64, Acc@5: 59.09, TTA Acc@1: 28.41, Acc@5: 73.15
2025-06-12 15:09:49,236 - log - INFO - iter:3740/8100, clip_acc1=16.65775489807129, tta_acc1=28.582887649536133
2025-06-12 15:09:49,236 - log - INFO - iter:3740/8100, Original Acc@1: 16.66, Acc@5: 59.22, TTA Acc@1: 28.58, Acc@5: 73.29
2025-06-12 15:10:39,860 - log - INFO - iter:3760/8100, clip_acc1=16.808509826660156, tta_acc1=28.803190231323242
2025-06-12 15:10:39,861 - log - INFO - iter:3760/8100, Original Acc@1: 16.81, Acc@5: 59.39, TTA Acc@1: 28.80, Acc@5: 73.43
2025-06-12 15:11:30,482 - log - INFO - iter:3780/8100, clip_acc1=16.878307342529297, tta_acc1=29.047618865966797
2025-06-12 15:11:30,482 - log - INFO - iter:3780/8100, Original Acc@1: 16.88, Acc@5: 59.42, TTA Acc@1: 29.05, Acc@5: 73.57
2025-06-12 15:12:21,150 - log - INFO - iter:3800/8100, clip_acc1=16.973684310913086, tta_acc1=29.26315689086914
2025-06-12 15:12:21,151 - log - INFO - iter:3800/8100, Original Acc@1: 16.97, Acc@5: 59.47, TTA Acc@1: 29.26, Acc@5: 73.71
2025-06-12 15:13:12,021 - log - INFO - iter:3820/8100, clip_acc1=16.98952865600586, tta_acc1=29.397905349731445
2025-06-12 15:13:12,021 - log - INFO - iter:3820/8100, Original Acc@1: 16.99, Acc@5: 59.50, TTA Acc@1: 29.40, Acc@5: 73.85
2025-06-12 15:14:02,573 - log - INFO - iter:3840/8100, clip_acc1=17.03125, tta_acc1=29.453126907348633
2025-06-12 15:14:02,573 - log - INFO - iter:3840/8100, Original Acc@1: 17.03, Acc@5: 59.58, TTA Acc@1: 29.45, Acc@5: 73.98
2025-06-12 15:14:53,237 - log - INFO - iter:3860/8100, clip_acc1=17.072540283203125, tta_acc1=29.637306213378906
2025-06-12 15:14:53,238 - log - INFO - iter:3860/8100, Original Acc@1: 17.07, Acc@5: 59.64, TTA Acc@1: 29.64, Acc@5: 74.09
2025-06-12 15:15:43,866 - log - INFO - iter:3880/8100, clip_acc1=17.19072151184082, tta_acc1=29.845361709594727
2025-06-12 15:15:43,866 - log - INFO - iter:3880/8100, Original Acc@1: 17.19, Acc@5: 59.77, TTA Acc@1: 29.85, Acc@5: 74.23
2025-06-12 15:16:34,573 - log - INFO - iter:3900/8100, clip_acc1=17.333332061767578, tta_acc1=30.051280975341797
2025-06-12 15:16:34,574 - log - INFO - iter:3900/8100, Original Acc@1: 17.33, Acc@5: 59.90, TTA Acc@1: 30.05, Acc@5: 74.36
2025-06-12 15:17:25,128 - log - INFO - iter:3920/8100, clip_acc1=17.474489212036133, tta_acc1=30.229591369628906
2025-06-12 15:17:25,128 - log - INFO - iter:3920/8100, Original Acc@1: 17.47, Acc@5: 60.00, TTA Acc@1: 30.23, Acc@5: 74.49
2025-06-12 15:18:15,855 - log - INFO - iter:3940/8100, clip_acc1=17.512691497802734, tta_acc1=30.482234954833984
2025-06-12 15:18:15,855 - log - INFO - iter:3940/8100, Original Acc@1: 17.51, Acc@5: 60.00, TTA Acc@1: 30.48, Acc@5: 74.62
2025-06-12 15:19:06,461 - log - INFO - iter:3960/8100, clip_acc1=17.601011276245117, tta_acc1=30.732324600219727
2025-06-12 15:19:06,461 - log - INFO - iter:3960/8100, Original Acc@1: 17.60, Acc@5: 60.13, TTA Acc@1: 30.73, Acc@5: 74.72
2025-06-12 15:19:57,135 - log - INFO - iter:3980/8100, clip_acc1=17.68844223022461, tta_acc1=30.92964744567871
2025-06-12 15:19:57,136 - log - INFO - iter:3980/8100, Original Acc@1: 17.69, Acc@5: 60.25, TTA Acc@1: 30.93, Acc@5: 74.85
2025-06-12 15:20:47,682 - log - INFO - iter:4000/8100, clip_acc1=17.75, tta_acc1=31.10000228881836
2025-06-12 15:20:47,683 - log - INFO - iter:4000/8100, Original Acc@1: 17.75, Acc@5: 60.43, TTA Acc@1: 31.10, Acc@5: 74.98
2025-06-12 15:21:38,129 - log - INFO - iter:4020/8100, clip_acc1=17.786069869995117, tta_acc1=31.268657684326172
2025-06-12 15:21:38,130 - log - INFO - iter:4020/8100, Original Acc@1: 17.79, Acc@5: 60.47, TTA Acc@1: 31.27, Acc@5: 75.10
2025-06-12 15:22:28,581 - log - INFO - iter:4040/8100, clip_acc1=17.797029495239258, tta_acc1=31.435644149780273
2025-06-12 15:22:28,581 - log - INFO - iter:4040/8100, Original Acc@1: 17.80, Acc@5: 60.47, TTA Acc@1: 31.44, Acc@5: 75.22
2025-06-12 15:23:19,298 - log - INFO - iter:4060/8100, clip_acc1=17.906404495239258, tta_acc1=31.6256160736084
2025-06-12 15:23:19,298 - log - INFO - iter:4060/8100, Original Acc@1: 17.91, Acc@5: 60.59, TTA Acc@1: 31.63, Acc@5: 75.34
2025-06-12 15:24:10,027 - log - INFO - iter:4080/8100, clip_acc1=17.965686798095703, tta_acc1=31.838237762451172
2025-06-12 15:24:10,027 - log - INFO - iter:4080/8100, Original Acc@1: 17.97, Acc@5: 60.66, TTA Acc@1: 31.84, Acc@5: 75.47
2025-06-12 15:25:00,736 - log - INFO - iter:4100/8100, clip_acc1=18.09756088256836, tta_acc1=32.07316970825195
2025-06-12 15:25:00,736 - log - INFO - iter:4100/8100, Original Acc@1: 18.10, Acc@5: 60.78, TTA Acc@1: 32.07, Acc@5: 75.56
2025-06-12 15:25:51,292 - log - INFO - iter:4120/8100, clip_acc1=18.033981323242188, tta_acc1=32.208740234375
2025-06-12 15:25:51,292 - log - INFO - iter:4120/8100, Original Acc@1: 18.03, Acc@5: 60.87, TTA Acc@1: 32.21, Acc@5: 75.68
2025-06-12 15:26:41,909 - log - INFO - iter:4140/8100, clip_acc1=18.14009666442871, tta_acc1=32.342994689941406
2025-06-12 15:26:41,910 - log - INFO - iter:4140/8100, Original Acc@1: 18.14, Acc@5: 60.97, TTA Acc@1: 32.34, Acc@5: 75.80
2025-06-12 15:27:32,610 - log - INFO - iter:4160/8100, clip_acc1=18.125, tta_acc1=32.5
2025-06-12 15:27:32,610 - log - INFO - iter:4160/8100, Original Acc@1: 18.12, Acc@5: 61.03, TTA Acc@1: 32.50, Acc@5: 75.91
2025-06-12 15:28:23,347 - log - INFO - iter:4180/8100, clip_acc1=18.18181800842285, tta_acc1=32.70335006713867
2025-06-12 15:28:23,348 - log - INFO - iter:4180/8100, Original Acc@1: 18.18, Acc@5: 61.15, TTA Acc@1: 32.70, Acc@5: 76.03
2025-06-12 15:29:14,120 - log - INFO - iter:4200/8100, clip_acc1=18.261903762817383, tta_acc1=32.83333206176758
2025-06-12 15:29:14,121 - log - INFO - iter:4200/8100, Original Acc@1: 18.26, Acc@5: 61.26, TTA Acc@1: 32.83, Acc@5: 76.14
2025-06-12 15:30:04,734 - log - INFO - iter:4220/8100, clip_acc1=18.175355911254883, tta_acc1=32.6777229309082
2025-06-12 15:30:04,734 - log - INFO - iter:4220/8100, Original Acc@1: 18.18, Acc@5: 61.09, TTA Acc@1: 32.68, Acc@5: 75.97
2025-06-12 15:30:55,354 - log - INFO - iter:4240/8100, clip_acc1=18.13679313659668, tta_acc1=32.52358627319336
2025-06-12 15:30:55,354 - log - INFO - iter:4240/8100, Original Acc@1: 18.14, Acc@5: 61.01, TTA Acc@1: 32.52, Acc@5: 75.83
2025-06-12 15:31:45,902 - log - INFO - iter:4260/8100, clip_acc1=18.05164337158203, tta_acc1=32.37089157104492
2025-06-12 15:31:45,902 - log - INFO - iter:4260/8100, Original Acc@1: 18.05, Acc@5: 60.87, TTA Acc@1: 32.37, Acc@5: 75.63
2025-06-12 15:32:36,573 - log - INFO - iter:4280/8100, clip_acc1=17.9672908782959, tta_acc1=32.219627380371094
2025-06-12 15:32:36,573 - log - INFO - iter:4280/8100, Original Acc@1: 17.97, Acc@5: 60.84, TTA Acc@1: 32.22, Acc@5: 75.40
2025-06-12 15:33:27,160 - log - INFO - iter:4300/8100, clip_acc1=17.88372039794922, tta_acc1=32.069766998291016
2025-06-12 15:33:27,160 - log - INFO - iter:4300/8100, Original Acc@1: 17.88, Acc@5: 60.77, TTA Acc@1: 32.07, Acc@5: 75.16
2025-06-12 15:34:17,920 - log - INFO - iter:4320/8100, clip_acc1=17.824073791503906, tta_acc1=31.921295166015625
2025-06-12 15:34:17,920 - log - INFO - iter:4320/8100, Original Acc@1: 17.82, Acc@5: 60.65, TTA Acc@1: 31.92, Acc@5: 75.00
2025-06-12 15:35:08,643 - log - INFO - iter:4340/8100, clip_acc1=17.74193572998047, tta_acc1=31.774194717407227
2025-06-12 15:35:08,643 - log - INFO - iter:4340/8100, Original Acc@1: 17.74, Acc@5: 60.51, TTA Acc@1: 31.77, Acc@5: 74.84
2025-06-12 15:35:59,299 - log - INFO - iter:4360/8100, clip_acc1=17.660551071166992, tta_acc1=31.628440856933594
2025-06-12 15:35:59,300 - log - INFO - iter:4360/8100, Original Acc@1: 17.66, Acc@5: 60.44, TTA Acc@1: 31.63, Acc@5: 74.72
2025-06-12 15:36:49,852 - log - INFO - iter:4380/8100, clip_acc1=17.602739334106445, tta_acc1=31.484018325805664
2025-06-12 15:36:49,852 - log - INFO - iter:4380/8100, Original Acc@1: 17.60, Acc@5: 60.32, TTA Acc@1: 31.48, Acc@5: 74.50
2025-06-12 15:37:40,427 - log - INFO - iter:4400/8100, clip_acc1=17.522727966308594, tta_acc1=31.340909957885742
2025-06-12 15:37:40,427 - log - INFO - iter:4400/8100, Original Acc@1: 17.52, Acc@5: 60.16, TTA Acc@1: 31.34, Acc@5: 74.27
2025-06-12 15:38:30,853 - log - INFO - iter:4420/8100, clip_acc1=17.443439483642578, tta_acc1=31.199094772338867
2025-06-12 15:38:30,854 - log - INFO - iter:4420/8100, Original Acc@1: 17.44, Acc@5: 60.11, TTA Acc@1: 31.20, Acc@5: 74.19
2025-06-12 15:39:21,414 - log - INFO - iter:4440/8100, clip_acc1=17.387388229370117, tta_acc1=31.05855941772461
2025-06-12 15:39:21,414 - log - INFO - iter:4440/8100, Original Acc@1: 17.39, Acc@5: 60.05, TTA Acc@1: 31.06, Acc@5: 74.03
2025-06-12 15:40:12,027 - log - INFO - iter:4460/8100, clip_acc1=17.309415817260742, tta_acc1=30.919281005859375
2025-06-12 15:40:12,027 - log - INFO - iter:4460/8100, Original Acc@1: 17.31, Acc@5: 59.96, TTA Acc@1: 30.92, Acc@5: 73.88
2025-06-12 15:41:02,734 - log - INFO - iter:4480/8100, clip_acc1=17.23214340209961, tta_acc1=30.78125
2025-06-12 15:41:02,735 - log - INFO - iter:4480/8100, Original Acc@1: 17.23, Acc@5: 59.80, TTA Acc@1: 30.78, Acc@5: 73.59
2025-06-12 15:41:53,282 - log - INFO - iter:4500/8100, clip_acc1=17.155555725097656, tta_acc1=30.644445419311523
2025-06-12 15:41:53,283 - log - INFO - iter:4500/8100, Original Acc@1: 17.16, Acc@5: 59.78, TTA Acc@1: 30.64, Acc@5: 73.44
2025-06-12 15:42:44,074 - log - INFO - iter:4520/8100, clip_acc1=17.101770401000977, tta_acc1=30.50885009765625
2025-06-12 15:42:44,074 - log - INFO - iter:4520/8100, Original Acc@1: 17.10, Acc@5: 59.60, TTA Acc@1: 30.51, Acc@5: 73.27
2025-06-12 15:43:34,851 - log - INFO - iter:4540/8100, clip_acc1=17.026432037353516, tta_acc1=30.37445068359375
2025-06-12 15:43:34,851 - log - INFO - iter:4540/8100, Original Acc@1: 17.03, Acc@5: 59.45, TTA Acc@1: 30.37, Acc@5: 73.13
2025-06-12 15:44:25,374 - log - INFO - iter:4560/8100, clip_acc1=16.95175552368164, tta_acc1=30.241228103637695
2025-06-12 15:44:25,374 - log - INFO - iter:4560/8100, Original Acc@1: 16.95, Acc@5: 59.30, TTA Acc@1: 30.24, Acc@5: 72.92
2025-06-12 15:45:15,960 - log - INFO - iter:4580/8100, clip_acc1=16.899564743041992, tta_acc1=30.10917091369629
2025-06-12 15:45:15,960 - log - INFO - iter:4580/8100, Original Acc@1: 16.90, Acc@5: 59.17, TTA Acc@1: 30.11, Acc@5: 72.73
2025-06-12 15:46:06,410 - log - INFO - iter:4600/8100, clip_acc1=16.826087951660156, tta_acc1=29.978261947631836
2025-06-12 15:46:06,410 - log - INFO - iter:4600/8100, Original Acc@1: 16.83, Acc@5: 59.00, TTA Acc@1: 29.98, Acc@5: 72.61
2025-06-12 15:46:56,963 - log - INFO - iter:4620/8100, clip_acc1=16.753246307373047, tta_acc1=29.848485946655273
2025-06-12 15:46:56,964 - log - INFO - iter:4620/8100, Original Acc@1: 16.75, Acc@5: 58.85, TTA Acc@1: 29.85, Acc@5: 72.40
2025-06-12 15:47:47,562 - log - INFO - iter:4640/8100, clip_acc1=16.681034088134766, tta_acc1=29.71982765197754
2025-06-12 15:47:47,562 - log - INFO - iter:4640/8100, Original Acc@1: 16.68, Acc@5: 58.71, TTA Acc@1: 29.72, Acc@5: 72.22
2025-06-12 15:48:38,104 - log - INFO - iter:4660/8100, clip_acc1=16.60944175720215, tta_acc1=29.592275619506836
2025-06-12 15:48:38,104 - log - INFO - iter:4660/8100, Original Acc@1: 16.61, Acc@5: 58.56, TTA Acc@1: 29.59, Acc@5: 72.02
2025-06-12 15:49:28,926 - log - INFO - iter:4680/8100, clip_acc1=16.538461685180664, tta_acc1=29.46581268310547
2025-06-12 15:49:28,926 - log - INFO - iter:4680/8100, Original Acc@1: 16.54, Acc@5: 58.42, TTA Acc@1: 29.47, Acc@5: 71.84
2025-06-12 15:50:20,387 - log - INFO - iter:4700/8100, clip_acc1=16.46808433532715, tta_acc1=29.340425491333008
2025-06-12 15:50:20,387 - log - INFO - iter:4700/8100, Original Acc@1: 16.47, Acc@5: 58.30, TTA Acc@1: 29.34, Acc@5: 71.68
2025-06-12 15:51:10,795 - log - INFO - iter:4720/8100, clip_acc1=16.398303985595703, tta_acc1=29.216100692749023
2025-06-12 15:51:10,795 - log - INFO - iter:4720/8100, Original Acc@1: 16.40, Acc@5: 58.20, TTA Acc@1: 29.22, Acc@5: 71.53
2025-06-12 15:52:02,464 - log - INFO - iter:4740/8100, clip_acc1=16.32911491394043, tta_acc1=29.09282684326172
2025-06-12 15:52:02,464 - log - INFO - iter:4740/8100, Original Acc@1: 16.33, Acc@5: 58.10, TTA Acc@1: 29.09, Acc@5: 71.41
2025-06-12 15:52:53,202 - log - INFO - iter:4760/8100, clip_acc1=16.281513214111328, tta_acc1=28.97058868408203
2025-06-12 15:52:53,203 - log - INFO - iter:4760/8100, Original Acc@1: 16.28, Acc@5: 58.05, TTA Acc@1: 28.97, Acc@5: 71.32
2025-06-12 15:53:43,888 - log - INFO - iter:4780/8100, clip_acc1=16.213390350341797, tta_acc1=28.84937286376953
2025-06-12 15:53:43,889 - log - INFO - iter:4780/8100, Original Acc@1: 16.21, Acc@5: 57.85, TTA Acc@1: 28.85, Acc@5: 71.09
2025-06-12 15:54:34,619 - log - INFO - iter:4800/8100, clip_acc1=16.14583396911621, tta_acc1=28.729167938232422
2025-06-12 15:54:34,620 - log - INFO - iter:4800/8100, Original Acc@1: 16.15, Acc@5: 57.81, TTA Acc@1: 28.73, Acc@5: 71.02
2025-06-12 15:55:25,502 - log - INFO - iter:4820/8100, clip_acc1=16.244813919067383, tta_acc1=28.83817481994629
2025-06-12 15:55:25,502 - log - INFO - iter:4820/8100, Original Acc@1: 16.24, Acc@5: 57.95, TTA Acc@1: 28.84, Acc@5: 71.14
2025-06-12 15:56:16,010 - log - INFO - iter:4840/8100, clip_acc1=16.28099250793457, tta_acc1=28.904958724975586
2025-06-12 15:56:16,010 - log - INFO - iter:4840/8100, Original Acc@1: 16.28, Acc@5: 58.06, TTA Acc@1: 28.90, Acc@5: 71.26
2025-06-12 15:57:09,821 - log - INFO - iter:4860/8100, clip_acc1=16.275720596313477, tta_acc1=28.991769790649414
2025-06-12 15:57:09,822 - log - INFO - iter:4860/8100, Original Acc@1: 16.28, Acc@5: 58.15, TTA Acc@1: 28.99, Acc@5: 71.38
2025-06-12 15:58:00,455 - log - INFO - iter:4880/8100, clip_acc1=16.352458953857422, tta_acc1=29.180328369140625
2025-06-12 15:58:00,455 - log - INFO - iter:4880/8100, Original Acc@1: 16.35, Acc@5: 58.24, TTA Acc@1: 29.18, Acc@5: 71.50
2025-06-12 15:58:51,075 - log - INFO - iter:4900/8100, clip_acc1=16.367347717285156, tta_acc1=29.224489212036133
2025-06-12 15:58:51,076 - log - INFO - iter:4900/8100, Original Acc@1: 16.37, Acc@5: 58.41, TTA Acc@1: 29.22, Acc@5: 71.61
2025-06-12 15:59:41,735 - log - INFO - iter:4920/8100, clip_acc1=16.382112503051758, tta_acc1=29.369918823242188
2025-06-12 15:59:41,736 - log - INFO - iter:4920/8100, Original Acc@1: 16.38, Acc@5: 58.56, TTA Acc@1: 29.37, Acc@5: 71.73
2025-06-12 16:00:34,055 - log - INFO - iter:4940/8100, clip_acc1=16.396760940551758, tta_acc1=29.473684310913086
2025-06-12 16:00:34,055 - log - INFO - iter:4940/8100, Original Acc@1: 16.40, Acc@5: 58.66, TTA Acc@1: 29.47, Acc@5: 71.84
2025-06-12 16:01:24,427 - log - INFO - iter:4960/8100, clip_acc1=16.43145179748535, tta_acc1=29.61693572998047
2025-06-12 16:01:24,428 - log - INFO - iter:4960/8100, Original Acc@1: 16.43, Acc@5: 58.81, TTA Acc@1: 29.62, Acc@5: 71.96
2025-06-12 16:02:15,036 - log - INFO - iter:4980/8100, clip_acc1=16.465864181518555, tta_acc1=29.738956451416016
2025-06-12 16:02:15,037 - log - INFO - iter:4980/8100, Original Acc@1: 16.47, Acc@5: 58.86, TTA Acc@1: 29.74, Acc@5: 72.05
2025-06-12 16:03:05,510 - log - INFO - iter:5000/8100, clip_acc1=16.479999542236328, tta_acc1=29.81999969482422
2025-06-12 16:03:05,511 - log - INFO - iter:5000/8100, Original Acc@1: 16.48, Acc@5: 58.92, TTA Acc@1: 29.82, Acc@5: 72.14
2025-06-12 16:03:56,081 - log - INFO - iter:5020/8100, clip_acc1=16.45418357849121, tta_acc1=29.94023895263672
2025-06-12 16:03:56,082 - log - INFO - iter:5020/8100, Original Acc@1: 16.45, Acc@5: 59.06, TTA Acc@1: 29.94, Acc@5: 72.25
2025-06-12 16:04:46,986 - log - INFO - iter:5040/8100, clip_acc1=16.507936477661133, tta_acc1=30.099206924438477
2025-06-12 16:04:46,986 - log - INFO - iter:5040/8100, Original Acc@1: 16.51, Acc@5: 59.21, TTA Acc@1: 30.10, Acc@5: 72.36
2025-06-12 16:05:37,603 - log - INFO - iter:5060/8100, clip_acc1=16.482213973999023, tta_acc1=30.15810203552246
2025-06-12 16:05:37,603 - log - INFO - iter:5060/8100, Original Acc@1: 16.48, Acc@5: 59.33, TTA Acc@1: 30.16, Acc@5: 72.47
2025-06-12 16:06:28,209 - log - INFO - iter:5080/8100, clip_acc1=16.5157470703125, tta_acc1=30.275590896606445
2025-06-12 16:06:28,209 - log - INFO - iter:5080/8100, Original Acc@1: 16.52, Acc@5: 59.35, TTA Acc@1: 30.28, Acc@5: 72.58
2025-06-12 16:07:18,856 - log - INFO - iter:5100/8100, clip_acc1=16.52941131591797, tta_acc1=30.39215660095215
2025-06-12 16:07:18,856 - log - INFO - iter:5100/8100, Original Acc@1: 16.53, Acc@5: 59.43, TTA Acc@1: 30.39, Acc@5: 72.69
2025-06-12 16:08:09,699 - log - INFO - iter:5120/8100, clip_acc1=16.50390625, tta_acc1=30.5078125
2025-06-12 16:08:09,699 - log - INFO - iter:5120/8100, Original Acc@1: 16.50, Acc@5: 59.59, TTA Acc@1: 30.51, Acc@5: 72.79
2025-06-12 16:09:00,317 - log - INFO - iter:5140/8100, clip_acc1=16.459144592285156, tta_acc1=30.603113174438477
2025-06-12 16:09:00,317 - log - INFO - iter:5140/8100, Original Acc@1: 16.46, Acc@5: 59.67, TTA Acc@1: 30.60, Acc@5: 72.90
2025-06-12 16:09:51,827 - log - INFO - iter:5160/8100, clip_acc1=16.43410873413086, tta_acc1=30.620155334472656
2025-06-12 16:09:51,827 - log - INFO - iter:5160/8100, Original Acc@1: 16.43, Acc@5: 59.75, TTA Acc@1: 30.62, Acc@5: 73.00
2025-06-12 16:10:42,380 - log - INFO - iter:5180/8100, clip_acc1=16.428571701049805, tta_acc1=30.75289535522461
2025-06-12 16:10:42,380 - log - INFO - iter:5180/8100, Original Acc@1: 16.43, Acc@5: 59.86, TTA Acc@1: 30.75, Acc@5: 73.11
2025-06-12 16:11:33,002 - log - INFO - iter:5200/8100, clip_acc1=16.461538314819336, tta_acc1=30.846153259277344
2025-06-12 16:11:33,002 - log - INFO - iter:5200/8100, Original Acc@1: 16.46, Acc@5: 59.98, TTA Acc@1: 30.85, Acc@5: 73.19
2025-06-12 16:12:23,655 - log - INFO - iter:5220/8100, clip_acc1=16.436782836914062, tta_acc1=30.919540405273438
2025-06-12 16:12:23,655 - log - INFO - iter:5220/8100, Original Acc@1: 16.44, Acc@5: 60.08, TTA Acc@1: 30.92, Acc@5: 73.30
2025-06-12 16:13:14,321 - log - INFO - iter:5240/8100, clip_acc1=16.450382232666016, tta_acc1=31.030534744262695
2025-06-12 16:13:14,321 - log - INFO - iter:5240/8100, Original Acc@1: 16.45, Acc@5: 60.23, TTA Acc@1: 31.03, Acc@5: 73.40
2025-06-12 16:14:04,929 - log - INFO - iter:5260/8100, clip_acc1=16.501901626586914, tta_acc1=31.1026611328125
2025-06-12 16:14:04,930 - log - INFO - iter:5260/8100, Original Acc@1: 16.50, Acc@5: 60.32, TTA Acc@1: 31.10, Acc@5: 73.50
2025-06-12 16:14:55,425 - log - INFO - iter:5280/8100, clip_acc1=16.477272033691406, tta_acc1=31.268938064575195
2025-06-12 16:14:55,425 - log - INFO - iter:5280/8100, Original Acc@1: 16.48, Acc@5: 60.40, TTA Acc@1: 31.27, Acc@5: 73.60
2025-06-12 16:15:45,862 - log - INFO - iter:5300/8100, clip_acc1=16.50943374633789, tta_acc1=31.358489990234375
2025-06-12 16:15:45,863 - log - INFO - iter:5300/8100, Original Acc@1: 16.51, Acc@5: 60.42, TTA Acc@1: 31.36, Acc@5: 73.70
2025-06-12 16:16:36,661 - log - INFO - iter:5320/8100, clip_acc1=16.560150146484375, tta_acc1=31.447368621826172
2025-06-12 16:16:36,661 - log - INFO - iter:5320/8100, Original Acc@1: 16.56, Acc@5: 60.51, TTA Acc@1: 31.45, Acc@5: 73.80
2025-06-12 16:17:27,196 - log - INFO - iter:5340/8100, clip_acc1=16.535581588745117, tta_acc1=31.535581588745117
2025-06-12 16:17:27,196 - log - INFO - iter:5340/8100, Original Acc@1: 16.54, Acc@5: 60.60, TTA Acc@1: 31.54, Acc@5: 73.90
2025-06-12 16:18:17,733 - log - INFO - iter:5360/8100, clip_acc1=16.62313461303711, tta_acc1=31.64179039001465
2025-06-12 16:18:17,733 - log - INFO - iter:5360/8100, Original Acc@1: 16.62, Acc@5: 60.71, TTA Acc@1: 31.64, Acc@5: 73.99
2025-06-12 16:19:08,351 - log - INFO - iter:5380/8100, clip_acc1=16.63568687438965, tta_acc1=31.710037231445312
2025-06-12 16:19:08,352 - log - INFO - iter:5380/8100, Original Acc@1: 16.64, Acc@5: 60.84, TTA Acc@1: 31.71, Acc@5: 74.07
2025-06-12 16:19:58,952 - log - INFO - iter:5400/8100, clip_acc1=16.574073791503906, tta_acc1=31.814815521240234
2025-06-12 16:19:58,952 - log - INFO - iter:5400/8100, Original Acc@1: 16.57, Acc@5: 60.98, TTA Acc@1: 31.81, Acc@5: 74.17
2025-06-12 16:20:49,345 - log - INFO - iter:5420/8100, clip_acc1=16.605165481567383, tta_acc1=31.955718994140625
2025-06-12 16:20:49,345 - log - INFO - iter:5420/8100, Original Acc@1: 16.61, Acc@5: 61.11, TTA Acc@1: 31.96, Acc@5: 74.26
2025-06-12 16:21:39,713 - log - INFO - iter:5440/8100, clip_acc1=16.636030197143555, tta_acc1=31.9669132232666
2025-06-12 16:21:39,713 - log - INFO - iter:5440/8100, Original Acc@1: 16.64, Acc@5: 61.23, TTA Acc@1: 31.97, Acc@5: 74.36
2025-06-12 16:22:30,384 - log - INFO - iter:5460/8100, clip_acc1=16.593406677246094, tta_acc1=31.959707260131836
2025-06-12 16:22:30,384 - log - INFO - iter:5460/8100, Original Acc@1: 16.59, Acc@5: 61.30, TTA Acc@1: 31.96, Acc@5: 74.45
2025-06-12 16:23:21,053 - log - INFO - iter:5480/8100, clip_acc1=16.642335891723633, tta_acc1=32.043792724609375
2025-06-12 16:23:21,054 - log - INFO - iter:5480/8100, Original Acc@1: 16.64, Acc@5: 61.42, TTA Acc@1: 32.04, Acc@5: 74.54
2025-06-12 16:24:11,437 - log - INFO - iter:5500/8100, clip_acc1=16.690908432006836, tta_acc1=32.14545440673828
2025-06-12 16:24:11,437 - log - INFO - iter:5500/8100, Original Acc@1: 16.69, Acc@5: 61.53, TTA Acc@1: 32.15, Acc@5: 74.64
2025-06-12 16:25:01,899 - log - INFO - iter:5520/8100, clip_acc1=16.811594009399414, tta_acc1=32.26449203491211
2025-06-12 16:25:01,899 - log - INFO - iter:5520/8100, Original Acc@1: 16.81, Acc@5: 61.61, TTA Acc@1: 32.26, Acc@5: 74.73
2025-06-12 16:25:52,431 - log - INFO - iter:5540/8100, clip_acc1=16.823104858398438, tta_acc1=32.328521728515625
2025-06-12 16:25:52,431 - log - INFO - iter:5540/8100, Original Acc@1: 16.82, Acc@5: 61.70, TTA Acc@1: 32.33, Acc@5: 74.82
2025-06-12 16:26:43,008 - log - INFO - iter:5560/8100, clip_acc1=16.87050437927246, tta_acc1=32.410072326660156
2025-06-12 16:26:43,009 - log - INFO - iter:5560/8100, Original Acc@1: 16.87, Acc@5: 61.74, TTA Acc@1: 32.41, Acc@5: 74.86
2025-06-12 16:27:33,641 - log - INFO - iter:5580/8100, clip_acc1=16.989246368408203, tta_acc1=32.52688217163086
2025-06-12 16:27:33,641 - log - INFO - iter:5580/8100, Original Acc@1: 16.99, Acc@5: 61.74, TTA Acc@1: 32.53, Acc@5: 74.91
2025-06-12 16:28:24,160 - log - INFO - iter:5600/8100, clip_acc1=17.089284896850586, tta_acc1=32.66071319580078
2025-06-12 16:28:24,160 - log - INFO - iter:5600/8100, Original Acc@1: 17.09, Acc@5: 61.71, TTA Acc@1: 32.66, Acc@5: 74.95
2025-06-12 16:29:14,779 - log - INFO - iter:5620/8100, clip_acc1=17.224199295043945, tta_acc1=32.8113899230957
2025-06-12 16:29:14,779 - log - INFO - iter:5620/8100, Original Acc@1: 17.22, Acc@5: 61.74, TTA Acc@1: 32.81, Acc@5: 74.98
2025-06-12 16:30:05,400 - log - INFO - iter:5640/8100, clip_acc1=17.375886917114258, tta_acc1=32.92552947998047
2025-06-12 16:30:05,400 - log - INFO - iter:5640/8100, Original Acc@1: 17.38, Acc@5: 61.76, TTA Acc@1: 32.93, Acc@5: 74.96
2025-06-12 16:30:55,967 - log - INFO - iter:5660/8100, clip_acc1=17.491165161132812, tta_acc1=33.03886795043945
2025-06-12 16:30:55,967 - log - INFO - iter:5660/8100, Original Acc@1: 17.49, Acc@5: 61.73, TTA Acc@1: 33.04, Acc@5: 74.95
2025-06-12 16:31:46,638 - log - INFO - iter:5680/8100, clip_acc1=17.55281639099121, tta_acc1=33.09859085083008
2025-06-12 16:31:46,638 - log - INFO - iter:5680/8100, Original Acc@1: 17.55, Acc@5: 61.64, TTA Acc@1: 33.10, Acc@5: 74.89
2025-06-12 16:32:37,250 - log - INFO - iter:5700/8100, clip_acc1=17.649124145507812, tta_acc1=33.19298553466797
2025-06-12 16:32:37,250 - log - INFO - iter:5700/8100, Original Acc@1: 17.65, Acc@5: 61.65, TTA Acc@1: 33.19, Acc@5: 74.91
2025-06-12 16:33:27,887 - log - INFO - iter:5720/8100, clip_acc1=17.69230842590332, tta_acc1=33.304195404052734
2025-06-12 16:33:27,887 - log - INFO - iter:5720/8100, Original Acc@1: 17.69, Acc@5: 61.57, TTA Acc@1: 33.30, Acc@5: 74.93
2025-06-12 16:34:18,552 - log - INFO - iter:5740/8100, clip_acc1=17.787456512451172, tta_acc1=33.414634704589844
2025-06-12 16:34:18,552 - log - INFO - iter:5740/8100, Original Acc@1: 17.79, Acc@5: 61.55, TTA Acc@1: 33.41, Acc@5: 74.91
2025-06-12 16:35:09,178 - log - INFO - iter:5760/8100, clip_acc1=17.93402862548828, tta_acc1=33.54166793823242
2025-06-12 16:35:09,179 - log - INFO - iter:5760/8100, Original Acc@1: 17.93, Acc@5: 61.56, TTA Acc@1: 33.54, Acc@5: 74.91
2025-06-12 16:35:59,695 - log - INFO - iter:5780/8100, clip_acc1=18.096885681152344, tta_acc1=33.61591720581055
2025-06-12 16:35:59,695 - log - INFO - iter:5780/8100, Original Acc@1: 18.10, Acc@5: 61.59, TTA Acc@1: 33.62, Acc@5: 74.90
2025-06-12 16:36:50,241 - log - INFO - iter:5800/8100, clip_acc1=18.224138259887695, tta_acc1=33.72414016723633
2025-06-12 16:36:50,242 - log - INFO - iter:5800/8100, Original Acc@1: 18.22, Acc@5: 61.62, TTA Acc@1: 33.72, Acc@5: 74.95
2025-06-12 16:37:40,885 - log - INFO - iter:5820/8100, clip_acc1=18.402061462402344, tta_acc1=33.8659782409668
2025-06-12 16:37:40,886 - log - INFO - iter:5820/8100, Original Acc@1: 18.40, Acc@5: 61.67, TTA Acc@1: 33.87, Acc@5: 74.98
2025-06-12 16:38:31,557 - log - INFO - iter:5840/8100, clip_acc1=18.52739715576172, tta_acc1=33.921234130859375
2025-06-12 16:38:31,557 - log - INFO - iter:5840/8100, Original Acc@1: 18.53, Acc@5: 61.68, TTA Acc@1: 33.92, Acc@5: 75.00
