2025-06-06 01:49:55,827 - log - INFO - ==========================================
data:/leonardo_work/EUHPC_R04_192/fmohamma/Adversarial_Robust_Clip/atpt_data/downstream_datasets
test_sets:Pets
dataset_mode:test
arch:delta_clip_l14_224
resolution:224
workers:4
no_pin_memory:False
batch_size:64
print_freq:20
gpu:0
no_cudnn_benchmark:False
n_ctx:4
ctx_init:a_photo_of_a
tpt_loss:rtpt
seed:0
output_dir:/leonardo_work/EUHPC_R04_192/fmohamma/Adversarial_Robust_Clip/atpt_data/delta_clip_l14_224/Pets
log_output_dir:/leonardo_work/EUHPC_R04_192/fmohamma/Adversarial_Robust_Clip/ATPT/Final_Results/delta_clip_l14_224/Pets
eps:0.0
alpha:0.0
alpha_eps_ratio:4.0
steps:0
lr:0.005
selection_p:0.1
tta_steps:0
ensemble_type:none
top_k:20
softmax_temp:0.01
counter_attack:True
counter_attack_type:pgd
counter_attack_steps:0
counter_attack_eps:4.0
counter_attack_alpha:1.0
counter_attack_tau_thres:0.2
counter_attack_beta:2.0
counter_attack_weighted_perturbations:True
pgd_clip_pure_i_text_embeddings:null
pgd_counter_and_clipure_i_lamda:1.0
selected_id_name:selected_topk.json
weighted_score_name:weighted_scores.json
batch_entropy_name:entropies.json
log_dir:/leonardo_work/EUHPC_R04_192/fmohamma/Adversarial_Robust_Clip/ATPT/Final_Results/delta_clip_l14_224/Pets/Clean/Counter_Attack/Eps_4_0_Steps_0_Alpha_1_0/tau_0_2_beta_2_0_weighted_pertrubation_True/No_TPT/Inference_Ensemble_none

2025-06-06 01:49:55,828 - log - INFO - Use GPU: 0 for training
2025-06-06 01:52:04,416 - log - INFO - Freezing all parameters except prompt learner
2025-06-06 01:52:04,418 - log - INFO - => Model created: visual backbone delta_clip_l14_224
2025-06-06 01:52:04,438 - log - INFO - Number of test samples: 3669
2025-06-06 01:52:04,438 - log - INFO - Evaluating dataset: Pets
2025-06-06 01:52:04,439 - log - INFO - Starting evaluation with batch size: 64, selection percentage: 0.1
2025-06-06 01:52:04,439 - log - INFO - Test-time adaptation steps: 0, learning rate: 0.005
2025-06-06 01:52:04,439 - log - INFO - Using counter-attack with epsilon: 4.000000, alpha: 0.000000, steps: 0, tau_thres: 0.2, beta: 2.0, weighted perturbation: True
2025-06-06 01:52:58,132 - log - INFO - iter:20/3669, clip_acc1=50.0, tta_acc1=50.0
2025-06-06 01:52:58,133 - log - INFO - iter:20/3669, Original Acc@1: 50.00, Acc@5: 90.00, TTA Acc@1: 50.00, Acc@5: 90.00
2025-06-06 01:53:32,590 - log - INFO - iter:40/3669, clip_acc1=47.5, tta_acc1=47.5
2025-06-06 01:53:32,591 - log - INFO - iter:40/3669, Original Acc@1: 47.50, Acc@5: 95.00, TTA Acc@1: 47.50, Acc@5: 95.00
2025-06-06 01:54:06,458 - log - INFO - iter:60/3669, clip_acc1=53.333335876464844, tta_acc1=53.333335876464844
2025-06-06 01:54:06,458 - log - INFO - iter:60/3669, Original Acc@1: 53.33, Acc@5: 96.67, TTA Acc@1: 53.33, Acc@5: 96.67
2025-06-06 01:54:40,536 - log - INFO - iter:80/3669, clip_acc1=53.75, tta_acc1=53.75
2025-06-06 01:54:40,537 - log - INFO - iter:80/3669, Original Acc@1: 53.75, Acc@5: 97.50, TTA Acc@1: 53.75, Acc@5: 97.50
2025-06-06 01:55:14,345 - log - INFO - iter:100/3669, clip_acc1=55.0, tta_acc1=55.0
2025-06-06 01:55:14,345 - log - INFO - iter:100/3669, Original Acc@1: 55.00, Acc@5: 98.00, TTA Acc@1: 55.00, Acc@5: 98.00
2025-06-06 01:55:48,175 - log - INFO - iter:120/3669, clip_acc1=60.833335876464844, tta_acc1=60.833335876464844
2025-06-06 01:55:48,175 - log - INFO - iter:120/3669, Original Acc@1: 60.83, Acc@5: 98.33, TTA Acc@1: 60.83, Acc@5: 98.33
2025-06-06 01:56:21,997 - log - INFO - iter:140/3669, clip_acc1=63.57143020629883, tta_acc1=63.57143020629883
2025-06-06 01:56:21,997 - log - INFO - iter:140/3669, Original Acc@1: 63.57, Acc@5: 98.57, TTA Acc@1: 63.57, Acc@5: 98.57
2025-06-06 01:56:55,909 - log - INFO - iter:160/3669, clip_acc1=66.25, tta_acc1=66.25
2025-06-06 01:56:55,909 - log - INFO - iter:160/3669, Original Acc@1: 66.25, Acc@5: 98.75, TTA Acc@1: 66.25, Acc@5: 98.75
2025-06-06 01:57:29,695 - log - INFO - iter:180/3669, clip_acc1=68.33333587646484, tta_acc1=68.33333587646484
2025-06-06 01:57:29,695 - log - INFO - iter:180/3669, Original Acc@1: 68.33, Acc@5: 98.89, TTA Acc@1: 68.33, Acc@5: 98.89
2025-06-06 01:58:03,535 - log - INFO - iter:200/3669, clip_acc1=70.0, tta_acc1=70.0
2025-06-06 01:58:03,536 - log - INFO - iter:200/3669, Original Acc@1: 70.00, Acc@5: 98.50, TTA Acc@1: 70.00, Acc@5: 98.50
2025-06-06 01:58:37,254 - log - INFO - iter:220/3669, clip_acc1=72.2727279663086, tta_acc1=72.2727279663086
2025-06-06 01:58:37,255 - log - INFO - iter:220/3669, Original Acc@1: 72.27, Acc@5: 98.64, TTA Acc@1: 72.27, Acc@5: 98.64
2025-06-06 01:59:10,985 - log - INFO - iter:240/3669, clip_acc1=71.66667175292969, tta_acc1=71.66667175292969
2025-06-06 01:59:10,985 - log - INFO - iter:240/3669, Original Acc@1: 71.67, Acc@5: 98.75, TTA Acc@1: 71.67, Acc@5: 98.75
2025-06-06 01:59:44,679 - log - INFO - iter:260/3669, clip_acc1=71.53845977783203, tta_acc1=71.53845977783203
2025-06-06 01:59:44,680 - log - INFO - iter:260/3669, Original Acc@1: 71.54, Acc@5: 98.85, TTA Acc@1: 71.54, Acc@5: 98.85
2025-06-06 02:00:18,359 - log - INFO - iter:280/3669, clip_acc1=73.21428680419922, tta_acc1=73.21428680419922
2025-06-06 02:00:18,360 - log - INFO - iter:280/3669, Original Acc@1: 73.21, Acc@5: 98.93, TTA Acc@1: 73.21, Acc@5: 98.93
2025-06-06 02:00:52,108 - log - INFO - iter:300/3669, clip_acc1=73.33333587646484, tta_acc1=73.33333587646484
2025-06-06 02:00:52,108 - log - INFO - iter:300/3669, Original Acc@1: 73.33, Acc@5: 99.00, TTA Acc@1: 73.33, Acc@5: 99.00
2025-06-06 02:01:25,879 - log - INFO - iter:320/3669, clip_acc1=73.75, tta_acc1=73.75
2025-06-06 02:01:25,879 - log - INFO - iter:320/3669, Original Acc@1: 73.75, Acc@5: 99.06, TTA Acc@1: 73.75, Acc@5: 99.06
2025-06-06 02:01:59,672 - log - INFO - iter:340/3669, clip_acc1=75.0, tta_acc1=75.0
2025-06-06 02:01:59,672 - log - INFO - iter:340/3669, Original Acc@1: 75.00, Acc@5: 99.12, TTA Acc@1: 75.00, Acc@5: 99.12
2025-06-06 02:02:33,469 - log - INFO - iter:360/3669, clip_acc1=75.83333587646484, tta_acc1=75.83333587646484
2025-06-06 02:02:33,470 - log - INFO - iter:360/3669, Original Acc@1: 75.83, Acc@5: 99.17, TTA Acc@1: 75.83, Acc@5: 99.17
2025-06-06 02:03:07,214 - log - INFO - iter:380/3669, clip_acc1=76.84210968017578, tta_acc1=76.84210968017578
2025-06-06 02:03:07,214 - log - INFO - iter:380/3669, Original Acc@1: 76.84, Acc@5: 99.21, TTA Acc@1: 76.84, Acc@5: 99.21
2025-06-06 02:03:40,924 - log - INFO - iter:400/3669, clip_acc1=78.0, tta_acc1=78.0
2025-06-06 02:03:40,925 - log - INFO - iter:400/3669, Original Acc@1: 78.00, Acc@5: 99.25, TTA Acc@1: 78.00, Acc@5: 99.25
2025-06-06 02:04:14,576 - log - INFO - iter:420/3669, clip_acc1=78.5714340209961, tta_acc1=78.5714340209961
2025-06-06 02:04:14,576 - log - INFO - iter:420/3669, Original Acc@1: 78.57, Acc@5: 99.05, TTA Acc@1: 78.57, Acc@5: 99.05
2025-06-06 02:04:48,383 - log - INFO - iter:440/3669, clip_acc1=79.54544830322266, tta_acc1=79.54544830322266
2025-06-06 02:04:48,383 - log - INFO - iter:440/3669, Original Acc@1: 79.55, Acc@5: 99.09, TTA Acc@1: 79.55, Acc@5: 99.09
2025-06-06 02:05:21,968 - log - INFO - iter:460/3669, clip_acc1=80.43477630615234, tta_acc1=80.43477630615234
2025-06-06 02:05:21,968 - log - INFO - iter:460/3669, Original Acc@1: 80.43, Acc@5: 99.13, TTA Acc@1: 80.43, Acc@5: 99.13
2025-06-06 02:05:55,715 - log - INFO - iter:480/3669, clip_acc1=81.25000762939453, tta_acc1=81.25000762939453
2025-06-06 02:05:55,716 - log - INFO - iter:480/3669, Original Acc@1: 81.25, Acc@5: 99.17, TTA Acc@1: 81.25, Acc@5: 99.17
2025-06-06 02:06:29,457 - log - INFO - iter:500/3669, clip_acc1=82.00000762939453, tta_acc1=82.00000762939453
2025-06-06 02:06:29,457 - log - INFO - iter:500/3669, Original Acc@1: 82.00, Acc@5: 99.20, TTA Acc@1: 82.00, Acc@5: 99.20
2025-06-06 02:07:03,255 - log - INFO - iter:520/3669, clip_acc1=82.30769348144531, tta_acc1=82.30769348144531
2025-06-06 02:07:03,255 - log - INFO - iter:520/3669, Original Acc@1: 82.31, Acc@5: 99.23, TTA Acc@1: 82.31, Acc@5: 99.23
2025-06-06 02:07:37,079 - log - INFO - iter:540/3669, clip_acc1=81.85185241699219, tta_acc1=81.85185241699219
2025-06-06 02:07:37,079 - log - INFO - iter:540/3669, Original Acc@1: 81.85, Acc@5: 99.26, TTA Acc@1: 81.85, Acc@5: 99.26
2025-06-06 02:08:10,738 - log - INFO - iter:560/3669, clip_acc1=81.78571319580078, tta_acc1=81.78571319580078
2025-06-06 02:08:10,739 - log - INFO - iter:560/3669, Original Acc@1: 81.79, Acc@5: 99.29, TTA Acc@1: 81.79, Acc@5: 99.29
2025-06-06 02:08:44,576 - log - INFO - iter:580/3669, clip_acc1=80.86206817626953, tta_acc1=80.86206817626953
2025-06-06 02:08:44,576 - log - INFO - iter:580/3669, Original Acc@1: 80.86, Acc@5: 99.31, TTA Acc@1: 80.86, Acc@5: 99.31
2025-06-06 02:09:18,307 - log - INFO - iter:600/3669, clip_acc1=80.83333587646484, tta_acc1=80.83333587646484
2025-06-06 02:09:18,307 - log - INFO - iter:600/3669, Original Acc@1: 80.83, Acc@5: 99.33, TTA Acc@1: 80.83, Acc@5: 99.33
2025-06-06 02:09:52,076 - log - INFO - iter:620/3669, clip_acc1=81.29032135009766, tta_acc1=81.29032135009766
2025-06-06 02:09:52,076 - log - INFO - iter:620/3669, Original Acc@1: 81.29, Acc@5: 99.35, TTA Acc@1: 81.29, Acc@5: 99.35
2025-06-06 02:10:26,009 - log - INFO - iter:640/3669, clip_acc1=81.09375, tta_acc1=81.09375
2025-06-06 02:10:26,010 - log - INFO - iter:640/3669, Original Acc@1: 81.09, Acc@5: 99.38, TTA Acc@1: 81.09, Acc@5: 99.38
2025-06-06 02:10:59,816 - log - INFO - iter:660/3669, clip_acc1=80.90908813476562, tta_acc1=80.90908813476562
2025-06-06 02:10:59,816 - log - INFO - iter:660/3669, Original Acc@1: 80.91, Acc@5: 99.39, TTA Acc@1: 80.91, Acc@5: 99.39
2025-06-06 02:11:33,402 - log - INFO - iter:680/3669, clip_acc1=81.47058868408203, tta_acc1=81.47058868408203
2025-06-06 02:11:33,402 - log - INFO - iter:680/3669, Original Acc@1: 81.47, Acc@5: 99.41, TTA Acc@1: 81.47, Acc@5: 99.41
2025-06-06 02:12:07,188 - log - INFO - iter:700/3669, clip_acc1=81.42857360839844, tta_acc1=81.42857360839844
2025-06-06 02:12:07,188 - log - INFO - iter:700/3669, Original Acc@1: 81.43, Acc@5: 99.14, TTA Acc@1: 81.43, Acc@5: 99.14
2025-06-06 02:12:40,983 - log - INFO - iter:720/3669, clip_acc1=79.16667175292969, tta_acc1=79.16667175292969
2025-06-06 02:12:40,983 - log - INFO - iter:720/3669, Original Acc@1: 79.17, Acc@5: 96.39, TTA Acc@1: 79.17, Acc@5: 96.39
2025-06-06 02:13:14,764 - log - INFO - iter:740/3669, clip_acc1=77.02703094482422, tta_acc1=77.02703094482422
2025-06-06 02:13:14,764 - log - INFO - iter:740/3669, Original Acc@1: 77.03, Acc@5: 93.78, TTA Acc@1: 77.03, Acc@5: 93.78
2025-06-06 02:13:48,582 - log - INFO - iter:760/3669, clip_acc1=75.0, tta_acc1=75.0
2025-06-06 02:13:48,582 - log - INFO - iter:760/3669, Original Acc@1: 75.00, Acc@5: 91.32, TTA Acc@1: 75.00, Acc@5: 91.32
2025-06-06 02:14:22,227 - log - INFO - iter:780/3669, clip_acc1=73.0769271850586, tta_acc1=73.0769271850586
2025-06-06 02:14:22,227 - log - INFO - iter:780/3669, Original Acc@1: 73.08, Acc@5: 88.97, TTA Acc@1: 73.08, Acc@5: 88.97
2025-06-06 02:14:56,001 - log - INFO - iter:800/3669, clip_acc1=72.625, tta_acc1=72.625
2025-06-06 02:14:56,001 - log - INFO - iter:800/3669, Original Acc@1: 72.62, Acc@5: 88.38, TTA Acc@1: 72.62, Acc@5: 88.38
2025-06-06 02:15:29,770 - log - INFO - iter:820/3669, clip_acc1=72.92682647705078, tta_acc1=72.92682647705078
2025-06-06 02:15:29,770 - log - INFO - iter:820/3669, Original Acc@1: 72.93, Acc@5: 88.66, TTA Acc@1: 72.93, Acc@5: 88.66
2025-06-06 02:16:03,638 - log - INFO - iter:840/3669, clip_acc1=73.45238494873047, tta_acc1=73.45238494873047
2025-06-06 02:16:03,638 - log - INFO - iter:840/3669, Original Acc@1: 73.45, Acc@5: 88.93, TTA Acc@1: 73.45, Acc@5: 88.93
2025-06-06 02:16:37,355 - log - INFO - iter:860/3669, clip_acc1=73.83721160888672, tta_acc1=73.83721160888672
2025-06-06 02:16:37,356 - log - INFO - iter:860/3669, Original Acc@1: 73.84, Acc@5: 89.19, TTA Acc@1: 73.84, Acc@5: 89.19
2025-06-06 02:17:11,151 - log - INFO - iter:880/3669, clip_acc1=74.31817626953125, tta_acc1=74.31817626953125
2025-06-06 02:17:11,152 - log - INFO - iter:880/3669, Original Acc@1: 74.32, Acc@5: 89.43, TTA Acc@1: 74.32, Acc@5: 89.43
2025-06-06 02:17:44,888 - log - INFO - iter:900/3669, clip_acc1=74.55555725097656, tta_acc1=74.55555725097656
2025-06-06 02:17:44,888 - log - INFO - iter:900/3669, Original Acc@1: 74.56, Acc@5: 89.67, TTA Acc@1: 74.56, Acc@5: 89.67
2025-06-06 02:18:18,794 - log - INFO - iter:920/3669, clip_acc1=75.10869598388672, tta_acc1=75.10869598388672
2025-06-06 02:18:18,795 - log - INFO - iter:920/3669, Original Acc@1: 75.11, Acc@5: 89.89, TTA Acc@1: 75.11, Acc@5: 89.89
2025-06-06 02:18:52,569 - log - INFO - iter:940/3669, clip_acc1=75.53191375732422, tta_acc1=75.53191375732422
2025-06-06 02:18:52,569 - log - INFO - iter:940/3669, Original Acc@1: 75.53, Acc@5: 90.11, TTA Acc@1: 75.53, Acc@5: 90.11
2025-06-06 02:19:26,293 - log - INFO - iter:960/3669, clip_acc1=75.93750762939453, tta_acc1=75.93750762939453
2025-06-06 02:19:26,293 - log - INFO - iter:960/3669, Original Acc@1: 75.94, Acc@5: 90.31, TTA Acc@1: 75.94, Acc@5: 90.31
2025-06-06 02:19:59,930 - log - INFO - iter:980/3669, clip_acc1=76.12244415283203, tta_acc1=76.12244415283203
2025-06-06 02:19:59,930 - log - INFO - iter:980/3669, Original Acc@1: 76.12, Acc@5: 90.51, TTA Acc@1: 76.12, Acc@5: 90.51
2025-06-06 02:20:33,706 - log - INFO - iter:1000/3669, clip_acc1=76.5, tta_acc1=76.5
2025-06-06 02:20:33,706 - log - INFO - iter:1000/3669, Original Acc@1: 76.50, Acc@5: 90.70, TTA Acc@1: 76.50, Acc@5: 90.70
2025-06-06 02:21:07,422 - log - INFO - iter:1020/3669, clip_acc1=76.66667175292969, tta_acc1=76.66667175292969
2025-06-06 02:21:07,422 - log - INFO - iter:1020/3669, Original Acc@1: 76.67, Acc@5: 90.88, TTA Acc@1: 76.67, Acc@5: 90.88
2025-06-06 02:21:41,225 - log - INFO - iter:1040/3669, clip_acc1=76.92308044433594, tta_acc1=76.92308044433594
2025-06-06 02:21:41,226 - log - INFO - iter:1040/3669, Original Acc@1: 76.92, Acc@5: 91.06, TTA Acc@1: 76.92, Acc@5: 91.06
2025-06-06 02:22:15,070 - log - INFO - iter:1060/3669, clip_acc1=77.35848999023438, tta_acc1=77.35848999023438
2025-06-06 02:22:15,070 - log - INFO - iter:1060/3669, Original Acc@1: 77.36, Acc@5: 91.23, TTA Acc@1: 77.36, Acc@5: 91.23
2025-06-06 02:22:48,917 - log - INFO - iter:1080/3669, clip_acc1=77.5, tta_acc1=77.5
2025-06-06 02:22:48,917 - log - INFO - iter:1080/3669, Original Acc@1: 77.50, Acc@5: 91.39, TTA Acc@1: 77.50, Acc@5: 91.39
2025-06-06 02:23:22,757 - log - INFO - iter:1100/3669, clip_acc1=77.2727279663086, tta_acc1=77.2727279663086
2025-06-06 02:23:22,758 - log - INFO - iter:1100/3669, Original Acc@1: 77.27, Acc@5: 91.45, TTA Acc@1: 77.27, Acc@5: 91.45
2025-06-06 02:23:56,471 - log - INFO - iter:1120/3669, clip_acc1=77.23213958740234, tta_acc1=77.23213958740234
2025-06-06 02:23:56,472 - log - INFO - iter:1120/3669, Original Acc@1: 77.23, Acc@5: 91.61, TTA Acc@1: 77.23, Acc@5: 91.61
2025-06-06 02:24:30,328 - log - INFO - iter:1140/3669, clip_acc1=77.10526275634766, tta_acc1=77.10526275634766
2025-06-06 02:24:30,328 - log - INFO - iter:1140/3669, Original Acc@1: 77.11, Acc@5: 91.75, TTA Acc@1: 77.11, Acc@5: 91.75
2025-06-06 02:25:04,091 - log - INFO - iter:1160/3669, clip_acc1=77.1551742553711, tta_acc1=77.1551742553711
2025-06-06 02:25:04,091 - log - INFO - iter:1160/3669, Original Acc@1: 77.16, Acc@5: 91.81, TTA Acc@1: 77.16, Acc@5: 91.81
2025-06-06 02:25:37,810 - log - INFO - iter:1180/3669, clip_acc1=77.2033920288086, tta_acc1=77.2033920288086
2025-06-06 02:25:37,810 - log - INFO - iter:1180/3669, Original Acc@1: 77.20, Acc@5: 91.95, TTA Acc@1: 77.20, Acc@5: 91.95
2025-06-06 02:26:11,599 - log - INFO - iter:1200/3669, clip_acc1=77.41667175292969, tta_acc1=77.41667175292969
2025-06-06 02:26:11,599 - log - INFO - iter:1200/3669, Original Acc@1: 77.42, Acc@5: 92.08, TTA Acc@1: 77.42, Acc@5: 92.08
2025-06-06 02:26:45,340 - log - INFO - iter:1220/3669, clip_acc1=77.54098510742188, tta_acc1=77.54098510742188
2025-06-06 02:26:45,340 - log - INFO - iter:1220/3669, Original Acc@1: 77.54, Acc@5: 92.21, TTA Acc@1: 77.54, Acc@5: 92.21
2025-06-06 02:27:19,164 - log - INFO - iter:1240/3669, clip_acc1=77.58064270019531, tta_acc1=77.58064270019531
2025-06-06 02:27:19,164 - log - INFO - iter:1240/3669, Original Acc@1: 77.58, Acc@5: 92.34, TTA Acc@1: 77.58, Acc@5: 92.34
2025-06-06 02:27:53,004 - log - INFO - iter:1260/3669, clip_acc1=77.85714721679688, tta_acc1=77.85714721679688
2025-06-06 02:27:53,005 - log - INFO - iter:1260/3669, Original Acc@1: 77.86, Acc@5: 92.46, TTA Acc@1: 77.86, Acc@5: 92.46
2025-06-06 02:28:26,819 - log - INFO - iter:1280/3669, clip_acc1=78.203125, tta_acc1=78.203125
2025-06-06 02:28:26,819 - log - INFO - iter:1280/3669, Original Acc@1: 78.20, Acc@5: 92.58, TTA Acc@1: 78.20, Acc@5: 92.58
2025-06-06 02:29:00,725 - log - INFO - iter:1300/3669, clip_acc1=78.15384674072266, tta_acc1=78.15384674072266
2025-06-06 02:29:00,725 - log - INFO - iter:1300/3669, Original Acc@1: 78.15, Acc@5: 92.69, TTA Acc@1: 78.15, Acc@5: 92.69
2025-06-06 02:29:34,521 - log - INFO - iter:1320/3669, clip_acc1=78.33332824707031, tta_acc1=78.33332824707031
2025-06-06 02:29:34,521 - log - INFO - iter:1320/3669, Original Acc@1: 78.33, Acc@5: 92.80, TTA Acc@1: 78.33, Acc@5: 92.80
2025-06-06 02:30:08,307 - log - INFO - iter:1340/3669, clip_acc1=78.58209228515625, tta_acc1=78.58209228515625
2025-06-06 02:30:08,307 - log - INFO - iter:1340/3669, Original Acc@1: 78.58, Acc@5: 92.91, TTA Acc@1: 78.58, Acc@5: 92.91
2025-06-06 02:30:42,139 - log - INFO - iter:1360/3669, clip_acc1=78.82353210449219, tta_acc1=78.82353210449219
2025-06-06 02:30:42,139 - log - INFO - iter:1360/3669, Original Acc@1: 78.82, Acc@5: 93.01, TTA Acc@1: 78.82, Acc@5: 93.01
2025-06-06 02:31:15,794 - log - INFO - iter:1380/3669, clip_acc1=78.98551177978516, tta_acc1=78.98551177978516
2025-06-06 02:31:15,794 - log - INFO - iter:1380/3669, Original Acc@1: 78.99, Acc@5: 93.12, TTA Acc@1: 78.99, Acc@5: 93.12
2025-06-06 02:31:49,641 - log - INFO - iter:1400/3669, clip_acc1=79.07142639160156, tta_acc1=79.07142639160156
2025-06-06 02:31:49,641 - log - INFO - iter:1400/3669, Original Acc@1: 79.07, Acc@5: 93.21, TTA Acc@1: 79.07, Acc@5: 93.21
2025-06-06 02:32:23,428 - log - INFO - iter:1420/3669, clip_acc1=79.22534942626953, tta_acc1=79.22534942626953
2025-06-06 02:32:23,428 - log - INFO - iter:1420/3669, Original Acc@1: 79.23, Acc@5: 93.31, TTA Acc@1: 79.23, Acc@5: 93.31
2025-06-06 02:32:57,161 - log - INFO - iter:1440/3669, clip_acc1=79.5138931274414, tta_acc1=79.5138931274414
2025-06-06 02:32:57,161 - log - INFO - iter:1440/3669, Original Acc@1: 79.51, Acc@5: 93.40, TTA Acc@1: 79.51, Acc@5: 93.40
2025-06-06 02:33:30,828 - log - INFO - iter:1460/3669, clip_acc1=79.79452514648438, tta_acc1=79.79452514648438
2025-06-06 02:33:30,829 - log - INFO - iter:1460/3669, Original Acc@1: 79.79, Acc@5: 93.49, TTA Acc@1: 79.79, Acc@5: 93.49
2025-06-06 02:34:04,485 - log - INFO - iter:1480/3669, clip_acc1=80.06756591796875, tta_acc1=80.06756591796875
2025-06-06 02:34:04,486 - log - INFO - iter:1480/3669, Original Acc@1: 80.07, Acc@5: 93.58, TTA Acc@1: 80.07, Acc@5: 93.58
2025-06-06 02:34:38,388 - log - INFO - iter:1500/3669, clip_acc1=80.19999694824219, tta_acc1=80.19999694824219
2025-06-06 02:34:38,388 - log - INFO - iter:1500/3669, Original Acc@1: 80.20, Acc@5: 93.67, TTA Acc@1: 80.20, Acc@5: 93.67
2025-06-06 02:35:12,346 - log - INFO - iter:1520/3669, clip_acc1=80.32894897460938, tta_acc1=80.32894897460938
2025-06-06 02:35:12,346 - log - INFO - iter:1520/3669, Original Acc@1: 80.33, Acc@5: 93.75, TTA Acc@1: 80.33, Acc@5: 93.75
2025-06-06 02:35:46,119 - log - INFO - iter:1540/3669, clip_acc1=80.58441162109375, tta_acc1=80.58441162109375
2025-06-06 02:35:46,120 - log - INFO - iter:1540/3669, Original Acc@1: 80.58, Acc@5: 93.83, TTA Acc@1: 80.58, Acc@5: 93.83
2025-06-06 02:36:19,812 - log - INFO - iter:1560/3669, clip_acc1=80.83333587646484, tta_acc1=80.83333587646484
2025-06-06 02:36:19,812 - log - INFO - iter:1560/3669, Original Acc@1: 80.83, Acc@5: 93.91, TTA Acc@1: 80.83, Acc@5: 93.91
2025-06-06 02:36:53,598 - log - INFO - iter:1580/3669, clip_acc1=80.88607788085938, tta_acc1=80.88607788085938
2025-06-06 02:36:53,598 - log - INFO - iter:1580/3669, Original Acc@1: 80.89, Acc@5: 93.99, TTA Acc@1: 80.89, Acc@5: 93.99
2025-06-06 02:37:27,420 - log - INFO - iter:1600/3669, clip_acc1=80.6875, tta_acc1=80.6875
2025-06-06 02:37:27,420 - log - INFO - iter:1600/3669, Original Acc@1: 80.69, Acc@5: 94.00, TTA Acc@1: 80.69, Acc@5: 94.00
2025-06-06 02:38:01,239 - log - INFO - iter:1620/3669, clip_acc1=80.24691772460938, tta_acc1=80.24691772460938
2025-06-06 02:38:01,239 - log - INFO - iter:1620/3669, Original Acc@1: 80.25, Acc@5: 94.07, TTA Acc@1: 80.25, Acc@5: 94.07
2025-06-06 02:38:35,011 - log - INFO - iter:1640/3669, clip_acc1=79.93902587890625, tta_acc1=79.93902587890625
2025-06-06 02:38:35,011 - log - INFO - iter:1640/3669, Original Acc@1: 79.94, Acc@5: 94.15, TTA Acc@1: 79.94, Acc@5: 94.15
2025-06-06 02:39:08,681 - log - INFO - iter:1660/3669, clip_acc1=79.69879913330078, tta_acc1=79.69879913330078
2025-06-06 02:39:08,681 - log - INFO - iter:1660/3669, Original Acc@1: 79.70, Acc@5: 94.22, TTA Acc@1: 79.70, Acc@5: 94.22
2025-06-06 02:39:42,311 - log - INFO - iter:1680/3669, clip_acc1=79.46428680419922, tta_acc1=79.46428680419922
2025-06-06 02:39:42,311 - log - INFO - iter:1680/3669, Original Acc@1: 79.46, Acc@5: 94.29, TTA Acc@1: 79.46, Acc@5: 94.29
2025-06-06 02:40:16,105 - log - INFO - iter:1700/3669, clip_acc1=79.5882339477539, tta_acc1=79.5882339477539
2025-06-06 02:40:16,105 - log - INFO - iter:1700/3669, Original Acc@1: 79.59, Acc@5: 94.24, TTA Acc@1: 79.59, Acc@5: 94.24
2025-06-06 02:40:49,783 - log - INFO - iter:1720/3669, clip_acc1=79.8255844116211, tta_acc1=79.8255844116211
2025-06-06 02:40:49,783 - log - INFO - iter:1720/3669, Original Acc@1: 79.83, Acc@5: 94.30, TTA Acc@1: 79.83, Acc@5: 94.30
2025-06-06 02:41:23,528 - log - INFO - iter:1740/3669, clip_acc1=80.0574722290039, tta_acc1=80.0574722290039
2025-06-06 02:41:23,529 - log - INFO - iter:1740/3669, Original Acc@1: 80.06, Acc@5: 94.37, TTA Acc@1: 80.06, Acc@5: 94.37
2025-06-06 02:41:57,283 - log - INFO - iter:1760/3669, clip_acc1=80.2272720336914, tta_acc1=80.2272720336914
2025-06-06 02:41:57,283 - log - INFO - iter:1760/3669, Original Acc@1: 80.23, Acc@5: 94.38, TTA Acc@1: 80.23, Acc@5: 94.38
2025-06-06 02:42:31,029 - log - INFO - iter:1780/3669, clip_acc1=80.33708190917969, tta_acc1=80.33708190917969
2025-06-06 02:42:31,029 - log - INFO - iter:1780/3669, Original Acc@1: 80.34, Acc@5: 94.38, TTA Acc@1: 80.34, Acc@5: 94.38
2025-06-06 02:43:04,787 - log - INFO - iter:1800/3669, clip_acc1=80.5, tta_acc1=80.5
2025-06-06 02:43:04,787 - log - INFO - iter:1800/3669, Original Acc@1: 80.50, Acc@5: 94.44, TTA Acc@1: 80.50, Acc@5: 94.44
2025-06-06 02:43:38,625 - log - INFO - iter:1820/3669, clip_acc1=80.71428680419922, tta_acc1=80.71428680419922
2025-06-06 02:43:38,625 - log - INFO - iter:1820/3669, Original Acc@1: 80.71, Acc@5: 94.51, TTA Acc@1: 80.71, Acc@5: 94.51
2025-06-06 02:44:12,365 - log - INFO - iter:1840/3669, clip_acc1=80.92391204833984, tta_acc1=80.92391204833984
2025-06-06 02:44:12,366 - log - INFO - iter:1840/3669, Original Acc@1: 80.92, Acc@5: 94.57, TTA Acc@1: 80.92, Acc@5: 94.57
2025-06-06 02:44:46,013 - log - INFO - iter:1860/3669, clip_acc1=81.07527160644531, tta_acc1=81.07527160644531
2025-06-06 02:44:46,013 - log - INFO - iter:1860/3669, Original Acc@1: 81.08, Acc@5: 94.62, TTA Acc@1: 81.08, Acc@5: 94.62
2025-06-06 02:45:19,663 - log - INFO - iter:1880/3669, clip_acc1=81.27659606933594, tta_acc1=81.27659606933594
2025-06-06 02:45:19,663 - log - INFO - iter:1880/3669, Original Acc@1: 81.28, Acc@5: 94.68, TTA Acc@1: 81.28, Acc@5: 94.68
2025-06-06 02:45:53,393 - log - INFO - iter:1900/3669, clip_acc1=81.21052551269531, tta_acc1=81.21052551269531
2025-06-06 02:45:53,393 - log - INFO - iter:1900/3669, Original Acc@1: 81.21, Acc@5: 94.74, TTA Acc@1: 81.21, Acc@5: 94.74
2025-06-06 02:46:27,174 - log - INFO - iter:1920/3669, clip_acc1=81.35417175292969, tta_acc1=81.35417175292969
2025-06-06 02:46:27,174 - log - INFO - iter:1920/3669, Original Acc@1: 81.35, Acc@5: 94.74, TTA Acc@1: 81.35, Acc@5: 94.74
2025-06-06 02:47:01,069 - log - INFO - iter:1940/3669, clip_acc1=81.54639434814453, tta_acc1=81.54639434814453
2025-06-06 02:47:01,070 - log - INFO - iter:1940/3669, Original Acc@1: 81.55, Acc@5: 94.79, TTA Acc@1: 81.55, Acc@5: 94.79
2025-06-06 02:47:34,876 - log - INFO - iter:1960/3669, clip_acc1=81.73468780517578, tta_acc1=81.73468780517578
2025-06-06 02:47:34,876 - log - INFO - iter:1960/3669, Original Acc@1: 81.73, Acc@5: 94.85, TTA Acc@1: 81.73, Acc@5: 94.85
2025-06-06 02:48:08,636 - log - INFO - iter:1980/3669, clip_acc1=81.91919708251953, tta_acc1=81.91919708251953
2025-06-06 02:48:08,637 - log - INFO - iter:1980/3669, Original Acc@1: 81.92, Acc@5: 94.90, TTA Acc@1: 81.92, Acc@5: 94.90
2025-06-06 02:48:42,334 - log - INFO - iter:2000/3669, clip_acc1=81.9000015258789, tta_acc1=81.9000015258789
2025-06-06 02:48:42,334 - log - INFO - iter:2000/3669, Original Acc@1: 81.90, Acc@5: 94.95, TTA Acc@1: 81.90, Acc@5: 94.95
2025-06-06 02:49:16,110 - log - INFO - iter:2020/3669, clip_acc1=82.02970886230469, tta_acc1=82.02970886230469
2025-06-06 02:49:16,110 - log - INFO - iter:2020/3669, Original Acc@1: 82.03, Acc@5: 95.00, TTA Acc@1: 82.03, Acc@5: 95.00
2025-06-06 02:49:49,839 - log - INFO - iter:2040/3669, clip_acc1=82.15686798095703, tta_acc1=82.15686798095703
2025-06-06 02:49:49,840 - log - INFO - iter:2040/3669, Original Acc@1: 82.16, Acc@5: 95.05, TTA Acc@1: 82.16, Acc@5: 95.05
2025-06-06 02:50:23,540 - log - INFO - iter:2060/3669, clip_acc1=82.3301010131836, tta_acc1=82.3301010131836
2025-06-06 02:50:23,540 - log - INFO - iter:2060/3669, Original Acc@1: 82.33, Acc@5: 95.10, TTA Acc@1: 82.33, Acc@5: 95.10
2025-06-06 02:50:57,289 - log - INFO - iter:2080/3669, clip_acc1=82.40384674072266, tta_acc1=82.40384674072266
2025-06-06 02:50:57,289 - log - INFO - iter:2080/3669, Original Acc@1: 82.40, Acc@5: 95.14, TTA Acc@1: 82.40, Acc@5: 95.14
2025-06-06 02:51:31,034 - log - INFO - iter:2100/3669, clip_acc1=82.47618865966797, tta_acc1=82.47618865966797
2025-06-06 02:51:31,034 - log - INFO - iter:2100/3669, Original Acc@1: 82.48, Acc@5: 95.19, TTA Acc@1: 82.48, Acc@5: 95.19
2025-06-06 02:52:04,805 - log - INFO - iter:2120/3669, clip_acc1=82.54717254638672, tta_acc1=82.54717254638672
2025-06-06 02:52:04,805 - log - INFO - iter:2120/3669, Original Acc@1: 82.55, Acc@5: 95.24, TTA Acc@1: 82.55, Acc@5: 95.24
2025-06-06 02:52:38,723 - log - INFO - iter:2140/3669, clip_acc1=82.6635513305664, tta_acc1=82.6635513305664
2025-06-06 02:52:38,723 - log - INFO - iter:2140/3669, Original Acc@1: 82.66, Acc@5: 95.28, TTA Acc@1: 82.66, Acc@5: 95.28
2025-06-06 02:53:12,502 - log - INFO - iter:2160/3669, clip_acc1=82.8240737915039, tta_acc1=82.8240737915039
2025-06-06 02:53:12,503 - log - INFO - iter:2160/3669, Original Acc@1: 82.82, Acc@5: 95.32, TTA Acc@1: 82.82, Acc@5: 95.32
2025-06-06 02:53:46,237 - log - INFO - iter:2180/3669, clip_acc1=82.98165130615234, tta_acc1=82.98165130615234
2025-06-06 02:53:46,237 - log - INFO - iter:2180/3669, Original Acc@1: 82.98, Acc@5: 95.37, TTA Acc@1: 82.98, Acc@5: 95.37
2025-06-06 02:54:20,058 - log - INFO - iter:2200/3669, clip_acc1=83.09091186523438, tta_acc1=83.09091186523438
2025-06-06 02:54:20,058 - log - INFO - iter:2200/3669, Original Acc@1: 83.09, Acc@5: 95.41, TTA Acc@1: 83.09, Acc@5: 95.41
2025-06-06 02:54:53,951 - log - INFO - iter:2220/3669, clip_acc1=83.24324798583984, tta_acc1=83.24324798583984
2025-06-06 02:54:53,951 - log - INFO - iter:2220/3669, Original Acc@1: 83.24, Acc@5: 95.45, TTA Acc@1: 83.24, Acc@5: 95.45
2025-06-06 02:55:27,799 - log - INFO - iter:2240/3669, clip_acc1=83.34821319580078, tta_acc1=83.34821319580078
2025-06-06 02:55:27,800 - log - INFO - iter:2240/3669, Original Acc@1: 83.35, Acc@5: 95.49, TTA Acc@1: 83.35, Acc@5: 95.49
2025-06-06 02:56:01,724 - log - INFO - iter:2260/3669, clip_acc1=83.45132446289062, tta_acc1=83.45132446289062
2025-06-06 02:56:01,725 - log - INFO - iter:2260/3669, Original Acc@1: 83.45, Acc@5: 95.53, TTA Acc@1: 83.45, Acc@5: 95.53
2025-06-06 02:56:35,642 - log - INFO - iter:2280/3669, clip_acc1=83.5526351928711, tta_acc1=83.5526351928711
2025-06-06 02:56:35,642 - log - INFO - iter:2280/3669, Original Acc@1: 83.55, Acc@5: 95.57, TTA Acc@1: 83.55, Acc@5: 95.57
2025-06-06 02:57:09,367 - log - INFO - iter:2300/3669, clip_acc1=83.13043975830078, tta_acc1=83.13043975830078
2025-06-06 02:57:09,368 - log - INFO - iter:2300/3669, Original Acc@1: 83.13, Acc@5: 95.57, TTA Acc@1: 83.13, Acc@5: 95.57
2025-06-06 02:57:43,113 - log - INFO - iter:2320/3669, clip_acc1=83.14655303955078, tta_acc1=83.14655303955078
2025-06-06 02:57:43,113 - log - INFO - iter:2320/3669, Original Acc@1: 83.15, Acc@5: 95.60, TTA Acc@1: 83.15, Acc@5: 95.60
2025-06-06 02:58:16,829 - log - INFO - iter:2340/3669, clip_acc1=82.86325073242188, tta_acc1=82.86325073242188
2025-06-06 02:58:16,830 - log - INFO - iter:2340/3669, Original Acc@1: 82.86, Acc@5: 95.64, TTA Acc@1: 82.86, Acc@5: 95.64
2025-06-06 02:58:51,222 - log - INFO - iter:2360/3669, clip_acc1=82.7966079711914, tta_acc1=82.7966079711914
2025-06-06 02:58:51,223 - log - INFO - iter:2360/3669, Original Acc@1: 82.80, Acc@5: 95.68, TTA Acc@1: 82.80, Acc@5: 95.68
2025-06-06 02:59:25,040 - log - INFO - iter:2380/3669, clip_acc1=82.56302642822266, tta_acc1=82.56302642822266
2025-06-06 02:59:25,040 - log - INFO - iter:2380/3669, Original Acc@1: 82.56, Acc@5: 95.71, TTA Acc@1: 82.56, Acc@5: 95.71
2025-06-06 02:59:58,694 - log - INFO - iter:2400/3669, clip_acc1=82.66667175292969, tta_acc1=82.66667175292969
2025-06-06 02:59:58,694 - log - INFO - iter:2400/3669, Original Acc@1: 82.67, Acc@5: 95.71, TTA Acc@1: 82.67, Acc@5: 95.71
2025-06-06 03:00:34,497 - log - INFO - iter:2420/3669, clip_acc1=82.7272720336914, tta_acc1=82.7272720336914
2025-06-06 03:00:34,497 - log - INFO - iter:2420/3669, Original Acc@1: 82.73, Acc@5: 95.74, TTA Acc@1: 82.73, Acc@5: 95.74
2025-06-06 03:01:08,255 - log - INFO - iter:2440/3669, clip_acc1=82.82786560058594, tta_acc1=82.82786560058594
2025-06-06 03:01:08,255 - log - INFO - iter:2440/3669, Original Acc@1: 82.83, Acc@5: 95.78, TTA Acc@1: 82.83, Acc@5: 95.78
2025-06-06 03:01:42,043 - log - INFO - iter:2460/3669, clip_acc1=82.92682647705078, tta_acc1=82.92682647705078
2025-06-06 03:01:42,043 - log - INFO - iter:2460/3669, Original Acc@1: 82.93, Acc@5: 95.81, TTA Acc@1: 82.93, Acc@5: 95.81
2025-06-06 03:02:16,197 - log - INFO - iter:2480/3669, clip_acc1=83.06451416015625, tta_acc1=83.06451416015625
2025-06-06 03:02:16,198 - log - INFO - iter:2480/3669, Original Acc@1: 83.06, Acc@5: 95.85, TTA Acc@1: 83.06, Acc@5: 95.85
2025-06-06 03:02:49,918 - log - INFO - iter:2500/3669, clip_acc1=83.15999603271484, tta_acc1=83.15999603271484
2025-06-06 03:02:49,918 - log - INFO - iter:2500/3669, Original Acc@1: 83.16, Acc@5: 95.88, TTA Acc@1: 83.16, Acc@5: 95.88
2025-06-06 03:03:24,824 - log - INFO - iter:2520/3669, clip_acc1=83.29365539550781, tta_acc1=83.29365539550781
2025-06-06 03:03:24,824 - log - INFO - iter:2520/3669, Original Acc@1: 83.29, Acc@5: 95.91, TTA Acc@1: 83.29, Acc@5: 95.91
2025-06-06 03:03:58,599 - log - INFO - iter:2540/3669, clip_acc1=83.4251937866211, tta_acc1=83.4251937866211
2025-06-06 03:03:58,599 - log - INFO - iter:2540/3669, Original Acc@1: 83.43, Acc@5: 95.94, TTA Acc@1: 83.43, Acc@5: 95.94
2025-06-06 03:04:32,398 - log - INFO - iter:2560/3669, clip_acc1=83.5546875, tta_acc1=83.5546875
2025-06-06 03:04:32,398 - log - INFO - iter:2560/3669, Original Acc@1: 83.55, Acc@5: 95.98, TTA Acc@1: 83.55, Acc@5: 95.98
2025-06-06 03:05:06,151 - log - INFO - iter:2580/3669, clip_acc1=83.68216705322266, tta_acc1=83.68216705322266
2025-06-06 03:05:06,152 - log - INFO - iter:2580/3669, Original Acc@1: 83.68, Acc@5: 96.01, TTA Acc@1: 83.68, Acc@5: 96.01
2025-06-06 03:05:39,985 - log - INFO - iter:2600/3669, clip_acc1=83.15384674072266, tta_acc1=83.15384674072266
2025-06-06 03:05:39,985 - log - INFO - iter:2600/3669, Original Acc@1: 83.15, Acc@5: 96.04, TTA Acc@1: 83.15, Acc@5: 96.04
2025-06-06 03:06:13,666 - log - INFO - iter:2620/3669, clip_acc1=82.78626251220703, tta_acc1=82.78626251220703
2025-06-06 03:06:13,666 - log - INFO - iter:2620/3669, Original Acc@1: 82.79, Acc@5: 96.07, TTA Acc@1: 82.79, Acc@5: 96.07
2025-06-06 03:06:47,394 - log - INFO - iter:2640/3669, clip_acc1=82.5, tta_acc1=82.5
2025-06-06 03:06:47,394 - log - INFO - iter:2640/3669, Original Acc@1: 82.50, Acc@5: 96.10, TTA Acc@1: 82.50, Acc@5: 96.10
2025-06-06 03:07:21,255 - log - INFO - iter:2660/3669, clip_acc1=82.14286041259766, tta_acc1=82.14286041259766
2025-06-06 03:07:21,255 - log - INFO - iter:2660/3669, Original Acc@1: 82.14, Acc@5: 96.13, TTA Acc@1: 82.14, Acc@5: 96.13
2025-06-06 03:07:55,107 - log - INFO - iter:2680/3669, clip_acc1=81.82836151123047, tta_acc1=81.82836151123047
2025-06-06 03:07:55,107 - log - INFO - iter:2680/3669, Original Acc@1: 81.83, Acc@5: 96.16, TTA Acc@1: 81.83, Acc@5: 96.16
2025-06-06 03:08:28,830 - log - INFO - iter:2700/3669, clip_acc1=81.74073791503906, tta_acc1=81.74073791503906
2025-06-06 03:08:28,830 - log - INFO - iter:2700/3669, Original Acc@1: 81.74, Acc@5: 96.19, TTA Acc@1: 81.74, Acc@5: 96.19
2025-06-06 03:09:02,623 - log - INFO - iter:2720/3669, clip_acc1=81.76470947265625, tta_acc1=81.76470947265625
2025-06-06 03:09:02,624 - log - INFO - iter:2720/3669, Original Acc@1: 81.76, Acc@5: 96.21, TTA Acc@1: 81.76, Acc@5: 96.21
2025-06-06 03:09:36,348 - log - INFO - iter:2740/3669, clip_acc1=81.75182342529297, tta_acc1=81.75182342529297
2025-06-06 03:09:36,348 - log - INFO - iter:2740/3669, Original Acc@1: 81.75, Acc@5: 96.24, TTA Acc@1: 81.75, Acc@5: 96.24
2025-06-06 03:10:10,078 - log - INFO - iter:2760/3669, clip_acc1=81.7753677368164, tta_acc1=81.7753677368164
2025-06-06 03:10:10,078 - log - INFO - iter:2760/3669, Original Acc@1: 81.78, Acc@5: 96.27, TTA Acc@1: 81.78, Acc@5: 96.27
2025-06-06 03:10:43,899 - log - INFO - iter:2780/3669, clip_acc1=81.58273315429688, tta_acc1=81.58273315429688
2025-06-06 03:10:43,899 - log - INFO - iter:2780/3669, Original Acc@1: 81.58, Acc@5: 96.29, TTA Acc@1: 81.58, Acc@5: 96.29
2025-06-06 03:11:17,728 - log - INFO - iter:2800/3669, clip_acc1=81.60713958740234, tta_acc1=81.60713958740234
2025-06-06 03:11:17,729 - log - INFO - iter:2800/3669, Original Acc@1: 81.61, Acc@5: 96.29, TTA Acc@1: 81.61, Acc@5: 96.29
2025-06-06 03:11:51,470 - log - INFO - iter:2820/3669, clip_acc1=81.66666412353516, tta_acc1=81.66666412353516
2025-06-06 03:11:51,471 - log - INFO - iter:2820/3669, Original Acc@1: 81.67, Acc@5: 96.31, TTA Acc@1: 81.67, Acc@5: 96.31
2025-06-06 03:12:25,190 - log - INFO - iter:2840/3669, clip_acc1=81.79576873779297, tta_acc1=81.79576873779297
2025-06-06 03:12:25,190 - log - INFO - iter:2840/3669, Original Acc@1: 81.80, Acc@5: 96.34, TTA Acc@1: 81.80, Acc@5: 96.34
2025-06-06 03:12:59,004 - log - INFO - iter:2860/3669, clip_acc1=81.88811492919922, tta_acc1=81.88811492919922
2025-06-06 03:12:59,004 - log - INFO - iter:2860/3669, Original Acc@1: 81.89, Acc@5: 96.36, TTA Acc@1: 81.89, Acc@5: 96.36
2025-06-06 03:13:32,834 - log - INFO - iter:2880/3669, clip_acc1=82.0138931274414, tta_acc1=82.0138931274414
2025-06-06 03:13:32,835 - log - INFO - iter:2880/3669, Original Acc@1: 82.01, Acc@5: 96.39, TTA Acc@1: 82.01, Acc@5: 96.39
2025-06-06 03:14:06,557 - log - INFO - iter:2900/3669, clip_acc1=82.13793182373047, tta_acc1=82.13793182373047
2025-06-06 03:14:06,557 - log - INFO - iter:2900/3669, Original Acc@1: 82.14, Acc@5: 96.41, TTA Acc@1: 82.14, Acc@5: 96.41
2025-06-06 03:14:40,268 - log - INFO - iter:2920/3669, clip_acc1=82.2602767944336, tta_acc1=82.2602767944336
2025-06-06 03:14:40,269 - log - INFO - iter:2920/3669, Original Acc@1: 82.26, Acc@5: 96.44, TTA Acc@1: 82.26, Acc@5: 96.44
2025-06-06 03:15:14,086 - log - INFO - iter:2940/3669, clip_acc1=82.38095092773438, tta_acc1=82.38095092773438
2025-06-06 03:15:14,086 - log - INFO - iter:2940/3669, Original Acc@1: 82.38, Acc@5: 96.46, TTA Acc@1: 82.38, Acc@5: 96.46
2025-06-06 03:15:47,812 - log - INFO - iter:2960/3669, clip_acc1=82.5, tta_acc1=82.5
2025-06-06 03:15:47,812 - log - INFO - iter:2960/3669, Original Acc@1: 82.50, Acc@5: 96.49, TTA Acc@1: 82.50, Acc@5: 96.49
2025-06-06 03:16:21,617 - log - INFO - iter:2980/3669, clip_acc1=82.6174545288086, tta_acc1=82.6174545288086
2025-06-06 03:16:21,617 - log - INFO - iter:2980/3669, Original Acc@1: 82.62, Acc@5: 96.51, TTA Acc@1: 82.62, Acc@5: 96.51
2025-06-06 03:16:55,333 - log - INFO - iter:3000/3669, clip_acc1=82.73332977294922, tta_acc1=82.73332977294922
2025-06-06 03:16:55,333 - log - INFO - iter:3000/3669, Original Acc@1: 82.73, Acc@5: 96.53, TTA Acc@1: 82.73, Acc@5: 96.53
2025-06-06 03:17:29,198 - log - INFO - iter:3020/3669, clip_acc1=82.84768676757812, tta_acc1=82.84768676757812
2025-06-06 03:17:29,198 - log - INFO - iter:3020/3669, Original Acc@1: 82.85, Acc@5: 96.56, TTA Acc@1: 82.85, Acc@5: 96.56
2025-06-06 03:18:03,097 - log - INFO - iter:3040/3669, clip_acc1=82.96053314208984, tta_acc1=82.96053314208984
2025-06-06 03:18:03,097 - log - INFO - iter:3040/3669, Original Acc@1: 82.96, Acc@5: 96.58, TTA Acc@1: 82.96, Acc@5: 96.58
2025-06-06 03:18:37,053 - log - INFO - iter:3060/3669, clip_acc1=83.03921508789062, tta_acc1=83.03921508789062
2025-06-06 03:18:37,053 - log - INFO - iter:3060/3669, Original Acc@1: 83.04, Acc@5: 96.60, TTA Acc@1: 83.04, Acc@5: 96.60
2025-06-06 03:19:10,870 - log - INFO - iter:3080/3669, clip_acc1=83.08441162109375, tta_acc1=83.08441162109375
2025-06-06 03:19:10,871 - log - INFO - iter:3080/3669, Original Acc@1: 83.08, Acc@5: 96.62, TTA Acc@1: 83.08, Acc@5: 96.62
2025-06-06 03:19:44,696 - log - INFO - iter:3100/3669, clip_acc1=83.16129302978516, tta_acc1=83.16129302978516
2025-06-06 03:19:44,696 - log - INFO - iter:3100/3669, Original Acc@1: 83.16, Acc@5: 96.65, TTA Acc@1: 83.16, Acc@5: 96.65
2025-06-06 03:20:18,421 - log - INFO - iter:3120/3669, clip_acc1=83.26923370361328, tta_acc1=83.26923370361328
2025-06-06 03:20:18,421 - log - INFO - iter:3120/3669, Original Acc@1: 83.27, Acc@5: 96.67, TTA Acc@1: 83.27, Acc@5: 96.67
2025-06-06 03:20:52,142 - log - INFO - iter:3140/3669, clip_acc1=83.37580108642578, tta_acc1=83.37580108642578
2025-06-06 03:20:52,142 - log - INFO - iter:3140/3669, Original Acc@1: 83.38, Acc@5: 96.69, TTA Acc@1: 83.38, Acc@5: 96.69
2025-06-06 03:21:25,852 - log - INFO - iter:3160/3669, clip_acc1=83.48101043701172, tta_acc1=83.48101043701172
2025-06-06 03:21:25,852 - log - INFO - iter:3160/3669, Original Acc@1: 83.48, Acc@5: 96.71, TTA Acc@1: 83.48, Acc@5: 96.71
2025-06-06 03:21:59,706 - log - INFO - iter:3180/3669, clip_acc1=83.58490753173828, tta_acc1=83.58490753173828
2025-06-06 03:21:59,707 - log - INFO - iter:3180/3669, Original Acc@1: 83.58, Acc@5: 96.73, TTA Acc@1: 83.58, Acc@5: 96.73
2025-06-06 03:22:33,429 - log - INFO - iter:3200/3669, clip_acc1=83.5625, tta_acc1=83.5625
2025-06-06 03:22:33,429 - log - INFO - iter:3200/3669, Original Acc@1: 83.56, Acc@5: 96.75, TTA Acc@1: 83.56, Acc@5: 96.75
2025-06-06 03:23:07,116 - log - INFO - iter:3220/3669, clip_acc1=83.63353729248047, tta_acc1=83.63353729248047
2025-06-06 03:23:07,116 - log - INFO - iter:3220/3669, Original Acc@1: 83.63, Acc@5: 96.77, TTA Acc@1: 83.63, Acc@5: 96.77
2025-06-06 03:23:41,034 - log - INFO - iter:3240/3669, clip_acc1=83.73457336425781, tta_acc1=83.73457336425781
2025-06-06 03:23:41,034 - log - INFO - iter:3240/3669, Original Acc@1: 83.73, Acc@5: 96.79, TTA Acc@1: 83.73, Acc@5: 96.79
2025-06-06 03:24:14,872 - log - INFO - iter:3260/3669, clip_acc1=83.83435821533203, tta_acc1=83.83435821533203
2025-06-06 03:24:14,872 - log - INFO - iter:3260/3669, Original Acc@1: 83.83, Acc@5: 96.81, TTA Acc@1: 83.83, Acc@5: 96.81
2025-06-06 03:24:49,420 - log - INFO - iter:3280/3669, clip_acc1=83.90243530273438, tta_acc1=83.90243530273438
2025-06-06 03:24:49,420 - log - INFO - iter:3280/3669, Original Acc@1: 83.90, Acc@5: 96.83, TTA Acc@1: 83.90, Acc@5: 96.83
2025-06-06 03:25:23,284 - log - INFO - iter:3300/3669, clip_acc1=84.0, tta_acc1=84.0
2025-06-06 03:25:23,285 - log - INFO - iter:3300/3669, Original Acc@1: 84.00, Acc@5: 96.85, TTA Acc@1: 84.00, Acc@5: 96.85
2025-06-06 03:25:57,078 - log - INFO - iter:3320/3669, clip_acc1=84.06626892089844, tta_acc1=84.06626892089844
2025-06-06 03:25:57,078 - log - INFO - iter:3320/3669, Original Acc@1: 84.07, Acc@5: 96.87, TTA Acc@1: 84.07, Acc@5: 96.87
2025-06-06 03:26:30,963 - log - INFO - iter:3340/3669, clip_acc1=84.16167449951172, tta_acc1=84.16167449951172
2025-06-06 03:26:30,963 - log - INFO - iter:3340/3669, Original Acc@1: 84.16, Acc@5: 96.89, TTA Acc@1: 84.16, Acc@5: 96.89
2025-06-06 03:27:04,911 - log - INFO - iter:3360/3669, clip_acc1=84.2559585571289, tta_acc1=84.2559585571289
2025-06-06 03:27:04,911 - log - INFO - iter:3360/3669, Original Acc@1: 84.26, Acc@5: 96.90, TTA Acc@1: 84.26, Acc@5: 96.90
2025-06-06 03:27:38,694 - log - INFO - iter:3380/3669, clip_acc1=84.34911346435547, tta_acc1=84.34911346435547
2025-06-06 03:27:38,694 - log - INFO - iter:3380/3669, Original Acc@1: 84.35, Acc@5: 96.92, TTA Acc@1: 84.35, Acc@5: 96.92
2025-06-06 03:28:12,460 - log - INFO - iter:3400/3669, clip_acc1=84.20587921142578, tta_acc1=84.20587921142578
2025-06-06 03:28:12,461 - log - INFO - iter:3400/3669, Original Acc@1: 84.21, Acc@5: 96.94, TTA Acc@1: 84.21, Acc@5: 96.94
2025-06-06 03:28:46,242 - log - INFO - iter:3420/3669, clip_acc1=84.00584411621094, tta_acc1=84.00584411621094
2025-06-06 03:28:46,243 - log - INFO - iter:3420/3669, Original Acc@1: 84.01, Acc@5: 96.96, TTA Acc@1: 84.01, Acc@5: 96.96
2025-06-06 03:29:20,026 - log - INFO - iter:3440/3669, clip_acc1=83.83721160888672, tta_acc1=83.83721160888672
2025-06-06 03:29:20,026 - log - INFO - iter:3440/3669, Original Acc@1: 83.84, Acc@5: 96.98, TTA Acc@1: 83.84, Acc@5: 96.98
2025-06-06 03:29:53,887 - log - INFO - iter:3460/3669, clip_acc1=83.72832489013672, tta_acc1=83.72832489013672
2025-06-06 03:29:53,887 - log - INFO - iter:3460/3669, Original Acc@1: 83.73, Acc@5: 96.99, TTA Acc@1: 83.73, Acc@5: 96.99
2025-06-06 03:30:27,576 - log - INFO - iter:3480/3669, clip_acc1=83.67816162109375, tta_acc1=83.67816162109375
2025-06-06 03:30:27,576 - log - INFO - iter:3480/3669, Original Acc@1: 83.68, Acc@5: 97.01, TTA Acc@1: 83.68, Acc@5: 97.01
2025-06-06 03:31:01,237 - log - INFO - iter:3500/3669, clip_acc1=83.77143096923828, tta_acc1=83.77143096923828
2025-06-06 03:31:01,237 - log - INFO - iter:3500/3669, Original Acc@1: 83.77, Acc@5: 97.03, TTA Acc@1: 83.77, Acc@5: 97.03
2025-06-06 03:31:35,053 - log - INFO - iter:3520/3669, clip_acc1=83.86363220214844, tta_acc1=83.86363220214844
2025-06-06 03:31:35,053 - log - INFO - iter:3520/3669, Original Acc@1: 83.86, Acc@5: 97.05, TTA Acc@1: 83.86, Acc@5: 97.05
2025-06-06 03:32:08,759 - log - INFO - iter:3540/3669, clip_acc1=83.92655181884766, tta_acc1=83.92655181884766
2025-06-06 03:32:08,759 - log - INFO - iter:3540/3669, Original Acc@1: 83.93, Acc@5: 97.06, TTA Acc@1: 83.93, Acc@5: 97.06
2025-06-06 03:32:42,606 - log - INFO - iter:3560/3669, clip_acc1=83.98876190185547, tta_acc1=83.98876190185547
2025-06-06 03:32:42,606 - log - INFO - iter:3560/3669, Original Acc@1: 83.99, Acc@5: 97.08, TTA Acc@1: 83.99, Acc@5: 97.08
2025-06-06 03:33:16,380 - log - INFO - iter:3580/3669, clip_acc1=83.9944076538086, tta_acc1=83.9944076538086
2025-06-06 03:33:16,380 - log - INFO - iter:3580/3669, Original Acc@1: 83.99, Acc@5: 97.09, TTA Acc@1: 83.99, Acc@5: 97.09
2025-06-06 03:33:50,111 - log - INFO - iter:3600/3669, clip_acc1=84.08333587646484, tta_acc1=84.08333587646484
2025-06-06 03:33:50,112 - log - INFO - iter:3600/3669, Original Acc@1: 84.08, Acc@5: 97.11, TTA Acc@1: 84.08, Acc@5: 97.11
2025-06-06 03:34:23,903 - log - INFO - iter:3620/3669, clip_acc1=84.1712646484375, tta_acc1=84.1712646484375
2025-06-06 03:34:23,903 - log - INFO - iter:3620/3669, Original Acc@1: 84.17, Acc@5: 97.13, TTA Acc@1: 84.17, Acc@5: 97.13
2025-06-06 03:34:57,669 - log - INFO - iter:3640/3669, clip_acc1=84.25824737548828, tta_acc1=84.25824737548828
2025-06-06 03:34:57,669 - log - INFO - iter:3640/3669, Original Acc@1: 84.26, Acc@5: 97.14, TTA Acc@1: 84.26, Acc@5: 97.14
2025-06-06 03:35:31,437 - log - INFO - iter:3660/3669, clip_acc1=84.31694030761719, tta_acc1=84.31694030761719
2025-06-06 03:35:31,438 - log - INFO - iter:3660/3669, Original Acc@1: 84.32, Acc@5: 97.16, TTA Acc@1: 84.32, Acc@5: 97.16
2025-06-06 03:35:46,689 - log - INFO - iter:3669/3669, clip_acc1=84.32815551757812, tta_acc1=84.32815551757812
2025-06-06 03:35:46,689 - log - INFO - iter:3669/3669, Original Acc@1: 84.33, Acc@5: 97.17, TTA Acc@1: 84.33, Acc@5: 97.17
2025-06-06 03:35:46,806 - log - INFO - Final results - Original Acc@1: 84.33, Acc@5: 97.17, TTA Acc@1: 84.33, Acc@5: 97.17
2025-06-06 03:35:46,806 - log - INFO - Improvement from TTA in Acc@1 0.00, and Acc@5 0.00
2025-06-06 03:35:46,807 - log - INFO - => Acc. on testset [Pets]: Clean Acc @1 84.32815551757812/ TTA Clean Acc @1 84.32815551757812, Clean Acc @5 97.16543579101562/ TTA Clean Acc @5 97.16543579101562
2025-06-06 03:35:46,807 - log - INFO - Total script execution time: 6351.03 seconds (105.85 minutes)
