2025-05-30 10:04:27,696 - log - INFO - ==========================================
data:/leonardo_work/EUHPC_R04_192/fmohamma/Adversarial_Robust_Clip/atpt_data/downstream_datasets
test_sets:Cars
dataset_mode:test
arch:ViT-L/14
resolution:224
workers:4
no_pin_memory:False
batch_size:64
print_freq:20
gpu:0
no_cudnn_benchmark:False
n_ctx:4
ctx_init:a_photo_of_a
tpt_loss:rtpt
seed:0
output_dir:/leonardo_work/EUHPC_R04_192/fmohamma/Adversarial_Robust_Clip/atpt_data/ViT-L/14/Cars
log_output_dir:/leonardo_work/EUHPC_R04_192/fmohamma/Adversarial_Robust_Clip/ATPT/Final_Results/ViT-L/14/Cars
eps:0.0
alpha:0.0
alpha_eps_ratio:4.0
steps:0
lr:0.005
selection_p:0.1
tta_steps:0
ensemble_type:weighted_rtpt
top_k:20
softmax_temp:0.01
counter_attack:True
counter_attack_type:pgd
counter_attack_steps:2
counter_attack_eps:4.0
counter_attack_alpha:1.0
counter_attack_tau_thres:0.2
counter_attack_beta:2.0
counter_attack_weighted_perturbations:True
pgd_clip_pure_i_text_embeddings:null
pgd_counter_and_clipure_i_lamda:1.0
selected_id_name:selected_topk.json
weighted_score_name:weighted_scores.json
batch_entropy_name:entropies.json
log_dir:/leonardo_work/EUHPC_R04_192/fmohamma/Adversarial_Robust_Clip/ATPT/Final_Results/ViT-L/14/Cars/Clean/Counter_Attack/Eps_4_0_Steps_2_Alpha_1_0/tau_0_2_beta_2_0_weighted_pertrubation_True/No_TPT/Inference_Ensemble_weighted_rtpt_topk_20_softmaxtemp_0_01

2025-05-30 10:04:27,696 - log - INFO - Use GPU: 0 for training
2025-05-30 10:05:10,885 - log - INFO - Freezing all parameters except prompt learner
2025-05-30 10:05:10,886 - log - INFO - => Model created: visual backbone ViT-L/14
2025-05-30 10:05:10,909 - log - INFO - Number of test samples: 8041
2025-05-30 10:05:10,909 - log - INFO - Evaluating dataset: Cars
2025-05-30 10:05:10,910 - log - INFO - Starting evaluation with batch size: 64, selection percentage: 0.1
2025-05-30 10:05:10,910 - log - INFO - Test-time adaptation steps: 0, learning rate: 0.005
2025-05-30 10:05:10,910 - log - INFO - Using counter-attack with epsilon: 4.000000, alpha: 0.000000, steps: 2, tau_thres: 0.2, beta: 2.0, weighted perturbation: True
2025-05-30 10:06:09,586 - log - INFO - iter:20/8041, clip_acc1=35.0, tta_acc1=50.0
2025-05-30 10:06:09,586 - log - INFO - iter:20/8041, Original Acc@1: 35.00, Acc@5: 70.00, TTA Acc@1: 50.00, Acc@5: 85.00
2025-05-30 10:06:57,032 - log - INFO - iter:40/8041, clip_acc1=47.5, tta_acc1=57.5
2025-05-30 10:06:57,032 - log - INFO - iter:40/8041, Original Acc@1: 47.50, Acc@5: 80.00, TTA Acc@1: 57.50, Acc@5: 92.50
2025-05-30 10:07:43,658 - log - INFO - iter:60/8041, clip_acc1=51.66666793823242, tta_acc1=58.333335876464844
2025-05-30 10:07:43,658 - log - INFO - iter:60/8041, Original Acc@1: 51.67, Acc@5: 85.00, TTA Acc@1: 58.33, Acc@5: 95.00
2025-05-30 10:08:30,638 - log - INFO - iter:80/8041, clip_acc1=53.75, tta_acc1=57.5
2025-05-30 10:08:30,639 - log - INFO - iter:80/8041, Original Acc@1: 53.75, Acc@5: 86.25, TTA Acc@1: 57.50, Acc@5: 95.00
2025-05-30 10:09:17,599 - log - INFO - iter:100/8041, clip_acc1=56.0, tta_acc1=63.0
2025-05-30 10:09:17,599 - log - INFO - iter:100/8041, Original Acc@1: 56.00, Acc@5: 87.00, TTA Acc@1: 63.00, Acc@5: 96.00
2025-05-30 10:10:04,847 - log - INFO - iter:120/8041, clip_acc1=54.16666793823242, tta_acc1=62.500003814697266
2025-05-30 10:10:04,847 - log - INFO - iter:120/8041, Original Acc@1: 54.17, Acc@5: 86.67, TTA Acc@1: 62.50, Acc@5: 95.83
2025-05-30 10:10:51,705 - log - INFO - iter:140/8041, clip_acc1=53.57143020629883, tta_acc1=62.14285659790039
2025-05-30 10:10:51,705 - log - INFO - iter:140/8041, Original Acc@1: 53.57, Acc@5: 86.43, TTA Acc@1: 62.14, Acc@5: 95.71
2025-05-30 10:11:39,137 - log - INFO - iter:160/8041, clip_acc1=53.125, tta_acc1=64.375
2025-05-30 10:11:39,137 - log - INFO - iter:160/8041, Original Acc@1: 53.12, Acc@5: 87.50, TTA Acc@1: 64.38, Acc@5: 95.62
2025-05-30 10:12:25,697 - log - INFO - iter:180/8041, clip_acc1=55.0, tta_acc1=67.77777862548828
2025-05-30 10:12:25,697 - log - INFO - iter:180/8041, Original Acc@1: 55.00, Acc@5: 88.33, TTA Acc@1: 67.78, Acc@5: 96.11
2025-05-30 10:13:13,059 - log - INFO - iter:200/8041, clip_acc1=55.5, tta_acc1=68.5
2025-05-30 10:13:13,059 - log - INFO - iter:200/8041, Original Acc@1: 55.50, Acc@5: 88.00, TTA Acc@1: 68.50, Acc@5: 95.50
2025-05-30 10:13:59,937 - log - INFO - iter:220/8041, clip_acc1=54.54545211791992, tta_acc1=69.09090423583984
2025-05-30 10:13:59,937 - log - INFO - iter:220/8041, Original Acc@1: 54.55, Acc@5: 86.82, TTA Acc@1: 69.09, Acc@5: 95.00
2025-05-30 10:14:46,642 - log - INFO - iter:240/8041, clip_acc1=54.16666793823242, tta_acc1=70.83333587646484
2025-05-30 10:14:46,642 - log - INFO - iter:240/8041, Original Acc@1: 54.17, Acc@5: 87.50, TTA Acc@1: 70.83, Acc@5: 95.42
2025-05-30 10:15:33,835 - log - INFO - iter:260/8041, clip_acc1=53.846153259277344, tta_acc1=71.53845977783203
2025-05-30 10:15:33,835 - log - INFO - iter:260/8041, Original Acc@1: 53.85, Acc@5: 87.69, TTA Acc@1: 71.54, Acc@5: 95.77
2025-05-30 10:16:21,082 - log - INFO - iter:280/8041, clip_acc1=53.21428680419922, tta_acc1=71.42857360839844
2025-05-30 10:16:21,082 - log - INFO - iter:280/8041, Original Acc@1: 53.21, Acc@5: 87.50, TTA Acc@1: 71.43, Acc@5: 95.71
2025-05-30 10:17:08,902 - log - INFO - iter:300/8041, clip_acc1=53.66666793823242, tta_acc1=71.66667175292969
2025-05-30 10:17:08,902 - log - INFO - iter:300/8041, Original Acc@1: 53.67, Acc@5: 88.00, TTA Acc@1: 71.67, Acc@5: 96.00
2025-05-30 10:17:56,397 - log - INFO - iter:320/8041, clip_acc1=54.0625, tta_acc1=71.5625
2025-05-30 10:17:56,398 - log - INFO - iter:320/8041, Original Acc@1: 54.06, Acc@5: 88.75, TTA Acc@1: 71.56, Acc@5: 96.25
2025-05-30 10:18:43,984 - log - INFO - iter:340/8041, clip_acc1=54.11764907836914, tta_acc1=71.17647552490234
2025-05-30 10:18:43,984 - log - INFO - iter:340/8041, Original Acc@1: 54.12, Acc@5: 88.24, TTA Acc@1: 71.18, Acc@5: 95.88
2025-05-30 10:19:30,981 - log - INFO - iter:360/8041, clip_acc1=54.4444465637207, tta_acc1=71.66667175292969
2025-05-30 10:19:30,981 - log - INFO - iter:360/8041, Original Acc@1: 54.44, Acc@5: 88.06, TTA Acc@1: 71.67, Acc@5: 96.11
2025-05-30 10:20:17,689 - log - INFO - iter:380/8041, clip_acc1=54.73684310913086, tta_acc1=71.84210968017578
2025-05-30 10:20:17,689 - log - INFO - iter:380/8041, Original Acc@1: 54.74, Acc@5: 88.16, TTA Acc@1: 71.84, Acc@5: 96.32
2025-05-30 10:21:05,241 - log - INFO - iter:400/8041, clip_acc1=54.25, tta_acc1=71.5
2025-05-30 10:21:05,241 - log - INFO - iter:400/8041, Original Acc@1: 54.25, Acc@5: 88.50, TTA Acc@1: 71.50, Acc@5: 96.50
2025-05-30 10:21:52,211 - log - INFO - iter:420/8041, clip_acc1=54.761905670166016, tta_acc1=72.14286041259766
2025-05-30 10:21:52,212 - log - INFO - iter:420/8041, Original Acc@1: 54.76, Acc@5: 88.81, TTA Acc@1: 72.14, Acc@5: 96.43
2025-05-30 10:22:39,425 - log - INFO - iter:440/8041, clip_acc1=55.227272033691406, tta_acc1=72.7272720336914
2025-05-30 10:22:39,425 - log - INFO - iter:440/8041, Original Acc@1: 55.23, Acc@5: 89.32, TTA Acc@1: 72.73, Acc@5: 96.59
2025-05-30 10:23:25,784 - log - INFO - iter:460/8041, clip_acc1=55.21738815307617, tta_acc1=72.39130401611328
2025-05-30 10:23:25,784 - log - INFO - iter:460/8041, Original Acc@1: 55.22, Acc@5: 89.13, TTA Acc@1: 72.39, Acc@5: 96.52
2025-05-30 10:24:14,538 - log - INFO - iter:480/8041, clip_acc1=54.583335876464844, tta_acc1=72.08333587646484
2025-05-30 10:24:14,538 - log - INFO - iter:480/8041, Original Acc@1: 54.58, Acc@5: 88.54, TTA Acc@1: 72.08, Acc@5: 96.46
2025-05-30 10:25:01,613 - log - INFO - iter:500/8041, clip_acc1=54.400001525878906, tta_acc1=71.80000305175781
2025-05-30 10:25:01,613 - log - INFO - iter:500/8041, Original Acc@1: 54.40, Acc@5: 88.60, TTA Acc@1: 71.80, Acc@5: 96.60
2025-05-30 10:25:49,205 - log - INFO - iter:520/8041, clip_acc1=54.80769348144531, tta_acc1=72.30769348144531
2025-05-30 10:25:49,205 - log - INFO - iter:520/8041, Original Acc@1: 54.81, Acc@5: 88.85, TTA Acc@1: 72.31, Acc@5: 96.73
2025-05-30 10:26:36,243 - log - INFO - iter:540/8041, clip_acc1=54.44444274902344, tta_acc1=71.85185241699219
2025-05-30 10:26:36,243 - log - INFO - iter:540/8041, Original Acc@1: 54.44, Acc@5: 88.70, TTA Acc@1: 71.85, Acc@5: 96.67
2025-05-30 10:27:23,102 - log - INFO - iter:560/8041, clip_acc1=54.46428680419922, tta_acc1=71.60713958740234
2025-05-30 10:27:23,102 - log - INFO - iter:560/8041, Original Acc@1: 54.46, Acc@5: 88.57, TTA Acc@1: 71.61, Acc@5: 96.61
2025-05-30 10:28:10,152 - log - INFO - iter:580/8041, clip_acc1=54.31034469604492, tta_acc1=71.55172729492188
2025-05-30 10:28:10,153 - log - INFO - iter:580/8041, Original Acc@1: 54.31, Acc@5: 88.28, TTA Acc@1: 71.55, Acc@5: 96.21
2025-05-30 10:28:57,285 - log - INFO - iter:600/8041, clip_acc1=54.5, tta_acc1=71.83333587646484
2025-05-30 10:28:57,285 - log - INFO - iter:600/8041, Original Acc@1: 54.50, Acc@5: 88.17, TTA Acc@1: 71.83, Acc@5: 96.33
2025-05-30 10:29:43,885 - log - INFO - iter:620/8041, clip_acc1=54.51612854003906, tta_acc1=71.93548583984375
2025-05-30 10:29:43,885 - log - INFO - iter:620/8041, Original Acc@1: 54.52, Acc@5: 88.39, TTA Acc@1: 71.94, Acc@5: 96.45
2025-05-30 10:30:31,132 - log - INFO - iter:640/8041, clip_acc1=54.6875, tta_acc1=72.1875
2025-05-30 10:30:31,132 - log - INFO - iter:640/8041, Original Acc@1: 54.69, Acc@5: 88.12, TTA Acc@1: 72.19, Acc@5: 96.41
2025-05-30 10:31:18,060 - log - INFO - iter:660/8041, clip_acc1=54.69696807861328, tta_acc1=72.42424011230469
2025-05-30 10:31:18,061 - log - INFO - iter:660/8041, Original Acc@1: 54.70, Acc@5: 88.03, TTA Acc@1: 72.42, Acc@5: 96.36
2025-05-30 10:32:04,970 - log - INFO - iter:680/8041, clip_acc1=55.14706039428711, tta_acc1=72.94117736816406
2025-05-30 10:32:04,970 - log - INFO - iter:680/8041, Original Acc@1: 55.15, Acc@5: 87.94, TTA Acc@1: 72.94, Acc@5: 96.47
2025-05-30 10:32:51,688 - log - INFO - iter:700/8041, clip_acc1=54.71428680419922, tta_acc1=73.14285278320312
2025-05-30 10:32:51,689 - log - INFO - iter:700/8041, Original Acc@1: 54.71, Acc@5: 87.86, TTA Acc@1: 73.14, Acc@5: 96.57
2025-05-30 10:33:38,564 - log - INFO - iter:720/8041, clip_acc1=54.86111068725586, tta_acc1=73.05555725097656
2025-05-30 10:33:38,565 - log - INFO - iter:720/8041, Original Acc@1: 54.86, Acc@5: 87.50, TTA Acc@1: 73.06, Acc@5: 96.39
2025-05-30 10:34:25,690 - log - INFO - iter:740/8041, clip_acc1=54.864864349365234, tta_acc1=73.24324798583984
2025-05-30 10:34:25,691 - log - INFO - iter:740/8041, Original Acc@1: 54.86, Acc@5: 87.43, TTA Acc@1: 73.24, Acc@5: 96.49
2025-05-30 10:35:12,412 - log - INFO - iter:760/8041, clip_acc1=55.1315803527832, tta_acc1=72.89473724365234
2025-05-30 10:35:12,412 - log - INFO - iter:760/8041, Original Acc@1: 55.13, Acc@5: 87.76, TTA Acc@1: 72.89, Acc@5: 96.45
2025-05-30 10:35:59,074 - log - INFO - iter:780/8041, clip_acc1=55.512821197509766, tta_acc1=73.0769271850586
2025-05-30 10:35:59,075 - log - INFO - iter:780/8041, Original Acc@1: 55.51, Acc@5: 87.56, TTA Acc@1: 73.08, Acc@5: 96.41
2025-05-30 10:36:46,542 - log - INFO - iter:800/8041, clip_acc1=55.625, tta_acc1=73.0
2025-05-30 10:36:46,542 - log - INFO - iter:800/8041, Original Acc@1: 55.62, Acc@5: 87.50, TTA Acc@1: 73.00, Acc@5: 96.25
2025-05-30 10:37:33,402 - log - INFO - iter:820/8041, clip_acc1=55.85365676879883, tta_acc1=73.04878234863281
2025-05-30 10:37:33,402 - log - INFO - iter:820/8041, Original Acc@1: 55.85, Acc@5: 87.68, TTA Acc@1: 73.05, Acc@5: 96.34
2025-05-30 10:38:20,782 - log - INFO - iter:840/8041, clip_acc1=55.59524154663086, tta_acc1=72.5
2025-05-30 10:38:20,782 - log - INFO - iter:840/8041, Original Acc@1: 55.60, Acc@5: 87.62, TTA Acc@1: 72.50, Acc@5: 96.43
2025-05-30 10:39:08,145 - log - INFO - iter:860/8041, clip_acc1=55.69767379760742, tta_acc1=72.20930480957031
2025-05-30 10:39:08,145 - log - INFO - iter:860/8041, Original Acc@1: 55.70, Acc@5: 87.56, TTA Acc@1: 72.21, Acc@5: 96.40
2025-05-30 10:39:57,737 - log - INFO - iter:880/8041, clip_acc1=55.45454406738281, tta_acc1=72.15908813476562
2025-05-30 10:39:57,737 - log - INFO - iter:880/8041, Original Acc@1: 55.45, Acc@5: 87.50, TTA Acc@1: 72.16, Acc@5: 96.14
2025-05-30 10:40:46,563 - log - INFO - iter:900/8041, clip_acc1=55.66666793823242, tta_acc1=72.22222137451172
2025-05-30 10:40:46,563 - log - INFO - iter:900/8041, Original Acc@1: 55.67, Acc@5: 87.33, TTA Acc@1: 72.22, Acc@5: 96.11
2025-05-30 10:41:34,465 - log - INFO - iter:920/8041, clip_acc1=55.65217208862305, tta_acc1=72.28260803222656
2025-05-30 10:41:34,465 - log - INFO - iter:920/8041, Original Acc@1: 55.65, Acc@5: 86.96, TTA Acc@1: 72.28, Acc@5: 96.09
2025-05-30 10:42:22,279 - log - INFO - iter:940/8041, clip_acc1=55.6382942199707, tta_acc1=72.12765502929688
2025-05-30 10:42:22,280 - log - INFO - iter:940/8041, Original Acc@1: 55.64, Acc@5: 86.91, TTA Acc@1: 72.13, Acc@5: 96.17
2025-05-30 10:43:09,801 - log - INFO - iter:960/8041, clip_acc1=55.625003814697266, tta_acc1=72.08333587646484
2025-05-30 10:43:09,801 - log - INFO - iter:960/8041, Original Acc@1: 55.63, Acc@5: 86.77, TTA Acc@1: 72.08, Acc@5: 96.25
2025-05-30 10:43:57,119 - log - INFO - iter:980/8041, clip_acc1=55.918365478515625, tta_acc1=72.2448959350586
2025-05-30 10:43:57,119 - log - INFO - iter:980/8041, Original Acc@1: 55.92, Acc@5: 86.73, TTA Acc@1: 72.24, Acc@5: 96.22
2025-05-30 10:44:44,748 - log - INFO - iter:1000/8041, clip_acc1=56.20000076293945, tta_acc1=72.4000015258789
2025-05-30 10:44:44,748 - log - INFO - iter:1000/8041, Original Acc@1: 56.20, Acc@5: 86.70, TTA Acc@1: 72.40, Acc@5: 96.20
2025-05-30 10:45:31,524 - log - INFO - iter:1020/8041, clip_acc1=56.4705924987793, tta_acc1=72.74510192871094
2025-05-30 10:45:31,524 - log - INFO - iter:1020/8041, Original Acc@1: 56.47, Acc@5: 86.86, TTA Acc@1: 72.75, Acc@5: 96.27
2025-05-30 10:46:18,919 - log - INFO - iter:1040/8041, clip_acc1=56.63461685180664, tta_acc1=72.69230651855469
2025-05-30 10:46:18,919 - log - INFO - iter:1040/8041, Original Acc@1: 56.63, Acc@5: 87.02, TTA Acc@1: 72.69, Acc@5: 96.35
2025-05-30 10:47:05,560 - log - INFO - iter:1060/8041, clip_acc1=56.50943374633789, tta_acc1=72.35848999023438
2025-05-30 10:47:05,560 - log - INFO - iter:1060/8041, Original Acc@1: 56.51, Acc@5: 86.89, TTA Acc@1: 72.36, Acc@5: 96.32
2025-05-30 10:47:53,116 - log - INFO - iter:1080/8041, clip_acc1=56.574073791503906, tta_acc1=72.5
2025-05-30 10:47:53,116 - log - INFO - iter:1080/8041, Original Acc@1: 56.57, Acc@5: 86.85, TTA Acc@1: 72.50, Acc@5: 96.30
2025-05-30 10:48:41,136 - log - INFO - iter:1100/8041, clip_acc1=56.45454406738281, tta_acc1=72.45454406738281
2025-05-30 10:48:41,136 - log - INFO - iter:1100/8041, Original Acc@1: 56.45, Acc@5: 86.82, TTA Acc@1: 72.45, Acc@5: 96.36
2025-05-30 10:49:28,512 - log - INFO - iter:1120/8041, clip_acc1=56.78571319580078, tta_acc1=72.67857360839844
2025-05-30 10:49:28,513 - log - INFO - iter:1120/8041, Original Acc@1: 56.79, Acc@5: 87.05, TTA Acc@1: 72.68, Acc@5: 96.43
2025-05-30 10:50:15,570 - log - INFO - iter:1140/8041, clip_acc1=56.578948974609375, tta_acc1=72.54386138916016
2025-05-30 10:50:15,570 - log - INFO - iter:1140/8041, Original Acc@1: 56.58, Acc@5: 86.84, TTA Acc@1: 72.54, Acc@5: 96.49
2025-05-30 10:51:02,979 - log - INFO - iter:1160/8041, clip_acc1=56.72413635253906, tta_acc1=72.5
2025-05-30 10:51:02,979 - log - INFO - iter:1160/8041, Original Acc@1: 56.72, Acc@5: 86.98, TTA Acc@1: 72.50, Acc@5: 96.47
2025-05-30 10:51:50,919 - log - INFO - iter:1180/8041, clip_acc1=56.94915008544922, tta_acc1=72.37287902832031
2025-05-30 10:51:50,919 - log - INFO - iter:1180/8041, Original Acc@1: 56.95, Acc@5: 87.12, TTA Acc@1: 72.37, Acc@5: 96.53
2025-05-30 10:52:37,936 - log - INFO - iter:1200/8041, clip_acc1=57.0, tta_acc1=72.16667175292969
2025-05-30 10:52:37,936 - log - INFO - iter:1200/8041, Original Acc@1: 57.00, Acc@5: 87.17, TTA Acc@1: 72.17, Acc@5: 96.50
2025-05-30 10:53:25,663 - log - INFO - iter:1220/8041, clip_acc1=57.21311569213867, tta_acc1=72.04917907714844
2025-05-30 10:53:25,663 - log - INFO - iter:1220/8041, Original Acc@1: 57.21, Acc@5: 87.30, TTA Acc@1: 72.05, Acc@5: 96.48
2025-05-30 10:54:12,944 - log - INFO - iter:1240/8041, clip_acc1=57.17741775512695, tta_acc1=72.01612854003906
2025-05-30 10:54:12,944 - log - INFO - iter:1240/8041, Original Acc@1: 57.18, Acc@5: 87.42, TTA Acc@1: 72.02, Acc@5: 96.53
2025-05-30 10:55:01,672 - log - INFO - iter:1260/8041, clip_acc1=56.984127044677734, tta_acc1=72.06349182128906
2025-05-30 10:55:01,672 - log - INFO - iter:1260/8041, Original Acc@1: 56.98, Acc@5: 87.30, TTA Acc@1: 72.06, Acc@5: 96.43
2025-05-30 10:55:49,667 - log - INFO - iter:1280/8041, clip_acc1=56.640625, tta_acc1=72.109375
2025-05-30 10:55:49,667 - log - INFO - iter:1280/8041, Original Acc@1: 56.64, Acc@5: 86.95, TTA Acc@1: 72.11, Acc@5: 96.33
2025-05-30 10:56:37,267 - log - INFO - iter:1300/8041, clip_acc1=56.46154022216797, tta_acc1=72.0
2025-05-30 10:56:37,268 - log - INFO - iter:1300/8041, Original Acc@1: 56.46, Acc@5: 86.85, TTA Acc@1: 72.00, Acc@5: 96.23
2025-05-30 10:57:25,025 - log - INFO - iter:1320/8041, clip_acc1=56.3636360168457, tta_acc1=71.96969604492188
2025-05-30 10:57:25,025 - log - INFO - iter:1320/8041, Original Acc@1: 56.36, Acc@5: 86.67, TTA Acc@1: 71.97, Acc@5: 96.21
2025-05-30 10:58:12,310 - log - INFO - iter:1340/8041, clip_acc1=56.343284606933594, tta_acc1=72.01492309570312
2025-05-30 10:58:12,311 - log - INFO - iter:1340/8041, Original Acc@1: 56.34, Acc@5: 86.64, TTA Acc@1: 72.01, Acc@5: 96.12
2025-05-30 10:59:00,097 - log - INFO - iter:1360/8041, clip_acc1=56.25, tta_acc1=71.76470947265625
2025-05-30 10:59:00,097 - log - INFO - iter:1360/8041, Original Acc@1: 56.25, Acc@5: 86.54, TTA Acc@1: 71.76, Acc@5: 96.10
2025-05-30 10:59:48,020 - log - INFO - iter:1380/8041, clip_acc1=56.30434799194336, tta_acc1=71.88406372070312
2025-05-30 10:59:48,020 - log - INFO - iter:1380/8041, Original Acc@1: 56.30, Acc@5: 86.59, TTA Acc@1: 71.88, Acc@5: 96.16
2025-05-30 11:00:35,276 - log - INFO - iter:1400/8041, clip_acc1=56.35714340209961, tta_acc1=71.85713958740234
2025-05-30 11:00:35,276 - log - INFO - iter:1400/8041, Original Acc@1: 56.36, Acc@5: 86.64, TTA Acc@1: 71.86, Acc@5: 96.14
2025-05-30 11:01:22,620 - log - INFO - iter:1420/8041, clip_acc1=56.197181701660156, tta_acc1=71.90140533447266
2025-05-30 11:01:22,620 - log - INFO - iter:1420/8041, Original Acc@1: 56.20, Acc@5: 86.62, TTA Acc@1: 71.90, Acc@5: 96.20
2025-05-30 11:02:10,515 - log - INFO - iter:1440/8041, clip_acc1=56.18055725097656, tta_acc1=72.0138931274414
2025-05-30 11:02:10,515 - log - INFO - iter:1440/8041, Original Acc@1: 56.18, Acc@5: 86.53, TTA Acc@1: 72.01, Acc@5: 96.25
2025-05-30 11:02:57,263 - log - INFO - iter:1460/8041, clip_acc1=56.16438674926758, tta_acc1=71.9863052368164
2025-05-30 11:02:57,263 - log - INFO - iter:1460/8041, Original Acc@1: 56.16, Acc@5: 86.51, TTA Acc@1: 71.99, Acc@5: 96.23
2025-05-30 11:03:44,390 - log - INFO - iter:1480/8041, clip_acc1=56.01351547241211, tta_acc1=72.02703094482422
2025-05-30 11:03:44,390 - log - INFO - iter:1480/8041, Original Acc@1: 56.01, Acc@5: 86.49, TTA Acc@1: 72.03, Acc@5: 96.28
2025-05-30 11:04:31,883 - log - INFO - iter:1500/8041, clip_acc1=56.20000076293945, tta_acc1=72.0
2025-05-30 11:04:31,883 - log - INFO - iter:1500/8041, Original Acc@1: 56.20, Acc@5: 86.60, TTA Acc@1: 72.00, Acc@5: 96.33
2025-05-30 11:05:19,528 - log - INFO - iter:1520/8041, clip_acc1=56.250003814697266, tta_acc1=71.97368621826172
2025-05-30 11:05:19,529 - log - INFO - iter:1520/8041, Original Acc@1: 56.25, Acc@5: 86.58, TTA Acc@1: 71.97, Acc@5: 96.32
2025-05-30 11:06:06,561 - log - INFO - iter:1540/8041, clip_acc1=56.3636360168457, tta_acc1=72.01298522949219
2025-05-30 11:06:06,561 - log - INFO - iter:1540/8041, Original Acc@1: 56.36, Acc@5: 86.75, TTA Acc@1: 72.01, Acc@5: 96.30
2025-05-30 11:06:53,876 - log - INFO - iter:1560/8041, clip_acc1=56.21794891357422, tta_acc1=71.9871826171875
2025-05-30 11:06:53,876 - log - INFO - iter:1560/8041, Original Acc@1: 56.22, Acc@5: 86.67, TTA Acc@1: 71.99, Acc@5: 96.15
2025-05-30 11:07:41,244 - log - INFO - iter:1580/8041, clip_acc1=56.20253372192383, tta_acc1=72.15190124511719
2025-05-30 11:07:41,244 - log - INFO - iter:1580/8041, Original Acc@1: 56.20, Acc@5: 86.58, TTA Acc@1: 72.15, Acc@5: 96.14
2025-05-30 11:08:29,154 - log - INFO - iter:1600/8041, clip_acc1=56.0625, tta_acc1=71.875
2025-05-30 11:08:29,154 - log - INFO - iter:1600/8041, Original Acc@1: 56.06, Acc@5: 86.56, TTA Acc@1: 71.88, Acc@5: 96.19
2025-05-30 11:09:16,233 - log - INFO - iter:1620/8041, clip_acc1=55.92593002319336, tta_acc1=71.91358184814453
2025-05-30 11:09:16,233 - log - INFO - iter:1620/8041, Original Acc@1: 55.93, Acc@5: 86.67, TTA Acc@1: 71.91, Acc@5: 96.23
2025-05-30 11:10:03,306 - log - INFO - iter:1640/8041, clip_acc1=56.09756088256836, tta_acc1=71.95121765136719
2025-05-30 11:10:03,306 - log - INFO - iter:1640/8041, Original Acc@1: 56.10, Acc@5: 86.71, TTA Acc@1: 71.95, Acc@5: 96.16
2025-05-30 11:10:51,968 - log - INFO - iter:1660/8041, clip_acc1=56.14458084106445, tta_acc1=72.1686782836914
2025-05-30 11:10:51,968 - log - INFO - iter:1660/8041, Original Acc@1: 56.14, Acc@5: 86.81, TTA Acc@1: 72.17, Acc@5: 96.20
2025-05-30 11:11:38,984 - log - INFO - iter:1680/8041, clip_acc1=56.19047927856445, tta_acc1=72.20238494873047
2025-05-30 11:11:38,984 - log - INFO - iter:1680/8041, Original Acc@1: 56.19, Acc@5: 86.73, TTA Acc@1: 72.20, Acc@5: 96.13
2025-05-30 11:12:26,549 - log - INFO - iter:1700/8041, clip_acc1=56.117645263671875, tta_acc1=72.17646789550781
2025-05-30 11:12:26,549 - log - INFO - iter:1700/8041, Original Acc@1: 56.12, Acc@5: 86.71, TTA Acc@1: 72.18, Acc@5: 96.06
2025-05-30 11:13:14,098 - log - INFO - iter:1720/8041, clip_acc1=55.75581359863281, tta_acc1=71.86046600341797
2025-05-30 11:13:14,098 - log - INFO - iter:1720/8041, Original Acc@1: 55.76, Acc@5: 86.51, TTA Acc@1: 71.86, Acc@5: 96.05
2025-05-30 11:14:01,246 - log - INFO - iter:1740/8041, clip_acc1=55.91954040527344, tta_acc1=71.89655303955078
2025-05-30 11:14:01,246 - log - INFO - iter:1740/8041, Original Acc@1: 55.92, Acc@5: 86.55, TTA Acc@1: 71.90, Acc@5: 96.03
2025-05-30 11:14:48,588 - log - INFO - iter:1760/8041, clip_acc1=55.96590805053711, tta_acc1=72.1022720336914
2025-05-30 11:14:48,588 - log - INFO - iter:1760/8041, Original Acc@1: 55.97, Acc@5: 86.65, TTA Acc@1: 72.10, Acc@5: 96.02
2025-05-30 11:15:35,594 - log - INFO - iter:1780/8041, clip_acc1=55.73033905029297, tta_acc1=71.91011047363281
2025-05-30 11:15:35,595 - log - INFO - iter:1780/8041, Original Acc@1: 55.73, Acc@5: 86.74, TTA Acc@1: 71.91, Acc@5: 96.07
2025-05-30 11:16:22,660 - log - INFO - iter:1800/8041, clip_acc1=55.833335876464844, tta_acc1=72.0
2025-05-30 11:16:22,660 - log - INFO - iter:1800/8041, Original Acc@1: 55.83, Acc@5: 86.72, TTA Acc@1: 72.00, Acc@5: 96.11
2025-05-30 11:17:10,107 - log - INFO - iter:1820/8041, clip_acc1=55.76923370361328, tta_acc1=71.97802734375
2025-05-30 11:17:10,108 - log - INFO - iter:1820/8041, Original Acc@1: 55.77, Acc@5: 86.70, TTA Acc@1: 71.98, Acc@5: 96.15
2025-05-30 11:17:57,434 - log - INFO - iter:1840/8041, clip_acc1=55.923912048339844, tta_acc1=72.0108642578125
2025-05-30 11:17:57,434 - log - INFO - iter:1840/8041, Original Acc@1: 55.92, Acc@5: 86.79, TTA Acc@1: 72.01, Acc@5: 96.20
2025-05-30 11:18:44,551 - log - INFO - iter:1860/8041, clip_acc1=55.806453704833984, tta_acc1=71.93548583984375
2025-05-30 11:18:44,551 - log - INFO - iter:1860/8041, Original Acc@1: 55.81, Acc@5: 86.72, TTA Acc@1: 71.94, Acc@5: 96.13
2025-05-30 11:19:32,368 - log - INFO - iter:1880/8041, clip_acc1=55.79787063598633, tta_acc1=71.86170196533203
2025-05-30 11:19:32,368 - log - INFO - iter:1880/8041, Original Acc@1: 55.80, Acc@5: 86.76, TTA Acc@1: 71.86, Acc@5: 96.17
2025-05-30 11:20:19,597 - log - INFO - iter:1900/8041, clip_acc1=55.78947067260742, tta_acc1=71.78946685791016
2025-05-30 11:20:19,597 - log - INFO - iter:1900/8041, Original Acc@1: 55.79, Acc@5: 86.74, TTA Acc@1: 71.79, Acc@5: 96.16
2025-05-30 11:21:06,984 - log - INFO - iter:1920/8041, clip_acc1=55.625003814697266, tta_acc1=71.51042175292969
2025-05-30 11:21:06,985 - log - INFO - iter:1920/8041, Original Acc@1: 55.63, Acc@5: 86.72, TTA Acc@1: 71.51, Acc@5: 96.09
2025-05-30 11:21:54,284 - log - INFO - iter:1940/8041, clip_acc1=55.67010498046875, tta_acc1=71.64949035644531
2025-05-30 11:21:54,284 - log - INFO - iter:1940/8041, Original Acc@1: 55.67, Acc@5: 86.80, TTA Acc@1: 71.65, Acc@5: 96.13
2025-05-30 11:22:41,298 - log - INFO - iter:1960/8041, clip_acc1=55.61224365234375, tta_acc1=71.73468780517578
2025-05-30 11:22:41,298 - log - INFO - iter:1960/8041, Original Acc@1: 55.61, Acc@5: 86.79, TTA Acc@1: 71.73, Acc@5: 96.17
2025-05-30 11:23:28,909 - log - INFO - iter:1980/8041, clip_acc1=55.55555725097656, tta_acc1=71.61616516113281
2025-05-30 11:23:28,909 - log - INFO - iter:1980/8041, Original Acc@1: 55.56, Acc@5: 86.77, TTA Acc@1: 71.62, Acc@5: 96.16
2025-05-30 11:24:16,094 - log - INFO - iter:2000/8041, clip_acc1=55.500003814697266, tta_acc1=71.70000457763672
2025-05-30 11:24:16,094 - log - INFO - iter:2000/8041, Original Acc@1: 55.50, Acc@5: 86.65, TTA Acc@1: 71.70, Acc@5: 96.20
2025-05-30 11:25:03,434 - log - INFO - iter:2020/8041, clip_acc1=55.59406280517578, tta_acc1=71.6336669921875
2025-05-30 11:25:03,435 - log - INFO - iter:2020/8041, Original Acc@1: 55.59, Acc@5: 86.63, TTA Acc@1: 71.63, Acc@5: 96.24
2025-05-30 11:25:50,442 - log - INFO - iter:2040/8041, clip_acc1=55.44118118286133, tta_acc1=71.66667175292969
2025-05-30 11:25:50,443 - log - INFO - iter:2040/8041, Original Acc@1: 55.44, Acc@5: 86.57, TTA Acc@1: 71.67, Acc@5: 96.27
2025-05-30 11:26:37,768 - log - INFO - iter:2060/8041, clip_acc1=55.194175720214844, tta_acc1=71.60194396972656
2025-05-30 11:26:37,768 - log - INFO - iter:2060/8041, Original Acc@1: 55.19, Acc@5: 86.55, TTA Acc@1: 71.60, Acc@5: 96.17
2025-05-30 11:27:25,096 - log - INFO - iter:2080/8041, clip_acc1=55.28845977783203, tta_acc1=71.63461303710938
2025-05-30 11:27:25,097 - log - INFO - iter:2080/8041, Original Acc@1: 55.29, Acc@5: 86.44, TTA Acc@1: 71.63, Acc@5: 96.15
2025-05-30 11:28:12,152 - log - INFO - iter:2100/8041, clip_acc1=55.19047546386719, tta_acc1=71.52381134033203
2025-05-30 11:28:12,152 - log - INFO - iter:2100/8041, Original Acc@1: 55.19, Acc@5: 86.43, TTA Acc@1: 71.52, Acc@5: 96.19
2025-05-30 11:29:00,147 - log - INFO - iter:2120/8041, clip_acc1=55.09434127807617, tta_acc1=71.50943756103516
2025-05-30 11:29:00,147 - log - INFO - iter:2120/8041, Original Acc@1: 55.09, Acc@5: 86.42, TTA Acc@1: 71.51, Acc@5: 96.18
2025-05-30 11:29:48,162 - log - INFO - iter:2140/8041, clip_acc1=55.18691635131836, tta_acc1=71.58879089355469
2025-05-30 11:29:48,162 - log - INFO - iter:2140/8041, Original Acc@1: 55.19, Acc@5: 86.54, TTA Acc@1: 71.59, Acc@5: 96.21
2025-05-30 11:30:35,775 - log - INFO - iter:2160/8041, clip_acc1=55.27777862548828, tta_acc1=71.71295928955078
2025-05-30 11:30:35,775 - log - INFO - iter:2160/8041, Original Acc@1: 55.28, Acc@5: 86.57, TTA Acc@1: 71.71, Acc@5: 96.20
2025-05-30 11:31:23,173 - log - INFO - iter:2180/8041, clip_acc1=55.2293586730957, tta_acc1=71.69725036621094
2025-05-30 11:31:23,173 - log - INFO - iter:2180/8041, Original Acc@1: 55.23, Acc@5: 86.61, TTA Acc@1: 71.70, Acc@5: 96.24
2025-05-30 11:32:10,680 - log - INFO - iter:2200/8041, clip_acc1=55.31818389892578, tta_acc1=71.86363983154297
2025-05-30 11:32:10,681 - log - INFO - iter:2200/8041, Original Acc@1: 55.32, Acc@5: 86.64, TTA Acc@1: 71.86, Acc@5: 96.27
2025-05-30 11:32:58,171 - log - INFO - iter:2220/8041, clip_acc1=55.22522735595703, tta_acc1=71.89189147949219
2025-05-30 11:32:58,171 - log - INFO - iter:2220/8041, Original Acc@1: 55.23, Acc@5: 86.58, TTA Acc@1: 71.89, Acc@5: 96.26
2025-05-30 11:33:45,767 - log - INFO - iter:2240/8041, clip_acc1=55.22321319580078, tta_acc1=71.78571319580078
2025-05-30 11:33:45,767 - log - INFO - iter:2240/8041, Original Acc@1: 55.22, Acc@5: 86.52, TTA Acc@1: 71.79, Acc@5: 96.25
2025-05-30 11:34:33,335 - log - INFO - iter:2260/8041, clip_acc1=55.22123718261719, tta_acc1=71.6814193725586
2025-05-30 11:34:33,335 - log - INFO - iter:2260/8041, Original Acc@1: 55.22, Acc@5: 86.55, TTA Acc@1: 71.68, Acc@5: 96.28
2025-05-30 11:35:21,536 - log - INFO - iter:2280/8041, clip_acc1=55.175437927246094, tta_acc1=71.79824829101562
2025-05-30 11:35:21,537 - log - INFO - iter:2280/8041, Original Acc@1: 55.18, Acc@5: 86.62, TTA Acc@1: 71.80, Acc@5: 96.32
2025-05-30 11:36:09,553 - log - INFO - iter:2300/8041, clip_acc1=55.130435943603516, tta_acc1=71.82608795166016
2025-05-30 11:36:09,554 - log - INFO - iter:2300/8041, Original Acc@1: 55.13, Acc@5: 86.57, TTA Acc@1: 71.83, Acc@5: 96.30
2025-05-30 11:36:57,135 - log - INFO - iter:2320/8041, clip_acc1=55.17241287231445, tta_acc1=71.85344696044922
2025-05-30 11:36:57,135 - log - INFO - iter:2320/8041, Original Acc@1: 55.17, Acc@5: 86.55, TTA Acc@1: 71.85, Acc@5: 96.29
2025-05-30 11:37:44,113 - log - INFO - iter:2340/8041, clip_acc1=55.128204345703125, tta_acc1=71.96581268310547
2025-05-30 11:37:44,113 - log - INFO - iter:2340/8041, Original Acc@1: 55.13, Acc@5: 86.54, TTA Acc@1: 71.97, Acc@5: 96.32
2025-05-30 11:38:32,608 - log - INFO - iter:2360/8041, clip_acc1=55.169490814208984, tta_acc1=72.0762710571289
2025-05-30 11:38:32,608 - log - INFO - iter:2360/8041, Original Acc@1: 55.17, Acc@5: 86.48, TTA Acc@1: 72.08, Acc@5: 96.31
2025-05-30 11:39:19,697 - log - INFO - iter:2380/8041, clip_acc1=55.33613586425781, tta_acc1=72.18487548828125
2025-05-30 11:39:19,698 - log - INFO - iter:2380/8041, Original Acc@1: 55.34, Acc@5: 86.55, TTA Acc@1: 72.18, Acc@5: 96.34
2025-05-30 11:40:07,318 - log - INFO - iter:2400/8041, clip_acc1=55.375, tta_acc1=72.29167175292969
2025-05-30 11:40:07,318 - log - INFO - iter:2400/8041, Original Acc@1: 55.38, Acc@5: 86.50, TTA Acc@1: 72.29, Acc@5: 96.33
2025-05-30 11:40:56,137 - log - INFO - iter:2420/8041, clip_acc1=55.3305778503418, tta_acc1=72.2727279663086
2025-05-30 11:40:56,137 - log - INFO - iter:2420/8041, Original Acc@1: 55.33, Acc@5: 86.49, TTA Acc@1: 72.27, Acc@5: 96.36
2025-05-30 11:41:43,095 - log - INFO - iter:2440/8041, clip_acc1=55.28688430786133, tta_acc1=72.29508209228516
2025-05-30 11:41:43,095 - log - INFO - iter:2440/8041, Original Acc@1: 55.29, Acc@5: 86.43, TTA Acc@1: 72.30, Acc@5: 96.31
2025-05-30 11:42:30,707 - log - INFO - iter:2460/8041, clip_acc1=55.081298828125, tta_acc1=72.23577117919922
2025-05-30 11:42:30,707 - log - INFO - iter:2460/8041, Original Acc@1: 55.08, Acc@5: 86.38, TTA Acc@1: 72.24, Acc@5: 96.34
2025-05-30 11:43:17,979 - log - INFO - iter:2480/8041, clip_acc1=55.0, tta_acc1=72.09677124023438
2025-05-30 11:43:17,980 - log - INFO - iter:2480/8041, Original Acc@1: 55.00, Acc@5: 86.37, TTA Acc@1: 72.10, Acc@5: 96.25
2025-05-30 11:44:04,858 - log - INFO - iter:2500/8041, clip_acc1=55.0, tta_acc1=72.0
2025-05-30 11:44:04,858 - log - INFO - iter:2500/8041, Original Acc@1: 55.00, Acc@5: 86.40, TTA Acc@1: 72.00, Acc@5: 96.20
2025-05-30 11:44:52,649 - log - INFO - iter:2520/8041, clip_acc1=54.96031951904297, tta_acc1=71.984130859375
2025-05-30 11:44:52,650 - log - INFO - iter:2520/8041, Original Acc@1: 54.96, Acc@5: 86.39, TTA Acc@1: 71.98, Acc@5: 96.19
2025-05-30 11:45:40,154 - log - INFO - iter:2540/8041, clip_acc1=55.039371490478516, tta_acc1=72.08661651611328
2025-05-30 11:45:40,154 - log - INFO - iter:2540/8041, Original Acc@1: 55.04, Acc@5: 86.34, TTA Acc@1: 72.09, Acc@5: 96.18
2025-05-30 11:46:28,521 - log - INFO - iter:2560/8041, clip_acc1=55.078125, tta_acc1=71.9921875
2025-05-30 11:46:28,521 - log - INFO - iter:2560/8041, Original Acc@1: 55.08, Acc@5: 86.37, TTA Acc@1: 71.99, Acc@5: 96.21
2025-05-30 11:47:19,447 - log - INFO - iter:2580/8041, clip_acc1=55.0, tta_acc1=71.93798065185547
2025-05-30 11:47:19,447 - log - INFO - iter:2580/8041, Original Acc@1: 55.00, Acc@5: 86.20, TTA Acc@1: 71.94, Acc@5: 96.20
2025-05-30 11:48:07,610 - log - INFO - iter:2600/8041, clip_acc1=55.03845977783203, tta_acc1=72.0
2025-05-30 11:48:07,611 - log - INFO - iter:2600/8041, Original Acc@1: 55.04, Acc@5: 86.19, TTA Acc@1: 72.00, Acc@5: 96.23
2025-05-30 11:48:54,475 - log - INFO - iter:2620/8041, clip_acc1=54.847328186035156, tta_acc1=71.90839385986328
2025-05-30 11:48:54,475 - log - INFO - iter:2620/8041, Original Acc@1: 54.85, Acc@5: 86.03, TTA Acc@1: 71.91, Acc@5: 96.26
2025-05-30 11:49:41,714 - log - INFO - iter:2640/8041, clip_acc1=54.77272415161133, tta_acc1=71.93181610107422
2025-05-30 11:49:41,714 - log - INFO - iter:2640/8041, Original Acc@1: 54.77, Acc@5: 85.91, TTA Acc@1: 71.93, Acc@5: 96.21
2025-05-30 11:50:28,977 - log - INFO - iter:2660/8041, clip_acc1=54.84962463378906, tta_acc1=71.91729736328125
2025-05-30 11:50:28,977 - log - INFO - iter:2660/8041, Original Acc@1: 54.85, Acc@5: 85.83, TTA Acc@1: 71.92, Acc@5: 96.24
2025-05-30 11:51:16,332 - log - INFO - iter:2680/8041, clip_acc1=54.8880615234375, tta_acc1=72.01492309570312
2025-05-30 11:51:16,332 - log - INFO - iter:2680/8041, Original Acc@1: 54.89, Acc@5: 85.75, TTA Acc@1: 72.01, Acc@5: 96.19
2025-05-30 11:52:04,405 - log - INFO - iter:2700/8041, clip_acc1=54.88888931274414, tta_acc1=71.96295928955078
2025-05-30 11:52:04,406 - log - INFO - iter:2700/8041, Original Acc@1: 54.89, Acc@5: 85.78, TTA Acc@1: 71.96, Acc@5: 96.22
2025-05-30 11:52:51,644 - log - INFO - iter:2720/8041, clip_acc1=54.852943420410156, tta_acc1=71.98529815673828
2025-05-30 11:52:51,645 - log - INFO - iter:2720/8041, Original Acc@1: 54.85, Acc@5: 85.70, TTA Acc@1: 71.99, Acc@5: 96.14
2025-05-30 11:53:39,074 - log - INFO - iter:2740/8041, clip_acc1=54.74452209472656, tta_acc1=72.00729370117188
2025-05-30 11:53:39,075 - log - INFO - iter:2740/8041, Original Acc@1: 54.74, Acc@5: 85.47, TTA Acc@1: 72.01, Acc@5: 96.13
2025-05-30 11:54:26,257 - log - INFO - iter:2760/8041, clip_acc1=54.710147857666016, tta_acc1=71.99275970458984
2025-05-30 11:54:26,257 - log - INFO - iter:2760/8041, Original Acc@1: 54.71, Acc@5: 85.51, TTA Acc@1: 71.99, Acc@5: 96.16
2025-05-30 11:55:14,151 - log - INFO - iter:2780/8041, clip_acc1=54.78417205810547, tta_acc1=72.05036163330078
2025-05-30 11:55:14,151 - log - INFO - iter:2780/8041, Original Acc@1: 54.78, Acc@5: 85.58, TTA Acc@1: 72.05, Acc@5: 96.19
2025-05-30 11:56:01,168 - log - INFO - iter:2800/8041, clip_acc1=54.78571319580078, tta_acc1=72.0
2025-05-30 11:56:01,169 - log - INFO - iter:2800/8041, Original Acc@1: 54.79, Acc@5: 85.61, TTA Acc@1: 72.00, Acc@5: 96.18
2025-05-30 11:56:48,079 - log - INFO - iter:2820/8041, clip_acc1=54.75177001953125, tta_acc1=72.02127075195312
2025-05-30 11:56:48,079 - log - INFO - iter:2820/8041, Original Acc@1: 54.75, Acc@5: 85.64, TTA Acc@1: 72.02, Acc@5: 96.21
2025-05-30 11:57:35,336 - log - INFO - iter:2840/8041, clip_acc1=54.647884368896484, tta_acc1=72.00704193115234
2025-05-30 11:57:35,337 - log - INFO - iter:2840/8041, Original Acc@1: 54.65, Acc@5: 85.63, TTA Acc@1: 72.01, Acc@5: 96.20
2025-05-30 11:58:23,388 - log - INFO - iter:2860/8041, clip_acc1=54.650352478027344, tta_acc1=72.06294250488281
2025-05-30 11:58:23,388 - log - INFO - iter:2860/8041, Original Acc@1: 54.65, Acc@5: 85.73, TTA Acc@1: 72.06, Acc@5: 96.22
2025-05-30 11:59:10,445 - log - INFO - iter:2880/8041, clip_acc1=54.65277862548828, tta_acc1=72.0138931274414
2025-05-30 11:59:10,445 - log - INFO - iter:2880/8041, Original Acc@1: 54.65, Acc@5: 85.76, TTA Acc@1: 72.01, Acc@5: 96.22
2025-05-30 11:59:57,253 - log - INFO - iter:2900/8041, clip_acc1=54.551727294921875, tta_acc1=71.93103790283203
2025-05-30 11:59:57,253 - log - INFO - iter:2900/8041, Original Acc@1: 54.55, Acc@5: 85.76, TTA Acc@1: 71.93, Acc@5: 96.17
2025-05-30 12:00:44,497 - log - INFO - iter:2920/8041, clip_acc1=54.52054977416992, tta_acc1=71.9863052368164
2025-05-30 12:00:44,498 - log - INFO - iter:2920/8041, Original Acc@1: 54.52, Acc@5: 85.82, TTA Acc@1: 71.99, Acc@5: 96.20
2025-05-30 12:01:33,010 - log - INFO - iter:2940/8041, clip_acc1=54.45578384399414, tta_acc1=71.97279357910156
2025-05-30 12:01:33,010 - log - INFO - iter:2940/8041, Original Acc@1: 54.46, Acc@5: 85.78, TTA Acc@1: 71.97, Acc@5: 96.19
2025-05-30 12:02:20,254 - log - INFO - iter:2960/8041, clip_acc1=54.42567825317383, tta_acc1=71.99324798583984
2025-05-30 12:02:20,254 - log - INFO - iter:2960/8041, Original Acc@1: 54.43, Acc@5: 85.78, TTA Acc@1: 71.99, Acc@5: 96.18
2025-05-30 12:03:08,596 - log - INFO - iter:2980/8041, clip_acc1=54.563758850097656, tta_acc1=71.97986602783203
2025-05-30 12:03:08,596 - log - INFO - iter:2980/8041, Original Acc@1: 54.56, Acc@5: 85.84, TTA Acc@1: 71.98, Acc@5: 96.21
2025-05-30 12:03:56,258 - log - INFO - iter:3000/8041, clip_acc1=54.53333282470703, tta_acc1=71.96666717529297
2025-05-30 12:03:56,259 - log - INFO - iter:3000/8041, Original Acc@1: 54.53, Acc@5: 85.87, TTA Acc@1: 71.97, Acc@5: 96.23
2025-05-30 12:04:43,600 - log - INFO - iter:3020/8041, clip_acc1=54.63576126098633, tta_acc1=71.98675537109375
2025-05-30 12:04:43,600 - log - INFO - iter:3020/8041, Original Acc@1: 54.64, Acc@5: 85.89, TTA Acc@1: 71.99, Acc@5: 96.23
2025-05-30 12:05:31,453 - log - INFO - iter:3040/8041, clip_acc1=54.638160705566406, tta_acc1=71.9407958984375
2025-05-30 12:05:31,453 - log - INFO - iter:3040/8041, Original Acc@1: 54.64, Acc@5: 85.92, TTA Acc@1: 71.94, Acc@5: 96.25
2025-05-30 12:06:19,056 - log - INFO - iter:3060/8041, clip_acc1=54.738563537597656, tta_acc1=72.05882263183594
2025-05-30 12:06:19,056 - log - INFO - iter:3060/8041, Original Acc@1: 54.74, Acc@5: 85.92, TTA Acc@1: 72.06, Acc@5: 96.27
2025-05-30 12:07:06,549 - log - INFO - iter:3080/8041, clip_acc1=54.772727966308594, tta_acc1=71.98051452636719
2025-05-30 12:07:06,549 - log - INFO - iter:3080/8041, Original Acc@1: 54.77, Acc@5: 85.88, TTA Acc@1: 71.98, Acc@5: 96.27
2025-05-30 12:07:54,227 - log - INFO - iter:3100/8041, clip_acc1=54.74193572998047, tta_acc1=71.8709716796875
2025-05-30 12:07:54,227 - log - INFO - iter:3100/8041, Original Acc@1: 54.74, Acc@5: 85.84, TTA Acc@1: 71.87, Acc@5: 96.26
2025-05-30 12:08:42,640 - log - INFO - iter:3120/8041, clip_acc1=54.71154022216797, tta_acc1=71.89102935791016
2025-05-30 12:08:42,641 - log - INFO - iter:3120/8041, Original Acc@1: 54.71, Acc@5: 85.87, TTA Acc@1: 71.89, Acc@5: 96.28
2025-05-30 12:09:29,241 - log - INFO - iter:3140/8041, clip_acc1=54.713375091552734, tta_acc1=71.87898254394531
2025-05-30 12:09:29,242 - log - INFO - iter:3140/8041, Original Acc@1: 54.71, Acc@5: 85.89, TTA Acc@1: 71.88, Acc@5: 96.31
2025-05-30 12:10:16,705 - log - INFO - iter:3160/8041, clip_acc1=54.7468376159668, tta_acc1=71.83544158935547
2025-05-30 12:10:16,705 - log - INFO - iter:3160/8041, Original Acc@1: 54.75, Acc@5: 85.92, TTA Acc@1: 71.84, Acc@5: 96.27
2025-05-30 12:11:04,310 - log - INFO - iter:3180/8041, clip_acc1=54.77987289428711, tta_acc1=71.8553466796875
2025-05-30 12:11:04,311 - log - INFO - iter:3180/8041, Original Acc@1: 54.78, Acc@5: 85.88, TTA Acc@1: 71.86, Acc@5: 96.26
2025-05-30 12:11:51,326 - log - INFO - iter:3200/8041, clip_acc1=54.78125, tta_acc1=71.90625
2025-05-30 12:11:51,327 - log - INFO - iter:3200/8041, Original Acc@1: 54.78, Acc@5: 85.88, TTA Acc@1: 71.91, Acc@5: 96.28
2025-05-30 12:12:42,563 - log - INFO - iter:3220/8041, clip_acc1=54.87577438354492, tta_acc1=71.86334991455078
2025-05-30 12:12:42,563 - log - INFO - iter:3220/8041, Original Acc@1: 54.88, Acc@5: 85.87, TTA Acc@1: 71.86, Acc@5: 96.30
2025-05-30 12:13:29,715 - log - INFO - iter:3240/8041, clip_acc1=55.000003814697266, tta_acc1=71.88272094726562
2025-05-30 12:13:29,715 - log - INFO - iter:3240/8041, Original Acc@1: 55.00, Acc@5: 85.96, TTA Acc@1: 71.88, Acc@5: 96.33
2025-05-30 12:14:17,610 - log - INFO - iter:3260/8041, clip_acc1=55.0, tta_acc1=71.84049224853516
2025-05-30 12:14:17,611 - log - INFO - iter:3260/8041, Original Acc@1: 55.00, Acc@5: 85.89, TTA Acc@1: 71.84, Acc@5: 96.32
2025-05-30 12:15:05,457 - log - INFO - iter:3280/8041, clip_acc1=55.0, tta_acc1=71.92073059082031
2025-05-30 12:15:05,457 - log - INFO - iter:3280/8041, Original Acc@1: 55.00, Acc@5: 85.82, TTA Acc@1: 71.92, Acc@5: 96.34
2025-05-30 12:15:54,039 - log - INFO - iter:3300/8041, clip_acc1=54.939395904541016, tta_acc1=71.96969604492188
2025-05-30 12:15:54,039 - log - INFO - iter:3300/8041, Original Acc@1: 54.94, Acc@5: 85.79, TTA Acc@1: 71.97, Acc@5: 96.36
2025-05-30 12:16:41,375 - log - INFO - iter:3320/8041, clip_acc1=54.90964126586914, tta_acc1=71.95783233642578
2025-05-30 12:16:41,375 - log - INFO - iter:3320/8041, Original Acc@1: 54.91, Acc@5: 85.84, TTA Acc@1: 71.96, Acc@5: 96.36
2025-05-30 12:17:28,580 - log - INFO - iter:3340/8041, clip_acc1=54.940120697021484, tta_acc1=71.91616821289062
2025-05-30 12:17:28,580 - log - INFO - iter:3340/8041, Original Acc@1: 54.94, Acc@5: 85.84, TTA Acc@1: 71.92, Acc@5: 96.38
2025-05-30 12:18:16,118 - log - INFO - iter:3360/8041, clip_acc1=54.91071701049805, tta_acc1=71.875
2025-05-30 12:18:16,118 - log - INFO - iter:3360/8041, Original Acc@1: 54.91, Acc@5: 85.71, TTA Acc@1: 71.88, Acc@5: 96.34
2025-05-30 12:19:03,300 - log - INFO - iter:3380/8041, clip_acc1=54.881656646728516, tta_acc1=71.83432006835938
2025-05-30 12:19:03,300 - log - INFO - iter:3380/8041, Original Acc@1: 54.88, Acc@5: 85.74, TTA Acc@1: 71.83, Acc@5: 96.36
2025-05-30 12:19:50,250 - log - INFO - iter:3400/8041, clip_acc1=54.85293960571289, tta_acc1=71.76470184326172
2025-05-30 12:19:50,251 - log - INFO - iter:3400/8041, Original Acc@1: 54.85, Acc@5: 85.76, TTA Acc@1: 71.76, Acc@5: 96.35
2025-05-30 12:20:37,702 - log - INFO - iter:3420/8041, clip_acc1=54.79532241821289, tta_acc1=71.69590759277344
2025-05-30 12:20:37,702 - log - INFO - iter:3420/8041, Original Acc@1: 54.80, Acc@5: 85.76, TTA Acc@1: 71.70, Acc@5: 96.32
2025-05-30 12:21:25,389 - log - INFO - iter:3440/8041, clip_acc1=54.738372802734375, tta_acc1=71.71511840820312
2025-05-30 12:21:25,389 - log - INFO - iter:3440/8041, Original Acc@1: 54.74, Acc@5: 85.81, TTA Acc@1: 71.72, Acc@5: 96.34
2025-05-30 12:22:13,005 - log - INFO - iter:3460/8041, clip_acc1=54.65317916870117, tta_acc1=71.76300048828125
2025-05-30 12:22:13,005 - log - INFO - iter:3460/8041, Original Acc@1: 54.65, Acc@5: 85.81, TTA Acc@1: 71.76, Acc@5: 96.36
2025-05-30 12:23:00,203 - log - INFO - iter:3480/8041, clip_acc1=54.68390655517578, tta_acc1=71.78160858154297
2025-05-30 12:23:00,203 - log - INFO - iter:3480/8041, Original Acc@1: 54.68, Acc@5: 85.80, TTA Acc@1: 71.78, Acc@5: 96.38
2025-05-30 12:23:47,413 - log - INFO - iter:3500/8041, clip_acc1=54.628570556640625, tta_acc1=71.71428680419922
2025-05-30 12:23:47,413 - log - INFO - iter:3500/8041, Original Acc@1: 54.63, Acc@5: 85.71, TTA Acc@1: 71.71, Acc@5: 96.31
2025-05-30 12:24:34,609 - log - INFO - iter:3520/8041, clip_acc1=54.659088134765625, tta_acc1=71.73295593261719
2025-05-30 12:24:34,610 - log - INFO - iter:3520/8041, Original Acc@1: 54.66, Acc@5: 85.68, TTA Acc@1: 71.73, Acc@5: 96.34
2025-05-30 12:25:22,471 - log - INFO - iter:3540/8041, clip_acc1=54.604522705078125, tta_acc1=71.75141143798828
2025-05-30 12:25:22,471 - log - INFO - iter:3540/8041, Original Acc@1: 54.60, Acc@5: 85.68, TTA Acc@1: 71.75, Acc@5: 96.36
2025-05-30 12:26:10,420 - log - INFO - iter:3560/8041, clip_acc1=54.60674285888672, tta_acc1=71.71348571777344
2025-05-30 12:26:10,420 - log - INFO - iter:3560/8041, Original Acc@1: 54.61, Acc@5: 85.67, TTA Acc@1: 71.71, Acc@5: 96.35
2025-05-30 12:26:57,625 - log - INFO - iter:3580/8041, clip_acc1=54.58100509643555, tta_acc1=71.62010955810547
2025-05-30 12:26:57,626 - log - INFO - iter:3580/8041, Original Acc@1: 54.58, Acc@5: 85.64, TTA Acc@1: 71.62, Acc@5: 96.31
2025-05-30 12:27:45,212 - log - INFO - iter:3600/8041, clip_acc1=54.5, tta_acc1=71.55555725097656
2025-05-30 12:27:45,213 - log - INFO - iter:3600/8041, Original Acc@1: 54.50, Acc@5: 85.61, TTA Acc@1: 71.56, Acc@5: 96.33
2025-05-30 12:28:32,668 - log - INFO - iter:3620/8041, clip_acc1=54.50276184082031, tta_acc1=71.5745849609375
2025-05-30 12:28:32,669 - log - INFO - iter:3620/8041, Original Acc@1: 54.50, Acc@5: 85.69, TTA Acc@1: 71.57, Acc@5: 96.35
2025-05-30 12:29:20,050 - log - INFO - iter:3640/8041, clip_acc1=54.505496978759766, tta_acc1=71.62088012695312
2025-05-30 12:29:20,050 - log - INFO - iter:3640/8041, Original Acc@1: 54.51, Acc@5: 85.71, TTA Acc@1: 71.62, Acc@5: 96.37
2025-05-30 12:30:07,260 - log - INFO - iter:3660/8041, clip_acc1=54.59016418457031, tta_acc1=71.6939926147461
2025-05-30 12:30:07,260 - log - INFO - iter:3660/8041, Original Acc@1: 54.59, Acc@5: 85.77, TTA Acc@1: 71.69, Acc@5: 96.39
2025-05-30 12:30:55,229 - log - INFO - iter:3680/8041, clip_acc1=54.48369216918945, tta_acc1=71.63043212890625
2025-05-30 12:30:55,230 - log - INFO - iter:3680/8041, Original Acc@1: 54.48, Acc@5: 85.71, TTA Acc@1: 71.63, Acc@5: 96.39
2025-05-30 12:31:42,112 - log - INFO - iter:3700/8041, clip_acc1=54.486488342285156, tta_acc1=71.64865112304688
2025-05-30 12:31:42,112 - log - INFO - iter:3700/8041, Original Acc@1: 54.49, Acc@5: 85.73, TTA Acc@1: 71.65, Acc@5: 96.41
2025-05-30 12:32:29,892 - log - INFO - iter:3720/8041, clip_acc1=54.51612854003906, tta_acc1=71.69355010986328
2025-05-30 12:32:29,892 - log - INFO - iter:3720/8041, Original Acc@1: 54.52, Acc@5: 85.75, TTA Acc@1: 71.69, Acc@5: 96.40
2025-05-30 12:33:17,388 - log - INFO - iter:3740/8041, clip_acc1=54.491981506347656, tta_acc1=71.71123504638672
2025-05-30 12:33:17,388 - log - INFO - iter:3740/8041, Original Acc@1: 54.49, Acc@5: 85.72, TTA Acc@1: 71.71, Acc@5: 96.36
2025-05-30 12:34:04,679 - log - INFO - iter:3760/8041, clip_acc1=54.468082427978516, tta_acc1=71.64893341064453
2025-05-30 12:34:04,679 - log - INFO - iter:3760/8041, Original Acc@1: 54.47, Acc@5: 85.66, TTA Acc@1: 71.65, Acc@5: 96.36
2025-05-30 12:34:53,018 - log - INFO - iter:3780/8041, clip_acc1=54.52381134033203, tta_acc1=71.64021301269531
2025-05-30 12:34:53,018 - log - INFO - iter:3780/8041, Original Acc@1: 54.52, Acc@5: 85.71, TTA Acc@1: 71.64, Acc@5: 96.35
2025-05-30 12:35:40,239 - log - INFO - iter:3800/8041, clip_acc1=54.499996185302734, tta_acc1=71.65789031982422
2025-05-30 12:35:40,239 - log - INFO - iter:3800/8041, Original Acc@1: 54.50, Acc@5: 85.74, TTA Acc@1: 71.66, Acc@5: 96.34
2025-05-30 12:36:27,565 - log - INFO - iter:3820/8041, clip_acc1=54.45026397705078, tta_acc1=71.5706787109375
2025-05-30 12:36:27,565 - log - INFO - iter:3820/8041, Original Acc@1: 54.45, Acc@5: 85.73, TTA Acc@1: 71.57, Acc@5: 96.34
2025-05-30 12:37:14,506 - log - INFO - iter:3840/8041, clip_acc1=54.427085876464844, tta_acc1=71.51042175292969
2025-05-30 12:37:14,506 - log - INFO - iter:3840/8041, Original Acc@1: 54.43, Acc@5: 85.78, TTA Acc@1: 71.51, Acc@5: 96.35
2025-05-30 12:38:01,350 - log - INFO - iter:3860/8041, clip_acc1=54.5336799621582, tta_acc1=71.58031463623047
2025-05-30 12:38:01,350 - log - INFO - iter:3860/8041, Original Acc@1: 54.53, Acc@5: 85.83, TTA Acc@1: 71.58, Acc@5: 96.37
2025-05-30 12:38:48,552 - log - INFO - iter:3880/8041, clip_acc1=54.6134033203125, tta_acc1=71.59793853759766
2025-05-30 12:38:48,552 - log - INFO - iter:3880/8041, Original Acc@1: 54.61, Acc@5: 85.88, TTA Acc@1: 71.60, Acc@5: 96.39
2025-05-30 12:39:35,525 - log - INFO - iter:3900/8041, clip_acc1=54.53845977783203, tta_acc1=71.69230651855469
2025-05-30 12:39:35,525 - log - INFO - iter:3900/8041, Original Acc@1: 54.54, Acc@5: 85.87, TTA Acc@1: 71.69, Acc@5: 96.41
2025-05-30 12:40:22,802 - log - INFO - iter:3920/8041, clip_acc1=54.566322326660156, tta_acc1=71.60713958740234
2025-05-30 12:40:22,802 - log - INFO - iter:3920/8041, Original Acc@1: 54.57, Acc@5: 85.89, TTA Acc@1: 71.61, Acc@5: 96.38
2025-05-30 12:41:10,992 - log - INFO - iter:3940/8041, clip_acc1=54.46700668334961, tta_acc1=71.54822540283203
2025-05-30 12:41:10,992 - log - INFO - iter:3940/8041, Original Acc@1: 54.47, Acc@5: 85.81, TTA Acc@1: 71.55, Acc@5: 96.40
2025-05-30 12:41:58,887 - log - INFO - iter:3960/8041, clip_acc1=54.54545593261719, tta_acc1=71.56565856933594
2025-05-30 12:41:58,888 - log - INFO - iter:3960/8041, Original Acc@1: 54.55, Acc@5: 85.83, TTA Acc@1: 71.57, Acc@5: 96.39
2025-05-30 12:42:46,591 - log - INFO - iter:3980/8041, clip_acc1=54.62311553955078, tta_acc1=71.65828704833984
2025-05-30 12:42:46,591 - log - INFO - iter:3980/8041, Original Acc@1: 54.62, Acc@5: 85.83, TTA Acc@1: 71.66, Acc@5: 96.41
2025-05-30 12:43:34,007 - log - INFO - iter:4000/8041, clip_acc1=54.60000228881836, tta_acc1=71.72500610351562
2025-05-30 12:43:34,007 - log - INFO - iter:4000/8041, Original Acc@1: 54.60, Acc@5: 85.85, TTA Acc@1: 71.73, Acc@5: 96.40
2025-05-30 12:44:22,762 - log - INFO - iter:4020/8041, clip_acc1=54.577117919921875, tta_acc1=71.71642303466797
2025-05-30 12:44:22,762 - log - INFO - iter:4020/8041, Original Acc@1: 54.58, Acc@5: 85.90, TTA Acc@1: 71.72, Acc@5: 96.42
2025-05-30 12:45:09,884 - log - INFO - iter:4040/8041, clip_acc1=54.52970504760742, tta_acc1=71.6089096069336
2025-05-30 12:45:09,884 - log - INFO - iter:4040/8041, Original Acc@1: 54.53, Acc@5: 85.87, TTA Acc@1: 71.61, Acc@5: 96.39
2025-05-30 12:45:57,107 - log - INFO - iter:4060/8041, clip_acc1=54.58128356933594, tta_acc1=71.60099029541016
2025-05-30 12:45:57,107 - log - INFO - iter:4060/8041, Original Acc@1: 54.58, Acc@5: 85.84, TTA Acc@1: 71.60, Acc@5: 96.40
2025-05-30 12:46:44,716 - log - INFO - iter:4080/8041, clip_acc1=54.607845306396484, tta_acc1=71.49510192871094
2025-05-30 12:46:44,716 - log - INFO - iter:4080/8041, Original Acc@1: 54.61, Acc@5: 85.86, TTA Acc@1: 71.50, Acc@5: 96.42
2025-05-30 12:47:32,132 - log - INFO - iter:4100/8041, clip_acc1=54.65853500366211, tta_acc1=71.56097412109375
2025-05-30 12:47:32,132 - log - INFO - iter:4100/8041, Original Acc@1: 54.66, Acc@5: 85.88, TTA Acc@1: 71.56, Acc@5: 96.41
2025-05-30 12:48:19,344 - log - INFO - iter:4120/8041, clip_acc1=54.68446731567383, tta_acc1=71.55339813232422
2025-05-30 12:48:19,344 - log - INFO - iter:4120/8041, Original Acc@1: 54.68, Acc@5: 85.87, TTA Acc@1: 71.55, Acc@5: 96.41
2025-05-30 12:49:06,548 - log - INFO - iter:4140/8041, clip_acc1=54.68598937988281, tta_acc1=71.47342681884766
2025-05-30 12:49:06,548 - log - INFO - iter:4140/8041, Original Acc@1: 54.69, Acc@5: 85.87, TTA Acc@1: 71.47, Acc@5: 96.43
2025-05-30 12:49:53,337 - log - INFO - iter:4160/8041, clip_acc1=54.61538314819336, tta_acc1=71.46634674072266
2025-05-30 12:49:53,338 - log - INFO - iter:4160/8041, Original Acc@1: 54.62, Acc@5: 85.89, TTA Acc@1: 71.47, Acc@5: 96.39
2025-05-30 12:50:40,842 - log - INFO - iter:4180/8041, clip_acc1=54.49760818481445, tta_acc1=71.4832534790039
2025-05-30 12:50:40,842 - log - INFO - iter:4180/8041, Original Acc@1: 54.50, Acc@5: 85.86, TTA Acc@1: 71.48, Acc@5: 96.41
2025-05-30 12:51:29,198 - log - INFO - iter:4200/8041, clip_acc1=54.595237731933594, tta_acc1=71.52381134033203
2025-05-30 12:51:29,198 - log - INFO - iter:4200/8041, Original Acc@1: 54.60, Acc@5: 85.88, TTA Acc@1: 71.52, Acc@5: 96.43
2025-05-30 12:52:16,010 - log - INFO - iter:4220/8041, clip_acc1=54.57345962524414, tta_acc1=71.540283203125
2025-05-30 12:52:16,011 - log - INFO - iter:4220/8041, Original Acc@1: 54.57, Acc@5: 85.85, TTA Acc@1: 71.54, Acc@5: 96.45
2025-05-30 12:53:04,439 - log - INFO - iter:4240/8041, clip_acc1=54.57547378540039, tta_acc1=71.50943756103516
2025-05-30 12:53:04,439 - log - INFO - iter:4240/8041, Original Acc@1: 54.58, Acc@5: 85.87, TTA Acc@1: 71.51, Acc@5: 96.44
2025-05-30 12:53:51,412 - log - INFO - iter:4260/8041, clip_acc1=54.64788818359375, tta_acc1=71.64319610595703
2025-05-30 12:53:51,412 - log - INFO - iter:4260/8041, Original Acc@1: 54.65, Acc@5: 85.94, TTA Acc@1: 71.64, Acc@5: 96.46
2025-05-30 12:54:38,629 - log - INFO - iter:4280/8041, clip_acc1=54.69626235961914, tta_acc1=71.68224334716797
2025-05-30 12:54:38,630 - log - INFO - iter:4280/8041, Original Acc@1: 54.70, Acc@5: 85.96, TTA Acc@1: 71.68, Acc@5: 96.47
2025-05-30 12:55:25,571 - log - INFO - iter:4300/8041, clip_acc1=54.65116500854492, tta_acc1=71.6279067993164
2025-05-30 12:55:25,571 - log - INFO - iter:4300/8041, Original Acc@1: 54.65, Acc@5: 85.93, TTA Acc@1: 71.63, Acc@5: 96.44
2025-05-30 12:56:12,904 - log - INFO - iter:4320/8041, clip_acc1=54.675926208496094, tta_acc1=71.62036895751953
2025-05-30 12:56:12,904 - log - INFO - iter:4320/8041, Original Acc@1: 54.68, Acc@5: 85.93, TTA Acc@1: 71.62, Acc@5: 96.46
2025-05-30 12:56:59,707 - log - INFO - iter:4340/8041, clip_acc1=54.56221389770508, tta_acc1=71.63594818115234
2025-05-30 12:56:59,707 - log - INFO - iter:4340/8041, Original Acc@1: 54.56, Acc@5: 85.78, TTA Acc@1: 71.64, Acc@5: 96.45
2025-05-30 12:57:46,920 - log - INFO - iter:4360/8041, clip_acc1=54.678897857666016, tta_acc1=71.72018432617188
2025-05-30 12:57:46,920 - log - INFO - iter:4360/8041, Original Acc@1: 54.68, Acc@5: 85.85, TTA Acc@1: 71.72, Acc@5: 96.47
2025-05-30 12:58:33,708 - log - INFO - iter:4380/8041, clip_acc1=54.771690368652344, tta_acc1=71.78082275390625
2025-05-30 12:58:33,708 - log - INFO - iter:4380/8041, Original Acc@1: 54.77, Acc@5: 85.89, TTA Acc@1: 71.78, Acc@5: 96.48
2025-05-30 12:59:20,547 - log - INFO - iter:4400/8041, clip_acc1=54.79545593261719, tta_acc1=71.81818389892578
2025-05-30 12:59:20,547 - log - INFO - iter:4400/8041, Original Acc@1: 54.80, Acc@5: 85.89, TTA Acc@1: 71.82, Acc@5: 96.48
2025-05-30 13:00:07,494 - log - INFO - iter:4420/8041, clip_acc1=54.79637908935547, tta_acc1=71.8778305053711
2025-05-30 13:00:07,494 - log - INFO - iter:4420/8041, Original Acc@1: 54.80, Acc@5: 85.88, TTA Acc@1: 71.88, Acc@5: 96.47
2025-05-30 13:00:54,165 - log - INFO - iter:4440/8041, clip_acc1=54.842342376708984, tta_acc1=71.93693542480469
2025-05-30 13:00:54,165 - log - INFO - iter:4440/8041, Original Acc@1: 54.84, Acc@5: 85.88, TTA Acc@1: 71.94, Acc@5: 96.46
2025-05-30 13:01:41,149 - log - INFO - iter:4460/8041, clip_acc1=54.86547088623047, tta_acc1=71.90583038330078
2025-05-30 13:01:41,149 - log - INFO - iter:4460/8041, Original Acc@1: 54.87, Acc@5: 85.90, TTA Acc@1: 71.91, Acc@5: 96.48
2025-05-30 13:02:28,165 - log - INFO - iter:4480/8041, clip_acc1=54.86607360839844, tta_acc1=71.875
2025-05-30 13:02:28,166 - log - INFO - iter:4480/8041, Original Acc@1: 54.87, Acc@5: 85.89, TTA Acc@1: 71.88, Acc@5: 96.50
2025-05-30 13:03:15,072 - log - INFO - iter:4500/8041, clip_acc1=54.93333435058594, tta_acc1=71.95555877685547
2025-05-30 13:03:15,072 - log - INFO - iter:4500/8041, Original Acc@1: 54.93, Acc@5: 85.96, TTA Acc@1: 71.96, Acc@5: 96.51
2025-05-30 13:04:01,705 - log - INFO - iter:4520/8041, clip_acc1=54.911502838134766, tta_acc1=71.9468994140625
2025-05-30 13:04:01,705 - log - INFO - iter:4520/8041, Original Acc@1: 54.91, Acc@5: 85.91, TTA Acc@1: 71.95, Acc@5: 96.53
2025-05-30 13:04:48,928 - log - INFO - iter:4540/8041, clip_acc1=54.82379150390625, tta_acc1=71.91629791259766
2025-05-30 13:04:48,928 - log - INFO - iter:4540/8041, Original Acc@1: 54.82, Acc@5: 85.84, TTA Acc@1: 71.92, Acc@5: 96.54
2025-05-30 13:05:35,515 - log - INFO - iter:4560/8041, clip_acc1=54.824562072753906, tta_acc1=71.90789794921875
2025-05-30 13:05:35,515 - log - INFO - iter:4560/8041, Original Acc@1: 54.82, Acc@5: 85.79, TTA Acc@1: 71.91, Acc@5: 96.56
2025-05-30 13:06:22,407 - log - INFO - iter:4580/8041, clip_acc1=54.80349349975586, tta_acc1=71.92140197753906
2025-05-30 13:06:22,407 - log - INFO - iter:4580/8041, Original Acc@1: 54.80, Acc@5: 85.74, TTA Acc@1: 71.92, Acc@5: 96.55
2025-05-30 13:07:09,771 - log - INFO - iter:4600/8041, clip_acc1=54.826087951660156, tta_acc1=71.89130401611328
2025-05-30 13:07:09,771 - log - INFO - iter:4600/8041, Original Acc@1: 54.83, Acc@5: 85.74, TTA Acc@1: 71.89, Acc@5: 96.52
2025-05-30 13:07:56,957 - log - INFO - iter:4620/8041, clip_acc1=54.80519485473633, tta_acc1=71.83982849121094
2025-05-30 13:07:56,957 - log - INFO - iter:4620/8041, Original Acc@1: 54.81, Acc@5: 85.76, TTA Acc@1: 71.84, Acc@5: 96.49
2025-05-30 13:08:43,998 - log - INFO - iter:4640/8041, clip_acc1=54.784481048583984, tta_acc1=71.875
2025-05-30 13:08:43,999 - log - INFO - iter:4640/8041, Original Acc@1: 54.78, Acc@5: 85.82, TTA Acc@1: 71.88, Acc@5: 96.51
2025-05-30 13:09:31,625 - log - INFO - iter:4660/8041, clip_acc1=54.78540802001953, tta_acc1=71.88841247558594
2025-05-30 13:09:31,625 - log - INFO - iter:4660/8041, Original Acc@1: 54.79, Acc@5: 85.82, TTA Acc@1: 71.89, Acc@5: 96.52
2025-05-30 13:10:19,835 - log - INFO - iter:4680/8041, clip_acc1=54.80769348144531, tta_acc1=71.92308044433594
2025-05-30 13:10:19,835 - log - INFO - iter:4680/8041, Original Acc@1: 54.81, Acc@5: 85.85, TTA Acc@1: 71.92, Acc@5: 96.52
2025-05-30 13:11:07,231 - log - INFO - iter:4700/8041, clip_acc1=54.87234115600586, tta_acc1=71.97872161865234
2025-05-30 13:11:07,231 - log - INFO - iter:4700/8041, Original Acc@1: 54.87, Acc@5: 85.87, TTA Acc@1: 71.98, Acc@5: 96.51
2025-05-30 13:11:54,265 - log - INFO - iter:4720/8041, clip_acc1=54.894065856933594, tta_acc1=71.99152374267578
2025-05-30 13:11:54,265 - log - INFO - iter:4720/8041, Original Acc@1: 54.89, Acc@5: 85.89, TTA Acc@1: 71.99, Acc@5: 96.50
2025-05-30 13:12:41,147 - log - INFO - iter:4740/8041, clip_acc1=54.95780563354492, tta_acc1=71.96202850341797
2025-05-30 13:12:41,147 - log - INFO - iter:4740/8041, Original Acc@1: 54.96, Acc@5: 85.93, TTA Acc@1: 71.96, Acc@5: 96.50
2025-05-30 13:13:28,121 - log - INFO - iter:4760/8041, clip_acc1=54.936973571777344, tta_acc1=71.93277740478516
2025-05-30 13:13:28,121 - log - INFO - iter:4760/8041, Original Acc@1: 54.94, Acc@5: 85.88, TTA Acc@1: 71.93, Acc@5: 96.49
2025-05-30 13:14:17,676 - log - INFO - iter:4780/8041, clip_acc1=54.89540100097656, tta_acc1=71.94561004638672
2025-05-30 13:14:17,676 - log - INFO - iter:4780/8041, Original Acc@1: 54.90, Acc@5: 85.82, TTA Acc@1: 71.95, Acc@5: 96.51
2025-05-30 13:15:05,485 - log - INFO - iter:4800/8041, clip_acc1=54.958335876464844, tta_acc1=71.97917175292969
2025-05-30 13:15:05,485 - log - INFO - iter:4800/8041, Original Acc@1: 54.96, Acc@5: 85.88, TTA Acc@1: 71.98, Acc@5: 96.52
2025-05-30 13:15:52,791 - log - INFO - iter:4820/8041, clip_acc1=54.9585075378418, tta_acc1=71.9087142944336
2025-05-30 13:15:52,791 - log - INFO - iter:4820/8041, Original Acc@1: 54.96, Acc@5: 85.83, TTA Acc@1: 71.91, Acc@5: 96.51
2025-05-30 13:16:39,756 - log - INFO - iter:4840/8041, clip_acc1=55.0, tta_acc1=71.90082550048828
2025-05-30 13:16:39,757 - log - INFO - iter:4840/8041, Original Acc@1: 55.00, Acc@5: 85.85, TTA Acc@1: 71.90, Acc@5: 96.53
2025-05-30 13:17:26,503 - log - INFO - iter:4860/8041, clip_acc1=54.95884704589844, tta_acc1=71.87242889404297
2025-05-30 13:17:26,503 - log - INFO - iter:4860/8041, Original Acc@1: 54.96, Acc@5: 85.82, TTA Acc@1: 71.87, Acc@5: 96.54
2025-05-30 13:18:13,983 - log - INFO - iter:4880/8041, clip_acc1=54.97950744628906, tta_acc1=71.82376861572266
2025-05-30 13:18:13,983 - log - INFO - iter:4880/8041, Original Acc@1: 54.98, Acc@5: 85.80, TTA Acc@1: 71.82, Acc@5: 96.54
2025-05-30 13:19:00,867 - log - INFO - iter:4900/8041, clip_acc1=55.04081726074219, tta_acc1=71.83673095703125
2025-05-30 13:19:00,867 - log - INFO - iter:4900/8041, Original Acc@1: 55.04, Acc@5: 85.84, TTA Acc@1: 71.84, Acc@5: 96.55
2025-05-30 13:19:48,269 - log - INFO - iter:4920/8041, clip_acc1=55.0406494140625, tta_acc1=71.80894470214844
2025-05-30 13:19:48,269 - log - INFO - iter:4920/8041, Original Acc@1: 55.04, Acc@5: 85.83, TTA Acc@1: 71.81, Acc@5: 96.57
2025-05-30 13:20:34,889 - log - INFO - iter:4940/8041, clip_acc1=55.080970764160156, tta_acc1=71.7813720703125
2025-05-30 13:20:34,889 - log - INFO - iter:4940/8041, Original Acc@1: 55.08, Acc@5: 85.87, TTA Acc@1: 71.78, Acc@5: 96.58
2025-05-30 13:21:22,384 - log - INFO - iter:4960/8041, clip_acc1=55.08064270019531, tta_acc1=71.7540283203125
2025-05-30 13:21:22,384 - log - INFO - iter:4960/8041, Original Acc@1: 55.08, Acc@5: 85.89, TTA Acc@1: 71.75, Acc@5: 96.57
2025-05-30 13:22:09,405 - log - INFO - iter:4980/8041, clip_acc1=55.02008056640625, tta_acc1=71.78714752197266
2025-05-30 13:22:09,405 - log - INFO - iter:4980/8041, Original Acc@1: 55.02, Acc@5: 85.88, TTA Acc@1: 71.79, Acc@5: 96.59
2025-05-30 13:22:56,157 - log - INFO - iter:5000/8041, clip_acc1=55.02000045776367, tta_acc1=71.83999633789062
2025-05-30 13:22:56,157 - log - INFO - iter:5000/8041, Original Acc@1: 55.02, Acc@5: 85.90, TTA Acc@1: 71.84, Acc@5: 96.60
2025-05-30 13:23:43,639 - log - INFO - iter:5020/8041, clip_acc1=55.05976104736328, tta_acc1=71.85259246826172
2025-05-30 13:23:43,639 - log - INFO - iter:5020/8041, Original Acc@1: 55.06, Acc@5: 85.92, TTA Acc@1: 71.85, Acc@5: 96.61
2025-05-30 13:24:31,080 - log - INFO - iter:5040/8041, clip_acc1=55.05952453613281, tta_acc1=71.80555725097656
2025-05-30 13:24:31,080 - log - INFO - iter:5040/8041, Original Acc@1: 55.06, Acc@5: 85.89, TTA Acc@1: 71.81, Acc@5: 96.61
2025-05-30 13:25:17,694 - log - INFO - iter:5060/8041, clip_acc1=54.9802360534668, tta_acc1=71.7588882446289
2025-05-30 13:25:17,694 - log - INFO - iter:5060/8041, Original Acc@1: 54.98, Acc@5: 85.83, TTA Acc@1: 71.76, Acc@5: 96.58
2025-05-30 13:26:04,714 - log - INFO - iter:5080/8041, clip_acc1=54.94094467163086, tta_acc1=71.69291687011719
2025-05-30 13:26:04,714 - log - INFO - iter:5080/8041, Original Acc@1: 54.94, Acc@5: 85.79, TTA Acc@1: 71.69, Acc@5: 96.59
2025-05-30 13:26:52,192 - log - INFO - iter:5100/8041, clip_acc1=54.90195846557617, tta_acc1=71.7450942993164
2025-05-30 13:26:52,192 - log - INFO - iter:5100/8041, Original Acc@1: 54.90, Acc@5: 85.75, TTA Acc@1: 71.75, Acc@5: 96.59
2025-05-30 13:27:39,954 - log - INFO - iter:5120/8041, clip_acc1=54.86328125, tta_acc1=71.7578125
2025-05-30 13:27:39,954 - log - INFO - iter:5120/8041, Original Acc@1: 54.86, Acc@5: 85.74, TTA Acc@1: 71.76, Acc@5: 96.60
2025-05-30 13:28:26,700 - log - INFO - iter:5140/8041, clip_acc1=54.86381149291992, tta_acc1=71.77043151855469
2025-05-30 13:28:26,700 - log - INFO - iter:5140/8041, Original Acc@1: 54.86, Acc@5: 85.74, TTA Acc@1: 71.77, Acc@5: 96.61
2025-05-30 13:29:14,665 - log - INFO - iter:5160/8041, clip_acc1=54.903099060058594, tta_acc1=71.72480773925781
2025-05-30 13:29:14,665 - log - INFO - iter:5160/8041, Original Acc@1: 54.90, Acc@5: 85.74, TTA Acc@1: 71.72, Acc@5: 96.61
2025-05-30 13:30:01,486 - log - INFO - iter:5180/8041, clip_acc1=54.903472900390625, tta_acc1=71.81466674804688
2025-05-30 13:30:01,486 - log - INFO - iter:5180/8041, Original Acc@1: 54.90, Acc@5: 85.71, TTA Acc@1: 71.81, Acc@5: 96.60
2025-05-30 13:30:48,445 - log - INFO - iter:5200/8041, clip_acc1=54.92307662963867, tta_acc1=71.84615325927734
2025-05-30 13:30:48,445 - log - INFO - iter:5200/8041, Original Acc@1: 54.92, Acc@5: 85.77, TTA Acc@1: 71.85, Acc@5: 96.62
2025-05-30 13:31:35,339 - log - INFO - iter:5220/8041, clip_acc1=54.90421676635742, tta_acc1=71.78160858154297
2025-05-30 13:31:35,340 - log - INFO - iter:5220/8041, Original Acc@1: 54.90, Acc@5: 85.73, TTA Acc@1: 71.78, Acc@5: 96.61
2025-05-30 13:32:22,057 - log - INFO - iter:5240/8041, clip_acc1=54.904579162597656, tta_acc1=71.77481079101562
2025-05-30 13:32:22,057 - log - INFO - iter:5240/8041, Original Acc@1: 54.90, Acc@5: 85.71, TTA Acc@1: 71.77, Acc@5: 96.62
2025-05-30 13:33:08,714 - log - INFO - iter:5260/8041, clip_acc1=54.923954010009766, tta_acc1=71.76805877685547
2025-05-30 13:33:08,715 - log - INFO - iter:5260/8041, Original Acc@1: 54.92, Acc@5: 85.74, TTA Acc@1: 71.77, Acc@5: 96.63
2025-05-30 13:33:55,938 - log - INFO - iter:5280/8041, clip_acc1=54.92424011230469, tta_acc1=71.76136016845703
2025-05-30 13:33:55,938 - log - INFO - iter:5280/8041, Original Acc@1: 54.92, Acc@5: 85.76, TTA Acc@1: 71.76, Acc@5: 96.65
2025-05-30 13:34:42,796 - log - INFO - iter:5300/8041, clip_acc1=54.96226501464844, tta_acc1=71.7735824584961
2025-05-30 13:34:42,796 - log - INFO - iter:5300/8041, Original Acc@1: 54.96, Acc@5: 85.79, TTA Acc@1: 71.77, Acc@5: 96.66
2025-05-30 13:35:30,389 - log - INFO - iter:5320/8041, clip_acc1=54.962406158447266, tta_acc1=71.80451202392578
2025-05-30 13:35:30,389 - log - INFO - iter:5320/8041, Original Acc@1: 54.96, Acc@5: 85.81, TTA Acc@1: 71.80, Acc@5: 96.65
2025-05-30 13:36:18,802 - log - INFO - iter:5340/8041, clip_acc1=55.01872634887695, tta_acc1=71.85393524169922
2025-05-30 13:36:18,803 - log - INFO - iter:5340/8041, Original Acc@1: 55.02, Acc@5: 85.84, TTA Acc@1: 71.85, Acc@5: 96.67
2025-05-30 13:37:05,177 - log - INFO - iter:5360/8041, clip_acc1=54.94403076171875, tta_acc1=71.80970001220703
2025-05-30 13:37:05,178 - log - INFO - iter:5360/8041, Original Acc@1: 54.94, Acc@5: 85.80, TTA Acc@1: 71.81, Acc@5: 96.68
2025-05-30 13:37:52,404 - log - INFO - iter:5380/8041, clip_acc1=54.962825775146484, tta_acc1=71.84014892578125
2025-05-30 13:37:52,404 - log - INFO - iter:5380/8041, Original Acc@1: 54.96, Acc@5: 85.76, TTA Acc@1: 71.84, Acc@5: 96.67
2025-05-30 13:38:40,074 - log - INFO - iter:5400/8041, clip_acc1=54.98147964477539, tta_acc1=71.81481170654297
2025-05-30 13:38:40,074 - log - INFO - iter:5400/8041, Original Acc@1: 54.98, Acc@5: 85.74, TTA Acc@1: 71.81, Acc@5: 96.69
2025-05-30 13:39:27,185 - log - INFO - iter:5420/8041, clip_acc1=54.96310043334961, tta_acc1=71.78966522216797
2025-05-30 13:39:27,186 - log - INFO - iter:5420/8041, Original Acc@1: 54.96, Acc@5: 85.74, TTA Acc@1: 71.79, Acc@5: 96.66
2025-05-30 13:40:14,584 - log - INFO - iter:5440/8041, clip_acc1=54.944854736328125, tta_acc1=71.81985473632812
2025-05-30 13:40:14,585 - log - INFO - iter:5440/8041, Original Acc@1: 54.94, Acc@5: 85.74, TTA Acc@1: 71.82, Acc@5: 96.65
2025-05-30 13:41:01,701 - log - INFO - iter:5460/8041, clip_acc1=54.9450569152832, tta_acc1=71.84981536865234
2025-05-30 13:41:01,701 - log - INFO - iter:5460/8041, Original Acc@1: 54.95, Acc@5: 85.75, TTA Acc@1: 71.85, Acc@5: 96.65
2025-05-30 13:41:48,731 - log - INFO - iter:5480/8041, clip_acc1=54.927005767822266, tta_acc1=71.82481384277344
2025-05-30 13:41:48,731 - log - INFO - iter:5480/8041, Original Acc@1: 54.93, Acc@5: 85.75, TTA Acc@1: 71.82, Acc@5: 96.66
2025-05-30 13:42:35,459 - log - INFO - iter:5500/8041, clip_acc1=54.87272644042969, tta_acc1=71.78181457519531
2025-05-30 13:42:35,459 - log - INFO - iter:5500/8041, Original Acc@1: 54.87, Acc@5: 85.73, TTA Acc@1: 71.78, Acc@5: 96.64
2025-05-30 13:43:22,165 - log - INFO - iter:5520/8041, clip_acc1=54.89130783081055, tta_acc1=71.7934799194336
2025-05-30 13:43:22,165 - log - INFO - iter:5520/8041, Original Acc@1: 54.89, Acc@5: 85.74, TTA Acc@1: 71.79, Acc@5: 96.63
2025-05-30 13:44:09,763 - log - INFO - iter:5540/8041, clip_acc1=55.0, tta_acc1=71.84115600585938
2025-05-30 13:44:09,763 - log - INFO - iter:5540/8041, Original Acc@1: 55.00, Acc@5: 85.78, TTA Acc@1: 71.84, Acc@5: 96.64
2025-05-30 13:44:57,587 - log - INFO - iter:5560/8041, clip_acc1=54.964027404785156, tta_acc1=71.8525161743164
2025-05-30 13:44:57,587 - log - INFO - iter:5560/8041, Original Acc@1: 54.96, Acc@5: 85.81, TTA Acc@1: 71.85, Acc@5: 96.65
2025-05-30 13:45:44,972 - log - INFO - iter:5580/8041, clip_acc1=54.96415710449219, tta_acc1=71.82795715332031
2025-05-30 13:45:44,972 - log - INFO - iter:5580/8041, Original Acc@1: 54.96, Acc@5: 85.82, TTA Acc@1: 71.83, Acc@5: 96.65
2025-05-30 13:46:32,745 - log - INFO - iter:5600/8041, clip_acc1=54.98214340209961, tta_acc1=71.80357360839844
2025-05-30 13:46:32,746 - log - INFO - iter:5600/8041, Original Acc@1: 54.98, Acc@5: 85.79, TTA Acc@1: 71.80, Acc@5: 96.61
2025-05-30 13:47:19,876 - log - INFO - iter:5620/8041, clip_acc1=54.94662094116211, tta_acc1=71.77935791015625
2025-05-30 13:47:19,876 - log - INFO - iter:5620/8041, Original Acc@1: 54.95, Acc@5: 85.77, TTA Acc@1: 71.78, Acc@5: 96.62
2025-05-30 13:48:08,347 - log - INFO - iter:5640/8041, clip_acc1=54.982269287109375, tta_acc1=71.80850982666016
2025-05-30 13:48:08,347 - log - INFO - iter:5640/8041, Original Acc@1: 54.98, Acc@5: 85.73, TTA Acc@1: 71.81, Acc@5: 96.63
2025-05-30 13:48:55,945 - log - INFO - iter:5660/8041, clip_acc1=54.964664459228516, tta_acc1=71.80211639404297
2025-05-30 13:48:55,945 - log - INFO - iter:5660/8041, Original Acc@1: 54.96, Acc@5: 85.76, TTA Acc@1: 71.80, Acc@5: 96.64
2025-05-30 13:49:45,372 - log - INFO - iter:5680/8041, clip_acc1=54.964786529541016, tta_acc1=71.79576873779297
2025-05-30 13:49:45,372 - log - INFO - iter:5680/8041, Original Acc@1: 54.96, Acc@5: 85.76, TTA Acc@1: 71.80, Acc@5: 96.65
2025-05-30 13:50:32,692 - log - INFO - iter:5700/8041, clip_acc1=54.94736862182617, tta_acc1=71.8245620727539
2025-05-30 13:50:32,693 - log - INFO - iter:5700/8041, Original Acc@1: 54.95, Acc@5: 85.75, TTA Acc@1: 71.82, Acc@5: 96.65
2025-05-30 13:51:19,399 - log - INFO - iter:5720/8041, clip_acc1=54.96503829956055, tta_acc1=71.76573944091797
2025-05-30 13:51:19,399 - log - INFO - iter:5720/8041, Original Acc@1: 54.97, Acc@5: 85.73, TTA Acc@1: 71.77, Acc@5: 96.63
2025-05-30 13:52:07,145 - log - INFO - iter:5740/8041, clip_acc1=54.96515655517578, tta_acc1=71.7770004272461
2025-05-30 13:52:07,146 - log - INFO - iter:5740/8041, Original Acc@1: 54.97, Acc@5: 85.71, TTA Acc@1: 71.78, Acc@5: 96.62
2025-05-30 13:52:54,079 - log - INFO - iter:5760/8041, clip_acc1=54.93055725097656, tta_acc1=71.75347137451172
2025-05-30 13:52:54,079 - log - INFO - iter:5760/8041, Original Acc@1: 54.93, Acc@5: 85.69, TTA Acc@1: 71.75, Acc@5: 96.61
2025-05-30 13:53:40,737 - log - INFO - iter:5780/8041, clip_acc1=54.91349411010742, tta_acc1=71.76470947265625
2025-05-30 13:53:40,737 - log - INFO - iter:5780/8041, Original Acc@1: 54.91, Acc@5: 85.67, TTA Acc@1: 71.76, Acc@5: 96.61
2025-05-30 13:54:27,965 - log - INFO - iter:5800/8041, clip_acc1=54.94827651977539, tta_acc1=71.74137878417969
2025-05-30 13:54:27,966 - log - INFO - iter:5800/8041, Original Acc@1: 54.95, Acc@5: 85.71, TTA Acc@1: 71.74, Acc@5: 96.60
2025-05-30 13:55:16,137 - log - INFO - iter:5820/8041, clip_acc1=54.931270599365234, tta_acc1=71.76976013183594
2025-05-30 13:55:16,138 - log - INFO - iter:5820/8041, Original Acc@1: 54.93, Acc@5: 85.70, TTA Acc@1: 71.77, Acc@5: 96.62
2025-05-30 13:56:03,186 - log - INFO - iter:5840/8041, clip_acc1=54.982879638671875, tta_acc1=71.78082275390625
2025-05-30 13:56:03,187 - log - INFO - iter:5840/8041, Original Acc@1: 54.98, Acc@5: 85.74, TTA Acc@1: 71.78, Acc@5: 96.63
2025-05-30 13:56:51,951 - log - INFO - iter:5860/8041, clip_acc1=54.96586990356445, tta_acc1=71.72354888916016
2025-05-30 13:56:51,951 - log - INFO - iter:5860/8041, Original Acc@1: 54.97, Acc@5: 85.68, TTA Acc@1: 71.72, Acc@5: 96.62
2025-05-30 13:57:38,890 - log - INFO - iter:5880/8041, clip_acc1=54.8979606628418, tta_acc1=71.70068359375
2025-05-30 13:57:38,890 - log - INFO - iter:5880/8041, Original Acc@1: 54.90, Acc@5: 85.63, TTA Acc@1: 71.70, Acc@5: 96.60
2025-05-30 13:58:26,307 - log - INFO - iter:5900/8041, clip_acc1=54.915252685546875, tta_acc1=71.66101837158203
2025-05-30 13:58:26,307 - log - INFO - iter:5900/8041, Original Acc@1: 54.92, Acc@5: 85.66, TTA Acc@1: 71.66, Acc@5: 96.61
2025-05-30 13:59:14,266 - log - INFO - iter:5920/8041, clip_acc1=54.91554260253906, tta_acc1=71.65541076660156
2025-05-30 13:59:14,266 - log - INFO - iter:5920/8041, Original Acc@1: 54.92, Acc@5: 85.68, TTA Acc@1: 71.66, Acc@5: 96.59
2025-05-30 14:00:01,547 - log - INFO - iter:5940/8041, clip_acc1=54.93265914916992, tta_acc1=71.63299560546875
2025-05-30 14:00:01,548 - log - INFO - iter:5940/8041, Original Acc@1: 54.93, Acc@5: 85.64, TTA Acc@1: 71.63, Acc@5: 96.58
2025-05-30 14:00:48,398 - log - INFO - iter:5960/8041, clip_acc1=54.94966506958008, tta_acc1=71.6107406616211
2025-05-30 14:00:48,398 - log - INFO - iter:5960/8041, Original Acc@1: 54.95, Acc@5: 85.62, TTA Acc@1: 71.61, Acc@5: 96.58
2025-05-30 14:01:35,314 - log - INFO - iter:5980/8041, clip_acc1=54.949832916259766, tta_acc1=71.57190704345703
2025-05-30 14:01:35,314 - log - INFO - iter:5980/8041, Original Acc@1: 54.95, Acc@5: 85.62, TTA Acc@1: 71.57, Acc@5: 96.59
2025-05-30 14:02:22,638 - log - INFO - iter:6000/8041, clip_acc1=54.883331298828125, tta_acc1=71.58333587646484
2025-05-30 14:02:22,638 - log - INFO - iter:6000/8041, Original Acc@1: 54.88, Acc@5: 85.63, TTA Acc@1: 71.58, Acc@5: 96.58
2025-05-30 14:03:09,604 - log - INFO - iter:6020/8041, clip_acc1=54.90032958984375, tta_acc1=71.59468078613281
2025-05-30 14:03:09,604 - log - INFO - iter:6020/8041, Original Acc@1: 54.90, Acc@5: 85.60, TTA Acc@1: 71.59, Acc@5: 96.58
2025-05-30 14:03:56,579 - log - INFO - iter:6040/8041, clip_acc1=54.90066146850586, tta_acc1=71.62252044677734
2025-05-30 14:03:56,579 - log - INFO - iter:6040/8041, Original Acc@1: 54.90, Acc@5: 85.58, TTA Acc@1: 71.62, Acc@5: 96.59
2025-05-30 14:04:43,606 - log - INFO - iter:6060/8041, clip_acc1=54.90099334716797, tta_acc1=71.56765747070312
2025-05-30 14:04:43,606 - log - INFO - iter:6060/8041, Original Acc@1: 54.90, Acc@5: 85.59, TTA Acc@1: 71.57, Acc@5: 96.60
2025-05-30 14:05:30,768 - log - INFO - iter:6080/8041, clip_acc1=54.88487243652344, tta_acc1=71.57894897460938
2025-05-30 14:05:30,768 - log - INFO - iter:6080/8041, Original Acc@1: 54.88, Acc@5: 85.53, TTA Acc@1: 71.58, Acc@5: 96.60
2025-05-30 14:06:17,288 - log - INFO - iter:6100/8041, clip_acc1=54.88524627685547, tta_acc1=71.60655975341797
2025-05-30 14:06:17,289 - log - INFO - iter:6100/8041, Original Acc@1: 54.89, Acc@5: 85.54, TTA Acc@1: 71.61, Acc@5: 96.61
2025-05-30 14:07:05,181 - log - INFO - iter:6120/8041, clip_acc1=54.83660125732422, tta_acc1=71.58496856689453
2025-05-30 14:07:05,182 - log - INFO - iter:6120/8041, Original Acc@1: 54.84, Acc@5: 85.54, TTA Acc@1: 71.58, Acc@5: 96.60
2025-05-30 14:07:52,391 - log - INFO - iter:6140/8041, clip_acc1=54.80455780029297, tta_acc1=71.5960922241211
2025-05-30 14:07:52,391 - log - INFO - iter:6140/8041, Original Acc@1: 54.80, Acc@5: 85.54, TTA Acc@1: 71.60, Acc@5: 96.60
2025-05-30 14:08:39,480 - log - INFO - iter:6160/8041, clip_acc1=54.78895950317383, tta_acc1=71.57467651367188
2025-05-30 14:08:39,481 - log - INFO - iter:6160/8041, Original Acc@1: 54.79, Acc@5: 85.52, TTA Acc@1: 71.57, Acc@5: 96.61
2025-05-30 14:09:26,572 - log - INFO - iter:6180/8041, clip_acc1=54.82200622558594, tta_acc1=71.55339813232422
2025-05-30 14:09:26,572 - log - INFO - iter:6180/8041, Original Acc@1: 54.82, Acc@5: 85.52, TTA Acc@1: 71.55, Acc@5: 96.62
2025-05-30 14:10:13,137 - log - INFO - iter:6200/8041, clip_acc1=54.8709716796875, tta_acc1=71.58065032958984
2025-05-30 14:10:13,137 - log - INFO - iter:6200/8041, Original Acc@1: 54.87, Acc@5: 85.55, TTA Acc@1: 71.58, Acc@5: 96.61
2025-05-30 14:11:00,420 - log - INFO - iter:6220/8041, clip_acc1=54.903533935546875, tta_acc1=71.59163665771484
2025-05-30 14:11:00,420 - log - INFO - iter:6220/8041, Original Acc@1: 54.90, Acc@5: 85.55, TTA Acc@1: 71.59, Acc@5: 96.62
2025-05-30 14:11:47,869 - log - INFO - iter:6240/8041, clip_acc1=54.91987228393555, tta_acc1=71.60256958007812
2025-05-30 14:11:47,869 - log - INFO - iter:6240/8041, Original Acc@1: 54.92, Acc@5: 85.54, TTA Acc@1: 71.60, Acc@5: 96.60
2025-05-30 14:12:35,723 - log - INFO - iter:6260/8041, clip_acc1=54.98402404785156, tta_acc1=71.6453628540039
2025-05-30 14:12:35,724 - log - INFO - iter:6260/8041, Original Acc@1: 54.98, Acc@5: 85.56, TTA Acc@1: 71.65, Acc@5: 96.61
2025-05-30 14:13:22,515 - log - INFO - iter:6280/8041, clip_acc1=55.0318489074707, tta_acc1=71.6719741821289
2025-05-30 14:13:22,515 - log - INFO - iter:6280/8041, Original Acc@1: 55.03, Acc@5: 85.59, TTA Acc@1: 71.67, Acc@5: 96.61
2025-05-30 14:14:09,368 - log - INFO - iter:6300/8041, clip_acc1=55.031742095947266, tta_acc1=71.69841003417969
2025-05-30 14:14:09,368 - log - INFO - iter:6300/8041, Original Acc@1: 55.03, Acc@5: 85.56, TTA Acc@1: 71.70, Acc@5: 96.60
2025-05-30 14:14:57,528 - log - INFO - iter:6320/8041, clip_acc1=55.01582336425781, tta_acc1=71.67721557617188
2025-05-30 14:14:57,529 - log - INFO - iter:6320/8041, Original Acc@1: 55.02, Acc@5: 85.57, TTA Acc@1: 71.68, Acc@5: 96.61
2025-05-30 14:15:44,499 - log - INFO - iter:6340/8041, clip_acc1=55.0, tta_acc1=71.640380859375
2025-05-30 14:15:44,499 - log - INFO - iter:6340/8041, Original Acc@1: 55.00, Acc@5: 85.52, TTA Acc@1: 71.64, Acc@5: 96.59
2025-05-30 14:16:32,352 - log - INFO - iter:6360/8041, clip_acc1=55.06289291381836, tta_acc1=71.66666412353516
2025-05-30 14:16:32,352 - log - INFO - iter:6360/8041, Original Acc@1: 55.06, Acc@5: 85.55, TTA Acc@1: 71.67, Acc@5: 96.60
2025-05-30 14:17:20,276 - log - INFO - iter:6380/8041, clip_acc1=55.078369140625, tta_acc1=71.64576721191406
2025-05-30 14:17:20,276 - log - INFO - iter:6380/8041, Original Acc@1: 55.08, Acc@5: 85.53, TTA Acc@1: 71.65, Acc@5: 96.61
2025-05-30 14:18:07,148 - log - INFO - iter:6400/8041, clip_acc1=54.984375, tta_acc1=71.5625
2025-05-30 14:18:07,148 - log - INFO - iter:6400/8041, Original Acc@1: 54.98, Acc@5: 85.55, TTA Acc@1: 71.56, Acc@5: 96.61
2025-05-30 14:18:53,986 - log - INFO - iter:6420/8041, clip_acc1=55.0, tta_acc1=71.55763244628906
2025-05-30 14:18:53,986 - log - INFO - iter:6420/8041, Original Acc@1: 55.00, Acc@5: 85.56, TTA Acc@1: 71.56, Acc@5: 96.60
2025-05-30 14:19:41,708 - log - INFO - iter:6440/8041, clip_acc1=54.96894454956055, tta_acc1=71.52173614501953
2025-05-30 14:19:41,708 - log - INFO - iter:6440/8041, Original Acc@1: 54.97, Acc@5: 85.57, TTA Acc@1: 71.52, Acc@5: 96.60
2025-05-30 14:20:28,489 - log - INFO - iter:6460/8041, clip_acc1=54.938079833984375, tta_acc1=71.50154876708984
2025-05-30 14:20:28,489 - log - INFO - iter:6460/8041, Original Acc@1: 54.94, Acc@5: 85.56, TTA Acc@1: 71.50, Acc@5: 96.58
2025-05-30 14:21:17,037 - log - INFO - iter:6480/8041, clip_acc1=54.9228401184082, tta_acc1=71.46604919433594
2025-05-30 14:21:17,038 - log - INFO - iter:6480/8041, Original Acc@1: 54.92, Acc@5: 85.57, TTA Acc@1: 71.47, Acc@5: 96.57
2025-05-30 14:22:05,071 - log - INFO - iter:6500/8041, clip_acc1=54.907691955566406, tta_acc1=71.46154022216797
2025-05-30 14:22:05,072 - log - INFO - iter:6500/8041, Original Acc@1: 54.91, Acc@5: 85.54, TTA Acc@1: 71.46, Acc@5: 96.57
2025-05-30 14:22:52,075 - log - INFO - iter:6520/8041, clip_acc1=54.90797424316406, tta_acc1=71.4723892211914
2025-05-30 14:22:52,075 - log - INFO - iter:6520/8041, Original Acc@1: 54.91, Acc@5: 85.55, TTA Acc@1: 71.47, Acc@5: 96.58
2025-05-30 14:23:39,837 - log - INFO - iter:6540/8041, clip_acc1=54.93883514404297, tta_acc1=71.45259857177734
2025-05-30 14:23:39,837 - log - INFO - iter:6540/8041, Original Acc@1: 54.94, Acc@5: 85.58, TTA Acc@1: 71.45, Acc@5: 96.57
2025-05-30 14:24:27,015 - log - INFO - iter:6560/8041, clip_acc1=54.92378234863281, tta_acc1=71.44817352294922
2025-05-30 14:24:27,016 - log - INFO - iter:6560/8041, Original Acc@1: 54.92, Acc@5: 85.58, TTA Acc@1: 71.45, Acc@5: 96.59
2025-05-30 14:25:14,099 - log - INFO - iter:6580/8041, clip_acc1=54.939208984375, tta_acc1=71.44376373291016
2025-05-30 14:25:14,100 - log - INFO - iter:6580/8041, Original Acc@1: 54.94, Acc@5: 85.58, TTA Acc@1: 71.44, Acc@5: 96.57
2025-05-30 14:26:01,531 - log - INFO - iter:6600/8041, clip_acc1=54.969696044921875, tta_acc1=71.46969604492188
2025-05-30 14:26:01,531 - log - INFO - iter:6600/8041, Original Acc@1: 54.97, Acc@5: 85.59, TTA Acc@1: 71.47, Acc@5: 96.55
2025-05-30 14:26:49,216 - log - INFO - iter:6620/8041, clip_acc1=55.000003814697266, tta_acc1=71.49546813964844
2025-05-30 14:26:49,217 - log - INFO - iter:6620/8041, Original Acc@1: 55.00, Acc@5: 85.60, TTA Acc@1: 71.50, Acc@5: 96.56
2025-05-30 14:27:36,394 - log - INFO - iter:6640/8041, clip_acc1=55.01506042480469, tta_acc1=71.47590637207031
2025-05-30 14:27:36,394 - log - INFO - iter:6640/8041, Original Acc@1: 55.02, Acc@5: 85.59, TTA Acc@1: 71.48, Acc@5: 96.52
2025-05-30 14:28:23,179 - log - INFO - iter:6660/8041, clip_acc1=55.0150146484375, tta_acc1=71.48648834228516
2025-05-30 14:28:23,179 - log - INFO - iter:6660/8041, Original Acc@1: 55.02, Acc@5: 85.56, TTA Acc@1: 71.49, Acc@5: 96.50
2025-05-30 14:29:10,734 - log - INFO - iter:6680/8041, clip_acc1=55.01497268676758, tta_acc1=71.49700927734375
2025-05-30 14:29:10,734 - log - INFO - iter:6680/8041, Original Acc@1: 55.01, Acc@5: 85.57, TTA Acc@1: 71.50, Acc@5: 96.50
2025-05-30 14:29:57,842 - log - INFO - iter:6700/8041, clip_acc1=55.014923095703125, tta_acc1=71.50746154785156
2025-05-30 14:29:57,842 - log - INFO - iter:6700/8041, Original Acc@1: 55.01, Acc@5: 85.54, TTA Acc@1: 71.51, Acc@5: 96.49
2025-05-30 14:30:45,412 - log - INFO - iter:6720/8041, clip_acc1=54.94047927856445, tta_acc1=71.45833587646484
2025-05-30 14:30:45,412 - log - INFO - iter:6720/8041, Original Acc@1: 54.94, Acc@5: 85.49, TTA Acc@1: 71.46, Acc@5: 96.50
2025-05-30 14:31:32,369 - log - INFO - iter:6740/8041, clip_acc1=54.896141052246094, tta_acc1=71.42433166503906
2025-05-30 14:31:32,370 - log - INFO - iter:6740/8041, Original Acc@1: 54.90, Acc@5: 85.50, TTA Acc@1: 71.42, Acc@5: 96.50
2025-05-30 14:32:20,012 - log - INFO - iter:6760/8041, clip_acc1=54.9260368347168, tta_acc1=71.44970703125
2025-05-30 14:32:20,012 - log - INFO - iter:6760/8041, Original Acc@1: 54.93, Acc@5: 85.52, TTA Acc@1: 71.45, Acc@5: 96.49
2025-05-30 14:33:07,432 - log - INFO - iter:6780/8041, clip_acc1=54.89675521850586, tta_acc1=71.40117645263672
2025-05-30 14:33:07,432 - log - INFO - iter:6780/8041, Original Acc@1: 54.90, Acc@5: 85.53, TTA Acc@1: 71.40, Acc@5: 96.50
2025-05-30 14:33:54,525 - log - INFO - iter:6800/8041, clip_acc1=54.897056579589844, tta_acc1=71.42646789550781
2025-05-30 14:33:54,525 - log - INFO - iter:6800/8041, Original Acc@1: 54.90, Acc@5: 85.54, TTA Acc@1: 71.43, Acc@5: 96.51
2025-05-30 14:34:42,173 - log - INFO - iter:6820/8041, clip_acc1=54.912025451660156, tta_acc1=71.43695068359375
2025-05-30 14:34:42,173 - log - INFO - iter:6820/8041, Original Acc@1: 54.91, Acc@5: 85.54, TTA Acc@1: 71.44, Acc@5: 96.48
2025-05-30 14:35:29,987 - log - INFO - iter:6840/8041, clip_acc1=54.89765930175781, tta_acc1=71.41812896728516
2025-05-30 14:35:29,987 - log - INFO - iter:6840/8041, Original Acc@1: 54.90, Acc@5: 85.53, TTA Acc@1: 71.42, Acc@5: 96.48
2025-05-30 14:36:17,010 - log - INFO - iter:6860/8041, clip_acc1=54.88338088989258, tta_acc1=71.41399383544922
2025-05-30 14:36:17,010 - log - INFO - iter:6860/8041, Original Acc@1: 54.88, Acc@5: 85.55, TTA Acc@1: 71.41, Acc@5: 96.47
2025-05-30 14:37:03,830 - log - INFO - iter:6880/8041, clip_acc1=54.82558059692383, tta_acc1=71.39534759521484
2025-05-30 14:37:03,830 - log - INFO - iter:6880/8041, Original Acc@1: 54.83, Acc@5: 85.48, TTA Acc@1: 71.40, Acc@5: 96.47
2025-05-30 14:37:52,301 - log - INFO - iter:6900/8041, clip_acc1=54.869564056396484, tta_acc1=71.4202880859375
2025-05-30 14:37:52,302 - log - INFO - iter:6900/8041, Original Acc@1: 54.87, Acc@5: 85.49, TTA Acc@1: 71.42, Acc@5: 96.46
2025-05-30 14:38:38,984 - log - INFO - iter:6920/8041, clip_acc1=54.82658767700195, tta_acc1=71.4017333984375
2025-05-30 14:38:38,985 - log - INFO - iter:6920/8041, Original Acc@1: 54.83, Acc@5: 85.48, TTA Acc@1: 71.40, Acc@5: 96.46
2025-05-30 14:39:25,918 - log - INFO - iter:6940/8041, clip_acc1=54.87031936645508, tta_acc1=71.426513671875
2025-05-30 14:39:25,919 - log - INFO - iter:6940/8041, Original Acc@1: 54.87, Acc@5: 85.48, TTA Acc@1: 71.43, Acc@5: 96.46
2025-05-30 14:40:12,963 - log - INFO - iter:6960/8041, clip_acc1=54.8994255065918, tta_acc1=71.46551513671875
2025-05-30 14:40:12,964 - log - INFO - iter:6960/8041, Original Acc@1: 54.90, Acc@5: 85.49, TTA Acc@1: 71.47, Acc@5: 96.47
2025-05-30 14:41:00,928 - log - INFO - iter:6980/8041, clip_acc1=54.914039611816406, tta_acc1=71.47563934326172
2025-05-30 14:41:00,928 - log - INFO - iter:6980/8041, Original Acc@1: 54.91, Acc@5: 85.50, TTA Acc@1: 71.48, Acc@5: 96.48
2025-05-30 14:41:47,952 - log - INFO - iter:7000/8041, clip_acc1=54.94285583496094, tta_acc1=71.48571014404297
2025-05-30 14:41:47,953 - log - INFO - iter:7000/8041, Original Acc@1: 54.94, Acc@5: 85.50, TTA Acc@1: 71.49, Acc@5: 96.49
2025-05-30 14:42:35,519 - log - INFO - iter:7020/8041, clip_acc1=54.94301986694336, tta_acc1=71.52421569824219
2025-05-30 14:42:35,520 - log - INFO - iter:7020/8041, Original Acc@1: 54.94, Acc@5: 85.48, TTA Acc@1: 71.52, Acc@5: 96.50
2025-05-30 14:43:22,719 - log - INFO - iter:7040/8041, clip_acc1=54.971588134765625, tta_acc1=71.51988220214844
2025-05-30 14:43:22,720 - log - INFO - iter:7040/8041, Original Acc@1: 54.97, Acc@5: 85.51, TTA Acc@1: 71.52, Acc@5: 96.51
2025-05-30 14:44:10,070 - log - INFO - iter:7060/8041, clip_acc1=54.915016174316406, tta_acc1=71.54390716552734
2025-05-30 14:44:10,071 - log - INFO - iter:7060/8041, Original Acc@1: 54.92, Acc@5: 85.51, TTA Acc@1: 71.54, Acc@5: 96.52
2025-05-30 14:44:57,304 - log - INFO - iter:7080/8041, clip_acc1=54.88700866699219, tta_acc1=71.56779479980469
2025-05-30 14:44:57,305 - log - INFO - iter:7080/8041, Original Acc@1: 54.89, Acc@5: 85.55, TTA Acc@1: 71.57, Acc@5: 96.53
2025-05-30 14:45:44,747 - log - INFO - iter:7100/8041, clip_acc1=54.90141296386719, tta_acc1=71.57746887207031
2025-05-30 14:45:44,748 - log - INFO - iter:7100/8041, Original Acc@1: 54.90, Acc@5: 85.56, TTA Acc@1: 71.58, Acc@5: 96.52
2025-05-30 14:46:33,007 - log - INFO - iter:7120/8041, clip_acc1=54.92977523803711, tta_acc1=71.60112762451172
2025-05-30 14:46:33,007 - log - INFO - iter:7120/8041, Original Acc@1: 54.93, Acc@5: 85.56, TTA Acc@1: 71.60, Acc@5: 96.53
2025-05-30 14:47:19,893 - log - INFO - iter:7140/8041, clip_acc1=54.98599624633789, tta_acc1=71.65266418457031
2025-05-30 14:47:19,893 - log - INFO - iter:7140/8041, Original Acc@1: 54.99, Acc@5: 85.59, TTA Acc@1: 71.65, Acc@5: 96.54
2025-05-30 14:48:07,546 - log - INFO - iter:7160/8041, clip_acc1=55.0, tta_acc1=71.67597198486328
2025-05-30 14:48:07,547 - log - INFO - iter:7160/8041, Original Acc@1: 55.00, Acc@5: 85.60, TTA Acc@1: 71.68, Acc@5: 96.55
2025-05-30 14:48:54,440 - log - INFO - iter:7180/8041, clip_acc1=55.04178237915039, tta_acc1=71.62953186035156
2025-05-30 14:48:54,441 - log - INFO - iter:7180/8041, Original Acc@1: 55.04, Acc@5: 85.57, TTA Acc@1: 71.63, Acc@5: 96.52
2025-05-30 14:49:41,323 - log - INFO - iter:7200/8041, clip_acc1=55.05555725097656, tta_acc1=71.6388931274414
2025-05-30 14:49:41,323 - log - INFO - iter:7200/8041, Original Acc@1: 55.06, Acc@5: 85.56, TTA Acc@1: 71.64, Acc@5: 96.53
2025-05-30 14:50:28,242 - log - INFO - iter:7220/8041, clip_acc1=55.013851165771484, tta_acc1=71.63434600830078
2025-05-30 14:50:28,242 - log - INFO - iter:7220/8041, Original Acc@1: 55.01, Acc@5: 85.54, TTA Acc@1: 71.63, Acc@5: 96.54
2025-05-30 14:51:15,541 - log - INFO - iter:7240/8041, clip_acc1=55.04143524169922, tta_acc1=71.62982940673828
2025-05-30 14:51:15,541 - log - INFO - iter:7240/8041, Original Acc@1: 55.04, Acc@5: 85.52, TTA Acc@1: 71.63, Acc@5: 96.52
2025-05-30 14:52:02,582 - log - INFO - iter:7260/8041, clip_acc1=55.01377487182617, tta_acc1=71.6253433227539
2025-05-30 14:52:02,582 - log - INFO - iter:7260/8041, Original Acc@1: 55.01, Acc@5: 85.54, TTA Acc@1: 71.63, Acc@5: 96.52
2025-05-30 14:52:49,559 - log - INFO - iter:7280/8041, clip_acc1=55.01374053955078, tta_acc1=71.66209411621094
2025-05-30 14:52:49,559 - log - INFO - iter:7280/8041, Original Acc@1: 55.01, Acc@5: 85.54, TTA Acc@1: 71.66, Acc@5: 96.51
2025-05-30 14:53:38,344 - log - INFO - iter:7300/8041, clip_acc1=55.01369857788086, tta_acc1=71.64383697509766
2025-05-30 14:53:38,345 - log - INFO - iter:7300/8041, Original Acc@1: 55.01, Acc@5: 85.51, TTA Acc@1: 71.64, Acc@5: 96.51
2025-05-30 14:54:26,742 - log - INFO - iter:7320/8041, clip_acc1=55.05464553833008, tta_acc1=71.66667175292969
2025-05-30 14:54:26,742 - log - INFO - iter:7320/8041, Original Acc@1: 55.05, Acc@5: 85.51, TTA Acc@1: 71.67, Acc@5: 96.52
2025-05-30 14:55:15,369 - log - INFO - iter:7340/8041, clip_acc1=55.000003814697266, tta_acc1=71.62125396728516
2025-05-30 14:55:15,369 - log - INFO - iter:7340/8041, Original Acc@1: 55.00, Acc@5: 85.53, TTA Acc@1: 71.62, Acc@5: 96.53
2025-05-30 14:56:03,912 - log - INFO - iter:7360/8041, clip_acc1=54.945648193359375, tta_acc1=71.58966827392578
2025-05-30 14:56:03,913 - log - INFO - iter:7360/8041, Original Acc@1: 54.95, Acc@5: 85.52, TTA Acc@1: 71.59, Acc@5: 96.52
2025-05-30 14:56:51,876 - log - INFO - iter:7380/8041, clip_acc1=54.959346771240234, tta_acc1=71.55826568603516
2025-05-30 14:56:51,876 - log - INFO - iter:7380/8041, Original Acc@1: 54.96, Acc@5: 85.56, TTA Acc@1: 71.56, Acc@5: 96.53
2025-05-30 14:57:39,032 - log - INFO - iter:7400/8041, clip_acc1=54.9594612121582, tta_acc1=71.5540542602539
2025-05-30 14:57:39,033 - log - INFO - iter:7400/8041, Original Acc@1: 54.96, Acc@5: 85.53, TTA Acc@1: 71.55, Acc@5: 96.53
2025-05-30 14:58:25,917 - log - INFO - iter:7420/8041, clip_acc1=55.0, tta_acc1=71.59029388427734
2025-05-30 14:58:25,917 - log - INFO - iter:7420/8041, Original Acc@1: 55.00, Acc@5: 85.55, TTA Acc@1: 71.59, Acc@5: 96.54
2025-05-30 14:59:12,900 - log - INFO - iter:7440/8041, clip_acc1=55.02688217163086, tta_acc1=71.63978576660156
2025-05-30 14:59:12,900 - log - INFO - iter:7440/8041, Original Acc@1: 55.03, Acc@5: 85.58, TTA Acc@1: 71.64, Acc@5: 96.55
2025-05-30 15:00:00,069 - log - INFO - iter:7460/8041, clip_acc1=55.013404846191406, tta_acc1=71.64879608154297
2025-05-30 15:00:00,069 - log - INFO - iter:7460/8041, Original Acc@1: 55.01, Acc@5: 85.60, TTA Acc@1: 71.65, Acc@5: 96.55
2025-05-30 15:00:48,194 - log - INFO - iter:7480/8041, clip_acc1=55.026737213134766, tta_acc1=71.6443862915039
2025-05-30 15:00:48,194 - log - INFO - iter:7480/8041, Original Acc@1: 55.03, Acc@5: 85.60, TTA Acc@1: 71.64, Acc@5: 96.56
2025-05-30 15:01:35,358 - log - INFO - iter:7500/8041, clip_acc1=55.026668548583984, tta_acc1=71.63999938964844
2025-05-30 15:01:35,358 - log - INFO - iter:7500/8041, Original Acc@1: 55.03, Acc@5: 85.59, TTA Acc@1: 71.64, Acc@5: 96.55
2025-05-30 15:02:22,510 - log - INFO - iter:7520/8041, clip_acc1=55.02659225463867, tta_acc1=71.63563537597656
2025-05-30 15:02:22,510 - log - INFO - iter:7520/8041, Original Acc@1: 55.03, Acc@5: 85.60, TTA Acc@1: 71.64, Acc@5: 96.56
2025-05-30 15:03:09,488 - log - INFO - iter:7540/8041, clip_acc1=55.03978729248047, tta_acc1=71.61803436279297
2025-05-30 15:03:09,489 - log - INFO - iter:7540/8041, Original Acc@1: 55.04, Acc@5: 85.58, TTA Acc@1: 71.62, Acc@5: 96.54
2025-05-30 15:03:57,091 - log - INFO - iter:7560/8041, clip_acc1=55.0396842956543, tta_acc1=71.61375427246094
2025-05-30 15:03:57,091 - log - INFO - iter:7560/8041, Original Acc@1: 55.04, Acc@5: 85.57, TTA Acc@1: 71.61, Acc@5: 96.52
2025-05-30 15:04:44,077 - log - INFO - iter:7580/8041, clip_acc1=55.05276870727539, tta_acc1=71.6358871459961
2025-05-30 15:04:44,077 - log - INFO - iter:7580/8041, Original Acc@1: 55.05, Acc@5: 85.58, TTA Acc@1: 71.64, Acc@5: 96.53
2025-05-30 15:05:30,781 - log - INFO - iter:7600/8041, clip_acc1=55.07894515991211, tta_acc1=71.64473724365234
2025-05-30 15:05:30,781 - log - INFO - iter:7600/8041, Original Acc@1: 55.08, Acc@5: 85.59, TTA Acc@1: 71.64, Acc@5: 96.54
2025-05-30 15:06:17,589 - log - INFO - iter:7620/8041, clip_acc1=55.091861724853516, tta_acc1=71.64041900634766
2025-05-30 15:06:17,590 - log - INFO - iter:7620/8041, Original Acc@1: 55.09, Acc@5: 85.60, TTA Acc@1: 71.64, Acc@5: 96.54
2025-05-30 15:07:04,456 - log - INFO - iter:7640/8041, clip_acc1=55.06544494628906, tta_acc1=71.60994720458984
2025-05-30 15:07:04,456 - log - INFO - iter:7640/8041, Original Acc@1: 55.07, Acc@5: 85.59, TTA Acc@1: 71.61, Acc@5: 96.54
2025-05-30 15:07:51,341 - log - INFO - iter:7660/8041, clip_acc1=55.06527328491211, tta_acc1=71.64490509033203
2025-05-30 15:07:51,342 - log - INFO - iter:7660/8041, Original Acc@1: 55.07, Acc@5: 85.59, TTA Acc@1: 71.64, Acc@5: 96.55
2025-05-30 15:08:38,123 - log - INFO - iter:7680/8041, clip_acc1=55.052085876464844, tta_acc1=71.62760925292969
2025-05-30 15:08:38,123 - log - INFO - iter:7680/8041, Original Acc@1: 55.05, Acc@5: 85.56, TTA Acc@1: 71.63, Acc@5: 96.55
2025-05-30 15:09:24,918 - log - INFO - iter:7700/8041, clip_acc1=55.03895950317383, tta_acc1=71.61038970947266
2025-05-30 15:09:24,918 - log - INFO - iter:7700/8041, Original Acc@1: 55.04, Acc@5: 85.55, TTA Acc@1: 71.61, Acc@5: 96.56
2025-05-30 15:10:11,833 - log - INFO - iter:7720/8041, clip_acc1=55.03886413574219, tta_acc1=71.59326934814453
2025-05-30 15:10:11,834 - log - INFO - iter:7720/8041, Original Acc@1: 55.04, Acc@5: 85.57, TTA Acc@1: 71.59, Acc@5: 96.57
2025-05-30 15:10:58,788 - log - INFO - iter:7740/8041, clip_acc1=55.02583694458008, tta_acc1=71.56330108642578
2025-05-30 15:10:58,788 - log - INFO - iter:7740/8041, Original Acc@1: 55.03, Acc@5: 85.57, TTA Acc@1: 71.56, Acc@5: 96.56
2025-05-30 15:11:45,780 - log - INFO - iter:7760/8041, clip_acc1=55.0902099609375, tta_acc1=71.5721664428711
2025-05-30 15:11:45,780 - log - INFO - iter:7760/8041, Original Acc@1: 55.09, Acc@5: 85.57, TTA Acc@1: 71.57, Acc@5: 96.57
2025-05-30 15:12:33,019 - log - INFO - iter:7780/8041, clip_acc1=55.06427001953125, tta_acc1=71.5552749633789
2025-05-30 15:12:33,019 - log - INFO - iter:7780/8041, Original Acc@1: 55.06, Acc@5: 85.54, TTA Acc@1: 71.56, Acc@5: 96.57
2025-05-30 15:13:20,020 - log - INFO - iter:7800/8041, clip_acc1=55.08974075317383, tta_acc1=71.53845977783203
2025-05-30 15:13:20,020 - log - INFO - iter:7800/8041, Original Acc@1: 55.09, Acc@5: 85.55, TTA Acc@1: 71.54, Acc@5: 96.58
2025-05-30 15:14:07,153 - log - INFO - iter:7820/8041, clip_acc1=55.06393814086914, tta_acc1=71.56010437011719
2025-05-30 15:14:07,154 - log - INFO - iter:7820/8041, Original Acc@1: 55.06, Acc@5: 85.56, TTA Acc@1: 71.56, Acc@5: 96.59
2025-05-30 15:14:54,343 - log - INFO - iter:7840/8041, clip_acc1=55.1020393371582, tta_acc1=71.5943832397461
2025-05-30 15:14:54,343 - log - INFO - iter:7840/8041, Original Acc@1: 55.10, Acc@5: 85.57, TTA Acc@1: 71.59, Acc@5: 96.57
2025-05-30 15:15:41,955 - log - INFO - iter:7860/8041, clip_acc1=55.127227783203125, tta_acc1=71.62850189208984
2025-05-30 15:15:41,956 - log - INFO - iter:7860/8041, Original Acc@1: 55.13, Acc@5: 85.57, TTA Acc@1: 71.63, Acc@5: 96.58
2025-05-30 15:16:28,868 - log - INFO - iter:7880/8041, clip_acc1=55.11421585083008, tta_acc1=71.59898376464844
2025-05-30 15:16:28,869 - log - INFO - iter:7880/8041, Original Acc@1: 55.11, Acc@5: 85.61, TTA Acc@1: 71.60, Acc@5: 96.59
2025-05-30 15:17:16,050 - log - INFO - iter:7900/8041, clip_acc1=55.11392593383789, tta_acc1=71.60759735107422
2025-05-30 15:17:16,050 - log - INFO - iter:7900/8041, Original Acc@1: 55.11, Acc@5: 85.59, TTA Acc@1: 71.61, Acc@5: 96.58
2025-05-30 15:18:02,883 - log - INFO - iter:7920/8041, clip_acc1=55.12626647949219, tta_acc1=71.59091186523438
2025-05-30 15:18:02,883 - log - INFO - iter:7920/8041, Original Acc@1: 55.13, Acc@5: 85.59, TTA Acc@1: 71.59, Acc@5: 96.58
2025-05-30 15:18:49,861 - log - INFO - iter:7940/8041, clip_acc1=55.10075759887695, tta_acc1=71.61209106445312
2025-05-30 15:18:49,861 - log - INFO - iter:7940/8041, Original Acc@1: 55.10, Acc@5: 85.59, TTA Acc@1: 71.61, Acc@5: 96.59
2025-05-30 15:19:37,251 - log - INFO - iter:7960/8041, clip_acc1=55.11306381225586, tta_acc1=71.62060546875
2025-05-30 15:19:37,252 - log - INFO - iter:7960/8041, Original Acc@1: 55.11, Acc@5: 85.59, TTA Acc@1: 71.62, Acc@5: 96.58
2025-05-30 15:20:24,867 - log - INFO - iter:7980/8041, clip_acc1=55.12531280517578, tta_acc1=71.61653900146484
2025-05-30 15:20:24,867 - log - INFO - iter:7980/8041, Original Acc@1: 55.13, Acc@5: 85.58, TTA Acc@1: 71.62, Acc@5: 96.57
2025-05-30 15:21:12,293 - log - INFO - iter:8000/8041, clip_acc1=55.13750076293945, tta_acc1=71.625
2025-05-30 15:21:12,294 - log - INFO - iter:8000/8041, Original Acc@1: 55.14, Acc@5: 85.58, TTA Acc@1: 71.62, Acc@5: 96.54
2025-05-30 15:21:59,260 - log - INFO - iter:8020/8041, clip_acc1=55.12468719482422, tta_acc1=71.59600830078125
2025-05-30 15:21:59,261 - log - INFO - iter:8020/8041, Original Acc@1: 55.12, Acc@5: 85.55, TTA Acc@1: 71.60, Acc@5: 96.52
2025-05-30 15:22:44,619 - log - INFO - iter:8040/8041, clip_acc1=55.12438201904297, tta_acc1=71.57960510253906
2025-05-30 15:22:44,619 - log - INFO - iter:8040/8041, Original Acc@1: 55.12, Acc@5: 85.56, TTA Acc@1: 71.58, Acc@5: 96.53
2025-05-30 15:22:46,684 - log - INFO - iter:8041/8041, clip_acc1=55.12996292114258, tta_acc1=71.58313751220703
2025-05-30 15:22:46,685 - log - INFO - iter:8041/8041, Original Acc@1: 55.13, Acc@5: 85.56, TTA Acc@1: 71.58, Acc@5: 96.53
2025-05-30 15:22:46,801 - log - INFO - Final results - Original Acc@1: 55.13, Acc@5: 85.56, TTA Acc@1: 71.58, Acc@5: 96.53
2025-05-30 15:22:46,801 - log - INFO - Improvement from TTA in Acc@1 16.45, and Acc@5 10.97
2025-05-30 15:22:47,346 - log - INFO - Weighted scores saved to /leonardo_work/EUHPC_R04_192/fmohamma/Adversarial_Robust_Clip/ATPT/Final_Results/ViT-L/14/Cars/Clean/Counter_Attack/Eps_4_0_Steps_2_Alpha_1_0/tau_0_2_beta_2_0_weighted_pertrubation_True/No_TPT/Inference_Ensemble_weighted_rtpt_topk_20_softmaxtemp_0_01/weighted_scores.json
2025-05-30 15:22:47,351 - log - INFO - Creating plot of average weights for each view
2025-05-30 15:22:53,026 - log - INFO - Average weights plot saved to /leonardo_work/EUHPC_R04_192/fmohamma/Adversarial_Robust_Clip/ATPT/Final_Results/ViT-L/14/Cars/Clean/Counter_Attack/Eps_4_0_Steps_2_Alpha_1_0/tau_0_2_beta_2_0_weighted_pertrubation_True/No_TPT/Inference_Ensemble_weighted_rtpt_topk_20_softmaxtemp_0_01/weighted_scores_plot.png
2025-05-30 15:22:53,032 - log - INFO - => Acc. on testset [Cars]: Clean Acc @1 55.12996292114258/ TTA Clean Acc @1 71.58313751220703, Clean Acc @5 85.5615005493164/ TTA Clean Acc @5 96.53028869628906
2025-05-30 15:22:53,032 - log - INFO - Total script execution time: 19105.35 seconds (318.42 minutes)
