2025-06-09 19:28:58,820 - log - INFO - ==========================================
data:/l/users/hashmat.malik/downstream_datasets
test_sets:DTD
dataset_mode:test
arch:fare4
resolution:224
workers:4
no_pin_memory:False
batch_size:64
print_freq:20
gpu:0
no_cudnn_benchmark:False
n_ctx:4
ctx_init:a_photo_of_a
tpt_loss:rtpt
seed:0
output_dir:/l/users/hashmat.malik/atpt_results/fare4/DTD
log_output_dir:/l/users/hashmat.malik/Projects/ATPT/Final_Results/fare4/DTD
eps:4.0
alpha:1.0
alpha_eps_ratio:4.0
steps:100
lr:0.005
selection_p:0.1
tta_steps:0
ensemble_type:vanilla
top_k:20
softmax_temp:0.01
counter_attack:True
counter_attack_type:pgd
counter_attack_steps:2
counter_attack_eps:4.0
counter_attack_alpha:1.0
counter_attack_tau_thres:0.2
counter_attack_beta:2.0
counter_attack_weighted_perturbations:True
pgd_clip_pure_i_text_embeddings:null
pgd_counter_and_clipure_i_lamda:1.0
selected_id_name:selected_topk.json
weighted_score_name:weighted_scores.json
batch_entropy_name:entropies.json
log_dir:/l/users/hashmat.malik/Projects/ATPT/Final_Results/fare4/DTD/Adversarial_Eps_4_0_Steps_100/Counter_Attack/Eps_4_0_Steps_2_Alpha_1_0/tau_0_2_beta_2_0_weighted_pertrubation_True/No_TPT/Inference_Ensemble_vanilla

2025-06-09 19:28:58,820 - log - INFO - Use GPU: 0 for training
2025-06-09 19:29:10,895 - log - INFO - Freezing all parameters except prompt learner
2025-06-09 19:29:10,897 - log - INFO - => Model created: visual backbone fare4
2025-06-09 19:29:10,911 - log - INFO - Number of test samples: 1692
2025-06-09 19:29:10,911 - log - INFO - Evaluating dataset: DTD
2025-06-09 19:29:10,912 - log - INFO - Starting evaluation with batch size: 64, selection percentage: 0.1
2025-06-09 19:29:10,912 - log - INFO - Test-time adaptation steps: 0, learning rate: 0.005
2025-06-09 19:29:10,912 - log - INFO - Using PGD attack with epsilon: 4.0, alpha: 1.0, steps: 100
2025-06-09 19:29:10,912 - log - INFO - Using counter-attack with epsilon: 4.000000, alpha: 1.000000, steps: 2, tau_thres: 0.2, beta: 2.0, weighted perturbation: True
2025-06-09 19:29:10,914 - log - INFO - Using directory for adversarial images: /l/users/hashmat.malik/atpt_results/fare4/DTD/adv_images_eps_4.0_alpha_1.0_steps_100
2025-06-09 19:29:11,836 - log - INFO - Loading existing adversarial image from /l/users/hashmat.malik/atpt_results/fare4/DTD/adv_images_eps_4.0_alpha_1.0_steps_100/banded_banded_0060.pt
2025-06-09 19:29:15,412 - log - INFO - Loading existing adversarial image from /l/users/hashmat.malik/atpt_results/fare4/DTD/adv_images_eps_4.0_alpha_1.0_steps_100/banded_banded_0089.pt
2025-06-09 19:29:17,853 - log - INFO - Loading existing adversarial image from /l/users/hashmat.malik/atpt_results/fare4/DTD/adv_images_eps_4.0_alpha_1.0_steps_100/banded_banded_0137.pt
2025-06-09 19:29:20,293 - log - INFO - Loading existing adversarial image from /l/users/hashmat.malik/atpt_results/fare4/DTD/adv_images_eps_4.0_alpha_1.0_steps_100/banded_banded_0097.pt
2025-06-09 19:29:22,708 - log - INFO - Loading existing adversarial image from /l/users/hashmat.malik/atpt_results/fare4/DTD/adv_images_eps_4.0_alpha_1.0_steps_100/banded_banded_0030.pt
2025-06-09 19:29:25,124 - log - INFO - Loading existing adversarial image from /l/users/hashmat.malik/atpt_results/fare4/DTD/adv_images_eps_4.0_alpha_1.0_steps_100/banded_banded_0109.pt
2025-06-09 19:29:27,650 - log - INFO - Loading existing adversarial image from /l/users/hashmat.malik/atpt_results/fare4/DTD/adv_images_eps_4.0_alpha_1.0_steps_100/banded_banded_0002.pt
2025-06-09 19:29:30,110 - log - INFO - Loading existing adversarial image from /l/users/hashmat.malik/atpt_results/fare4/DTD/adv_images_eps_4.0_alpha_1.0_steps_100/banded_banded_0128.pt
2025-06-09 19:29:32,593 - log - INFO - Loading existing adversarial image from /l/users/hashmat.malik/atpt_results/fare4/DTD/adv_images_eps_4.0_alpha_1.0_steps_100/banded_banded_0006.pt
2025-06-09 19:29:35,037 - log - INFO - Loading existing adversarial image from /l/users/hashmat.malik/atpt_results/fare4/DTD/adv_images_eps_4.0_alpha_1.0_steps_100/banded_banded_0064.pt
2025-06-09 19:29:37,486 - log - INFO - Loading existing adversarial image from /l/users/hashmat.malik/atpt_results/fare4/DTD/adv_images_eps_4.0_alpha_1.0_steps_100/banded_banded_0120.pt
2025-06-09 19:29:39,911 - log - INFO - Loading existing adversarial image from /l/users/hashmat.malik/atpt_results/fare4/DTD/adv_images_eps_4.0_alpha_1.0_steps_100/banded_banded_0104.pt
2025-06-09 19:29:42,316 - log - INFO - Loading existing adversarial image from /l/users/hashmat.malik/atpt_results/fare4/DTD/adv_images_eps_4.0_alpha_1.0_steps_100/banded_banded_0107.pt
2025-06-09 19:29:44,765 - log - INFO - Loading existing adversarial image from /l/users/hashmat.malik/atpt_results/fare4/DTD/adv_images_eps_4.0_alpha_1.0_steps_100/banded_banded_0039.pt
2025-06-09 19:29:47,369 - log - INFO - Loading existing adversarial image from /l/users/hashmat.malik/atpt_results/fare4/DTD/adv_images_eps_4.0_alpha_1.0_steps_100/banded_banded_0135.pt
2025-06-09 19:29:49,931 - log - INFO - Loading existing adversarial image from /l/users/hashmat.malik/atpt_results/fare4/DTD/adv_images_eps_4.0_alpha_1.0_steps_100/banded_banded_0079.pt
2025-06-09 19:29:52,379 - log - INFO - Loading existing adversarial image from /l/users/hashmat.malik/atpt_results/fare4/DTD/adv_images_eps_4.0_alpha_1.0_steps_100/banded_banded_0143.pt
2025-06-09 19:29:54,814 - log - INFO - Loading existing adversarial image from /l/users/hashmat.malik/atpt_results/fare4/DTD/adv_images_eps_4.0_alpha_1.0_steps_100/banded_banded_0034.pt
2025-06-09 19:29:57,222 - log - INFO - Loading existing adversarial image from /l/users/hashmat.malik/atpt_results/fare4/DTD/adv_images_eps_4.0_alpha_1.0_steps_100/banded_banded_0115.pt
2025-06-09 19:29:59,916 - log - INFO - Loading existing adversarial image from /l/users/hashmat.malik/atpt_results/fare4/DTD/adv_images_eps_4.0_alpha_1.0_steps_100/banded_banded_0098.pt
