2025-06-09 03:18:49,717 - log - INFO - ==========================================
data:/l/users/hashmat.malik/downstream_datasets
test_sets:DTD
dataset_mode:test
arch:fare4
resolution:224
workers:4
no_pin_memory:False
batch_size:64
print_freq:20
gpu:0
no_cudnn_benchmark:False
n_ctx:4
ctx_init:a_photo_of_a
tpt_loss:rtpt
seed:0
output_dir:/l/users/hashmat.malik/atpt_results/fare4/DTD
log_output_dir:/l/users/hashmat.malik/Projects/ATPT/Final_Results/fare4/DTD
eps:0.0
alpha:0.0
alpha_eps_ratio:4.0
steps:0
lr:0.005
selection_p:0.1
tta_steps:0
ensemble_type:weighted_rtpt
top_k:20
softmax_temp:0.01
counter_attack:True
counter_attack_type:pgd
counter_attack_steps:2
counter_attack_eps:2.0
counter_attack_alpha:1.0
counter_attack_tau_thres:0.2
counter_attack_beta:2.0
counter_attack_weighted_perturbations:True
pgd_clip_pure_i_text_embeddings:null
pgd_counter_and_clipure_i_lamda:1.0
selected_id_name:selected_topk.json
weighted_score_name:weighted_scores.json
batch_entropy_name:entropies.json
log_dir:/l/users/hashmat.malik/Projects/ATPT/Final_Results/fare4/DTD/Clean/Counter_Attack/Eps_2_0_Steps_2_Alpha_1_0/tau_0_2_beta_2_0_weighted_pertrubation_True/No_TPT/Inference_Ensemble_weighted_rtpt_topk_20_softmaxtemp_0_01

2025-06-09 03:18:49,718 - log - INFO - Use GPU: 0 for training
2025-06-09 03:19:02,407 - log - INFO - Freezing all parameters except prompt learner
2025-06-09 03:19:02,409 - log - INFO - => Model created: visual backbone fare4
2025-06-09 03:19:02,419 - log - INFO - Number of test samples: 1692
2025-06-09 03:19:02,419 - log - INFO - Evaluating dataset: DTD
2025-06-09 03:19:02,420 - log - INFO - Starting evaluation with batch size: 64, selection percentage: 0.1
2025-06-09 03:19:02,420 - log - INFO - Test-time adaptation steps: 0, learning rate: 0.005
2025-06-09 03:19:02,421 - log - INFO - Using counter-attack with epsilon: 2.000000, alpha: 0.000000, steps: 2, tau_thres: 0.2, beta: 2.0, weighted perturbation: True
2025-06-09 03:19:58,255 - log - INFO - iter:20/1692, clip_acc1=5.0, tta_acc1=5.0
2025-06-09 03:19:58,255 - log - INFO - iter:20/1692, Original Acc@1: 5.00, Acc@5: 40.00, TTA Acc@1: 5.00, Acc@5: 55.00
2025-06-09 03:21:00,245 - log - INFO - iter:40/1692, clip_acc1=2.5, tta_acc1=2.5
2025-06-09 03:21:00,245 - log - INFO - iter:40/1692, Original Acc@1: 2.50, Acc@5: 32.50, TTA Acc@1: 2.50, Acc@5: 45.00
2025-06-09 03:21:58,809 - log - INFO - iter:60/1692, clip_acc1=1.6666667461395264, tta_acc1=1.6666667461395264
2025-06-09 03:21:58,818 - log - INFO - iter:60/1692, Original Acc@1: 1.67, Acc@5: 30.00, TTA Acc@1: 1.67, Acc@5: 36.67
2025-06-09 03:22:59,979 - log - INFO - iter:80/1692, clip_acc1=3.75, tta_acc1=2.5
2025-06-09 03:22:59,979 - log - INFO - iter:80/1692, Original Acc@1: 3.75, Acc@5: 30.00, TTA Acc@1: 2.50, Acc@5: 33.75
2025-06-09 03:23:57,629 - log - INFO - iter:100/1692, clip_acc1=4.0, tta_acc1=2.0
2025-06-09 03:23:57,630 - log - INFO - iter:100/1692, Original Acc@1: 4.00, Acc@5: 34.00, TTA Acc@1: 2.00, Acc@5: 37.00
2025-06-09 03:25:08,825 - log - INFO - iter:120/1692, clip_acc1=9.166666984558105, tta_acc1=4.1666669845581055
2025-06-09 03:25:08,825 - log - INFO - iter:120/1692, Original Acc@1: 9.17, Acc@5: 40.00, TTA Acc@1: 4.17, Acc@5: 37.50
2025-06-09 03:26:04,727 - log - INFO - iter:140/1692, clip_acc1=17.85714340209961, tta_acc1=12.142857551574707
2025-06-09 03:26:04,727 - log - INFO - iter:140/1692, Original Acc@1: 17.86, Acc@5: 45.00, TTA Acc@1: 12.14, Acc@5: 42.14
2025-06-09 03:27:19,038 - log - INFO - iter:160/1692, clip_acc1=18.75, tta_acc1=11.875
2025-06-09 03:27:19,038 - log - INFO - iter:160/1692, Original Acc@1: 18.75, Acc@5: 47.50, TTA Acc@1: 11.88, Acc@5: 44.38
2025-06-09 03:28:09,861 - log - INFO - iter:180/1692, clip_acc1=18.88888931274414, tta_acc1=12.777777671813965
2025-06-09 03:28:09,861 - log - INFO - iter:180/1692, Original Acc@1: 18.89, Acc@5: 48.33, TTA Acc@1: 12.78, Acc@5: 46.11
2025-06-09 03:28:59,363 - log - INFO - iter:200/1692, clip_acc1=26.5, tta_acc1=21.0
2025-06-09 03:28:59,364 - log - INFO - iter:200/1692, Original Acc@1: 26.50, Acc@5: 53.50, TTA Acc@1: 21.00, Acc@5: 51.50
2025-06-09 03:29:49,339 - log - INFO - iter:220/1692, clip_acc1=33.18181610107422, tta_acc1=27.727272033691406
2025-06-09 03:29:49,340 - log - INFO - iter:220/1692, Original Acc@1: 33.18, Acc@5: 57.73, TTA Acc@1: 27.73, Acc@5: 55.91
2025-06-09 03:30:39,234 - log - INFO - iter:240/1692, clip_acc1=37.083335876464844, tta_acc1=32.083335876464844
2025-06-09 03:30:39,234 - log - INFO - iter:240/1692, Original Acc@1: 37.08, Acc@5: 61.25, TTA Acc@1: 32.08, Acc@5: 58.75
2025-06-09 03:31:29,439 - log - INFO - iter:260/1692, clip_acc1=39.230770111083984, tta_acc1=33.846153259277344
2025-06-09 03:31:29,439 - log - INFO - iter:260/1692, Original Acc@1: 39.23, Acc@5: 63.46, TTA Acc@1: 33.85, Acc@5: 59.62
2025-06-09 03:32:19,549 - log - INFO - iter:280/1692, clip_acc1=39.28571319580078, tta_acc1=31.428571701049805
2025-06-09 03:32:19,555 - log - INFO - iter:280/1692, Original Acc@1: 39.29, Acc@5: 63.93, TTA Acc@1: 31.43, Acc@5: 56.43
2025-06-09 03:33:09,755 - log - INFO - iter:300/1692, clip_acc1=38.66666793823242, tta_acc1=30.666667938232422
2025-06-09 03:33:09,761 - log - INFO - iter:300/1692, Original Acc@1: 38.67, Acc@5: 65.33, TTA Acc@1: 30.67, Acc@5: 57.00
2025-06-09 03:33:59,747 - log - INFO - iter:320/1692, clip_acc1=38.4375, tta_acc1=30.625
2025-06-09 03:33:59,748 - log - INFO - iter:320/1692, Original Acc@1: 38.44, Acc@5: 66.25, TTA Acc@1: 30.62, Acc@5: 59.06
2025-06-09 03:34:50,938 - log - INFO - iter:340/1692, clip_acc1=36.47058868408203, tta_acc1=28.823530197143555
2025-06-09 03:34:50,939 - log - INFO - iter:340/1692, Original Acc@1: 36.47, Acc@5: 63.53, TTA Acc@1: 28.82, Acc@5: 56.18
2025-06-09 03:35:41,157 - log - INFO - iter:360/1692, clip_acc1=34.72222137451172, tta_acc1=27.5
2025-06-09 03:35:41,158 - log - INFO - iter:360/1692, Original Acc@1: 34.72, Acc@5: 60.28, TTA Acc@1: 27.50, Acc@5: 53.33
2025-06-09 03:36:30,984 - log - INFO - iter:380/1692, clip_acc1=35.0, tta_acc1=28.421052932739258
2025-06-09 03:36:30,985 - log - INFO - iter:380/1692, Original Acc@1: 35.00, Acc@5: 62.37, TTA Acc@1: 28.42, Acc@5: 55.79
2025-06-09 03:37:20,774 - log - INFO - iter:400/1692, clip_acc1=34.75, tta_acc1=29.0
2025-06-09 03:37:20,775 - log - INFO - iter:400/1692, Original Acc@1: 34.75, Acc@5: 63.50, TTA Acc@1: 29.00, Acc@5: 57.25
2025-06-09 03:38:10,783 - log - INFO - iter:420/1692, clip_acc1=35.476192474365234, tta_acc1=29.761905670166016
2025-06-09 03:38:10,783 - log - INFO - iter:420/1692, Original Acc@1: 35.48, Acc@5: 64.29, TTA Acc@1: 29.76, Acc@5: 58.10
2025-06-09 03:39:00,935 - log - INFO - iter:440/1692, clip_acc1=34.54545211791992, tta_acc1=29.09090805053711
2025-06-09 03:39:00,935 - log - INFO - iter:440/1692, Original Acc@1: 34.55, Acc@5: 63.64, TTA Acc@1: 29.09, Acc@5: 57.50
2025-06-09 03:39:50,896 - log - INFO - iter:460/1692, clip_acc1=33.260868072509766, tta_acc1=27.826086044311523
2025-06-09 03:39:50,897 - log - INFO - iter:460/1692, Original Acc@1: 33.26, Acc@5: 61.74, TTA Acc@1: 27.83, Acc@5: 55.87
2025-06-09 03:40:40,683 - log - INFO - iter:480/1692, clip_acc1=33.75, tta_acc1=27.916667938232422
2025-06-09 03:40:40,683 - log - INFO - iter:480/1692, Original Acc@1: 33.75, Acc@5: 62.08, TTA Acc@1: 27.92, Acc@5: 56.04
2025-06-09 03:41:30,824 - log - INFO - iter:500/1692, clip_acc1=33.60000228881836, tta_acc1=27.80000114440918
2025-06-09 03:41:30,824 - log - INFO - iter:500/1692, Original Acc@1: 33.60, Acc@5: 62.00, TTA Acc@1: 27.80, Acc@5: 55.60
2025-06-09 03:42:20,801 - log - INFO - iter:520/1692, clip_acc1=33.653846740722656, tta_acc1=27.5
2025-06-09 03:42:20,801 - log - INFO - iter:520/1692, Original Acc@1: 33.65, Acc@5: 61.73, TTA Acc@1: 27.50, Acc@5: 55.19
2025-06-09 03:43:10,349 - log - INFO - iter:540/1692, clip_acc1=33.88888931274414, tta_acc1=27.22222137451172
2025-06-09 03:43:10,350 - log - INFO - iter:540/1692, Original Acc@1: 33.89, Acc@5: 62.04, TTA Acc@1: 27.22, Acc@5: 54.81
2025-06-09 03:43:59,824 - log - INFO - iter:560/1692, clip_acc1=34.64285659790039, tta_acc1=28.21428680419922
2025-06-09 03:43:59,824 - log - INFO - iter:560/1692, Original Acc@1: 34.64, Acc@5: 62.68, TTA Acc@1: 28.21, Acc@5: 55.89
2025-06-09 03:44:50,297 - log - INFO - iter:580/1692, clip_acc1=35.86206817626953, tta_acc1=29.827585220336914
2025-06-09 03:44:50,297 - log - INFO - iter:580/1692, Original Acc@1: 35.86, Acc@5: 63.62, TTA Acc@1: 29.83, Acc@5: 56.72
2025-06-09 03:45:39,842 - log - INFO - iter:600/1692, clip_acc1=35.66666793823242, tta_acc1=29.5
2025-06-09 03:45:39,842 - log - INFO - iter:600/1692, Original Acc@1: 35.67, Acc@5: 64.50, TTA Acc@1: 29.50, Acc@5: 57.33
2025-06-09 03:46:29,671 - log - INFO - iter:620/1692, clip_acc1=35.0, tta_acc1=29.032257080078125
2025-06-09 03:46:29,671 - log - INFO - iter:620/1692, Original Acc@1: 35.00, Acc@5: 64.35, TTA Acc@1: 29.03, Acc@5: 57.26
2025-06-09 03:47:20,387 - log - INFO - iter:640/1692, clip_acc1=34.0625, tta_acc1=28.4375
2025-06-09 03:47:20,388 - log - INFO - iter:640/1692, Original Acc@1: 34.06, Acc@5: 62.97, TTA Acc@1: 28.44, Acc@5: 55.94
2025-06-09 03:48:10,777 - log - INFO - iter:660/1692, clip_acc1=33.6363639831543, tta_acc1=28.18181800842285
2025-06-09 03:48:10,777 - log - INFO - iter:660/1692, Original Acc@1: 33.64, Acc@5: 62.12, TTA Acc@1: 28.18, Acc@5: 55.30
2025-06-09 03:49:00,385 - log - INFO - iter:680/1692, clip_acc1=34.264705657958984, tta_acc1=28.5294132232666
2025-06-09 03:49:00,386 - log - INFO - iter:680/1692, Original Acc@1: 34.26, Acc@5: 62.94, TTA Acc@1: 28.53, Acc@5: 56.18
2025-06-09 03:49:50,164 - log - INFO - iter:700/1692, clip_acc1=33.57142639160156, tta_acc1=28.28571319580078
2025-06-09 03:49:50,164 - log - INFO - iter:700/1692, Original Acc@1: 33.57, Acc@5: 62.14, TTA Acc@1: 28.29, Acc@5: 56.43
2025-06-09 03:50:40,345 - log - INFO - iter:720/1692, clip_acc1=32.63888931274414, tta_acc1=27.916667938232422
2025-06-09 03:50:40,346 - log - INFO - iter:720/1692, Original Acc@1: 32.64, Acc@5: 61.39, TTA Acc@1: 27.92, Acc@5: 56.67
2025-06-09 03:51:30,591 - log - INFO - iter:740/1692, clip_acc1=33.51351547241211, tta_acc1=27.972972869873047
2025-06-09 03:51:30,591 - log - INFO - iter:740/1692, Original Acc@1: 33.51, Acc@5: 62.16, TTA Acc@1: 27.97, Acc@5: 57.30
2025-06-09 03:52:20,451 - log - INFO - iter:760/1692, clip_acc1=34.342105865478516, tta_acc1=28.55263328552246
2025-06-09 03:52:20,451 - log - INFO - iter:760/1692, Original Acc@1: 34.34, Acc@5: 62.63, TTA Acc@1: 28.55, Acc@5: 57.76
2025-06-09 03:53:10,078 - log - INFO - iter:780/1692, clip_acc1=33.46154022216797, tta_acc1=27.820512771606445
2025-06-09 03:53:10,078 - log - INFO - iter:780/1692, Original Acc@1: 33.46, Acc@5: 61.15, TTA Acc@1: 27.82, Acc@5: 56.28
2025-06-09 03:53:59,896 - log - INFO - iter:800/1692, clip_acc1=32.625, tta_acc1=27.125
2025-06-09 03:53:59,897 - log - INFO - iter:800/1692, Original Acc@1: 32.62, Acc@5: 60.50, TTA Acc@1: 27.12, Acc@5: 55.62
2025-06-09 03:54:49,721 - log - INFO - iter:820/1692, clip_acc1=32.317073822021484, tta_acc1=26.95121955871582
2025-06-09 03:54:49,721 - log - INFO - iter:820/1692, Original Acc@1: 32.32, Acc@5: 60.61, TTA Acc@1: 26.95, Acc@5: 55.85
2025-06-09 03:55:39,579 - log - INFO - iter:840/1692, clip_acc1=31.54762077331543, tta_acc1=26.309524536132812
2025-06-09 03:55:39,579 - log - INFO - iter:840/1692, Original Acc@1: 31.55, Acc@5: 60.24, TTA Acc@1: 26.31, Acc@5: 55.48
2025-06-09 03:56:29,547 - log - INFO - iter:860/1692, clip_acc1=30.930233001708984, tta_acc1=25.697673797607422
2025-06-09 03:56:29,548 - log - INFO - iter:860/1692, Original Acc@1: 30.93, Acc@5: 59.65, TTA Acc@1: 25.70, Acc@5: 55.23
2025-06-09 03:57:20,107 - log - INFO - iter:880/1692, clip_acc1=30.34090805053711, tta_acc1=25.227272033691406
2025-06-09 03:57:20,107 - log - INFO - iter:880/1692, Original Acc@1: 30.34, Acc@5: 58.86, TTA Acc@1: 25.23, Acc@5: 55.00
2025-06-09 03:58:09,937 - log - INFO - iter:900/1692, clip_acc1=29.88888931274414, tta_acc1=24.77777862548828
2025-06-09 03:58:09,937 - log - INFO - iter:900/1692, Original Acc@1: 29.89, Acc@5: 58.33, TTA Acc@1: 24.78, Acc@5: 54.00
2025-06-09 03:59:00,675 - log - INFO - iter:920/1692, clip_acc1=30.760868072509766, tta_acc1=25.652172088623047
2025-06-09 03:59:00,675 - log - INFO - iter:920/1692, Original Acc@1: 30.76, Acc@5: 59.24, TTA Acc@1: 25.65, Acc@5: 55.00
2025-06-09 03:59:50,798 - log - INFO - iter:940/1692, clip_acc1=31.489360809326172, tta_acc1=26.59574317932129
2025-06-09 03:59:50,799 - log - INFO - iter:940/1692, Original Acc@1: 31.49, Acc@5: 60.11, TTA Acc@1: 26.60, Acc@5: 55.85
2025-06-09 04:00:41,119 - log - INFO - iter:960/1692, clip_acc1=32.5, tta_acc1=27.39583396911621
2025-06-09 04:00:41,119 - log - INFO - iter:960/1692, Original Acc@1: 32.50, Acc@5: 60.94, TTA Acc@1: 27.40, Acc@5: 56.77
2025-06-09 04:01:30,591 - log - INFO - iter:980/1692, clip_acc1=33.57142639160156, tta_acc1=28.367345809936523
2025-06-09 04:01:30,591 - log - INFO - iter:980/1692, Original Acc@1: 33.57, Acc@5: 61.63, TTA Acc@1: 28.37, Acc@5: 57.45
2025-06-09 04:02:20,210 - log - INFO - iter:1000/1692, clip_acc1=34.400001525878906, tta_acc1=29.60000228881836
2025-06-09 04:02:20,211 - log - INFO - iter:1000/1692, Original Acc@1: 34.40, Acc@5: 62.40, TTA Acc@1: 29.60, Acc@5: 58.20
2025-06-09 04:03:10,027 - log - INFO - iter:1020/1692, clip_acc1=34.50980758666992, tta_acc1=29.803922653198242
2025-06-09 04:03:10,027 - log - INFO - iter:1020/1692, Original Acc@1: 34.51, Acc@5: 62.06, TTA Acc@1: 29.80, Acc@5: 57.94
2025-06-09 04:04:00,390 - log - INFO - iter:1040/1692, clip_acc1=34.13461685180664, tta_acc1=29.423076629638672
2025-06-09 04:04:00,391 - log - INFO - iter:1040/1692, Original Acc@1: 34.13, Acc@5: 61.44, TTA Acc@1: 29.42, Acc@5: 57.12
2025-06-09 04:04:49,628 - log - INFO - iter:1060/1692, clip_acc1=34.056602478027344, tta_acc1=29.528303146362305
2025-06-09 04:04:49,628 - log - INFO - iter:1060/1692, Original Acc@1: 34.06, Acc@5: 61.60, TTA Acc@1: 29.53, Acc@5: 57.26
2025-06-09 04:05:39,394 - log - INFO - iter:1080/1692, clip_acc1=34.35185241699219, tta_acc1=29.44444465637207
2025-06-09 04:05:39,395 - log - INFO - iter:1080/1692, Original Acc@1: 34.35, Acc@5: 62.04, TTA Acc@1: 29.44, Acc@5: 57.69
2025-06-09 04:06:29,964 - log - INFO - iter:1100/1692, clip_acc1=34.90909194946289, tta_acc1=30.090909957885742
2025-06-09 04:06:29,964 - log - INFO - iter:1100/1692, Original Acc@1: 34.91, Acc@5: 62.64, TTA Acc@1: 30.09, Acc@5: 58.36
2025-06-09 04:07:18,824 - log - INFO - iter:1120/1692, clip_acc1=35.26785659790039, tta_acc1=30.446428298950195
2025-06-09 04:07:18,824 - log - INFO - iter:1120/1692, Original Acc@1: 35.27, Acc@5: 63.12, TTA Acc@1: 30.45, Acc@5: 58.84
2025-06-09 04:08:08,659 - log - INFO - iter:1140/1692, clip_acc1=35.175437927246094, tta_acc1=30.263158798217773
2025-06-09 04:08:08,659 - log - INFO - iter:1140/1692, Original Acc@1: 35.18, Acc@5: 63.25, TTA Acc@1: 30.26, Acc@5: 58.95
2025-06-09 04:08:58,814 - log - INFO - iter:1160/1692, clip_acc1=34.82758712768555, tta_acc1=29.827585220336914
2025-06-09 04:08:58,815 - log - INFO - iter:1160/1692, Original Acc@1: 34.83, Acc@5: 62.93, TTA Acc@1: 29.83, Acc@5: 58.10
2025-06-09 04:09:48,544 - log - INFO - iter:1180/1692, clip_acc1=34.915252685546875, tta_acc1=29.406780242919922
2025-06-09 04:09:48,544 - log - INFO - iter:1180/1692, Original Acc@1: 34.92, Acc@5: 62.63, TTA Acc@1: 29.41, Acc@5: 57.37
2025-06-09 04:10:37,795 - log - INFO - iter:1200/1692, clip_acc1=34.75, tta_acc1=28.916667938232422
2025-06-09 04:10:37,795 - log - INFO - iter:1200/1692, Original Acc@1: 34.75, Acc@5: 62.33, TTA Acc@1: 28.92, Acc@5: 56.50
2025-06-09 04:11:27,747 - log - INFO - iter:1220/1692, clip_acc1=34.26229476928711, tta_acc1=28.442623138427734
2025-06-09 04:11:27,747 - log - INFO - iter:1220/1692, Original Acc@1: 34.26, Acc@5: 61.56, TTA Acc@1: 28.44, Acc@5: 55.74
2025-06-09 04:12:18,461 - log - INFO - iter:1240/1692, clip_acc1=33.790321350097656, tta_acc1=27.983871459960938
2025-06-09 04:12:18,462 - log - INFO - iter:1240/1692, Original Acc@1: 33.79, Acc@5: 60.89, TTA Acc@1: 27.98, Acc@5: 55.00
2025-06-09 04:13:08,344 - log - INFO - iter:1260/1692, clip_acc1=33.25396728515625, tta_acc1=27.619047164916992
2025-06-09 04:13:08,345 - log - INFO - iter:1260/1692, Original Acc@1: 33.25, Acc@5: 60.24, TTA Acc@1: 27.62, Acc@5: 54.52
2025-06-09 04:13:58,050 - log - INFO - iter:1280/1692, clip_acc1=33.75, tta_acc1=28.203125
2025-06-09 04:13:58,051 - log - INFO - iter:1280/1692, Original Acc@1: 33.75, Acc@5: 60.47, TTA Acc@1: 28.20, Acc@5: 54.92
2025-06-09 04:14:48,142 - log - INFO - iter:1300/1692, clip_acc1=34.38461685180664, tta_acc1=28.69230842590332
2025-06-09 04:14:48,143 - log - INFO - iter:1300/1692, Original Acc@1: 34.38, Acc@5: 60.85, TTA Acc@1: 28.69, Acc@5: 55.38
2025-06-09 04:15:37,980 - log - INFO - iter:1320/1692, clip_acc1=34.24242401123047, tta_acc1=28.636362075805664
2025-06-09 04:15:37,981 - log - INFO - iter:1320/1692, Original Acc@1: 34.24, Acc@5: 60.83, TTA Acc@1: 28.64, Acc@5: 55.15
2025-06-09 04:16:28,547 - log - INFO - iter:1340/1692, clip_acc1=34.17910385131836, tta_acc1=28.432836532592773
2025-06-09 04:16:28,547 - log - INFO - iter:1340/1692, Original Acc@1: 34.18, Acc@5: 60.60, TTA Acc@1: 28.43, Acc@5: 54.78
2025-06-09 04:17:19,249 - log - INFO - iter:1360/1692, clip_acc1=33.82352828979492, tta_acc1=28.014705657958984
2025-06-09 04:17:19,250 - log - INFO - iter:1360/1692, Original Acc@1: 33.82, Acc@5: 60.07, TTA Acc@1: 28.01, Acc@5: 54.41
2025-06-09 04:18:09,574 - log - INFO - iter:1380/1692, clip_acc1=33.62318801879883, tta_acc1=27.826087951660156
2025-06-09 04:18:09,575 - log - INFO - iter:1380/1692, Original Acc@1: 33.62, Acc@5: 59.86, TTA Acc@1: 27.83, Acc@5: 54.06
2025-06-09 04:18:59,282 - log - INFO - iter:1400/1692, clip_acc1=33.64285659790039, tta_acc1=27.64285659790039
2025-06-09 04:18:59,282 - log - INFO - iter:1400/1692, Original Acc@1: 33.64, Acc@5: 59.93, TTA Acc@1: 27.64, Acc@5: 54.07
2025-06-09 04:19:48,694 - log - INFO - iter:1420/1692, clip_acc1=34.01408386230469, tta_acc1=28.098590850830078
2025-06-09 04:19:48,695 - log - INFO - iter:1420/1692, Original Acc@1: 34.01, Acc@5: 60.21, TTA Acc@1: 28.10, Acc@5: 54.37
2025-06-09 04:20:37,873 - log - INFO - iter:1440/1692, clip_acc1=34.86111068725586, tta_acc1=28.88888931274414
2025-06-09 04:20:37,873 - log - INFO - iter:1440/1692, Original Acc@1: 34.86, Acc@5: 60.76, TTA Acc@1: 28.89, Acc@5: 55.00
2025-06-09 04:21:27,771 - log - INFO - iter:1460/1692, clip_acc1=35.0, tta_acc1=28.835617065429688
2025-06-09 04:21:27,772 - log - INFO - iter:1460/1692, Original Acc@1: 35.00, Acc@5: 61.03, TTA Acc@1: 28.84, Acc@5: 54.93
2025-06-09 04:22:17,643 - log - INFO - iter:1480/1692, clip_acc1=35.0, tta_acc1=28.783784866333008
2025-06-09 04:22:17,643 - log - INFO - iter:1480/1692, Original Acc@1: 35.00, Acc@5: 61.15, TTA Acc@1: 28.78, Acc@5: 55.14
2025-06-09 04:23:08,565 - log - INFO - iter:1500/1692, clip_acc1=34.66666793823242, tta_acc1=28.53333282470703
2025-06-09 04:23:08,571 - log - INFO - iter:1500/1692, Original Acc@1: 34.67, Acc@5: 61.20, TTA Acc@1: 28.53, Acc@5: 55.33
2025-06-09 04:23:59,154 - log - INFO - iter:1520/1692, clip_acc1=34.40789794921875, tta_acc1=28.35526466369629
2025-06-09 04:23:59,155 - log - INFO - iter:1520/1692, Original Acc@1: 34.41, Acc@5: 61.18, TTA Acc@1: 28.36, Acc@5: 55.26
2025-06-09 04:24:48,544 - log - INFO - iter:1540/1692, clip_acc1=34.35064697265625, tta_acc1=28.311687469482422
2025-06-09 04:24:48,544 - log - INFO - iter:1540/1692, Original Acc@1: 34.35, Acc@5: 60.97, TTA Acc@1: 28.31, Acc@5: 55.19
2025-06-09 04:25:37,980 - log - INFO - iter:1560/1692, clip_acc1=34.487178802490234, tta_acc1=28.33333396911621
2025-06-09 04:25:37,981 - log - INFO - iter:1560/1692, Original Acc@1: 34.49, Acc@5: 60.90, TTA Acc@1: 28.33, Acc@5: 55.06
2025-06-09 04:26:28,287 - log - INFO - iter:1580/1692, clip_acc1=34.74683380126953, tta_acc1=28.607595443725586
2025-06-09 04:26:28,287 - log - INFO - iter:1580/1692, Original Acc@1: 34.75, Acc@5: 61.01, TTA Acc@1: 28.61, Acc@5: 55.13
2025-06-09 04:27:18,394 - log - INFO - iter:1600/1692, clip_acc1=35.375, tta_acc1=29.125
2025-06-09 04:27:18,395 - log - INFO - iter:1600/1692, Original Acc@1: 35.38, Acc@5: 61.38, TTA Acc@1: 29.12, Acc@5: 55.50
2025-06-09 04:28:07,980 - log - INFO - iter:1620/1692, clip_acc1=35.98765563964844, tta_acc1=29.814815521240234
2025-06-09 04:28:07,980 - log - INFO - iter:1620/1692, Original Acc@1: 35.99, Acc@5: 61.79, TTA Acc@1: 29.81, Acc@5: 56.05
2025-06-09 04:28:58,204 - log - INFO - iter:1640/1692, clip_acc1=35.85365676879883, tta_acc1=29.573171615600586
2025-06-09 04:28:58,204 - log - INFO - iter:1640/1692, Original Acc@1: 35.85, Acc@5: 61.59, TTA Acc@1: 29.57, Acc@5: 55.98
2025-06-09 04:29:48,285 - log - INFO - iter:1660/1692, clip_acc1=35.60240936279297, tta_acc1=29.39759063720703
2025-06-09 04:29:48,285 - log - INFO - iter:1660/1692, Original Acc@1: 35.60, Acc@5: 61.57, TTA Acc@1: 29.40, Acc@5: 56.08
2025-06-09 04:30:37,792 - log - INFO - iter:1680/1692, clip_acc1=36.25, tta_acc1=30.059524536132812
2025-06-09 04:30:37,792 - log - INFO - iter:1680/1692, Original Acc@1: 36.25, Acc@5: 61.96, TTA Acc@1: 30.06, Acc@5: 56.55
2025-06-09 04:31:04,494 - log - INFO - iter:1692/1692, clip_acc1=36.58392333984375, tta_acc1=30.437353134155273
2025-06-09 04:31:04,494 - log - INFO - iter:1692/1692, Original Acc@1: 36.58, Acc@5: 62.23, TTA Acc@1: 30.44, Acc@5: 56.80
2025-06-09 04:31:04,572 - log - INFO - Final results - Original Acc@1: 36.58, Acc@5: 62.23, TTA Acc@1: 30.44, Acc@5: 56.80
2025-06-09 04:31:04,572 - log - INFO - Improvement from TTA in Acc@1 -6.15, and Acc@5 -5.44
2025-06-09 04:31:04,699 - log - INFO - Weighted scores saved to /l/users/hashmat.malik/Projects/ATPT/Final_Results/fare4/DTD/Clean/Counter_Attack/Eps_2_0_Steps_2_Alpha_1_0/tau_0_2_beta_2_0_weighted_pertrubation_True/No_TPT/Inference_Ensemble_weighted_rtpt_topk_20_softmaxtemp_0_01/weighted_scores.json
2025-06-09 04:31:04,699 - log - INFO - Creating plot of average weights for each view
2025-06-09 04:31:05,548 - log - INFO - Average weights plot saved to /l/users/hashmat.malik/Projects/ATPT/Final_Results/fare4/DTD/Clean/Counter_Attack/Eps_2_0_Steps_2_Alpha_1_0/tau_0_2_beta_2_0_weighted_pertrubation_True/No_TPT/Inference_Ensemble_weighted_rtpt_topk_20_softmaxtemp_0_01/weighted_scores_plot.png
2025-06-09 04:31:05,551 - log - INFO - => Acc. on testset [DTD]: Clean Acc @1 36.58392333984375/ TTA Clean Acc @1 30.437353134155273, Clean Acc @5 62.23404312133789/ TTA Clean Acc @5 56.79669189453125
2025-06-09 04:31:05,551 - log - INFO - Total script execution time: 4335.85 seconds (72.26 minutes)
