2025-06-02 18:42:25,145 - log - INFO - ==========================================
data:/leonardo_work/EUHPC_R04_192/fmohamma/Adversarial_Robust_Clip/atpt_data/downstream_datasets
test_sets:DTD
dataset_mode:test
arch:ViT-L/14
resolution:224
workers:4
no_pin_memory:False
batch_size:64
print_freq:20
gpu:0
no_cudnn_benchmark:False
n_ctx:4
ctx_init:a_photo_of_a
tpt_loss:rtpt
seed:0
output_dir:/leonardo_work/EUHPC_R04_192/fmohamma/Adversarial_Robust_Clip/atpt_data/ViT-L/14/DTD
log_output_dir:/leonardo_work/EUHPC_R04_192/fmohamma/Adversarial_Robust_Clip/ATPT/Final_Results/ViT-L/14/DTD
eps:0.0
alpha:0.0
alpha_eps_ratio:4.0
steps:0
lr:0.005
selection_p:0.1
tta_steps:1
ensemble_type:vanilla
top_k:20
softmax_temp:0.01
counter_attack:True
counter_attack_type:pgd
counter_attack_steps:0
counter_attack_eps:4.0
counter_attack_alpha:1.0
counter_attack_tau_thres:0.2
counter_attack_beta:2.0
counter_attack_weighted_perturbations:True
pgd_clip_pure_i_text_embeddings:null
pgd_counter_and_clipure_i_lamda:1.0
selected_id_name:selected_topk.json
weighted_score_name:weighted_scores.json
batch_entropy_name:entropies.json
log_dir:/leonardo_work/EUHPC_R04_192/fmohamma/Adversarial_Robust_Clip/ATPT/Final_Results/ViT-L/14/DTD/Clean/Counter_Attack/Eps_4_0_Steps_0_Alpha_1_0/tau_0_2_beta_2_0_weighted_pertrubation_True/TPT/Optimization_Loss_rtpt_LR_0_005_Optimization_Steps_1_View_Selection_Fraction_0_1/Inference_Ensemble_vanilla

2025-06-02 18:42:25,146 - log - INFO - Use GPU: 0 for training
2025-06-02 18:43:32,063 - log - INFO - Freezing all parameters except prompt learner
2025-06-02 18:43:32,064 - log - INFO - => Model created: visual backbone ViT-L/14
2025-06-02 18:43:32,082 - log - INFO - Number of test samples: 1692
2025-06-02 18:43:32,082 - log - INFO - Evaluating dataset: DTD
2025-06-02 18:43:32,083 - log - INFO - Starting evaluation with batch size: 64, selection percentage: 0.1
2025-06-02 18:43:32,083 - log - INFO - Test-time adaptation steps: 1, learning rate: 0.005
2025-06-02 18:43:32,083 - log - INFO - Using counter-attack with epsilon: 4.000000, alpha: 0.000000, steps: 0, tau_thres: 0.2, beta: 2.0, weighted perturbation: True
2025-06-02 18:44:42,170 - log - INFO - iter:20/1692, clip_acc1=0.0, tta_acc1=5.0
2025-06-02 18:44:42,170 - log - INFO - iter:20/1692, Original Acc@1: 0.00, Acc@5: 30.00, TTA Acc@1: 5.00, Acc@5: 30.00
2025-06-02 18:45:37,248 - log - INFO - iter:40/1692, clip_acc1=2.5, tta_acc1=5.0
2025-06-02 18:45:37,248 - log - INFO - iter:40/1692, Original Acc@1: 2.50, Acc@5: 27.50, TTA Acc@1: 5.00, Acc@5: 25.00
2025-06-02 18:46:32,416 - log - INFO - iter:60/1692, clip_acc1=3.3333334922790527, tta_acc1=3.3333334922790527
2025-06-02 18:46:32,416 - log - INFO - iter:60/1692, Original Acc@1: 3.33, Acc@5: 25.00, TTA Acc@1: 3.33, Acc@5: 23.33
2025-06-02 18:47:27,271 - log - INFO - iter:80/1692, clip_acc1=5.0, tta_acc1=3.75
2025-06-02 18:47:27,271 - log - INFO - iter:80/1692, Original Acc@1: 5.00, Acc@5: 30.00, TTA Acc@1: 3.75, Acc@5: 25.00
2025-06-02 18:48:22,432 - log - INFO - iter:100/1692, clip_acc1=8.0, tta_acc1=7.0
2025-06-02 18:48:22,432 - log - INFO - iter:100/1692, Original Acc@1: 8.00, Acc@5: 39.00, TTA Acc@1: 7.00, Acc@5: 29.00
2025-06-02 18:49:20,326 - log - INFO - iter:120/1692, clip_acc1=20.83333396911621, tta_acc1=19.166667938232422
2025-06-02 18:49:20,326 - log - INFO - iter:120/1692, Original Acc@1: 20.83, Acc@5: 49.17, TTA Acc@1: 19.17, Acc@5: 40.00
2025-06-02 18:50:15,507 - log - INFO - iter:140/1692, clip_acc1=30.71428680419922, tta_acc1=29.285715103149414
2025-06-02 18:50:15,508 - log - INFO - iter:140/1692, Original Acc@1: 30.71, Acc@5: 55.71, TTA Acc@1: 29.29, Acc@5: 48.57
2025-06-02 18:51:10,723 - log - INFO - iter:160/1692, clip_acc1=33.125, tta_acc1=28.75
2025-06-02 18:51:10,723 - log - INFO - iter:160/1692, Original Acc@1: 33.12, Acc@5: 58.75, TTA Acc@1: 28.75, Acc@5: 46.88
2025-06-02 18:52:05,773 - log - INFO - iter:180/1692, clip_acc1=31.666667938232422, tta_acc1=27.22222328186035
2025-06-02 18:52:05,773 - log - INFO - iter:180/1692, Original Acc@1: 31.67, Acc@5: 58.89, TTA Acc@1: 27.22, Acc@5: 45.56
2025-06-02 18:53:04,429 - log - INFO - iter:200/1692, clip_acc1=37.5, tta_acc1=34.5
2025-06-02 18:53:04,429 - log - INFO - iter:200/1692, Original Acc@1: 37.50, Acc@5: 63.00, TTA Acc@1: 34.50, Acc@5: 51.00
2025-06-02 18:53:59,658 - log - INFO - iter:220/1692, clip_acc1=42.27272415161133, tta_acc1=40.0
2025-06-02 18:53:59,659 - log - INFO - iter:220/1692, Original Acc@1: 42.27, Acc@5: 66.36, TTA Acc@1: 40.00, Acc@5: 55.45
2025-06-02 18:54:54,724 - log - INFO - iter:240/1692, clip_acc1=46.66666793823242, tta_acc1=44.16666793823242
2025-06-02 18:54:54,725 - log - INFO - iter:240/1692, Original Acc@1: 46.67, Acc@5: 69.17, TTA Acc@1: 44.17, Acc@5: 59.17
2025-06-02 18:55:50,251 - log - INFO - iter:260/1692, clip_acc1=49.61538314819336, tta_acc1=46.92307662963867
2025-06-02 18:55:50,251 - log - INFO - iter:260/1692, Original Acc@1: 49.62, Acc@5: 71.54, TTA Acc@1: 46.92, Acc@5: 61.54
2025-06-02 18:56:45,369 - log - INFO - iter:280/1692, clip_acc1=50.71428680419922, tta_acc1=48.57143020629883
2025-06-02 18:56:45,369 - log - INFO - iter:280/1692, Original Acc@1: 50.71, Acc@5: 73.57, TTA Acc@1: 48.57, Acc@5: 64.29
2025-06-02 18:57:40,283 - log - INFO - iter:300/1692, clip_acc1=51.0, tta_acc1=48.0
2025-06-02 18:57:40,284 - log - INFO - iter:300/1692, Original Acc@1: 51.00, Acc@5: 74.00, TTA Acc@1: 48.00, Acc@5: 66.33
2025-06-02 18:58:35,517 - log - INFO - iter:320/1692, clip_acc1=50.3125, tta_acc1=46.5625
2025-06-02 18:58:35,517 - log - INFO - iter:320/1692, Original Acc@1: 50.31, Acc@5: 74.69, TTA Acc@1: 46.56, Acc@5: 67.50
2025-06-02 18:59:30,882 - log - INFO - iter:340/1692, clip_acc1=51.47058868408203, tta_acc1=47.94117736816406
2025-06-02 18:59:30,883 - log - INFO - iter:340/1692, Original Acc@1: 51.47, Acc@5: 75.00, TTA Acc@1: 47.94, Acc@5: 68.82
2025-06-02 19:00:26,195 - log - INFO - iter:360/1692, clip_acc1=53.61111068725586, tta_acc1=49.4444465637207
2025-06-02 19:00:26,195 - log - INFO - iter:360/1692, Original Acc@1: 53.61, Acc@5: 76.39, TTA Acc@1: 49.44, Acc@5: 70.28
2025-06-02 19:01:21,883 - log - INFO - iter:380/1692, clip_acc1=54.21052932739258, tta_acc1=47.894737243652344
2025-06-02 19:01:21,883 - log - INFO - iter:380/1692, Original Acc@1: 54.21, Acc@5: 77.63, TTA Acc@1: 47.89, Acc@5: 71.84
2025-06-02 19:02:17,069 - log - INFO - iter:400/1692, clip_acc1=54.0, tta_acc1=46.75
2025-06-02 19:02:17,069 - log - INFO - iter:400/1692, Original Acc@1: 54.00, Acc@5: 78.50, TTA Acc@1: 46.75, Acc@5: 73.00
2025-06-02 19:03:12,122 - log - INFO - iter:420/1692, clip_acc1=54.28571701049805, tta_acc1=47.142860412597656
2025-06-02 19:03:12,123 - log - INFO - iter:420/1692, Original Acc@1: 54.29, Acc@5: 79.05, TTA Acc@1: 47.14, Acc@5: 73.81
2025-06-02 19:04:07,571 - log - INFO - iter:440/1692, clip_acc1=54.54545211791992, tta_acc1=47.04545211791992
2025-06-02 19:04:07,571 - log - INFO - iter:440/1692, Original Acc@1: 54.55, Acc@5: 79.32, TTA Acc@1: 47.05, Acc@5: 74.55
2025-06-02 19:05:02,876 - log - INFO - iter:460/1692, clip_acc1=53.4782600402832, tta_acc1=45.869564056396484
2025-06-02 19:05:02,877 - log - INFO - iter:460/1692, Original Acc@1: 53.48, Acc@5: 80.00, TTA Acc@1: 45.87, Acc@5: 75.00
2025-06-02 19:05:57,915 - log - INFO - iter:480/1692, clip_acc1=53.958335876464844, tta_acc1=46.66666793823242
2025-06-02 19:05:57,916 - log - INFO - iter:480/1692, Original Acc@1: 53.96, Acc@5: 80.42, TTA Acc@1: 46.67, Acc@5: 75.63
2025-06-02 19:06:53,024 - log - INFO - iter:500/1692, clip_acc1=54.400001525878906, tta_acc1=47.400001525878906
2025-06-02 19:06:53,024 - log - INFO - iter:500/1692, Original Acc@1: 54.40, Acc@5: 80.80, TTA Acc@1: 47.40, Acc@5: 76.00
2025-06-02 19:07:48,244 - log - INFO - iter:520/1692, clip_acc1=54.61538314819336, tta_acc1=46.92307662963867
2025-06-02 19:07:48,244 - log - INFO - iter:520/1692, Original Acc@1: 54.62, Acc@5: 80.77, TTA Acc@1: 46.92, Acc@5: 75.96
2025-06-02 19:08:43,512 - log - INFO - iter:540/1692, clip_acc1=54.814815521240234, tta_acc1=46.296295166015625
2025-06-02 19:08:43,512 - log - INFO - iter:540/1692, Original Acc@1: 54.81, Acc@5: 81.11, TTA Acc@1: 46.30, Acc@5: 75.93
2025-06-02 19:09:38,620 - log - INFO - iter:560/1692, clip_acc1=55.53571319580078, tta_acc1=46.42856979370117
2025-06-02 19:09:38,620 - log - INFO - iter:560/1692, Original Acc@1: 55.54, Acc@5: 81.25, TTA Acc@1: 46.43, Acc@5: 75.89
2025-06-02 19:10:33,835 - log - INFO - iter:580/1692, clip_acc1=56.379310607910156, tta_acc1=46.379310607910156
2025-06-02 19:10:33,835 - log - INFO - iter:580/1692, Original Acc@1: 56.38, Acc@5: 81.90, TTA Acc@1: 46.38, Acc@5: 76.55
2025-06-02 19:11:29,158 - log - INFO - iter:600/1692, clip_acc1=55.333335876464844, tta_acc1=45.833335876464844
2025-06-02 19:11:29,158 - log - INFO - iter:600/1692, Original Acc@1: 55.33, Acc@5: 81.67, TTA Acc@1: 45.83, Acc@5: 76.83
2025-06-02 19:12:24,409 - log - INFO - iter:620/1692, clip_acc1=54.032257080078125, tta_acc1=45.0
2025-06-02 19:12:24,409 - log - INFO - iter:620/1692, Original Acc@1: 54.03, Acc@5: 81.13, TTA Acc@1: 45.00, Acc@5: 76.45
2025-06-02 19:13:19,558 - log - INFO - iter:640/1692, clip_acc1=52.96875, tta_acc1=43.75
2025-06-02 19:13:19,559 - log - INFO - iter:640/1692, Original Acc@1: 52.97, Acc@5: 80.16, TTA Acc@1: 43.75, Acc@5: 75.31
2025-06-02 19:14:14,720 - log - INFO - iter:660/1692, clip_acc1=52.27272415161133, tta_acc1=43.6363639831543
2025-06-02 19:14:14,721 - log - INFO - iter:660/1692, Original Acc@1: 52.27, Acc@5: 80.00, TTA Acc@1: 43.64, Acc@5: 75.00
2025-06-02 19:15:09,735 - log - INFO - iter:680/1692, clip_acc1=52.5, tta_acc1=44.264705657958984
2025-06-02 19:15:09,735 - log - INFO - iter:680/1692, Original Acc@1: 52.50, Acc@5: 80.29, TTA Acc@1: 44.26, Acc@5: 75.74
2025-06-02 19:16:04,934 - log - INFO - iter:700/1692, clip_acc1=51.28571319580078, tta_acc1=43.85714340209961
2025-06-02 19:16:04,934 - log - INFO - iter:700/1692, Original Acc@1: 51.29, Acc@5: 79.57, TTA Acc@1: 43.86, Acc@5: 75.57
2025-06-02 19:17:00,108 - log - INFO - iter:720/1692, clip_acc1=50.0, tta_acc1=43.47222137451172
2025-06-02 19:17:00,108 - log - INFO - iter:720/1692, Original Acc@1: 50.00, Acc@5: 78.47, TTA Acc@1: 43.47, Acc@5: 75.56
2025-06-02 19:17:55,355 - log - INFO - iter:740/1692, clip_acc1=50.810813903808594, tta_acc1=44.59459686279297
2025-06-02 19:17:55,356 - log - INFO - iter:740/1692, Original Acc@1: 50.81, Acc@5: 79.05, TTA Acc@1: 44.59, Acc@5: 76.22
2025-06-02 19:18:50,721 - log - INFO - iter:760/1692, clip_acc1=51.44737243652344, tta_acc1=45.263160705566406
2025-06-02 19:18:50,721 - log - INFO - iter:760/1692, Original Acc@1: 51.45, Acc@5: 79.21, TTA Acc@1: 45.26, Acc@5: 76.32
2025-06-02 19:19:45,895 - log - INFO - iter:780/1692, clip_acc1=50.12820816040039, tta_acc1=44.10256576538086
2025-06-02 19:19:45,896 - log - INFO - iter:780/1692, Original Acc@1: 50.13, Acc@5: 77.44, TTA Acc@1: 44.10, Acc@5: 74.36
2025-06-02 19:20:40,936 - log - INFO - iter:800/1692, clip_acc1=49.0, tta_acc1=43.0
2025-06-02 19:20:40,936 - log - INFO - iter:800/1692, Original Acc@1: 49.00, Acc@5: 76.12, TTA Acc@1: 43.00, Acc@5: 73.00
2025-06-02 19:21:35,811 - log - INFO - iter:820/1692, clip_acc1=48.17073059082031, tta_acc1=41.95121765136719
2025-06-02 19:21:35,812 - log - INFO - iter:820/1692, Original Acc@1: 48.17, Acc@5: 75.98, TTA Acc@1: 41.95, Acc@5: 72.44
2025-06-02 19:22:31,194 - log - INFO - iter:840/1692, clip_acc1=47.619049072265625, tta_acc1=41.5476188659668
2025-06-02 19:22:31,194 - log - INFO - iter:840/1692, Original Acc@1: 47.62, Acc@5: 75.95, TTA Acc@1: 41.55, Acc@5: 72.26
2025-06-02 19:23:26,401 - log - INFO - iter:860/1692, clip_acc1=47.55813980102539, tta_acc1=41.74418640136719
2025-06-02 19:23:26,401 - log - INFO - iter:860/1692, Original Acc@1: 47.56, Acc@5: 76.40, TTA Acc@1: 41.74, Acc@5: 72.79
2025-06-02 19:24:21,664 - log - INFO - iter:880/1692, clip_acc1=46.818180084228516, tta_acc1=41.02272415161133
2025-06-02 19:24:21,664 - log - INFO - iter:880/1692, Original Acc@1: 46.82, Acc@5: 76.25, TTA Acc@1: 41.02, Acc@5: 71.70
2025-06-02 19:25:16,759 - log - INFO - iter:900/1692, clip_acc1=45.77777862548828, tta_acc1=40.22222137451172
2025-06-02 19:25:16,759 - log - INFO - iter:900/1692, Original Acc@1: 45.78, Acc@5: 75.44, TTA Acc@1: 40.22, Acc@5: 70.44
2025-06-02 19:26:11,842 - log - INFO - iter:920/1692, clip_acc1=45.760868072509766, tta_acc1=40.43478012084961
2025-06-02 19:26:11,842 - log - INFO - iter:920/1692, Original Acc@1: 45.76, Acc@5: 75.98, TTA Acc@1: 40.43, Acc@5: 70.54
2025-06-02 19:27:07,317 - log - INFO - iter:940/1692, clip_acc1=46.06382751464844, tta_acc1=41.27659606933594
2025-06-02 19:27:07,317 - log - INFO - iter:940/1692, Original Acc@1: 46.06, Acc@5: 76.38, TTA Acc@1: 41.28, Acc@5: 71.17
2025-06-02 19:28:02,633 - log - INFO - iter:960/1692, clip_acc1=47.187503814697266, tta_acc1=42.395835876464844
2025-06-02 19:28:02,633 - log - INFO - iter:960/1692, Original Acc@1: 47.19, Acc@5: 76.88, TTA Acc@1: 42.40, Acc@5: 71.77
2025-06-02 19:28:57,646 - log - INFO - iter:980/1692, clip_acc1=48.061222076416016, tta_acc1=43.57142639160156
2025-06-02 19:28:57,646 - log - INFO - iter:980/1692, Original Acc@1: 48.06, Acc@5: 77.35, TTA Acc@1: 43.57, Acc@5: 72.35
2025-06-02 19:29:52,583 - log - INFO - iter:1000/1692, clip_acc1=48.70000076293945, tta_acc1=44.500003814697266
2025-06-02 19:29:52,583 - log - INFO - iter:1000/1692, Original Acc@1: 48.70, Acc@5: 77.80, TTA Acc@1: 44.50, Acc@5: 72.80
2025-06-02 19:30:47,800 - log - INFO - iter:1020/1692, clip_acc1=48.431373596191406, tta_acc1=44.411766052246094
2025-06-02 19:30:47,800 - log - INFO - iter:1020/1692, Original Acc@1: 48.43, Acc@5: 77.35, TTA Acc@1: 44.41, Acc@5: 72.35
2025-06-02 19:31:42,752 - log - INFO - iter:1040/1692, clip_acc1=47.69230651855469, tta_acc1=43.846153259277344
2025-06-02 19:31:42,752 - log - INFO - iter:1040/1692, Original Acc@1: 47.69, Acc@5: 76.54, TTA Acc@1: 43.85, Acc@5: 71.83
2025-06-02 19:32:37,819 - log - INFO - iter:1060/1692, clip_acc1=47.641510009765625, tta_acc1=43.77358627319336
2025-06-02 19:32:37,820 - log - INFO - iter:1060/1692, Original Acc@1: 47.64, Acc@5: 76.51, TTA Acc@1: 43.77, Acc@5: 71.98
2025-06-02 19:33:32,972 - log - INFO - iter:1080/1692, clip_acc1=47.96296310424805, tta_acc1=44.25925827026367
2025-06-02 19:33:32,972 - log - INFO - iter:1080/1692, Original Acc@1: 47.96, Acc@5: 76.85, TTA Acc@1: 44.26, Acc@5: 72.50
2025-06-02 19:34:28,465 - log - INFO - iter:1100/1692, clip_acc1=48.54545593261719, tta_acc1=45.0
2025-06-02 19:34:28,465 - log - INFO - iter:1100/1692, Original Acc@1: 48.55, Acc@5: 77.27, TTA Acc@1: 45.00, Acc@5: 73.00
2025-06-02 19:35:23,560 - log - INFO - iter:1120/1692, clip_acc1=48.83928680419922, tta_acc1=45.53571319580078
2025-06-02 19:35:23,561 - log - INFO - iter:1120/1692, Original Acc@1: 48.84, Acc@5: 77.50, TTA Acc@1: 45.54, Acc@5: 73.30
2025-06-02 19:36:18,653 - log - INFO - iter:1140/1692, clip_acc1=48.94736862182617, tta_acc1=45.70175552368164
2025-06-02 19:36:18,654 - log - INFO - iter:1140/1692, Original Acc@1: 48.95, Acc@5: 77.46, TTA Acc@1: 45.70, Acc@5: 73.07
2025-06-02 19:37:13,705 - log - INFO - iter:1160/1692, clip_acc1=49.05172348022461, tta_acc1=45.77586364746094
2025-06-02 19:37:13,705 - log - INFO - iter:1160/1692, Original Acc@1: 49.05, Acc@5: 77.50, TTA Acc@1: 45.78, Acc@5: 72.93
2025-06-02 19:38:08,760 - log - INFO - iter:1180/1692, clip_acc1=49.49152374267578, tta_acc1=46.27118682861328
2025-06-02 19:38:08,761 - log - INFO - iter:1180/1692, Original Acc@1: 49.49, Acc@5: 77.80, TTA Acc@1: 46.27, Acc@5: 73.05
2025-06-02 19:39:03,747 - log - INFO - iter:1200/1692, clip_acc1=49.583335876464844, tta_acc1=46.75
2025-06-02 19:39:03,747 - log - INFO - iter:1200/1692, Original Acc@1: 49.58, Acc@5: 77.92, TTA Acc@1: 46.75, Acc@5: 73.42
2025-06-02 19:39:58,805 - log - INFO - iter:1220/1692, clip_acc1=49.83606719970703, tta_acc1=47.13114929199219
2025-06-02 19:39:58,805 - log - INFO - iter:1220/1692, Original Acc@1: 49.84, Acc@5: 78.20, TTA Acc@1: 47.13, Acc@5: 73.69
2025-06-02 19:40:54,144 - log - INFO - iter:1240/1692, clip_acc1=49.51612854003906, tta_acc1=47.17741775512695
2025-06-02 19:40:54,144 - log - INFO - iter:1240/1692, Original Acc@1: 49.52, Acc@5: 78.15, TTA Acc@1: 47.18, Acc@5: 73.87
2025-06-02 19:41:49,659 - log - INFO - iter:1260/1692, clip_acc1=49.0476188659668, tta_acc1=46.82539749145508
2025-06-02 19:41:49,659 - log - INFO - iter:1260/1692, Original Acc@1: 49.05, Acc@5: 77.94, TTA Acc@1: 46.83, Acc@5: 73.97
2025-06-02 19:42:44,608 - log - INFO - iter:1280/1692, clip_acc1=49.140625, tta_acc1=46.640625
2025-06-02 19:42:44,608 - log - INFO - iter:1280/1692, Original Acc@1: 49.14, Acc@5: 77.89, TTA Acc@1: 46.64, Acc@5: 74.06
2025-06-02 19:43:39,796 - log - INFO - iter:1300/1692, clip_acc1=49.30769348144531, tta_acc1=46.53845977783203
2025-06-02 19:43:39,796 - log - INFO - iter:1300/1692, Original Acc@1: 49.31, Acc@5: 78.08, TTA Acc@1: 46.54, Acc@5: 74.31
2025-06-02 19:44:34,719 - log - INFO - iter:1320/1692, clip_acc1=48.93939208984375, tta_acc1=46.060604095458984
2025-06-02 19:44:34,719 - log - INFO - iter:1320/1692, Original Acc@1: 48.94, Acc@5: 77.73, TTA Acc@1: 46.06, Acc@5: 73.86
2025-06-02 19:45:29,639 - log - INFO - iter:1340/1692, clip_acc1=48.955223083496094, tta_acc1=45.970149993896484
2025-06-02 19:45:29,639 - log - INFO - iter:1340/1692, Original Acc@1: 48.96, Acc@5: 77.84, TTA Acc@1: 45.97, Acc@5: 73.66
2025-06-02 19:46:24,642 - log - INFO - iter:1360/1692, clip_acc1=48.82353210449219, tta_acc1=46.17647171020508
2025-06-02 19:46:24,642 - log - INFO - iter:1360/1692, Original Acc@1: 48.82, Acc@5: 77.94, TTA Acc@1: 46.18, Acc@5: 73.82
2025-06-02 19:47:19,473 - log - INFO - iter:1380/1692, clip_acc1=48.69565200805664, tta_acc1=46.014495849609375
2025-06-02 19:47:19,474 - log - INFO - iter:1380/1692, Original Acc@1: 48.70, Acc@5: 77.97, TTA Acc@1: 46.01, Acc@5: 73.91
2025-06-02 19:48:14,519 - log - INFO - iter:1400/1692, clip_acc1=48.57142639160156, tta_acc1=45.71428680419922
2025-06-02 19:48:14,519 - log - INFO - iter:1400/1692, Original Acc@1: 48.57, Acc@5: 77.93, TTA Acc@1: 45.71, Acc@5: 74.07
2025-06-02 19:49:09,611 - log - INFO - iter:1420/1692, clip_acc1=49.01408386230469, tta_acc1=46.05633544921875
2025-06-02 19:49:09,611 - log - INFO - iter:1420/1692, Original Acc@1: 49.01, Acc@5: 78.17, TTA Acc@1: 46.06, Acc@5: 74.30
2025-06-02 19:50:04,557 - log - INFO - iter:1440/1692, clip_acc1=49.51388931274414, tta_acc1=46.66666793823242
2025-06-02 19:50:04,557 - log - INFO - iter:1440/1692, Original Acc@1: 49.51, Acc@5: 78.40, TTA Acc@1: 46.67, Acc@5: 74.58
2025-06-02 19:50:59,678 - log - INFO - iter:1460/1692, clip_acc1=49.863014221191406, tta_acc1=46.98630142211914
2025-06-02 19:50:59,679 - log - INFO - iter:1460/1692, Original Acc@1: 49.86, Acc@5: 78.56, TTA Acc@1: 46.99, Acc@5: 74.73
2025-06-02 19:51:54,840 - log - INFO - iter:1480/1692, clip_acc1=50.0, tta_acc1=47.16216278076172
2025-06-02 19:51:54,841 - log - INFO - iter:1480/1692, Original Acc@1: 50.00, Acc@5: 78.58, TTA Acc@1: 47.16, Acc@5: 74.59
2025-06-02 19:52:50,437 - log - INFO - iter:1500/1692, clip_acc1=49.599998474121094, tta_acc1=46.93333435058594
2025-06-02 19:52:50,438 - log - INFO - iter:1500/1692, Original Acc@1: 49.60, Acc@5: 78.67, TTA Acc@1: 46.93, Acc@5: 74.80
2025-06-02 19:53:46,381 - log - INFO - iter:1520/1692, clip_acc1=49.53947448730469, tta_acc1=46.97368621826172
2025-06-02 19:53:46,382 - log - INFO - iter:1520/1692, Original Acc@1: 49.54, Acc@5: 78.68, TTA Acc@1: 46.97, Acc@5: 75.00
2025-06-02 19:54:41,813 - log - INFO - iter:1540/1692, clip_acc1=49.415584564208984, tta_acc1=46.818180084228516
2025-06-02 19:54:41,813 - log - INFO - iter:1540/1692, Original Acc@1: 49.42, Acc@5: 78.38, TTA Acc@1: 46.82, Acc@5: 74.81
2025-06-02 19:55:36,852 - log - INFO - iter:1560/1692, clip_acc1=49.80769348144531, tta_acc1=47.17948913574219
2025-06-02 19:55:36,852 - log - INFO - iter:1560/1692, Original Acc@1: 49.81, Acc@5: 78.46, TTA Acc@1: 47.18, Acc@5: 75.00
2025-06-02 19:56:34,661 - log - INFO - iter:1580/1692, clip_acc1=50.126583099365234, tta_acc1=47.59493637084961
2025-06-02 19:56:34,661 - log - INFO - iter:1580/1692, Original Acc@1: 50.13, Acc@5: 78.48, TTA Acc@1: 47.59, Acc@5: 75.06
2025-06-02 19:57:30,064 - log - INFO - iter:1600/1692, clip_acc1=50.6875, tta_acc1=48.125
2025-06-02 19:57:30,064 - log - INFO - iter:1600/1692, Original Acc@1: 50.69, Acc@5: 78.69, TTA Acc@1: 48.12, Acc@5: 75.31
2025-06-02 19:58:25,447 - log - INFO - iter:1620/1692, clip_acc1=51.04938507080078, tta_acc1=48.51852035522461
2025-06-02 19:58:25,448 - log - INFO - iter:1620/1692, Original Acc@1: 51.05, Acc@5: 78.89, TTA Acc@1: 48.52, Acc@5: 75.56
2025-06-02 19:59:20,412 - log - INFO - iter:1640/1692, clip_acc1=50.975608825683594, tta_acc1=48.475608825683594
2025-06-02 19:59:20,412 - log - INFO - iter:1640/1692, Original Acc@1: 50.98, Acc@5: 78.96, TTA Acc@1: 48.48, Acc@5: 75.43
2025-06-02 20:00:18,056 - log - INFO - iter:1660/1692, clip_acc1=51.02409744262695, tta_acc1=48.55421829223633
2025-06-02 20:00:18,056 - log - INFO - iter:1660/1692, Original Acc@1: 51.02, Acc@5: 79.10, TTA Acc@1: 48.55, Acc@5: 75.66
2025-06-02 20:01:13,604 - log - INFO - iter:1680/1692, clip_acc1=51.42857360839844, tta_acc1=48.98809814453125
2025-06-02 20:01:13,604 - log - INFO - iter:1680/1692, Original Acc@1: 51.43, Acc@5: 79.29, TTA Acc@1: 48.99, Acc@5: 75.95
2025-06-02 20:01:43,156 - log - INFO - iter:1692/1692, clip_acc1=51.71394729614258, tta_acc1=49.29077911376953
2025-06-02 20:01:43,157 - log - INFO - iter:1692/1692, Original Acc@1: 51.71, Acc@5: 79.43, TTA Acc@1: 49.29, Acc@5: 76.12
2025-06-02 20:01:43,321 - log - INFO - Final results - Original Acc@1: 51.71, Acc@5: 79.43, TTA Acc@1: 49.29, Acc@5: 76.12
2025-06-02 20:01:43,321 - log - INFO - Improvement from TTA in Acc@1 -2.42, and Acc@5 -3.31
2025-06-02 20:01:43,322 - log - INFO - Number of selected samples with index 0: 389
2025-06-02 20:01:43,322 - log - INFO - Number of samples in the dataset: 1692
2025-06-02 20:01:43,337 - log - INFO - Selected IDs saved to /leonardo_work/EUHPC_R04_192/fmohamma/Adversarial_Robust_Clip/ATPT/Final_Results/ViT-L/14/DTD/Clean/Counter_Attack/Eps_4_0_Steps_0_Alpha_1_0/tau_0_2_beta_2_0_weighted_pertrubation_True/TPT/Optimization_Loss_rtpt_LR_0_005_Optimization_Steps_1_View_Selection_Fraction_0_1/Inference_Ensemble_vanilla/selected_topk.json
2025-06-02 20:01:43,443 - log - INFO - Batch entropies saved to /leonardo_work/EUHPC_R04_192/fmohamma/Adversarial_Robust_Clip/ATPT/Final_Results/ViT-L/14/DTD/Clean/Counter_Attack/Eps_4_0_Steps_0_Alpha_1_0/tau_0_2_beta_2_0_weighted_pertrubation_True/TPT/Optimization_Loss_rtpt_LR_0_005_Optimization_Steps_1_View_Selection_Fraction_0_1/Inference_Ensemble_vanilla/entropies.json
2025-06-02 20:01:43,445 - log - INFO - => Acc. on testset [DTD]: Clean Acc @1 51.71394729614258/ TTA Clean Acc @1 49.29077911376953, Clean Acc @5 79.43262481689453/ TTA Clean Acc @5 76.12293243408203
2025-06-02 20:01:43,445 - log - INFO - Total script execution time: 4758.38 seconds (79.31 minutes)
