2025-06-11 03:51:01,049 - log - INFO - ==========================================
data:/leonardo_work/EUHPC_R04_192/fmohamma/Adversarial_Robust_Clip/atpt_data/downstream_datasets
test_sets:Flower102
dataset_mode:test
arch:delta_clip_l14_224
resolution:224
workers:4
no_pin_memory:False
batch_size:64
print_freq:20
gpu:0
no_cudnn_benchmark:False
n_ctx:4
ctx_init:a_photo_of_a
tpt_loss:rtpt
seed:0
output_dir:/leonardo_work/EUHPC_R04_192/fmohamma/Adversarial_Robust_Clip/atpt_data/delta_clip_l14_224/Flower102
log_output_dir:/leonardo_work/EUHPC_R04_192/fmohamma/Adversarial_Robust_Clip/ATPT/Final_Results/delta_clip_l14_224/Flower102
eps:0.0
alpha:0.0
alpha_eps_ratio:4.0
steps:0
lr:0.005
selection_p:0.1
tta_steps:1
ensemble_type:weighted_rtpt
top_k:20
softmax_temp:0.01
counter_attack:True
counter_attack_type:pgd
counter_attack_steps:2
counter_attack_eps:4.0
counter_attack_alpha:1.0
counter_attack_tau_thres:0.2
counter_attack_beta:2.0
counter_attack_weighted_perturbations:True
pgd_clip_pure_i_text_embeddings:null
pgd_counter_and_clipure_i_lamda:1.0
selected_id_name:selected_topk.json
weighted_score_name:weighted_scores.json
batch_entropy_name:entropies.json
log_dir:/leonardo_work/EUHPC_R04_192/fmohamma/Adversarial_Robust_Clip/ATPT/Final_Results/delta_clip_l14_224/Flower102/Clean/Counter_Attack/Eps_4_0_Steps_2_Alpha_1_0/tau_0_2_beta_2_0_weighted_pertrubation_True/TPT/Optimization_Loss_rtpt_LR_0_005_Optimization_Steps_1_View_Selection_Fraction_0_1/Inference_Ensemble_weighted_rtpt_topk_20_softmaxtemp_0_01

2025-06-11 03:51:01,050 - log - INFO - Use GPU: 0 for training
2025-06-11 03:52:52,964 - log - INFO - Freezing all parameters except prompt learner
2025-06-11 03:52:52,966 - log - INFO - => Model created: visual backbone delta_clip_l14_224
2025-06-11 03:52:52,972 - log - INFO - Number of test samples: 2463
2025-06-11 03:52:52,972 - log - INFO - Evaluating dataset: Flower102
2025-06-11 03:52:52,973 - log - INFO - Starting evaluation with batch size: 64, selection percentage: 0.1
2025-06-11 03:52:52,973 - log - INFO - Test-time adaptation steps: 1, learning rate: 0.005
2025-06-11 03:52:52,973 - log - INFO - Using counter-attack with epsilon: 4.000000, alpha: 0.000000, steps: 2, tau_thres: 0.2, beta: 2.0, weighted perturbation: True
2025-06-11 03:54:06,079 - log - INFO - iter:20/2463, clip_acc1=100.0, tta_acc1=100.0
2025-06-11 03:54:06,079 - log - INFO - iter:20/2463, Original Acc@1: 100.00, Acc@5: 100.00, TTA Acc@1: 100.00, Acc@5: 100.00
2025-06-11 03:55:01,460 - log - INFO - iter:40/2463, clip_acc1=100.0, tta_acc1=100.0
2025-06-11 03:55:01,460 - log - INFO - iter:40/2463, Original Acc@1: 100.00, Acc@5: 100.00, TTA Acc@1: 100.00, Acc@5: 100.00
2025-06-11 03:55:56,893 - log - INFO - iter:60/2463, clip_acc1=100.00000762939453, tta_acc1=100.00000762939453
2025-06-11 03:55:56,893 - log - INFO - iter:60/2463, Original Acc@1: 100.00, Acc@5: 100.00, TTA Acc@1: 100.00, Acc@5: 100.00
2025-06-11 03:56:52,184 - log - INFO - iter:80/2463, clip_acc1=100.0, tta_acc1=98.75
2025-06-11 03:56:52,184 - log - INFO - iter:80/2463, Original Acc@1: 100.00, Acc@5: 100.00, TTA Acc@1: 98.75, Acc@5: 100.00
2025-06-11 03:57:47,689 - log - INFO - iter:100/2463, clip_acc1=100.0, tta_acc1=97.0
2025-06-11 03:57:47,689 - log - INFO - iter:100/2463, Original Acc@1: 100.00, Acc@5: 100.00, TTA Acc@1: 97.00, Acc@5: 100.00
2025-06-11 03:58:43,274 - log - INFO - iter:120/2463, clip_acc1=100.00000762939453, tta_acc1=96.66667175292969
2025-06-11 03:58:43,274 - log - INFO - iter:120/2463, Original Acc@1: 100.00, Acc@5: 100.00, TTA Acc@1: 96.67, Acc@5: 100.00
2025-06-11 03:59:38,786 - log - INFO - iter:140/2463, clip_acc1=98.57142639160156, tta_acc1=95.0
2025-06-11 03:59:38,786 - log - INFO - iter:140/2463, Original Acc@1: 98.57, Acc@5: 100.00, TTA Acc@1: 95.00, Acc@5: 100.00
2025-06-11 04:00:34,322 - log - INFO - iter:160/2463, clip_acc1=97.5, tta_acc1=93.75
2025-06-11 04:00:34,322 - log - INFO - iter:160/2463, Original Acc@1: 97.50, Acc@5: 100.00, TTA Acc@1: 93.75, Acc@5: 100.00
2025-06-11 04:01:29,845 - log - INFO - iter:180/2463, clip_acc1=96.11111450195312, tta_acc1=91.66667175292969
2025-06-11 04:01:29,845 - log - INFO - iter:180/2463, Original Acc@1: 96.11, Acc@5: 99.44, TTA Acc@1: 91.67, Acc@5: 99.44
2025-06-11 04:02:25,062 - log - INFO - iter:200/2463, clip_acc1=86.5, tta_acc1=82.5
2025-06-11 04:02:25,062 - log - INFO - iter:200/2463, Original Acc@1: 86.50, Acc@5: 89.50, TTA Acc@1: 82.50, Acc@5: 89.50
2025-06-11 04:03:20,414 - log - INFO - iter:220/2463, clip_acc1=78.63636016845703, tta_acc1=75.0
2025-06-11 04:03:20,414 - log - INFO - iter:220/2463, Original Acc@1: 78.64, Acc@5: 81.36, TTA Acc@1: 75.00, Acc@5: 81.36
2025-06-11 04:04:15,972 - log - INFO - iter:240/2463, clip_acc1=74.58333587646484, tta_acc1=71.25
2025-06-11 04:04:15,973 - log - INFO - iter:240/2463, Original Acc@1: 74.58, Acc@5: 77.08, TTA Acc@1: 71.25, Acc@5: 77.08
2025-06-11 04:05:11,371 - log - INFO - iter:260/2463, clip_acc1=76.53845977783203, tta_acc1=73.46154022216797
2025-06-11 04:05:11,371 - log - INFO - iter:260/2463, Original Acc@1: 76.54, Acc@5: 78.85, TTA Acc@1: 73.46, Acc@5: 78.85
2025-06-11 04:06:06,787 - log - INFO - iter:280/2463, clip_acc1=78.21428680419922, tta_acc1=75.35713958740234
2025-06-11 04:06:06,787 - log - INFO - iter:280/2463, Original Acc@1: 78.21, Acc@5: 80.36, TTA Acc@1: 75.36, Acc@5: 80.36
2025-06-11 04:07:02,316 - log - INFO - iter:300/2463, clip_acc1=74.33333587646484, tta_acc1=71.66667175292969
2025-06-11 04:07:02,316 - log - INFO - iter:300/2463, Original Acc@1: 74.33, Acc@5: 79.00, TTA Acc@1: 71.67, Acc@5: 78.00
2025-06-11 04:07:57,912 - log - INFO - iter:320/2463, clip_acc1=69.6875, tta_acc1=67.1875
2025-06-11 04:07:57,912 - log - INFO - iter:320/2463, Original Acc@1: 69.69, Acc@5: 77.50, TTA Acc@1: 67.19, Acc@5: 74.69
2025-06-11 04:08:53,526 - log - INFO - iter:340/2463, clip_acc1=65.5882339477539, tta_acc1=63.235294342041016
2025-06-11 04:08:53,526 - log - INFO - iter:340/2463, Original Acc@1: 65.59, Acc@5: 77.06, TTA Acc@1: 63.24, Acc@5: 72.65
2025-06-11 04:09:48,791 - log - INFO - iter:360/2463, clip_acc1=66.66667175292969, tta_acc1=64.44444274902344
2025-06-11 04:09:48,791 - log - INFO - iter:360/2463, Original Acc@1: 66.67, Acc@5: 77.78, TTA Acc@1: 64.44, Acc@5: 73.61
2025-06-11 04:10:45,173 - log - INFO - iter:380/2463, clip_acc1=67.89473724365234, tta_acc1=66.3157958984375
2025-06-11 04:10:45,173 - log - INFO - iter:380/2463, Original Acc@1: 67.89, Acc@5: 78.95, TTA Acc@1: 66.32, Acc@5: 75.00
2025-06-11 04:11:40,800 - log - INFO - iter:400/2463, clip_acc1=68.25, tta_acc1=66.75
2025-06-11 04:11:40,800 - log - INFO - iter:400/2463, Original Acc@1: 68.25, Acc@5: 80.00, TTA Acc@1: 66.75, Acc@5: 76.25
2025-06-11 04:12:36,095 - log - INFO - iter:420/2463, clip_acc1=65.4761962890625, tta_acc1=64.52381134033203
2025-06-11 04:12:36,095 - log - INFO - iter:420/2463, Original Acc@1: 65.48, Acc@5: 80.95, TTA Acc@1: 64.52, Acc@5: 77.14
2025-06-11 04:13:31,700 - log - INFO - iter:440/2463, clip_acc1=62.727272033691406, tta_acc1=62.27272415161133
2025-06-11 04:13:31,701 - log - INFO - iter:440/2463, Original Acc@1: 62.73, Acc@5: 81.82, TTA Acc@1: 62.27, Acc@5: 78.18
2025-06-11 04:14:27,113 - log - INFO - iter:460/2463, clip_acc1=60.43478012084961, tta_acc1=59.999996185302734
2025-06-11 04:14:27,113 - log - INFO - iter:460/2463, Original Acc@1: 60.43, Acc@5: 82.39, TTA Acc@1: 60.00, Acc@5: 78.91
2025-06-11 04:15:22,741 - log - INFO - iter:480/2463, clip_acc1=60.208335876464844, tta_acc1=59.79166793823242
2025-06-11 04:15:22,741 - log - INFO - iter:480/2463, Original Acc@1: 60.21, Acc@5: 82.92, TTA Acc@1: 59.79, Acc@5: 79.58
2025-06-11 04:16:18,114 - log - INFO - iter:500/2463, clip_acc1=61.80000305175781, tta_acc1=61.400001525878906
2025-06-11 04:16:18,115 - log - INFO - iter:500/2463, Original Acc@1: 61.80, Acc@5: 83.60, TTA Acc@1: 61.40, Acc@5: 80.40
2025-06-11 04:17:13,632 - log - INFO - iter:520/2463, clip_acc1=63.269229888916016, tta_acc1=62.88461685180664
2025-06-11 04:17:13,632 - log - INFO - iter:520/2463, Original Acc@1: 63.27, Acc@5: 84.23, TTA Acc@1: 62.88, Acc@5: 81.15
2025-06-11 04:18:09,129 - log - INFO - iter:540/2463, clip_acc1=64.62963104248047, tta_acc1=64.2592544555664
2025-06-11 04:18:09,129 - log - INFO - iter:540/2463, Original Acc@1: 64.63, Acc@5: 84.81, TTA Acc@1: 64.26, Acc@5: 81.85
2025-06-11 04:19:04,485 - log - INFO - iter:560/2463, clip_acc1=65.71428680419922, tta_acc1=65.35713958740234
2025-06-11 04:19:04,485 - log - INFO - iter:560/2463, Original Acc@1: 65.71, Acc@5: 85.36, TTA Acc@1: 65.36, Acc@5: 82.50
2025-06-11 04:20:00,491 - log - INFO - iter:580/2463, clip_acc1=66.89655303955078, tta_acc1=66.37931060791016
2025-06-11 04:20:00,492 - log - INFO - iter:580/2463, Original Acc@1: 66.90, Acc@5: 85.86, TTA Acc@1: 66.38, Acc@5: 83.10
2025-06-11 04:20:55,755 - log - INFO - iter:600/2463, clip_acc1=68.0, tta_acc1=67.5
2025-06-11 04:20:55,755 - log - INFO - iter:600/2463, Original Acc@1: 68.00, Acc@5: 86.33, TTA Acc@1: 67.50, Acc@5: 83.67
2025-06-11 04:21:51,299 - log - INFO - iter:620/2463, clip_acc1=68.87096405029297, tta_acc1=68.38709259033203
2025-06-11 04:21:51,299 - log - INFO - iter:620/2463, Original Acc@1: 68.87, Acc@5: 86.77, TTA Acc@1: 68.39, Acc@5: 84.19
2025-06-11 04:22:46,863 - log - INFO - iter:640/2463, clip_acc1=69.84375, tta_acc1=69.375
2025-06-11 04:22:46,863 - log - INFO - iter:640/2463, Original Acc@1: 69.84, Acc@5: 87.19, TTA Acc@1: 69.38, Acc@5: 84.69
2025-06-11 04:23:42,412 - log - INFO - iter:660/2463, clip_acc1=68.63636016845703, tta_acc1=68.18181610107422
2025-06-11 04:23:42,412 - log - INFO - iter:660/2463, Original Acc@1: 68.64, Acc@5: 85.45, TTA Acc@1: 68.18, Acc@5: 83.03
2025-06-11 04:24:37,797 - log - INFO - iter:680/2463, clip_acc1=66.61764526367188, tta_acc1=66.17647552490234
2025-06-11 04:24:37,797 - log - INFO - iter:680/2463, Original Acc@1: 66.62, Acc@5: 83.09, TTA Acc@1: 66.18, Acc@5: 80.74
2025-06-11 04:25:33,234 - log - INFO - iter:700/2463, clip_acc1=64.85713958740234, tta_acc1=64.42857360839844
2025-06-11 04:25:33,234 - log - INFO - iter:700/2463, Original Acc@1: 64.86, Acc@5: 82.43, TTA Acc@1: 64.43, Acc@5: 80.14
2025-06-11 04:26:28,952 - log - INFO - iter:720/2463, clip_acc1=63.1944465637207, tta_acc1=62.63888931274414
2025-06-11 04:26:28,953 - log - INFO - iter:720/2463, Original Acc@1: 63.19, Acc@5: 82.22, TTA Acc@1: 62.64, Acc@5: 79.72
2025-06-11 04:27:24,480 - log - INFO - iter:740/2463, clip_acc1=61.486488342285156, tta_acc1=60.945945739746094
2025-06-11 04:27:24,480 - log - INFO - iter:740/2463, Original Acc@1: 61.49, Acc@5: 80.14, TTA Acc@1: 60.95, Acc@5: 77.70
2025-06-11 04:28:19,881 - log - INFO - iter:760/2463, clip_acc1=60.000003814697266, tta_acc1=59.47368621826172
2025-06-11 04:28:19,881 - log - INFO - iter:760/2463, Original Acc@1: 60.00, Acc@5: 78.16, TTA Acc@1: 59.47, Acc@5: 75.79
2025-06-11 04:29:15,328 - log - INFO - iter:780/2463, clip_acc1=61.02564239501953, tta_acc1=60.512821197509766
2025-06-11 04:29:15,328 - log - INFO - iter:780/2463, Original Acc@1: 61.03, Acc@5: 78.72, TTA Acc@1: 60.51, Acc@5: 76.41
2025-06-11 04:30:10,760 - log - INFO - iter:800/2463, clip_acc1=61.875, tta_acc1=61.375
2025-06-11 04:30:10,760 - log - INFO - iter:800/2463, Original Acc@1: 61.88, Acc@5: 79.25, TTA Acc@1: 61.38, Acc@5: 77.00
2025-06-11 04:31:06,325 - log - INFO - iter:820/2463, clip_acc1=62.80487823486328, tta_acc1=62.317073822021484
2025-06-11 04:31:06,325 - log - INFO - iter:820/2463, Original Acc@1: 62.80, Acc@5: 79.76, TTA Acc@1: 62.32, Acc@5: 77.56
2025-06-11 04:32:01,919 - log - INFO - iter:840/2463, clip_acc1=63.69047927856445, tta_acc1=63.21428680419922
2025-06-11 04:32:01,920 - log - INFO - iter:840/2463, Original Acc@1: 63.69, Acc@5: 80.24, TTA Acc@1: 63.21, Acc@5: 78.10
2025-06-11 04:32:57,404 - log - INFO - iter:860/2463, clip_acc1=63.488372802734375, tta_acc1=63.02325439453125
2025-06-11 04:32:57,404 - log - INFO - iter:860/2463, Original Acc@1: 63.49, Acc@5: 79.65, TTA Acc@1: 63.02, Acc@5: 77.56
2025-06-11 04:33:52,817 - log - INFO - iter:880/2463, clip_acc1=62.04545211791992, tta_acc1=61.59090805053711
2025-06-11 04:33:52,817 - log - INFO - iter:880/2463, Original Acc@1: 62.05, Acc@5: 77.84, TTA Acc@1: 61.59, Acc@5: 75.80
2025-06-11 04:34:48,350 - log - INFO - iter:900/2463, clip_acc1=60.66666793823242, tta_acc1=60.222225189208984
2025-06-11 04:34:48,351 - log - INFO - iter:900/2463, Original Acc@1: 60.67, Acc@5: 76.22, TTA Acc@1: 60.22, Acc@5: 74.11
2025-06-11 04:35:43,973 - log - INFO - iter:920/2463, clip_acc1=61.41304016113281, tta_acc1=60.97825622558594
2025-06-11 04:35:43,973 - log - INFO - iter:920/2463, Original Acc@1: 61.41, Acc@5: 76.63, TTA Acc@1: 60.98, Acc@5: 74.57
2025-06-11 04:36:39,477 - log - INFO - iter:940/2463, clip_acc1=62.234039306640625, tta_acc1=61.808509826660156
2025-06-11 04:36:39,477 - log - INFO - iter:940/2463, Original Acc@1: 62.23, Acc@5: 77.13, TTA Acc@1: 61.81, Acc@5: 75.11
2025-06-11 04:37:35,067 - log - INFO - iter:960/2463, clip_acc1=62.812503814697266, tta_acc1=62.500003814697266
2025-06-11 04:37:35,067 - log - INFO - iter:960/2463, Original Acc@1: 62.81, Acc@5: 77.60, TTA Acc@1: 62.50, Acc@5: 75.63
2025-06-11 04:38:30,474 - log - INFO - iter:980/2463, clip_acc1=63.16326141357422, tta_acc1=62.857139587402344
2025-06-11 04:38:30,474 - log - INFO - iter:980/2463, Original Acc@1: 63.16, Acc@5: 78.06, TTA Acc@1: 62.86, Acc@5: 76.12
2025-06-11 04:39:26,183 - log - INFO - iter:1000/2463, clip_acc1=63.70000457763672, tta_acc1=63.500003814697266
2025-06-11 04:39:26,183 - log - INFO - iter:1000/2463, Original Acc@1: 63.70, Acc@5: 78.50, TTA Acc@1: 63.50, Acc@5: 76.60
2025-06-11 04:40:21,667 - log - INFO - iter:1020/2463, clip_acc1=64.4117660522461, tta_acc1=64.21569061279297
2025-06-11 04:40:21,667 - log - INFO - iter:1020/2463, Original Acc@1: 64.41, Acc@5: 78.92, TTA Acc@1: 64.22, Acc@5: 77.06
2025-06-11 04:41:17,238 - log - INFO - iter:1040/2463, clip_acc1=65.09615325927734, tta_acc1=64.80769348144531
2025-06-11 04:41:17,239 - log - INFO - iter:1040/2463, Original Acc@1: 65.10, Acc@5: 79.33, TTA Acc@1: 64.81, Acc@5: 77.50
2025-06-11 04:42:12,813 - log - INFO - iter:1060/2463, clip_acc1=65.6603775024414, tta_acc1=65.28302001953125
2025-06-11 04:42:12,813 - log - INFO - iter:1060/2463, Original Acc@1: 65.66, Acc@5: 79.72, TTA Acc@1: 65.28, Acc@5: 77.83
2025-06-11 04:43:08,196 - log - INFO - iter:1080/2463, clip_acc1=65.0, tta_acc1=64.35185241699219
2025-06-11 04:43:08,196 - log - INFO - iter:1080/2463, Original Acc@1: 65.00, Acc@5: 79.54, TTA Acc@1: 64.35, Acc@5: 77.31
2025-06-11 04:44:03,854 - log - INFO - iter:1100/2463, clip_acc1=64.90908813476562, tta_acc1=64.18181610107422
2025-06-11 04:44:03,854 - log - INFO - iter:1100/2463, Original Acc@1: 64.91, Acc@5: 79.82, TTA Acc@1: 64.18, Acc@5: 77.64
2025-06-11 04:44:59,301 - log - INFO - iter:1120/2463, clip_acc1=65.44642639160156, tta_acc1=64.64286041259766
2025-06-11 04:44:59,301 - log - INFO - iter:1120/2463, Original Acc@1: 65.45, Acc@5: 80.09, TTA Acc@1: 64.64, Acc@5: 78.04
2025-06-11 04:45:54,727 - log - INFO - iter:1140/2463, clip_acc1=65.7017593383789, tta_acc1=64.8245620727539
2025-06-11 04:45:54,727 - log - INFO - iter:1140/2463, Original Acc@1: 65.70, Acc@5: 80.44, TTA Acc@1: 64.82, Acc@5: 78.33
2025-06-11 04:46:50,153 - log - INFO - iter:1160/2463, clip_acc1=65.0862045288086, tta_acc1=63.96551513671875
2025-06-11 04:46:50,153 - log - INFO - iter:1160/2463, Original Acc@1: 65.09, Acc@5: 79.66, TTA Acc@1: 63.97, Acc@5: 77.59
2025-06-11 04:47:45,717 - log - INFO - iter:1180/2463, clip_acc1=64.06779479980469, tta_acc1=62.966102600097656
2025-06-11 04:47:45,717 - log - INFO - iter:1180/2463, Original Acc@1: 64.07, Acc@5: 78.39, TTA Acc@1: 62.97, Acc@5: 76.36
2025-06-11 04:48:41,123 - log - INFO - iter:1200/2463, clip_acc1=64.66667175292969, tta_acc1=63.583335876464844
2025-06-11 04:48:41,123 - log - INFO - iter:1200/2463, Original Acc@1: 64.67, Acc@5: 78.75, TTA Acc@1: 63.58, Acc@5: 76.75
2025-06-11 04:49:36,493 - log - INFO - iter:1220/2463, clip_acc1=64.01639556884766, tta_acc1=62.95082092285156
2025-06-11 04:49:36,493 - log - INFO - iter:1220/2463, Original Acc@1: 64.02, Acc@5: 77.87, TTA Acc@1: 62.95, Acc@5: 75.90
2025-06-11 04:50:32,010 - log - INFO - iter:1240/2463, clip_acc1=63.3870964050293, tta_acc1=62.25806427001953
2025-06-11 04:50:32,010 - log - INFO - iter:1240/2463, Original Acc@1: 63.39, Acc@5: 77.34, TTA Acc@1: 62.26, Acc@5: 75.40
2025-06-11 04:51:27,387 - log - INFO - iter:1260/2463, clip_acc1=63.41270065307617, tta_acc1=62.14285659790039
2025-06-11 04:51:27,387 - log - INFO - iter:1260/2463, Original Acc@1: 63.41, Acc@5: 77.70, TTA Acc@1: 62.14, Acc@5: 75.79
2025-06-11 04:52:22,474 - log - INFO - iter:1280/2463, clip_acc1=63.984375, tta_acc1=62.734375
2025-06-11 04:52:22,475 - log - INFO - iter:1280/2463, Original Acc@1: 63.98, Acc@5: 78.05, TTA Acc@1: 62.73, Acc@5: 76.17
2025-06-11 04:53:18,052 - log - INFO - iter:1300/2463, clip_acc1=64.38461303710938, tta_acc1=63.153846740722656
2025-06-11 04:53:18,052 - log - INFO - iter:1300/2463, Original Acc@1: 64.38, Acc@5: 78.38, TTA Acc@1: 63.15, Acc@5: 76.54
2025-06-11 04:54:13,431 - log - INFO - iter:1320/2463, clip_acc1=64.62120819091797, tta_acc1=63.18181610107422
2025-06-11 04:54:13,431 - log - INFO - iter:1320/2463, Original Acc@1: 64.62, Acc@5: 78.71, TTA Acc@1: 63.18, Acc@5: 76.89
2025-06-11 04:55:08,849 - log - INFO - iter:1340/2463, clip_acc1=64.47761535644531, tta_acc1=62.91044998168945
2025-06-11 04:55:08,850 - log - INFO - iter:1340/2463, Original Acc@1: 64.48, Acc@5: 79.03, TTA Acc@1: 62.91, Acc@5: 77.16
2025-06-11 04:56:04,578 - log - INFO - iter:1360/2463, clip_acc1=64.48529815673828, tta_acc1=62.94117736816406
2025-06-11 04:56:04,579 - log - INFO - iter:1360/2463, Original Acc@1: 64.49, Acc@5: 79.26, TTA Acc@1: 62.94, Acc@5: 77.35
2025-06-11 04:56:59,847 - log - INFO - iter:1380/2463, clip_acc1=65.0, tta_acc1=63.47826385498047
2025-06-11 04:56:59,848 - log - INFO - iter:1380/2463, Original Acc@1: 65.00, Acc@5: 79.57, TTA Acc@1: 63.48, Acc@5: 77.68
2025-06-11 04:57:55,339 - log - INFO - iter:1400/2463, clip_acc1=65.42857360839844, tta_acc1=63.85714340209961
2025-06-11 04:57:55,339 - log - INFO - iter:1400/2463, Original Acc@1: 65.43, Acc@5: 79.79, TTA Acc@1: 63.86, Acc@5: 77.93
2025-06-11 04:58:50,874 - log - INFO - iter:1420/2463, clip_acc1=65.63380432128906, tta_acc1=64.08450317382812
2025-06-11 04:58:50,875 - log - INFO - iter:1420/2463, Original Acc@1: 65.63, Acc@5: 79.79, TTA Acc@1: 64.08, Acc@5: 77.96
2025-06-11 04:59:46,383 - log - INFO - iter:1440/2463, clip_acc1=64.72222137451172, tta_acc1=63.1944465637207
2025-06-11 04:59:46,383 - log - INFO - iter:1440/2463, Original Acc@1: 64.72, Acc@5: 78.89, TTA Acc@1: 63.19, Acc@5: 77.08
2025-06-11 05:00:41,815 - log - INFO - iter:1460/2463, clip_acc1=64.17808532714844, tta_acc1=62.671234130859375
2025-06-11 05:00:41,815 - log - INFO - iter:1460/2463, Original Acc@1: 64.18, Acc@5: 78.90, TTA Acc@1: 62.67, Acc@5: 76.99
2025-06-11 05:01:37,177 - log - INFO - iter:1480/2463, clip_acc1=64.66216278076172, tta_acc1=63.17567825317383
2025-06-11 05:01:37,177 - log - INFO - iter:1480/2463, Original Acc@1: 64.66, Acc@5: 79.19, TTA Acc@1: 63.18, Acc@5: 77.30
2025-06-11 05:02:32,857 - log - INFO - iter:1500/2463, clip_acc1=64.86666870117188, tta_acc1=63.46666717529297
2025-06-11 05:02:32,857 - log - INFO - iter:1500/2463, Original Acc@1: 64.87, Acc@5: 79.47, TTA Acc@1: 63.47, Acc@5: 77.60
2025-06-11 05:03:28,543 - log - INFO - iter:1520/2463, clip_acc1=64.27632141113281, tta_acc1=62.89474105834961
2025-06-11 05:03:28,543 - log - INFO - iter:1520/2463, Original Acc@1: 64.28, Acc@5: 79.67, TTA Acc@1: 62.89, Acc@5: 77.83
2025-06-11 05:04:24,107 - log - INFO - iter:1540/2463, clip_acc1=63.83116912841797, tta_acc1=62.532466888427734
2025-06-11 05:04:24,107 - log - INFO - iter:1540/2463, Original Acc@1: 63.83, Acc@5: 79.94, TTA Acc@1: 62.53, Acc@5: 78.12
2025-06-11 05:05:19,466 - log - INFO - iter:1560/2463, clip_acc1=63.141029357910156, tta_acc1=61.79487228393555
2025-06-11 05:05:19,466 - log - INFO - iter:1560/2463, Original Acc@1: 63.14, Acc@5: 80.19, TTA Acc@1: 61.79, Acc@5: 78.40
2025-06-11 05:06:15,007 - log - INFO - iter:1580/2463, clip_acc1=62.531646728515625, tta_acc1=61.20253372192383
2025-06-11 05:06:15,008 - log - INFO - iter:1580/2463, Original Acc@1: 62.53, Acc@5: 80.44, TTA Acc@1: 61.20, Acc@5: 78.61
2025-06-11 05:07:11,431 - log - INFO - iter:1600/2463, clip_acc1=61.875, tta_acc1=60.5625
2025-06-11 05:07:11,431 - log - INFO - iter:1600/2463, Original Acc@1: 61.88, Acc@5: 80.62, TTA Acc@1: 60.56, Acc@5: 78.69
2025-06-11 05:08:07,212 - log - INFO - iter:1620/2463, clip_acc1=61.23456954956055, tta_acc1=59.93827438354492
2025-06-11 05:08:07,212 - log - INFO - iter:1620/2463, Original Acc@1: 61.23, Acc@5: 80.62, TTA Acc@1: 59.94, Acc@5: 78.52
2025-06-11 05:09:02,555 - log - INFO - iter:1640/2463, clip_acc1=61.524391174316406, tta_acc1=60.121952056884766
2025-06-11 05:09:02,555 - log - INFO - iter:1640/2463, Original Acc@1: 61.52, Acc@5: 80.85, TTA Acc@1: 60.12, Acc@5: 78.78
2025-06-11 05:09:57,793 - log - INFO - iter:1660/2463, clip_acc1=61.987953186035156, tta_acc1=60.60240936279297
2025-06-11 05:09:57,793 - log - INFO - iter:1660/2463, Original Acc@1: 61.99, Acc@5: 81.08, TTA Acc@1: 60.60, Acc@5: 79.04
2025-06-11 05:10:53,023 - log - INFO - iter:1680/2463, clip_acc1=62.32143020629883, tta_acc1=60.892860412597656
2025-06-11 05:10:53,023 - log - INFO - iter:1680/2463, Original Acc@1: 62.32, Acc@5: 81.31, TTA Acc@1: 60.89, Acc@5: 79.29
2025-06-11 05:11:48,425 - log - INFO - iter:1700/2463, clip_acc1=62.647056579589844, tta_acc1=61.17646789550781
2025-06-11 05:11:48,425 - log - INFO - iter:1700/2463, Original Acc@1: 62.65, Acc@5: 81.53, TTA Acc@1: 61.18, Acc@5: 79.53
2025-06-11 05:12:43,788 - log - INFO - iter:1720/2463, clip_acc1=62.67441940307617, tta_acc1=61.22092819213867
2025-06-11 05:12:43,789 - log - INFO - iter:1720/2463, Original Acc@1: 62.67, Acc@5: 81.74, TTA Acc@1: 61.22, Acc@5: 79.71
2025-06-11 05:13:39,254 - log - INFO - iter:1740/2463, clip_acc1=63.10344696044922, tta_acc1=61.66666793823242
2025-06-11 05:13:39,254 - log - INFO - iter:1740/2463, Original Acc@1: 63.10, Acc@5: 81.95, TTA Acc@1: 61.67, Acc@5: 79.94
2025-06-11 05:14:34,709 - log - INFO - iter:1760/2463, clip_acc1=62.89772415161133, tta_acc1=61.42045211791992
2025-06-11 05:14:34,709 - log - INFO - iter:1760/2463, Original Acc@1: 62.90, Acc@5: 81.99, TTA Acc@1: 61.42, Acc@5: 80.06
2025-06-11 05:15:30,015 - log - INFO - iter:1780/2463, clip_acc1=63.03370666503906, tta_acc1=61.573036193847656
2025-06-11 05:15:30,015 - log - INFO - iter:1780/2463, Original Acc@1: 63.03, Acc@5: 82.08, TTA Acc@1: 61.57, Acc@5: 80.22
2025-06-11 05:16:25,646 - log - INFO - iter:1800/2463, clip_acc1=63.111114501953125, tta_acc1=61.66666793823242
2025-06-11 05:16:25,647 - log - INFO - iter:1800/2463, Original Acc@1: 63.11, Acc@5: 82.28, TTA Acc@1: 61.67, Acc@5: 80.44
2025-06-11 05:17:21,307 - log - INFO - iter:1820/2463, clip_acc1=62.5274772644043, tta_acc1=61.09890365600586
2025-06-11 05:17:21,308 - log - INFO - iter:1820/2463, Original Acc@1: 62.53, Acc@5: 82.09, TTA Acc@1: 61.10, Acc@5: 80.27
2025-06-11 05:18:16,877 - log - INFO - iter:1840/2463, clip_acc1=62.554344177246094, tta_acc1=61.141300201416016
2025-06-11 05:18:16,877 - log - INFO - iter:1840/2463, Original Acc@1: 62.55, Acc@5: 81.90, TTA Acc@1: 61.14, Acc@5: 80.11
2025-06-11 05:19:12,422 - log - INFO - iter:1860/2463, clip_acc1=62.04301071166992, tta_acc1=60.591400146484375
2025-06-11 05:19:12,422 - log - INFO - iter:1860/2463, Original Acc@1: 62.04, Acc@5: 81.24, TTA Acc@1: 60.59, Acc@5: 79.46
2025-06-11 05:20:07,660 - log - INFO - iter:1880/2463, clip_acc1=62.180850982666016, tta_acc1=60.74467849731445
2025-06-11 05:20:07,660 - log - INFO - iter:1880/2463, Original Acc@1: 62.18, Acc@5: 81.44, TTA Acc@1: 60.74, Acc@5: 79.68
2025-06-11 05:21:02,905 - log - INFO - iter:1900/2463, clip_acc1=61.89473342895508, tta_acc1=60.47368240356445
2025-06-11 05:21:02,905 - log - INFO - iter:1900/2463, Original Acc@1: 61.89, Acc@5: 80.95, TTA Acc@1: 60.47, Acc@5: 79.21
2025-06-11 05:21:58,458 - log - INFO - iter:1920/2463, clip_acc1=62.187503814697266, tta_acc1=60.781253814697266
2025-06-11 05:21:58,458 - log - INFO - iter:1920/2463, Original Acc@1: 62.19, Acc@5: 81.04, TTA Acc@1: 60.78, Acc@5: 79.32
2025-06-11 05:22:54,021 - log - INFO - iter:1940/2463, clip_acc1=62.57732009887695, tta_acc1=61.185569763183594
2025-06-11 05:22:54,022 - log - INFO - iter:1940/2463, Original Acc@1: 62.58, Acc@5: 81.24, TTA Acc@1: 61.19, Acc@5: 79.54
2025-06-11 05:23:49,696 - log - INFO - iter:1960/2463, clip_acc1=62.80611801147461, tta_acc1=61.47958755493164
2025-06-11 05:23:49,697 - log - INFO - iter:1960/2463, Original Acc@1: 62.81, Acc@5: 81.43, TTA Acc@1: 61.48, Acc@5: 79.69
2025-06-11 05:24:45,181 - log - INFO - iter:1980/2463, clip_acc1=62.92929458618164, tta_acc1=61.61616516113281
2025-06-11 05:24:45,181 - log - INFO - iter:1980/2463, Original Acc@1: 62.93, Acc@5: 81.57, TTA Acc@1: 61.62, Acc@5: 79.80
2025-06-11 05:25:40,651 - log - INFO - iter:2000/2463, clip_acc1=63.20000457763672, tta_acc1=61.900001525878906
2025-06-11 05:25:40,651 - log - INFO - iter:2000/2463, Original Acc@1: 63.20, Acc@5: 81.70, TTA Acc@1: 61.90, Acc@5: 79.95
2025-06-11 05:26:36,151 - log - INFO - iter:2020/2463, clip_acc1=62.970298767089844, tta_acc1=61.683170318603516
2025-06-11 05:26:36,151 - log - INFO - iter:2020/2463, Original Acc@1: 62.97, Acc@5: 81.39, TTA Acc@1: 61.68, Acc@5: 79.60
2025-06-11 05:27:31,806 - log - INFO - iter:2040/2463, clip_acc1=63.13726043701172, tta_acc1=61.81372833251953
2025-06-11 05:27:31,807 - log - INFO - iter:2040/2463, Original Acc@1: 63.14, Acc@5: 81.37, TTA Acc@1: 61.81, Acc@5: 79.61
2025-06-11 05:28:27,278 - log - INFO - iter:2060/2463, clip_acc1=63.34951400756836, tta_acc1=62.03883743286133
2025-06-11 05:28:27,278 - log - INFO - iter:2060/2463, Original Acc@1: 63.35, Acc@5: 81.55, TTA Acc@1: 62.04, Acc@5: 79.81
2025-06-11 05:29:22,791 - log - INFO - iter:2080/2463, clip_acc1=63.41345977783203, tta_acc1=62.11538314819336
2025-06-11 05:29:22,791 - log - INFO - iter:2080/2463, Original Acc@1: 63.41, Acc@5: 81.44, TTA Acc@1: 62.12, Acc@5: 79.71
2025-06-11 05:30:18,419 - log - INFO - iter:2100/2463, clip_acc1=63.42856979370117, tta_acc1=62.0
2025-06-11 05:30:18,420 - log - INFO - iter:2100/2463, Original Acc@1: 63.43, Acc@5: 81.33, TTA Acc@1: 62.00, Acc@5: 79.62
2025-06-11 05:31:13,958 - log - INFO - iter:2120/2463, clip_acc1=63.3962287902832, tta_acc1=61.98113250732422
2025-06-11 05:31:13,959 - log - INFO - iter:2120/2463, Original Acc@1: 63.40, Acc@5: 81.46, TTA Acc@1: 61.98, Acc@5: 79.72
2025-06-11 05:32:09,598 - log - INFO - iter:2140/2463, clip_acc1=63.50467300415039, tta_acc1=62.05607604980469
2025-06-11 05:32:09,599 - log - INFO - iter:2140/2463, Original Acc@1: 63.50, Acc@5: 81.59, TTA Acc@1: 62.06, Acc@5: 79.86
2025-06-11 05:33:05,156 - log - INFO - iter:2160/2463, clip_acc1=63.75, tta_acc1=62.314815521240234
2025-06-11 05:33:05,156 - log - INFO - iter:2160/2463, Original Acc@1: 63.75, Acc@5: 81.76, TTA Acc@1: 62.31, Acc@5: 80.05
2025-06-11 05:34:00,628 - log - INFO - iter:2180/2463, clip_acc1=63.44036865234375, tta_acc1=62.0642204284668
2025-06-11 05:34:00,629 - log - INFO - iter:2180/2463, Original Acc@1: 63.44, Acc@5: 81.38, TTA Acc@1: 62.06, Acc@5: 79.68
2025-06-11 05:34:56,209 - log - INFO - iter:2200/2463, clip_acc1=63.772727966308594, tta_acc1=62.40909194946289
2025-06-11 05:34:56,210 - log - INFO - iter:2200/2463, Original Acc@1: 63.77, Acc@5: 81.55, TTA Acc@1: 62.41, Acc@5: 79.86
2025-06-11 05:35:51,527 - log - INFO - iter:2220/2463, clip_acc1=64.0990982055664, tta_acc1=62.74774932861328
2025-06-11 05:35:51,527 - log - INFO - iter:2220/2463, Original Acc@1: 64.10, Acc@5: 81.71, TTA Acc@1: 62.75, Acc@5: 80.05
2025-06-11 05:36:48,003 - log - INFO - iter:2240/2463, clip_acc1=64.28571319580078, tta_acc1=62.90178680419922
2025-06-11 05:36:48,003 - log - INFO - iter:2240/2463, Original Acc@1: 64.29, Acc@5: 81.88, TTA Acc@1: 62.90, Acc@5: 80.22
2025-06-11 05:37:43,765 - log - INFO - iter:2260/2463, clip_acc1=64.60176849365234, tta_acc1=63.23008728027344
2025-06-11 05:37:43,765 - log - INFO - iter:2260/2463, Original Acc@1: 64.60, Acc@5: 82.04, TTA Acc@1: 63.23, Acc@5: 80.40
2025-06-11 05:38:40,054 - log - INFO - iter:2280/2463, clip_acc1=64.91228485107422, tta_acc1=63.55263137817383
2025-06-11 05:38:40,054 - log - INFO - iter:2280/2463, Original Acc@1: 64.91, Acc@5: 82.19, TTA Acc@1: 63.55, Acc@5: 80.57
2025-06-11 05:39:35,499 - log - INFO - iter:2300/2463, clip_acc1=65.0434799194336, tta_acc1=63.69565200805664
2025-06-11 05:39:35,499 - log - INFO - iter:2300/2463, Original Acc@1: 65.04, Acc@5: 82.26, TTA Acc@1: 63.70, Acc@5: 80.57
2025-06-11 05:40:31,053 - log - INFO - iter:2320/2463, clip_acc1=65.30172729492188, tta_acc1=63.83620834350586
2025-06-11 05:40:31,054 - log - INFO - iter:2320/2463, Original Acc@1: 65.30, Acc@5: 82.37, TTA Acc@1: 63.84, Acc@5: 80.65
2025-06-11 05:41:26,585 - log - INFO - iter:2340/2463, clip_acc1=65.47008514404297, tta_acc1=64.01709747314453
2025-06-11 05:41:26,585 - log - INFO - iter:2340/2463, Original Acc@1: 65.47, Acc@5: 82.44, TTA Acc@1: 64.02, Acc@5: 80.77
2025-06-11 05:42:22,108 - log - INFO - iter:2360/2463, clip_acc1=65.50847625732422, tta_acc1=64.06779479980469
2025-06-11 05:42:22,108 - log - INFO - iter:2360/2463, Original Acc@1: 65.51, Acc@5: 82.33, TTA Acc@1: 64.07, Acc@5: 80.68
2025-06-11 05:43:17,587 - log - INFO - iter:2380/2463, clip_acc1=65.08403778076172, tta_acc1=63.61344528198242
2025-06-11 05:43:17,587 - log - INFO - iter:2380/2463, Original Acc@1: 65.08, Acc@5: 81.89, TTA Acc@1: 63.61, Acc@5: 80.29
2025-06-11 05:44:12,992 - log - INFO - iter:2400/2463, clip_acc1=64.75, tta_acc1=63.29166793823242
2025-06-11 05:44:12,992 - log - INFO - iter:2400/2463, Original Acc@1: 64.75, Acc@5: 82.04, TTA Acc@1: 63.29, Acc@5: 80.42
2025-06-11 05:45:08,336 - log - INFO - iter:2420/2463, clip_acc1=65.0, tta_acc1=63.55371856689453
2025-06-11 05:45:08,336 - log - INFO - iter:2420/2463, Original Acc@1: 65.00, Acc@5: 82.19, TTA Acc@1: 63.55, Acc@5: 80.58
2025-06-11 05:46:03,843 - log - INFO - iter:2440/2463, clip_acc1=64.95901489257812, tta_acc1=63.52458953857422
2025-06-11 05:46:03,843 - log - INFO - iter:2440/2463, Original Acc@1: 64.96, Acc@5: 82.34, TTA Acc@1: 63.52, Acc@5: 80.66
2025-06-11 05:46:57,683 - log - INFO - iter:2460/2463, clip_acc1=64.918701171875, tta_acc1=63.25202941894531
2025-06-11 05:46:57,683 - log - INFO - iter:2460/2463, Original Acc@1: 64.92, Acc@5: 82.44, TTA Acc@1: 63.25, Acc@5: 80.73
2025-06-11 05:47:05,038 - log - INFO - iter:2463/2463, clip_acc1=64.96143341064453, tta_acc1=63.29679489135742
2025-06-11 05:47:05,038 - log - INFO - iter:2463/2463, Original Acc@1: 64.96, Acc@5: 82.46, TTA Acc@1: 63.30, Acc@5: 80.76
2025-06-11 05:47:05,142 - log - INFO - Final results - Original Acc@1: 64.96, Acc@5: 82.46, TTA Acc@1: 63.30, Acc@5: 80.76
2025-06-11 05:47:05,143 - log - INFO - Improvement from TTA in Acc@1 -1.66, and Acc@5 -1.71
2025-06-11 05:47:05,144 - log - INFO - Number of selected samples with index 0: 1223
2025-06-11 05:47:05,144 - log - INFO - Number of samples in the dataset: 2463
2025-06-11 05:47:05,161 - log - INFO - Selected IDs saved to /leonardo_work/EUHPC_R04_192/fmohamma/Adversarial_Robust_Clip/ATPT/Final_Results/delta_clip_l14_224/Flower102/Clean/Counter_Attack/Eps_4_0_Steps_2_Alpha_1_0/tau_0_2_beta_2_0_weighted_pertrubation_True/TPT/Optimization_Loss_rtpt_LR_0_005_Optimization_Steps_1_View_Selection_Fraction_0_1/Inference_Ensemble_weighted_rtpt_topk_20_softmaxtemp_0_01/selected_topk.json
2025-06-11 05:47:05,314 - log - INFO - Batch entropies saved to /leonardo_work/EUHPC_R04_192/fmohamma/Adversarial_Robust_Clip/ATPT/Final_Results/delta_clip_l14_224/Flower102/Clean/Counter_Attack/Eps_4_0_Steps_2_Alpha_1_0/tau_0_2_beta_2_0_weighted_pertrubation_True/TPT/Optimization_Loss_rtpt_LR_0_005_Optimization_Steps_1_View_Selection_Fraction_0_1/Inference_Ensemble_weighted_rtpt_topk_20_softmaxtemp_0_01/entropies.json
2025-06-11 05:47:05,473 - log - INFO - Weighted scores saved to /leonardo_work/EUHPC_R04_192/fmohamma/Adversarial_Robust_Clip/ATPT/Final_Results/delta_clip_l14_224/Flower102/Clean/Counter_Attack/Eps_4_0_Steps_2_Alpha_1_0/tau_0_2_beta_2_0_weighted_pertrubation_True/TPT/Optimization_Loss_rtpt_LR_0_005_Optimization_Steps_1_View_Selection_Fraction_0_1/Inference_Ensemble_weighted_rtpt_topk_20_softmaxtemp_0_01/weighted_scores.json
2025-06-11 05:47:05,473 - log - INFO - Creating plot of average weights for each view
2025-06-11 05:47:06,095 - log - INFO - Average weights plot saved to /leonardo_work/EUHPC_R04_192/fmohamma/Adversarial_Robust_Clip/ATPT/Final_Results/delta_clip_l14_224/Flower102/Clean/Counter_Attack/Eps_4_0_Steps_2_Alpha_1_0/tau_0_2_beta_2_0_weighted_pertrubation_True/TPT/Optimization_Loss_rtpt_LR_0_005_Optimization_Steps_1_View_Selection_Fraction_0_1/Inference_Ensemble_weighted_rtpt_topk_20_softmaxtemp_0_01/weighted_scores_plot.png
2025-06-11 05:47:06,101 - log - INFO - => Acc. on testset [Flower102]: Clean Acc @1 64.96143341064453/ TTA Clean Acc @1 63.29679489135742, Clean Acc @5 82.46041870117188/ TTA Clean Acc @5 80.75518035888672
2025-06-11 05:47:06,101 - log - INFO - Total script execution time: 6965.06 seconds (116.08 minutes)
