2025-06-11 09:51:28,756 - log - INFO - ==========================================
data:/l/users/hashmat.malik/downstream_datasets
test_sets:UCF101
dataset_mode:test
arch:fare4
resolution:224
workers:4
no_pin_memory:False
batch_size:64
print_freq:20
gpu:0
no_cudnn_benchmark:False
n_ctx:4
ctx_init:a_photo_of_a
tpt_loss:rtpt
seed:0
output_dir:/l/users/hashmat.malik/atpt_results/fare4/UCF101
log_output_dir:/l/users/hashmat.malik/Projects/ATPT/Final_Results/fare4/UCF101
eps:0.0
alpha:0.0
alpha_eps_ratio:4.0
steps:0
lr:0.005
selection_p:0.1
tta_steps:0
ensemble_type:vanilla
top_k:20
softmax_temp:0.01
counter_attack:True
counter_attack_type:pgd
counter_attack_steps:2
counter_attack_eps:4.0
counter_attack_alpha:1.0
counter_attack_tau_thres:0.2
counter_attack_beta:2.0
counter_attack_weighted_perturbations:True
pgd_clip_pure_i_text_embeddings:null
pgd_counter_and_clipure_i_lamda:1.0
selected_id_name:selected_topk.json
weighted_score_name:weighted_scores.json
batch_entropy_name:entropies.json
log_dir:/l/users/hashmat.malik/Projects/ATPT/Final_Results/fare4/UCF101/Clean/Counter_Attack/Eps_4_0_Steps_2_Alpha_1_0/tau_0_2_beta_2_0_weighted_pertrubation_True/No_TPT/Inference_Ensemble_vanilla

2025-06-11 09:51:28,757 - log - INFO - Use GPU: 0 for training
2025-06-11 09:51:40,814 - log - INFO - Freezing all parameters except prompt learner
2025-06-11 09:51:40,816 - log - INFO - => Model created: visual backbone fare4
2025-06-11 09:51:40,832 - log - INFO - Number of test samples: 3783
2025-06-11 09:51:40,832 - log - INFO - Evaluating dataset: UCF101
2025-06-11 09:51:40,833 - log - INFO - Starting evaluation with batch size: 64, selection percentage: 0.1
2025-06-11 09:51:40,833 - log - INFO - Test-time adaptation steps: 0, learning rate: 0.005
2025-06-11 09:51:40,833 - log - INFO - Using counter-attack with epsilon: 4.000000, alpha: 0.000000, steps: 2, tau_thres: 0.2, beta: 2.0, weighted perturbation: True
2025-06-11 09:52:48,344 - log - INFO - iter:20/3783, clip_acc1=95.0, tta_acc1=85.0
2025-06-11 09:52:48,344 - log - INFO - iter:20/3783, Original Acc@1: 95.00, Acc@5: 100.00, TTA Acc@1: 85.00, Acc@5: 95.00
2025-06-11 09:53:49,808 - log - INFO - iter:40/3783, clip_acc1=97.5, tta_acc1=92.5
2025-06-11 09:53:49,808 - log - INFO - iter:40/3783, Original Acc@1: 97.50, Acc@5: 100.00, TTA Acc@1: 92.50, Acc@5: 97.50
2025-06-11 09:54:43,064 - log - INFO - iter:60/3783, clip_acc1=83.33333587646484, tta_acc1=80.00000762939453
2025-06-11 09:54:43,065 - log - INFO - iter:60/3783, Original Acc@1: 83.33, Acc@5: 100.00, TTA Acc@1: 80.00, Acc@5: 98.33
2025-06-11 09:55:37,892 - log - INFO - iter:80/3783, clip_acc1=83.75, tta_acc1=76.25
2025-06-11 09:55:37,892 - log - INFO - iter:80/3783, Original Acc@1: 83.75, Acc@5: 100.00, TTA Acc@1: 76.25, Acc@5: 98.75
2025-06-11 09:56:38,776 - log - INFO - iter:100/3783, clip_acc1=83.0, tta_acc1=74.0
2025-06-11 09:56:38,776 - log - INFO - iter:100/3783, Original Acc@1: 83.00, Acc@5: 99.00, TTA Acc@1: 74.00, Acc@5: 98.00
2025-06-11 09:57:38,435 - log - INFO - iter:120/3783, clip_acc1=80.00000762939453, tta_acc1=66.66667175292969
2025-06-11 09:57:38,435 - log - INFO - iter:120/3783, Original Acc@1: 80.00, Acc@5: 95.83, TTA Acc@1: 66.67, Acc@5: 91.67
2025-06-11 09:58:35,312 - log - INFO - iter:140/3783, clip_acc1=82.14286041259766, tta_acc1=68.57142639160156
2025-06-11 09:58:35,312 - log - INFO - iter:140/3783, Original Acc@1: 82.14, Acc@5: 95.71, TTA Acc@1: 68.57, Acc@5: 91.43
2025-06-11 09:59:48,823 - log - INFO - iter:160/3783, clip_acc1=79.375, tta_acc1=66.875
2025-06-11 09:59:48,824 - log - INFO - iter:160/3783, Original Acc@1: 79.38, Acc@5: 95.62, TTA Acc@1: 66.88, Acc@5: 91.25
2025-06-11 10:00:49,471 - log - INFO - iter:180/3783, clip_acc1=71.11111450195312, tta_acc1=59.4444465637207
2025-06-11 10:00:49,471 - log - INFO - iter:180/3783, Original Acc@1: 71.11, Acc@5: 93.89, TTA Acc@1: 59.44, Acc@5: 89.44
2025-06-11 10:01:46,558 - log - INFO - iter:200/3783, clip_acc1=72.5, tta_acc1=61.5
2025-06-11 10:01:46,558 - log - INFO - iter:200/3783, Original Acc@1: 72.50, Acc@5: 94.50, TTA Acc@1: 61.50, Acc@5: 90.00
2025-06-11 10:02:46,201 - log - INFO - iter:220/3783, clip_acc1=74.09090423583984, tta_acc1=62.727272033691406
2025-06-11 10:02:46,201 - log - INFO - iter:220/3783, Original Acc@1: 74.09, Acc@5: 95.00, TTA Acc@1: 62.73, Acc@5: 89.55
2025-06-11 10:03:38,135 - log - INFO - iter:240/3783, clip_acc1=73.75000762939453, tta_acc1=62.91667175292969
2025-06-11 10:03:38,135 - log - INFO - iter:240/3783, Original Acc@1: 73.75, Acc@5: 93.33, TTA Acc@1: 62.92, Acc@5: 87.92
2025-06-11 10:04:37,157 - log - INFO - iter:260/3783, clip_acc1=75.76923370361328, tta_acc1=65.76923370361328
2025-06-11 10:04:37,157 - log - INFO - iter:260/3783, Original Acc@1: 75.77, Acc@5: 93.85, TTA Acc@1: 65.77, Acc@5: 88.85
2025-06-11 10:05:48,889 - log - INFO - iter:280/3783, clip_acc1=73.57142639160156, tta_acc1=64.28571319580078
2025-06-11 10:05:48,890 - log - INFO - iter:280/3783, Original Acc@1: 73.57, Acc@5: 93.57, TTA Acc@1: 64.29, Acc@5: 87.14
2025-06-11 10:06:46,935 - log - INFO - iter:300/3783, clip_acc1=69.66667175292969, tta_acc1=60.0
2025-06-11 10:06:46,935 - log - INFO - iter:300/3783, Original Acc@1: 69.67, Acc@5: 91.33, TTA Acc@1: 60.00, Acc@5: 83.00
2025-06-11 10:07:47,970 - log - INFO - iter:320/3783, clip_acc1=70.3125, tta_acc1=60.625
2025-06-11 10:07:47,970 - log - INFO - iter:320/3783, Original Acc@1: 70.31, Acc@5: 91.56, TTA Acc@1: 60.62, Acc@5: 83.12
2025-06-11 10:08:52,745 - log - INFO - iter:340/3783, clip_acc1=71.47058868408203, tta_acc1=61.47058868408203
2025-06-11 10:08:52,745 - log - INFO - iter:340/3783, Original Acc@1: 71.47, Acc@5: 92.06, TTA Acc@1: 61.47, Acc@5: 83.53
2025-06-11 10:09:47,435 - log - INFO - iter:360/3783, clip_acc1=72.5, tta_acc1=62.222225189208984
2025-06-11 10:09:47,436 - log - INFO - iter:360/3783, Original Acc@1: 72.50, Acc@5: 92.50, TTA Acc@1: 62.22, Acc@5: 84.44
2025-06-11 10:11:05,294 - log - INFO - iter:380/3783, clip_acc1=73.68421173095703, tta_acc1=62.6315803527832
2025-06-11 10:11:05,295 - log - INFO - iter:380/3783, Original Acc@1: 73.68, Acc@5: 92.89, TTA Acc@1: 62.63, Acc@5: 85.26
2025-06-11 10:12:11,835 - log - INFO - iter:400/3783, clip_acc1=75.0, tta_acc1=63.25
2025-06-11 10:12:11,835 - log - INFO - iter:400/3783, Original Acc@1: 75.00, Acc@5: 93.25, TTA Acc@1: 63.25, Acc@5: 86.00
2025-06-11 10:13:05,025 - log - INFO - iter:420/3783, clip_acc1=75.95238494873047, tta_acc1=63.57143020629883
2025-06-11 10:13:05,025 - log - INFO - iter:420/3783, Original Acc@1: 75.95, Acc@5: 93.33, TTA Acc@1: 63.57, Acc@5: 85.71
2025-06-11 10:14:14,908 - log - INFO - iter:440/3783, clip_acc1=77.04544830322266, tta_acc1=64.7727279663086
2025-06-11 10:14:14,908 - log - INFO - iter:440/3783, Original Acc@1: 77.05, Acc@5: 93.64, TTA Acc@1: 64.77, Acc@5: 86.14
2025-06-11 10:15:15,489 - log - INFO - iter:460/3783, clip_acc1=78.04347229003906, tta_acc1=66.3043441772461
2025-06-11 10:15:15,489 - log - INFO - iter:460/3783, Original Acc@1: 78.04, Acc@5: 93.91, TTA Acc@1: 66.30, Acc@5: 86.74
2025-06-11 10:16:29,013 - log - INFO - iter:480/3783, clip_acc1=78.12500762939453, tta_acc1=66.45833587646484
2025-06-11 10:16:29,014 - log - INFO - iter:480/3783, Original Acc@1: 78.13, Acc@5: 94.17, TTA Acc@1: 66.46, Acc@5: 86.88
2025-06-11 10:17:32,572 - log - INFO - iter:500/3783, clip_acc1=77.0, tta_acc1=64.60000610351562
2025-06-11 10:17:32,573 - log - INFO - iter:500/3783, Original Acc@1: 77.00, Acc@5: 93.80, TTA Acc@1: 64.60, Acc@5: 85.20
2025-06-11 10:18:39,912 - log - INFO - iter:520/3783, clip_acc1=76.92308044433594, tta_acc1=64.23076629638672
2025-06-11 10:18:39,912 - log - INFO - iter:520/3783, Original Acc@1: 76.92, Acc@5: 93.85, TTA Acc@1: 64.23, Acc@5: 84.81
2025-06-11 10:19:50,425 - log - INFO - iter:540/3783, clip_acc1=77.40740966796875, tta_acc1=65.1851806640625
2025-06-11 10:19:50,426 - log - INFO - iter:540/3783, Original Acc@1: 77.41, Acc@5: 94.07, TTA Acc@1: 65.19, Acc@5: 85.00
2025-06-11 10:20:49,416 - log - INFO - iter:560/3783, clip_acc1=76.42857360839844, tta_acc1=63.57143020629883
2025-06-11 10:20:49,416 - log - INFO - iter:560/3783, Original Acc@1: 76.43, Acc@5: 93.21, TTA Acc@1: 63.57, Acc@5: 83.75
2025-06-11 10:21:45,683 - log - INFO - iter:580/3783, clip_acc1=76.20689392089844, tta_acc1=63.7931022644043
2025-06-11 10:21:45,684 - log - INFO - iter:580/3783, Original Acc@1: 76.21, Acc@5: 93.28, TTA Acc@1: 63.79, Acc@5: 83.45
2025-06-11 10:22:51,684 - log - INFO - iter:600/3783, clip_acc1=77.0, tta_acc1=65.0
2025-06-11 10:22:51,685 - log - INFO - iter:600/3783, Original Acc@1: 77.00, Acc@5: 93.50, TTA Acc@1: 65.00, Acc@5: 84.00
2025-06-11 10:23:49,778 - log - INFO - iter:620/3783, clip_acc1=77.41935729980469, tta_acc1=65.32257843017578
2025-06-11 10:23:49,778 - log - INFO - iter:620/3783, Original Acc@1: 77.42, Acc@5: 93.71, TTA Acc@1: 65.32, Acc@5: 84.52
2025-06-11 10:24:49,153 - log - INFO - iter:640/3783, clip_acc1=77.03125, tta_acc1=65.15625
2025-06-11 10:24:49,153 - log - INFO - iter:640/3783, Original Acc@1: 77.03, Acc@5: 93.91, TTA Acc@1: 65.16, Acc@5: 84.69
2025-06-11 10:25:46,625 - log - INFO - iter:660/3783, clip_acc1=76.06060028076172, tta_acc1=63.78787612915039
2025-06-11 10:25:46,625 - log - INFO - iter:660/3783, Original Acc@1: 76.06, Acc@5: 93.03, TTA Acc@1: 63.79, Acc@5: 83.18
2025-06-11 10:27:04,358 - log - INFO - iter:680/3783, clip_acc1=73.82353210449219, tta_acc1=61.911766052246094
2025-06-11 10:27:04,359 - log - INFO - iter:680/3783, Original Acc@1: 73.82, Acc@5: 90.88, TTA Acc@1: 61.91, Acc@5: 80.74
2025-06-11 10:28:11,671 - log - INFO - iter:700/3783, clip_acc1=72.14285278320312, tta_acc1=60.57142639160156
2025-06-11 10:28:11,671 - log - INFO - iter:700/3783, Original Acc@1: 72.14, Acc@5: 88.71, TTA Acc@1: 60.57, Acc@5: 78.86
2025-06-11 10:29:09,787 - log - INFO - iter:720/3783, clip_acc1=71.11111450195312, tta_acc1=59.02777862548828
2025-06-11 10:29:09,788 - log - INFO - iter:720/3783, Original Acc@1: 71.11, Acc@5: 89.03, TTA Acc@1: 59.03, Acc@5: 79.44
2025-06-11 10:30:08,541 - log - INFO - iter:740/3783, clip_acc1=70.9459457397461, tta_acc1=58.648651123046875
2025-06-11 10:30:08,541 - log - INFO - iter:740/3783, Original Acc@1: 70.95, Acc@5: 89.32, TTA Acc@1: 58.65, Acc@5: 80.00
2025-06-11 10:31:29,220 - log - INFO - iter:760/3783, clip_acc1=71.44737243652344, tta_acc1=58.15789794921875
2025-06-11 10:31:29,220 - log - INFO - iter:760/3783, Original Acc@1: 71.45, Acc@5: 89.47, TTA Acc@1: 58.16, Acc@5: 80.13
2025-06-11 10:32:29,607 - log - INFO - iter:780/3783, clip_acc1=72.05128479003906, tta_acc1=58.974361419677734
2025-06-11 10:32:29,607 - log - INFO - iter:780/3783, Original Acc@1: 72.05, Acc@5: 89.74, TTA Acc@1: 58.97, Acc@5: 80.64
2025-06-11 10:33:30,243 - log - INFO - iter:800/3783, clip_acc1=71.5, tta_acc1=59.0
2025-06-11 10:33:30,243 - log - INFO - iter:800/3783, Original Acc@1: 71.50, Acc@5: 89.38, TTA Acc@1: 59.00, Acc@5: 80.38
2025-06-11 10:34:24,467 - log - INFO - iter:820/3783, clip_acc1=70.1219482421875, tta_acc1=57.682926177978516
2025-06-11 10:34:24,467 - log - INFO - iter:820/3783, Original Acc@1: 70.12, Acc@5: 87.80, TTA Acc@1: 57.68, Acc@5: 78.66
2025-06-11 10:35:37,893 - log - INFO - iter:840/3783, clip_acc1=69.28571319580078, tta_acc1=57.142860412597656
2025-06-11 10:35:37,893 - log - INFO - iter:840/3783, Original Acc@1: 69.29, Acc@5: 86.55, TTA Acc@1: 57.14, Acc@5: 77.62
2025-06-11 10:36:31,768 - log - INFO - iter:860/3783, clip_acc1=68.13953399658203, tta_acc1=56.27906799316406
2025-06-11 10:36:31,768 - log - INFO - iter:860/3783, Original Acc@1: 68.14, Acc@5: 85.81, TTA Acc@1: 56.28, Acc@5: 76.28
2025-06-11 10:37:27,916 - log - INFO - iter:880/3783, clip_acc1=67.38636016845703, tta_acc1=55.45454406738281
2025-06-11 10:37:27,917 - log - INFO - iter:880/3783, Original Acc@1: 67.39, Acc@5: 85.68, TTA Acc@1: 55.45, Acc@5: 76.14
2025-06-11 10:38:28,148 - log - INFO - iter:900/3783, clip_acc1=66.0, tta_acc1=54.333335876464844
2025-06-11 10:38:28,148 - log - INFO - iter:900/3783, Original Acc@1: 66.00, Acc@5: 85.44, TTA Acc@1: 54.33, Acc@5: 75.22
2025-06-11 10:39:24,776 - log - INFO - iter:920/3783, clip_acc1=64.67391204833984, tta_acc1=53.15217208862305
2025-06-11 10:39:24,776 - log - INFO - iter:920/3783, Original Acc@1: 64.67, Acc@5: 84.57, TTA Acc@1: 53.15, Acc@5: 74.02
2025-06-11 10:40:29,434 - log - INFO - iter:940/3783, clip_acc1=65.0, tta_acc1=53.085105895996094
2025-06-11 10:40:29,434 - log - INFO - iter:940/3783, Original Acc@1: 65.00, Acc@5: 84.68, TTA Acc@1: 53.09, Acc@5: 74.04
2025-06-11 10:41:33,228 - log - INFO - iter:960/3783, clip_acc1=65.41667175292969, tta_acc1=53.54166793823242
2025-06-11 10:41:33,228 - log - INFO - iter:960/3783, Original Acc@1: 65.42, Acc@5: 85.00, TTA Acc@1: 53.54, Acc@5: 74.38
2025-06-11 10:42:27,785 - log - INFO - iter:980/3783, clip_acc1=66.12244415283203, tta_acc1=54.48979187011719
2025-06-11 10:42:27,785 - log - INFO - iter:980/3783, Original Acc@1: 66.12, Acc@5: 85.31, TTA Acc@1: 54.49, Acc@5: 74.90
2025-06-11 10:43:24,764 - log - INFO - iter:1000/3783, clip_acc1=66.5, tta_acc1=54.80000305175781
2025-06-11 10:43:24,765 - log - INFO - iter:1000/3783, Original Acc@1: 66.50, Acc@5: 85.60, TTA Acc@1: 54.80, Acc@5: 75.40
2025-06-11 10:44:36,078 - log - INFO - iter:1020/3783, clip_acc1=66.86274719238281, tta_acc1=55.000003814697266
2025-06-11 10:44:36,078 - log - INFO - iter:1020/3783, Original Acc@1: 66.86, Acc@5: 85.78, TTA Acc@1: 55.00, Acc@5: 75.49
2025-06-11 10:45:38,957 - log - INFO - iter:1040/3783, clip_acc1=66.92308044433594, tta_acc1=55.096153259277344
2025-06-11 10:45:38,957 - log - INFO - iter:1040/3783, Original Acc@1: 66.92, Acc@5: 86.06, TTA Acc@1: 55.10, Acc@5: 75.96
2025-06-11 10:46:45,082 - log - INFO - iter:1060/3783, clip_acc1=66.03773498535156, tta_acc1=54.150943756103516
2025-06-11 10:46:45,082 - log - INFO - iter:1060/3783, Original Acc@1: 66.04, Acc@5: 85.38, TTA Acc@1: 54.15, Acc@5: 74.72
2025-06-11 10:47:42,325 - log - INFO - iter:1080/3783, clip_acc1=65.64814758300781, tta_acc1=53.518516540527344
2025-06-11 10:47:42,325 - log - INFO - iter:1080/3783, Original Acc@1: 65.65, Acc@5: 85.00, TTA Acc@1: 53.52, Acc@5: 73.98
2025-06-11 10:48:47,182 - log - INFO - iter:1100/3783, clip_acc1=65.2727279663086, tta_acc1=53.3636360168457
2025-06-11 10:48:47,183 - log - INFO - iter:1100/3783, Original Acc@1: 65.27, Acc@5: 85.27, TTA Acc@1: 53.36, Acc@5: 74.45
2025-06-11 10:49:48,010 - log - INFO - iter:1120/3783, clip_acc1=64.64286041259766, tta_acc1=52.85714340209961
2025-06-11 10:49:48,010 - log - INFO - iter:1120/3783, Original Acc@1: 64.64, Acc@5: 85.54, TTA Acc@1: 52.86, Acc@5: 74.91
2025-06-11 10:50:45,421 - log - INFO - iter:1140/3783, clip_acc1=64.64912414550781, tta_acc1=52.36842346191406
2025-06-11 10:50:45,422 - log - INFO - iter:1140/3783, Original Acc@1: 64.65, Acc@5: 85.70, TTA Acc@1: 52.37, Acc@5: 75.00
2025-06-11 10:51:41,772 - log - INFO - iter:1160/3783, clip_acc1=64.05172729492188, tta_acc1=51.55172348022461
2025-06-11 10:51:41,772 - log - INFO - iter:1160/3783, Original Acc@1: 64.05, Acc@5: 85.52, TTA Acc@1: 51.55, Acc@5: 74.74
2025-06-11 10:52:41,129 - log - INFO - iter:1180/3783, clip_acc1=63.8983039855957, tta_acc1=51.35593032836914
2025-06-11 10:52:41,129 - log - INFO - iter:1180/3783, Original Acc@1: 63.90, Acc@5: 85.76, TTA Acc@1: 51.36, Acc@5: 75.00
2025-06-11 10:53:35,941 - log - INFO - iter:1200/3783, clip_acc1=63.41666793823242, tta_acc1=51.41666793823242
2025-06-11 10:53:35,942 - log - INFO - iter:1200/3783, Original Acc@1: 63.42, Acc@5: 85.92, TTA Acc@1: 51.42, Acc@5: 75.25
2025-06-11 10:54:36,041 - log - INFO - iter:1220/3783, clip_acc1=62.86885070800781, tta_acc1=51.803279876708984
2025-06-11 10:54:36,042 - log - INFO - iter:1220/3783, Original Acc@1: 62.87, Acc@5: 86.15, TTA Acc@1: 51.80, Acc@5: 75.66
2025-06-11 10:55:42,823 - log - INFO - iter:1240/3783, clip_acc1=62.66128921508789, tta_acc1=51.85483932495117
2025-06-11 10:55:42,823 - log - INFO - iter:1240/3783, Original Acc@1: 62.66, Acc@5: 86.21, TTA Acc@1: 51.85, Acc@5: 75.65
2025-06-11 10:57:03,608 - log - INFO - iter:1260/3783, clip_acc1=63.17460250854492, tta_acc1=52.46031951904297
2025-06-11 10:57:03,614 - log - INFO - iter:1260/3783, Original Acc@1: 63.17, Acc@5: 86.35, TTA Acc@1: 52.46, Acc@5: 75.95
2025-06-11 10:58:02,266 - log - INFO - iter:1280/3783, clip_acc1=62.890625, tta_acc1=51.953125
2025-06-11 10:58:02,266 - log - INFO - iter:1280/3783, Original Acc@1: 62.89, Acc@5: 86.41, TTA Acc@1: 51.95, Acc@5: 75.94
2025-06-11 10:59:06,765 - log - INFO - iter:1300/3783, clip_acc1=62.53845977783203, tta_acc1=51.230770111083984
2025-06-11 10:59:06,765 - log - INFO - iter:1300/3783, Original Acc@1: 62.54, Acc@5: 86.46, TTA Acc@1: 51.23, Acc@5: 75.46
2025-06-11 10:59:57,160 - log - INFO - iter:1320/3783, clip_acc1=61.818180084228516, tta_acc1=50.53030014038086
2025-06-11 10:59:57,160 - log - INFO - iter:1320/3783, Original Acc@1: 61.82, Acc@5: 86.44, TTA Acc@1: 50.53, Acc@5: 75.45
2025-06-11 11:00:51,142 - log - INFO - iter:1340/3783, clip_acc1=61.64179229736328, tta_acc1=50.29850769042969
2025-06-11 11:00:51,142 - log - INFO - iter:1340/3783, Original Acc@1: 61.64, Acc@5: 86.42, TTA Acc@1: 50.30, Acc@5: 75.30
2025-06-11 11:02:15,324 - log - INFO - iter:1360/3783, clip_acc1=61.39706039428711, tta_acc1=49.92647171020508
2025-06-11 11:02:15,324 - log - INFO - iter:1360/3783, Original Acc@1: 61.40, Acc@5: 86.47, TTA Acc@1: 49.93, Acc@5: 75.00
2025-06-11 11:03:16,587 - log - INFO - iter:1380/3783, clip_acc1=60.86956787109375, tta_acc1=49.27536392211914
2025-06-11 11:03:16,587 - log - INFO - iter:1380/3783, Original Acc@1: 60.87, Acc@5: 86.38, TTA Acc@1: 49.28, Acc@5: 74.57
2025-06-11 11:04:34,977 - log - INFO - iter:1400/3783, clip_acc1=61.14285659790039, tta_acc1=49.21428680419922
2025-06-11 11:04:34,977 - log - INFO - iter:1400/3783, Original Acc@1: 61.14, Acc@5: 86.50, TTA Acc@1: 49.21, Acc@5: 74.79
2025-06-11 11:05:29,321 - log - INFO - iter:1420/3783, clip_acc1=61.05633544921875, tta_acc1=49.01408386230469
2025-06-11 11:05:29,321 - log - INFO - iter:1420/3783, Original Acc@1: 61.06, Acc@5: 86.55, TTA Acc@1: 49.01, Acc@5: 74.58
2025-06-11 11:06:20,867 - log - INFO - iter:1440/3783, clip_acc1=60.625, tta_acc1=48.68055725097656
2025-06-11 11:06:20,868 - log - INFO - iter:1440/3783, Original Acc@1: 60.62, Acc@5: 86.11, TTA Acc@1: 48.68, Acc@5: 74.38
2025-06-11 11:07:26,044 - log - INFO - iter:1460/3783, clip_acc1=60.61643981933594, tta_acc1=48.97260284423828
2025-06-11 11:07:26,044 - log - INFO - iter:1460/3783, Original Acc@1: 60.62, Acc@5: 86.30, TTA Acc@1: 48.97, Acc@5: 74.73
2025-06-11 11:08:18,907 - log - INFO - iter:1480/3783, clip_acc1=60.60810852050781, tta_acc1=48.85135269165039
2025-06-11 11:08:18,907 - log - INFO - iter:1480/3783, Original Acc@1: 60.61, Acc@5: 86.28, TTA Acc@1: 48.85, Acc@5: 74.66
2025-06-11 11:09:16,085 - log - INFO - iter:1500/3783, clip_acc1=59.93333435058594, tta_acc1=48.266666412353516
2025-06-11 11:09:16,086 - log - INFO - iter:1500/3783, Original Acc@1: 59.93, Acc@5: 86.20, TTA Acc@1: 48.27, Acc@5: 74.60
2025-06-11 11:10:34,317 - log - INFO - iter:1520/3783, clip_acc1=59.47368621826172, tta_acc1=48.02631759643555
2025-06-11 11:10:34,317 - log - INFO - iter:1520/3783, Original Acc@1: 59.47, Acc@5: 85.99, TTA Acc@1: 48.03, Acc@5: 74.54
2025-06-11 11:11:34,830 - log - INFO - iter:1540/3783, clip_acc1=59.740257263183594, tta_acc1=48.24675369262695
2025-06-11 11:11:34,831 - log - INFO - iter:1540/3783, Original Acc@1: 59.74, Acc@5: 86.04, TTA Acc@1: 48.25, Acc@5: 74.61
2025-06-11 11:12:31,049 - log - INFO - iter:1560/3783, clip_acc1=60.12820816040039, tta_acc1=48.589744567871094
2025-06-11 11:12:31,050 - log - INFO - iter:1560/3783, Original Acc@1: 60.13, Acc@5: 86.15, TTA Acc@1: 48.59, Acc@5: 74.87
2025-06-11 11:13:27,767 - log - INFO - iter:1580/3783, clip_acc1=60.50632858276367, tta_acc1=48.79747009277344
2025-06-11 11:13:27,767 - log - INFO - iter:1580/3783, Original Acc@1: 60.51, Acc@5: 86.33, TTA Acc@1: 48.80, Acc@5: 75.06
2025-06-11 11:14:17,430 - log - INFO - iter:1600/3783, clip_acc1=60.9375, tta_acc1=49.1875
2025-06-11 11:14:17,430 - log - INFO - iter:1600/3783, Original Acc@1: 60.94, Acc@5: 86.44, TTA Acc@1: 49.19, Acc@5: 75.31
2025-06-11 11:15:18,027 - log - INFO - iter:1620/3783, clip_acc1=60.80247116088867, tta_acc1=49.07407760620117
2025-06-11 11:15:18,027 - log - INFO - iter:1620/3783, Original Acc@1: 60.80, Acc@5: 86.17, TTA Acc@1: 49.07, Acc@5: 75.12
2025-06-11 11:16:30,364 - log - INFO - iter:1640/3783, clip_acc1=60.85365676879883, tta_acc1=49.20731735229492
2025-06-11 11:16:30,365 - log - INFO - iter:1640/3783, Original Acc@1: 60.85, Acc@5: 85.91, TTA Acc@1: 49.21, Acc@5: 75.00
2025-06-11 11:17:24,155 - log - INFO - iter:1660/3783, clip_acc1=61.14458084106445, tta_acc1=49.45783233642578
2025-06-11 11:17:24,156 - log - INFO - iter:1660/3783, Original Acc@1: 61.14, Acc@5: 86.08, TTA Acc@1: 49.46, Acc@5: 75.30
2025-06-11 11:18:20,123 - log - INFO - iter:1680/3783, clip_acc1=61.48809814453125, tta_acc1=49.82143020629883
2025-06-11 11:18:20,123 - log - INFO - iter:1680/3783, Original Acc@1: 61.49, Acc@5: 86.25, TTA Acc@1: 49.82, Acc@5: 75.54
2025-06-11 11:19:17,757 - log - INFO - iter:1700/3783, clip_acc1=60.88235092163086, tta_acc1=49.35293960571289
2025-06-11 11:19:17,758 - log - INFO - iter:1700/3783, Original Acc@1: 60.88, Acc@5: 85.82, TTA Acc@1: 49.35, Acc@5: 75.24
2025-06-11 11:20:24,203 - log - INFO - iter:1720/3783, clip_acc1=60.29069900512695, tta_acc1=48.77906799316406
2025-06-11 11:20:24,203 - log - INFO - iter:1720/3783, Original Acc@1: 60.29, Acc@5: 85.41, TTA Acc@1: 48.78, Acc@5: 74.77
2025-06-11 11:21:28,460 - log - INFO - iter:1740/3783, clip_acc1=59.712642669677734, tta_acc1=48.21839141845703
2025-06-11 11:21:28,460 - log - INFO - iter:1740/3783, Original Acc@1: 59.71, Acc@5: 85.00, TTA Acc@1: 48.22, Acc@5: 74.25
2025-06-11 11:22:32,737 - log - INFO - iter:1760/3783, clip_acc1=59.20454406738281, tta_acc1=47.727272033691406
2025-06-11 11:22:32,737 - log - INFO - iter:1760/3783, Original Acc@1: 59.20, Acc@5: 84.89, TTA Acc@1: 47.73, Acc@5: 74.15
2025-06-11 11:23:44,582 - log - INFO - iter:1780/3783, clip_acc1=58.59550476074219, tta_acc1=47.52809143066406
2025-06-11 11:23:44,583 - log - INFO - iter:1780/3783, Original Acc@1: 58.60, Acc@5: 84.38, TTA Acc@1: 47.53, Acc@5: 74.16
2025-06-11 11:24:52,032 - log - INFO - iter:1800/3783, clip_acc1=58.0, tta_acc1=47.11111068725586
2025-06-11 11:24:52,033 - log - INFO - iter:1800/3783, Original Acc@1: 58.00, Acc@5: 83.72, TTA Acc@1: 47.11, Acc@5: 73.44
2025-06-11 11:25:46,184 - log - INFO - iter:1820/3783, clip_acc1=57.41758346557617, tta_acc1=46.648353576660156
2025-06-11 11:25:46,184 - log - INFO - iter:1820/3783, Original Acc@1: 57.42, Acc@5: 82.97, TTA Acc@1: 46.65, Acc@5: 72.69
2025-06-11 11:26:42,553 - log - INFO - iter:1840/3783, clip_acc1=57.2282600402832, tta_acc1=46.46738815307617
2025-06-11 11:26:42,553 - log - INFO - iter:1840/3783, Original Acc@1: 57.23, Acc@5: 82.99, TTA Acc@1: 46.47, Acc@5: 72.66
2025-06-11 11:27:43,021 - log - INFO - iter:1860/3783, clip_acc1=57.04301071166992, tta_acc1=46.021507263183594
2025-06-11 11:27:43,021 - log - INFO - iter:1860/3783, Original Acc@1: 57.04, Acc@5: 82.85, TTA Acc@1: 46.02, Acc@5: 72.37
2025-06-11 11:28:56,370 - log - INFO - iter:1880/3783, clip_acc1=56.968082427978516, tta_acc1=45.95744705200195
2025-06-11 11:28:56,370 - log - INFO - iter:1880/3783, Original Acc@1: 56.97, Acc@5: 82.77, TTA Acc@1: 45.96, Acc@5: 72.29
2025-06-11 11:29:58,172 - log - INFO - iter:1900/3783, clip_acc1=57.31578826904297, tta_acc1=46.31578826904297
2025-06-11 11:29:58,172 - log - INFO - iter:1900/3783, Original Acc@1: 57.32, Acc@5: 82.95, TTA Acc@1: 46.32, Acc@5: 72.47
2025-06-11 11:30:59,857 - log - INFO - iter:1920/3783, clip_acc1=57.552085876464844, tta_acc1=46.718753814697266
2025-06-11 11:30:59,857 - log - INFO - iter:1920/3783, Original Acc@1: 57.55, Acc@5: 83.13, TTA Acc@1: 46.72, Acc@5: 72.76
2025-06-11 11:31:51,601 - log - INFO - iter:1940/3783, clip_acc1=57.42268371582031, tta_acc1=46.85567092895508
2025-06-11 11:31:51,601 - log - INFO - iter:1940/3783, Original Acc@1: 57.42, Acc@5: 83.09, TTA Acc@1: 46.86, Acc@5: 72.89
2025-06-11 11:32:56,469 - log - INFO - iter:1960/3783, clip_acc1=57.142852783203125, tta_acc1=47.04081344604492
2025-06-11 11:32:56,470 - log - INFO - iter:1960/3783, Original Acc@1: 57.14, Acc@5: 83.21, TTA Acc@1: 47.04, Acc@5: 73.16
2025-06-11 11:33:53,204 - log - INFO - iter:1980/3783, clip_acc1=57.020206451416016, tta_acc1=47.17171859741211
2025-06-11 11:33:53,204 - log - INFO - iter:1980/3783, Original Acc@1: 57.02, Acc@5: 83.18, TTA Acc@1: 47.17, Acc@5: 73.08
2025-06-11 11:34:54,430 - log - INFO - iter:2000/3783, clip_acc1=57.000003814697266, tta_acc1=47.20000076293945
2025-06-11 11:34:54,431 - log - INFO - iter:2000/3783, Original Acc@1: 57.00, Acc@5: 83.10, TTA Acc@1: 47.20, Acc@5: 73.10
2025-06-11 11:35:48,263 - log - INFO - iter:2020/3783, clip_acc1=57.12871551513672, tta_acc1=47.37623977661133
2025-06-11 11:35:48,263 - log - INFO - iter:2020/3783, Original Acc@1: 57.13, Acc@5: 83.07, TTA Acc@1: 47.38, Acc@5: 73.12
2025-06-11 11:36:41,263 - log - INFO - iter:2040/3783, clip_acc1=57.15686798095703, tta_acc1=47.500003814697266
2025-06-11 11:36:41,263 - log - INFO - iter:2040/3783, Original Acc@1: 57.16, Acc@5: 83.19, TTA Acc@1: 47.50, Acc@5: 73.24
2025-06-11 11:37:47,822 - log - INFO - iter:2060/3783, clip_acc1=57.087379455566406, tta_acc1=47.475730895996094
2025-06-11 11:37:47,823 - log - INFO - iter:2060/3783, Original Acc@1: 57.09, Acc@5: 83.30, TTA Acc@1: 47.48, Acc@5: 73.40
2025-06-11 11:38:49,639 - log - INFO - iter:2080/3783, clip_acc1=57.25961685180664, tta_acc1=47.596153259277344
2025-06-11 11:38:49,639 - log - INFO - iter:2080/3783, Original Acc@1: 57.26, Acc@5: 83.37, TTA Acc@1: 47.60, Acc@5: 73.46
2025-06-11 11:39:52,573 - log - INFO - iter:2100/3783, clip_acc1=56.85714340209961, tta_acc1=47.238094329833984
2025-06-11 11:39:52,573 - log - INFO - iter:2100/3783, Original Acc@1: 56.86, Acc@5: 82.71, TTA Acc@1: 47.24, Acc@5: 72.90
2025-06-11 11:40:56,968 - log - INFO - iter:2120/3783, clip_acc1=56.367923736572266, tta_acc1=46.79245376586914
2025-06-11 11:40:56,969 - log - INFO - iter:2120/3783, Original Acc@1: 56.37, Acc@5: 82.36, TTA Acc@1: 46.79, Acc@5: 72.31
2025-06-11 11:41:57,700 - log - INFO - iter:2140/3783, clip_acc1=55.88785171508789, tta_acc1=46.40187072753906
2025-06-11 11:41:57,700 - log - INFO - iter:2140/3783, Original Acc@1: 55.89, Acc@5: 82.52, TTA Acc@1: 46.40, Acc@5: 72.52
2025-06-11 11:43:02,743 - log - INFO - iter:2160/3783, clip_acc1=55.5555534362793, tta_acc1=45.97222137451172
2025-06-11 11:43:02,743 - log - INFO - iter:2160/3783, Original Acc@1: 55.56, Acc@5: 82.64, TTA Acc@1: 45.97, Acc@5: 72.55
2025-06-11 11:43:55,178 - log - INFO - iter:2180/3783, clip_acc1=55.09174346923828, tta_acc1=45.55046081542969
2025-06-11 11:43:55,179 - log - INFO - iter:2180/3783, Original Acc@1: 55.09, Acc@5: 82.34, TTA Acc@1: 45.55, Acc@5: 72.11
2025-06-11 11:45:01,493 - log - INFO - iter:2200/3783, clip_acc1=55.0, tta_acc1=45.5
2025-06-11 11:45:01,494 - log - INFO - iter:2200/3783, Original Acc@1: 55.00, Acc@5: 82.00, TTA Acc@1: 45.50, Acc@5: 71.82
2025-06-11 11:45:55,704 - log - INFO - iter:2220/3783, clip_acc1=55.31531524658203, tta_acc1=45.76576614379883
2025-06-11 11:45:55,704 - log - INFO - iter:2220/3783, Original Acc@1: 55.32, Acc@5: 82.07, TTA Acc@1: 45.77, Acc@5: 71.98
2025-06-11 11:46:54,252 - log - INFO - iter:2240/3783, clip_acc1=55.53571319580078, tta_acc1=46.07143020629883
2025-06-11 11:46:54,252 - log - INFO - iter:2240/3783, Original Acc@1: 55.54, Acc@5: 82.23, TTA Acc@1: 46.07, Acc@5: 72.23
2025-06-11 11:48:03,645 - log - INFO - iter:2260/3783, clip_acc1=55.13274383544922, tta_acc1=46.15044403076172
2025-06-11 11:48:03,645 - log - INFO - iter:2260/3783, Original Acc@1: 55.13, Acc@5: 82.39, TTA Acc@1: 46.15, Acc@5: 72.48
2025-06-11 11:49:07,797 - log - INFO - iter:2280/3783, clip_acc1=55.043861389160156, tta_acc1=46.315792083740234
2025-06-11 11:49:07,797 - log - INFO - iter:2280/3783, Original Acc@1: 55.04, Acc@5: 82.54, TTA Acc@1: 46.32, Acc@5: 72.72
2025-06-11 11:50:12,761 - log - INFO - iter:2300/3783, clip_acc1=54.826087951660156, tta_acc1=46.130435943603516
2025-06-11 11:50:12,761 - log - INFO - iter:2300/3783, Original Acc@1: 54.83, Acc@5: 82.70, TTA Acc@1: 46.13, Acc@5: 72.87
2025-06-11 11:51:34,806 - log - INFO - iter:2320/3783, clip_acc1=54.91379165649414, tta_acc1=46.25
2025-06-11 11:51:34,806 - log - INFO - iter:2320/3783, Original Acc@1: 54.91, Acc@5: 82.67, TTA Acc@1: 46.25, Acc@5: 72.89
2025-06-11 11:52:41,162 - log - INFO - iter:2340/3783, clip_acc1=55.29914474487305, tta_acc1=46.58119583129883
2025-06-11 11:52:41,162 - log - INFO - iter:2340/3783, Original Acc@1: 55.30, Acc@5: 82.82, TTA Acc@1: 46.58, Acc@5: 73.12
2025-06-11 11:53:41,289 - log - INFO - iter:2360/3783, clip_acc1=55.59321975708008, tta_acc1=46.86440658569336
2025-06-11 11:53:41,290 - log - INFO - iter:2360/3783, Original Acc@1: 55.59, Acc@5: 82.97, TTA Acc@1: 46.86, Acc@5: 73.31
2025-06-11 11:54:43,146 - log - INFO - iter:2380/3783, clip_acc1=55.92436981201172, tta_acc1=46.8907585144043
2025-06-11 11:54:43,147 - log - INFO - iter:2380/3783, Original Acc@1: 55.92, Acc@5: 83.11, TTA Acc@1: 46.89, Acc@5: 73.53
2025-06-11 11:55:39,869 - log - INFO - iter:2400/3783, clip_acc1=56.29166793823242, tta_acc1=47.125
2025-06-11 11:55:39,870 - log - INFO - iter:2400/3783, Original Acc@1: 56.29, Acc@5: 83.25, TTA Acc@1: 47.12, Acc@5: 73.75
2025-06-11 11:56:34,824 - log - INFO - iter:2420/3783, clip_acc1=56.570247650146484, tta_acc1=47.479339599609375
2025-06-11 11:56:34,825 - log - INFO - iter:2420/3783, Original Acc@1: 56.57, Acc@5: 83.39, TTA Acc@1: 47.48, Acc@5: 73.88
2025-06-11 11:57:32,076 - log - INFO - iter:2440/3783, clip_acc1=56.88524627685547, tta_acc1=47.540985107421875
2025-06-11 11:57:32,076 - log - INFO - iter:2440/3783, Original Acc@1: 56.89, Acc@5: 83.52, TTA Acc@1: 47.54, Acc@5: 74.06
2025-06-11 11:58:28,084 - log - INFO - iter:2460/3783, clip_acc1=56.86991882324219, tta_acc1=47.27642059326172
2025-06-11 11:58:28,084 - log - INFO - iter:2460/3783, Original Acc@1: 56.87, Acc@5: 83.58, TTA Acc@1: 47.28, Acc@5: 74.02
2025-06-11 11:59:33,507 - log - INFO - iter:2480/3783, clip_acc1=57.09677505493164, tta_acc1=47.25806427001953
2025-06-11 11:59:33,507 - log - INFO - iter:2480/3783, Original Acc@1: 57.10, Acc@5: 83.71, TTA Acc@1: 47.26, Acc@5: 74.23
2025-06-11 12:00:33,565 - log - INFO - iter:2500/3783, clip_acc1=57.439998626708984, tta_acc1=47.39999771118164
2025-06-11 12:00:33,565 - log - INFO - iter:2500/3783, Original Acc@1: 57.44, Acc@5: 83.84, TTA Acc@1: 47.40, Acc@5: 74.32
2025-06-11 12:01:27,349 - log - INFO - iter:2520/3783, clip_acc1=57.46031951904297, tta_acc1=47.18254089355469
2025-06-11 12:01:27,349 - log - INFO - iter:2520/3783, Original Acc@1: 57.46, Acc@5: 83.97, TTA Acc@1: 47.18, Acc@5: 74.37
2025-06-11 12:02:31,829 - log - INFO - iter:2540/3783, clip_acc1=57.598426818847656, tta_acc1=47.2047233581543
2025-06-11 12:02:31,829 - log - INFO - iter:2540/3783, Original Acc@1: 57.60, Acc@5: 84.02, TTA Acc@1: 47.20, Acc@5: 74.41
2025-06-11 12:03:29,941 - log - INFO - iter:2560/3783, clip_acc1=57.421875, tta_acc1=47.1484375
2025-06-11 12:03:29,941 - log - INFO - iter:2560/3783, Original Acc@1: 57.42, Acc@5: 83.87, TTA Acc@1: 47.15, Acc@5: 74.18
2025-06-11 12:04:31,503 - log - INFO - iter:2580/3783, clip_acc1=57.59689712524414, tta_acc1=47.28682327270508
2025-06-11 12:04:31,503 - log - INFO - iter:2580/3783, Original Acc@1: 57.60, Acc@5: 83.99, TTA Acc@1: 47.29, Acc@5: 74.34
2025-06-11 12:05:32,667 - log - INFO - iter:2600/3783, clip_acc1=57.42307662963867, tta_acc1=47.0
2025-06-11 12:05:32,667 - log - INFO - iter:2600/3783, Original Acc@1: 57.42, Acc@5: 84.12, TTA Acc@1: 47.00, Acc@5: 74.38
2025-06-11 12:06:27,251 - log - INFO - iter:2620/3783, clip_acc1=57.404579162597656, tta_acc1=46.832061767578125
2025-06-11 12:06:27,251 - log - INFO - iter:2620/3783, Original Acc@1: 57.40, Acc@5: 84.08, TTA Acc@1: 46.83, Acc@5: 74.27
2025-06-11 12:07:24,745 - log - INFO - iter:2640/3783, clip_acc1=57.68939208984375, tta_acc1=46.93181610107422
2025-06-11 12:07:24,745 - log - INFO - iter:2640/3783, Original Acc@1: 57.69, Acc@5: 84.20, TTA Acc@1: 46.93, Acc@5: 74.36
2025-06-11 12:08:24,567 - log - INFO - iter:2660/3783, clip_acc1=57.29323196411133, tta_acc1=46.69173049926758
2025-06-11 12:08:24,567 - log - INFO - iter:2660/3783, Original Acc@1: 57.29, Acc@5: 84.10, TTA Acc@1: 46.69, Acc@5: 74.25
2025-06-11 12:09:26,269 - log - INFO - iter:2680/3783, clip_acc1=57.164180755615234, tta_acc1=46.94029998779297
2025-06-11 12:09:26,269 - log - INFO - iter:2680/3783, Original Acc@1: 57.16, Acc@5: 84.22, TTA Acc@1: 46.94, Acc@5: 74.37
2025-06-11 12:10:30,738 - log - INFO - iter:2700/3783, clip_acc1=56.88888931274414, tta_acc1=46.74074172973633
2025-06-11 12:10:30,738 - log - INFO - iter:2700/3783, Original Acc@1: 56.89, Acc@5: 84.26, TTA Acc@1: 46.74, Acc@5: 74.41
2025-06-11 12:11:33,145 - log - INFO - iter:2720/3783, clip_acc1=56.61764907836914, tta_acc1=46.61764907836914
2025-06-11 12:11:33,145 - log - INFO - iter:2720/3783, Original Acc@1: 56.62, Acc@5: 84.15, TTA Acc@1: 46.62, Acc@5: 74.34
2025-06-11 12:12:35,002 - log - INFO - iter:2740/3783, clip_acc1=56.605838775634766, tta_acc1=46.569339752197266
2025-06-11 12:12:35,002 - log - INFO - iter:2740/3783, Original Acc@1: 56.61, Acc@5: 84.12, TTA Acc@1: 46.57, Acc@5: 74.20
2025-06-11 12:13:36,976 - log - INFO - iter:2760/3783, clip_acc1=56.340579986572266, tta_acc1=46.30434799194336
2025-06-11 12:13:36,981 - log - INFO - iter:2760/3783, Original Acc@1: 56.34, Acc@5: 83.88, TTA Acc@1: 46.30, Acc@5: 73.73
2025-06-11 12:14:31,976 - log - INFO - iter:2780/3783, clip_acc1=56.04316329956055, tta_acc1=45.971221923828125
2025-06-11 12:14:31,976 - log - INFO - iter:2780/3783, Original Acc@1: 56.04, Acc@5: 83.49, TTA Acc@1: 45.97, Acc@5: 73.24
2025-06-11 12:15:34,584 - log - INFO - iter:2800/3783, clip_acc1=55.78571319580078, tta_acc1=45.75
2025-06-11 12:15:34,585 - log - INFO - iter:2800/3783, Original Acc@1: 55.79, Acc@5: 83.18, TTA Acc@1: 45.75, Acc@5: 72.86
2025-06-11 12:16:36,298 - log - INFO - iter:2820/3783, clip_acc1=55.46099090576172, tta_acc1=45.42552947998047
2025-06-11 12:16:36,298 - log - INFO - iter:2820/3783, Original Acc@1: 55.46, Acc@5: 82.77, TTA Acc@1: 45.43, Acc@5: 72.48
2025-06-11 12:17:43,057 - log - INFO - iter:2840/3783, clip_acc1=55.73943328857422, tta_acc1=45.73943328857422
2025-06-11 12:17:43,058 - log - INFO - iter:2840/3783, Original Acc@1: 55.74, Acc@5: 82.85, TTA Acc@1: 45.74, Acc@5: 72.68
2025-06-11 12:18:45,104 - log - INFO - iter:2860/3783, clip_acc1=55.97902297973633, tta_acc1=45.87412643432617
2025-06-11 12:18:45,104 - log - INFO - iter:2860/3783, Original Acc@1: 55.98, Acc@5: 82.97, TTA Acc@1: 45.87, Acc@5: 72.87
2025-06-11 12:19:48,671 - log - INFO - iter:2880/3783, clip_acc1=56.0069465637207, tta_acc1=45.86805725097656
2025-06-11 12:19:48,671 - log - INFO - iter:2880/3783, Original Acc@1: 56.01, Acc@5: 82.99, TTA Acc@1: 45.87, Acc@5: 72.95
2025-06-11 12:20:40,092 - log - INFO - iter:2900/3783, clip_acc1=56.24138259887695, tta_acc1=46.068965911865234
2025-06-11 12:20:40,092 - log - INFO - iter:2900/3783, Original Acc@1: 56.24, Acc@5: 83.10, TTA Acc@1: 46.07, Acc@5: 73.10
2025-06-11 12:21:46,624 - log - INFO - iter:2920/3783, clip_acc1=56.50685119628906, tta_acc1=46.30137252807617
2025-06-11 12:21:46,625 - log - INFO - iter:2920/3783, Original Acc@1: 56.51, Acc@5: 83.22, TTA Acc@1: 46.30, Acc@5: 73.29
2025-06-11 12:23:05,436 - log - INFO - iter:2940/3783, clip_acc1=56.56462478637695, tta_acc1=46.32653045654297
2025-06-11 12:23:05,436 - log - INFO - iter:2940/3783, Original Acc@1: 56.56, Acc@5: 83.30, TTA Acc@1: 46.33, Acc@5: 73.44
2025-06-11 12:24:12,670 - log - INFO - iter:2960/3783, clip_acc1=56.18243408203125, tta_acc1=46.01351547241211
2025-06-11 12:24:12,670 - log - INFO - iter:2960/3783, Original Acc@1: 56.18, Acc@5: 83.01, TTA Acc@1: 46.01, Acc@5: 73.21
2025-06-11 12:25:09,490 - log - INFO - iter:2980/3783, clip_acc1=56.0067138671875, tta_acc1=45.738258361816406
2025-06-11 12:25:09,491 - log - INFO - iter:2980/3783, Original Acc@1: 56.01, Acc@5: 82.92, TTA Acc@1: 45.74, Acc@5: 73.12
2025-06-11 12:26:07,780 - log - INFO - iter:3000/3783, clip_acc1=55.96666717529297, tta_acc1=45.56666564941406
2025-06-11 12:26:07,781 - log - INFO - iter:3000/3783, Original Acc@1: 55.97, Acc@5: 82.87, TTA Acc@1: 45.57, Acc@5: 73.10
2025-06-11 12:27:03,905 - log - INFO - iter:3020/3783, clip_acc1=55.894039154052734, tta_acc1=45.43046569824219
2025-06-11 12:27:03,906 - log - INFO - iter:3020/3783, Original Acc@1: 55.89, Acc@5: 82.81, TTA Acc@1: 45.43, Acc@5: 72.95
2025-06-11 12:28:00,267 - log - INFO - iter:3040/3783, clip_acc1=56.08552932739258, tta_acc1=45.52631759643555
2025-06-11 12:28:00,267 - log - INFO - iter:3040/3783, Original Acc@1: 56.09, Acc@5: 82.93, TTA Acc@1: 45.53, Acc@5: 72.96
2025-06-11 12:28:58,975 - log - INFO - iter:3060/3783, clip_acc1=56.045753479003906, tta_acc1=45.35947799682617
2025-06-11 12:28:58,976 - log - INFO - iter:3060/3783, Original Acc@1: 56.05, Acc@5: 82.75, TTA Acc@1: 45.36, Acc@5: 72.71
2025-06-11 12:29:53,636 - log - INFO - iter:3080/3783, clip_acc1=55.74675369262695, tta_acc1=45.06493377685547
2025-06-11 12:29:53,636 - log - INFO - iter:3080/3783, Original Acc@1: 55.75, Acc@5: 82.69, TTA Acc@1: 45.06, Acc@5: 72.63
2025-06-11 12:30:54,008 - log - INFO - iter:3100/3783, clip_acc1=55.77419662475586, tta_acc1=45.0
2025-06-11 12:30:54,009 - log - INFO - iter:3100/3783, Original Acc@1: 55.77, Acc@5: 82.68, TTA Acc@1: 45.00, Acc@5: 72.68
2025-06-11 12:31:58,081 - log - INFO - iter:3120/3783, clip_acc1=55.92948913574219, tta_acc1=44.96794891357422
2025-06-11 12:31:58,081 - log - INFO - iter:3120/3783, Original Acc@1: 55.93, Acc@5: 82.76, TTA Acc@1: 44.97, Acc@5: 72.69
2025-06-11 12:33:06,734 - log - INFO - iter:3140/3783, clip_acc1=56.019107818603516, tta_acc1=44.93630599975586
2025-06-11 12:33:06,734 - log - INFO - iter:3140/3783, Original Acc@1: 56.02, Acc@5: 82.77, TTA Acc@1: 44.94, Acc@5: 72.61
2025-06-11 12:34:07,716 - log - INFO - iter:3160/3783, clip_acc1=55.981014251708984, tta_acc1=44.841773986816406
2025-06-11 12:34:07,717 - log - INFO - iter:3160/3783, Original Acc@1: 55.98, Acc@5: 82.72, TTA Acc@1: 44.84, Acc@5: 72.56
2025-06-11 12:35:13,980 - log - INFO - iter:3180/3783, clip_acc1=56.25786209106445, tta_acc1=45.18867874145508
2025-06-11 12:35:13,981 - log - INFO - iter:3180/3783, Original Acc@1: 56.26, Acc@5: 82.83, TTA Acc@1: 45.19, Acc@5: 72.74
2025-06-11 12:36:12,080 - log - INFO - iter:3200/3783, clip_acc1=56.46875, tta_acc1=45.46875
2025-06-11 12:36:12,081 - log - INFO - iter:3200/3783, Original Acc@1: 56.47, Acc@5: 82.88, TTA Acc@1: 45.47, Acc@5: 72.84
2025-06-11 12:37:08,181 - log - INFO - iter:3220/3783, clip_acc1=56.118011474609375, tta_acc1=45.18633270263672
2025-06-11 12:37:08,181 - log - INFO - iter:3220/3783, Original Acc@1: 56.12, Acc@5: 82.39, TTA Acc@1: 45.19, Acc@5: 72.42
2025-06-11 12:38:07,631 - log - INFO - iter:3240/3783, clip_acc1=56.04938507080078, tta_acc1=45.12345886230469
2025-06-11 12:38:07,631 - log - INFO - iter:3240/3783, Original Acc@1: 56.05, Acc@5: 82.19, TTA Acc@1: 45.12, Acc@5: 72.28
2025-06-11 12:39:15,141 - log - INFO - iter:3260/3783, clip_acc1=56.165645599365234, tta_acc1=45.15337371826172
2025-06-11 12:39:15,141 - log - INFO - iter:3260/3783, Original Acc@1: 56.17, Acc@5: 82.27, TTA Acc@1: 45.15, Acc@5: 72.33
2025-06-11 12:40:29,161 - log - INFO - iter:3280/3783, clip_acc1=56.25, tta_acc1=44.969512939453125
2025-06-11 12:40:29,161 - log - INFO - iter:3280/3783, Original Acc@1: 56.25, Acc@5: 82.26, TTA Acc@1: 44.97, Acc@5: 72.26
2025-06-11 12:41:35,131 - log - INFO - iter:3300/3783, clip_acc1=56.3636360168457, tta_acc1=44.69697189331055
2025-06-11 12:41:35,131 - log - INFO - iter:3300/3783, Original Acc@1: 56.36, Acc@5: 82.30, TTA Acc@1: 44.70, Acc@5: 72.12
2025-06-11 12:42:38,138 - log - INFO - iter:3320/3783, clip_acc1=56.26506042480469, tta_acc1=44.60843276977539
2025-06-11 12:42:38,138 - log - INFO - iter:3320/3783, Original Acc@1: 56.27, Acc@5: 82.26, TTA Acc@1: 44.61, Acc@5: 72.05
2025-06-11 12:43:52,285 - log - INFO - iter:3340/3783, clip_acc1=56.407188415527344, tta_acc1=44.670658111572266
2025-06-11 12:43:52,286 - log - INFO - iter:3340/3783, Original Acc@1: 56.41, Acc@5: 82.37, TTA Acc@1: 44.67, Acc@5: 72.07
2025-06-11 12:44:53,441 - log - INFO - iter:3360/3783, clip_acc1=56.66666793823242, tta_acc1=45.0
2025-06-11 12:44:53,441 - log - INFO - iter:3360/3783, Original Acc@1: 56.67, Acc@5: 82.47, TTA Acc@1: 45.00, Acc@5: 72.23
2025-06-11 12:45:51,732 - log - INFO - iter:3380/3783, clip_acc1=56.92307662963867, tta_acc1=45.266273498535156
2025-06-11 12:45:51,733 - log - INFO - iter:3380/3783, Original Acc@1: 56.92, Acc@5: 82.57, TTA Acc@1: 45.27, Acc@5: 72.37
2025-06-11 12:46:52,736 - log - INFO - iter:3400/3783, clip_acc1=57.05882263183594, tta_acc1=45.23529052734375
2025-06-11 12:46:52,736 - log - INFO - iter:3400/3783, Original Acc@1: 57.06, Acc@5: 82.68, TTA Acc@1: 45.24, Acc@5: 72.50
2025-06-11 12:47:55,207 - log - INFO - iter:3420/3783, clip_acc1=57.105262756347656, tta_acc1=45.292396545410156
2025-06-11 12:47:55,207 - log - INFO - iter:3420/3783, Original Acc@1: 57.11, Acc@5: 82.69, TTA Acc@1: 45.29, Acc@5: 72.49
2025-06-11 12:48:55,722 - log - INFO - iter:3440/3783, clip_acc1=57.354652404785156, tta_acc1=45.61046600341797
2025-06-11 12:48:55,722 - log - INFO - iter:3440/3783, Original Acc@1: 57.35, Acc@5: 82.79, TTA Acc@1: 45.61, Acc@5: 72.65
2025-06-11 12:50:03,868 - log - INFO - iter:3460/3783, clip_acc1=57.312137603759766, tta_acc1=45.578033447265625
2025-06-11 12:50:03,868 - log - INFO - iter:3460/3783, Original Acc@1: 57.31, Acc@5: 82.69, TTA Acc@1: 45.58, Acc@5: 72.46
2025-06-11 12:51:06,907 - log - INFO - iter:3480/3783, clip_acc1=57.068965911865234, tta_acc1=45.31609344482422
2025-06-11 12:51:06,907 - log - INFO - iter:3480/3783, Original Acc@1: 57.07, Acc@5: 82.44, TTA Acc@1: 45.32, Acc@5: 72.10
2025-06-11 12:51:58,515 - log - INFO - iter:3500/3783, clip_acc1=56.94285583496094, tta_acc1=45.17142868041992
2025-06-11 12:51:58,516 - log - INFO - iter:3500/3783, Original Acc@1: 56.94, Acc@5: 82.31, TTA Acc@1: 45.17, Acc@5: 71.86
2025-06-11 12:52:55,740 - log - INFO - iter:3520/3783, clip_acc1=56.9886360168457, tta_acc1=45.1136360168457
2025-06-11 12:52:55,740 - log - INFO - iter:3520/3783, Original Acc@1: 56.99, Acc@5: 82.27, TTA Acc@1: 45.11, Acc@5: 71.73
2025-06-11 12:53:52,973 - log - INFO - iter:3540/3783, clip_acc1=57.23163986206055, tta_acc1=45.36723327636719
2025-06-11 12:53:52,974 - log - INFO - iter:3540/3783, Original Acc@1: 57.23, Acc@5: 82.37, TTA Acc@1: 45.37, Acc@5: 71.86
2025-06-11 12:54:46,322 - log - INFO - iter:3560/3783, clip_acc1=57.4719123840332, tta_acc1=45.674156188964844
2025-06-11 12:54:46,322 - log - INFO - iter:3560/3783, Original Acc@1: 57.47, Acc@5: 82.47, TTA Acc@1: 45.67, Acc@5: 72.02
2025-06-11 12:55:45,614 - log - INFO - iter:3580/3783, clip_acc1=57.653629302978516, tta_acc1=45.92178726196289
2025-06-11 12:55:45,614 - log - INFO - iter:3580/3783, Original Acc@1: 57.65, Acc@5: 82.54, TTA Acc@1: 45.92, Acc@5: 72.12
2025-06-11 12:56:53,049 - log - INFO - iter:3600/3783, clip_acc1=57.833335876464844, tta_acc1=46.083335876464844
2025-06-11 12:56:53,049 - log - INFO - iter:3600/3783, Original Acc@1: 57.83, Acc@5: 82.58, TTA Acc@1: 46.08, Acc@5: 72.19
2025-06-11 12:58:25,748 - log - INFO - iter:3620/3783, clip_acc1=57.9557991027832, tta_acc1=46.27071762084961
2025-06-11 12:58:25,749 - log - INFO - iter:3620/3783, Original Acc@1: 57.96, Acc@5: 82.60, TTA Acc@1: 46.27, Acc@5: 72.24
2025-06-11 12:59:41,189 - log - INFO - iter:3640/3783, clip_acc1=57.9945068359375, tta_acc1=46.34615707397461
2025-06-11 12:59:41,190 - log - INFO - iter:3640/3783, Original Acc@1: 57.99, Acc@5: 82.55, TTA Acc@1: 46.35, Acc@5: 72.20
2025-06-11 13:00:32,612 - log - INFO - iter:3660/3783, clip_acc1=58.087432861328125, tta_acc1=46.448089599609375
2025-06-11 13:00:32,612 - log - INFO - iter:3660/3783, Original Acc@1: 58.09, Acc@5: 82.60, TTA Acc@1: 46.45, Acc@5: 72.27
2025-06-11 13:01:23,968 - log - INFO - iter:3680/3783, clip_acc1=58.124996185302734, tta_acc1=46.548912048339844
2025-06-11 13:01:23,968 - log - INFO - iter:3680/3783, Original Acc@1: 58.12, Acc@5: 82.66, TTA Acc@1: 46.55, Acc@5: 72.39
2025-06-11 13:02:50,964 - log - INFO - iter:3700/3783, clip_acc1=58.35135269165039, tta_acc1=46.729732513427734
2025-06-11 13:02:50,964 - log - INFO - iter:3700/3783, Original Acc@1: 58.35, Acc@5: 82.76, TTA Acc@1: 46.73, Acc@5: 72.54
2025-06-11 13:03:56,675 - log - INFO - iter:3720/3783, clip_acc1=58.494625091552734, tta_acc1=46.93548583984375
2025-06-11 13:03:56,676 - log - INFO - iter:3720/3783, Original Acc@1: 58.49, Acc@5: 82.80, TTA Acc@1: 46.94, Acc@5: 72.63
2025-06-11 13:04:54,768 - log - INFO - iter:3740/3783, clip_acc1=58.71657943725586, tta_acc1=47.19251251220703
2025-06-11 13:04:54,769 - log - INFO - iter:3740/3783, Original Acc@1: 58.72, Acc@5: 82.89, TTA Acc@1: 47.19, Acc@5: 72.78
2025-06-11 13:05:49,371 - log - INFO - iter:3760/3783, clip_acc1=58.590423583984375, tta_acc1=47.12765884399414
2025-06-11 13:05:49,371 - log - INFO - iter:3760/3783, Original Acc@1: 58.59, Acc@5: 82.77, TTA Acc@1: 47.13, Acc@5: 72.66
2025-06-11 13:06:49,945 - log - INFO - iter:3780/3783, clip_acc1=58.333335876464844, tta_acc1=46.904762268066406
2025-06-11 13:06:49,945 - log - INFO - iter:3780/3783, Original Acc@1: 58.33, Acc@5: 82.54, TTA Acc@1: 46.90, Acc@5: 72.38
2025-06-11 13:06:56,428 - log - INFO - iter:3783/3783, clip_acc1=58.287071228027344, tta_acc1=46.8675651550293
2025-06-11 13:06:56,428 - log - INFO - iter:3783/3783, Original Acc@1: 58.29, Acc@5: 82.47, TTA Acc@1: 46.87, Acc@5: 72.32
2025-06-11 13:06:56,493 - log - INFO - Final results - Original Acc@1: 58.29, Acc@5: 82.47, TTA Acc@1: 46.87, Acc@5: 72.32
2025-06-11 13:06:56,493 - log - INFO - Improvement from TTA in Acc@1 -11.42, and Acc@5 -10.15
2025-06-11 13:06:56,494 - log - INFO - => Acc. on testset [UCF101]: Clean Acc @1 58.287071228027344/ TTA Clean Acc @1 46.8675651550293, Clean Acc @5 82.4742202758789/ TTA Clean Acc @5 72.32354736328125
2025-06-11 13:06:56,494 - log - INFO - Total script execution time: 11727.75 seconds (195.46 minutes)
