2025-06-09 17:25:43,674 - log - INFO - ==========================================
data:/leonardo_work/EUHPC_R04_192/fmohamma/Adversarial_Robust_Clip/atpt_data/downstream_datasets
test_sets:Caltech101
dataset_mode:test
arch:ViT-L/14
resolution:224
workers:4
no_pin_memory:False
batch_size:64
print_freq:20
gpu:0
no_cudnn_benchmark:False
n_ctx:4
ctx_init:a_photo_of_a
tpt_loss:rtpt
seed:0
output_dir:/leonardo_work/EUHPC_R04_192/fmohamma/Adversarial_Robust_Clip/atpt_data/ViT-L/14/Caltech101
log_output_dir:/leonardo_work/EUHPC_R04_192/fmohamma/Adversarial_Robust_Clip/ATPT/Final_Results/ViT-L/14/Caltech101
eps:0.0
alpha:0.0
alpha_eps_ratio:4.0
steps:0
lr:0.005
selection_p:0.1
tta_steps:1
ensemble_type:weighted_rtpt
top_k:20
softmax_temp:0.01
counter_attack:True
counter_attack_type:pgd
counter_attack_steps:2
counter_attack_eps:2.0
counter_attack_alpha:1.0
counter_attack_tau_thres:0.2
counter_attack_beta:2.0
counter_attack_weighted_perturbations:True
pgd_clip_pure_i_text_embeddings:null
pgd_counter_and_clipure_i_lamda:1.0
selected_id_name:selected_topk.json
weighted_score_name:weighted_scores.json
batch_entropy_name:entropies.json
log_dir:/leonardo_work/EUHPC_R04_192/fmohamma/Adversarial_Robust_Clip/ATPT/Final_Results/ViT-L/14/Caltech101/Clean/Counter_Attack/Eps_2_0_Steps_2_Alpha_1_0/tau_0_2_beta_2_0_weighted_pertrubation_True/TPT/Optimization_Loss_rtpt_LR_0_005_Optimization_Steps_1_View_Selection_Fraction_0_1/Inference_Ensemble_weighted_rtpt_topk_20_softmaxtemp_0_01

2025-06-09 17:25:43,675 - log - INFO - Use GPU: 0 for training
2025-06-09 17:26:34,779 - log - INFO - Freezing all parameters except prompt learner
2025-06-09 17:26:34,781 - log - INFO - => Model created: visual backbone ViT-L/14
2025-06-09 17:26:34,790 - log - INFO - Number of test samples: 2465
2025-06-09 17:26:34,790 - log - INFO - Evaluating dataset: Caltech101
2025-06-09 17:26:34,791 - log - INFO - Starting evaluation with batch size: 64, selection percentage: 0.1
2025-06-09 17:26:34,791 - log - INFO - Test-time adaptation steps: 1, learning rate: 0.005
2025-06-09 17:26:34,791 - log - INFO - Using counter-attack with epsilon: 2.000000, alpha: 0.000000, steps: 2, tau_thres: 0.2, beta: 2.0, weighted perturbation: True
2025-06-09 17:27:40,812 - log - INFO - iter:20/2465, clip_acc1=45.0, tta_acc1=85.0
2025-06-09 17:27:40,812 - log - INFO - iter:20/2465, Original Acc@1: 45.00, Acc@5: 90.00, TTA Acc@1: 85.00, Acc@5: 100.00
2025-06-09 17:28:38,385 - log - INFO - iter:40/2465, clip_acc1=47.5, tta_acc1=90.0
2025-06-09 17:28:38,386 - log - INFO - iter:40/2465, Original Acc@1: 47.50, Acc@5: 87.50, TTA Acc@1: 90.00, Acc@5: 100.00
2025-06-09 17:29:35,938 - log - INFO - iter:60/2465, clip_acc1=51.66666793823242, tta_acc1=93.33333587646484
2025-06-09 17:29:35,938 - log - INFO - iter:60/2465, Original Acc@1: 51.67, Acc@5: 91.67, TTA Acc@1: 93.33, Acc@5: 100.00
2025-06-09 17:30:33,137 - log - INFO - iter:80/2465, clip_acc1=50.0, tta_acc1=87.5
2025-06-09 17:30:33,137 - log - INFO - iter:80/2465, Original Acc@1: 50.00, Acc@5: 92.50, TTA Acc@1: 87.50, Acc@5: 100.00
2025-06-09 17:31:30,539 - log - INFO - iter:100/2465, clip_acc1=47.0, tta_acc1=86.0
2025-06-09 17:31:30,539 - log - INFO - iter:100/2465, Original Acc@1: 47.00, Acc@5: 92.00, TTA Acc@1: 86.00, Acc@5: 100.00
2025-06-09 17:32:28,085 - log - INFO - iter:120/2465, clip_acc1=45.000003814697266, tta_acc1=85.83333587646484
2025-06-09 17:32:28,085 - log - INFO - iter:120/2465, Original Acc@1: 45.00, Acc@5: 92.50, TTA Acc@1: 85.83, Acc@5: 100.00
2025-06-09 17:33:25,141 - log - INFO - iter:140/2465, clip_acc1=48.57143020629883, tta_acc1=87.14286041259766
2025-06-09 17:33:25,141 - log - INFO - iter:140/2465, Original Acc@1: 48.57, Acc@5: 92.14, TTA Acc@1: 87.14, Acc@5: 100.00
2025-06-09 17:34:22,292 - log - INFO - iter:160/2465, clip_acc1=53.75, tta_acc1=88.75
2025-06-09 17:34:22,293 - log - INFO - iter:160/2465, Original Acc@1: 53.75, Acc@5: 92.50, TTA Acc@1: 88.75, Acc@5: 100.00
2025-06-09 17:35:19,307 - log - INFO - iter:180/2465, clip_acc1=57.222225189208984, tta_acc1=90.0
2025-06-09 17:35:19,308 - log - INFO - iter:180/2465, Original Acc@1: 57.22, Acc@5: 92.22, TTA Acc@1: 90.00, Acc@5: 100.00
2025-06-09 17:36:16,364 - log - INFO - iter:200/2465, clip_acc1=60.0, tta_acc1=91.0
2025-06-09 17:36:16,364 - log - INFO - iter:200/2465, Original Acc@1: 60.00, Acc@5: 93.00, TTA Acc@1: 91.00, Acc@5: 100.00
2025-06-09 17:37:13,515 - log - INFO - iter:220/2465, clip_acc1=63.63636016845703, tta_acc1=91.81817626953125
2025-06-09 17:37:13,515 - log - INFO - iter:220/2465, Original Acc@1: 63.64, Acc@5: 93.64, TTA Acc@1: 91.82, Acc@5: 100.00
2025-06-09 17:38:10,699 - log - INFO - iter:240/2465, clip_acc1=66.66667175292969, tta_acc1=92.50000762939453
2025-06-09 17:38:10,700 - log - INFO - iter:240/2465, Original Acc@1: 66.67, Acc@5: 94.17, TTA Acc@1: 92.50, Acc@5: 100.00
2025-06-09 17:39:07,760 - log - INFO - iter:260/2465, clip_acc1=69.23076629638672, tta_acc1=93.07691955566406
2025-06-09 17:39:07,760 - log - INFO - iter:260/2465, Original Acc@1: 69.23, Acc@5: 94.62, TTA Acc@1: 93.08, Acc@5: 100.00
2025-06-09 17:40:04,950 - log - INFO - iter:280/2465, clip_acc1=71.42857360839844, tta_acc1=93.57142639160156
2025-06-09 17:40:04,951 - log - INFO - iter:280/2465, Original Acc@1: 71.43, Acc@5: 95.00, TTA Acc@1: 93.57, Acc@5: 100.00
2025-06-09 17:41:01,888 - log - INFO - iter:300/2465, clip_acc1=73.0, tta_acc1=94.0
2025-06-09 17:41:01,888 - log - INFO - iter:300/2465, Original Acc@1: 73.00, Acc@5: 95.33, TTA Acc@1: 94.00, Acc@5: 100.00
2025-06-09 17:41:59,058 - log - INFO - iter:320/2465, clip_acc1=74.6875, tta_acc1=94.375
2025-06-09 17:41:59,058 - log - INFO - iter:320/2465, Original Acc@1: 74.69, Acc@5: 95.62, TTA Acc@1: 94.38, Acc@5: 100.00
2025-06-09 17:42:56,243 - log - INFO - iter:340/2465, clip_acc1=76.17647552490234, tta_acc1=94.70588684082031
2025-06-09 17:42:56,244 - log - INFO - iter:340/2465, Original Acc@1: 76.18, Acc@5: 95.88, TTA Acc@1: 94.71, Acc@5: 100.00
2025-06-09 17:43:53,445 - log - INFO - iter:360/2465, clip_acc1=77.5, tta_acc1=95.0
2025-06-09 17:43:53,445 - log - INFO - iter:360/2465, Original Acc@1: 77.50, Acc@5: 96.11, TTA Acc@1: 95.00, Acc@5: 100.00
2025-06-09 17:44:50,390 - log - INFO - iter:380/2465, clip_acc1=78.68421173095703, tta_acc1=95.2631607055664
2025-06-09 17:44:50,390 - log - INFO - iter:380/2465, Original Acc@1: 78.68, Acc@5: 96.32, TTA Acc@1: 95.26, Acc@5: 100.00
2025-06-09 17:45:47,427 - log - INFO - iter:400/2465, clip_acc1=79.75, tta_acc1=95.5
2025-06-09 17:45:47,427 - log - INFO - iter:400/2465, Original Acc@1: 79.75, Acc@5: 96.50, TTA Acc@1: 95.50, Acc@5: 100.00
2025-06-09 17:46:44,664 - log - INFO - iter:420/2465, clip_acc1=80.71428680419922, tta_acc1=95.4761962890625
2025-06-09 17:46:44,664 - log - INFO - iter:420/2465, Original Acc@1: 80.71, Acc@5: 96.67, TTA Acc@1: 95.48, Acc@5: 100.00
2025-06-09 17:47:42,659 - log - INFO - iter:440/2465, clip_acc1=81.36363220214844, tta_acc1=95.68181610107422
2025-06-09 17:47:42,660 - log - INFO - iter:440/2465, Original Acc@1: 81.36, Acc@5: 96.59, TTA Acc@1: 95.68, Acc@5: 100.00
2025-06-09 17:48:40,458 - log - INFO - iter:460/2465, clip_acc1=81.73912811279297, tta_acc1=95.86956024169922
2025-06-09 17:48:40,458 - log - INFO - iter:460/2465, Original Acc@1: 81.74, Acc@5: 96.52, TTA Acc@1: 95.87, Acc@5: 100.00
2025-06-09 17:49:37,603 - log - INFO - iter:480/2465, clip_acc1=82.29167175292969, tta_acc1=96.04167175292969
2025-06-09 17:49:37,604 - log - INFO - iter:480/2465, Original Acc@1: 82.29, Acc@5: 96.46, TTA Acc@1: 96.04, Acc@5: 100.00
2025-06-09 17:50:34,787 - log - INFO - iter:500/2465, clip_acc1=83.00000762939453, tta_acc1=96.20000457763672
2025-06-09 17:50:34,788 - log - INFO - iter:500/2465, Original Acc@1: 83.00, Acc@5: 96.60, TTA Acc@1: 96.20, Acc@5: 100.00
2025-06-09 17:51:32,162 - log - INFO - iter:520/2465, clip_acc1=83.65384674072266, tta_acc1=96.34615325927734
2025-06-09 17:51:32,162 - log - INFO - iter:520/2465, Original Acc@1: 83.65, Acc@5: 96.73, TTA Acc@1: 96.35, Acc@5: 100.00
2025-06-09 17:52:29,716 - log - INFO - iter:540/2465, clip_acc1=84.0740737915039, tta_acc1=96.48148345947266
2025-06-09 17:52:29,716 - log - INFO - iter:540/2465, Original Acc@1: 84.07, Acc@5: 96.85, TTA Acc@1: 96.48, Acc@5: 100.00
2025-06-09 17:53:26,694 - log - INFO - iter:560/2465, clip_acc1=83.92857360839844, tta_acc1=96.60713958740234
2025-06-09 17:53:26,694 - log - INFO - iter:560/2465, Original Acc@1: 83.93, Acc@5: 96.96, TTA Acc@1: 96.61, Acc@5: 100.00
2025-06-09 17:54:24,089 - log - INFO - iter:580/2465, clip_acc1=84.48275756835938, tta_acc1=96.72413635253906
2025-06-09 17:54:24,089 - log - INFO - iter:580/2465, Original Acc@1: 84.48, Acc@5: 97.07, TTA Acc@1: 96.72, Acc@5: 100.00
2025-06-09 17:55:21,263 - log - INFO - iter:600/2465, clip_acc1=84.83333587646484, tta_acc1=96.83333587646484
2025-06-09 17:55:21,263 - log - INFO - iter:600/2465, Original Acc@1: 84.83, Acc@5: 97.00, TTA Acc@1: 96.83, Acc@5: 100.00
2025-06-09 17:56:18,478 - log - INFO - iter:620/2465, clip_acc1=85.0, tta_acc1=96.7741928100586
2025-06-09 17:56:18,478 - log - INFO - iter:620/2465, Original Acc@1: 85.00, Acc@5: 97.10, TTA Acc@1: 96.77, Acc@5: 100.00
2025-06-09 17:57:16,459 - log - INFO - iter:640/2465, clip_acc1=85.3125, tta_acc1=96.875
2025-06-09 17:57:16,459 - log - INFO - iter:640/2465, Original Acc@1: 85.31, Acc@5: 97.19, TTA Acc@1: 96.88, Acc@5: 100.00
2025-06-09 17:58:13,649 - log - INFO - iter:660/2465, clip_acc1=85.6060562133789, tta_acc1=96.96969604492188
2025-06-09 17:58:13,649 - log - INFO - iter:660/2465, Original Acc@1: 85.61, Acc@5: 97.27, TTA Acc@1: 96.97, Acc@5: 100.00
2025-06-09 17:59:10,736 - log - INFO - iter:680/2465, clip_acc1=86.02941131591797, tta_acc1=97.05882263183594
2025-06-09 17:59:10,737 - log - INFO - iter:680/2465, Original Acc@1: 86.03, Acc@5: 97.35, TTA Acc@1: 97.06, Acc@5: 100.00
2025-06-09 18:00:07,950 - log - INFO - iter:700/2465, clip_acc1=85.57142639160156, tta_acc1=97.14285278320312
2025-06-09 18:00:07,950 - log - INFO - iter:700/2465, Original Acc@1: 85.57, Acc@5: 96.57, TTA Acc@1: 97.14, Acc@5: 100.00
2025-06-09 18:01:05,175 - log - INFO - iter:720/2465, clip_acc1=84.86111450195312, tta_acc1=96.94445037841797
2025-06-09 18:01:05,175 - log - INFO - iter:720/2465, Original Acc@1: 84.86, Acc@5: 96.39, TTA Acc@1: 96.94, Acc@5: 100.00
2025-06-09 18:02:02,397 - log - INFO - iter:740/2465, clip_acc1=84.59459686279297, tta_acc1=96.89189147949219
2025-06-09 18:02:02,397 - log - INFO - iter:740/2465, Original Acc@1: 84.59, Acc@5: 96.08, TTA Acc@1: 96.89, Acc@5: 100.00
2025-06-09 18:02:59,750 - log - INFO - iter:760/2465, clip_acc1=84.07894897460938, tta_acc1=96.71053314208984
2025-06-09 18:02:59,750 - log - INFO - iter:760/2465, Original Acc@1: 84.08, Acc@5: 95.53, TTA Acc@1: 96.71, Acc@5: 100.00
2025-06-09 18:03:57,033 - log - INFO - iter:780/2465, clip_acc1=84.10256958007812, tta_acc1=96.79487609863281
2025-06-09 18:03:57,033 - log - INFO - iter:780/2465, Original Acc@1: 84.10, Acc@5: 95.38, TTA Acc@1: 96.79, Acc@5: 100.00
2025-06-09 18:04:54,084 - log - INFO - iter:800/2465, clip_acc1=84.25, tta_acc1=96.875
2025-06-09 18:04:54,084 - log - INFO - iter:800/2465, Original Acc@1: 84.25, Acc@5: 95.50, TTA Acc@1: 96.88, Acc@5: 100.00
2025-06-09 18:05:51,319 - log - INFO - iter:820/2465, clip_acc1=84.39024353027344, tta_acc1=96.95121765136719
2025-06-09 18:05:51,319 - log - INFO - iter:820/2465, Original Acc@1: 84.39, Acc@5: 95.49, TTA Acc@1: 96.95, Acc@5: 100.00
2025-06-09 18:06:48,985 - log - INFO - iter:840/2465, clip_acc1=84.64286041259766, tta_acc1=96.9047622680664
2025-06-09 18:06:48,986 - log - INFO - iter:840/2465, Original Acc@1: 84.64, Acc@5: 95.60, TTA Acc@1: 96.90, Acc@5: 100.00
2025-06-09 18:07:46,217 - log - INFO - iter:860/2465, clip_acc1=85.0, tta_acc1=96.97674560546875
2025-06-09 18:07:46,218 - log - INFO - iter:860/2465, Original Acc@1: 85.00, Acc@5: 95.70, TTA Acc@1: 96.98, Acc@5: 100.00
2025-06-09 18:08:43,358 - log - INFO - iter:880/2465, clip_acc1=85.2272720336914, tta_acc1=96.93181610107422
2025-06-09 18:08:43,358 - log - INFO - iter:880/2465, Original Acc@1: 85.23, Acc@5: 95.80, TTA Acc@1: 96.93, Acc@5: 100.00
2025-06-09 18:09:40,562 - log - INFO - iter:900/2465, clip_acc1=85.44444274902344, tta_acc1=96.8888931274414
2025-06-09 18:09:40,562 - log - INFO - iter:900/2465, Original Acc@1: 85.44, Acc@5: 95.89, TTA Acc@1: 96.89, Acc@5: 100.00
2025-06-09 18:10:37,948 - log - INFO - iter:920/2465, clip_acc1=85.43477630615234, tta_acc1=96.73912811279297
2025-06-09 18:10:37,948 - log - INFO - iter:920/2465, Original Acc@1: 85.43, Acc@5: 95.87, TTA Acc@1: 96.74, Acc@5: 99.78
2025-06-09 18:11:35,284 - log - INFO - iter:940/2465, clip_acc1=85.31914520263672, tta_acc1=96.7021255493164
2025-06-09 18:11:35,284 - log - INFO - iter:940/2465, Original Acc@1: 85.32, Acc@5: 95.85, TTA Acc@1: 96.70, Acc@5: 99.79
2025-06-09 18:12:32,598 - log - INFO - iter:960/2465, clip_acc1=85.31250762939453, tta_acc1=96.77083587646484
2025-06-09 18:12:32,598 - log - INFO - iter:960/2465, Original Acc@1: 85.31, Acc@5: 95.94, TTA Acc@1: 96.77, Acc@5: 99.79
2025-06-09 18:13:29,724 - log - INFO - iter:980/2465, clip_acc1=85.30612182617188, tta_acc1=96.73468780517578
2025-06-09 18:13:29,724 - log - INFO - iter:980/2465, Original Acc@1: 85.31, Acc@5: 95.82, TTA Acc@1: 96.73, Acc@5: 99.69
2025-06-09 18:14:26,934 - log - INFO - iter:1000/2465, clip_acc1=85.4000015258789, tta_acc1=96.70000457763672
2025-06-09 18:14:26,935 - log - INFO - iter:1000/2465, Original Acc@1: 85.40, Acc@5: 95.80, TTA Acc@1: 96.70, Acc@5: 99.70
2025-06-09 18:15:24,288 - log - INFO - iter:1020/2465, clip_acc1=85.19608306884766, tta_acc1=96.56863403320312
2025-06-09 18:15:24,288 - log - INFO - iter:1020/2465, Original Acc@1: 85.20, Acc@5: 95.88, TTA Acc@1: 96.57, Acc@5: 99.71
2025-06-09 18:16:21,619 - log - INFO - iter:1040/2465, clip_acc1=85.19230651855469, tta_acc1=96.44230651855469
2025-06-09 18:16:21,619 - log - INFO - iter:1040/2465, Original Acc@1: 85.19, Acc@5: 95.87, TTA Acc@1: 96.44, Acc@5: 99.71
2025-06-09 18:17:18,961 - log - INFO - iter:1060/2465, clip_acc1=85.0, tta_acc1=96.2264175415039
2025-06-09 18:17:18,961 - log - INFO - iter:1060/2465, Original Acc@1: 85.00, Acc@5: 95.85, TTA Acc@1: 96.23, Acc@5: 99.72
2025-06-09 18:18:15,997 - log - INFO - iter:1080/2465, clip_acc1=85.0, tta_acc1=96.1111068725586
2025-06-09 18:18:15,997 - log - INFO - iter:1080/2465, Original Acc@1: 85.00, Acc@5: 95.83, TTA Acc@1: 96.11, Acc@5: 99.63
2025-06-09 18:19:13,286 - log - INFO - iter:1100/2465, clip_acc1=84.36363983154297, tta_acc1=96.18181610107422
2025-06-09 18:19:13,286 - log - INFO - iter:1100/2465, Original Acc@1: 84.36, Acc@5: 95.18, TTA Acc@1: 96.18, Acc@5: 99.64
2025-06-09 18:20:10,420 - log - INFO - iter:1120/2465, clip_acc1=83.48213958740234, tta_acc1=95.80357360839844
2025-06-09 18:20:10,420 - log - INFO - iter:1120/2465, Original Acc@1: 83.48, Acc@5: 94.82, TTA Acc@1: 95.80, Acc@5: 99.64
2025-06-09 18:21:07,775 - log - INFO - iter:1140/2465, clip_acc1=82.71929931640625, tta_acc1=95.08772277832031
2025-06-09 18:21:07,775 - log - INFO - iter:1140/2465, Original Acc@1: 82.72, Acc@5: 94.47, TTA Acc@1: 95.09, Acc@5: 99.56
2025-06-09 18:22:04,887 - log - INFO - iter:1160/2465, clip_acc1=82.67241668701172, tta_acc1=95.17241668701172
2025-06-09 18:22:04,888 - log - INFO - iter:1160/2465, Original Acc@1: 82.67, Acc@5: 94.48, TTA Acc@1: 95.17, Acc@5: 99.57
2025-06-09 18:23:02,053 - log - INFO - iter:1180/2465, clip_acc1=82.7966079711914, tta_acc1=95.25423431396484
2025-06-09 18:23:02,054 - log - INFO - iter:1180/2465, Original Acc@1: 82.80, Acc@5: 94.58, TTA Acc@1: 95.25, Acc@5: 99.58
2025-06-09 18:23:59,046 - log - INFO - iter:1200/2465, clip_acc1=83.08333587646484, tta_acc1=95.33333587646484
2025-06-09 18:23:59,046 - log - INFO - iter:1200/2465, Original Acc@1: 83.08, Acc@5: 94.67, TTA Acc@1: 95.33, Acc@5: 99.58
2025-06-09 18:24:56,204 - log - INFO - iter:1220/2465, clip_acc1=83.2786865234375, tta_acc1=95.40983581542969
2025-06-09 18:24:56,204 - log - INFO - iter:1220/2465, Original Acc@1: 83.28, Acc@5: 94.75, TTA Acc@1: 95.41, Acc@5: 99.59
2025-06-09 18:25:53,559 - log - INFO - iter:1240/2465, clip_acc1=83.2258071899414, tta_acc1=95.4032211303711
2025-06-09 18:25:53,559 - log - INFO - iter:1240/2465, Original Acc@1: 83.23, Acc@5: 94.68, TTA Acc@1: 95.40, Acc@5: 99.60
2025-06-09 18:26:50,710 - log - INFO - iter:1260/2465, clip_acc1=82.85714721679688, tta_acc1=95.31745910644531
2025-06-09 18:26:50,710 - log - INFO - iter:1260/2465, Original Acc@1: 82.86, Acc@5: 94.68, TTA Acc@1: 95.32, Acc@5: 99.60
2025-06-09 18:27:47,930 - log - INFO - iter:1280/2465, clip_acc1=83.125, tta_acc1=95.390625
2025-06-09 18:27:47,931 - log - INFO - iter:1280/2465, Original Acc@1: 83.12, Acc@5: 94.77, TTA Acc@1: 95.39, Acc@5: 99.61
2025-06-09 18:28:45,313 - log - INFO - iter:1300/2465, clip_acc1=83.30769348144531, tta_acc1=95.46154022216797
2025-06-09 18:28:45,313 - log - INFO - iter:1300/2465, Original Acc@1: 83.31, Acc@5: 94.85, TTA Acc@1: 95.46, Acc@5: 99.62
2025-06-09 18:29:42,532 - log - INFO - iter:1320/2465, clip_acc1=83.33332824707031, tta_acc1=95.45454406738281
2025-06-09 18:29:42,532 - log - INFO - iter:1320/2465, Original Acc@1: 83.33, Acc@5: 94.77, TTA Acc@1: 95.45, Acc@5: 99.62
2025-06-09 18:30:39,781 - log - INFO - iter:1340/2465, clip_acc1=83.4328384399414, tta_acc1=95.52239227294922
2025-06-09 18:30:39,782 - log - INFO - iter:1340/2465, Original Acc@1: 83.43, Acc@5: 94.85, TTA Acc@1: 95.52, Acc@5: 99.63
2025-06-09 18:31:37,073 - log - INFO - iter:1360/2465, clip_acc1=83.30882263183594, tta_acc1=95.44117736816406
2025-06-09 18:31:37,073 - log - INFO - iter:1360/2465, Original Acc@1: 83.31, Acc@5: 94.85, TTA Acc@1: 95.44, Acc@5: 99.56
2025-06-09 18:32:34,563 - log - INFO - iter:1380/2465, clip_acc1=83.47826385498047, tta_acc1=95.43478393554688
2025-06-09 18:32:34,563 - log - INFO - iter:1380/2465, Original Acc@1: 83.48, Acc@5: 94.93, TTA Acc@1: 95.43, Acc@5: 99.57
2025-06-09 18:33:31,836 - log - INFO - iter:1400/2465, clip_acc1=82.78571319580078, tta_acc1=95.28571319580078
2025-06-09 18:33:31,836 - log - INFO - iter:1400/2465, Original Acc@1: 82.79, Acc@5: 94.93, TTA Acc@1: 95.29, Acc@5: 99.57
2025-06-09 18:34:33,608 - log - INFO - iter:1420/2465, clip_acc1=82.81690216064453, tta_acc1=95.21126556396484
2025-06-09 18:34:33,609 - log - INFO - iter:1420/2465, Original Acc@1: 82.82, Acc@5: 94.86, TTA Acc@1: 95.21, Acc@5: 99.51
2025-06-09 18:35:30,887 - log - INFO - iter:1440/2465, clip_acc1=82.98611450195312, tta_acc1=95.27777862548828
2025-06-09 18:35:30,887 - log - INFO - iter:1440/2465, Original Acc@1: 82.99, Acc@5: 94.93, TTA Acc@1: 95.28, Acc@5: 99.51
2025-06-09 18:36:28,009 - log - INFO - iter:1460/2465, clip_acc1=83.21917724609375, tta_acc1=95.34246826171875
2025-06-09 18:36:28,009 - log - INFO - iter:1460/2465, Original Acc@1: 83.22, Acc@5: 95.00, TTA Acc@1: 95.34, Acc@5: 99.52
2025-06-09 18:37:25,044 - log - INFO - iter:1480/2465, clip_acc1=83.17567443847656, tta_acc1=95.27027130126953
2025-06-09 18:37:25,044 - log - INFO - iter:1480/2465, Original Acc@1: 83.18, Acc@5: 94.86, TTA Acc@1: 95.27, Acc@5: 99.46
2025-06-09 18:38:22,431 - log - INFO - iter:1500/2465, clip_acc1=83.19999694824219, tta_acc1=95.26666259765625
2025-06-09 18:38:22,431 - log - INFO - iter:1500/2465, Original Acc@1: 83.20, Acc@5: 94.80, TTA Acc@1: 95.27, Acc@5: 99.40
2025-06-09 18:39:19,879 - log - INFO - iter:1520/2465, clip_acc1=83.42105865478516, tta_acc1=95.32894897460938
2025-06-09 18:39:19,879 - log - INFO - iter:1520/2465, Original Acc@1: 83.42, Acc@5: 94.87, TTA Acc@1: 95.33, Acc@5: 99.41
2025-06-09 18:40:17,232 - log - INFO - iter:1540/2465, clip_acc1=83.57142639160156, tta_acc1=95.32467651367188
2025-06-09 18:40:17,232 - log - INFO - iter:1540/2465, Original Acc@1: 83.57, Acc@5: 94.87, TTA Acc@1: 95.32, Acc@5: 99.42
2025-06-09 18:41:14,442 - log - INFO - iter:1560/2465, clip_acc1=83.65384674072266, tta_acc1=95.32051849365234
2025-06-09 18:41:14,442 - log - INFO - iter:1560/2465, Original Acc@1: 83.65, Acc@5: 94.94, TTA Acc@1: 95.32, Acc@5: 99.42
2025-06-09 18:42:12,210 - log - INFO - iter:1580/2465, clip_acc1=83.67088317871094, tta_acc1=95.37974548339844
2025-06-09 18:42:12,211 - log - INFO - iter:1580/2465, Original Acc@1: 83.67, Acc@5: 95.00, TTA Acc@1: 95.38, Acc@5: 99.43
2025-06-09 18:43:09,656 - log - INFO - iter:1600/2465, clip_acc1=83.8125, tta_acc1=95.4375
2025-06-09 18:43:09,656 - log - INFO - iter:1600/2465, Original Acc@1: 83.81, Acc@5: 95.06, TTA Acc@1: 95.44, Acc@5: 99.44
2025-06-09 18:44:07,198 - log - INFO - iter:1620/2465, clip_acc1=83.8888931274414, tta_acc1=95.49382781982422
2025-06-09 18:44:07,199 - log - INFO - iter:1620/2465, Original Acc@1: 83.89, Acc@5: 95.06, TTA Acc@1: 95.49, Acc@5: 99.44
2025-06-09 18:45:04,588 - log - INFO - iter:1640/2465, clip_acc1=83.84146118164062, tta_acc1=95.06097412109375
2025-06-09 18:45:04,589 - log - INFO - iter:1640/2465, Original Acc@1: 83.84, Acc@5: 95.12, TTA Acc@1: 95.06, Acc@5: 99.45
2025-06-09 18:46:01,907 - log - INFO - iter:1660/2465, clip_acc1=83.3132553100586, tta_acc1=94.33734893798828
2025-06-09 18:46:01,907 - log - INFO - iter:1660/2465, Original Acc@1: 83.31, Acc@5: 95.18, TTA Acc@1: 94.34, Acc@5: 99.46
2025-06-09 18:46:59,254 - log - INFO - iter:1680/2465, clip_acc1=83.39286041259766, tta_acc1=94.2261962890625
2025-06-09 18:46:59,254 - log - INFO - iter:1680/2465, Original Acc@1: 83.39, Acc@5: 95.18, TTA Acc@1: 94.23, Acc@5: 99.40
2025-06-09 18:47:56,771 - log - INFO - iter:1700/2465, clip_acc1=83.5882339477539, tta_acc1=94.29411315917969
2025-06-09 18:47:56,771 - log - INFO - iter:1700/2465, Original Acc@1: 83.59, Acc@5: 95.24, TTA Acc@1: 94.29, Acc@5: 99.41
2025-06-09 18:48:54,067 - log - INFO - iter:1720/2465, clip_acc1=83.43022918701172, tta_acc1=94.30232238769531
2025-06-09 18:48:54,068 - log - INFO - iter:1720/2465, Original Acc@1: 83.43, Acc@5: 95.12, TTA Acc@1: 94.30, Acc@5: 99.36
2025-06-09 18:49:51,451 - log - INFO - iter:1740/2465, clip_acc1=83.33333587646484, tta_acc1=94.02298736572266
2025-06-09 18:49:51,451 - log - INFO - iter:1740/2465, Original Acc@1: 83.33, Acc@5: 95.00, TTA Acc@1: 94.02, Acc@5: 99.37
2025-06-09 18:50:48,583 - log - INFO - iter:1760/2465, clip_acc1=83.18181610107422, tta_acc1=93.80681610107422
2025-06-09 18:50:48,583 - log - INFO - iter:1760/2465, Original Acc@1: 83.18, Acc@5: 95.06, TTA Acc@1: 93.81, Acc@5: 99.38
2025-06-09 18:51:45,672 - log - INFO - iter:1780/2465, clip_acc1=82.92134857177734, tta_acc1=93.82022857666016
2025-06-09 18:51:45,672 - log - INFO - iter:1780/2465, Original Acc@1: 82.92, Acc@5: 94.83, TTA Acc@1: 93.82, Acc@5: 99.38
2025-06-09 18:52:42,899 - log - INFO - iter:1800/2465, clip_acc1=83.0, tta_acc1=93.8888931274414
2025-06-09 18:52:42,899 - log - INFO - iter:1800/2465, Original Acc@1: 83.00, Acc@5: 94.89, TTA Acc@1: 93.89, Acc@5: 99.39
2025-06-09 18:53:40,214 - log - INFO - iter:1820/2465, clip_acc1=82.96703338623047, tta_acc1=93.95604705810547
2025-06-09 18:53:40,214 - log - INFO - iter:1820/2465, Original Acc@1: 82.97, Acc@5: 94.84, TTA Acc@1: 93.96, Acc@5: 99.40
2025-06-09 18:54:37,297 - log - INFO - iter:1840/2465, clip_acc1=82.98912811279297, tta_acc1=93.9673843383789
2025-06-09 18:54:37,298 - log - INFO - iter:1840/2465, Original Acc@1: 82.99, Acc@5: 94.78, TTA Acc@1: 93.97, Acc@5: 99.40
2025-06-09 18:55:34,593 - log - INFO - iter:1860/2465, clip_acc1=83.01075744628906, tta_acc1=94.03225708007812
2025-06-09 18:55:34,593 - log - INFO - iter:1860/2465, Original Acc@1: 83.01, Acc@5: 94.78, TTA Acc@1: 94.03, Acc@5: 99.41
2025-06-09 18:56:31,840 - log - INFO - iter:1880/2465, clip_acc1=83.19149017333984, tta_acc1=94.09574127197266
2025-06-09 18:56:31,840 - log - INFO - iter:1880/2465, Original Acc@1: 83.19, Acc@5: 94.84, TTA Acc@1: 94.10, Acc@5: 99.41
2025-06-09 18:57:29,044 - log - INFO - iter:1900/2465, clip_acc1=83.36841583251953, tta_acc1=94.15789031982422
2025-06-09 18:57:29,044 - log - INFO - iter:1900/2465, Original Acc@1: 83.37, Acc@5: 94.89, TTA Acc@1: 94.16, Acc@5: 99.42
2025-06-09 18:58:26,494 - log - INFO - iter:1920/2465, clip_acc1=83.54167175292969, tta_acc1=94.21875762939453
2025-06-09 18:58:26,495 - log - INFO - iter:1920/2465, Original Acc@1: 83.54, Acc@5: 94.95, TTA Acc@1: 94.22, Acc@5: 99.43
2025-06-09 18:59:23,963 - log - INFO - iter:1940/2465, clip_acc1=83.50515747070312, tta_acc1=94.27835083007812
2025-06-09 18:59:23,964 - log - INFO - iter:1940/2465, Original Acc@1: 83.51, Acc@5: 94.90, TTA Acc@1: 94.28, Acc@5: 99.43
2025-06-09 19:00:21,354 - log - INFO - iter:1960/2465, clip_acc1=83.57142639160156, tta_acc1=94.33673095703125
2025-06-09 19:00:21,354 - log - INFO - iter:1960/2465, Original Acc@1: 83.57, Acc@5: 94.90, TTA Acc@1: 94.34, Acc@5: 99.44
2025-06-09 19:01:18,469 - log - INFO - iter:1980/2465, clip_acc1=83.68687438964844, tta_acc1=94.3939437866211
2025-06-09 19:01:18,469 - log - INFO - iter:1980/2465, Original Acc@1: 83.69, Acc@5: 94.90, TTA Acc@1: 94.39, Acc@5: 99.44
2025-06-09 19:02:15,847 - log - INFO - iter:2000/2465, clip_acc1=83.80000305175781, tta_acc1=94.45000457763672
2025-06-09 19:02:15,847 - log - INFO - iter:2000/2465, Original Acc@1: 83.80, Acc@5: 94.95, TTA Acc@1: 94.45, Acc@5: 99.45
2025-06-09 19:03:18,104 - log - INFO - iter:2020/2465, clip_acc1=83.91089630126953, tta_acc1=94.50495147705078
2025-06-09 19:03:18,104 - log - INFO - iter:2020/2465, Original Acc@1: 83.91, Acc@5: 95.00, TTA Acc@1: 94.50, Acc@5: 99.46
2025-06-09 19:04:15,409 - log - INFO - iter:2040/2465, clip_acc1=83.97059631347656, tta_acc1=94.55883026123047
2025-06-09 19:04:15,409 - log - INFO - iter:2040/2465, Original Acc@1: 83.97, Acc@5: 95.05, TTA Acc@1: 94.56, Acc@5: 99.46
2025-06-09 19:05:12,595 - log - INFO - iter:2060/2465, clip_acc1=84.07767486572266, tta_acc1=94.5631103515625
2025-06-09 19:05:12,595 - log - INFO - iter:2060/2465, Original Acc@1: 84.08, Acc@5: 95.10, TTA Acc@1: 94.56, Acc@5: 99.47
2025-06-09 19:06:09,892 - log - INFO - iter:2080/2465, clip_acc1=83.94230651855469, tta_acc1=94.47115325927734
2025-06-09 19:06:09,893 - log - INFO - iter:2080/2465, Original Acc@1: 83.94, Acc@5: 95.10, TTA Acc@1: 94.47, Acc@5: 99.47
2025-06-09 19:07:07,115 - log - INFO - iter:2100/2465, clip_acc1=83.9047622680664, tta_acc1=94.52381134033203
2025-06-09 19:07:07,115 - log - INFO - iter:2100/2465, Original Acc@1: 83.90, Acc@5: 95.05, TTA Acc@1: 94.52, Acc@5: 99.48
2025-06-09 19:08:04,262 - log - INFO - iter:2120/2465, clip_acc1=83.96226501464844, tta_acc1=94.57546997070312
2025-06-09 19:08:04,263 - log - INFO - iter:2120/2465, Original Acc@1: 83.96, Acc@5: 95.00, TTA Acc@1: 94.58, Acc@5: 99.48
2025-06-09 19:09:01,622 - log - INFO - iter:2140/2465, clip_acc1=84.06542205810547, tta_acc1=94.5794448852539
2025-06-09 19:09:01,622 - log - INFO - iter:2140/2465, Original Acc@1: 84.07, Acc@5: 95.00, TTA Acc@1: 94.58, Acc@5: 99.49
2025-06-09 19:09:59,074 - log - INFO - iter:2160/2465, clip_acc1=84.0740737915039, tta_acc1=94.62963104248047
2025-06-09 19:09:59,074 - log - INFO - iter:2160/2465, Original Acc@1: 84.07, Acc@5: 95.00, TTA Acc@1: 94.63, Acc@5: 99.49
2025-06-09 19:10:56,518 - log - INFO - iter:2180/2465, clip_acc1=84.1284408569336, tta_acc1=94.67890167236328
2025-06-09 19:10:56,519 - log - INFO - iter:2180/2465, Original Acc@1: 84.13, Acc@5: 94.95, TTA Acc@1: 94.68, Acc@5: 99.50
2025-06-09 19:11:53,907 - log - INFO - iter:2200/2465, clip_acc1=84.2272720336914, tta_acc1=94.7272720336914
2025-06-09 19:11:53,908 - log - INFO - iter:2200/2465, Original Acc@1: 84.23, Acc@5: 95.00, TTA Acc@1: 94.73, Acc@5: 99.50
2025-06-09 19:12:51,172 - log - INFO - iter:2220/2465, clip_acc1=84.32432556152344, tta_acc1=94.7747802734375
2025-06-09 19:12:51,172 - log - INFO - iter:2220/2465, Original Acc@1: 84.32, Acc@5: 95.05, TTA Acc@1: 94.77, Acc@5: 99.50
2025-06-09 19:13:48,425 - log - INFO - iter:2240/2465, clip_acc1=84.46428680419922, tta_acc1=94.82142639160156
2025-06-09 19:13:48,425 - log - INFO - iter:2240/2465, Original Acc@1: 84.46, Acc@5: 95.09, TTA Acc@1: 94.82, Acc@5: 99.51
2025-06-09 19:14:45,885 - log - INFO - iter:2260/2465, clip_acc1=84.60176849365234, tta_acc1=94.86725616455078
2025-06-09 19:14:45,885 - log - INFO - iter:2260/2465, Original Acc@1: 84.60, Acc@5: 95.13, TTA Acc@1: 94.87, Acc@5: 99.51
2025-06-09 19:15:43,240 - log - INFO - iter:2280/2465, clip_acc1=84.47368621826172, tta_acc1=94.91228485107422
2025-06-09 19:15:43,241 - log - INFO - iter:2280/2465, Original Acc@1: 84.47, Acc@5: 95.00, TTA Acc@1: 94.91, Acc@5: 99.52
2025-06-09 19:16:40,539 - log - INFO - iter:2300/2465, clip_acc1=84.47826385498047, tta_acc1=94.9565200805664
2025-06-09 19:16:40,539 - log - INFO - iter:2300/2465, Original Acc@1: 84.48, Acc@5: 94.96, TTA Acc@1: 94.96, Acc@5: 99.52
2025-06-09 19:17:37,643 - log - INFO - iter:2320/2465, clip_acc1=84.52586364746094, tta_acc1=94.95689392089844
2025-06-09 19:17:37,644 - log - INFO - iter:2320/2465, Original Acc@1: 84.53, Acc@5: 95.00, TTA Acc@1: 94.96, Acc@5: 99.53
2025-06-09 19:18:34,790 - log - INFO - iter:2340/2465, clip_acc1=84.65811920166016, tta_acc1=95.0
2025-06-09 19:18:34,791 - log - INFO - iter:2340/2465, Original Acc@1: 84.66, Acc@5: 95.04, TTA Acc@1: 95.00, Acc@5: 99.53
2025-06-09 19:19:32,039 - log - INFO - iter:2360/2465, clip_acc1=84.78813171386719, tta_acc1=95.04237365722656
2025-06-09 19:19:32,040 - log - INFO - iter:2360/2465, Original Acc@1: 84.79, Acc@5: 95.08, TTA Acc@1: 95.04, Acc@5: 99.53
2025-06-09 19:20:29,393 - log - INFO - iter:2380/2465, clip_acc1=84.91596984863281, tta_acc1=95.08403778076172
2025-06-09 19:20:29,394 - log - INFO - iter:2380/2465, Original Acc@1: 84.92, Acc@5: 95.13, TTA Acc@1: 95.08, Acc@5: 99.54
2025-06-09 19:21:26,679 - log - INFO - iter:2400/2465, clip_acc1=84.625, tta_acc1=94.83333587646484
2025-06-09 19:21:26,679 - log - INFO - iter:2400/2465, Original Acc@1: 84.62, Acc@5: 95.17, TTA Acc@1: 94.83, Acc@5: 99.54
2025-06-09 19:22:23,953 - log - INFO - iter:2420/2465, clip_acc1=84.50413513183594, tta_acc1=94.54545593261719
2025-06-09 19:22:23,953 - log - INFO - iter:2420/2465, Original Acc@1: 84.50, Acc@5: 95.17, TTA Acc@1: 94.55, Acc@5: 99.50
2025-06-09 19:23:21,157 - log - INFO - iter:2440/2465, clip_acc1=84.50819396972656, tta_acc1=94.46721649169922
2025-06-09 19:23:21,157 - log - INFO - iter:2440/2465, Original Acc@1: 84.51, Acc@5: 95.20, TTA Acc@1: 94.47, Acc@5: 99.51
2025-06-09 19:24:17,582 - log - INFO - iter:2460/2465, clip_acc1=84.63414764404297, tta_acc1=94.51219177246094
2025-06-09 19:24:17,582 - log - INFO - iter:2460/2465, Original Acc@1: 84.63, Acc@5: 95.24, TTA Acc@1: 94.51, Acc@5: 99.51
2025-06-09 19:24:30,454 - log - INFO - iter:2465/2465, clip_acc1=84.66531372070312, tta_acc1=94.52333068847656
2025-06-09 19:24:30,454 - log - INFO - iter:2465/2465, Original Acc@1: 84.67, Acc@5: 95.25, TTA Acc@1: 94.52, Acc@5: 99.51
2025-06-09 19:24:30,600 - log - INFO - Final results - Original Acc@1: 84.67, Acc@5: 95.25, TTA Acc@1: 94.52, Acc@5: 99.51
2025-06-09 19:24:30,600 - log - INFO - Improvement from TTA in Acc@1 9.86, and Acc@5 4.26
2025-06-09 19:24:30,601 - log - INFO - Number of selected samples with index 0: 538
2025-06-09 19:24:30,601 - log - INFO - Number of samples in the dataset: 2465
2025-06-09 19:24:30,630 - log - INFO - Selected IDs saved to /leonardo_work/EUHPC_R04_192/fmohamma/Adversarial_Robust_Clip/ATPT/Final_Results/ViT-L/14/Caltech101/Clean/Counter_Attack/Eps_2_0_Steps_2_Alpha_1_0/tau_0_2_beta_2_0_weighted_pertrubation_True/TPT/Optimization_Loss_rtpt_LR_0_005_Optimization_Steps_1_View_Selection_Fraction_0_1/Inference_Ensemble_weighted_rtpt_topk_20_softmaxtemp_0_01/selected_topk.json
2025-06-09 19:24:30,789 - log - INFO - Batch entropies saved to /leonardo_work/EUHPC_R04_192/fmohamma/Adversarial_Robust_Clip/ATPT/Final_Results/ViT-L/14/Caltech101/Clean/Counter_Attack/Eps_2_0_Steps_2_Alpha_1_0/tau_0_2_beta_2_0_weighted_pertrubation_True/TPT/Optimization_Loss_rtpt_LR_0_005_Optimization_Steps_1_View_Selection_Fraction_0_1/Inference_Ensemble_weighted_rtpt_topk_20_softmaxtemp_0_01/entropies.json
2025-06-09 19:24:30,955 - log - INFO - Weighted scores saved to /leonardo_work/EUHPC_R04_192/fmohamma/Adversarial_Robust_Clip/ATPT/Final_Results/ViT-L/14/Caltech101/Clean/Counter_Attack/Eps_2_0_Steps_2_Alpha_1_0/tau_0_2_beta_2_0_weighted_pertrubation_True/TPT/Optimization_Loss_rtpt_LR_0_005_Optimization_Steps_1_View_Selection_Fraction_0_1/Inference_Ensemble_weighted_rtpt_topk_20_softmaxtemp_0_01/weighted_scores.json
2025-06-09 19:24:30,955 - log - INFO - Creating plot of average weights for each view
2025-06-09 19:24:31,883 - log - INFO - Average weights plot saved to /leonardo_work/EUHPC_R04_192/fmohamma/Adversarial_Robust_Clip/ATPT/Final_Results/ViT-L/14/Caltech101/Clean/Counter_Attack/Eps_2_0_Steps_2_Alpha_1_0/tau_0_2_beta_2_0_weighted_pertrubation_True/TPT/Optimization_Loss_rtpt_LR_0_005_Optimization_Steps_1_View_Selection_Fraction_0_1/Inference_Ensemble_weighted_rtpt_topk_20_softmaxtemp_0_01/weighted_scores_plot.png
2025-06-09 19:24:31,889 - log - INFO - => Acc. on testset [Caltech101]: Clean Acc @1 84.66531372070312/ TTA Clean Acc @1 94.52333068847656, Clean Acc @5 95.25354766845703/ TTA Clean Acc @5 99.51318359375
2025-06-09 19:24:31,889 - log - INFO - Total script execution time: 7128.29 seconds (118.80 minutes)
