2025-06-02 09:43:28,712 - log - INFO - ==========================================
data:/leonardo_work/EUHPC_R04_192/fmohamma/Adversarial_Robust_Clip/atpt_data/downstream_datasets
test_sets:Caltech101
dataset_mode:test
arch:ViT-L/14
resolution:224
workers:4
no_pin_memory:False
batch_size:64
print_freq:20
gpu:0
no_cudnn_benchmark:False
n_ctx:4
ctx_init:a_photo_of_a
tpt_loss:rtpt
seed:0
output_dir:/leonardo_work/EUHPC_R04_192/fmohamma/Adversarial_Robust_Clip/atpt_data/ViT-L/14/Caltech101
log_output_dir:/leonardo_work/EUHPC_R04_192/fmohamma/Adversarial_Robust_Clip/ATPT/Final_Results/ViT-L/14/Caltech101
eps:0.0
alpha:0.0
alpha_eps_ratio:4.0
steps:0
lr:0.005
selection_p:0.1
tta_steps:1
ensemble_type:vanilla
top_k:20
softmax_temp:0.01
counter_attack:True
counter_attack_type:pgd
counter_attack_steps:0
counter_attack_eps:4.0
counter_attack_alpha:1.0
counter_attack_tau_thres:0.2
counter_attack_beta:2.0
counter_attack_weighted_perturbations:True
pgd_clip_pure_i_text_embeddings:null
pgd_counter_and_clipure_i_lamda:1.0
selected_id_name:selected_topk.json
weighted_score_name:weighted_scores.json
batch_entropy_name:entropies.json
log_dir:/leonardo_work/EUHPC_R04_192/fmohamma/Adversarial_Robust_Clip/ATPT/Final_Results/ViT-L/14/Caltech101/Clean/Counter_Attack/Eps_4_0_Steps_0_Alpha_1_0/tau_0_2_beta_2_0_weighted_pertrubation_True/TPT/Optimization_Loss_rtpt_LR_0_005_Optimization_Steps_1_View_Selection_Fraction_0_1/Inference_Ensemble_vanilla

2025-06-02 09:43:28,713 - log - INFO - Use GPU: 0 for training
2025-06-02 09:44:23,593 - log - INFO - Freezing all parameters except prompt learner
2025-06-02 09:44:23,594 - log - INFO - => Model created: visual backbone ViT-L/14
2025-06-02 09:44:23,613 - log - INFO - Number of test samples: 2465
2025-06-02 09:44:23,614 - log - INFO - Evaluating dataset: Caltech101
2025-06-02 09:44:23,614 - log - INFO - Starting evaluation with batch size: 64, selection percentage: 0.1
2025-06-02 09:44:23,615 - log - INFO - Test-time adaptation steps: 1, learning rate: 0.005
2025-06-02 09:44:23,615 - log - INFO - Using counter-attack with epsilon: 4.000000, alpha: 0.000000, steps: 0, tau_thres: 0.2, beta: 2.0, weighted perturbation: True
2025-06-02 09:45:29,615 - log - INFO - iter:20/2465, clip_acc1=70.0, tta_acc1=90.0
2025-06-02 09:45:29,615 - log - INFO - iter:20/2465, Original Acc@1: 70.00, Acc@5: 100.00, TTA Acc@1: 90.00, Acc@5: 100.00
2025-06-02 09:46:26,530 - log - INFO - iter:40/2465, clip_acc1=77.5, tta_acc1=90.0
2025-06-02 09:46:26,530 - log - INFO - iter:40/2465, Original Acc@1: 77.50, Acc@5: 100.00, TTA Acc@1: 90.00, Acc@5: 100.00
2025-06-02 09:47:23,394 - log - INFO - iter:60/2465, clip_acc1=76.66667175292969, tta_acc1=91.66667175292969
2025-06-02 09:47:23,394 - log - INFO - iter:60/2465, Original Acc@1: 76.67, Acc@5: 100.00, TTA Acc@1: 91.67, Acc@5: 100.00
2025-06-02 09:48:20,283 - log - INFO - iter:80/2465, clip_acc1=73.75, tta_acc1=86.25
2025-06-02 09:48:20,284 - log - INFO - iter:80/2465, Original Acc@1: 73.75, Acc@5: 100.00, TTA Acc@1: 86.25, Acc@5: 100.00
2025-06-02 09:49:17,383 - log - INFO - iter:100/2465, clip_acc1=75.0, tta_acc1=87.0
2025-06-02 09:49:17,383 - log - INFO - iter:100/2465, Original Acc@1: 75.00, Acc@5: 100.00, TTA Acc@1: 87.00, Acc@5: 100.00
2025-06-02 09:50:14,598 - log - INFO - iter:120/2465, clip_acc1=74.16667175292969, tta_acc1=86.66667175292969
2025-06-02 09:50:14,598 - log - INFO - iter:120/2465, Original Acc@1: 74.17, Acc@5: 99.17, TTA Acc@1: 86.67, Acc@5: 100.00
2025-06-02 09:51:11,279 - log - INFO - iter:140/2465, clip_acc1=76.42857360839844, tta_acc1=87.85713958740234
2025-06-02 09:51:11,279 - log - INFO - iter:140/2465, Original Acc@1: 76.43, Acc@5: 99.29, TTA Acc@1: 87.86, Acc@5: 100.00
2025-06-02 09:52:07,991 - log - INFO - iter:160/2465, clip_acc1=79.375, tta_acc1=89.375
2025-06-02 09:52:07,991 - log - INFO - iter:160/2465, Original Acc@1: 79.38, Acc@5: 99.38, TTA Acc@1: 89.38, Acc@5: 100.00
2025-06-02 09:53:04,615 - log - INFO - iter:180/2465, clip_acc1=79.44444274902344, tta_acc1=90.55555725097656
2025-06-02 09:53:04,615 - log - INFO - iter:180/2465, Original Acc@1: 79.44, Acc@5: 99.44, TTA Acc@1: 90.56, Acc@5: 100.00
2025-06-02 09:54:01,309 - log - INFO - iter:200/2465, clip_acc1=81.0, tta_acc1=91.5
2025-06-02 09:54:01,309 - log - INFO - iter:200/2465, Original Acc@1: 81.00, Acc@5: 99.50, TTA Acc@1: 91.50, Acc@5: 100.00
2025-06-02 09:54:58,046 - log - INFO - iter:220/2465, clip_acc1=82.7272720336914, tta_acc1=92.2727279663086
2025-06-02 09:54:58,046 - log - INFO - iter:220/2465, Original Acc@1: 82.73, Acc@5: 99.55, TTA Acc@1: 92.27, Acc@5: 100.00
2025-06-02 09:55:54,630 - log - INFO - iter:240/2465, clip_acc1=84.16667175292969, tta_acc1=92.91667175292969
2025-06-02 09:55:54,631 - log - INFO - iter:240/2465, Original Acc@1: 84.17, Acc@5: 99.58, TTA Acc@1: 92.92, Acc@5: 100.00
2025-06-02 09:56:51,178 - log - INFO - iter:260/2465, clip_acc1=85.38461303710938, tta_acc1=93.46154022216797
2025-06-02 09:56:51,178 - log - INFO - iter:260/2465, Original Acc@1: 85.38, Acc@5: 99.62, TTA Acc@1: 93.46, Acc@5: 100.00
2025-06-02 09:57:47,890 - log - INFO - iter:280/2465, clip_acc1=86.42857360839844, tta_acc1=93.92857360839844
2025-06-02 09:57:47,890 - log - INFO - iter:280/2465, Original Acc@1: 86.43, Acc@5: 99.64, TTA Acc@1: 93.93, Acc@5: 100.00
2025-06-02 09:58:44,423 - log - INFO - iter:300/2465, clip_acc1=87.33333587646484, tta_acc1=94.33333587646484
2025-06-02 09:58:44,423 - log - INFO - iter:300/2465, Original Acc@1: 87.33, Acc@5: 99.67, TTA Acc@1: 94.33, Acc@5: 100.00
2025-06-02 09:59:41,121 - log - INFO - iter:320/2465, clip_acc1=88.125, tta_acc1=94.6875
2025-06-02 09:59:41,121 - log - INFO - iter:320/2465, Original Acc@1: 88.12, Acc@5: 99.69, TTA Acc@1: 94.69, Acc@5: 100.00
2025-06-02 10:00:37,925 - log - INFO - iter:340/2465, clip_acc1=88.82353210449219, tta_acc1=95.0
2025-06-02 10:00:37,926 - log - INFO - iter:340/2465, Original Acc@1: 88.82, Acc@5: 99.71, TTA Acc@1: 95.00, Acc@5: 100.00
2025-06-02 10:01:34,639 - log - INFO - iter:360/2465, clip_acc1=89.44445037841797, tta_acc1=95.27777862548828
2025-06-02 10:01:34,639 - log - INFO - iter:360/2465, Original Acc@1: 89.44, Acc@5: 99.72, TTA Acc@1: 95.28, Acc@5: 100.00
2025-06-02 10:02:31,333 - log - INFO - iter:380/2465, clip_acc1=90.00000762939453, tta_acc1=95.52632141113281
2025-06-02 10:02:31,333 - log - INFO - iter:380/2465, Original Acc@1: 90.00, Acc@5: 99.74, TTA Acc@1: 95.53, Acc@5: 100.00
2025-06-02 10:03:28,017 - log - INFO - iter:400/2465, clip_acc1=90.5, tta_acc1=95.75
2025-06-02 10:03:28,017 - log - INFO - iter:400/2465, Original Acc@1: 90.50, Acc@5: 99.75, TTA Acc@1: 95.75, Acc@5: 100.00
2025-06-02 10:04:24,762 - log - INFO - iter:420/2465, clip_acc1=90.71428680419922, tta_acc1=95.95238494873047
2025-06-02 10:04:24,762 - log - INFO - iter:420/2465, Original Acc@1: 90.71, Acc@5: 99.76, TTA Acc@1: 95.95, Acc@5: 100.00
2025-06-02 10:05:21,680 - log - INFO - iter:440/2465, clip_acc1=91.13636016845703, tta_acc1=96.13636016845703
2025-06-02 10:05:21,680 - log - INFO - iter:440/2465, Original Acc@1: 91.14, Acc@5: 99.77, TTA Acc@1: 96.14, Acc@5: 100.00
2025-06-02 10:06:18,377 - log - INFO - iter:460/2465, clip_acc1=91.52173614501953, tta_acc1=96.3043441772461
2025-06-02 10:06:18,377 - log - INFO - iter:460/2465, Original Acc@1: 91.52, Acc@5: 99.78, TTA Acc@1: 96.30, Acc@5: 100.00
2025-06-02 10:07:15,055 - log - INFO - iter:480/2465, clip_acc1=91.87500762939453, tta_acc1=96.45833587646484
2025-06-02 10:07:15,055 - log - INFO - iter:480/2465, Original Acc@1: 91.88, Acc@5: 99.79, TTA Acc@1: 96.46, Acc@5: 100.00
2025-06-02 10:08:12,360 - log - INFO - iter:500/2465, clip_acc1=92.20000457763672, tta_acc1=96.60000610351562
2025-06-02 10:08:12,360 - log - INFO - iter:500/2465, Original Acc@1: 92.20, Acc@5: 99.80, TTA Acc@1: 96.60, Acc@5: 100.00
2025-06-02 10:09:09,382 - log - INFO - iter:520/2465, clip_acc1=92.5, tta_acc1=96.73076629638672
2025-06-02 10:09:09,383 - log - INFO - iter:520/2465, Original Acc@1: 92.50, Acc@5: 99.81, TTA Acc@1: 96.73, Acc@5: 100.00
2025-06-02 10:10:05,964 - log - INFO - iter:540/2465, clip_acc1=92.77777862548828, tta_acc1=96.85185241699219
2025-06-02 10:10:05,965 - log - INFO - iter:540/2465, Original Acc@1: 92.78, Acc@5: 99.81, TTA Acc@1: 96.85, Acc@5: 100.00
2025-06-02 10:11:02,347 - log - INFO - iter:560/2465, clip_acc1=93.03571319580078, tta_acc1=96.96428680419922
2025-06-02 10:11:02,347 - log - INFO - iter:560/2465, Original Acc@1: 93.04, Acc@5: 99.82, TTA Acc@1: 96.96, Acc@5: 100.00
2025-06-02 10:11:59,094 - log - INFO - iter:580/2465, clip_acc1=93.27586364746094, tta_acc1=97.06896209716797
2025-06-02 10:11:59,094 - log - INFO - iter:580/2465, Original Acc@1: 93.28, Acc@5: 99.83, TTA Acc@1: 97.07, Acc@5: 100.00
2025-06-02 10:12:55,803 - log - INFO - iter:600/2465, clip_acc1=93.5, tta_acc1=97.16667175292969
2025-06-02 10:12:55,803 - log - INFO - iter:600/2465, Original Acc@1: 93.50, Acc@5: 99.83, TTA Acc@1: 97.17, Acc@5: 100.00
2025-06-02 10:13:52,552 - log - INFO - iter:620/2465, clip_acc1=93.70967864990234, tta_acc1=97.09677124023438
2025-06-02 10:13:52,552 - log - INFO - iter:620/2465, Original Acc@1: 93.71, Acc@5: 99.84, TTA Acc@1: 97.10, Acc@5: 100.00
2025-06-02 10:14:49,389 - log - INFO - iter:640/2465, clip_acc1=93.75, tta_acc1=97.1875
2025-06-02 10:14:49,390 - log - INFO - iter:640/2465, Original Acc@1: 93.75, Acc@5: 99.84, TTA Acc@1: 97.19, Acc@5: 100.00
2025-06-02 10:15:46,238 - log - INFO - iter:660/2465, clip_acc1=93.78787231445312, tta_acc1=97.2727279663086
2025-06-02 10:15:46,238 - log - INFO - iter:660/2465, Original Acc@1: 93.79, Acc@5: 99.85, TTA Acc@1: 97.27, Acc@5: 100.00
2025-06-02 10:16:42,946 - log - INFO - iter:680/2465, clip_acc1=93.97058868408203, tta_acc1=97.35294342041016
2025-06-02 10:16:42,947 - log - INFO - iter:680/2465, Original Acc@1: 93.97, Acc@5: 99.85, TTA Acc@1: 97.35, Acc@5: 100.00
2025-06-02 10:17:39,793 - log - INFO - iter:700/2465, clip_acc1=94.0, tta_acc1=97.42857360839844
2025-06-02 10:17:39,793 - log - INFO - iter:700/2465, Original Acc@1: 94.00, Acc@5: 99.86, TTA Acc@1: 97.43, Acc@5: 100.00
2025-06-02 10:18:36,612 - log - INFO - iter:720/2465, clip_acc1=93.8888931274414, tta_acc1=97.36111450195312
2025-06-02 10:18:36,612 - log - INFO - iter:720/2465, Original Acc@1: 93.89, Acc@5: 99.86, TTA Acc@1: 97.36, Acc@5: 100.00
2025-06-02 10:19:33,475 - log - INFO - iter:740/2465, clip_acc1=93.9189224243164, tta_acc1=97.29730224609375
2025-06-02 10:19:33,475 - log - INFO - iter:740/2465, Original Acc@1: 93.92, Acc@5: 99.86, TTA Acc@1: 97.30, Acc@5: 100.00
2025-06-02 10:20:30,364 - log - INFO - iter:760/2465, clip_acc1=93.8157958984375, tta_acc1=97.10527038574219
2025-06-02 10:20:30,364 - log - INFO - iter:760/2465, Original Acc@1: 93.82, Acc@5: 99.87, TTA Acc@1: 97.11, Acc@5: 100.00
2025-06-02 10:21:27,230 - log - INFO - iter:780/2465, clip_acc1=93.974365234375, tta_acc1=97.17948913574219
2025-06-02 10:21:27,230 - log - INFO - iter:780/2465, Original Acc@1: 93.97, Acc@5: 99.87, TTA Acc@1: 97.18, Acc@5: 100.00
2025-06-02 10:22:24,054 - log - INFO - iter:800/2465, clip_acc1=94.125, tta_acc1=97.25
2025-06-02 10:22:24,055 - log - INFO - iter:800/2465, Original Acc@1: 94.12, Acc@5: 99.88, TTA Acc@1: 97.25, Acc@5: 100.00
2025-06-02 10:23:20,871 - log - INFO - iter:820/2465, clip_acc1=94.26829528808594, tta_acc1=97.31707000732422
2025-06-02 10:23:20,871 - log - INFO - iter:820/2465, Original Acc@1: 94.27, Acc@5: 99.88, TTA Acc@1: 97.32, Acc@5: 100.00
2025-06-02 10:24:17,899 - log - INFO - iter:840/2465, clip_acc1=94.4047622680664, tta_acc1=97.26190948486328
2025-06-02 10:24:17,899 - log - INFO - iter:840/2465, Original Acc@1: 94.40, Acc@5: 99.88, TTA Acc@1: 97.26, Acc@5: 100.00
2025-06-02 10:25:14,784 - log - INFO - iter:860/2465, clip_acc1=94.53488159179688, tta_acc1=97.3255844116211
2025-06-02 10:25:14,785 - log - INFO - iter:860/2465, Original Acc@1: 94.53, Acc@5: 99.88, TTA Acc@1: 97.33, Acc@5: 100.00
2025-06-02 10:26:11,643 - log - INFO - iter:880/2465, clip_acc1=94.65908813476562, tta_acc1=97.2727279663086
2025-06-02 10:26:11,644 - log - INFO - iter:880/2465, Original Acc@1: 94.66, Acc@5: 99.89, TTA Acc@1: 97.27, Acc@5: 100.00
2025-06-02 10:27:08,512 - log - INFO - iter:900/2465, clip_acc1=94.77777862548828, tta_acc1=97.22222137451172
2025-06-02 10:27:08,512 - log - INFO - iter:900/2465, Original Acc@1: 94.78, Acc@5: 99.89, TTA Acc@1: 97.22, Acc@5: 100.00
2025-06-02 10:28:06,533 - log - INFO - iter:920/2465, clip_acc1=94.34782409667969, tta_acc1=96.9565200805664
2025-06-02 10:28:06,533 - log - INFO - iter:920/2465, Original Acc@1: 94.35, Acc@5: 99.89, TTA Acc@1: 96.96, Acc@5: 99.78
2025-06-02 10:29:03,312 - log - INFO - iter:940/2465, clip_acc1=94.46807861328125, tta_acc1=97.02127075195312
2025-06-02 10:29:03,312 - log - INFO - iter:940/2465, Original Acc@1: 94.47, Acc@5: 99.89, TTA Acc@1: 97.02, Acc@5: 99.79
2025-06-02 10:29:59,819 - log - INFO - iter:960/2465, clip_acc1=94.58333587646484, tta_acc1=97.08333587646484
2025-06-02 10:29:59,819 - log - INFO - iter:960/2465, Original Acc@1: 94.58, Acc@5: 99.90, TTA Acc@1: 97.08, Acc@5: 99.79
2025-06-02 10:30:56,265 - log - INFO - iter:980/2465, clip_acc1=94.6938705444336, tta_acc1=97.04080963134766
2025-06-02 10:30:56,265 - log - INFO - iter:980/2465, Original Acc@1: 94.69, Acc@5: 99.90, TTA Acc@1: 97.04, Acc@5: 99.80
2025-06-02 10:31:53,039 - log - INFO - iter:1000/2465, clip_acc1=94.4000015258789, tta_acc1=96.9000015258789
2025-06-02 10:31:53,039 - log - INFO - iter:1000/2465, Original Acc@1: 94.40, Acc@5: 99.90, TTA Acc@1: 96.90, Acc@5: 99.80
2025-06-02 10:32:49,902 - log - INFO - iter:1020/2465, clip_acc1=94.01961517333984, tta_acc1=96.56863403320312
2025-06-02 10:32:49,902 - log - INFO - iter:1020/2465, Original Acc@1: 94.02, Acc@5: 99.90, TTA Acc@1: 96.57, Acc@5: 99.80
2025-06-02 10:33:46,688 - log - INFO - iter:1040/2465, clip_acc1=94.03845977783203, tta_acc1=96.53845977783203
2025-06-02 10:33:46,688 - log - INFO - iter:1040/2465, Original Acc@1: 94.04, Acc@5: 99.90, TTA Acc@1: 96.54, Acc@5: 99.81
2025-06-02 10:34:43,666 - log - INFO - iter:1060/2465, clip_acc1=93.86792755126953, tta_acc1=96.41509246826172
2025-06-02 10:34:43,666 - log - INFO - iter:1060/2465, Original Acc@1: 93.87, Acc@5: 99.91, TTA Acc@1: 96.42, Acc@5: 99.81
2025-06-02 10:35:40,468 - log - INFO - iter:1080/2465, clip_acc1=93.79629516601562, tta_acc1=96.29629516601562
2025-06-02 10:35:40,468 - log - INFO - iter:1080/2465, Original Acc@1: 93.80, Acc@5: 99.91, TTA Acc@1: 96.30, Acc@5: 99.72
2025-06-02 10:36:37,650 - log - INFO - iter:1100/2465, clip_acc1=93.7272720336914, tta_acc1=96.36363983154297
2025-06-02 10:36:37,650 - log - INFO - iter:1100/2465, Original Acc@1: 93.73, Acc@5: 99.91, TTA Acc@1: 96.36, Acc@5: 99.73
2025-06-02 10:37:34,379 - log - INFO - iter:1120/2465, clip_acc1=93.57142639160156, tta_acc1=95.98213958740234
2025-06-02 10:37:34,380 - log - INFO - iter:1120/2465, Original Acc@1: 93.57, Acc@5: 99.91, TTA Acc@1: 95.98, Acc@5: 99.73
2025-06-02 10:38:31,321 - log - INFO - iter:1140/2465, clip_acc1=93.07017517089844, tta_acc1=95.1754379272461
2025-06-02 10:38:31,321 - log - INFO - iter:1140/2465, Original Acc@1: 93.07, Acc@5: 99.91, TTA Acc@1: 95.18, Acc@5: 99.74
2025-06-02 10:39:28,278 - log - INFO - iter:1160/2465, clip_acc1=92.93103790283203, tta_acc1=95.25862121582031
2025-06-02 10:39:28,279 - log - INFO - iter:1160/2465, Original Acc@1: 92.93, Acc@5: 99.91, TTA Acc@1: 95.26, Acc@5: 99.74
2025-06-02 10:40:25,160 - log - INFO - iter:1180/2465, clip_acc1=92.88135528564453, tta_acc1=95.33898162841797
2025-06-02 10:40:25,161 - log - INFO - iter:1180/2465, Original Acc@1: 92.88, Acc@5: 99.92, TTA Acc@1: 95.34, Acc@5: 99.75
2025-06-02 10:41:21,775 - log - INFO - iter:1200/2465, clip_acc1=93.0, tta_acc1=95.41667175292969
2025-06-02 10:41:21,775 - log - INFO - iter:1200/2465, Original Acc@1: 93.00, Acc@5: 99.92, TTA Acc@1: 95.42, Acc@5: 99.75
2025-06-02 10:42:18,634 - log - INFO - iter:1220/2465, clip_acc1=93.11475372314453, tta_acc1=95.49180603027344
2025-06-02 10:42:18,634 - log - INFO - iter:1220/2465, Original Acc@1: 93.11, Acc@5: 99.92, TTA Acc@1: 95.49, Acc@5: 99.75
2025-06-02 10:43:15,567 - log - INFO - iter:1240/2465, clip_acc1=93.14515686035156, tta_acc1=95.4032211303711
2025-06-02 10:43:15,567 - log - INFO - iter:1240/2465, Original Acc@1: 93.15, Acc@5: 99.84, TTA Acc@1: 95.40, Acc@5: 99.76
2025-06-02 10:44:12,381 - log - INFO - iter:1260/2465, clip_acc1=93.17460632324219, tta_acc1=95.47618865966797
2025-06-02 10:44:12,382 - log - INFO - iter:1260/2465, Original Acc@1: 93.17, Acc@5: 99.84, TTA Acc@1: 95.48, Acc@5: 99.76
2025-06-02 10:45:09,321 - log - INFO - iter:1280/2465, clip_acc1=93.28125, tta_acc1=95.546875
2025-06-02 10:45:09,321 - log - INFO - iter:1280/2465, Original Acc@1: 93.28, Acc@5: 99.84, TTA Acc@1: 95.55, Acc@5: 99.77
2025-06-02 10:46:06,319 - log - INFO - iter:1300/2465, clip_acc1=93.38461303710938, tta_acc1=95.61538696289062
2025-06-02 10:46:06,320 - log - INFO - iter:1300/2465, Original Acc@1: 93.38, Acc@5: 99.85, TTA Acc@1: 95.62, Acc@5: 99.77
2025-06-02 10:47:03,080 - log - INFO - iter:1320/2465, clip_acc1=93.40908813476562, tta_acc1=95.6060562133789
2025-06-02 10:47:03,080 - log - INFO - iter:1320/2465, Original Acc@1: 93.41, Acc@5: 99.85, TTA Acc@1: 95.61, Acc@5: 99.77
2025-06-02 10:47:59,897 - log - INFO - iter:1340/2465, clip_acc1=93.50746154785156, tta_acc1=95.67164611816406
2025-06-02 10:47:59,897 - log - INFO - iter:1340/2465, Original Acc@1: 93.51, Acc@5: 99.85, TTA Acc@1: 95.67, Acc@5: 99.78
2025-06-02 10:48:56,833 - log - INFO - iter:1360/2465, clip_acc1=93.52941131591797, tta_acc1=95.5882339477539
2025-06-02 10:48:56,833 - log - INFO - iter:1360/2465, Original Acc@1: 93.53, Acc@5: 99.85, TTA Acc@1: 95.59, Acc@5: 99.78
2025-06-02 10:49:53,631 - log - INFO - iter:1380/2465, clip_acc1=93.55072784423828, tta_acc1=95.65217590332031
2025-06-02 10:49:53,631 - log - INFO - iter:1380/2465, Original Acc@1: 93.55, Acc@5: 99.86, TTA Acc@1: 95.65, Acc@5: 99.78
2025-06-02 10:50:50,467 - log - INFO - iter:1400/2465, clip_acc1=93.21428680419922, tta_acc1=95.71428680419922
2025-06-02 10:50:50,467 - log - INFO - iter:1400/2465, Original Acc@1: 93.21, Acc@5: 99.86, TTA Acc@1: 95.71, Acc@5: 99.79
2025-06-02 10:51:47,533 - log - INFO - iter:1420/2465, clip_acc1=93.23943328857422, tta_acc1=95.63379669189453
2025-06-02 10:51:47,533 - log - INFO - iter:1420/2465, Original Acc@1: 93.24, Acc@5: 99.86, TTA Acc@1: 95.63, Acc@5: 99.72
2025-06-02 10:52:44,277 - log - INFO - iter:1440/2465, clip_acc1=93.33333587646484, tta_acc1=95.69445037841797
2025-06-02 10:52:44,277 - log - INFO - iter:1440/2465, Original Acc@1: 93.33, Acc@5: 99.86, TTA Acc@1: 95.69, Acc@5: 99.72
2025-06-02 10:53:40,940 - log - INFO - iter:1460/2465, clip_acc1=93.4246597290039, tta_acc1=95.75342559814453
2025-06-02 10:53:40,941 - log - INFO - iter:1460/2465, Original Acc@1: 93.42, Acc@5: 99.86, TTA Acc@1: 95.75, Acc@5: 99.73
2025-06-02 10:54:37,561 - log - INFO - iter:1480/2465, clip_acc1=93.51351928710938, tta_acc1=95.67567443847656
2025-06-02 10:54:37,561 - log - INFO - iter:1480/2465, Original Acc@1: 93.51, Acc@5: 99.86, TTA Acc@1: 95.68, Acc@5: 99.73
2025-06-02 10:55:34,539 - log - INFO - iter:1500/2465, clip_acc1=93.46666717529297, tta_acc1=95.66666412353516
2025-06-02 10:55:34,539 - log - INFO - iter:1500/2465, Original Acc@1: 93.47, Acc@5: 99.87, TTA Acc@1: 95.67, Acc@5: 99.67
2025-06-02 10:56:31,320 - log - INFO - iter:1520/2465, clip_acc1=93.5526351928711, tta_acc1=95.72368621826172
2025-06-02 10:56:31,321 - log - INFO - iter:1520/2465, Original Acc@1: 93.55, Acc@5: 99.87, TTA Acc@1: 95.72, Acc@5: 99.67
2025-06-02 10:57:28,262 - log - INFO - iter:1540/2465, clip_acc1=93.63636016845703, tta_acc1=95.77922058105469
2025-06-02 10:57:28,262 - log - INFO - iter:1540/2465, Original Acc@1: 93.64, Acc@5: 99.87, TTA Acc@1: 95.78, Acc@5: 99.68
2025-06-02 10:58:24,994 - log - INFO - iter:1560/2465, clip_acc1=93.71794891357422, tta_acc1=95.76923370361328
2025-06-02 10:58:24,995 - log - INFO - iter:1560/2465, Original Acc@1: 93.72, Acc@5: 99.87, TTA Acc@1: 95.77, Acc@5: 99.68
2025-06-02 10:59:21,869 - log - INFO - iter:1580/2465, clip_acc1=93.79747009277344, tta_acc1=95.82278442382812
2025-06-02 10:59:21,869 - log - INFO - iter:1580/2465, Original Acc@1: 93.80, Acc@5: 99.87, TTA Acc@1: 95.82, Acc@5: 99.68
2025-06-02 11:00:18,654 - log - INFO - iter:1600/2465, clip_acc1=93.875, tta_acc1=95.875
2025-06-02 11:00:18,654 - log - INFO - iter:1600/2465, Original Acc@1: 93.88, Acc@5: 99.88, TTA Acc@1: 95.88, Acc@5: 99.69
2025-06-02 11:01:15,367 - log - INFO - iter:1620/2465, clip_acc1=93.95062255859375, tta_acc1=95.92593383789062
2025-06-02 11:01:15,367 - log - INFO - iter:1620/2465, Original Acc@1: 93.95, Acc@5: 99.88, TTA Acc@1: 95.93, Acc@5: 99.69
2025-06-02 11:02:12,058 - log - INFO - iter:1640/2465, clip_acc1=93.65853881835938, tta_acc1=95.48780822753906
2025-06-02 11:02:12,058 - log - INFO - iter:1640/2465, Original Acc@1: 93.66, Acc@5: 99.88, TTA Acc@1: 95.49, Acc@5: 99.63
2025-06-02 11:03:08,755 - log - INFO - iter:1660/2465, clip_acc1=93.3132553100586, tta_acc1=94.8795166015625
2025-06-02 11:03:08,755 - log - INFO - iter:1660/2465, Original Acc@1: 93.31, Acc@5: 99.88, TTA Acc@1: 94.88, Acc@5: 99.64
2025-06-02 11:04:05,527 - log - INFO - iter:1680/2465, clip_acc1=93.1547622680664, tta_acc1=94.76190948486328
2025-06-02 11:04:05,527 - log - INFO - iter:1680/2465, Original Acc@1: 93.15, Acc@5: 99.88, TTA Acc@1: 94.76, Acc@5: 99.58
2025-06-02 11:05:02,336 - log - INFO - iter:1700/2465, clip_acc1=93.17646789550781, tta_acc1=94.82352447509766
2025-06-02 11:05:02,336 - log - INFO - iter:1700/2465, Original Acc@1: 93.18, Acc@5: 99.88, TTA Acc@1: 94.82, Acc@5: 99.59
2025-06-02 11:05:59,040 - log - INFO - iter:1720/2465, clip_acc1=93.25581359863281, tta_acc1=94.8255844116211
2025-06-02 11:05:59,040 - log - INFO - iter:1720/2465, Original Acc@1: 93.26, Acc@5: 99.88, TTA Acc@1: 94.83, Acc@5: 99.53
2025-06-02 11:06:55,845 - log - INFO - iter:1740/2465, clip_acc1=93.10344696044922, tta_acc1=94.59770202636719
2025-06-02 11:06:55,846 - log - INFO - iter:1740/2465, Original Acc@1: 93.10, Acc@5: 99.89, TTA Acc@1: 94.60, Acc@5: 99.54
2025-06-02 11:07:52,660 - log - INFO - iter:1760/2465, clip_acc1=92.95454406738281, tta_acc1=94.43181610107422
2025-06-02 11:07:52,661 - log - INFO - iter:1760/2465, Original Acc@1: 92.95, Acc@5: 99.89, TTA Acc@1: 94.43, Acc@5: 99.55
2025-06-02 11:08:49,429 - log - INFO - iter:1780/2465, clip_acc1=93.03370666503906, tta_acc1=94.43820190429688
2025-06-02 11:08:49,429 - log - INFO - iter:1780/2465, Original Acc@1: 93.03, Acc@5: 99.89, TTA Acc@1: 94.44, Acc@5: 99.55
2025-06-02 11:09:46,230 - log - INFO - iter:1800/2465, clip_acc1=93.11111450195312, tta_acc1=94.5
2025-06-02 11:09:46,230 - log - INFO - iter:1800/2465, Original Acc@1: 93.11, Acc@5: 99.89, TTA Acc@1: 94.50, Acc@5: 99.56
2025-06-02 11:10:43,123 - log - INFO - iter:1820/2465, clip_acc1=93.18682098388672, tta_acc1=94.5604476928711
2025-06-02 11:10:43,124 - log - INFO - iter:1820/2465, Original Acc@1: 93.19, Acc@5: 99.89, TTA Acc@1: 94.56, Acc@5: 99.56
2025-06-02 11:11:39,844 - log - INFO - iter:1840/2465, clip_acc1=93.2608642578125, tta_acc1=94.56521606445312
2025-06-02 11:11:39,844 - log - INFO - iter:1840/2465, Original Acc@1: 93.26, Acc@5: 99.89, TTA Acc@1: 94.57, Acc@5: 99.57
2025-06-02 11:12:36,497 - log - INFO - iter:1860/2465, clip_acc1=93.33333587646484, tta_acc1=94.6236572265625
2025-06-02 11:12:36,497 - log - INFO - iter:1860/2465, Original Acc@1: 93.33, Acc@5: 99.89, TTA Acc@1: 94.62, Acc@5: 99.57
2025-06-02 11:13:33,269 - log - INFO - iter:1880/2465, clip_acc1=93.40425109863281, tta_acc1=94.68084716796875
2025-06-02 11:13:33,269 - log - INFO - iter:1880/2465, Original Acc@1: 93.40, Acc@5: 99.89, TTA Acc@1: 94.68, Acc@5: 99.57
2025-06-02 11:14:30,015 - log - INFO - iter:1900/2465, clip_acc1=93.47367858886719, tta_acc1=94.7368392944336
2025-06-02 11:14:30,015 - log - INFO - iter:1900/2465, Original Acc@1: 93.47, Acc@5: 99.89, TTA Acc@1: 94.74, Acc@5: 99.58
2025-06-02 11:15:26,955 - log - INFO - iter:1920/2465, clip_acc1=93.54167175292969, tta_acc1=94.79167175292969
2025-06-02 11:15:26,955 - log - INFO - iter:1920/2465, Original Acc@1: 93.54, Acc@5: 99.90, TTA Acc@1: 94.79, Acc@5: 99.58
2025-06-02 11:16:23,947 - log - INFO - iter:1940/2465, clip_acc1=93.6082534790039, tta_acc1=94.84536743164062
2025-06-02 11:16:23,947 - log - INFO - iter:1940/2465, Original Acc@1: 93.61, Acc@5: 99.90, TTA Acc@1: 94.85, Acc@5: 99.59
2025-06-02 11:17:20,834 - log - INFO - iter:1960/2465, clip_acc1=93.6734619140625, tta_acc1=94.89795684814453
2025-06-02 11:17:20,835 - log - INFO - iter:1960/2465, Original Acc@1: 93.67, Acc@5: 99.90, TTA Acc@1: 94.90, Acc@5: 99.59
2025-06-02 11:18:17,728 - log - INFO - iter:1980/2465, clip_acc1=93.73738098144531, tta_acc1=94.94950103759766
2025-06-02 11:18:17,728 - log - INFO - iter:1980/2465, Original Acc@1: 93.74, Acc@5: 99.90, TTA Acc@1: 94.95, Acc@5: 99.60
2025-06-02 11:19:14,591 - log - INFO - iter:2000/2465, clip_acc1=93.80000305175781, tta_acc1=95.00000762939453
2025-06-02 11:19:14,591 - log - INFO - iter:2000/2465, Original Acc@1: 93.80, Acc@5: 99.90, TTA Acc@1: 95.00, Acc@5: 99.60
2025-06-02 11:20:13,113 - log - INFO - iter:2020/2465, clip_acc1=93.86138916015625, tta_acc1=95.04950714111328
2025-06-02 11:20:13,113 - log - INFO - iter:2020/2465, Original Acc@1: 93.86, Acc@5: 99.90, TTA Acc@1: 95.05, Acc@5: 99.60
2025-06-02 11:21:09,888 - log - INFO - iter:2040/2465, clip_acc1=93.92157745361328, tta_acc1=95.0980453491211
2025-06-02 11:21:09,889 - log - INFO - iter:2040/2465, Original Acc@1: 93.92, Acc@5: 99.90, TTA Acc@1: 95.10, Acc@5: 99.61
2025-06-02 11:22:06,586 - log - INFO - iter:2060/2465, clip_acc1=93.93203735351562, tta_acc1=95.09709167480469
2025-06-02 11:22:06,587 - log - INFO - iter:2060/2465, Original Acc@1: 93.93, Acc@5: 99.85, TTA Acc@1: 95.10, Acc@5: 99.56
2025-06-02 11:23:03,232 - log - INFO - iter:2080/2465, clip_acc1=93.99038696289062, tta_acc1=95.04808044433594
2025-06-02 11:23:03,233 - log - INFO - iter:2080/2465, Original Acc@1: 93.99, Acc@5: 99.86, TTA Acc@1: 95.05, Acc@5: 99.57
2025-06-02 11:23:59,984 - log - INFO - iter:2100/2465, clip_acc1=94.04761505126953, tta_acc1=95.0952377319336
2025-06-02 11:23:59,985 - log - INFO - iter:2100/2465, Original Acc@1: 94.05, Acc@5: 99.86, TTA Acc@1: 95.10, Acc@5: 99.57
2025-06-02 11:24:56,802 - log - INFO - iter:2120/2465, clip_acc1=94.10377502441406, tta_acc1=95.14151000976562
2025-06-02 11:24:56,803 - log - INFO - iter:2120/2465, Original Acc@1: 94.10, Acc@5: 99.86, TTA Acc@1: 95.14, Acc@5: 99.58
2025-06-02 11:25:53,704 - log - INFO - iter:2140/2465, clip_acc1=94.15888214111328, tta_acc1=95.18692016601562
2025-06-02 11:25:53,704 - log - INFO - iter:2140/2465, Original Acc@1: 94.16, Acc@5: 99.86, TTA Acc@1: 95.19, Acc@5: 99.58
2025-06-02 11:26:50,716 - log - INFO - iter:2160/2465, clip_acc1=94.21295928955078, tta_acc1=95.23148345947266
2025-06-02 11:26:50,717 - log - INFO - iter:2160/2465, Original Acc@1: 94.21, Acc@5: 99.86, TTA Acc@1: 95.23, Acc@5: 99.58
2025-06-02 11:27:47,590 - log - INFO - iter:2180/2465, clip_acc1=94.26605224609375, tta_acc1=95.27523040771484
2025-06-02 11:27:47,590 - log - INFO - iter:2180/2465, Original Acc@1: 94.27, Acc@5: 99.86, TTA Acc@1: 95.28, Acc@5: 99.59
2025-06-02 11:28:44,562 - log - INFO - iter:2200/2465, clip_acc1=94.31818389892578, tta_acc1=95.31818389892578
2025-06-02 11:28:44,562 - log - INFO - iter:2200/2465, Original Acc@1: 94.32, Acc@5: 99.86, TTA Acc@1: 95.32, Acc@5: 99.59
2025-06-02 11:29:41,346 - log - INFO - iter:2220/2465, clip_acc1=94.36936950683594, tta_acc1=95.36035919189453
2025-06-02 11:29:41,346 - log - INFO - iter:2220/2465, Original Acc@1: 94.37, Acc@5: 99.86, TTA Acc@1: 95.36, Acc@5: 99.59
2025-06-02 11:30:38,519 - log - INFO - iter:2240/2465, clip_acc1=94.41963958740234, tta_acc1=95.40178680419922
2025-06-02 11:30:38,520 - log - INFO - iter:2240/2465, Original Acc@1: 94.42, Acc@5: 99.87, TTA Acc@1: 95.40, Acc@5: 99.60
2025-06-02 11:31:35,863 - log - INFO - iter:2260/2465, clip_acc1=94.46902465820312, tta_acc1=95.44247436523438
2025-06-02 11:31:35,864 - log - INFO - iter:2260/2465, Original Acc@1: 94.47, Acc@5: 99.87, TTA Acc@1: 95.44, Acc@5: 99.60
2025-06-02 11:32:33,163 - log - INFO - iter:2280/2465, clip_acc1=94.51754760742188, tta_acc1=95.48246002197266
2025-06-02 11:32:33,163 - log - INFO - iter:2280/2465, Original Acc@1: 94.52, Acc@5: 99.87, TTA Acc@1: 95.48, Acc@5: 99.61
2025-06-02 11:33:30,216 - log - INFO - iter:2300/2465, clip_acc1=94.56521606445312, tta_acc1=95.52174377441406
2025-06-02 11:33:30,216 - log - INFO - iter:2300/2465, Original Acc@1: 94.57, Acc@5: 99.87, TTA Acc@1: 95.52, Acc@5: 99.61
2025-06-02 11:34:27,205 - log - INFO - iter:2320/2465, clip_acc1=94.56896209716797, tta_acc1=95.51724243164062
2025-06-02 11:34:27,206 - log - INFO - iter:2320/2465, Original Acc@1: 94.57, Acc@5: 99.87, TTA Acc@1: 95.52, Acc@5: 99.61
2025-06-02 11:35:24,297 - log - INFO - iter:2340/2465, clip_acc1=94.61538696289062, tta_acc1=95.55555725097656
2025-06-02 11:35:24,298 - log - INFO - iter:2340/2465, Original Acc@1: 94.62, Acc@5: 99.87, TTA Acc@1: 95.56, Acc@5: 99.62
2025-06-02 11:36:21,395 - log - INFO - iter:2360/2465, clip_acc1=94.66101837158203, tta_acc1=95.59321594238281
2025-06-02 11:36:21,395 - log - INFO - iter:2360/2465, Original Acc@1: 94.66, Acc@5: 99.87, TTA Acc@1: 95.59, Acc@5: 99.62
2025-06-02 11:37:18,619 - log - INFO - iter:2380/2465, clip_acc1=94.70588684082031, tta_acc1=95.63025665283203
2025-06-02 11:37:18,619 - log - INFO - iter:2380/2465, Original Acc@1: 94.71, Acc@5: 99.87, TTA Acc@1: 95.63, Acc@5: 99.62
2025-06-02 11:38:16,407 - log - INFO - iter:2400/2465, clip_acc1=94.5, tta_acc1=95.375
2025-06-02 11:38:16,407 - log - INFO - iter:2400/2465, Original Acc@1: 94.50, Acc@5: 99.88, TTA Acc@1: 95.38, Acc@5: 99.62
2025-06-02 11:39:13,504 - log - INFO - iter:2420/2465, clip_acc1=94.4214859008789, tta_acc1=95.04132080078125
2025-06-02 11:39:13,505 - log - INFO - iter:2420/2465, Original Acc@1: 94.42, Acc@5: 99.83, TTA Acc@1: 95.04, Acc@5: 99.59
2025-06-02 11:40:10,485 - log - INFO - iter:2440/2465, clip_acc1=94.46721649169922, tta_acc1=95.0
2025-06-02 11:40:10,485 - log - INFO - iter:2440/2465, Original Acc@1: 94.47, Acc@5: 99.84, TTA Acc@1: 95.00, Acc@5: 99.59
2025-06-02 11:41:09,441 - log - INFO - iter:2460/2465, clip_acc1=94.51219177246094, tta_acc1=95.0406494140625
2025-06-02 11:41:09,442 - log - INFO - iter:2460/2465, Original Acc@1: 94.51, Acc@5: 99.84, TTA Acc@1: 95.04, Acc@5: 99.59
2025-06-02 11:41:21,908 - log - INFO - iter:2465/2465, clip_acc1=94.52333068847656, tta_acc1=95.05071258544922
2025-06-02 11:41:21,909 - log - INFO - iter:2465/2465, Original Acc@1: 94.52, Acc@5: 99.84, TTA Acc@1: 95.05, Acc@5: 99.59
2025-06-02 11:41:22,036 - log - INFO - Final results - Original Acc@1: 94.52, Acc@5: 99.84, TTA Acc@1: 95.05, Acc@5: 99.59
2025-06-02 11:41:22,036 - log - INFO - Improvement from TTA in Acc@1 0.53, and Acc@5 -0.24
2025-06-02 11:41:22,037 - log - INFO - Number of selected samples with index 0: 867
2025-06-02 11:41:22,037 - log - INFO - Number of samples in the dataset: 2465
2025-06-02 11:41:22,060 - log - INFO - Selected IDs saved to /leonardo_work/EUHPC_R04_192/fmohamma/Adversarial_Robust_Clip/ATPT/Final_Results/ViT-L/14/Caltech101/Clean/Counter_Attack/Eps_4_0_Steps_0_Alpha_1_0/tau_0_2_beta_2_0_weighted_pertrubation_True/TPT/Optimization_Loss_rtpt_LR_0_005_Optimization_Steps_1_View_Selection_Fraction_0_1/Inference_Ensemble_vanilla/selected_topk.json
2025-06-02 11:41:22,219 - log - INFO - Batch entropies saved to /leonardo_work/EUHPC_R04_192/fmohamma/Adversarial_Robust_Clip/ATPT/Final_Results/ViT-L/14/Caltech101/Clean/Counter_Attack/Eps_4_0_Steps_0_Alpha_1_0/tau_0_2_beta_2_0_weighted_pertrubation_True/TPT/Optimization_Loss_rtpt_LR_0_005_Optimization_Steps_1_View_Selection_Fraction_0_1/Inference_Ensemble_vanilla/entropies.json
2025-06-02 11:41:22,222 - log - INFO - => Acc. on testset [Caltech101]: Clean Acc @1 94.52333068847656/ TTA Clean Acc @1 95.05071258544922, Clean Acc @5 99.83773040771484/ TTA Clean Acc @5 99.59432220458984
2025-06-02 11:41:22,222 - log - INFO - Total script execution time: 7073.60 seconds (117.89 minutes)
