2025-06-05 17:24:00,881 - log - INFO - ==========================================
data:/leonardo_work/EUHPC_R04_192/fmohamma/Adversarial_Robust_Clip/atpt_data/downstream_datasets
test_sets:Flower102
dataset_mode:test
arch:delta_clip_l14_224
resolution:224
workers:4
no_pin_memory:False
batch_size:64
print_freq:20
gpu:0
no_cudnn_benchmark:False
n_ctx:4
ctx_init:a_photo_of_a
tpt_loss:rtpt
seed:0
output_dir:/leonardo_work/EUHPC_R04_192/fmohamma/Adversarial_Robust_Clip/atpt_data/delta_clip_l14_224/Flower102
log_output_dir:/leonardo_work/EUHPC_R04_192/fmohamma/Adversarial_Robust_Clip/ATPT/Final_Results/delta_clip_l14_224/Flower102
eps:0.0
alpha:0.0
alpha_eps_ratio:4.0
steps:0
lr:0.005
selection_p:0.1
tta_steps:0
ensemble_type:none
top_k:20
softmax_temp:0.01
counter_attack:True
counter_attack_type:pgd
counter_attack_steps:2
counter_attack_eps:2.0
counter_attack_alpha:1.0
counter_attack_tau_thres:0.2
counter_attack_beta:2.0
counter_attack_weighted_perturbations:True
pgd_clip_pure_i_text_embeddings:null
pgd_counter_and_clipure_i_lamda:1.0
selected_id_name:selected_topk.json
weighted_score_name:weighted_scores.json
batch_entropy_name:entropies.json
log_dir:/leonardo_work/EUHPC_R04_192/fmohamma/Adversarial_Robust_Clip/ATPT/Final_Results/delta_clip_l14_224/Flower102/Clean/Counter_Attack/Eps_2_0_Steps_2_Alpha_1_0/tau_0_2_beta_2_0_weighted_pertrubation_True/No_TPT/Inference_Ensemble_none

2025-06-05 17:24:00,882 - log - INFO - Use GPU: 0 for training
2025-06-05 17:25:18,526 - log - INFO - Freezing all parameters except prompt learner
2025-06-05 17:25:18,527 - log - INFO - => Model created: visual backbone delta_clip_l14_224
2025-06-05 17:25:18,534 - log - INFO - Number of test samples: 2463
2025-06-05 17:25:18,534 - log - INFO - Evaluating dataset: Flower102
2025-06-05 17:25:18,535 - log - INFO - Starting evaluation with batch size: 64, selection percentage: 0.1
2025-06-05 17:25:18,535 - log - INFO - Test-time adaptation steps: 0, learning rate: 0.005
2025-06-05 17:25:18,535 - log - INFO - Using counter-attack with epsilon: 2.000000, alpha: 0.000000, steps: 2, tau_thres: 0.2, beta: 2.0, weighted perturbation: True
2025-06-05 17:25:59,159 - log - INFO - iter:20/2463, clip_acc1=100.0, tta_acc1=100.0
2025-06-05 17:25:59,159 - log - INFO - iter:20/2463, Original Acc@1: 100.00, Acc@5: 100.00, TTA Acc@1: 100.00, Acc@5: 100.00
2025-06-05 17:26:36,410 - log - INFO - iter:40/2463, clip_acc1=100.0, tta_acc1=100.0
2025-06-05 17:26:36,410 - log - INFO - iter:40/2463, Original Acc@1: 100.00, Acc@5: 100.00, TTA Acc@1: 100.00, Acc@5: 100.00
2025-06-05 17:27:13,586 - log - INFO - iter:60/2463, clip_acc1=100.00000762939453, tta_acc1=100.00000762939453
2025-06-05 17:27:13,586 - log - INFO - iter:60/2463, Original Acc@1: 100.00, Acc@5: 100.00, TTA Acc@1: 100.00, Acc@5: 100.00
2025-06-05 17:27:50,797 - log - INFO - iter:80/2463, clip_acc1=100.0, tta_acc1=100.0
2025-06-05 17:27:50,797 - log - INFO - iter:80/2463, Original Acc@1: 100.00, Acc@5: 100.00, TTA Acc@1: 100.00, Acc@5: 100.00
2025-06-05 17:28:28,310 - log - INFO - iter:100/2463, clip_acc1=100.0, tta_acc1=100.0
2025-06-05 17:28:28,310 - log - INFO - iter:100/2463, Original Acc@1: 100.00, Acc@5: 100.00, TTA Acc@1: 100.00, Acc@5: 100.00
2025-06-05 17:29:05,623 - log - INFO - iter:120/2463, clip_acc1=100.00000762939453, tta_acc1=100.00000762939453
2025-06-05 17:29:05,624 - log - INFO - iter:120/2463, Original Acc@1: 100.00, Acc@5: 100.00, TTA Acc@1: 100.00, Acc@5: 100.00
2025-06-05 17:29:43,046 - log - INFO - iter:140/2463, clip_acc1=98.57142639160156, tta_acc1=98.57142639160156
2025-06-05 17:29:43,046 - log - INFO - iter:140/2463, Original Acc@1: 98.57, Acc@5: 100.00, TTA Acc@1: 98.57, Acc@5: 100.00
2025-06-05 17:30:22,492 - log - INFO - iter:160/2463, clip_acc1=98.125, tta_acc1=98.125
2025-06-05 17:30:22,492 - log - INFO - iter:160/2463, Original Acc@1: 98.12, Acc@5: 100.00, TTA Acc@1: 98.12, Acc@5: 100.00
2025-06-05 17:30:59,934 - log - INFO - iter:180/2463, clip_acc1=96.66667175292969, tta_acc1=96.66667175292969
2025-06-05 17:30:59,935 - log - INFO - iter:180/2463, Original Acc@1: 96.67, Acc@5: 99.44, TTA Acc@1: 96.67, Acc@5: 99.44
2025-06-05 17:31:37,200 - log - INFO - iter:200/2463, clip_acc1=87.0, tta_acc1=87.0
2025-06-05 17:31:37,200 - log - INFO - iter:200/2463, Original Acc@1: 87.00, Acc@5: 89.50, TTA Acc@1: 87.00, Acc@5: 89.50
2025-06-05 17:32:14,511 - log - INFO - iter:220/2463, clip_acc1=79.09090423583984, tta_acc1=79.09090423583984
2025-06-05 17:32:14,511 - log - INFO - iter:220/2463, Original Acc@1: 79.09, Acc@5: 81.36, TTA Acc@1: 79.09, Acc@5: 81.36
2025-06-05 17:32:51,754 - log - INFO - iter:240/2463, clip_acc1=75.00000762939453, tta_acc1=75.00000762939453
2025-06-05 17:32:51,754 - log - INFO - iter:240/2463, Original Acc@1: 75.00, Acc@5: 77.08, TTA Acc@1: 75.00, Acc@5: 77.08
2025-06-05 17:33:29,129 - log - INFO - iter:260/2463, clip_acc1=76.92308044433594, tta_acc1=76.92308044433594
2025-06-05 17:33:29,129 - log - INFO - iter:260/2463, Original Acc@1: 76.92, Acc@5: 78.85, TTA Acc@1: 76.92, Acc@5: 78.85
2025-06-05 17:34:06,509 - log - INFO - iter:280/2463, clip_acc1=78.57142639160156, tta_acc1=78.57142639160156
2025-06-05 17:34:06,510 - log - INFO - iter:280/2463, Original Acc@1: 78.57, Acc@5: 80.36, TTA Acc@1: 78.57, Acc@5: 80.36
2025-06-05 17:34:43,940 - log - INFO - iter:300/2463, clip_acc1=74.66667175292969, tta_acc1=74.66667175292969
2025-06-05 17:34:43,940 - log - INFO - iter:300/2463, Original Acc@1: 74.67, Acc@5: 79.33, TTA Acc@1: 74.67, Acc@5: 79.33
2025-06-05 17:35:21,388 - log - INFO - iter:320/2463, clip_acc1=70.0, tta_acc1=70.0
2025-06-05 17:35:21,389 - log - INFO - iter:320/2463, Original Acc@1: 70.00, Acc@5: 77.81, TTA Acc@1: 70.00, Acc@5: 77.81
2025-06-05 17:35:58,828 - log - INFO - iter:340/2463, clip_acc1=65.88235473632812, tta_acc1=65.88235473632812
2025-06-05 17:35:58,829 - log - INFO - iter:340/2463, Original Acc@1: 65.88, Acc@5: 77.35, TTA Acc@1: 65.88, Acc@5: 77.35
2025-06-05 17:36:53,249 - log - INFO - iter:360/2463, clip_acc1=66.94444274902344, tta_acc1=66.94444274902344
2025-06-05 17:36:53,249 - log - INFO - iter:360/2463, Original Acc@1: 66.94, Acc@5: 78.33, TTA Acc@1: 66.94, Acc@5: 78.33
2025-06-05 17:37:30,399 - log - INFO - iter:380/2463, clip_acc1=68.15789794921875, tta_acc1=68.15789794921875
2025-06-05 17:37:30,399 - log - INFO - iter:380/2463, Original Acc@1: 68.16, Acc@5: 79.47, TTA Acc@1: 68.16, Acc@5: 79.47
2025-06-05 17:38:07,483 - log - INFO - iter:400/2463, clip_acc1=68.5, tta_acc1=68.5
2025-06-05 17:38:07,483 - log - INFO - iter:400/2463, Original Acc@1: 68.50, Acc@5: 80.50, TTA Acc@1: 68.50, Acc@5: 80.50
2025-06-05 17:38:44,622 - log - INFO - iter:420/2463, clip_acc1=65.71428680419922, tta_acc1=65.71428680419922
2025-06-05 17:38:44,622 - log - INFO - iter:420/2463, Original Acc@1: 65.71, Acc@5: 81.43, TTA Acc@1: 65.71, Acc@5: 81.43
2025-06-05 17:39:21,909 - log - INFO - iter:440/2463, clip_acc1=62.95454406738281, tta_acc1=62.95454406738281
2025-06-05 17:39:21,909 - log - INFO - iter:440/2463, Original Acc@1: 62.95, Acc@5: 82.27, TTA Acc@1: 62.95, Acc@5: 82.27
2025-06-05 17:39:58,940 - log - INFO - iter:460/2463, clip_acc1=60.65217208862305, tta_acc1=60.65217208862305
2025-06-05 17:39:58,940 - log - INFO - iter:460/2463, Original Acc@1: 60.65, Acc@5: 83.04, TTA Acc@1: 60.65, Acc@5: 83.04
2025-06-05 17:40:36,196 - log - INFO - iter:480/2463, clip_acc1=60.41666793823242, tta_acc1=60.41666793823242
2025-06-05 17:40:36,196 - log - INFO - iter:480/2463, Original Acc@1: 60.42, Acc@5: 83.54, TTA Acc@1: 60.42, Acc@5: 83.54
2025-06-05 17:41:13,490 - log - INFO - iter:500/2463, clip_acc1=62.000003814697266, tta_acc1=62.000003814697266
2025-06-05 17:41:13,490 - log - INFO - iter:500/2463, Original Acc@1: 62.00, Acc@5: 84.20, TTA Acc@1: 62.00, Acc@5: 84.20
2025-06-05 17:41:50,745 - log - INFO - iter:520/2463, clip_acc1=63.46154022216797, tta_acc1=63.46154022216797
2025-06-05 17:41:50,745 - log - INFO - iter:520/2463, Original Acc@1: 63.46, Acc@5: 84.81, TTA Acc@1: 63.46, Acc@5: 84.81
2025-06-05 17:42:28,035 - log - INFO - iter:540/2463, clip_acc1=64.81481170654297, tta_acc1=64.81481170654297
2025-06-05 17:42:28,035 - log - INFO - iter:540/2463, Original Acc@1: 64.81, Acc@5: 85.37, TTA Acc@1: 64.81, Acc@5: 85.37
2025-06-05 17:43:05,227 - log - INFO - iter:560/2463, clip_acc1=65.89286041259766, tta_acc1=65.89286041259766
2025-06-05 17:43:05,227 - log - INFO - iter:560/2463, Original Acc@1: 65.89, Acc@5: 85.89, TTA Acc@1: 65.89, Acc@5: 85.89
2025-06-05 17:43:42,511 - log - INFO - iter:580/2463, clip_acc1=67.06896209716797, tta_acc1=67.06896209716797
2025-06-05 17:43:42,511 - log - INFO - iter:580/2463, Original Acc@1: 67.07, Acc@5: 86.38, TTA Acc@1: 67.07, Acc@5: 86.38
2025-06-05 17:44:19,686 - log - INFO - iter:600/2463, clip_acc1=68.16667175292969, tta_acc1=68.16667175292969
2025-06-05 17:44:19,686 - log - INFO - iter:600/2463, Original Acc@1: 68.17, Acc@5: 86.83, TTA Acc@1: 68.17, Acc@5: 86.83
2025-06-05 17:44:57,004 - log - INFO - iter:620/2463, clip_acc1=69.03225708007812, tta_acc1=69.03225708007812
2025-06-05 17:44:57,004 - log - INFO - iter:620/2463, Original Acc@1: 69.03, Acc@5: 87.26, TTA Acc@1: 69.03, Acc@5: 87.26
2025-06-05 17:45:34,455 - log - INFO - iter:640/2463, clip_acc1=70.0, tta_acc1=70.0
2025-06-05 17:45:34,455 - log - INFO - iter:640/2463, Original Acc@1: 70.00, Acc@5: 87.66, TTA Acc@1: 70.00, Acc@5: 87.66
2025-06-05 17:46:11,894 - log - INFO - iter:660/2463, clip_acc1=68.78787994384766, tta_acc1=68.78787994384766
2025-06-05 17:46:11,894 - log - INFO - iter:660/2463, Original Acc@1: 68.79, Acc@5: 85.91, TTA Acc@1: 68.79, Acc@5: 85.91
2025-06-05 17:46:48,939 - log - INFO - iter:680/2463, clip_acc1=66.76470947265625, tta_acc1=66.76470947265625
2025-06-05 17:46:48,939 - log - INFO - iter:680/2463, Original Acc@1: 66.76, Acc@5: 83.53, TTA Acc@1: 66.76, Acc@5: 83.53
2025-06-05 17:47:26,190 - log - INFO - iter:700/2463, clip_acc1=65.0, tta_acc1=65.0
2025-06-05 17:47:26,190 - log - INFO - iter:700/2463, Original Acc@1: 65.00, Acc@5: 82.86, TTA Acc@1: 65.00, Acc@5: 82.86
2025-06-05 17:48:03,517 - log - INFO - iter:720/2463, clip_acc1=63.333335876464844, tta_acc1=63.333335876464844
2025-06-05 17:48:03,517 - log - INFO - iter:720/2463, Original Acc@1: 63.33, Acc@5: 82.64, TTA Acc@1: 63.33, Acc@5: 82.64
2025-06-05 17:48:40,797 - log - INFO - iter:740/2463, clip_acc1=61.62162399291992, tta_acc1=61.62162399291992
2025-06-05 17:48:40,797 - log - INFO - iter:740/2463, Original Acc@1: 61.62, Acc@5: 80.54, TTA Acc@1: 61.62, Acc@5: 80.54
2025-06-05 17:49:18,222 - log - INFO - iter:760/2463, clip_acc1=60.1315803527832, tta_acc1=60.1315803527832
2025-06-05 17:49:18,222 - log - INFO - iter:760/2463, Original Acc@1: 60.13, Acc@5: 78.55, TTA Acc@1: 60.13, Acc@5: 78.55
2025-06-05 17:49:55,426 - log - INFO - iter:780/2463, clip_acc1=61.153846740722656, tta_acc1=61.153846740722656
2025-06-05 17:49:55,426 - log - INFO - iter:780/2463, Original Acc@1: 61.15, Acc@5: 79.10, TTA Acc@1: 61.15, Acc@5: 79.10
2025-06-05 17:50:32,596 - log - INFO - iter:800/2463, clip_acc1=62.0, tta_acc1=62.0
2025-06-05 17:50:32,596 - log - INFO - iter:800/2463, Original Acc@1: 62.00, Acc@5: 79.62, TTA Acc@1: 62.00, Acc@5: 79.62
2025-06-05 17:51:09,881 - log - INFO - iter:820/2463, clip_acc1=62.92683029174805, tta_acc1=62.92683029174805
2025-06-05 17:51:09,881 - log - INFO - iter:820/2463, Original Acc@1: 62.93, Acc@5: 80.12, TTA Acc@1: 62.93, Acc@5: 80.12
2025-06-05 17:51:47,176 - log - INFO - iter:840/2463, clip_acc1=63.80952453613281, tta_acc1=63.80952453613281
2025-06-05 17:51:47,176 - log - INFO - iter:840/2463, Original Acc@1: 63.81, Acc@5: 80.60, TTA Acc@1: 63.81, Acc@5: 80.60
2025-06-05 17:52:24,354 - log - INFO - iter:860/2463, clip_acc1=63.604652404785156, tta_acc1=63.604652404785156
2025-06-05 17:52:24,354 - log - INFO - iter:860/2463, Original Acc@1: 63.60, Acc@5: 80.00, TTA Acc@1: 63.60, Acc@5: 80.00
2025-06-05 17:53:01,754 - log - INFO - iter:880/2463, clip_acc1=62.159088134765625, tta_acc1=62.159088134765625
2025-06-05 17:53:01,754 - log - INFO - iter:880/2463, Original Acc@1: 62.16, Acc@5: 78.18, TTA Acc@1: 62.16, Acc@5: 78.18
2025-06-05 17:53:39,007 - log - INFO - iter:900/2463, clip_acc1=60.77777862548828, tta_acc1=60.77777862548828
2025-06-05 17:53:39,008 - log - INFO - iter:900/2463, Original Acc@1: 60.78, Acc@5: 76.56, TTA Acc@1: 60.78, Acc@5: 76.56
2025-06-05 17:54:16,369 - log - INFO - iter:920/2463, clip_acc1=61.52173614501953, tta_acc1=61.52173614501953
2025-06-05 17:54:16,370 - log - INFO - iter:920/2463, Original Acc@1: 61.52, Acc@5: 76.96, TTA Acc@1: 61.52, Acc@5: 76.96
2025-06-05 17:54:53,643 - log - INFO - iter:940/2463, clip_acc1=62.340423583984375, tta_acc1=62.340423583984375
2025-06-05 17:54:53,643 - log - INFO - iter:940/2463, Original Acc@1: 62.34, Acc@5: 77.45, TTA Acc@1: 62.34, Acc@5: 77.45
2025-06-05 17:55:30,880 - log - INFO - iter:960/2463, clip_acc1=63.020835876464844, tta_acc1=63.020835876464844
2025-06-05 17:55:30,881 - log - INFO - iter:960/2463, Original Acc@1: 63.02, Acc@5: 77.92, TTA Acc@1: 63.02, Acc@5: 77.92
2025-06-05 17:56:08,124 - log - INFO - iter:980/2463, clip_acc1=63.36734390258789, tta_acc1=63.36734390258789
2025-06-05 17:56:08,125 - log - INFO - iter:980/2463, Original Acc@1: 63.37, Acc@5: 78.37, TTA Acc@1: 63.37, Acc@5: 78.37
2025-06-05 17:56:45,410 - log - INFO - iter:1000/2463, clip_acc1=63.900001525878906, tta_acc1=63.900001525878906
2025-06-05 17:56:45,410 - log - INFO - iter:1000/2463, Original Acc@1: 63.90, Acc@5: 78.80, TTA Acc@1: 63.90, Acc@5: 78.80
2025-06-05 17:57:22,786 - log - INFO - iter:1020/2463, clip_acc1=64.60784912109375, tta_acc1=64.60784912109375
2025-06-05 17:57:22,786 - log - INFO - iter:1020/2463, Original Acc@1: 64.61, Acc@5: 79.22, TTA Acc@1: 64.61, Acc@5: 79.22
2025-06-05 17:58:00,089 - log - INFO - iter:1040/2463, clip_acc1=65.28845977783203, tta_acc1=65.28845977783203
2025-06-05 17:58:00,089 - log - INFO - iter:1040/2463, Original Acc@1: 65.29, Acc@5: 79.62, TTA Acc@1: 65.29, Acc@5: 79.62
2025-06-05 17:58:37,487 - log - INFO - iter:1060/2463, clip_acc1=65.84906005859375, tta_acc1=65.84906005859375
2025-06-05 17:58:37,487 - log - INFO - iter:1060/2463, Original Acc@1: 65.85, Acc@5: 80.00, TTA Acc@1: 65.85, Acc@5: 80.00
2025-06-05 17:59:14,888 - log - INFO - iter:1080/2463, clip_acc1=65.09259033203125, tta_acc1=65.09259033203125
2025-06-05 17:59:14,888 - log - INFO - iter:1080/2463, Original Acc@1: 65.09, Acc@5: 79.81, TTA Acc@1: 65.09, Acc@5: 79.81
2025-06-05 17:59:52,488 - log - INFO - iter:1100/2463, clip_acc1=64.90908813476562, tta_acc1=64.90908813476562
2025-06-05 17:59:52,489 - log - INFO - iter:1100/2463, Original Acc@1: 64.91, Acc@5: 80.09, TTA Acc@1: 64.91, Acc@5: 80.09
2025-06-05 18:00:29,781 - log - INFO - iter:1120/2463, clip_acc1=65.44642639160156, tta_acc1=65.44642639160156
2025-06-05 18:00:29,782 - log - INFO - iter:1120/2463, Original Acc@1: 65.45, Acc@5: 80.36, TTA Acc@1: 65.45, Acc@5: 80.36
2025-06-05 18:01:07,481 - log - INFO - iter:1140/2463, clip_acc1=65.7017593383789, tta_acc1=65.7017593383789
2025-06-05 18:01:07,482 - log - INFO - iter:1140/2463, Original Acc@1: 65.70, Acc@5: 80.70, TTA Acc@1: 65.70, Acc@5: 80.70
2025-06-05 18:01:44,929 - log - INFO - iter:1160/2463, clip_acc1=65.0862045288086, tta_acc1=65.0862045288086
2025-06-05 18:01:44,930 - log - INFO - iter:1160/2463, Original Acc@1: 65.09, Acc@5: 79.91, TTA Acc@1: 65.09, Acc@5: 79.91
2025-06-05 18:02:22,206 - log - INFO - iter:1180/2463, clip_acc1=64.06779479980469, tta_acc1=64.06779479980469
2025-06-05 18:02:22,207 - log - INFO - iter:1180/2463, Original Acc@1: 64.07, Acc@5: 78.64, TTA Acc@1: 64.07, Acc@5: 78.64
2025-06-05 18:02:59,534 - log - INFO - iter:1200/2463, clip_acc1=64.66667175292969, tta_acc1=64.66667175292969
2025-06-05 18:02:59,535 - log - INFO - iter:1200/2463, Original Acc@1: 64.67, Acc@5: 79.00, TTA Acc@1: 64.67, Acc@5: 79.00
2025-06-05 18:03:36,798 - log - INFO - iter:1220/2463, clip_acc1=64.01639556884766, tta_acc1=64.01639556884766
2025-06-05 18:03:36,798 - log - INFO - iter:1220/2463, Original Acc@1: 64.02, Acc@5: 78.11, TTA Acc@1: 64.02, Acc@5: 78.11
2025-06-05 18:04:14,215 - log - INFO - iter:1240/2463, clip_acc1=63.3870964050293, tta_acc1=63.3870964050293
2025-06-05 18:04:14,215 - log - INFO - iter:1240/2463, Original Acc@1: 63.39, Acc@5: 77.58, TTA Acc@1: 63.39, Acc@5: 77.58
2025-06-05 18:04:51,518 - log - INFO - iter:1260/2463, clip_acc1=63.333335876464844, tta_acc1=63.333335876464844
2025-06-05 18:04:51,519 - log - INFO - iter:1260/2463, Original Acc@1: 63.33, Acc@5: 77.94, TTA Acc@1: 63.33, Acc@5: 77.94
2025-06-05 18:05:28,771 - log - INFO - iter:1280/2463, clip_acc1=63.90625, tta_acc1=63.90625
2025-06-05 18:05:28,772 - log - INFO - iter:1280/2463, Original Acc@1: 63.91, Acc@5: 78.28, TTA Acc@1: 63.91, Acc@5: 78.28
2025-06-05 18:06:06,265 - log - INFO - iter:1300/2463, clip_acc1=64.30769348144531, tta_acc1=64.30769348144531
2025-06-05 18:06:06,265 - log - INFO - iter:1300/2463, Original Acc@1: 64.31, Acc@5: 78.62, TTA Acc@1: 64.31, Acc@5: 78.62
2025-06-05 18:06:43,620 - log - INFO - iter:1320/2463, clip_acc1=64.54545593261719, tta_acc1=64.54545593261719
2025-06-05 18:06:43,620 - log - INFO - iter:1320/2463, Original Acc@1: 64.55, Acc@5: 78.94, TTA Acc@1: 64.55, Acc@5: 78.94
2025-06-05 18:07:20,931 - log - INFO - iter:1340/2463, clip_acc1=64.40298461914062, tta_acc1=64.40298461914062
2025-06-05 18:07:20,931 - log - INFO - iter:1340/2463, Original Acc@1: 64.40, Acc@5: 79.25, TTA Acc@1: 64.40, Acc@5: 79.25
2025-06-05 18:07:58,219 - log - INFO - iter:1360/2463, clip_acc1=64.4117660522461, tta_acc1=64.4117660522461
2025-06-05 18:07:58,219 - log - INFO - iter:1360/2463, Original Acc@1: 64.41, Acc@5: 79.49, TTA Acc@1: 64.41, Acc@5: 79.49
2025-06-05 18:08:35,418 - log - INFO - iter:1380/2463, clip_acc1=64.92753601074219, tta_acc1=64.92753601074219
2025-06-05 18:08:35,419 - log - INFO - iter:1380/2463, Original Acc@1: 64.93, Acc@5: 79.78, TTA Acc@1: 64.93, Acc@5: 79.78
2025-06-05 18:09:12,804 - log - INFO - iter:1400/2463, clip_acc1=65.35713958740234, tta_acc1=65.35713958740234
2025-06-05 18:09:12,805 - log - INFO - iter:1400/2463, Original Acc@1: 65.36, Acc@5: 80.00, TTA Acc@1: 65.36, Acc@5: 80.00
2025-06-05 18:09:50,459 - log - INFO - iter:1420/2463, clip_acc1=65.5633773803711, tta_acc1=65.5633773803711
2025-06-05 18:09:50,459 - log - INFO - iter:1420/2463, Original Acc@1: 65.56, Acc@5: 80.00, TTA Acc@1: 65.56, Acc@5: 80.00
2025-06-05 18:11:16,336 - log - INFO - iter:1440/2463, clip_acc1=64.65277862548828, tta_acc1=64.65277862548828
2025-06-05 18:11:16,336 - log - INFO - iter:1440/2463, Original Acc@1: 64.65, Acc@5: 79.10, TTA Acc@1: 64.65, Acc@5: 79.10
