2025-06-04 05:23:33,797 - log - INFO - ==========================================
data:/l/users/hashmat.malik/downstream_datasets
test_sets:Aircraft
dataset_mode:test
arch:fare4
resolution:224
workers:4
no_pin_memory:False
batch_size:64
print_freq:20
gpu:0
no_cudnn_benchmark:False
n_ctx:4
ctx_init:a_photo_of_a
tpt_loss:rtpt
seed:0
output_dir:/l/users/hashmat.malik/atpt_results/fare4/Aircraft
log_output_dir:/l/users/hashmat.malik/Projects/ATPT/Final_Results/fare4/Aircraft
eps:0.0
alpha:0.0
alpha_eps_ratio:4.0
steps:0
lr:0.005
selection_p:0.1
tta_steps:0
ensemble_type:none
top_k:20
softmax_temp:0.01
counter_attack:True
counter_attack_type:pgd
counter_attack_steps:0
counter_attack_eps:2.0
counter_attack_alpha:1.0
counter_attack_tau_thres:0.2
counter_attack_beta:2.0
counter_attack_weighted_perturbations:True
pgd_clip_pure_i_text_embeddings:null
pgd_counter_and_clipure_i_lamda:1.0
selected_id_name:selected_topk.json
weighted_score_name:weighted_scores.json
batch_entropy_name:entropies.json
log_dir:/l/users/hashmat.malik/Projects/ATPT/Final_Results/fare4/Aircraft/Clean/Counter_Attack/Eps_2_0_Steps_0_Alpha_1_0/tau_0_2_beta_2_0_weighted_pertrubation_True/No_TPT/Inference_Ensemble_none

2025-06-04 05:23:33,798 - log - INFO - Use GPU: 0 for training
2025-06-04 05:23:45,930 - log - INFO - Freezing all parameters except prompt learner
2025-06-04 05:23:45,932 - log - INFO - => Model created: visual backbone fare4
2025-06-04 05:23:45,944 - log - INFO - Number of test samples: 3333
2025-06-04 05:23:45,944 - log - INFO - Evaluating dataset: Aircraft
2025-06-04 05:23:45,945 - log - INFO - Starting evaluation with batch size: 64, selection percentage: 0.1
2025-06-04 05:23:45,945 - log - INFO - Test-time adaptation steps: 0, learning rate: 0.005
2025-06-04 05:23:45,945 - log - INFO - Using counter-attack with epsilon: 2.000000, alpha: 0.000000, steps: 0, tau_thres: 0.2, beta: 2.0, weighted perturbation: True
2025-06-04 05:24:40,017 - log - INFO - iter:20/3333, clip_acc1=20.0, tta_acc1=20.0
2025-06-04 05:24:40,017 - log - INFO - iter:20/3333, Original Acc@1: 20.00, Acc@5: 90.00, TTA Acc@1: 20.00, Acc@5: 90.00
2025-06-04 05:25:31,702 - log - INFO - iter:40/3333, clip_acc1=32.5, tta_acc1=32.5
2025-06-04 05:25:31,703 - log - INFO - iter:40/3333, Original Acc@1: 32.50, Acc@5: 90.00, TTA Acc@1: 32.50, Acc@5: 90.00
2025-06-04 05:26:23,317 - log - INFO - iter:60/3333, clip_acc1=31.666667938232422, tta_acc1=31.666667938232422
2025-06-04 05:26:23,318 - log - INFO - iter:60/3333, Original Acc@1: 31.67, Acc@5: 85.00, TTA Acc@1: 31.67, Acc@5: 85.00
2025-06-04 05:27:14,591 - log - INFO - iter:80/3333, clip_acc1=26.25, tta_acc1=26.25
2025-06-04 05:27:14,591 - log - INFO - iter:80/3333, Original Acc@1: 26.25, Acc@5: 78.75, TTA Acc@1: 26.25, Acc@5: 78.75
2025-06-04 05:28:06,533 - log - INFO - iter:100/3333, clip_acc1=21.0, tta_acc1=21.0
2025-06-04 05:28:06,534 - log - INFO - iter:100/3333, Original Acc@1: 21.00, Acc@5: 66.00, TTA Acc@1: 21.00, Acc@5: 66.00
2025-06-04 05:28:58,488 - log - INFO - iter:120/3333, clip_acc1=17.5, tta_acc1=17.5
2025-06-04 05:28:58,489 - log - INFO - iter:120/3333, Original Acc@1: 17.50, Acc@5: 56.67, TTA Acc@1: 17.50, Acc@5: 56.67
2025-06-04 05:29:50,643 - log - INFO - iter:140/3333, clip_acc1=15.0, tta_acc1=15.0
2025-06-04 05:29:50,643 - log - INFO - iter:140/3333, Original Acc@1: 15.00, Acc@5: 48.57, TTA Acc@1: 15.00, Acc@5: 48.57
2025-06-04 05:30:42,380 - log - INFO - iter:160/3333, clip_acc1=13.125, tta_acc1=13.125
2025-06-04 05:30:42,380 - log - INFO - iter:160/3333, Original Acc@1: 13.12, Acc@5: 42.50, TTA Acc@1: 13.12, Acc@5: 42.50
2025-06-04 05:31:34,257 - log - INFO - iter:180/3333, clip_acc1=11.666666984558105, tta_acc1=11.666666984558105
2025-06-04 05:31:34,257 - log - INFO - iter:180/3333, Original Acc@1: 11.67, Acc@5: 40.00, TTA Acc@1: 11.67, Acc@5: 40.00
2025-06-04 05:32:26,595 - log - INFO - iter:200/3333, clip_acc1=11.0, tta_acc1=11.0
2025-06-04 05:32:26,595 - log - INFO - iter:200/3333, Original Acc@1: 11.00, Acc@5: 40.50, TTA Acc@1: 11.00, Acc@5: 40.50
2025-06-04 05:33:19,158 - log - INFO - iter:220/3333, clip_acc1=10.909090995788574, tta_acc1=10.909090995788574
2025-06-04 05:33:19,158 - log - INFO - iter:220/3333, Original Acc@1: 10.91, Acc@5: 45.91, TTA Acc@1: 10.91, Acc@5: 45.91
2025-06-04 05:34:11,276 - log - INFO - iter:240/3333, clip_acc1=10.000000953674316, tta_acc1=10.000000953674316
2025-06-04 05:34:11,277 - log - INFO - iter:240/3333, Original Acc@1: 10.00, Acc@5: 48.75, TTA Acc@1: 10.00, Acc@5: 48.75
2025-06-04 05:35:03,829 - log - INFO - iter:260/3333, clip_acc1=9.615385055541992, tta_acc1=9.615385055541992
2025-06-04 05:35:03,829 - log - INFO - iter:260/3333, Original Acc@1: 9.62, Acc@5: 52.69, TTA Acc@1: 9.62, Acc@5: 52.69
2025-06-04 05:35:55,754 - log - INFO - iter:280/3333, clip_acc1=8.928571701049805, tta_acc1=8.928571701049805
2025-06-04 05:35:55,754 - log - INFO - iter:280/3333, Original Acc@1: 8.93, Acc@5: 51.79, TTA Acc@1: 8.93, Acc@5: 51.79
2025-06-04 05:36:48,061 - log - INFO - iter:300/3333, clip_acc1=8.333333969116211, tta_acc1=8.333333969116211
2025-06-04 05:36:48,061 - log - INFO - iter:300/3333, Original Acc@1: 8.33, Acc@5: 51.00, TTA Acc@1: 8.33, Acc@5: 51.00
2025-06-04 05:37:41,206 - log - INFO - iter:320/3333, clip_acc1=9.0625, tta_acc1=9.0625
2025-06-04 05:37:41,206 - log - INFO - iter:320/3333, Original Acc@1: 9.06, Acc@5: 52.81, TTA Acc@1: 9.06, Acc@5: 52.81
2025-06-04 05:38:32,966 - log - INFO - iter:340/3333, clip_acc1=10.882352828979492, tta_acc1=10.882352828979492
2025-06-04 05:38:32,966 - log - INFO - iter:340/3333, Original Acc@1: 10.88, Acc@5: 54.41, TTA Acc@1: 10.88, Acc@5: 54.41
2025-06-04 05:39:24,220 - log - INFO - iter:360/3333, clip_acc1=13.055556297302246, tta_acc1=13.055556297302246
2025-06-04 05:39:24,220 - log - INFO - iter:360/3333, Original Acc@1: 13.06, Acc@5: 56.67, TTA Acc@1: 13.06, Acc@5: 56.67
2025-06-04 05:40:15,926 - log - INFO - iter:380/3333, clip_acc1=13.684210777282715, tta_acc1=13.684210777282715
2025-06-04 05:40:15,926 - log - INFO - iter:380/3333, Original Acc@1: 13.68, Acc@5: 57.89, TTA Acc@1: 13.68, Acc@5: 57.89
2025-06-04 05:41:08,273 - log - INFO - iter:400/3333, clip_acc1=13.0, tta_acc1=13.0
2025-06-04 05:41:08,273 - log - INFO - iter:400/3333, Original Acc@1: 13.00, Acc@5: 58.50, TTA Acc@1: 13.00, Acc@5: 58.50
2025-06-04 05:41:59,974 - log - INFO - iter:420/3333, clip_acc1=12.380952835083008, tta_acc1=12.380952835083008
2025-06-04 05:41:59,974 - log - INFO - iter:420/3333, Original Acc@1: 12.38, Acc@5: 58.57, TTA Acc@1: 12.38, Acc@5: 58.57
2025-06-04 05:42:52,184 - log - INFO - iter:440/3333, clip_acc1=11.818181037902832, tta_acc1=11.818181037902832
2025-06-04 05:42:52,185 - log - INFO - iter:440/3333, Original Acc@1: 11.82, Acc@5: 58.86, TTA Acc@1: 11.82, Acc@5: 58.86
2025-06-04 05:43:43,668 - log - INFO - iter:460/3333, clip_acc1=11.304347038269043, tta_acc1=11.304347038269043
2025-06-04 05:43:43,668 - log - INFO - iter:460/3333, Original Acc@1: 11.30, Acc@5: 58.70, TTA Acc@1: 11.30, Acc@5: 58.70
2025-06-04 05:44:35,328 - log - INFO - iter:480/3333, clip_acc1=11.458333969116211, tta_acc1=11.458333969116211
2025-06-04 05:44:35,328 - log - INFO - iter:480/3333, Original Acc@1: 11.46, Acc@5: 58.75, TTA Acc@1: 11.46, Acc@5: 58.75
2025-06-04 05:45:28,197 - log - INFO - iter:500/3333, clip_acc1=12.000000953674316, tta_acc1=12.000000953674316
2025-06-04 05:45:28,198 - log - INFO - iter:500/3333, Original Acc@1: 12.00, Acc@5: 58.20, TTA Acc@1: 12.00, Acc@5: 58.20
2025-06-04 05:46:20,500 - log - INFO - iter:520/3333, clip_acc1=12.307692527770996, tta_acc1=12.307692527770996
2025-06-04 05:46:20,500 - log - INFO - iter:520/3333, Original Acc@1: 12.31, Acc@5: 59.23, TTA Acc@1: 12.31, Acc@5: 59.23
2025-06-04 05:47:12,526 - log - INFO - iter:540/3333, clip_acc1=12.777777671813965, tta_acc1=12.777777671813965
2025-06-04 05:47:12,527 - log - INFO - iter:540/3333, Original Acc@1: 12.78, Acc@5: 60.00, TTA Acc@1: 12.78, Acc@5: 60.00
2025-06-04 05:48:04,261 - log - INFO - iter:560/3333, clip_acc1=12.678571701049805, tta_acc1=12.678571701049805
2025-06-04 05:48:04,261 - log - INFO - iter:560/3333, Original Acc@1: 12.68, Acc@5: 60.54, TTA Acc@1: 12.68, Acc@5: 60.54
2025-06-04 05:48:56,757 - log - INFO - iter:580/3333, clip_acc1=12.931034088134766, tta_acc1=12.931034088134766
2025-06-04 05:48:56,757 - log - INFO - iter:580/3333, Original Acc@1: 12.93, Acc@5: 61.55, TTA Acc@1: 12.93, Acc@5: 61.55
2025-06-04 05:49:48,607 - log - INFO - iter:600/3333, clip_acc1=13.166666984558105, tta_acc1=13.166666984558105
2025-06-04 05:49:48,607 - log - INFO - iter:600/3333, Original Acc@1: 13.17, Acc@5: 62.33, TTA Acc@1: 13.17, Acc@5: 62.33
2025-06-04 05:50:40,239 - log - INFO - iter:620/3333, clip_acc1=12.741935729980469, tta_acc1=12.741935729980469
2025-06-04 05:50:40,239 - log - INFO - iter:620/3333, Original Acc@1: 12.74, Acc@5: 63.06, TTA Acc@1: 12.74, Acc@5: 63.06
2025-06-04 05:51:32,609 - log - INFO - iter:640/3333, clip_acc1=12.65625, tta_acc1=12.65625
2025-06-04 05:51:32,610 - log - INFO - iter:640/3333, Original Acc@1: 12.66, Acc@5: 63.28, TTA Acc@1: 12.66, Acc@5: 63.28
2025-06-04 05:52:24,181 - log - INFO - iter:660/3333, clip_acc1=12.272727012634277, tta_acc1=12.272727012634277
2025-06-04 05:52:24,181 - log - INFO - iter:660/3333, Original Acc@1: 12.27, Acc@5: 61.82, TTA Acc@1: 12.27, Acc@5: 61.82
2025-06-04 05:53:15,723 - log - INFO - iter:680/3333, clip_acc1=11.911765098571777, tta_acc1=11.911765098571777
2025-06-04 05:53:15,723 - log - INFO - iter:680/3333, Original Acc@1: 11.91, Acc@5: 61.18, TTA Acc@1: 11.91, Acc@5: 61.18
2025-06-04 05:54:07,838 - log - INFO - iter:700/3333, clip_acc1=11.714285850524902, tta_acc1=11.714285850524902
2025-06-04 05:54:07,839 - log - INFO - iter:700/3333, Original Acc@1: 11.71, Acc@5: 61.14, TTA Acc@1: 11.71, Acc@5: 61.14
2025-06-04 05:54:59,451 - log - INFO - iter:720/3333, clip_acc1=11.527777671813965, tta_acc1=11.527777671813965
2025-06-04 05:54:59,452 - log - INFO - iter:720/3333, Original Acc@1: 11.53, Acc@5: 60.00, TTA Acc@1: 11.53, Acc@5: 60.00
2025-06-04 05:55:50,685 - log - INFO - iter:740/3333, clip_acc1=11.621622085571289, tta_acc1=11.621622085571289
2025-06-04 05:55:50,685 - log - INFO - iter:740/3333, Original Acc@1: 11.62, Acc@5: 59.73, TTA Acc@1: 11.62, Acc@5: 59.73
2025-06-04 05:56:42,970 - log - INFO - iter:760/3333, clip_acc1=11.973684310913086, tta_acc1=11.973684310913086
2025-06-04 05:56:42,970 - log - INFO - iter:760/3333, Original Acc@1: 11.97, Acc@5: 59.34, TTA Acc@1: 11.97, Acc@5: 59.34
2025-06-04 05:57:35,532 - log - INFO - iter:780/3333, clip_acc1=12.05128288269043, tta_acc1=12.05128288269043
2025-06-04 05:57:35,533 - log - INFO - iter:780/3333, Original Acc@1: 12.05, Acc@5: 59.36, TTA Acc@1: 12.05, Acc@5: 59.36
2025-06-04 05:58:27,235 - log - INFO - iter:800/3333, clip_acc1=11.75, tta_acc1=11.75
2025-06-04 05:58:27,235 - log - INFO - iter:800/3333, Original Acc@1: 11.75, Acc@5: 59.12, TTA Acc@1: 11.75, Acc@5: 59.12
2025-06-04 05:59:18,653 - log - INFO - iter:820/3333, clip_acc1=13.04878044128418, tta_acc1=13.04878044128418
2025-06-04 05:59:18,654 - log - INFO - iter:820/3333, Original Acc@1: 13.05, Acc@5: 59.63, TTA Acc@1: 13.05, Acc@5: 59.63
2025-06-04 06:00:11,533 - log - INFO - iter:840/3333, clip_acc1=13.333333969116211, tta_acc1=13.333333969116211
2025-06-04 06:00:11,534 - log - INFO - iter:840/3333, Original Acc@1: 13.33, Acc@5: 59.52, TTA Acc@1: 13.33, Acc@5: 59.52
2025-06-04 06:01:02,910 - log - INFO - iter:860/3333, clip_acc1=13.139534950256348, tta_acc1=13.139534950256348
2025-06-04 06:01:02,910 - log - INFO - iter:860/3333, Original Acc@1: 13.14, Acc@5: 59.30, TTA Acc@1: 13.14, Acc@5: 59.30
2025-06-04 06:01:54,914 - log - INFO - iter:880/3333, clip_acc1=13.068181037902832, tta_acc1=13.068181037902832
2025-06-04 06:01:54,914 - log - INFO - iter:880/3333, Original Acc@1: 13.07, Acc@5: 58.86, TTA Acc@1: 13.07, Acc@5: 58.86
2025-06-04 06:02:47,119 - log - INFO - iter:900/3333, clip_acc1=13.222222328186035, tta_acc1=13.222222328186035
2025-06-04 06:02:47,120 - log - INFO - iter:900/3333, Original Acc@1: 13.22, Acc@5: 58.44, TTA Acc@1: 13.22, Acc@5: 58.44
2025-06-04 06:03:38,755 - log - INFO - iter:920/3333, clip_acc1=13.043478012084961, tta_acc1=13.043478012084961
2025-06-04 06:03:38,756 - log - INFO - iter:920/3333, Original Acc@1: 13.04, Acc@5: 58.37, TTA Acc@1: 13.04, Acc@5: 58.37
2025-06-04 06:04:30,741 - log - INFO - iter:940/3333, clip_acc1=12.872340202331543, tta_acc1=12.872340202331543
2025-06-04 06:04:30,741 - log - INFO - iter:940/3333, Original Acc@1: 12.87, Acc@5: 57.55, TTA Acc@1: 12.87, Acc@5: 57.55
2025-06-04 06:05:22,922 - log - INFO - iter:960/3333, clip_acc1=12.604166984558105, tta_acc1=12.604166984558105
2025-06-04 06:05:22,922 - log - INFO - iter:960/3333, Original Acc@1: 12.60, Acc@5: 56.88, TTA Acc@1: 12.60, Acc@5: 56.88
2025-06-04 06:06:14,697 - log - INFO - iter:980/3333, clip_acc1=12.551019668579102, tta_acc1=12.551019668579102
2025-06-04 06:06:14,697 - log - INFO - iter:980/3333, Original Acc@1: 12.55, Acc@5: 56.53, TTA Acc@1: 12.55, Acc@5: 56.53
2025-06-04 06:07:06,301 - log - INFO - iter:1000/3333, clip_acc1=12.500000953674316, tta_acc1=12.500000953674316
2025-06-04 06:07:06,301 - log - INFO - iter:1000/3333, Original Acc@1: 12.50, Acc@5: 56.70, TTA Acc@1: 12.50, Acc@5: 56.70
2025-06-04 06:07:58,495 - log - INFO - iter:1020/3333, clip_acc1=12.254902839660645, tta_acc1=12.254902839660645
2025-06-04 06:07:58,496 - log - INFO - iter:1020/3333, Original Acc@1: 12.25, Acc@5: 56.47, TTA Acc@1: 12.25, Acc@5: 56.47
2025-06-04 06:08:50,588 - log - INFO - iter:1040/3333, clip_acc1=12.019230842590332, tta_acc1=12.019230842590332
2025-06-04 06:08:50,588 - log - INFO - iter:1040/3333, Original Acc@1: 12.02, Acc@5: 56.63, TTA Acc@1: 12.02, Acc@5: 56.63
2025-06-04 06:09:42,466 - log - INFO - iter:1060/3333, clip_acc1=11.792452812194824, tta_acc1=11.792452812194824
2025-06-04 06:09:42,467 - log - INFO - iter:1060/3333, Original Acc@1: 11.79, Acc@5: 56.79, TTA Acc@1: 11.79, Acc@5: 56.79
2025-06-04 06:10:34,044 - log - INFO - iter:1080/3333, clip_acc1=12.037036895751953, tta_acc1=12.037036895751953
2025-06-04 06:10:34,044 - log - INFO - iter:1080/3333, Original Acc@1: 12.04, Acc@5: 56.85, TTA Acc@1: 12.04, Acc@5: 56.85
2025-06-04 06:11:26,295 - log - INFO - iter:1100/3333, clip_acc1=12.363636016845703, tta_acc1=12.363636016845703
2025-06-04 06:11:26,295 - log - INFO - iter:1100/3333, Original Acc@1: 12.36, Acc@5: 57.45, TTA Acc@1: 12.36, Acc@5: 57.45
2025-06-04 06:12:18,350 - log - INFO - iter:1120/3333, clip_acc1=12.767857551574707, tta_acc1=12.767857551574707
2025-06-04 06:12:18,350 - log - INFO - iter:1120/3333, Original Acc@1: 12.77, Acc@5: 57.32, TTA Acc@1: 12.77, Acc@5: 57.32
2025-06-04 06:13:10,565 - log - INFO - iter:1140/3333, clip_acc1=13.070176124572754, tta_acc1=13.070176124572754
2025-06-04 06:13:10,566 - log - INFO - iter:1140/3333, Original Acc@1: 13.07, Acc@5: 57.46, TTA Acc@1: 13.07, Acc@5: 57.46
2025-06-04 06:14:02,435 - log - INFO - iter:1160/3333, clip_acc1=13.103447914123535, tta_acc1=13.103447914123535
2025-06-04 06:14:02,435 - log - INFO - iter:1160/3333, Original Acc@1: 13.10, Acc@5: 58.10, TTA Acc@1: 13.10, Acc@5: 58.10
2025-06-04 06:14:55,018 - log - INFO - iter:1180/3333, clip_acc1=13.050847053527832, tta_acc1=13.050847053527832
2025-06-04 06:14:55,018 - log - INFO - iter:1180/3333, Original Acc@1: 13.05, Acc@5: 58.56, TTA Acc@1: 13.05, Acc@5: 58.56
2025-06-04 06:15:46,469 - log - INFO - iter:1200/3333, clip_acc1=12.833333969116211, tta_acc1=12.833333969116211
2025-06-04 06:15:46,469 - log - INFO - iter:1200/3333, Original Acc@1: 12.83, Acc@5: 58.75, TTA Acc@1: 12.83, Acc@5: 58.75
2025-06-04 06:16:38,860 - log - INFO - iter:1220/3333, clip_acc1=12.622950553894043, tta_acc1=12.622950553894043
2025-06-04 06:16:38,861 - log - INFO - iter:1220/3333, Original Acc@1: 12.62, Acc@5: 57.79, TTA Acc@1: 12.62, Acc@5: 57.79
2025-06-04 06:17:30,903 - log - INFO - iter:1240/3333, clip_acc1=12.580644607543945, tta_acc1=12.580644607543945
2025-06-04 06:17:30,903 - log - INFO - iter:1240/3333, Original Acc@1: 12.58, Acc@5: 57.34, TTA Acc@1: 12.58, Acc@5: 57.34
2025-06-04 06:18:22,349 - log - INFO - iter:1260/3333, clip_acc1=12.619048118591309, tta_acc1=12.619048118591309
2025-06-04 06:18:22,349 - log - INFO - iter:1260/3333, Original Acc@1: 12.62, Acc@5: 57.78, TTA Acc@1: 12.62, Acc@5: 57.78
2025-06-04 06:19:14,032 - log - INFO - iter:1280/3333, clip_acc1=12.8125, tta_acc1=12.8125
2025-06-04 06:19:14,033 - log - INFO - iter:1280/3333, Original Acc@1: 12.81, Acc@5: 57.97, TTA Acc@1: 12.81, Acc@5: 57.97
2025-06-04 06:20:06,296 - log - INFO - iter:1300/3333, clip_acc1=13.076923370361328, tta_acc1=13.076923370361328
2025-06-04 06:20:06,296 - log - INFO - iter:1300/3333, Original Acc@1: 13.08, Acc@5: 58.23, TTA Acc@1: 13.08, Acc@5: 58.23
2025-06-04 06:20:58,669 - log - INFO - iter:1320/3333, clip_acc1=13.030303001403809, tta_acc1=13.030303001403809
2025-06-04 06:20:58,669 - log - INFO - iter:1320/3333, Original Acc@1: 13.03, Acc@5: 58.48, TTA Acc@1: 13.03, Acc@5: 58.48
2025-06-04 06:21:50,423 - log - INFO - iter:1340/3333, clip_acc1=13.358208656311035, tta_acc1=13.358208656311035
2025-06-04 06:21:50,423 - log - INFO - iter:1340/3333, Original Acc@1: 13.36, Acc@5: 58.81, TTA Acc@1: 13.36, Acc@5: 58.81
2025-06-04 06:22:41,844 - log - INFO - iter:1360/3333, clip_acc1=13.308823585510254, tta_acc1=13.308823585510254
2025-06-04 06:22:41,844 - log - INFO - iter:1360/3333, Original Acc@1: 13.31, Acc@5: 59.12, TTA Acc@1: 13.31, Acc@5: 59.12
2025-06-04 06:23:33,502 - log - INFO - iter:1380/3333, clip_acc1=13.260869979858398, tta_acc1=13.260869979858398
2025-06-04 06:23:33,502 - log - INFO - iter:1380/3333, Original Acc@1: 13.26, Acc@5: 59.06, TTA Acc@1: 13.26, Acc@5: 59.06
2025-06-04 06:24:25,863 - log - INFO - iter:1400/3333, clip_acc1=13.14285659790039, tta_acc1=13.14285659790039
2025-06-04 06:24:25,863 - log - INFO - iter:1400/3333, Original Acc@1: 13.14, Acc@5: 59.07, TTA Acc@1: 13.14, Acc@5: 59.07
2025-06-04 06:25:18,223 - log - INFO - iter:1420/3333, clip_acc1=13.9436616897583, tta_acc1=13.9436616897583
2025-06-04 06:25:18,224 - log - INFO - iter:1420/3333, Original Acc@1: 13.94, Acc@5: 59.44, TTA Acc@1: 13.94, Acc@5: 59.44
2025-06-04 06:26:10,630 - log - INFO - iter:1440/3333, clip_acc1=14.305556297302246, tta_acc1=14.305556297302246
2025-06-04 06:26:10,631 - log - INFO - iter:1440/3333, Original Acc@1: 14.31, Acc@5: 59.58, TTA Acc@1: 14.31, Acc@5: 59.58
2025-06-04 06:27:02,250 - log - INFO - iter:1460/3333, clip_acc1=14.109589576721191, tta_acc1=14.109589576721191
2025-06-04 06:27:02,250 - log - INFO - iter:1460/3333, Original Acc@1: 14.11, Acc@5: 59.25, TTA Acc@1: 14.11, Acc@5: 59.25
2025-06-04 06:27:54,460 - log - INFO - iter:1480/3333, clip_acc1=13.986486434936523, tta_acc1=13.986486434936523
2025-06-04 06:27:54,460 - log - INFO - iter:1480/3333, Original Acc@1: 13.99, Acc@5: 58.72, TTA Acc@1: 13.99, Acc@5: 58.72
2025-06-04 06:28:47,172 - log - INFO - iter:1500/3333, clip_acc1=13.800000190734863, tta_acc1=13.800000190734863
2025-06-04 06:28:47,174 - log - INFO - iter:1500/3333, Original Acc@1: 13.80, Acc@5: 58.40, TTA Acc@1: 13.80, Acc@5: 58.40
2025-06-04 06:29:39,565 - log - INFO - iter:1520/3333, clip_acc1=14.013158798217773, tta_acc1=14.013158798217773
2025-06-04 06:29:39,565 - log - INFO - iter:1520/3333, Original Acc@1: 14.01, Acc@5: 58.16, TTA Acc@1: 14.01, Acc@5: 58.16
2025-06-04 06:30:31,850 - log - INFO - iter:1540/3333, clip_acc1=13.961038589477539, tta_acc1=13.961038589477539
2025-06-04 06:30:31,850 - log - INFO - iter:1540/3333, Original Acc@1: 13.96, Acc@5: 57.99, TTA Acc@1: 13.96, Acc@5: 57.99
2025-06-04 06:31:23,885 - log - INFO - iter:1560/3333, clip_acc1=13.910256385803223, tta_acc1=13.910256385803223
2025-06-04 06:31:23,885 - log - INFO - iter:1560/3333, Original Acc@1: 13.91, Acc@5: 57.82, TTA Acc@1: 13.91, Acc@5: 57.82
2025-06-04 06:32:15,532 - log - INFO - iter:1580/3333, clip_acc1=14.177215576171875, tta_acc1=14.177215576171875
2025-06-04 06:32:15,533 - log - INFO - iter:1580/3333, Original Acc@1: 14.18, Acc@5: 58.16, TTA Acc@1: 14.18, Acc@5: 58.16
2025-06-04 06:33:07,475 - log - INFO - iter:1600/3333, clip_acc1=14.4375, tta_acc1=14.4375
2025-06-04 06:33:07,475 - log - INFO - iter:1600/3333, Original Acc@1: 14.44, Acc@5: 58.56, TTA Acc@1: 14.44, Acc@5: 58.56
2025-06-04 06:33:59,415 - log - INFO - iter:1620/3333, clip_acc1=14.753087043762207, tta_acc1=14.753087043762207
2025-06-04 06:33:59,416 - log - INFO - iter:1620/3333, Original Acc@1: 14.75, Acc@5: 58.77, TTA Acc@1: 14.75, Acc@5: 58.77
2025-06-04 06:34:52,071 - log - INFO - iter:1640/3333, clip_acc1=15.12195110321045, tta_acc1=15.12195110321045
2025-06-04 06:34:52,072 - log - INFO - iter:1640/3333, Original Acc@1: 15.12, Acc@5: 59.09, TTA Acc@1: 15.12, Acc@5: 59.09
2025-06-04 06:35:43,703 - log - INFO - iter:1660/3333, clip_acc1=15.481927871704102, tta_acc1=15.481927871704102
2025-06-04 06:35:43,703 - log - INFO - iter:1660/3333, Original Acc@1: 15.48, Acc@5: 59.46, TTA Acc@1: 15.48, Acc@5: 59.46
2025-06-04 06:36:35,748 - log - INFO - iter:1680/3333, clip_acc1=15.654762268066406, tta_acc1=15.654762268066406
2025-06-04 06:36:35,748 - log - INFO - iter:1680/3333, Original Acc@1: 15.65, Acc@5: 59.64, TTA Acc@1: 15.65, Acc@5: 59.64
2025-06-04 06:37:27,358 - log - INFO - iter:1700/3333, clip_acc1=15.470587730407715, tta_acc1=15.470587730407715
2025-06-04 06:37:27,358 - log - INFO - iter:1700/3333, Original Acc@1: 15.47, Acc@5: 59.47, TTA Acc@1: 15.47, Acc@5: 59.47
2025-06-04 06:38:19,516 - log - INFO - iter:1720/3333, clip_acc1=15.465116500854492, tta_acc1=15.465116500854492
2025-06-04 06:38:19,516 - log - INFO - iter:1720/3333, Original Acc@1: 15.47, Acc@5: 59.42, TTA Acc@1: 15.47, Acc@5: 59.42
2025-06-04 06:39:11,964 - log - INFO - iter:1740/3333, clip_acc1=15.459770202636719, tta_acc1=15.459770202636719
2025-06-04 06:39:11,964 - log - INFO - iter:1740/3333, Original Acc@1: 15.46, Acc@5: 59.43, TTA Acc@1: 15.46, Acc@5: 59.43
2025-06-04 06:40:03,816 - log - INFO - iter:1760/3333, clip_acc1=15.340909004211426, tta_acc1=15.340909004211426
2025-06-04 06:40:03,816 - log - INFO - iter:1760/3333, Original Acc@1: 15.34, Acc@5: 59.26, TTA Acc@1: 15.34, Acc@5: 59.26
2025-06-04 06:40:55,643 - log - INFO - iter:1780/3333, clip_acc1=15.224719047546387, tta_acc1=15.224719047546387
2025-06-04 06:40:55,643 - log - INFO - iter:1780/3333, Original Acc@1: 15.22, Acc@5: 59.38, TTA Acc@1: 15.22, Acc@5: 59.38
2025-06-04 06:41:48,004 - log - INFO - iter:1800/3333, clip_acc1=15.277777671813965, tta_acc1=15.277777671813965
2025-06-04 06:41:48,004 - log - INFO - iter:1800/3333, Original Acc@1: 15.28, Acc@5: 59.56, TTA Acc@1: 15.28, Acc@5: 59.56
2025-06-04 06:42:40,265 - log - INFO - iter:1820/3333, clip_acc1=15.439560890197754, tta_acc1=15.439560890197754
2025-06-04 06:42:40,265 - log - INFO - iter:1820/3333, Original Acc@1: 15.44, Acc@5: 59.51, TTA Acc@1: 15.44, Acc@5: 59.51
2025-06-04 06:43:31,815 - log - INFO - iter:1840/3333, clip_acc1=15.760869026184082, tta_acc1=15.760869026184082
2025-06-04 06:43:31,815 - log - INFO - iter:1840/3333, Original Acc@1: 15.76, Acc@5: 59.73, TTA Acc@1: 15.76, Acc@5: 59.73
2025-06-04 06:44:23,796 - log - INFO - iter:1860/3333, clip_acc1=16.129032135009766, tta_acc1=16.129032135009766
2025-06-04 06:44:23,797 - log - INFO - iter:1860/3333, Original Acc@1: 16.13, Acc@5: 59.78, TTA Acc@1: 16.13, Acc@5: 59.78
2025-06-04 06:45:15,657 - log - INFO - iter:1880/3333, clip_acc1=16.170211791992188, tta_acc1=16.170211791992188
2025-06-04 06:45:15,658 - log - INFO - iter:1880/3333, Original Acc@1: 16.17, Acc@5: 60.00, TTA Acc@1: 16.17, Acc@5: 60.00
2025-06-04 06:46:07,814 - log - INFO - iter:1900/3333, clip_acc1=16.26315689086914, tta_acc1=16.26315689086914
2025-06-04 06:46:07,814 - log - INFO - iter:1900/3333, Original Acc@1: 16.26, Acc@5: 60.26, TTA Acc@1: 16.26, Acc@5: 60.26
2025-06-04 06:46:59,670 - log - INFO - iter:1920/3333, clip_acc1=16.666667938232422, tta_acc1=16.666667938232422
2025-06-04 06:46:59,671 - log - INFO - iter:1920/3333, Original Acc@1: 16.67, Acc@5: 60.57, TTA Acc@1: 16.67, Acc@5: 60.57
2025-06-04 06:47:51,726 - log - INFO - iter:1940/3333, clip_acc1=16.907217025756836, tta_acc1=16.907217025756836
2025-06-04 06:47:51,726 - log - INFO - iter:1940/3333, Original Acc@1: 16.91, Acc@5: 60.88, TTA Acc@1: 16.91, Acc@5: 60.88
2025-06-04 06:48:43,151 - log - INFO - iter:1960/3333, clip_acc1=16.73469352722168, tta_acc1=16.73469352722168
2025-06-04 06:48:43,152 - log - INFO - iter:1960/3333, Original Acc@1: 16.73, Acc@5: 61.12, TTA Acc@1: 16.73, Acc@5: 61.12
2025-06-04 06:49:35,253 - log - INFO - iter:1980/3333, clip_acc1=16.717172622680664, tta_acc1=16.717172622680664
2025-06-04 06:49:35,253 - log - INFO - iter:1980/3333, Original Acc@1: 16.72, Acc@5: 61.31, TTA Acc@1: 16.72, Acc@5: 61.31
2025-06-04 06:50:27,661 - log - INFO - iter:2000/3333, clip_acc1=16.850000381469727, tta_acc1=16.850000381469727
2025-06-04 06:50:27,662 - log - INFO - iter:2000/3333, Original Acc@1: 16.85, Acc@5: 61.60, TTA Acc@1: 16.85, Acc@5: 61.60
2025-06-04 06:51:19,322 - log - INFO - iter:2020/3333, clip_acc1=17.079208374023438, tta_acc1=17.079208374023438
2025-06-04 06:51:19,322 - log - INFO - iter:2020/3333, Original Acc@1: 17.08, Acc@5: 61.98, TTA Acc@1: 17.08, Acc@5: 61.98
2025-06-04 06:52:11,273 - log - INFO - iter:2040/3333, clip_acc1=17.45098114013672, tta_acc1=17.45098114013672
2025-06-04 06:52:11,273 - log - INFO - iter:2040/3333, Original Acc@1: 17.45, Acc@5: 62.35, TTA Acc@1: 17.45, Acc@5: 62.35
2025-06-04 06:53:02,715 - log - INFO - iter:2060/3333, clip_acc1=17.864078521728516, tta_acc1=17.864078521728516
2025-06-04 06:53:02,715 - log - INFO - iter:2060/3333, Original Acc@1: 17.86, Acc@5: 62.62, TTA Acc@1: 17.86, Acc@5: 62.62
2025-06-04 06:53:54,409 - log - INFO - iter:2080/3333, clip_acc1=17.884614944458008, tta_acc1=17.884614944458008
2025-06-04 06:53:54,410 - log - INFO - iter:2080/3333, Original Acc@1: 17.88, Acc@5: 62.31, TTA Acc@1: 17.88, Acc@5: 62.31
2025-06-04 06:54:46,332 - log - INFO - iter:2100/3333, clip_acc1=17.714284896850586, tta_acc1=17.714284896850586
2025-06-04 06:54:46,333 - log - INFO - iter:2100/3333, Original Acc@1: 17.71, Acc@5: 61.71, TTA Acc@1: 17.71, Acc@5: 61.71
2025-06-04 06:55:38,196 - log - INFO - iter:2120/3333, clip_acc1=17.59433937072754, tta_acc1=17.59433937072754
2025-06-04 06:55:38,196 - log - INFO - iter:2120/3333, Original Acc@1: 17.59, Acc@5: 61.79, TTA Acc@1: 17.59, Acc@5: 61.79
2025-06-04 06:56:30,853 - log - INFO - iter:2140/3333, clip_acc1=17.47663688659668, tta_acc1=17.47663688659668
2025-06-04 06:56:30,853 - log - INFO - iter:2140/3333, Original Acc@1: 17.48, Acc@5: 61.78, TTA Acc@1: 17.48, Acc@5: 61.78
2025-06-04 06:57:23,294 - log - INFO - iter:2160/3333, clip_acc1=17.3148136138916, tta_acc1=17.3148136138916
2025-06-04 06:57:23,294 - log - INFO - iter:2160/3333, Original Acc@1: 17.31, Acc@5: 61.20, TTA Acc@1: 17.31, Acc@5: 61.20
2025-06-04 06:58:16,007 - log - INFO - iter:2180/3333, clip_acc1=17.339448928833008, tta_acc1=17.339448928833008
2025-06-04 06:58:16,007 - log - INFO - iter:2180/3333, Original Acc@1: 17.34, Acc@5: 61.15, TTA Acc@1: 17.34, Acc@5: 61.15
2025-06-04 06:59:08,195 - log - INFO - iter:2200/3333, clip_acc1=17.31818199157715, tta_acc1=17.31818199157715
2025-06-04 06:59:08,195 - log - INFO - iter:2200/3333, Original Acc@1: 17.32, Acc@5: 61.41, TTA Acc@1: 17.32, Acc@5: 61.41
2025-06-04 07:00:00,282 - log - INFO - iter:2220/3333, clip_acc1=17.16216278076172, tta_acc1=17.16216278076172
2025-06-04 07:00:00,283 - log - INFO - iter:2220/3333, Original Acc@1: 17.16, Acc@5: 61.08, TTA Acc@1: 17.16, Acc@5: 61.08
2025-06-04 07:00:52,276 - log - INFO - iter:2240/3333, clip_acc1=17.008928298950195, tta_acc1=17.008928298950195
2025-06-04 07:00:52,277 - log - INFO - iter:2240/3333, Original Acc@1: 17.01, Acc@5: 60.67, TTA Acc@1: 17.01, Acc@5: 60.67
2025-06-04 07:01:44,568 - log - INFO - iter:2260/3333, clip_acc1=16.85840606689453, tta_acc1=16.85840606689453
2025-06-04 07:01:44,568 - log - INFO - iter:2260/3333, Original Acc@1: 16.86, Acc@5: 60.31, TTA Acc@1: 16.86, Acc@5: 60.31
2025-06-04 07:02:36,370 - log - INFO - iter:2280/3333, clip_acc1=16.710527420043945, tta_acc1=16.710527420043945
2025-06-04 07:02:36,371 - log - INFO - iter:2280/3333, Original Acc@1: 16.71, Acc@5: 60.13, TTA Acc@1: 16.71, Acc@5: 60.13
2025-06-04 07:03:28,152 - log - INFO - iter:2300/3333, clip_acc1=16.565217971801758, tta_acc1=16.565217971801758
2025-06-04 07:03:28,152 - log - INFO - iter:2300/3333, Original Acc@1: 16.57, Acc@5: 60.13, TTA Acc@1: 16.57, Acc@5: 60.13
2025-06-04 07:04:20,248 - log - INFO - iter:2320/3333, clip_acc1=16.63793182373047, tta_acc1=16.63793182373047
2025-06-04 07:04:20,248 - log - INFO - iter:2320/3333, Original Acc@1: 16.64, Acc@5: 60.17, TTA Acc@1: 16.64, Acc@5: 60.17
2025-06-04 07:05:13,037 - log - INFO - iter:2340/3333, clip_acc1=16.623931884765625, tta_acc1=16.623931884765625
2025-06-04 07:05:13,038 - log - INFO - iter:2340/3333, Original Acc@1: 16.62, Acc@5: 60.04, TTA Acc@1: 16.62, Acc@5: 60.04
2025-06-04 07:06:05,262 - log - INFO - iter:2360/3333, clip_acc1=16.61016845703125, tta_acc1=16.61016845703125
2025-06-04 07:06:05,263 - log - INFO - iter:2360/3333, Original Acc@1: 16.61, Acc@5: 59.83, TTA Acc@1: 16.61, Acc@5: 59.83
2025-06-04 07:06:57,966 - log - INFO - iter:2380/3333, clip_acc1=16.848739624023438, tta_acc1=16.848739624023438
2025-06-04 07:06:57,967 - log - INFO - iter:2380/3333, Original Acc@1: 16.85, Acc@5: 60.00, TTA Acc@1: 16.85, Acc@5: 60.00
2025-06-04 07:07:49,392 - log - INFO - iter:2400/3333, clip_acc1=17.125, tta_acc1=17.125
2025-06-04 07:07:49,392 - log - INFO - iter:2400/3333, Original Acc@1: 17.12, Acc@5: 60.33, TTA Acc@1: 17.12, Acc@5: 60.33
2025-06-04 07:08:41,541 - log - INFO - iter:2420/3333, clip_acc1=17.76859474182129, tta_acc1=17.76859474182129
2025-06-04 07:08:41,542 - log - INFO - iter:2420/3333, Original Acc@1: 17.77, Acc@5: 60.66, TTA Acc@1: 17.77, Acc@5: 60.66
2025-06-04 07:09:33,825 - log - INFO - iter:2440/3333, clip_acc1=18.401639938354492, tta_acc1=18.401639938354492
2025-06-04 07:09:33,826 - log - INFO - iter:2440/3333, Original Acc@1: 18.40, Acc@5: 60.98, TTA Acc@1: 18.40, Acc@5: 60.98
2025-06-04 07:10:25,545 - log - INFO - iter:2460/3333, clip_acc1=19.024389266967773, tta_acc1=19.024389266967773
2025-06-04 07:10:25,545 - log - INFO - iter:2460/3333, Original Acc@1: 19.02, Acc@5: 61.26, TTA Acc@1: 19.02, Acc@5: 61.26
2025-06-04 07:11:18,207 - log - INFO - iter:2480/3333, clip_acc1=19.112903594970703, tta_acc1=19.112903594970703
2025-06-04 07:11:18,207 - log - INFO - iter:2480/3333, Original Acc@1: 19.11, Acc@5: 61.29, TTA Acc@1: 19.11, Acc@5: 61.29
2025-06-04 07:12:10,214 - log - INFO - iter:2500/3333, clip_acc1=18.959999084472656, tta_acc1=18.959999084472656
2025-06-04 07:12:10,215 - log - INFO - iter:2500/3333, Original Acc@1: 18.96, Acc@5: 61.20, TTA Acc@1: 18.96, Acc@5: 61.20
2025-06-04 07:13:02,030 - log - INFO - iter:2520/3333, clip_acc1=19.08730125427246, tta_acc1=19.08730125427246
2025-06-04 07:13:02,030 - log - INFO - iter:2520/3333, Original Acc@1: 19.09, Acc@5: 61.31, TTA Acc@1: 19.09, Acc@5: 61.31
2025-06-04 07:13:54,839 - log - INFO - iter:2540/3333, clip_acc1=19.173229217529297, tta_acc1=19.173229217529297
2025-06-04 07:13:54,839 - log - INFO - iter:2540/3333, Original Acc@1: 19.17, Acc@5: 61.42, TTA Acc@1: 19.17, Acc@5: 61.42
2025-06-04 07:14:46,982 - log - INFO - iter:2560/3333, clip_acc1=19.3359375, tta_acc1=19.3359375
2025-06-04 07:14:46,983 - log - INFO - iter:2560/3333, Original Acc@1: 19.34, Acc@5: 61.52, TTA Acc@1: 19.34, Acc@5: 61.52
2025-06-04 07:15:38,324 - log - INFO - iter:2580/3333, clip_acc1=19.379844665527344, tta_acc1=19.379844665527344
2025-06-04 07:15:38,324 - log - INFO - iter:2580/3333, Original Acc@1: 19.38, Acc@5: 61.67, TTA Acc@1: 19.38, Acc@5: 61.67
2025-06-04 07:16:30,844 - log - INFO - iter:2600/3333, clip_acc1=19.384614944458008, tta_acc1=19.384614944458008
2025-06-04 07:16:30,845 - log - INFO - iter:2600/3333, Original Acc@1: 19.38, Acc@5: 61.85, TTA Acc@1: 19.38, Acc@5: 61.85
2025-06-04 07:17:22,644 - log - INFO - iter:2620/3333, clip_acc1=19.61832046508789, tta_acc1=19.61832046508789
2025-06-04 07:17:22,644 - log - INFO - iter:2620/3333, Original Acc@1: 19.62, Acc@5: 61.91, TTA Acc@1: 19.62, Acc@5: 61.91
2025-06-04 07:18:14,232 - log - INFO - iter:2640/3333, clip_acc1=19.659090042114258, tta_acc1=19.659090042114258
2025-06-04 07:18:14,233 - log - INFO - iter:2640/3333, Original Acc@1: 19.66, Acc@5: 61.93, TTA Acc@1: 19.66, Acc@5: 61.93
2025-06-04 07:19:06,690 - log - INFO - iter:2660/3333, clip_acc1=19.624059677124023, tta_acc1=19.624059677124023
2025-06-04 07:19:06,690 - log - INFO - iter:2660/3333, Original Acc@1: 19.62, Acc@5: 61.77, TTA Acc@1: 19.62, Acc@5: 61.77
2025-06-04 07:19:58,512 - log - INFO - iter:2680/3333, clip_acc1=19.477611541748047, tta_acc1=19.477611541748047
2025-06-04 07:19:58,513 - log - INFO - iter:2680/3333, Original Acc@1: 19.48, Acc@5: 61.75, TTA Acc@1: 19.48, Acc@5: 61.75
2025-06-04 07:20:50,946 - log - INFO - iter:2700/3333, clip_acc1=19.33333396911621, tta_acc1=19.33333396911621
2025-06-04 07:20:50,946 - log - INFO - iter:2700/3333, Original Acc@1: 19.33, Acc@5: 61.81, TTA Acc@1: 19.33, Acc@5: 61.81
2025-06-04 07:21:43,907 - log - INFO - iter:2720/3333, clip_acc1=19.77941131591797, tta_acc1=19.77941131591797
2025-06-04 07:21:43,907 - log - INFO - iter:2720/3333, Original Acc@1: 19.78, Acc@5: 61.95, TTA Acc@1: 19.78, Acc@5: 61.95
2025-06-04 07:22:35,789 - log - INFO - iter:2740/3333, clip_acc1=20.291969299316406, tta_acc1=20.291969299316406
2025-06-04 07:22:35,789 - log - INFO - iter:2740/3333, Original Acc@1: 20.29, Acc@5: 62.23, TTA Acc@1: 20.29, Acc@5: 62.23
2025-06-04 07:23:27,371 - log - INFO - iter:2760/3333, clip_acc1=20.869565963745117, tta_acc1=20.869565963745117
2025-06-04 07:23:27,371 - log - INFO - iter:2760/3333, Original Acc@1: 20.87, Acc@5: 62.50, TTA Acc@1: 20.87, Acc@5: 62.50
2025-06-04 07:24:19,628 - log - INFO - iter:2780/3333, clip_acc1=20.935251235961914, tta_acc1=20.935251235961914
2025-06-04 07:24:19,628 - log - INFO - iter:2780/3333, Original Acc@1: 20.94, Acc@5: 62.52, TTA Acc@1: 20.94, Acc@5: 62.52
2025-06-04 07:25:11,331 - log - INFO - iter:2800/3333, clip_acc1=20.85714340209961, tta_acc1=20.85714340209961
2025-06-04 07:25:11,332 - log - INFO - iter:2800/3333, Original Acc@1: 20.86, Acc@5: 62.39, TTA Acc@1: 20.86, Acc@5: 62.39
2025-06-04 07:26:02,688 - log - INFO - iter:2820/3333, clip_acc1=20.815601348876953, tta_acc1=20.815601348876953
2025-06-04 07:26:02,689 - log - INFO - iter:2820/3333, Original Acc@1: 20.82, Acc@5: 62.41, TTA Acc@1: 20.82, Acc@5: 62.41
2025-06-04 07:26:54,783 - log - INFO - iter:2840/3333, clip_acc1=20.950702667236328, tta_acc1=20.950702667236328
2025-06-04 07:26:54,783 - log - INFO - iter:2840/3333, Original Acc@1: 20.95, Acc@5: 62.46, TTA Acc@1: 20.95, Acc@5: 62.46
2025-06-04 07:27:46,457 - log - INFO - iter:2860/3333, clip_acc1=20.94405746459961, tta_acc1=20.94405746459961
2025-06-04 07:27:46,457 - log - INFO - iter:2860/3333, Original Acc@1: 20.94, Acc@5: 62.34, TTA Acc@1: 20.94, Acc@5: 62.34
2025-06-04 07:28:38,588 - log - INFO - iter:2880/3333, clip_acc1=20.90277862548828, tta_acc1=20.90277862548828
2025-06-04 07:28:38,588 - log - INFO - iter:2880/3333, Original Acc@1: 20.90, Acc@5: 62.33, TTA Acc@1: 20.90, Acc@5: 62.33
2025-06-04 07:29:30,618 - log - INFO - iter:2900/3333, clip_acc1=20.827587127685547, tta_acc1=20.827587127685547
2025-06-04 07:29:30,618 - log - INFO - iter:2900/3333, Original Acc@1: 20.83, Acc@5: 62.31, TTA Acc@1: 20.83, Acc@5: 62.31
2025-06-04 07:30:22,513 - log - INFO - iter:2920/3333, clip_acc1=20.78767204284668, tta_acc1=20.78767204284668
2025-06-04 07:30:22,514 - log - INFO - iter:2920/3333, Original Acc@1: 20.79, Acc@5: 62.53, TTA Acc@1: 20.79, Acc@5: 62.53
2025-06-04 07:31:14,108 - log - INFO - iter:2940/3333, clip_acc1=20.782312393188477, tta_acc1=20.782312393188477
2025-06-04 07:31:14,109 - log - INFO - iter:2940/3333, Original Acc@1: 20.78, Acc@5: 62.59, TTA Acc@1: 20.78, Acc@5: 62.59
2025-06-04 07:32:06,104 - log - INFO - iter:2960/3333, clip_acc1=20.70945930480957, tta_acc1=20.70945930480957
2025-06-04 07:32:06,104 - log - INFO - iter:2960/3333, Original Acc@1: 20.71, Acc@5: 62.60, TTA Acc@1: 20.71, Acc@5: 62.60
2025-06-04 07:32:58,230 - log - INFO - iter:2980/3333, clip_acc1=20.738256454467773, tta_acc1=20.738256454467773
2025-06-04 07:32:58,231 - log - INFO - iter:2980/3333, Original Acc@1: 20.74, Acc@5: 62.72, TTA Acc@1: 20.74, Acc@5: 62.72
2025-06-04 07:33:50,440 - log - INFO - iter:3000/3333, clip_acc1=20.733333587646484, tta_acc1=20.733333587646484
2025-06-04 07:33:50,441 - log - INFO - iter:3000/3333, Original Acc@1: 20.73, Acc@5: 62.73, TTA Acc@1: 20.73, Acc@5: 62.73
2025-06-04 07:34:41,994 - log - INFO - iter:3020/3333, clip_acc1=20.596027374267578, tta_acc1=20.596027374267578
2025-06-04 07:34:41,994 - log - INFO - iter:3020/3333, Original Acc@1: 20.60, Acc@5: 62.42, TTA Acc@1: 20.60, Acc@5: 62.42
2025-06-04 07:35:33,946 - log - INFO - iter:3040/3333, clip_acc1=20.526317596435547, tta_acc1=20.526317596435547
2025-06-04 07:35:33,946 - log - INFO - iter:3040/3333, Original Acc@1: 20.53, Acc@5: 62.34, TTA Acc@1: 20.53, Acc@5: 62.34
2025-06-04 07:36:26,146 - log - INFO - iter:3060/3333, clip_acc1=20.686275482177734, tta_acc1=20.686275482177734
2025-06-04 07:36:26,147 - log - INFO - iter:3060/3333, Original Acc@1: 20.69, Acc@5: 62.55, TTA Acc@1: 20.69, Acc@5: 62.55
2025-06-04 07:37:17,952 - log - INFO - iter:3080/3333, clip_acc1=20.61688232421875, tta_acc1=20.61688232421875
2025-06-04 07:37:17,953 - log - INFO - iter:3080/3333, Original Acc@1: 20.62, Acc@5: 62.53, TTA Acc@1: 20.62, Acc@5: 62.53
2025-06-04 07:38:09,894 - log - INFO - iter:3100/3333, clip_acc1=20.483871459960938, tta_acc1=20.483871459960938
2025-06-04 07:38:09,894 - log - INFO - iter:3100/3333, Original Acc@1: 20.48, Acc@5: 62.48, TTA Acc@1: 20.48, Acc@5: 62.48
2025-06-04 07:39:01,553 - log - INFO - iter:3120/3333, clip_acc1=20.38461685180664, tta_acc1=20.38461685180664
2025-06-04 07:39:01,553 - log - INFO - iter:3120/3333, Original Acc@1: 20.38, Acc@5: 62.37, TTA Acc@1: 20.38, Acc@5: 62.37
2025-06-04 07:39:53,439 - log - INFO - iter:3140/3333, clip_acc1=20.350318908691406, tta_acc1=20.350318908691406
2025-06-04 07:39:53,439 - log - INFO - iter:3140/3333, Original Acc@1: 20.35, Acc@5: 62.32, TTA Acc@1: 20.35, Acc@5: 62.32
2025-06-04 07:40:44,901 - log - INFO - iter:3160/3333, clip_acc1=20.37974739074707, tta_acc1=20.37974739074707
2025-06-04 07:40:44,902 - log - INFO - iter:3160/3333, Original Acc@1: 20.38, Acc@5: 62.34, TTA Acc@1: 20.38, Acc@5: 62.34
2025-06-04 07:41:37,341 - log - INFO - iter:3180/3333, clip_acc1=20.660377502441406, tta_acc1=20.660377502441406
2025-06-04 07:41:37,341 - log - INFO - iter:3180/3333, Original Acc@1: 20.66, Acc@5: 62.48, TTA Acc@1: 20.66, Acc@5: 62.48
2025-06-04 07:42:28,914 - log - INFO - iter:3200/3333, clip_acc1=21.03125, tta_acc1=21.03125
2025-06-04 07:42:28,915 - log - INFO - iter:3200/3333, Original Acc@1: 21.03, Acc@5: 62.66, TTA Acc@1: 21.03, Acc@5: 62.66
2025-06-04 07:43:21,327 - log - INFO - iter:3220/3333, clip_acc1=20.90062141418457, tta_acc1=20.90062141418457
2025-06-04 07:43:21,327 - log - INFO - iter:3220/3333, Original Acc@1: 20.90, Acc@5: 62.45, TTA Acc@1: 20.90, Acc@5: 62.45
2025-06-04 07:44:13,045 - log - INFO - iter:3240/3333, clip_acc1=20.80246925354004, tta_acc1=20.80246925354004
2025-06-04 07:44:13,045 - log - INFO - iter:3240/3333, Original Acc@1: 20.80, Acc@5: 62.22, TTA Acc@1: 20.80, Acc@5: 62.22
2025-06-04 07:45:05,008 - log - INFO - iter:3260/3333, clip_acc1=20.674846649169922, tta_acc1=20.674846649169922
2025-06-04 07:45:05,008 - log - INFO - iter:3260/3333, Original Acc@1: 20.67, Acc@5: 61.93, TTA Acc@1: 20.67, Acc@5: 61.93
2025-06-04 07:45:56,581 - log - INFO - iter:3280/3333, clip_acc1=20.579267501831055, tta_acc1=20.579267501831055
2025-06-04 07:45:56,582 - log - INFO - iter:3280/3333, Original Acc@1: 20.58, Acc@5: 61.74, TTA Acc@1: 20.58, Acc@5: 61.74
2025-06-04 07:46:48,364 - log - INFO - iter:3300/3333, clip_acc1=20.57575798034668, tta_acc1=20.57575798034668
2025-06-04 07:46:48,365 - log - INFO - iter:3300/3333, Original Acc@1: 20.58, Acc@5: 61.58, TTA Acc@1: 20.58, Acc@5: 61.58
2025-06-04 07:47:40,007 - log - INFO - iter:3320/3333, clip_acc1=20.451807022094727, tta_acc1=20.451807022094727
2025-06-04 07:47:40,007 - log - INFO - iter:3320/3333, Original Acc@1: 20.45, Acc@5: 61.20, TTA Acc@1: 20.45, Acc@5: 61.20
2025-06-04 07:48:09,501 - log - INFO - iter:3333/3333, clip_acc1=20.37203598022461, tta_acc1=20.37203598022461
2025-06-04 07:48:09,501 - log - INFO - iter:3333/3333, Original Acc@1: 20.37, Acc@5: 60.97, TTA Acc@1: 20.37, Acc@5: 60.97
2025-06-04 07:48:09,563 - log - INFO - Final results - Original Acc@1: 20.37, Acc@5: 60.97, TTA Acc@1: 20.37, Acc@5: 60.97
2025-06-04 07:48:09,563 - log - INFO - Improvement from TTA in Acc@1 0.00, and Acc@5 0.00
2025-06-04 07:48:09,564 - log - INFO - => Acc. on testset [Aircraft]: Clean Acc @1 20.37203598022461/ TTA Clean Acc @1 20.37203598022461, Clean Acc @5 60.966094970703125/ TTA Clean Acc @5 60.966094970703125
2025-06-04 07:48:09,564 - log - INFO - Total script execution time: 8675.78 seconds (144.60 minutes)
