2025-06-06 13:25:26,087 - log - INFO - ==========================================
data:/leonardo_work/EUHPC_R04_192/fmohamma/Adversarial_Robust_Clip/atpt_data/downstream_datasets
test_sets:DTD
dataset_mode:test
arch:delta_clip_l14_224
resolution:224
workers:4
no_pin_memory:False
batch_size:64
print_freq:20
gpu:0
no_cudnn_benchmark:False
n_ctx:4
ctx_init:a_photo_of_a
tpt_loss:rtpt
seed:0
output_dir:/leonardo_work/EUHPC_R04_192/fmohamma/Adversarial_Robust_Clip/atpt_data/delta_clip_l14_224/DTD
log_output_dir:/leonardo_work/EUHPC_R04_192/fmohamma/Adversarial_Robust_Clip/ATPT/Final_Results/delta_clip_l14_224/DTD
eps:0.0
alpha:0.0
alpha_eps_ratio:4.0
steps:0
lr:0.005
selection_p:0.1
tta_steps:0
ensemble_type:vanilla
top_k:20
softmax_temp:0.01
counter_attack:True
counter_attack_type:pgd
counter_attack_steps:2
counter_attack_eps:4.0
counter_attack_alpha:1.0
counter_attack_tau_thres:0.2
counter_attack_beta:2.0
counter_attack_weighted_perturbations:True
pgd_clip_pure_i_text_embeddings:null
pgd_counter_and_clipure_i_lamda:1.0
selected_id_name:selected_topk.json
weighted_score_name:weighted_scores.json
batch_entropy_name:entropies.json
log_dir:/leonardo_work/EUHPC_R04_192/fmohamma/Adversarial_Robust_Clip/ATPT/Final_Results/delta_clip_l14_224/DTD/Clean/Counter_Attack/Eps_4_0_Steps_2_Alpha_1_0/tau_0_2_beta_2_0_weighted_pertrubation_True/No_TPT/Inference_Ensemble_vanilla

2025-06-06 13:25:26,088 - log - INFO - Use GPU: 0 for training
2025-06-06 13:28:03,020 - log - INFO - Freezing all parameters except prompt learner
2025-06-06 13:28:03,021 - log - INFO - => Model created: visual backbone delta_clip_l14_224
2025-06-06 13:28:03,028 - log - INFO - Number of test samples: 1692
2025-06-06 13:28:03,028 - log - INFO - Evaluating dataset: DTD
2025-06-06 13:28:03,030 - log - INFO - Starting evaluation with batch size: 64, selection percentage: 0.1
2025-06-06 13:28:03,030 - log - INFO - Test-time adaptation steps: 0, learning rate: 0.005
2025-06-06 13:28:03,030 - log - INFO - Using counter-attack with epsilon: 4.000000, alpha: 0.000000, steps: 2, tau_thres: 0.2, beta: 2.0, weighted perturbation: True
2025-06-06 13:28:41,946 - log - INFO - iter:20/1692, clip_acc1=0.0, tta_acc1=0.0
2025-06-06 13:28:41,946 - log - INFO - iter:20/1692, Original Acc@1: 0.00, Acc@5: 85.00, TTA Acc@1: 0.00, Acc@5: 95.00
2025-06-06 13:29:17,479 - log - INFO - iter:40/1692, clip_acc1=2.5, tta_acc1=0.0
2025-06-06 13:29:17,480 - log - INFO - iter:40/1692, Original Acc@1: 2.50, Acc@5: 82.50, TTA Acc@1: 0.00, Acc@5: 90.00
2025-06-06 13:29:52,985 - log - INFO - iter:60/1692, clip_acc1=8.333333969116211, tta_acc1=8.333333969116211
2025-06-06 13:29:52,985 - log - INFO - iter:60/1692, Original Acc@1: 8.33, Acc@5: 66.67, TTA Acc@1: 8.33, Acc@5: 76.67
2025-06-06 13:30:28,372 - log - INFO - iter:80/1692, clip_acc1=15.0, tta_acc1=13.75
2025-06-06 13:30:28,372 - log - INFO - iter:80/1692, Original Acc@1: 15.00, Acc@5: 67.50, TTA Acc@1: 13.75, Acc@5: 75.00
2025-06-06 13:31:03,879 - log - INFO - iter:100/1692, clip_acc1=22.0, tta_acc1=21.0
2025-06-06 13:31:03,880 - log - INFO - iter:100/1692, Original Acc@1: 22.00, Acc@5: 73.00, TTA Acc@1: 21.00, Acc@5: 79.00
2025-06-06 13:31:39,353 - log - INFO - iter:120/1692, clip_acc1=30.833335876464844, tta_acc1=29.166667938232422
2025-06-06 13:31:39,353 - log - INFO - iter:120/1692, Original Acc@1: 30.83, Acc@5: 77.50, TTA Acc@1: 29.17, Acc@5: 80.83
2025-06-06 13:32:15,186 - log - INFO - iter:140/1692, clip_acc1=40.0, tta_acc1=37.85714340209961
2025-06-06 13:32:15,186 - log - INFO - iter:140/1692, Original Acc@1: 40.00, Acc@5: 80.71, TTA Acc@1: 37.86, Acc@5: 83.57
2025-06-06 13:32:50,814 - log - INFO - iter:160/1692, clip_acc1=38.125, tta_acc1=36.25
2025-06-06 13:32:50,814 - log - INFO - iter:160/1692, Original Acc@1: 38.12, Acc@5: 80.00, TTA Acc@1: 36.25, Acc@5: 80.00
2025-06-06 13:33:26,324 - log - INFO - iter:180/1692, clip_acc1=37.77777862548828, tta_acc1=34.4444465637207
2025-06-06 13:33:26,324 - log - INFO - iter:180/1692, Original Acc@1: 37.78, Acc@5: 78.89, TTA Acc@1: 34.44, Acc@5: 78.89
2025-06-06 13:34:01,843 - log - INFO - iter:200/1692, clip_acc1=43.0, tta_acc1=40.5
2025-06-06 13:34:01,844 - log - INFO - iter:200/1692, Original Acc@1: 43.00, Acc@5: 80.50, TTA Acc@1: 40.50, Acc@5: 80.50
2025-06-06 13:34:37,283 - log - INFO - iter:220/1692, clip_acc1=47.727272033691406, tta_acc1=45.45454406738281
2025-06-06 13:34:37,284 - log - INFO - iter:220/1692, Original Acc@1: 47.73, Acc@5: 82.27, TTA Acc@1: 45.45, Acc@5: 82.27
2025-06-06 13:35:12,770 - log - INFO - iter:240/1692, clip_acc1=50.41666793823242, tta_acc1=48.750003814697266
2025-06-06 13:35:12,770 - log - INFO - iter:240/1692, Original Acc@1: 50.42, Acc@5: 83.75, TTA Acc@1: 48.75, Acc@5: 83.75
2025-06-06 13:35:48,147 - log - INFO - iter:260/1692, clip_acc1=52.30769348144531, tta_acc1=49.230770111083984
2025-06-06 13:35:48,147 - log - INFO - iter:260/1692, Original Acc@1: 52.31, Acc@5: 84.62, TTA Acc@1: 49.23, Acc@5: 84.62
2025-06-06 13:36:23,655 - log - INFO - iter:280/1692, clip_acc1=54.64285659790039, tta_acc1=50.35714340209961
2025-06-06 13:36:23,655 - log - INFO - iter:280/1692, Original Acc@1: 54.64, Acc@5: 85.71, TTA Acc@1: 50.36, Acc@5: 85.00
2025-06-06 13:36:59,203 - log - INFO - iter:300/1692, clip_acc1=54.66666793823242, tta_acc1=50.333335876464844
2025-06-06 13:36:59,203 - log - INFO - iter:300/1692, Original Acc@1: 54.67, Acc@5: 86.00, TTA Acc@1: 50.33, Acc@5: 85.00
2025-06-06 13:37:34,722 - log - INFO - iter:320/1692, clip_acc1=52.8125, tta_acc1=49.375
2025-06-06 13:37:34,722 - log - INFO - iter:320/1692, Original Acc@1: 52.81, Acc@5: 85.62, TTA Acc@1: 49.38, Acc@5: 85.62
2025-06-06 13:38:10,244 - log - INFO - iter:340/1692, clip_acc1=53.82353210449219, tta_acc1=49.11764907836914
2025-06-06 13:38:10,244 - log - INFO - iter:340/1692, Original Acc@1: 53.82, Acc@5: 85.29, TTA Acc@1: 49.12, Acc@5: 84.41
2025-06-06 13:38:45,698 - log - INFO - iter:360/1692, clip_acc1=54.722225189208984, tta_acc1=48.333335876464844
2025-06-06 13:38:45,698 - log - INFO - iter:360/1692, Original Acc@1: 54.72, Acc@5: 85.83, TTA Acc@1: 48.33, Acc@5: 84.17
2025-06-06 13:39:21,198 - log - INFO - iter:380/1692, clip_acc1=53.15789794921875, tta_acc1=48.15789794921875
2025-06-06 13:39:21,199 - log - INFO - iter:380/1692, Original Acc@1: 53.16, Acc@5: 86.58, TTA Acc@1: 48.16, Acc@5: 85.00
2025-06-06 13:39:56,606 - log - INFO - iter:400/1692, clip_acc1=52.75, tta_acc1=48.0
2025-06-06 13:39:56,607 - log - INFO - iter:400/1692, Original Acc@1: 52.75, Acc@5: 87.25, TTA Acc@1: 48.00, Acc@5: 85.50
2025-06-06 13:40:31,960 - log - INFO - iter:420/1692, clip_acc1=54.28571701049805, tta_acc1=50.000003814697266
2025-06-06 13:40:31,960 - log - INFO - iter:420/1692, Original Acc@1: 54.29, Acc@5: 87.86, TTA Acc@1: 50.00, Acc@5: 86.19
2025-06-06 13:41:07,483 - log - INFO - iter:440/1692, clip_acc1=55.0, tta_acc1=50.227272033691406
2025-06-06 13:41:07,483 - log - INFO - iter:440/1692, Original Acc@1: 55.00, Acc@5: 87.50, TTA Acc@1: 50.23, Acc@5: 86.14
2025-06-06 13:41:42,722 - log - INFO - iter:460/1692, clip_acc1=55.21738815307617, tta_acc1=50.43478012084961
2025-06-06 13:41:42,723 - log - INFO - iter:460/1692, Original Acc@1: 55.22, Acc@5: 87.61, TTA Acc@1: 50.43, Acc@5: 86.09
2025-06-06 13:42:18,115 - log - INFO - iter:480/1692, clip_acc1=56.04166793823242, tta_acc1=51.04166793823242
2025-06-06 13:42:18,115 - log - INFO - iter:480/1692, Original Acc@1: 56.04, Acc@5: 87.92, TTA Acc@1: 51.04, Acc@5: 86.25
2025-06-06 13:42:53,566 - log - INFO - iter:500/1692, clip_acc1=55.80000305175781, tta_acc1=50.000003814697266
2025-06-06 13:42:53,567 - log - INFO - iter:500/1692, Original Acc@1: 55.80, Acc@5: 87.60, TTA Acc@1: 50.00, Acc@5: 84.60
2025-06-06 13:43:29,045 - log - INFO - iter:520/1692, clip_acc1=54.80769348144531, tta_acc1=48.653846740722656
2025-06-06 13:43:29,045 - log - INFO - iter:520/1692, Original Acc@1: 54.81, Acc@5: 87.88, TTA Acc@1: 48.65, Acc@5: 84.04
2025-06-06 13:44:04,519 - log - INFO - iter:540/1692, clip_acc1=54.44444274902344, tta_acc1=47.22222137451172
2025-06-06 13:44:04,519 - log - INFO - iter:540/1692, Original Acc@1: 54.44, Acc@5: 87.59, TTA Acc@1: 47.22, Acc@5: 83.33
2025-06-06 13:44:39,830 - log - INFO - iter:560/1692, clip_acc1=52.5, tta_acc1=45.53571319580078
2025-06-06 13:44:39,831 - log - INFO - iter:560/1692, Original Acc@1: 52.50, Acc@5: 84.46, TTA Acc@1: 45.54, Acc@5: 80.36
2025-06-06 13:45:15,335 - log - INFO - iter:580/1692, clip_acc1=51.2068977355957, tta_acc1=44.482757568359375
2025-06-06 13:45:15,335 - log - INFO - iter:580/1692, Original Acc@1: 51.21, Acc@5: 82.24, TTA Acc@1: 44.48, Acc@5: 78.28
2025-06-06 13:45:50,831 - log - INFO - iter:600/1692, clip_acc1=50.66666793823242, tta_acc1=44.333335876464844
2025-06-06 13:45:50,832 - log - INFO - iter:600/1692, Original Acc@1: 50.67, Acc@5: 82.50, TTA Acc@1: 44.33, Acc@5: 78.83
2025-06-06 13:46:26,467 - log - INFO - iter:620/1692, clip_acc1=50.80644989013672, tta_acc1=44.67741775512695
2025-06-06 13:46:26,468 - log - INFO - iter:620/1692, Original Acc@1: 50.81, Acc@5: 82.42, TTA Acc@1: 44.68, Acc@5: 79.19
2025-06-06 13:47:02,072 - log - INFO - iter:640/1692, clip_acc1=51.40625, tta_acc1=45.46875
2025-06-06 13:47:02,072 - log - INFO - iter:640/1692, Original Acc@1: 51.41, Acc@5: 82.81, TTA Acc@1: 45.47, Acc@5: 79.69
2025-06-06 13:47:37,736 - log - INFO - iter:660/1692, clip_acc1=51.5151481628418, tta_acc1=45.909088134765625
2025-06-06 13:47:37,736 - log - INFO - iter:660/1692, Original Acc@1: 51.52, Acc@5: 82.88, TTA Acc@1: 45.91, Acc@5: 79.70
2025-06-06 13:48:13,145 - log - INFO - iter:680/1692, clip_acc1=51.32353210449219, tta_acc1=45.882354736328125
2025-06-06 13:48:13,145 - log - INFO - iter:680/1692, Original Acc@1: 51.32, Acc@5: 82.65, TTA Acc@1: 45.88, Acc@5: 79.41
2025-06-06 13:48:48,772 - log - INFO - iter:700/1692, clip_acc1=51.0, tta_acc1=45.85714340209961
2025-06-06 13:48:48,773 - log - INFO - iter:700/1692, Original Acc@1: 51.00, Acc@5: 82.71, TTA Acc@1: 45.86, Acc@5: 79.71
2025-06-06 13:49:24,447 - log - INFO - iter:720/1692, clip_acc1=50.833335876464844, tta_acc1=45.972225189208984
2025-06-06 13:49:24,447 - log - INFO - iter:720/1692, Original Acc@1: 50.83, Acc@5: 83.06, TTA Acc@1: 45.97, Acc@5: 80.00
2025-06-06 13:49:59,879 - log - INFO - iter:740/1692, clip_acc1=51.08108139038086, tta_acc1=46.08108139038086
2025-06-06 13:49:59,879 - log - INFO - iter:740/1692, Original Acc@1: 51.08, Acc@5: 83.24, TTA Acc@1: 46.08, Acc@5: 80.14
2025-06-06 13:50:35,397 - log - INFO - iter:760/1692, clip_acc1=51.71052932739258, tta_acc1=46.842105865478516
2025-06-06 13:50:35,397 - log - INFO - iter:760/1692, Original Acc@1: 51.71, Acc@5: 83.16, TTA Acc@1: 46.84, Acc@5: 80.00
2025-06-06 13:51:10,818 - log - INFO - iter:780/1692, clip_acc1=52.82051467895508, tta_acc1=47.69231033325195
2025-06-06 13:51:10,819 - log - INFO - iter:780/1692, Original Acc@1: 52.82, Acc@5: 83.59, TTA Acc@1: 47.69, Acc@5: 80.51
2025-06-06 13:51:46,259 - log - INFO - iter:800/1692, clip_acc1=52.875, tta_acc1=47.875
2025-06-06 13:51:46,259 - log - INFO - iter:800/1692, Original Acc@1: 52.88, Acc@5: 84.00, TTA Acc@1: 47.88, Acc@5: 81.00
2025-06-06 13:52:21,731 - log - INFO - iter:820/1692, clip_acc1=52.317073822021484, tta_acc1=47.317073822021484
2025-06-06 13:52:21,731 - log - INFO - iter:820/1692, Original Acc@1: 52.32, Acc@5: 84.15, TTA Acc@1: 47.32, Acc@5: 81.22
2025-06-06 13:52:57,372 - log - INFO - iter:840/1692, clip_acc1=52.142860412597656, tta_acc1=47.619049072265625
2025-06-06 13:52:57,372 - log - INFO - iter:840/1692, Original Acc@1: 52.14, Acc@5: 84.40, TTA Acc@1: 47.62, Acc@5: 81.67
2025-06-06 13:53:32,827 - log - INFO - iter:860/1692, clip_acc1=52.44186019897461, tta_acc1=48.72092819213867
2025-06-06 13:53:32,828 - log - INFO - iter:860/1692, Original Acc@1: 52.44, Acc@5: 84.77, TTA Acc@1: 48.72, Acc@5: 82.09
2025-06-06 13:54:08,391 - log - INFO - iter:880/1692, clip_acc1=51.59090805053711, tta_acc1=47.95454406738281
2025-06-06 13:54:08,391 - log - INFO - iter:880/1692, Original Acc@1: 51.59, Acc@5: 83.18, TTA Acc@1: 47.95, Acc@5: 80.68
2025-06-06 13:54:43,800 - log - INFO - iter:900/1692, clip_acc1=50.4444465637207, tta_acc1=46.88888931274414
2025-06-06 13:54:43,800 - log - INFO - iter:900/1692, Original Acc@1: 50.44, Acc@5: 81.44, TTA Acc@1: 46.89, Acc@5: 79.00
2025-06-06 13:55:19,334 - log - INFO - iter:920/1692, clip_acc1=50.65217208862305, tta_acc1=47.065216064453125
2025-06-06 13:55:19,334 - log - INFO - iter:920/1692, Original Acc@1: 50.65, Acc@5: 81.85, TTA Acc@1: 47.07, Acc@5: 79.46
2025-06-06 13:55:54,966 - log - INFO - iter:940/1692, clip_acc1=51.27659225463867, tta_acc1=47.76595687866211
2025-06-06 13:55:54,966 - log - INFO - iter:940/1692, Original Acc@1: 51.28, Acc@5: 82.23, TTA Acc@1: 47.77, Acc@5: 79.89
2025-06-06 13:56:30,507 - log - INFO - iter:960/1692, clip_acc1=52.29166793823242, tta_acc1=48.85416793823242
2025-06-06 13:56:30,507 - log - INFO - iter:960/1692, Original Acc@1: 52.29, Acc@5: 82.60, TTA Acc@1: 48.85, Acc@5: 80.31
2025-06-06 13:57:05,881 - log - INFO - iter:980/1692, clip_acc1=53.16326141357422, tta_acc1=49.69387435913086
2025-06-06 13:57:05,881 - log - INFO - iter:980/1692, Original Acc@1: 53.16, Acc@5: 82.96, TTA Acc@1: 49.69, Acc@5: 80.71
2025-06-06 13:57:41,397 - log - INFO - iter:1000/1692, clip_acc1=53.900001525878906, tta_acc1=50.400001525878906
2025-06-06 13:57:41,397 - log - INFO - iter:1000/1692, Original Acc@1: 53.90, Acc@5: 83.30, TTA Acc@1: 50.40, Acc@5: 81.10
2025-06-06 13:58:16,753 - log - INFO - iter:1020/1692, clip_acc1=53.6274528503418, tta_acc1=50.196083068847656
2025-06-06 13:58:16,753 - log - INFO - iter:1020/1692, Original Acc@1: 53.63, Acc@5: 82.94, TTA Acc@1: 50.20, Acc@5: 80.39
2025-06-06 13:58:52,410 - log - INFO - iter:1040/1692, clip_acc1=53.07692337036133, tta_acc1=49.61538314819336
2025-06-06 13:58:52,410 - log - INFO - iter:1040/1692, Original Acc@1: 53.08, Acc@5: 82.12, TTA Acc@1: 49.62, Acc@5: 79.42
2025-06-06 13:59:27,894 - log - INFO - iter:1060/1692, clip_acc1=53.30188751220703, tta_acc1=50.0
2025-06-06 13:59:27,894 - log - INFO - iter:1060/1692, Original Acc@1: 53.30, Acc@5: 82.26, TTA Acc@1: 50.00, Acc@5: 79.43
2025-06-06 14:00:03,275 - log - INFO - iter:1080/1692, clip_acc1=53.88888931274414, tta_acc1=50.5555534362793
2025-06-06 14:00:03,276 - log - INFO - iter:1080/1692, Original Acc@1: 53.89, Acc@5: 82.50, TTA Acc@1: 50.56, Acc@5: 79.81
2025-06-06 14:00:39,014 - log - INFO - iter:1100/1692, clip_acc1=54.09090805053711, tta_acc1=50.90909194946289
2025-06-06 14:00:39,014 - log - INFO - iter:1100/1692, Original Acc@1: 54.09, Acc@5: 82.82, TTA Acc@1: 50.91, Acc@5: 80.09
2025-06-06 14:01:14,446 - log - INFO - iter:1120/1692, clip_acc1=54.375, tta_acc1=51.16071319580078
2025-06-06 14:01:14,446 - log - INFO - iter:1120/1692, Original Acc@1: 54.38, Acc@5: 82.95, TTA Acc@1: 51.16, Acc@5: 80.27
2025-06-06 14:01:49,954 - log - INFO - iter:1140/1692, clip_acc1=54.21052932739258, tta_acc1=51.05263137817383
2025-06-06 14:01:49,954 - log - INFO - iter:1140/1692, Original Acc@1: 54.21, Acc@5: 83.16, TTA Acc@1: 51.05, Acc@5: 80.44
2025-06-06 14:02:25,369 - log - INFO - iter:1160/1692, clip_acc1=54.39655303955078, tta_acc1=51.2068977355957
2025-06-06 14:02:25,369 - log - INFO - iter:1160/1692, Original Acc@1: 54.40, Acc@5: 83.28, TTA Acc@1: 51.21, Acc@5: 80.52
2025-06-06 14:03:00,779 - log - INFO - iter:1180/1692, clip_acc1=55.169490814208984, tta_acc1=51.61016845703125
2025-06-06 14:03:00,779 - log - INFO - iter:1180/1692, Original Acc@1: 55.17, Acc@5: 83.56, TTA Acc@1: 51.61, Acc@5: 80.76
2025-06-06 14:03:36,281 - log - INFO - iter:1200/1692, clip_acc1=55.833335876464844, tta_acc1=52.16666793823242
2025-06-06 14:03:36,281 - log - INFO - iter:1200/1692, Original Acc@1: 55.83, Acc@5: 83.75, TTA Acc@1: 52.17, Acc@5: 81.00
2025-06-06 14:04:11,665 - log - INFO - iter:1220/1692, clip_acc1=56.14754104614258, tta_acc1=52.540985107421875
2025-06-06 14:04:11,666 - log - INFO - iter:1220/1692, Original Acc@1: 56.15, Acc@5: 83.85, TTA Acc@1: 52.54, Acc@5: 81.31
2025-06-06 14:04:47,125 - log - INFO - iter:1240/1692, clip_acc1=55.967742919921875, tta_acc1=52.17741775512695
2025-06-06 14:04:47,125 - log - INFO - iter:1240/1692, Original Acc@1: 55.97, Acc@5: 83.79, TTA Acc@1: 52.18, Acc@5: 81.21
2025-06-06 14:05:22,630 - log - INFO - iter:1260/1692, clip_acc1=55.396827697753906, tta_acc1=51.66666793823242
2025-06-06 14:05:22,631 - log - INFO - iter:1260/1692, Original Acc@1: 55.40, Acc@5: 83.65, TTA Acc@1: 51.67, Acc@5: 81.27
2025-06-06 14:05:58,102 - log - INFO - iter:1280/1692, clip_acc1=55.625, tta_acc1=51.875
2025-06-06 14:05:58,103 - log - INFO - iter:1280/1692, Original Acc@1: 55.62, Acc@5: 83.44, TTA Acc@1: 51.88, Acc@5: 81.09
2025-06-06 14:06:33,791 - log - INFO - iter:1300/1692, clip_acc1=55.846153259277344, tta_acc1=52.230770111083984
2025-06-06 14:06:33,791 - log - INFO - iter:1300/1692, Original Acc@1: 55.85, Acc@5: 83.46, TTA Acc@1: 52.23, Acc@5: 81.15
2025-06-06 14:07:09,271 - log - INFO - iter:1320/1692, clip_acc1=55.60606002807617, tta_acc1=52.04545211791992
2025-06-06 14:07:09,272 - log - INFO - iter:1320/1692, Original Acc@1: 55.61, Acc@5: 83.48, TTA Acc@1: 52.05, Acc@5: 81.06
2025-06-06 14:07:44,738 - log - INFO - iter:1340/1692, clip_acc1=55.149253845214844, tta_acc1=51.64179229736328
2025-06-06 14:07:44,738 - log - INFO - iter:1340/1692, Original Acc@1: 55.15, Acc@5: 83.36, TTA Acc@1: 51.64, Acc@5: 80.60
2025-06-06 14:08:20,201 - log - INFO - iter:1360/1692, clip_acc1=54.33823776245117, tta_acc1=51.102943420410156
2025-06-06 14:08:20,201 - log - INFO - iter:1360/1692, Original Acc@1: 54.34, Acc@5: 83.01, TTA Acc@1: 51.10, Acc@5: 80.51
2025-06-06 14:08:55,526 - log - INFO - iter:1380/1692, clip_acc1=53.695655822753906, tta_acc1=50.434783935546875
2025-06-06 14:08:55,526 - log - INFO - iter:1380/1692, Original Acc@1: 53.70, Acc@5: 82.75, TTA Acc@1: 50.43, Acc@5: 80.07
2025-06-06 14:09:31,031 - log - INFO - iter:1400/1692, clip_acc1=53.14285659790039, tta_acc1=49.85714340209961
2025-06-06 14:09:31,031 - log - INFO - iter:1400/1692, Original Acc@1: 53.14, Acc@5: 82.43, TTA Acc@1: 49.86, Acc@5: 79.50
2025-06-06 14:10:06,768 - log - INFO - iter:1420/1692, clip_acc1=53.30985641479492, tta_acc1=50.0
2025-06-06 14:10:06,769 - log - INFO - iter:1420/1692, Original Acc@1: 53.31, Acc@5: 82.39, TTA Acc@1: 50.00, Acc@5: 79.51
2025-06-06 14:10:42,330 - log - INFO - iter:1440/1692, clip_acc1=53.54166793823242, tta_acc1=50.41666793823242
2025-06-06 14:10:42,331 - log - INFO - iter:1440/1692, Original Acc@1: 53.54, Acc@5: 82.64, TTA Acc@1: 50.42, Acc@5: 79.72
2025-06-06 14:11:17,736 - log - INFO - iter:1460/1692, clip_acc1=53.97260284423828, tta_acc1=50.82191848754883
2025-06-06 14:11:17,736 - log - INFO - iter:1460/1692, Original Acc@1: 53.97, Acc@5: 82.88, TTA Acc@1: 50.82, Acc@5: 79.93
2025-06-06 14:11:52,996 - log - INFO - iter:1480/1692, clip_acc1=54.25675964355469, tta_acc1=51.148651123046875
2025-06-06 14:11:52,996 - log - INFO - iter:1480/1692, Original Acc@1: 54.26, Acc@5: 83.04, TTA Acc@1: 51.15, Acc@5: 80.07
2025-06-06 14:12:28,756 - log - INFO - iter:1500/1692, clip_acc1=54.39999771118164, tta_acc1=51.266666412353516
2025-06-06 14:12:28,757 - log - INFO - iter:1500/1692, Original Acc@1: 54.40, Acc@5: 83.13, TTA Acc@1: 51.27, Acc@5: 80.20
2025-06-06 14:13:04,272 - log - INFO - iter:1520/1692, clip_acc1=54.67105484008789, tta_acc1=51.513160705566406
2025-06-06 14:13:04,273 - log - INFO - iter:1520/1692, Original Acc@1: 54.67, Acc@5: 83.16, TTA Acc@1: 51.51, Acc@5: 80.26
2025-06-06 14:13:39,650 - log - INFO - iter:1540/1692, clip_acc1=54.675323486328125, tta_acc1=51.623374938964844
2025-06-06 14:13:39,650 - log - INFO - iter:1540/1692, Original Acc@1: 54.68, Acc@5: 83.18, TTA Acc@1: 51.62, Acc@5: 80.45
2025-06-06 14:14:15,063 - log - INFO - iter:1560/1692, clip_acc1=54.871795654296875, tta_acc1=51.730770111083984
2025-06-06 14:14:15,063 - log - INFO - iter:1560/1692, Original Acc@1: 54.87, Acc@5: 83.21, TTA Acc@1: 51.73, Acc@5: 80.51
2025-06-06 14:14:50,519 - log - INFO - iter:1580/1692, clip_acc1=55.18987274169922, tta_acc1=52.02531814575195
2025-06-06 14:14:50,520 - log - INFO - iter:1580/1692, Original Acc@1: 55.19, Acc@5: 83.16, TTA Acc@1: 52.03, Acc@5: 80.51
2025-06-06 14:15:26,077 - log - INFO - iter:1600/1692, clip_acc1=55.625, tta_acc1=52.4375
2025-06-06 14:15:26,077 - log - INFO - iter:1600/1692, Original Acc@1: 55.62, Acc@5: 83.31, TTA Acc@1: 52.44, Acc@5: 80.69
2025-06-06 14:16:01,553 - log - INFO - iter:1620/1692, clip_acc1=55.617286682128906, tta_acc1=52.592594146728516
2025-06-06 14:16:01,553 - log - INFO - iter:1620/1692, Original Acc@1: 55.62, Acc@5: 83.46, TTA Acc@1: 52.59, Acc@5: 80.86
2025-06-06 14:16:36,963 - log - INFO - iter:1640/1692, clip_acc1=55.42683029174805, tta_acc1=52.43902587890625
2025-06-06 14:16:36,963 - log - INFO - iter:1640/1692, Original Acc@1: 55.43, Acc@5: 83.17, TTA Acc@1: 52.44, Acc@5: 80.61
2025-06-06 14:17:12,314 - log - INFO - iter:1660/1692, clip_acc1=55.361446380615234, tta_acc1=52.28915786743164
2025-06-06 14:17:12,314 - log - INFO - iter:1660/1692, Original Acc@1: 55.36, Acc@5: 83.19, TTA Acc@1: 52.29, Acc@5: 80.72
2025-06-06 14:17:47,622 - log - INFO - iter:1680/1692, clip_acc1=55.833335876464844, tta_acc1=52.79762268066406
2025-06-06 14:17:47,622 - log - INFO - iter:1680/1692, Original Acc@1: 55.83, Acc@5: 83.39, TTA Acc@1: 52.80, Acc@5: 80.95
2025-06-06 14:18:09,120 - log - INFO - iter:1692/1692, clip_acc1=56.08747100830078, tta_acc1=53.07328796386719
2025-06-06 14:18:09,121 - log - INFO - iter:1692/1692, Original Acc@1: 56.09, Acc@5: 83.51, TTA Acc@1: 53.07, Acc@5: 81.09
2025-06-06 14:18:09,227 - log - INFO - Final results - Original Acc@1: 56.09, Acc@5: 83.51, TTA Acc@1: 53.07, Acc@5: 81.09
2025-06-06 14:18:09,227 - log - INFO - Improvement from TTA in Acc@1 -3.01, and Acc@5 -2.42
2025-06-06 14:18:09,228 - log - INFO - => Acc. on testset [DTD]: Clean Acc @1 56.08747100830078/ TTA Clean Acc @1 53.07328796386719, Clean Acc @5 83.51063537597656/ TTA Clean Acc @5 81.08747100830078
2025-06-06 14:18:09,228 - log - INFO - Total script execution time: 3163.18 seconds (52.72 minutes)
