2025-06-11 14:36:51,919 - log - INFO - ==========================================
data:/l/users/hashmat.malik/downstream_datasets
test_sets:Flower102
dataset_mode:test
arch:fare4
resolution:224
workers:4
no_pin_memory:False
batch_size:64
print_freq:20
gpu:0
no_cudnn_benchmark:False
n_ctx:4
ctx_init:a_photo_of_a
tpt_loss:rtpt
seed:0
output_dir:/l/users/hashmat.malik/atpt_results/fare4/Flower102
log_output_dir:/l/users/hashmat.malik/Projects/ATPT/Final_Results/fare4/Flower102
eps:0.0
alpha:0.0
alpha_eps_ratio:4.0
steps:0
lr:0.005
selection_p:0.1
tta_steps:0
ensemble_type:weighted_rtpt
top_k:20
softmax_temp:0.01
counter_attack:True
counter_attack_type:pgd
counter_attack_steps:2
counter_attack_eps:4.0
counter_attack_alpha:1.0
counter_attack_tau_thres:0.2
counter_attack_beta:2.0
counter_attack_weighted_perturbations:True
pgd_clip_pure_i_text_embeddings:null
pgd_counter_and_clipure_i_lamda:1.0
selected_id_name:selected_topk.json
weighted_score_name:weighted_scores.json
batch_entropy_name:entropies.json
log_dir:/l/users/hashmat.malik/Projects/ATPT/Final_Results/fare4/Flower102/Clean/Counter_Attack/Eps_4_0_Steps_2_Alpha_1_0/tau_0_2_beta_2_0_weighted_pertrubation_True/No_TPT/Inference_Ensemble_weighted_rtpt_topk_20_softmaxtemp_0_01

2025-06-11 14:36:51,920 - log - INFO - Use GPU: 0 for training
2025-06-11 14:37:04,231 - log - INFO - Freezing all parameters except prompt learner
2025-06-11 14:37:04,232 - log - INFO - => Model created: visual backbone fare4
2025-06-11 14:37:04,244 - log - INFO - Number of test samples: 2463
2025-06-11 14:37:04,245 - log - INFO - Evaluating dataset: Flower102
2025-06-11 14:37:04,245 - log - INFO - Starting evaluation with batch size: 64, selection percentage: 0.1
2025-06-11 14:37:04,245 - log - INFO - Test-time adaptation steps: 0, learning rate: 0.005
2025-06-11 14:37:04,246 - log - INFO - Using counter-attack with epsilon: 4.000000, alpha: 0.000000, steps: 2, tau_thres: 0.2, beta: 2.0, weighted perturbation: True
2025-06-11 14:38:11,735 - log - INFO - iter:20/2463, clip_acc1=85.0, tta_acc1=60.0
2025-06-11 14:38:11,735 - log - INFO - iter:20/2463, Original Acc@1: 85.00, Acc@5: 100.00, TTA Acc@1: 60.00, Acc@5: 80.00
2025-06-11 14:39:57,457 - log - INFO - iter:40/2463, clip_acc1=92.5, tta_acc1=65.0
2025-06-11 14:39:57,457 - log - INFO - iter:40/2463, Original Acc@1: 92.50, Acc@5: 100.00, TTA Acc@1: 65.00, Acc@5: 87.50
2025-06-11 14:41:03,995 - log - INFO - iter:60/2463, clip_acc1=90.00000762939453, tta_acc1=70.0
2025-06-11 14:41:03,995 - log - INFO - iter:60/2463, Original Acc@1: 90.00, Acc@5: 100.00, TTA Acc@1: 70.00, Acc@5: 90.00
2025-06-11 14:42:24,863 - log - INFO - iter:80/2463, clip_acc1=90.0, tta_acc1=70.0
2025-06-11 14:42:24,863 - log - INFO - iter:80/2463, Original Acc@1: 90.00, Acc@5: 100.00, TTA Acc@1: 70.00, Acc@5: 90.00
2025-06-11 14:43:42,165 - log - INFO - iter:100/2463, clip_acc1=90.0, tta_acc1=70.0
2025-06-11 14:43:42,165 - log - INFO - iter:100/2463, Original Acc@1: 90.00, Acc@5: 100.00, TTA Acc@1: 70.00, Acc@5: 91.00
2025-06-11 14:44:58,816 - log - INFO - iter:120/2463, clip_acc1=87.50000762939453, tta_acc1=68.33333587646484
2025-06-11 14:44:58,816 - log - INFO - iter:120/2463, Original Acc@1: 87.50, Acc@5: 99.17, TTA Acc@1: 68.33, Acc@5: 90.83
2025-06-11 14:46:13,215 - log - INFO - iter:140/2463, clip_acc1=88.57142639160156, tta_acc1=70.0
2025-06-11 14:46:13,216 - log - INFO - iter:140/2463, Original Acc@1: 88.57, Acc@5: 98.57, TTA Acc@1: 70.00, Acc@5: 90.71
2025-06-11 14:47:17,572 - log - INFO - iter:160/2463, clip_acc1=85.625, tta_acc1=68.125
2025-06-11 14:47:17,572 - log - INFO - iter:160/2463, Original Acc@1: 85.62, Acc@5: 96.88, TTA Acc@1: 68.12, Acc@5: 89.38
2025-06-11 14:48:22,577 - log - INFO - iter:180/2463, clip_acc1=82.77777862548828, tta_acc1=66.11111450195312
2025-06-11 14:48:22,577 - log - INFO - iter:180/2463, Original Acc@1: 82.78, Acc@5: 96.67, TTA Acc@1: 66.11, Acc@5: 88.89
2025-06-11 14:49:45,239 - log - INFO - iter:200/2463, clip_acc1=74.5, tta_acc1=59.5
2025-06-11 14:49:45,239 - log - INFO - iter:200/2463, Original Acc@1: 74.50, Acc@5: 87.00, TTA Acc@1: 59.50, Acc@5: 80.00
2025-06-11 14:51:07,050 - log - INFO - iter:220/2463, clip_acc1=67.7272720336914, tta_acc1=54.09090805053711
2025-06-11 14:51:07,051 - log - INFO - iter:220/2463, Original Acc@1: 67.73, Acc@5: 79.09, TTA Acc@1: 54.09, Acc@5: 72.73
2025-06-11 14:52:08,642 - log - INFO - iter:240/2463, clip_acc1=62.91667175292969, tta_acc1=50.41666793823242
2025-06-11 14:52:08,642 - log - INFO - iter:240/2463, Original Acc@1: 62.92, Acc@5: 73.75, TTA Acc@1: 50.42, Acc@5: 68.33
2025-06-11 14:53:26,823 - log - INFO - iter:260/2463, clip_acc1=59.61538314819336, tta_acc1=48.46154022216797
2025-06-11 14:53:26,823 - log - INFO - iter:260/2463, Original Acc@1: 59.62, Acc@5: 73.46, TTA Acc@1: 48.46, Acc@5: 68.85
2025-06-11 14:54:29,881 - log - INFO - iter:280/2463, clip_acc1=57.85714340209961, tta_acc1=47.5
2025-06-11 14:54:29,881 - log - INFO - iter:280/2463, Original Acc@1: 57.86, Acc@5: 73.21, TTA Acc@1: 47.50, Acc@5: 68.57
2025-06-11 14:56:14,578 - log - INFO - iter:300/2463, clip_acc1=55.0, tta_acc1=45.66666793823242
2025-06-11 14:56:14,578 - log - INFO - iter:300/2463, Original Acc@1: 55.00, Acc@5: 74.67, TTA Acc@1: 45.67, Acc@5: 69.33
2025-06-11 14:57:12,132 - log - INFO - iter:320/2463, clip_acc1=52.1875, tta_acc1=42.8125
2025-06-11 14:57:12,133 - log - INFO - iter:320/2463, Original Acc@1: 52.19, Acc@5: 75.31, TTA Acc@1: 42.81, Acc@5: 69.38
2025-06-11 14:58:32,324 - log - INFO - iter:340/2463, clip_acc1=49.70588302612305, tta_acc1=40.29411697387695
2025-06-11 14:58:32,325 - log - INFO - iter:340/2463, Original Acc@1: 49.71, Acc@5: 75.88, TTA Acc@1: 40.29, Acc@5: 70.00
2025-06-11 14:59:56,714 - log - INFO - iter:360/2463, clip_acc1=49.722225189208984, tta_acc1=40.55555725097656
2025-06-11 14:59:56,714 - log - INFO - iter:360/2463, Original Acc@1: 49.72, Acc@5: 76.67, TTA Acc@1: 40.56, Acc@5: 69.72
2025-06-11 15:01:18,557 - log - INFO - iter:380/2463, clip_acc1=50.000003814697266, tta_acc1=41.315792083740234
2025-06-11 15:01:18,558 - log - INFO - iter:380/2463, Original Acc@1: 50.00, Acc@5: 76.84, TTA Acc@1: 41.32, Acc@5: 70.26
2025-06-11 15:02:48,592 - log - INFO - iter:400/2463, clip_acc1=51.25, tta_acc1=42.0
2025-06-11 15:02:48,593 - log - INFO - iter:400/2463, Original Acc@1: 51.25, Acc@5: 77.25, TTA Acc@1: 42.00, Acc@5: 71.00
2025-06-11 15:03:52,653 - log - INFO - iter:420/2463, clip_acc1=50.476192474365234, tta_acc1=42.142860412597656
2025-06-11 15:03:52,654 - log - INFO - iter:420/2463, Original Acc@1: 50.48, Acc@5: 77.14, TTA Acc@1: 42.14, Acc@5: 71.19
2025-06-11 15:05:10,042 - log - INFO - iter:440/2463, clip_acc1=49.09090805053711, tta_acc1=41.59090805053711
2025-06-11 15:05:10,042 - log - INFO - iter:440/2463, Original Acc@1: 49.09, Acc@5: 77.05, TTA Acc@1: 41.59, Acc@5: 72.50
2025-06-11 15:06:30,181 - log - INFO - iter:460/2463, clip_acc1=48.4782600402832, tta_acc1=41.73912811279297
2025-06-11 15:06:30,182 - log - INFO - iter:460/2463, Original Acc@1: 48.48, Acc@5: 77.61, TTA Acc@1: 41.74, Acc@5: 73.04
2025-06-11 15:07:52,687 - log - INFO - iter:480/2463, clip_acc1=48.54166793823242, tta_acc1=42.083335876464844
2025-06-11 15:07:52,687 - log - INFO - iter:480/2463, Original Acc@1: 48.54, Acc@5: 78.13, TTA Acc@1: 42.08, Acc@5: 73.75
2025-06-11 15:09:07,054 - log - INFO - iter:500/2463, clip_acc1=50.400001525878906, tta_acc1=44.000003814697266
2025-06-11 15:09:07,055 - log - INFO - iter:500/2463, Original Acc@1: 50.40, Acc@5: 79.00, TTA Acc@1: 44.00, Acc@5: 74.60
2025-06-11 15:10:04,968 - log - INFO - iter:520/2463, clip_acc1=52.11538314819336, tta_acc1=44.80769348144531
2025-06-11 15:10:04,968 - log - INFO - iter:520/2463, Original Acc@1: 52.12, Acc@5: 79.81, TTA Acc@1: 44.81, Acc@5: 75.38
2025-06-11 15:11:09,744 - log - INFO - iter:540/2463, clip_acc1=52.77777862548828, tta_acc1=45.185184478759766
2025-06-11 15:11:09,744 - log - INFO - iter:540/2463, Original Acc@1: 52.78, Acc@5: 80.56, TTA Acc@1: 45.19, Acc@5: 75.56
2025-06-11 15:12:22,879 - log - INFO - iter:560/2463, clip_acc1=53.21428680419922, tta_acc1=45.89285659790039
2025-06-11 15:12:22,879 - log - INFO - iter:560/2463, Original Acc@1: 53.21, Acc@5: 80.89, TTA Acc@1: 45.89, Acc@5: 76.07
2025-06-11 15:13:34,154 - log - INFO - iter:580/2463, clip_acc1=53.10344696044922, tta_acc1=45.0
2025-06-11 15:13:34,154 - log - INFO - iter:580/2463, Original Acc@1: 53.10, Acc@5: 81.03, TTA Acc@1: 45.00, Acc@5: 76.03
2025-06-11 15:14:48,606 - log - INFO - iter:600/2463, clip_acc1=53.5, tta_acc1=45.16666793823242
2025-06-11 15:14:48,606 - log - INFO - iter:600/2463, Original Acc@1: 53.50, Acc@5: 81.50, TTA Acc@1: 45.17, Acc@5: 76.33
2025-06-11 15:15:53,739 - log - INFO - iter:620/2463, clip_acc1=53.870967864990234, tta_acc1=45.32257843017578
2025-06-11 15:15:53,740 - log - INFO - iter:620/2463, Original Acc@1: 53.87, Acc@5: 81.94, TTA Acc@1: 45.32, Acc@5: 76.13
2025-06-11 15:17:02,383 - log - INFO - iter:640/2463, clip_acc1=54.21875, tta_acc1=45.78125
2025-06-11 15:17:02,383 - log - INFO - iter:640/2463, Original Acc@1: 54.22, Acc@5: 82.34, TTA Acc@1: 45.78, Acc@5: 76.72
2025-06-11 15:18:18,672 - log - INFO - iter:660/2463, clip_acc1=53.63636016845703, tta_acc1=44.69696807861328
2025-06-11 15:18:18,673 - log - INFO - iter:660/2463, Original Acc@1: 53.64, Acc@5: 82.58, TTA Acc@1: 44.70, Acc@5: 76.67
2025-06-11 15:19:24,618 - log - INFO - iter:680/2463, clip_acc1=52.0588264465332, tta_acc1=43.382354736328125
2025-06-11 15:19:24,618 - log - INFO - iter:680/2463, Original Acc@1: 52.06, Acc@5: 81.91, TTA Acc@1: 43.38, Acc@5: 75.15
2025-06-11 15:20:40,055 - log - INFO - iter:700/2463, clip_acc1=53.0, tta_acc1=44.71428680419922
2025-06-11 15:20:40,056 - log - INFO - iter:700/2463, Original Acc@1: 53.00, Acc@5: 82.29, TTA Acc@1: 44.71, Acc@5: 75.57
2025-06-11 15:22:07,642 - log - INFO - iter:720/2463, clip_acc1=54.16666793823242, tta_acc1=46.11111068725586
2025-06-11 15:22:07,642 - log - INFO - iter:720/2463, Original Acc@1: 54.17, Acc@5: 82.78, TTA Acc@1: 46.11, Acc@5: 76.25
2025-06-11 15:23:17,944 - log - INFO - iter:740/2463, clip_acc1=52.70270538330078, tta_acc1=44.864864349365234
2025-06-11 15:23:17,945 - log - INFO - iter:740/2463, Original Acc@1: 52.70, Acc@5: 80.81, TTA Acc@1: 44.86, Acc@5: 74.32
2025-06-11 15:24:25,656 - log - INFO - iter:760/2463, clip_acc1=51.315792083740234, tta_acc1=43.68421173095703
2025-06-11 15:24:25,656 - log - INFO - iter:760/2463, Original Acc@1: 51.32, Acc@5: 78.95, TTA Acc@1: 43.68, Acc@5: 72.37
2025-06-11 15:25:24,652 - log - INFO - iter:780/2463, clip_acc1=51.5384635925293, tta_acc1=43.589744567871094
2025-06-11 15:25:24,652 - log - INFO - iter:780/2463, Original Acc@1: 51.54, Acc@5: 79.23, TTA Acc@1: 43.59, Acc@5: 72.69
2025-06-11 15:26:50,638 - log - INFO - iter:800/2463, clip_acc1=51.5, tta_acc1=43.5
2025-06-11 15:26:50,638 - log - INFO - iter:800/2463, Original Acc@1: 51.50, Acc@5: 79.38, TTA Acc@1: 43.50, Acc@5: 72.62
2025-06-11 15:28:13,984 - log - INFO - iter:820/2463, clip_acc1=51.82926940917969, tta_acc1=43.65853500366211
2025-06-11 15:28:13,984 - log - INFO - iter:820/2463, Original Acc@1: 51.83, Acc@5: 79.76, TTA Acc@1: 43.66, Acc@5: 73.17
2025-06-11 15:30:06,199 - log - INFO - iter:840/2463, clip_acc1=52.73809814453125, tta_acc1=44.52381134033203
2025-06-11 15:30:06,199 - log - INFO - iter:840/2463, Original Acc@1: 52.74, Acc@5: 80.24, TTA Acc@1: 44.52, Acc@5: 73.81
2025-06-11 15:31:29,620 - log - INFO - iter:860/2463, clip_acc1=52.55813980102539, tta_acc1=44.41860580444336
2025-06-11 15:31:29,620 - log - INFO - iter:860/2463, Original Acc@1: 52.56, Acc@5: 79.65, TTA Acc@1: 44.42, Acc@5: 73.37
2025-06-11 15:33:09,998 - log - INFO - iter:880/2463, clip_acc1=51.3636360168457, tta_acc1=43.409088134765625
2025-06-11 15:33:09,998 - log - INFO - iter:880/2463, Original Acc@1: 51.36, Acc@5: 77.84, TTA Acc@1: 43.41, Acc@5: 71.70
2025-06-11 15:34:52,412 - log - INFO - iter:900/2463, clip_acc1=51.0, tta_acc1=42.55555725097656
2025-06-11 15:34:52,412 - log - INFO - iter:900/2463, Original Acc@1: 51.00, Acc@5: 77.78, TTA Acc@1: 42.56, Acc@5: 71.33
2025-06-11 15:36:09,858 - log - INFO - iter:920/2463, clip_acc1=50.760868072509766, tta_acc1=42.93478012084961
2025-06-11 15:36:09,858 - log - INFO - iter:920/2463, Original Acc@1: 50.76, Acc@5: 77.93, TTA Acc@1: 42.93, Acc@5: 71.63
2025-06-11 15:37:36,986 - log - INFO - iter:940/2463, clip_acc1=51.27659225463867, tta_acc1=43.61701965332031
2025-06-11 15:37:36,986 - log - INFO - iter:940/2463, Original Acc@1: 51.28, Acc@5: 78.19, TTA Acc@1: 43.62, Acc@5: 71.91
2025-06-11 15:39:01,801 - log - INFO - iter:960/2463, clip_acc1=52.187503814697266, tta_acc1=44.375003814697266
2025-06-11 15:39:01,801 - log - INFO - iter:960/2463, Original Acc@1: 52.19, Acc@5: 78.65, TTA Acc@1: 44.38, Acc@5: 72.50
2025-06-11 15:40:20,662 - log - INFO - iter:980/2463, clip_acc1=52.857139587402344, tta_acc1=45.306121826171875
2025-06-11 15:40:20,663 - log - INFO - iter:980/2463, Original Acc@1: 52.86, Acc@5: 79.08, TTA Acc@1: 45.31, Acc@5: 73.06
2025-06-11 15:41:52,919 - log - INFO - iter:1000/2463, clip_acc1=52.400001525878906, tta_acc1=44.70000076293945
2025-06-11 15:41:52,920 - log - INFO - iter:1000/2463, Original Acc@1: 52.40, Acc@5: 79.40, TTA Acc@1: 44.70, Acc@5: 73.50
2025-06-11 15:43:22,418 - log - INFO - iter:1020/2463, clip_acc1=52.74510192871094, tta_acc1=44.90196228027344
2025-06-11 15:43:22,425 - log - INFO - iter:1020/2463, Original Acc@1: 52.75, Acc@5: 79.71, TTA Acc@1: 44.90, Acc@5: 73.92
2025-06-11 15:44:51,721 - log - INFO - iter:1040/2463, clip_acc1=53.36538314819336, tta_acc1=45.480770111083984
2025-06-11 15:44:51,722 - log - INFO - iter:1040/2463, Original Acc@1: 53.37, Acc@5: 80.10, TTA Acc@1: 45.48, Acc@5: 74.23
2025-06-11 15:45:58,005 - log - INFO - iter:1060/2463, clip_acc1=53.67924499511719, tta_acc1=45.47169876098633
2025-06-11 15:45:58,006 - log - INFO - iter:1060/2463, Original Acc@1: 53.68, Acc@5: 80.38, TTA Acc@1: 45.47, Acc@5: 74.34
2025-06-11 15:47:28,942 - log - INFO - iter:1080/2463, clip_acc1=52.87036895751953, tta_acc1=44.72222137451172
2025-06-11 15:47:28,942 - log - INFO - iter:1080/2463, Original Acc@1: 52.87, Acc@5: 79.35, TTA Acc@1: 44.72, Acc@5: 73.43
2025-06-11 15:48:38,380 - log - INFO - iter:1100/2463, clip_acc1=52.727272033691406, tta_acc1=44.6363639831543
2025-06-11 15:48:38,380 - log - INFO - iter:1100/2463, Original Acc@1: 52.73, Acc@5: 79.09, TTA Acc@1: 44.64, Acc@5: 73.09
2025-06-11 15:50:17,860 - log - INFO - iter:1120/2463, clip_acc1=53.03571319580078, tta_acc1=44.46428680419922
2025-06-11 15:50:17,861 - log - INFO - iter:1120/2463, Original Acc@1: 53.04, Acc@5: 79.38, TTA Acc@1: 44.46, Acc@5: 73.30
2025-06-11 15:51:30,282 - log - INFO - iter:1140/2463, clip_acc1=52.894737243652344, tta_acc1=44.47368621826172
2025-06-11 15:51:30,282 - log - INFO - iter:1140/2463, Original Acc@1: 52.89, Acc@5: 79.56, TTA Acc@1: 44.47, Acc@5: 73.51
2025-06-11 15:52:45,778 - log - INFO - iter:1160/2463, clip_acc1=52.41379165649414, tta_acc1=43.965518951416016
2025-06-11 15:52:45,779 - log - INFO - iter:1160/2463, Original Acc@1: 52.41, Acc@5: 79.91, TTA Acc@1: 43.97, Acc@5: 73.79
2025-06-11 15:54:14,199 - log - INFO - iter:1180/2463, clip_acc1=51.779659271240234, tta_acc1=43.47457504272461
2025-06-11 15:54:14,199 - log - INFO - iter:1180/2463, Original Acc@1: 51.78, Acc@5: 80.25, TTA Acc@1: 43.47, Acc@5: 74.24
2025-06-11 15:55:44,408 - log - INFO - iter:1200/2463, clip_acc1=52.583335876464844, tta_acc1=44.41666793823242
2025-06-11 15:55:44,408 - log - INFO - iter:1200/2463, Original Acc@1: 52.58, Acc@5: 80.58, TTA Acc@1: 44.42, Acc@5: 74.67
2025-06-11 15:56:45,915 - log - INFO - iter:1220/2463, clip_acc1=52.459014892578125, tta_acc1=44.180328369140625
2025-06-11 15:56:45,915 - log - INFO - iter:1220/2463, Original Acc@1: 52.46, Acc@5: 80.57, TTA Acc@1: 44.18, Acc@5: 74.75
2025-06-11 15:58:12,319 - log - INFO - iter:1240/2463, clip_acc1=52.66128921508789, tta_acc1=44.35483932495117
2025-06-11 15:58:12,320 - log - INFO - iter:1240/2463, Original Acc@1: 52.66, Acc@5: 80.89, TTA Acc@1: 44.35, Acc@5: 75.00
2025-06-11 15:59:47,812 - log - INFO - iter:1260/2463, clip_acc1=53.333335876464844, tta_acc1=44.92063522338867
2025-06-11 15:59:47,812 - log - INFO - iter:1260/2463, Original Acc@1: 53.33, Acc@5: 81.19, TTA Acc@1: 44.92, Acc@5: 75.40
2025-06-11 16:01:03,314 - log - INFO - iter:1280/2463, clip_acc1=53.828125, tta_acc1=45.3125
2025-06-11 16:01:03,315 - log - INFO - iter:1280/2463, Original Acc@1: 53.83, Acc@5: 81.48, TTA Acc@1: 45.31, Acc@5: 75.78
2025-06-11 16:02:36,668 - log - INFO - iter:1300/2463, clip_acc1=53.769229888916016, tta_acc1=45.0
2025-06-11 16:02:36,669 - log - INFO - iter:1300/2463, Original Acc@1: 53.77, Acc@5: 81.54, TTA Acc@1: 45.00, Acc@5: 75.62
2025-06-11 16:03:55,819 - log - INFO - iter:1320/2463, clip_acc1=53.33333206176758, tta_acc1=44.469696044921875
2025-06-11 16:03:55,819 - log - INFO - iter:1320/2463, Original Acc@1: 53.33, Acc@5: 81.59, TTA Acc@1: 44.47, Acc@5: 75.30
2025-06-11 16:05:42,628 - log - INFO - iter:1340/2463, clip_acc1=52.91044998168945, tta_acc1=43.955223083496094
2025-06-11 16:05:42,629 - log - INFO - iter:1340/2463, Original Acc@1: 52.91, Acc@5: 81.34, TTA Acc@1: 43.96, Acc@5: 74.85
2025-06-11 16:07:22,513 - log - INFO - iter:1360/2463, clip_acc1=53.08823776245117, tta_acc1=44.11764907836914
2025-06-11 16:07:22,513 - log - INFO - iter:1360/2463, Original Acc@1: 53.09, Acc@5: 81.32, TTA Acc@1: 44.12, Acc@5: 74.85
2025-06-11 16:08:45,029 - log - INFO - iter:1380/2463, clip_acc1=53.405799865722656, tta_acc1=44.56521987915039
2025-06-11 16:08:45,030 - log - INFO - iter:1380/2463, Original Acc@1: 53.41, Acc@5: 81.59, TTA Acc@1: 44.57, Acc@5: 75.14
2025-06-11 16:10:05,401 - log - INFO - iter:1400/2463, clip_acc1=53.35714340209961, tta_acc1=44.78571319580078
2025-06-11 16:10:05,402 - log - INFO - iter:1400/2463, Original Acc@1: 53.36, Acc@5: 81.64, TTA Acc@1: 44.79, Acc@5: 75.14
2025-06-11 16:11:38,057 - log - INFO - iter:1420/2463, clip_acc1=53.591548919677734, tta_acc1=45.14084243774414
2025-06-11 16:11:38,057 - log - INFO - iter:1420/2463, Original Acc@1: 53.59, Acc@5: 81.62, TTA Acc@1: 45.14, Acc@5: 75.21
2025-06-11 16:12:49,784 - log - INFO - iter:1440/2463, clip_acc1=52.91666793823242, tta_acc1=44.51388931274414
2025-06-11 16:12:49,785 - log - INFO - iter:1440/2463, Original Acc@1: 52.92, Acc@5: 80.69, TTA Acc@1: 44.51, Acc@5: 74.38
2025-06-11 16:14:15,280 - log - INFO - iter:1460/2463, clip_acc1=53.01369857788086, tta_acc1=44.52054977416992
2025-06-11 16:14:15,281 - log - INFO - iter:1460/2463, Original Acc@1: 53.01, Acc@5: 80.89, TTA Acc@1: 44.52, Acc@5: 74.52
2025-06-11 16:15:44,873 - log - INFO - iter:1480/2463, clip_acc1=52.9054069519043, tta_acc1=44.18918991088867
2025-06-11 16:15:44,873 - log - INFO - iter:1480/2463, Original Acc@1: 52.91, Acc@5: 80.81, TTA Acc@1: 44.19, Acc@5: 74.39
2025-06-11 16:17:13,612 - log - INFO - iter:1500/2463, clip_acc1=52.93333435058594, tta_acc1=44.133331298828125
2025-06-11 16:17:13,612 - log - INFO - iter:1500/2463, Original Acc@1: 52.93, Acc@5: 80.73, TTA Acc@1: 44.13, Acc@5: 74.47
2025-06-11 16:18:13,908 - log - INFO - iter:1520/2463, clip_acc1=53.22368621826172, tta_acc1=44.53947448730469
2025-06-11 16:18:13,909 - log - INFO - iter:1520/2463, Original Acc@1: 53.22, Acc@5: 80.86, TTA Acc@1: 44.54, Acc@5: 74.67
2025-06-11 16:19:22,680 - log - INFO - iter:1540/2463, clip_acc1=53.37662124633789, tta_acc1=45.0
2025-06-11 16:19:22,680 - log - INFO - iter:1540/2463, Original Acc@1: 53.38, Acc@5: 81.10, TTA Acc@1: 45.00, Acc@5: 75.00
2025-06-11 16:20:25,257 - log - INFO - iter:1560/2463, clip_acc1=53.14102554321289, tta_acc1=44.74359130859375
2025-06-11 16:20:25,258 - log - INFO - iter:1560/2463, Original Acc@1: 53.14, Acc@5: 81.35, TTA Acc@1: 44.74, Acc@5: 75.32
2025-06-11 16:21:36,331 - log - INFO - iter:1580/2463, clip_acc1=53.0379753112793, tta_acc1=44.30379867553711
2025-06-11 16:21:36,332 - log - INFO - iter:1580/2463, Original Acc@1: 53.04, Acc@5: 81.58, TTA Acc@1: 44.30, Acc@5: 75.63
2025-06-11 16:22:51,871 - log - INFO - iter:1600/2463, clip_acc1=52.875, tta_acc1=44.0625
2025-06-11 16:22:51,871 - log - INFO - iter:1600/2463, Original Acc@1: 52.88, Acc@5: 81.75, TTA Acc@1: 44.06, Acc@5: 75.56
2025-06-11 16:24:08,283 - log - INFO - iter:1620/2463, clip_acc1=52.65432357788086, tta_acc1=43.950618743896484
2025-06-11 16:24:08,283 - log - INFO - iter:1620/2463, Original Acc@1: 52.65, Acc@5: 81.79, TTA Acc@1: 43.95, Acc@5: 75.19
2025-06-11 16:25:12,694 - log - INFO - iter:1640/2463, clip_acc1=53.17073059082031, tta_acc1=44.5121955871582
2025-06-11 16:25:12,694 - log - INFO - iter:1640/2463, Original Acc@1: 53.17, Acc@5: 82.01, TTA Acc@1: 44.51, Acc@5: 75.49
2025-06-11 16:26:26,541 - log - INFO - iter:1660/2463, clip_acc1=53.43373489379883, tta_acc1=44.698795318603516
2025-06-11 16:26:26,541 - log - INFO - iter:1660/2463, Original Acc@1: 53.43, Acc@5: 82.05, TTA Acc@1: 44.70, Acc@5: 75.66
2025-06-11 16:27:40,073 - log - INFO - iter:1680/2463, clip_acc1=53.750003814697266, tta_acc1=45.05952453613281
2025-06-11 16:27:40,073 - log - INFO - iter:1680/2463, Original Acc@1: 53.75, Acc@5: 82.20, TTA Acc@1: 45.06, Acc@5: 75.83
2025-06-11 16:28:46,407 - log - INFO - iter:1700/2463, clip_acc1=54.05882263183594, tta_acc1=45.52941131591797
2025-06-11 16:28:46,407 - log - INFO - iter:1700/2463, Original Acc@1: 54.06, Acc@5: 82.35, TTA Acc@1: 45.53, Acc@5: 76.00
2025-06-11 16:29:59,584 - log - INFO - iter:1720/2463, clip_acc1=53.953487396240234, tta_acc1=45.46511459350586
2025-06-11 16:29:59,584 - log - INFO - iter:1720/2463, Original Acc@1: 53.95, Acc@5: 82.38, TTA Acc@1: 45.47, Acc@5: 76.10
2025-06-11 16:31:22,529 - log - INFO - iter:1740/2463, clip_acc1=54.08045959472656, tta_acc1=45.68965530395508
2025-06-11 16:31:22,529 - log - INFO - iter:1740/2463, Original Acc@1: 54.08, Acc@5: 82.53, TTA Acc@1: 45.69, Acc@5: 76.26
2025-06-11 16:32:42,205 - log - INFO - iter:1760/2463, clip_acc1=53.63636016845703, tta_acc1=45.227272033691406
2025-06-11 16:32:42,206 - log - INFO - iter:1760/2463, Original Acc@1: 53.64, Acc@5: 81.99, TTA Acc@1: 45.23, Acc@5: 75.80
2025-06-11 16:34:16,672 - log - INFO - iter:1780/2463, clip_acc1=53.87640380859375, tta_acc1=45.561798095703125
2025-06-11 16:34:16,672 - log - INFO - iter:1780/2463, Original Acc@1: 53.88, Acc@5: 81.91, TTA Acc@1: 45.56, Acc@5: 75.79
2025-06-11 16:35:46,087 - log - INFO - iter:1800/2463, clip_acc1=53.722225189208984, tta_acc1=45.333335876464844
2025-06-11 16:35:46,088 - log - INFO - iter:1800/2463, Original Acc@1: 53.72, Acc@5: 81.78, TTA Acc@1: 45.33, Acc@5: 75.39
2025-06-11 16:37:04,131 - log - INFO - iter:1820/2463, clip_acc1=53.79121017456055, tta_acc1=45.4395637512207
2025-06-11 16:37:04,131 - log - INFO - iter:1820/2463, Original Acc@1: 53.79, Acc@5: 81.59, TTA Acc@1: 45.44, Acc@5: 75.27
2025-06-11 16:38:12,205 - log - INFO - iter:1840/2463, clip_acc1=53.91304016113281, tta_acc1=45.65217208862305
2025-06-11 16:38:12,205 - log - INFO - iter:1840/2463, Original Acc@1: 53.91, Acc@5: 81.41, TTA Acc@1: 45.65, Acc@5: 75.16
2025-06-11 16:39:26,894 - log - INFO - iter:1860/2463, clip_acc1=53.3870964050293, tta_acc1=45.21505355834961
2025-06-11 16:39:26,894 - log - INFO - iter:1860/2463, Original Acc@1: 53.39, Acc@5: 80.75, TTA Acc@1: 45.22, Acc@5: 74.52
2025-06-11 16:40:30,665 - log - INFO - iter:1880/2463, clip_acc1=53.29787063598633, tta_acc1=45.15957260131836
2025-06-11 16:40:30,666 - log - INFO - iter:1880/2463, Original Acc@1: 53.30, Acc@5: 80.85, TTA Acc@1: 45.16, Acc@5: 74.73
2025-06-11 16:41:28,528 - log - INFO - iter:1900/2463, clip_acc1=53.47368240356445, tta_acc1=45.31578826904297
2025-06-11 16:41:28,528 - log - INFO - iter:1900/2463, Original Acc@1: 53.47, Acc@5: 81.00, TTA Acc@1: 45.32, Acc@5: 75.00
2025-06-11 16:42:40,655 - log - INFO - iter:1920/2463, clip_acc1=53.85416793823242, tta_acc1=45.677085876464844
2025-06-11 16:42:40,656 - log - INFO - iter:1920/2463, Original Acc@1: 53.85, Acc@5: 81.20, TTA Acc@1: 45.68, Acc@5: 75.26
2025-06-11 16:43:35,984 - log - INFO - iter:1940/2463, clip_acc1=54.278350830078125, tta_acc1=46.185569763183594
2025-06-11 16:43:35,984 - log - INFO - iter:1940/2463, Original Acc@1: 54.28, Acc@5: 81.39, TTA Acc@1: 46.19, Acc@5: 75.52
2025-06-11 16:44:36,823 - log - INFO - iter:1960/2463, clip_acc1=54.43877410888672, tta_acc1=46.58163070678711
2025-06-11 16:44:36,824 - log - INFO - iter:1960/2463, Original Acc@1: 54.44, Acc@5: 81.53, TTA Acc@1: 46.58, Acc@5: 75.71
2025-06-11 16:45:42,854 - log - INFO - iter:1980/2463, clip_acc1=54.69697189331055, tta_acc1=46.81818389892578
2025-06-11 16:45:42,855 - log - INFO - iter:1980/2463, Original Acc@1: 54.70, Acc@5: 81.67, TTA Acc@1: 46.82, Acc@5: 75.81
2025-06-11 16:46:48,226 - log - INFO - iter:2000/2463, clip_acc1=55.10000228881836, tta_acc1=47.30000305175781
2025-06-11 16:46:48,226 - log - INFO - iter:2000/2463, Original Acc@1: 55.10, Acc@5: 81.80, TTA Acc@1: 47.30, Acc@5: 76.00
2025-06-11 16:47:57,761 - log - INFO - iter:2020/2463, clip_acc1=54.950496673583984, tta_acc1=47.227725982666016
2025-06-11 16:47:57,761 - log - INFO - iter:2020/2463, Original Acc@1: 54.95, Acc@5: 81.83, TTA Acc@1: 47.23, Acc@5: 76.09
2025-06-11 16:49:19,555 - log - INFO - iter:2040/2463, clip_acc1=55.196083068847656, tta_acc1=47.59804153442383
2025-06-11 16:49:19,556 - log - INFO - iter:2040/2463, Original Acc@1: 55.20, Acc@5: 82.01, TTA Acc@1: 47.60, Acc@5: 76.27
2025-06-11 16:50:32,684 - log - INFO - iter:2060/2463, clip_acc1=55.339805603027344, tta_acc1=47.81553649902344
2025-06-11 16:50:32,684 - log - INFO - iter:2060/2463, Original Acc@1: 55.34, Acc@5: 82.18, TTA Acc@1: 47.82, Acc@5: 76.50
2025-06-11 16:51:36,322 - log - INFO - iter:2080/2463, clip_acc1=55.43269348144531, tta_acc1=48.028846740722656
2025-06-11 16:51:36,322 - log - INFO - iter:2080/2463, Original Acc@1: 55.43, Acc@5: 82.07, TTA Acc@1: 48.03, Acc@5: 76.44
2025-06-11 16:52:52,933 - log - INFO - iter:2100/2463, clip_acc1=55.33333206176758, tta_acc1=48.0
2025-06-11 16:52:52,933 - log - INFO - iter:2100/2463, Original Acc@1: 55.33, Acc@5: 81.95, TTA Acc@1: 48.00, Acc@5: 76.38
2025-06-11 16:54:07,635 - log - INFO - iter:2120/2463, clip_acc1=55.377357482910156, tta_acc1=47.8301887512207
2025-06-11 16:54:07,636 - log - INFO - iter:2120/2463, Original Acc@1: 55.38, Acc@5: 82.08, TTA Acc@1: 47.83, Acc@5: 76.51
2025-06-11 16:55:52,919 - log - INFO - iter:2140/2463, clip_acc1=55.233646392822266, tta_acc1=47.71028137207031
2025-06-11 16:55:52,919 - log - INFO - iter:2140/2463, Original Acc@1: 55.23, Acc@5: 81.96, TTA Acc@1: 47.71, Acc@5: 76.45
2025-06-11 16:57:05,490 - log - INFO - iter:2160/2463, clip_acc1=55.60185241699219, tta_acc1=48.14814758300781
2025-06-11 16:57:05,490 - log - INFO - iter:2160/2463, Original Acc@1: 55.60, Acc@5: 82.13, TTA Acc@1: 48.15, Acc@5: 76.67
2025-06-11 16:58:26,595 - log - INFO - iter:2180/2463, clip_acc1=55.412845611572266, tta_acc1=48.027523040771484
2025-06-11 16:58:26,595 - log - INFO - iter:2180/2463, Original Acc@1: 55.41, Acc@5: 81.74, TTA Acc@1: 48.03, Acc@5: 76.33
2025-06-11 16:59:50,647 - log - INFO - iter:2200/2463, clip_acc1=55.45454406738281, tta_acc1=48.04545593261719
2025-06-11 16:59:50,647 - log - INFO - iter:2200/2463, Original Acc@1: 55.45, Acc@5: 81.73, TTA Acc@1: 48.05, Acc@5: 76.27
2025-06-11 17:01:09,396 - log - INFO - iter:2220/2463, clip_acc1=55.76576614379883, tta_acc1=48.333335876464844
2025-06-11 17:01:09,396 - log - INFO - iter:2220/2463, Original Acc@1: 55.77, Acc@5: 81.89, TTA Acc@1: 48.33, Acc@5: 76.44
2025-06-11 17:02:25,429 - log - INFO - iter:2240/2463, clip_acc1=55.44643020629883, tta_acc1=48.03571319580078
2025-06-11 17:02:25,429 - log - INFO - iter:2240/2463, Original Acc@1: 55.45, Acc@5: 81.96, TTA Acc@1: 48.04, Acc@5: 76.43
2025-06-11 17:03:36,162 - log - INFO - iter:2260/2463, clip_acc1=55.70796585083008, tta_acc1=48.23008728027344
2025-06-11 17:03:36,162 - log - INFO - iter:2260/2463, Original Acc@1: 55.71, Acc@5: 82.08, TTA Acc@1: 48.23, Acc@5: 76.59
2025-06-11 17:04:52,183 - log - INFO - iter:2280/2463, clip_acc1=55.96491241455078, tta_acc1=48.46491241455078
2025-06-11 17:04:52,183 - log - INFO - iter:2280/2463, Original Acc@1: 55.96, Acc@5: 82.24, TTA Acc@1: 48.46, Acc@5: 76.75
2025-06-11 17:06:14,106 - log - INFO - iter:2300/2463, clip_acc1=55.95652389526367, tta_acc1=48.434783935546875
2025-06-11 17:06:14,106 - log - INFO - iter:2300/2463, Original Acc@1: 55.96, Acc@5: 82.17, TTA Acc@1: 48.43, Acc@5: 76.65
2025-06-11 17:07:13,627 - log - INFO - iter:2320/2463, clip_acc1=55.68965530395508, tta_acc1=48.10344696044922
2025-06-11 17:07:13,628 - log - INFO - iter:2320/2463, Original Acc@1: 55.69, Acc@5: 81.94, TTA Acc@1: 48.10, Acc@5: 76.34
2025-06-11 17:08:11,145 - log - INFO - iter:2340/2463, clip_acc1=55.598289489746094, tta_acc1=47.991455078125
2025-06-11 17:08:11,145 - log - INFO - iter:2340/2463, Original Acc@1: 55.60, Acc@5: 81.84, TTA Acc@1: 47.99, Acc@5: 76.24
2025-06-11 17:09:22,223 - log - INFO - iter:2360/2463, clip_acc1=55.63559341430664, tta_acc1=48.050846099853516
2025-06-11 17:09:22,224 - log - INFO - iter:2360/2463, Original Acc@1: 55.64, Acc@5: 81.74, TTA Acc@1: 48.05, Acc@5: 76.19
2025-06-11 17:10:44,849 - log - INFO - iter:2380/2463, clip_acc1=55.2100830078125, tta_acc1=47.64706039428711
2025-06-11 17:10:44,849 - log - INFO - iter:2380/2463, Original Acc@1: 55.21, Acc@5: 81.22, TTA Acc@1: 47.65, Acc@5: 75.71
2025-06-11 17:11:48,590 - log - INFO - iter:2400/2463, clip_acc1=54.875, tta_acc1=47.29166793823242
2025-06-11 17:11:48,591 - log - INFO - iter:2400/2463, Original Acc@1: 54.88, Acc@5: 81.12, TTA Acc@1: 47.29, Acc@5: 75.58
2025-06-11 17:12:58,928 - log - INFO - iter:2420/2463, clip_acc1=54.79338836669922, tta_acc1=47.06611633300781
2025-06-11 17:12:58,928 - log - INFO - iter:2420/2463, Original Acc@1: 54.79, Acc@5: 81.16, TTA Acc@1: 47.07, Acc@5: 75.58
2025-06-11 17:13:57,154 - log - INFO - iter:2440/2463, clip_acc1=54.87704849243164, tta_acc1=47.1721305847168
2025-06-11 17:13:57,155 - log - INFO - iter:2440/2463, Original Acc@1: 54.88, Acc@5: 81.23, TTA Acc@1: 47.17, Acc@5: 75.66
2025-06-11 17:15:06,848 - log - INFO - iter:2460/2463, clip_acc1=55.0, tta_acc1=47.19512176513672
2025-06-11 17:15:06,849 - log - INFO - iter:2460/2463, Original Acc@1: 55.00, Acc@5: 81.34, TTA Acc@1: 47.20, Acc@5: 75.73
2025-06-11 17:15:13,292 - log - INFO - iter:2463/2463, clip_acc1=55.054813385009766, tta_acc1=47.25944137573242
2025-06-11 17:15:13,292 - log - INFO - iter:2463/2463, Original Acc@1: 55.05, Acc@5: 81.36, TTA Acc@1: 47.26, Acc@5: 75.76
2025-06-11 17:15:13,350 - log - INFO - Final results - Original Acc@1: 55.05, Acc@5: 81.36, TTA Acc@1: 47.26, Acc@5: 75.76
2025-06-11 17:15:13,350 - log - INFO - Improvement from TTA in Acc@1 -7.80, and Acc@5 -5.60
2025-06-11 17:15:13,540 - log - INFO - Weighted scores saved to /l/users/hashmat.malik/Projects/ATPT/Final_Results/fare4/Flower102/Clean/Counter_Attack/Eps_4_0_Steps_2_Alpha_1_0/tau_0_2_beta_2_0_weighted_pertrubation_True/No_TPT/Inference_Ensemble_weighted_rtpt_topk_20_softmaxtemp_0_01/weighted_scores.json
2025-06-11 17:15:13,540 - log - INFO - Creating plot of average weights for each view
2025-06-11 17:15:14,565 - log - INFO - Average weights plot saved to /l/users/hashmat.malik/Projects/ATPT/Final_Results/fare4/Flower102/Clean/Counter_Attack/Eps_4_0_Steps_2_Alpha_1_0/tau_0_2_beta_2_0_weighted_pertrubation_True/No_TPT/Inference_Ensemble_weighted_rtpt_topk_20_softmaxtemp_0_01/weighted_scores_plot.png
2025-06-11 17:15:14,569 - log - INFO - => Acc. on testset [Flower102]: Clean Acc @1 55.054813385009766/ TTA Clean Acc @1 47.25944137573242, Clean Acc @5 81.36418914794922/ TTA Clean Acc @5 75.76126861572266
2025-06-11 17:15:14,569 - log - INFO - Total script execution time: 9502.66 seconds (158.38 minutes)
