2025-06-15 06:09:57,137 - log - INFO - ==========================================
data:/leonardo_work/EUHPC_R04_192/fmohamma/Adversarial_Robust_Clip/atpt_data/downstream_datasets
test_sets:Flower102
dataset_mode:test
arch:vit_l_14_datacomp_1b
resolution:224
workers:4
no_pin_memory:False
batch_size:64
print_freq:20
gpu:0
no_cudnn_benchmark:False
n_ctx:4
ctx_init:a_photo_of_a
tpt_loss:tpt
seed:0
output_dir:/leonardo_work/EUHPC_R04_192/fmohamma/Adversarial_Robust_Clip/atpt_data/vit_l_14_datacomp_1b/Flower102
log_output_dir:/leonardo_work/EUHPC_R04_192/fmohamma/Adversarial_Robust_Clip/ATPT/Final_Results/vit_l_14_datacomp_1b/Flower102
eps:0.0
alpha:0.0
alpha_eps_ratio:4.0
steps:0
lr:0.005
selection_p:0.1
tta_steps:1
ensemble_type:weighted_rtpt
top_k:20
softmax_temp:0.01
counter_attack:True
counter_attack_type:pgd
counter_attack_steps:2
counter_attack_eps:2.0
counter_attack_alpha:1.0
counter_attack_tau_thres:0.2
counter_attack_beta:2.0
counter_attack_weighted_perturbations:True
pgd_clip_pure_i_text_embeddings:null
pgd_counter_and_clipure_i_lamda:1.0
selected_id_name:selected_topk.json
weighted_score_name:weighted_scores.json
batch_entropy_name:entropies.json
log_dir:/leonardo_work/EUHPC_R04_192/fmohamma/Adversarial_Robust_Clip/ATPT/Final_Results/vit_l_14_datacomp_1b/Flower102/Clean/Counter_Attack/Eps_2_0_Steps_2_Alpha_1_0/tau_0_2_beta_2_0_weighted_pertrubation_True/TPT/Optimization_Loss_tpt_LR_0_005_Optimization_Steps_1_View_Selection_Fraction_0_1/Inference_Ensemble_weighted_rtpt_topk_20_softmaxtemp_0_01

2025-06-15 06:09:57,138 - log - INFO - Use GPU: 0 for training
2025-06-15 06:11:26,149 - log - INFO - Freezing all parameters except prompt learner
2025-06-15 06:11:26,151 - log - INFO - => Model created: visual backbone vit_l_14_datacomp_1b
2025-06-15 06:11:26,170 - log - INFO - Number of test samples: 2463
2025-06-15 06:11:26,171 - log - INFO - Evaluating dataset: Flower102
2025-06-15 06:11:26,172 - log - INFO - Starting evaluation with batch size: 64, selection percentage: 0.1
2025-06-15 06:11:26,172 - log - INFO - Test-time adaptation steps: 1, learning rate: 0.005
2025-06-15 06:11:26,172 - log - INFO - Using counter-attack with epsilon: 2.000000, alpha: 0.000000, steps: 2, tau_thres: 0.2, beta: 2.0, weighted perturbation: True
2025-06-15 06:12:35,559 - log - INFO - iter:20/2463, clip_acc1=100.0, tta_acc1=100.0
2025-06-15 06:12:35,559 - log - INFO - iter:20/2463, Original Acc@1: 100.00, Acc@5: 100.00, TTA Acc@1: 100.00, Acc@5: 100.00
2025-06-15 06:13:30,912 - log - INFO - iter:40/2463, clip_acc1=100.0, tta_acc1=100.0
2025-06-15 06:13:30,912 - log - INFO - iter:40/2463, Original Acc@1: 100.00, Acc@5: 100.00, TTA Acc@1: 100.00, Acc@5: 100.00
2025-06-15 06:14:26,210 - log - INFO - iter:60/2463, clip_acc1=100.00000762939453, tta_acc1=100.00000762939453
2025-06-15 06:14:26,210 - log - INFO - iter:60/2463, Original Acc@1: 100.00, Acc@5: 100.00, TTA Acc@1: 100.00, Acc@5: 100.00
2025-06-15 06:15:21,423 - log - INFO - iter:80/2463, clip_acc1=98.75, tta_acc1=100.0
2025-06-15 06:15:21,423 - log - INFO - iter:80/2463, Original Acc@1: 98.75, Acc@5: 100.00, TTA Acc@1: 100.00, Acc@5: 100.00
2025-06-15 06:16:16,865 - log - INFO - iter:100/2463, clip_acc1=95.0, tta_acc1=99.0
2025-06-15 06:16:16,866 - log - INFO - iter:100/2463, Original Acc@1: 95.00, Acc@5: 100.00, TTA Acc@1: 99.00, Acc@5: 100.00
2025-06-15 06:17:12,498 - log - INFO - iter:120/2463, clip_acc1=90.00000762939453, tta_acc1=97.50000762939453
2025-06-15 06:17:12,498 - log - INFO - iter:120/2463, Original Acc@1: 90.00, Acc@5: 100.00, TTA Acc@1: 97.50, Acc@5: 100.00
2025-06-15 06:18:08,040 - log - INFO - iter:140/2463, clip_acc1=88.57142639160156, tta_acc1=97.85714721679688
2025-06-15 06:18:08,040 - log - INFO - iter:140/2463, Original Acc@1: 88.57, Acc@5: 100.00, TTA Acc@1: 97.86, Acc@5: 100.00
2025-06-15 06:19:03,648 - log - INFO - iter:160/2463, clip_acc1=86.25, tta_acc1=98.125
2025-06-15 06:19:03,649 - log - INFO - iter:160/2463, Original Acc@1: 86.25, Acc@5: 99.38, TTA Acc@1: 98.12, Acc@5: 100.00
2025-06-15 06:20:01,005 - log - INFO - iter:180/2463, clip_acc1=84.44444274902344, tta_acc1=97.77777862548828
2025-06-15 06:20:01,005 - log - INFO - iter:180/2463, Original Acc@1: 84.44, Acc@5: 98.89, TTA Acc@1: 97.78, Acc@5: 99.44
2025-06-15 06:20:56,547 - log - INFO - iter:200/2463, clip_acc1=76.0, tta_acc1=88.0
2025-06-15 06:20:56,547 - log - INFO - iter:200/2463, Original Acc@1: 76.00, Acc@5: 89.00, TTA Acc@1: 88.00, Acc@5: 89.50
2025-06-15 06:21:52,014 - log - INFO - iter:220/2463, clip_acc1=69.09090423583984, tta_acc1=80.0
2025-06-15 06:21:52,014 - log - INFO - iter:220/2463, Original Acc@1: 69.09, Acc@5: 80.91, TTA Acc@1: 80.00, Acc@5: 81.36
2025-06-15 06:22:47,379 - log - INFO - iter:240/2463, clip_acc1=65.83333587646484, tta_acc1=75.83333587646484
2025-06-15 06:22:47,379 - log - INFO - iter:240/2463, Original Acc@1: 65.83, Acc@5: 76.67, TTA Acc@1: 75.83, Acc@5: 77.08
2025-06-15 06:23:42,697 - log - INFO - iter:260/2463, clip_acc1=68.46154022216797, tta_acc1=77.69230651855469
2025-06-15 06:23:42,697 - log - INFO - iter:260/2463, Original Acc@1: 68.46, Acc@5: 78.46, TTA Acc@1: 77.69, Acc@5: 78.85
2025-06-15 06:24:38,084 - log - INFO - iter:280/2463, clip_acc1=70.71428680419922, tta_acc1=79.28571319580078
2025-06-15 06:24:38,084 - log - INFO - iter:280/2463, Original Acc@1: 70.71, Acc@5: 80.00, TTA Acc@1: 79.29, Acc@5: 80.36
2025-06-15 06:25:33,314 - log - INFO - iter:300/2463, clip_acc1=72.66667175292969, tta_acc1=80.66667175292969
2025-06-15 06:25:33,314 - log - INFO - iter:300/2463, Original Acc@1: 72.67, Acc@5: 81.33, TTA Acc@1: 80.67, Acc@5: 81.67
2025-06-15 06:26:28,938 - log - INFO - iter:320/2463, clip_acc1=74.375, tta_acc1=81.875
2025-06-15 06:26:28,938 - log - INFO - iter:320/2463, Original Acc@1: 74.38, Acc@5: 82.50, TTA Acc@1: 81.88, Acc@5: 82.81
2025-06-15 06:27:25,623 - log - INFO - iter:340/2463, clip_acc1=75.5882339477539, tta_acc1=82.94117736816406
2025-06-15 06:27:25,623 - log - INFO - iter:340/2463, Original Acc@1: 75.59, Acc@5: 83.53, TTA Acc@1: 82.94, Acc@5: 83.82
2025-06-15 06:28:21,068 - log - INFO - iter:360/2463, clip_acc1=76.94444274902344, tta_acc1=83.8888931274414
2025-06-15 06:28:21,068 - log - INFO - iter:360/2463, Original Acc@1: 76.94, Acc@5: 84.44, TTA Acc@1: 83.89, Acc@5: 84.72
2025-06-15 06:29:16,376 - log - INFO - iter:380/2463, clip_acc1=77.89473724365234, tta_acc1=84.73684692382812
2025-06-15 06:29:16,376 - log - INFO - iter:380/2463, Original Acc@1: 77.89, Acc@5: 85.26, TTA Acc@1: 84.74, Acc@5: 85.53
2025-06-15 06:30:11,752 - log - INFO - iter:400/2463, clip_acc1=78.5, tta_acc1=85.25
2025-06-15 06:30:11,752 - log - INFO - iter:400/2463, Original Acc@1: 78.50, Acc@5: 86.00, TTA Acc@1: 85.25, Acc@5: 86.25
2025-06-15 06:31:07,314 - log - INFO - iter:420/2463, clip_acc1=78.33333587646484, tta_acc1=85.4761962890625
2025-06-15 06:31:07,314 - log - INFO - iter:420/2463, Original Acc@1: 78.33, Acc@5: 86.43, TTA Acc@1: 85.48, Acc@5: 86.67
2025-06-15 06:32:02,783 - log - INFO - iter:440/2463, clip_acc1=77.7272720336914, tta_acc1=85.68181610107422
2025-06-15 06:32:02,783 - log - INFO - iter:440/2463, Original Acc@1: 77.73, Acc@5: 87.05, TTA Acc@1: 85.68, Acc@5: 87.27
2025-06-15 06:32:58,126 - log - INFO - iter:460/2463, clip_acc1=77.60868835449219, tta_acc1=85.86956024169922
2025-06-15 06:32:58,127 - log - INFO - iter:460/2463, Original Acc@1: 77.61, Acc@5: 87.61, TTA Acc@1: 85.87, Acc@5: 87.83
2025-06-15 06:33:53,614 - log - INFO - iter:480/2463, clip_acc1=77.50000762939453, tta_acc1=86.25000762939453
2025-06-15 06:33:53,614 - log - INFO - iter:480/2463, Original Acc@1: 77.50, Acc@5: 87.71, TTA Acc@1: 86.25, Acc@5: 88.33
2025-06-15 06:34:49,265 - log - INFO - iter:500/2463, clip_acc1=78.4000015258789, tta_acc1=86.80000305175781
2025-06-15 06:34:49,265 - log - INFO - iter:500/2463, Original Acc@1: 78.40, Acc@5: 88.20, TTA Acc@1: 86.80, Acc@5: 88.80
2025-06-15 06:35:44,672 - log - INFO - iter:520/2463, clip_acc1=79.03845977783203, tta_acc1=87.30769348144531
2025-06-15 06:35:44,672 - log - INFO - iter:520/2463, Original Acc@1: 79.04, Acc@5: 88.46, TTA Acc@1: 87.31, Acc@5: 89.23
2025-06-15 06:36:40,137 - log - INFO - iter:540/2463, clip_acc1=79.81481170654297, tta_acc1=87.77777862548828
2025-06-15 06:36:40,137 - log - INFO - iter:540/2463, Original Acc@1: 79.81, Acc@5: 88.89, TTA Acc@1: 87.78, Acc@5: 89.63
2025-06-15 06:37:35,346 - log - INFO - iter:560/2463, clip_acc1=80.53571319580078, tta_acc1=88.21428680419922
2025-06-15 06:37:35,346 - log - INFO - iter:560/2463, Original Acc@1: 80.54, Acc@5: 89.29, TTA Acc@1: 88.21, Acc@5: 90.00
2025-06-15 06:38:30,826 - log - INFO - iter:580/2463, clip_acc1=81.20689392089844, tta_acc1=88.62068939208984
2025-06-15 06:38:30,826 - log - INFO - iter:580/2463, Original Acc@1: 81.21, Acc@5: 89.66, TTA Acc@1: 88.62, Acc@5: 90.34
2025-06-15 06:39:26,221 - log - INFO - iter:600/2463, clip_acc1=81.66667175292969, tta_acc1=89.0
2025-06-15 06:39:26,221 - log - INFO - iter:600/2463, Original Acc@1: 81.67, Acc@5: 90.00, TTA Acc@1: 89.00, Acc@5: 90.67
2025-06-15 06:40:21,703 - log - INFO - iter:620/2463, clip_acc1=82.25806427001953, tta_acc1=89.3548355102539
2025-06-15 06:40:21,703 - log - INFO - iter:620/2463, Original Acc@1: 82.26, Acc@5: 90.32, TTA Acc@1: 89.35, Acc@5: 90.97
2025-06-15 06:41:17,247 - log - INFO - iter:640/2463, clip_acc1=82.8125, tta_acc1=89.6875
2025-06-15 06:41:17,247 - log - INFO - iter:640/2463, Original Acc@1: 82.81, Acc@5: 90.62, TTA Acc@1: 89.69, Acc@5: 91.25
2025-06-15 06:42:12,704 - log - INFO - iter:660/2463, clip_acc1=81.21212005615234, tta_acc1=87.8787841796875
2025-06-15 06:42:12,704 - log - INFO - iter:660/2463, Original Acc@1: 81.21, Acc@5: 88.79, TTA Acc@1: 87.88, Acc@5: 89.39
2025-06-15 06:43:08,086 - log - INFO - iter:680/2463, clip_acc1=78.82353210449219, tta_acc1=85.29412078857422
2025-06-15 06:43:08,087 - log - INFO - iter:680/2463, Original Acc@1: 78.82, Acc@5: 86.32, TTA Acc@1: 85.29, Acc@5: 86.91
2025-06-15 06:44:03,556 - log - INFO - iter:700/2463, clip_acc1=79.14285278320312, tta_acc1=85.42857360839844
2025-06-15 06:44:03,556 - log - INFO - iter:700/2463, Original Acc@1: 79.14, Acc@5: 86.57, TTA Acc@1: 85.43, Acc@5: 87.00
2025-06-15 06:44:59,261 - log - INFO - iter:720/2463, clip_acc1=79.72222137451172, tta_acc1=85.83333587646484
2025-06-15 06:44:59,262 - log - INFO - iter:720/2463, Original Acc@1: 79.72, Acc@5: 86.94, TTA Acc@1: 85.83, Acc@5: 87.36
2025-06-15 06:45:54,829 - log - INFO - iter:740/2463, clip_acc1=78.10810852050781, tta_acc1=83.9189224243164
2025-06-15 06:45:54,829 - log - INFO - iter:740/2463, Original Acc@1: 78.11, Acc@5: 86.62, TTA Acc@1: 83.92, Acc@5: 86.76
2025-06-15 06:46:50,383 - log - INFO - iter:760/2463, clip_acc1=76.3157958984375, tta_acc1=81.97368621826172
2025-06-15 06:46:50,384 - log - INFO - iter:760/2463, Original Acc@1: 76.32, Acc@5: 86.71, TTA Acc@1: 81.97, Acc@5: 86.58
2025-06-15 06:47:45,807 - log - INFO - iter:780/2463, clip_acc1=76.66667175292969, tta_acc1=82.43589782714844
2025-06-15 06:47:45,808 - log - INFO - iter:780/2463, Original Acc@1: 76.67, Acc@5: 86.92, TTA Acc@1: 82.44, Acc@5: 86.92
2025-06-15 06:48:41,150 - log - INFO - iter:800/2463, clip_acc1=77.0, tta_acc1=82.875
2025-06-15 06:48:41,150 - log - INFO - iter:800/2463, Original Acc@1: 77.00, Acc@5: 87.25, TTA Acc@1: 82.88, Acc@5: 87.25
2025-06-15 06:49:36,493 - log - INFO - iter:820/2463, clip_acc1=77.43902587890625, tta_acc1=83.17073059082031
2025-06-15 06:49:36,493 - log - INFO - iter:820/2463, Original Acc@1: 77.44, Acc@5: 87.56, TTA Acc@1: 83.17, Acc@5: 87.56
2025-06-15 06:50:32,087 - log - INFO - iter:840/2463, clip_acc1=77.61904907226562, tta_acc1=83.33333587646484
2025-06-15 06:50:32,087 - log - INFO - iter:840/2463, Original Acc@1: 77.62, Acc@5: 87.86, TTA Acc@1: 83.33, Acc@5: 87.86
2025-06-15 06:51:27,539 - log - INFO - iter:860/2463, clip_acc1=76.97674560546875, tta_acc1=82.6744155883789
2025-06-15 06:51:27,540 - log - INFO - iter:860/2463, Original Acc@1: 76.98, Acc@5: 87.09, TTA Acc@1: 82.67, Acc@5: 87.09
2025-06-15 06:52:23,042 - log - INFO - iter:880/2463, clip_acc1=75.2272720336914, tta_acc1=80.79544830322266
2025-06-15 06:52:23,042 - log - INFO - iter:880/2463, Original Acc@1: 75.23, Acc@5: 85.11, TTA Acc@1: 80.80, Acc@5: 85.11
2025-06-15 06:53:18,409 - log - INFO - iter:900/2463, clip_acc1=73.77777862548828, tta_acc1=79.0
2025-06-15 06:53:18,409 - log - INFO - iter:900/2463, Original Acc@1: 73.78, Acc@5: 85.00, TTA Acc@1: 79.00, Acc@5: 85.00
2025-06-15 06:54:13,850 - log - INFO - iter:920/2463, clip_acc1=73.15216827392578, tta_acc1=78.69564819335938
2025-06-15 06:54:13,850 - log - INFO - iter:920/2463, Original Acc@1: 73.15, Acc@5: 85.00, TTA Acc@1: 78.70, Acc@5: 85.33
2025-06-15 06:55:09,446 - log - INFO - iter:940/2463, clip_acc1=73.19149017333984, tta_acc1=79.14893341064453
2025-06-15 06:55:09,446 - log - INFO - iter:940/2463, Original Acc@1: 73.19, Acc@5: 85.21, TTA Acc@1: 79.15, Acc@5: 85.64
2025-06-15 06:56:04,851 - log - INFO - iter:960/2463, clip_acc1=73.75000762939453, tta_acc1=79.58333587646484
2025-06-15 06:56:04,851 - log - INFO - iter:960/2463, Original Acc@1: 73.75, Acc@5: 85.52, TTA Acc@1: 79.58, Acc@5: 85.94
2025-06-15 06:57:00,145 - log - INFO - iter:980/2463, clip_acc1=73.87754821777344, tta_acc1=80.0
2025-06-15 06:57:00,146 - log - INFO - iter:980/2463, Original Acc@1: 73.88, Acc@5: 85.82, TTA Acc@1: 80.00, Acc@5: 86.22
2025-06-15 06:57:55,738 - log - INFO - iter:1000/2463, clip_acc1=73.9000015258789, tta_acc1=80.30000305175781
2025-06-15 06:57:55,738 - log - INFO - iter:1000/2463, Original Acc@1: 73.90, Acc@5: 85.90, TTA Acc@1: 80.30, Acc@5: 86.50
2025-06-15 06:58:51,153 - log - INFO - iter:1020/2463, clip_acc1=74.1176528930664, tta_acc1=80.58824157714844
2025-06-15 06:58:51,154 - log - INFO - iter:1020/2463, Original Acc@1: 74.12, Acc@5: 86.18, TTA Acc@1: 80.59, Acc@5: 86.76
2025-06-15 06:59:46,510 - log - INFO - iter:1040/2463, clip_acc1=74.61538696289062, tta_acc1=80.96154022216797
2025-06-15 06:59:46,511 - log - INFO - iter:1040/2463, Original Acc@1: 74.62, Acc@5: 86.44, TTA Acc@1: 80.96, Acc@5: 87.02
2025-06-15 07:00:41,980 - log - INFO - iter:1060/2463, clip_acc1=74.62264251708984, tta_acc1=81.03773498535156
2025-06-15 07:00:41,981 - log - INFO - iter:1060/2463, Original Acc@1: 74.62, Acc@5: 86.60, TTA Acc@1: 81.04, Acc@5: 87.17
2025-06-15 07:01:37,371 - log - INFO - iter:1080/2463, clip_acc1=74.53703308105469, tta_acc1=80.9259262084961
2025-06-15 07:01:37,371 - log - INFO - iter:1080/2463, Original Acc@1: 74.54, Acc@5: 86.76, TTA Acc@1: 80.93, Acc@5: 87.31
2025-06-15 07:02:33,337 - log - INFO - iter:1100/2463, clip_acc1=74.7272720336914, tta_acc1=81.2727279663086
2025-06-15 07:02:33,338 - log - INFO - iter:1100/2463, Original Acc@1: 74.73, Acc@5: 87.00, TTA Acc@1: 81.27, Acc@5: 87.55
2025-06-15 07:03:28,695 - log - INFO - iter:1120/2463, clip_acc1=75.08928680419922, tta_acc1=81.60713958740234
2025-06-15 07:03:28,695 - log - INFO - iter:1120/2463, Original Acc@1: 75.09, Acc@5: 87.23, TTA Acc@1: 81.61, Acc@5: 87.77
2025-06-15 07:04:24,192 - log - INFO - iter:1140/2463, clip_acc1=75.1754379272461, tta_acc1=81.66667175292969
2025-06-15 07:04:24,192 - log - INFO - iter:1140/2463, Original Acc@1: 75.18, Acc@5: 87.37, TTA Acc@1: 81.67, Acc@5: 87.98
2025-06-15 07:05:19,711 - log - INFO - iter:1160/2463, clip_acc1=74.48275756835938, tta_acc1=80.77586364746094
2025-06-15 07:05:19,711 - log - INFO - iter:1160/2463, Original Acc@1: 74.48, Acc@5: 87.16, TTA Acc@1: 80.78, Acc@5: 87.84
2025-06-15 07:06:15,351 - log - INFO - iter:1180/2463, clip_acc1=73.30508422851562, tta_acc1=79.49152374267578
2025-06-15 07:06:15,351 - log - INFO - iter:1180/2463, Original Acc@1: 73.31, Acc@5: 86.53, TTA Acc@1: 79.49, Acc@5: 87.12
2025-06-15 07:07:10,753 - log - INFO - iter:1200/2463, clip_acc1=73.75, tta_acc1=79.83333587646484
2025-06-15 07:07:10,753 - log - INFO - iter:1200/2463, Original Acc@1: 73.75, Acc@5: 86.75, TTA Acc@1: 79.83, Acc@5: 87.33
2025-06-15 07:08:06,375 - log - INFO - iter:1220/2463, clip_acc1=73.60655975341797, tta_acc1=79.83606719970703
2025-06-15 07:08:06,375 - log - INFO - iter:1220/2463, Original Acc@1: 73.61, Acc@5: 86.89, TTA Acc@1: 79.84, Acc@5: 87.38
2025-06-15 07:09:02,023 - log - INFO - iter:1240/2463, clip_acc1=73.54838562011719, tta_acc1=79.91935729980469
2025-06-15 07:09:02,023 - log - INFO - iter:1240/2463, Original Acc@1: 73.55, Acc@5: 87.10, TTA Acc@1: 79.92, Acc@5: 87.50
2025-06-15 07:09:57,569 - log - INFO - iter:1260/2463, clip_acc1=73.8888931274414, tta_acc1=80.0
2025-06-15 07:09:57,569 - log - INFO - iter:1260/2463, Original Acc@1: 73.89, Acc@5: 87.30, TTA Acc@1: 80.00, Acc@5: 87.54
2025-06-15 07:10:53,065 - log - INFO - iter:1280/2463, clip_acc1=74.296875, tta_acc1=80.3125
2025-06-15 07:10:53,065 - log - INFO - iter:1280/2463, Original Acc@1: 74.30, Acc@5: 87.50, TTA Acc@1: 80.31, Acc@5: 87.73
2025-06-15 07:11:48,900 - log - INFO - iter:1300/2463, clip_acc1=74.46154022216797, tta_acc1=80.61538696289062
2025-06-15 07:11:48,901 - log - INFO - iter:1300/2463, Original Acc@1: 74.46, Acc@5: 87.54, TTA Acc@1: 80.62, Acc@5: 87.92
2025-06-15 07:12:44,524 - log - INFO - iter:1320/2463, clip_acc1=74.69696807861328, tta_acc1=80.90908813476562
2025-06-15 07:12:44,524 - log - INFO - iter:1320/2463, Original Acc@1: 74.70, Acc@5: 87.65, TTA Acc@1: 80.91, Acc@5: 88.11
2025-06-15 07:13:40,041 - log - INFO - iter:1340/2463, clip_acc1=74.85074615478516, tta_acc1=81.0447769165039
2025-06-15 07:13:40,041 - log - INFO - iter:1340/2463, Original Acc@1: 74.85, Acc@5: 87.76, TTA Acc@1: 81.04, Acc@5: 88.28
2025-06-15 07:14:36,239 - log - INFO - iter:1360/2463, clip_acc1=74.70588684082031, tta_acc1=81.32353210449219
2025-06-15 07:14:36,239 - log - INFO - iter:1360/2463, Original Acc@1: 74.71, Acc@5: 87.94, TTA Acc@1: 81.32, Acc@5: 88.46
2025-06-15 07:15:31,833 - log - INFO - iter:1380/2463, clip_acc1=74.78260803222656, tta_acc1=81.59420776367188
2025-06-15 07:15:31,834 - log - INFO - iter:1380/2463, Original Acc@1: 74.78, Acc@5: 88.12, TTA Acc@1: 81.59, Acc@5: 88.62
2025-06-15 07:16:27,623 - log - INFO - iter:1400/2463, clip_acc1=74.71428680419922, tta_acc1=81.85713958740234
2025-06-15 07:16:27,623 - log - INFO - iter:1400/2463, Original Acc@1: 74.71, Acc@5: 88.14, TTA Acc@1: 81.86, Acc@5: 88.79
2025-06-15 07:17:23,202 - log - INFO - iter:1420/2463, clip_acc1=74.64788818359375, tta_acc1=81.83098602294922
2025-06-15 07:17:23,202 - log - INFO - iter:1420/2463, Original Acc@1: 74.65, Acc@5: 88.03, TTA Acc@1: 81.83, Acc@5: 88.66
2025-06-15 07:18:18,540 - log - INFO - iter:1440/2463, clip_acc1=73.81944274902344, tta_acc1=80.90277862548828
2025-06-15 07:18:18,541 - log - INFO - iter:1440/2463, Original Acc@1: 73.82, Acc@5: 87.08, TTA Acc@1: 80.90, Acc@5: 87.64
2025-06-15 07:19:13,889 - log - INFO - iter:1460/2463, clip_acc1=74.17808532714844, tta_acc1=81.02739715576172
2025-06-15 07:19:13,889 - log - INFO - iter:1460/2463, Original Acc@1: 74.18, Acc@5: 87.26, TTA Acc@1: 81.03, Acc@5: 87.81
2025-06-15 07:20:09,335 - log - INFO - iter:1480/2463, clip_acc1=74.52703094482422, tta_acc1=81.21621704101562
2025-06-15 07:20:09,335 - log - INFO - iter:1480/2463, Original Acc@1: 74.53, Acc@5: 87.43, TTA Acc@1: 81.22, Acc@5: 87.97
2025-06-15 07:21:05,007 - log - INFO - iter:1500/2463, clip_acc1=74.66666412353516, tta_acc1=81.33333587646484
2025-06-15 07:21:05,007 - log - INFO - iter:1500/2463, Original Acc@1: 74.67, Acc@5: 87.60, TTA Acc@1: 81.33, Acc@5: 88.13
2025-06-15 07:22:00,681 - log - INFO - iter:1520/2463, clip_acc1=74.53947448730469, tta_acc1=81.18421173095703
2025-06-15 07:22:00,681 - log - INFO - iter:1520/2463, Original Acc@1: 74.54, Acc@5: 87.70, TTA Acc@1: 81.18, Acc@5: 88.22
2025-06-15 07:22:56,149 - log - INFO - iter:1540/2463, clip_acc1=74.35064697265625, tta_acc1=81.0389633178711
2025-06-15 07:22:56,149 - log - INFO - iter:1540/2463, Original Acc@1: 74.35, Acc@5: 87.53, TTA Acc@1: 81.04, Acc@5: 88.25
2025-06-15 07:23:51,556 - log - INFO - iter:1560/2463, clip_acc1=73.9102554321289, tta_acc1=80.5769271850586
2025-06-15 07:23:51,556 - log - INFO - iter:1560/2463, Original Acc@1: 73.91, Acc@5: 87.63, TTA Acc@1: 80.58, Acc@5: 88.40
2025-06-15 07:24:47,194 - log - INFO - iter:1580/2463, clip_acc1=73.67088317871094, tta_acc1=80.12657928466797
2025-06-15 07:24:47,194 - log - INFO - iter:1580/2463, Original Acc@1: 73.67, Acc@5: 87.78, TTA Acc@1: 80.13, Acc@5: 88.54
2025-06-15 07:25:42,642 - log - INFO - iter:1600/2463, clip_acc1=73.9375, tta_acc1=80.375
2025-06-15 07:25:42,642 - log - INFO - iter:1600/2463, Original Acc@1: 73.94, Acc@5: 87.94, TTA Acc@1: 80.38, Acc@5: 88.69
2025-06-15 07:26:38,191 - log - INFO - iter:1620/2463, clip_acc1=74.0740737915039, tta_acc1=80.55555725097656
2025-06-15 07:26:38,191 - log - INFO - iter:1620/2463, Original Acc@1: 74.07, Acc@5: 88.02, TTA Acc@1: 80.56, Acc@5: 88.83
2025-06-15 07:27:34,076 - log - INFO - iter:1640/2463, clip_acc1=74.26829528808594, tta_acc1=80.73170471191406
2025-06-15 07:27:34,076 - log - INFO - iter:1640/2463, Original Acc@1: 74.27, Acc@5: 88.17, TTA Acc@1: 80.73, Acc@5: 88.96
2025-06-15 07:28:29,661 - log - INFO - iter:1660/2463, clip_acc1=74.51807403564453, tta_acc1=80.96385955810547
2025-06-15 07:28:29,661 - log - INFO - iter:1660/2463, Original Acc@1: 74.52, Acc@5: 88.31, TTA Acc@1: 80.96, Acc@5: 89.10
2025-06-15 07:29:25,085 - log - INFO - iter:1680/2463, clip_acc1=74.8214340209961, tta_acc1=81.19048309326172
2025-06-15 07:29:25,085 - log - INFO - iter:1680/2463, Original Acc@1: 74.82, Acc@5: 88.45, TTA Acc@1: 81.19, Acc@5: 89.23
2025-06-15 07:30:24,487 - log - INFO - iter:1700/2463, clip_acc1=75.11764526367188, tta_acc1=81.35293579101562
2025-06-15 07:30:24,488 - log - INFO - iter:1700/2463, Original Acc@1: 75.12, Acc@5: 88.59, TTA Acc@1: 81.35, Acc@5: 89.35
2025-06-15 07:31:19,887 - log - INFO - iter:1720/2463, clip_acc1=75.23255920410156, tta_acc1=81.51162719726562
2025-06-15 07:31:19,887 - log - INFO - iter:1720/2463, Original Acc@1: 75.23, Acc@5: 88.60, TTA Acc@1: 81.51, Acc@5: 89.48
2025-06-15 07:32:15,466 - log - INFO - iter:1740/2463, clip_acc1=75.40229797363281, tta_acc1=81.72413635253906
2025-06-15 07:32:15,466 - log - INFO - iter:1740/2463, Original Acc@1: 75.40, Acc@5: 88.74, TTA Acc@1: 81.72, Acc@5: 89.60
2025-06-15 07:33:11,629 - log - INFO - iter:1760/2463, clip_acc1=75.625, tta_acc1=81.93181610107422
2025-06-15 07:33:11,629 - log - INFO - iter:1760/2463, Original Acc@1: 75.62, Acc@5: 88.86, TTA Acc@1: 81.93, Acc@5: 89.72
2025-06-15 07:34:07,161 - log - INFO - iter:1780/2463, clip_acc1=75.89888000488281, tta_acc1=82.02247619628906
2025-06-15 07:34:07,161 - log - INFO - iter:1780/2463, Original Acc@1: 75.90, Acc@5: 88.99, TTA Acc@1: 82.02, Acc@5: 89.83
2025-06-15 07:35:02,720 - log - INFO - iter:1800/2463, clip_acc1=75.94444274902344, tta_acc1=82.05555725097656
2025-06-15 07:35:02,721 - log - INFO - iter:1800/2463, Original Acc@1: 75.94, Acc@5: 89.11, TTA Acc@1: 82.06, Acc@5: 89.94
2025-06-15 07:35:58,265 - log - INFO - iter:1820/2463, clip_acc1=75.76923370361328, tta_acc1=81.86813354492188
2025-06-15 07:35:58,265 - log - INFO - iter:1820/2463, Original Acc@1: 75.77, Acc@5: 88.85, TTA Acc@1: 81.87, Acc@5: 89.67
2025-06-15 07:36:53,673 - log - INFO - iter:1840/2463, clip_acc1=75.65216827392578, tta_acc1=81.68477630615234
2025-06-15 07:36:53,673 - log - INFO - iter:1840/2463, Original Acc@1: 75.65, Acc@5: 88.59, TTA Acc@1: 81.68, Acc@5: 89.40
2025-06-15 07:37:49,094 - log - INFO - iter:1860/2463, clip_acc1=75.05376434326172, tta_acc1=81.0215072631836
2025-06-15 07:37:49,094 - log - INFO - iter:1860/2463, Original Acc@1: 75.05, Acc@5: 87.85, TTA Acc@1: 81.02, Acc@5: 88.71
2025-06-15 07:38:44,500 - log - INFO - iter:1880/2463, clip_acc1=75.26595306396484, tta_acc1=81.22340393066406
2025-06-15 07:38:44,501 - log - INFO - iter:1880/2463, Original Acc@1: 75.27, Acc@5: 87.98, TTA Acc@1: 81.22, Acc@5: 88.83
2025-06-15 07:39:39,945 - log - INFO - iter:1900/2463, clip_acc1=75.42105102539062, tta_acc1=81.05262756347656
2025-06-15 07:39:39,946 - log - INFO - iter:1900/2463, Original Acc@1: 75.42, Acc@5: 88.11, TTA Acc@1: 81.05, Acc@5: 88.95
2025-06-15 07:40:35,562 - log - INFO - iter:1920/2463, clip_acc1=75.67708587646484, tta_acc1=81.14583587646484
2025-06-15 07:40:35,562 - log - INFO - iter:1920/2463, Original Acc@1: 75.68, Acc@5: 88.23, TTA Acc@1: 81.15, Acc@5: 89.06
2025-06-15 07:41:31,063 - log - INFO - iter:1940/2463, clip_acc1=75.92784118652344, tta_acc1=81.3402099609375
2025-06-15 07:41:31,063 - log - INFO - iter:1940/2463, Original Acc@1: 75.93, Acc@5: 88.35, TTA Acc@1: 81.34, Acc@5: 89.18
2025-06-15 07:42:26,572 - log - INFO - iter:1960/2463, clip_acc1=76.0204086303711, tta_acc1=81.53060913085938
2025-06-15 07:42:26,572 - log - INFO - iter:1960/2463, Original Acc@1: 76.02, Acc@5: 88.47, TTA Acc@1: 81.53, Acc@5: 89.29
2025-06-15 07:43:22,140 - log - INFO - iter:1980/2463, clip_acc1=76.21212768554688, tta_acc1=81.61616516113281
2025-06-15 07:43:22,141 - log - INFO - iter:1980/2463, Original Acc@1: 76.21, Acc@5: 88.59, TTA Acc@1: 81.62, Acc@5: 89.34
2025-06-15 07:44:17,662 - log - INFO - iter:2000/2463, clip_acc1=76.4000015258789, tta_acc1=81.75000762939453
2025-06-15 07:44:17,662 - log - INFO - iter:2000/2463, Original Acc@1: 76.40, Acc@5: 88.70, TTA Acc@1: 81.75, Acc@5: 89.45
2025-06-15 07:45:13,169 - log - INFO - iter:2020/2463, clip_acc1=76.33663940429688, tta_acc1=81.58415985107422
2025-06-15 07:45:13,169 - log - INFO - iter:2020/2463, Original Acc@1: 76.34, Acc@5: 88.71, TTA Acc@1: 81.58, Acc@5: 89.46
2025-06-15 07:46:08,668 - log - INFO - iter:2040/2463, clip_acc1=76.22549438476562, tta_acc1=81.47059631347656
2025-06-15 07:46:08,669 - log - INFO - iter:2040/2463, Original Acc@1: 76.23, Acc@5: 88.82, TTA Acc@1: 81.47, Acc@5: 89.56
2025-06-15 07:47:04,123 - log - INFO - iter:2060/2463, clip_acc1=75.97087860107422, tta_acc1=81.55339813232422
2025-06-15 07:47:04,124 - log - INFO - iter:2060/2463, Original Acc@1: 75.97, Acc@5: 88.88, TTA Acc@1: 81.55, Acc@5: 89.66
2025-06-15 07:47:59,632 - log - INFO - iter:2080/2463, clip_acc1=75.91345977783203, tta_acc1=81.44230651855469
2025-06-15 07:47:59,633 - log - INFO - iter:2080/2463, Original Acc@1: 75.91, Acc@5: 88.80, TTA Acc@1: 81.44, Acc@5: 89.62
2025-06-15 07:48:55,200 - log - INFO - iter:2100/2463, clip_acc1=75.76190185546875, tta_acc1=81.33333587646484
2025-06-15 07:48:55,200 - log - INFO - iter:2100/2463, Original Acc@1: 75.76, Acc@5: 88.71, TTA Acc@1: 81.33, Acc@5: 89.48
2025-06-15 07:49:50,562 - log - INFO - iter:2120/2463, clip_acc1=75.61320495605469, tta_acc1=81.2735824584961
2025-06-15 07:49:50,563 - log - INFO - iter:2120/2463, Original Acc@1: 75.61, Acc@5: 88.82, TTA Acc@1: 81.27, Acc@5: 89.58
2025-06-15 07:50:46,218 - log - INFO - iter:2140/2463, clip_acc1=75.46729278564453, tta_acc1=81.35514068603516
2025-06-15 07:50:46,218 - log - INFO - iter:2140/2463, Original Acc@1: 75.47, Acc@5: 88.83, TTA Acc@1: 81.36, Acc@5: 89.63
2025-06-15 07:51:41,953 - log - INFO - iter:2160/2463, clip_acc1=75.69444274902344, tta_acc1=81.52777862548828
2025-06-15 07:51:41,954 - log - INFO - iter:2160/2463, Original Acc@1: 75.69, Acc@5: 88.94, TTA Acc@1: 81.53, Acc@5: 89.72
2025-06-15 07:52:37,525 - log - INFO - iter:2180/2463, clip_acc1=75.36697387695312, tta_acc1=81.14678955078125
2025-06-15 07:52:37,525 - log - INFO - iter:2180/2463, Original Acc@1: 75.37, Acc@5: 88.49, TTA Acc@1: 81.15, Acc@5: 89.27
2025-06-15 07:53:33,085 - log - INFO - iter:2200/2463, clip_acc1=75.54545593261719, tta_acc1=81.2727279663086
2025-06-15 07:53:33,085 - log - INFO - iter:2200/2463, Original Acc@1: 75.55, Acc@5: 88.59, TTA Acc@1: 81.27, Acc@5: 89.36
2025-06-15 07:54:28,485 - log - INFO - iter:2220/2463, clip_acc1=75.7207260131836, tta_acc1=81.44144439697266
2025-06-15 07:54:28,485 - log - INFO - iter:2220/2463, Original Acc@1: 75.72, Acc@5: 88.69, TTA Acc@1: 81.44, Acc@5: 89.46
2025-06-15 07:55:24,077 - log - INFO - iter:2240/2463, clip_acc1=75.80357360839844, tta_acc1=81.42857360839844
2025-06-15 07:55:24,077 - log - INFO - iter:2240/2463, Original Acc@1: 75.80, Acc@5: 88.79, TTA Acc@1: 81.43, Acc@5: 89.55
2025-06-15 07:56:19,822 - log - INFO - iter:2260/2463, clip_acc1=75.97344970703125, tta_acc1=81.5929183959961
2025-06-15 07:56:19,822 - log - INFO - iter:2260/2463, Original Acc@1: 75.97, Acc@5: 88.89, TTA Acc@1: 81.59, Acc@5: 89.65
2025-06-15 07:57:15,633 - log - INFO - iter:2280/2463, clip_acc1=76.00877380371094, tta_acc1=81.71052551269531
2025-06-15 07:57:15,633 - log - INFO - iter:2280/2463, Original Acc@1: 76.01, Acc@5: 88.99, TTA Acc@1: 81.71, Acc@5: 89.74
2025-06-15 07:58:11,183 - log - INFO - iter:2300/2463, clip_acc1=76.08695983886719, tta_acc1=81.86956787109375
2025-06-15 07:58:11,184 - log - INFO - iter:2300/2463, Original Acc@1: 76.09, Acc@5: 89.04, TTA Acc@1: 81.87, Acc@5: 89.83
2025-06-15 07:59:06,490 - log - INFO - iter:2320/2463, clip_acc1=76.1637954711914, tta_acc1=82.02586364746094
2025-06-15 07:59:06,490 - log - INFO - iter:2320/2463, Original Acc@1: 76.16, Acc@5: 89.05, TTA Acc@1: 82.03, Acc@5: 89.91
2025-06-15 08:00:01,891 - log - INFO - iter:2340/2463, clip_acc1=76.15384674072266, tta_acc1=82.0940170288086
2025-06-15 08:00:01,891 - log - INFO - iter:2340/2463, Original Acc@1: 76.15, Acc@5: 89.02, TTA Acc@1: 82.09, Acc@5: 89.91
2025-06-15 08:00:57,390 - log - INFO - iter:2360/2463, clip_acc1=76.05931854248047, tta_acc1=81.99152374267578
2025-06-15 08:00:57,390 - log - INFO - iter:2360/2463, Original Acc@1: 76.06, Acc@5: 89.07, TTA Acc@1: 81.99, Acc@5: 89.92
2025-06-15 08:01:52,940 - log - INFO - iter:2380/2463, clip_acc1=75.5882339477539, tta_acc1=81.38655853271484
2025-06-15 08:01:52,941 - log - INFO - iter:2380/2463, Original Acc@1: 75.59, Acc@5: 89.03, TTA Acc@1: 81.39, Acc@5: 89.92
2025-06-15 08:02:48,360 - log - INFO - iter:2400/2463, clip_acc1=75.125, tta_acc1=81.125
2025-06-15 08:02:48,360 - log - INFO - iter:2400/2463, Original Acc@1: 75.12, Acc@5: 88.88, TTA Acc@1: 81.12, Acc@5: 90.00
2025-06-15 08:03:43,861 - log - INFO - iter:2420/2463, clip_acc1=75.28925323486328, tta_acc1=81.28099060058594
2025-06-15 08:03:43,861 - log - INFO - iter:2420/2463, Original Acc@1: 75.29, Acc@5: 88.97, TTA Acc@1: 81.28, Acc@5: 90.08
2025-06-15 08:04:39,222 - log - INFO - iter:2440/2463, clip_acc1=75.45082092285156, tta_acc1=81.4344253540039
2025-06-15 08:04:39,222 - log - INFO - iter:2440/2463, Original Acc@1: 75.45, Acc@5: 89.02, TTA Acc@1: 81.43, Acc@5: 90.16
2025-06-15 08:05:33,075 - log - INFO - iter:2460/2463, clip_acc1=75.56910705566406, tta_acc1=81.58536529541016
2025-06-15 08:05:33,075 - log - INFO - iter:2460/2463, Original Acc@1: 75.57, Acc@5: 89.11, TTA Acc@1: 81.59, Acc@5: 90.24
2025-06-15 08:05:40,450 - log - INFO - iter:2463/2463, clip_acc1=75.59886169433594, tta_acc1=81.60779571533203
2025-06-15 08:05:40,450 - log - INFO - iter:2463/2463, Original Acc@1: 75.60, Acc@5: 89.12, TTA Acc@1: 81.61, Acc@5: 90.26
2025-06-15 08:05:40,565 - log - INFO - Final results - Original Acc@1: 75.60, Acc@5: 89.12, TTA Acc@1: 81.61, Acc@5: 90.26
2025-06-15 08:05:40,565 - log - INFO - Improvement from TTA in Acc@1 6.01, and Acc@5 1.14
2025-06-15 08:05:40,567 - log - INFO - Number of selected samples with index 0: 347
2025-06-15 08:05:40,567 - log - INFO - Number of samples in the dataset: 2463
2025-06-15 08:05:40,595 - log - INFO - Selected IDs saved to /leonardo_work/EUHPC_R04_192/fmohamma/Adversarial_Robust_Clip/ATPT/Final_Results/vit_l_14_datacomp_1b/Flower102/Clean/Counter_Attack/Eps_2_0_Steps_2_Alpha_1_0/tau_0_2_beta_2_0_weighted_pertrubation_True/TPT/Optimization_Loss_tpt_LR_0_005_Optimization_Steps_1_View_Selection_Fraction_0_1/Inference_Ensemble_weighted_rtpt_topk_20_softmaxtemp_0_01/selected_topk.json
2025-06-15 08:05:40,755 - log - INFO - Batch entropies saved to /leonardo_work/EUHPC_R04_192/fmohamma/Adversarial_Robust_Clip/ATPT/Final_Results/vit_l_14_datacomp_1b/Flower102/Clean/Counter_Attack/Eps_2_0_Steps_2_Alpha_1_0/tau_0_2_beta_2_0_weighted_pertrubation_True/TPT/Optimization_Loss_tpt_LR_0_005_Optimization_Steps_1_View_Selection_Fraction_0_1/Inference_Ensemble_weighted_rtpt_topk_20_softmaxtemp_0_01/entropies.json
2025-06-15 08:05:40,920 - log - INFO - Weighted scores saved to /leonardo_work/EUHPC_R04_192/fmohamma/Adversarial_Robust_Clip/ATPT/Final_Results/vit_l_14_datacomp_1b/Flower102/Clean/Counter_Attack/Eps_2_0_Steps_2_Alpha_1_0/tau_0_2_beta_2_0_weighted_pertrubation_True/TPT/Optimization_Loss_tpt_LR_0_005_Optimization_Steps_1_View_Selection_Fraction_0_1/Inference_Ensemble_weighted_rtpt_topk_20_softmaxtemp_0_01/weighted_scores.json
2025-06-15 08:05:40,920 - log - INFO - Creating plot of average weights for each view
2025-06-15 08:05:45,178 - log - INFO - Average weights plot saved to /leonardo_work/EUHPC_R04_192/fmohamma/Adversarial_Robust_Clip/ATPT/Final_Results/vit_l_14_datacomp_1b/Flower102/Clean/Counter_Attack/Eps_2_0_Steps_2_Alpha_1_0/tau_0_2_beta_2_0_weighted_pertrubation_True/TPT/Optimization_Loss_tpt_LR_0_005_Optimization_Steps_1_View_Selection_Fraction_0_1/Inference_Ensemble_weighted_rtpt_topk_20_softmaxtemp_0_01/weighted_scores_plot.png
2025-06-15 08:05:45,185 - log - INFO - => Acc. on testset [Flower102]: Clean Acc @1 75.59886169433594/ TTA Clean Acc @1 81.60779571533203, Clean Acc @5 89.11896514892578/ TTA Clean Acc @5 90.25579071044922
2025-06-15 08:05:45,185 - log - INFO - Total script execution time: 6948.08 seconds (115.80 minutes)
