2025-06-11 09:56:11,684 - log - INFO - ==========================================
data:/leonardo_work/EUHPC_R04_192/fmohamma/Adversarial_Robust_Clip/atpt_data/downstream_datasets
test_sets:eurosat
dataset_mode:test
arch:delta_clip_l14_224
resolution:224
workers:4
no_pin_memory:False
batch_size:64
print_freq:20
gpu:0
no_cudnn_benchmark:False
n_ctx:4
ctx_init:a_photo_of_a
tpt_loss:rtpt
seed:0
output_dir:/leonardo_work/EUHPC_R04_192/fmohamma/Adversarial_Robust_Clip/atpt_data/delta_clip_l14_224/eurosat
log_output_dir:/leonardo_work/EUHPC_R04_192/fmohamma/Adversarial_Robust_Clip/ATPT/Final_Results/delta_clip_l14_224/eurosat
eps:0.0
alpha:0.0
alpha_eps_ratio:4.0
steps:0
lr:0.005
selection_p:0.1
tta_steps:1
ensemble_type:vanilla
top_k:20
softmax_temp:0.01
counter_attack:True
counter_attack_type:pgd
counter_attack_steps:2
counter_attack_eps:4.0
counter_attack_alpha:1.0
counter_attack_tau_thres:0.2
counter_attack_beta:2.0
counter_attack_weighted_perturbations:True
pgd_clip_pure_i_text_embeddings:null
pgd_counter_and_clipure_i_lamda:1.0
selected_id_name:selected_topk.json
weighted_score_name:weighted_scores.json
batch_entropy_name:entropies.json
log_dir:/leonardo_work/EUHPC_R04_192/fmohamma/Adversarial_Robust_Clip/ATPT/Final_Results/delta_clip_l14_224/eurosat/Clean/Counter_Attack/Eps_4_0_Steps_2_Alpha_1_0/tau_0_2_beta_2_0_weighted_pertrubation_True/TPT/Optimization_Loss_rtpt_LR_0_005_Optimization_Steps_1_View_Selection_Fraction_0_1/Inference_Ensemble_vanilla

2025-06-11 09:56:11,684 - log - INFO - Use GPU: 0 for training
2025-06-11 09:58:17,619 - log - INFO - Freezing all parameters except prompt learner
2025-06-11 09:58:17,620 - log - INFO - => Model created: visual backbone delta_clip_l14_224
2025-06-11 09:58:17,674 - log - INFO - Number of test samples: 8100
2025-06-11 09:58:17,675 - log - INFO - Evaluating dataset: eurosat
2025-06-11 09:58:17,676 - log - INFO - Starting evaluation with batch size: 64, selection percentage: 0.1
2025-06-11 09:58:17,676 - log - INFO - Test-time adaptation steps: 1, learning rate: 0.005
2025-06-11 09:58:17,676 - log - INFO - Using counter-attack with epsilon: 4.000000, alpha: 0.000000, steps: 2, tau_thres: 0.2, beta: 2.0, weighted perturbation: True
2025-06-11 09:59:15,163 - log - INFO - iter:20/8100, clip_acc1=0.0, tta_acc1=0.0
2025-06-11 09:59:15,163 - log - INFO - iter:20/8100, Original Acc@1: 0.00, Acc@5: 70.00, TTA Acc@1: 0.00, Acc@5: 60.00
2025-06-11 09:59:59,594 - log - INFO - iter:40/8100, clip_acc1=0.0, tta_acc1=0.0
2025-06-11 09:59:59,594 - log - INFO - iter:40/8100, Original Acc@1: 0.00, Acc@5: 75.00, TTA Acc@1: 0.00, Acc@5: 55.00
2025-06-11 10:00:44,003 - log - INFO - iter:60/8100, clip_acc1=0.0, tta_acc1=0.0
2025-06-11 10:00:44,003 - log - INFO - iter:60/8100, Original Acc@1: 0.00, Acc@5: 80.00, TTA Acc@1: 0.00, Acc@5: 55.00
2025-06-11 10:01:28,229 - log - INFO - iter:80/8100, clip_acc1=0.0, tta_acc1=0.0
2025-06-11 10:01:28,230 - log - INFO - iter:80/8100, Original Acc@1: 0.00, Acc@5: 81.25, TTA Acc@1: 0.00, Acc@5: 61.25
2025-06-11 10:02:12,604 - log - INFO - iter:100/8100, clip_acc1=0.0, tta_acc1=0.0
2025-06-11 10:02:12,604 - log - INFO - iter:100/8100, Original Acc@1: 0.00, Acc@5: 81.00, TTA Acc@1: 0.00, Acc@5: 63.00
2025-06-11 10:02:57,262 - log - INFO - iter:120/8100, clip_acc1=0.0, tta_acc1=0.0
2025-06-11 10:02:57,263 - log - INFO - iter:120/8100, Original Acc@1: 0.00, Acc@5: 80.83, TTA Acc@1: 0.00, Acc@5: 62.50
2025-06-11 10:03:41,669 - log - INFO - iter:140/8100, clip_acc1=0.0, tta_acc1=0.0
2025-06-11 10:03:41,669 - log - INFO - iter:140/8100, Original Acc@1: 0.00, Acc@5: 80.00, TTA Acc@1: 0.00, Acc@5: 64.29
2025-06-11 10:04:26,070 - log - INFO - iter:160/8100, clip_acc1=0.0, tta_acc1=0.0
2025-06-11 10:04:26,070 - log - INFO - iter:160/8100, Original Acc@1: 0.00, Acc@5: 79.38, TTA Acc@1: 0.00, Acc@5: 63.75
2025-06-11 10:05:10,907 - log - INFO - iter:180/8100, clip_acc1=0.0, tta_acc1=0.0
2025-06-11 10:05:10,907 - log - INFO - iter:180/8100, Original Acc@1: 0.00, Acc@5: 79.44, TTA Acc@1: 0.00, Acc@5: 63.33
2025-06-11 10:05:55,177 - log - INFO - iter:200/8100, clip_acc1=0.5, tta_acc1=0.0
2025-06-11 10:05:55,177 - log - INFO - iter:200/8100, Original Acc@1: 0.50, Acc@5: 78.50, TTA Acc@1: 0.00, Acc@5: 63.00
2025-06-11 10:06:39,553 - log - INFO - iter:220/8100, clip_acc1=0.45454543828964233, tta_acc1=0.0
2025-06-11 10:06:39,553 - log - INFO - iter:220/8100, Original Acc@1: 0.45, Acc@5: 79.09, TTA Acc@1: 0.00, Acc@5: 62.27
2025-06-11 10:07:23,848 - log - INFO - iter:240/8100, clip_acc1=0.4166666865348816, tta_acc1=0.0
2025-06-11 10:07:23,848 - log - INFO - iter:240/8100, Original Acc@1: 0.42, Acc@5: 78.33, TTA Acc@1: 0.00, Acc@5: 61.25
2025-06-11 10:08:08,972 - log - INFO - iter:260/8100, clip_acc1=0.38461539149284363, tta_acc1=0.0
2025-06-11 10:08:08,973 - log - INFO - iter:260/8100, Original Acc@1: 0.38, Acc@5: 78.85, TTA Acc@1: 0.00, Acc@5: 61.15
2025-06-11 10:08:53,204 - log - INFO - iter:280/8100, clip_acc1=0.3571428656578064, tta_acc1=0.0
2025-06-11 10:08:53,204 - log - INFO - iter:280/8100, Original Acc@1: 0.36, Acc@5: 80.00, TTA Acc@1: 0.00, Acc@5: 61.79
2025-06-11 10:09:37,721 - log - INFO - iter:300/8100, clip_acc1=0.3333333432674408, tta_acc1=0.0
2025-06-11 10:09:37,721 - log - INFO - iter:300/8100, Original Acc@1: 0.33, Acc@5: 80.33, TTA Acc@1: 0.00, Acc@5: 62.00
2025-06-11 10:10:22,241 - log - INFO - iter:320/8100, clip_acc1=0.3125, tta_acc1=0.0
2025-06-11 10:10:22,241 - log - INFO - iter:320/8100, Original Acc@1: 0.31, Acc@5: 80.31, TTA Acc@1: 0.00, Acc@5: 61.56
2025-06-11 10:11:06,679 - log - INFO - iter:340/8100, clip_acc1=0.29411765933036804, tta_acc1=0.0
2025-06-11 10:11:06,680 - log - INFO - iter:340/8100, Original Acc@1: 0.29, Acc@5: 80.00, TTA Acc@1: 0.00, Acc@5: 62.06
2025-06-11 10:11:50,980 - log - INFO - iter:360/8100, clip_acc1=0.2777777910232544, tta_acc1=0.0
2025-06-11 10:11:50,980 - log - INFO - iter:360/8100, Original Acc@1: 0.28, Acc@5: 79.17, TTA Acc@1: 0.00, Acc@5: 61.67
2025-06-11 10:12:35,385 - log - INFO - iter:380/8100, clip_acc1=0.2631579041481018, tta_acc1=0.0
2025-06-11 10:12:35,386 - log - INFO - iter:380/8100, Original Acc@1: 0.26, Acc@5: 79.21, TTA Acc@1: 0.00, Acc@5: 61.84
2025-06-11 10:13:19,622 - log - INFO - iter:400/8100, clip_acc1=0.25, tta_acc1=0.0
2025-06-11 10:13:19,622 - log - INFO - iter:400/8100, Original Acc@1: 0.25, Acc@5: 78.75, TTA Acc@1: 0.00, Acc@5: 61.75
2025-06-11 10:14:03,799 - log - INFO - iter:420/8100, clip_acc1=0.2380952537059784, tta_acc1=0.0
2025-06-11 10:14:03,800 - log - INFO - iter:420/8100, Original Acc@1: 0.24, Acc@5: 79.05, TTA Acc@1: 0.00, Acc@5: 62.14
2025-06-11 10:14:48,163 - log - INFO - iter:440/8100, clip_acc1=0.22727271914482117, tta_acc1=0.0
2025-06-11 10:14:48,164 - log - INFO - iter:440/8100, Original Acc@1: 0.23, Acc@5: 79.09, TTA Acc@1: 0.00, Acc@5: 61.82
2025-06-11 10:15:32,326 - log - INFO - iter:460/8100, clip_acc1=0.21739129722118378, tta_acc1=0.0
2025-06-11 10:15:32,326 - log - INFO - iter:460/8100, Original Acc@1: 0.22, Acc@5: 79.13, TTA Acc@1: 0.00, Acc@5: 62.39
2025-06-11 10:16:16,797 - log - INFO - iter:480/8100, clip_acc1=0.2083333432674408, tta_acc1=0.0
2025-06-11 10:16:16,797 - log - INFO - iter:480/8100, Original Acc@1: 0.21, Acc@5: 78.33, TTA Acc@1: 0.00, Acc@5: 62.50
2025-06-11 10:17:01,080 - log - INFO - iter:500/8100, clip_acc1=0.20000000298023224, tta_acc1=0.0
2025-06-11 10:17:01,080 - log - INFO - iter:500/8100, Original Acc@1: 0.20, Acc@5: 78.40, TTA Acc@1: 0.00, Acc@5: 62.60
2025-06-11 10:17:45,446 - log - INFO - iter:520/8100, clip_acc1=0.19230769574642181, tta_acc1=0.0
2025-06-11 10:17:45,447 - log - INFO - iter:520/8100, Original Acc@1: 0.19, Acc@5: 77.88, TTA Acc@1: 0.00, Acc@5: 62.88
2025-06-11 10:18:29,821 - log - INFO - iter:540/8100, clip_acc1=0.18518517911434174, tta_acc1=0.0
2025-06-11 10:18:29,821 - log - INFO - iter:540/8100, Original Acc@1: 0.19, Acc@5: 77.78, TTA Acc@1: 0.00, Acc@5: 63.15
2025-06-11 10:19:14,054 - log - INFO - iter:560/8100, clip_acc1=0.1785714328289032, tta_acc1=0.0
2025-06-11 10:19:14,055 - log - INFO - iter:560/8100, Original Acc@1: 0.18, Acc@5: 78.04, TTA Acc@1: 0.00, Acc@5: 63.21
2025-06-11 10:19:58,545 - log - INFO - iter:580/8100, clip_acc1=0.17241379618644714, tta_acc1=0.0
2025-06-11 10:19:58,545 - log - INFO - iter:580/8100, Original Acc@1: 0.17, Acc@5: 78.10, TTA Acc@1: 0.00, Acc@5: 63.79
2025-06-11 10:20:42,890 - log - INFO - iter:600/8100, clip_acc1=0.1666666716337204, tta_acc1=0.0
2025-06-11 10:20:42,891 - log - INFO - iter:600/8100, Original Acc@1: 0.17, Acc@5: 77.83, TTA Acc@1: 0.00, Acc@5: 63.50
2025-06-11 10:21:27,334 - log - INFO - iter:620/8100, clip_acc1=0.16129031777381897, tta_acc1=0.0
2025-06-11 10:21:27,334 - log - INFO - iter:620/8100, Original Acc@1: 0.16, Acc@5: 78.23, TTA Acc@1: 0.00, Acc@5: 63.71
2025-06-11 10:22:11,787 - log - INFO - iter:640/8100, clip_acc1=0.15625, tta_acc1=0.0
2025-06-11 10:22:11,787 - log - INFO - iter:640/8100, Original Acc@1: 0.16, Acc@5: 78.44, TTA Acc@1: 0.00, Acc@5: 63.44
2025-06-11 10:22:56,151 - log - INFO - iter:660/8100, clip_acc1=0.1515151411294937, tta_acc1=0.0
2025-06-11 10:22:56,151 - log - INFO - iter:660/8100, Original Acc@1: 0.15, Acc@5: 78.33, TTA Acc@1: 0.00, Acc@5: 63.48
2025-06-11 10:23:40,501 - log - INFO - iter:680/8100, clip_acc1=0.14705882966518402, tta_acc1=0.0
2025-06-11 10:23:40,501 - log - INFO - iter:680/8100, Original Acc@1: 0.15, Acc@5: 78.82, TTA Acc@1: 0.00, Acc@5: 63.53
2025-06-11 10:24:25,863 - log - INFO - iter:700/8100, clip_acc1=0.1428571343421936, tta_acc1=0.0
2025-06-11 10:24:25,863 - log - INFO - iter:700/8100, Original Acc@1: 0.14, Acc@5: 79.14, TTA Acc@1: 0.00, Acc@5: 63.57
2025-06-11 10:25:10,298 - log - INFO - iter:720/8100, clip_acc1=0.1388888955116272, tta_acc1=0.0
2025-06-11 10:25:10,299 - log - INFO - iter:720/8100, Original Acc@1: 0.14, Acc@5: 79.31, TTA Acc@1: 0.00, Acc@5: 63.75
2025-06-11 10:25:54,575 - log - INFO - iter:740/8100, clip_acc1=0.13513514399528503, tta_acc1=0.0
2025-06-11 10:25:54,575 - log - INFO - iter:740/8100, Original Acc@1: 0.14, Acc@5: 79.73, TTA Acc@1: 0.00, Acc@5: 64.05
2025-06-11 10:26:39,187 - log - INFO - iter:760/8100, clip_acc1=0.1315789520740509, tta_acc1=0.0
2025-06-11 10:26:39,187 - log - INFO - iter:760/8100, Original Acc@1: 0.13, Acc@5: 80.00, TTA Acc@1: 0.00, Acc@5: 64.21
2025-06-11 10:27:23,422 - log - INFO - iter:780/8100, clip_acc1=0.12820513546466827, tta_acc1=0.0
2025-06-11 10:27:23,422 - log - INFO - iter:780/8100, Original Acc@1: 0.13, Acc@5: 80.38, TTA Acc@1: 0.00, Acc@5: 64.62
2025-06-11 10:28:07,766 - log - INFO - iter:800/8100, clip_acc1=0.125, tta_acc1=0.0
2025-06-11 10:28:07,766 - log - INFO - iter:800/8100, Original Acc@1: 0.12, Acc@5: 80.75, TTA Acc@1: 0.00, Acc@5: 64.88
2025-06-11 10:28:52,757 - log - INFO - iter:820/8100, clip_acc1=0.12195122241973877, tta_acc1=0.0
2025-06-11 10:28:52,757 - log - INFO - iter:820/8100, Original Acc@1: 0.12, Acc@5: 80.37, TTA Acc@1: 0.00, Acc@5: 64.63
2025-06-11 10:29:37,164 - log - INFO - iter:840/8100, clip_acc1=0.1190476268529892, tta_acc1=0.0
2025-06-11 10:29:37,164 - log - INFO - iter:840/8100, Original Acc@1: 0.12, Acc@5: 80.36, TTA Acc@1: 0.00, Acc@5: 64.40
2025-06-11 10:30:21,630 - log - INFO - iter:860/8100, clip_acc1=0.11627906560897827, tta_acc1=0.0
2025-06-11 10:30:21,631 - log - INFO - iter:860/8100, Original Acc@1: 0.12, Acc@5: 80.58, TTA Acc@1: 0.00, Acc@5: 64.77
2025-06-11 10:31:06,029 - log - INFO - iter:880/8100, clip_acc1=0.11363635957241058, tta_acc1=0.0
2025-06-11 10:31:06,029 - log - INFO - iter:880/8100, Original Acc@1: 0.11, Acc@5: 80.80, TTA Acc@1: 0.00, Acc@5: 64.55
2025-06-11 10:31:50,395 - log - INFO - iter:900/8100, clip_acc1=0.1111111119389534, tta_acc1=0.0
2025-06-11 10:31:50,395 - log - INFO - iter:900/8100, Original Acc@1: 0.11, Acc@5: 80.56, TTA Acc@1: 0.00, Acc@5: 64.78
2025-06-11 10:32:34,833 - log - INFO - iter:920/8100, clip_acc1=0.10869564861059189, tta_acc1=0.0
2025-06-11 10:32:34,833 - log - INFO - iter:920/8100, Original Acc@1: 0.11, Acc@5: 80.76, TTA Acc@1: 0.00, Acc@5: 65.11
2025-06-11 10:33:19,164 - log - INFO - iter:940/8100, clip_acc1=0.10638297349214554, tta_acc1=0.0
2025-06-11 10:33:19,164 - log - INFO - iter:940/8100, Original Acc@1: 0.11, Acc@5: 81.17, TTA Acc@1: 0.00, Acc@5: 65.32
2025-06-11 10:34:03,544 - log - INFO - iter:960/8100, clip_acc1=0.1041666716337204, tta_acc1=0.0
2025-06-11 10:34:03,544 - log - INFO - iter:960/8100, Original Acc@1: 0.10, Acc@5: 81.35, TTA Acc@1: 0.00, Acc@5: 65.31
2025-06-11 10:34:47,746 - log - INFO - iter:980/8100, clip_acc1=0.10204081237316132, tta_acc1=0.0
2025-06-11 10:34:47,746 - log - INFO - iter:980/8100, Original Acc@1: 0.10, Acc@5: 81.33, TTA Acc@1: 0.00, Acc@5: 65.41
2025-06-11 10:35:32,029 - log - INFO - iter:1000/8100, clip_acc1=0.10000000149011612, tta_acc1=0.0
2025-06-11 10:35:32,029 - log - INFO - iter:1000/8100, Original Acc@1: 0.10, Acc@5: 81.50, TTA Acc@1: 0.00, Acc@5: 65.60
2025-06-11 10:36:16,320 - log - INFO - iter:1020/8100, clip_acc1=0.09803922474384308, tta_acc1=0.0
2025-06-11 10:36:16,320 - log - INFO - iter:1020/8100, Original Acc@1: 0.10, Acc@5: 81.67, TTA Acc@1: 0.00, Acc@5: 65.78
2025-06-11 10:37:00,682 - log - INFO - iter:1040/8100, clip_acc1=0.09615384787321091, tta_acc1=0.0
2025-06-11 10:37:00,682 - log - INFO - iter:1040/8100, Original Acc@1: 0.10, Acc@5: 81.92, TTA Acc@1: 0.00, Acc@5: 66.25
2025-06-11 10:37:45,144 - log - INFO - iter:1060/8100, clip_acc1=0.09433962404727936, tta_acc1=0.09433962404727936
2025-06-11 10:37:45,144 - log - INFO - iter:1060/8100, Original Acc@1: 0.09, Acc@5: 81.89, TTA Acc@1: 0.09, Acc@5: 65.85
2025-06-11 10:38:29,469 - log - INFO - iter:1080/8100, clip_acc1=0.09259258955717087, tta_acc1=0.09259258955717087
2025-06-11 10:38:29,469 - log - INFO - iter:1080/8100, Original Acc@1: 0.09, Acc@5: 82.13, TTA Acc@1: 0.09, Acc@5: 66.11
2025-06-11 10:39:13,938 - log - INFO - iter:1100/8100, clip_acc1=0.09090909361839294, tta_acc1=0.09090909361839294
2025-06-11 10:39:13,938 - log - INFO - iter:1100/8100, Original Acc@1: 0.09, Acc@5: 82.18, TTA Acc@1: 0.09, Acc@5: 66.55
2025-06-11 10:40:03,561 - log - INFO - iter:1120/8100, clip_acc1=0.0892857164144516, tta_acc1=0.0892857164144516
2025-06-11 10:40:03,561 - log - INFO - iter:1120/8100, Original Acc@1: 0.09, Acc@5: 82.32, TTA Acc@1: 0.09, Acc@5: 66.79
2025-06-11 10:40:47,917 - log - INFO - iter:1140/8100, clip_acc1=0.08771929889917374, tta_acc1=0.08771929889917374
2025-06-11 10:40:47,917 - log - INFO - iter:1140/8100, Original Acc@1: 0.09, Acc@5: 82.63, TTA Acc@1: 0.09, Acc@5: 67.19
2025-06-11 10:41:32,256 - log - INFO - iter:1160/8100, clip_acc1=0.08620689809322357, tta_acc1=0.08620689809322357
2025-06-11 10:41:32,257 - log - INFO - iter:1160/8100, Original Acc@1: 0.09, Acc@5: 82.67, TTA Acc@1: 0.09, Acc@5: 67.41
2025-06-11 10:42:16,579 - log - INFO - iter:1180/8100, clip_acc1=0.08474576473236084, tta_acc1=0.08474576473236084
2025-06-11 10:42:16,579 - log - INFO - iter:1180/8100, Original Acc@1: 0.08, Acc@5: 82.46, TTA Acc@1: 0.08, Acc@5: 67.37
2025-06-11 10:43:01,246 - log - INFO - iter:1200/8100, clip_acc1=0.0833333358168602, tta_acc1=0.0833333358168602
2025-06-11 10:43:01,247 - log - INFO - iter:1200/8100, Original Acc@1: 0.08, Acc@5: 82.67, TTA Acc@1: 0.08, Acc@5: 67.42
2025-06-11 10:43:45,526 - log - INFO - iter:1220/8100, clip_acc1=0.16393442451953888, tta_acc1=0.16393442451953888
2025-06-11 10:43:45,526 - log - INFO - iter:1220/8100, Original Acc@1: 0.16, Acc@5: 82.87, TTA Acc@1: 0.16, Acc@5: 67.54
2025-06-11 10:44:29,973 - log - INFO - iter:1240/8100, clip_acc1=0.16129031777381897, tta_acc1=0.24193547666072845
2025-06-11 10:44:29,973 - log - INFO - iter:1240/8100, Original Acc@1: 0.16, Acc@5: 83.15, TTA Acc@1: 0.24, Acc@5: 67.74
2025-06-11 10:45:14,378 - log - INFO - iter:1260/8100, clip_acc1=0.1587301641702652, tta_acc1=0.2380952388048172
2025-06-11 10:45:14,378 - log - INFO - iter:1260/8100, Original Acc@1: 0.16, Acc@5: 83.25, TTA Acc@1: 0.24, Acc@5: 67.78
2025-06-11 10:45:58,868 - log - INFO - iter:1280/8100, clip_acc1=0.15625, tta_acc1=0.3125
2025-06-11 10:45:58,868 - log - INFO - iter:1280/8100, Original Acc@1: 0.16, Acc@5: 83.36, TTA Acc@1: 0.31, Acc@5: 67.73
2025-06-11 10:46:43,288 - log - INFO - iter:1300/8100, clip_acc1=0.1538461595773697, tta_acc1=0.3076923191547394
2025-06-11 10:46:43,289 - log - INFO - iter:1300/8100, Original Acc@1: 0.15, Acc@5: 83.54, TTA Acc@1: 0.31, Acc@5: 67.92
2025-06-11 10:47:27,645 - log - INFO - iter:1320/8100, clip_acc1=0.1515151411294937, tta_acc1=0.3030302822589874
2025-06-11 10:47:27,645 - log - INFO - iter:1320/8100, Original Acc@1: 0.15, Acc@5: 83.79, TTA Acc@1: 0.30, Acc@5: 67.80
2025-06-11 10:48:12,099 - log - INFO - iter:1340/8100, clip_acc1=0.1492537260055542, tta_acc1=0.2985074520111084
2025-06-11 10:48:12,099 - log - INFO - iter:1340/8100, Original Acc@1: 0.15, Acc@5: 83.96, TTA Acc@1: 0.30, Acc@5: 68.13
2025-06-11 10:48:56,564 - log - INFO - iter:1360/8100, clip_acc1=0.14705882966518402, tta_acc1=0.29411765933036804
2025-06-11 10:48:56,565 - log - INFO - iter:1360/8100, Original Acc@1: 0.15, Acc@5: 84.12, TTA Acc@1: 0.29, Acc@5: 67.94
2025-06-11 10:49:40,785 - log - INFO - iter:1380/8100, clip_acc1=0.14492754638195038, tta_acc1=0.28985509276390076
2025-06-11 10:49:40,785 - log - INFO - iter:1380/8100, Original Acc@1: 0.14, Acc@5: 84.20, TTA Acc@1: 0.29, Acc@5: 68.19
2025-06-11 10:50:25,266 - log - INFO - iter:1400/8100, clip_acc1=0.1428571343421936, tta_acc1=0.2857142686843872
2025-06-11 10:50:25,267 - log - INFO - iter:1400/8100, Original Acc@1: 0.14, Acc@5: 84.21, TTA Acc@1: 0.29, Acc@5: 68.36
2025-06-11 10:51:09,637 - log - INFO - iter:1420/8100, clip_acc1=0.14084506034851074, tta_acc1=0.35211265087127686
2025-06-11 10:51:09,637 - log - INFO - iter:1420/8100, Original Acc@1: 0.14, Acc@5: 84.44, TTA Acc@1: 0.35, Acc@5: 68.52
2025-06-11 10:51:53,888 - log - INFO - iter:1440/8100, clip_acc1=0.1388888955116272, tta_acc1=0.347222238779068
2025-06-11 10:51:53,888 - log - INFO - iter:1440/8100, Original Acc@1: 0.14, Acc@5: 84.65, TTA Acc@1: 0.35, Acc@5: 68.54
2025-06-11 10:52:38,234 - log - INFO - iter:1460/8100, clip_acc1=0.13698630034923553, tta_acc1=0.34246575832366943
2025-06-11 10:52:38,234 - log - INFO - iter:1460/8100, Original Acc@1: 0.14, Acc@5: 84.66, TTA Acc@1: 0.34, Acc@5: 68.70
2025-06-11 10:53:22,421 - log - INFO - iter:1480/8100, clip_acc1=0.13513514399528503, tta_acc1=0.3378378450870514
2025-06-11 10:53:22,421 - log - INFO - iter:1480/8100, Original Acc@1: 0.14, Acc@5: 84.66, TTA Acc@1: 0.34, Acc@5: 68.72
2025-06-11 10:54:06,921 - log - INFO - iter:1500/8100, clip_acc1=0.13333332538604736, tta_acc1=0.3333333432674408
2025-06-11 10:54:06,921 - log - INFO - iter:1500/8100, Original Acc@1: 0.13, Acc@5: 84.87, TTA Acc@1: 0.33, Acc@5: 68.80
2025-06-11 10:54:51,575 - log - INFO - iter:1520/8100, clip_acc1=0.1315789520740509, tta_acc1=0.32894739508628845
2025-06-11 10:54:51,576 - log - INFO - iter:1520/8100, Original Acc@1: 0.13, Acc@5: 84.93, TTA Acc@1: 0.33, Acc@5: 68.75
2025-06-11 10:55:35,929 - log - INFO - iter:1540/8100, clip_acc1=0.12987013161182404, tta_acc1=0.3246753215789795
2025-06-11 10:55:35,929 - log - INFO - iter:1540/8100, Original Acc@1: 0.13, Acc@5: 84.94, TTA Acc@1: 0.32, Acc@5: 68.77
2025-06-11 10:56:20,289 - log - INFO - iter:1560/8100, clip_acc1=0.12820513546466827, tta_acc1=0.3205128312110901
2025-06-11 10:56:20,290 - log - INFO - iter:1560/8100, Original Acc@1: 0.13, Acc@5: 85.06, TTA Acc@1: 0.32, Acc@5: 68.85
2025-06-11 10:57:04,635 - log - INFO - iter:1580/8100, clip_acc1=0.1265822798013687, tta_acc1=0.3164556920528412
2025-06-11 10:57:04,635 - log - INFO - iter:1580/8100, Original Acc@1: 0.13, Acc@5: 85.19, TTA Acc@1: 0.32, Acc@5: 69.05
2025-06-11 10:57:49,067 - log - INFO - iter:1600/8100, clip_acc1=0.125, tta_acc1=0.3125
2025-06-11 10:57:49,067 - log - INFO - iter:1600/8100, Original Acc@1: 0.12, Acc@5: 85.25, TTA Acc@1: 0.31, Acc@5: 69.06
2025-06-11 10:58:33,472 - log - INFO - iter:1620/8100, clip_acc1=0.12345679849386215, tta_acc1=0.3086419999599457
2025-06-11 10:58:33,472 - log - INFO - iter:1620/8100, Original Acc@1: 0.12, Acc@5: 85.31, TTA Acc@1: 0.31, Acc@5: 69.14
2025-06-11 10:59:17,851 - log - INFO - iter:1640/8100, clip_acc1=0.12195122241973877, tta_acc1=0.3048780560493469
2025-06-11 10:59:17,851 - log - INFO - iter:1640/8100, Original Acc@1: 0.12, Acc@5: 85.30, TTA Acc@1: 0.30, Acc@5: 69.02
2025-06-11 11:00:02,014 - log - INFO - iter:1660/8100, clip_acc1=0.1204819306731224, tta_acc1=0.3012048304080963
2025-06-11 11:00:02,014 - log - INFO - iter:1660/8100, Original Acc@1: 0.12, Acc@5: 85.24, TTA Acc@1: 0.30, Acc@5: 68.98
2025-06-11 11:00:45,863 - log - INFO - iter:1680/8100, clip_acc1=0.1785714328289032, tta_acc1=0.2976190447807312
2025-06-11 11:00:45,863 - log - INFO - iter:1680/8100, Original Acc@1: 0.18, Acc@5: 85.18, TTA Acc@1: 0.30, Acc@5: 68.99
2025-06-11 11:01:30,260 - log - INFO - iter:1700/8100, clip_acc1=0.1764705777168274, tta_acc1=0.29411762952804565
2025-06-11 11:01:30,260 - log - INFO - iter:1700/8100, Original Acc@1: 0.18, Acc@5: 85.12, TTA Acc@1: 0.29, Acc@5: 69.18
2025-06-11 11:02:14,889 - log - INFO - iter:1720/8100, clip_acc1=0.1744185984134674, tta_acc1=0.2906976640224457
2025-06-11 11:02:14,890 - log - INFO - iter:1720/8100, Original Acc@1: 0.17, Acc@5: 85.23, TTA Acc@1: 0.29, Acc@5: 68.84
2025-06-11 11:02:59,280 - log - INFO - iter:1740/8100, clip_acc1=0.17241379618644714, tta_acc1=0.28735631704330444
2025-06-11 11:02:59,280 - log - INFO - iter:1740/8100, Original Acc@1: 0.17, Acc@5: 85.29, TTA Acc@1: 0.29, Acc@5: 68.91
2025-06-11 11:03:43,614 - log - INFO - iter:1760/8100, clip_acc1=0.17045454680919647, tta_acc1=0.28409090638160706
2025-06-11 11:03:43,614 - log - INFO - iter:1760/8100, Original Acc@1: 0.17, Acc@5: 85.28, TTA Acc@1: 0.28, Acc@5: 68.75
2025-06-11 11:04:27,921 - log - INFO - iter:1780/8100, clip_acc1=0.16853933036327362, tta_acc1=0.2808988690376282
2025-06-11 11:04:27,921 - log - INFO - iter:1780/8100, Original Acc@1: 0.17, Acc@5: 85.28, TTA Acc@1: 0.28, Acc@5: 68.71
2025-06-11 11:05:12,229 - log - INFO - iter:1800/8100, clip_acc1=0.1666666716337204, tta_acc1=0.2777777910232544
2025-06-11 11:05:12,230 - log - INFO - iter:1800/8100, Original Acc@1: 0.17, Acc@5: 85.39, TTA Acc@1: 0.28, Acc@5: 68.78
2025-06-11 11:05:58,753 - log - INFO - iter:1820/8100, clip_acc1=0.16483516991138458, tta_acc1=0.2747252881526947
2025-06-11 11:05:58,753 - log - INFO - iter:1820/8100, Original Acc@1: 0.16, Acc@5: 85.22, TTA Acc@1: 0.27, Acc@5: 68.57
2025-06-11 11:06:43,165 - log - INFO - iter:1840/8100, clip_acc1=0.16304346919059753, tta_acc1=0.32608693838119507
2025-06-11 11:06:43,165 - log - INFO - iter:1840/8100, Original Acc@1: 0.16, Acc@5: 84.67, TTA Acc@1: 0.33, Acc@5: 68.10
2025-06-11 11:07:27,437 - log - INFO - iter:1860/8100, clip_acc1=0.16129033267498016, tta_acc1=0.3225806653499603
2025-06-11 11:07:27,437 - log - INFO - iter:1860/8100, Original Acc@1: 0.16, Acc@5: 84.41, TTA Acc@1: 0.32, Acc@5: 67.63
2025-06-11 11:08:11,967 - log - INFO - iter:1880/8100, clip_acc1=0.21276594698429108, tta_acc1=0.3723404109477997
2025-06-11 11:08:11,967 - log - INFO - iter:1880/8100, Original Acc@1: 0.21, Acc@5: 84.36, TTA Acc@1: 0.37, Acc@5: 67.34
2025-06-11 11:08:56,242 - log - INFO - iter:1900/8100, clip_acc1=0.21052630245685577, tta_acc1=0.3684210479259491
2025-06-11 11:08:56,242 - log - INFO - iter:1900/8100, Original Acc@1: 0.21, Acc@5: 84.21, TTA Acc@1: 0.37, Acc@5: 67.00
2025-06-11 11:09:40,796 - log - INFO - iter:1920/8100, clip_acc1=0.2604166865348816, tta_acc1=0.3645833432674408
2025-06-11 11:09:40,796 - log - INFO - iter:1920/8100, Original Acc@1: 0.26, Acc@5: 84.06, TTA Acc@1: 0.36, Acc@5: 66.82
2025-06-11 11:10:25,293 - log - INFO - iter:1940/8100, clip_acc1=0.30927836894989014, tta_acc1=0.3608247637748718
2025-06-11 11:10:25,293 - log - INFO - iter:1940/8100, Original Acc@1: 0.31, Acc@5: 84.12, TTA Acc@1: 0.36, Acc@5: 66.65
2025-06-11 11:11:09,557 - log - INFO - iter:1960/8100, clip_acc1=0.357142835855484, tta_acc1=0.357142835855484
2025-06-11 11:11:09,557 - log - INFO - iter:1960/8100, Original Acc@1: 0.36, Acc@5: 83.98, TTA Acc@1: 0.36, Acc@5: 66.43
2025-06-11 11:11:53,946 - log - INFO - iter:1980/8100, clip_acc1=0.4545454680919647, tta_acc1=0.4040404260158539
2025-06-11 11:11:53,946 - log - INFO - iter:1980/8100, Original Acc@1: 0.45, Acc@5: 83.84, TTA Acc@1: 0.40, Acc@5: 66.06
2025-06-11 11:12:38,389 - log - INFO - iter:2000/8100, clip_acc1=0.45000001788139343, tta_acc1=0.4000000059604645
2025-06-11 11:12:38,389 - log - INFO - iter:2000/8100, Original Acc@1: 0.45, Acc@5: 83.65, TTA Acc@1: 0.40, Acc@5: 65.90
2025-06-11 11:13:22,740 - log - INFO - iter:2020/8100, clip_acc1=0.445544570684433, tta_acc1=0.39603960514068604
2025-06-11 11:13:22,740 - log - INFO - iter:2020/8100, Original Acc@1: 0.45, Acc@5: 83.27, TTA Acc@1: 0.40, Acc@5: 65.54
2025-06-11 11:14:06,955 - log - INFO - iter:2040/8100, clip_acc1=0.44117650389671326, tta_acc1=0.3921568989753723
2025-06-11 11:14:06,956 - log - INFO - iter:2040/8100, Original Acc@1: 0.44, Acc@5: 83.19, TTA Acc@1: 0.39, Acc@5: 65.34
2025-06-11 11:14:51,165 - log - INFO - iter:2060/8100, clip_acc1=0.4368932247161865, tta_acc1=0.3883495330810547
2025-06-11 11:14:51,166 - log - INFO - iter:2060/8100, Original Acc@1: 0.44, Acc@5: 83.06, TTA Acc@1: 0.39, Acc@5: 64.95
2025-06-11 11:15:36,476 - log - INFO - iter:2080/8100, clip_acc1=0.4326923191547394, tta_acc1=0.38461539149284363
2025-06-11 11:15:36,476 - log - INFO - iter:2080/8100, Original Acc@1: 0.43, Acc@5: 82.93, TTA Acc@1: 0.38, Acc@5: 64.66
2025-06-11 11:16:20,951 - log - INFO - iter:2100/8100, clip_acc1=0.4761904776096344, tta_acc1=0.380952388048172
2025-06-11 11:16:20,951 - log - INFO - iter:2100/8100, Original Acc@1: 0.48, Acc@5: 82.90, TTA Acc@1: 0.38, Acc@5: 64.52
2025-06-11 11:17:05,308 - log - INFO - iter:2120/8100, clip_acc1=0.5188679099082947, tta_acc1=0.37735849618911743
2025-06-11 11:17:05,309 - log - INFO - iter:2120/8100, Original Acc@1: 0.52, Acc@5: 82.83, TTA Acc@1: 0.38, Acc@5: 64.39
2025-06-11 11:17:49,747 - log - INFO - iter:2140/8100, clip_acc1=0.514018714427948, tta_acc1=0.37383177876472473
2025-06-11 11:17:49,747 - log - INFO - iter:2140/8100, Original Acc@1: 0.51, Acc@5: 82.62, TTA Acc@1: 0.37, Acc@5: 64.16
2025-06-11 11:18:34,159 - log - INFO - iter:2160/8100, clip_acc1=0.5092592239379883, tta_acc1=0.37037035822868347
2025-06-11 11:18:34,159 - log - INFO - iter:2160/8100, Original Acc@1: 0.51, Acc@5: 82.59, TTA Acc@1: 0.37, Acc@5: 63.94
2025-06-11 11:19:18,434 - log - INFO - iter:2180/8100, clip_acc1=0.5045871734619141, tta_acc1=0.3669724762439728
2025-06-11 11:19:18,435 - log - INFO - iter:2180/8100, Original Acc@1: 0.50, Acc@5: 82.39, TTA Acc@1: 0.37, Acc@5: 63.85
2025-06-11 11:20:02,861 - log - INFO - iter:2200/8100, clip_acc1=0.5, tta_acc1=0.3636363744735718
2025-06-11 11:20:02,861 - log - INFO - iter:2200/8100, Original Acc@1: 0.50, Acc@5: 82.27, TTA Acc@1: 0.36, Acc@5: 63.55
2025-06-11 11:20:47,494 - log - INFO - iter:2220/8100, clip_acc1=0.4954954981803894, tta_acc1=0.36036038398742676
2025-06-11 11:20:47,494 - log - INFO - iter:2220/8100, Original Acc@1: 0.50, Acc@5: 82.12, TTA Acc@1: 0.36, Acc@5: 63.33
2025-06-11 11:21:31,854 - log - INFO - iter:2240/8100, clip_acc1=0.4910714328289032, tta_acc1=0.3571428656578064
2025-06-11 11:21:31,854 - log - INFO - iter:2240/8100, Original Acc@1: 0.49, Acc@5: 82.05, TTA Acc@1: 0.36, Acc@5: 63.21
2025-06-11 11:22:16,345 - log - INFO - iter:2260/8100, clip_acc1=0.48672565817832947, tta_acc1=0.3539822995662689
2025-06-11 11:22:16,345 - log - INFO - iter:2260/8100, Original Acc@1: 0.49, Acc@5: 81.90, TTA Acc@1: 0.35, Acc@5: 62.88
2025-06-11 11:23:00,731 - log - INFO - iter:2280/8100, clip_acc1=0.48245614767074585, tta_acc1=0.35087719559669495
2025-06-11 11:23:00,731 - log - INFO - iter:2280/8100, Original Acc@1: 0.48, Acc@5: 81.71, TTA Acc@1: 0.35, Acc@5: 62.63
2025-06-11 11:23:45,262 - log - INFO - iter:2300/8100, clip_acc1=0.47826087474823, tta_acc1=0.3913043439388275
2025-06-11 11:23:45,262 - log - INFO - iter:2300/8100, Original Acc@1: 0.48, Acc@5: 81.65, TTA Acc@1: 0.39, Acc@5: 62.48
2025-06-11 11:24:29,549 - log - INFO - iter:2320/8100, clip_acc1=0.47413793206214905, tta_acc1=0.3879310190677643
2025-06-11 11:24:29,549 - log - INFO - iter:2320/8100, Original Acc@1: 0.47, Acc@5: 81.47, TTA Acc@1: 0.39, Acc@5: 62.24
2025-06-11 11:25:13,906 - log - INFO - iter:2340/8100, clip_acc1=0.470085471868515, tta_acc1=0.38461539149284363
2025-06-11 11:25:13,906 - log - INFO - iter:2340/8100, Original Acc@1: 0.47, Acc@5: 81.20, TTA Acc@1: 0.38, Acc@5: 62.01
2025-06-11 11:25:58,293 - log - INFO - iter:2360/8100, clip_acc1=0.508474588394165, tta_acc1=0.46610167622566223
2025-06-11 11:25:58,294 - log - INFO - iter:2360/8100, Original Acc@1: 0.51, Acc@5: 81.14, TTA Acc@1: 0.47, Acc@5: 61.86
2025-06-11 11:26:42,726 - log - INFO - iter:2380/8100, clip_acc1=0.5042017102241516, tta_acc1=0.462184876203537
2025-06-11 11:26:42,726 - log - INFO - iter:2380/8100, Original Acc@1: 0.50, Acc@5: 80.92, TTA Acc@1: 0.46, Acc@5: 61.68
2025-06-11 11:27:26,981 - log - INFO - iter:2400/8100, clip_acc1=0.5, tta_acc1=0.4583333432674408
2025-06-11 11:27:26,981 - log - INFO - iter:2400/8100, Original Acc@1: 0.50, Acc@5: 80.79, TTA Acc@1: 0.46, Acc@5: 61.46
2025-06-11 11:28:11,302 - log - INFO - iter:2420/8100, clip_acc1=0.4958677589893341, tta_acc1=0.4545454680919647
2025-06-11 11:28:11,303 - log - INFO - iter:2420/8100, Original Acc@1: 0.50, Acc@5: 80.79, TTA Acc@1: 0.45, Acc@5: 61.36
2025-06-11 11:28:55,599 - log - INFO - iter:2440/8100, clip_acc1=0.49180328845977783, tta_acc1=0.49180328845977783
2025-06-11 11:28:55,599 - log - INFO - iter:2440/8100, Original Acc@1: 0.49, Acc@5: 80.78, TTA Acc@1: 0.49, Acc@5: 61.31
2025-06-11 11:29:39,937 - log - INFO - iter:2460/8100, clip_acc1=0.4878048598766327, tta_acc1=0.4878048598766327
2025-06-11 11:29:39,938 - log - INFO - iter:2460/8100, Original Acc@1: 0.49, Acc@5: 80.57, TTA Acc@1: 0.49, Acc@5: 61.14
2025-06-11 11:30:24,409 - log - INFO - iter:2480/8100, clip_acc1=0.4838709533214569, tta_acc1=0.4838709533214569
2025-06-11 11:30:24,410 - log - INFO - iter:2480/8100, Original Acc@1: 0.48, Acc@5: 80.52, TTA Acc@1: 0.48, Acc@5: 60.89
2025-06-11 11:31:08,767 - log - INFO - iter:2500/8100, clip_acc1=0.5199999809265137, tta_acc1=0.47999998927116394
2025-06-11 11:31:08,767 - log - INFO - iter:2500/8100, Original Acc@1: 0.52, Acc@5: 80.32, TTA Acc@1: 0.48, Acc@5: 60.56
2025-06-11 11:31:53,131 - log - INFO - iter:2520/8100, clip_acc1=0.5158730149269104, tta_acc1=0.4761904776096344
2025-06-11 11:31:53,131 - log - INFO - iter:2520/8100, Original Acc@1: 0.52, Acc@5: 80.16, TTA Acc@1: 0.48, Acc@5: 60.40
2025-06-11 11:32:37,447 - log - INFO - iter:2540/8100, clip_acc1=0.5511810779571533, tta_acc1=0.4724409580230713
2025-06-11 11:32:37,448 - log - INFO - iter:2540/8100, Original Acc@1: 0.55, Acc@5: 80.00, TTA Acc@1: 0.47, Acc@5: 60.16
2025-06-11 11:33:21,722 - log - INFO - iter:2560/8100, clip_acc1=0.546875, tta_acc1=0.46875
2025-06-11 11:33:21,723 - log - INFO - iter:2560/8100, Original Acc@1: 0.55, Acc@5: 79.77, TTA Acc@1: 0.47, Acc@5: 59.92
2025-06-11 11:34:07,041 - log - INFO - iter:2580/8100, clip_acc1=0.5813953280448914, tta_acc1=0.4651162624359131
2025-06-11 11:34:07,041 - log - INFO - iter:2580/8100, Original Acc@1: 0.58, Acc@5: 79.69, TTA Acc@1: 0.47, Acc@5: 59.77
2025-06-11 11:34:51,456 - log - INFO - iter:2600/8100, clip_acc1=0.5769230723381042, tta_acc1=0.4615384638309479
2025-06-11 11:34:51,456 - log - INFO - iter:2600/8100, Original Acc@1: 0.58, Acc@5: 79.54, TTA Acc@1: 0.46, Acc@5: 59.54
2025-06-11 11:35:35,697 - log - INFO - iter:2620/8100, clip_acc1=0.572519063949585, tta_acc1=0.4580152630805969
2025-06-11 11:35:35,698 - log - INFO - iter:2620/8100, Original Acc@1: 0.57, Acc@5: 79.47, TTA Acc@1: 0.46, Acc@5: 59.47
2025-06-11 11:36:20,040 - log - INFO - iter:2640/8100, clip_acc1=0.5681818127632141, tta_acc1=0.45454543828964233
2025-06-11 11:36:20,040 - log - INFO - iter:2640/8100, Original Acc@1: 0.57, Acc@5: 79.24, TTA Acc@1: 0.45, Acc@5: 59.43
2025-06-11 11:37:04,462 - log - INFO - iter:2660/8100, clip_acc1=0.6015037894248962, tta_acc1=0.451127827167511
2025-06-11 11:37:04,462 - log - INFO - iter:2660/8100, Original Acc@1: 0.60, Acc@5: 79.21, TTA Acc@1: 0.45, Acc@5: 59.32
2025-06-11 11:37:48,881 - log - INFO - iter:2680/8100, clip_acc1=0.5970149040222168, tta_acc1=0.447761207818985
2025-06-11 11:37:48,881 - log - INFO - iter:2680/8100, Original Acc@1: 0.60, Acc@5: 79.22, TTA Acc@1: 0.45, Acc@5: 59.25
2025-06-11 11:38:33,165 - log - INFO - iter:2700/8100, clip_acc1=0.6666666865348816, tta_acc1=0.4444444477558136
2025-06-11 11:38:33,165 - log - INFO - iter:2700/8100, Original Acc@1: 0.67, Acc@5: 79.26, TTA Acc@1: 0.44, Acc@5: 59.30
2025-06-11 11:39:17,547 - log - INFO - iter:2720/8100, clip_acc1=0.9191176891326904, tta_acc1=0.6985294222831726
2025-06-11 11:39:17,547 - log - INFO - iter:2720/8100, Original Acc@1: 0.92, Acc@5: 79.34, TTA Acc@1: 0.70, Acc@5: 59.49
2025-06-11 11:40:01,943 - log - INFO - iter:2740/8100, clip_acc1=1.1313867568969727, tta_acc1=1.1313867568969727
2025-06-11 11:40:01,943 - log - INFO - iter:2740/8100, Original Acc@1: 1.13, Acc@5: 79.42, TTA Acc@1: 1.13, Acc@5: 59.78
2025-06-11 11:40:46,726 - log - INFO - iter:2760/8100, clip_acc1=1.4492753744125366, tta_acc1=1.4492753744125366
2025-06-11 11:40:46,726 - log - INFO - iter:2760/8100, Original Acc@1: 1.45, Acc@5: 79.53, TTA Acc@1: 1.45, Acc@5: 60.07
2025-06-11 11:41:31,228 - log - INFO - iter:2780/8100, clip_acc1=1.7266186475753784, tta_acc1=1.7266186475753784
2025-06-11 11:41:31,228 - log - INFO - iter:2780/8100, Original Acc@1: 1.73, Acc@5: 79.68, TTA Acc@1: 1.73, Acc@5: 60.36
2025-06-11 11:42:15,598 - log - INFO - iter:2800/8100, clip_acc1=2.107142925262451, tta_acc1=2.107142925262451
2025-06-11 11:42:15,598 - log - INFO - iter:2800/8100, Original Acc@1: 2.11, Acc@5: 79.71, TTA Acc@1: 2.11, Acc@5: 60.57
2025-06-11 11:42:59,987 - log - INFO - iter:2820/8100, clip_acc1=2.269503593444824, tta_acc1=2.4113473892211914
2025-06-11 11:42:59,987 - log - INFO - iter:2820/8100, Original Acc@1: 2.27, Acc@5: 79.79, TTA Acc@1: 2.41, Acc@5: 60.85
2025-06-11 11:43:44,434 - log - INFO - iter:2840/8100, clip_acc1=2.3943660259246826, tta_acc1=2.5352110862731934
2025-06-11 11:43:44,434 - log - INFO - iter:2840/8100, Original Acc@1: 2.39, Acc@5: 79.86, TTA Acc@1: 2.54, Acc@5: 61.09
2025-06-11 11:44:28,807 - log - INFO - iter:2860/8100, clip_acc1=2.622377634048462, tta_acc1=2.9020979404449463
2025-06-11 11:44:28,807 - log - INFO - iter:2860/8100, Original Acc@1: 2.62, Acc@5: 79.97, TTA Acc@1: 2.90, Acc@5: 61.33
2025-06-11 11:45:13,422 - log - INFO - iter:2880/8100, clip_acc1=2.881944417953491, tta_acc1=3.2638890743255615
2025-06-11 11:45:13,422 - log - INFO - iter:2880/8100, Original Acc@1: 2.88, Acc@5: 80.00, TTA Acc@1: 3.26, Acc@5: 61.60
2025-06-11 11:45:57,748 - log - INFO - iter:2900/8100, clip_acc1=3.1379311084747314, tta_acc1=3.65517258644104
2025-06-11 11:45:57,749 - log - INFO - iter:2900/8100, Original Acc@1: 3.14, Acc@5: 80.10, TTA Acc@1: 3.66, Acc@5: 61.86
2025-06-11 11:46:42,143 - log - INFO - iter:2920/8100, clip_acc1=3.390411138534546, tta_acc1=4.00684928894043
2025-06-11 11:46:42,143 - log - INFO - iter:2920/8100, Original Acc@1: 3.39, Acc@5: 80.24, TTA Acc@1: 4.01, Acc@5: 62.12
2025-06-11 11:47:26,632 - log - INFO - iter:2940/8100, clip_acc1=3.537415027618408, tta_acc1=4.2517008781433105
2025-06-11 11:47:26,633 - log - INFO - iter:2940/8100, Original Acc@1: 3.54, Acc@5: 80.31, TTA Acc@1: 4.25, Acc@5: 62.35
2025-06-11 11:48:11,328 - log - INFO - iter:2960/8100, clip_acc1=3.75, tta_acc1=4.493243217468262
2025-06-11 11:48:11,328 - log - INFO - iter:2960/8100, Original Acc@1: 3.75, Acc@5: 80.37, TTA Acc@1: 4.49, Acc@5: 62.60
2025-06-11 11:48:55,733 - log - INFO - iter:2980/8100, clip_acc1=3.9597318172454834, tta_acc1=4.7986578941345215
2025-06-11 11:48:55,733 - log - INFO - iter:2980/8100, Original Acc@1: 3.96, Acc@5: 80.44, TTA Acc@1: 4.80, Acc@5: 62.82
2025-06-11 11:49:40,040 - log - INFO - iter:3000/8100, clip_acc1=4.300000190734863, tta_acc1=5.133333206176758
2025-06-11 11:49:40,040 - log - INFO - iter:3000/8100, Original Acc@1: 4.30, Acc@5: 80.57, TTA Acc@1: 5.13, Acc@5: 63.07
2025-06-11 11:50:24,451 - log - INFO - iter:3020/8100, clip_acc1=4.5695366859436035, tta_acc1=5.463576316833496
2025-06-11 11:50:24,451 - log - INFO - iter:3020/8100, Original Acc@1: 4.57, Acc@5: 80.66, TTA Acc@1: 5.46, Acc@5: 63.28
2025-06-11 11:51:08,896 - log - INFO - iter:3040/8100, clip_acc1=4.769737243652344, tta_acc1=5.723684310913086
2025-06-11 11:51:08,896 - log - INFO - iter:3040/8100, Original Acc@1: 4.77, Acc@5: 80.79, TTA Acc@1: 5.72, Acc@5: 63.52
2025-06-11 11:51:53,434 - log - INFO - iter:3060/8100, clip_acc1=5.032680034637451, tta_acc1=6.045752048492432
2025-06-11 11:51:53,434 - log - INFO - iter:3060/8100, Original Acc@1: 5.03, Acc@5: 80.88, TTA Acc@1: 6.05, Acc@5: 63.76
2025-06-11 11:52:37,782 - log - INFO - iter:3080/8100, clip_acc1=5.2272725105285645, tta_acc1=6.298701286315918
2025-06-11 11:52:37,782 - log - INFO - iter:3080/8100, Original Acc@1: 5.23, Acc@5: 80.97, TTA Acc@1: 6.30, Acc@5: 63.99
2025-06-11 11:53:22,262 - log - INFO - iter:3100/8100, clip_acc1=5.4193549156188965, tta_acc1=6.516129493713379
2025-06-11 11:53:22,262 - log - INFO - iter:3100/8100, Original Acc@1: 5.42, Acc@5: 80.94, TTA Acc@1: 6.52, Acc@5: 64.16
2025-06-11 11:54:06,594 - log - INFO - iter:3120/8100, clip_acc1=5.480769634246826, tta_acc1=6.762820720672607
2025-06-11 11:54:06,594 - log - INFO - iter:3120/8100, Original Acc@1: 5.48, Acc@5: 80.99, TTA Acc@1: 6.76, Acc@5: 64.39
2025-06-11 11:54:50,879 - log - INFO - iter:3140/8100, clip_acc1=5.573248386383057, tta_acc1=6.9426751136779785
2025-06-11 11:54:50,879 - log - INFO - iter:3140/8100, Original Acc@1: 5.57, Acc@5: 81.05, TTA Acc@1: 6.94, Acc@5: 64.59
2025-06-11 11:55:35,306 - log - INFO - iter:3160/8100, clip_acc1=5.822784900665283, tta_acc1=7.246835708618164
2025-06-11 11:55:35,306 - log - INFO - iter:3160/8100, Original Acc@1: 5.82, Acc@5: 81.14, TTA Acc@1: 7.25, Acc@5: 64.78
2025-06-11 11:56:19,900 - log - INFO - iter:3180/8100, clip_acc1=6.100628852844238, tta_acc1=7.610062599182129
2025-06-11 11:56:19,900 - log - INFO - iter:3180/8100, Original Acc@1: 6.10, Acc@5: 81.23, TTA Acc@1: 7.61, Acc@5: 65.00
2025-06-11 11:57:04,213 - log - INFO - iter:3200/8100, clip_acc1=6.1875, tta_acc1=7.78125
2025-06-11 11:57:04,213 - log - INFO - iter:3200/8100, Original Acc@1: 6.19, Acc@5: 81.25, TTA Acc@1: 7.78, Acc@5: 65.22
2025-06-11 11:57:48,548 - log - INFO - iter:3220/8100, clip_acc1=6.4285712242126465, tta_acc1=8.07453441619873
2025-06-11 11:57:48,548 - log - INFO - iter:3220/8100, Original Acc@1: 6.43, Acc@5: 81.37, TTA Acc@1: 8.07, Acc@5: 65.43
2025-06-11 11:58:32,915 - log - INFO - iter:3240/8100, clip_acc1=6.635802745819092, tta_acc1=8.302469253540039
2025-06-11 11:58:32,915 - log - INFO - iter:3240/8100, Original Acc@1: 6.64, Acc@5: 81.36, TTA Acc@1: 8.30, Acc@5: 65.62
2025-06-11 11:59:17,317 - log - INFO - iter:3260/8100, clip_acc1=6.809815883636475, tta_acc1=8.37423324584961
2025-06-11 11:59:17,317 - log - INFO - iter:3260/8100, Original Acc@1: 6.81, Acc@5: 81.38, TTA Acc@1: 8.37, Acc@5: 65.80
2025-06-11 12:00:01,698 - log - INFO - iter:3280/8100, clip_acc1=6.859755992889404, tta_acc1=8.59756088256836
2025-06-11 12:00:01,698 - log - INFO - iter:3280/8100, Original Acc@1: 6.86, Acc@5: 81.46, TTA Acc@1: 8.60, Acc@5: 65.98
2025-06-11 12:00:46,175 - log - INFO - iter:3300/8100, clip_acc1=7.090909004211426, tta_acc1=8.909090995788574
2025-06-11 12:00:46,175 - log - INFO - iter:3300/8100, Original Acc@1: 7.09, Acc@5: 81.45, TTA Acc@1: 8.91, Acc@5: 66.18
2025-06-11 12:01:30,894 - log - INFO - iter:3320/8100, clip_acc1=7.198795318603516, tta_acc1=9.036145210266113
2025-06-11 12:01:30,894 - log - INFO - iter:3320/8100, Original Acc@1: 7.20, Acc@5: 81.48, TTA Acc@1: 9.04, Acc@5: 66.36
2025-06-11 12:02:15,400 - log - INFO - iter:3340/8100, clip_acc1=7.335329532623291, tta_acc1=9.131736755371094
2025-06-11 12:02:15,400 - log - INFO - iter:3340/8100, Original Acc@1: 7.34, Acc@5: 81.50, TTA Acc@1: 9.13, Acc@5: 66.47
2025-06-11 12:02:59,815 - log - INFO - iter:3360/8100, clip_acc1=7.380952835083008, tta_acc1=9.375
2025-06-11 12:02:59,815 - log - INFO - iter:3360/8100, Original Acc@1: 7.38, Acc@5: 81.55, TTA Acc@1: 9.38, Acc@5: 66.64
2025-06-11 12:03:44,268 - log - INFO - iter:3380/8100, clip_acc1=7.4852070808410645, tta_acc1=9.585799217224121
2025-06-11 12:03:44,268 - log - INFO - iter:3380/8100, Original Acc@1: 7.49, Acc@5: 81.60, TTA Acc@1: 9.59, Acc@5: 66.83
2025-06-11 12:04:28,714 - log - INFO - iter:3400/8100, clip_acc1=7.647058486938477, tta_acc1=9.794116973876953
2025-06-11 12:04:28,714 - log - INFO - iter:3400/8100, Original Acc@1: 7.65, Acc@5: 81.56, TTA Acc@1: 9.79, Acc@5: 67.00
2025-06-11 12:05:13,112 - log - INFO - iter:3420/8100, clip_acc1=7.836256980895996, tta_acc1=10.146198272705078
2025-06-11 12:05:13,112 - log - INFO - iter:3420/8100, Original Acc@1: 7.84, Acc@5: 81.67, TTA Acc@1: 10.15, Acc@5: 67.19
2025-06-11 12:05:57,498 - log - INFO - iter:3440/8100, clip_acc1=8.023255348205566, tta_acc1=10.406976699829102
2025-06-11 12:05:57,499 - log - INFO - iter:3440/8100, Original Acc@1: 8.02, Acc@5: 81.77, TTA Acc@1: 10.41, Acc@5: 67.38
2025-06-11 12:06:41,971 - log - INFO - iter:3460/8100, clip_acc1=8.150288581848145, tta_acc1=10.549132347106934
2025-06-11 12:06:41,971 - log - INFO - iter:3460/8100, Original Acc@1: 8.15, Acc@5: 81.85, TTA Acc@1: 10.55, Acc@5: 67.49
2025-06-11 12:07:26,233 - log - INFO - iter:3480/8100, clip_acc1=8.477011680603027, tta_acc1=10.718390464782715
2025-06-11 12:07:26,233 - log - INFO - iter:3480/8100, Original Acc@1: 8.48, Acc@5: 81.95, TTA Acc@1: 10.72, Acc@5: 67.59
2025-06-11 12:08:10,440 - log - INFO - iter:3500/8100, clip_acc1=8.714285850524902, tta_acc1=10.857142448425293
2025-06-11 12:08:10,441 - log - INFO - iter:3500/8100, Original Acc@1: 8.71, Acc@5: 82.06, TTA Acc@1: 10.86, Acc@5: 67.63
2025-06-11 12:08:54,749 - log - INFO - iter:3520/8100, clip_acc1=8.977272033691406, tta_acc1=10.994318008422852
2025-06-11 12:08:54,750 - log - INFO - iter:3520/8100, Original Acc@1: 8.98, Acc@5: 82.16, TTA Acc@1: 10.99, Acc@5: 67.76
2025-06-11 12:09:39,112 - log - INFO - iter:3540/8100, clip_acc1=9.237288475036621, tta_acc1=11.10169506072998
2025-06-11 12:09:39,112 - log - INFO - iter:3540/8100, Original Acc@1: 9.24, Acc@5: 82.20, TTA Acc@1: 11.10, Acc@5: 67.74
2025-06-11 12:10:23,589 - log - INFO - iter:3560/8100, clip_acc1=9.522472381591797, tta_acc1=11.32022476196289
2025-06-11 12:10:23,589 - log - INFO - iter:3560/8100, Original Acc@1: 9.52, Acc@5: 82.28, TTA Acc@1: 11.32, Acc@5: 67.81
2025-06-11 12:11:07,998 - log - INFO - iter:3580/8100, clip_acc1=9.720669746398926, tta_acc1=11.396647453308105
2025-06-11 12:11:07,999 - log - INFO - iter:3580/8100, Original Acc@1: 9.72, Acc@5: 82.37, TTA Acc@1: 11.40, Acc@5: 67.85
2025-06-11 12:11:52,297 - log - INFO - iter:3600/8100, clip_acc1=10.027777671813965, tta_acc1=11.527777671813965
2025-06-11 12:11:52,297 - log - INFO - iter:3600/8100, Original Acc@1: 10.03, Acc@5: 82.47, TTA Acc@1: 11.53, Acc@5: 67.92
2025-06-11 12:12:36,709 - log - INFO - iter:3620/8100, clip_acc1=10.331491470336914, tta_acc1=11.657458305358887
2025-06-11 12:12:36,709 - log - INFO - iter:3620/8100, Original Acc@1: 10.33, Acc@5: 82.57, TTA Acc@1: 11.66, Acc@5: 68.04
2025-06-11 12:13:21,216 - log - INFO - iter:3640/8100, clip_acc1=10.549450874328613, tta_acc1=11.7582426071167
2025-06-11 12:13:21,216 - log - INFO - iter:3640/8100, Original Acc@1: 10.55, Acc@5: 82.66, TTA Acc@1: 11.76, Acc@5: 68.13
2025-06-11 12:14:05,553 - log - INFO - iter:3660/8100, clip_acc1=10.73770523071289, tta_acc1=11.830601692199707
2025-06-11 12:14:05,553 - log - INFO - iter:3660/8100, Original Acc@1: 10.74, Acc@5: 82.73, TTA Acc@1: 11.83, Acc@5: 68.11
2025-06-11 12:14:50,104 - log - INFO - iter:3680/8100, clip_acc1=10.951086044311523, tta_acc1=11.874999046325684
2025-06-11 12:14:50,105 - log - INFO - iter:3680/8100, Original Acc@1: 10.95, Acc@5: 82.83, TTA Acc@1: 11.87, Acc@5: 68.21
2025-06-11 12:15:34,691 - log - INFO - iter:3700/8100, clip_acc1=11.216216087341309, tta_acc1=12.0
2025-06-11 12:15:34,691 - log - INFO - iter:3700/8100, Original Acc@1: 11.22, Acc@5: 82.92, TTA Acc@1: 12.00, Acc@5: 68.22
2025-06-11 12:16:18,938 - log - INFO - iter:3720/8100, clip_acc1=11.451613426208496, tta_acc1=12.096774101257324
2025-06-11 12:16:18,938 - log - INFO - iter:3720/8100, Original Acc@1: 11.45, Acc@5: 82.98, TTA Acc@1: 12.10, Acc@5: 68.28
2025-06-11 12:17:03,378 - log - INFO - iter:3740/8100, clip_acc1=11.711230278015137, tta_acc1=12.272727966308594
2025-06-11 12:17:03,378 - log - INFO - iter:3740/8100, Original Acc@1: 11.71, Acc@5: 83.05, TTA Acc@1: 12.27, Acc@5: 68.37
2025-06-11 12:17:47,705 - log - INFO - iter:3760/8100, clip_acc1=11.861701965332031, tta_acc1=12.234042167663574
2025-06-11 12:17:47,706 - log - INFO - iter:3760/8100, Original Acc@1: 11.86, Acc@5: 83.14, TTA Acc@1: 12.23, Acc@5: 68.51
2025-06-11 12:18:32,198 - log - INFO - iter:3780/8100, clip_acc1=11.957672119140625, tta_acc1=12.275132179260254
2025-06-11 12:18:32,199 - log - INFO - iter:3780/8100, Original Acc@1: 11.96, Acc@5: 83.23, TTA Acc@1: 12.28, Acc@5: 68.54
2025-06-11 12:19:16,655 - log - INFO - iter:3800/8100, clip_acc1=12.210525512695312, tta_acc1=12.447367668151855
2025-06-11 12:19:16,655 - log - INFO - iter:3800/8100, Original Acc@1: 12.21, Acc@5: 83.29, TTA Acc@1: 12.45, Acc@5: 68.66
2025-06-11 12:20:01,011 - log - INFO - iter:3820/8100, clip_acc1=12.486910820007324, tta_acc1=12.513089179992676
2025-06-11 12:20:01,011 - log - INFO - iter:3820/8100, Original Acc@1: 12.49, Acc@5: 83.38, TTA Acc@1: 12.51, Acc@5: 68.74
2025-06-11 12:20:45,360 - log - INFO - iter:3840/8100, clip_acc1=12.708333969116211, tta_acc1=12.552083969116211
2025-06-11 12:20:45,361 - log - INFO - iter:3840/8100, Original Acc@1: 12.71, Acc@5: 83.44, TTA Acc@1: 12.55, Acc@5: 68.78
2025-06-11 12:21:29,760 - log - INFO - iter:3860/8100, clip_acc1=12.875648498535156, tta_acc1=12.616580963134766
2025-06-11 12:21:29,760 - log - INFO - iter:3860/8100, Original Acc@1: 12.88, Acc@5: 83.52, TTA Acc@1: 12.62, Acc@5: 68.89
2025-06-11 12:22:14,039 - log - INFO - iter:3880/8100, clip_acc1=13.11855697631836, tta_acc1=12.731959342956543
2025-06-11 12:22:14,040 - log - INFO - iter:3880/8100, Original Acc@1: 13.12, Acc@5: 83.61, TTA Acc@1: 12.73, Acc@5: 68.99
2025-06-11 12:22:58,502 - log - INFO - iter:3900/8100, clip_acc1=13.30769157409668, tta_acc1=12.769229888916016
2025-06-11 12:22:58,502 - log - INFO - iter:3900/8100, Original Acc@1: 13.31, Acc@5: 83.69, TTA Acc@1: 12.77, Acc@5: 69.05
2025-06-11 12:23:42,917 - log - INFO - iter:3920/8100, clip_acc1=13.571428298950195, tta_acc1=12.882652282714844
2025-06-11 12:23:42,917 - log - INFO - iter:3920/8100, Original Acc@1: 13.57, Acc@5: 83.78, TTA Acc@1: 12.88, Acc@5: 69.16
2025-06-11 12:24:27,258 - log - INFO - iter:3940/8100, clip_acc1=13.730964660644531, tta_acc1=12.96954345703125
2025-06-11 12:24:27,258 - log - INFO - iter:3940/8100, Original Acc@1: 13.73, Acc@5: 83.86, TTA Acc@1: 12.97, Acc@5: 69.21
2025-06-11 12:25:11,586 - log - INFO - iter:3960/8100, clip_acc1=14.015151977539062, tta_acc1=13.055556297302246
2025-06-11 12:25:11,587 - log - INFO - iter:3960/8100, Original Acc@1: 14.02, Acc@5: 83.91, TTA Acc@1: 13.06, Acc@5: 69.32
2025-06-11 12:25:55,888 - log - INFO - iter:3980/8100, clip_acc1=14.12060260772705, tta_acc1=13.115577697753906
2025-06-11 12:25:55,888 - log - INFO - iter:3980/8100, Original Acc@1: 14.12, Acc@5: 83.99, TTA Acc@1: 13.12, Acc@5: 69.42
2025-06-11 12:26:40,209 - log - INFO - iter:4000/8100, clip_acc1=14.30000114440918, tta_acc1=13.225000381469727
2025-06-11 12:26:40,209 - log - INFO - iter:4000/8100, Original Acc@1: 14.30, Acc@5: 84.08, TTA Acc@1: 13.23, Acc@5: 69.48
2025-06-11 12:27:24,491 - log - INFO - iter:4020/8100, clip_acc1=14.477612495422363, tta_acc1=13.28358268737793
2025-06-11 12:27:24,491 - log - INFO - iter:4020/8100, Original Acc@1: 14.48, Acc@5: 84.15, TTA Acc@1: 13.28, Acc@5: 69.53
2025-06-11 12:28:08,824 - log - INFO - iter:4040/8100, clip_acc1=14.628713607788086, tta_acc1=13.267327308654785
2025-06-11 12:28:08,825 - log - INFO - iter:4040/8100, Original Acc@1: 14.63, Acc@5: 84.21, TTA Acc@1: 13.27, Acc@5: 69.55
2025-06-11 12:28:53,243 - log - INFO - iter:4060/8100, clip_acc1=14.802956581115723, tta_acc1=13.300493240356445
2025-06-11 12:28:53,243 - log - INFO - iter:4060/8100, Original Acc@1: 14.80, Acc@5: 84.24, TTA Acc@1: 13.30, Acc@5: 69.61
2025-06-11 12:29:37,613 - log - INFO - iter:4080/8100, clip_acc1=15.024510383605957, tta_acc1=13.40686321258545
2025-06-11 12:29:37,613 - log - INFO - iter:4080/8100, Original Acc@1: 15.02, Acc@5: 84.31, TTA Acc@1: 13.41, Acc@5: 69.68
2025-06-11 12:30:22,218 - log - INFO - iter:4100/8100, clip_acc1=15.170731544494629, tta_acc1=13.439023971557617
2025-06-11 12:30:22,218 - log - INFO - iter:4100/8100, Original Acc@1: 15.17, Acc@5: 84.37, TTA Acc@1: 13.44, Acc@5: 69.71
2025-06-11 12:31:06,565 - log - INFO - iter:4120/8100, clip_acc1=15.3640775680542, tta_acc1=13.616504669189453
2025-06-11 12:31:06,565 - log - INFO - iter:4120/8100, Original Acc@1: 15.36, Acc@5: 84.44, TTA Acc@1: 13.62, Acc@5: 69.81
2025-06-11 12:31:50,996 - log - INFO - iter:4140/8100, clip_acc1=15.579710006713867, tta_acc1=13.719806671142578
2025-06-11 12:31:50,996 - log - INFO - iter:4140/8100, Original Acc@1: 15.58, Acc@5: 84.52, TTA Acc@1: 13.72, Acc@5: 69.81
2025-06-11 12:32:35,282 - log - INFO - iter:4160/8100, clip_acc1=15.745192527770996, tta_acc1=13.822114944458008
2025-06-11 12:32:35,282 - log - INFO - iter:4160/8100, Original Acc@1: 15.75, Acc@5: 84.57, TTA Acc@1: 13.82, Acc@5: 69.88
2025-06-11 12:33:19,745 - log - INFO - iter:4180/8100, clip_acc1=16.02870750427246, tta_acc1=13.971291542053223
2025-06-11 12:33:19,746 - log - INFO - iter:4180/8100, Original Acc@1: 16.03, Acc@5: 84.59, TTA Acc@1: 13.97, Acc@5: 69.98
2025-06-11 12:34:04,103 - log - INFO - iter:4200/8100, clip_acc1=16.261903762817383, tta_acc1=14.119047164916992
2025-06-11 12:34:04,103 - log - INFO - iter:4200/8100, Original Acc@1: 16.26, Acc@5: 84.64, TTA Acc@1: 14.12, Acc@5: 70.07
2025-06-11 12:34:48,488 - log - INFO - iter:4220/8100, clip_acc1=16.184833526611328, tta_acc1=14.052132606506348
2025-06-11 12:34:48,488 - log - INFO - iter:4220/8100, Original Acc@1: 16.18, Acc@5: 84.53, TTA Acc@1: 14.05, Acc@5: 70.12
2025-06-11 12:35:32,878 - log - INFO - iter:4240/8100, clip_acc1=16.108489990234375, tta_acc1=13.985849380493164
2025-06-11 12:35:32,878 - log - INFO - iter:4240/8100, Original Acc@1: 16.11, Acc@5: 84.34, TTA Acc@1: 13.99, Acc@5: 70.26
2025-06-11 12:36:17,324 - log - INFO - iter:4260/8100, clip_acc1=16.03286361694336, tta_acc1=13.920187950134277
2025-06-11 12:36:17,324 - log - INFO - iter:4260/8100, Original Acc@1: 16.03, Acc@5: 84.25, TTA Acc@1: 13.92, Acc@5: 70.33
2025-06-11 12:37:01,768 - log - INFO - iter:4280/8100, clip_acc1=15.957944869995117, tta_acc1=13.855140686035156
2025-06-11 12:37:01,768 - log - INFO - iter:4280/8100, Original Acc@1: 15.96, Acc@5: 84.07, TTA Acc@1: 13.86, Acc@5: 70.42
2025-06-11 12:37:46,367 - log - INFO - iter:4300/8100, clip_acc1=15.883721351623535, tta_acc1=13.790698051452637
2025-06-11 12:37:46,367 - log - INFO - iter:4300/8100, Original Acc@1: 15.88, Acc@5: 83.84, TTA Acc@1: 13.79, Acc@5: 70.47
2025-06-11 12:38:30,741 - log - INFO - iter:4320/8100, clip_acc1=15.810184478759766, tta_acc1=13.726851463317871
2025-06-11 12:38:30,741 - log - INFO - iter:4320/8100, Original Acc@1: 15.81, Acc@5: 83.70, TTA Acc@1: 13.73, Acc@5: 70.58
2025-06-11 12:39:15,132 - log - INFO - iter:4340/8100, clip_acc1=15.737327575683594, tta_acc1=13.663594245910645
2025-06-11 12:39:15,132 - log - INFO - iter:4340/8100, Original Acc@1: 15.74, Acc@5: 83.62, TTA Acc@1: 13.66, Acc@5: 70.69
2025-06-11 12:39:59,617 - log - INFO - iter:4360/8100, clip_acc1=15.66513729095459, tta_acc1=13.60091781616211
2025-06-11 12:39:59,617 - log - INFO - iter:4360/8100, Original Acc@1: 15.67, Acc@5: 83.60, TTA Acc@1: 13.60, Acc@5: 70.78
2025-06-11 12:40:45,049 - log - INFO - iter:4380/8100, clip_acc1=15.593606948852539, tta_acc1=13.538812637329102
2025-06-11 12:40:45,049 - log - INFO - iter:4380/8100, Original Acc@1: 15.59, Acc@5: 83.40, TTA Acc@1: 13.54, Acc@5: 70.87
2025-06-11 12:41:29,521 - log - INFO - iter:4400/8100, clip_acc1=15.522727012634277, tta_acc1=13.477272987365723
2025-06-11 12:41:29,521 - log - INFO - iter:4400/8100, Original Acc@1: 15.52, Acc@5: 83.30, TTA Acc@1: 13.48, Acc@5: 70.95
2025-06-11 12:42:13,895 - log - INFO - iter:4420/8100, clip_acc1=15.452488899230957, tta_acc1=13.416289329528809
2025-06-11 12:42:13,895 - log - INFO - iter:4420/8100, Original Acc@1: 15.45, Acc@5: 83.12, TTA Acc@1: 13.42, Acc@5: 71.02
2025-06-11 12:42:58,264 - log - INFO - iter:4440/8100, clip_acc1=15.382883071899414, tta_acc1=13.355855941772461
2025-06-11 12:42:58,264 - log - INFO - iter:4440/8100, Original Acc@1: 15.38, Acc@5: 83.02, TTA Acc@1: 13.36, Acc@5: 71.08
2025-06-11 12:43:42,623 - log - INFO - iter:4460/8100, clip_acc1=15.3139009475708, tta_acc1=13.295963287353516
2025-06-11 12:43:42,624 - log - INFO - iter:4460/8100, Original Acc@1: 15.31, Acc@5: 82.91, TTA Acc@1: 13.30, Acc@5: 71.14
2025-06-11 12:44:26,952 - log - INFO - iter:4480/8100, clip_acc1=15.245535850524902, tta_acc1=13.236607551574707
2025-06-11 12:44:26,952 - log - INFO - iter:4480/8100, Original Acc@1: 15.25, Acc@5: 82.77, TTA Acc@1: 13.24, Acc@5: 71.16
2025-06-11 12:45:11,273 - log - INFO - iter:4500/8100, clip_acc1=15.177778244018555, tta_acc1=13.177778244018555
2025-06-11 12:45:11,273 - log - INFO - iter:4500/8100, Original Acc@1: 15.18, Acc@5: 82.60, TTA Acc@1: 13.18, Acc@5: 71.22
2025-06-11 12:45:55,595 - log - INFO - iter:4520/8100, clip_acc1=15.11061954498291, tta_acc1=13.119468688964844
2025-06-11 12:45:55,595 - log - INFO - iter:4520/8100, Original Acc@1: 15.11, Acc@5: 82.35, TTA Acc@1: 13.12, Acc@5: 71.26
2025-06-11 12:46:40,085 - log - INFO - iter:4540/8100, clip_acc1=15.044053077697754, tta_acc1=13.061674118041992
2025-06-11 12:46:40,085 - log - INFO - iter:4540/8100, Original Acc@1: 15.04, Acc@5: 82.27, TTA Acc@1: 13.06, Acc@5: 71.34
2025-06-11 12:47:24,365 - log - INFO - iter:4560/8100, clip_acc1=14.978070259094238, tta_acc1=13.004385948181152
2025-06-11 12:47:24,365 - log - INFO - iter:4560/8100, Original Acc@1: 14.98, Acc@5: 82.11, TTA Acc@1: 13.00, Acc@5: 71.40
2025-06-11 12:48:08,665 - log - INFO - iter:4580/8100, clip_acc1=14.912664413452148, tta_acc1=12.947598457336426
2025-06-11 12:48:08,666 - log - INFO - iter:4580/8100, Original Acc@1: 14.91, Acc@5: 82.01, TTA Acc@1: 12.95, Acc@5: 71.46
2025-06-11 12:48:53,276 - log - INFO - iter:4600/8100, clip_acc1=14.84782600402832, tta_acc1=12.891304969787598
2025-06-11 12:48:53,277 - log - INFO - iter:4600/8100, Original Acc@1: 14.85, Acc@5: 81.76, TTA Acc@1: 12.89, Acc@5: 71.50
2025-06-11 12:49:37,690 - log - INFO - iter:4620/8100, clip_acc1=14.783550262451172, tta_acc1=12.835497856140137
2025-06-11 12:49:37,690 - log - INFO - iter:4620/8100, Original Acc@1: 14.78, Acc@5: 81.73, TTA Acc@1: 12.84, Acc@5: 71.56
2025-06-11 12:50:22,214 - log - INFO - iter:4640/8100, clip_acc1=14.719827651977539, tta_acc1=12.780172348022461
2025-06-11 12:50:22,214 - log - INFO - iter:4640/8100, Original Acc@1: 14.72, Acc@5: 81.62, TTA Acc@1: 12.78, Acc@5: 71.59
2025-06-11 12:51:06,646 - log - INFO - iter:4660/8100, clip_acc1=14.656652450561523, tta_acc1=12.725321769714355
2025-06-11 12:51:06,646 - log - INFO - iter:4660/8100, Original Acc@1: 14.66, Acc@5: 81.48, TTA Acc@1: 12.73, Acc@5: 71.70
2025-06-11 12:51:51,168 - log - INFO - iter:4680/8100, clip_acc1=14.594017028808594, tta_acc1=12.670940399169922
2025-06-11 12:51:51,169 - log - INFO - iter:4680/8100, Original Acc@1: 14.59, Acc@5: 81.35, TTA Acc@1: 12.67, Acc@5: 71.82
2025-06-11 12:52:35,564 - log - INFO - iter:4700/8100, clip_acc1=14.531914710998535, tta_acc1=12.617020606994629
2025-06-11 12:52:35,564 - log - INFO - iter:4700/8100, Original Acc@1: 14.53, Acc@5: 81.23, TTA Acc@1: 12.62, Acc@5: 71.91
2025-06-11 12:53:19,847 - log - INFO - iter:4720/8100, clip_acc1=14.470338821411133, tta_acc1=12.563559532165527
2025-06-11 12:53:19,847 - log - INFO - iter:4720/8100, Original Acc@1: 14.47, Acc@5: 81.08, TTA Acc@1: 12.56, Acc@5: 71.99
2025-06-11 12:54:04,231 - log - INFO - iter:4740/8100, clip_acc1=14.409282684326172, tta_acc1=12.51054859161377
2025-06-11 12:54:04,232 - log - INFO - iter:4740/8100, Original Acc@1: 14.41, Acc@5: 80.89, TTA Acc@1: 12.51, Acc@5: 72.05
2025-06-11 12:54:48,624 - log - INFO - iter:4760/8100, clip_acc1=14.348739624023438, tta_acc1=12.457983016967773
2025-06-11 12:54:48,624 - log - INFO - iter:4760/8100, Original Acc@1: 14.35, Acc@5: 80.67, TTA Acc@1: 12.46, Acc@5: 72.06
2025-06-11 12:55:32,924 - log - INFO - iter:4780/8100, clip_acc1=14.288702964782715, tta_acc1=12.405858039855957
2025-06-11 12:55:32,924 - log - INFO - iter:4780/8100, Original Acc@1: 14.29, Acc@5: 80.48, TTA Acc@1: 12.41, Acc@5: 72.11
2025-06-11 12:56:17,352 - log - INFO - iter:4800/8100, clip_acc1=14.229166984558105, tta_acc1=12.354166984558105
2025-06-11 12:56:17,352 - log - INFO - iter:4800/8100, Original Acc@1: 14.23, Acc@5: 80.35, TTA Acc@1: 12.35, Acc@5: 72.12
2025-06-11 12:57:01,723 - log - INFO - iter:4820/8100, clip_acc1=14.522821426391602, tta_acc1=12.655601501464844
2025-06-11 12:57:01,724 - log - INFO - iter:4820/8100, Original Acc@1: 14.52, Acc@5: 80.44, TTA Acc@1: 12.66, Acc@5: 72.24
2025-06-11 12:57:46,030 - log - INFO - iter:4840/8100, clip_acc1=14.793388366699219, tta_acc1=12.954545021057129
2025-06-11 12:57:46,030 - log - INFO - iter:4840/8100, Original Acc@1: 14.79, Acc@5: 80.52, TTA Acc@1: 12.95, Acc@5: 72.36
2025-06-11 12:58:30,426 - log - INFO - iter:4860/8100, clip_acc1=15.102880477905273, tta_acc1=13.230452537536621
2025-06-11 12:58:30,426 - log - INFO - iter:4860/8100, Original Acc@1: 15.10, Acc@5: 80.60, TTA Acc@1: 13.23, Acc@5: 72.47
2025-06-11 12:59:14,918 - log - INFO - iter:4880/8100, clip_acc1=15.409835815429688, tta_acc1=13.504097938537598
2025-06-11 12:59:14,918 - log - INFO - iter:4880/8100, Original Acc@1: 15.41, Acc@5: 80.68, TTA Acc@1: 13.50, Acc@5: 72.58
2025-06-11 12:59:59,317 - log - INFO - iter:4900/8100, clip_acc1=15.653060913085938, tta_acc1=13.77550983428955
2025-06-11 12:59:59,318 - log - INFO - iter:4900/8100, Original Acc@1: 15.65, Acc@5: 80.76, TTA Acc@1: 13.78, Acc@5: 72.69
2025-06-11 13:00:43,814 - log - INFO - iter:4920/8100, clip_acc1=15.894309043884277, tta_acc1=14.04471492767334
2025-06-11 13:00:43,814 - log - INFO - iter:4920/8100, Original Acc@1: 15.89, Acc@5: 80.83, TTA Acc@1: 14.04, Acc@5: 72.80
2025-06-11 13:01:28,091 - log - INFO - iter:4940/8100, clip_acc1=16.174089431762695, tta_acc1=14.33198356628418
2025-06-11 13:01:28,091 - log - INFO - iter:4940/8100, Original Acc@1: 16.17, Acc@5: 80.91, TTA Acc@1: 14.33, Acc@5: 72.91
2025-06-11 13:02:13,430 - log - INFO - iter:4960/8100, clip_acc1=16.512096405029297, tta_acc1=14.637096405029297
2025-06-11 13:02:13,430 - log - INFO - iter:4960/8100, Original Acc@1: 16.51, Acc@5: 80.99, TTA Acc@1: 14.64, Acc@5: 73.02
2025-06-11 13:02:57,811 - log - INFO - iter:4980/8100, clip_acc1=16.78714942932129, tta_acc1=14.899599075317383
2025-06-11 13:02:57,811 - log - INFO - iter:4980/8100, Original Acc@1: 16.79, Acc@5: 81.04, TTA Acc@1: 14.90, Acc@5: 73.11
2025-06-11 13:03:42,132 - log - INFO - iter:5000/8100, clip_acc1=17.0, tta_acc1=15.09999942779541
2025-06-11 13:03:42,132 - log - INFO - iter:5000/8100, Original Acc@1: 17.00, Acc@5: 81.12, TTA Acc@1: 15.10, Acc@5: 73.22
2025-06-11 13:04:26,446 - log - INFO - iter:5020/8100, clip_acc1=17.290836334228516, tta_acc1=15.418327331542969
2025-06-11 13:04:26,447 - log - INFO - iter:5020/8100, Original Acc@1: 17.29, Acc@5: 81.20, TTA Acc@1: 15.42, Acc@5: 73.33
2025-06-11 13:05:10,863 - log - INFO - iter:5040/8100, clip_acc1=17.559524536132812, tta_acc1=15.654762268066406
2025-06-11 13:05:10,863 - log - INFO - iter:5040/8100, Original Acc@1: 17.56, Acc@5: 81.27, TTA Acc@1: 15.65, Acc@5: 73.43
2025-06-11 13:05:55,182 - log - INFO - iter:5060/8100, clip_acc1=17.845849990844727, tta_acc1=15.8695650100708
2025-06-11 13:05:55,182 - log - INFO - iter:5060/8100, Original Acc@1: 17.85, Acc@5: 81.34, TTA Acc@1: 15.87, Acc@5: 73.54
2025-06-11 13:06:39,469 - log - INFO - iter:5080/8100, clip_acc1=18.1102352142334, tta_acc1=16.122047424316406
2025-06-11 13:06:39,469 - log - INFO - iter:5080/8100, Original Acc@1: 18.11, Acc@5: 81.42, TTA Acc@1: 16.12, Acc@5: 73.64
2025-06-11 13:07:25,823 - log - INFO - iter:5100/8100, clip_acc1=18.39215660095215, tta_acc1=16.372549057006836
2025-06-11 13:07:25,824 - log - INFO - iter:5100/8100, Original Acc@1: 18.39, Acc@5: 81.49, TTA Acc@1: 16.37, Acc@5: 73.75
2025-06-11 13:08:10,649 - log - INFO - iter:5120/8100, clip_acc1=18.69140625, tta_acc1=16.62109375
2025-06-11 13:08:10,649 - log - INFO - iter:5120/8100, Original Acc@1: 18.69, Acc@5: 81.56, TTA Acc@1: 16.62, Acc@5: 73.85
2025-06-11 13:08:55,028 - log - INFO - iter:5140/8100, clip_acc1=18.910505294799805, tta_acc1=16.809337615966797
2025-06-11 13:08:55,028 - log - INFO - iter:5140/8100, Original Acc@1: 18.91, Acc@5: 81.63, TTA Acc@1: 16.81, Acc@5: 73.95
2025-06-11 13:09:39,524 - log - INFO - iter:5160/8100, clip_acc1=19.127906799316406, tta_acc1=17.034883499145508
2025-06-11 13:09:39,524 - log - INFO - iter:5160/8100, Original Acc@1: 19.13, Acc@5: 81.71, TTA Acc@1: 17.03, Acc@5: 74.05
2025-06-11 13:10:23,884 - log - INFO - iter:5180/8100, clip_acc1=19.382238388061523, tta_acc1=17.277992248535156
2025-06-11 13:10:23,884 - log - INFO - iter:5180/8100, Original Acc@1: 19.38, Acc@5: 81.78, TTA Acc@1: 17.28, Acc@5: 74.15
2025-06-11 13:11:08,320 - log - INFO - iter:5200/8100, clip_acc1=19.653846740722656, tta_acc1=17.55769157409668
2025-06-11 13:11:08,320 - log - INFO - iter:5200/8100, Original Acc@1: 19.65, Acc@5: 81.85, TTA Acc@1: 17.56, Acc@5: 74.25
2025-06-11 13:11:52,689 - log - INFO - iter:5220/8100, clip_acc1=19.88505744934082, tta_acc1=17.816091537475586
2025-06-11 13:11:52,689 - log - INFO - iter:5220/8100, Original Acc@1: 19.89, Acc@5: 81.92, TTA Acc@1: 17.82, Acc@5: 74.35
2025-06-11 13:12:37,165 - log - INFO - iter:5240/8100, clip_acc1=20.133588790893555, tta_acc1=18.072519302368164
2025-06-11 13:12:37,165 - log - INFO - iter:5240/8100, Original Acc@1: 20.13, Acc@5: 81.98, TTA Acc@1: 18.07, Acc@5: 74.45
2025-06-11 13:13:21,496 - log - INFO - iter:5260/8100, clip_acc1=20.361215591430664, tta_acc1=18.288972854614258
2025-06-11 13:13:21,496 - log - INFO - iter:5260/8100, Original Acc@1: 20.36, Acc@5: 82.05, TTA Acc@1: 18.29, Acc@5: 74.54
2025-06-11 13:14:05,799 - log - INFO - iter:5280/8100, clip_acc1=20.587120056152344, tta_acc1=18.52272605895996
2025-06-11 13:14:05,799 - log - INFO - iter:5280/8100, Original Acc@1: 20.59, Acc@5: 82.12, TTA Acc@1: 18.52, Acc@5: 74.64
2025-06-11 13:14:50,119 - log - INFO - iter:5300/8100, clip_acc1=20.830188751220703, tta_acc1=18.735849380493164
2025-06-11 13:14:50,119 - log - INFO - iter:5300/8100, Original Acc@1: 20.83, Acc@5: 82.19, TTA Acc@1: 18.74, Acc@5: 74.74
2025-06-11 13:15:34,556 - log - INFO - iter:5320/8100, clip_acc1=21.052631378173828, tta_acc1=18.947368621826172
2025-06-11 13:15:34,556 - log - INFO - iter:5320/8100, Original Acc@1: 21.05, Acc@5: 82.26, TTA Acc@1: 18.95, Acc@5: 74.83
2025-06-11 13:16:18,991 - log - INFO - iter:5340/8100, clip_acc1=21.34831428527832, tta_acc1=19.176029205322266
2025-06-11 13:16:18,991 - log - INFO - iter:5340/8100, Original Acc@1: 21.35, Acc@5: 82.32, TTA Acc@1: 19.18, Acc@5: 74.93
2025-06-11 13:17:03,702 - log - INFO - iter:5360/8100, clip_acc1=21.5858211517334, tta_acc1=19.384328842163086
2025-06-11 13:17:03,702 - log - INFO - iter:5360/8100, Original Acc@1: 21.59, Acc@5: 82.37, TTA Acc@1: 19.38, Acc@5: 75.02
2025-06-11 13:17:48,101 - log - INFO - iter:5380/8100, clip_acc1=21.784387588500977, tta_acc1=19.572490692138672
2025-06-11 13:17:48,101 - log - INFO - iter:5380/8100, Original Acc@1: 21.78, Acc@5: 82.43, TTA Acc@1: 19.57, Acc@5: 75.11
2025-06-11 13:18:32,455 - log - INFO - iter:5400/8100, clip_acc1=21.962963104248047, tta_acc1=19.759258270263672
2025-06-11 13:18:32,455 - log - INFO - iter:5400/8100, Original Acc@1: 21.96, Acc@5: 82.50, TTA Acc@1: 19.76, Acc@5: 75.20
2025-06-11 13:19:16,805 - log - INFO - iter:5420/8100, clip_acc1=22.195571899414062, tta_acc1=20.018449783325195
2025-06-11 13:19:16,805 - log - INFO - iter:5420/8100, Original Acc@1: 22.20, Acc@5: 82.56, TTA Acc@1: 20.02, Acc@5: 75.30
2025-06-11 13:20:01,162 - log - INFO - iter:5440/8100, clip_acc1=22.389705657958984, tta_acc1=20.165441513061523
2025-06-11 13:20:01,162 - log - INFO - iter:5440/8100, Original Acc@1: 22.39, Acc@5: 82.63, TTA Acc@1: 20.17, Acc@5: 75.39
2025-06-11 13:20:45,604 - log - INFO - iter:5460/8100, clip_acc1=22.619047164916992, tta_acc1=20.366300582885742
2025-06-11 13:20:45,604 - log - INFO - iter:5460/8100, Original Acc@1: 22.62, Acc@5: 82.69, TTA Acc@1: 20.37, Acc@5: 75.48
2025-06-11 13:21:29,917 - log - INFO - iter:5480/8100, clip_acc1=22.828466415405273, tta_acc1=20.602188110351562
2025-06-11 13:21:29,918 - log - INFO - iter:5480/8100, Original Acc@1: 22.83, Acc@5: 82.76, TTA Acc@1: 20.60, Acc@5: 75.57
2025-06-11 13:22:14,154 - log - INFO - iter:5500/8100, clip_acc1=23.07272720336914, tta_acc1=20.85454559326172
2025-06-11 13:22:14,154 - log - INFO - iter:5500/8100, Original Acc@1: 23.07, Acc@5: 82.82, TTA Acc@1: 20.85, Acc@5: 75.65
2025-06-11 13:22:58,585 - log - INFO - iter:5520/8100, clip_acc1=23.351449966430664, tta_acc1=21.105073928833008
2025-06-11 13:22:58,585 - log - INFO - iter:5520/8100, Original Acc@1: 23.35, Acc@5: 82.88, TTA Acc@1: 21.11, Acc@5: 75.74
2025-06-11 13:23:42,906 - log - INFO - iter:5540/8100, clip_acc1=23.555957794189453, tta_acc1=21.317689895629883
2025-06-11 13:23:42,906 - log - INFO - iter:5540/8100, Original Acc@1: 23.56, Acc@5: 82.94, TTA Acc@1: 21.32, Acc@5: 75.83
2025-06-11 13:24:27,209 - log - INFO - iter:5560/8100, clip_acc1=23.633092880249023, tta_acc1=21.402877807617188
2025-06-11 13:24:27,210 - log - INFO - iter:5560/8100, Original Acc@1: 23.63, Acc@5: 82.84, TTA Acc@1: 21.40, Acc@5: 75.74
2025-06-11 13:25:11,648 - log - INFO - iter:5580/8100, clip_acc1=23.548385620117188, tta_acc1=21.32616424560547
2025-06-11 13:25:11,648 - log - INFO - iter:5580/8100, Original Acc@1: 23.55, Acc@5: 82.62, TTA Acc@1: 21.33, Acc@5: 75.47
2025-06-11 13:25:56,029 - log - INFO - iter:5600/8100, clip_acc1=23.464284896850586, tta_acc1=21.25
2025-06-11 13:25:56,029 - log - INFO - iter:5600/8100, Original Acc@1: 23.46, Acc@5: 82.38, TTA Acc@1: 21.25, Acc@5: 75.21
2025-06-11 13:26:40,593 - log - INFO - iter:5620/8100, clip_acc1=23.380783081054688, tta_acc1=21.17437744140625
2025-06-11 13:26:40,594 - log - INFO - iter:5620/8100, Original Acc@1: 23.38, Acc@5: 82.15, TTA Acc@1: 21.17, Acc@5: 74.96
2025-06-11 13:27:25,070 - log - INFO - iter:5640/8100, clip_acc1=23.29787254333496, tta_acc1=21.09929084777832
2025-06-11 13:27:25,071 - log - INFO - iter:5640/8100, Original Acc@1: 23.30, Acc@5: 81.91, TTA Acc@1: 21.10, Acc@5: 74.70
2025-06-11 13:28:09,423 - log - INFO - iter:5660/8100, clip_acc1=23.215547561645508, tta_acc1=21.024734497070312
2025-06-11 13:28:09,423 - log - INFO - iter:5660/8100, Original Acc@1: 23.22, Acc@5: 81.66, TTA Acc@1: 21.02, Acc@5: 74.47
2025-06-11 13:28:53,954 - log - INFO - iter:5680/8100, clip_acc1=23.15140724182129, tta_acc1=20.950702667236328
2025-06-11 13:28:53,954 - log - INFO - iter:5680/8100, Original Acc@1: 23.15, Acc@5: 81.46, TTA Acc@1: 20.95, Acc@5: 74.24
2025-06-11 13:29:38,441 - log - INFO - iter:5700/8100, clip_acc1=23.07017707824707, tta_acc1=20.877193450927734
2025-06-11 13:29:38,441 - log - INFO - iter:5700/8100, Original Acc@1: 23.07, Acc@5: 81.23, TTA Acc@1: 20.88, Acc@5: 74.02
2025-06-11 13:30:22,868 - log - INFO - iter:5720/8100, clip_acc1=22.989511489868164, tta_acc1=20.804197311401367
2025-06-11 13:30:22,868 - log - INFO - iter:5720/8100, Original Acc@1: 22.99, Acc@5: 81.03, TTA Acc@1: 20.80, Acc@5: 73.81
2025-06-11 13:31:07,401 - log - INFO - iter:5740/8100, clip_acc1=22.926828384399414, tta_acc1=20.731706619262695
2025-06-11 13:31:07,401 - log - INFO - iter:5740/8100, Original Acc@1: 22.93, Acc@5: 80.84, TTA Acc@1: 20.73, Acc@5: 73.61
2025-06-11 13:31:51,935 - log - INFO - iter:5760/8100, clip_acc1=22.84722328186035, tta_acc1=20.65972328186035
2025-06-11 13:31:51,935 - log - INFO - iter:5760/8100, Original Acc@1: 22.85, Acc@5: 80.61, TTA Acc@1: 20.66, Acc@5: 73.39
2025-06-11 13:32:36,244 - log - INFO - iter:5780/8100, clip_acc1=22.768165588378906, tta_acc1=20.58823585510254
2025-06-11 13:32:36,244 - log - INFO - iter:5780/8100, Original Acc@1: 22.77, Acc@5: 80.35, TTA Acc@1: 20.59, Acc@5: 73.13
2025-06-11 13:33:20,704 - log - INFO - iter:5800/8100, clip_acc1=22.689655303955078, tta_acc1=20.517242431640625
2025-06-11 13:33:20,704 - log - INFO - iter:5800/8100, Original Acc@1: 22.69, Acc@5: 80.10, TTA Acc@1: 20.52, Acc@5: 72.88
2025-06-11 13:34:05,097 - log - INFO - iter:5820/8100, clip_acc1=22.611682891845703, tta_acc1=20.446735382080078
2025-06-11 13:34:05,097 - log - INFO - iter:5820/8100, Original Acc@1: 22.61, Acc@5: 79.90, TTA Acc@1: 20.45, Acc@5: 72.65
2025-06-11 13:34:49,567 - log - INFO - iter:5840/8100, clip_acc1=22.53424644470215, tta_acc1=20.376712799072266
2025-06-11 13:34:49,567 - log - INFO - iter:5840/8100, Original Acc@1: 22.53, Acc@5: 79.66, TTA Acc@1: 20.38, Acc@5: 72.41
2025-06-11 13:35:34,084 - log - INFO - iter:5860/8100, clip_acc1=22.457338333129883, tta_acc1=20.307167053222656
2025-06-11 13:35:34,084 - log - INFO - iter:5860/8100, Original Acc@1: 22.46, Acc@5: 79.42, TTA Acc@1: 20.31, Acc@5: 72.17
2025-06-11 13:36:18,508 - log - INFO - iter:5880/8100, clip_acc1=22.380952835083008, tta_acc1=20.238096237182617
2025-06-11 13:36:18,508 - log - INFO - iter:5880/8100, Original Acc@1: 22.38, Acc@5: 79.17, TTA Acc@1: 20.24, Acc@5: 71.92
2025-06-11 13:37:03,011 - log - INFO - iter:5900/8100, clip_acc1=22.305084228515625, tta_acc1=20.169490814208984
2025-06-11 13:37:03,012 - log - INFO - iter:5900/8100, Original Acc@1: 22.31, Acc@5: 78.90, TTA Acc@1: 20.17, Acc@5: 71.68
2025-06-11 13:37:47,619 - log - INFO - iter:5920/8100, clip_acc1=22.2297306060791, tta_acc1=20.10135269165039
2025-06-11 13:37:47,619 - log - INFO - iter:5920/8100, Original Acc@1: 22.23, Acc@5: 78.65, TTA Acc@1: 20.10, Acc@5: 71.44
2025-06-11 13:38:31,901 - log - INFO - iter:5940/8100, clip_acc1=22.15488052368164, tta_acc1=20.033668518066406
2025-06-11 13:38:31,902 - log - INFO - iter:5940/8100, Original Acc@1: 22.15, Acc@5: 78.42, TTA Acc@1: 20.03, Acc@5: 71.20
2025-06-11 13:39:16,271 - log - INFO - iter:5960/8100, clip_acc1=22.080537796020508, tta_acc1=19.96644401550293
2025-06-11 13:39:16,271 - log - INFO - iter:5960/8100, Original Acc@1: 22.08, Acc@5: 78.20, TTA Acc@1: 19.97, Acc@5: 70.96
2025-06-11 13:40:00,676 - log - INFO - iter:5980/8100, clip_acc1=22.006689071655273, tta_acc1=19.89966583251953
2025-06-11 13:40:00,676 - log - INFO - iter:5980/8100, Original Acc@1: 22.01, Acc@5: 77.99, TTA Acc@1: 19.90, Acc@5: 70.75
2025-06-11 13:40:45,045 - log - INFO - iter:6000/8100, clip_acc1=21.933332443237305, tta_acc1=19.83333396911621
2025-06-11 13:40:45,045 - log - INFO - iter:6000/8100, Original Acc@1: 21.93, Acc@5: 77.77, TTA Acc@1: 19.83, Acc@5: 70.53
2025-06-11 13:41:29,415 - log - INFO - iter:6020/8100, clip_acc1=21.860464096069336, tta_acc1=19.767440795898438
2025-06-11 13:41:29,415 - log - INFO - iter:6020/8100, Original Acc@1: 21.86, Acc@5: 77.59, TTA Acc@1: 19.77, Acc@5: 70.32
2025-06-11 13:42:13,779 - log - INFO - iter:6040/8100, clip_acc1=21.7880802154541, tta_acc1=19.70198631286621
2025-06-11 13:42:13,779 - log - INFO - iter:6040/8100, Original Acc@1: 21.79, Acc@5: 77.38, TTA Acc@1: 19.70, Acc@5: 70.10
2025-06-11 13:42:58,256 - log - INFO - iter:6060/8100, clip_acc1=21.71617317199707, tta_acc1=19.636964797973633
2025-06-11 13:42:58,256 - log - INFO - iter:6060/8100, Original Acc@1: 21.72, Acc@5: 77.18, TTA Acc@1: 19.64, Acc@5: 69.87
2025-06-11 13:43:42,763 - log - INFO - iter:6080/8100, clip_acc1=21.644737243652344, tta_acc1=19.572368621826172
2025-06-11 13:43:42,763 - log - INFO - iter:6080/8100, Original Acc@1: 21.64, Acc@5: 77.01, TTA Acc@1: 19.57, Acc@5: 69.65
2025-06-11 13:44:27,140 - log - INFO - iter:6100/8100, clip_acc1=21.57377052307129, tta_acc1=19.508195877075195
2025-06-11 13:44:27,140 - log - INFO - iter:6100/8100, Original Acc@1: 21.57, Acc@5: 76.84, TTA Acc@1: 19.51, Acc@5: 69.44
2025-06-11 13:45:11,622 - log - INFO - iter:6120/8100, clip_acc1=21.519607543945312, tta_acc1=19.44444465637207
2025-06-11 13:45:11,622 - log - INFO - iter:6120/8100, Original Acc@1: 21.52, Acc@5: 76.68, TTA Acc@1: 19.44, Acc@5: 69.25
2025-06-11 13:45:55,873 - log - INFO - iter:6140/8100, clip_acc1=21.44951057434082, tta_acc1=19.381107330322266
2025-06-11 13:45:55,874 - log - INFO - iter:6140/8100, Original Acc@1: 21.45, Acc@5: 76.45, TTA Acc@1: 19.38, Acc@5: 69.02
2025-06-11 13:46:40,312 - log - INFO - iter:6160/8100, clip_acc1=21.37986946105957, tta_acc1=19.31818199157715
2025-06-11 13:46:40,312 - log - INFO - iter:6160/8100, Original Acc@1: 21.38, Acc@5: 76.23, TTA Acc@1: 19.32, Acc@5: 68.81
2025-06-11 13:47:24,611 - log - INFO - iter:6180/8100, clip_acc1=21.310678482055664, tta_acc1=19.25566291809082
2025-06-11 13:47:24,611 - log - INFO - iter:6180/8100, Original Acc@1: 21.31, Acc@5: 76.02, TTA Acc@1: 19.26, Acc@5: 68.59
2025-06-11 13:48:09,367 - log - INFO - iter:6200/8100, clip_acc1=21.24193572998047, tta_acc1=19.19354820251465
2025-06-11 13:48:09,368 - log - INFO - iter:6200/8100, Original Acc@1: 21.24, Acc@5: 75.82, TTA Acc@1: 19.19, Acc@5: 68.42
2025-06-11 13:48:53,859 - log - INFO - iter:6220/8100, clip_acc1=21.173633575439453, tta_acc1=19.131832122802734
2025-06-11 13:48:53,860 - log - INFO - iter:6220/8100, Original Acc@1: 21.17, Acc@5: 75.64, TTA Acc@1: 19.13, Acc@5: 68.25
2025-06-11 13:49:38,553 - log - INFO - iter:6240/8100, clip_acc1=21.105770111083984, tta_acc1=19.070512771606445
2025-06-11 13:49:38,554 - log - INFO - iter:6240/8100, Original Acc@1: 21.11, Acc@5: 75.50, TTA Acc@1: 19.07, Acc@5: 68.09
2025-06-11 13:50:22,797 - log - INFO - iter:6260/8100, clip_acc1=21.03833770751953, tta_acc1=19.009584426879883
2025-06-11 13:50:22,798 - log - INFO - iter:6260/8100, Original Acc@1: 21.04, Acc@5: 75.30, TTA Acc@1: 19.01, Acc@5: 67.89
2025-06-11 13:51:07,107 - log - INFO - iter:6280/8100, clip_acc1=20.971338272094727, tta_acc1=18.949045181274414
2025-06-11 13:51:07,107 - log - INFO - iter:6280/8100, Original Acc@1: 20.97, Acc@5: 75.11, TTA Acc@1: 18.95, Acc@5: 67.69
2025-06-11 13:51:51,513 - log - INFO - iter:6300/8100, clip_acc1=20.904760360717773, tta_acc1=18.888887405395508
2025-06-11 13:51:51,514 - log - INFO - iter:6300/8100, Original Acc@1: 20.90, Acc@5: 74.94, TTA Acc@1: 18.89, Acc@5: 67.48
2025-06-11 13:52:35,873 - log - INFO - iter:6320/8100, clip_acc1=20.838607788085938, tta_acc1=18.82911491394043
2025-06-11 13:52:35,873 - log - INFO - iter:6320/8100, Original Acc@1: 20.84, Acc@5: 74.73, TTA Acc@1: 18.83, Acc@5: 67.31
2025-06-11 13:53:20,304 - log - INFO - iter:6340/8100, clip_acc1=20.772871017456055, tta_acc1=18.769716262817383
2025-06-11 13:53:20,304 - log - INFO - iter:6340/8100, Original Acc@1: 20.77, Acc@5: 74.53, TTA Acc@1: 18.77, Acc@5: 67.11
2025-06-11 13:54:04,902 - log - INFO - iter:6360/8100, clip_acc1=20.70754623413086, tta_acc1=18.710691452026367
2025-06-11 13:54:04,903 - log - INFO - iter:6360/8100, Original Acc@1: 20.71, Acc@5: 74.32, TTA Acc@1: 18.71, Acc@5: 66.90
2025-06-11 13:54:49,361 - log - INFO - iter:6380/8100, clip_acc1=20.658308029174805, tta_acc1=18.65203857421875
2025-06-11 13:54:49,361 - log - INFO - iter:6380/8100, Original Acc@1: 20.66, Acc@5: 74.12, TTA Acc@1: 18.65, Acc@5: 66.69
2025-06-11 13:55:34,777 - log - INFO - iter:6400/8100, clip_acc1=20.59375, tta_acc1=18.59375
2025-06-11 13:55:34,777 - log - INFO - iter:6400/8100, Original Acc@1: 20.59, Acc@5: 73.97, TTA Acc@1: 18.59, Acc@5: 66.52
2025-06-11 13:56:19,867 - log - INFO - iter:6420/8100, clip_acc1=20.52959442138672, tta_acc1=18.535825729370117
2025-06-11 13:56:19,867 - log - INFO - iter:6420/8100, Original Acc@1: 20.53, Acc@5: 73.77, TTA Acc@1: 18.54, Acc@5: 66.32
2025-06-11 13:57:04,205 - log - INFO - iter:6440/8100, clip_acc1=20.465837478637695, tta_acc1=18.478260040283203
2025-06-11 13:57:04,205 - log - INFO - iter:6440/8100, Original Acc@1: 20.47, Acc@5: 73.59, TTA Acc@1: 18.48, Acc@5: 66.13
2025-06-11 13:57:48,791 - log - INFO - iter:6460/8100, clip_acc1=20.479875564575195, tta_acc1=18.49845314025879
2025-06-11 13:57:48,791 - log - INFO - iter:6460/8100, Original Acc@1: 20.48, Acc@5: 73.54, TTA Acc@1: 18.50, Acc@5: 66.08
2025-06-11 13:58:33,186 - log - INFO - iter:6480/8100, clip_acc1=20.49382781982422, tta_acc1=18.564815521240234
2025-06-11 13:58:33,187 - log - INFO - iter:6480/8100, Original Acc@1: 20.49, Acc@5: 73.63, TTA Acc@1: 18.56, Acc@5: 66.19
2025-06-11 13:59:17,607 - log - INFO - iter:6500/8100, clip_acc1=20.55384635925293, tta_acc1=18.66153907775879
2025-06-11 13:59:17,607 - log - INFO - iter:6500/8100, Original Acc@1: 20.55, Acc@5: 73.71, TTA Acc@1: 18.66, Acc@5: 66.29
2025-06-11 14:00:01,875 - log - INFO - iter:6520/8100, clip_acc1=20.628833770751953, tta_acc1=18.71165657043457
2025-06-11 14:00:01,875 - log - INFO - iter:6520/8100, Original Acc@1: 20.63, Acc@5: 73.79, TTA Acc@1: 18.71, Acc@5: 66.40
2025-06-11 14:00:46,360 - log - INFO - iter:6540/8100, clip_acc1=20.642200469970703, tta_acc1=18.76146697998047
2025-06-11 14:00:46,361 - log - INFO - iter:6540/8100, Original Acc@1: 20.64, Acc@5: 73.85, TTA Acc@1: 18.76, Acc@5: 66.50
2025-06-11 14:01:30,607 - log - INFO - iter:6560/8100, clip_acc1=20.731706619262695, tta_acc1=18.90243911743164
2025-06-11 14:01:30,607 - log - INFO - iter:6560/8100, Original Acc@1: 20.73, Acc@5: 73.93, TTA Acc@1: 18.90, Acc@5: 66.60
2025-06-11 14:02:15,188 - log - INFO - iter:6580/8100, clip_acc1=20.820667266845703, tta_acc1=19.042552947998047
2025-06-11 14:02:15,189 - log - INFO - iter:6580/8100, Original Acc@1: 20.82, Acc@5: 74.01, TTA Acc@1: 19.04, Acc@5: 66.70
2025-06-11 14:02:59,582 - log - INFO - iter:6600/8100, clip_acc1=20.939393997192383, tta_acc1=19.136363983154297
2025-06-11 14:02:59,582 - log - INFO - iter:6600/8100, Original Acc@1: 20.94, Acc@5: 74.09, TTA Acc@1: 19.14, Acc@5: 66.80
2025-06-11 14:03:43,921 - log - INFO - iter:6620/8100, clip_acc1=20.996978759765625, tta_acc1=19.244712829589844
2025-06-11 14:03:43,921 - log - INFO - iter:6620/8100, Original Acc@1: 21.00, Acc@5: 74.17, TTA Acc@1: 19.24, Acc@5: 66.90
2025-06-11 14:04:28,300 - log - INFO - iter:6640/8100, clip_acc1=21.054216384887695, tta_acc1=19.29216957092285
2025-06-11 14:04:28,300 - log - INFO - iter:6640/8100, Original Acc@1: 21.05, Acc@5: 74.25, TTA Acc@1: 19.29, Acc@5: 67.00
2025-06-11 14:05:12,889 - log - INFO - iter:6660/8100, clip_acc1=21.156156539916992, tta_acc1=19.354354858398438
2025-06-11 14:05:12,890 - log - INFO - iter:6660/8100, Original Acc@1: 21.16, Acc@5: 74.32, TTA Acc@1: 19.35, Acc@5: 67.10
2025-06-11 14:05:57,226 - log - INFO - iter:6680/8100, clip_acc1=21.182634353637695, tta_acc1=19.461078643798828
2025-06-11 14:05:57,227 - log - INFO - iter:6680/8100, Original Acc@1: 21.18, Acc@5: 74.40, TTA Acc@1: 19.46, Acc@5: 67.20
2025-06-11 14:06:41,407 - log - INFO - iter:6700/8100, clip_acc1=21.238805770874023, tta_acc1=19.507461547851562
2025-06-11 14:06:41,407 - log - INFO - iter:6700/8100, Original Acc@1: 21.24, Acc@5: 74.48, TTA Acc@1: 19.51, Acc@5: 67.30
2025-06-11 14:07:25,711 - log - INFO - iter:6720/8100, clip_acc1=21.29464340209961, tta_acc1=19.62797737121582
2025-06-11 14:07:25,712 - log - INFO - iter:6720/8100, Original Acc@1: 21.29, Acc@5: 74.55, TTA Acc@1: 19.63, Acc@5: 67.40
2025-06-11 14:08:10,010 - log - INFO - iter:6740/8100, clip_acc1=21.32047462463379, tta_acc1=19.703264236450195
2025-06-11 14:08:10,010 - log - INFO - iter:6740/8100, Original Acc@1: 21.32, Acc@5: 74.63, TTA Acc@1: 19.70, Acc@5: 67.49
2025-06-11 14:08:54,302 - log - INFO - iter:6760/8100, clip_acc1=21.360946655273438, tta_acc1=19.778106689453125
2025-06-11 14:08:54,302 - log - INFO - iter:6760/8100, Original Acc@1: 21.36, Acc@5: 74.70, TTA Acc@1: 19.78, Acc@5: 67.59
2025-06-11 14:09:38,706 - log - INFO - iter:6780/8100, clip_acc1=21.430679321289062, tta_acc1=19.852506637573242
2025-06-11 14:09:38,706 - log - INFO - iter:6780/8100, Original Acc@1: 21.43, Acc@5: 74.78, TTA Acc@1: 19.85, Acc@5: 67.68
2025-06-11 14:10:23,237 - log - INFO - iter:6800/8100, clip_acc1=21.485292434692383, tta_acc1=19.94117546081543
2025-06-11 14:10:23,237 - log - INFO - iter:6800/8100, Original Acc@1: 21.49, Acc@5: 74.85, TTA Acc@1: 19.94, Acc@5: 67.78
2025-06-11 14:11:07,607 - log - INFO - iter:6820/8100, clip_acc1=21.55425262451172, tta_acc1=20.014663696289062
2025-06-11 14:11:07,608 - log - INFO - iter:6820/8100, Original Acc@1: 21.55, Acc@5: 74.93, TTA Acc@1: 20.01, Acc@5: 67.87
2025-06-11 14:11:51,863 - log - INFO - iter:6840/8100, clip_acc1=21.66666603088379, tta_acc1=20.146198272705078
2025-06-11 14:11:51,863 - log - INFO - iter:6840/8100, Original Acc@1: 21.67, Acc@5: 75.00, TTA Acc@1: 20.15, Acc@5: 67.97
2025-06-11 14:12:36,099 - log - INFO - iter:6860/8100, clip_acc1=21.73469352722168, tta_acc1=20.247812271118164
2025-06-11 14:12:36,100 - log - INFO - iter:6860/8100, Original Acc@1: 21.73, Acc@5: 75.07, TTA Acc@1: 20.25, Acc@5: 68.06
2025-06-11 14:13:20,453 - log - INFO - iter:6880/8100, clip_acc1=21.81686019897461, tta_acc1=20.34883689880371
2025-06-11 14:13:20,453 - log - INFO - iter:6880/8100, Original Acc@1: 21.82, Acc@5: 75.15, TTA Acc@1: 20.35, Acc@5: 68.15
2025-06-11 14:14:04,860 - log - INFO - iter:6900/8100, clip_acc1=21.855072021484375, tta_acc1=20.4202880859375
2025-06-11 14:14:04,861 - log - INFO - iter:6900/8100, Original Acc@1: 21.86, Acc@5: 75.22, TTA Acc@1: 20.42, Acc@5: 68.25
2025-06-11 14:14:49,147 - log - INFO - iter:6920/8100, clip_acc1=21.936416625976562, tta_acc1=20.520231246948242
2025-06-11 14:14:49,147 - log - INFO - iter:6920/8100, Original Acc@1: 21.94, Acc@5: 75.29, TTA Acc@1: 20.52, Acc@5: 68.34
2025-06-11 14:15:33,546 - log - INFO - iter:6940/8100, clip_acc1=22.017292022705078, tta_acc1=20.619596481323242
2025-06-11 14:15:33,546 - log - INFO - iter:6940/8100, Original Acc@1: 22.02, Acc@5: 75.36, TTA Acc@1: 20.62, Acc@5: 68.43
2025-06-11 14:16:18,061 - log - INFO - iter:6960/8100, clip_acc1=22.11206817626953, tta_acc1=20.704023361206055
2025-06-11 14:16:18,062 - log - INFO - iter:6960/8100, Original Acc@1: 22.11, Acc@5: 75.43, TTA Acc@1: 20.70, Acc@5: 68.52
2025-06-11 14:17:02,516 - log - INFO - iter:6980/8100, clip_acc1=22.13467025756836, tta_acc1=20.773637771606445
2025-06-11 14:17:02,516 - log - INFO - iter:6980/8100, Original Acc@1: 22.13, Acc@5: 75.50, TTA Acc@1: 20.77, Acc@5: 68.61
2025-06-11 14:17:46,790 - log - INFO - iter:7000/8100, clip_acc1=22.214284896850586, tta_acc1=20.85714340209961
2025-06-11 14:17:46,791 - log - INFO - iter:7000/8100, Original Acc@1: 22.21, Acc@5: 75.57, TTA Acc@1: 20.86, Acc@5: 68.70
2025-06-11 14:18:31,110 - log - INFO - iter:7020/8100, clip_acc1=22.22222137451172, tta_acc1=20.897436141967773
2025-06-11 14:18:31,110 - log - INFO - iter:7020/8100, Original Acc@1: 22.22, Acc@5: 75.64, TTA Acc@1: 20.90, Acc@5: 68.79
2025-06-11 14:19:15,504 - log - INFO - iter:7040/8100, clip_acc1=22.201704025268555, tta_acc1=20.99431800842285
2025-06-11 14:19:15,504 - log - INFO - iter:7040/8100, Original Acc@1: 22.20, Acc@5: 75.71, TTA Acc@1: 20.99, Acc@5: 68.88
2025-06-11 14:19:59,812 - log - INFO - iter:7060/8100, clip_acc1=22.26628875732422, tta_acc1=21.090652465820312
2025-06-11 14:19:59,812 - log - INFO - iter:7060/8100, Original Acc@1: 22.27, Acc@5: 75.78, TTA Acc@1: 21.09, Acc@5: 68.97
2025-06-11 14:20:44,173 - log - INFO - iter:7080/8100, clip_acc1=22.387006759643555, tta_acc1=21.242938995361328
2025-06-11 14:20:44,173 - log - INFO - iter:7080/8100, Original Acc@1: 22.39, Acc@5: 75.85, TTA Acc@1: 21.24, Acc@5: 69.05
2025-06-11 14:21:28,494 - log - INFO - iter:7100/8100, clip_acc1=22.45070457458496, tta_acc1=21.352113723754883
2025-06-11 14:21:28,494 - log - INFO - iter:7100/8100, Original Acc@1: 22.45, Acc@5: 75.90, TTA Acc@1: 21.35, Acc@5: 69.14
2025-06-11 14:22:12,911 - log - INFO - iter:7120/8100, clip_acc1=22.52808952331543, tta_acc1=21.502809524536133
2025-06-11 14:22:12,911 - log - INFO - iter:7120/8100, Original Acc@1: 22.53, Acc@5: 75.97, TTA Acc@1: 21.50, Acc@5: 69.23
2025-06-11 14:22:57,213 - log - INFO - iter:7140/8100, clip_acc1=22.59103775024414, tta_acc1=21.59663963317871
2025-06-11 14:22:57,213 - log - INFO - iter:7140/8100, Original Acc@1: 22.59, Acc@5: 76.04, TTA Acc@1: 21.60, Acc@5: 69.31
2025-06-11 14:23:41,474 - log - INFO - iter:7160/8100, clip_acc1=22.681564331054688, tta_acc1=21.717876434326172
2025-06-11 14:23:41,474 - log - INFO - iter:7160/8100, Original Acc@1: 22.68, Acc@5: 76.10, TTA Acc@1: 21.72, Acc@5: 69.40
2025-06-11 14:24:25,860 - log - INFO - iter:7180/8100, clip_acc1=22.72980499267578, tta_acc1=21.79665756225586
2025-06-11 14:24:25,860 - log - INFO - iter:7180/8100, Original Acc@1: 22.73, Acc@5: 76.17, TTA Acc@1: 21.80, Acc@5: 69.48
2025-06-11 14:25:10,402 - log - INFO - iter:7200/8100, clip_acc1=22.736112594604492, tta_acc1=21.84722328186035
2025-06-11 14:25:10,402 - log - INFO - iter:7200/8100, Original Acc@1: 22.74, Acc@5: 76.24, TTA Acc@1: 21.85, Acc@5: 69.57
2025-06-11 14:25:54,765 - log - INFO - iter:7220/8100, clip_acc1=22.950138092041016, tta_acc1=22.049861907958984
2025-06-11 14:25:54,765 - log - INFO - iter:7220/8100, Original Acc@1: 22.95, Acc@5: 76.30, TTA Acc@1: 22.05, Acc@5: 69.65
2025-06-11 14:26:39,148 - log - INFO - iter:7240/8100, clip_acc1=23.162982940673828, tta_acc1=22.237567901611328
2025-06-11 14:26:39,148 - log - INFO - iter:7240/8100, Original Acc@1: 23.16, Acc@5: 76.37, TTA Acc@1: 22.24, Acc@5: 69.74
2025-06-11 14:27:23,593 - log - INFO - iter:7260/8100, clip_acc1=23.360881805419922, tta_acc1=22.438016891479492
2025-06-11 14:27:23,593 - log - INFO - iter:7260/8100, Original Acc@1: 23.36, Acc@5: 76.43, TTA Acc@1: 22.44, Acc@5: 69.82
2025-06-11 14:28:08,042 - log - INFO - iter:7280/8100, clip_acc1=23.571430206298828, tta_acc1=22.63736343383789
2025-06-11 14:28:08,043 - log - INFO - iter:7280/8100, Original Acc@1: 23.57, Acc@5: 76.50, TTA Acc@1: 22.64, Acc@5: 69.90
2025-06-11 14:28:52,345 - log - INFO - iter:7300/8100, clip_acc1=23.78082275390625, tta_acc1=22.80821990966797
2025-06-11 14:28:52,346 - log - INFO - iter:7300/8100, Original Acc@1: 23.78, Acc@5: 76.56, TTA Acc@1: 22.81, Acc@5: 69.99
2025-06-11 14:29:36,574 - log - INFO - iter:7320/8100, clip_acc1=23.989072799682617, tta_acc1=23.019126892089844
2025-06-11 14:29:36,574 - log - INFO - iter:7320/8100, Original Acc@1: 23.99, Acc@5: 76.63, TTA Acc@1: 23.02, Acc@5: 70.07
2025-06-11 14:30:20,895 - log - INFO - iter:7340/8100, clip_acc1=24.196186065673828, tta_acc1=23.215259552001953
2025-06-11 14:30:20,895 - log - INFO - iter:7340/8100, Original Acc@1: 24.20, Acc@5: 76.69, TTA Acc@1: 23.22, Acc@5: 70.15
2025-06-11 14:31:05,210 - log - INFO - iter:7360/8100, clip_acc1=24.402172088623047, tta_acc1=23.410324096679688
2025-06-11 14:31:05,210 - log - INFO - iter:7360/8100, Original Acc@1: 24.40, Acc@5: 76.75, TTA Acc@1: 23.41, Acc@5: 70.23
2025-06-11 14:31:49,465 - log - INFO - iter:7380/8100, clip_acc1=24.607046127319336, tta_acc1=23.60433578491211
2025-06-11 14:31:49,465 - log - INFO - iter:7380/8100, Original Acc@1: 24.61, Acc@5: 76.82, TTA Acc@1: 23.60, Acc@5: 70.30
2025-06-11 14:32:33,836 - log - INFO - iter:7400/8100, clip_acc1=24.81081199645996, tta_acc1=23.797298431396484
2025-06-11 14:32:33,837 - log - INFO - iter:7400/8100, Original Acc@1: 24.81, Acc@5: 76.88, TTA Acc@1: 23.80, Acc@5: 70.38
2025-06-11 14:33:18,193 - log - INFO - iter:7420/8100, clip_acc1=25.0, tta_acc1=24.002695083618164
2025-06-11 14:33:18,193 - log - INFO - iter:7420/8100, Original Acc@1: 25.00, Acc@5: 76.94, TTA Acc@1: 24.00, Acc@5: 70.46
2025-06-11 14:34:02,571 - log - INFO - iter:7440/8100, clip_acc1=25.188173294067383, tta_acc1=24.19354820251465
2025-06-11 14:34:02,571 - log - INFO - iter:7440/8100, Original Acc@1: 25.19, Acc@5: 77.00, TTA Acc@1: 24.19, Acc@5: 70.54
2025-06-11 14:34:46,796 - log - INFO - iter:7460/8100, clip_acc1=25.36193084716797, tta_acc1=24.3565673828125
2025-06-11 14:34:46,796 - log - INFO - iter:7460/8100, Original Acc@1: 25.36, Acc@5: 77.06, TTA Acc@1: 24.36, Acc@5: 70.62
2025-06-11 14:35:31,079 - log - INFO - iter:7480/8100, clip_acc1=25.561498641967773, tta_acc1=24.55882453918457
2025-06-11 14:35:31,079 - log - INFO - iter:7480/8100, Original Acc@1: 25.56, Acc@5: 77.13, TTA Acc@1: 24.56, Acc@5: 70.70
2025-06-11 14:36:15,575 - log - INFO - iter:7500/8100, clip_acc1=25.760000228881836, tta_acc1=24.746667861938477
2025-06-11 14:36:15,575 - log - INFO - iter:7500/8100, Original Acc@1: 25.76, Acc@5: 77.19, TTA Acc@1: 24.75, Acc@5: 70.77
2025-06-11 14:36:59,923 - log - INFO - iter:7520/8100, clip_acc1=25.944149017333984, tta_acc1=24.920211791992188
2025-06-11 14:36:59,923 - log - INFO - iter:7520/8100, Original Acc@1: 25.94, Acc@5: 77.25, TTA Acc@1: 24.92, Acc@5: 70.85
2025-06-11 14:37:44,300 - log - INFO - iter:7540/8100, clip_acc1=26.140583038330078, tta_acc1=25.066312789916992
2025-06-11 14:37:44,301 - log - INFO - iter:7540/8100, Original Acc@1: 26.14, Acc@5: 77.31, TTA Acc@1: 25.07, Acc@5: 70.93
2025-06-11 14:38:28,541 - log - INFO - iter:7560/8100, clip_acc1=26.322751998901367, tta_acc1=25.238096237182617
2025-06-11 14:38:28,542 - log - INFO - iter:7560/8100, Original Acc@1: 26.32, Acc@5: 77.37, TTA Acc@1: 25.24, Acc@5: 71.01
2025-06-11 14:39:12,903 - log - INFO - iter:7580/8100, clip_acc1=26.51715087890625, tta_acc1=25.422163009643555
2025-06-11 14:39:12,903 - log - INFO - iter:7580/8100, Original Acc@1: 26.52, Acc@5: 77.43, TTA Acc@1: 25.42, Acc@5: 71.08
2025-06-11 14:39:57,139 - log - INFO - iter:7600/8100, clip_acc1=26.6842098236084, tta_acc1=25.592103958129883
2025-06-11 14:39:57,139 - log - INFO - iter:7600/8100, Original Acc@1: 26.68, Acc@5: 77.49, TTA Acc@1: 25.59, Acc@5: 71.16
2025-06-11 14:40:41,530 - log - INFO - iter:7620/8100, clip_acc1=26.87664031982422, tta_acc1=25.77427864074707
2025-06-11 14:40:41,530 - log - INFO - iter:7620/8100, Original Acc@1: 26.88, Acc@5: 77.55, TTA Acc@1: 25.77, Acc@5: 71.23
2025-06-11 14:41:25,890 - log - INFO - iter:7640/8100, clip_acc1=27.054973602294922, tta_acc1=25.94240951538086
2025-06-11 14:41:25,891 - log - INFO - iter:7640/8100, Original Acc@1: 27.05, Acc@5: 77.60, TTA Acc@1: 25.94, Acc@5: 71.31
2025-06-11 14:42:10,218 - log - INFO - iter:7660/8100, clip_acc1=27.232376098632812, tta_acc1=26.109661102294922
2025-06-11 14:42:10,218 - log - INFO - iter:7660/8100, Original Acc@1: 27.23, Acc@5: 77.66, TTA Acc@1: 26.11, Acc@5: 71.38
2025-06-11 14:42:54,675 - log - INFO - iter:7680/8100, clip_acc1=27.421876907348633, tta_acc1=26.276042938232422
2025-06-11 14:42:54,675 - log - INFO - iter:7680/8100, Original Acc@1: 27.42, Acc@5: 77.72, TTA Acc@1: 26.28, Acc@5: 71.46
2025-06-11 14:43:39,017 - log - INFO - iter:7700/8100, clip_acc1=27.597400665283203, tta_acc1=26.441556930541992
2025-06-11 14:43:39,017 - log - INFO - iter:7700/8100, Original Acc@1: 27.60, Acc@5: 77.78, TTA Acc@1: 26.44, Acc@5: 71.53
2025-06-11 14:44:23,456 - log - INFO - iter:7720/8100, clip_acc1=27.784975051879883, tta_acc1=26.606218338012695
2025-06-11 14:44:23,456 - log - INFO - iter:7720/8100, Original Acc@1: 27.78, Acc@5: 77.84, TTA Acc@1: 26.61, Acc@5: 71.61
2025-06-11 14:45:07,820 - log - INFO - iter:7740/8100, clip_acc1=27.971574783325195, tta_acc1=26.782943725585938
2025-06-11 14:45:07,820 - log - INFO - iter:7740/8100, Original Acc@1: 27.97, Acc@5: 77.89, TTA Acc@1: 26.78, Acc@5: 71.68
2025-06-11 14:45:52,298 - log - INFO - iter:7760/8100, clip_acc1=28.157217025756836, tta_acc1=26.945877075195312
2025-06-11 14:45:52,299 - log - INFO - iter:7760/8100, Original Acc@1: 28.16, Acc@5: 77.95, TTA Acc@1: 26.95, Acc@5: 71.74
2025-06-11 14:46:36,833 - log - INFO - iter:7780/8100, clip_acc1=28.329050064086914, tta_acc1=27.082263946533203
2025-06-11 14:46:36,834 - log - INFO - iter:7780/8100, Original Acc@1: 28.33, Acc@5: 78.01, TTA Acc@1: 27.08, Acc@5: 71.81
2025-06-11 14:47:21,061 - log - INFO - iter:7800/8100, clip_acc1=28.512819290161133, tta_acc1=27.269229888916016
2025-06-11 14:47:21,062 - log - INFO - iter:7800/8100, Original Acc@1: 28.51, Acc@5: 78.06, TTA Acc@1: 27.27, Acc@5: 71.88
2025-06-11 14:48:05,352 - log - INFO - iter:7820/8100, clip_acc1=28.69565200805664, tta_acc1=27.455244064331055
2025-06-11 14:48:05,352 - log - INFO - iter:7820/8100, Original Acc@1: 28.70, Acc@5: 78.12, TTA Acc@1: 27.46, Acc@5: 71.96
2025-06-11 14:48:49,824 - log - INFO - iter:7840/8100, clip_acc1=28.87755012512207, tta_acc1=27.61479377746582
2025-06-11 14:48:49,824 - log - INFO - iter:7840/8100, Original Acc@1: 28.88, Acc@5: 78.18, TTA Acc@1: 27.61, Acc@5: 72.03
2025-06-11 14:49:34,243 - log - INFO - iter:7860/8100, clip_acc1=29.05852508544922, tta_acc1=27.773536682128906
2025-06-11 14:49:34,243 - log - INFO - iter:7860/8100, Original Acc@1: 29.06, Acc@5: 78.23, TTA Acc@1: 27.77, Acc@5: 72.10
2025-06-11 14:50:18,933 - log - INFO - iter:7880/8100, clip_acc1=29.23857879638672, tta_acc1=27.944162368774414
2025-06-11 14:50:18,934 - log - INFO - iter:7880/8100, Original Acc@1: 29.24, Acc@5: 78.29, TTA Acc@1: 27.94, Acc@5: 72.17
2025-06-11 14:51:03,349 - log - INFO - iter:7900/8100, clip_acc1=29.40506362915039, tta_acc1=28.113924026489258
2025-06-11 14:51:03,350 - log - INFO - iter:7900/8100, Original Acc@1: 29.41, Acc@5: 78.34, TTA Acc@1: 28.11, Acc@5: 72.24
2025-06-11 14:51:47,861 - log - INFO - iter:7920/8100, clip_acc1=29.58333396911621, tta_acc1=28.27020263671875
2025-06-11 14:51:47,862 - log - INFO - iter:7920/8100, Original Acc@1: 29.58, Acc@5: 78.40, TTA Acc@1: 28.27, Acc@5: 72.31
2025-06-11 14:52:32,279 - log - INFO - iter:7940/8100, clip_acc1=29.760705947875977, tta_acc1=28.41309928894043
2025-06-11 14:52:32,280 - log - INFO - iter:7940/8100, Original Acc@1: 29.76, Acc@5: 78.45, TTA Acc@1: 28.41, Acc@5: 72.38
2025-06-11 14:53:18,427 - log - INFO - iter:7960/8100, clip_acc1=29.937185287475586, tta_acc1=28.567838668823242
2025-06-11 14:53:18,427 - log - INFO - iter:7960/8100, Original Acc@1: 29.94, Acc@5: 78.51, TTA Acc@1: 28.57, Acc@5: 72.45
2025-06-11 14:54:02,800 - log - INFO - iter:7980/8100, clip_acc1=30.112781524658203, tta_acc1=28.709272384643555
2025-06-11 14:54:02,800 - log - INFO - iter:7980/8100, Original Acc@1: 30.11, Acc@5: 78.56, TTA Acc@1: 28.71, Acc@5: 72.52
2025-06-11 14:54:47,524 - log - INFO - iter:8000/8100, clip_acc1=30.28750228881836, tta_acc1=28.875001907348633
2025-06-11 14:54:47,524 - log - INFO - iter:8000/8100, Original Acc@1: 30.29, Acc@5: 78.61, TTA Acc@1: 28.88, Acc@5: 72.59
2025-06-11 14:55:31,994 - log - INFO - iter:8020/8100, clip_acc1=30.461345672607422, tta_acc1=29.039899826049805
2025-06-11 14:55:31,994 - log - INFO - iter:8020/8100, Original Acc@1: 30.46, Acc@5: 78.67, TTA Acc@1: 29.04, Acc@5: 72.66
2025-06-11 14:56:16,533 - log - INFO - iter:8040/8100, clip_acc1=30.634328842163086, tta_acc1=29.203981399536133
2025-06-11 14:56:16,533 - log - INFO - iter:8040/8100, Original Acc@1: 30.63, Acc@5: 78.72, TTA Acc@1: 29.20, Acc@5: 72.72
2025-06-11 14:57:00,805 - log - INFO - iter:8060/8100, clip_acc1=30.806453704833984, tta_acc1=29.354839324951172
2025-06-11 14:57:00,806 - log - INFO - iter:8060/8100, Original Acc@1: 30.81, Acc@5: 78.77, TTA Acc@1: 29.35, Acc@5: 72.79
2025-06-11 14:57:45,168 - log - INFO - iter:8080/8100, clip_acc1=30.977724075317383, tta_acc1=29.49257469177246
2025-06-11 14:57:45,169 - log - INFO - iter:8080/8100, Original Acc@1: 30.98, Acc@5: 78.82, TTA Acc@1: 29.49, Acc@5: 72.85
2025-06-11 14:58:29,521 - log - INFO - iter:8100/8100, clip_acc1=31.148147583007812, tta_acc1=29.654321670532227
2025-06-11 14:58:29,521 - log - INFO - iter:8100/8100, Original Acc@1: 31.15, Acc@5: 78.88, TTA Acc@1: 29.65, Acc@5: 72.91
2025-06-11 14:58:29,637 - log - INFO - Final results - Original Acc@1: 31.15, Acc@5: 78.88, TTA Acc@1: 29.65, Acc@5: 72.91
2025-06-11 14:58:29,637 - log - INFO - Improvement from TTA in Acc@1 -1.49, and Acc@5 -5.96
2025-06-11 14:58:29,640 - log - INFO - Number of selected samples with index 0: 973
2025-06-11 14:58:29,640 - log - INFO - Number of samples in the dataset: 8100
2025-06-11 14:58:29,694 - log - INFO - Selected IDs saved to /leonardo_work/EUHPC_R04_192/fmohamma/Adversarial_Robust_Clip/ATPT/Final_Results/delta_clip_l14_224/eurosat/Clean/Counter_Attack/Eps_4_0_Steps_2_Alpha_1_0/tau_0_2_beta_2_0_weighted_pertrubation_True/TPT/Optimization_Loss_rtpt_LR_0_005_Optimization_Steps_1_View_Selection_Fraction_0_1/Inference_Ensemble_vanilla/selected_topk.json
2025-06-11 14:58:30,204 - log - INFO - Batch entropies saved to /leonardo_work/EUHPC_R04_192/fmohamma/Adversarial_Robust_Clip/ATPT/Final_Results/delta_clip_l14_224/eurosat/Clean/Counter_Attack/Eps_4_0_Steps_2_Alpha_1_0/tau_0_2_beta_2_0_weighted_pertrubation_True/TPT/Optimization_Loss_rtpt_LR_0_005_Optimization_Steps_1_View_Selection_Fraction_0_1/Inference_Ensemble_vanilla/entropies.json
2025-06-11 14:58:30,212 - log - INFO - => Acc. on testset [eurosat]: Clean Acc @1 31.148147583007812/ TTA Clean Acc @1 29.654321670532227, Clean Acc @5 78.87654113769531/ TTA Clean Acc @5 72.91358184814453
2025-06-11 14:58:30,213 - log - INFO - Total script execution time: 18138.58 seconds (302.31 minutes)
