2025-05-29 00:03:35,363 - log - INFO - ==========================================
data:/leonardo_work/EUHPC_R04_192/fmohamma/Adversarial_Robust_Clip/atpt_data/downstream_datasets
test_sets:Cars
dataset_mode:test
arch:ViT-L/14
resolution:224
workers:4
no_pin_memory:False
batch_size:64
print_freq:20
gpu:0
no_cudnn_benchmark:False
n_ctx:4
ctx_init:a_photo_of_a
tpt_loss:rtpt
seed:0
output_dir:/leonardo_work/EUHPC_R04_192/fmohamma/Adversarial_Robust_Clip/atpt_data/ViT-L/14/Cars
log_output_dir:/leonardo_work/EUHPC_R04_192/fmohamma/Adversarial_Robust_Clip/ATPT/Final_Results/ViT-L/14/Cars
eps:0.0
alpha:0.0
alpha_eps_ratio:4.0
steps:0
lr:0.005
selection_p:0.1
tta_steps:0
ensemble_type:weighted_rtpt
top_k:20
softmax_temp:0.01
counter_attack:True
counter_attack_type:pgd
counter_attack_steps:2
counter_attack_eps:2.0
counter_attack_alpha:1.0
counter_attack_tau_thres:0.2
counter_attack_beta:2.0
counter_attack_weighted_perturbations:True
pgd_clip_pure_i_text_embeddings:null
pgd_counter_and_clipure_i_lamda:1.0
selected_id_name:selected_topk.json
weighted_score_name:weighted_scores.json
batch_entropy_name:entropies.json
log_dir:/leonardo_work/EUHPC_R04_192/fmohamma/Adversarial_Robust_Clip/ATPT/Final_Results/ViT-L/14/Cars/Clean/Counter_Attack/Eps_2_0_Steps_2_Alpha_1_0/tau_0_2_beta_2_0_weighted_pertrubation_True/No_TPT/Inference_Ensemble_weighted_rtpt_topk_20_softmaxtemp_0_01

2025-05-29 00:03:35,364 - log - INFO - Use GPU: 0 for training
2025-05-29 00:04:46,062 - log - INFO - Freezing all parameters except prompt learner
2025-05-29 00:04:46,063 - log - INFO - => Model created: visual backbone ViT-L/14
2025-05-29 00:04:46,077 - log - INFO - Number of test samples: 8041
2025-05-29 00:04:46,077 - log - INFO - Evaluating dataset: Cars
2025-05-29 00:04:46,078 - log - INFO - Starting evaluation with batch size: 64, selection percentage: 0.1
2025-05-29 00:04:46,078 - log - INFO - Test-time adaptation steps: 0, learning rate: 0.005
2025-05-29 00:04:46,078 - log - INFO - Using counter-attack with epsilon: 2.000000, alpha: 0.000000, steps: 2, tau_thres: 0.2, beta: 2.0, weighted perturbation: True
2025-05-29 00:05:47,725 - log - INFO - iter:20/8041, clip_acc1=45.0, tta_acc1=50.0
2025-05-29 00:05:47,726 - log - INFO - iter:20/8041, Original Acc@1: 45.00, Acc@5: 75.00, TTA Acc@1: 50.00, Acc@5: 85.00
2025-05-29 00:06:35,228 - log - INFO - iter:40/8041, clip_acc1=55.0, tta_acc1=62.5
2025-05-29 00:06:35,228 - log - INFO - iter:40/8041, Original Acc@1: 55.00, Acc@5: 85.00, TTA Acc@1: 62.50, Acc@5: 92.50
2025-05-29 00:07:21,867 - log - INFO - iter:60/8041, clip_acc1=56.66666793823242, tta_acc1=63.333335876464844
2025-05-29 00:07:21,868 - log - INFO - iter:60/8041, Original Acc@1: 56.67, Acc@5: 88.33, TTA Acc@1: 63.33, Acc@5: 95.00
2025-05-29 00:08:09,129 - log - INFO - iter:80/8041, clip_acc1=55.0, tta_acc1=63.75
2025-05-29 00:08:09,129 - log - INFO - iter:80/8041, Original Acc@1: 55.00, Acc@5: 88.75, TTA Acc@1: 63.75, Acc@5: 95.00
2025-05-29 00:08:56,350 - log - INFO - iter:100/8041, clip_acc1=58.0, tta_acc1=68.0
2025-05-29 00:08:56,350 - log - INFO - iter:100/8041, Original Acc@1: 58.00, Acc@5: 89.00, TTA Acc@1: 68.00, Acc@5: 96.00
2025-05-29 00:09:43,933 - log - INFO - iter:120/8041, clip_acc1=58.333335876464844, tta_acc1=66.66667175292969
2025-05-29 00:09:43,934 - log - INFO - iter:120/8041, Original Acc@1: 58.33, Acc@5: 90.00, TTA Acc@1: 66.67, Acc@5: 95.83
2025-05-29 00:10:31,851 - log - INFO - iter:140/8041, clip_acc1=57.14285659790039, tta_acc1=65.71428680419922
2025-05-29 00:10:31,851 - log - INFO - iter:140/8041, Original Acc@1: 57.14, Acc@5: 88.57, TTA Acc@1: 65.71, Acc@5: 95.71
2025-05-29 00:11:19,338 - log - INFO - iter:160/8041, clip_acc1=57.5, tta_acc1=67.5
2025-05-29 00:11:19,338 - log - INFO - iter:160/8041, Original Acc@1: 57.50, Acc@5: 89.38, TTA Acc@1: 67.50, Acc@5: 95.62
2025-05-29 00:12:06,288 - log - INFO - iter:180/8041, clip_acc1=59.4444465637207, tta_acc1=71.11111450195312
2025-05-29 00:12:06,288 - log - INFO - iter:180/8041, Original Acc@1: 59.44, Acc@5: 90.56, TTA Acc@1: 71.11, Acc@5: 96.11
2025-05-29 00:12:53,668 - log - INFO - iter:200/8041, clip_acc1=59.5, tta_acc1=71.5
2025-05-29 00:12:53,669 - log - INFO - iter:200/8041, Original Acc@1: 59.50, Acc@5: 90.00, TTA Acc@1: 71.50, Acc@5: 96.00
2025-05-29 00:13:40,735 - log - INFO - iter:220/8041, clip_acc1=59.09090805053711, tta_acc1=72.2727279663086
2025-05-29 00:13:40,735 - log - INFO - iter:220/8041, Original Acc@1: 59.09, Acc@5: 88.64, TTA Acc@1: 72.27, Acc@5: 95.45
2025-05-29 00:14:27,437 - log - INFO - iter:240/8041, clip_acc1=60.41666793823242, tta_acc1=73.75000762939453
2025-05-29 00:14:27,438 - log - INFO - iter:240/8041, Original Acc@1: 60.42, Acc@5: 89.17, TTA Acc@1: 73.75, Acc@5: 95.83
2025-05-29 00:15:15,066 - log - INFO - iter:260/8041, clip_acc1=60.769229888916016, tta_acc1=75.0
2025-05-29 00:15:15,067 - log - INFO - iter:260/8041, Original Acc@1: 60.77, Acc@5: 90.00, TTA Acc@1: 75.00, Acc@5: 95.77
2025-05-29 00:16:02,424 - log - INFO - iter:280/8041, clip_acc1=60.71428680419922, tta_acc1=75.0
2025-05-29 00:16:02,424 - log - INFO - iter:280/8041, Original Acc@1: 60.71, Acc@5: 90.00, TTA Acc@1: 75.00, Acc@5: 95.71
2025-05-29 00:16:50,186 - log - INFO - iter:300/8041, clip_acc1=62.0, tta_acc1=75.33333587646484
2025-05-29 00:16:50,187 - log - INFO - iter:300/8041, Original Acc@1: 62.00, Acc@5: 90.67, TTA Acc@1: 75.33, Acc@5: 96.00
2025-05-29 00:17:37,448 - log - INFO - iter:320/8041, clip_acc1=63.125, tta_acc1=75.3125
2025-05-29 00:17:37,448 - log - INFO - iter:320/8041, Original Acc@1: 63.12, Acc@5: 90.94, TTA Acc@1: 75.31, Acc@5: 96.25
2025-05-29 00:18:24,678 - log - INFO - iter:340/8041, clip_acc1=63.235294342041016, tta_acc1=75.0
2025-05-29 00:18:24,678 - log - INFO - iter:340/8041, Original Acc@1: 63.24, Acc@5: 90.59, TTA Acc@1: 75.00, Acc@5: 96.18
2025-05-29 00:19:12,034 - log - INFO - iter:360/8041, clip_acc1=62.5, tta_acc1=75.27777862548828
2025-05-29 00:19:12,035 - log - INFO - iter:360/8041, Original Acc@1: 62.50, Acc@5: 90.83, TTA Acc@1: 75.28, Acc@5: 96.39
2025-05-29 00:19:58,797 - log - INFO - iter:380/8041, clip_acc1=62.6315803527832, tta_acc1=75.2631607055664
2025-05-29 00:19:58,798 - log - INFO - iter:380/8041, Original Acc@1: 62.63, Acc@5: 90.79, TTA Acc@1: 75.26, Acc@5: 96.58
2025-05-29 00:20:47,036 - log - INFO - iter:400/8041, clip_acc1=62.75, tta_acc1=75.25
2025-05-29 00:20:47,036 - log - INFO - iter:400/8041, Original Acc@1: 62.75, Acc@5: 91.25, TTA Acc@1: 75.25, Acc@5: 96.75
2025-05-29 00:21:34,252 - log - INFO - iter:420/8041, clip_acc1=63.333335876464844, tta_acc1=75.71428680419922
2025-05-29 00:21:34,252 - log - INFO - iter:420/8041, Original Acc@1: 63.33, Acc@5: 91.43, TTA Acc@1: 75.71, Acc@5: 96.67
2025-05-29 00:22:21,689 - log - INFO - iter:440/8041, clip_acc1=63.8636360168457, tta_acc1=76.13636016845703
2025-05-29 00:22:21,689 - log - INFO - iter:440/8041, Original Acc@1: 63.86, Acc@5: 91.82, TTA Acc@1: 76.14, Acc@5: 96.82
2025-05-29 00:23:08,545 - log - INFO - iter:460/8041, clip_acc1=63.47825622558594, tta_acc1=75.65216827392578
2025-05-29 00:23:08,545 - log - INFO - iter:460/8041, Original Acc@1: 63.48, Acc@5: 91.74, TTA Acc@1: 75.65, Acc@5: 96.74
2025-05-29 00:23:56,395 - log - INFO - iter:480/8041, clip_acc1=63.333335876464844, tta_acc1=75.00000762939453
2025-05-29 00:23:56,395 - log - INFO - iter:480/8041, Original Acc@1: 63.33, Acc@5: 91.25, TTA Acc@1: 75.00, Acc@5: 96.67
2025-05-29 00:24:43,702 - log - INFO - iter:500/8041, clip_acc1=63.20000457763672, tta_acc1=74.60000610351562
2025-05-29 00:24:43,702 - log - INFO - iter:500/8041, Original Acc@1: 63.20, Acc@5: 91.20, TTA Acc@1: 74.60, Acc@5: 96.80
2025-05-29 00:25:31,570 - log - INFO - iter:520/8041, clip_acc1=64.03845977783203, tta_acc1=75.19230651855469
2025-05-29 00:25:31,571 - log - INFO - iter:520/8041, Original Acc@1: 64.04, Acc@5: 91.54, TTA Acc@1: 75.19, Acc@5: 96.92
2025-05-29 00:26:18,813 - log - INFO - iter:540/8041, clip_acc1=63.14814758300781, tta_acc1=74.62963104248047
2025-05-29 00:26:18,813 - log - INFO - iter:540/8041, Original Acc@1: 63.15, Acc@5: 91.48, TTA Acc@1: 74.63, Acc@5: 96.85
2025-05-29 00:27:05,841 - log - INFO - iter:560/8041, clip_acc1=63.03571319580078, tta_acc1=74.10713958740234
2025-05-29 00:27:05,842 - log - INFO - iter:560/8041, Original Acc@1: 63.04, Acc@5: 91.43, TTA Acc@1: 74.11, Acc@5: 96.96
2025-05-29 00:27:53,279 - log - INFO - iter:580/8041, clip_acc1=62.75862121582031, tta_acc1=73.96551513671875
2025-05-29 00:27:53,279 - log - INFO - iter:580/8041, Original Acc@1: 62.76, Acc@5: 91.38, TTA Acc@1: 73.97, Acc@5: 96.55
2025-05-29 00:28:40,755 - log - INFO - iter:600/8041, clip_acc1=62.66666793823242, tta_acc1=74.16667175292969
2025-05-29 00:28:40,755 - log - INFO - iter:600/8041, Original Acc@1: 62.67, Acc@5: 91.33, TTA Acc@1: 74.17, Acc@5: 96.67
2025-05-29 00:29:27,780 - log - INFO - iter:620/8041, clip_acc1=63.06451416015625, tta_acc1=74.19355010986328
2025-05-29 00:29:27,780 - log - INFO - iter:620/8041, Original Acc@1: 63.06, Acc@5: 91.45, TTA Acc@1: 74.19, Acc@5: 96.77
2025-05-29 00:30:16,484 - log - INFO - iter:640/8041, clip_acc1=63.125, tta_acc1=74.375
2025-05-29 00:30:16,484 - log - INFO - iter:640/8041, Original Acc@1: 63.12, Acc@5: 91.25, TTA Acc@1: 74.38, Acc@5: 96.88
2025-05-29 00:31:03,282 - log - INFO - iter:660/8041, clip_acc1=63.33333206176758, tta_acc1=74.54545593261719
2025-05-29 00:31:03,283 - log - INFO - iter:660/8041, Original Acc@1: 63.33, Acc@5: 90.91, TTA Acc@1: 74.55, Acc@5: 96.82
2025-05-29 00:31:50,393 - log - INFO - iter:680/8041, clip_acc1=63.52941131591797, tta_acc1=75.0
2025-05-29 00:31:50,393 - log - INFO - iter:680/8041, Original Acc@1: 63.53, Acc@5: 91.03, TTA Acc@1: 75.00, Acc@5: 96.91
2025-05-29 00:32:37,522 - log - INFO - iter:700/8041, clip_acc1=63.28571319580078, tta_acc1=75.28571319580078
2025-05-29 00:32:37,522 - log - INFO - iter:700/8041, Original Acc@1: 63.29, Acc@5: 91.14, TTA Acc@1: 75.29, Acc@5: 97.00
2025-05-29 00:33:24,877 - log - INFO - iter:720/8041, clip_acc1=63.05555725097656, tta_acc1=75.0
2025-05-29 00:33:24,877 - log - INFO - iter:720/8041, Original Acc@1: 63.06, Acc@5: 90.97, TTA Acc@1: 75.00, Acc@5: 96.81
2025-05-29 00:34:12,418 - log - INFO - iter:740/8041, clip_acc1=63.24324417114258, tta_acc1=75.27027130126953
2025-05-29 00:34:12,418 - log - INFO - iter:740/8041, Original Acc@1: 63.24, Acc@5: 91.22, TTA Acc@1: 75.27, Acc@5: 96.89
2025-05-29 00:34:59,525 - log - INFO - iter:760/8041, clip_acc1=63.15789794921875, tta_acc1=74.86842346191406
2025-05-29 00:34:59,525 - log - INFO - iter:760/8041, Original Acc@1: 63.16, Acc@5: 91.45, TTA Acc@1: 74.87, Acc@5: 96.84
2025-05-29 00:35:46,502 - log - INFO - iter:780/8041, clip_acc1=63.20513153076172, tta_acc1=75.12820434570312
2025-05-29 00:35:46,502 - log - INFO - iter:780/8041, Original Acc@1: 63.21, Acc@5: 91.28, TTA Acc@1: 75.13, Acc@5: 96.79
2025-05-29 00:36:34,045 - log - INFO - iter:800/8041, clip_acc1=63.125, tta_acc1=75.125
2025-05-29 00:36:34,045 - log - INFO - iter:800/8041, Original Acc@1: 63.12, Acc@5: 91.12, TTA Acc@1: 75.12, Acc@5: 96.75
2025-05-29 00:37:20,783 - log - INFO - iter:820/8041, clip_acc1=63.29268264770508, tta_acc1=75.24390411376953
2025-05-29 00:37:20,784 - log - INFO - iter:820/8041, Original Acc@1: 63.29, Acc@5: 91.34, TTA Acc@1: 75.24, Acc@5: 96.83
2025-05-29 00:38:08,018 - log - INFO - iter:840/8041, clip_acc1=63.21428680419922, tta_acc1=74.8809585571289
2025-05-29 00:38:08,019 - log - INFO - iter:840/8041, Original Acc@1: 63.21, Acc@5: 91.43, TTA Acc@1: 74.88, Acc@5: 96.90
2025-05-29 00:38:55,339 - log - INFO - iter:860/8041, clip_acc1=63.13953399658203, tta_acc1=74.76744079589844
2025-05-29 00:38:55,339 - log - INFO - iter:860/8041, Original Acc@1: 63.14, Acc@5: 91.16, TTA Acc@1: 74.77, Acc@5: 96.86
2025-05-29 00:39:42,438 - log - INFO - iter:880/8041, clip_acc1=63.068180084228516, tta_acc1=74.7727279663086
2025-05-29 00:39:42,438 - log - INFO - iter:880/8041, Original Acc@1: 63.07, Acc@5: 90.91, TTA Acc@1: 74.77, Acc@5: 96.59
2025-05-29 00:40:31,481 - log - INFO - iter:900/8041, clip_acc1=63.111114501953125, tta_acc1=74.55555725097656
2025-05-29 00:40:31,481 - log - INFO - iter:900/8041, Original Acc@1: 63.11, Acc@5: 90.67, TTA Acc@1: 74.56, Acc@5: 96.44
2025-05-29 00:41:19,084 - log - INFO - iter:920/8041, clip_acc1=63.15217208862305, tta_acc1=74.67391204833984
2025-05-29 00:41:19,084 - log - INFO - iter:920/8041, Original Acc@1: 63.15, Acc@5: 90.65, TTA Acc@1: 74.67, Acc@5: 96.41
2025-05-29 00:42:06,818 - log - INFO - iter:940/8041, clip_acc1=63.29787063598633, tta_acc1=74.46808624267578
2025-05-29 00:42:06,818 - log - INFO - iter:940/8041, Original Acc@1: 63.30, Acc@5: 90.53, TTA Acc@1: 74.47, Acc@5: 96.49
2025-05-29 00:43:10,795 - log - INFO - iter:960/8041, clip_acc1=63.125003814697266, tta_acc1=74.27083587646484
2025-05-29 00:43:10,795 - log - INFO - iter:960/8041, Original Acc@1: 63.13, Acc@5: 90.31, TTA Acc@1: 74.27, Acc@5: 96.56
2025-05-29 00:43:58,286 - log - INFO - iter:980/8041, clip_acc1=63.26530456542969, tta_acc1=74.28571319580078
2025-05-29 00:43:58,286 - log - INFO - iter:980/8041, Original Acc@1: 63.27, Acc@5: 90.31, TTA Acc@1: 74.29, Acc@5: 96.53
2025-05-29 00:44:46,029 - log - INFO - iter:1000/8041, clip_acc1=63.10000228881836, tta_acc1=74.20000457763672
2025-05-29 00:44:46,029 - log - INFO - iter:1000/8041, Original Acc@1: 63.10, Acc@5: 90.10, TTA Acc@1: 74.20, Acc@5: 96.50
2025-05-29 00:45:33,372 - log - INFO - iter:1020/8041, clip_acc1=63.333335876464844, tta_acc1=74.50981140136719
2025-05-29 00:45:33,372 - log - INFO - iter:1020/8041, Original Acc@1: 63.33, Acc@5: 90.10, TTA Acc@1: 74.51, Acc@5: 96.57
2025-05-29 00:46:20,790 - log - INFO - iter:1040/8041, clip_acc1=63.46154022216797, tta_acc1=74.32691955566406
2025-05-29 00:46:20,791 - log - INFO - iter:1040/8041, Original Acc@1: 63.46, Acc@5: 90.19, TTA Acc@1: 74.33, Acc@5: 96.63
2025-05-29 00:47:07,781 - log - INFO - iter:1060/8041, clip_acc1=63.20754623413086, tta_acc1=74.05660247802734
2025-05-29 00:47:07,781 - log - INFO - iter:1060/8041, Original Acc@1: 63.21, Acc@5: 90.09, TTA Acc@1: 74.06, Acc@5: 96.70
2025-05-29 00:47:55,285 - log - INFO - iter:1080/8041, clip_acc1=63.425926208496094, tta_acc1=74.2592544555664
2025-05-29 00:47:55,285 - log - INFO - iter:1080/8041, Original Acc@1: 63.43, Acc@5: 90.19, TTA Acc@1: 74.26, Acc@5: 96.76
2025-05-29 00:48:43,397 - log - INFO - iter:1100/8041, clip_acc1=63.272727966308594, tta_acc1=74.2727279663086
2025-05-29 00:48:43,397 - log - INFO - iter:1100/8041, Original Acc@1: 63.27, Acc@5: 90.09, TTA Acc@1: 74.27, Acc@5: 96.82
2025-05-29 00:49:30,635 - log - INFO - iter:1120/8041, clip_acc1=63.57143020629883, tta_acc1=74.46428680419922
2025-05-29 00:49:30,635 - log - INFO - iter:1120/8041, Original Acc@1: 63.57, Acc@5: 90.27, TTA Acc@1: 74.46, Acc@5: 96.88
2025-05-29 00:50:19,228 - log - INFO - iter:1140/8041, clip_acc1=63.333335876464844, tta_acc1=74.47368621826172
2025-05-29 00:50:19,228 - log - INFO - iter:1140/8041, Original Acc@1: 63.33, Acc@5: 90.18, TTA Acc@1: 74.47, Acc@5: 96.93
2025-05-29 00:51:06,162 - log - INFO - iter:1160/8041, clip_acc1=63.18965530395508, tta_acc1=74.56896209716797
2025-05-29 00:51:06,162 - log - INFO - iter:1160/8041, Original Acc@1: 63.19, Acc@5: 90.17, TTA Acc@1: 74.57, Acc@5: 96.90
2025-05-29 00:51:54,102 - log - INFO - iter:1180/8041, clip_acc1=63.305084228515625, tta_acc1=74.49152374267578
2025-05-29 00:51:54,102 - log - INFO - iter:1180/8041, Original Acc@1: 63.31, Acc@5: 90.25, TTA Acc@1: 74.49, Acc@5: 96.95
2025-05-29 00:52:41,157 - log - INFO - iter:1200/8041, clip_acc1=63.333335876464844, tta_acc1=74.25
2025-05-29 00:52:41,157 - log - INFO - iter:1200/8041, Original Acc@1: 63.33, Acc@5: 90.25, TTA Acc@1: 74.25, Acc@5: 96.92
2025-05-29 00:53:28,774 - log - INFO - iter:1220/8041, clip_acc1=63.442623138427734, tta_acc1=74.01639556884766
2025-05-29 00:53:28,774 - log - INFO - iter:1220/8041, Original Acc@1: 63.44, Acc@5: 90.25, TTA Acc@1: 74.02, Acc@5: 96.89
2025-05-29 00:54:16,198 - log - INFO - iter:1240/8041, clip_acc1=63.46773910522461, tta_acc1=74.03225708007812
2025-05-29 00:54:16,198 - log - INFO - iter:1240/8041, Original Acc@1: 63.47, Acc@5: 90.40, TTA Acc@1: 74.03, Acc@5: 96.94
2025-05-29 00:55:04,739 - log - INFO - iter:1260/8041, clip_acc1=63.41270065307617, tta_acc1=74.12698364257812
2025-05-29 00:55:04,739 - log - INFO - iter:1260/8041, Original Acc@1: 63.41, Acc@5: 90.48, TTA Acc@1: 74.13, Acc@5: 96.90
2025-05-29 00:55:52,448 - log - INFO - iter:1280/8041, clip_acc1=63.046875, tta_acc1=74.0625
2025-05-29 00:55:52,449 - log - INFO - iter:1280/8041, Original Acc@1: 63.05, Acc@5: 90.00, TTA Acc@1: 74.06, Acc@5: 96.80
2025-05-29 00:56:40,181 - log - INFO - iter:1300/8041, clip_acc1=63.0, tta_acc1=74.0
2025-05-29 00:56:40,181 - log - INFO - iter:1300/8041, Original Acc@1: 63.00, Acc@5: 89.92, TTA Acc@1: 74.00, Acc@5: 96.85
2025-05-29 00:57:27,385 - log - INFO - iter:1320/8041, clip_acc1=63.10606002807617, tta_acc1=73.93939208984375
2025-05-29 00:57:27,385 - log - INFO - iter:1320/8041, Original Acc@1: 63.11, Acc@5: 89.92, TTA Acc@1: 73.94, Acc@5: 96.82
2025-05-29 00:58:14,812 - log - INFO - iter:1340/8041, clip_acc1=62.985076904296875, tta_acc1=73.9552230834961
2025-05-29 00:58:14,813 - log - INFO - iter:1340/8041, Original Acc@1: 62.99, Acc@5: 89.93, TTA Acc@1: 73.96, Acc@5: 96.72
2025-05-29 00:59:02,037 - log - INFO - iter:1360/8041, clip_acc1=62.72058868408203, tta_acc1=73.75
2025-05-29 00:59:02,037 - log - INFO - iter:1360/8041, Original Acc@1: 62.72, Acc@5: 89.85, TTA Acc@1: 73.75, Acc@5: 96.69
2025-05-29 00:59:49,845 - log - INFO - iter:1380/8041, clip_acc1=62.68115997314453, tta_acc1=73.84058380126953
2025-05-29 00:59:49,845 - log - INFO - iter:1380/8041, Original Acc@1: 62.68, Acc@5: 90.00, TTA Acc@1: 73.84, Acc@5: 96.74
2025-05-29 01:00:37,365 - log - INFO - iter:1400/8041, clip_acc1=62.71428680419922, tta_acc1=74.0
2025-05-29 01:00:37,365 - log - INFO - iter:1400/8041, Original Acc@1: 62.71, Acc@5: 90.00, TTA Acc@1: 74.00, Acc@5: 96.71
2025-05-29 01:01:24,603 - log - INFO - iter:1420/8041, clip_acc1=62.74647521972656, tta_acc1=74.01408386230469
2025-05-29 01:01:24,603 - log - INFO - iter:1420/8041, Original Acc@1: 62.75, Acc@5: 90.00, TTA Acc@1: 74.01, Acc@5: 96.76
2025-05-29 01:02:12,177 - log - INFO - iter:1440/8041, clip_acc1=62.847225189208984, tta_acc1=74.16667175292969
2025-05-29 01:02:12,178 - log - INFO - iter:1440/8041, Original Acc@1: 62.85, Acc@5: 90.07, TTA Acc@1: 74.17, Acc@5: 96.81
2025-05-29 01:02:58,922 - log - INFO - iter:1460/8041, clip_acc1=62.60274124145508, tta_acc1=74.10958862304688
2025-05-29 01:02:58,922 - log - INFO - iter:1460/8041, Original Acc@1: 62.60, Acc@5: 90.00, TTA Acc@1: 74.11, Acc@5: 96.78
2025-05-29 01:03:45,891 - log - INFO - iter:1480/8041, clip_acc1=62.3648681640625, tta_acc1=74.0540542602539
2025-05-29 01:03:45,892 - log - INFO - iter:1480/8041, Original Acc@1: 62.36, Acc@5: 90.07, TTA Acc@1: 74.05, Acc@5: 96.82
2025-05-29 01:04:33,535 - log - INFO - iter:1500/8041, clip_acc1=62.39999771118164, tta_acc1=74.06666564941406
2025-05-29 01:04:33,536 - log - INFO - iter:1500/8041, Original Acc@1: 62.40, Acc@5: 90.13, TTA Acc@1: 74.07, Acc@5: 96.87
2025-05-29 01:05:21,354 - log - INFO - iter:1520/8041, clip_acc1=62.565792083740234, tta_acc1=74.07894897460938
2025-05-29 01:05:21,354 - log - INFO - iter:1520/8041, Original Acc@1: 62.57, Acc@5: 90.13, TTA Acc@1: 74.08, Acc@5: 96.78
2025-05-29 01:06:08,192 - log - INFO - iter:1540/8041, clip_acc1=62.5974006652832, tta_acc1=74.02597045898438
2025-05-29 01:06:08,193 - log - INFO - iter:1540/8041, Original Acc@1: 62.60, Acc@5: 90.13, TTA Acc@1: 74.03, Acc@5: 96.75
2025-05-29 01:06:55,198 - log - INFO - iter:1560/8041, clip_acc1=62.43589782714844, tta_acc1=73.9102554321289
2025-05-29 01:06:55,199 - log - INFO - iter:1560/8041, Original Acc@1: 62.44, Acc@5: 90.00, TTA Acc@1: 73.91, Acc@5: 96.60
2025-05-29 01:07:42,714 - log - INFO - iter:1580/8041, clip_acc1=62.531646728515625, tta_acc1=73.86076354980469
2025-05-29 01:07:42,714 - log - INFO - iter:1580/8041, Original Acc@1: 62.53, Acc@5: 89.94, TTA Acc@1: 73.86, Acc@5: 96.65
2025-05-29 01:08:32,002 - log - INFO - iter:1600/8041, clip_acc1=62.3125, tta_acc1=73.6875
2025-05-29 01:08:32,003 - log - INFO - iter:1600/8041, Original Acc@1: 62.31, Acc@5: 90.06, TTA Acc@1: 73.69, Acc@5: 96.69
2025-05-29 01:09:18,853 - log - INFO - iter:1620/8041, clip_acc1=62.345680236816406, tta_acc1=73.70370483398438
2025-05-29 01:09:18,853 - log - INFO - iter:1620/8041, Original Acc@1: 62.35, Acc@5: 90.12, TTA Acc@1: 73.70, Acc@5: 96.73
2025-05-29 01:10:05,816 - log - INFO - iter:1640/8041, clip_acc1=62.56097412109375, tta_acc1=73.78048706054688
2025-05-29 01:10:05,816 - log - INFO - iter:1640/8041, Original Acc@1: 62.56, Acc@5: 90.06, TTA Acc@1: 73.78, Acc@5: 96.65
2025-05-29 01:10:58,013 - log - INFO - iter:1660/8041, clip_acc1=62.469879150390625, tta_acc1=73.97590637207031
2025-05-29 01:10:58,014 - log - INFO - iter:1660/8041, Original Acc@1: 62.47, Acc@5: 90.00, TTA Acc@1: 73.98, Acc@5: 96.69
2025-05-29 01:11:44,940 - log - INFO - iter:1680/8041, clip_acc1=62.55952453613281, tta_acc1=73.98809814453125
2025-05-29 01:11:44,940 - log - INFO - iter:1680/8041, Original Acc@1: 62.56, Acc@5: 90.06, TTA Acc@1: 73.99, Acc@5: 96.67
2025-05-29 01:12:32,430 - log - INFO - iter:1700/8041, clip_acc1=62.35293960571289, tta_acc1=73.8823471069336
2025-05-29 01:12:32,430 - log - INFO - iter:1700/8041, Original Acc@1: 62.35, Acc@5: 90.06, TTA Acc@1: 73.88, Acc@5: 96.59
2025-05-29 01:13:19,830 - log - INFO - iter:1720/8041, clip_acc1=61.97674560546875, tta_acc1=73.60465240478516
2025-05-29 01:13:19,830 - log - INFO - iter:1720/8041, Original Acc@1: 61.98, Acc@5: 89.94, TTA Acc@1: 73.60, Acc@5: 96.57
2025-05-29 01:14:07,140 - log - INFO - iter:1740/8041, clip_acc1=62.068965911865234, tta_acc1=73.67816162109375
2025-05-29 01:14:07,141 - log - INFO - iter:1740/8041, Original Acc@1: 62.07, Acc@5: 89.94, TTA Acc@1: 73.68, Acc@5: 96.55
2025-05-29 01:14:54,136 - log - INFO - iter:1760/8041, clip_acc1=62.159088134765625, tta_acc1=73.86363220214844
2025-05-29 01:14:54,136 - log - INFO - iter:1760/8041, Original Acc@1: 62.16, Acc@5: 90.00, TTA Acc@1: 73.86, Acc@5: 96.53
2025-05-29 01:15:42,103 - log - INFO - iter:1780/8041, clip_acc1=61.96629333496094, tta_acc1=73.65168762207031
2025-05-29 01:15:42,103 - log - INFO - iter:1780/8041, Original Acc@1: 61.97, Acc@5: 90.06, TTA Acc@1: 73.65, Acc@5: 96.57
2025-05-29 01:16:28,996 - log - INFO - iter:1800/8041, clip_acc1=61.9444465637207, tta_acc1=73.66667175292969
2025-05-29 01:16:28,996 - log - INFO - iter:1800/8041, Original Acc@1: 61.94, Acc@5: 90.11, TTA Acc@1: 73.67, Acc@5: 96.61
2025-05-29 01:17:16,456 - log - INFO - iter:1820/8041, clip_acc1=61.868133544921875, tta_acc1=73.68132019042969
2025-05-29 01:17:16,456 - log - INFO - iter:1820/8041, Original Acc@1: 61.87, Acc@5: 90.16, TTA Acc@1: 73.68, Acc@5: 96.59
2025-05-29 01:18:03,639 - log - INFO - iter:1840/8041, clip_acc1=61.79347610473633, tta_acc1=73.64130401611328
2025-05-29 01:18:03,639 - log - INFO - iter:1840/8041, Original Acc@1: 61.79, Acc@5: 90.22, TTA Acc@1: 73.64, Acc@5: 96.63
2025-05-29 01:18:50,917 - log - INFO - iter:1860/8041, clip_acc1=61.82795715332031, tta_acc1=73.6021499633789
2025-05-29 01:18:50,917 - log - INFO - iter:1860/8041, Original Acc@1: 61.83, Acc@5: 90.11, TTA Acc@1: 73.60, Acc@5: 96.56
2025-05-29 01:19:38,502 - log - INFO - iter:1880/8041, clip_acc1=61.75531768798828, tta_acc1=73.56382751464844
2025-05-29 01:19:38,503 - log - INFO - iter:1880/8041, Original Acc@1: 61.76, Acc@5: 90.16, TTA Acc@1: 73.56, Acc@5: 96.60
2025-05-29 01:20:25,994 - log - INFO - iter:1900/8041, clip_acc1=61.78947067260742, tta_acc1=73.52631378173828
2025-05-29 01:20:25,994 - log - INFO - iter:1900/8041, Original Acc@1: 61.79, Acc@5: 90.16, TTA Acc@1: 73.53, Acc@5: 96.58
2025-05-29 01:21:13,600 - log - INFO - iter:1920/8041, clip_acc1=61.66667175292969, tta_acc1=73.28125762939453
2025-05-29 01:21:13,601 - log - INFO - iter:1920/8041, Original Acc@1: 61.67, Acc@5: 90.10, TTA Acc@1: 73.28, Acc@5: 96.51
2025-05-29 01:22:00,767 - log - INFO - iter:1940/8041, clip_acc1=61.75257873535156, tta_acc1=73.45361328125
2025-05-29 01:22:00,767 - log - INFO - iter:1940/8041, Original Acc@1: 61.75, Acc@5: 90.10, TTA Acc@1: 73.45, Acc@5: 96.55
2025-05-29 01:22:47,770 - log - INFO - iter:1960/8041, clip_acc1=61.78571319580078, tta_acc1=73.57142639160156
2025-05-29 01:22:47,771 - log - INFO - iter:1960/8041, Original Acc@1: 61.79, Acc@5: 90.15, TTA Acc@1: 73.57, Acc@5: 96.58
2025-05-29 01:23:35,456 - log - INFO - iter:1980/8041, clip_acc1=61.66666793823242, tta_acc1=73.48484802246094
2025-05-29 01:23:35,457 - log - INFO - iter:1980/8041, Original Acc@1: 61.67, Acc@5: 90.20, TTA Acc@1: 73.48, Acc@5: 96.57
2025-05-29 01:24:22,679 - log - INFO - iter:2000/8041, clip_acc1=61.70000457763672, tta_acc1=73.55000305175781
2025-05-29 01:24:22,680 - log - INFO - iter:2000/8041, Original Acc@1: 61.70, Acc@5: 90.20, TTA Acc@1: 73.55, Acc@5: 96.60
2025-05-29 01:25:09,805 - log - INFO - iter:2020/8041, clip_acc1=61.83168411254883, tta_acc1=73.51485443115234
2025-05-29 01:25:09,806 - log - INFO - iter:2020/8041, Original Acc@1: 61.83, Acc@5: 90.20, TTA Acc@1: 73.51, Acc@5: 96.63
2025-05-29 01:25:56,538 - log - INFO - iter:2040/8041, clip_acc1=61.71569061279297, tta_acc1=73.48040008544922
2025-05-29 01:25:56,539 - log - INFO - iter:2040/8041, Original Acc@1: 61.72, Acc@5: 90.10, TTA Acc@1: 73.48, Acc@5: 96.67
2025-05-29 01:26:43,527 - log - INFO - iter:2060/8041, clip_acc1=61.55339813232422, tta_acc1=73.34951782226562
2025-05-29 01:26:43,527 - log - INFO - iter:2060/8041, Original Acc@1: 61.55, Acc@5: 90.05, TTA Acc@1: 73.35, Acc@5: 96.60
2025-05-29 01:27:30,788 - log - INFO - iter:2080/8041, clip_acc1=61.49038314819336, tta_acc1=73.41345977783203
2025-05-29 01:27:30,788 - log - INFO - iter:2080/8041, Original Acc@1: 61.49, Acc@5: 90.05, TTA Acc@1: 73.41, Acc@5: 96.59
2025-05-29 01:28:17,565 - log - INFO - iter:2100/8041, clip_acc1=61.380950927734375, tta_acc1=73.28571319580078
2025-05-29 01:28:17,566 - log - INFO - iter:2100/8041, Original Acc@1: 61.38, Acc@5: 90.05, TTA Acc@1: 73.29, Acc@5: 96.62
2025-05-29 01:29:05,564 - log - INFO - iter:2120/8041, clip_acc1=61.27358627319336, tta_acc1=73.25471496582031
2025-05-29 01:29:05,564 - log - INFO - iter:2120/8041, Original Acc@1: 61.27, Acc@5: 90.05, TTA Acc@1: 73.25, Acc@5: 96.60
2025-05-29 01:29:53,505 - log - INFO - iter:2140/8041, clip_acc1=61.355140686035156, tta_acc1=73.31775665283203
2025-05-29 01:29:53,505 - log - INFO - iter:2140/8041, Original Acc@1: 61.36, Acc@5: 90.09, TTA Acc@1: 73.32, Acc@5: 96.64
2025-05-29 01:30:42,179 - log - INFO - iter:2160/8041, clip_acc1=61.38888931274414, tta_acc1=73.47222137451172
2025-05-29 01:30:42,180 - log - INFO - iter:2160/8041, Original Acc@1: 61.39, Acc@5: 90.05, TTA Acc@1: 73.47, Acc@5: 96.62
2025-05-29 01:31:29,407 - log - INFO - iter:2180/8041, clip_acc1=61.33027648925781, tta_acc1=73.48623657226562
2025-05-29 01:31:29,407 - log - INFO - iter:2180/8041, Original Acc@1: 61.33, Acc@5: 90.05, TTA Acc@1: 73.49, Acc@5: 96.65
2025-05-29 01:32:17,143 - log - INFO - iter:2200/8041, clip_acc1=61.45454406738281, tta_acc1=73.68181610107422
2025-05-29 01:32:17,143 - log - INFO - iter:2200/8041, Original Acc@1: 61.45, Acc@5: 90.09, TTA Acc@1: 73.68, Acc@5: 96.68
2025-05-29 01:33:04,601 - log - INFO - iter:2220/8041, clip_acc1=61.35135269165039, tta_acc1=73.69369506835938
2025-05-29 01:33:04,601 - log - INFO - iter:2220/8041, Original Acc@1: 61.35, Acc@5: 90.09, TTA Acc@1: 73.69, Acc@5: 96.71
2025-05-29 01:33:51,831 - log - INFO - iter:2240/8041, clip_acc1=61.20535659790039, tta_acc1=73.57142639160156
2025-05-29 01:33:51,831 - log - INFO - iter:2240/8041, Original Acc@1: 61.21, Acc@5: 90.04, TTA Acc@1: 73.57, Acc@5: 96.70
2025-05-29 01:34:39,193 - log - INFO - iter:2260/8041, clip_acc1=61.23893737792969, tta_acc1=73.49557495117188
2025-05-29 01:34:39,193 - log - INFO - iter:2260/8041, Original Acc@1: 61.24, Acc@5: 90.04, TTA Acc@1: 73.50, Acc@5: 96.73
2025-05-29 01:35:27,874 - log - INFO - iter:2280/8041, clip_acc1=61.27193069458008, tta_acc1=73.64035034179688
2025-05-29 01:35:27,875 - log - INFO - iter:2280/8041, Original Acc@1: 61.27, Acc@5: 90.09, TTA Acc@1: 73.64, Acc@5: 96.75
2025-05-29 01:36:14,869 - log - INFO - iter:2300/8041, clip_acc1=61.17391586303711, tta_acc1=73.6956558227539
2025-05-29 01:36:14,869 - log - INFO - iter:2300/8041, Original Acc@1: 61.17, Acc@5: 90.09, TTA Acc@1: 73.70, Acc@5: 96.74
2025-05-29 01:37:02,408 - log - INFO - iter:2320/8041, clip_acc1=61.120689392089844, tta_acc1=73.79310607910156
2025-05-29 01:37:02,409 - log - INFO - iter:2320/8041, Original Acc@1: 61.12, Acc@5: 90.09, TTA Acc@1: 73.79, Acc@5: 96.72
2025-05-29 01:37:49,192 - log - INFO - iter:2340/8041, clip_acc1=61.19658279418945, tta_acc1=73.8888931274414
2025-05-29 01:37:49,192 - log - INFO - iter:2340/8041, Original Acc@1: 61.20, Acc@5: 90.13, TTA Acc@1: 73.89, Acc@5: 96.75
2025-05-29 01:38:37,571 - log - INFO - iter:2360/8041, clip_acc1=61.186439514160156, tta_acc1=73.940673828125
2025-05-29 01:38:37,572 - log - INFO - iter:2360/8041, Original Acc@1: 61.19, Acc@5: 90.08, TTA Acc@1: 73.94, Acc@5: 96.74
2025-05-29 01:39:24,557 - log - INFO - iter:2380/8041, clip_acc1=61.26050567626953, tta_acc1=74.03361511230469
2025-05-29 01:39:24,558 - log - INFO - iter:2380/8041, Original Acc@1: 61.26, Acc@5: 90.17, TTA Acc@1: 74.03, Acc@5: 96.76
2025-05-29 01:40:12,003 - log - INFO - iter:2400/8041, clip_acc1=61.16666793823242, tta_acc1=74.125
2025-05-29 01:40:12,003 - log - INFO - iter:2400/8041, Original Acc@1: 61.17, Acc@5: 90.12, TTA Acc@1: 74.12, Acc@5: 96.75
2025-05-29 01:41:00,995 - log - INFO - iter:2420/8041, clip_acc1=61.15702438354492, tta_acc1=74.13223266601562
2025-05-29 01:41:00,995 - log - INFO - iter:2420/8041, Original Acc@1: 61.16, Acc@5: 90.17, TTA Acc@1: 74.13, Acc@5: 96.74
2025-05-29 01:41:47,759 - log - INFO - iter:2440/8041, clip_acc1=61.1065559387207, tta_acc1=74.13934326171875
2025-05-29 01:41:47,759 - log - INFO - iter:2440/8041, Original Acc@1: 61.11, Acc@5: 90.16, TTA Acc@1: 74.14, Acc@5: 96.68
2025-05-29 01:42:35,446 - log - INFO - iter:2460/8041, clip_acc1=61.056907653808594, tta_acc1=74.1056900024414
2025-05-29 01:42:35,447 - log - INFO - iter:2460/8041, Original Acc@1: 61.06, Acc@5: 90.16, TTA Acc@1: 74.11, Acc@5: 96.71
2025-05-29 01:43:22,735 - log - INFO - iter:2480/8041, clip_acc1=61.00806427001953, tta_acc1=73.99193572998047
2025-05-29 01:43:22,735 - log - INFO - iter:2480/8041, Original Acc@1: 61.01, Acc@5: 90.12, TTA Acc@1: 73.99, Acc@5: 96.61
2025-05-29 01:44:09,646 - log - INFO - iter:2500/8041, clip_acc1=61.0, tta_acc1=73.83999633789062
2025-05-29 01:44:09,646 - log - INFO - iter:2500/8041, Original Acc@1: 61.00, Acc@5: 90.16, TTA Acc@1: 73.84, Acc@5: 96.60
2025-05-29 01:44:57,439 - log - INFO - iter:2520/8041, clip_acc1=60.9920654296875, tta_acc1=73.80952453613281
2025-05-29 01:44:57,440 - log - INFO - iter:2520/8041, Original Acc@1: 60.99, Acc@5: 90.12, TTA Acc@1: 73.81, Acc@5: 96.59
2025-05-29 01:45:44,747 - log - INFO - iter:2540/8041, clip_acc1=61.10236358642578, tta_acc1=73.89763641357422
2025-05-29 01:45:44,748 - log - INFO - iter:2540/8041, Original Acc@1: 61.10, Acc@5: 90.12, TTA Acc@1: 73.90, Acc@5: 96.57
2025-05-29 01:46:32,595 - log - INFO - iter:2560/8041, clip_acc1=61.09375, tta_acc1=73.828125
2025-05-29 01:46:32,595 - log - INFO - iter:2560/8041, Original Acc@1: 61.09, Acc@5: 90.08, TTA Acc@1: 73.83, Acc@5: 96.60
2025-05-29 01:47:20,717 - log - INFO - iter:2580/8041, clip_acc1=60.968990325927734, tta_acc1=73.75968933105469
2025-05-29 01:47:20,717 - log - INFO - iter:2580/8041, Original Acc@1: 60.97, Acc@5: 89.96, TTA Acc@1: 73.76, Acc@5: 96.59
2025-05-29 01:48:09,112 - log - INFO - iter:2600/8041, clip_acc1=61.11538314819336, tta_acc1=73.76923370361328
2025-05-29 01:48:09,112 - log - INFO - iter:2600/8041, Original Acc@1: 61.12, Acc@5: 90.00, TTA Acc@1: 73.77, Acc@5: 96.62
2025-05-29 01:48:55,721 - log - INFO - iter:2620/8041, clip_acc1=60.83969497680664, tta_acc1=73.6259536743164
2025-05-29 01:48:55,722 - log - INFO - iter:2620/8041, Original Acc@1: 60.84, Acc@5: 89.96, TTA Acc@1: 73.63, Acc@5: 96.64
2025-05-29 01:49:42,836 - log - INFO - iter:2640/8041, clip_acc1=60.79545211791992, tta_acc1=73.59848022460938
2025-05-29 01:49:42,837 - log - INFO - iter:2640/8041, Original Acc@1: 60.80, Acc@5: 89.92, TTA Acc@1: 73.60, Acc@5: 96.59
2025-05-29 01:50:30,600 - log - INFO - iter:2660/8041, clip_acc1=60.90225601196289, tta_acc1=73.68421173095703
2025-05-29 01:50:30,600 - log - INFO - iter:2660/8041, Original Acc@1: 60.90, Acc@5: 89.92, TTA Acc@1: 73.68, Acc@5: 96.62
2025-05-29 01:51:17,818 - log - INFO - iter:2680/8041, clip_acc1=60.82089614868164, tta_acc1=73.7686538696289
2025-05-29 01:51:17,818 - log - INFO - iter:2680/8041, Original Acc@1: 60.82, Acc@5: 89.89, TTA Acc@1: 73.77, Acc@5: 96.57
2025-05-29 01:52:05,619 - log - INFO - iter:2700/8041, clip_acc1=60.814815521240234, tta_acc1=73.74073791503906
2025-05-29 01:52:05,619 - log - INFO - iter:2700/8041, Original Acc@1: 60.81, Acc@5: 89.89, TTA Acc@1: 73.74, Acc@5: 96.59
2025-05-29 01:52:52,768 - log - INFO - iter:2720/8041, clip_acc1=60.8088264465332, tta_acc1=73.75
2025-05-29 01:52:52,768 - log - INFO - iter:2720/8041, Original Acc@1: 60.81, Acc@5: 89.85, TTA Acc@1: 73.75, Acc@5: 96.51
2025-05-29 01:53:39,859 - log - INFO - iter:2740/8041, clip_acc1=60.766422271728516, tta_acc1=73.72262573242188
2025-05-29 01:53:39,859 - log - INFO - iter:2740/8041, Original Acc@1: 60.77, Acc@5: 89.74, TTA Acc@1: 73.72, Acc@5: 96.50
2025-05-29 01:54:26,845 - log - INFO - iter:2760/8041, clip_acc1=60.76087188720703, tta_acc1=73.659423828125
2025-05-29 01:54:26,846 - log - INFO - iter:2760/8041, Original Acc@1: 60.76, Acc@5: 89.67, TTA Acc@1: 73.66, Acc@5: 96.52
2025-05-29 01:55:15,349 - log - INFO - iter:2780/8041, clip_acc1=60.719425201416016, tta_acc1=73.74100494384766
2025-05-29 01:55:15,349 - log - INFO - iter:2780/8041, Original Acc@1: 60.72, Acc@5: 89.64, TTA Acc@1: 73.74, Acc@5: 96.55
2025-05-29 01:56:02,245 - log - INFO - iter:2800/8041, clip_acc1=60.67856979370117, tta_acc1=73.67857360839844
2025-05-29 01:56:02,245 - log - INFO - iter:2800/8041, Original Acc@1: 60.68, Acc@5: 89.64, TTA Acc@1: 73.68, Acc@5: 96.54
2025-05-29 01:56:48,751 - log - INFO - iter:2820/8041, clip_acc1=60.74467849731445, tta_acc1=73.75886535644531
2025-05-29 01:56:48,751 - log - INFO - iter:2820/8041, Original Acc@1: 60.74, Acc@5: 89.68, TTA Acc@1: 73.76, Acc@5: 96.56
2025-05-29 01:57:35,714 - log - INFO - iter:2840/8041, clip_acc1=60.73943328857422, tta_acc1=73.73239135742188
2025-05-29 01:57:35,714 - log - INFO - iter:2840/8041, Original Acc@1: 60.74, Acc@5: 89.72, TTA Acc@1: 73.73, Acc@5: 96.55
2025-05-29 01:58:23,512 - log - INFO - iter:2860/8041, clip_acc1=60.80419921875, tta_acc1=73.77622985839844
2025-05-29 01:58:23,512 - log - INFO - iter:2860/8041, Original Acc@1: 60.80, Acc@5: 89.76, TTA Acc@1: 73.78, Acc@5: 96.57
2025-05-29 01:59:10,102 - log - INFO - iter:2880/8041, clip_acc1=60.86805725097656, tta_acc1=73.64583587646484
2025-05-29 01:59:10,103 - log - INFO - iter:2880/8041, Original Acc@1: 60.87, Acc@5: 89.79, TTA Acc@1: 73.65, Acc@5: 96.53
2025-05-29 01:59:56,777 - log - INFO - iter:2900/8041, clip_acc1=60.79310607910156, tta_acc1=73.58621215820312
2025-05-29 01:59:56,778 - log - INFO - iter:2900/8041, Original Acc@1: 60.79, Acc@5: 89.72, TTA Acc@1: 73.59, Acc@5: 96.48
2025-05-29 02:00:44,974 - log - INFO - iter:2920/8041, clip_acc1=60.719181060791016, tta_acc1=73.63014221191406
2025-05-29 02:00:44,974 - log - INFO - iter:2920/8041, Original Acc@1: 60.72, Acc@5: 89.76, TTA Acc@1: 73.63, Acc@5: 96.51
2025-05-29 02:01:33,347 - log - INFO - iter:2940/8041, clip_acc1=60.612247467041016, tta_acc1=73.6054458618164
2025-05-29 02:01:33,348 - log - INFO - iter:2940/8041, Original Acc@1: 60.61, Acc@5: 89.73, TTA Acc@1: 73.61, Acc@5: 96.50
2025-05-29 02:02:20,517 - log - INFO - iter:2960/8041, clip_acc1=60.50675964355469, tta_acc1=73.6148681640625
2025-05-29 02:02:20,518 - log - INFO - iter:2960/8041, Original Acc@1: 60.51, Acc@5: 89.66, TTA Acc@1: 73.61, Acc@5: 96.45
2025-05-29 02:03:08,689 - log - INFO - iter:2980/8041, clip_acc1=60.53691482543945, tta_acc1=73.59060668945312
2025-05-29 02:03:08,690 - log - INFO - iter:2980/8041, Original Acc@1: 60.54, Acc@5: 89.70, TTA Acc@1: 73.59, Acc@5: 96.48
2025-05-29 02:03:56,278 - log - INFO - iter:3000/8041, clip_acc1=60.53333282470703, tta_acc1=73.63333129882812
2025-05-29 02:03:56,279 - log - INFO - iter:3000/8041, Original Acc@1: 60.53, Acc@5: 89.73, TTA Acc@1: 73.63, Acc@5: 96.50
2025-05-29 02:04:43,478 - log - INFO - iter:3020/8041, clip_acc1=60.56291580200195, tta_acc1=73.64238739013672
2025-05-29 02:04:43,478 - log - INFO - iter:3020/8041, Original Acc@1: 60.56, Acc@5: 89.80, TTA Acc@1: 73.64, Acc@5: 96.49
2025-05-29 02:05:31,971 - log - INFO - iter:3040/8041, clip_acc1=60.59210968017578, tta_acc1=73.65132141113281
2025-05-29 02:05:31,971 - log - INFO - iter:3040/8041, Original Acc@1: 60.59, Acc@5: 89.80, TTA Acc@1: 73.65, Acc@5: 96.51
2025-05-29 02:06:19,405 - log - INFO - iter:3060/8041, clip_acc1=60.686275482177734, tta_acc1=73.75817108154297
2025-05-29 02:06:19,405 - log - INFO - iter:3060/8041, Original Acc@1: 60.69, Acc@5: 89.84, TTA Acc@1: 73.76, Acc@5: 96.54
2025-05-29 02:07:06,554 - log - INFO - iter:3080/8041, clip_acc1=60.68181610107422, tta_acc1=73.66883087158203
2025-05-29 02:07:06,555 - log - INFO - iter:3080/8041, Original Acc@1: 60.68, Acc@5: 89.77, TTA Acc@1: 73.67, Acc@5: 96.53
2025-05-29 02:07:53,943 - log - INFO - iter:3100/8041, clip_acc1=60.67742156982422, tta_acc1=73.61290740966797
2025-05-29 02:07:53,944 - log - INFO - iter:3100/8041, Original Acc@1: 60.68, Acc@5: 89.77, TTA Acc@1: 73.61, Acc@5: 96.52
2025-05-29 02:08:42,241 - log - INFO - iter:3120/8041, clip_acc1=60.67308044433594, tta_acc1=73.65384674072266
2025-05-29 02:08:42,241 - log - INFO - iter:3120/8041, Original Acc@1: 60.67, Acc@5: 89.78, TTA Acc@1: 73.65, Acc@5: 96.54
2025-05-29 02:09:28,887 - log - INFO - iter:3140/8041, clip_acc1=60.66878890991211, tta_acc1=73.66242218017578
2025-05-29 02:09:28,887 - log - INFO - iter:3140/8041, Original Acc@1: 60.67, Acc@5: 89.81, TTA Acc@1: 73.66, Acc@5: 96.56
2025-05-29 02:10:17,267 - log - INFO - iter:3160/8041, clip_acc1=60.69620132446289, tta_acc1=73.5759506225586
2025-05-29 02:10:17,267 - log - INFO - iter:3160/8041, Original Acc@1: 60.70, Acc@5: 89.78, TTA Acc@1: 73.58, Acc@5: 96.52
2025-05-29 02:11:04,580 - log - INFO - iter:3180/8041, clip_acc1=60.69182205200195, tta_acc1=73.58490753173828
2025-05-29 02:11:04,580 - log - INFO - iter:3180/8041, Original Acc@1: 60.69, Acc@5: 89.78, TTA Acc@1: 73.58, Acc@5: 96.51
2025-05-29 02:11:51,448 - log - INFO - iter:3200/8041, clip_acc1=60.75, tta_acc1=73.625
2025-05-29 02:11:51,449 - log - INFO - iter:3200/8041, Original Acc@1: 60.75, Acc@5: 89.81, TTA Acc@1: 73.62, Acc@5: 96.53
2025-05-29 02:12:42,570 - log - INFO - iter:3220/8041, clip_acc1=60.80745315551758, tta_acc1=73.66459655761719
2025-05-29 02:12:42,571 - log - INFO - iter:3220/8041, Original Acc@1: 60.81, Acc@5: 89.88, TTA Acc@1: 73.66, Acc@5: 96.55
2025-05-29 02:13:29,771 - log - INFO - iter:3240/8041, clip_acc1=60.92593002319336, tta_acc1=73.70370483398438
2025-05-29 02:13:29,772 - log - INFO - iter:3240/8041, Original Acc@1: 60.93, Acc@5: 89.94, TTA Acc@1: 73.70, Acc@5: 96.57
2025-05-29 02:14:17,479 - log - INFO - iter:3260/8041, clip_acc1=60.92024612426758, tta_acc1=73.71165466308594
2025-05-29 02:14:17,479 - log - INFO - iter:3260/8041, Original Acc@1: 60.92, Acc@5: 89.91, TTA Acc@1: 73.71, Acc@5: 96.56
2025-05-29 02:15:05,422 - log - INFO - iter:3280/8041, clip_acc1=60.88414764404297, tta_acc1=73.78048706054688
2025-05-29 02:15:05,422 - log - INFO - iter:3280/8041, Original Acc@1: 60.88, Acc@5: 89.88, TTA Acc@1: 73.78, Acc@5: 96.59
2025-05-29 02:15:53,832 - log - INFO - iter:3300/8041, clip_acc1=60.90909194946289, tta_acc1=73.8484878540039
2025-05-29 02:15:53,833 - log - INFO - iter:3300/8041, Original Acc@1: 60.91, Acc@5: 89.88, TTA Acc@1: 73.85, Acc@5: 96.61
2025-05-29 02:16:41,846 - log - INFO - iter:3320/8041, clip_acc1=60.99397659301758, tta_acc1=73.85542297363281
2025-05-29 02:16:41,846 - log - INFO - iter:3320/8041, Original Acc@1: 60.99, Acc@5: 89.91, TTA Acc@1: 73.86, Acc@5: 96.63
2025-05-29 02:17:31,875 - log - INFO - iter:3340/8041, clip_acc1=61.01796340942383, tta_acc1=73.83233642578125
2025-05-29 02:17:31,875 - log - INFO - iter:3340/8041, Original Acc@1: 61.02, Acc@5: 89.94, TTA Acc@1: 73.83, Acc@5: 96.65
2025-05-29 02:18:19,312 - log - INFO - iter:3360/8041, clip_acc1=60.892860412597656, tta_acc1=73.7797622680664
2025-05-29 02:18:19,312 - log - INFO - iter:3360/8041, Original Acc@1: 60.89, Acc@5: 89.82, TTA Acc@1: 73.78, Acc@5: 96.58
2025-05-29 02:19:08,116 - log - INFO - iter:3380/8041, clip_acc1=60.769229888916016, tta_acc1=73.72781372070312
2025-05-29 02:19:08,116 - log - INFO - iter:3380/8041, Original Acc@1: 60.77, Acc@5: 89.85, TTA Acc@1: 73.73, Acc@5: 96.60
2025-05-29 02:19:54,817 - log - INFO - iter:3400/8041, clip_acc1=60.647056579589844, tta_acc1=73.61764526367188
2025-05-29 02:19:54,817 - log - INFO - iter:3400/8041, Original Acc@1: 60.65, Acc@5: 89.79, TTA Acc@1: 73.62, Acc@5: 96.59
2025-05-29 02:20:41,974 - log - INFO - iter:3420/8041, clip_acc1=60.67251205444336, tta_acc1=73.53800964355469
2025-05-29 02:20:41,974 - log - INFO - iter:3420/8041, Original Acc@1: 60.67, Acc@5: 89.80, TTA Acc@1: 73.54, Acc@5: 96.58
2025-05-29 02:21:29,482 - log - INFO - iter:3440/8041, clip_acc1=60.58139419555664, tta_acc1=73.5465087890625
2025-05-29 02:21:29,482 - log - INFO - iter:3440/8041, Original Acc@1: 60.58, Acc@5: 89.80, TTA Acc@1: 73.55, Acc@5: 96.60
2025-05-29 02:22:16,906 - log - INFO - iter:3460/8041, clip_acc1=60.578033447265625, tta_acc1=73.5549087524414
2025-05-29 02:22:16,907 - log - INFO - iter:3460/8041, Original Acc@1: 60.58, Acc@5: 89.83, TTA Acc@1: 73.55, Acc@5: 96.62
2025-05-29 02:23:04,039 - log - INFO - iter:3480/8041, clip_acc1=60.517242431640625, tta_acc1=73.56321716308594
2025-05-29 02:23:04,040 - log - INFO - iter:3480/8041, Original Acc@1: 60.52, Acc@5: 89.89, TTA Acc@1: 73.56, Acc@5: 96.64
2025-05-29 02:23:51,176 - log - INFO - iter:3500/8041, clip_acc1=60.485713958740234, tta_acc1=73.48571014404297
2025-05-29 02:23:51,176 - log - INFO - iter:3500/8041, Original Acc@1: 60.49, Acc@5: 89.77, TTA Acc@1: 73.49, Acc@5: 96.57
2025-05-29 02:24:38,190 - log - INFO - iter:3520/8041, clip_acc1=60.48295211791992, tta_acc1=73.46590423583984
2025-05-29 02:24:38,190 - log - INFO - iter:3520/8041, Original Acc@1: 60.48, Acc@5: 89.74, TTA Acc@1: 73.47, Acc@5: 96.59
2025-05-29 02:25:26,901 - log - INFO - iter:3540/8041, clip_acc1=60.39548110961914, tta_acc1=73.47457885742188
2025-05-29 02:25:26,901 - log - INFO - iter:3540/8041, Original Acc@1: 60.40, Acc@5: 89.75, TTA Acc@1: 73.47, Acc@5: 96.61
2025-05-29 02:26:14,565 - log - INFO - iter:3560/8041, clip_acc1=60.365169525146484, tta_acc1=73.42696380615234
2025-05-29 02:26:14,566 - log - INFO - iter:3560/8041, Original Acc@1: 60.37, Acc@5: 89.78, TTA Acc@1: 73.43, Acc@5: 96.63
2025-05-29 02:27:01,637 - log - INFO - iter:3580/8041, clip_acc1=60.3351936340332, tta_acc1=73.3798828125
2025-05-29 02:27:01,637 - log - INFO - iter:3580/8041, Original Acc@1: 60.34, Acc@5: 89.75, TTA Acc@1: 73.38, Acc@5: 96.59
2025-05-29 02:27:49,102 - log - INFO - iter:3600/8041, clip_acc1=60.27777862548828, tta_acc1=73.3888931274414
2025-05-29 02:27:49,103 - log - INFO - iter:3600/8041, Original Acc@1: 60.28, Acc@5: 89.69, TTA Acc@1: 73.39, Acc@5: 96.61
2025-05-29 02:28:36,298 - log - INFO - iter:3620/8041, clip_acc1=60.24861526489258, tta_acc1=73.42540740966797
2025-05-29 02:28:36,298 - log - INFO - iter:3620/8041, Original Acc@1: 60.25, Acc@5: 89.75, TTA Acc@1: 73.43, Acc@5: 96.63
2025-05-29 02:29:23,992 - log - INFO - iter:3640/8041, clip_acc1=60.19231033325195, tta_acc1=73.46154022216797
2025-05-29 02:29:23,992 - log - INFO - iter:3640/8041, Original Acc@1: 60.19, Acc@5: 89.70, TTA Acc@1: 73.46, Acc@5: 96.65
2025-05-29 02:30:11,398 - log - INFO - iter:3660/8041, clip_acc1=60.27322769165039, tta_acc1=73.52458953857422
2025-05-29 02:30:11,398 - log - INFO - iter:3660/8041, Original Acc@1: 60.27, Acc@5: 89.70, TTA Acc@1: 73.52, Acc@5: 96.67
2025-05-29 02:30:58,953 - log - INFO - iter:3680/8041, clip_acc1=60.135868072509766, tta_acc1=73.42391204833984
2025-05-29 02:30:58,953 - log - INFO - iter:3680/8041, Original Acc@1: 60.14, Acc@5: 89.65, TTA Acc@1: 73.42, Acc@5: 96.66
2025-05-29 02:31:45,917 - log - INFO - iter:3700/8041, clip_acc1=60.10810852050781, tta_acc1=73.45946502685547
2025-05-29 02:31:45,918 - log - INFO - iter:3700/8041, Original Acc@1: 60.11, Acc@5: 89.62, TTA Acc@1: 73.46, Acc@5: 96.68
2025-05-29 02:32:33,495 - log - INFO - iter:3720/8041, clip_acc1=60.1344108581543, tta_acc1=73.46774291992188
2025-05-29 02:32:33,495 - log - INFO - iter:3720/8041, Original Acc@1: 60.13, Acc@5: 89.62, TTA Acc@1: 73.47, Acc@5: 96.69
2025-05-29 02:33:20,797 - log - INFO - iter:3740/8041, clip_acc1=60.10695266723633, tta_acc1=73.47593688964844
2025-05-29 02:33:20,797 - log - INFO - iter:3740/8041, Original Acc@1: 60.11, Acc@5: 89.60, TTA Acc@1: 73.48, Acc@5: 96.68
2025-05-29 02:34:07,987 - log - INFO - iter:3760/8041, clip_acc1=60.0, tta_acc1=73.40425109863281
2025-05-29 02:34:07,987 - log - INFO - iter:3760/8041, Original Acc@1: 60.00, Acc@5: 89.55, TTA Acc@1: 73.40, Acc@5: 96.70
2025-05-29 02:34:56,160 - log - INFO - iter:3780/8041, clip_acc1=60.0, tta_acc1=73.4126968383789
2025-05-29 02:34:56,160 - log - INFO - iter:3780/8041, Original Acc@1: 60.00, Acc@5: 89.58, TTA Acc@1: 73.41, Acc@5: 96.69
2025-05-29 02:35:44,391 - log - INFO - iter:3800/8041, clip_acc1=59.947364807128906, tta_acc1=73.4473648071289
2025-05-29 02:35:44,391 - log - INFO - iter:3800/8041, Original Acc@1: 59.95, Acc@5: 89.61, TTA Acc@1: 73.45, Acc@5: 96.68
2025-05-29 02:36:31,727 - log - INFO - iter:3820/8041, clip_acc1=59.92146682739258, tta_acc1=73.37696075439453
2025-05-29 02:36:31,727 - log - INFO - iter:3820/8041, Original Acc@1: 59.92, Acc@5: 89.61, TTA Acc@1: 73.38, Acc@5: 96.65
2025-05-29 02:37:18,801 - log - INFO - iter:3840/8041, clip_acc1=59.895835876464844, tta_acc1=73.33333587646484
2025-05-29 02:37:18,801 - log - INFO - iter:3840/8041, Original Acc@1: 59.90, Acc@5: 89.64, TTA Acc@1: 73.33, Acc@5: 96.67
2025-05-29 02:38:05,445 - log - INFO - iter:3860/8041, clip_acc1=59.97409439086914, tta_acc1=73.39378356933594
2025-05-29 02:38:05,445 - log - INFO - iter:3860/8041, Original Acc@1: 59.97, Acc@5: 89.69, TTA Acc@1: 73.39, Acc@5: 96.68
2025-05-29 02:38:52,821 - log - INFO - iter:3880/8041, clip_acc1=60.02577590942383, tta_acc1=73.42784118652344
2025-05-29 02:38:52,821 - log - INFO - iter:3880/8041, Original Acc@1: 60.03, Acc@5: 89.72, TTA Acc@1: 73.43, Acc@5: 96.70
2025-05-29 02:39:39,949 - log - INFO - iter:3900/8041, clip_acc1=59.97435760498047, tta_acc1=73.48717498779297
2025-05-29 02:39:39,949 - log - INFO - iter:3900/8041, Original Acc@1: 59.97, Acc@5: 89.72, TTA Acc@1: 73.49, Acc@5: 96.72
2025-05-29 02:40:28,175 - log - INFO - iter:3920/8041, clip_acc1=59.948978424072266, tta_acc1=73.39285278320312
2025-05-29 02:40:28,175 - log - INFO - iter:3920/8041, Original Acc@1: 59.95, Acc@5: 89.72, TTA Acc@1: 73.39, Acc@5: 96.66
2025-05-29 02:41:16,109 - log - INFO - iter:3940/8041, clip_acc1=59.82233810424805, tta_acc1=73.32487487792969
2025-05-29 02:41:16,109 - log - INFO - iter:3940/8041, Original Acc@1: 59.82, Acc@5: 89.62, TTA Acc@1: 73.32, Acc@5: 96.68
2025-05-29 02:42:02,937 - log - INFO - iter:3960/8041, clip_acc1=59.89899444580078, tta_acc1=73.35858917236328
2025-05-29 02:42:02,938 - log - INFO - iter:3960/8041, Original Acc@1: 59.90, Acc@5: 89.65, TTA Acc@1: 73.36, Acc@5: 96.67
2025-05-29 02:42:50,529 - log - INFO - iter:3980/8041, clip_acc1=59.92462158203125, tta_acc1=73.44220733642578
2025-05-29 02:42:50,530 - log - INFO - iter:3980/8041, Original Acc@1: 59.92, Acc@5: 89.67, TTA Acc@1: 73.44, Acc@5: 96.68
2025-05-29 02:43:37,373 - log - INFO - iter:4000/8041, clip_acc1=59.85000228881836, tta_acc1=73.5250015258789
2025-05-29 02:43:37,373 - log - INFO - iter:4000/8041, Original Acc@1: 59.85, Acc@5: 89.68, TTA Acc@1: 73.53, Acc@5: 96.70
2025-05-29 02:44:24,445 - log - INFO - iter:4020/8041, clip_acc1=59.80099868774414, tta_acc1=73.53234100341797
2025-05-29 02:44:24,446 - log - INFO - iter:4020/8041, Original Acc@1: 59.80, Acc@5: 89.68, TTA Acc@1: 73.53, Acc@5: 96.72
2025-05-29 02:45:12,046 - log - INFO - iter:4040/8041, clip_acc1=59.75247573852539, tta_acc1=73.44059753417969
2025-05-29 02:45:12,046 - log - INFO - iter:4040/8041, Original Acc@1: 59.75, Acc@5: 89.63, TTA Acc@1: 73.44, Acc@5: 96.68
2025-05-29 02:45:59,698 - log - INFO - iter:4060/8041, clip_acc1=59.85221862792969, tta_acc1=73.44828033447266
2025-05-29 02:45:59,699 - log - INFO - iter:4060/8041, Original Acc@1: 59.85, Acc@5: 89.61, TTA Acc@1: 73.45, Acc@5: 96.70
2025-05-29 02:46:47,297 - log - INFO - iter:4080/8041, clip_acc1=59.828433990478516, tta_acc1=73.35784912109375
2025-05-29 02:46:47,297 - log - INFO - iter:4080/8041, Original Acc@1: 59.83, Acc@5: 89.61, TTA Acc@1: 73.36, Acc@5: 96.72
2025-05-29 02:47:34,596 - log - INFO - iter:4100/8041, clip_acc1=59.82926940917969, tta_acc1=73.41463470458984
2025-05-29 02:47:34,596 - log - INFO - iter:4100/8041, Original Acc@1: 59.83, Acc@5: 89.59, TTA Acc@1: 73.41, Acc@5: 96.71
2025-05-29 02:48:22,008 - log - INFO - iter:4120/8041, clip_acc1=59.8543701171875, tta_acc1=73.44660186767578
2025-05-29 02:48:22,008 - log - INFO - iter:4120/8041, Original Acc@1: 59.85, Acc@5: 89.56, TTA Acc@1: 73.45, Acc@5: 96.72
2025-05-29 02:49:09,420 - log - INFO - iter:4140/8041, clip_acc1=59.8067626953125, tta_acc1=73.38163757324219
2025-05-29 02:49:09,420 - log - INFO - iter:4140/8041, Original Acc@1: 59.81, Acc@5: 89.61, TTA Acc@1: 73.38, Acc@5: 96.74
2025-05-29 02:49:56,393 - log - INFO - iter:4160/8041, clip_acc1=59.855770111083984, tta_acc1=73.38941955566406
2025-05-29 02:49:56,393 - log - INFO - iter:4160/8041, Original Acc@1: 59.86, Acc@5: 89.59, TTA Acc@1: 73.39, Acc@5: 96.71
2025-05-29 02:50:43,925 - log - INFO - iter:4180/8041, clip_acc1=59.760765075683594, tta_acc1=73.37320709228516
2025-05-29 02:50:43,925 - log - INFO - iter:4180/8041, Original Acc@1: 59.76, Acc@5: 89.62, TTA Acc@1: 73.37, Acc@5: 96.72
2025-05-29 02:51:32,151 - log - INFO - iter:4200/8041, clip_acc1=59.83333206176758, tta_acc1=73.4047622680664
2025-05-29 02:51:32,151 - log - INFO - iter:4200/8041, Original Acc@1: 59.83, Acc@5: 89.64, TTA Acc@1: 73.40, Acc@5: 96.74
2025-05-29 02:52:18,912 - log - INFO - iter:4220/8041, clip_acc1=59.8104248046875, tta_acc1=73.43601989746094
2025-05-29 02:52:18,912 - log - INFO - iter:4220/8041, Original Acc@1: 59.81, Acc@5: 89.62, TTA Acc@1: 73.44, Acc@5: 96.75
2025-05-29 02:53:07,733 - log - INFO - iter:4240/8041, clip_acc1=59.81132125854492, tta_acc1=73.39622497558594
2025-05-29 02:53:07,733 - log - INFO - iter:4240/8041, Original Acc@1: 59.81, Acc@5: 89.62, TTA Acc@1: 73.40, Acc@5: 96.75
2025-05-29 02:53:54,739 - log - INFO - iter:4260/8041, clip_acc1=59.92958068847656, tta_acc1=73.4976577758789
2025-05-29 02:53:54,739 - log - INFO - iter:4260/8041, Original Acc@1: 59.93, Acc@5: 89.67, TTA Acc@1: 73.50, Acc@5: 96.76
2025-05-29 02:54:42,243 - log - INFO - iter:4280/8041, clip_acc1=60.07009506225586, tta_acc1=73.57476806640625
2025-05-29 02:54:42,243 - log - INFO - iter:4280/8041, Original Acc@1: 60.07, Acc@5: 89.67, TTA Acc@1: 73.57, Acc@5: 96.78
2025-05-29 02:55:29,991 - log - INFO - iter:4300/8041, clip_acc1=60.0, tta_acc1=73.53488159179688
2025-05-29 02:55:29,991 - log - INFO - iter:4300/8041, Original Acc@1: 60.00, Acc@5: 89.65, TTA Acc@1: 73.53, Acc@5: 96.77
2025-05-29 02:56:17,361 - log - INFO - iter:4320/8041, clip_acc1=59.97685241699219, tta_acc1=73.51851654052734
2025-05-29 02:56:17,362 - log - INFO - iter:4320/8041, Original Acc@1: 59.98, Acc@5: 89.65, TTA Acc@1: 73.52, Acc@5: 96.76
2025-05-29 02:57:04,356 - log - INFO - iter:4340/8041, clip_acc1=59.930877685546875, tta_acc1=73.52534484863281
2025-05-29 02:57:04,356 - log - INFO - iter:4340/8041, Original Acc@1: 59.93, Acc@5: 89.59, TTA Acc@1: 73.53, Acc@5: 96.73
2025-05-29 02:57:51,803 - log - INFO - iter:4360/8041, clip_acc1=59.97706604003906, tta_acc1=73.60092163085938
2025-05-29 02:57:51,803 - log - INFO - iter:4360/8041, Original Acc@1: 59.98, Acc@5: 89.63, TTA Acc@1: 73.60, Acc@5: 96.74
2025-05-29 02:58:38,863 - log - INFO - iter:4380/8041, clip_acc1=60.09132385253906, tta_acc1=73.65296936035156
2025-05-29 02:58:38,863 - log - INFO - iter:4380/8041, Original Acc@1: 60.09, Acc@5: 89.63, TTA Acc@1: 73.65, Acc@5: 96.76
2025-05-29 02:59:25,853 - log - INFO - iter:4400/8041, clip_acc1=60.09090805053711, tta_acc1=73.65908813476562
2025-05-29 02:59:25,853 - log - INFO - iter:4400/8041, Original Acc@1: 60.09, Acc@5: 89.64, TTA Acc@1: 73.66, Acc@5: 96.77
2025-05-29 03:00:13,116 - log - INFO - iter:4420/8041, clip_acc1=60.09049987792969, tta_acc1=73.64253234863281
2025-05-29 03:00:13,116 - log - INFO - iter:4420/8041, Original Acc@1: 60.09, Acc@5: 89.64, TTA Acc@1: 73.64, Acc@5: 96.76
2025-05-29 03:01:00,397 - log - INFO - iter:4440/8041, clip_acc1=60.090091705322266, tta_acc1=73.67117309570312
2025-05-29 03:01:00,397 - log - INFO - iter:4440/8041, Original Acc@1: 60.09, Acc@5: 89.62, TTA Acc@1: 73.67, Acc@5: 96.78
2025-05-29 03:01:47,784 - log - INFO - iter:4460/8041, clip_acc1=60.067264556884766, tta_acc1=73.63228607177734
2025-05-29 03:01:47,784 - log - INFO - iter:4460/8041, Original Acc@1: 60.07, Acc@5: 89.64, TTA Acc@1: 73.63, Acc@5: 96.77
2025-05-29 03:02:35,076 - log - INFO - iter:4480/8041, clip_acc1=60.02232360839844, tta_acc1=73.59375
2025-05-29 03:02:35,076 - log - INFO - iter:4480/8041, Original Acc@1: 60.02, Acc@5: 89.62, TTA Acc@1: 73.59, Acc@5: 96.79
2025-05-29 03:03:22,224 - log - INFO - iter:4500/8041, clip_acc1=60.02222442626953, tta_acc1=73.64444732666016
2025-05-29 03:03:22,224 - log - INFO - iter:4500/8041, Original Acc@1: 60.02, Acc@5: 89.58, TTA Acc@1: 73.64, Acc@5: 96.80
2025-05-29 03:04:09,415 - log - INFO - iter:4520/8041, clip_acc1=59.977874755859375, tta_acc1=73.6283187866211
2025-05-29 03:04:09,416 - log - INFO - iter:4520/8041, Original Acc@1: 59.98, Acc@5: 89.56, TTA Acc@1: 73.63, Acc@5: 96.81
2025-05-29 03:04:56,868 - log - INFO - iter:4540/8041, clip_acc1=59.95594787597656, tta_acc1=73.56828308105469
2025-05-29 03:04:56,869 - log - INFO - iter:4540/8041, Original Acc@1: 59.96, Acc@5: 89.52, TTA Acc@1: 73.57, Acc@5: 96.83
2025-05-29 03:05:45,000 - log - INFO - iter:4560/8041, clip_acc1=59.86842346191406, tta_acc1=73.5745620727539
2025-05-29 03:05:45,000 - log - INFO - iter:4560/8041, Original Acc@1: 59.87, Acc@5: 89.52, TTA Acc@1: 73.57, Acc@5: 96.84
2025-05-29 03:06:32,394 - log - INFO - iter:4580/8041, clip_acc1=59.868995666503906, tta_acc1=73.5807876586914
2025-05-29 03:06:32,394 - log - INFO - iter:4580/8041, Original Acc@1: 59.87, Acc@5: 89.50, TTA Acc@1: 73.58, Acc@5: 96.83
2025-05-29 03:07:19,984 - log - INFO - iter:4600/8041, clip_acc1=59.84782791137695, tta_acc1=73.52174377441406
2025-05-29 03:07:19,984 - log - INFO - iter:4600/8041, Original Acc@1: 59.85, Acc@5: 89.50, TTA Acc@1: 73.52, Acc@5: 96.80
2025-05-29 03:08:08,249 - log - INFO - iter:4620/8041, clip_acc1=59.87013244628906, tta_acc1=73.46320343017578
2025-05-29 03:08:08,249 - log - INFO - iter:4620/8041, Original Acc@1: 59.87, Acc@5: 89.50, TTA Acc@1: 73.46, Acc@5: 96.77
2025-05-29 03:08:55,661 - log - INFO - iter:4640/8041, clip_acc1=59.82758712768555, tta_acc1=73.4698257446289
2025-05-29 03:08:55,661 - log - INFO - iter:4640/8041, Original Acc@1: 59.83, Acc@5: 89.53, TTA Acc@1: 73.47, Acc@5: 96.79
2025-05-29 03:09:43,583 - log - INFO - iter:4660/8041, clip_acc1=59.78540802001953, tta_acc1=73.4549331665039
2025-05-29 03:09:43,584 - log - INFO - iter:4660/8041, Original Acc@1: 59.79, Acc@5: 89.53, TTA Acc@1: 73.45, Acc@5: 96.80
2025-05-29 03:10:31,867 - log - INFO - iter:4680/8041, clip_acc1=59.80769348144531, tta_acc1=73.48291015625
2025-05-29 03:10:31,867 - log - INFO - iter:4680/8041, Original Acc@1: 59.81, Acc@5: 89.53, TTA Acc@1: 73.48, Acc@5: 96.79
2025-05-29 03:11:19,328 - log - INFO - iter:4700/8041, clip_acc1=59.87234115600586, tta_acc1=73.53191375732422
2025-05-29 03:11:19,329 - log - INFO - iter:4700/8041, Original Acc@1: 59.87, Acc@5: 89.55, TTA Acc@1: 73.53, Acc@5: 96.79
2025-05-29 03:12:06,284 - log - INFO - iter:4720/8041, clip_acc1=59.894065856933594, tta_acc1=73.53813171386719
2025-05-29 03:12:06,284 - log - INFO - iter:4720/8041, Original Acc@1: 59.89, Acc@5: 89.53, TTA Acc@1: 73.54, Acc@5: 96.78
2025-05-29 03:12:53,494 - log - INFO - iter:4740/8041, clip_acc1=59.936710357666016, tta_acc1=73.50211334228516
2025-05-29 03:12:53,494 - log - INFO - iter:4740/8041, Original Acc@1: 59.94, Acc@5: 89.54, TTA Acc@1: 73.50, Acc@5: 96.75
2025-05-29 03:13:40,620 - log - INFO - iter:4760/8041, clip_acc1=59.936973571777344, tta_acc1=73.46638488769531
2025-05-29 03:13:40,620 - log - INFO - iter:4760/8041, Original Acc@1: 59.94, Acc@5: 89.56, TTA Acc@1: 73.47, Acc@5: 96.74
2025-05-29 03:14:29,997 - log - INFO - iter:4780/8041, clip_acc1=59.91632080078125, tta_acc1=73.5146484375
2025-05-29 03:14:29,997 - log - INFO - iter:4780/8041, Original Acc@1: 59.92, Acc@5: 89.52, TTA Acc@1: 73.51, Acc@5: 96.76
2025-05-29 03:15:18,097 - log - INFO - iter:4800/8041, clip_acc1=59.97916793823242, tta_acc1=73.54167175292969
2025-05-29 03:15:18,098 - log - INFO - iter:4800/8041, Original Acc@1: 59.98, Acc@5: 89.56, TTA Acc@1: 73.54, Acc@5: 96.77
2025-05-29 03:16:05,657 - log - INFO - iter:4820/8041, clip_acc1=59.9585075378418, tta_acc1=73.46472930908203
2025-05-29 03:16:05,657 - log - INFO - iter:4820/8041, Original Acc@1: 59.96, Acc@5: 89.56, TTA Acc@1: 73.46, Acc@5: 96.78
2025-05-29 03:16:52,971 - log - INFO - iter:4840/8041, clip_acc1=60.0, tta_acc1=73.4504165649414
2025-05-29 03:16:52,971 - log - INFO - iter:4840/8041, Original Acc@1: 60.00, Acc@5: 89.59, TTA Acc@1: 73.45, Acc@5: 96.80
2025-05-29 03:17:40,108 - log - INFO - iter:4860/8041, clip_acc1=59.95884704589844, tta_acc1=73.456787109375
2025-05-29 03:17:40,108 - log - INFO - iter:4860/8041, Original Acc@1: 59.96, Acc@5: 89.61, TTA Acc@1: 73.46, Acc@5: 96.81
2025-05-29 03:18:27,787 - log - INFO - iter:4880/8041, clip_acc1=60.0, tta_acc1=73.42213439941406
2025-05-29 03:18:27,788 - log - INFO - iter:4880/8041, Original Acc@1: 60.00, Acc@5: 89.59, TTA Acc@1: 73.42, Acc@5: 96.80
2025-05-29 03:19:15,059 - log - INFO - iter:4900/8041, clip_acc1=60.06122589111328, tta_acc1=73.42857360839844
2025-05-29 03:19:15,060 - log - INFO - iter:4900/8041, Original Acc@1: 60.06, Acc@5: 89.63, TTA Acc@1: 73.43, Acc@5: 96.82
2025-05-29 03:20:02,836 - log - INFO - iter:4920/8041, clip_acc1=60.081298828125, tta_acc1=73.41463470458984
2025-05-29 03:20:02,836 - log - INFO - iter:4920/8041, Original Acc@1: 60.08, Acc@5: 89.67, TTA Acc@1: 73.41, Acc@5: 96.83
2025-05-29 03:20:50,015 - log - INFO - iter:4940/8041, clip_acc1=60.10121536254883, tta_acc1=73.40081024169922
2025-05-29 03:20:50,015 - log - INFO - iter:4940/8041, Original Acc@1: 60.10, Acc@5: 89.72, TTA Acc@1: 73.40, Acc@5: 96.84
2025-05-29 03:21:37,642 - log - INFO - iter:4960/8041, clip_acc1=60.08064270019531, tta_acc1=73.38709259033203
2025-05-29 03:21:37,642 - log - INFO - iter:4960/8041, Original Acc@1: 60.08, Acc@5: 89.72, TTA Acc@1: 73.39, Acc@5: 96.83
2025-05-29 03:22:25,099 - log - INFO - iter:4980/8041, clip_acc1=60.1204833984375, tta_acc1=73.41365814208984
2025-05-29 03:22:25,099 - log - INFO - iter:4980/8041, Original Acc@1: 60.12, Acc@5: 89.72, TTA Acc@1: 73.41, Acc@5: 96.85
2025-05-29 03:23:12,434 - log - INFO - iter:5000/8041, clip_acc1=60.15999984741211, tta_acc1=73.45999908447266
2025-05-29 03:23:12,434 - log - INFO - iter:5000/8041, Original Acc@1: 60.16, Acc@5: 89.72, TTA Acc@1: 73.46, Acc@5: 96.86
2025-05-29 03:24:01,131 - log - INFO - iter:5020/8041, clip_acc1=60.11952209472656, tta_acc1=73.44621276855469
2025-05-29 03:24:01,131 - log - INFO - iter:5020/8041, Original Acc@1: 60.12, Acc@5: 89.72, TTA Acc@1: 73.45, Acc@5: 96.87
2025-05-29 03:24:51,606 - log - INFO - iter:5040/8041, clip_acc1=60.158729553222656, tta_acc1=73.4126968383789
2025-05-29 03:24:51,606 - log - INFO - iter:5040/8041, Original Acc@1: 60.16, Acc@5: 89.76, TTA Acc@1: 73.41, Acc@5: 96.87
2025-05-29 03:25:38,682 - log - INFO - iter:5060/8041, clip_acc1=60.11857604980469, tta_acc1=73.35968017578125
2025-05-29 03:25:38,682 - log - INFO - iter:5060/8041, Original Acc@1: 60.12, Acc@5: 89.70, TTA Acc@1: 73.36, Acc@5: 96.86
2025-05-29 03:26:29,058 - log - INFO - iter:5080/8041, clip_acc1=60.11811065673828, tta_acc1=73.28739929199219
2025-05-29 03:26:29,058 - log - INFO - iter:5080/8041, Original Acc@1: 60.12, Acc@5: 89.69, TTA Acc@1: 73.29, Acc@5: 96.87
2025-05-29 03:27:16,483 - log - INFO - iter:5100/8041, clip_acc1=60.13725280761719, tta_acc1=73.33333587646484
2025-05-29 03:27:16,483 - log - INFO - iter:5100/8041, Original Acc@1: 60.14, Acc@5: 89.67, TTA Acc@1: 73.33, Acc@5: 96.88
2025-05-29 03:28:04,531 - log - INFO - iter:5120/8041, clip_acc1=60.15625, tta_acc1=73.33984375
2025-05-29 03:28:04,531 - log - INFO - iter:5120/8041, Original Acc@1: 60.16, Acc@5: 89.67, TTA Acc@1: 73.34, Acc@5: 96.89
2025-05-29 03:28:51,429 - log - INFO - iter:5140/8041, clip_acc1=60.17509841918945, tta_acc1=73.34630584716797
2025-05-29 03:28:51,429 - log - INFO - iter:5140/8041, Original Acc@1: 60.18, Acc@5: 89.69, TTA Acc@1: 73.35, Acc@5: 96.91
2025-05-29 03:29:39,342 - log - INFO - iter:5160/8041, clip_acc1=60.19379806518555, tta_acc1=73.29457092285156
2025-05-29 03:29:39,342 - log - INFO - iter:5160/8041, Original Acc@1: 60.19, Acc@5: 89.71, TTA Acc@1: 73.29, Acc@5: 96.90
2025-05-29 03:30:26,666 - log - INFO - iter:5180/8041, clip_acc1=60.193050384521484, tta_acc1=73.37837982177734
2025-05-29 03:30:26,667 - log - INFO - iter:5180/8041, Original Acc@1: 60.19, Acc@5: 89.69, TTA Acc@1: 73.38, Acc@5: 96.89
2025-05-29 03:31:13,731 - log - INFO - iter:5200/8041, clip_acc1=60.21154022216797, tta_acc1=73.40384674072266
2025-05-29 03:31:13,731 - log - INFO - iter:5200/8041, Original Acc@1: 60.21, Acc@5: 89.73, TTA Acc@1: 73.40, Acc@5: 96.90
2025-05-29 03:32:00,893 - log - INFO - iter:5220/8041, clip_acc1=60.19157028198242, tta_acc1=73.35249328613281
2025-05-29 03:32:00,893 - log - INFO - iter:5220/8041, Original Acc@1: 60.19, Acc@5: 89.71, TTA Acc@1: 73.35, Acc@5: 96.90
2025-05-29 03:32:47,948 - log - INFO - iter:5240/8041, clip_acc1=60.152671813964844, tta_acc1=73.33969116210938
2025-05-29 03:32:47,948 - log - INFO - iter:5240/8041, Original Acc@1: 60.15, Acc@5: 89.69, TTA Acc@1: 73.34, Acc@5: 96.89
2025-05-29 03:33:34,895 - log - INFO - iter:5260/8041, clip_acc1=60.1520881652832, tta_acc1=73.36502075195312
2025-05-29 03:33:34,895 - log - INFO - iter:5260/8041, Original Acc@1: 60.15, Acc@5: 89.71, TTA Acc@1: 73.37, Acc@5: 96.90
2025-05-29 03:34:22,572 - log - INFO - iter:5280/8041, clip_acc1=60.20833206176758, tta_acc1=73.33332824707031
2025-05-29 03:34:22,572 - log - INFO - iter:5280/8041, Original Acc@1: 60.21, Acc@5: 89.72, TTA Acc@1: 73.33, Acc@5: 96.91
2025-05-29 03:35:09,696 - log - INFO - iter:5300/8041, clip_acc1=60.1698112487793, tta_acc1=73.3396224975586
2025-05-29 03:35:09,696 - log - INFO - iter:5300/8041, Original Acc@1: 60.17, Acc@5: 89.74, TTA Acc@1: 73.34, Acc@5: 96.92
2025-05-29 03:35:57,452 - log - INFO - iter:5320/8041, clip_acc1=60.20676803588867, tta_acc1=73.36466217041016
2025-05-29 03:35:57,452 - log - INFO - iter:5320/8041, Original Acc@1: 60.21, Acc@5: 89.74, TTA Acc@1: 73.36, Acc@5: 96.92
2025-05-29 03:36:46,773 - log - INFO - iter:5340/8041, clip_acc1=60.243446350097656, tta_acc1=73.38951110839844
2025-05-29 03:36:46,773 - log - INFO - iter:5340/8041, Original Acc@1: 60.24, Acc@5: 89.78, TTA Acc@1: 73.39, Acc@5: 96.93
2025-05-29 03:37:33,386 - log - INFO - iter:5360/8041, clip_acc1=60.167911529541016, tta_acc1=73.39552307128906
2025-05-29 03:37:33,386 - log - INFO - iter:5360/8041, Original Acc@1: 60.17, Acc@5: 89.72, TTA Acc@1: 73.40, Acc@5: 96.94
2025-05-29 03:38:20,857 - log - INFO - iter:5380/8041, clip_acc1=60.185874938964844, tta_acc1=73.42007446289062
2025-05-29 03:38:20,857 - log - INFO - iter:5380/8041, Original Acc@1: 60.19, Acc@5: 89.72, TTA Acc@1: 73.42, Acc@5: 96.93
2025-05-29 03:39:08,787 - log - INFO - iter:5400/8041, clip_acc1=60.185184478759766, tta_acc1=73.40740966796875
2025-05-29 03:39:08,787 - log - INFO - iter:5400/8041, Original Acc@1: 60.19, Acc@5: 89.70, TTA Acc@1: 73.41, Acc@5: 96.94
2025-05-29 03:39:56,371 - log - INFO - iter:5420/8041, clip_acc1=60.14760208129883, tta_acc1=73.37638092041016
2025-05-29 03:39:56,371 - log - INFO - iter:5420/8041, Original Acc@1: 60.15, Acc@5: 89.70, TTA Acc@1: 73.38, Acc@5: 96.94
2025-05-29 03:40:44,271 - log - INFO - iter:5440/8041, clip_acc1=60.14706039428711, tta_acc1=73.4007339477539
2025-05-29 03:40:44,272 - log - INFO - iter:5440/8041, Original Acc@1: 60.15, Acc@5: 89.72, TTA Acc@1: 73.40, Acc@5: 96.93
2025-05-29 03:41:32,217 - log - INFO - iter:5460/8041, clip_acc1=60.091575622558594, tta_acc1=73.42491149902344
2025-05-29 03:41:32,218 - log - INFO - iter:5460/8041, Original Acc@1: 60.09, Acc@5: 89.73, TTA Acc@1: 73.42, Acc@5: 96.92
2025-05-29 03:42:19,289 - log - INFO - iter:5480/8041, clip_acc1=60.07299041748047, tta_acc1=73.39415740966797
2025-05-29 03:42:19,289 - log - INFO - iter:5480/8041, Original Acc@1: 60.07, Acc@5: 89.69, TTA Acc@1: 73.39, Acc@5: 96.92
2025-05-29 03:43:06,353 - log - INFO - iter:5500/8041, clip_acc1=60.01818084716797, tta_acc1=73.3818130493164
2025-05-29 03:43:06,353 - log - INFO - iter:5500/8041, Original Acc@1: 60.02, Acc@5: 89.69, TTA Acc@1: 73.38, Acc@5: 96.89
2025-05-29 03:43:53,362 - log - INFO - iter:5520/8041, clip_acc1=60.090579986572266, tta_acc1=73.40579986572266
2025-05-29 03:43:53,362 - log - INFO - iter:5520/8041, Original Acc@1: 60.09, Acc@5: 89.71, TTA Acc@1: 73.41, Acc@5: 96.88
2025-05-29 03:44:40,979 - log - INFO - iter:5540/8041, clip_acc1=60.18050765991211, tta_acc1=73.4476547241211
2025-05-29 03:44:40,979 - log - INFO - iter:5540/8041, Original Acc@1: 60.18, Acc@5: 89.71, TTA Acc@1: 73.45, Acc@5: 96.90
2025-05-29 03:45:30,254 - log - INFO - iter:5560/8041, clip_acc1=60.19784164428711, tta_acc1=73.45323944091797
2025-05-29 03:45:30,254 - log - INFO - iter:5560/8041, Original Acc@1: 60.20, Acc@5: 89.73, TTA Acc@1: 73.45, Acc@5: 96.91
2025-05-29 03:46:17,503 - log - INFO - iter:5580/8041, clip_acc1=60.1971321105957, tta_acc1=73.42293548583984
2025-05-29 03:46:17,503 - log - INFO - iter:5580/8041, Original Acc@1: 60.20, Acc@5: 89.75, TTA Acc@1: 73.42, Acc@5: 96.90
2025-05-29 03:47:04,732 - log - INFO - iter:5600/8041, clip_acc1=60.21428680419922, tta_acc1=73.42857360839844
2025-05-29 03:47:04,732 - log - INFO - iter:5600/8041, Original Acc@1: 60.21, Acc@5: 89.73, TTA Acc@1: 73.43, Acc@5: 96.88
2025-05-29 03:47:59,262 - log - INFO - iter:5620/8041, clip_acc1=60.14234924316406, tta_acc1=73.39857482910156
2025-05-29 03:47:59,263 - log - INFO - iter:5620/8041, Original Acc@1: 60.14, Acc@5: 89.72, TTA Acc@1: 73.40, Acc@5: 96.89
2025-05-29 03:48:53,411 - log - INFO - iter:5640/8041, clip_acc1=60.177303314208984, tta_acc1=73.42198181152344
2025-05-29 03:48:53,411 - log - INFO - iter:5640/8041, Original Acc@1: 60.18, Acc@5: 89.72, TTA Acc@1: 73.42, Acc@5: 96.90
2025-05-29 03:49:40,666 - log - INFO - iter:5660/8041, clip_acc1=60.14134216308594, tta_acc1=73.42755889892578
2025-05-29 03:49:40,666 - log - INFO - iter:5660/8041, Original Acc@1: 60.14, Acc@5: 89.72, TTA Acc@1: 73.43, Acc@5: 96.91
2025-05-29 03:50:29,310 - log - INFO - iter:5680/8041, clip_acc1=60.14084243774414, tta_acc1=73.43309783935547
2025-05-29 03:50:29,310 - log - INFO - iter:5680/8041, Original Acc@1: 60.14, Acc@5: 89.70, TTA Acc@1: 73.43, Acc@5: 96.92
2025-05-29 03:51:16,627 - log - INFO - iter:5700/8041, clip_acc1=60.19298553466797, tta_acc1=73.47368621826172
2025-05-29 03:51:16,627 - log - INFO - iter:5700/8041, Original Acc@1: 60.19, Acc@5: 89.70, TTA Acc@1: 73.47, Acc@5: 96.93
2025-05-29 03:52:03,410 - log - INFO - iter:5720/8041, clip_acc1=60.20979309082031, tta_acc1=73.42657470703125
2025-05-29 03:52:03,410 - log - INFO - iter:5720/8041, Original Acc@1: 60.21, Acc@5: 89.69, TTA Acc@1: 73.43, Acc@5: 96.91
2025-05-29 03:52:51,128 - log - INFO - iter:5740/8041, clip_acc1=60.17421340942383, tta_acc1=73.41463470458984
2025-05-29 03:52:51,128 - log - INFO - iter:5740/8041, Original Acc@1: 60.17, Acc@5: 89.70, TTA Acc@1: 73.41, Acc@5: 96.90
2025-05-29 03:53:38,248 - log - INFO - iter:5760/8041, clip_acc1=60.15625, tta_acc1=73.4201431274414
2025-05-29 03:53:38,248 - log - INFO - iter:5760/8041, Original Acc@1: 60.16, Acc@5: 89.69, TTA Acc@1: 73.42, Acc@5: 96.89
2025-05-29 03:54:24,916 - log - INFO - iter:5780/8041, clip_acc1=60.15571212768555, tta_acc1=73.4083023071289
2025-05-29 03:54:24,916 - log - INFO - iter:5780/8041, Original Acc@1: 60.16, Acc@5: 89.71, TTA Acc@1: 73.41, Acc@5: 96.89
2025-05-29 03:55:13,362 - log - INFO - iter:5800/8041, clip_acc1=60.2068977355957, tta_acc1=73.37931060791016
2025-05-29 03:55:13,362 - log - INFO - iter:5800/8041, Original Acc@1: 60.21, Acc@5: 89.72, TTA Acc@1: 73.38, Acc@5: 96.90
2025-05-29 03:56:01,817 - log - INFO - iter:5820/8041, clip_acc1=60.20618438720703, tta_acc1=73.38488006591797
2025-05-29 03:56:01,817 - log - INFO - iter:5820/8041, Original Acc@1: 60.21, Acc@5: 89.73, TTA Acc@1: 73.38, Acc@5: 96.91
2025-05-29 03:56:49,148 - log - INFO - iter:5840/8041, clip_acc1=60.27397537231445, tta_acc1=73.4246597290039
2025-05-29 03:56:49,149 - log - INFO - iter:5840/8041, Original Acc@1: 60.27, Acc@5: 89.76, TTA Acc@1: 73.42, Acc@5: 96.92
2025-05-29 03:57:37,701 - log - INFO - iter:5860/8041, clip_acc1=60.22184371948242, tta_acc1=73.34471130371094
2025-05-29 03:57:37,701 - log - INFO - iter:5860/8041, Original Acc@1: 60.22, Acc@5: 89.74, TTA Acc@1: 73.34, Acc@5: 96.91
2025-05-29 03:58:24,877 - log - INFO - iter:5880/8041, clip_acc1=60.20408248901367, tta_acc1=73.33333587646484
2025-05-29 03:58:24,877 - log - INFO - iter:5880/8041, Original Acc@1: 60.20, Acc@5: 89.71, TTA Acc@1: 73.33, Acc@5: 96.90
2025-05-29 03:59:12,458 - log - INFO - iter:5900/8041, clip_acc1=60.220340728759766, tta_acc1=73.32203674316406
2025-05-29 03:59:12,459 - log - INFO - iter:5900/8041, Original Acc@1: 60.22, Acc@5: 89.73, TTA Acc@1: 73.32, Acc@5: 96.90
2025-05-29 04:00:00,738 - log - INFO - iter:5920/8041, clip_acc1=60.21959686279297, tta_acc1=73.32770538330078
2025-05-29 04:00:00,739 - log - INFO - iter:5920/8041, Original Acc@1: 60.22, Acc@5: 89.73, TTA Acc@1: 73.33, Acc@5: 96.88
2025-05-29 04:00:48,618 - log - INFO - iter:5940/8041, clip_acc1=60.1683464050293, tta_acc1=73.2996597290039
2025-05-29 04:00:48,619 - log - INFO - iter:5940/8041, Original Acc@1: 60.17, Acc@5: 89.70, TTA Acc@1: 73.30, Acc@5: 96.87
2025-05-29 04:01:35,478 - log - INFO - iter:5960/8041, clip_acc1=60.184566497802734, tta_acc1=73.32215118408203
2025-05-29 04:01:35,479 - log - INFO - iter:5960/8041, Original Acc@1: 60.18, Acc@5: 89.68, TTA Acc@1: 73.32, Acc@5: 96.86
2025-05-29 04:02:22,320 - log - INFO - iter:5980/8041, clip_acc1=60.1505012512207, tta_acc1=73.2943115234375
2025-05-29 04:02:22,320 - log - INFO - iter:5980/8041, Original Acc@1: 60.15, Acc@5: 89.68, TTA Acc@1: 73.29, Acc@5: 96.87
2025-05-29 04:03:09,904 - log - INFO - iter:6000/8041, clip_acc1=60.11666488647461, tta_acc1=73.31666564941406
2025-05-29 04:03:09,904 - log - INFO - iter:6000/8041, Original Acc@1: 60.12, Acc@5: 89.68, TTA Acc@1: 73.32, Acc@5: 96.87
2025-05-29 04:03:57,533 - log - INFO - iter:6020/8041, clip_acc1=60.116275787353516, tta_acc1=73.32225799560547
2025-05-29 04:03:57,533 - log - INFO - iter:6020/8041, Original Acc@1: 60.12, Acc@5: 89.65, TTA Acc@1: 73.32, Acc@5: 96.88
2025-05-29 04:04:44,821 - log - INFO - iter:6040/8041, clip_acc1=60.11589431762695, tta_acc1=73.32781219482422
2025-05-29 04:04:44,821 - log - INFO - iter:6040/8041, Original Acc@1: 60.12, Acc@5: 89.65, TTA Acc@1: 73.33, Acc@5: 96.89
2025-05-29 04:05:32,077 - log - INFO - iter:6060/8041, clip_acc1=60.132015228271484, tta_acc1=73.25082397460938
2025-05-29 04:05:32,077 - log - INFO - iter:6060/8041, Original Acc@1: 60.13, Acc@5: 89.67, TTA Acc@1: 73.25, Acc@5: 96.90
2025-05-29 04:06:19,210 - log - INFO - iter:6080/8041, clip_acc1=60.09868621826172, tta_acc1=73.25658416748047
2025-05-29 04:06:19,210 - log - INFO - iter:6080/8041, Original Acc@1: 60.10, Acc@5: 89.61, TTA Acc@1: 73.26, Acc@5: 96.89
2025-05-29 04:07:05,630 - log - INFO - iter:6100/8041, clip_acc1=60.081966400146484, tta_acc1=73.29508209228516
2025-05-29 04:07:05,631 - log - INFO - iter:6100/8041, Original Acc@1: 60.08, Acc@5: 89.62, TTA Acc@1: 73.30, Acc@5: 96.90
2025-05-29 04:07:53,361 - log - INFO - iter:6120/8041, clip_acc1=60.06536102294922, tta_acc1=73.26797485351562
2025-05-29 04:07:53,361 - log - INFO - iter:6120/8041, Original Acc@1: 60.07, Acc@5: 89.66, TTA Acc@1: 73.27, Acc@5: 96.90
2025-05-29 04:08:40,528 - log - INFO - iter:6140/8041, clip_acc1=60.0814323425293, tta_acc1=73.27361297607422
2025-05-29 04:08:40,528 - log - INFO - iter:6140/8041, Original Acc@1: 60.08, Acc@5: 89.66, TTA Acc@1: 73.27, Acc@5: 96.89
2025-05-29 04:09:27,616 - log - INFO - iter:6160/8041, clip_acc1=60.06493377685547, tta_acc1=73.24674987792969
2025-05-29 04:09:27,616 - log - INFO - iter:6160/8041, Original Acc@1: 60.06, Acc@5: 89.68, TTA Acc@1: 73.25, Acc@5: 96.90
2025-05-29 04:10:15,142 - log - INFO - iter:6180/8041, clip_acc1=60.06472396850586, tta_acc1=73.2038803100586
2025-05-29 04:10:15,142 - log - INFO - iter:6180/8041, Original Acc@1: 60.06, Acc@5: 89.64, TTA Acc@1: 73.20, Acc@5: 96.91
2025-05-29 04:11:02,400 - log - INFO - iter:6200/8041, clip_acc1=60.11290740966797, tta_acc1=73.25806427001953
2025-05-29 04:11:02,401 - log - INFO - iter:6200/8041, Original Acc@1: 60.11, Acc@5: 89.66, TTA Acc@1: 73.26, Acc@5: 96.90
2025-05-29 04:11:49,686 - log - INFO - iter:6220/8041, clip_acc1=60.160770416259766, tta_acc1=73.24758911132812
2025-05-29 04:11:49,687 - log - INFO - iter:6220/8041, Original Acc@1: 60.16, Acc@5: 89.65, TTA Acc@1: 73.25, Acc@5: 96.90
2025-05-29 04:12:37,382 - log - INFO - iter:6240/8041, clip_acc1=60.240386962890625, tta_acc1=73.26923370361328
2025-05-29 04:12:37,382 - log - INFO - iter:6240/8041, Original Acc@1: 60.24, Acc@5: 89.66, TTA Acc@1: 73.27, Acc@5: 96.88
2025-05-29 04:13:24,972 - log - INFO - iter:6260/8041, clip_acc1=60.23961639404297, tta_acc1=73.30670928955078
2025-05-29 04:13:24,972 - log - INFO - iter:6260/8041, Original Acc@1: 60.24, Acc@5: 89.68, TTA Acc@1: 73.31, Acc@5: 96.88
2025-05-29 04:14:11,864 - log - INFO - iter:6280/8041, clip_acc1=60.302547454833984, tta_acc1=73.3280258178711
2025-05-29 04:14:11,864 - log - INFO - iter:6280/8041, Original Acc@1: 60.30, Acc@5: 89.68, TTA Acc@1: 73.33, Acc@5: 96.88
2025-05-29 04:14:59,085 - log - INFO - iter:6300/8041, clip_acc1=60.36507797241211, tta_acc1=73.36507415771484
2025-05-29 04:14:59,086 - log - INFO - iter:6300/8041, Original Acc@1: 60.37, Acc@5: 89.68, TTA Acc@1: 73.37, Acc@5: 96.87
2025-05-29 04:15:47,529 - log - INFO - iter:6320/8041, clip_acc1=60.37974548339844, tta_acc1=73.35443115234375
2025-05-29 04:15:47,529 - log - INFO - iter:6320/8041, Original Acc@1: 60.38, Acc@5: 89.70, TTA Acc@1: 73.35, Acc@5: 96.88
2025-05-29 04:16:35,771 - log - INFO - iter:6340/8041, clip_acc1=60.37854766845703, tta_acc1=73.32807159423828
2025-05-29 04:16:35,771 - log - INFO - iter:6340/8041, Original Acc@1: 60.38, Acc@5: 89.67, TTA Acc@1: 73.33, Acc@5: 96.88
2025-05-29 04:17:23,497 - log - INFO - iter:6360/8041, clip_acc1=60.377357482910156, tta_acc1=73.33333587646484
2025-05-29 04:17:23,497 - log - INFO - iter:6360/8041, Original Acc@1: 60.38, Acc@5: 89.69, TTA Acc@1: 73.33, Acc@5: 96.89
2025-05-29 04:18:11,032 - log - INFO - iter:6380/8041, clip_acc1=60.37617492675781, tta_acc1=73.33856201171875
2025-05-29 04:18:11,033 - log - INFO - iter:6380/8041, Original Acc@1: 60.38, Acc@5: 89.69, TTA Acc@1: 73.34, Acc@5: 96.90
2025-05-29 04:18:58,101 - log - INFO - iter:6400/8041, clip_acc1=60.296875, tta_acc1=73.25
2025-05-29 04:18:58,101 - log - INFO - iter:6400/8041, Original Acc@1: 60.30, Acc@5: 89.66, TTA Acc@1: 73.25, Acc@5: 96.89
2025-05-29 04:19:45,147 - log - INFO - iter:6420/8041, clip_acc1=60.29594802856445, tta_acc1=73.27102661132812
2025-05-29 04:19:45,147 - log - INFO - iter:6420/8041, Original Acc@1: 60.30, Acc@5: 89.67, TTA Acc@1: 73.27, Acc@5: 96.88
2025-05-29 04:20:33,694 - log - INFO - iter:6440/8041, clip_acc1=60.3105583190918, tta_acc1=73.22981262207031
2025-05-29 04:20:33,695 - log - INFO - iter:6440/8041, Original Acc@1: 60.31, Acc@5: 89.67, TTA Acc@1: 73.23, Acc@5: 96.88
2025-05-29 04:21:20,543 - log - INFO - iter:6460/8041, clip_acc1=60.325077056884766, tta_acc1=73.18885803222656
2025-05-29 04:21:20,544 - log - INFO - iter:6460/8041, Original Acc@1: 60.33, Acc@5: 89.67, TTA Acc@1: 73.19, Acc@5: 96.86
2025-05-29 04:22:09,425 - log - INFO - iter:6480/8041, clip_acc1=60.30864334106445, tta_acc1=73.16358184814453
2025-05-29 04:22:09,426 - log - INFO - iter:6480/8041, Original Acc@1: 60.31, Acc@5: 89.69, TTA Acc@1: 73.16, Acc@5: 96.84
2025-05-29 04:22:57,525 - log - INFO - iter:6500/8041, clip_acc1=60.30768966674805, tta_acc1=73.15384674072266
2025-05-29 04:22:57,525 - log - INFO - iter:6500/8041, Original Acc@1: 60.31, Acc@5: 89.68, TTA Acc@1: 73.15, Acc@5: 96.83
2025-05-29 04:23:44,740 - log - INFO - iter:6520/8041, clip_acc1=60.322086334228516, tta_acc1=73.15950775146484
2025-05-29 04:23:44,741 - log - INFO - iter:6520/8041, Original Acc@1: 60.32, Acc@5: 89.71, TTA Acc@1: 73.16, Acc@5: 96.84
2025-05-29 04:24:32,830 - log - INFO - iter:6540/8041, clip_acc1=60.351680755615234, tta_acc1=73.14984893798828
2025-05-29 04:24:32,831 - log - INFO - iter:6540/8041, Original Acc@1: 60.35, Acc@5: 89.71, TTA Acc@1: 73.15, Acc@5: 96.83
2025-05-29 04:25:21,262 - log - INFO - iter:6560/8041, clip_acc1=60.38109588623047, tta_acc1=73.125
2025-05-29 04:25:21,262 - log - INFO - iter:6560/8041, Original Acc@1: 60.38, Acc@5: 89.73, TTA Acc@1: 73.12, Acc@5: 96.84
2025-05-29 04:26:08,472 - log - INFO - iter:6580/8041, clip_acc1=60.37993621826172, tta_acc1=73.1155014038086
2025-05-29 04:26:08,472 - log - INFO - iter:6580/8041, Original Acc@1: 60.38, Acc@5: 89.71, TTA Acc@1: 73.12, Acc@5: 96.82
2025-05-29 04:26:56,401 - log - INFO - iter:6600/8041, clip_acc1=60.40909194946289, tta_acc1=73.13636779785156
2025-05-29 04:26:56,401 - log - INFO - iter:6600/8041, Original Acc@1: 60.41, Acc@5: 89.70, TTA Acc@1: 73.14, Acc@5: 96.80
2025-05-29 04:27:44,264 - log - INFO - iter:6620/8041, clip_acc1=60.43806838989258, tta_acc1=73.17221069335938
2025-05-29 04:27:44,264 - log - INFO - iter:6620/8041, Original Acc@1: 60.44, Acc@5: 89.70, TTA Acc@1: 73.17, Acc@5: 96.81
2025-05-29 04:28:31,602 - log - INFO - iter:6640/8041, clip_acc1=60.43674850463867, tta_acc1=73.14759063720703
2025-05-29 04:28:31,602 - log - INFO - iter:6640/8041, Original Acc@1: 60.44, Acc@5: 89.65, TTA Acc@1: 73.15, Acc@5: 96.78
2025-05-29 04:29:18,600 - log - INFO - iter:6660/8041, clip_acc1=60.4204216003418, tta_acc1=73.16816711425781
2025-05-29 04:29:18,600 - log - INFO - iter:6660/8041, Original Acc@1: 60.42, Acc@5: 89.62, TTA Acc@1: 73.17, Acc@5: 96.76
2025-05-29 04:30:06,383 - log - INFO - iter:6680/8041, clip_acc1=60.41916275024414, tta_acc1=73.1886215209961
2025-05-29 04:30:06,383 - log - INFO - iter:6680/8041, Original Acc@1: 60.42, Acc@5: 89.61, TTA Acc@1: 73.19, Acc@5: 96.75
2025-05-29 04:30:54,687 - log - INFO - iter:6700/8041, clip_acc1=60.388057708740234, tta_acc1=73.20895385742188
2025-05-29 04:30:54,687 - log - INFO - iter:6700/8041, Original Acc@1: 60.39, Acc@5: 89.58, TTA Acc@1: 73.21, Acc@5: 96.76
2025-05-29 04:31:42,795 - log - INFO - iter:6720/8041, clip_acc1=60.32738494873047, tta_acc1=73.16964721679688
2025-05-29 04:31:42,796 - log - INFO - iter:6720/8041, Original Acc@1: 60.33, Acc@5: 89.58, TTA Acc@1: 73.17, Acc@5: 96.77
2025-05-29 04:32:30,520 - log - INFO - iter:6740/8041, clip_acc1=60.25222396850586, tta_acc1=73.14540100097656
2025-05-29 04:32:30,520 - log - INFO - iter:6740/8041, Original Acc@1: 60.25, Acc@5: 89.58, TTA Acc@1: 73.15, Acc@5: 96.77
2025-05-29 04:33:20,513 - log - INFO - iter:6760/8041, clip_acc1=60.266273498535156, tta_acc1=73.18047332763672
2025-05-29 04:33:20,513 - log - INFO - iter:6760/8041, Original Acc@1: 60.27, Acc@5: 89.59, TTA Acc@1: 73.18, Acc@5: 96.76
2025-05-29 04:34:07,936 - log - INFO - iter:6780/8041, clip_acc1=60.280235290527344, tta_acc1=73.14159393310547
2025-05-29 04:34:07,936 - log - INFO - iter:6780/8041, Original Acc@1: 60.28, Acc@5: 89.59, TTA Acc@1: 73.14, Acc@5: 96.77
2025-05-29 04:34:56,898 - log - INFO - iter:6800/8041, clip_acc1=60.29411697387695, tta_acc1=73.19117736816406
2025-05-29 04:34:56,898 - log - INFO - iter:6800/8041, Original Acc@1: 60.29, Acc@5: 89.62, TTA Acc@1: 73.19, Acc@5: 96.78
2025-05-29 04:35:44,769 - log - INFO - iter:6820/8041, clip_acc1=60.307918548583984, tta_acc1=73.19648742675781
2025-05-29 04:35:44,769 - log - INFO - iter:6820/8041, Original Acc@1: 60.31, Acc@5: 89.59, TTA Acc@1: 73.20, Acc@5: 96.76
2025-05-29 04:36:32,630 - log - INFO - iter:6840/8041, clip_acc1=60.27777862548828, tta_acc1=73.17251586914062
2025-05-29 04:36:32,631 - log - INFO - iter:6840/8041, Original Acc@1: 60.28, Acc@5: 89.58, TTA Acc@1: 73.17, Acc@5: 96.77
2025-05-29 04:37:19,846 - log - INFO - iter:6860/8041, clip_acc1=60.2769660949707, tta_acc1=73.16326141357422
2025-05-29 04:37:19,846 - log - INFO - iter:6860/8041, Original Acc@1: 60.28, Acc@5: 89.58, TTA Acc@1: 73.16, Acc@5: 96.76
2025-05-29 04:38:07,034 - log - INFO - iter:6880/8041, clip_acc1=60.23255920410156, tta_acc1=73.13953399658203
2025-05-29 04:38:07,034 - log - INFO - iter:6880/8041, Original Acc@1: 60.23, Acc@5: 89.52, TTA Acc@1: 73.14, Acc@5: 96.76
2025-05-29 04:38:55,601 - log - INFO - iter:6900/8041, clip_acc1=60.23188018798828, tta_acc1=73.14492797851562
2025-05-29 04:38:55,601 - log - INFO - iter:6900/8041, Original Acc@1: 60.23, Acc@5: 89.55, TTA Acc@1: 73.14, Acc@5: 96.75
2025-05-29 04:39:42,541 - log - INFO - iter:6920/8041, clip_acc1=60.2312126159668, tta_acc1=73.13583374023438
2025-05-29 04:39:42,542 - log - INFO - iter:6920/8041, Original Acc@1: 60.23, Acc@5: 89.55, TTA Acc@1: 73.14, Acc@5: 96.75
2025-05-29 04:40:29,986 - log - INFO - iter:6940/8041, clip_acc1=60.25936508178711, tta_acc1=73.1556167602539
2025-05-29 04:40:29,986 - log - INFO - iter:6940/8041, Original Acc@1: 60.26, Acc@5: 89.57, TTA Acc@1: 73.16, Acc@5: 96.74
2025-05-29 04:41:17,131 - log - INFO - iter:6960/8041, clip_acc1=60.30172348022461, tta_acc1=73.18965148925781
2025-05-29 04:41:17,131 - log - INFO - iter:6960/8041, Original Acc@1: 60.30, Acc@5: 89.58, TTA Acc@1: 73.19, Acc@5: 96.75
2025-05-29 04:42:04,986 - log - INFO - iter:6980/8041, clip_acc1=60.32950973510742, tta_acc1=73.19483947753906
2025-05-29 04:42:04,986 - log - INFO - iter:6980/8041, Original Acc@1: 60.33, Acc@5: 89.61, TTA Acc@1: 73.19, Acc@5: 96.76
2025-05-29 04:42:52,009 - log - INFO - iter:7000/8041, clip_acc1=60.35714340209961, tta_acc1=73.19999694824219
2025-05-29 04:42:52,009 - log - INFO - iter:7000/8041, Original Acc@1: 60.36, Acc@5: 89.63, TTA Acc@1: 73.20, Acc@5: 96.77
2025-05-29 04:43:39,636 - log - INFO - iter:7020/8041, clip_acc1=60.41310501098633, tta_acc1=73.24786376953125
2025-05-29 04:43:39,636 - log - INFO - iter:7020/8041, Original Acc@1: 60.41, Acc@5: 89.66, TTA Acc@1: 73.25, Acc@5: 96.78
2025-05-29 04:44:26,910 - log - INFO - iter:7040/8041, clip_acc1=60.440338134765625, tta_acc1=73.22442626953125
2025-05-29 04:44:26,910 - log - INFO - iter:7040/8041, Original Acc@1: 60.44, Acc@5: 89.67, TTA Acc@1: 73.22, Acc@5: 96.79
2025-05-29 04:45:14,924 - log - INFO - iter:7060/8041, clip_acc1=60.43909454345703, tta_acc1=73.22946166992188
2025-05-29 04:45:14,924 - log - INFO - iter:7060/8041, Original Acc@1: 60.44, Acc@5: 89.69, TTA Acc@1: 73.23, Acc@5: 96.80
2025-05-29 04:46:02,177 - log - INFO - iter:7080/8041, clip_acc1=60.45198059082031, tta_acc1=73.23446655273438
2025-05-29 04:46:02,178 - log - INFO - iter:7080/8041, Original Acc@1: 60.45, Acc@5: 89.70, TTA Acc@1: 73.23, Acc@5: 96.81
2025-05-29 04:46:49,380 - log - INFO - iter:7100/8041, clip_acc1=60.46479034423828, tta_acc1=73.22535705566406
2025-05-29 04:46:49,381 - log - INFO - iter:7100/8041, Original Acc@1: 60.46, Acc@5: 89.70, TTA Acc@1: 73.23, Acc@5: 96.80
2025-05-29 04:47:37,445 - log - INFO - iter:7120/8041, clip_acc1=60.4775276184082, tta_acc1=73.21629333496094
2025-05-29 04:47:37,446 - log - INFO - iter:7120/8041, Original Acc@1: 60.48, Acc@5: 89.72, TTA Acc@1: 73.22, Acc@5: 96.81
2025-05-29 04:48:24,543 - log - INFO - iter:7140/8041, clip_acc1=60.5322151184082, tta_acc1=73.2633056640625
2025-05-29 04:48:24,543 - log - INFO - iter:7140/8041, Original Acc@1: 60.53, Acc@5: 89.75, TTA Acc@1: 73.26, Acc@5: 96.82
2025-05-29 04:49:11,885 - log - INFO - iter:7160/8041, clip_acc1=60.558658599853516, tta_acc1=73.26815795898438
2025-05-29 04:49:11,885 - log - INFO - iter:7160/8041, Original Acc@1: 60.56, Acc@5: 89.76, TTA Acc@1: 73.27, Acc@5: 96.83
2025-05-29 04:49:58,888 - log - INFO - iter:7180/8041, clip_acc1=60.557106018066406, tta_acc1=73.231201171875
2025-05-29 04:49:58,888 - log - INFO - iter:7180/8041, Original Acc@1: 60.56, Acc@5: 89.71, TTA Acc@1: 73.23, Acc@5: 96.81
2025-05-29 04:50:46,101 - log - INFO - iter:7200/8041, clip_acc1=60.5694465637207, tta_acc1=73.23611450195312
2025-05-29 04:50:46,101 - log - INFO - iter:7200/8041, Original Acc@1: 60.57, Acc@5: 89.69, TTA Acc@1: 73.24, Acc@5: 96.82
2025-05-29 04:51:33,423 - log - INFO - iter:7220/8041, clip_acc1=60.567867279052734, tta_acc1=73.2271499633789
2025-05-29 04:51:33,424 - log - INFO - iter:7220/8041, Original Acc@1: 60.57, Acc@5: 89.70, TTA Acc@1: 73.23, Acc@5: 96.83
2025-05-29 04:52:20,977 - log - INFO - iter:7240/8041, clip_acc1=60.580108642578125, tta_acc1=73.23204040527344
2025-05-29 04:52:20,977 - log - INFO - iter:7240/8041, Original Acc@1: 60.58, Acc@5: 89.70, TTA Acc@1: 73.23, Acc@5: 96.82
2025-05-29 04:53:08,376 - log - INFO - iter:7260/8041, clip_acc1=60.56473922729492, tta_acc1=73.20936584472656
2025-05-29 04:53:08,376 - log - INFO - iter:7260/8041, Original Acc@1: 60.56, Acc@5: 89.70, TTA Acc@1: 73.21, Acc@5: 96.83
2025-05-29 04:53:55,595 - log - INFO - iter:7280/8041, clip_acc1=60.576927185058594, tta_acc1=73.24176025390625
2025-05-29 04:53:55,595 - log - INFO - iter:7280/8041, Original Acc@1: 60.58, Acc@5: 89.68, TTA Acc@1: 73.24, Acc@5: 96.83
2025-05-29 04:54:42,961 - log - INFO - iter:7300/8041, clip_acc1=60.5616455078125, tta_acc1=73.23287963867188
2025-05-29 04:54:42,961 - log - INFO - iter:7300/8041, Original Acc@1: 60.56, Acc@5: 89.68, TTA Acc@1: 73.23, Acc@5: 96.82
2025-05-29 04:55:31,370 - log - INFO - iter:7320/8041, clip_acc1=60.60109329223633, tta_acc1=73.23770904541016
2025-05-29 04:55:31,370 - log - INFO - iter:7320/8041, Original Acc@1: 60.60, Acc@5: 89.69, TTA Acc@1: 73.24, Acc@5: 96.83
2025-05-29 04:56:19,247 - log - INFO - iter:7340/8041, clip_acc1=60.572208404541016, tta_acc1=73.1880111694336
2025-05-29 04:56:19,247 - log - INFO - iter:7340/8041, Original Acc@1: 60.57, Acc@5: 89.67, TTA Acc@1: 73.19, Acc@5: 96.84
2025-05-29 04:57:07,466 - log - INFO - iter:7360/8041, clip_acc1=60.570648193359375, tta_acc1=73.16575622558594
2025-05-29 04:57:07,467 - log - INFO - iter:7360/8041, Original Acc@1: 60.57, Acc@5: 89.69, TTA Acc@1: 73.17, Acc@5: 96.83
2025-05-29 04:57:55,004 - log - INFO - iter:7380/8041, clip_acc1=60.5962028503418, tta_acc1=73.13008117675781
2025-05-29 04:57:55,004 - log - INFO - iter:7380/8041, Original Acc@1: 60.60, Acc@5: 89.72, TTA Acc@1: 73.13, Acc@5: 96.84
2025-05-29 04:58:42,581 - log - INFO - iter:7400/8041, clip_acc1=60.58108139038086, tta_acc1=73.10810852050781
2025-05-29 04:58:42,581 - log - INFO - iter:7400/8041, Original Acc@1: 60.58, Acc@5: 89.72, TTA Acc@1: 73.11, Acc@5: 96.84
2025-05-29 04:59:29,867 - log - INFO - iter:7420/8041, clip_acc1=60.57951354980469, tta_acc1=73.15364074707031
2025-05-29 04:59:29,868 - log - INFO - iter:7420/8041, Original Acc@1: 60.58, Acc@5: 89.73, TTA Acc@1: 73.15, Acc@5: 96.83
2025-05-29 05:00:17,510 - log - INFO - iter:7440/8041, clip_acc1=60.60483932495117, tta_acc1=73.17204284667969
2025-05-29 05:00:17,511 - log - INFO - iter:7440/8041, Original Acc@1: 60.60, Acc@5: 89.74, TTA Acc@1: 73.17, Acc@5: 96.84
2025-05-29 05:01:04,926 - log - INFO - iter:7460/8041, clip_acc1=60.589813232421875, tta_acc1=73.17694091796875
2025-05-29 05:01:04,926 - log - INFO - iter:7460/8041, Original Acc@1: 60.59, Acc@5: 89.76, TTA Acc@1: 73.18, Acc@5: 96.85
2025-05-29 05:01:53,848 - log - INFO - iter:7480/8041, clip_acc1=60.56149673461914, tta_acc1=73.16844940185547
2025-05-29 05:01:53,848 - log - INFO - iter:7480/8041, Original Acc@1: 60.56, Acc@5: 89.77, TTA Acc@1: 73.17, Acc@5: 96.84
2025-05-29 05:02:41,273 - log - INFO - iter:7500/8041, clip_acc1=60.546669006347656, tta_acc1=73.16000366210938
2025-05-29 05:02:41,273 - log - INFO - iter:7500/8041, Original Acc@1: 60.55, Acc@5: 89.75, TTA Acc@1: 73.16, Acc@5: 96.83
2025-05-29 05:03:28,695 - log - INFO - iter:7520/8041, clip_acc1=60.54521179199219, tta_acc1=73.1648941040039
2025-05-29 05:03:28,695 - log - INFO - iter:7520/8041, Original Acc@1: 60.55, Acc@5: 89.75, TTA Acc@1: 73.16, Acc@5: 96.84
2025-05-29 05:04:16,154 - log - INFO - iter:7540/8041, clip_acc1=60.5305061340332, tta_acc1=73.16976165771484
2025-05-29 05:04:16,154 - log - INFO - iter:7540/8041, Original Acc@1: 60.53, Acc@5: 89.73, TTA Acc@1: 73.17, Acc@5: 96.82
2025-05-29 05:05:03,939 - log - INFO - iter:7560/8041, clip_acc1=60.542327880859375, tta_acc1=73.161376953125
2025-05-29 05:05:03,940 - log - INFO - iter:7560/8041, Original Acc@1: 60.54, Acc@5: 89.75, TTA Acc@1: 73.16, Acc@5: 96.83
2025-05-29 05:05:51,665 - log - INFO - iter:7580/8041, clip_acc1=60.567283630371094, tta_acc1=73.16622924804688
2025-05-29 05:05:51,665 - log - INFO - iter:7580/8041, Original Acc@1: 60.57, Acc@5: 89.78, TTA Acc@1: 73.17, Acc@5: 96.83
2025-05-29 05:06:38,496 - log - INFO - iter:7600/8041, clip_acc1=60.57894515991211, tta_acc1=73.17105102539062
2025-05-29 05:06:38,497 - log - INFO - iter:7600/8041, Original Acc@1: 60.58, Acc@5: 89.79, TTA Acc@1: 73.17, Acc@5: 96.84
2025-05-29 05:07:25,598 - log - INFO - iter:7620/8041, clip_acc1=60.57742691040039, tta_acc1=73.14960479736328
2025-05-29 05:07:25,598 - log - INFO - iter:7620/8041, Original Acc@1: 60.58, Acc@5: 89.79, TTA Acc@1: 73.15, Acc@5: 96.84
2025-05-29 05:08:13,840 - log - INFO - iter:7640/8041, clip_acc1=60.562828063964844, tta_acc1=73.1282730102539
2025-05-29 05:08:13,840 - log - INFO - iter:7640/8041, Original Acc@1: 60.56, Acc@5: 89.79, TTA Acc@1: 73.13, Acc@5: 96.85
2025-05-29 05:09:01,016 - log - INFO - iter:7660/8041, clip_acc1=60.600521087646484, tta_acc1=73.17232513427734
2025-05-29 05:09:01,017 - log - INFO - iter:7660/8041, Original Acc@1: 60.60, Acc@5: 89.80, TTA Acc@1: 73.17, Acc@5: 96.85
2025-05-29 05:09:47,922 - log - INFO - iter:7680/8041, clip_acc1=60.559898376464844, tta_acc1=73.16407012939453
2025-05-29 05:09:47,922 - log - INFO - iter:7680/8041, Original Acc@1: 60.56, Acc@5: 89.82, TTA Acc@1: 73.16, Acc@5: 96.85
2025-05-29 05:10:35,091 - log - INFO - iter:7700/8041, clip_acc1=60.54545211791992, tta_acc1=73.15583801269531
2025-05-29 05:10:35,092 - log - INFO - iter:7700/8041, Original Acc@1: 60.55, Acc@5: 89.81, TTA Acc@1: 73.16, Acc@5: 96.86
2025-05-29 05:11:22,008 - log - INFO - iter:7720/8041, clip_acc1=60.544044494628906, tta_acc1=73.14767456054688
2025-05-29 05:11:22,008 - log - INFO - iter:7720/8041, Original Acc@1: 60.54, Acc@5: 89.82, TTA Acc@1: 73.15, Acc@5: 96.87
2025-05-29 05:12:09,170 - log - INFO - iter:7740/8041, clip_acc1=60.51679229736328, tta_acc1=73.11369323730469
2025-05-29 05:12:09,170 - log - INFO - iter:7740/8041, Original Acc@1: 60.52, Acc@5: 89.81, TTA Acc@1: 73.11, Acc@5: 96.86
2025-05-29 05:12:56,407 - log - INFO - iter:7760/8041, clip_acc1=60.515464782714844, tta_acc1=73.11856079101562
2025-05-29 05:12:56,408 - log - INFO - iter:7760/8041, Original Acc@1: 60.52, Acc@5: 89.81, TTA Acc@1: 73.12, Acc@5: 96.87
2025-05-29 05:13:43,756 - log - INFO - iter:7780/8041, clip_acc1=60.475582122802734, tta_acc1=73.09768676757812
2025-05-29 05:13:43,756 - log - INFO - iter:7780/8041, Original Acc@1: 60.48, Acc@5: 89.78, TTA Acc@1: 73.10, Acc@5: 96.85
2025-05-29 05:14:30,973 - log - INFO - iter:7800/8041, clip_acc1=60.499996185302734, tta_acc1=73.0897445678711
2025-05-29 05:14:30,973 - log - INFO - iter:7800/8041, Original Acc@1: 60.50, Acc@5: 89.81, TTA Acc@1: 73.09, Acc@5: 96.86
2025-05-29 05:15:19,146 - log - INFO - iter:7820/8041, clip_acc1=60.473148345947266, tta_acc1=73.12020874023438
2025-05-29 05:15:19,146 - log - INFO - iter:7820/8041, Original Acc@1: 60.47, Acc@5: 89.80, TTA Acc@1: 73.12, Acc@5: 96.87
2025-05-29 05:16:06,821 - log - INFO - iter:7840/8041, clip_acc1=60.51020050048828, tta_acc1=73.15050506591797
2025-05-29 05:16:06,821 - log - INFO - iter:7840/8041, Original Acc@1: 60.51, Acc@5: 89.81, TTA Acc@1: 73.15, Acc@5: 96.87
2025-05-29 05:16:54,646 - log - INFO - iter:7860/8041, clip_acc1=60.521629333496094, tta_acc1=73.15522003173828
2025-05-29 05:16:54,646 - log - INFO - iter:7860/8041, Original Acc@1: 60.52, Acc@5: 89.82, TTA Acc@1: 73.16, Acc@5: 96.88
2025-05-29 05:17:41,797 - log - INFO - iter:7880/8041, clip_acc1=60.49492645263672, tta_acc1=73.121826171875
2025-05-29 05:17:41,797 - log - INFO - iter:7880/8041, Original Acc@1: 60.49, Acc@5: 89.84, TTA Acc@1: 73.12, Acc@5: 96.89
2025-05-29 05:18:29,289 - log - INFO - iter:7900/8041, clip_acc1=60.481014251708984, tta_acc1=73.12657928466797
2025-05-29 05:18:29,290 - log - INFO - iter:7900/8041, Original Acc@1: 60.48, Acc@5: 89.81, TTA Acc@1: 73.13, Acc@5: 96.90
2025-05-29 05:19:16,618 - log - INFO - iter:7920/8041, clip_acc1=60.51768112182617, tta_acc1=73.10606384277344
2025-05-29 05:19:16,618 - log - INFO - iter:7920/8041, Original Acc@1: 60.52, Acc@5: 89.81, TTA Acc@1: 73.11, Acc@5: 96.91
2025-05-29 05:20:04,017 - log - INFO - iter:7940/8041, clip_acc1=60.503780364990234, tta_acc1=73.12342834472656
2025-05-29 05:20:04,018 - log - INFO - iter:7940/8041, Original Acc@1: 60.50, Acc@5: 89.80, TTA Acc@1: 73.12, Acc@5: 96.91
2025-05-29 05:20:51,979 - log - INFO - iter:7960/8041, clip_acc1=60.477386474609375, tta_acc1=73.14070129394531
2025-05-29 05:20:51,979 - log - INFO - iter:7960/8041, Original Acc@1: 60.48, Acc@5: 89.79, TTA Acc@1: 73.14, Acc@5: 96.91
2025-05-29 05:21:39,811 - log - INFO - iter:7980/8041, clip_acc1=60.48871994018555, tta_acc1=73.1453628540039
2025-05-29 05:21:39,811 - log - INFO - iter:7980/8041, Original Acc@1: 60.49, Acc@5: 89.77, TTA Acc@1: 73.15, Acc@5: 96.89
2025-05-29 05:22:27,522 - log - INFO - iter:8000/8041, clip_acc1=60.51250457763672, tta_acc1=73.1500015258789
2025-05-29 05:22:27,522 - log - INFO - iter:8000/8041, Original Acc@1: 60.51, Acc@5: 89.76, TTA Acc@1: 73.15, Acc@5: 96.88
2025-05-29 05:23:16,125 - log - INFO - iter:8020/8041, clip_acc1=60.48628234863281, tta_acc1=73.12967681884766
2025-05-29 05:23:16,125 - log - INFO - iter:8020/8041, Original Acc@1: 60.49, Acc@5: 89.75, TTA Acc@1: 73.13, Acc@5: 96.86
2025-05-29 05:24:01,624 - log - INFO - iter:8040/8041, clip_acc1=60.485076904296875, tta_acc1=73.10945892333984
2025-05-29 05:24:01,625 - log - INFO - iter:8040/8041, Original Acc@1: 60.49, Acc@5: 89.76, TTA Acc@1: 73.11, Acc@5: 96.87
2025-05-29 05:24:03,755 - log - INFO - iter:8041/8041, clip_acc1=60.47755432128906, tta_acc1=73.11280059814453
2025-05-29 05:24:03,756 - log - INFO - iter:8041/8041, Original Acc@1: 60.48, Acc@5: 89.76, TTA Acc@1: 73.11, Acc@5: 96.87
2025-05-29 05:24:03,859 - log - INFO - Final results - Original Acc@1: 60.48, Acc@5: 89.76, TTA Acc@1: 73.11, Acc@5: 96.87
2025-05-29 05:24:03,859 - log - INFO - Improvement from TTA in Acc@1 12.64, and Acc@5 7.10
2025-05-29 05:24:04,429 - log - INFO - Weighted scores saved to /leonardo_work/EUHPC_R04_192/fmohamma/Adversarial_Robust_Clip/ATPT/Final_Results/ViT-L/14/Cars/Clean/Counter_Attack/Eps_2_0_Steps_2_Alpha_1_0/tau_0_2_beta_2_0_weighted_pertrubation_True/No_TPT/Inference_Ensemble_weighted_rtpt_topk_20_softmaxtemp_0_01/weighted_scores.json
2025-05-29 05:24:04,430 - log - INFO - Creating plot of average weights for each view
2025-05-29 05:24:09,182 - log - INFO - Average weights plot saved to /leonardo_work/EUHPC_R04_192/fmohamma/Adversarial_Robust_Clip/ATPT/Final_Results/ViT-L/14/Cars/Clean/Counter_Attack/Eps_2_0_Steps_2_Alpha_1_0/tau_0_2_beta_2_0_weighted_pertrubation_True/No_TPT/Inference_Ensemble_weighted_rtpt_topk_20_softmaxtemp_0_01/weighted_scores_plot.png
2025-05-29 05:24:09,188 - log - INFO - => Acc. on testset [Cars]: Clean Acc @1 60.47755432128906/ TTA Clean Acc @1 73.11280059814453, Clean Acc @5 89.76496124267578/ TTA Clean Acc @5 96.8660659790039
2025-05-29 05:24:09,188 - log - INFO - Total script execution time: 19233.86 seconds (320.56 minutes)
