2025-06-14 05:27:23,550 - log - INFO - ==========================================
data:/leonardo_work/EUHPC_R04_192/fmohamma/Adversarial_Robust_Clip/atpt_data/downstream_datasets
test_sets:Flower102
dataset_mode:test
arch:delta_clip_l14_224
resolution:224
workers:4
no_pin_memory:False
batch_size:64
print_freq:20
gpu:0
no_cudnn_benchmark:False
n_ctx:4
ctx_init:a_photo_of_a
tpt_loss:tpt
seed:0
output_dir:/leonardo_work/EUHPC_R04_192/fmohamma/Adversarial_Robust_Clip/atpt_data/delta_clip_l14_224/Flower102
log_output_dir:/leonardo_work/EUHPC_R04_192/fmohamma/Adversarial_Robust_Clip/ATPT/Final_Results/delta_clip_l14_224/Flower102
eps:0.0
alpha:0.0
alpha_eps_ratio:4.0
steps:0
lr:0.005
selection_p:0.1
tta_steps:1
ensemble_type:weighted_rtpt
top_k:20
softmax_temp:0.01
counter_attack:True
counter_attack_type:pgd
counter_attack_steps:2
counter_attack_eps:2.0
counter_attack_alpha:1.0
counter_attack_tau_thres:0.2
counter_attack_beta:2.0
counter_attack_weighted_perturbations:True
pgd_clip_pure_i_text_embeddings:null
pgd_counter_and_clipure_i_lamda:1.0
selected_id_name:selected_topk.json
weighted_score_name:weighted_scores.json
batch_entropy_name:entropies.json
log_dir:/leonardo_work/EUHPC_R04_192/fmohamma/Adversarial_Robust_Clip/ATPT/Final_Results/delta_clip_l14_224/Flower102/Clean/Counter_Attack/Eps_2_0_Steps_2_Alpha_1_0/tau_0_2_beta_2_0_weighted_pertrubation_True/TPT/Optimization_Loss_tpt_LR_0_005_Optimization_Steps_1_View_Selection_Fraction_0_1/Inference_Ensemble_weighted_rtpt_topk_20_softmaxtemp_0_01

2025-06-14 05:27:23,550 - log - INFO - Use GPU: 0 for training
2025-06-14 05:29:05,178 - log - INFO - Freezing all parameters except prompt learner
2025-06-14 05:29:05,180 - log - INFO - => Model created: visual backbone delta_clip_l14_224
2025-06-14 05:29:05,186 - log - INFO - Number of test samples: 2463
2025-06-14 05:29:05,187 - log - INFO - Evaluating dataset: Flower102
2025-06-14 05:29:05,188 - log - INFO - Starting evaluation with batch size: 64, selection percentage: 0.1
2025-06-14 05:29:05,188 - log - INFO - Test-time adaptation steps: 1, learning rate: 0.005
2025-06-14 05:29:05,188 - log - INFO - Using counter-attack with epsilon: 2.000000, alpha: 0.000000, steps: 2, tau_thres: 0.2, beta: 2.0, weighted perturbation: True
2025-06-14 05:30:15,927 - log - INFO - iter:20/2463, clip_acc1=100.0, tta_acc1=100.0
2025-06-14 05:30:15,928 - log - INFO - iter:20/2463, Original Acc@1: 100.00, Acc@5: 100.00, TTA Acc@1: 100.00, Acc@5: 100.00
2025-06-14 05:31:11,631 - log - INFO - iter:40/2463, clip_acc1=100.0, tta_acc1=100.0
2025-06-14 05:31:11,631 - log - INFO - iter:40/2463, Original Acc@1: 100.00, Acc@5: 100.00, TTA Acc@1: 100.00, Acc@5: 100.00
2025-06-14 05:32:07,315 - log - INFO - iter:60/2463, clip_acc1=100.00000762939453, tta_acc1=100.00000762939453
2025-06-14 05:32:07,315 - log - INFO - iter:60/2463, Original Acc@1: 100.00, Acc@5: 100.00, TTA Acc@1: 100.00, Acc@5: 100.00
2025-06-14 05:33:02,921 - log - INFO - iter:80/2463, clip_acc1=100.0, tta_acc1=98.75
2025-06-14 05:33:02,921 - log - INFO - iter:80/2463, Original Acc@1: 100.00, Acc@5: 100.00, TTA Acc@1: 98.75, Acc@5: 100.00
2025-06-14 05:33:58,562 - log - INFO - iter:100/2463, clip_acc1=100.0, tta_acc1=97.0
2025-06-14 05:33:58,563 - log - INFO - iter:100/2463, Original Acc@1: 100.00, Acc@5: 100.00, TTA Acc@1: 97.00, Acc@5: 100.00
2025-06-14 05:34:54,387 - log - INFO - iter:120/2463, clip_acc1=100.00000762939453, tta_acc1=96.66667175292969
2025-06-14 05:34:54,388 - log - INFO - iter:120/2463, Original Acc@1: 100.00, Acc@5: 100.00, TTA Acc@1: 96.67, Acc@5: 100.00
2025-06-14 05:35:50,078 - log - INFO - iter:140/2463, clip_acc1=98.57142639160156, tta_acc1=95.0
2025-06-14 05:35:50,078 - log - INFO - iter:140/2463, Original Acc@1: 98.57, Acc@5: 100.00, TTA Acc@1: 95.00, Acc@5: 100.00
2025-06-14 05:36:45,942 - log - INFO - iter:160/2463, clip_acc1=98.125, tta_acc1=93.75
2025-06-14 05:36:45,942 - log - INFO - iter:160/2463, Original Acc@1: 98.12, Acc@5: 100.00, TTA Acc@1: 93.75, Acc@5: 100.00
2025-06-14 05:37:41,561 - log - INFO - iter:180/2463, clip_acc1=96.66667175292969, tta_acc1=91.66667175292969
2025-06-14 05:37:41,561 - log - INFO - iter:180/2463, Original Acc@1: 96.67, Acc@5: 99.44, TTA Acc@1: 91.67, Acc@5: 99.44
2025-06-14 05:38:37,137 - log - INFO - iter:200/2463, clip_acc1=87.0, tta_acc1=82.5
2025-06-14 05:38:37,137 - log - INFO - iter:200/2463, Original Acc@1: 87.00, Acc@5: 89.50, TTA Acc@1: 82.50, Acc@5: 89.50
2025-06-14 05:39:32,763 - log - INFO - iter:220/2463, clip_acc1=79.09090423583984, tta_acc1=75.0
2025-06-14 05:39:32,763 - log - INFO - iter:220/2463, Original Acc@1: 79.09, Acc@5: 81.36, TTA Acc@1: 75.00, Acc@5: 81.36
2025-06-14 05:40:28,519 - log - INFO - iter:240/2463, clip_acc1=75.00000762939453, tta_acc1=71.25
2025-06-14 05:40:28,519 - log - INFO - iter:240/2463, Original Acc@1: 75.00, Acc@5: 77.08, TTA Acc@1: 71.25, Acc@5: 77.08
2025-06-14 05:41:24,067 - log - INFO - iter:260/2463, clip_acc1=76.92308044433594, tta_acc1=73.46154022216797
2025-06-14 05:41:24,067 - log - INFO - iter:260/2463, Original Acc@1: 76.92, Acc@5: 78.85, TTA Acc@1: 73.46, Acc@5: 78.85
2025-06-14 05:42:19,480 - log - INFO - iter:280/2463, clip_acc1=78.57142639160156, tta_acc1=75.35713958740234
2025-06-14 05:42:19,480 - log - INFO - iter:280/2463, Original Acc@1: 78.57, Acc@5: 80.36, TTA Acc@1: 75.36, Acc@5: 80.36
2025-06-14 05:43:15,236 - log - INFO - iter:300/2463, clip_acc1=74.66667175292969, tta_acc1=71.66667175292969
2025-06-14 05:43:15,236 - log - INFO - iter:300/2463, Original Acc@1: 74.67, Acc@5: 79.33, TTA Acc@1: 71.67, Acc@5: 78.00
2025-06-14 05:44:11,042 - log - INFO - iter:320/2463, clip_acc1=70.0, tta_acc1=67.1875
2025-06-14 05:44:11,042 - log - INFO - iter:320/2463, Original Acc@1: 70.00, Acc@5: 77.81, TTA Acc@1: 67.19, Acc@5: 74.69
2025-06-14 05:45:06,868 - log - INFO - iter:340/2463, clip_acc1=65.88235473632812, tta_acc1=63.235294342041016
2025-06-14 05:45:06,868 - log - INFO - iter:340/2463, Original Acc@1: 65.88, Acc@5: 77.35, TTA Acc@1: 63.24, Acc@5: 72.65
2025-06-14 05:46:02,415 - log - INFO - iter:360/2463, clip_acc1=66.94444274902344, tta_acc1=64.44444274902344
2025-06-14 05:46:02,415 - log - INFO - iter:360/2463, Original Acc@1: 66.94, Acc@5: 78.33, TTA Acc@1: 64.44, Acc@5: 73.61
2025-06-14 05:46:57,956 - log - INFO - iter:380/2463, clip_acc1=68.15789794921875, tta_acc1=65.78947448730469
2025-06-14 05:46:57,956 - log - INFO - iter:380/2463, Original Acc@1: 68.16, Acc@5: 79.47, TTA Acc@1: 65.79, Acc@5: 75.00
2025-06-14 05:47:53,747 - log - INFO - iter:400/2463, clip_acc1=68.5, tta_acc1=66.25
2025-06-14 05:47:53,747 - log - INFO - iter:400/2463, Original Acc@1: 68.50, Acc@5: 80.50, TTA Acc@1: 66.25, Acc@5: 76.25
2025-06-14 05:48:49,139 - log - INFO - iter:420/2463, clip_acc1=65.71428680419922, tta_acc1=64.04762268066406
2025-06-14 05:48:49,139 - log - INFO - iter:420/2463, Original Acc@1: 65.71, Acc@5: 81.43, TTA Acc@1: 64.05, Acc@5: 77.14
2025-06-14 05:49:44,700 - log - INFO - iter:440/2463, clip_acc1=62.95454406738281, tta_acc1=61.818180084228516
2025-06-14 05:49:44,700 - log - INFO - iter:440/2463, Original Acc@1: 62.95, Acc@5: 82.27, TTA Acc@1: 61.82, Acc@5: 78.18
2025-06-14 05:50:40,394 - log - INFO - iter:460/2463, clip_acc1=60.65217208862305, tta_acc1=59.565216064453125
2025-06-14 05:50:40,394 - log - INFO - iter:460/2463, Original Acc@1: 60.65, Acc@5: 83.04, TTA Acc@1: 59.57, Acc@5: 78.91
2025-06-14 05:51:36,074 - log - INFO - iter:480/2463, clip_acc1=60.41666793823242, tta_acc1=59.375003814697266
2025-06-14 05:51:36,074 - log - INFO - iter:480/2463, Original Acc@1: 60.42, Acc@5: 83.54, TTA Acc@1: 59.38, Acc@5: 79.58
2025-06-14 05:52:31,602 - log - INFO - iter:500/2463, clip_acc1=62.000003814697266, tta_acc1=61.000003814697266
2025-06-14 05:52:31,602 - log - INFO - iter:500/2463, Original Acc@1: 62.00, Acc@5: 84.20, TTA Acc@1: 61.00, Acc@5: 80.40
2025-06-14 05:53:27,369 - log - INFO - iter:520/2463, clip_acc1=63.46154022216797, tta_acc1=62.5
2025-06-14 05:53:27,369 - log - INFO - iter:520/2463, Original Acc@1: 63.46, Acc@5: 84.81, TTA Acc@1: 62.50, Acc@5: 81.15
2025-06-14 05:54:23,146 - log - INFO - iter:540/2463, clip_acc1=64.81481170654297, tta_acc1=63.88888931274414
2025-06-14 05:54:23,146 - log - INFO - iter:540/2463, Original Acc@1: 64.81, Acc@5: 85.37, TTA Acc@1: 63.89, Acc@5: 81.85
2025-06-14 05:55:18,617 - log - INFO - iter:560/2463, clip_acc1=65.89286041259766, tta_acc1=65.0
2025-06-14 05:55:18,617 - log - INFO - iter:560/2463, Original Acc@1: 65.89, Acc@5: 85.89, TTA Acc@1: 65.00, Acc@5: 82.50
2025-06-14 05:56:14,342 - log - INFO - iter:580/2463, clip_acc1=67.06896209716797, tta_acc1=66.03448486328125
2025-06-14 05:56:14,342 - log - INFO - iter:580/2463, Original Acc@1: 67.07, Acc@5: 86.38, TTA Acc@1: 66.03, Acc@5: 83.10
2025-06-14 05:57:09,757 - log - INFO - iter:600/2463, clip_acc1=68.16667175292969, tta_acc1=67.16667175292969
2025-06-14 05:57:09,757 - log - INFO - iter:600/2463, Original Acc@1: 68.17, Acc@5: 86.83, TTA Acc@1: 67.17, Acc@5: 83.67
2025-06-14 05:58:05,476 - log - INFO - iter:620/2463, clip_acc1=69.03225708007812, tta_acc1=68.06451416015625
2025-06-14 05:58:05,476 - log - INFO - iter:620/2463, Original Acc@1: 69.03, Acc@5: 87.26, TTA Acc@1: 68.06, Acc@5: 84.19
2025-06-14 05:59:02,622 - log - INFO - iter:640/2463, clip_acc1=70.0, tta_acc1=69.0625
2025-06-14 05:59:02,622 - log - INFO - iter:640/2463, Original Acc@1: 70.00, Acc@5: 87.66, TTA Acc@1: 69.06, Acc@5: 84.69
2025-06-14 05:59:58,293 - log - INFO - iter:660/2463, clip_acc1=68.78787994384766, tta_acc1=67.8787841796875
2025-06-14 05:59:58,293 - log - INFO - iter:660/2463, Original Acc@1: 68.79, Acc@5: 85.91, TTA Acc@1: 67.88, Acc@5: 83.03
2025-06-14 06:00:53,753 - log - INFO - iter:680/2463, clip_acc1=66.76470947265625, tta_acc1=65.88235473632812
2025-06-14 06:00:53,754 - log - INFO - iter:680/2463, Original Acc@1: 66.76, Acc@5: 83.53, TTA Acc@1: 65.88, Acc@5: 80.59
2025-06-14 06:01:49,543 - log - INFO - iter:700/2463, clip_acc1=65.0, tta_acc1=64.14285278320312
2025-06-14 06:01:49,543 - log - INFO - iter:700/2463, Original Acc@1: 65.00, Acc@5: 82.86, TTA Acc@1: 64.14, Acc@5: 80.00
2025-06-14 06:02:45,447 - log - INFO - iter:720/2463, clip_acc1=63.333335876464844, tta_acc1=62.361114501953125
2025-06-14 06:02:45,447 - log - INFO - iter:720/2463, Original Acc@1: 63.33, Acc@5: 82.64, TTA Acc@1: 62.36, Acc@5: 79.58
2025-06-14 06:03:41,170 - log - INFO - iter:740/2463, clip_acc1=61.62162399291992, tta_acc1=60.67567825317383
2025-06-14 06:03:41,170 - log - INFO - iter:740/2463, Original Acc@1: 61.62, Acc@5: 80.54, TTA Acc@1: 60.68, Acc@5: 77.57
2025-06-14 06:04:36,820 - log - INFO - iter:760/2463, clip_acc1=60.1315803527832, tta_acc1=59.21052932739258
2025-06-14 06:04:36,820 - log - INFO - iter:760/2463, Original Acc@1: 60.13, Acc@5: 78.55, TTA Acc@1: 59.21, Acc@5: 75.66
2025-06-14 06:05:32,447 - log - INFO - iter:780/2463, clip_acc1=61.153846740722656, tta_acc1=60.256412506103516
2025-06-14 06:05:32,447 - log - INFO - iter:780/2463, Original Acc@1: 61.15, Acc@5: 79.10, TTA Acc@1: 60.26, Acc@5: 76.28
2025-06-14 06:06:28,145 - log - INFO - iter:800/2463, clip_acc1=62.0, tta_acc1=61.125
2025-06-14 06:06:28,146 - log - INFO - iter:800/2463, Original Acc@1: 62.00, Acc@5: 79.62, TTA Acc@1: 61.12, Acc@5: 76.88
2025-06-14 06:07:23,817 - log - INFO - iter:820/2463, clip_acc1=62.92683029174805, tta_acc1=62.07316970825195
2025-06-14 06:07:23,817 - log - INFO - iter:820/2463, Original Acc@1: 62.93, Acc@5: 80.12, TTA Acc@1: 62.07, Acc@5: 77.44
2025-06-14 06:08:19,676 - log - INFO - iter:840/2463, clip_acc1=63.80952453613281, tta_acc1=62.976192474365234
2025-06-14 06:08:19,676 - log - INFO - iter:840/2463, Original Acc@1: 63.81, Acc@5: 80.60, TTA Acc@1: 62.98, Acc@5: 77.98
2025-06-14 06:09:15,341 - log - INFO - iter:860/2463, clip_acc1=63.604652404785156, tta_acc1=62.79069900512695
2025-06-14 06:09:15,341 - log - INFO - iter:860/2463, Original Acc@1: 63.60, Acc@5: 80.00, TTA Acc@1: 62.79, Acc@5: 77.44
2025-06-14 06:10:10,968 - log - INFO - iter:880/2463, clip_acc1=62.159088134765625, tta_acc1=61.3636360168457
2025-06-14 06:10:10,968 - log - INFO - iter:880/2463, Original Acc@1: 62.16, Acc@5: 78.18, TTA Acc@1: 61.36, Acc@5: 75.68
2025-06-14 06:11:06,810 - log - INFO - iter:900/2463, clip_acc1=60.77777862548828, tta_acc1=60.0
2025-06-14 06:11:06,810 - log - INFO - iter:900/2463, Original Acc@1: 60.78, Acc@5: 76.56, TTA Acc@1: 60.00, Acc@5: 74.00
2025-06-14 06:12:02,527 - log - INFO - iter:920/2463, clip_acc1=61.52173614501953, tta_acc1=60.760868072509766
2025-06-14 06:12:02,527 - log - INFO - iter:920/2463, Original Acc@1: 61.52, Acc@5: 76.96, TTA Acc@1: 60.76, Acc@5: 74.46
2025-06-14 06:12:58,022 - log - INFO - iter:940/2463, clip_acc1=62.340423583984375, tta_acc1=61.595741271972656
2025-06-14 06:12:58,023 - log - INFO - iter:940/2463, Original Acc@1: 62.34, Acc@5: 77.45, TTA Acc@1: 61.60, Acc@5: 75.00
2025-06-14 06:13:53,780 - log - INFO - iter:960/2463, clip_acc1=63.020835876464844, tta_acc1=62.29167175292969
2025-06-14 06:13:53,781 - log - INFO - iter:960/2463, Original Acc@1: 63.02, Acc@5: 77.92, TTA Acc@1: 62.29, Acc@5: 75.52
2025-06-14 06:14:49,387 - log - INFO - iter:980/2463, clip_acc1=63.36734390258789, tta_acc1=62.65305709838867
2025-06-14 06:14:49,388 - log - INFO - iter:980/2463, Original Acc@1: 63.37, Acc@5: 78.37, TTA Acc@1: 62.65, Acc@5: 76.02
2025-06-14 06:15:45,108 - log - INFO - iter:1000/2463, clip_acc1=63.900001525878906, tta_acc1=63.30000305175781
2025-06-14 06:15:45,108 - log - INFO - iter:1000/2463, Original Acc@1: 63.90, Acc@5: 78.80, TTA Acc@1: 63.30, Acc@5: 76.50
2025-06-14 06:16:40,626 - log - INFO - iter:1020/2463, clip_acc1=64.60784912109375, tta_acc1=64.01961517333984
2025-06-14 06:16:40,626 - log - INFO - iter:1020/2463, Original Acc@1: 64.61, Acc@5: 79.22, TTA Acc@1: 64.02, Acc@5: 76.96
2025-06-14 06:17:36,232 - log - INFO - iter:1040/2463, clip_acc1=65.28845977783203, tta_acc1=64.61538696289062
2025-06-14 06:17:36,232 - log - INFO - iter:1040/2463, Original Acc@1: 65.29, Acc@5: 79.62, TTA Acc@1: 64.62, Acc@5: 77.40
2025-06-14 06:18:31,893 - log - INFO - iter:1060/2463, clip_acc1=65.84906005859375, tta_acc1=65.0943374633789
2025-06-14 06:18:31,893 - log - INFO - iter:1060/2463, Original Acc@1: 65.85, Acc@5: 80.00, TTA Acc@1: 65.09, Acc@5: 77.74
2025-06-14 06:19:27,439 - log - INFO - iter:1080/2463, clip_acc1=65.09259033203125, tta_acc1=64.16666412353516
2025-06-14 06:19:27,439 - log - INFO - iter:1080/2463, Original Acc@1: 65.09, Acc@5: 79.81, TTA Acc@1: 64.17, Acc@5: 77.22
2025-06-14 06:20:23,082 - log - INFO - iter:1100/2463, clip_acc1=64.90908813476562, tta_acc1=64.0
2025-06-14 06:20:23,082 - log - INFO - iter:1100/2463, Original Acc@1: 64.91, Acc@5: 80.09, TTA Acc@1: 64.00, Acc@5: 77.55
2025-06-14 06:21:18,624 - log - INFO - iter:1120/2463, clip_acc1=65.44642639160156, tta_acc1=64.46428680419922
2025-06-14 06:21:18,624 - log - INFO - iter:1120/2463, Original Acc@1: 65.45, Acc@5: 80.36, TTA Acc@1: 64.46, Acc@5: 77.95
2025-06-14 06:22:14,520 - log - INFO - iter:1140/2463, clip_acc1=65.7017593383789, tta_acc1=64.64912414550781
2025-06-14 06:22:14,521 - log - INFO - iter:1140/2463, Original Acc@1: 65.70, Acc@5: 80.70, TTA Acc@1: 64.65, Acc@5: 78.25
2025-06-14 06:23:10,226 - log - INFO - iter:1160/2463, clip_acc1=65.0862045288086, tta_acc1=63.7931022644043
2025-06-14 06:23:10,227 - log - INFO - iter:1160/2463, Original Acc@1: 65.09, Acc@5: 79.91, TTA Acc@1: 63.79, Acc@5: 77.50
2025-06-14 06:24:05,992 - log - INFO - iter:1180/2463, clip_acc1=64.06779479980469, tta_acc1=62.796607971191406
2025-06-14 06:24:05,993 - log - INFO - iter:1180/2463, Original Acc@1: 64.07, Acc@5: 78.64, TTA Acc@1: 62.80, Acc@5: 76.27
2025-06-14 06:25:01,437 - log - INFO - iter:1200/2463, clip_acc1=64.66667175292969, tta_acc1=63.41666793823242
2025-06-14 06:25:01,438 - log - INFO - iter:1200/2463, Original Acc@1: 64.67, Acc@5: 79.00, TTA Acc@1: 63.42, Acc@5: 76.67
2025-06-14 06:25:57,069 - log - INFO - iter:1220/2463, clip_acc1=64.01639556884766, tta_acc1=62.78688430786133
2025-06-14 06:25:57,069 - log - INFO - iter:1220/2463, Original Acc@1: 64.02, Acc@5: 78.11, TTA Acc@1: 62.79, Acc@5: 75.82
2025-06-14 06:26:52,888 - log - INFO - iter:1240/2463, clip_acc1=63.3870964050293, tta_acc1=62.09677505493164
2025-06-14 06:26:52,888 - log - INFO - iter:1240/2463, Original Acc@1: 63.39, Acc@5: 77.58, TTA Acc@1: 62.10, Acc@5: 75.32
2025-06-14 06:27:48,616 - log - INFO - iter:1260/2463, clip_acc1=63.333335876464844, tta_acc1=62.06349182128906
2025-06-14 06:27:48,616 - log - INFO - iter:1260/2463, Original Acc@1: 63.33, Acc@5: 77.94, TTA Acc@1: 62.06, Acc@5: 75.71
2025-06-14 06:28:44,155 - log - INFO - iter:1280/2463, clip_acc1=63.90625, tta_acc1=62.65625
2025-06-14 06:28:44,156 - log - INFO - iter:1280/2463, Original Acc@1: 63.91, Acc@5: 78.28, TTA Acc@1: 62.66, Acc@5: 76.09
2025-06-14 06:29:39,839 - log - INFO - iter:1300/2463, clip_acc1=64.30769348144531, tta_acc1=63.07692337036133
2025-06-14 06:29:39,839 - log - INFO - iter:1300/2463, Original Acc@1: 64.31, Acc@5: 78.62, TTA Acc@1: 63.08, Acc@5: 76.46
2025-06-14 06:30:35,435 - log - INFO - iter:1320/2463, clip_acc1=64.54545593261719, tta_acc1=63.10606002807617
2025-06-14 06:30:35,436 - log - INFO - iter:1320/2463, Original Acc@1: 64.55, Acc@5: 78.94, TTA Acc@1: 63.11, Acc@5: 76.82
2025-06-14 06:31:31,223 - log - INFO - iter:1340/2463, clip_acc1=64.40298461914062, tta_acc1=62.83582305908203
2025-06-14 06:31:31,223 - log - INFO - iter:1340/2463, Original Acc@1: 64.40, Acc@5: 79.25, TTA Acc@1: 62.84, Acc@5: 77.09
2025-06-14 06:32:27,083 - log - INFO - iter:1360/2463, clip_acc1=64.4117660522461, tta_acc1=62.86764907836914
2025-06-14 06:32:27,084 - log - INFO - iter:1360/2463, Original Acc@1: 64.41, Acc@5: 79.49, TTA Acc@1: 62.87, Acc@5: 77.28
2025-06-14 06:33:22,543 - log - INFO - iter:1380/2463, clip_acc1=64.92753601074219, tta_acc1=63.405799865722656
2025-06-14 06:33:22,543 - log - INFO - iter:1380/2463, Original Acc@1: 64.93, Acc@5: 79.78, TTA Acc@1: 63.41, Acc@5: 77.61
2025-06-14 06:34:18,307 - log - INFO - iter:1400/2463, clip_acc1=65.35713958740234, tta_acc1=63.78571319580078
2025-06-14 06:34:18,307 - log - INFO - iter:1400/2463, Original Acc@1: 65.36, Acc@5: 80.00, TTA Acc@1: 63.79, Acc@5: 77.86
2025-06-14 06:35:14,133 - log - INFO - iter:1420/2463, clip_acc1=65.5633773803711, tta_acc1=64.01408386230469
2025-06-14 06:35:14,133 - log - INFO - iter:1420/2463, Original Acc@1: 65.56, Acc@5: 80.00, TTA Acc@1: 64.01, Acc@5: 77.89
2025-06-14 06:36:09,707 - log - INFO - iter:1440/2463, clip_acc1=64.65277862548828, tta_acc1=63.125
2025-06-14 06:36:09,707 - log - INFO - iter:1440/2463, Original Acc@1: 64.65, Acc@5: 79.10, TTA Acc@1: 63.12, Acc@5: 77.01
2025-06-14 06:37:05,298 - log - INFO - iter:1460/2463, clip_acc1=64.10958862304688, tta_acc1=62.60274124145508
2025-06-14 06:37:05,298 - log - INFO - iter:1460/2463, Original Acc@1: 64.11, Acc@5: 79.11, TTA Acc@1: 62.60, Acc@5: 76.85
2025-06-14 06:38:00,881 - log - INFO - iter:1480/2463, clip_acc1=64.59459686279297, tta_acc1=63.10810852050781
2025-06-14 06:38:00,882 - log - INFO - iter:1480/2463, Original Acc@1: 64.59, Acc@5: 79.39, TTA Acc@1: 63.11, Acc@5: 77.16
2025-06-14 06:38:56,675 - log - INFO - iter:1500/2463, clip_acc1=64.80000305175781, tta_acc1=63.39999771118164
2025-06-14 06:38:56,675 - log - INFO - iter:1500/2463, Original Acc@1: 64.80, Acc@5: 79.67, TTA Acc@1: 63.40, Acc@5: 77.47
2025-06-14 06:39:52,555 - log - INFO - iter:1520/2463, clip_acc1=64.14473724365234, tta_acc1=62.828948974609375
2025-06-14 06:39:52,556 - log - INFO - iter:1520/2463, Original Acc@1: 64.14, Acc@5: 79.87, TTA Acc@1: 62.83, Acc@5: 77.70
2025-06-14 06:40:48,195 - log - INFO - iter:1540/2463, clip_acc1=63.6363639831543, tta_acc1=62.467533111572266
2025-06-14 06:40:48,195 - log - INFO - iter:1540/2463, Original Acc@1: 63.64, Acc@5: 80.13, TTA Acc@1: 62.47, Acc@5: 77.99
2025-06-14 06:41:43,771 - log - INFO - iter:1560/2463, clip_acc1=62.9487190246582, tta_acc1=61.730770111083984
2025-06-14 06:41:43,771 - log - INFO - iter:1560/2463, Original Acc@1: 62.95, Acc@5: 80.38, TTA Acc@1: 61.73, Acc@5: 78.27
2025-06-14 06:42:39,559 - log - INFO - iter:1580/2463, clip_acc1=62.341773986816406, tta_acc1=61.13924026489258
2025-06-14 06:42:39,559 - log - INFO - iter:1580/2463, Original Acc@1: 62.34, Acc@5: 80.63, TTA Acc@1: 61.14, Acc@5: 78.48
2025-06-14 06:43:35,223 - log - INFO - iter:1600/2463, clip_acc1=61.6875, tta_acc1=60.5
2025-06-14 06:43:35,223 - log - INFO - iter:1600/2463, Original Acc@1: 61.69, Acc@5: 80.81, TTA Acc@1: 60.50, Acc@5: 78.56
2025-06-14 06:44:30,901 - log - INFO - iter:1620/2463, clip_acc1=61.04938507080078, tta_acc1=59.87654495239258
2025-06-14 06:44:30,901 - log - INFO - iter:1620/2463, Original Acc@1: 61.05, Acc@5: 80.86, TTA Acc@1: 59.88, Acc@5: 78.46
2025-06-14 06:45:26,534 - log - INFO - iter:1640/2463, clip_acc1=61.34146499633789, tta_acc1=60.121952056884766
2025-06-14 06:45:26,535 - log - INFO - iter:1640/2463, Original Acc@1: 61.34, Acc@5: 81.10, TTA Acc@1: 60.12, Acc@5: 78.72
2025-06-14 06:46:22,125 - log - INFO - iter:1660/2463, clip_acc1=61.80723190307617, tta_acc1=60.60240936279297
2025-06-14 06:46:22,125 - log - INFO - iter:1660/2463, Original Acc@1: 61.81, Acc@5: 81.33, TTA Acc@1: 60.60, Acc@5: 78.98
2025-06-14 06:47:17,536 - log - INFO - iter:1680/2463, clip_acc1=62.142860412597656, tta_acc1=60.892860412597656
2025-06-14 06:47:17,536 - log - INFO - iter:1680/2463, Original Acc@1: 62.14, Acc@5: 81.55, TTA Acc@1: 60.89, Acc@5: 79.23
2025-06-14 06:48:14,535 - log - INFO - iter:1700/2463, clip_acc1=62.5294075012207, tta_acc1=61.117645263671875
2025-06-14 06:48:14,535 - log - INFO - iter:1700/2463, Original Acc@1: 62.53, Acc@5: 81.76, TTA Acc@1: 61.12, Acc@5: 79.47
2025-06-14 06:49:10,047 - log - INFO - iter:1720/2463, clip_acc1=62.55813980102539, tta_acc1=61.16279220581055
2025-06-14 06:49:10,047 - log - INFO - iter:1720/2463, Original Acc@1: 62.56, Acc@5: 81.98, TTA Acc@1: 61.16, Acc@5: 79.65
2025-06-14 06:50:05,647 - log - INFO - iter:1740/2463, clip_acc1=62.98850631713867, tta_acc1=61.609195709228516
2025-06-14 06:50:05,647 - log - INFO - iter:1740/2463, Original Acc@1: 62.99, Acc@5: 82.18, TTA Acc@1: 61.61, Acc@5: 79.89
2025-06-14 06:51:01,256 - log - INFO - iter:1760/2463, clip_acc1=62.784088134765625, tta_acc1=61.3636360168457
2025-06-14 06:51:01,256 - log - INFO - iter:1760/2463, Original Acc@1: 62.78, Acc@5: 82.22, TTA Acc@1: 61.36, Acc@5: 80.00
2025-06-14 06:51:56,699 - log - INFO - iter:1780/2463, clip_acc1=62.921348571777344, tta_acc1=61.51685333251953
2025-06-14 06:51:56,699 - log - INFO - iter:1780/2463, Original Acc@1: 62.92, Acc@5: 82.36, TTA Acc@1: 61.52, Acc@5: 80.17
2025-06-14 06:52:52,575 - log - INFO - iter:1800/2463, clip_acc1=63.0, tta_acc1=61.611114501953125
2025-06-14 06:52:52,575 - log - INFO - iter:1800/2463, Original Acc@1: 63.00, Acc@5: 82.56, TTA Acc@1: 61.61, Acc@5: 80.39
2025-06-14 06:53:48,411 - log - INFO - iter:1820/2463, clip_acc1=62.41758346557617, tta_acc1=61.04396057128906
2025-06-14 06:53:48,411 - log - INFO - iter:1820/2463, Original Acc@1: 62.42, Acc@5: 82.36, TTA Acc@1: 61.04, Acc@5: 80.22
2025-06-14 06:54:44,133 - log - INFO - iter:1840/2463, clip_acc1=62.445648193359375, tta_acc1=61.086952209472656
2025-06-14 06:54:44,134 - log - INFO - iter:1840/2463, Original Acc@1: 62.45, Acc@5: 82.17, TTA Acc@1: 61.09, Acc@5: 80.05
2025-06-14 06:55:39,886 - log - INFO - iter:1860/2463, clip_acc1=61.93548583984375, tta_acc1=60.537635803222656
2025-06-14 06:55:39,886 - log - INFO - iter:1860/2463, Original Acc@1: 61.94, Acc@5: 81.51, TTA Acc@1: 60.54, Acc@5: 79.41
2025-06-14 06:56:35,522 - log - INFO - iter:1880/2463, clip_acc1=62.074466705322266, tta_acc1=60.69148635864258
2025-06-14 06:56:35,523 - log - INFO - iter:1880/2463, Original Acc@1: 62.07, Acc@5: 81.70, TTA Acc@1: 60.69, Acc@5: 79.63
2025-06-14 06:57:31,122 - log - INFO - iter:1900/2463, clip_acc1=61.78947067260742, tta_acc1=60.421051025390625
2025-06-14 06:57:31,122 - log - INFO - iter:1900/2463, Original Acc@1: 61.79, Acc@5: 81.21, TTA Acc@1: 60.42, Acc@5: 79.16
2025-06-14 06:58:26,933 - log - INFO - iter:1920/2463, clip_acc1=62.083335876464844, tta_acc1=60.72916793823242
2025-06-14 06:58:26,933 - log - INFO - iter:1920/2463, Original Acc@1: 62.08, Acc@5: 81.30, TTA Acc@1: 60.73, Acc@5: 79.27
2025-06-14 06:59:22,662 - log - INFO - iter:1940/2463, clip_acc1=62.47422790527344, tta_acc1=61.1340217590332
2025-06-14 06:59:22,662 - log - INFO - iter:1940/2463, Original Acc@1: 62.47, Acc@5: 81.49, TTA Acc@1: 61.13, Acc@5: 79.48
2025-06-14 07:00:18,443 - log - INFO - iter:1960/2463, clip_acc1=62.704078674316406, tta_acc1=61.37754821777344
2025-06-14 07:00:18,443 - log - INFO - iter:1960/2463, Original Acc@1: 62.70, Acc@5: 81.68, TTA Acc@1: 61.38, Acc@5: 79.64
2025-06-14 07:01:14,152 - log - INFO - iter:1980/2463, clip_acc1=62.828285217285156, tta_acc1=61.51515579223633
2025-06-14 07:01:14,152 - log - INFO - iter:1980/2463, Original Acc@1: 62.83, Acc@5: 81.82, TTA Acc@1: 61.52, Acc@5: 79.75
2025-06-14 07:02:09,941 - log - INFO - iter:2000/2463, clip_acc1=63.10000228881836, tta_acc1=61.80000305175781
2025-06-14 07:02:09,941 - log - INFO - iter:2000/2463, Original Acc@1: 63.10, Acc@5: 82.00, TTA Acc@1: 61.80, Acc@5: 79.90
2025-06-14 07:03:05,692 - log - INFO - iter:2020/2463, clip_acc1=62.87128829956055, tta_acc1=61.58415985107422
2025-06-14 07:03:05,692 - log - INFO - iter:2020/2463, Original Acc@1: 62.87, Acc@5: 81.68, TTA Acc@1: 61.58, Acc@5: 79.55
2025-06-14 07:04:01,461 - log - INFO - iter:2040/2463, clip_acc1=63.03921890258789, tta_acc1=61.71569061279297
2025-06-14 07:04:01,462 - log - INFO - iter:2040/2463, Original Acc@1: 63.04, Acc@5: 81.67, TTA Acc@1: 61.72, Acc@5: 79.56
2025-06-14 07:04:57,064 - log - INFO - iter:2060/2463, clip_acc1=63.2524299621582, tta_acc1=61.941749572753906
2025-06-14 07:04:57,064 - log - INFO - iter:2060/2463, Original Acc@1: 63.25, Acc@5: 81.84, TTA Acc@1: 61.94, Acc@5: 79.76
2025-06-14 07:05:52,852 - log - INFO - iter:2080/2463, clip_acc1=63.31730651855469, tta_acc1=62.019229888916016
2025-06-14 07:05:52,852 - log - INFO - iter:2080/2463, Original Acc@1: 63.32, Acc@5: 81.73, TTA Acc@1: 62.02, Acc@5: 79.66
2025-06-14 07:06:48,535 - log - INFO - iter:2100/2463, clip_acc1=63.28571319580078, tta_acc1=61.904762268066406
2025-06-14 07:06:48,535 - log - INFO - iter:2100/2463, Original Acc@1: 63.29, Acc@5: 81.62, TTA Acc@1: 61.90, Acc@5: 79.57
2025-06-14 07:07:44,298 - log - INFO - iter:2120/2463, clip_acc1=63.30188751220703, tta_acc1=61.88679504394531
2025-06-14 07:07:44,298 - log - INFO - iter:2120/2463, Original Acc@1: 63.30, Acc@5: 81.75, TTA Acc@1: 61.89, Acc@5: 79.67
2025-06-14 07:08:40,173 - log - INFO - iter:2140/2463, clip_acc1=63.45794677734375, tta_acc1=61.96261978149414
2025-06-14 07:08:40,173 - log - INFO - iter:2140/2463, Original Acc@1: 63.46, Acc@5: 81.87, TTA Acc@1: 61.96, Acc@5: 79.81
2025-06-14 07:09:36,000 - log - INFO - iter:2160/2463, clip_acc1=63.70370101928711, tta_acc1=62.22222137451172
2025-06-14 07:09:36,000 - log - INFO - iter:2160/2463, Original Acc@1: 63.70, Acc@5: 82.04, TTA Acc@1: 62.22, Acc@5: 80.00
2025-06-14 07:10:31,700 - log - INFO - iter:2180/2463, clip_acc1=63.44036865234375, tta_acc1=61.972476959228516
2025-06-14 07:10:31,701 - log - INFO - iter:2180/2463, Original Acc@1: 63.44, Acc@5: 81.65, TTA Acc@1: 61.97, Acc@5: 79.63
2025-06-14 07:11:27,576 - log - INFO - iter:2200/2463, clip_acc1=63.772727966308594, tta_acc1=62.31818389892578
2025-06-14 07:11:27,576 - log - INFO - iter:2200/2463, Original Acc@1: 63.77, Acc@5: 81.82, TTA Acc@1: 62.32, Acc@5: 79.82
2025-06-14 07:12:23,317 - log - INFO - iter:2220/2463, clip_acc1=64.0990982055664, tta_acc1=62.657657623291016
2025-06-14 07:12:23,317 - log - INFO - iter:2220/2463, Original Acc@1: 64.10, Acc@5: 81.98, TTA Acc@1: 62.66, Acc@5: 80.00
2025-06-14 07:13:19,144 - log - INFO - iter:2240/2463, clip_acc1=64.28571319580078, tta_acc1=62.8125
2025-06-14 07:13:19,144 - log - INFO - iter:2240/2463, Original Acc@1: 64.29, Acc@5: 82.14, TTA Acc@1: 62.81, Acc@5: 80.18
2025-06-14 07:14:14,882 - log - INFO - iter:2260/2463, clip_acc1=64.60176849365234, tta_acc1=63.14159393310547
2025-06-14 07:14:14,882 - log - INFO - iter:2260/2463, Original Acc@1: 64.60, Acc@5: 82.30, TTA Acc@1: 63.14, Acc@5: 80.35
2025-06-14 07:15:10,638 - log - INFO - iter:2280/2463, clip_acc1=64.91228485107422, tta_acc1=63.46491241455078
2025-06-14 07:15:10,638 - log - INFO - iter:2280/2463, Original Acc@1: 64.91, Acc@5: 82.46, TTA Acc@1: 63.46, Acc@5: 80.53
2025-06-14 07:16:06,510 - log - INFO - iter:2300/2463, clip_acc1=65.0434799194336, tta_acc1=63.60869598388672
2025-06-14 07:16:06,510 - log - INFO - iter:2300/2463, Original Acc@1: 65.04, Acc@5: 82.48, TTA Acc@1: 63.61, Acc@5: 80.52
2025-06-14 07:17:02,205 - log - INFO - iter:2320/2463, clip_acc1=65.25862121582031, tta_acc1=63.75
2025-06-14 07:17:02,206 - log - INFO - iter:2320/2463, Original Acc@1: 65.26, Acc@5: 82.59, TTA Acc@1: 63.75, Acc@5: 80.60
2025-06-14 07:17:58,077 - log - INFO - iter:2340/2463, clip_acc1=65.42735290527344, tta_acc1=63.93162536621094
2025-06-14 07:17:58,077 - log - INFO - iter:2340/2463, Original Acc@1: 65.43, Acc@5: 82.65, TTA Acc@1: 63.93, Acc@5: 80.73
2025-06-14 07:18:53,774 - log - INFO - iter:2360/2463, clip_acc1=65.46610260009766, tta_acc1=63.98305130004883
2025-06-14 07:18:53,775 - log - INFO - iter:2360/2463, Original Acc@1: 65.47, Acc@5: 82.54, TTA Acc@1: 63.98, Acc@5: 80.64
2025-06-14 07:19:49,433 - log - INFO - iter:2380/2463, clip_acc1=65.0420150756836, tta_acc1=63.52941131591797
2025-06-14 07:19:49,434 - log - INFO - iter:2380/2463, Original Acc@1: 65.04, Acc@5: 82.10, TTA Acc@1: 63.53, Acc@5: 80.25
2025-06-14 07:20:45,061 - log - INFO - iter:2400/2463, clip_acc1=64.70833587646484, tta_acc1=63.208335876464844
2025-06-14 07:20:45,061 - log - INFO - iter:2400/2463, Original Acc@1: 64.71, Acc@5: 82.21, TTA Acc@1: 63.21, Acc@5: 80.38
2025-06-14 07:21:40,754 - log - INFO - iter:2420/2463, clip_acc1=64.95867919921875, tta_acc1=63.471073150634766
2025-06-14 07:21:40,754 - log - INFO - iter:2420/2463, Original Acc@1: 64.96, Acc@5: 82.36, TTA Acc@1: 63.47, Acc@5: 80.54
2025-06-14 07:22:36,595 - log - INFO - iter:2440/2463, clip_acc1=64.91802978515625, tta_acc1=63.442623138427734
2025-06-14 07:22:36,595 - log - INFO - iter:2440/2463, Original Acc@1: 64.92, Acc@5: 82.50, TTA Acc@1: 63.44, Acc@5: 80.61
2025-06-14 07:23:30,615 - log - INFO - iter:2460/2463, clip_acc1=64.918701171875, tta_acc1=63.17073059082031
2025-06-14 07:23:30,615 - log - INFO - iter:2460/2463, Original Acc@1: 64.92, Acc@5: 82.60, TTA Acc@1: 63.17, Acc@5: 80.69
2025-06-14 07:23:37,998 - log - INFO - iter:2463/2463, clip_acc1=64.96143341064453, tta_acc1=63.21559143066406
2025-06-14 07:23:37,999 - log - INFO - iter:2463/2463, Original Acc@1: 64.96, Acc@5: 82.62, TTA Acc@1: 63.22, Acc@5: 80.71
2025-06-14 07:23:38,109 - log - INFO - Final results - Original Acc@1: 64.96, Acc@5: 82.62, TTA Acc@1: 63.22, Acc@5: 80.71
2025-06-14 07:23:38,110 - log - INFO - Improvement from TTA in Acc@1 -1.75, and Acc@5 -1.91
2025-06-14 07:23:38,111 - log - INFO - Number of selected samples with index 0: 1236
2025-06-14 07:23:38,111 - log - INFO - Number of samples in the dataset: 2463
2025-06-14 07:23:38,127 - log - INFO - Selected IDs saved to /leonardo_work/EUHPC_R04_192/fmohamma/Adversarial_Robust_Clip/ATPT/Final_Results/delta_clip_l14_224/Flower102/Clean/Counter_Attack/Eps_2_0_Steps_2_Alpha_1_0/tau_0_2_beta_2_0_weighted_pertrubation_True/TPT/Optimization_Loss_tpt_LR_0_005_Optimization_Steps_1_View_Selection_Fraction_0_1/Inference_Ensemble_weighted_rtpt_topk_20_softmaxtemp_0_01/selected_topk.json
2025-06-14 07:23:38,281 - log - INFO - Batch entropies saved to /leonardo_work/EUHPC_R04_192/fmohamma/Adversarial_Robust_Clip/ATPT/Final_Results/delta_clip_l14_224/Flower102/Clean/Counter_Attack/Eps_2_0_Steps_2_Alpha_1_0/tau_0_2_beta_2_0_weighted_pertrubation_True/TPT/Optimization_Loss_tpt_LR_0_005_Optimization_Steps_1_View_Selection_Fraction_0_1/Inference_Ensemble_weighted_rtpt_topk_20_softmaxtemp_0_01/entropies.json
2025-06-14 07:23:38,439 - log - INFO - Weighted scores saved to /leonardo_work/EUHPC_R04_192/fmohamma/Adversarial_Robust_Clip/ATPT/Final_Results/delta_clip_l14_224/Flower102/Clean/Counter_Attack/Eps_2_0_Steps_2_Alpha_1_0/tau_0_2_beta_2_0_weighted_pertrubation_True/TPT/Optimization_Loss_tpt_LR_0_005_Optimization_Steps_1_View_Selection_Fraction_0_1/Inference_Ensemble_weighted_rtpt_topk_20_softmaxtemp_0_01/weighted_scores.json
2025-06-14 07:23:38,440 - log - INFO - Creating plot of average weights for each view
2025-06-14 07:23:40,332 - log - INFO - Average weights plot saved to /leonardo_work/EUHPC_R04_192/fmohamma/Adversarial_Robust_Clip/ATPT/Final_Results/delta_clip_l14_224/Flower102/Clean/Counter_Attack/Eps_2_0_Steps_2_Alpha_1_0/tau_0_2_beta_2_0_weighted_pertrubation_True/TPT/Optimization_Loss_tpt_LR_0_005_Optimization_Steps_1_View_Selection_Fraction_0_1/Inference_Ensemble_weighted_rtpt_topk_20_softmaxtemp_0_01/weighted_scores_plot.png
2025-06-14 07:23:40,337 - log - INFO - => Acc. on testset [Flower102]: Clean Acc @1 64.96143341064453/ TTA Clean Acc @1 63.21559143066406, Clean Acc @5 82.62281799316406/ TTA Clean Acc @5 80.7145767211914
2025-06-14 07:23:40,337 - log - INFO - Total script execution time: 6976.79 seconds (116.28 minutes)
