2025-06-14 18:51:02,112 - log - INFO - ==========================================
data:/leonardo_work/EUHPC_R04_192/fmohamma/Adversarial_Robust_Clip/atpt_data/downstream_datasets
test_sets:Pets
dataset_mode:test
arch:delta_clip_l14_224
resolution:224
workers:4
no_pin_memory:False
batch_size:64
print_freq:20
gpu:0
no_cudnn_benchmark:False
n_ctx:4
ctx_init:a_photo_of_a
tpt_loss:tpt
seed:0
output_dir:/leonardo_work/EUHPC_R04_192/fmohamma/Adversarial_Robust_Clip/atpt_data/delta_clip_l14_224/Pets
log_output_dir:/leonardo_work/EUHPC_R04_192/fmohamma/Adversarial_Robust_Clip/ATPT/Final_Results/delta_clip_l14_224/Pets
eps:0.0
alpha:0.0
alpha_eps_ratio:4.0
steps:0
lr:0.005
selection_p:0.1
tta_steps:1
ensemble_type:weighted_rtpt
top_k:20
softmax_temp:0.01
counter_attack:True
counter_attack_type:pgd
counter_attack_steps:2
counter_attack_eps:4.0
counter_attack_alpha:1.0
counter_attack_tau_thres:0.2
counter_attack_beta:2.0
counter_attack_weighted_perturbations:True
pgd_clip_pure_i_text_embeddings:null
pgd_counter_and_clipure_i_lamda:1.0
selected_id_name:selected_topk.json
weighted_score_name:weighted_scores.json
batch_entropy_name:entropies.json
log_dir:/leonardo_work/EUHPC_R04_192/fmohamma/Adversarial_Robust_Clip/ATPT/Final_Results/delta_clip_l14_224/Pets/Clean/Counter_Attack/Eps_4_0_Steps_2_Alpha_1_0/tau_0_2_beta_2_0_weighted_pertrubation_True/TPT/Optimization_Loss_tpt_LR_0_005_Optimization_Steps_1_View_Selection_Fraction_0_1/Inference_Ensemble_weighted_rtpt_topk_20_softmaxtemp_0_01

2025-06-14 18:51:02,113 - log - INFO - Use GPU: 0 for training
2025-06-14 18:52:58,047 - log - INFO - Freezing all parameters except prompt learner
2025-06-14 18:52:58,048 - log - INFO - => Model created: visual backbone delta_clip_l14_224
2025-06-14 18:52:58,078 - log - INFO - Number of test samples: 3669
2025-06-14 18:52:58,078 - log - INFO - Evaluating dataset: Pets
2025-06-14 18:52:58,079 - log - INFO - Starting evaluation with batch size: 64, selection percentage: 0.1
2025-06-14 18:52:58,079 - log - INFO - Test-time adaptation steps: 1, learning rate: 0.005
2025-06-14 18:52:58,080 - log - INFO - Using counter-attack with epsilon: 4.000000, alpha: 0.000000, steps: 2, tau_thres: 0.2, beta: 2.0, weighted perturbation: True
2025-06-14 18:54:02,354 - log - INFO - iter:20/3669, clip_acc1=45.0, tta_acc1=50.0
2025-06-14 18:54:02,354 - log - INFO - iter:20/3669, Original Acc@1: 45.00, Acc@5: 95.00, TTA Acc@1: 50.00, Acc@5: 85.00
2025-06-14 18:54:56,540 - log - INFO - iter:40/3669, clip_acc1=50.0, tta_acc1=57.5
2025-06-14 18:54:56,540 - log - INFO - iter:40/3669, Original Acc@1: 50.00, Acc@5: 97.50, TTA Acc@1: 57.50, Acc@5: 90.00
2025-06-14 18:55:49,571 - log - INFO - iter:60/3669, clip_acc1=55.000003814697266, tta_acc1=58.333335876464844
2025-06-14 18:55:49,571 - log - INFO - iter:60/3669, Original Acc@1: 55.00, Acc@5: 98.33, TTA Acc@1: 58.33, Acc@5: 91.67
2025-06-14 18:56:43,322 - log - INFO - iter:80/3669, clip_acc1=55.0, tta_acc1=56.25
2025-06-14 18:56:43,322 - log - INFO - iter:80/3669, Original Acc@1: 55.00, Acc@5: 98.75, TTA Acc@1: 56.25, Acc@5: 92.50
2025-06-14 18:57:36,417 - log - INFO - iter:100/3669, clip_acc1=57.0, tta_acc1=58.0
2025-06-14 18:57:36,418 - log - INFO - iter:100/3669, Original Acc@1: 57.00, Acc@5: 99.00, TTA Acc@1: 58.00, Acc@5: 94.00
2025-06-14 18:58:29,571 - log - INFO - iter:120/3669, clip_acc1=62.500003814697266, tta_acc1=64.16667175292969
2025-06-14 18:58:29,572 - log - INFO - iter:120/3669, Original Acc@1: 62.50, Acc@5: 99.17, TTA Acc@1: 64.17, Acc@5: 95.00
2025-06-14 18:59:22,666 - log - INFO - iter:140/3669, clip_acc1=65.0, tta_acc1=66.42857360839844
2025-06-14 18:59:22,666 - log - INFO - iter:140/3669, Original Acc@1: 65.00, Acc@5: 99.29, TTA Acc@1: 66.43, Acc@5: 95.71
2025-06-14 19:00:15,849 - log - INFO - iter:160/3669, clip_acc1=67.5, tta_acc1=68.75
2025-06-14 19:00:15,849 - log - INFO - iter:160/3669, Original Acc@1: 67.50, Acc@5: 99.38, TTA Acc@1: 68.75, Acc@5: 96.25
2025-06-14 19:01:09,040 - log - INFO - iter:180/3669, clip_acc1=69.44444274902344, tta_acc1=70.55555725097656
2025-06-14 19:01:09,040 - log - INFO - iter:180/3669, Original Acc@1: 69.44, Acc@5: 99.44, TTA Acc@1: 70.56, Acc@5: 96.67
2025-06-14 19:02:01,796 - log - INFO - iter:200/3669, clip_acc1=71.0, tta_acc1=71.0
2025-06-14 19:02:01,797 - log - INFO - iter:200/3669, Original Acc@1: 71.00, Acc@5: 99.00, TTA Acc@1: 71.00, Acc@5: 96.50
2025-06-14 19:02:54,771 - log - INFO - iter:220/3669, clip_acc1=72.7272720336914, tta_acc1=71.81817626953125
2025-06-14 19:02:54,771 - log - INFO - iter:220/3669, Original Acc@1: 72.73, Acc@5: 99.09, TTA Acc@1: 71.82, Acc@5: 96.82
2025-06-14 19:03:47,774 - log - INFO - iter:240/3669, clip_acc1=72.08333587646484, tta_acc1=70.0
2025-06-14 19:03:47,774 - log - INFO - iter:240/3669, Original Acc@1: 72.08, Acc@5: 99.17, TTA Acc@1: 70.00, Acc@5: 97.08
2025-06-14 19:04:40,828 - log - INFO - iter:260/3669, clip_acc1=71.92308044433594, tta_acc1=70.0
2025-06-14 19:04:40,828 - log - INFO - iter:260/3669, Original Acc@1: 71.92, Acc@5: 99.23, TTA Acc@1: 70.00, Acc@5: 97.31
2025-06-14 19:05:33,742 - log - INFO - iter:280/3669, clip_acc1=72.85713958740234, tta_acc1=71.07142639160156
2025-06-14 19:05:33,742 - log - INFO - iter:280/3669, Original Acc@1: 72.86, Acc@5: 99.29, TTA Acc@1: 71.07, Acc@5: 97.50
2025-06-14 19:06:26,825 - log - INFO - iter:300/3669, clip_acc1=73.0, tta_acc1=71.33333587646484
2025-06-14 19:06:26,826 - log - INFO - iter:300/3669, Original Acc@1: 73.00, Acc@5: 99.33, TTA Acc@1: 71.33, Acc@5: 97.67
2025-06-14 19:07:19,958 - log - INFO - iter:320/3669, clip_acc1=73.4375, tta_acc1=71.875
2025-06-14 19:07:19,958 - log - INFO - iter:320/3669, Original Acc@1: 73.44, Acc@5: 99.38, TTA Acc@1: 71.88, Acc@5: 97.81
2025-06-14 19:08:13,071 - log - INFO - iter:340/3669, clip_acc1=74.70588684082031, tta_acc1=72.94117736816406
2025-06-14 19:08:13,072 - log - INFO - iter:340/3669, Original Acc@1: 74.71, Acc@5: 99.41, TTA Acc@1: 72.94, Acc@5: 97.94
2025-06-14 19:09:05,990 - log - INFO - iter:360/3669, clip_acc1=75.55555725097656, tta_acc1=73.8888931274414
2025-06-14 19:09:05,990 - log - INFO - iter:360/3669, Original Acc@1: 75.56, Acc@5: 99.44, TTA Acc@1: 73.89, Acc@5: 98.06
2025-06-14 19:09:58,785 - log - INFO - iter:380/3669, clip_acc1=76.57894897460938, tta_acc1=74.73684692382812
2025-06-14 19:09:58,786 - log - INFO - iter:380/3669, Original Acc@1: 76.58, Acc@5: 99.47, TTA Acc@1: 74.74, Acc@5: 98.16
2025-06-14 19:10:51,703 - log - INFO - iter:400/3669, clip_acc1=77.75, tta_acc1=76.0
2025-06-14 19:10:51,703 - log - INFO - iter:400/3669, Original Acc@1: 77.75, Acc@5: 99.50, TTA Acc@1: 76.00, Acc@5: 98.25
2025-06-14 19:11:44,320 - log - INFO - iter:420/3669, clip_acc1=78.33333587646484, tta_acc1=76.66667175292969
2025-06-14 19:11:44,320 - log - INFO - iter:420/3669, Original Acc@1: 78.33, Acc@5: 99.29, TTA Acc@1: 76.67, Acc@5: 98.10
2025-06-14 19:12:37,060 - log - INFO - iter:440/3669, clip_acc1=79.31817626953125, tta_acc1=77.7272720336914
2025-06-14 19:12:37,060 - log - INFO - iter:440/3669, Original Acc@1: 79.32, Acc@5: 99.32, TTA Acc@1: 77.73, Acc@5: 98.18
2025-06-14 19:13:29,768 - log - INFO - iter:460/3669, clip_acc1=80.2173843383789, tta_acc1=78.69564819335938
2025-06-14 19:13:29,768 - log - INFO - iter:460/3669, Original Acc@1: 80.22, Acc@5: 99.35, TTA Acc@1: 78.70, Acc@5: 98.26
2025-06-14 19:14:22,559 - log - INFO - iter:480/3669, clip_acc1=81.04167175292969, tta_acc1=79.58333587646484
2025-06-14 19:14:22,559 - log - INFO - iter:480/3669, Original Acc@1: 81.04, Acc@5: 99.38, TTA Acc@1: 79.58, Acc@5: 98.33
2025-06-14 19:15:18,200 - log - INFO - iter:500/3669, clip_acc1=81.80000305175781, tta_acc1=80.4000015258789
2025-06-14 19:15:18,201 - log - INFO - iter:500/3669, Original Acc@1: 81.80, Acc@5: 99.40, TTA Acc@1: 80.40, Acc@5: 98.40
2025-06-14 19:16:11,091 - log - INFO - iter:520/3669, clip_acc1=82.11538696289062, tta_acc1=80.76923370361328
2025-06-14 19:16:11,092 - log - INFO - iter:520/3669, Original Acc@1: 82.12, Acc@5: 99.42, TTA Acc@1: 80.77, Acc@5: 98.46
2025-06-14 19:17:03,932 - log - INFO - iter:540/3669, clip_acc1=81.66666412353516, tta_acc1=80.55555725097656
2025-06-14 19:17:03,932 - log - INFO - iter:540/3669, Original Acc@1: 81.67, Acc@5: 99.44, TTA Acc@1: 80.56, Acc@5: 98.52
2025-06-14 19:17:56,734 - log - INFO - iter:560/3669, clip_acc1=81.25, tta_acc1=80.35713958740234
2025-06-14 19:17:56,734 - log - INFO - iter:560/3669, Original Acc@1: 81.25, Acc@5: 99.46, TTA Acc@1: 80.36, Acc@5: 98.39
2025-06-14 19:18:49,656 - log - INFO - iter:580/3669, clip_acc1=80.17241668701172, tta_acc1=80.0
2025-06-14 19:18:49,656 - log - INFO - iter:580/3669, Original Acc@1: 80.17, Acc@5: 99.48, TTA Acc@1: 80.00, Acc@5: 98.28
2025-06-14 19:19:42,295 - log - INFO - iter:600/3669, clip_acc1=80.16667175292969, tta_acc1=79.83333587646484
2025-06-14 19:19:42,296 - log - INFO - iter:600/3669, Original Acc@1: 80.17, Acc@5: 99.50, TTA Acc@1: 79.83, Acc@5: 98.33
2025-06-14 19:20:35,151 - log - INFO - iter:620/3669, clip_acc1=80.64515686035156, tta_acc1=80.16128540039062
2025-06-14 19:20:35,151 - log - INFO - iter:620/3669, Original Acc@1: 80.65, Acc@5: 99.52, TTA Acc@1: 80.16, Acc@5: 98.39
2025-06-14 19:21:27,966 - log - INFO - iter:640/3669, clip_acc1=80.46875, tta_acc1=79.6875
2025-06-14 19:21:27,967 - log - INFO - iter:640/3669, Original Acc@1: 80.47, Acc@5: 99.53, TTA Acc@1: 79.69, Acc@5: 98.44
2025-06-14 19:22:20,930 - log - INFO - iter:660/3669, clip_acc1=80.30302429199219, tta_acc1=78.48484802246094
2025-06-14 19:22:20,930 - log - INFO - iter:660/3669, Original Acc@1: 80.30, Acc@5: 99.55, TTA Acc@1: 78.48, Acc@5: 98.48
2025-06-14 19:23:13,483 - log - INFO - iter:680/3669, clip_acc1=80.88235473632812, tta_acc1=78.52941131591797
2025-06-14 19:23:13,484 - log - INFO - iter:680/3669, Original Acc@1: 80.88, Acc@5: 99.56, TTA Acc@1: 78.53, Acc@5: 98.53
2025-06-14 19:24:06,004 - log - INFO - iter:700/3669, clip_acc1=80.57142639160156, tta_acc1=78.28571319580078
2025-06-14 19:24:06,004 - log - INFO - iter:700/3669, Original Acc@1: 80.57, Acc@5: 99.29, TTA Acc@1: 78.29, Acc@5: 98.29
2025-06-14 19:24:59,001 - log - INFO - iter:720/3669, clip_acc1=78.33333587646484, tta_acc1=76.11111450195312
2025-06-14 19:24:59,001 - log - INFO - iter:720/3669, Original Acc@1: 78.33, Acc@5: 96.53, TTA Acc@1: 76.11, Acc@5: 95.56
2025-06-14 19:25:51,888 - log - INFO - iter:740/3669, clip_acc1=76.21621704101562, tta_acc1=74.0540542602539
2025-06-14 19:25:51,888 - log - INFO - iter:740/3669, Original Acc@1: 76.22, Acc@5: 93.92, TTA Acc@1: 74.05, Acc@5: 92.97
2025-06-14 19:26:44,607 - log - INFO - iter:760/3669, clip_acc1=74.21053314208984, tta_acc1=72.10526275634766
2025-06-14 19:26:44,607 - log - INFO - iter:760/3669, Original Acc@1: 74.21, Acc@5: 91.45, TTA Acc@1: 72.11, Acc@5: 90.53
2025-06-14 19:27:37,220 - log - INFO - iter:780/3669, clip_acc1=72.30769348144531, tta_acc1=70.25640869140625
2025-06-14 19:27:37,220 - log - INFO - iter:780/3669, Original Acc@1: 72.31, Acc@5: 89.10, TTA Acc@1: 70.26, Acc@5: 88.21
2025-06-14 19:28:29,970 - log - INFO - iter:800/3669, clip_acc1=71.875, tta_acc1=69.875
2025-06-14 19:28:29,970 - log - INFO - iter:800/3669, Original Acc@1: 71.88, Acc@5: 88.50, TTA Acc@1: 69.88, Acc@5: 87.50
2025-06-14 19:29:22,773 - log - INFO - iter:820/3669, clip_acc1=72.19512176513672, tta_acc1=70.0
2025-06-14 19:29:22,774 - log - INFO - iter:820/3669, Original Acc@1: 72.20, Acc@5: 88.78, TTA Acc@1: 70.00, Acc@5: 87.80
2025-06-14 19:30:15,671 - log - INFO - iter:840/3669, clip_acc1=72.73809814453125, tta_acc1=70.5952377319336
2025-06-14 19:30:15,672 - log - INFO - iter:840/3669, Original Acc@1: 72.74, Acc@5: 89.05, TTA Acc@1: 70.60, Acc@5: 88.10
2025-06-14 19:31:08,481 - log - INFO - iter:860/3669, clip_acc1=73.13953399658203, tta_acc1=70.81394958496094
2025-06-14 19:31:08,481 - log - INFO - iter:860/3669, Original Acc@1: 73.14, Acc@5: 89.30, TTA Acc@1: 70.81, Acc@5: 88.26
2025-06-14 19:32:01,321 - log - INFO - iter:880/3669, clip_acc1=73.63636016845703, tta_acc1=71.36363220214844
2025-06-14 19:32:01,321 - log - INFO - iter:880/3669, Original Acc@1: 73.64, Acc@5: 89.55, TTA Acc@1: 71.36, Acc@5: 88.52
2025-06-14 19:32:54,190 - log - INFO - iter:900/3669, clip_acc1=73.77777862548828, tta_acc1=71.77777862548828
2025-06-14 19:32:54,190 - log - INFO - iter:900/3669, Original Acc@1: 73.78, Acc@5: 89.78, TTA Acc@1: 71.78, Acc@5: 88.78
