2025-05-30 07:19:04,101 - log - INFO - ==========================================
data:/leonardo_work/EUHPC_R04_192/fmohamma/Adversarial_Robust_Clip/atpt_data/downstream_datasets
test_sets:Caltech101
dataset_mode:test
arch:ViT-L/14
resolution:224
workers:4
no_pin_memory:False
batch_size:64
print_freq:20
gpu:0
no_cudnn_benchmark:False
n_ctx:4
ctx_init:a_photo_of_a
tpt_loss:rtpt
seed:0
output_dir:/leonardo_work/EUHPC_R04_192/fmohamma/Adversarial_Robust_Clip/atpt_data/ViT-L/14/Caltech101
log_output_dir:/leonardo_work/EUHPC_R04_192/fmohamma/Adversarial_Robust_Clip/ATPT/Final_Results/ViT-L/14/Caltech101
eps:4.0
alpha:1.0
alpha_eps_ratio:4.0
steps:100
lr:0.005
selection_p:0.1
tta_steps:1
ensemble_type:none
top_k:20
softmax_temp:0.01
counter_attack:False
counter_attack_type:pgd
counter_attack_steps:0
counter_attack_eps:4.0
counter_attack_alpha:1.0
counter_attack_tau_thres:0.2
counter_attack_beta:2.0
counter_attack_weighted_perturbations:True
pgd_clip_pure_i_text_embeddings:null
pgd_counter_and_clipure_i_lamda:1.0
selected_id_name:selected_topk.json
weighted_score_name:weighted_scores.json
batch_entropy_name:entropies.json
log_dir:/leonardo_work/EUHPC_R04_192/fmohamma/Adversarial_Robust_Clip/ATPT/Final_Results/ViT-L/14/Caltech101/Adversarial_Eps_4_0_Steps_100/No_Counter_Attack/TPT/Optimization_Loss_rtpt_LR_0_005_Optimization_Steps_1_View_Selection_Fraction_0_1/Inference_Ensemble_none

2025-05-30 07:19:04,102 - log - INFO - Use GPU: 0 for training
2025-05-30 07:19:53,783 - log - INFO - Freezing all parameters except prompt learner
2025-05-30 07:19:53,785 - log - INFO - => Model created: visual backbone ViT-L/14
2025-05-30 07:19:53,806 - log - INFO - Number of test samples: 2465
2025-05-30 07:19:53,806 - log - INFO - Evaluating dataset: Caltech101
2025-05-30 07:19:53,807 - log - INFO - Starting evaluation with batch size: 64, selection percentage: 0.1
2025-05-30 07:19:53,807 - log - INFO - Test-time adaptation steps: 1, learning rate: 0.005
2025-05-30 07:19:53,807 - log - INFO - Using PGD attack with epsilon: 4.0, alpha: 1.0, steps: 100
2025-05-30 07:19:53,809 - log - INFO - Using directory for adversarial images: /leonardo_work/EUHPC_R04_192/fmohamma/Adversarial_Robust_Clip/atpt_data/ViT-L/14/Caltech101/adv_images_eps_4.0_alpha_1.0_steps_100
2025-05-30 07:19:55,856 - log - INFO - Loading existing adversarial image from /leonardo_work/EUHPC_R04_192/fmohamma/Adversarial_Robust_Clip/atpt_data/ViT-L/14/Caltech101/adv_images_eps_4.0_alpha_1.0_steps_100/Faces_image_0426.pt
2025-05-30 07:20:16,322 - log - INFO - Loading existing adversarial image from /leonardo_work/EUHPC_R04_192/fmohamma/Adversarial_Robust_Clip/atpt_data/ViT-L/14/Caltech101/adv_images_eps_4.0_alpha_1.0_steps_100/Faces_image_0239.pt
2025-05-30 07:20:19,212 - log - INFO - Loading existing adversarial image from /leonardo_work/EUHPC_R04_192/fmohamma/Adversarial_Robust_Clip/atpt_data/ViT-L/14/Caltech101/adv_images_eps_4.0_alpha_1.0_steps_100/Faces_image_0353.pt
2025-05-30 07:20:22,081 - log - INFO - Loading existing adversarial image from /leonardo_work/EUHPC_R04_192/fmohamma/Adversarial_Robust_Clip/atpt_data/ViT-L/14/Caltech101/adv_images_eps_4.0_alpha_1.0_steps_100/Faces_image_0320.pt
2025-05-30 07:20:24,932 - log - INFO - Loading existing adversarial image from /leonardo_work/EUHPC_R04_192/fmohamma/Adversarial_Robust_Clip/atpt_data/ViT-L/14/Caltech101/adv_images_eps_4.0_alpha_1.0_steps_100/Faces_image_0425.pt
2025-05-30 07:20:27,825 - log - INFO - Loading existing adversarial image from /leonardo_work/EUHPC_R04_192/fmohamma/Adversarial_Robust_Clip/atpt_data/ViT-L/14/Caltech101/adv_images_eps_4.0_alpha_1.0_steps_100/Faces_image_0200.pt
2025-05-30 07:20:30,765 - log - INFO - Loading existing adversarial image from /leonardo_work/EUHPC_R04_192/fmohamma/Adversarial_Robust_Clip/atpt_data/ViT-L/14/Caltech101/adv_images_eps_4.0_alpha_1.0_steps_100/Faces_image_0286.pt
2025-05-30 07:20:33,640 - log - INFO - Loading existing adversarial image from /leonardo_work/EUHPC_R04_192/fmohamma/Adversarial_Robust_Clip/atpt_data/ViT-L/14/Caltech101/adv_images_eps_4.0_alpha_1.0_steps_100/Faces_image_0268.pt
2025-05-30 07:20:36,460 - log - INFO - Loading existing adversarial image from /leonardo_work/EUHPC_R04_192/fmohamma/Adversarial_Robust_Clip/atpt_data/ViT-L/14/Caltech101/adv_images_eps_4.0_alpha_1.0_steps_100/Faces_image_0372.pt
2025-05-30 07:20:39,328 - log - INFO - Loading existing adversarial image from /leonardo_work/EUHPC_R04_192/fmohamma/Adversarial_Robust_Clip/atpt_data/ViT-L/14/Caltech101/adv_images_eps_4.0_alpha_1.0_steps_100/Faces_image_0157.pt
2025-05-30 07:20:42,240 - log - INFO - Loading existing adversarial image from /leonardo_work/EUHPC_R04_192/fmohamma/Adversarial_Robust_Clip/atpt_data/ViT-L/14/Caltech101/adv_images_eps_4.0_alpha_1.0_steps_100/Faces_image_0024.pt
2025-05-30 07:20:45,091 - log - INFO - Loading existing adversarial image from /leonardo_work/EUHPC_R04_192/fmohamma/Adversarial_Robust_Clip/atpt_data/ViT-L/14/Caltech101/adv_images_eps_4.0_alpha_1.0_steps_100/Faces_image_0047.pt
2025-05-30 07:20:47,936 - log - INFO - Loading existing adversarial image from /leonardo_work/EUHPC_R04_192/fmohamma/Adversarial_Robust_Clip/atpt_data/ViT-L/14/Caltech101/adv_images_eps_4.0_alpha_1.0_steps_100/Faces_image_0091.pt
2025-05-30 07:20:50,804 - log - INFO - Loading existing adversarial image from /leonardo_work/EUHPC_R04_192/fmohamma/Adversarial_Robust_Clip/atpt_data/ViT-L/14/Caltech101/adv_images_eps_4.0_alpha_1.0_steps_100/Faces_image_0283.pt
2025-05-30 07:20:53,671 - log - INFO - Loading existing adversarial image from /leonardo_work/EUHPC_R04_192/fmohamma/Adversarial_Robust_Clip/atpt_data/ViT-L/14/Caltech101/adv_images_eps_4.0_alpha_1.0_steps_100/Faces_image_0060.pt
2025-05-30 07:20:56,592 - log - INFO - Loading existing adversarial image from /leonardo_work/EUHPC_R04_192/fmohamma/Adversarial_Robust_Clip/atpt_data/ViT-L/14/Caltech101/adv_images_eps_4.0_alpha_1.0_steps_100/Faces_image_0078.pt
2025-05-30 07:20:59,435 - log - INFO - Loading existing adversarial image from /leonardo_work/EUHPC_R04_192/fmohamma/Adversarial_Robust_Clip/atpt_data/ViT-L/14/Caltech101/adv_images_eps_4.0_alpha_1.0_steps_100/Faces_image_0006.pt
2025-05-30 07:21:02,377 - log - INFO - Loading existing adversarial image from /leonardo_work/EUHPC_R04_192/fmohamma/Adversarial_Robust_Clip/atpt_data/ViT-L/14/Caltech101/adv_images_eps_4.0_alpha_1.0_steps_100/Faces_image_0331.pt
2025-05-30 07:21:05,266 - log - INFO - Loading existing adversarial image from /leonardo_work/EUHPC_R04_192/fmohamma/Adversarial_Robust_Clip/atpt_data/ViT-L/14/Caltech101/adv_images_eps_4.0_alpha_1.0_steps_100/Faces_image_0017.pt
2025-05-30 07:21:08,158 - log - INFO - Loading existing adversarial image from /leonardo_work/EUHPC_R04_192/fmohamma/Adversarial_Robust_Clip/atpt_data/ViT-L/14/Caltech101/adv_images_eps_4.0_alpha_1.0_steps_100/Faces_image_0290.pt
2025-05-30 07:21:11,018 - log - INFO - iter:20/2465, Original Adv Acc@1: 0.00, Acc@5: 0.00, TTA Adv Acc@1: 0.00, Acc@5: 5.00
2025-05-30 07:21:11,019 - log - INFO - Loading existing adversarial image from /leonardo_work/EUHPC_R04_192/fmohamma/Adversarial_Robust_Clip/atpt_data/ViT-L/14/Caltech101/adv_images_eps_4.0_alpha_1.0_steps_100/Faces_image_0036.pt
2025-05-30 07:21:13,858 - log - INFO - Loading existing adversarial image from /leonardo_work/EUHPC_R04_192/fmohamma/Adversarial_Robust_Clip/atpt_data/ViT-L/14/Caltech101/adv_images_eps_4.0_alpha_1.0_steps_100/Faces_image_0410.pt
2025-05-30 07:21:16,762 - log - INFO - Loading existing adversarial image from /leonardo_work/EUHPC_R04_192/fmohamma/Adversarial_Robust_Clip/atpt_data/ViT-L/14/Caltech101/adv_images_eps_4.0_alpha_1.0_steps_100/Faces_image_0219.pt
2025-05-30 07:21:19,654 - log - INFO - Loading existing adversarial image from /leonardo_work/EUHPC_R04_192/fmohamma/Adversarial_Robust_Clip/atpt_data/ViT-L/14/Caltech101/adv_images_eps_4.0_alpha_1.0_steps_100/Faces_image_0404.pt
2025-05-30 07:21:22,539 - log - INFO - Loading existing adversarial image from /leonardo_work/EUHPC_R04_192/fmohamma/Adversarial_Robust_Clip/atpt_data/ViT-L/14/Caltech101/adv_images_eps_4.0_alpha_1.0_steps_100/Faces_image_0344.pt
2025-05-30 07:21:25,402 - log - INFO - Loading existing adversarial image from /leonardo_work/EUHPC_R04_192/fmohamma/Adversarial_Robust_Clip/atpt_data/ViT-L/14/Caltech101/adv_images_eps_4.0_alpha_1.0_steps_100/Faces_image_0143.pt
2025-05-30 07:21:28,307 - log - INFO - Loading existing adversarial image from /leonardo_work/EUHPC_R04_192/fmohamma/Adversarial_Robust_Clip/atpt_data/ViT-L/14/Caltech101/adv_images_eps_4.0_alpha_1.0_steps_100/Faces_image_0195.pt
2025-05-30 07:21:31,164 - log - INFO - Loading existing adversarial image from /leonardo_work/EUHPC_R04_192/fmohamma/Adversarial_Robust_Clip/atpt_data/ViT-L/14/Caltech101/adv_images_eps_4.0_alpha_1.0_steps_100/Faces_image_0189.pt
2025-05-30 07:21:34,047 - log - INFO - Loading existing adversarial image from /leonardo_work/EUHPC_R04_192/fmohamma/Adversarial_Robust_Clip/atpt_data/ViT-L/14/Caltech101/adv_images_eps_4.0_alpha_1.0_steps_100/Faces_image_0014.pt
2025-05-30 07:21:36,931 - log - INFO - Loading existing adversarial image from /leonardo_work/EUHPC_R04_192/fmohamma/Adversarial_Robust_Clip/atpt_data/ViT-L/14/Caltech101/adv_images_eps_4.0_alpha_1.0_steps_100/Faces_image_0407.pt
2025-05-30 07:21:39,804 - log - INFO - Loading existing adversarial image from /leonardo_work/EUHPC_R04_192/fmohamma/Adversarial_Robust_Clip/atpt_data/ViT-L/14/Caltech101/adv_images_eps_4.0_alpha_1.0_steps_100/Faces_image_0100.pt
2025-05-30 07:21:42,658 - log - INFO - Loading existing adversarial image from /leonardo_work/EUHPC_R04_192/fmohamma/Adversarial_Robust_Clip/atpt_data/ViT-L/14/Caltech101/adv_images_eps_4.0_alpha_1.0_steps_100/Faces_image_0098.pt
2025-05-30 07:21:45,552 - log - INFO - Loading existing adversarial image from /leonardo_work/EUHPC_R04_192/fmohamma/Adversarial_Robust_Clip/atpt_data/ViT-L/14/Caltech101/adv_images_eps_4.0_alpha_1.0_steps_100/Faces_image_0397.pt
2025-05-30 07:21:48,431 - log - INFO - Loading existing adversarial image from /leonardo_work/EUHPC_R04_192/fmohamma/Adversarial_Robust_Clip/atpt_data/ViT-L/14/Caltech101/adv_images_eps_4.0_alpha_1.0_steps_100/Faces_image_0249.pt
2025-05-30 07:21:51,310 - log - INFO - Loading existing adversarial image from /leonardo_work/EUHPC_R04_192/fmohamma/Adversarial_Robust_Clip/atpt_data/ViT-L/14/Caltech101/adv_images_eps_4.0_alpha_1.0_steps_100/Faces_image_0332.pt
2025-05-30 07:21:54,193 - log - INFO - Loading existing adversarial image from /leonardo_work/EUHPC_R04_192/fmohamma/Adversarial_Robust_Clip/atpt_data/ViT-L/14/Caltech101/adv_images_eps_4.0_alpha_1.0_steps_100/Faces_image_0090.pt
2025-05-30 07:21:57,016 - log - INFO - Loading existing adversarial image from /leonardo_work/EUHPC_R04_192/fmohamma/Adversarial_Robust_Clip/atpt_data/ViT-L/14/Caltech101/adv_images_eps_4.0_alpha_1.0_steps_100/Faces_image_0244.pt
2025-05-30 07:21:59,878 - log - INFO - Loading existing adversarial image from /leonardo_work/EUHPC_R04_192/fmohamma/Adversarial_Robust_Clip/atpt_data/ViT-L/14/Caltech101/adv_images_eps_4.0_alpha_1.0_steps_100/Faces_image_0207.pt
2025-05-30 07:22:02,796 - log - INFO - Loading existing adversarial image from /leonardo_work/EUHPC_R04_192/fmohamma/Adversarial_Robust_Clip/atpt_data/ViT-L/14/Caltech101/adv_images_eps_4.0_alpha_1.0_steps_100/Faces_image_0133.pt
2025-05-30 07:22:05,657 - log - INFO - Loading existing adversarial image from /leonardo_work/EUHPC_R04_192/fmohamma/Adversarial_Robust_Clip/atpt_data/ViT-L/14/Caltech101/adv_images_eps_4.0_alpha_1.0_steps_100/Faces_image_0013.pt
2025-05-30 07:22:08,535 - log - INFO - iter:40/2465, Original Adv Acc@1: 0.00, Acc@5: 0.00, TTA Adv Acc@1: 0.00, Acc@5: 2.50
2025-05-30 07:22:08,535 - log - INFO - Loading existing adversarial image from /leonardo_work/EUHPC_R04_192/fmohamma/Adversarial_Robust_Clip/atpt_data/ViT-L/14/Caltech101/adv_images_eps_4.0_alpha_1.0_steps_100/Faces_image_0107.pt
2025-05-30 07:22:11,439 - log - INFO - Loading existing adversarial image from /leonardo_work/EUHPC_R04_192/fmohamma/Adversarial_Robust_Clip/atpt_data/ViT-L/14/Caltech101/adv_images_eps_4.0_alpha_1.0_steps_100/Faces_image_0152.pt
2025-05-30 07:22:14,280 - log - INFO - Loading existing adversarial image from /leonardo_work/EUHPC_R04_192/fmohamma/Adversarial_Robust_Clip/atpt_data/ViT-L/14/Caltech101/adv_images_eps_4.0_alpha_1.0_steps_100/Faces_image_0400.pt
2025-05-30 07:22:17,104 - log - INFO - Loading existing adversarial image from /leonardo_work/EUHPC_R04_192/fmohamma/Adversarial_Robust_Clip/atpt_data/ViT-L/14/Caltech101/adv_images_eps_4.0_alpha_1.0_steps_100/Faces_image_0021.pt
2025-05-30 07:22:19,953 - log - INFO - Loading existing adversarial image from /leonardo_work/EUHPC_R04_192/fmohamma/Adversarial_Robust_Clip/atpt_data/ViT-L/14/Caltech101/adv_images_eps_4.0_alpha_1.0_steps_100/Faces_image_0198.pt
2025-05-30 07:22:22,822 - log - INFO - Loading existing adversarial image from /leonardo_work/EUHPC_R04_192/fmohamma/Adversarial_Robust_Clip/atpt_data/ViT-L/14/Caltech101/adv_images_eps_4.0_alpha_1.0_steps_100/Faces_image_0224.pt
2025-05-30 07:22:25,686 - log - INFO - Loading existing adversarial image from /leonardo_work/EUHPC_R04_192/fmohamma/Adversarial_Robust_Clip/atpt_data/ViT-L/14/Caltech101/adv_images_eps_4.0_alpha_1.0_steps_100/Faces_image_0148.pt
2025-05-30 07:22:28,552 - log - INFO - Loading existing adversarial image from /leonardo_work/EUHPC_R04_192/fmohamma/Adversarial_Robust_Clip/atpt_data/ViT-L/14/Caltech101/adv_images_eps_4.0_alpha_1.0_steps_100/Faces_image_0328.pt
2025-05-30 07:22:31,426 - log - INFO - Loading existing adversarial image from /leonardo_work/EUHPC_R04_192/fmohamma/Adversarial_Robust_Clip/atpt_data/ViT-L/14/Caltech101/adv_images_eps_4.0_alpha_1.0_steps_100/Faces_image_0066.pt
2025-05-30 07:22:34,315 - log - INFO - Loading existing adversarial image from /leonardo_work/EUHPC_R04_192/fmohamma/Adversarial_Robust_Clip/atpt_data/ViT-L/14/Caltech101/adv_images_eps_4.0_alpha_1.0_steps_100/Faces_image_0045.pt
2025-05-30 07:22:37,219 - log - INFO - Loading existing adversarial image from /leonardo_work/EUHPC_R04_192/fmohamma/Adversarial_Robust_Clip/atpt_data/ViT-L/14/Caltech101/adv_images_eps_4.0_alpha_1.0_steps_100/Faces_image_0075.pt
2025-05-30 07:22:40,103 - log - INFO - Loading existing adversarial image from /leonardo_work/EUHPC_R04_192/fmohamma/Adversarial_Robust_Clip/atpt_data/ViT-L/14/Caltech101/adv_images_eps_4.0_alpha_1.0_steps_100/Faces_image_0025.pt
2025-05-30 07:22:42,969 - log - INFO - Loading existing adversarial image from /leonardo_work/EUHPC_R04_192/fmohamma/Adversarial_Robust_Clip/atpt_data/ViT-L/14/Caltech101/adv_images_eps_4.0_alpha_1.0_steps_100/Faces_image_0158.pt
2025-05-30 07:22:45,845 - log - INFO - Loading existing adversarial image from /leonardo_work/EUHPC_R04_192/fmohamma/Adversarial_Robust_Clip/atpt_data/ViT-L/14/Caltech101/adv_images_eps_4.0_alpha_1.0_steps_100/Faces_image_0203.pt
2025-05-30 07:22:48,719 - log - INFO - Loading existing adversarial image from /leonardo_work/EUHPC_R04_192/fmohamma/Adversarial_Robust_Clip/atpt_data/ViT-L/14/Caltech101/adv_images_eps_4.0_alpha_1.0_steps_100/Faces_image_0434.pt
2025-05-30 07:22:51,579 - log - INFO - Loading existing adversarial image from /leonardo_work/EUHPC_R04_192/fmohamma/Adversarial_Robust_Clip/atpt_data/ViT-L/14/Caltech101/adv_images_eps_4.0_alpha_1.0_steps_100/Faces_image_0034.pt
2025-05-30 07:22:54,431 - log - INFO - Loading existing adversarial image from /leonardo_work/EUHPC_R04_192/fmohamma/Adversarial_Robust_Clip/atpt_data/ViT-L/14/Caltech101/adv_images_eps_4.0_alpha_1.0_steps_100/Faces_image_0028.pt
2025-05-30 07:22:57,252 - log - INFO - Loading existing adversarial image from /leonardo_work/EUHPC_R04_192/fmohamma/Adversarial_Robust_Clip/atpt_data/ViT-L/14/Caltech101/adv_images_eps_4.0_alpha_1.0_steps_100/Faces_image_0319.pt
2025-05-30 07:23:00,118 - log - INFO - Loading existing adversarial image from /leonardo_work/EUHPC_R04_192/fmohamma/Adversarial_Robust_Clip/atpt_data/ViT-L/14/Caltech101/adv_images_eps_4.0_alpha_1.0_steps_100/Faces_image_0216.pt
2025-05-30 07:23:03,002 - log - INFO - Loading existing adversarial image from /leonardo_work/EUHPC_R04_192/fmohamma/Adversarial_Robust_Clip/atpt_data/ViT-L/14/Caltech101/adv_images_eps_4.0_alpha_1.0_steps_100/Faces_image_0218.pt
2025-05-30 07:23:05,845 - log - INFO - iter:60/2465, Original Adv Acc@1: 0.00, Acc@5: 0.00, TTA Adv Acc@1: 0.00, Acc@5: 1.67
2025-05-30 07:23:05,845 - log - INFO - Loading existing adversarial image from /leonardo_work/EUHPC_R04_192/fmohamma/Adversarial_Robust_Clip/atpt_data/ViT-L/14/Caltech101/adv_images_eps_4.0_alpha_1.0_steps_100/Faces_image_0103.pt
2025-05-30 07:23:08,715 - log - INFO - Loading existing adversarial image from /leonardo_work/EUHPC_R04_192/fmohamma/Adversarial_Robust_Clip/atpt_data/ViT-L/14/Caltech101/adv_images_eps_4.0_alpha_1.0_steps_100/Faces_image_0027.pt
2025-05-30 07:23:11,585 - log - INFO - Loading existing adversarial image from /leonardo_work/EUHPC_R04_192/fmohamma/Adversarial_Robust_Clip/atpt_data/ViT-L/14/Caltech101/adv_images_eps_4.0_alpha_1.0_steps_100/Faces_image_0131.pt
2025-05-30 07:23:14,470 - log - INFO - Loading existing adversarial image from /leonardo_work/EUHPC_R04_192/fmohamma/Adversarial_Robust_Clip/atpt_data/ViT-L/14/Caltech101/adv_images_eps_4.0_alpha_1.0_steps_100/Faces_image_0336.pt
2025-05-30 07:23:17,302 - log - INFO - Loading existing adversarial image from /leonardo_work/EUHPC_R04_192/fmohamma/Adversarial_Robust_Clip/atpt_data/ViT-L/14/Caltech101/adv_images_eps_4.0_alpha_1.0_steps_100/Faces_image_0076.pt
2025-05-30 07:23:20,145 - log - INFO - Loading existing adversarial image from /leonardo_work/EUHPC_R04_192/fmohamma/Adversarial_Robust_Clip/atpt_data/ViT-L/14/Caltech101/adv_images_eps_4.0_alpha_1.0_steps_100/Faces_image_0243.pt
2025-05-30 07:23:23,036 - log - INFO - Loading existing adversarial image from /leonardo_work/EUHPC_R04_192/fmohamma/Adversarial_Robust_Clip/atpt_data/ViT-L/14/Caltech101/adv_images_eps_4.0_alpha_1.0_steps_100/Faces_image_0393.pt
2025-05-30 07:23:25,872 - log - INFO - Loading existing adversarial image from /leonardo_work/EUHPC_R04_192/fmohamma/Adversarial_Robust_Clip/atpt_data/ViT-L/14/Caltech101/adv_images_eps_4.0_alpha_1.0_steps_100/Faces_image_0230.pt
2025-05-30 07:23:28,728 - log - INFO - Loading existing adversarial image from /leonardo_work/EUHPC_R04_192/fmohamma/Adversarial_Robust_Clip/atpt_data/ViT-L/14/Caltech101/adv_images_eps_4.0_alpha_1.0_steps_100/Faces_image_0083.pt
2025-05-30 07:23:31,591 - log - INFO - Loading existing adversarial image from /leonardo_work/EUHPC_R04_192/fmohamma/Adversarial_Robust_Clip/atpt_data/ViT-L/14/Caltech101/adv_images_eps_4.0_alpha_1.0_steps_100/Faces_image_0010.pt
2025-05-30 07:23:34,436 - log - INFO - Loading existing adversarial image from /leonardo_work/EUHPC_R04_192/fmohamma/Adversarial_Robust_Clip/atpt_data/ViT-L/14/Caltech101/adv_images_eps_4.0_alpha_1.0_steps_100/Faces_image_0180.pt
2025-05-30 07:23:37,303 - log - INFO - Loading existing adversarial image from /leonardo_work/EUHPC_R04_192/fmohamma/Adversarial_Robust_Clip/atpt_data/ViT-L/14/Caltech101/adv_images_eps_4.0_alpha_1.0_steps_100/Faces_image_0368.pt
2025-05-30 07:23:40,158 - log - INFO - Loading existing adversarial image from /leonardo_work/EUHPC_R04_192/fmohamma/Adversarial_Robust_Clip/atpt_data/ViT-L/14/Caltech101/adv_images_eps_4.0_alpha_1.0_steps_100/Faces_image_0414.pt
2025-05-30 07:23:42,973 - log - INFO - Loading existing adversarial image from /leonardo_work/EUHPC_R04_192/fmohamma/Adversarial_Robust_Clip/atpt_data/ViT-L/14/Caltech101/adv_images_eps_4.0_alpha_1.0_steps_100/Faces_image_0206.pt
2025-05-30 07:23:45,797 - log - INFO - Loading existing adversarial image from /leonardo_work/EUHPC_R04_192/fmohamma/Adversarial_Robust_Clip/atpt_data/ViT-L/14/Caltech101/adv_images_eps_4.0_alpha_1.0_steps_100/Faces_image_0192.pt
2025-05-30 07:23:48,647 - log - INFO - Loading existing adversarial image from /leonardo_work/EUHPC_R04_192/fmohamma/Adversarial_Robust_Clip/atpt_data/ViT-L/14/Caltech101/adv_images_eps_4.0_alpha_1.0_steps_100/Faces_image_0288.pt
2025-05-30 07:23:51,526 - log - INFO - Loading existing adversarial image from /leonardo_work/EUHPC_R04_192/fmohamma/Adversarial_Robust_Clip/atpt_data/ViT-L/14/Caltech101/adv_images_eps_4.0_alpha_1.0_steps_100/Faces_image_0424.pt
2025-05-30 07:23:54,378 - log - INFO - Loading existing adversarial image from /leonardo_work/EUHPC_R04_192/fmohamma/Adversarial_Robust_Clip/atpt_data/ViT-L/14/Caltech101/adv_images_eps_4.0_alpha_1.0_steps_100/Faces_image_0122.pt
2025-05-30 07:23:57,226 - log - INFO - Loading existing adversarial image from /leonardo_work/EUHPC_R04_192/fmohamma/Adversarial_Robust_Clip/atpt_data/ViT-L/14/Caltech101/adv_images_eps_4.0_alpha_1.0_steps_100/Faces_image_0184.pt
2025-05-30 07:24:00,101 - log - INFO - Loading existing adversarial image from /leonardo_work/EUHPC_R04_192/fmohamma/Adversarial_Robust_Clip/atpt_data/ViT-L/14/Caltech101/adv_images_eps_4.0_alpha_1.0_steps_100/Faces_image_0413.pt
2025-05-30 07:24:02,968 - log - INFO - iter:80/2465, Original Adv Acc@1: 0.00, Acc@5: 0.00, TTA Adv Acc@1: 0.00, Acc@5: 1.25
2025-05-30 07:24:02,969 - log - INFO - Loading existing adversarial image from /leonardo_work/EUHPC_R04_192/fmohamma/Adversarial_Robust_Clip/atpt_data/ViT-L/14/Caltech101/adv_images_eps_4.0_alpha_1.0_steps_100/Faces_image_0227.pt
2025-05-30 07:24:05,822 - log - INFO - Loading existing adversarial image from /leonardo_work/EUHPC_R04_192/fmohamma/Adversarial_Robust_Clip/atpt_data/ViT-L/14/Caltech101/adv_images_eps_4.0_alpha_1.0_steps_100/Faces_image_0412.pt
2025-05-30 07:24:08,711 - log - INFO - Loading existing adversarial image from /leonardo_work/EUHPC_R04_192/fmohamma/Adversarial_Robust_Clip/atpt_data/ViT-L/14/Caltech101/adv_images_eps_4.0_alpha_1.0_steps_100/Faces_image_0282.pt
2025-05-30 07:24:11,581 - log - INFO - Loading existing adversarial image from /leonardo_work/EUHPC_R04_192/fmohamma/Adversarial_Robust_Clip/atpt_data/ViT-L/14/Caltech101/adv_images_eps_4.0_alpha_1.0_steps_100/Faces_image_0254.pt
2025-05-30 07:24:14,421 - log - INFO - Loading existing adversarial image from /leonardo_work/EUHPC_R04_192/fmohamma/Adversarial_Robust_Clip/atpt_data/ViT-L/14/Caltech101/adv_images_eps_4.0_alpha_1.0_steps_100/Faces_image_0113.pt
2025-05-30 07:24:17,232 - log - INFO - Loading existing adversarial image from /leonardo_work/EUHPC_R04_192/fmohamma/Adversarial_Robust_Clip/atpt_data/ViT-L/14/Caltech101/adv_images_eps_4.0_alpha_1.0_steps_100/Faces_image_0298.pt
2025-05-30 07:24:20,082 - log - INFO - Loading existing adversarial image from /leonardo_work/EUHPC_R04_192/fmohamma/Adversarial_Robust_Clip/atpt_data/ViT-L/14/Caltech101/adv_images_eps_4.0_alpha_1.0_steps_100/Faces_image_0289.pt
2025-05-30 07:24:22,938 - log - INFO - Loading existing adversarial image from /leonardo_work/EUHPC_R04_192/fmohamma/Adversarial_Robust_Clip/atpt_data/ViT-L/14/Caltech101/adv_images_eps_4.0_alpha_1.0_steps_100/Faces_image_0384.pt
2025-05-30 07:24:25,791 - log - INFO - Loading existing adversarial image from /leonardo_work/EUHPC_R04_192/fmohamma/Adversarial_Robust_Clip/atpt_data/ViT-L/14/Caltech101/adv_images_eps_4.0_alpha_1.0_steps_100/Faces_image_0370.pt
2025-05-30 07:24:28,654 - log - INFO - Loading existing adversarial image from /leonardo_work/EUHPC_R04_192/fmohamma/Adversarial_Robust_Clip/atpt_data/ViT-L/14/Caltech101/adv_images_eps_4.0_alpha_1.0_steps_100/Faces_image_0307.pt
2025-05-30 07:24:31,510 - log - INFO - Loading existing adversarial image from /leonardo_work/EUHPC_R04_192/fmohamma/Adversarial_Robust_Clip/atpt_data/ViT-L/14/Caltech101/adv_images_eps_4.0_alpha_1.0_steps_100/Faces_image_0419.pt
2025-05-30 07:24:34,365 - log - INFO - Loading existing adversarial image from /leonardo_work/EUHPC_R04_192/fmohamma/Adversarial_Robust_Clip/atpt_data/ViT-L/14/Caltech101/adv_images_eps_4.0_alpha_1.0_steps_100/Faces_image_0299.pt
2025-05-30 07:24:37,260 - log - INFO - Loading existing adversarial image from /leonardo_work/EUHPC_R04_192/fmohamma/Adversarial_Robust_Clip/atpt_data/ViT-L/14/Caltech101/adv_images_eps_4.0_alpha_1.0_steps_100/Faces_image_0087.pt
2025-05-30 07:24:40,107 - log - INFO - Loading existing adversarial image from /leonardo_work/EUHPC_R04_192/fmohamma/Adversarial_Robust_Clip/atpt_data/ViT-L/14/Caltech101/adv_images_eps_4.0_alpha_1.0_steps_100/Faces_image_0359.pt
2025-05-30 07:24:42,955 - log - INFO - Loading existing adversarial image from /leonardo_work/EUHPC_R04_192/fmohamma/Adversarial_Robust_Clip/atpt_data/ViT-L/14/Caltech101/adv_images_eps_4.0_alpha_1.0_steps_100/Faces_image_0161.pt
