2025-06-04 07:48:37,006 - log - INFO - ==========================================
data:/l/users/hashmat.malik/downstream_datasets
test_sets:UCF101
dataset_mode:test
arch:fare4
resolution:224
workers:4
no_pin_memory:False
batch_size:64
print_freq:20
gpu:0
no_cudnn_benchmark:False
n_ctx:4
ctx_init:a_photo_of_a
tpt_loss:rtpt
seed:0
output_dir:/l/users/hashmat.malik/atpt_results/fare4/UCF101
log_output_dir:/l/users/hashmat.malik/Projects/ATPT/Final_Results/fare4/UCF101
eps:0.0
alpha:0.0
alpha_eps_ratio:4.0
steps:0
lr:0.005
selection_p:0.1
tta_steps:0
ensemble_type:none
top_k:20
softmax_temp:0.01
counter_attack:True
counter_attack_type:pgd
counter_attack_steps:0
counter_attack_eps:2.0
counter_attack_alpha:1.0
counter_attack_tau_thres:0.2
counter_attack_beta:2.0
counter_attack_weighted_perturbations:True
pgd_clip_pure_i_text_embeddings:null
pgd_counter_and_clipure_i_lamda:1.0
selected_id_name:selected_topk.json
weighted_score_name:weighted_scores.json
batch_entropy_name:entropies.json
log_dir:/l/users/hashmat.malik/Projects/ATPT/Final_Results/fare4/UCF101/Clean/Counter_Attack/Eps_2_0_Steps_0_Alpha_1_0/tau_0_2_beta_2_0_weighted_pertrubation_True/No_TPT/Inference_Ensemble_none

2025-06-04 07:48:37,007 - log - INFO - Use GPU: 0 for training
2025-06-04 07:48:49,364 - log - INFO - Freezing all parameters except prompt learner
2025-06-04 07:48:49,365 - log - INFO - => Model created: visual backbone fare4
2025-06-04 07:48:49,378 - log - INFO - Number of test samples: 3783
2025-06-04 07:48:49,379 - log - INFO - Evaluating dataset: UCF101
2025-06-04 07:48:49,380 - log - INFO - Starting evaluation with batch size: 64, selection percentage: 0.1
2025-06-04 07:48:49,380 - log - INFO - Test-time adaptation steps: 0, learning rate: 0.005
2025-06-04 07:48:49,380 - log - INFO - Using counter-attack with epsilon: 2.000000, alpha: 0.000000, steps: 0, tau_thres: 0.2, beta: 2.0, weighted perturbation: True
2025-06-04 07:49:41,974 - log - INFO - iter:20/3783, clip_acc1=95.0, tta_acc1=95.0
2025-06-04 07:49:41,975 - log - INFO - iter:20/3783, Original Acc@1: 95.00, Acc@5: 100.00, TTA Acc@1: 95.00, Acc@5: 100.00
2025-06-04 07:50:31,976 - log - INFO - iter:40/3783, clip_acc1=95.0, tta_acc1=95.0
2025-06-04 07:50:31,977 - log - INFO - iter:40/3783, Original Acc@1: 95.00, Acc@5: 100.00, TTA Acc@1: 95.00, Acc@5: 100.00
2025-06-04 07:51:21,785 - log - INFO - iter:60/3783, clip_acc1=83.33333587646484, tta_acc1=83.33333587646484
2025-06-04 07:51:21,785 - log - INFO - iter:60/3783, Original Acc@1: 83.33, Acc@5: 100.00, TTA Acc@1: 83.33, Acc@5: 100.00
2025-06-04 07:52:11,537 - log - INFO - iter:80/3783, clip_acc1=83.75, tta_acc1=83.75
2025-06-04 07:52:11,537 - log - INFO - iter:80/3783, Original Acc@1: 83.75, Acc@5: 100.00, TTA Acc@1: 83.75, Acc@5: 100.00
2025-06-04 07:53:00,808 - log - INFO - iter:100/3783, clip_acc1=84.0, tta_acc1=84.0
2025-06-04 07:53:00,808 - log - INFO - iter:100/3783, Original Acc@1: 84.00, Acc@5: 99.00, TTA Acc@1: 84.00, Acc@5: 99.00
2025-06-04 07:53:50,882 - log - INFO - iter:120/3783, clip_acc1=81.66667175292969, tta_acc1=81.66667175292969
2025-06-04 07:53:50,882 - log - INFO - iter:120/3783, Original Acc@1: 81.67, Acc@5: 96.67, TTA Acc@1: 81.67, Acc@5: 96.67
2025-06-04 07:54:40,346 - log - INFO - iter:140/3783, clip_acc1=83.57142639160156, tta_acc1=83.57142639160156
2025-06-04 07:54:40,346 - log - INFO - iter:140/3783, Original Acc@1: 83.57, Acc@5: 97.14, TTA Acc@1: 83.57, Acc@5: 97.14
2025-06-04 07:55:30,055 - log - INFO - iter:160/3783, clip_acc1=80.625, tta_acc1=80.625
2025-06-04 07:55:30,055 - log - INFO - iter:160/3783, Original Acc@1: 80.62, Acc@5: 97.50, TTA Acc@1: 80.62, Acc@5: 97.50
2025-06-04 07:56:19,865 - log - INFO - iter:180/3783, clip_acc1=72.22222137451172, tta_acc1=72.22222137451172
2025-06-04 07:56:19,865 - log - INFO - iter:180/3783, Original Acc@1: 72.22, Acc@5: 95.00, TTA Acc@1: 72.22, Acc@5: 95.00
2025-06-04 07:57:09,562 - log - INFO - iter:200/3783, clip_acc1=73.5, tta_acc1=73.5
2025-06-04 07:57:09,562 - log - INFO - iter:200/3783, Original Acc@1: 73.50, Acc@5: 95.50, TTA Acc@1: 73.50, Acc@5: 95.50
2025-06-04 07:57:59,127 - log - INFO - iter:220/3783, clip_acc1=74.54545593261719, tta_acc1=74.54545593261719
2025-06-04 07:57:59,128 - log - INFO - iter:220/3783, Original Acc@1: 74.55, Acc@5: 95.91, TTA Acc@1: 74.55, Acc@5: 95.91
2025-06-04 07:58:48,365 - log - INFO - iter:240/3783, clip_acc1=74.16667175292969, tta_acc1=74.16667175292969
2025-06-04 07:58:48,366 - log - INFO - iter:240/3783, Original Acc@1: 74.17, Acc@5: 94.17, TTA Acc@1: 74.17, Acc@5: 94.17
2025-06-04 07:59:37,605 - log - INFO - iter:260/3783, clip_acc1=76.15384674072266, tta_acc1=76.15384674072266
2025-06-04 07:59:37,605 - log - INFO - iter:260/3783, Original Acc@1: 76.15, Acc@5: 94.62, TTA Acc@1: 76.15, Acc@5: 94.62
2025-06-04 08:00:27,316 - log - INFO - iter:280/3783, clip_acc1=73.92857360839844, tta_acc1=73.92857360839844
2025-06-04 08:00:27,316 - log - INFO - iter:280/3783, Original Acc@1: 73.93, Acc@5: 95.00, TTA Acc@1: 73.93, Acc@5: 95.00
2025-06-04 08:01:16,530 - log - INFO - iter:300/3783, clip_acc1=70.0, tta_acc1=70.0
2025-06-04 08:01:16,530 - log - INFO - iter:300/3783, Original Acc@1: 70.00, Acc@5: 94.00, TTA Acc@1: 70.00, Acc@5: 94.00
2025-06-04 08:02:06,303 - log - INFO - iter:320/3783, clip_acc1=70.625, tta_acc1=70.625
2025-06-04 08:02:06,304 - log - INFO - iter:320/3783, Original Acc@1: 70.62, Acc@5: 94.06, TTA Acc@1: 70.62, Acc@5: 94.06
2025-06-04 08:02:56,132 - log - INFO - iter:340/3783, clip_acc1=72.05882263183594, tta_acc1=72.05882263183594
2025-06-04 08:02:56,133 - log - INFO - iter:340/3783, Original Acc@1: 72.06, Acc@5: 94.41, TTA Acc@1: 72.06, Acc@5: 94.41
2025-06-04 08:03:45,535 - log - INFO - iter:360/3783, clip_acc1=73.05555725097656, tta_acc1=73.05555725097656
2025-06-04 08:03:45,535 - log - INFO - iter:360/3783, Original Acc@1: 73.06, Acc@5: 94.72, TTA Acc@1: 73.06, Acc@5: 94.72
2025-06-04 08:04:34,568 - log - INFO - iter:380/3783, clip_acc1=74.47368621826172, tta_acc1=74.47368621826172
2025-06-04 08:04:34,569 - log - INFO - iter:380/3783, Original Acc@1: 74.47, Acc@5: 95.00, TTA Acc@1: 74.47, Acc@5: 95.00
2025-06-04 08:05:24,432 - log - INFO - iter:400/3783, clip_acc1=75.75, tta_acc1=75.75
2025-06-04 08:05:24,432 - log - INFO - iter:400/3783, Original Acc@1: 75.75, Acc@5: 95.25, TTA Acc@1: 75.75, Acc@5: 95.25
2025-06-04 08:06:14,694 - log - INFO - iter:420/3783, clip_acc1=76.42857360839844, tta_acc1=76.42857360839844
2025-06-04 08:06:14,694 - log - INFO - iter:420/3783, Original Acc@1: 76.43, Acc@5: 95.24, TTA Acc@1: 76.43, Acc@5: 95.24
2025-06-04 08:07:04,920 - log - INFO - iter:440/3783, clip_acc1=77.5, tta_acc1=77.5
2025-06-04 08:07:04,920 - log - INFO - iter:440/3783, Original Acc@1: 77.50, Acc@5: 95.45, TTA Acc@1: 77.50, Acc@5: 95.45
2025-06-04 08:07:54,580 - log - INFO - iter:460/3783, clip_acc1=78.47825622558594, tta_acc1=78.47825622558594
2025-06-04 08:07:54,580 - log - INFO - iter:460/3783, Original Acc@1: 78.48, Acc@5: 95.65, TTA Acc@1: 78.48, Acc@5: 95.65
2025-06-04 08:08:44,136 - log - INFO - iter:480/3783, clip_acc1=78.54167175292969, tta_acc1=78.54167175292969
2025-06-04 08:08:44,136 - log - INFO - iter:480/3783, Original Acc@1: 78.54, Acc@5: 95.83, TTA Acc@1: 78.54, Acc@5: 95.83
2025-06-04 08:09:33,908 - log - INFO - iter:500/3783, clip_acc1=77.60000610351562, tta_acc1=77.60000610351562
2025-06-04 08:09:33,908 - log - INFO - iter:500/3783, Original Acc@1: 77.60, Acc@5: 95.60, TTA Acc@1: 77.60, Acc@5: 95.60
2025-06-04 08:10:23,788 - log - INFO - iter:520/3783, clip_acc1=77.88461303710938, tta_acc1=77.88461303710938
2025-06-04 08:10:23,788 - log - INFO - iter:520/3783, Original Acc@1: 77.88, Acc@5: 95.58, TTA Acc@1: 77.88, Acc@5: 95.58
2025-06-04 08:11:13,316 - log - INFO - iter:540/3783, clip_acc1=78.33332824707031, tta_acc1=78.33332824707031
2025-06-04 08:11:13,316 - log - INFO - iter:540/3783, Original Acc@1: 78.33, Acc@5: 95.74, TTA Acc@1: 78.33, Acc@5: 95.74
2025-06-04 08:12:03,136 - log - INFO - iter:560/3783, clip_acc1=76.96428680419922, tta_acc1=76.96428680419922
2025-06-04 08:12:03,136 - log - INFO - iter:560/3783, Original Acc@1: 76.96, Acc@5: 95.00, TTA Acc@1: 76.96, Acc@5: 95.00
2025-06-04 08:12:52,908 - log - INFO - iter:580/3783, clip_acc1=77.06896209716797, tta_acc1=77.06896209716797
2025-06-04 08:12:52,908 - log - INFO - iter:580/3783, Original Acc@1: 77.07, Acc@5: 95.17, TTA Acc@1: 77.07, Acc@5: 95.17
2025-06-04 08:13:42,569 - log - INFO - iter:600/3783, clip_acc1=77.83333587646484, tta_acc1=77.83333587646484
2025-06-04 08:13:42,569 - log - INFO - iter:600/3783, Original Acc@1: 77.83, Acc@5: 95.33, TTA Acc@1: 77.83, Acc@5: 95.33
2025-06-04 08:14:32,652 - log - INFO - iter:620/3783, clip_acc1=78.06451416015625, tta_acc1=78.06451416015625
2025-06-04 08:14:32,652 - log - INFO - iter:620/3783, Original Acc@1: 78.06, Acc@5: 95.48, TTA Acc@1: 78.06, Acc@5: 95.48
2025-06-04 08:15:22,300 - log - INFO - iter:640/3783, clip_acc1=77.65625, tta_acc1=77.65625
2025-06-04 08:15:22,300 - log - INFO - iter:640/3783, Original Acc@1: 77.66, Acc@5: 95.62, TTA Acc@1: 77.66, Acc@5: 95.62
2025-06-04 08:16:12,150 - log - INFO - iter:660/3783, clip_acc1=77.12120819091797, tta_acc1=77.12120819091797
2025-06-04 08:16:12,151 - log - INFO - iter:660/3783, Original Acc@1: 77.12, Acc@5: 95.45, TTA Acc@1: 77.12, Acc@5: 95.45
2025-06-04 08:17:02,071 - log - INFO - iter:680/3783, clip_acc1=74.85294342041016, tta_acc1=74.85294342041016
2025-06-04 08:17:02,071 - log - INFO - iter:680/3783, Original Acc@1: 74.85, Acc@5: 93.97, TTA Acc@1: 74.85, Acc@5: 93.97
2025-06-04 08:17:52,269 - log - INFO - iter:700/3783, clip_acc1=73.14285278320312, tta_acc1=73.14285278320312
2025-06-04 08:17:52,269 - log - INFO - iter:700/3783, Original Acc@1: 73.14, Acc@5: 91.71, TTA Acc@1: 73.14, Acc@5: 91.71
2025-06-04 08:18:42,014 - log - INFO - iter:720/3783, clip_acc1=71.66667175292969, tta_acc1=71.66667175292969
2025-06-04 08:18:42,014 - log - INFO - iter:720/3783, Original Acc@1: 71.67, Acc@5: 91.94, TTA Acc@1: 71.67, Acc@5: 91.94
2025-06-04 08:19:31,306 - log - INFO - iter:740/3783, clip_acc1=71.48648834228516, tta_acc1=71.48648834228516
2025-06-04 08:19:31,306 - log - INFO - iter:740/3783, Original Acc@1: 71.49, Acc@5: 92.16, TTA Acc@1: 71.49, Acc@5: 92.16
2025-06-04 08:20:21,471 - log - INFO - iter:760/3783, clip_acc1=71.97368621826172, tta_acc1=71.97368621826172
2025-06-04 08:20:21,471 - log - INFO - iter:760/3783, Original Acc@1: 71.97, Acc@5: 92.24, TTA Acc@1: 71.97, Acc@5: 92.24
2025-06-04 08:21:11,066 - log - INFO - iter:780/3783, clip_acc1=72.56410217285156, tta_acc1=72.56410217285156
2025-06-04 08:21:11,066 - log - INFO - iter:780/3783, Original Acc@1: 72.56, Acc@5: 92.44, TTA Acc@1: 72.56, Acc@5: 92.44
2025-06-04 08:22:01,112 - log - INFO - iter:800/3783, clip_acc1=72.0, tta_acc1=72.0
2025-06-04 08:22:01,112 - log - INFO - iter:800/3783, Original Acc@1: 72.00, Acc@5: 92.12, TTA Acc@1: 72.00, Acc@5: 92.12
2025-06-04 08:22:50,627 - log - INFO - iter:820/3783, clip_acc1=70.60975646972656, tta_acc1=70.60975646972656
2025-06-04 08:22:50,627 - log - INFO - iter:820/3783, Original Acc@1: 70.61, Acc@5: 90.49, TTA Acc@1: 70.61, Acc@5: 90.49
2025-06-04 08:23:41,240 - log - INFO - iter:840/3783, clip_acc1=69.76190948486328, tta_acc1=69.76190948486328
2025-06-04 08:23:41,240 - log - INFO - iter:840/3783, Original Acc@1: 69.76, Acc@5: 89.17, TTA Acc@1: 69.76, Acc@5: 89.17
2025-06-04 08:24:30,821 - log - INFO - iter:860/3783, clip_acc1=68.60465240478516, tta_acc1=68.60465240478516
2025-06-04 08:24:30,822 - log - INFO - iter:860/3783, Original Acc@1: 68.60, Acc@5: 88.14, TTA Acc@1: 68.60, Acc@5: 88.14
2025-06-04 08:25:20,842 - log - INFO - iter:880/3783, clip_acc1=67.84090423583984, tta_acc1=67.84090423583984
2025-06-04 08:25:20,842 - log - INFO - iter:880/3783, Original Acc@1: 67.84, Acc@5: 87.95, TTA Acc@1: 67.84, Acc@5: 87.95
2025-06-04 08:26:10,531 - log - INFO - iter:900/3783, clip_acc1=66.44444274902344, tta_acc1=66.44444274902344
2025-06-04 08:26:10,531 - log - INFO - iter:900/3783, Original Acc@1: 66.44, Acc@5: 87.67, TTA Acc@1: 66.44, Acc@5: 87.67
2025-06-04 08:27:00,253 - log - INFO - iter:920/3783, clip_acc1=65.21739196777344, tta_acc1=65.21739196777344
2025-06-04 08:27:00,253 - log - INFO - iter:920/3783, Original Acc@1: 65.22, Acc@5: 86.74, TTA Acc@1: 65.22, Acc@5: 86.74
2025-06-04 08:27:49,983 - log - INFO - iter:940/3783, clip_acc1=65.53191375732422, tta_acc1=65.53191375732422
2025-06-04 08:27:49,983 - log - INFO - iter:940/3783, Original Acc@1: 65.53, Acc@5: 86.81, TTA Acc@1: 65.53, Acc@5: 86.81
2025-06-04 08:28:39,419 - log - INFO - iter:960/3783, clip_acc1=65.9375, tta_acc1=65.9375
2025-06-04 08:28:39,420 - log - INFO - iter:960/3783, Original Acc@1: 65.94, Acc@5: 87.08, TTA Acc@1: 65.94, Acc@5: 87.08
2025-06-04 08:29:28,930 - log - INFO - iter:980/3783, clip_acc1=66.4285659790039, tta_acc1=66.4285659790039
2025-06-04 08:29:28,930 - log - INFO - iter:980/3783, Original Acc@1: 66.43, Acc@5: 87.35, TTA Acc@1: 66.43, Acc@5: 87.35
2025-06-04 08:30:18,313 - log - INFO - iter:1000/3783, clip_acc1=66.60000610351562, tta_acc1=66.60000610351562
2025-06-04 08:30:18,314 - log - INFO - iter:1000/3783, Original Acc@1: 66.60, Acc@5: 87.60, TTA Acc@1: 66.60, Acc@5: 87.60
2025-06-04 08:31:08,191 - log - INFO - iter:1020/3783, clip_acc1=67.05883026123047, tta_acc1=67.05883026123047
2025-06-04 08:31:08,192 - log - INFO - iter:1020/3783, Original Acc@1: 67.06, Acc@5: 87.84, TTA Acc@1: 67.06, Acc@5: 87.84
2025-06-04 08:31:57,577 - log - INFO - iter:1040/3783, clip_acc1=67.11538696289062, tta_acc1=67.11538696289062
2025-06-04 08:31:57,577 - log - INFO - iter:1040/3783, Original Acc@1: 67.12, Acc@5: 88.08, TTA Acc@1: 67.12, Acc@5: 88.08
2025-06-04 08:32:47,487 - log - INFO - iter:1060/3783, clip_acc1=66.50943756103516, tta_acc1=66.50943756103516
2025-06-04 08:32:47,488 - log - INFO - iter:1060/3783, Original Acc@1: 66.51, Acc@5: 87.64, TTA Acc@1: 66.51, Acc@5: 87.64
2025-06-04 08:33:36,847 - log - INFO - iter:1080/3783, clip_acc1=66.29629516601562, tta_acc1=66.29629516601562
2025-06-04 08:33:36,848 - log - INFO - iter:1080/3783, Original Acc@1: 66.30, Acc@5: 87.22, TTA Acc@1: 66.30, Acc@5: 87.22
2025-06-04 08:34:26,263 - log - INFO - iter:1100/3783, clip_acc1=65.90908813476562, tta_acc1=65.90908813476562
2025-06-04 08:34:26,264 - log - INFO - iter:1100/3783, Original Acc@1: 65.91, Acc@5: 87.45, TTA Acc@1: 65.91, Acc@5: 87.45
2025-06-04 08:35:16,041 - log - INFO - iter:1120/3783, clip_acc1=65.35713958740234, tta_acc1=65.35713958740234
2025-06-04 08:35:16,041 - log - INFO - iter:1120/3783, Original Acc@1: 65.36, Acc@5: 87.68, TTA Acc@1: 65.36, Acc@5: 87.68
2025-06-04 08:36:05,437 - log - INFO - iter:1140/3783, clip_acc1=65.6140365600586, tta_acc1=65.6140365600586
2025-06-04 08:36:05,437 - log - INFO - iter:1140/3783, Original Acc@1: 65.61, Acc@5: 87.89, TTA Acc@1: 65.61, Acc@5: 87.89
2025-06-04 08:36:55,137 - log - INFO - iter:1160/3783, clip_acc1=65.0, tta_acc1=65.0
2025-06-04 08:36:55,137 - log - INFO - iter:1160/3783, Original Acc@1: 65.00, Acc@5: 87.59, TTA Acc@1: 65.00, Acc@5: 87.59
2025-06-04 08:37:44,601 - log - INFO - iter:1180/3783, clip_acc1=64.74576568603516, tta_acc1=64.74576568603516
2025-06-04 08:37:44,601 - log - INFO - iter:1180/3783, Original Acc@1: 64.75, Acc@5: 87.80, TTA Acc@1: 64.75, Acc@5: 87.80
2025-06-04 08:38:33,994 - log - INFO - iter:1200/3783, clip_acc1=64.16667175292969, tta_acc1=64.16667175292969
2025-06-04 08:38:33,994 - log - INFO - iter:1200/3783, Original Acc@1: 64.17, Acc@5: 87.92, TTA Acc@1: 64.17, Acc@5: 87.92
2025-06-04 08:39:24,482 - log - INFO - iter:1220/3783, clip_acc1=63.68852615356445, tta_acc1=63.68852615356445
2025-06-04 08:39:24,482 - log - INFO - iter:1220/3783, Original Acc@1: 63.69, Acc@5: 88.11, TTA Acc@1: 63.69, Acc@5: 88.11
2025-06-04 08:40:15,084 - log - INFO - iter:1240/3783, clip_acc1=63.46773910522461, tta_acc1=63.46773910522461
2025-06-04 08:40:15,084 - log - INFO - iter:1240/3783, Original Acc@1: 63.47, Acc@5: 88.06, TTA Acc@1: 63.47, Acc@5: 88.06
2025-06-04 08:41:04,461 - log - INFO - iter:1260/3783, clip_acc1=63.96825408935547, tta_acc1=63.96825408935547
2025-06-04 08:41:04,462 - log - INFO - iter:1260/3783, Original Acc@1: 63.97, Acc@5: 88.17, TTA Acc@1: 63.97, Acc@5: 88.17
2025-06-04 08:41:53,773 - log - INFO - iter:1280/3783, clip_acc1=63.59375, tta_acc1=63.59375
2025-06-04 08:41:53,773 - log - INFO - iter:1280/3783, Original Acc@1: 63.59, Acc@5: 88.28, TTA Acc@1: 63.59, Acc@5: 88.28
2025-06-04 08:42:43,875 - log - INFO - iter:1300/3783, clip_acc1=63.38461685180664, tta_acc1=63.38461685180664
2025-06-04 08:42:43,875 - log - INFO - iter:1300/3783, Original Acc@1: 63.38, Acc@5: 88.31, TTA Acc@1: 63.38, Acc@5: 88.31
2025-06-04 08:43:34,028 - log - INFO - iter:1320/3783, clip_acc1=62.727272033691406, tta_acc1=62.727272033691406
2025-06-04 08:43:34,028 - log - INFO - iter:1320/3783, Original Acc@1: 62.73, Acc@5: 88.18, TTA Acc@1: 62.73, Acc@5: 88.18
2025-06-04 08:44:23,724 - log - INFO - iter:1340/3783, clip_acc1=62.68656921386719, tta_acc1=62.68656921386719
2025-06-04 08:44:23,724 - log - INFO - iter:1340/3783, Original Acc@1: 62.69, Acc@5: 88.21, TTA Acc@1: 62.69, Acc@5: 88.21
2025-06-04 08:45:13,430 - log - INFO - iter:1360/3783, clip_acc1=62.352943420410156, tta_acc1=62.352943420410156
2025-06-04 08:45:13,431 - log - INFO - iter:1360/3783, Original Acc@1: 62.35, Acc@5: 88.09, TTA Acc@1: 62.35, Acc@5: 88.09
2025-06-04 08:46:03,107 - log - INFO - iter:1380/3783, clip_acc1=62.318843841552734, tta_acc1=62.318843841552734
2025-06-04 08:46:03,107 - log - INFO - iter:1380/3783, Original Acc@1: 62.32, Acc@5: 88.26, TTA Acc@1: 62.32, Acc@5: 88.26
2025-06-04 08:46:52,721 - log - INFO - iter:1400/3783, clip_acc1=62.64285659790039, tta_acc1=62.64285659790039
2025-06-04 08:46:52,721 - log - INFO - iter:1400/3783, Original Acc@1: 62.64, Acc@5: 88.43, TTA Acc@1: 62.64, Acc@5: 88.43
2025-06-04 08:47:42,292 - log - INFO - iter:1420/3783, clip_acc1=62.53520965576172, tta_acc1=62.53520965576172
2025-06-04 08:47:42,293 - log - INFO - iter:1420/3783, Original Acc@1: 62.54, Acc@5: 88.45, TTA Acc@1: 62.54, Acc@5: 88.45
2025-06-04 08:48:31,609 - log - INFO - iter:1440/3783, clip_acc1=62.083335876464844, tta_acc1=62.083335876464844
2025-06-04 08:48:31,609 - log - INFO - iter:1440/3783, Original Acc@1: 62.08, Acc@5: 87.99, TTA Acc@1: 62.08, Acc@5: 87.99
2025-06-04 08:49:20,782 - log - INFO - iter:1460/3783, clip_acc1=62.123291015625, tta_acc1=62.123291015625
2025-06-04 08:49:20,782 - log - INFO - iter:1460/3783, Original Acc@1: 62.12, Acc@5: 88.15, TTA Acc@1: 62.12, Acc@5: 88.15
2025-06-04 08:50:10,283 - log - INFO - iter:1480/3783, clip_acc1=62.16216278076172, tta_acc1=62.16216278076172
2025-06-04 08:50:10,284 - log - INFO - iter:1480/3783, Original Acc@1: 62.16, Acc@5: 88.11, TTA Acc@1: 62.16, Acc@5: 88.11
2025-06-04 08:51:00,789 - log - INFO - iter:1500/3783, clip_acc1=61.599998474121094, tta_acc1=61.599998474121094
2025-06-04 08:51:00,789 - log - INFO - iter:1500/3783, Original Acc@1: 61.60, Acc@5: 88.07, TTA Acc@1: 61.60, Acc@5: 88.07
2025-06-04 08:51:51,120 - log - INFO - iter:1520/3783, clip_acc1=61.11842346191406, tta_acc1=61.11842346191406
2025-06-04 08:51:51,120 - log - INFO - iter:1520/3783, Original Acc@1: 61.12, Acc@5: 87.96, TTA Acc@1: 61.12, Acc@5: 87.96
2025-06-04 08:52:40,541 - log - INFO - iter:1540/3783, clip_acc1=61.3636360168457, tta_acc1=61.3636360168457
2025-06-04 08:52:40,541 - log - INFO - iter:1540/3783, Original Acc@1: 61.36, Acc@5: 87.92, TTA Acc@1: 61.36, Acc@5: 87.92
2025-06-04 08:53:29,938 - log - INFO - iter:1560/3783, clip_acc1=61.730770111083984, tta_acc1=61.730770111083984
2025-06-04 08:53:29,938 - log - INFO - iter:1560/3783, Original Acc@1: 61.73, Acc@5: 88.08, TTA Acc@1: 61.73, Acc@5: 88.08
2025-06-04 08:54:20,112 - log - INFO - iter:1580/3783, clip_acc1=62.15189743041992, tta_acc1=62.15189743041992
2025-06-04 08:54:20,113 - log - INFO - iter:1580/3783, Original Acc@1: 62.15, Acc@5: 88.16, TTA Acc@1: 62.15, Acc@5: 88.16
2025-06-04 08:55:09,690 - log - INFO - iter:1600/3783, clip_acc1=62.625, tta_acc1=62.625
2025-06-04 08:55:09,690 - log - INFO - iter:1600/3783, Original Acc@1: 62.62, Acc@5: 88.31, TTA Acc@1: 62.62, Acc@5: 88.31
2025-06-04 08:55:59,885 - log - INFO - iter:1620/3783, clip_acc1=62.469139099121094, tta_acc1=62.469139099121094
2025-06-04 08:55:59,885 - log - INFO - iter:1620/3783, Original Acc@1: 62.47, Acc@5: 88.02, TTA Acc@1: 62.47, Acc@5: 88.02
2025-06-04 08:56:49,565 - log - INFO - iter:1640/3783, clip_acc1=62.5, tta_acc1=62.5
2025-06-04 08:56:49,565 - log - INFO - iter:1640/3783, Original Acc@1: 62.50, Acc@5: 87.74, TTA Acc@1: 62.50, Acc@5: 87.74
2025-06-04 08:57:39,264 - log - INFO - iter:1660/3783, clip_acc1=62.83132553100586, tta_acc1=62.83132553100586
2025-06-04 08:57:39,265 - log - INFO - iter:1660/3783, Original Acc@1: 62.83, Acc@5: 87.89, TTA Acc@1: 62.83, Acc@5: 87.89
2025-06-04 08:58:29,053 - log - INFO - iter:1680/3783, clip_acc1=63.21428680419922, tta_acc1=63.21428680419922
2025-06-04 08:58:29,053 - log - INFO - iter:1680/3783, Original Acc@1: 63.21, Acc@5: 88.04, TTA Acc@1: 63.21, Acc@5: 88.04
2025-06-04 08:59:19,077 - log - INFO - iter:1700/3783, clip_acc1=62.588233947753906, tta_acc1=62.588233947753906
2025-06-04 08:59:19,078 - log - INFO - iter:1700/3783, Original Acc@1: 62.59, Acc@5: 87.71, TTA Acc@1: 62.59, Acc@5: 87.71
2025-06-04 09:00:08,809 - log - INFO - iter:1720/3783, clip_acc1=62.034881591796875, tta_acc1=62.034881591796875
2025-06-04 09:00:08,809 - log - INFO - iter:1720/3783, Original Acc@1: 62.03, Acc@5: 87.38, TTA Acc@1: 62.03, Acc@5: 87.38
2025-06-04 09:00:59,050 - log - INFO - iter:1740/3783, clip_acc1=61.4942512512207, tta_acc1=61.4942512512207
2025-06-04 09:00:59,051 - log - INFO - iter:1740/3783, Original Acc@1: 61.49, Acc@5: 87.07, TTA Acc@1: 61.49, Acc@5: 87.07
2025-06-04 09:01:49,283 - log - INFO - iter:1760/3783, clip_acc1=60.96590805053711, tta_acc1=60.96590805053711
2025-06-04 09:01:49,283 - log - INFO - iter:1760/3783, Original Acc@1: 60.97, Acc@5: 86.88, TTA Acc@1: 60.97, Acc@5: 86.88
2025-06-04 09:02:38,544 - log - INFO - iter:1780/3783, clip_acc1=60.33707809448242, tta_acc1=60.33707809448242
2025-06-04 09:02:38,544 - log - INFO - iter:1780/3783, Original Acc@1: 60.34, Acc@5: 86.52, TTA Acc@1: 60.34, Acc@5: 86.52
2025-06-04 09:03:28,524 - log - INFO - iter:1800/3783, clip_acc1=59.77777862548828, tta_acc1=59.77777862548828
2025-06-04 09:03:28,524 - log - INFO - iter:1800/3783, Original Acc@1: 59.78, Acc@5: 85.89, TTA Acc@1: 59.78, Acc@5: 85.89
2025-06-04 09:04:18,574 - log - INFO - iter:1820/3783, clip_acc1=59.230770111083984, tta_acc1=59.230770111083984
2025-06-04 09:04:18,575 - log - INFO - iter:1820/3783, Original Acc@1: 59.23, Acc@5: 85.11, TTA Acc@1: 59.23, Acc@5: 85.11
2025-06-04 09:05:07,987 - log - INFO - iter:1840/3783, clip_acc1=59.02173614501953, tta_acc1=59.02173614501953
2025-06-04 09:05:07,987 - log - INFO - iter:1840/3783, Original Acc@1: 59.02, Acc@5: 85.16, TTA Acc@1: 59.02, Acc@5: 85.16
2025-06-04 09:05:57,469 - log - INFO - iter:1860/3783, clip_acc1=58.81720733642578, tta_acc1=58.81720733642578
2025-06-04 09:05:57,470 - log - INFO - iter:1860/3783, Original Acc@1: 58.82, Acc@5: 85.00, TTA Acc@1: 58.82, Acc@5: 85.00
2025-06-04 09:06:47,469 - log - INFO - iter:1880/3783, clip_acc1=58.72340393066406, tta_acc1=58.72340393066406
2025-06-04 09:06:47,469 - log - INFO - iter:1880/3783, Original Acc@1: 58.72, Acc@5: 84.79, TTA Acc@1: 58.72, Acc@5: 84.79
2025-06-04 09:07:36,831 - log - INFO - iter:1900/3783, clip_acc1=58.999996185302734, tta_acc1=58.999996185302734
2025-06-04 09:07:36,831 - log - INFO - iter:1900/3783, Original Acc@1: 59.00, Acc@5: 84.95, TTA Acc@1: 59.00, Acc@5: 84.95
2025-06-04 09:08:26,299 - log - INFO - iter:1920/3783, clip_acc1=59.32291793823242, tta_acc1=59.32291793823242
2025-06-04 09:08:26,299 - log - INFO - iter:1920/3783, Original Acc@1: 59.32, Acc@5: 85.05, TTA Acc@1: 59.32, Acc@5: 85.05
2025-06-04 09:09:16,117 - log - INFO - iter:1940/3783, clip_acc1=59.123714447021484, tta_acc1=59.123714447021484
2025-06-04 09:09:16,117 - log - INFO - iter:1940/3783, Original Acc@1: 59.12, Acc@5: 85.05, TTA Acc@1: 59.12, Acc@5: 85.05
2025-06-04 09:10:06,216 - log - INFO - iter:1960/3783, clip_acc1=58.775508880615234, tta_acc1=58.775508880615234
2025-06-04 09:10:06,217 - log - INFO - iter:1960/3783, Original Acc@1: 58.78, Acc@5: 85.15, TTA Acc@1: 58.78, Acc@5: 85.15
2025-06-04 09:10:56,099 - log - INFO - iter:1980/3783, clip_acc1=58.58586120605469, tta_acc1=58.58586120605469
2025-06-04 09:10:56,099 - log - INFO - iter:1980/3783, Original Acc@1: 58.59, Acc@5: 85.00, TTA Acc@1: 58.59, Acc@5: 85.00
2025-06-04 09:11:46,270 - log - INFO - iter:2000/3783, clip_acc1=58.60000228881836, tta_acc1=58.60000228881836
2025-06-04 09:11:46,271 - log - INFO - iter:2000/3783, Original Acc@1: 58.60, Acc@5: 84.95, TTA Acc@1: 58.60, Acc@5: 84.95
2025-06-04 09:12:36,588 - log - INFO - iter:2020/3783, clip_acc1=58.71287155151367, tta_acc1=58.71287155151367
2025-06-04 09:12:36,588 - log - INFO - iter:2020/3783, Original Acc@1: 58.71, Acc@5: 84.95, TTA Acc@1: 58.71, Acc@5: 84.95
2025-06-04 09:13:26,253 - log - INFO - iter:2040/3783, clip_acc1=58.921573638916016, tta_acc1=58.921573638916016
2025-06-04 09:13:26,253 - log - INFO - iter:2040/3783, Original Acc@1: 58.92, Acc@5: 85.05, TTA Acc@1: 58.92, Acc@5: 85.05
2025-06-04 09:14:16,544 - log - INFO - iter:2060/3783, clip_acc1=58.83495330810547, tta_acc1=58.83495330810547
2025-06-04 09:14:16,544 - log - INFO - iter:2060/3783, Original Acc@1: 58.83, Acc@5: 85.19, TTA Acc@1: 58.83, Acc@5: 85.19
2025-06-04 09:15:06,364 - log - INFO - iter:2080/3783, clip_acc1=58.99038314819336, tta_acc1=58.99038314819336
2025-06-04 09:15:06,365 - log - INFO - iter:2080/3783, Original Acc@1: 58.99, Acc@5: 85.24, TTA Acc@1: 58.99, Acc@5: 85.24
2025-06-04 09:15:55,832 - log - INFO - iter:2100/3783, clip_acc1=58.57142639160156, tta_acc1=58.57142639160156
2025-06-04 09:15:55,832 - log - INFO - iter:2100/3783, Original Acc@1: 58.57, Acc@5: 84.57, TTA Acc@1: 58.57, Acc@5: 84.57
2025-06-04 09:16:45,673 - log - INFO - iter:2120/3783, clip_acc1=58.11320877075195, tta_acc1=58.11320877075195
2025-06-04 09:16:45,673 - log - INFO - iter:2120/3783, Original Acc@1: 58.11, Acc@5: 84.10, TTA Acc@1: 58.11, Acc@5: 84.10
2025-06-04 09:17:35,919 - log - INFO - iter:2140/3783, clip_acc1=57.57009506225586, tta_acc1=57.57009506225586
2025-06-04 09:17:35,919 - log - INFO - iter:2140/3783, Original Acc@1: 57.57, Acc@5: 84.25, TTA Acc@1: 57.57, Acc@5: 84.25
2025-06-04 09:18:25,564 - log - INFO - iter:2160/3783, clip_acc1=57.22222137451172, tta_acc1=57.22222137451172
2025-06-04 09:18:25,564 - log - INFO - iter:2160/3783, Original Acc@1: 57.22, Acc@5: 84.35, TTA Acc@1: 57.22, Acc@5: 84.35
2025-06-04 09:19:15,417 - log - INFO - iter:2180/3783, clip_acc1=56.78899002075195, tta_acc1=56.78899002075195
2025-06-04 09:19:15,417 - log - INFO - iter:2180/3783, Original Acc@1: 56.79, Acc@5: 83.99, TTA Acc@1: 56.79, Acc@5: 83.99
2025-06-04 09:20:05,338 - log - INFO - iter:2200/3783, clip_acc1=56.681819915771484, tta_acc1=56.681819915771484
2025-06-04 09:20:05,338 - log - INFO - iter:2200/3783, Original Acc@1: 56.68, Acc@5: 83.64, TTA Acc@1: 56.68, Acc@5: 83.64
2025-06-04 09:20:54,801 - log - INFO - iter:2220/3783, clip_acc1=56.98198318481445, tta_acc1=56.98198318481445
2025-06-04 09:20:54,801 - log - INFO - iter:2220/3783, Original Acc@1: 56.98, Acc@5: 83.69, TTA Acc@1: 56.98, Acc@5: 83.69
2025-06-04 09:21:45,420 - log - INFO - iter:2240/3783, clip_acc1=57.1875, tta_acc1=57.1875
2025-06-04 09:21:45,421 - log - INFO - iter:2240/3783, Original Acc@1: 57.19, Acc@5: 83.84, TTA Acc@1: 57.19, Acc@5: 83.84
2025-06-04 09:22:35,601 - log - INFO - iter:2260/3783, clip_acc1=56.76991271972656, tta_acc1=56.76991271972656
2025-06-04 09:22:35,601 - log - INFO - iter:2260/3783, Original Acc@1: 56.77, Acc@5: 83.94, TTA Acc@1: 56.77, Acc@5: 83.94
2025-06-04 09:23:25,537 - log - INFO - iter:2280/3783, clip_acc1=56.578948974609375, tta_acc1=56.578948974609375
2025-06-04 09:23:25,537 - log - INFO - iter:2280/3783, Original Acc@1: 56.58, Acc@5: 84.08, TTA Acc@1: 56.58, Acc@5: 84.08
2025-06-04 09:24:15,362 - log - INFO - iter:2300/3783, clip_acc1=56.39130401611328, tta_acc1=56.39130401611328
2025-06-04 09:24:15,362 - log - INFO - iter:2300/3783, Original Acc@1: 56.39, Acc@5: 84.22, TTA Acc@1: 56.39, Acc@5: 84.22
2025-06-04 09:25:04,928 - log - INFO - iter:2320/3783, clip_acc1=56.46551513671875, tta_acc1=56.46551513671875
2025-06-04 09:25:04,929 - log - INFO - iter:2320/3783, Original Acc@1: 56.47, Acc@5: 84.22, TTA Acc@1: 56.47, Acc@5: 84.22
2025-06-04 09:25:54,437 - log - INFO - iter:2340/3783, clip_acc1=56.837608337402344, tta_acc1=56.837608337402344
2025-06-04 09:25:54,437 - log - INFO - iter:2340/3783, Original Acc@1: 56.84, Acc@5: 84.36, TTA Acc@1: 56.84, Acc@5: 84.36
2025-06-04 09:26:44,037 - log - INFO - iter:2360/3783, clip_acc1=57.161014556884766, tta_acc1=57.161014556884766
2025-06-04 09:26:44,038 - log - INFO - iter:2360/3783, Original Acc@1: 57.16, Acc@5: 84.49, TTA Acc@1: 57.16, Acc@5: 84.49
2025-06-04 09:27:33,782 - log - INFO - iter:2380/3783, clip_acc1=57.4789924621582, tta_acc1=57.4789924621582
2025-06-04 09:27:33,783 - log - INFO - iter:2380/3783, Original Acc@1: 57.48, Acc@5: 84.62, TTA Acc@1: 57.48, Acc@5: 84.62
2025-06-04 09:28:23,202 - log - INFO - iter:2400/3783, clip_acc1=57.833335876464844, tta_acc1=57.833335876464844
2025-06-04 09:28:23,203 - log - INFO - iter:2400/3783, Original Acc@1: 57.83, Acc@5: 84.75, TTA Acc@1: 57.83, Acc@5: 84.75
2025-06-04 09:29:12,935 - log - INFO - iter:2420/3783, clip_acc1=58.09917449951172, tta_acc1=58.09917449951172
2025-06-04 09:29:12,936 - log - INFO - iter:2420/3783, Original Acc@1: 58.10, Acc@5: 84.88, TTA Acc@1: 58.10, Acc@5: 84.88
2025-06-04 09:30:02,826 - log - INFO - iter:2440/3783, clip_acc1=58.40163803100586, tta_acc1=58.40163803100586
2025-06-04 09:30:02,827 - log - INFO - iter:2440/3783, Original Acc@1: 58.40, Acc@5: 85.00, TTA Acc@1: 58.40, Acc@5: 85.00
2025-06-04 09:30:52,839 - log - INFO - iter:2460/3783, clip_acc1=58.37398147583008, tta_acc1=58.37398147583008
2025-06-04 09:30:52,839 - log - INFO - iter:2460/3783, Original Acc@1: 58.37, Acc@5: 85.12, TTA Acc@1: 58.37, Acc@5: 85.12
2025-06-04 09:31:42,567 - log - INFO - iter:2480/3783, clip_acc1=58.66935348510742, tta_acc1=58.66935348510742
2025-06-04 09:31:42,567 - log - INFO - iter:2480/3783, Original Acc@1: 58.67, Acc@5: 85.24, TTA Acc@1: 58.67, Acc@5: 85.24
2025-06-04 09:32:32,331 - log - INFO - iter:2500/3783, clip_acc1=59.0, tta_acc1=59.0
2025-06-04 09:32:32,331 - log - INFO - iter:2500/3783, Original Acc@1: 59.00, Acc@5: 85.36, TTA Acc@1: 59.00, Acc@5: 85.36
2025-06-04 09:33:22,741 - log - INFO - iter:2520/3783, clip_acc1=59.0476188659668, tta_acc1=59.0476188659668
2025-06-04 09:33:22,741 - log - INFO - iter:2520/3783, Original Acc@1: 59.05, Acc@5: 85.48, TTA Acc@1: 59.05, Acc@5: 85.48
2025-06-04 09:34:12,754 - log - INFO - iter:2540/3783, clip_acc1=59.25196838378906, tta_acc1=59.25196838378906
2025-06-04 09:34:12,755 - log - INFO - iter:2540/3783, Original Acc@1: 59.25, Acc@5: 85.55, TTA Acc@1: 59.25, Acc@5: 85.55
2025-06-04 09:35:02,605 - log - INFO - iter:2560/3783, clip_acc1=59.0625, tta_acc1=59.0625
2025-06-04 09:35:02,605 - log - INFO - iter:2560/3783, Original Acc@1: 59.06, Acc@5: 85.47, TTA Acc@1: 59.06, Acc@5: 85.47
2025-06-04 09:35:52,306 - log - INFO - iter:2580/3783, clip_acc1=59.26356506347656, tta_acc1=59.26356506347656
2025-06-04 09:35:52,306 - log - INFO - iter:2580/3783, Original Acc@1: 59.26, Acc@5: 85.58, TTA Acc@1: 59.26, Acc@5: 85.58
2025-06-04 09:36:41,949 - log - INFO - iter:2600/3783, clip_acc1=59.07692337036133, tta_acc1=59.07692337036133
2025-06-04 09:36:41,950 - log - INFO - iter:2600/3783, Original Acc@1: 59.08, Acc@5: 85.69, TTA Acc@1: 59.08, Acc@5: 85.69
2025-06-04 09:37:32,178 - log - INFO - iter:2620/3783, clip_acc1=59.1984748840332, tta_acc1=59.1984748840332
2025-06-04 09:37:32,179 - log - INFO - iter:2620/3783, Original Acc@1: 59.20, Acc@5: 85.80, TTA Acc@1: 59.20, Acc@5: 85.80
2025-06-04 09:38:21,760 - log - INFO - iter:2640/3783, clip_acc1=59.469696044921875, tta_acc1=59.469696044921875
2025-06-04 09:38:21,761 - log - INFO - iter:2640/3783, Original Acc@1: 59.47, Acc@5: 85.91, TTA Acc@1: 59.47, Acc@5: 85.91
2025-06-04 09:39:11,713 - log - INFO - iter:2660/3783, clip_acc1=59.09774398803711, tta_acc1=59.09774398803711
2025-06-04 09:39:11,713 - log - INFO - iter:2660/3783, Original Acc@1: 59.10, Acc@5: 85.98, TTA Acc@1: 59.10, Acc@5: 85.98
2025-06-04 09:40:01,340 - log - INFO - iter:2680/3783, clip_acc1=58.917911529541016, tta_acc1=58.917911529541016
2025-06-04 09:40:01,340 - log - INFO - iter:2680/3783, Original Acc@1: 58.92, Acc@5: 86.08, TTA Acc@1: 58.92, Acc@5: 86.08
2025-06-04 09:40:50,905 - log - INFO - iter:2700/3783, clip_acc1=58.592594146728516, tta_acc1=58.592594146728516
2025-06-04 09:40:50,905 - log - INFO - iter:2700/3783, Original Acc@1: 58.59, Acc@5: 86.11, TTA Acc@1: 58.59, Acc@5: 86.11
2025-06-04 09:41:41,316 - log - INFO - iter:2720/3783, clip_acc1=58.34558868408203, tta_acc1=58.34558868408203
2025-06-04 09:41:41,316 - log - INFO - iter:2720/3783, Original Acc@1: 58.35, Acc@5: 86.03, TTA Acc@1: 58.35, Acc@5: 86.03
2025-06-04 09:42:31,011 - log - INFO - iter:2740/3783, clip_acc1=58.357662200927734, tta_acc1=58.357662200927734
2025-06-04 09:42:31,011 - log - INFO - iter:2740/3783, Original Acc@1: 58.36, Acc@5: 85.99, TTA Acc@1: 58.36, Acc@5: 85.99
2025-06-04 09:43:21,066 - log - INFO - iter:2760/3783, clip_acc1=58.0797119140625, tta_acc1=58.0797119140625
2025-06-04 09:43:21,067 - log - INFO - iter:2760/3783, Original Acc@1: 58.08, Acc@5: 85.87, TTA Acc@1: 58.08, Acc@5: 85.87
2025-06-04 09:44:10,914 - log - INFO - iter:2780/3783, clip_acc1=57.76978302001953, tta_acc1=57.76978302001953
2025-06-04 09:44:10,914 - log - INFO - iter:2780/3783, Original Acc@1: 57.77, Acc@5: 85.54, TTA Acc@1: 57.77, Acc@5: 85.54
2025-06-04 09:45:00,604 - log - INFO - iter:2800/3783, clip_acc1=57.5, tta_acc1=57.5
2025-06-04 09:45:00,604 - log - INFO - iter:2800/3783, Original Acc@1: 57.50, Acc@5: 85.21, TTA Acc@1: 57.50, Acc@5: 85.21
2025-06-04 09:45:50,547 - log - INFO - iter:2820/3783, clip_acc1=57.09219741821289, tta_acc1=57.09219741821289
2025-06-04 09:45:50,548 - log - INFO - iter:2820/3783, Original Acc@1: 57.09, Acc@5: 84.82, TTA Acc@1: 57.09, Acc@5: 84.82
2025-06-04 09:46:39,909 - log - INFO - iter:2840/3783, clip_acc1=57.39436340332031, tta_acc1=57.39436340332031
2025-06-04 09:46:39,910 - log - INFO - iter:2840/3783, Original Acc@1: 57.39, Acc@5: 84.93, TTA Acc@1: 57.39, Acc@5: 84.93
2025-06-04 09:47:30,081 - log - INFO - iter:2860/3783, clip_acc1=57.69231033325195, tta_acc1=57.69231033325195
2025-06-04 09:47:30,081 - log - INFO - iter:2860/3783, Original Acc@1: 57.69, Acc@5: 85.03, TTA Acc@1: 57.69, Acc@5: 85.03
2025-06-04 09:48:19,740 - log - INFO - iter:2880/3783, clip_acc1=57.708335876464844, tta_acc1=57.708335876464844
2025-06-04 09:48:19,740 - log - INFO - iter:2880/3783, Original Acc@1: 57.71, Acc@5: 85.07, TTA Acc@1: 57.71, Acc@5: 85.07
2025-06-04 09:49:09,293 - log - INFO - iter:2900/3783, clip_acc1=57.965518951416016, tta_acc1=57.965518951416016
2025-06-04 09:49:09,293 - log - INFO - iter:2900/3783, Original Acc@1: 57.97, Acc@5: 85.17, TTA Acc@1: 57.97, Acc@5: 85.17
2025-06-04 09:49:58,410 - log - INFO - iter:2920/3783, clip_acc1=58.25342559814453, tta_acc1=58.25342559814453
2025-06-04 09:49:58,410 - log - INFO - iter:2920/3783, Original Acc@1: 58.25, Acc@5: 85.27, TTA Acc@1: 58.25, Acc@5: 85.27
2025-06-04 09:50:48,278 - log - INFO - iter:2940/3783, clip_acc1=58.26530838012695, tta_acc1=58.26530838012695
2025-06-04 09:50:48,279 - log - INFO - iter:2940/3783, Original Acc@1: 58.27, Acc@5: 85.34, TTA Acc@1: 58.27, Acc@5: 85.34
2025-06-04 09:51:38,082 - log - INFO - iter:2960/3783, clip_acc1=57.87162399291992, tta_acc1=57.87162399291992
2025-06-04 09:51:38,082 - log - INFO - iter:2960/3783, Original Acc@1: 57.87, Acc@5: 84.97, TTA Acc@1: 57.87, Acc@5: 84.97
2025-06-04 09:52:28,622 - log - INFO - iter:2980/3783, clip_acc1=57.65100860595703, tta_acc1=57.65100860595703
2025-06-04 09:52:28,622 - log - INFO - iter:2980/3783, Original Acc@1: 57.65, Acc@5: 84.80, TTA Acc@1: 57.65, Acc@5: 84.80
2025-06-04 09:53:18,788 - log - INFO - iter:3000/3783, clip_acc1=57.633331298828125, tta_acc1=57.633331298828125
2025-06-04 09:53:18,788 - log - INFO - iter:3000/3783, Original Acc@1: 57.63, Acc@5: 84.87, TTA Acc@1: 57.63, Acc@5: 84.87
2025-06-04 09:54:08,853 - log - INFO - iter:3020/3783, clip_acc1=57.61589431762695, tta_acc1=57.61589431762695
2025-06-04 09:54:08,854 - log - INFO - iter:3020/3783, Original Acc@1: 57.62, Acc@5: 84.90, TTA Acc@1: 57.62, Acc@5: 84.90
2025-06-04 09:54:58,943 - log - INFO - iter:3040/3783, clip_acc1=57.86184310913086, tta_acc1=57.86184310913086
2025-06-04 09:54:58,943 - log - INFO - iter:3040/3783, Original Acc@1: 57.86, Acc@5: 85.00, TTA Acc@1: 57.86, Acc@5: 85.00
2025-06-04 09:55:49,251 - log - INFO - iter:3060/3783, clip_acc1=57.74509811401367, tta_acc1=57.74509811401367
2025-06-04 09:55:49,251 - log - INFO - iter:3060/3783, Original Acc@1: 57.75, Acc@5: 84.87, TTA Acc@1: 57.75, Acc@5: 84.87
2025-06-04 09:56:38,833 - log - INFO - iter:3080/3783, clip_acc1=57.435062408447266, tta_acc1=57.435062408447266
2025-06-04 09:56:38,833 - log - INFO - iter:3080/3783, Original Acc@1: 57.44, Acc@5: 84.74, TTA Acc@1: 57.44, Acc@5: 84.74
2025-06-04 09:57:28,953 - log - INFO - iter:3100/3783, clip_acc1=57.45161437988281, tta_acc1=57.45161437988281
2025-06-04 09:57:28,954 - log - INFO - iter:3100/3783, Original Acc@1: 57.45, Acc@5: 84.71, TTA Acc@1: 57.45, Acc@5: 84.71
2025-06-04 09:58:18,941 - log - INFO - iter:3120/3783, clip_acc1=57.59615707397461, tta_acc1=57.59615707397461
2025-06-04 09:58:18,941 - log - INFO - iter:3120/3783, Original Acc@1: 57.60, Acc@5: 84.81, TTA Acc@1: 57.60, Acc@5: 84.81
2025-06-04 09:59:08,235 - log - INFO - iter:3140/3783, clip_acc1=57.6751594543457, tta_acc1=57.6751594543457
2025-06-04 09:59:08,236 - log - INFO - iter:3140/3783, Original Acc@1: 57.68, Acc@5: 84.81, TTA Acc@1: 57.68, Acc@5: 84.81
2025-06-04 09:59:57,965 - log - INFO - iter:3160/3783, clip_acc1=57.68987274169922, tta_acc1=57.68987274169922
2025-06-04 09:59:57,966 - log - INFO - iter:3160/3783, Original Acc@1: 57.69, Acc@5: 84.78, TTA Acc@1: 57.69, Acc@5: 84.78
2025-06-04 10:00:47,912 - log - INFO - iter:3180/3783, clip_acc1=57.95597457885742, tta_acc1=57.95597457885742
2025-06-04 10:00:47,912 - log - INFO - iter:3180/3783, Original Acc@1: 57.96, Acc@5: 84.87, TTA Acc@1: 57.96, Acc@5: 84.87
2025-06-04 10:01:37,658 - log - INFO - iter:3200/3783, clip_acc1=58.15625, tta_acc1=58.15625
2025-06-04 10:01:37,658 - log - INFO - iter:3200/3783, Original Acc@1: 58.16, Acc@5: 84.91, TTA Acc@1: 58.16, Acc@5: 84.91
2025-06-04 10:02:26,930 - log - INFO - iter:3220/3783, clip_acc1=57.79502868652344, tta_acc1=57.79502868652344
2025-06-04 10:02:26,931 - log - INFO - iter:3220/3783, Original Acc@1: 57.80, Acc@5: 84.41, TTA Acc@1: 57.80, Acc@5: 84.41
2025-06-04 10:03:16,696 - log - INFO - iter:3240/3783, clip_acc1=57.68518829345703, tta_acc1=57.68518829345703
2025-06-04 10:03:16,696 - log - INFO - iter:3240/3783, Original Acc@1: 57.69, Acc@5: 84.20, TTA Acc@1: 57.69, Acc@5: 84.20
2025-06-04 10:04:06,449 - log - INFO - iter:3260/3783, clip_acc1=57.852760314941406, tta_acc1=57.852760314941406
2025-06-04 10:04:06,449 - log - INFO - iter:3260/3783, Original Acc@1: 57.85, Acc@5: 84.26, TTA Acc@1: 57.85, Acc@5: 84.26
2025-06-04 10:04:55,750 - log - INFO - iter:3280/3783, clip_acc1=57.9878044128418, tta_acc1=57.9878044128418
2025-06-04 10:04:55,751 - log - INFO - iter:3280/3783, Original Acc@1: 57.99, Acc@5: 84.30, TTA Acc@1: 57.99, Acc@5: 84.30
2025-06-04 10:05:45,490 - log - INFO - iter:3300/3783, clip_acc1=58.030303955078125, tta_acc1=58.030303955078125
2025-06-04 10:05:45,490 - log - INFO - iter:3300/3783, Original Acc@1: 58.03, Acc@5: 84.27, TTA Acc@1: 58.03, Acc@5: 84.27
2025-06-04 10:06:35,078 - log - INFO - iter:3320/3783, clip_acc1=58.042171478271484, tta_acc1=58.042171478271484
2025-06-04 10:06:35,079 - log - INFO - iter:3320/3783, Original Acc@1: 58.04, Acc@5: 84.22, TTA Acc@1: 58.04, Acc@5: 84.22
2025-06-04 10:07:24,558 - log - INFO - iter:3340/3783, clip_acc1=58.23353576660156, tta_acc1=58.23353576660156
2025-06-04 10:07:24,558 - log - INFO - iter:3340/3783, Original Acc@1: 58.23, Acc@5: 84.31, TTA Acc@1: 58.23, Acc@5: 84.31
2025-06-04 10:08:14,473 - log - INFO - iter:3360/3783, clip_acc1=58.48214340209961, tta_acc1=58.48214340209961
2025-06-04 10:08:14,473 - log - INFO - iter:3360/3783, Original Acc@1: 58.48, Acc@5: 84.40, TTA Acc@1: 58.48, Acc@5: 84.40
2025-06-04 10:09:04,177 - log - INFO - iter:3380/3783, clip_acc1=58.72780990600586, tta_acc1=58.72780990600586
2025-06-04 10:09:04,178 - log - INFO - iter:3380/3783, Original Acc@1: 58.73, Acc@5: 84.50, TTA Acc@1: 58.73, Acc@5: 84.50
2025-06-04 10:09:53,570 - log - INFO - iter:3400/3783, clip_acc1=58.85293960571289, tta_acc1=58.85293960571289
2025-06-04 10:09:53,571 - log - INFO - iter:3400/3783, Original Acc@1: 58.85, Acc@5: 84.59, TTA Acc@1: 58.85, Acc@5: 84.59
2025-06-04 10:10:42,823 - log - INFO - iter:3420/3783, clip_acc1=58.83041000366211, tta_acc1=58.83041000366211
2025-06-04 10:10:42,824 - log - INFO - iter:3420/3783, Original Acc@1: 58.83, Acc@5: 84.65, TTA Acc@1: 58.83, Acc@5: 84.65
2025-06-04 10:11:32,657 - log - INFO - iter:3440/3783, clip_acc1=59.069766998291016, tta_acc1=59.069766998291016
2025-06-04 10:11:32,658 - log - INFO - iter:3440/3783, Original Acc@1: 59.07, Acc@5: 84.74, TTA Acc@1: 59.07, Acc@5: 84.74
2025-06-04 10:12:22,153 - log - INFO - iter:3460/3783, clip_acc1=59.046241760253906, tta_acc1=59.046241760253906
2025-06-04 10:12:22,154 - log - INFO - iter:3460/3783, Original Acc@1: 59.05, Acc@5: 84.62, TTA Acc@1: 59.05, Acc@5: 84.62
2025-06-04 10:13:11,474 - log - INFO - iter:3480/3783, clip_acc1=58.764366149902344, tta_acc1=58.764366149902344
2025-06-04 10:13:11,474 - log - INFO - iter:3480/3783, Original Acc@1: 58.76, Acc@5: 84.34, TTA Acc@1: 58.76, Acc@5: 84.34
2025-06-04 10:14:00,635 - log - INFO - iter:3500/3783, clip_acc1=58.628570556640625, tta_acc1=58.628570556640625
2025-06-04 10:14:00,635 - log - INFO - iter:3500/3783, Original Acc@1: 58.63, Acc@5: 84.23, TTA Acc@1: 58.63, Acc@5: 84.23
2025-06-04 10:14:50,177 - log - INFO - iter:3520/3783, clip_acc1=58.693180084228516, tta_acc1=58.693180084228516
2025-06-04 10:14:50,177 - log - INFO - iter:3520/3783, Original Acc@1: 58.69, Acc@5: 84.23, TTA Acc@1: 58.69, Acc@5: 84.23
2025-06-04 10:15:40,226 - log - INFO - iter:3540/3783, clip_acc1=58.92655563354492, tta_acc1=58.92655563354492
2025-06-04 10:15:40,226 - log - INFO - iter:3540/3783, Original Acc@1: 58.93, Acc@5: 84.32, TTA Acc@1: 58.93, Acc@5: 84.32
2025-06-04 10:16:29,787 - log - INFO - iter:3560/3783, clip_acc1=59.15730285644531, tta_acc1=59.15730285644531
2025-06-04 10:16:29,788 - log - INFO - iter:3560/3783, Original Acc@1: 59.16, Acc@5: 84.41, TTA Acc@1: 59.16, Acc@5: 84.41
2025-06-04 10:17:19,452 - log - INFO - iter:3580/3783, clip_acc1=59.357540130615234, tta_acc1=59.357540130615234
2025-06-04 10:17:19,452 - log - INFO - iter:3580/3783, Original Acc@1: 59.36, Acc@5: 84.47, TTA Acc@1: 59.36, Acc@5: 84.47
2025-06-04 10:18:09,251 - log - INFO - iter:3600/3783, clip_acc1=59.55555725097656, tta_acc1=59.55555725097656
2025-06-04 10:18:09,251 - log - INFO - iter:3600/3783, Original Acc@1: 59.56, Acc@5: 84.53, TTA Acc@1: 59.56, Acc@5: 84.53
2025-06-04 10:18:58,475 - log - INFO - iter:3620/3783, clip_acc1=59.696128845214844, tta_acc1=59.696128845214844
2025-06-04 10:18:58,475 - log - INFO - iter:3620/3783, Original Acc@1: 59.70, Acc@5: 84.53, TTA Acc@1: 59.70, Acc@5: 84.53
2025-06-04 10:19:47,627 - log - INFO - iter:3640/3783, clip_acc1=59.725276947021484, tta_acc1=59.725276947021484
2025-06-04 10:19:47,627 - log - INFO - iter:3640/3783, Original Acc@1: 59.73, Acc@5: 84.48, TTA Acc@1: 59.73, Acc@5: 84.48
2025-06-04 10:20:37,511 - log - INFO - iter:3660/3783, clip_acc1=59.83606719970703, tta_acc1=59.83606719970703
2025-06-04 10:20:37,512 - log - INFO - iter:3660/3783, Original Acc@1: 59.84, Acc@5: 84.51, TTA Acc@1: 59.84, Acc@5: 84.51
2025-06-04 10:21:27,320 - log - INFO - iter:3680/3783, clip_acc1=59.86412811279297, tta_acc1=59.86412811279297
2025-06-04 10:21:27,320 - log - INFO - iter:3680/3783, Original Acc@1: 59.86, Acc@5: 84.57, TTA Acc@1: 59.86, Acc@5: 84.57
2025-06-04 10:22:16,584 - log - INFO - iter:3700/3783, clip_acc1=60.08108139038086, tta_acc1=60.08108139038086
2025-06-04 10:22:16,584 - log - INFO - iter:3700/3783, Original Acc@1: 60.08, Acc@5: 84.65, TTA Acc@1: 60.08, Acc@5: 84.65
2025-06-04 10:23:05,824 - log - INFO - iter:3720/3783, clip_acc1=60.29570007324219, tta_acc1=60.29570007324219
2025-06-04 10:23:05,824 - log - INFO - iter:3720/3783, Original Acc@1: 60.30, Acc@5: 84.73, TTA Acc@1: 60.30, Acc@5: 84.73
2025-06-04 10:23:55,395 - log - INFO - iter:3740/3783, clip_acc1=60.50802230834961, tta_acc1=60.50802230834961
2025-06-04 10:23:55,396 - log - INFO - iter:3740/3783, Original Acc@1: 60.51, Acc@5: 84.81, TTA Acc@1: 60.51, Acc@5: 84.81
2025-06-04 10:24:45,020 - log - INFO - iter:3760/3783, clip_acc1=60.372337341308594, tta_acc1=60.372337341308594
2025-06-04 10:24:45,020 - log - INFO - iter:3760/3783, Original Acc@1: 60.37, Acc@5: 84.65, TTA Acc@1: 60.37, Acc@5: 84.65
2025-06-04 10:25:32,672 - log - INFO - iter:3780/3783, clip_acc1=60.10581970214844, tta_acc1=60.10581970214844
2025-06-04 10:25:32,673 - log - INFO - iter:3780/3783, Original Acc@1: 60.11, Acc@5: 84.39, TTA Acc@1: 60.11, Acc@5: 84.39
2025-06-04 10:25:38,859 - log - INFO - iter:3783/3783, clip_acc1=60.05815124511719, tta_acc1=60.05815124511719
2025-06-04 10:25:38,860 - log - INFO - iter:3783/3783, Original Acc@1: 60.06, Acc@5: 84.32, TTA Acc@1: 60.06, Acc@5: 84.32
2025-06-04 10:25:38,922 - log - INFO - Final results - Original Acc@1: 60.06, Acc@5: 84.32, TTA Acc@1: 60.06, Acc@5: 84.32
2025-06-04 10:25:38,923 - log - INFO - Improvement from TTA in Acc@1 0.00, and Acc@5 0.00
2025-06-04 10:25:38,923 - log - INFO - => Acc. on testset [UCF101]: Clean Acc @1 60.05815124511719/ TTA Clean Acc @1 60.05815124511719, Clean Acc @5 84.3246078491211/ TTA Clean Acc @5 84.3246078491211
2025-06-04 10:25:38,923 - log - INFO - Total script execution time: 9421.93 seconds (157.03 minutes)
