2025-05-30 16:27:44,521 - log - INFO - ==========================================
data:/leonardo_work/EUHPC_R04_192/fmohamma/Adversarial_Robust_Clip/atpt_data/downstream_datasets
test_sets:Aircraft
dataset_mode:test
arch:ViT-L/14
resolution:224
workers:4
no_pin_memory:False
batch_size:64
print_freq:20
gpu:0
no_cudnn_benchmark:False
n_ctx:4
ctx_init:a_photo_of_a
tpt_loss:rtpt
seed:0
output_dir:/leonardo_work/EUHPC_R04_192/fmohamma/Adversarial_Robust_Clip/atpt_data/ViT-L/14/Aircraft
log_output_dir:/leonardo_work/EUHPC_R04_192/fmohamma/Adversarial_Robust_Clip/ATPT/Final_Results/ViT-L/14/Aircraft
eps:0.0
alpha:0.0
alpha_eps_ratio:4.0
steps:0
lr:0.005
selection_p:0.1
tta_steps:0
ensemble_type:none
top_k:20
softmax_temp:0.01
counter_attack:True
counter_attack_type:pgd
counter_attack_steps:2
counter_attack_eps:4.0
counter_attack_alpha:1.0
counter_attack_tau_thres:0.2
counter_attack_beta:2.0
counter_attack_weighted_perturbations:True
pgd_clip_pure_i_text_embeddings:null
pgd_counter_and_clipure_i_lamda:1.0
selected_id_name:selected_topk.json
weighted_score_name:weighted_scores.json
batch_entropy_name:entropies.json
log_dir:/leonardo_work/EUHPC_R04_192/fmohamma/Adversarial_Robust_Clip/ATPT/Final_Results/ViT-L/14/Aircraft/Clean/Counter_Attack/Eps_4_0_Steps_2_Alpha_1_0/tau_0_2_beta_2_0_weighted_pertrubation_True/No_TPT/Inference_Ensemble_none

2025-05-30 16:27:44,522 - log - INFO - Use GPU: 0 for training
2025-05-30 16:27:59,178 - log - INFO - Freezing all parameters except prompt learner
2025-05-30 16:27:59,180 - log - INFO - => Model created: visual backbone ViT-L/14
2025-05-30 16:27:59,226 - log - INFO - Number of test samples: 3333
2025-05-30 16:27:59,227 - log - INFO - Evaluating dataset: Aircraft
2025-05-30 16:27:59,227 - log - INFO - Starting evaluation with batch size: 64, selection percentage: 0.1
2025-05-30 16:27:59,228 - log - INFO - Test-time adaptation steps: 0, learning rate: 0.005
2025-05-30 16:27:59,228 - log - INFO - Using counter-attack with epsilon: 4.000000, alpha: 0.000000, steps: 2, tau_thres: 0.2, beta: 2.0, weighted perturbation: True
2025-05-30 16:28:49,275 - log - INFO - iter:20/3333, clip_acc1=20.0, tta_acc1=20.0
2025-05-30 16:28:49,275 - log - INFO - iter:20/3333, Original Acc@1: 20.00, Acc@5: 70.00, TTA Acc@1: 20.00, Acc@5: 70.00
2025-05-30 16:29:35,278 - log - INFO - iter:40/3333, clip_acc1=22.5, tta_acc1=22.5
2025-05-30 16:29:35,278 - log - INFO - iter:40/3333, Original Acc@1: 22.50, Acc@5: 67.50, TTA Acc@1: 22.50, Acc@5: 67.50
2025-05-30 16:30:21,273 - log - INFO - iter:60/3333, clip_acc1=25.000001907348633, tta_acc1=25.000001907348633
2025-05-30 16:30:21,273 - log - INFO - iter:60/3333, Original Acc@1: 25.00, Acc@5: 73.33, TTA Acc@1: 25.00, Acc@5: 73.33
2025-05-30 16:31:07,176 - log - INFO - iter:80/3333, clip_acc1=27.5, tta_acc1=27.5
2025-05-30 16:31:07,176 - log - INFO - iter:80/3333, Original Acc@1: 27.50, Acc@5: 68.75, TTA Acc@1: 27.50, Acc@5: 68.75
2025-05-30 16:31:53,062 - log - INFO - iter:100/3333, clip_acc1=23.0, tta_acc1=23.0
2025-05-30 16:31:53,063 - log - INFO - iter:100/3333, Original Acc@1: 23.00, Acc@5: 59.00, TTA Acc@1: 23.00, Acc@5: 59.00
2025-05-30 16:32:39,299 - log - INFO - iter:120/3333, clip_acc1=20.000001907348633, tta_acc1=20.000001907348633
2025-05-30 16:32:39,299 - log - INFO - iter:120/3333, Original Acc@1: 20.00, Acc@5: 55.83, TTA Acc@1: 20.00, Acc@5: 55.83
2025-05-30 16:33:25,407 - log - INFO - iter:140/3333, clip_acc1=17.14285659790039, tta_acc1=17.14285659790039
2025-05-30 16:33:25,407 - log - INFO - iter:140/3333, Original Acc@1: 17.14, Acc@5: 49.29, TTA Acc@1: 17.14, Acc@5: 49.29
2025-05-30 16:34:11,347 - log - INFO - iter:160/3333, clip_acc1=15.0, tta_acc1=15.0
2025-05-30 16:34:11,348 - log - INFO - iter:160/3333, Original Acc@1: 15.00, Acc@5: 45.00, TTA Acc@1: 15.00, Acc@5: 45.00
2025-05-30 16:34:57,540 - log - INFO - iter:180/3333, clip_acc1=13.333333969116211, tta_acc1=13.333333969116211
2025-05-30 16:34:57,540 - log - INFO - iter:180/3333, Original Acc@1: 13.33, Acc@5: 43.33, TTA Acc@1: 13.33, Acc@5: 43.33
2025-05-30 16:35:43,810 - log - INFO - iter:200/3333, clip_acc1=12.5, tta_acc1=12.5
2025-05-30 16:35:43,810 - log - INFO - iter:200/3333, Original Acc@1: 12.50, Acc@5: 44.00, TTA Acc@1: 12.50, Acc@5: 44.00
2025-05-30 16:36:29,817 - log - INFO - iter:220/3333, clip_acc1=12.727272033691406, tta_acc1=12.727272033691406
2025-05-30 16:36:29,818 - log - INFO - iter:220/3333, Original Acc@1: 12.73, Acc@5: 46.82, TTA Acc@1: 12.73, Acc@5: 46.82
2025-05-30 16:37:15,878 - log - INFO - iter:240/3333, clip_acc1=12.083333969116211, tta_acc1=12.083333969116211
2025-05-30 16:37:15,878 - log - INFO - iter:240/3333, Original Acc@1: 12.08, Acc@5: 50.00, TTA Acc@1: 12.08, Acc@5: 50.00
2025-05-30 16:38:01,867 - log - INFO - iter:260/3333, clip_acc1=11.923076629638672, tta_acc1=11.923076629638672
2025-05-30 16:38:01,867 - log - INFO - iter:260/3333, Original Acc@1: 11.92, Acc@5: 51.54, TTA Acc@1: 11.92, Acc@5: 51.54
2025-05-30 16:38:47,870 - log - INFO - iter:280/3333, clip_acc1=11.071428298950195, tta_acc1=11.071428298950195
2025-05-30 16:38:47,870 - log - INFO - iter:280/3333, Original Acc@1: 11.07, Acc@5: 48.93, TTA Acc@1: 11.07, Acc@5: 48.93
2025-05-30 16:39:33,960 - log - INFO - iter:300/3333, clip_acc1=10.333333969116211, tta_acc1=10.333333969116211
2025-05-30 16:39:33,960 - log - INFO - iter:300/3333, Original Acc@1: 10.33, Acc@5: 47.00, TTA Acc@1: 10.33, Acc@5: 47.00
2025-05-30 16:40:20,476 - log - INFO - iter:320/3333, clip_acc1=10.625, tta_acc1=10.625
2025-05-30 16:40:20,476 - log - INFO - iter:320/3333, Original Acc@1: 10.62, Acc@5: 47.50, TTA Acc@1: 10.62, Acc@5: 47.50
2025-05-30 16:41:06,714 - log - INFO - iter:340/3333, clip_acc1=11.176470756530762, tta_acc1=11.176470756530762
2025-05-30 16:41:06,714 - log - INFO - iter:340/3333, Original Acc@1: 11.18, Acc@5: 49.12, TTA Acc@1: 11.18, Acc@5: 49.12
2025-05-30 16:41:52,686 - log - INFO - iter:360/3333, clip_acc1=12.222222328186035, tta_acc1=12.222222328186035
2025-05-30 16:41:52,687 - log - INFO - iter:360/3333, Original Acc@1: 12.22, Acc@5: 51.39, TTA Acc@1: 12.22, Acc@5: 51.39
2025-05-30 16:42:40,909 - log - INFO - iter:380/3333, clip_acc1=12.894737243652344, tta_acc1=12.894737243652344
2025-05-30 16:42:40,909 - log - INFO - iter:380/3333, Original Acc@1: 12.89, Acc@5: 52.63, TTA Acc@1: 12.89, Acc@5: 52.63
2025-05-30 16:43:27,059 - log - INFO - iter:400/3333, clip_acc1=13.75, tta_acc1=13.75
2025-05-30 16:43:27,059 - log - INFO - iter:400/3333, Original Acc@1: 13.75, Acc@5: 53.75, TTA Acc@1: 13.75, Acc@5: 53.75
2025-05-30 16:44:12,904 - log - INFO - iter:420/3333, clip_acc1=13.333333969116211, tta_acc1=13.333333969116211
2025-05-30 16:44:12,905 - log - INFO - iter:420/3333, Original Acc@1: 13.33, Acc@5: 54.29, TTA Acc@1: 13.33, Acc@5: 54.29
2025-05-30 16:44:59,252 - log - INFO - iter:440/3333, clip_acc1=12.727272033691406, tta_acc1=12.727272033691406
2025-05-30 16:44:59,253 - log - INFO - iter:440/3333, Original Acc@1: 12.73, Acc@5: 55.00, TTA Acc@1: 12.73, Acc@5: 55.00
2025-05-30 16:45:45,373 - log - INFO - iter:460/3333, clip_acc1=12.173912048339844, tta_acc1=12.173912048339844
2025-05-30 16:45:45,373 - log - INFO - iter:460/3333, Original Acc@1: 12.17, Acc@5: 56.09, TTA Acc@1: 12.17, Acc@5: 56.09
2025-05-30 16:46:31,295 - log - INFO - iter:480/3333, clip_acc1=12.500000953674316, tta_acc1=12.500000953674316
2025-05-30 16:46:31,295 - log - INFO - iter:480/3333, Original Acc@1: 12.50, Acc@5: 56.88, TTA Acc@1: 12.50, Acc@5: 56.88
2025-05-30 16:47:17,950 - log - INFO - iter:500/3333, clip_acc1=13.000000953674316, tta_acc1=13.000000953674316
2025-05-30 16:47:17,951 - log - INFO - iter:500/3333, Original Acc@1: 13.00, Acc@5: 57.20, TTA Acc@1: 13.00, Acc@5: 57.20
2025-05-30 16:48:04,216 - log - INFO - iter:520/3333, clip_acc1=14.038461685180664, tta_acc1=14.038461685180664
2025-05-30 16:48:04,216 - log - INFO - iter:520/3333, Original Acc@1: 14.04, Acc@5: 58.08, TTA Acc@1: 14.04, Acc@5: 58.08
2025-05-30 16:48:50,512 - log - INFO - iter:540/3333, clip_acc1=14.074073791503906, tta_acc1=14.074073791503906
2025-05-30 16:48:50,512 - log - INFO - iter:540/3333, Original Acc@1: 14.07, Acc@5: 58.15, TTA Acc@1: 14.07, Acc@5: 58.15
2025-05-30 16:49:36,538 - log - INFO - iter:560/3333, clip_acc1=13.928571701049805, tta_acc1=13.928571701049805
2025-05-30 16:49:36,538 - log - INFO - iter:560/3333, Original Acc@1: 13.93, Acc@5: 58.04, TTA Acc@1: 13.93, Acc@5: 58.04
2025-05-30 16:50:22,784 - log - INFO - iter:580/3333, clip_acc1=13.448275566101074, tta_acc1=13.448275566101074
2025-05-30 16:50:22,784 - log - INFO - iter:580/3333, Original Acc@1: 13.45, Acc@5: 57.41, TTA Acc@1: 13.45, Acc@5: 57.41
2025-05-30 16:51:09,062 - log - INFO - iter:600/3333, clip_acc1=13.333333969116211, tta_acc1=13.333333969116211
2025-05-30 16:51:09,062 - log - INFO - iter:600/3333, Original Acc@1: 13.33, Acc@5: 57.50, TTA Acc@1: 13.33, Acc@5: 57.50
2025-05-30 16:51:55,195 - log - INFO - iter:620/3333, clip_acc1=13.064516067504883, tta_acc1=13.064516067504883
2025-05-30 16:51:55,195 - log - INFO - iter:620/3333, Original Acc@1: 13.06, Acc@5: 57.90, TTA Acc@1: 13.06, Acc@5: 57.90
2025-05-30 16:52:41,593 - log - INFO - iter:640/3333, clip_acc1=12.8125, tta_acc1=12.8125
2025-05-30 16:52:41,593 - log - INFO - iter:640/3333, Original Acc@1: 12.81, Acc@5: 57.50, TTA Acc@1: 12.81, Acc@5: 57.50
2025-05-30 16:53:27,968 - log - INFO - iter:660/3333, clip_acc1=12.727272033691406, tta_acc1=12.727272033691406
2025-05-30 16:53:27,968 - log - INFO - iter:660/3333, Original Acc@1: 12.73, Acc@5: 57.12, TTA Acc@1: 12.73, Acc@5: 57.12
2025-05-30 16:54:14,447 - log - INFO - iter:680/3333, clip_acc1=12.5, tta_acc1=12.5
2025-05-30 16:54:14,447 - log - INFO - iter:680/3333, Original Acc@1: 12.50, Acc@5: 56.47, TTA Acc@1: 12.50, Acc@5: 56.47
2025-05-30 16:55:00,675 - log - INFO - iter:700/3333, clip_acc1=12.571428298950195, tta_acc1=12.571428298950195
2025-05-30 16:55:00,675 - log - INFO - iter:700/3333, Original Acc@1: 12.57, Acc@5: 56.14, TTA Acc@1: 12.57, Acc@5: 56.14
2025-05-30 16:55:46,683 - log - INFO - iter:720/3333, clip_acc1=12.63888931274414, tta_acc1=12.63888931274414
2025-05-30 16:55:46,684 - log - INFO - iter:720/3333, Original Acc@1: 12.64, Acc@5: 56.53, TTA Acc@1: 12.64, Acc@5: 56.53
2025-05-30 16:56:32,482 - log - INFO - iter:740/3333, clip_acc1=12.972972869873047, tta_acc1=12.972972869873047
2025-05-30 16:56:32,482 - log - INFO - iter:740/3333, Original Acc@1: 12.97, Acc@5: 56.49, TTA Acc@1: 12.97, Acc@5: 56.49
2025-05-30 16:57:18,870 - log - INFO - iter:760/3333, clip_acc1=13.684210777282715, tta_acc1=13.684210777282715
2025-05-30 16:57:18,870 - log - INFO - iter:760/3333, Original Acc@1: 13.68, Acc@5: 56.97, TTA Acc@1: 13.68, Acc@5: 56.97
2025-05-30 16:58:04,761 - log - INFO - iter:780/3333, clip_acc1=13.589743614196777, tta_acc1=13.589743614196777
2025-05-30 16:58:04,761 - log - INFO - iter:780/3333, Original Acc@1: 13.59, Acc@5: 57.18, TTA Acc@1: 13.59, Acc@5: 57.18
2025-05-30 16:58:51,040 - log - INFO - iter:800/3333, clip_acc1=13.75, tta_acc1=13.75
2025-05-30 16:58:51,040 - log - INFO - iter:800/3333, Original Acc@1: 13.75, Acc@5: 57.50, TTA Acc@1: 13.75, Acc@5: 57.50
2025-05-30 16:59:37,288 - log - INFO - iter:820/3333, clip_acc1=14.268292427062988, tta_acc1=14.268292427062988
2025-05-30 16:59:37,288 - log - INFO - iter:820/3333, Original Acc@1: 14.27, Acc@5: 57.68, TTA Acc@1: 14.27, Acc@5: 57.68
2025-05-30 17:00:23,553 - log - INFO - iter:840/3333, clip_acc1=14.166666984558105, tta_acc1=14.166666984558105
2025-05-30 17:00:23,553 - log - INFO - iter:840/3333, Original Acc@1: 14.17, Acc@5: 57.74, TTA Acc@1: 14.17, Acc@5: 57.74
2025-05-30 17:01:09,294 - log - INFO - iter:860/3333, clip_acc1=14.069766998291016, tta_acc1=14.069766998291016
2025-05-30 17:01:09,294 - log - INFO - iter:860/3333, Original Acc@1: 14.07, Acc@5: 58.14, TTA Acc@1: 14.07, Acc@5: 58.14
2025-05-30 17:01:55,704 - log - INFO - iter:880/3333, clip_acc1=14.090909004211426, tta_acc1=14.090909004211426
2025-05-30 17:01:55,705 - log - INFO - iter:880/3333, Original Acc@1: 14.09, Acc@5: 58.52, TTA Acc@1: 14.09, Acc@5: 58.52
2025-05-30 17:02:41,961 - log - INFO - iter:900/3333, clip_acc1=14.222222328186035, tta_acc1=14.222222328186035
2025-05-30 17:02:41,962 - log - INFO - iter:900/3333, Original Acc@1: 14.22, Acc@5: 58.67, TTA Acc@1: 14.22, Acc@5: 58.67
2025-05-30 17:03:27,997 - log - INFO - iter:920/3333, clip_acc1=14.130434036254883, tta_acc1=14.130434036254883
2025-05-30 17:03:27,997 - log - INFO - iter:920/3333, Original Acc@1: 14.13, Acc@5: 58.48, TTA Acc@1: 14.13, Acc@5: 58.48
2025-05-30 17:04:14,079 - log - INFO - iter:940/3333, clip_acc1=14.255318641662598, tta_acc1=14.255318641662598
2025-05-30 17:04:14,079 - log - INFO - iter:940/3333, Original Acc@1: 14.26, Acc@5: 57.98, TTA Acc@1: 14.26, Acc@5: 57.98
2025-05-30 17:04:59,967 - log - INFO - iter:960/3333, clip_acc1=13.958333969116211, tta_acc1=13.958333969116211
2025-05-30 17:04:59,967 - log - INFO - iter:960/3333, Original Acc@1: 13.96, Acc@5: 57.50, TTA Acc@1: 13.96, Acc@5: 57.50
2025-05-30 17:05:45,765 - log - INFO - iter:980/3333, clip_acc1=14.183672904968262, tta_acc1=14.183672904968262
2025-05-30 17:05:45,765 - log - INFO - iter:980/3333, Original Acc@1: 14.18, Acc@5: 57.35, TTA Acc@1: 14.18, Acc@5: 57.35
2025-05-30 17:06:31,728 - log - INFO - iter:1000/3333, clip_acc1=14.200000762939453, tta_acc1=14.200000762939453
2025-05-30 17:06:31,728 - log - INFO - iter:1000/3333, Original Acc@1: 14.20, Acc@5: 57.70, TTA Acc@1: 14.20, Acc@5: 57.70
2025-05-30 17:07:17,759 - log - INFO - iter:1020/3333, clip_acc1=13.92156982421875, tta_acc1=13.92156982421875
2025-05-30 17:07:17,759 - log - INFO - iter:1020/3333, Original Acc@1: 13.92, Acc@5: 57.55, TTA Acc@1: 13.92, Acc@5: 57.55
2025-05-30 17:08:04,024 - log - INFO - iter:1040/3333, clip_acc1=13.65384578704834, tta_acc1=13.65384578704834
2025-05-30 17:08:04,025 - log - INFO - iter:1040/3333, Original Acc@1: 13.65, Acc@5: 57.60, TTA Acc@1: 13.65, Acc@5: 57.60
2025-05-30 17:08:50,323 - log - INFO - iter:1060/3333, clip_acc1=13.39622688293457, tta_acc1=13.39622688293457
2025-05-30 17:08:50,323 - log - INFO - iter:1060/3333, Original Acc@1: 13.40, Acc@5: 57.55, TTA Acc@1: 13.40, Acc@5: 57.55
2025-05-30 17:09:36,353 - log - INFO - iter:1080/3333, clip_acc1=13.148147583007812, tta_acc1=13.148147583007812
2025-05-30 17:09:36,353 - log - INFO - iter:1080/3333, Original Acc@1: 13.15, Acc@5: 57.59, TTA Acc@1: 13.15, Acc@5: 57.59
2025-05-30 17:10:22,820 - log - INFO - iter:1100/3333, clip_acc1=13.090909004211426, tta_acc1=13.090909004211426
2025-05-30 17:10:22,820 - log - INFO - iter:1100/3333, Original Acc@1: 13.09, Acc@5: 57.91, TTA Acc@1: 13.09, Acc@5: 57.91
2025-05-30 17:11:09,719 - log - INFO - iter:1120/3333, clip_acc1=13.75, tta_acc1=13.75
2025-05-30 17:11:09,719 - log - INFO - iter:1120/3333, Original Acc@1: 13.75, Acc@5: 58.66, TTA Acc@1: 13.75, Acc@5: 58.66
2025-05-30 17:11:55,989 - log - INFO - iter:1140/3333, clip_acc1=14.473684310913086, tta_acc1=14.473684310913086
2025-05-30 17:11:55,990 - log - INFO - iter:1140/3333, Original Acc@1: 14.47, Acc@5: 59.12, TTA Acc@1: 14.47, Acc@5: 59.12
2025-05-30 17:12:42,153 - log - INFO - iter:1160/3333, clip_acc1=14.655172348022461, tta_acc1=14.655172348022461
2025-05-30 17:12:42,153 - log - INFO - iter:1160/3333, Original Acc@1: 14.66, Acc@5: 59.31, TTA Acc@1: 14.66, Acc@5: 59.31
2025-05-30 17:13:28,657 - log - INFO - iter:1180/3333, clip_acc1=14.745762825012207, tta_acc1=14.745762825012207
2025-05-30 17:13:28,657 - log - INFO - iter:1180/3333, Original Acc@1: 14.75, Acc@5: 59.32, TTA Acc@1: 14.75, Acc@5: 59.32
2025-05-30 17:14:14,626 - log - INFO - iter:1200/3333, clip_acc1=14.5, tta_acc1=14.5
2025-05-30 17:14:14,626 - log - INFO - iter:1200/3333, Original Acc@1: 14.50, Acc@5: 58.83, TTA Acc@1: 14.50, Acc@5: 58.83
2025-05-30 17:15:00,816 - log - INFO - iter:1220/3333, clip_acc1=14.508196830749512, tta_acc1=14.508196830749512
2025-05-30 17:15:00,816 - log - INFO - iter:1220/3333, Original Acc@1: 14.51, Acc@5: 58.20, TTA Acc@1: 14.51, Acc@5: 58.20
2025-05-30 17:15:47,047 - log - INFO - iter:1240/3333, clip_acc1=14.516128540039062, tta_acc1=14.516128540039062
2025-05-30 17:15:47,047 - log - INFO - iter:1240/3333, Original Acc@1: 14.52, Acc@5: 57.98, TTA Acc@1: 14.52, Acc@5: 57.98
2025-05-30 17:16:33,364 - log - INFO - iter:1260/3333, clip_acc1=15.2380952835083, tta_acc1=15.2380952835083
2025-05-30 17:16:33,364 - log - INFO - iter:1260/3333, Original Acc@1: 15.24, Acc@5: 58.17, TTA Acc@1: 15.24, Acc@5: 58.17
2025-05-30 17:17:19,371 - log - INFO - iter:1280/3333, clip_acc1=15.3125, tta_acc1=15.3125
2025-05-30 17:17:19,371 - log - INFO - iter:1280/3333, Original Acc@1: 15.31, Acc@5: 58.28, TTA Acc@1: 15.31, Acc@5: 58.28
2025-05-30 17:18:05,906 - log - INFO - iter:1300/3333, clip_acc1=15.230769157409668, tta_acc1=15.230769157409668
2025-05-30 17:18:05,906 - log - INFO - iter:1300/3333, Original Acc@1: 15.23, Acc@5: 58.31, TTA Acc@1: 15.23, Acc@5: 58.31
2025-05-30 17:18:52,567 - log - INFO - iter:1320/3333, clip_acc1=15.075757026672363, tta_acc1=15.075757026672363
2025-05-30 17:18:52,567 - log - INFO - iter:1320/3333, Original Acc@1: 15.08, Acc@5: 58.11, TTA Acc@1: 15.08, Acc@5: 58.11
2025-05-30 17:19:38,664 - log - INFO - iter:1340/3333, clip_acc1=15.0, tta_acc1=15.0
2025-05-30 17:19:38,664 - log - INFO - iter:1340/3333, Original Acc@1: 15.00, Acc@5: 58.06, TTA Acc@1: 15.00, Acc@5: 58.06
2025-05-30 17:20:24,879 - log - INFO - iter:1360/3333, clip_acc1=14.926470756530762, tta_acc1=14.926470756530762
2025-05-30 17:20:24,879 - log - INFO - iter:1360/3333, Original Acc@1: 14.93, Acc@5: 58.09, TTA Acc@1: 14.93, Acc@5: 58.09
2025-05-30 17:21:10,943 - log - INFO - iter:1380/3333, clip_acc1=14.855072975158691, tta_acc1=14.855072975158691
2025-05-30 17:21:10,943 - log - INFO - iter:1380/3333, Original Acc@1: 14.86, Acc@5: 57.90, TTA Acc@1: 14.86, Acc@5: 57.90
2025-05-30 17:21:56,934 - log - INFO - iter:1400/3333, clip_acc1=14.785714149475098, tta_acc1=14.785714149475098
2025-05-30 17:21:56,935 - log - INFO - iter:1400/3333, Original Acc@1: 14.79, Acc@5: 57.64, TTA Acc@1: 14.79, Acc@5: 57.64
2025-05-30 17:22:43,068 - log - INFO - iter:1420/3333, clip_acc1=15.49295711517334, tta_acc1=15.49295711517334
2025-05-30 17:22:43,068 - log - INFO - iter:1420/3333, Original Acc@1: 15.49, Acc@5: 57.96, TTA Acc@1: 15.49, Acc@5: 57.96
2025-05-30 17:23:29,001 - log - INFO - iter:1440/3333, clip_acc1=15.833333969116211, tta_acc1=15.833333969116211
2025-05-30 17:23:29,002 - log - INFO - iter:1440/3333, Original Acc@1: 15.83, Acc@5: 58.12, TTA Acc@1: 15.83, Acc@5: 58.12
2025-05-30 17:24:14,873 - log - INFO - iter:1460/3333, clip_acc1=15.616438865661621, tta_acc1=15.616438865661621
2025-05-30 17:24:14,873 - log - INFO - iter:1460/3333, Original Acc@1: 15.62, Acc@5: 57.95, TTA Acc@1: 15.62, Acc@5: 57.95
2025-05-30 17:25:01,290 - log - INFO - iter:1480/3333, clip_acc1=15.472973823547363, tta_acc1=15.472973823547363
2025-05-30 17:25:01,290 - log - INFO - iter:1480/3333, Original Acc@1: 15.47, Acc@5: 57.64, TTA Acc@1: 15.47, Acc@5: 57.64
2025-05-30 17:25:47,921 - log - INFO - iter:1500/3333, clip_acc1=15.399999618530273, tta_acc1=15.399999618530273
2025-05-30 17:25:47,921 - log - INFO - iter:1500/3333, Original Acc@1: 15.40, Acc@5: 57.13, TTA Acc@1: 15.40, Acc@5: 57.13
2025-05-30 17:26:34,190 - log - INFO - iter:1520/3333, clip_acc1=15.394737243652344, tta_acc1=15.394737243652344
2025-05-30 17:26:34,190 - log - INFO - iter:1520/3333, Original Acc@1: 15.39, Acc@5: 56.71, TTA Acc@1: 15.39, Acc@5: 56.71
2025-05-30 17:27:20,828 - log - INFO - iter:1540/3333, clip_acc1=15.194805145263672, tta_acc1=15.194805145263672
2025-05-30 17:27:20,829 - log - INFO - iter:1540/3333, Original Acc@1: 15.19, Acc@5: 56.30, TTA Acc@1: 15.19, Acc@5: 56.30
2025-05-30 17:28:06,873 - log - INFO - iter:1560/3333, clip_acc1=15.064103126525879, tta_acc1=15.064103126525879
2025-05-30 17:28:06,874 - log - INFO - iter:1560/3333, Original Acc@1: 15.06, Acc@5: 56.03, TTA Acc@1: 15.06, Acc@5: 56.03
2025-05-30 17:28:53,080 - log - INFO - iter:1580/3333, clip_acc1=15.316455841064453, tta_acc1=15.316455841064453
2025-05-30 17:28:53,080 - log - INFO - iter:1580/3333, Original Acc@1: 15.32, Acc@5: 56.14, TTA Acc@1: 15.32, Acc@5: 56.14
2025-05-30 17:29:39,323 - log - INFO - iter:1600/3333, clip_acc1=15.6875, tta_acc1=15.6875
2025-05-30 17:29:39,323 - log - INFO - iter:1600/3333, Original Acc@1: 15.69, Acc@5: 56.62, TTA Acc@1: 15.69, Acc@5: 56.62
2025-05-30 17:30:25,347 - log - INFO - iter:1620/3333, clip_acc1=16.172840118408203, tta_acc1=16.172840118408203
2025-05-30 17:30:25,347 - log - INFO - iter:1620/3333, Original Acc@1: 16.17, Acc@5: 56.98, TTA Acc@1: 16.17, Acc@5: 56.98
2025-05-30 17:31:11,630 - log - INFO - iter:1640/3333, clip_acc1=16.463415145874023, tta_acc1=16.463415145874023
2025-05-30 17:31:11,630 - log - INFO - iter:1640/3333, Original Acc@1: 16.46, Acc@5: 57.26, TTA Acc@1: 16.46, Acc@5: 57.26
2025-05-30 17:31:57,635 - log - INFO - iter:1660/3333, clip_acc1=16.566265106201172, tta_acc1=16.566265106201172
2025-05-30 17:31:57,635 - log - INFO - iter:1660/3333, Original Acc@1: 16.57, Acc@5: 57.29, TTA Acc@1: 16.57, Acc@5: 57.29
2025-05-30 17:32:43,647 - log - INFO - iter:1680/3333, clip_acc1=16.666667938232422, tta_acc1=16.666667938232422
2025-05-30 17:32:43,647 - log - INFO - iter:1680/3333, Original Acc@1: 16.67, Acc@5: 57.38, TTA Acc@1: 16.67, Acc@5: 57.38
2025-05-30 17:33:30,259 - log - INFO - iter:1700/3333, clip_acc1=16.588233947753906, tta_acc1=16.588233947753906
2025-05-30 17:33:30,259 - log - INFO - iter:1700/3333, Original Acc@1: 16.59, Acc@5: 57.18, TTA Acc@1: 16.59, Acc@5: 57.18
2025-05-30 17:34:17,264 - log - INFO - iter:1720/3333, clip_acc1=16.686046600341797, tta_acc1=16.686046600341797
2025-05-30 17:34:17,264 - log - INFO - iter:1720/3333, Original Acc@1: 16.69, Acc@5: 57.15, TTA Acc@1: 16.69, Acc@5: 57.15
2025-05-30 17:35:03,650 - log - INFO - iter:1740/3333, clip_acc1=16.839080810546875, tta_acc1=16.839080810546875
2025-05-30 17:35:03,651 - log - INFO - iter:1740/3333, Original Acc@1: 16.84, Acc@5: 57.24, TTA Acc@1: 16.84, Acc@5: 57.24
2025-05-30 17:35:49,686 - log - INFO - iter:1760/3333, clip_acc1=16.93181800842285, tta_acc1=16.93181800842285
2025-05-30 17:35:49,686 - log - INFO - iter:1760/3333, Original Acc@1: 16.93, Acc@5: 57.33, TTA Acc@1: 16.93, Acc@5: 57.33
2025-05-30 17:36:35,616 - log - INFO - iter:1780/3333, clip_acc1=17.30337142944336, tta_acc1=17.30337142944336
2025-05-30 17:36:35,617 - log - INFO - iter:1780/3333, Original Acc@1: 17.30, Acc@5: 57.47, TTA Acc@1: 17.30, Acc@5: 57.47
2025-05-30 17:37:21,618 - log - INFO - iter:1800/3333, clip_acc1=17.88888931274414, tta_acc1=17.88888931274414
2025-05-30 17:37:21,619 - log - INFO - iter:1800/3333, Original Acc@1: 17.89, Acc@5: 57.72, TTA Acc@1: 17.89, Acc@5: 57.72
2025-05-30 17:38:07,880 - log - INFO - iter:1820/3333, clip_acc1=17.85714340209961, tta_acc1=17.85714340209961
2025-05-30 17:38:07,880 - log - INFO - iter:1820/3333, Original Acc@1: 17.86, Acc@5: 57.47, TTA Acc@1: 17.86, Acc@5: 57.47
2025-05-30 17:38:53,874 - log - INFO - iter:1840/3333, clip_acc1=17.9891300201416, tta_acc1=17.9891300201416
2025-05-30 17:38:53,874 - log - INFO - iter:1840/3333, Original Acc@1: 17.99, Acc@5: 57.23, TTA Acc@1: 17.99, Acc@5: 57.23
2025-05-30 17:39:39,730 - log - INFO - iter:1860/3333, clip_acc1=18.1182804107666, tta_acc1=18.1182804107666
2025-05-30 17:39:39,731 - log - INFO - iter:1860/3333, Original Acc@1: 18.12, Acc@5: 57.20, TTA Acc@1: 18.12, Acc@5: 57.20
2025-05-30 17:40:25,561 - log - INFO - iter:1880/3333, clip_acc1=17.978723526000977, tta_acc1=17.978723526000977
2025-05-30 17:40:25,561 - log - INFO - iter:1880/3333, Original Acc@1: 17.98, Acc@5: 56.91, TTA Acc@1: 17.98, Acc@5: 56.91
2025-05-30 17:41:11,756 - log - INFO - iter:1900/3333, clip_acc1=17.842103958129883, tta_acc1=17.842103958129883
2025-05-30 17:41:11,756 - log - INFO - iter:1900/3333, Original Acc@1: 17.84, Acc@5: 56.68, TTA Acc@1: 17.84, Acc@5: 56.68
2025-05-30 17:41:58,111 - log - INFO - iter:1920/3333, clip_acc1=18.28125, tta_acc1=18.28125
2025-05-30 17:41:58,111 - log - INFO - iter:1920/3333, Original Acc@1: 18.28, Acc@5: 56.98, TTA Acc@1: 18.28, Acc@5: 56.98
2025-05-30 17:42:44,334 - log - INFO - iter:1940/3333, clip_acc1=18.402063369750977, tta_acc1=18.402063369750977
2025-05-30 17:42:44,334 - log - INFO - iter:1940/3333, Original Acc@1: 18.40, Acc@5: 57.11, TTA Acc@1: 18.40, Acc@5: 57.11
2025-05-30 17:43:30,470 - log - INFO - iter:1960/3333, clip_acc1=18.214284896850586, tta_acc1=18.214284896850586
2025-05-30 17:43:30,470 - log - INFO - iter:1960/3333, Original Acc@1: 18.21, Acc@5: 57.04, TTA Acc@1: 18.21, Acc@5: 57.04
2025-05-30 17:44:16,137 - log - INFO - iter:1980/3333, clip_acc1=18.33333396911621, tta_acc1=18.33333396911621
2025-05-30 17:44:16,137 - log - INFO - iter:1980/3333, Original Acc@1: 18.33, Acc@5: 57.07, TTA Acc@1: 18.33, Acc@5: 57.07
2025-05-30 17:45:02,312 - log - INFO - iter:2000/3333, clip_acc1=18.400001525878906, tta_acc1=18.400001525878906
2025-05-30 17:45:02,312 - log - INFO - iter:2000/3333, Original Acc@1: 18.40, Acc@5: 57.50, TTA Acc@1: 18.40, Acc@5: 57.50
2025-05-30 17:45:48,281 - log - INFO - iter:2020/3333, clip_acc1=18.51485252380371, tta_acc1=18.51485252380371
2025-05-30 17:45:48,281 - log - INFO - iter:2020/3333, Original Acc@1: 18.51, Acc@5: 57.87, TTA Acc@1: 18.51, Acc@5: 57.87
2025-05-30 17:46:34,313 - log - INFO - iter:2040/3333, clip_acc1=18.578432083129883, tta_acc1=18.578432083129883
2025-05-30 17:46:34,313 - log - INFO - iter:2040/3333, Original Acc@1: 18.58, Acc@5: 57.99, TTA Acc@1: 18.58, Acc@5: 57.99
2025-05-30 17:47:20,357 - log - INFO - iter:2060/3333, clip_acc1=18.786407470703125, tta_acc1=18.786407470703125
2025-05-30 17:47:20,358 - log - INFO - iter:2060/3333, Original Acc@1: 18.79, Acc@5: 58.30, TTA Acc@1: 18.79, Acc@5: 58.30
2025-05-30 17:48:06,475 - log - INFO - iter:2080/3333, clip_acc1=18.653846740722656, tta_acc1=18.653846740722656
2025-05-30 17:48:06,475 - log - INFO - iter:2080/3333, Original Acc@1: 18.65, Acc@5: 58.17, TTA Acc@1: 18.65, Acc@5: 58.17
2025-05-30 17:48:52,801 - log - INFO - iter:2100/3333, clip_acc1=18.4761905670166, tta_acc1=18.4761905670166
2025-05-30 17:48:52,801 - log - INFO - iter:2100/3333, Original Acc@1: 18.48, Acc@5: 57.67, TTA Acc@1: 18.48, Acc@5: 57.67
2025-05-30 17:49:38,983 - log - INFO - iter:2120/3333, clip_acc1=18.679244995117188, tta_acc1=18.679244995117188
2025-05-30 17:49:38,983 - log - INFO - iter:2120/3333, Original Acc@1: 18.68, Acc@5: 57.92, TTA Acc@1: 18.68, Acc@5: 57.92
2025-05-30 17:50:25,247 - log - INFO - iter:2140/3333, clip_acc1=18.644861221313477, tta_acc1=18.644861221313477
2025-05-30 17:50:25,247 - log - INFO - iter:2140/3333, Original Acc@1: 18.64, Acc@5: 57.85, TTA Acc@1: 18.64, Acc@5: 57.85
2025-05-30 17:51:11,800 - log - INFO - iter:2160/3333, clip_acc1=18.47222137451172, tta_acc1=18.47222137451172
2025-05-30 17:51:11,801 - log - INFO - iter:2160/3333, Original Acc@1: 18.47, Acc@5: 57.41, TTA Acc@1: 18.47, Acc@5: 57.41
2025-05-30 17:51:58,655 - log - INFO - iter:2180/3333, clip_acc1=18.394495010375977, tta_acc1=18.394495010375977
2025-05-30 17:51:58,655 - log - INFO - iter:2180/3333, Original Acc@1: 18.39, Acc@5: 57.20, TTA Acc@1: 18.39, Acc@5: 57.20
2025-05-30 17:52:45,428 - log - INFO - iter:2200/3333, clip_acc1=18.454545974731445, tta_acc1=18.454545974731445
2025-05-30 17:52:45,429 - log - INFO - iter:2200/3333, Original Acc@1: 18.45, Acc@5: 57.18, TTA Acc@1: 18.45, Acc@5: 57.18
2025-05-30 17:53:31,649 - log - INFO - iter:2220/3333, clip_acc1=18.288288116455078, tta_acc1=18.288288116455078
2025-05-30 17:53:31,650 - log - INFO - iter:2220/3333, Original Acc@1: 18.29, Acc@5: 56.80, TTA Acc@1: 18.29, Acc@5: 56.80
2025-05-30 17:54:18,148 - log - INFO - iter:2240/3333, clip_acc1=18.125, tta_acc1=18.125
2025-05-30 17:54:18,148 - log - INFO - iter:2240/3333, Original Acc@1: 18.12, Acc@5: 56.38, TTA Acc@1: 18.12, Acc@5: 56.38
2025-05-30 17:55:04,476 - log - INFO - iter:2260/3333, clip_acc1=17.964601516723633, tta_acc1=17.964601516723633
2025-05-30 17:55:04,477 - log - INFO - iter:2260/3333, Original Acc@1: 17.96, Acc@5: 55.97, TTA Acc@1: 17.96, Acc@5: 55.97
2025-05-30 17:55:50,469 - log - INFO - iter:2280/3333, clip_acc1=17.85087776184082, tta_acc1=17.85087776184082
2025-05-30 17:55:50,469 - log - INFO - iter:2280/3333, Original Acc@1: 17.85, Acc@5: 55.70, TTA Acc@1: 17.85, Acc@5: 55.70
2025-05-30 17:56:36,699 - log - INFO - iter:2300/3333, clip_acc1=17.69565200805664, tta_acc1=17.69565200805664
2025-05-30 17:56:36,700 - log - INFO - iter:2300/3333, Original Acc@1: 17.70, Acc@5: 55.52, TTA Acc@1: 17.70, Acc@5: 55.52
2025-05-30 17:57:22,822 - log - INFO - iter:2320/3333, clip_acc1=17.672412872314453, tta_acc1=17.672412872314453
2025-05-30 17:57:22,822 - log - INFO - iter:2320/3333, Original Acc@1: 17.67, Acc@5: 55.47, TTA Acc@1: 17.67, Acc@5: 55.47
2025-05-30 17:58:09,179 - log - INFO - iter:2340/3333, clip_acc1=17.5213680267334, tta_acc1=17.5213680267334
2025-05-30 17:58:09,179 - log - INFO - iter:2340/3333, Original Acc@1: 17.52, Acc@5: 55.17, TTA Acc@1: 17.52, Acc@5: 55.17
2025-05-30 17:58:55,481 - log - INFO - iter:2360/3333, clip_acc1=17.415254592895508, tta_acc1=17.415254592895508
2025-05-30 17:58:55,481 - log - INFO - iter:2360/3333, Original Acc@1: 17.42, Acc@5: 54.92, TTA Acc@1: 17.42, Acc@5: 54.92
2025-05-30 17:59:41,725 - log - INFO - iter:2380/3333, clip_acc1=17.73109245300293, tta_acc1=17.73109245300293
2025-05-30 17:59:41,725 - log - INFO - iter:2380/3333, Original Acc@1: 17.73, Acc@5: 55.04, TTA Acc@1: 17.73, Acc@5: 55.04
2025-05-30 18:00:27,854 - log - INFO - iter:2400/3333, clip_acc1=18.25, tta_acc1=18.25
2025-05-30 18:00:27,854 - log - INFO - iter:2400/3333, Original Acc@1: 18.25, Acc@5: 55.38, TTA Acc@1: 18.25, Acc@5: 55.38
2025-05-30 18:01:14,247 - log - INFO - iter:2420/3333, clip_acc1=18.760330200195312, tta_acc1=18.760330200195312
2025-05-30 18:01:14,248 - log - INFO - iter:2420/3333, Original Acc@1: 18.76, Acc@5: 55.74, TTA Acc@1: 18.76, Acc@5: 55.74
2025-05-30 18:02:00,300 - log - INFO - iter:2440/3333, clip_acc1=19.180328369140625, tta_acc1=19.180328369140625
2025-05-30 18:02:00,301 - log - INFO - iter:2440/3333, Original Acc@1: 19.18, Acc@5: 56.02, TTA Acc@1: 19.18, Acc@5: 56.02
2025-05-30 18:02:46,505 - log - INFO - iter:2460/3333, clip_acc1=19.47154426574707, tta_acc1=19.47154426574707
2025-05-30 18:02:46,505 - log - INFO - iter:2460/3333, Original Acc@1: 19.47, Acc@5: 56.18, TTA Acc@1: 19.47, Acc@5: 56.18
2025-05-30 18:03:33,233 - log - INFO - iter:2480/3333, clip_acc1=19.435483932495117, tta_acc1=19.435483932495117
2025-05-30 18:03:33,233 - log - INFO - iter:2480/3333, Original Acc@1: 19.44, Acc@5: 56.33, TTA Acc@1: 19.44, Acc@5: 56.33
2025-05-30 18:04:19,603 - log - INFO - iter:2500/3333, clip_acc1=19.31999969482422, tta_acc1=19.31999969482422
2025-05-30 18:04:19,604 - log - INFO - iter:2500/3333, Original Acc@1: 19.32, Acc@5: 56.44, TTA Acc@1: 19.32, Acc@5: 56.44
2025-05-30 18:05:06,012 - log - INFO - iter:2520/3333, clip_acc1=19.404762268066406, tta_acc1=19.404762268066406
2025-05-30 18:05:06,013 - log - INFO - iter:2520/3333, Original Acc@1: 19.40, Acc@5: 56.43, TTA Acc@1: 19.40, Acc@5: 56.43
2025-05-30 18:05:52,484 - log - INFO - iter:2540/3333, clip_acc1=19.44881820678711, tta_acc1=19.44881820678711
2025-05-30 18:05:52,484 - log - INFO - iter:2540/3333, Original Acc@1: 19.45, Acc@5: 56.57, TTA Acc@1: 19.45, Acc@5: 56.57
2025-05-30 18:06:38,647 - log - INFO - iter:2560/3333, clip_acc1=19.53125, tta_acc1=19.53125
2025-05-30 18:06:38,647 - log - INFO - iter:2560/3333, Original Acc@1: 19.53, Acc@5: 56.56, TTA Acc@1: 19.53, Acc@5: 56.56
2025-05-30 18:07:24,417 - log - INFO - iter:2580/3333, clip_acc1=19.57364273071289, tta_acc1=19.57364273071289
2025-05-30 18:07:24,417 - log - INFO - iter:2580/3333, Original Acc@1: 19.57, Acc@5: 56.59, TTA Acc@1: 19.57, Acc@5: 56.59
2025-05-30 18:08:10,683 - log - INFO - iter:2600/3333, clip_acc1=19.576923370361328, tta_acc1=19.576923370361328
2025-05-30 18:08:10,684 - log - INFO - iter:2600/3333, Original Acc@1: 19.58, Acc@5: 56.65, TTA Acc@1: 19.58, Acc@5: 56.65
2025-05-30 18:08:57,344 - log - INFO - iter:2620/3333, clip_acc1=19.6564884185791, tta_acc1=19.6564884185791
2025-05-30 18:08:57,345 - log - INFO - iter:2620/3333, Original Acc@1: 19.66, Acc@5: 56.91, TTA Acc@1: 19.66, Acc@5: 56.91
2025-05-30 18:09:43,655 - log - INFO - iter:2640/3333, clip_acc1=19.734848022460938, tta_acc1=19.734848022460938
2025-05-30 18:09:43,655 - log - INFO - iter:2640/3333, Original Acc@1: 19.73, Acc@5: 57.01, TTA Acc@1: 19.73, Acc@5: 57.01
2025-05-30 18:10:29,924 - log - INFO - iter:2660/3333, clip_acc1=19.73684310913086, tta_acc1=19.73684310913086
2025-05-30 18:10:29,924 - log - INFO - iter:2660/3333, Original Acc@1: 19.74, Acc@5: 56.99, TTA Acc@1: 19.74, Acc@5: 56.99
2025-05-30 18:11:16,015 - log - INFO - iter:2680/3333, clip_acc1=19.776119232177734, tta_acc1=19.776119232177734
2025-05-30 18:11:16,015 - log - INFO - iter:2680/3333, Original Acc@1: 19.78, Acc@5: 57.05, TTA Acc@1: 19.78, Acc@5: 57.05
2025-05-30 18:12:02,346 - log - INFO - iter:2700/3333, clip_acc1=20.0, tta_acc1=20.0
2025-05-30 18:12:02,346 - log - INFO - iter:2700/3333, Original Acc@1: 20.00, Acc@5: 57.19, TTA Acc@1: 20.00, Acc@5: 57.19
2025-05-30 18:12:49,149 - log - INFO - iter:2720/3333, clip_acc1=20.18382453918457, tta_acc1=20.18382453918457
2025-05-30 18:12:49,150 - log - INFO - iter:2720/3333, Original Acc@1: 20.18, Acc@5: 57.39, TTA Acc@1: 20.18, Acc@5: 57.39
2025-05-30 18:13:35,592 - log - INFO - iter:2740/3333, clip_acc1=20.510948181152344, tta_acc1=20.510948181152344
2025-05-30 18:13:35,593 - log - INFO - iter:2740/3333, Original Acc@1: 20.51, Acc@5: 57.66, TTA Acc@1: 20.51, Acc@5: 57.66
2025-05-30 18:14:21,514 - log - INFO - iter:2760/3333, clip_acc1=20.869565963745117, tta_acc1=20.869565963745117
2025-05-30 18:14:21,514 - log - INFO - iter:2760/3333, Original Acc@1: 20.87, Acc@5: 57.93, TTA Acc@1: 20.87, Acc@5: 57.93
2025-05-30 18:15:07,954 - log - INFO - iter:2780/3333, clip_acc1=21.07913589477539, tta_acc1=21.07913589477539
2025-05-30 18:15:07,954 - log - INFO - iter:2780/3333, Original Acc@1: 21.08, Acc@5: 58.06, TTA Acc@1: 21.08, Acc@5: 58.06
2025-05-30 18:15:53,961 - log - INFO - iter:2800/3333, clip_acc1=21.14285659790039, tta_acc1=21.14285659790039
2025-05-30 18:15:53,961 - log - INFO - iter:2800/3333, Original Acc@1: 21.14, Acc@5: 58.14, TTA Acc@1: 21.14, Acc@5: 58.14
2025-05-30 18:16:39,626 - log - INFO - iter:2820/3333, clip_acc1=20.99290657043457, tta_acc1=20.99290657043457
2025-05-30 18:16:39,626 - log - INFO - iter:2820/3333, Original Acc@1: 20.99, Acc@5: 57.80, TTA Acc@1: 20.99, Acc@5: 57.80
2025-05-30 18:17:25,752 - log - INFO - iter:2840/3333, clip_acc1=20.950702667236328, tta_acc1=20.950702667236328
2025-05-30 18:17:25,752 - log - INFO - iter:2840/3333, Original Acc@1: 20.95, Acc@5: 57.61, TTA Acc@1: 20.95, Acc@5: 57.61
2025-05-30 18:18:11,815 - log - INFO - iter:2860/3333, clip_acc1=20.979021072387695, tta_acc1=20.979021072387695
2025-05-30 18:18:11,816 - log - INFO - iter:2860/3333, Original Acc@1: 20.98, Acc@5: 57.48, TTA Acc@1: 20.98, Acc@5: 57.48
2025-05-30 18:18:58,084 - log - INFO - iter:2880/3333, clip_acc1=20.86805534362793, tta_acc1=20.86805534362793
2025-05-30 18:18:58,084 - log - INFO - iter:2880/3333, Original Acc@1: 20.87, Acc@5: 57.43, TTA Acc@1: 20.87, Acc@5: 57.43
2025-05-30 18:19:44,191 - log - INFO - iter:2900/3333, clip_acc1=20.79310417175293, tta_acc1=20.79310417175293
2025-05-30 18:19:44,191 - log - INFO - iter:2900/3333, Original Acc@1: 20.79, Acc@5: 57.41, TTA Acc@1: 20.79, Acc@5: 57.41
2025-05-30 18:20:30,322 - log - INFO - iter:2920/3333, clip_acc1=20.684932708740234, tta_acc1=20.684932708740234
2025-05-30 18:20:30,322 - log - INFO - iter:2920/3333, Original Acc@1: 20.68, Acc@5: 57.29, TTA Acc@1: 20.68, Acc@5: 57.29
2025-05-30 18:21:16,402 - log - INFO - iter:2940/3333, clip_acc1=20.646259307861328, tta_acc1=20.646259307861328
2025-05-30 18:21:16,402 - log - INFO - iter:2940/3333, Original Acc@1: 20.65, Acc@5: 57.38, TTA Acc@1: 20.65, Acc@5: 57.38
2025-05-30 18:22:02,501 - log - INFO - iter:2960/3333, clip_acc1=20.574325561523438, tta_acc1=20.574325561523438
2025-05-30 18:22:02,501 - log - INFO - iter:2960/3333, Original Acc@1: 20.57, Acc@5: 57.23, TTA Acc@1: 20.57, Acc@5: 57.23
2025-05-30 18:22:48,692 - log - INFO - iter:2980/3333, clip_acc1=20.570470809936523, tta_acc1=20.570470809936523
2025-05-30 18:22:48,692 - log - INFO - iter:2980/3333, Original Acc@1: 20.57, Acc@5: 57.28, TTA Acc@1: 20.57, Acc@5: 57.28
2025-05-30 18:23:34,814 - log - INFO - iter:3000/3333, clip_acc1=20.600000381469727, tta_acc1=20.600000381469727
2025-05-30 18:23:34,814 - log - INFO - iter:3000/3333, Original Acc@1: 20.60, Acc@5: 57.13, TTA Acc@1: 20.60, Acc@5: 57.13
2025-05-30 18:24:20,830 - log - INFO - iter:3020/3333, clip_acc1=20.463577270507812, tta_acc1=20.463577270507812
2025-05-30 18:24:20,830 - log - INFO - iter:3020/3333, Original Acc@1: 20.46, Acc@5: 56.82, TTA Acc@1: 20.46, Acc@5: 56.82
2025-05-30 18:25:07,010 - log - INFO - iter:3040/3333, clip_acc1=20.36184310913086, tta_acc1=20.36184310913086
2025-05-30 18:25:07,011 - log - INFO - iter:3040/3333, Original Acc@1: 20.36, Acc@5: 56.51, TTA Acc@1: 20.36, Acc@5: 56.51
2025-05-30 18:25:53,295 - log - INFO - iter:3060/3333, clip_acc1=20.39215660095215, tta_acc1=20.39215660095215
2025-05-30 18:25:53,295 - log - INFO - iter:3060/3333, Original Acc@1: 20.39, Acc@5: 56.50, TTA Acc@1: 20.39, Acc@5: 56.50
2025-05-30 18:26:39,129 - log - INFO - iter:3080/3333, clip_acc1=20.324674606323242, tta_acc1=20.324674606323242
2025-05-30 18:26:39,130 - log - INFO - iter:3080/3333, Original Acc@1: 20.32, Acc@5: 56.27, TTA Acc@1: 20.32, Acc@5: 56.27
2025-05-30 18:27:25,327 - log - INFO - iter:3100/3333, clip_acc1=20.19355010986328, tta_acc1=20.19355010986328
2025-05-30 18:27:25,327 - log - INFO - iter:3100/3333, Original Acc@1: 20.19, Acc@5: 56.10, TTA Acc@1: 20.19, Acc@5: 56.10
2025-05-30 18:28:11,475 - log - INFO - iter:3120/3333, clip_acc1=20.128206253051758, tta_acc1=20.128206253051758
2025-05-30 18:28:11,475 - log - INFO - iter:3120/3333, Original Acc@1: 20.13, Acc@5: 56.12, TTA Acc@1: 20.13, Acc@5: 56.12
2025-05-30 18:28:57,565 - log - INFO - iter:3140/3333, clip_acc1=20.06369400024414, tta_acc1=20.06369400024414
2025-05-30 18:28:57,565 - log - INFO - iter:3140/3333, Original Acc@1: 20.06, Acc@5: 55.96, TTA Acc@1: 20.06, Acc@5: 55.96
2025-05-30 18:29:43,589 - log - INFO - iter:3160/3333, clip_acc1=20.0, tta_acc1=20.0
2025-05-30 18:29:43,589 - log - INFO - iter:3160/3333, Original Acc@1: 20.00, Acc@5: 55.89, TTA Acc@1: 20.00, Acc@5: 55.89
2025-05-30 18:30:29,684 - log - INFO - iter:3180/3333, clip_acc1=20.283018112182617, tta_acc1=20.283018112182617
2025-05-30 18:30:29,684 - log - INFO - iter:3180/3333, Original Acc@1: 20.28, Acc@5: 56.04, TTA Acc@1: 20.28, Acc@5: 56.04
2025-05-30 18:31:17,960 - log - INFO - iter:3200/3333, clip_acc1=20.65625, tta_acc1=20.65625
2025-05-30 18:31:17,960 - log - INFO - iter:3200/3333, Original Acc@1: 20.66, Acc@5: 56.31, TTA Acc@1: 20.66, Acc@5: 56.31
2025-05-30 18:32:04,469 - log - INFO - iter:3220/3333, clip_acc1=20.559005737304688, tta_acc1=20.559005737304688
2025-05-30 18:32:04,469 - log - INFO - iter:3220/3333, Original Acc@1: 20.56, Acc@5: 56.24, TTA Acc@1: 20.56, Acc@5: 56.24
2025-05-30 18:32:50,705 - log - INFO - iter:3240/3333, clip_acc1=20.462963104248047, tta_acc1=20.462963104248047
2025-05-30 18:32:50,705 - log - INFO - iter:3240/3333, Original Acc@1: 20.46, Acc@5: 56.11, TTA Acc@1: 20.46, Acc@5: 56.11
2025-05-30 18:33:36,834 - log - INFO - iter:3260/3333, clip_acc1=20.36809730529785, tta_acc1=20.36809730529785
2025-05-30 18:33:36,834 - log - INFO - iter:3260/3333, Original Acc@1: 20.37, Acc@5: 55.89, TTA Acc@1: 20.37, Acc@5: 55.89
2025-05-30 18:34:22,648 - log - INFO - iter:3280/3333, clip_acc1=20.365854263305664, tta_acc1=20.365854263305664
2025-05-30 18:34:22,648 - log - INFO - iter:3280/3333, Original Acc@1: 20.37, Acc@5: 55.76, TTA Acc@1: 20.37, Acc@5: 55.76
2025-05-30 18:35:08,964 - log - INFO - iter:3300/3333, clip_acc1=20.303030014038086, tta_acc1=20.303030014038086
2025-05-30 18:35:08,964 - log - INFO - iter:3300/3333, Original Acc@1: 20.30, Acc@5: 55.73, TTA Acc@1: 20.30, Acc@5: 55.73
2025-05-30 18:35:55,031 - log - INFO - iter:3320/3333, clip_acc1=20.180723190307617, tta_acc1=20.180723190307617
2025-05-30 18:35:55,031 - log - INFO - iter:3320/3333, Original Acc@1: 20.18, Acc@5: 55.48, TTA Acc@1: 20.18, Acc@5: 55.48
2025-05-30 18:36:22,158 - log - INFO - iter:3333/3333, clip_acc1=20.102008819580078, tta_acc1=20.102008819580078
2025-05-30 18:36:22,158 - log - INFO - iter:3333/3333, Original Acc@1: 20.10, Acc@5: 55.36, TTA Acc@1: 20.10, Acc@5: 55.36
2025-05-30 18:36:22,251 - log - INFO - Final results - Original Acc@1: 20.10, Acc@5: 55.36, TTA Acc@1: 20.10, Acc@5: 55.36
2025-05-30 18:36:22,251 - log - INFO - Improvement from TTA in Acc@1 0.00, and Acc@5 0.00
2025-05-30 18:36:22,251 - log - INFO - => Acc. on testset [Aircraft]: Clean Acc @1 20.102008819580078/ TTA Clean Acc @1 20.102008819580078, Clean Acc @5 55.355533599853516/ TTA Clean Acc @5 55.355533599853516
2025-05-30 18:36:22,251 - log - INFO - Total script execution time: 7717.73 seconds (128.63 minutes)
