2025-05-30 10:04:27,695 - log - INFO - ==========================================
data:/leonardo_work/EUHPC_R04_192/fmohamma/Adversarial_Robust_Clip/atpt_data/downstream_datasets
test_sets:Cars
dataset_mode:test
arch:ViT-L/14
resolution:224
workers:4
no_pin_memory:False
batch_size:64
print_freq:20
gpu:0
no_cudnn_benchmark:False
n_ctx:4
ctx_init:a_photo_of_a
tpt_loss:rtpt
seed:0
output_dir:/leonardo_work/EUHPC_R04_192/fmohamma/Adversarial_Robust_Clip/atpt_data/ViT-L/14/Cars
log_output_dir:/leonardo_work/EUHPC_R04_192/fmohamma/Adversarial_Robust_Clip/ATPT/Final_Results/ViT-L/14/Cars
eps:0.0
alpha:0.0
alpha_eps_ratio:4.0
steps:0
lr:0.005
selection_p:0.1
tta_steps:0
ensemble_type:vanilla
top_k:20
softmax_temp:0.01
counter_attack:True
counter_attack_type:pgd
counter_attack_steps:2
counter_attack_eps:4.0
counter_attack_alpha:1.0
counter_attack_tau_thres:0.2
counter_attack_beta:2.0
counter_attack_weighted_perturbations:True
pgd_clip_pure_i_text_embeddings:null
pgd_counter_and_clipure_i_lamda:1.0
selected_id_name:selected_topk.json
weighted_score_name:weighted_scores.json
batch_entropy_name:entropies.json
log_dir:/leonardo_work/EUHPC_R04_192/fmohamma/Adversarial_Robust_Clip/ATPT/Final_Results/ViT-L/14/Cars/Clean/Counter_Attack/Eps_4_0_Steps_2_Alpha_1_0/tau_0_2_beta_2_0_weighted_pertrubation_True/No_TPT/Inference_Ensemble_vanilla

2025-05-30 10:04:27,696 - log - INFO - Use GPU: 0 for training
2025-05-30 10:05:10,883 - log - INFO - Freezing all parameters except prompt learner
2025-05-30 10:05:10,884 - log - INFO - => Model created: visual backbone ViT-L/14
2025-05-30 10:05:10,909 - log - INFO - Number of test samples: 8041
2025-05-30 10:05:10,909 - log - INFO - Evaluating dataset: Cars
2025-05-30 10:05:10,910 - log - INFO - Starting evaluation with batch size: 64, selection percentage: 0.1
2025-05-30 10:05:10,910 - log - INFO - Test-time adaptation steps: 0, learning rate: 0.005
2025-05-30 10:05:10,910 - log - INFO - Using counter-attack with epsilon: 4.000000, alpha: 0.000000, steps: 2, tau_thres: 0.2, beta: 2.0, weighted perturbation: True
2025-05-30 10:06:09,096 - log - INFO - iter:20/8041, clip_acc1=35.0, tta_acc1=55.0
2025-05-30 10:06:09,097 - log - INFO - iter:20/8041, Original Acc@1: 35.00, Acc@5: 70.00, TTA Acc@1: 55.00, Acc@5: 85.00
2025-05-30 10:06:56,313 - log - INFO - iter:40/8041, clip_acc1=47.5, tta_acc1=60.0
2025-05-30 10:06:56,313 - log - INFO - iter:40/8041, Original Acc@1: 47.50, Acc@5: 80.00, TTA Acc@1: 60.00, Acc@5: 92.50
2025-05-30 10:07:42,797 - log - INFO - iter:60/8041, clip_acc1=51.66666793823242, tta_acc1=61.66667175292969
2025-05-30 10:07:42,797 - log - INFO - iter:60/8041, Original Acc@1: 51.67, Acc@5: 85.00, TTA Acc@1: 61.67, Acc@5: 95.00
2025-05-30 10:08:29,575 - log - INFO - iter:80/8041, clip_acc1=53.75, tta_acc1=62.5
2025-05-30 10:08:29,576 - log - INFO - iter:80/8041, Original Acc@1: 53.75, Acc@5: 86.25, TTA Acc@1: 62.50, Acc@5: 95.00
2025-05-30 10:09:16,400 - log - INFO - iter:100/8041, clip_acc1=56.0, tta_acc1=66.0
2025-05-30 10:09:16,400 - log - INFO - iter:100/8041, Original Acc@1: 56.00, Acc@5: 87.00, TTA Acc@1: 66.00, Acc@5: 95.00
2025-05-30 10:10:03,611 - log - INFO - iter:120/8041, clip_acc1=54.16666793823242, tta_acc1=65.0
2025-05-30 10:10:03,611 - log - INFO - iter:120/8041, Original Acc@1: 54.17, Acc@5: 86.67, TTA Acc@1: 65.00, Acc@5: 95.00
2025-05-30 10:10:50,469 - log - INFO - iter:140/8041, clip_acc1=53.57143020629883, tta_acc1=63.57143020629883
2025-05-30 10:10:50,469 - log - INFO - iter:140/8041, Original Acc@1: 53.57, Acc@5: 86.43, TTA Acc@1: 63.57, Acc@5: 95.00
2025-05-30 10:11:37,900 - log - INFO - iter:160/8041, clip_acc1=53.125, tta_acc1=65.625
2025-05-30 10:11:37,901 - log - INFO - iter:160/8041, Original Acc@1: 53.12, Acc@5: 87.50, TTA Acc@1: 65.62, Acc@5: 95.00
2025-05-30 10:12:24,484 - log - INFO - iter:180/8041, clip_acc1=55.0, tta_acc1=67.77777862548828
2025-05-30 10:12:24,484 - log - INFO - iter:180/8041, Original Acc@1: 55.00, Acc@5: 88.33, TTA Acc@1: 67.78, Acc@5: 95.56
2025-05-30 10:13:11,750 - log - INFO - iter:200/8041, clip_acc1=55.5, tta_acc1=68.0
2025-05-30 10:13:11,751 - log - INFO - iter:200/8041, Original Acc@1: 55.50, Acc@5: 88.00, TTA Acc@1: 68.00, Acc@5: 94.50
2025-05-30 10:13:58,550 - log - INFO - iter:220/8041, clip_acc1=54.54545211791992, tta_acc1=68.18181610107422
2025-05-30 10:13:58,550 - log - INFO - iter:220/8041, Original Acc@1: 54.55, Acc@5: 86.82, TTA Acc@1: 68.18, Acc@5: 93.64
2025-05-30 10:14:44,940 - log - INFO - iter:240/8041, clip_acc1=54.16666793823242, tta_acc1=69.58333587646484
2025-05-30 10:14:44,940 - log - INFO - iter:240/8041, Original Acc@1: 54.17, Acc@5: 87.50, TTA Acc@1: 69.58, Acc@5: 94.17
2025-05-30 10:15:32,123 - log - INFO - iter:260/8041, clip_acc1=53.846153259277344, tta_acc1=70.38461303710938
2025-05-30 10:15:32,123 - log - INFO - iter:260/8041, Original Acc@1: 53.85, Acc@5: 87.69, TTA Acc@1: 70.38, Acc@5: 94.62
2025-05-30 10:16:19,135 - log - INFO - iter:280/8041, clip_acc1=53.21428680419922, tta_acc1=70.35713958740234
2025-05-30 10:16:19,135 - log - INFO - iter:280/8041, Original Acc@1: 53.21, Acc@5: 87.50, TTA Acc@1: 70.36, Acc@5: 94.29
2025-05-30 10:17:06,627 - log - INFO - iter:300/8041, clip_acc1=53.66666793823242, tta_acc1=71.0
2025-05-30 10:17:06,627 - log - INFO - iter:300/8041, Original Acc@1: 53.67, Acc@5: 88.00, TTA Acc@1: 71.00, Acc@5: 94.67
2025-05-30 10:17:53,922 - log - INFO - iter:320/8041, clip_acc1=54.0625, tta_acc1=70.9375
2025-05-30 10:17:53,922 - log - INFO - iter:320/8041, Original Acc@1: 54.06, Acc@5: 88.75, TTA Acc@1: 70.94, Acc@5: 95.00
2025-05-30 10:18:41,276 - log - INFO - iter:340/8041, clip_acc1=54.11764907836914, tta_acc1=71.17647552490234
2025-05-30 10:18:41,277 - log - INFO - iter:340/8041, Original Acc@1: 54.12, Acc@5: 88.24, TTA Acc@1: 71.18, Acc@5: 94.41
2025-05-30 10:19:28,058 - log - INFO - iter:360/8041, clip_acc1=54.4444465637207, tta_acc1=72.22222137451172
2025-05-30 10:19:28,058 - log - INFO - iter:360/8041, Original Acc@1: 54.44, Acc@5: 88.06, TTA Acc@1: 72.22, Acc@5: 94.72
2025-05-30 10:20:14,824 - log - INFO - iter:380/8041, clip_acc1=54.73684310913086, tta_acc1=71.84210968017578
2025-05-30 10:20:14,825 - log - INFO - iter:380/8041, Original Acc@1: 54.74, Acc@5: 88.16, TTA Acc@1: 71.84, Acc@5: 95.00
2025-05-30 10:21:02,021 - log - INFO - iter:400/8041, clip_acc1=54.25, tta_acc1=71.75
2025-05-30 10:21:02,021 - log - INFO - iter:400/8041, Original Acc@1: 54.25, Acc@5: 88.50, TTA Acc@1: 71.75, Acc@5: 95.25
2025-05-30 10:21:48,919 - log - INFO - iter:420/8041, clip_acc1=54.761905670166016, tta_acc1=72.14286041259766
2025-05-30 10:21:48,920 - log - INFO - iter:420/8041, Original Acc@1: 54.76, Acc@5: 88.81, TTA Acc@1: 72.14, Acc@5: 95.24
2025-05-30 10:22:36,062 - log - INFO - iter:440/8041, clip_acc1=55.227272033691406, tta_acc1=72.2727279663086
2025-05-30 10:22:36,062 - log - INFO - iter:440/8041, Original Acc@1: 55.23, Acc@5: 89.32, TTA Acc@1: 72.27, Acc@5: 95.45
2025-05-30 10:23:22,369 - log - INFO - iter:460/8041, clip_acc1=55.21738815307617, tta_acc1=72.17391204833984
2025-05-30 10:23:22,369 - log - INFO - iter:460/8041, Original Acc@1: 55.22, Acc@5: 89.13, TTA Acc@1: 72.17, Acc@5: 95.43
2025-05-30 10:24:11,416 - log - INFO - iter:480/8041, clip_acc1=54.583335876464844, tta_acc1=71.66667175292969
2025-05-30 10:24:11,417 - log - INFO - iter:480/8041, Original Acc@1: 54.58, Acc@5: 88.54, TTA Acc@1: 71.67, Acc@5: 95.42
2025-05-30 10:24:58,267 - log - INFO - iter:500/8041, clip_acc1=54.400001525878906, tta_acc1=71.4000015258789
2025-05-30 10:24:58,267 - log - INFO - iter:500/8041, Original Acc@1: 54.40, Acc@5: 88.60, TTA Acc@1: 71.40, Acc@5: 95.60
2025-05-30 10:25:45,809 - log - INFO - iter:520/8041, clip_acc1=54.80769348144531, tta_acc1=71.53845977783203
2025-05-30 10:25:45,809 - log - INFO - iter:520/8041, Original Acc@1: 54.81, Acc@5: 88.85, TTA Acc@1: 71.54, Acc@5: 95.77
2025-05-30 10:26:32,758 - log - INFO - iter:540/8041, clip_acc1=54.44444274902344, tta_acc1=71.1111068725586
2025-05-30 10:26:32,758 - log - INFO - iter:540/8041, Original Acc@1: 54.44, Acc@5: 88.70, TTA Acc@1: 71.11, Acc@5: 95.74
2025-05-30 10:27:19,541 - log - INFO - iter:560/8041, clip_acc1=54.46428680419922, tta_acc1=71.07142639160156
2025-05-30 10:27:19,542 - log - INFO - iter:560/8041, Original Acc@1: 54.46, Acc@5: 88.57, TTA Acc@1: 71.07, Acc@5: 95.71
2025-05-30 10:28:06,550 - log - INFO - iter:580/8041, clip_acc1=54.31034469604492, tta_acc1=71.03448486328125
2025-05-30 10:28:06,550 - log - INFO - iter:580/8041, Original Acc@1: 54.31, Acc@5: 88.28, TTA Acc@1: 71.03, Acc@5: 95.17
2025-05-30 10:28:53,979 - log - INFO - iter:600/8041, clip_acc1=54.5, tta_acc1=71.33333587646484
2025-05-30 10:28:53,979 - log - INFO - iter:600/8041, Original Acc@1: 54.50, Acc@5: 88.17, TTA Acc@1: 71.33, Acc@5: 95.33
2025-05-30 10:29:40,946 - log - INFO - iter:620/8041, clip_acc1=54.51612854003906, tta_acc1=71.45161437988281
2025-05-30 10:29:40,946 - log - INFO - iter:620/8041, Original Acc@1: 54.52, Acc@5: 88.39, TTA Acc@1: 71.45, Acc@5: 95.48
2025-05-30 10:30:28,465 - log - INFO - iter:640/8041, clip_acc1=54.6875, tta_acc1=71.40625
2025-05-30 10:30:28,465 - log - INFO - iter:640/8041, Original Acc@1: 54.69, Acc@5: 88.12, TTA Acc@1: 71.41, Acc@5: 95.16
2025-05-30 10:31:15,841 - log - INFO - iter:660/8041, clip_acc1=54.69696807861328, tta_acc1=71.66666412353516
2025-05-30 10:31:15,842 - log - INFO - iter:660/8041, Original Acc@1: 54.70, Acc@5: 88.03, TTA Acc@1: 71.67, Acc@5: 95.15
2025-05-30 10:32:03,307 - log - INFO - iter:680/8041, clip_acc1=55.14706039428711, tta_acc1=71.76470947265625
2025-05-30 10:32:03,307 - log - INFO - iter:680/8041, Original Acc@1: 55.15, Acc@5: 87.94, TTA Acc@1: 71.76, Acc@5: 95.29
2025-05-30 10:32:50,401 - log - INFO - iter:700/8041, clip_acc1=54.71428680419922, tta_acc1=71.85713958740234
2025-05-30 10:32:50,402 - log - INFO - iter:700/8041, Original Acc@1: 54.71, Acc@5: 87.86, TTA Acc@1: 71.86, Acc@5: 95.43
2025-05-30 10:33:37,584 - log - INFO - iter:720/8041, clip_acc1=54.86111068725586, tta_acc1=71.66667175292969
2025-05-30 10:33:37,584 - log - INFO - iter:720/8041, Original Acc@1: 54.86, Acc@5: 87.50, TTA Acc@1: 71.67, Acc@5: 95.28
2025-05-30 10:34:24,957 - log - INFO - iter:740/8041, clip_acc1=54.864864349365234, tta_acc1=71.75675964355469
2025-05-30 10:34:24,957 - log - INFO - iter:740/8041, Original Acc@1: 54.86, Acc@5: 87.43, TTA Acc@1: 71.76, Acc@5: 95.41
2025-05-30 10:35:11,780 - log - INFO - iter:760/8041, clip_acc1=55.1315803527832, tta_acc1=71.57894897460938
2025-05-30 10:35:11,780 - log - INFO - iter:760/8041, Original Acc@1: 55.13, Acc@5: 87.76, TTA Acc@1: 71.58, Acc@5: 95.39
2025-05-30 10:35:58,659 - log - INFO - iter:780/8041, clip_acc1=55.512821197509766, tta_acc1=71.66667175292969
2025-05-30 10:35:58,659 - log - INFO - iter:780/8041, Original Acc@1: 55.51, Acc@5: 87.56, TTA Acc@1: 71.67, Acc@5: 95.51
2025-05-30 10:36:46,547 - log - INFO - iter:800/8041, clip_acc1=55.625, tta_acc1=71.625
2025-05-30 10:36:46,547 - log - INFO - iter:800/8041, Original Acc@1: 55.62, Acc@5: 87.50, TTA Acc@1: 71.62, Acc@5: 95.50
2025-05-30 10:37:33,390 - log - INFO - iter:820/8041, clip_acc1=55.85365676879883, tta_acc1=71.82926940917969
2025-05-30 10:37:33,391 - log - INFO - iter:820/8041, Original Acc@1: 55.85, Acc@5: 87.68, TTA Acc@1: 71.83, Acc@5: 95.61
2025-05-30 10:38:20,691 - log - INFO - iter:840/8041, clip_acc1=55.59524154663086, tta_acc1=71.19047546386719
2025-05-30 10:38:20,691 - log - INFO - iter:840/8041, Original Acc@1: 55.60, Acc@5: 87.62, TTA Acc@1: 71.19, Acc@5: 95.71
2025-05-30 10:39:08,147 - log - INFO - iter:860/8041, clip_acc1=55.69767379760742, tta_acc1=70.93022918701172
2025-05-30 10:39:08,147 - log - INFO - iter:860/8041, Original Acc@1: 55.70, Acc@5: 87.56, TTA Acc@1: 70.93, Acc@5: 95.70
2025-05-30 10:40:00,135 - log - INFO - iter:880/8041, clip_acc1=55.45454406738281, tta_acc1=71.0227279663086
2025-05-30 10:40:00,135 - log - INFO - iter:880/8041, Original Acc@1: 55.45, Acc@5: 87.50, TTA Acc@1: 71.02, Acc@5: 95.45
2025-05-30 10:40:48,752 - log - INFO - iter:900/8041, clip_acc1=55.66666793823242, tta_acc1=71.0
2025-05-30 10:40:48,753 - log - INFO - iter:900/8041, Original Acc@1: 55.67, Acc@5: 87.33, TTA Acc@1: 71.00, Acc@5: 95.44
2025-05-30 10:41:36,331 - log - INFO - iter:920/8041, clip_acc1=55.65217208862305, tta_acc1=71.3043441772461
2025-05-30 10:41:36,332 - log - INFO - iter:920/8041, Original Acc@1: 55.65, Acc@5: 86.96, TTA Acc@1: 71.30, Acc@5: 95.43
2025-05-30 10:42:23,729 - log - INFO - iter:940/8041, clip_acc1=55.6382942199707, tta_acc1=71.38297271728516
2025-05-30 10:42:23,730 - log - INFO - iter:940/8041, Original Acc@1: 55.64, Acc@5: 86.91, TTA Acc@1: 71.38, Acc@5: 95.53
2025-05-30 10:43:11,119 - log - INFO - iter:960/8041, clip_acc1=55.625003814697266, tta_acc1=71.35417175292969
2025-05-30 10:43:11,119 - log - INFO - iter:960/8041, Original Acc@1: 55.63, Acc@5: 86.77, TTA Acc@1: 71.35, Acc@5: 95.63
2025-05-30 10:43:58,193 - log - INFO - iter:980/8041, clip_acc1=55.918365478515625, tta_acc1=71.4285659790039
2025-05-30 10:43:58,194 - log - INFO - iter:980/8041, Original Acc@1: 55.92, Acc@5: 86.73, TTA Acc@1: 71.43, Acc@5: 95.71
2025-05-30 10:44:45,537 - log - INFO - iter:1000/8041, clip_acc1=56.20000076293945, tta_acc1=71.60000610351562
2025-05-30 10:44:45,537 - log - INFO - iter:1000/8041, Original Acc@1: 56.20, Acc@5: 86.70, TTA Acc@1: 71.60, Acc@5: 95.70
2025-05-30 10:45:32,319 - log - INFO - iter:1020/8041, clip_acc1=56.4705924987793, tta_acc1=71.86274719238281
2025-05-30 10:45:32,319 - log - INFO - iter:1020/8041, Original Acc@1: 56.47, Acc@5: 86.86, TTA Acc@1: 71.86, Acc@5: 95.78
2025-05-30 10:46:19,386 - log - INFO - iter:1040/8041, clip_acc1=56.63461685180664, tta_acc1=71.82691955566406
2025-05-30 10:46:19,386 - log - INFO - iter:1040/8041, Original Acc@1: 56.63, Acc@5: 87.02, TTA Acc@1: 71.83, Acc@5: 95.87
2025-05-30 10:47:06,136 - log - INFO - iter:1060/8041, clip_acc1=56.50943374633789, tta_acc1=71.50943756103516
2025-05-30 10:47:06,137 - log - INFO - iter:1060/8041, Original Acc@1: 56.51, Acc@5: 86.89, TTA Acc@1: 71.51, Acc@5: 95.75
2025-05-30 10:47:53,739 - log - INFO - iter:1080/8041, clip_acc1=56.574073791503906, tta_acc1=71.66666412353516
2025-05-30 10:47:53,740 - log - INFO - iter:1080/8041, Original Acc@1: 56.57, Acc@5: 86.85, TTA Acc@1: 71.67, Acc@5: 95.74
2025-05-30 10:48:41,655 - log - INFO - iter:1100/8041, clip_acc1=56.45454406738281, tta_acc1=71.45454406738281
2025-05-30 10:48:41,655 - log - INFO - iter:1100/8041, Original Acc@1: 56.45, Acc@5: 86.82, TTA Acc@1: 71.45, Acc@5: 95.73
2025-05-30 10:49:28,747 - log - INFO - iter:1120/8041, clip_acc1=56.78571319580078, tta_acc1=71.69642639160156
2025-05-30 10:49:28,747 - log - INFO - iter:1120/8041, Original Acc@1: 56.79, Acc@5: 87.05, TTA Acc@1: 71.70, Acc@5: 95.80
2025-05-30 10:50:15,726 - log - INFO - iter:1140/8041, clip_acc1=56.578948974609375, tta_acc1=71.57894897460938
2025-05-30 10:50:15,726 - log - INFO - iter:1140/8041, Original Acc@1: 56.58, Acc@5: 86.84, TTA Acc@1: 71.58, Acc@5: 95.88
2025-05-30 10:51:02,970 - log - INFO - iter:1160/8041, clip_acc1=56.72413635253906, tta_acc1=71.55172729492188
2025-05-30 10:51:02,970 - log - INFO - iter:1160/8041, Original Acc@1: 56.72, Acc@5: 86.98, TTA Acc@1: 71.55, Acc@5: 95.86
2025-05-30 10:51:50,902 - log - INFO - iter:1180/8041, clip_acc1=56.94915008544922, tta_acc1=71.440673828125
2025-05-30 10:51:50,902 - log - INFO - iter:1180/8041, Original Acc@1: 56.95, Acc@5: 87.12, TTA Acc@1: 71.44, Acc@5: 95.85
2025-05-30 10:52:37,924 - log - INFO - iter:1200/8041, clip_acc1=57.0, tta_acc1=71.25
2025-05-30 10:52:37,924 - log - INFO - iter:1200/8041, Original Acc@1: 57.00, Acc@5: 87.17, TTA Acc@1: 71.25, Acc@5: 95.75
2025-05-30 10:53:25,672 - log - INFO - iter:1220/8041, clip_acc1=57.21311569213867, tta_acc1=71.31147766113281
2025-05-30 10:53:25,672 - log - INFO - iter:1220/8041, Original Acc@1: 57.21, Acc@5: 87.30, TTA Acc@1: 71.31, Acc@5: 95.74
2025-05-30 10:54:13,044 - log - INFO - iter:1240/8041, clip_acc1=57.17741775512695, tta_acc1=71.37096405029297
2025-05-30 10:54:13,044 - log - INFO - iter:1240/8041, Original Acc@1: 57.18, Acc@5: 87.42, TTA Acc@1: 71.37, Acc@5: 95.81
2025-05-30 10:55:01,671 - log - INFO - iter:1260/8041, clip_acc1=56.984127044677734, tta_acc1=71.34920501708984
2025-05-30 10:55:01,671 - log - INFO - iter:1260/8041, Original Acc@1: 56.98, Acc@5: 87.30, TTA Acc@1: 71.35, Acc@5: 95.63
2025-05-30 10:55:49,538 - log - INFO - iter:1280/8041, clip_acc1=56.640625, tta_acc1=71.40625
2025-05-30 10:55:49,539 - log - INFO - iter:1280/8041, Original Acc@1: 56.64, Acc@5: 86.95, TTA Acc@1: 71.41, Acc@5: 95.47
2025-05-30 10:56:37,263 - log - INFO - iter:1300/8041, clip_acc1=56.46154022216797, tta_acc1=71.30769348144531
2025-05-30 10:56:37,263 - log - INFO - iter:1300/8041, Original Acc@1: 56.46, Acc@5: 86.85, TTA Acc@1: 71.31, Acc@5: 95.38
2025-05-30 10:57:25,030 - log - INFO - iter:1320/8041, clip_acc1=56.3636360168457, tta_acc1=71.28787994384766
2025-05-30 10:57:25,030 - log - INFO - iter:1320/8041, Original Acc@1: 56.36, Acc@5: 86.67, TTA Acc@1: 71.29, Acc@5: 95.38
2025-05-30 10:58:12,330 - log - INFO - iter:1340/8041, clip_acc1=56.343284606933594, tta_acc1=71.2686538696289
2025-05-30 10:58:12,330 - log - INFO - iter:1340/8041, Original Acc@1: 56.34, Acc@5: 86.64, TTA Acc@1: 71.27, Acc@5: 95.30
2025-05-30 10:59:00,117 - log - INFO - iter:1360/8041, clip_acc1=56.25, tta_acc1=71.02941131591797
2025-05-30 10:59:00,118 - log - INFO - iter:1360/8041, Original Acc@1: 56.25, Acc@5: 86.54, TTA Acc@1: 71.03, Acc@5: 95.29
2025-05-30 10:59:48,039 - log - INFO - iter:1380/8041, clip_acc1=56.30434799194336, tta_acc1=70.94203186035156
2025-05-30 10:59:48,039 - log - INFO - iter:1380/8041, Original Acc@1: 56.30, Acc@5: 86.59, TTA Acc@1: 70.94, Acc@5: 95.36
2025-05-30 11:00:35,325 - log - INFO - iter:1400/8041, clip_acc1=56.35714340209961, tta_acc1=70.85713958740234
2025-05-30 11:00:35,325 - log - INFO - iter:1400/8041, Original Acc@1: 56.36, Acc@5: 86.64, TTA Acc@1: 70.86, Acc@5: 95.36
2025-05-30 11:01:22,640 - log - INFO - iter:1420/8041, clip_acc1=56.197181701660156, tta_acc1=70.91548919677734
2025-05-30 11:01:22,640 - log - INFO - iter:1420/8041, Original Acc@1: 56.20, Acc@5: 86.62, TTA Acc@1: 70.92, Acc@5: 95.42
2025-05-30 11:02:10,519 - log - INFO - iter:1440/8041, clip_acc1=56.18055725097656, tta_acc1=70.97222137451172
2025-05-30 11:02:10,519 - log - INFO - iter:1440/8041, Original Acc@1: 56.18, Acc@5: 86.53, TTA Acc@1: 70.97, Acc@5: 95.42
2025-05-30 11:02:57,302 - log - INFO - iter:1460/8041, clip_acc1=56.16438674926758, tta_acc1=70.95890808105469
2025-05-30 11:02:57,302 - log - INFO - iter:1460/8041, Original Acc@1: 56.16, Acc@5: 86.51, TTA Acc@1: 70.96, Acc@5: 95.41
2025-05-30 11:03:44,389 - log - INFO - iter:1480/8041, clip_acc1=56.01351547241211, tta_acc1=71.01351165771484
2025-05-30 11:03:44,390 - log - INFO - iter:1480/8041, Original Acc@1: 56.01, Acc@5: 86.49, TTA Acc@1: 71.01, Acc@5: 95.47
2025-05-30 11:04:31,918 - log - INFO - iter:1500/8041, clip_acc1=56.20000076293945, tta_acc1=71.06666564941406
2025-05-30 11:04:31,918 - log - INFO - iter:1500/8041, Original Acc@1: 56.20, Acc@5: 86.60, TTA Acc@1: 71.07, Acc@5: 95.53
2025-05-30 11:05:19,528 - log - INFO - iter:1520/8041, clip_acc1=56.250003814697266, tta_acc1=70.92105865478516
2025-05-30 11:05:19,528 - log - INFO - iter:1520/8041, Original Acc@1: 56.25, Acc@5: 86.58, TTA Acc@1: 70.92, Acc@5: 95.39
2025-05-30 11:06:06,555 - log - INFO - iter:1540/8041, clip_acc1=56.3636360168457, tta_acc1=70.90908813476562
2025-05-30 11:06:06,555 - log - INFO - iter:1540/8041, Original Acc@1: 56.36, Acc@5: 86.75, TTA Acc@1: 70.91, Acc@5: 95.39
2025-05-30 11:06:53,878 - log - INFO - iter:1560/8041, clip_acc1=56.21794891357422, tta_acc1=70.8974380493164
2025-05-30 11:06:53,878 - log - INFO - iter:1560/8041, Original Acc@1: 56.22, Acc@5: 86.67, TTA Acc@1: 70.90, Acc@5: 95.26
2025-05-30 11:07:41,259 - log - INFO - iter:1580/8041, clip_acc1=56.20253372192383, tta_acc1=70.88607788085938
2025-05-30 11:07:41,259 - log - INFO - iter:1580/8041, Original Acc@1: 56.20, Acc@5: 86.58, TTA Acc@1: 70.89, Acc@5: 95.25
2025-05-30 11:08:29,155 - log - INFO - iter:1600/8041, clip_acc1=56.0625, tta_acc1=70.5
2025-05-30 11:08:29,155 - log - INFO - iter:1600/8041, Original Acc@1: 56.06, Acc@5: 86.56, TTA Acc@1: 70.50, Acc@5: 95.31
2025-05-30 11:09:16,254 - log - INFO - iter:1620/8041, clip_acc1=55.92593002319336, tta_acc1=70.55555725097656
2025-05-30 11:09:16,254 - log - INFO - iter:1620/8041, Original Acc@1: 55.93, Acc@5: 86.67, TTA Acc@1: 70.56, Acc@5: 95.37
2025-05-30 11:10:03,409 - log - INFO - iter:1640/8041, clip_acc1=56.09756088256836, tta_acc1=70.60975646972656
2025-05-30 11:10:03,409 - log - INFO - iter:1640/8041, Original Acc@1: 56.10, Acc@5: 86.71, TTA Acc@1: 70.61, Acc@5: 95.30
2025-05-30 11:10:51,963 - log - INFO - iter:1660/8041, clip_acc1=56.14458084106445, tta_acc1=70.72289276123047
2025-05-30 11:10:51,963 - log - INFO - iter:1660/8041, Original Acc@1: 56.14, Acc@5: 86.81, TTA Acc@1: 70.72, Acc@5: 95.36
2025-05-30 11:11:39,000 - log - INFO - iter:1680/8041, clip_acc1=56.19047927856445, tta_acc1=70.77381134033203
2025-05-30 11:11:39,000 - log - INFO - iter:1680/8041, Original Acc@1: 56.19, Acc@5: 86.73, TTA Acc@1: 70.77, Acc@5: 95.30
2025-05-30 11:12:26,542 - log - INFO - iter:1700/8041, clip_acc1=56.117645263671875, tta_acc1=70.64705657958984
2025-05-30 11:12:26,542 - log - INFO - iter:1700/8041, Original Acc@1: 56.12, Acc@5: 86.71, TTA Acc@1: 70.65, Acc@5: 95.24
2025-05-30 11:13:14,116 - log - INFO - iter:1720/8041, clip_acc1=55.75581359863281, tta_acc1=70.40697479248047
2025-05-30 11:13:14,116 - log - INFO - iter:1720/8041, Original Acc@1: 55.76, Acc@5: 86.51, TTA Acc@1: 70.41, Acc@5: 95.17
2025-05-30 11:14:01,255 - log - INFO - iter:1740/8041, clip_acc1=55.91954040527344, tta_acc1=70.45977020263672
2025-05-30 11:14:01,256 - log - INFO - iter:1740/8041, Original Acc@1: 55.92, Acc@5: 86.55, TTA Acc@1: 70.46, Acc@5: 95.17
2025-05-30 11:14:48,512 - log - INFO - iter:1760/8041, clip_acc1=55.96590805053711, tta_acc1=70.68181610107422
2025-05-30 11:14:48,512 - log - INFO - iter:1760/8041, Original Acc@1: 55.97, Acc@5: 86.65, TTA Acc@1: 70.68, Acc@5: 95.17
2025-05-30 11:15:35,594 - log - INFO - iter:1780/8041, clip_acc1=55.73033905029297, tta_acc1=70.56179809570312
2025-05-30 11:15:35,595 - log - INFO - iter:1780/8041, Original Acc@1: 55.73, Acc@5: 86.74, TTA Acc@1: 70.56, Acc@5: 95.22
2025-05-30 11:16:22,652 - log - INFO - iter:1800/8041, clip_acc1=55.833335876464844, tta_acc1=70.66667175292969
2025-05-30 11:16:22,652 - log - INFO - iter:1800/8041, Original Acc@1: 55.83, Acc@5: 86.72, TTA Acc@1: 70.67, Acc@5: 95.28
2025-05-30 11:17:10,119 - log - INFO - iter:1820/8041, clip_acc1=55.76923370361328, tta_acc1=70.65934753417969
2025-05-30 11:17:10,120 - log - INFO - iter:1820/8041, Original Acc@1: 55.77, Acc@5: 86.70, TTA Acc@1: 70.66, Acc@5: 95.33
2025-05-30 11:17:57,452 - log - INFO - iter:1840/8041, clip_acc1=55.923912048339844, tta_acc1=70.59782409667969
2025-05-30 11:17:57,452 - log - INFO - iter:1840/8041, Original Acc@1: 55.92, Acc@5: 86.79, TTA Acc@1: 70.60, Acc@5: 95.38
2025-05-30 11:18:44,540 - log - INFO - iter:1860/8041, clip_acc1=55.806453704833984, tta_acc1=70.48387145996094
2025-05-30 11:18:44,541 - log - INFO - iter:1860/8041, Original Acc@1: 55.81, Acc@5: 86.72, TTA Acc@1: 70.48, Acc@5: 95.27
2025-05-30 11:19:32,376 - log - INFO - iter:1880/8041, clip_acc1=55.79787063598633, tta_acc1=70.42552947998047
2025-05-30 11:19:32,376 - log - INFO - iter:1880/8041, Original Acc@1: 55.80, Acc@5: 86.76, TTA Acc@1: 70.43, Acc@5: 95.21
2025-05-30 11:20:19,606 - log - INFO - iter:1900/8041, clip_acc1=55.78947067260742, tta_acc1=70.36841583251953
2025-05-30 11:20:19,607 - log - INFO - iter:1900/8041, Original Acc@1: 55.79, Acc@5: 86.74, TTA Acc@1: 70.37, Acc@5: 95.16
2025-05-30 11:21:06,892 - log - INFO - iter:1920/8041, clip_acc1=55.625003814697266, tta_acc1=70.15625
2025-05-30 11:21:06,893 - log - INFO - iter:1920/8041, Original Acc@1: 55.63, Acc@5: 86.72, TTA Acc@1: 70.16, Acc@5: 95.16
2025-05-30 11:21:54,279 - log - INFO - iter:1940/8041, clip_acc1=55.67010498046875, tta_acc1=70.25773620605469
2025-05-30 11:21:54,279 - log - INFO - iter:1940/8041, Original Acc@1: 55.67, Acc@5: 86.80, TTA Acc@1: 70.26, Acc@5: 95.21
2025-05-30 11:22:41,287 - log - INFO - iter:1960/8041, clip_acc1=55.61224365234375, tta_acc1=70.2040786743164
2025-05-30 11:22:41,287 - log - INFO - iter:1960/8041, Original Acc@1: 55.61, Acc@5: 86.79, TTA Acc@1: 70.20, Acc@5: 95.20
2025-05-30 11:23:28,906 - log - INFO - iter:1980/8041, clip_acc1=55.55555725097656, tta_acc1=70.10101318359375
2025-05-30 11:23:28,906 - log - INFO - iter:1980/8041, Original Acc@1: 55.56, Acc@5: 86.77, TTA Acc@1: 70.10, Acc@5: 95.20
2025-05-30 11:24:16,097 - log - INFO - iter:2000/8041, clip_acc1=55.500003814697266, tta_acc1=70.20000457763672
2025-05-30 11:24:16,097 - log - INFO - iter:2000/8041, Original Acc@1: 55.50, Acc@5: 86.65, TTA Acc@1: 70.20, Acc@5: 95.25
2025-05-30 11:25:03,425 - log - INFO - iter:2020/8041, clip_acc1=55.59406280517578, tta_acc1=70.09901428222656
2025-05-30 11:25:03,426 - log - INFO - iter:2020/8041, Original Acc@1: 55.59, Acc@5: 86.63, TTA Acc@1: 70.10, Acc@5: 95.30
2025-05-30 11:25:50,547 - log - INFO - iter:2040/8041, clip_acc1=55.44118118286133, tta_acc1=70.0980453491211
2025-05-30 11:25:50,547 - log - INFO - iter:2040/8041, Original Acc@1: 55.44, Acc@5: 86.57, TTA Acc@1: 70.10, Acc@5: 95.34
2025-05-30 11:26:37,767 - log - INFO - iter:2060/8041, clip_acc1=55.194175720214844, tta_acc1=69.90291595458984
2025-05-30 11:26:37,768 - log - INFO - iter:2060/8041, Original Acc@1: 55.19, Acc@5: 86.55, TTA Acc@1: 69.90, Acc@5: 95.29
2025-05-30 11:27:25,109 - log - INFO - iter:2080/8041, clip_acc1=55.28845977783203, tta_acc1=69.95191955566406
2025-05-30 11:27:25,109 - log - INFO - iter:2080/8041, Original Acc@1: 55.29, Acc@5: 86.44, TTA Acc@1: 69.95, Acc@5: 95.19
2025-05-30 11:28:12,165 - log - INFO - iter:2100/8041, clip_acc1=55.19047546386719, tta_acc1=69.85713958740234
2025-05-30 11:28:12,165 - log - INFO - iter:2100/8041, Original Acc@1: 55.19, Acc@5: 86.43, TTA Acc@1: 69.86, Acc@5: 95.24
2025-05-30 11:29:00,095 - log - INFO - iter:2120/8041, clip_acc1=55.09434127807617, tta_acc1=69.81132507324219
2025-05-30 11:29:00,095 - log - INFO - iter:2120/8041, Original Acc@1: 55.09, Acc@5: 86.42, TTA Acc@1: 69.81, Acc@5: 95.24
2025-05-30 11:29:48,137 - log - INFO - iter:2140/8041, clip_acc1=55.18691635131836, tta_acc1=69.8130874633789
2025-05-30 11:29:48,137 - log - INFO - iter:2140/8041, Original Acc@1: 55.19, Acc@5: 86.54, TTA Acc@1: 69.81, Acc@5: 95.28
2025-05-30 11:30:35,816 - log - INFO - iter:2160/8041, clip_acc1=55.27777862548828, tta_acc1=69.90740966796875
2025-05-30 11:30:35,816 - log - INFO - iter:2160/8041, Original Acc@1: 55.28, Acc@5: 86.57, TTA Acc@1: 69.91, Acc@5: 95.28
2025-05-30 11:31:23,193 - log - INFO - iter:2180/8041, clip_acc1=55.2293586730957, tta_acc1=69.90825653076172
2025-05-30 11:31:23,194 - log - INFO - iter:2180/8041, Original Acc@1: 55.23, Acc@5: 86.61, TTA Acc@1: 69.91, Acc@5: 95.28
2025-05-30 11:32:10,689 - log - INFO - iter:2200/8041, clip_acc1=55.31818389892578, tta_acc1=70.09091186523438
2025-05-30 11:32:10,689 - log - INFO - iter:2200/8041, Original Acc@1: 55.32, Acc@5: 86.64, TTA Acc@1: 70.09, Acc@5: 95.32
2025-05-30 11:32:58,188 - log - INFO - iter:2220/8041, clip_acc1=55.22522735595703, tta_acc1=70.09009552001953
2025-05-30 11:32:58,188 - log - INFO - iter:2220/8041, Original Acc@1: 55.23, Acc@5: 86.58, TTA Acc@1: 70.09, Acc@5: 95.32
2025-05-30 11:33:45,798 - log - INFO - iter:2240/8041, clip_acc1=55.22321319580078, tta_acc1=69.95536041259766
2025-05-30 11:33:45,799 - log - INFO - iter:2240/8041, Original Acc@1: 55.22, Acc@5: 86.52, TTA Acc@1: 69.96, Acc@5: 95.27
2025-05-30 11:34:33,335 - log - INFO - iter:2260/8041, clip_acc1=55.22123718261719, tta_acc1=69.91150665283203
2025-05-30 11:34:33,335 - log - INFO - iter:2260/8041, Original Acc@1: 55.22, Acc@5: 86.55, TTA Acc@1: 69.91, Acc@5: 95.31
2025-05-30 11:35:21,558 - log - INFO - iter:2280/8041, clip_acc1=55.175437927246094, tta_acc1=69.91228485107422
2025-05-30 11:35:21,558 - log - INFO - iter:2280/8041, Original Acc@1: 55.18, Acc@5: 86.62, TTA Acc@1: 69.91, Acc@5: 95.31
2025-05-30 11:36:09,576 - log - INFO - iter:2300/8041, clip_acc1=55.130435943603516, tta_acc1=69.91304779052734
2025-05-30 11:36:09,576 - log - INFO - iter:2300/8041, Original Acc@1: 55.13, Acc@5: 86.57, TTA Acc@1: 69.91, Acc@5: 95.26
2025-05-30 11:36:57,127 - log - INFO - iter:2320/8041, clip_acc1=55.17241287231445, tta_acc1=69.95689392089844
2025-05-30 11:36:57,127 - log - INFO - iter:2320/8041, Original Acc@1: 55.17, Acc@5: 86.55, TTA Acc@1: 69.96, Acc@5: 95.26
2025-05-30 11:37:44,194 - log - INFO - iter:2340/8041, clip_acc1=55.128204345703125, tta_acc1=70.0854721069336
2025-05-30 11:37:44,194 - log - INFO - iter:2340/8041, Original Acc@1: 55.13, Acc@5: 86.54, TTA Acc@1: 70.09, Acc@5: 95.26
2025-05-30 11:38:32,595 - log - INFO - iter:2360/8041, clip_acc1=55.169490814208984, tta_acc1=70.04237365722656
2025-05-30 11:38:32,595 - log - INFO - iter:2360/8041, Original Acc@1: 55.17, Acc@5: 86.48, TTA Acc@1: 70.04, Acc@5: 95.25
2025-05-30 11:39:19,718 - log - INFO - iter:2380/8041, clip_acc1=55.33613586425781, tta_acc1=70.08403778076172
2025-05-30 11:39:19,718 - log - INFO - iter:2380/8041, Original Acc@1: 55.34, Acc@5: 86.55, TTA Acc@1: 70.08, Acc@5: 95.29
2025-05-30 11:40:07,331 - log - INFO - iter:2400/8041, clip_acc1=55.375, tta_acc1=70.16667175292969
2025-05-30 11:40:07,331 - log - INFO - iter:2400/8041, Original Acc@1: 55.38, Acc@5: 86.50, TTA Acc@1: 70.17, Acc@5: 95.25
2025-05-30 11:40:56,129 - log - INFO - iter:2420/8041, clip_acc1=55.3305778503418, tta_acc1=70.16529083251953
2025-05-30 11:40:56,129 - log - INFO - iter:2420/8041, Original Acc@1: 55.33, Acc@5: 86.49, TTA Acc@1: 70.17, Acc@5: 95.25
2025-05-30 11:41:43,102 - log - INFO - iter:2440/8041, clip_acc1=55.28688430786133, tta_acc1=70.24590301513672
2025-05-30 11:41:43,102 - log - INFO - iter:2440/8041, Original Acc@1: 55.29, Acc@5: 86.43, TTA Acc@1: 70.25, Acc@5: 95.20
2025-05-30 11:42:30,732 - log - INFO - iter:2460/8041, clip_acc1=55.081298828125, tta_acc1=70.16259765625
2025-05-30 11:42:30,732 - log - INFO - iter:2460/8041, Original Acc@1: 55.08, Acc@5: 86.38, TTA Acc@1: 70.16, Acc@5: 95.20
2025-05-30 11:43:17,990 - log - INFO - iter:2480/8041, clip_acc1=55.0, tta_acc1=70.08064270019531
2025-05-30 11:43:17,990 - log - INFO - iter:2480/8041, Original Acc@1: 55.00, Acc@5: 86.37, TTA Acc@1: 70.08, Acc@5: 95.12
2025-05-30 11:44:04,879 - log - INFO - iter:2500/8041, clip_acc1=55.0, tta_acc1=70.0
2025-05-30 11:44:04,879 - log - INFO - iter:2500/8041, Original Acc@1: 55.00, Acc@5: 86.40, TTA Acc@1: 70.00, Acc@5: 95.08
2025-05-30 11:44:52,636 - log - INFO - iter:2520/8041, clip_acc1=54.96031951904297, tta_acc1=69.96031951904297
2025-05-30 11:44:52,636 - log - INFO - iter:2520/8041, Original Acc@1: 54.96, Acc@5: 86.39, TTA Acc@1: 69.96, Acc@5: 95.04
2025-05-30 11:45:40,157 - log - INFO - iter:2540/8041, clip_acc1=55.039371490478516, tta_acc1=70.03936767578125
2025-05-30 11:45:40,157 - log - INFO - iter:2540/8041, Original Acc@1: 55.04, Acc@5: 86.34, TTA Acc@1: 70.04, Acc@5: 95.00
2025-05-30 11:46:28,574 - log - INFO - iter:2560/8041, clip_acc1=55.078125, tta_acc1=69.921875
2025-05-30 11:46:28,575 - log - INFO - iter:2560/8041, Original Acc@1: 55.08, Acc@5: 86.37, TTA Acc@1: 69.92, Acc@5: 95.04
2025-05-30 11:47:19,401 - log - INFO - iter:2580/8041, clip_acc1=55.0, tta_acc1=69.84496307373047
2025-05-30 11:47:19,401 - log - INFO - iter:2580/8041, Original Acc@1: 55.00, Acc@5: 86.20, TTA Acc@1: 69.84, Acc@5: 95.04
2025-05-30 11:48:07,638 - log - INFO - iter:2600/8041, clip_acc1=55.03845977783203, tta_acc1=69.80769348144531
2025-05-30 11:48:07,638 - log - INFO - iter:2600/8041, Original Acc@1: 55.04, Acc@5: 86.19, TTA Acc@1: 69.81, Acc@5: 95.08
2025-05-30 11:48:54,418 - log - INFO - iter:2620/8041, clip_acc1=54.847328186035156, tta_acc1=69.61832427978516
2025-05-30 11:48:54,419 - log - INFO - iter:2620/8041, Original Acc@1: 54.85, Acc@5: 86.03, TTA Acc@1: 69.62, Acc@5: 95.08
2025-05-30 11:49:41,709 - log - INFO - iter:2640/8041, clip_acc1=54.77272415161133, tta_acc1=69.58332824707031
2025-05-30 11:49:41,710 - log - INFO - iter:2640/8041, Original Acc@1: 54.77, Acc@5: 85.91, TTA Acc@1: 69.58, Acc@5: 95.04
2025-05-30 11:50:29,147 - log - INFO - iter:2660/8041, clip_acc1=54.84962463378906, tta_acc1=69.54887390136719
2025-05-30 11:50:29,147 - log - INFO - iter:2660/8041, Original Acc@1: 54.85, Acc@5: 85.83, TTA Acc@1: 69.55, Acc@5: 95.08
2025-05-30 11:51:16,360 - log - INFO - iter:2680/8041, clip_acc1=54.8880615234375, tta_acc1=69.55223846435547
2025-05-30 11:51:16,361 - log - INFO - iter:2680/8041, Original Acc@1: 54.89, Acc@5: 85.75, TTA Acc@1: 69.55, Acc@5: 95.04
2025-05-30 11:52:04,411 - log - INFO - iter:2700/8041, clip_acc1=54.88888931274414, tta_acc1=69.55555725097656
2025-05-30 11:52:04,411 - log - INFO - iter:2700/8041, Original Acc@1: 54.89, Acc@5: 85.78, TTA Acc@1: 69.56, Acc@5: 95.07
2025-05-30 11:52:51,784 - log - INFO - iter:2720/8041, clip_acc1=54.852943420410156, tta_acc1=69.55882263183594
2025-05-30 11:52:51,784 - log - INFO - iter:2720/8041, Original Acc@1: 54.85, Acc@5: 85.70, TTA Acc@1: 69.56, Acc@5: 95.04
2025-05-30 11:53:39,078 - log - INFO - iter:2740/8041, clip_acc1=54.74452209472656, tta_acc1=69.5985336303711
2025-05-30 11:53:39,079 - log - INFO - iter:2740/8041, Original Acc@1: 54.74, Acc@5: 85.47, TTA Acc@1: 69.60, Acc@5: 95.04
2025-05-30 11:54:26,240 - log - INFO - iter:2760/8041, clip_acc1=54.710147857666016, tta_acc1=69.67391204833984
2025-05-30 11:54:26,240 - log - INFO - iter:2760/8041, Original Acc@1: 54.71, Acc@5: 85.51, TTA Acc@1: 69.67, Acc@5: 95.04
2025-05-30 11:55:14,176 - log - INFO - iter:2780/8041, clip_acc1=54.78417205810547, tta_acc1=69.71222686767578
2025-05-30 11:55:14,177 - log - INFO - iter:2780/8041, Original Acc@1: 54.78, Acc@5: 85.58, TTA Acc@1: 69.71, Acc@5: 95.07
2025-05-30 11:56:01,173 - log - INFO - iter:2800/8041, clip_acc1=54.78571319580078, tta_acc1=69.71428680419922
2025-05-30 11:56:01,173 - log - INFO - iter:2800/8041, Original Acc@1: 54.79, Acc@5: 85.61, TTA Acc@1: 69.71, Acc@5: 95.07
2025-05-30 11:56:48,078 - log - INFO - iter:2820/8041, clip_acc1=54.75177001953125, tta_acc1=69.7872314453125
2025-05-30 11:56:48,078 - log - INFO - iter:2820/8041, Original Acc@1: 54.75, Acc@5: 85.64, TTA Acc@1: 69.79, Acc@5: 95.11
2025-05-30 11:57:35,329 - log - INFO - iter:2840/8041, clip_acc1=54.647884368896484, tta_acc1=69.78872680664062
2025-05-30 11:57:35,330 - log - INFO - iter:2840/8041, Original Acc@1: 54.65, Acc@5: 85.63, TTA Acc@1: 69.79, Acc@5: 95.11
2025-05-30 11:58:23,380 - log - INFO - iter:2860/8041, clip_acc1=54.650352478027344, tta_acc1=69.86014556884766
2025-05-30 11:58:23,380 - log - INFO - iter:2860/8041, Original Acc@1: 54.65, Acc@5: 85.73, TTA Acc@1: 69.86, Acc@5: 95.14
2025-05-30 11:59:10,476 - log - INFO - iter:2880/8041, clip_acc1=54.65277862548828, tta_acc1=69.79167175292969
2025-05-30 11:59:10,476 - log - INFO - iter:2880/8041, Original Acc@1: 54.65, Acc@5: 85.76, TTA Acc@1: 69.79, Acc@5: 95.14
2025-05-30 11:59:57,291 - log - INFO - iter:2900/8041, clip_acc1=54.551727294921875, tta_acc1=69.6551742553711
2025-05-30 11:59:57,291 - log - INFO - iter:2900/8041, Original Acc@1: 54.55, Acc@5: 85.76, TTA Acc@1: 69.66, Acc@5: 95.07
2025-05-30 12:00:44,494 - log - INFO - iter:2920/8041, clip_acc1=54.52054977416992, tta_acc1=69.65753936767578
2025-05-30 12:00:44,495 - log - INFO - iter:2920/8041, Original Acc@1: 54.52, Acc@5: 85.82, TTA Acc@1: 69.66, Acc@5: 95.10
2025-05-30 12:01:32,994 - log - INFO - iter:2940/8041, clip_acc1=54.45578384399414, tta_acc1=69.6258544921875
2025-05-30 12:01:32,994 - log - INFO - iter:2940/8041, Original Acc@1: 54.46, Acc@5: 85.78, TTA Acc@1: 69.63, Acc@5: 95.10
2025-05-30 12:02:20,309 - log - INFO - iter:2960/8041, clip_acc1=54.42567825317383, tta_acc1=69.66216278076172
2025-05-30 12:02:20,310 - log - INFO - iter:2960/8041, Original Acc@1: 54.43, Acc@5: 85.78, TTA Acc@1: 69.66, Acc@5: 95.10
2025-05-30 12:03:08,510 - log - INFO - iter:2980/8041, clip_acc1=54.563758850097656, tta_acc1=69.6644287109375
2025-05-30 12:03:08,510 - log - INFO - iter:2980/8041, Original Acc@1: 54.56, Acc@5: 85.84, TTA Acc@1: 69.66, Acc@5: 95.13
2025-05-30 12:03:56,149 - log - INFO - iter:3000/8041, clip_acc1=54.53333282470703, tta_acc1=69.66666412353516
2025-05-30 12:03:56,150 - log - INFO - iter:3000/8041, Original Acc@1: 54.53, Acc@5: 85.87, TTA Acc@1: 69.67, Acc@5: 95.17
2025-05-30 12:04:43,622 - log - INFO - iter:3020/8041, clip_acc1=54.63576126098633, tta_acc1=69.66887664794922
2025-05-30 12:04:43,622 - log - INFO - iter:3020/8041, Original Acc@1: 54.64, Acc@5: 85.89, TTA Acc@1: 69.67, Acc@5: 95.20
2025-05-30 12:05:31,491 - log - INFO - iter:3040/8041, clip_acc1=54.638160705566406, tta_acc1=69.6381607055664
2025-05-30 12:05:31,491 - log - INFO - iter:3040/8041, Original Acc@1: 54.64, Acc@5: 85.92, TTA Acc@1: 69.64, Acc@5: 95.23
2025-05-30 12:06:19,078 - log - INFO - iter:3060/8041, clip_acc1=54.738563537597656, tta_acc1=69.73856353759766
2025-05-30 12:06:19,078 - log - INFO - iter:3060/8041, Original Acc@1: 54.74, Acc@5: 85.92, TTA Acc@1: 69.74, Acc@5: 95.26
2025-05-30 12:07:06,594 - log - INFO - iter:3080/8041, clip_acc1=54.772727966308594, tta_acc1=69.67532348632812
2025-05-30 12:07:06,594 - log - INFO - iter:3080/8041, Original Acc@1: 54.77, Acc@5: 85.88, TTA Acc@1: 69.68, Acc@5: 95.26
2025-05-30 12:07:54,240 - log - INFO - iter:3100/8041, clip_acc1=54.74193572998047, tta_acc1=69.54839324951172
2025-05-30 12:07:54,240 - log - INFO - iter:3100/8041, Original Acc@1: 54.74, Acc@5: 85.84, TTA Acc@1: 69.55, Acc@5: 95.23
2025-05-30 12:08:42,641 - log - INFO - iter:3120/8041, clip_acc1=54.71154022216797, tta_acc1=69.58333587646484
2025-05-30 12:08:42,642 - log - INFO - iter:3120/8041, Original Acc@1: 54.71, Acc@5: 85.87, TTA Acc@1: 69.58, Acc@5: 95.26
2025-05-30 12:09:29,292 - log - INFO - iter:3140/8041, clip_acc1=54.713375091552734, tta_acc1=69.58599090576172
2025-05-30 12:09:29,292 - log - INFO - iter:3140/8041, Original Acc@1: 54.71, Acc@5: 85.89, TTA Acc@1: 69.59, Acc@5: 95.29
2025-05-30 12:10:16,716 - log - INFO - iter:3160/8041, clip_acc1=54.7468376159668, tta_acc1=69.52531433105469
2025-05-30 12:10:16,716 - log - INFO - iter:3160/8041, Original Acc@1: 54.75, Acc@5: 85.92, TTA Acc@1: 69.53, Acc@5: 95.25
2025-05-30 12:11:04,295 - log - INFO - iter:3180/8041, clip_acc1=54.77987289428711, tta_acc1=69.59119415283203
2025-05-30 12:11:04,295 - log - INFO - iter:3180/8041, Original Acc@1: 54.78, Acc@5: 85.88, TTA Acc@1: 69.59, Acc@5: 95.25
2025-05-30 12:11:51,407 - log - INFO - iter:3200/8041, clip_acc1=54.78125, tta_acc1=69.65625
2025-05-30 12:11:51,407 - log - INFO - iter:3200/8041, Original Acc@1: 54.78, Acc@5: 85.88, TTA Acc@1: 69.66, Acc@5: 95.28
2025-05-30 12:12:42,588 - log - INFO - iter:3220/8041, clip_acc1=54.87577438354492, tta_acc1=69.68943786621094
2025-05-30 12:12:42,588 - log - INFO - iter:3220/8041, Original Acc@1: 54.88, Acc@5: 85.87, TTA Acc@1: 69.69, Acc@5: 95.28
2025-05-30 12:13:29,748 - log - INFO - iter:3240/8041, clip_acc1=55.000003814697266, tta_acc1=69.75308990478516
2025-05-30 12:13:29,748 - log - INFO - iter:3240/8041, Original Acc@1: 55.00, Acc@5: 85.96, TTA Acc@1: 69.75, Acc@5: 95.31
2025-05-30 12:14:17,587 - log - INFO - iter:3260/8041, clip_acc1=55.0, tta_acc1=69.72392272949219
2025-05-30 12:14:17,587 - log - INFO - iter:3260/8041, Original Acc@1: 55.00, Acc@5: 85.89, TTA Acc@1: 69.72, Acc@5: 95.31
2025-05-30 12:15:05,433 - log - INFO - iter:3280/8041, clip_acc1=55.0, tta_acc1=69.75609588623047
2025-05-30 12:15:05,434 - log - INFO - iter:3280/8041, Original Acc@1: 55.00, Acc@5: 85.82, TTA Acc@1: 69.76, Acc@5: 95.34
2025-05-30 12:15:54,079 - log - INFO - iter:3300/8041, clip_acc1=54.939395904541016, tta_acc1=69.78787994384766
2025-05-30 12:15:54,079 - log - INFO - iter:3300/8041, Original Acc@1: 54.94, Acc@5: 85.79, TTA Acc@1: 69.79, Acc@5: 95.36
2025-05-30 12:16:41,412 - log - INFO - iter:3320/8041, clip_acc1=54.90964126586914, tta_acc1=69.81927490234375
2025-05-30 12:16:41,412 - log - INFO - iter:3320/8041, Original Acc@1: 54.91, Acc@5: 85.84, TTA Acc@1: 69.82, Acc@5: 95.36
2025-05-30 12:17:28,664 - log - INFO - iter:3340/8041, clip_acc1=54.940120697021484, tta_acc1=69.79042053222656
2025-05-30 12:17:28,665 - log - INFO - iter:3340/8041, Original Acc@1: 54.94, Acc@5: 85.84, TTA Acc@1: 69.79, Acc@5: 95.39
2025-05-30 12:18:16,091 - log - INFO - iter:3360/8041, clip_acc1=54.91071701049805, tta_acc1=69.73214721679688
2025-05-30 12:18:16,092 - log - INFO - iter:3360/8041, Original Acc@1: 54.91, Acc@5: 85.71, TTA Acc@1: 69.73, Acc@5: 95.33
2025-05-30 12:19:03,315 - log - INFO - iter:3380/8041, clip_acc1=54.881656646728516, tta_acc1=69.67455291748047
2025-05-30 12:19:03,315 - log - INFO - iter:3380/8041, Original Acc@1: 54.88, Acc@5: 85.74, TTA Acc@1: 69.67, Acc@5: 95.33
2025-05-30 12:19:50,263 - log - INFO - iter:3400/8041, clip_acc1=54.85293960571289, tta_acc1=69.55882263183594
2025-05-30 12:19:50,263 - log - INFO - iter:3400/8041, Original Acc@1: 54.85, Acc@5: 85.76, TTA Acc@1: 69.56, Acc@5: 95.24
2025-05-30 12:20:37,708 - log - INFO - iter:3420/8041, clip_acc1=54.79532241821289, tta_acc1=69.47368621826172
2025-05-30 12:20:37,709 - log - INFO - iter:3420/8041, Original Acc@1: 54.80, Acc@5: 85.76, TTA Acc@1: 69.47, Acc@5: 95.20
2025-05-30 12:21:25,432 - log - INFO - iter:3440/8041, clip_acc1=54.738372802734375, tta_acc1=69.50581359863281
2025-05-30 12:21:25,432 - log - INFO - iter:3440/8041, Original Acc@1: 54.74, Acc@5: 85.81, TTA Acc@1: 69.51, Acc@5: 95.20
2025-05-30 12:22:13,102 - log - INFO - iter:3460/8041, clip_acc1=54.65317916870117, tta_acc1=69.5086669921875
2025-05-30 12:22:13,103 - log - INFO - iter:3460/8041, Original Acc@1: 54.65, Acc@5: 85.81, TTA Acc@1: 69.51, Acc@5: 95.23
2025-05-30 12:23:00,203 - log - INFO - iter:3480/8041, clip_acc1=54.68390655517578, tta_acc1=69.5114974975586
2025-05-30 12:23:00,203 - log - INFO - iter:3480/8041, Original Acc@1: 54.68, Acc@5: 85.80, TTA Acc@1: 69.51, Acc@5: 95.23
2025-05-30 12:23:47,413 - log - INFO - iter:3500/8041, clip_acc1=54.628570556640625, tta_acc1=69.42857360839844
2025-05-30 12:23:47,413 - log - INFO - iter:3500/8041, Original Acc@1: 54.63, Acc@5: 85.71, TTA Acc@1: 69.43, Acc@5: 95.17
2025-05-30 12:24:34,628 - log - INFO - iter:3520/8041, clip_acc1=54.659088134765625, tta_acc1=69.40340423583984
2025-05-30 12:24:34,628 - log - INFO - iter:3520/8041, Original Acc@1: 54.66, Acc@5: 85.68, TTA Acc@1: 69.40, Acc@5: 95.17
2025-05-30 12:25:22,495 - log - INFO - iter:3540/8041, clip_acc1=54.604522705078125, tta_acc1=69.40678405761719
2025-05-30 12:25:22,495 - log - INFO - iter:3540/8041, Original Acc@1: 54.60, Acc@5: 85.68, TTA Acc@1: 69.41, Acc@5: 95.20
2025-05-30 12:26:10,405 - log - INFO - iter:3560/8041, clip_acc1=54.60674285888672, tta_acc1=69.35393524169922
2025-05-30 12:26:10,405 - log - INFO - iter:3560/8041, Original Acc@1: 54.61, Acc@5: 85.67, TTA Acc@1: 69.35, Acc@5: 95.20
2025-05-30 12:26:57,643 - log - INFO - iter:3580/8041, clip_acc1=54.58100509643555, tta_acc1=69.32960510253906
2025-05-30 12:26:57,644 - log - INFO - iter:3580/8041, Original Acc@1: 54.58, Acc@5: 85.64, TTA Acc@1: 69.33, Acc@5: 95.17
2025-05-30 12:27:45,198 - log - INFO - iter:3600/8041, clip_acc1=54.5, tta_acc1=69.30555725097656
2025-05-30 12:27:45,198 - log - INFO - iter:3600/8041, Original Acc@1: 54.50, Acc@5: 85.61, TTA Acc@1: 69.31, Acc@5: 95.19
2025-05-30 12:28:32,698 - log - INFO - iter:3620/8041, clip_acc1=54.50276184082031, tta_acc1=69.3370132446289
2025-05-30 12:28:32,699 - log - INFO - iter:3620/8041, Original Acc@1: 54.50, Acc@5: 85.69, TTA Acc@1: 69.34, Acc@5: 95.22
2025-05-30 12:29:20,110 - log - INFO - iter:3640/8041, clip_acc1=54.505496978759766, tta_acc1=69.34066009521484
2025-05-30 12:29:20,111 - log - INFO - iter:3640/8041, Original Acc@1: 54.51, Acc@5: 85.71, TTA Acc@1: 69.34, Acc@5: 95.22
2025-05-30 12:30:07,271 - log - INFO - iter:3660/8041, clip_acc1=54.59016418457031, tta_acc1=69.37158966064453
2025-05-30 12:30:07,271 - log - INFO - iter:3660/8041, Original Acc@1: 54.59, Acc@5: 85.77, TTA Acc@1: 69.37, Acc@5: 95.25
2025-05-30 12:30:55,179 - log - INFO - iter:3680/8041, clip_acc1=54.48369216918945, tta_acc1=69.29347229003906
2025-05-30 12:30:55,179 - log - INFO - iter:3680/8041, Original Acc@1: 54.48, Acc@5: 85.71, TTA Acc@1: 69.29, Acc@5: 95.24
2025-05-30 12:31:42,096 - log - INFO - iter:3700/8041, clip_acc1=54.486488342285156, tta_acc1=69.29730224609375
2025-05-30 12:31:42,097 - log - INFO - iter:3700/8041, Original Acc@1: 54.49, Acc@5: 85.73, TTA Acc@1: 69.30, Acc@5: 95.27
2025-05-30 12:32:29,901 - log - INFO - iter:3720/8041, clip_acc1=54.51612854003906, tta_acc1=69.32795715332031
2025-05-30 12:32:29,902 - log - INFO - iter:3720/8041, Original Acc@1: 54.52, Acc@5: 85.75, TTA Acc@1: 69.33, Acc@5: 95.24
2025-05-30 12:33:17,402 - log - INFO - iter:3740/8041, clip_acc1=54.491981506347656, tta_acc1=69.35829162597656
2025-05-30 12:33:17,403 - log - INFO - iter:3740/8041, Original Acc@1: 54.49, Acc@5: 85.72, TTA Acc@1: 69.36, Acc@5: 95.21
2025-05-30 12:34:04,660 - log - INFO - iter:3760/8041, clip_acc1=54.468082427978516, tta_acc1=69.3351058959961
2025-05-30 12:34:04,660 - log - INFO - iter:3760/8041, Original Acc@1: 54.47, Acc@5: 85.66, TTA Acc@1: 69.34, Acc@5: 95.19
2025-05-30 12:34:53,002 - log - INFO - iter:3780/8041, clip_acc1=54.52381134033203, tta_acc1=69.338623046875
2025-05-30 12:34:53,002 - log - INFO - iter:3780/8041, Original Acc@1: 54.52, Acc@5: 85.71, TTA Acc@1: 69.34, Acc@5: 95.19
2025-05-30 12:35:40,259 - log - INFO - iter:3800/8041, clip_acc1=54.499996185302734, tta_acc1=69.39473724365234
2025-05-30 12:35:40,259 - log - INFO - iter:3800/8041, Original Acc@1: 54.50, Acc@5: 85.74, TTA Acc@1: 69.39, Acc@5: 95.18
2025-05-30 12:36:27,582 - log - INFO - iter:3820/8041, clip_acc1=54.45026397705078, tta_acc1=69.34555053710938
2025-05-30 12:36:27,582 - log - INFO - iter:3820/8041, Original Acc@1: 54.45, Acc@5: 85.73, TTA Acc@1: 69.35, Acc@5: 95.16
2025-05-30 12:37:14,574 - log - INFO - iter:3840/8041, clip_acc1=54.427085876464844, tta_acc1=69.32292175292969
2025-05-30 12:37:14,574 - log - INFO - iter:3840/8041, Original Acc@1: 54.43, Acc@5: 85.78, TTA Acc@1: 69.32, Acc@5: 95.16
2025-05-30 12:38:01,339 - log - INFO - iter:3860/8041, clip_acc1=54.5336799621582, tta_acc1=69.4300537109375
2025-05-30 12:38:01,339 - log - INFO - iter:3860/8041, Original Acc@1: 54.53, Acc@5: 85.83, TTA Acc@1: 69.43, Acc@5: 95.18
2025-05-30 12:38:48,588 - log - INFO - iter:3880/8041, clip_acc1=54.6134033203125, tta_acc1=69.4587631225586
2025-05-30 12:38:48,588 - log - INFO - iter:3880/8041, Original Acc@1: 54.61, Acc@5: 85.88, TTA Acc@1: 69.46, Acc@5: 95.18
2025-05-30 12:39:35,566 - log - INFO - iter:3900/8041, clip_acc1=54.53845977783203, tta_acc1=69.53845977783203
2025-05-30 12:39:35,566 - log - INFO - iter:3900/8041, Original Acc@1: 54.54, Acc@5: 85.87, TTA Acc@1: 69.54, Acc@5: 95.21
2025-05-30 12:40:22,805 - log - INFO - iter:3920/8041, clip_acc1=54.566322326660156, tta_acc1=69.54080963134766
2025-05-30 12:40:22,805 - log - INFO - iter:3920/8041, Original Acc@1: 54.57, Acc@5: 85.89, TTA Acc@1: 69.54, Acc@5: 95.18
2025-05-30 12:41:11,011 - log - INFO - iter:3940/8041, clip_acc1=54.46700668334961, tta_acc1=69.46701049804688
2025-05-30 12:41:11,011 - log - INFO - iter:3940/8041, Original Acc@1: 54.47, Acc@5: 85.81, TTA Acc@1: 69.47, Acc@5: 95.13
2025-05-30 12:41:58,816 - log - INFO - iter:3960/8041, clip_acc1=54.54545593261719, tta_acc1=69.49494934082031
2025-05-30 12:41:58,816 - log - INFO - iter:3960/8041, Original Acc@1: 54.55, Acc@5: 85.83, TTA Acc@1: 69.49, Acc@5: 95.13
2025-05-30 12:42:46,607 - log - INFO - iter:3980/8041, clip_acc1=54.62311553955078, tta_acc1=69.59799194335938
2025-05-30 12:42:46,607 - log - INFO - iter:3980/8041, Original Acc@1: 54.62, Acc@5: 85.83, TTA Acc@1: 69.60, Acc@5: 95.15
2025-05-30 12:43:34,021 - log - INFO - iter:4000/8041, clip_acc1=54.60000228881836, tta_acc1=69.6500015258789
2025-05-30 12:43:34,021 - log - INFO - iter:4000/8041, Original Acc@1: 54.60, Acc@5: 85.85, TTA Acc@1: 69.65, Acc@5: 95.15
2025-05-30 12:44:22,835 - log - INFO - iter:4020/8041, clip_acc1=54.577117919921875, tta_acc1=69.65174102783203
2025-05-30 12:44:22,835 - log - INFO - iter:4020/8041, Original Acc@1: 54.58, Acc@5: 85.90, TTA Acc@1: 69.65, Acc@5: 95.17
2025-05-30 12:45:10,003 - log - INFO - iter:4040/8041, clip_acc1=54.52970504760742, tta_acc1=69.55445861816406
2025-05-30 12:45:10,003 - log - INFO - iter:4040/8041, Original Acc@1: 54.53, Acc@5: 85.87, TTA Acc@1: 69.55, Acc@5: 95.15
2025-05-30 12:45:57,469 - log - INFO - iter:4060/8041, clip_acc1=54.58128356933594, tta_acc1=69.58128356933594
2025-05-30 12:45:57,469 - log - INFO - iter:4060/8041, Original Acc@1: 54.58, Acc@5: 85.84, TTA Acc@1: 69.58, Acc@5: 95.17
2025-05-30 12:46:45,166 - log - INFO - iter:4080/8041, clip_acc1=54.607845306396484, tta_acc1=69.53431701660156
2025-05-30 12:46:45,166 - log - INFO - iter:4080/8041, Original Acc@1: 54.61, Acc@5: 85.86, TTA Acc@1: 69.53, Acc@5: 95.20
2025-05-30 12:47:32,627 - log - INFO - iter:4100/8041, clip_acc1=54.65853500366211, tta_acc1=69.56097412109375
2025-05-30 12:47:32,628 - log - INFO - iter:4100/8041, Original Acc@1: 54.66, Acc@5: 85.88, TTA Acc@1: 69.56, Acc@5: 95.20
2025-05-30 12:48:20,034 - log - INFO - iter:4120/8041, clip_acc1=54.68446731567383, tta_acc1=69.61164855957031
2025-05-30 12:48:20,035 - log - INFO - iter:4120/8041, Original Acc@1: 54.68, Acc@5: 85.87, TTA Acc@1: 69.61, Acc@5: 95.22
2025-05-30 12:49:07,311 - log - INFO - iter:4140/8041, clip_acc1=54.68598937988281, tta_acc1=69.56521606445312
2025-05-30 12:49:07,311 - log - INFO - iter:4140/8041, Original Acc@1: 54.69, Acc@5: 85.87, TTA Acc@1: 69.57, Acc@5: 95.24
2025-05-30 12:49:54,333 - log - INFO - iter:4160/8041, clip_acc1=54.61538314819336, tta_acc1=69.54326629638672
2025-05-30 12:49:54,333 - log - INFO - iter:4160/8041, Original Acc@1: 54.62, Acc@5: 85.89, TTA Acc@1: 69.54, Acc@5: 95.24
2025-05-30 12:50:41,782 - log - INFO - iter:4180/8041, clip_acc1=54.49760818481445, tta_acc1=69.52153015136719
2025-05-30 12:50:41,782 - log - INFO - iter:4180/8041, Original Acc@1: 54.50, Acc@5: 85.86, TTA Acc@1: 69.52, Acc@5: 95.26
2025-05-30 12:51:29,955 - log - INFO - iter:4200/8041, clip_acc1=54.595237731933594, tta_acc1=69.57142639160156
2025-05-30 12:51:29,955 - log - INFO - iter:4200/8041, Original Acc@1: 54.60, Acc@5: 85.88, TTA Acc@1: 69.57, Acc@5: 95.29
2025-05-30 12:52:16,769 - log - INFO - iter:4220/8041, clip_acc1=54.57345962524414, tta_acc1=69.59715270996094
2025-05-30 12:52:16,769 - log - INFO - iter:4220/8041, Original Acc@1: 54.57, Acc@5: 85.85, TTA Acc@1: 69.60, Acc@5: 95.31
2025-05-30 12:53:05,297 - log - INFO - iter:4240/8041, clip_acc1=54.57547378540039, tta_acc1=69.59906005859375
2025-05-30 12:53:05,297 - log - INFO - iter:4240/8041, Original Acc@1: 54.58, Acc@5: 85.87, TTA Acc@1: 69.60, Acc@5: 95.31
2025-05-30 12:53:52,199 - log - INFO - iter:4260/8041, clip_acc1=54.64788818359375, tta_acc1=69.69483947753906
2025-05-30 12:53:52,199 - log - INFO - iter:4260/8041, Original Acc@1: 54.65, Acc@5: 85.94, TTA Acc@1: 69.69, Acc@5: 95.33
2025-05-30 12:54:39,406 - log - INFO - iter:4280/8041, clip_acc1=54.69626235961914, tta_acc1=69.74299621582031
2025-05-30 12:54:39,406 - log - INFO - iter:4280/8041, Original Acc@1: 54.70, Acc@5: 85.96, TTA Acc@1: 69.74, Acc@5: 95.35
2025-05-30 12:55:26,413 - log - INFO - iter:4300/8041, clip_acc1=54.65116500854492, tta_acc1=69.72093200683594
2025-05-30 12:55:26,414 - log - INFO - iter:4300/8041, Original Acc@1: 54.65, Acc@5: 85.93, TTA Acc@1: 69.72, Acc@5: 95.33
2025-05-30 12:56:13,751 - log - INFO - iter:4320/8041, clip_acc1=54.675926208496094, tta_acc1=69.6990737915039
2025-05-30 12:56:13,751 - log - INFO - iter:4320/8041, Original Acc@1: 54.68, Acc@5: 85.93, TTA Acc@1: 69.70, Acc@5: 95.30
2025-05-30 12:57:00,571 - log - INFO - iter:4340/8041, clip_acc1=54.56221389770508, tta_acc1=69.72350311279297
2025-05-30 12:57:00,571 - log - INFO - iter:4340/8041, Original Acc@1: 54.56, Acc@5: 85.78, TTA Acc@1: 69.72, Acc@5: 95.28
2025-05-30 12:57:47,746 - log - INFO - iter:4360/8041, clip_acc1=54.678897857666016, tta_acc1=69.81651306152344
2025-05-30 12:57:47,746 - log - INFO - iter:4360/8041, Original Acc@1: 54.68, Acc@5: 85.85, TTA Acc@1: 69.82, Acc@5: 95.30
2025-05-30 12:58:34,642 - log - INFO - iter:4380/8041, clip_acc1=54.771690368652344, tta_acc1=69.90867614746094
2025-05-30 12:58:34,642 - log - INFO - iter:4380/8041, Original Acc@1: 54.77, Acc@5: 85.89, TTA Acc@1: 69.91, Acc@5: 95.32
2025-05-30 12:59:21,600 - log - INFO - iter:4400/8041, clip_acc1=54.79545593261719, tta_acc1=69.95454406738281
2025-05-30 12:59:21,601 - log - INFO - iter:4400/8041, Original Acc@1: 54.80, Acc@5: 85.89, TTA Acc@1: 69.95, Acc@5: 95.32
2025-05-30 13:00:08,530 - log - INFO - iter:4420/8041, clip_acc1=54.79637908935547, tta_acc1=70.02262115478516
2025-05-30 13:00:08,530 - log - INFO - iter:4420/8041, Original Acc@1: 54.80, Acc@5: 85.88, TTA Acc@1: 70.02, Acc@5: 95.32
2025-05-30 13:00:55,348 - log - INFO - iter:4440/8041, clip_acc1=54.842342376708984, tta_acc1=70.0450439453125
2025-05-30 13:00:55,348 - log - INFO - iter:4440/8041, Original Acc@1: 54.84, Acc@5: 85.88, TTA Acc@1: 70.05, Acc@5: 95.32
2025-05-30 13:01:42,429 - log - INFO - iter:4460/8041, clip_acc1=54.86547088623047, tta_acc1=70.0
2025-05-30 13:01:42,430 - log - INFO - iter:4460/8041, Original Acc@1: 54.87, Acc@5: 85.90, TTA Acc@1: 70.00, Acc@5: 95.31
2025-05-30 13:02:29,432 - log - INFO - iter:4480/8041, clip_acc1=54.86607360839844, tta_acc1=69.95536041259766
2025-05-30 13:02:29,432 - log - INFO - iter:4480/8041, Original Acc@1: 54.87, Acc@5: 85.89, TTA Acc@1: 69.96, Acc@5: 95.33
2025-05-30 13:03:16,295 - log - INFO - iter:4500/8041, clip_acc1=54.93333435058594, tta_acc1=70.06666564941406
2025-05-30 13:03:16,295 - log - INFO - iter:4500/8041, Original Acc@1: 54.93, Acc@5: 85.96, TTA Acc@1: 70.07, Acc@5: 95.36
2025-05-30 13:04:02,973 - log - INFO - iter:4520/8041, clip_acc1=54.911502838134766, tta_acc1=70.08849334716797
2025-05-30 13:04:02,974 - log - INFO - iter:4520/8041, Original Acc@1: 54.91, Acc@5: 85.91, TTA Acc@1: 70.09, Acc@5: 95.33
2025-05-30 13:04:50,184 - log - INFO - iter:4540/8041, clip_acc1=54.82379150390625, tta_acc1=70.02202606201172
2025-05-30 13:04:50,184 - log - INFO - iter:4540/8041, Original Acc@1: 54.82, Acc@5: 85.84, TTA Acc@1: 70.02, Acc@5: 95.35
2025-05-30 13:05:36,683 - log - INFO - iter:4560/8041, clip_acc1=54.824562072753906, tta_acc1=69.97807312011719
2025-05-30 13:05:36,683 - log - INFO - iter:4560/8041, Original Acc@1: 54.82, Acc@5: 85.79, TTA Acc@1: 69.98, Acc@5: 95.35
2025-05-30 13:06:23,509 - log - INFO - iter:4580/8041, clip_acc1=54.80349349975586, tta_acc1=69.95633697509766
2025-05-30 13:06:23,509 - log - INFO - iter:4580/8041, Original Acc@1: 54.80, Acc@5: 85.74, TTA Acc@1: 69.96, Acc@5: 95.35
2025-05-30 13:07:10,972 - log - INFO - iter:4600/8041, clip_acc1=54.826087951660156, tta_acc1=69.93478393554688
2025-05-30 13:07:10,972 - log - INFO - iter:4600/8041, Original Acc@1: 54.83, Acc@5: 85.74, TTA Acc@1: 69.93, Acc@5: 95.33
2025-05-30 13:07:58,011 - log - INFO - iter:4620/8041, clip_acc1=54.80519485473633, tta_acc1=69.87013244628906
2025-05-30 13:07:58,011 - log - INFO - iter:4620/8041, Original Acc@1: 54.81, Acc@5: 85.76, TTA Acc@1: 69.87, Acc@5: 95.30
2025-05-30 13:08:45,047 - log - INFO - iter:4640/8041, clip_acc1=54.784481048583984, tta_acc1=69.9137954711914
2025-05-30 13:08:45,047 - log - INFO - iter:4640/8041, Original Acc@1: 54.78, Acc@5: 85.82, TTA Acc@1: 69.91, Acc@5: 95.32
2025-05-30 13:09:32,724 - log - INFO - iter:4660/8041, clip_acc1=54.78540802001953, tta_acc1=69.9785385131836
2025-05-30 13:09:32,724 - log - INFO - iter:4660/8041, Original Acc@1: 54.79, Acc@5: 85.82, TTA Acc@1: 69.98, Acc@5: 95.34
2025-05-30 13:10:20,941 - log - INFO - iter:4680/8041, clip_acc1=54.80769348144531, tta_acc1=70.02136993408203
2025-05-30 13:10:20,941 - log - INFO - iter:4680/8041, Original Acc@1: 54.81, Acc@5: 85.85, TTA Acc@1: 70.02, Acc@5: 95.34
2025-05-30 13:11:08,129 - log - INFO - iter:4700/8041, clip_acc1=54.87234115600586, tta_acc1=70.0851058959961
2025-05-30 13:11:08,130 - log - INFO - iter:4700/8041, Original Acc@1: 54.87, Acc@5: 85.87, TTA Acc@1: 70.09, Acc@5: 95.36
2025-05-30 13:11:54,942 - log - INFO - iter:4720/8041, clip_acc1=54.894065856933594, tta_acc1=70.08474731445312
2025-05-30 13:11:54,942 - log - INFO - iter:4720/8041, Original Acc@1: 54.89, Acc@5: 85.89, TTA Acc@1: 70.08, Acc@5: 95.36
2025-05-30 13:12:41,987 - log - INFO - iter:4740/8041, clip_acc1=54.95780563354492, tta_acc1=70.06329345703125
2025-05-30 13:12:41,987 - log - INFO - iter:4740/8041, Original Acc@1: 54.96, Acc@5: 85.93, TTA Acc@1: 70.06, Acc@5: 95.34
2025-05-30 13:13:29,101 - log - INFO - iter:4760/8041, clip_acc1=54.936973571777344, tta_acc1=70.0420150756836
2025-05-30 13:13:29,101 - log - INFO - iter:4760/8041, Original Acc@1: 54.94, Acc@5: 85.88, TTA Acc@1: 70.04, Acc@5: 95.36
2025-05-30 13:14:18,598 - log - INFO - iter:4780/8041, clip_acc1=54.89540100097656, tta_acc1=70.02091979980469
2025-05-30 13:14:18,598 - log - INFO - iter:4780/8041, Original Acc@1: 54.90, Acc@5: 85.82, TTA Acc@1: 70.02, Acc@5: 95.38
2025-05-30 13:15:06,413 - log - INFO - iter:4800/8041, clip_acc1=54.958335876464844, tta_acc1=70.02083587646484
2025-05-30 13:15:06,414 - log - INFO - iter:4800/8041, Original Acc@1: 54.96, Acc@5: 85.88, TTA Acc@1: 70.02, Acc@5: 95.40
2025-05-30 13:15:53,730 - log - INFO - iter:4820/8041, clip_acc1=54.9585075378418, tta_acc1=69.97925567626953
2025-05-30 13:15:53,730 - log - INFO - iter:4820/8041, Original Acc@1: 54.96, Acc@5: 85.83, TTA Acc@1: 69.98, Acc@5: 95.39
2025-05-30 13:16:40,681 - log - INFO - iter:4840/8041, clip_acc1=55.0, tta_acc1=70.02066040039062
2025-05-30 13:16:40,681 - log - INFO - iter:4840/8041, Original Acc@1: 55.00, Acc@5: 85.85, TTA Acc@1: 70.02, Acc@5: 95.41
2025-05-30 13:17:27,552 - log - INFO - iter:4860/8041, clip_acc1=54.95884704589844, tta_acc1=70.0
2025-05-30 13:17:27,553 - log - INFO - iter:4860/8041, Original Acc@1: 54.96, Acc@5: 85.82, TTA Acc@1: 70.00, Acc@5: 95.43
2025-05-30 13:18:14,920 - log - INFO - iter:4880/8041, clip_acc1=54.97950744628906, tta_acc1=70.0
2025-05-30 13:18:14,920 - log - INFO - iter:4880/8041, Original Acc@1: 54.98, Acc@5: 85.80, TTA Acc@1: 70.00, Acc@5: 95.43
2025-05-30 13:19:01,862 - log - INFO - iter:4900/8041, clip_acc1=55.04081726074219, tta_acc1=69.9795913696289
2025-05-30 13:19:01,863 - log - INFO - iter:4900/8041, Original Acc@1: 55.04, Acc@5: 85.84, TTA Acc@1: 69.98, Acc@5: 95.45
2025-05-30 13:19:49,317 - log - INFO - iter:4920/8041, clip_acc1=55.0406494140625, tta_acc1=69.9593505859375
2025-05-30 13:19:49,317 - log - INFO - iter:4920/8041, Original Acc@1: 55.04, Acc@5: 85.83, TTA Acc@1: 69.96, Acc@5: 95.45
2025-05-30 13:20:35,913 - log - INFO - iter:4940/8041, clip_acc1=55.080970764160156, tta_acc1=69.93927001953125
2025-05-30 13:20:35,913 - log - INFO - iter:4940/8041, Original Acc@1: 55.08, Acc@5: 85.87, TTA Acc@1: 69.94, Acc@5: 95.47
2025-05-30 13:21:23,242 - log - INFO - iter:4960/8041, clip_acc1=55.08064270019531, tta_acc1=69.93951416015625
2025-05-30 13:21:23,242 - log - INFO - iter:4960/8041, Original Acc@1: 55.08, Acc@5: 85.89, TTA Acc@1: 69.94, Acc@5: 95.46
2025-05-30 13:22:10,321 - log - INFO - iter:4980/8041, clip_acc1=55.02008056640625, tta_acc1=70.0
2025-05-30 13:22:10,321 - log - INFO - iter:4980/8041, Original Acc@1: 55.02, Acc@5: 85.88, TTA Acc@1: 70.00, Acc@5: 95.48
2025-05-30 13:22:57,246 - log - INFO - iter:5000/8041, clip_acc1=55.02000045776367, tta_acc1=70.04000091552734
2025-05-30 13:22:57,246 - log - INFO - iter:5000/8041, Original Acc@1: 55.02, Acc@5: 85.90, TTA Acc@1: 70.04, Acc@5: 95.50
2025-05-30 13:23:44,820 - log - INFO - iter:5020/8041, clip_acc1=55.05976104736328, tta_acc1=70.0199203491211
2025-05-30 13:23:44,820 - log - INFO - iter:5020/8041, Original Acc@1: 55.06, Acc@5: 85.92, TTA Acc@1: 70.02, Acc@5: 95.52
2025-05-30 13:24:32,323 - log - INFO - iter:5040/8041, clip_acc1=55.05952453613281, tta_acc1=69.98015594482422
2025-05-30 13:24:32,323 - log - INFO - iter:5040/8041, Original Acc@1: 55.06, Acc@5: 85.89, TTA Acc@1: 69.98, Acc@5: 95.52
2025-05-30 13:25:19,017 - log - INFO - iter:5060/8041, clip_acc1=54.9802360534668, tta_acc1=69.88142395019531
2025-05-30 13:25:19,017 - log - INFO - iter:5060/8041, Original Acc@1: 54.98, Acc@5: 85.83, TTA Acc@1: 69.88, Acc@5: 95.49
2025-05-30 13:26:06,069 - log - INFO - iter:5080/8041, clip_acc1=54.94094467163086, tta_acc1=69.82283782958984
2025-05-30 13:26:06,070 - log - INFO - iter:5080/8041, Original Acc@1: 54.94, Acc@5: 85.79, TTA Acc@1: 69.82, Acc@5: 95.47
2025-05-30 13:26:53,561 - log - INFO - iter:5100/8041, clip_acc1=54.90195846557617, tta_acc1=69.86274719238281
2025-05-30 13:26:53,562 - log - INFO - iter:5100/8041, Original Acc@1: 54.90, Acc@5: 85.75, TTA Acc@1: 69.86, Acc@5: 95.49
2025-05-30 13:27:41,218 - log - INFO - iter:5120/8041, clip_acc1=54.86328125, tta_acc1=69.90234375
2025-05-30 13:27:41,218 - log - INFO - iter:5120/8041, Original Acc@1: 54.86, Acc@5: 85.74, TTA Acc@1: 69.90, Acc@5: 95.51
2025-05-30 13:28:28,104 - log - INFO - iter:5140/8041, clip_acc1=54.86381149291992, tta_acc1=69.92218017578125
2025-05-30 13:28:28,104 - log - INFO - iter:5140/8041, Original Acc@1: 54.86, Acc@5: 85.74, TTA Acc@1: 69.92, Acc@5: 95.53
2025-05-30 13:29:15,884 - log - INFO - iter:5160/8041, clip_acc1=54.903099060058594, tta_acc1=69.88372039794922
2025-05-30 13:29:15,884 - log - INFO - iter:5160/8041, Original Acc@1: 54.90, Acc@5: 85.74, TTA Acc@1: 69.88, Acc@5: 95.52
2025-05-30 13:30:02,678 - log - INFO - iter:5180/8041, clip_acc1=54.903472900390625, tta_acc1=69.92277526855469
2025-05-30 13:30:02,679 - log - INFO - iter:5180/8041, Original Acc@1: 54.90, Acc@5: 85.71, TTA Acc@1: 69.92, Acc@5: 95.52
2025-05-30 13:30:49,696 - log - INFO - iter:5200/8041, clip_acc1=54.92307662963867, tta_acc1=69.94230651855469
2025-05-30 13:30:49,697 - log - INFO - iter:5200/8041, Original Acc@1: 54.92, Acc@5: 85.77, TTA Acc@1: 69.94, Acc@5: 95.54
2025-05-30 13:31:36,455 - log - INFO - iter:5220/8041, clip_acc1=54.90421676635742, tta_acc1=69.88505554199219
2025-05-30 13:31:36,455 - log - INFO - iter:5220/8041, Original Acc@1: 54.90, Acc@5: 85.73, TTA Acc@1: 69.89, Acc@5: 95.52
2025-05-30 13:32:23,196 - log - INFO - iter:5240/8041, clip_acc1=54.904579162597656, tta_acc1=69.86640930175781
2025-05-30 13:32:23,196 - log - INFO - iter:5240/8041, Original Acc@1: 54.90, Acc@5: 85.71, TTA Acc@1: 69.87, Acc@5: 95.52
2025-05-30 13:33:09,880 - log - INFO - iter:5260/8041, clip_acc1=54.923954010009766, tta_acc1=69.8669204711914
2025-05-30 13:33:09,881 - log - INFO - iter:5260/8041, Original Acc@1: 54.92, Acc@5: 85.74, TTA Acc@1: 69.87, Acc@5: 95.53
2025-05-30 13:33:57,070 - log - INFO - iter:5280/8041, clip_acc1=54.92424011230469, tta_acc1=69.86742401123047
2025-05-30 13:33:57,070 - log - INFO - iter:5280/8041, Original Acc@1: 54.92, Acc@5: 85.76, TTA Acc@1: 69.87, Acc@5: 95.55
2025-05-30 13:34:43,895 - log - INFO - iter:5300/8041, clip_acc1=54.96226501464844, tta_acc1=69.86792755126953
2025-05-30 13:34:43,895 - log - INFO - iter:5300/8041, Original Acc@1: 54.96, Acc@5: 85.79, TTA Acc@1: 69.87, Acc@5: 95.57
2025-05-30 13:35:31,390 - log - INFO - iter:5320/8041, clip_acc1=54.962406158447266, tta_acc1=69.90601348876953
2025-05-30 13:35:31,390 - log - INFO - iter:5320/8041, Original Acc@1: 54.96, Acc@5: 85.81, TTA Acc@1: 69.91, Acc@5: 95.56
2025-05-30 13:36:19,846 - log - INFO - iter:5340/8041, clip_acc1=55.01872634887695, tta_acc1=69.92509460449219
2025-05-30 13:36:19,846 - log - INFO - iter:5340/8041, Original Acc@1: 55.02, Acc@5: 85.84, TTA Acc@1: 69.93, Acc@5: 95.58
2025-05-30 13:37:06,365 - log - INFO - iter:5360/8041, clip_acc1=54.94403076171875, tta_acc1=69.9067153930664
2025-05-30 13:37:06,365 - log - INFO - iter:5360/8041, Original Acc@1: 54.94, Acc@5: 85.80, TTA Acc@1: 69.91, Acc@5: 95.60
2025-05-30 13:37:53,509 - log - INFO - iter:5380/8041, clip_acc1=54.962825775146484, tta_acc1=69.92565155029297
2025-05-30 13:37:53,509 - log - INFO - iter:5380/8041, Original Acc@1: 54.96, Acc@5: 85.76, TTA Acc@1: 69.93, Acc@5: 95.59
2025-05-30 13:38:41,110 - log - INFO - iter:5400/8041, clip_acc1=54.98147964477539, tta_acc1=69.94444274902344
2025-05-30 13:38:41,110 - log - INFO - iter:5400/8041, Original Acc@1: 54.98, Acc@5: 85.74, TTA Acc@1: 69.94, Acc@5: 95.61
2025-05-30 13:39:28,210 - log - INFO - iter:5420/8041, clip_acc1=54.96310043334961, tta_acc1=69.92620086669922
2025-05-30 13:39:28,211 - log - INFO - iter:5420/8041, Original Acc@1: 54.96, Acc@5: 85.74, TTA Acc@1: 69.93, Acc@5: 95.57
2025-05-30 13:40:15,594 - log - INFO - iter:5440/8041, clip_acc1=54.944854736328125, tta_acc1=69.9632339477539
2025-05-30 13:40:15,595 - log - INFO - iter:5440/8041, Original Acc@1: 54.94, Acc@5: 85.74, TTA Acc@1: 69.96, Acc@5: 95.55
2025-05-30 13:41:02,740 - log - INFO - iter:5460/8041, clip_acc1=54.9450569152832, tta_acc1=69.96337127685547
2025-05-30 13:41:02,740 - log - INFO - iter:5460/8041, Original Acc@1: 54.95, Acc@5: 85.75, TTA Acc@1: 69.96, Acc@5: 95.57
2025-05-30 13:41:49,558 - log - INFO - iter:5480/8041, clip_acc1=54.927005767822266, tta_acc1=69.90876007080078
2025-05-30 13:41:49,558 - log - INFO - iter:5480/8041, Original Acc@1: 54.93, Acc@5: 85.75, TTA Acc@1: 69.91, Acc@5: 95.58
2025-05-30 13:42:36,331 - log - INFO - iter:5500/8041, clip_acc1=54.87272644042969, tta_acc1=69.87272644042969
2025-05-30 13:42:36,331 - log - INFO - iter:5500/8041, Original Acc@1: 54.87, Acc@5: 85.73, TTA Acc@1: 69.87, Acc@5: 95.56
2025-05-30 13:43:23,048 - log - INFO - iter:5520/8041, clip_acc1=54.89130783081055, tta_acc1=69.89130401611328
2025-05-30 13:43:23,048 - log - INFO - iter:5520/8041, Original Acc@1: 54.89, Acc@5: 85.74, TTA Acc@1: 69.89, Acc@5: 95.56
2025-05-30 13:44:10,545 - log - INFO - iter:5540/8041, clip_acc1=55.0, tta_acc1=69.94584655761719
2025-05-30 13:44:10,545 - log - INFO - iter:5540/8041, Original Acc@1: 55.00, Acc@5: 85.78, TTA Acc@1: 69.95, Acc@5: 95.58
2025-05-30 13:45:13,042 - log - INFO - iter:5560/8041, clip_acc1=54.964027404785156, tta_acc1=69.98201751708984
2025-05-30 13:45:13,042 - log - INFO - iter:5560/8041, Original Acc@1: 54.96, Acc@5: 85.81, TTA Acc@1: 69.98, Acc@5: 95.59
2025-05-30 13:46:00,240 - log - INFO - iter:5580/8041, clip_acc1=54.96415710449219, tta_acc1=69.96415710449219
2025-05-30 13:46:00,240 - log - INFO - iter:5580/8041, Original Acc@1: 54.96, Acc@5: 85.82, TTA Acc@1: 69.96, Acc@5: 95.59
2025-05-30 13:46:47,075 - log - INFO - iter:5600/8041, clip_acc1=54.98214340209961, tta_acc1=69.96428680419922
2025-05-30 13:46:47,075 - log - INFO - iter:5600/8041, Original Acc@1: 54.98, Acc@5: 85.79, TTA Acc@1: 69.96, Acc@5: 95.55
2025-05-30 13:47:34,152 - log - INFO - iter:5620/8041, clip_acc1=54.94662094116211, tta_acc1=69.92882537841797
2025-05-30 13:47:34,152 - log - INFO - iter:5620/8041, Original Acc@1: 54.95, Acc@5: 85.77, TTA Acc@1: 69.93, Acc@5: 95.55
2025-05-30 13:48:23,151 - log - INFO - iter:5640/8041, clip_acc1=54.982269287109375, tta_acc1=69.96453857421875
2025-05-30 13:48:23,152 - log - INFO - iter:5640/8041, Original Acc@1: 54.98, Acc@5: 85.73, TTA Acc@1: 69.96, Acc@5: 95.57
2025-05-30 13:49:11,492 - log - INFO - iter:5660/8041, clip_acc1=54.964664459228516, tta_acc1=69.94699096679688
2025-05-30 13:49:11,492 - log - INFO - iter:5660/8041, Original Acc@1: 54.96, Acc@5: 85.76, TTA Acc@1: 69.95, Acc@5: 95.57
2025-05-30 13:49:59,341 - log - INFO - iter:5680/8041, clip_acc1=54.964786529541016, tta_acc1=69.89436340332031
2025-05-30 13:49:59,342 - log - INFO - iter:5680/8041, Original Acc@1: 54.96, Acc@5: 85.76, TTA Acc@1: 69.89, Acc@5: 95.58
2025-05-30 13:50:47,078 - log - INFO - iter:5700/8041, clip_acc1=54.94736862182617, tta_acc1=69.91228485107422
2025-05-30 13:50:47,079 - log - INFO - iter:5700/8041, Original Acc@1: 54.95, Acc@5: 85.75, TTA Acc@1: 69.91, Acc@5: 95.60
2025-05-30 13:51:34,137 - log - INFO - iter:5720/8041, clip_acc1=54.96503829956055, tta_acc1=69.86014556884766
2025-05-30 13:51:34,137 - log - INFO - iter:5720/8041, Original Acc@1: 54.97, Acc@5: 85.73, TTA Acc@1: 69.86, Acc@5: 95.59
2025-05-30 13:52:22,011 - log - INFO - iter:5740/8041, clip_acc1=54.96515655517578, tta_acc1=69.8257827758789
2025-05-30 13:52:22,011 - log - INFO - iter:5740/8041, Original Acc@1: 54.97, Acc@5: 85.71, TTA Acc@1: 69.83, Acc@5: 95.59
2025-05-30 13:53:09,068 - log - INFO - iter:5760/8041, clip_acc1=54.93055725097656, tta_acc1=69.79167175292969
2025-05-30 13:53:09,069 - log - INFO - iter:5760/8041, Original Acc@1: 54.93, Acc@5: 85.69, TTA Acc@1: 69.79, Acc@5: 95.59
2025-05-30 13:53:55,713 - log - INFO - iter:5780/8041, clip_acc1=54.91349411010742, tta_acc1=69.8096923828125
2025-05-30 13:53:55,713 - log - INFO - iter:5780/8041, Original Acc@1: 54.91, Acc@5: 85.67, TTA Acc@1: 69.81, Acc@5: 95.59
2025-05-30 13:54:43,108 - log - INFO - iter:5800/8041, clip_acc1=54.94827651977539, tta_acc1=69.79310607910156
2025-05-30 13:54:43,108 - log - INFO - iter:5800/8041, Original Acc@1: 54.95, Acc@5: 85.71, TTA Acc@1: 69.79, Acc@5: 95.57
2025-05-30 13:55:31,240 - log - INFO - iter:5820/8041, clip_acc1=54.931270599365234, tta_acc1=69.81099700927734
2025-05-30 13:55:31,240 - log - INFO - iter:5820/8041, Original Acc@1: 54.93, Acc@5: 85.70, TTA Acc@1: 69.81, Acc@5: 95.58
2025-05-30 13:56:18,366 - log - INFO - iter:5840/8041, clip_acc1=54.982879638671875, tta_acc1=69.84589385986328
2025-05-30 13:56:18,366 - log - INFO - iter:5840/8041, Original Acc@1: 54.98, Acc@5: 85.74, TTA Acc@1: 69.85, Acc@5: 95.60
2025-05-30 13:57:07,085 - log - INFO - iter:5860/8041, clip_acc1=54.96586990356445, tta_acc1=69.77815246582031
2025-05-30 13:57:07,085 - log - INFO - iter:5860/8041, Original Acc@1: 54.97, Acc@5: 85.68, TTA Acc@1: 69.78, Acc@5: 95.60
2025-05-30 13:57:54,070 - log - INFO - iter:5880/8041, clip_acc1=54.8979606628418, tta_acc1=69.7448959350586
2025-05-30 13:57:54,070 - log - INFO - iter:5880/8041, Original Acc@1: 54.90, Acc@5: 85.63, TTA Acc@1: 69.74, Acc@5: 95.60
2025-05-30 13:58:41,479 - log - INFO - iter:5900/8041, clip_acc1=54.915252685546875, tta_acc1=69.71186828613281
2025-05-30 13:58:41,479 - log - INFO - iter:5900/8041, Original Acc@1: 54.92, Acc@5: 85.66, TTA Acc@1: 69.71, Acc@5: 95.59
2025-05-30 13:59:29,539 - log - INFO - iter:5920/8041, clip_acc1=54.91554260253906, tta_acc1=69.71283721923828
2025-05-30 13:59:29,540 - log - INFO - iter:5920/8041, Original Acc@1: 54.92, Acc@5: 85.68, TTA Acc@1: 69.71, Acc@5: 95.57
2025-05-30 14:00:16,951 - log - INFO - iter:5940/8041, clip_acc1=54.93265914916992, tta_acc1=69.71379852294922
2025-05-30 14:00:16,951 - log - INFO - iter:5940/8041, Original Acc@1: 54.93, Acc@5: 85.64, TTA Acc@1: 69.71, Acc@5: 95.56
2025-05-30 14:01:03,708 - log - INFO - iter:5960/8041, clip_acc1=54.94966506958008, tta_acc1=69.68121337890625
2025-05-30 14:01:03,708 - log - INFO - iter:5960/8041, Original Acc@1: 54.95, Acc@5: 85.62, TTA Acc@1: 69.68, Acc@5: 95.55
2025-05-30 14:01:50,539 - log - INFO - iter:5980/8041, clip_acc1=54.949832916259766, tta_acc1=69.6488265991211
2025-05-30 14:01:50,539 - log - INFO - iter:5980/8041, Original Acc@1: 54.95, Acc@5: 85.62, TTA Acc@1: 69.65, Acc@5: 95.55
2025-05-30 14:02:37,923 - log - INFO - iter:6000/8041, clip_acc1=54.883331298828125, tta_acc1=69.68333435058594
2025-05-30 14:02:37,923 - log - INFO - iter:6000/8041, Original Acc@1: 54.88, Acc@5: 85.63, TTA Acc@1: 69.68, Acc@5: 95.55
2025-05-30 14:03:24,844 - log - INFO - iter:6020/8041, clip_acc1=54.90032958984375, tta_acc1=69.70099639892578
2025-05-30 14:03:24,845 - log - INFO - iter:6020/8041, Original Acc@1: 54.90, Acc@5: 85.60, TTA Acc@1: 69.70, Acc@5: 95.55
2025-05-30 14:04:11,873 - log - INFO - iter:6040/8041, clip_acc1=54.90066146850586, tta_acc1=69.75165557861328
2025-05-30 14:04:11,874 - log - INFO - iter:6040/8041, Original Acc@1: 54.90, Acc@5: 85.58, TTA Acc@1: 69.75, Acc@5: 95.56
2025-05-30 14:04:58,899 - log - INFO - iter:6060/8041, clip_acc1=54.90099334716797, tta_acc1=69.71947479248047
2025-05-30 14:04:58,899 - log - INFO - iter:6060/8041, Original Acc@1: 54.90, Acc@5: 85.59, TTA Acc@1: 69.72, Acc@5: 95.56
2025-05-30 14:05:45,972 - log - INFO - iter:6080/8041, clip_acc1=54.88487243652344, tta_acc1=69.7532958984375
2025-05-30 14:05:45,973 - log - INFO - iter:6080/8041, Original Acc@1: 54.88, Acc@5: 85.53, TTA Acc@1: 69.75, Acc@5: 95.56
2025-05-30 14:06:32,466 - log - INFO - iter:6100/8041, clip_acc1=54.88524627685547, tta_acc1=69.77049255371094
2025-05-30 14:06:32,467 - log - INFO - iter:6100/8041, Original Acc@1: 54.89, Acc@5: 85.54, TTA Acc@1: 69.77, Acc@5: 95.57
2025-05-30 14:07:20,381 - log - INFO - iter:6120/8041, clip_acc1=54.83660125732422, tta_acc1=69.73856353759766
2025-05-30 14:07:20,381 - log - INFO - iter:6120/8041, Original Acc@1: 54.84, Acc@5: 85.54, TTA Acc@1: 69.74, Acc@5: 95.57
2025-05-30 14:08:07,586 - log - INFO - iter:6140/8041, clip_acc1=54.80455780029297, tta_acc1=69.72312927246094
2025-05-30 14:08:07,586 - log - INFO - iter:6140/8041, Original Acc@1: 54.80, Acc@5: 85.54, TTA Acc@1: 69.72, Acc@5: 95.55
2025-05-30 14:08:54,678 - log - INFO - iter:6160/8041, clip_acc1=54.78895950317383, tta_acc1=69.70779418945312
2025-05-30 14:08:54,678 - log - INFO - iter:6160/8041, Original Acc@1: 54.79, Acc@5: 85.52, TTA Acc@1: 69.71, Acc@5: 95.57
2025-05-30 14:09:41,702 - log - INFO - iter:6180/8041, clip_acc1=54.82200622558594, tta_acc1=69.64401245117188
2025-05-30 14:09:41,702 - log - INFO - iter:6180/8041, Original Acc@1: 54.82, Acc@5: 85.52, TTA Acc@1: 69.64, Acc@5: 95.57
2025-05-30 14:10:28,374 - log - INFO - iter:6200/8041, clip_acc1=54.8709716796875, tta_acc1=69.67742156982422
2025-05-30 14:10:28,374 - log - INFO - iter:6200/8041, Original Acc@1: 54.87, Acc@5: 85.55, TTA Acc@1: 69.68, Acc@5: 95.56
2025-05-30 14:11:15,544 - log - INFO - iter:6220/8041, clip_acc1=54.903533935546875, tta_acc1=69.69453430175781
2025-05-30 14:11:15,544 - log - INFO - iter:6220/8041, Original Acc@1: 54.90, Acc@5: 85.55, TTA Acc@1: 69.69, Acc@5: 95.56
2025-05-30 14:12:03,014 - log - INFO - iter:6240/8041, clip_acc1=54.91987228393555, tta_acc1=69.69551849365234
2025-05-30 14:12:03,014 - log - INFO - iter:6240/8041, Original Acc@1: 54.92, Acc@5: 85.54, TTA Acc@1: 69.70, Acc@5: 95.54
2025-05-30 14:12:50,979 - log - INFO - iter:6260/8041, clip_acc1=54.98402404785156, tta_acc1=69.71245574951172
2025-05-30 14:12:50,979 - log - INFO - iter:6260/8041, Original Acc@1: 54.98, Acc@5: 85.56, TTA Acc@1: 69.71, Acc@5: 95.54
2025-05-30 14:13:37,825 - log - INFO - iter:6280/8041, clip_acc1=55.0318489074707, tta_acc1=69.74522399902344
2025-05-30 14:13:37,825 - log - INFO - iter:6280/8041, Original Acc@1: 55.03, Acc@5: 85.59, TTA Acc@1: 69.75, Acc@5: 95.54
2025-05-30 14:14:24,606 - log - INFO - iter:6300/8041, clip_acc1=55.031742095947266, tta_acc1=69.76190185546875
2025-05-30 14:14:24,606 - log - INFO - iter:6300/8041, Original Acc@1: 55.03, Acc@5: 85.56, TTA Acc@1: 69.76, Acc@5: 95.54
2025-05-30 14:15:12,681 - log - INFO - iter:6320/8041, clip_acc1=55.01582336425781, tta_acc1=69.73101043701172
2025-05-30 14:15:12,681 - log - INFO - iter:6320/8041, Original Acc@1: 55.02, Acc@5: 85.57, TTA Acc@1: 69.73, Acc@5: 95.55
2025-05-30 14:15:59,596 - log - INFO - iter:6340/8041, clip_acc1=55.0, tta_acc1=69.68453979492188
2025-05-30 14:15:59,596 - log - INFO - iter:6340/8041, Original Acc@1: 55.00, Acc@5: 85.52, TTA Acc@1: 69.68, Acc@5: 95.54
2025-05-30 14:16:47,317 - log - INFO - iter:6360/8041, clip_acc1=55.06289291381836, tta_acc1=69.68553161621094
2025-05-30 14:16:47,317 - log - INFO - iter:6360/8041, Original Acc@1: 55.06, Acc@5: 85.55, TTA Acc@1: 69.69, Acc@5: 95.55
2025-05-30 14:17:34,903 - log - INFO - iter:6380/8041, clip_acc1=55.078369140625, tta_acc1=69.70219421386719
2025-05-30 14:17:34,903 - log - INFO - iter:6380/8041, Original Acc@1: 55.08, Acc@5: 85.53, TTA Acc@1: 69.70, Acc@5: 95.56
2025-05-30 14:18:21,940 - log - INFO - iter:6400/8041, clip_acc1=54.984375, tta_acc1=69.671875
2025-05-30 14:18:21,940 - log - INFO - iter:6400/8041, Original Acc@1: 54.98, Acc@5: 85.55, TTA Acc@1: 69.67, Acc@5: 95.56
2025-05-30 14:19:08,797 - log - INFO - iter:6420/8041, clip_acc1=55.0, tta_acc1=69.65731811523438
2025-05-30 14:19:08,797 - log - INFO - iter:6420/8041, Original Acc@1: 55.00, Acc@5: 85.56, TTA Acc@1: 69.66, Acc@5: 95.56
2025-05-30 14:19:56,549 - log - INFO - iter:6440/8041, clip_acc1=54.96894454956055, tta_acc1=69.61180114746094
2025-05-30 14:19:56,549 - log - INFO - iter:6440/8041, Original Acc@1: 54.97, Acc@5: 85.57, TTA Acc@1: 69.61, Acc@5: 95.56
2025-05-30 14:20:43,344 - log - INFO - iter:6460/8041, clip_acc1=54.938079833984375, tta_acc1=69.58204650878906
2025-05-30 14:20:43,344 - log - INFO - iter:6460/8041, Original Acc@1: 54.94, Acc@5: 85.56, TTA Acc@1: 69.58, Acc@5: 95.54
2025-05-30 14:21:31,995 - log - INFO - iter:6480/8041, clip_acc1=54.9228401184082, tta_acc1=69.5216064453125
2025-05-30 14:21:31,996 - log - INFO - iter:6480/8041, Original Acc@1: 54.92, Acc@5: 85.57, TTA Acc@1: 69.52, Acc@5: 95.51
2025-05-30 14:22:20,180 - log - INFO - iter:6500/8041, clip_acc1=54.907691955566406, tta_acc1=69.5076904296875
2025-05-30 14:22:20,180 - log - INFO - iter:6500/8041, Original Acc@1: 54.91, Acc@5: 85.54, TTA Acc@1: 69.51, Acc@5: 95.51
2025-05-30 14:23:07,122 - log - INFO - iter:6520/8041, clip_acc1=54.90797424316406, tta_acc1=69.5245361328125
2025-05-30 14:23:07,122 - log - INFO - iter:6520/8041, Original Acc@1: 54.91, Acc@5: 85.55, TTA Acc@1: 69.52, Acc@5: 95.51
2025-05-30 14:23:54,924 - log - INFO - iter:6540/8041, clip_acc1=54.93883514404297, tta_acc1=69.46482849121094
2025-05-30 14:23:54,925 - log - INFO - iter:6540/8041, Original Acc@1: 54.94, Acc@5: 85.58, TTA Acc@1: 69.46, Acc@5: 95.50
2025-05-30 14:24:42,107 - log - INFO - iter:6560/8041, clip_acc1=54.92378234863281, tta_acc1=69.46646118164062
2025-05-30 14:24:42,108 - log - INFO - iter:6560/8041, Original Acc@1: 54.92, Acc@5: 85.58, TTA Acc@1: 69.47, Acc@5: 95.52
2025-05-30 14:25:29,085 - log - INFO - iter:6580/8041, clip_acc1=54.939208984375, tta_acc1=69.4832763671875
2025-05-30 14:25:29,085 - log - INFO - iter:6580/8041, Original Acc@1: 54.94, Acc@5: 85.58, TTA Acc@1: 69.48, Acc@5: 95.50
2025-05-30 14:26:16,562 - log - INFO - iter:6600/8041, clip_acc1=54.969696044921875, tta_acc1=69.5
2025-05-30 14:26:16,562 - log - INFO - iter:6600/8041, Original Acc@1: 54.97, Acc@5: 85.59, TTA Acc@1: 69.50, Acc@5: 95.47
2025-05-30 14:27:04,283 - log - INFO - iter:6620/8041, clip_acc1=55.000003814697266, tta_acc1=69.54682922363281
2025-05-30 14:27:04,283 - log - INFO - iter:6620/8041, Original Acc@1: 55.00, Acc@5: 85.60, TTA Acc@1: 69.55, Acc@5: 95.48
2025-05-30 14:27:51,408 - log - INFO - iter:6640/8041, clip_acc1=55.01506042480469, tta_acc1=69.5481948852539
2025-05-30 14:27:51,408 - log - INFO - iter:6640/8041, Original Acc@1: 55.02, Acc@5: 85.59, TTA Acc@1: 69.55, Acc@5: 95.45
2025-05-30 14:28:38,211 - log - INFO - iter:6660/8041, clip_acc1=55.0150146484375, tta_acc1=69.56456756591797
2025-05-30 14:28:38,211 - log - INFO - iter:6660/8041, Original Acc@1: 55.02, Acc@5: 85.56, TTA Acc@1: 69.56, Acc@5: 95.44
2025-05-30 14:29:25,701 - log - INFO - iter:6680/8041, clip_acc1=55.01497268676758, tta_acc1=69.56587219238281
2025-05-30 14:29:25,701 - log - INFO - iter:6680/8041, Original Acc@1: 55.01, Acc@5: 85.57, TTA Acc@1: 69.57, Acc@5: 95.43
2025-05-30 14:30:12,778 - log - INFO - iter:6700/8041, clip_acc1=55.014923095703125, tta_acc1=69.58208465576172
2025-05-30 14:30:12,778 - log - INFO - iter:6700/8041, Original Acc@1: 55.01, Acc@5: 85.54, TTA Acc@1: 69.58, Acc@5: 95.43
2025-05-30 14:31:00,420 - log - INFO - iter:6720/8041, clip_acc1=54.94047927856445, tta_acc1=69.5386962890625
2025-05-30 14:31:00,420 - log - INFO - iter:6720/8041, Original Acc@1: 54.94, Acc@5: 85.49, TTA Acc@1: 69.54, Acc@5: 95.42
2025-05-30 14:31:47,286 - log - INFO - iter:6740/8041, clip_acc1=54.896141052246094, tta_acc1=69.52522277832031
2025-05-30 14:31:47,286 - log - INFO - iter:6740/8041, Original Acc@1: 54.90, Acc@5: 85.50, TTA Acc@1: 69.53, Acc@5: 95.42
2025-05-30 14:32:34,786 - log - INFO - iter:6760/8041, clip_acc1=54.9260368347168, tta_acc1=69.52662658691406
2025-05-30 14:32:34,786 - log - INFO - iter:6760/8041, Original Acc@1: 54.93, Acc@5: 85.52, TTA Acc@1: 69.53, Acc@5: 95.41
2025-05-30 14:33:22,300 - log - INFO - iter:6780/8041, clip_acc1=54.89675521850586, tta_acc1=69.48377227783203
2025-05-30 14:33:22,301 - log - INFO - iter:6780/8041, Original Acc@1: 54.90, Acc@5: 85.53, TTA Acc@1: 69.48, Acc@5: 95.43
2025-05-30 14:34:09,368 - log - INFO - iter:6800/8041, clip_acc1=54.897056579589844, tta_acc1=69.51470184326172
2025-05-30 14:34:09,368 - log - INFO - iter:6800/8041, Original Acc@1: 54.90, Acc@5: 85.54, TTA Acc@1: 69.51, Acc@5: 95.44
2025-05-30 14:34:57,011 - log - INFO - iter:6820/8041, clip_acc1=54.912025451660156, tta_acc1=69.51612854003906
2025-05-30 14:34:57,012 - log - INFO - iter:6820/8041, Original Acc@1: 54.91, Acc@5: 85.54, TTA Acc@1: 69.52, Acc@5: 95.43
2025-05-30 14:35:45,060 - log - INFO - iter:6840/8041, clip_acc1=54.89765930175781, tta_acc1=69.51753997802734
2025-05-30 14:35:45,060 - log - INFO - iter:6840/8041, Original Acc@1: 54.90, Acc@5: 85.53, TTA Acc@1: 69.52, Acc@5: 95.42
2025-05-30 14:36:32,094 - log - INFO - iter:6860/8041, clip_acc1=54.88338088989258, tta_acc1=69.5189437866211
2025-05-30 14:36:32,094 - log - INFO - iter:6860/8041, Original Acc@1: 54.88, Acc@5: 85.55, TTA Acc@1: 69.52, Acc@5: 95.41
2025-05-30 14:37:19,055 - log - INFO - iter:6880/8041, clip_acc1=54.82558059692383, tta_acc1=69.49127960205078
2025-05-30 14:37:19,055 - log - INFO - iter:6880/8041, Original Acc@1: 54.83, Acc@5: 85.48, TTA Acc@1: 69.49, Acc@5: 95.41
2025-05-30 14:38:07,629 - log - INFO - iter:6900/8041, clip_acc1=54.869564056396484, tta_acc1=69.49275207519531
2025-05-30 14:38:07,629 - log - INFO - iter:6900/8041, Original Acc@1: 54.87, Acc@5: 85.49, TTA Acc@1: 69.49, Acc@5: 95.41
2025-05-30 14:38:54,320 - log - INFO - iter:6920/8041, clip_acc1=54.82658767700195, tta_acc1=69.49421691894531
2025-05-30 14:38:54,320 - log - INFO - iter:6920/8041, Original Acc@1: 54.83, Acc@5: 85.48, TTA Acc@1: 69.49, Acc@5: 95.39
2025-05-30 14:39:41,046 - log - INFO - iter:6940/8041, clip_acc1=54.87031936645508, tta_acc1=69.52449798583984
2025-05-30 14:39:41,046 - log - INFO - iter:6940/8041, Original Acc@1: 54.87, Acc@5: 85.48, TTA Acc@1: 69.52, Acc@5: 95.39
2025-05-30 14:40:27,954 - log - INFO - iter:6960/8041, clip_acc1=54.8994255065918, tta_acc1=69.56896209716797
2025-05-30 14:40:27,955 - log - INFO - iter:6960/8041, Original Acc@1: 54.90, Acc@5: 85.49, TTA Acc@1: 69.57, Acc@5: 95.40
2025-05-30 14:41:15,859 - log - INFO - iter:6980/8041, clip_acc1=54.914039611816406, tta_acc1=69.58452606201172
2025-05-30 14:41:15,860 - log - INFO - iter:6980/8041, Original Acc@1: 54.91, Acc@5: 85.50, TTA Acc@1: 69.58, Acc@5: 95.42
2025-05-30 14:42:02,978 - log - INFO - iter:7000/8041, clip_acc1=54.94285583496094, tta_acc1=69.61428833007812
2025-05-30 14:42:02,978 - log - INFO - iter:7000/8041, Original Acc@1: 54.94, Acc@5: 85.50, TTA Acc@1: 69.61, Acc@5: 95.43
2025-05-30 14:42:50,606 - log - INFO - iter:7020/8041, clip_acc1=54.94301986694336, tta_acc1=69.65811920166016
2025-05-30 14:42:50,606 - log - INFO - iter:7020/8041, Original Acc@1: 54.94, Acc@5: 85.48, TTA Acc@1: 69.66, Acc@5: 95.44
2025-05-30 14:43:37,712 - log - INFO - iter:7040/8041, clip_acc1=54.971588134765625, tta_acc1=69.65908813476562
2025-05-30 14:43:37,713 - log - INFO - iter:7040/8041, Original Acc@1: 54.97, Acc@5: 85.51, TTA Acc@1: 69.66, Acc@5: 95.45
2025-05-30 14:44:24,508 - log - INFO - iter:7060/8041, clip_acc1=54.915016174316406, tta_acc1=69.6600570678711
2025-05-30 14:44:24,509 - log - INFO - iter:7060/8041, Original Acc@1: 54.92, Acc@5: 85.51, TTA Acc@1: 69.66, Acc@5: 95.45
2025-05-30 14:45:11,705 - log - INFO - iter:7080/8041, clip_acc1=54.88700866699219, tta_acc1=69.67514038085938
2025-05-30 14:45:11,705 - log - INFO - iter:7080/8041, Original Acc@1: 54.89, Acc@5: 85.55, TTA Acc@1: 69.68, Acc@5: 95.47
2025-05-30 14:45:59,275 - log - INFO - iter:7100/8041, clip_acc1=54.90141296386719, tta_acc1=69.66197204589844
2025-05-30 14:45:59,276 - log - INFO - iter:7100/8041, Original Acc@1: 54.90, Acc@5: 85.56, TTA Acc@1: 69.66, Acc@5: 95.46
2025-05-30 14:46:47,691 - log - INFO - iter:7120/8041, clip_acc1=54.92977523803711, tta_acc1=69.69100952148438
2025-05-30 14:46:47,691 - log - INFO - iter:7120/8041, Original Acc@1: 54.93, Acc@5: 85.56, TTA Acc@1: 69.69, Acc@5: 95.46
2025-05-30 14:47:34,630 - log - INFO - iter:7140/8041, clip_acc1=54.98599624633789, tta_acc1=69.73389434814453
2025-05-30 14:47:34,630 - log - INFO - iter:7140/8041, Original Acc@1: 54.99, Acc@5: 85.59, TTA Acc@1: 69.73, Acc@5: 95.48
2025-05-30 14:48:22,173 - log - INFO - iter:7160/8041, clip_acc1=55.0, tta_acc1=69.72066497802734
2025-05-30 14:48:22,173 - log - INFO - iter:7160/8041, Original Acc@1: 55.00, Acc@5: 85.60, TTA Acc@1: 69.72, Acc@5: 95.49
2025-05-30 14:49:09,186 - log - INFO - iter:7180/8041, clip_acc1=55.04178237915039, tta_acc1=69.6796646118164
2025-05-30 14:49:09,186 - log - INFO - iter:7180/8041, Original Acc@1: 55.04, Acc@5: 85.57, TTA Acc@1: 69.68, Acc@5: 95.45
2025-05-30 14:49:56,173 - log - INFO - iter:7200/8041, clip_acc1=55.05555725097656, tta_acc1=69.69444274902344
2025-05-30 14:49:56,174 - log - INFO - iter:7200/8041, Original Acc@1: 55.06, Acc@5: 85.56, TTA Acc@1: 69.69, Acc@5: 95.46
2025-05-30 14:50:43,195 - log - INFO - iter:7220/8041, clip_acc1=55.013851165771484, tta_acc1=69.70914459228516
2025-05-30 14:50:43,195 - log - INFO - iter:7220/8041, Original Acc@1: 55.01, Acc@5: 85.54, TTA Acc@1: 69.71, Acc@5: 95.46
2025-05-30 14:51:30,651 - log - INFO - iter:7240/8041, clip_acc1=55.04143524169922, tta_acc1=69.7099380493164
2025-05-30 14:51:30,652 - log - INFO - iter:7240/8041, Original Acc@1: 55.04, Acc@5: 85.52, TTA Acc@1: 69.71, Acc@5: 95.43
2025-05-30 14:52:17,901 - log - INFO - iter:7260/8041, clip_acc1=55.01377487182617, tta_acc1=69.71074676513672
2025-05-30 14:52:17,901 - log - INFO - iter:7260/8041, Original Acc@1: 55.01, Acc@5: 85.54, TTA Acc@1: 69.71, Acc@5: 95.43
2025-05-30 14:53:04,853 - log - INFO - iter:7280/8041, clip_acc1=55.01374053955078, tta_acc1=69.71154022216797
2025-05-30 14:53:04,853 - log - INFO - iter:7280/8041, Original Acc@1: 55.01, Acc@5: 85.54, TTA Acc@1: 69.71, Acc@5: 95.43
2025-05-30 14:53:52,510 - log - INFO - iter:7300/8041, clip_acc1=55.01369857788086, tta_acc1=69.71232604980469
2025-05-30 14:53:52,511 - log - INFO - iter:7300/8041, Original Acc@1: 55.01, Acc@5: 85.51, TTA Acc@1: 69.71, Acc@5: 95.41
2025-05-30 14:54:40,845 - log - INFO - iter:7320/8041, clip_acc1=55.05464553833008, tta_acc1=69.69945526123047
2025-05-30 14:54:40,845 - log - INFO - iter:7320/8041, Original Acc@1: 55.05, Acc@5: 85.51, TTA Acc@1: 69.70, Acc@5: 95.41
2025-05-30 14:55:28,522 - log - INFO - iter:7340/8041, clip_acc1=55.000003814697266, tta_acc1=69.6594009399414
2025-05-30 14:55:28,522 - log - INFO - iter:7340/8041, Original Acc@1: 55.00, Acc@5: 85.53, TTA Acc@1: 69.66, Acc@5: 95.42
2025-05-30 14:56:16,739 - log - INFO - iter:7360/8041, clip_acc1=54.945648193359375, tta_acc1=69.63314819335938
2025-05-30 14:56:16,739 - log - INFO - iter:7360/8041, Original Acc@1: 54.95, Acc@5: 85.52, TTA Acc@1: 69.63, Acc@5: 95.42
2025-05-30 14:57:04,382 - log - INFO - iter:7380/8041, clip_acc1=54.959346771240234, tta_acc1=69.62059783935547
2025-05-30 14:57:04,382 - log - INFO - iter:7380/8041, Original Acc@1: 54.96, Acc@5: 85.56, TTA Acc@1: 69.62, Acc@5: 95.43
2025-05-30 14:57:51,664 - log - INFO - iter:7400/8041, clip_acc1=54.9594612121582, tta_acc1=69.59459686279297
2025-05-30 14:57:51,664 - log - INFO - iter:7400/8041, Original Acc@1: 54.96, Acc@5: 85.53, TTA Acc@1: 69.59, Acc@5: 95.42
2025-05-30 14:58:38,753 - log - INFO - iter:7420/8041, clip_acc1=55.0, tta_acc1=69.62264251708984
2025-05-30 14:58:38,753 - log - INFO - iter:7420/8041, Original Acc@1: 55.00, Acc@5: 85.55, TTA Acc@1: 69.62, Acc@5: 95.43
2025-05-30 14:59:25,593 - log - INFO - iter:7440/8041, clip_acc1=55.02688217163086, tta_acc1=69.6505355834961
2025-05-30 14:59:25,593 - log - INFO - iter:7440/8041, Original Acc@1: 55.03, Acc@5: 85.58, TTA Acc@1: 69.65, Acc@5: 95.44
2025-05-30 15:00:12,689 - log - INFO - iter:7460/8041, clip_acc1=55.013404846191406, tta_acc1=69.67828369140625
2025-05-30 15:00:12,689 - log - INFO - iter:7460/8041, Original Acc@1: 55.01, Acc@5: 85.60, TTA Acc@1: 69.68, Acc@5: 95.46
2025-05-30 15:01:00,755 - log - INFO - iter:7480/8041, clip_acc1=55.026737213134766, tta_acc1=69.67914581298828
2025-05-30 15:01:00,755 - log - INFO - iter:7480/8041, Original Acc@1: 55.03, Acc@5: 85.60, TTA Acc@1: 69.68, Acc@5: 95.45
2025-05-30 15:01:47,954 - log - INFO - iter:7500/8041, clip_acc1=55.026668548583984, tta_acc1=69.68000030517578
2025-05-30 15:01:47,954 - log - INFO - iter:7500/8041, Original Acc@1: 55.03, Acc@5: 85.59, TTA Acc@1: 69.68, Acc@5: 95.44
2025-05-30 15:02:35,090 - log - INFO - iter:7520/8041, clip_acc1=55.02659225463867, tta_acc1=69.69414520263672
2025-05-30 15:02:35,090 - log - INFO - iter:7520/8041, Original Acc@1: 55.03, Acc@5: 85.60, TTA Acc@1: 69.69, Acc@5: 95.45
2025-05-30 15:03:22,110 - log - INFO - iter:7540/8041, clip_acc1=55.03978729248047, tta_acc1=69.70822143554688
2025-05-30 15:03:22,111 - log - INFO - iter:7540/8041, Original Acc@1: 55.04, Acc@5: 85.58, TTA Acc@1: 69.71, Acc@5: 95.44
2025-05-30 15:04:09,760 - log - INFO - iter:7560/8041, clip_acc1=55.0396842956543, tta_acc1=69.70899200439453
2025-05-30 15:04:09,761 - log - INFO - iter:7560/8041, Original Acc@1: 55.04, Acc@5: 85.57, TTA Acc@1: 69.71, Acc@5: 95.42
2025-05-30 15:04:56,849 - log - INFO - iter:7580/8041, clip_acc1=55.05276870727539, tta_acc1=69.73614501953125
2025-05-30 15:04:56,850 - log - INFO - iter:7580/8041, Original Acc@1: 55.05, Acc@5: 85.58, TTA Acc@1: 69.74, Acc@5: 95.44
2025-05-30 15:05:43,645 - log - INFO - iter:7600/8041, clip_acc1=55.07894515991211, tta_acc1=69.75
2025-05-30 15:05:43,646 - log - INFO - iter:7600/8041, Original Acc@1: 55.08, Acc@5: 85.59, TTA Acc@1: 69.75, Acc@5: 95.45
2025-05-30 15:06:30,492 - log - INFO - iter:7620/8041, clip_acc1=55.091861724853516, tta_acc1=69.71128845214844
2025-05-30 15:06:30,492 - log - INFO - iter:7620/8041, Original Acc@1: 55.09, Acc@5: 85.60, TTA Acc@1: 69.71, Acc@5: 95.45
2025-05-30 15:07:17,322 - log - INFO - iter:7640/8041, clip_acc1=55.06544494628906, tta_acc1=69.67277526855469
2025-05-30 15:07:17,322 - log - INFO - iter:7640/8041, Original Acc@1: 55.07, Acc@5: 85.59, TTA Acc@1: 69.67, Acc@5: 95.46
2025-05-30 15:08:04,209 - log - INFO - iter:7660/8041, clip_acc1=55.06527328491211, tta_acc1=69.72584533691406
2025-05-30 15:08:04,209 - log - INFO - iter:7660/8041, Original Acc@1: 55.07, Acc@5: 85.59, TTA Acc@1: 69.73, Acc@5: 95.46
2025-05-30 15:08:51,003 - log - INFO - iter:7680/8041, clip_acc1=55.052085876464844, tta_acc1=69.70052337646484
2025-05-30 15:08:51,003 - log - INFO - iter:7680/8041, Original Acc@1: 55.05, Acc@5: 85.56, TTA Acc@1: 69.70, Acc@5: 95.46
2025-05-30 15:09:37,715 - log - INFO - iter:7700/8041, clip_acc1=55.03895950317383, tta_acc1=69.67532348632812
2025-05-30 15:09:37,715 - log - INFO - iter:7700/8041, Original Acc@1: 55.04, Acc@5: 85.55, TTA Acc@1: 69.68, Acc@5: 95.47
2025-05-30 15:10:24,497 - log - INFO - iter:7720/8041, clip_acc1=55.03886413574219, tta_acc1=69.65026092529297
2025-05-30 15:10:24,498 - log - INFO - iter:7720/8041, Original Acc@1: 55.04, Acc@5: 85.57, TTA Acc@1: 69.65, Acc@5: 95.48
2025-05-30 15:11:11,412 - log - INFO - iter:7740/8041, clip_acc1=55.02583694458008, tta_acc1=69.62532043457031
2025-05-30 15:11:11,412 - log - INFO - iter:7740/8041, Original Acc@1: 55.03, Acc@5: 85.57, TTA Acc@1: 69.63, Acc@5: 95.48
2025-05-30 15:11:58,389 - log - INFO - iter:7760/8041, clip_acc1=55.0902099609375, tta_acc1=69.63917541503906
2025-05-30 15:11:58,389 - log - INFO - iter:7760/8041, Original Acc@1: 55.09, Acc@5: 85.57, TTA Acc@1: 69.64, Acc@5: 95.49
2025-05-30 15:12:45,545 - log - INFO - iter:7780/8041, clip_acc1=55.06427001953125, tta_acc1=69.64010620117188
2025-05-30 15:12:45,546 - log - INFO - iter:7780/8041, Original Acc@1: 55.06, Acc@5: 85.54, TTA Acc@1: 69.64, Acc@5: 95.48
2025-05-30 15:13:32,491 - log - INFO - iter:7800/8041, clip_acc1=55.08974075317383, tta_acc1=69.6153793334961
2025-05-30 15:13:32,492 - log - INFO - iter:7800/8041, Original Acc@1: 55.09, Acc@5: 85.55, TTA Acc@1: 69.62, Acc@5: 95.49
2025-05-30 15:14:19,704 - log - INFO - iter:7820/8041, clip_acc1=55.06393814086914, tta_acc1=69.60358428955078
2025-05-30 15:14:19,705 - log - INFO - iter:7820/8041, Original Acc@1: 55.06, Acc@5: 85.56, TTA Acc@1: 69.60, Acc@5: 95.50
2025-05-30 15:15:07,036 - log - INFO - iter:7840/8041, clip_acc1=55.1020393371582, tta_acc1=69.63009643554688
2025-05-30 15:15:07,036 - log - INFO - iter:7840/8041, Original Acc@1: 55.10, Acc@5: 85.57, TTA Acc@1: 69.63, Acc@5: 95.50
2025-05-30 15:15:54,746 - log - INFO - iter:7860/8041, clip_acc1=55.127227783203125, tta_acc1=69.65648651123047
2025-05-30 15:15:54,747 - log - INFO - iter:7860/8041, Original Acc@1: 55.13, Acc@5: 85.57, TTA Acc@1: 69.66, Acc@5: 95.51
2025-05-30 15:16:41,595 - log - INFO - iter:7880/8041, clip_acc1=55.11421585083008, tta_acc1=69.64466857910156
2025-05-30 15:16:41,596 - log - INFO - iter:7880/8041, Original Acc@1: 55.11, Acc@5: 85.61, TTA Acc@1: 69.64, Acc@5: 95.52
2025-05-30 15:17:28,643 - log - INFO - iter:7900/8041, clip_acc1=55.11392593383789, tta_acc1=69.64556884765625
2025-05-30 15:17:28,643 - log - INFO - iter:7900/8041, Original Acc@1: 55.11, Acc@5: 85.59, TTA Acc@1: 69.65, Acc@5: 95.52
2025-05-30 15:18:15,598 - log - INFO - iter:7920/8041, clip_acc1=55.12626647949219, tta_acc1=69.63384246826172
2025-05-30 15:18:15,598 - log - INFO - iter:7920/8041, Original Acc@1: 55.13, Acc@5: 85.59, TTA Acc@1: 69.63, Acc@5: 95.52
2025-05-30 15:19:02,713 - log - INFO - iter:7940/8041, clip_acc1=55.10075759887695, tta_acc1=69.63475799560547
2025-05-30 15:19:02,713 - log - INFO - iter:7940/8041, Original Acc@1: 55.10, Acc@5: 85.59, TTA Acc@1: 69.63, Acc@5: 95.53
2025-05-30 15:19:50,349 - log - INFO - iter:7960/8041, clip_acc1=55.11306381225586, tta_acc1=69.63568115234375
2025-05-30 15:19:50,349 - log - INFO - iter:7960/8041, Original Acc@1: 55.11, Acc@5: 85.59, TTA Acc@1: 69.64, Acc@5: 95.53
2025-05-30 15:20:37,903 - log - INFO - iter:7980/8041, clip_acc1=55.12531280517578, tta_acc1=69.63658905029297
2025-05-30 15:20:37,903 - log - INFO - iter:7980/8041, Original Acc@1: 55.13, Acc@5: 85.58, TTA Acc@1: 69.64, Acc@5: 95.51
2025-05-30 15:21:25,343 - log - INFO - iter:8000/8041, clip_acc1=55.13750076293945, tta_acc1=69.625
2025-05-30 15:21:25,344 - log - INFO - iter:8000/8041, Original Acc@1: 55.14, Acc@5: 85.58, TTA Acc@1: 69.62, Acc@5: 95.49
2025-05-30 15:22:12,276 - log - INFO - iter:8020/8041, clip_acc1=55.12468719482422, tta_acc1=69.5885238647461
2025-05-30 15:22:12,277 - log - INFO - iter:8020/8041, Original Acc@1: 55.12, Acc@5: 85.55, TTA Acc@1: 69.59, Acc@5: 95.47
2025-05-30 15:22:57,681 - log - INFO - iter:8040/8041, clip_acc1=55.12438201904297, tta_acc1=69.57711791992188
2025-05-30 15:22:57,682 - log - INFO - iter:8040/8041, Original Acc@1: 55.12, Acc@5: 85.56, TTA Acc@1: 69.58, Acc@5: 95.49
2025-05-30 15:22:59,742 - log - INFO - iter:8041/8041, clip_acc1=55.12996292114258, tta_acc1=69.58090209960938
2025-05-30 15:22:59,742 - log - INFO - iter:8041/8041, Original Acc@1: 55.13, Acc@5: 85.56, TTA Acc@1: 69.58, Acc@5: 95.49
2025-05-30 15:22:59,831 - log - INFO - Final results - Original Acc@1: 55.13, Acc@5: 85.56, TTA Acc@1: 69.58, Acc@5: 95.49
2025-05-30 15:22:59,831 - log - INFO - Improvement from TTA in Acc@1 14.45, and Acc@5 9.92
2025-05-30 15:22:59,831 - log - INFO - => Acc. on testset [Cars]: Clean Acc @1 55.12996292114258/ TTA Clean Acc @1 69.58090209960938, Clean Acc @5 85.5615005493164/ TTA Clean Acc @5 95.48564147949219
2025-05-30 15:22:59,831 - log - INFO - Total script execution time: 19112.15 seconds (318.54 minutes)
