2025-06-11 11:34:27,601 - log - INFO - ==========================================
data:/leonardo_work/EUHPC_R04_192/fmohamma/Adversarial_Robust_Clip/atpt_data/downstream_datasets
test_sets:eurosat
dataset_mode:test
arch:delta_clip_l14_224
resolution:224
workers:4
no_pin_memory:False
batch_size:64
print_freq:20
gpu:0
no_cudnn_benchmark:False
n_ctx:4
ctx_init:a_photo_of_a
tpt_loss:rtpt
seed:0
output_dir:/leonardo_work/EUHPC_R04_192/fmohamma/Adversarial_Robust_Clip/atpt_data/delta_clip_l14_224/eurosat
log_output_dir:/leonardo_work/EUHPC_R04_192/fmohamma/Adversarial_Robust_Clip/ATPT/Final_Results/delta_clip_l14_224/eurosat
eps:0.0
alpha:0.0
alpha_eps_ratio:4.0
steps:0
lr:0.005
selection_p:0.1
tta_steps:1
ensemble_type:weighted_rtpt
top_k:20
softmax_temp:0.01
counter_attack:True
counter_attack_type:pgd
counter_attack_steps:2
counter_attack_eps:2.0
counter_attack_alpha:1.0
counter_attack_tau_thres:0.2
counter_attack_beta:2.0
counter_attack_weighted_perturbations:True
pgd_clip_pure_i_text_embeddings:null
pgd_counter_and_clipure_i_lamda:1.0
selected_id_name:selected_topk.json
weighted_score_name:weighted_scores.json
batch_entropy_name:entropies.json
log_dir:/leonardo_work/EUHPC_R04_192/fmohamma/Adversarial_Robust_Clip/ATPT/Final_Results/delta_clip_l14_224/eurosat/Clean/Counter_Attack/Eps_2_0_Steps_2_Alpha_1_0/tau_0_2_beta_2_0_weighted_pertrubation_True/TPT/Optimization_Loss_rtpt_LR_0_005_Optimization_Steps_1_View_Selection_Fraction_0_1/Inference_Ensemble_weighted_rtpt_topk_20_softmaxtemp_0_01

2025-06-11 11:34:27,602 - log - INFO - Use GPU: 0 for training
2025-06-11 11:36:38,149 - log - INFO - Freezing all parameters except prompt learner
2025-06-11 11:36:38,150 - log - INFO - => Model created: visual backbone delta_clip_l14_224
2025-06-11 11:36:38,192 - log - INFO - Number of test samples: 8100
2025-06-11 11:36:38,193 - log - INFO - Evaluating dataset: eurosat
2025-06-11 11:36:38,194 - log - INFO - Starting evaluation with batch size: 64, selection percentage: 0.1
2025-06-11 11:36:38,194 - log - INFO - Test-time adaptation steps: 1, learning rate: 0.005
2025-06-11 11:36:38,194 - log - INFO - Using counter-attack with epsilon: 2.000000, alpha: 0.000000, steps: 2, tau_thres: 0.2, beta: 2.0, weighted perturbation: True
2025-06-11 11:38:05,705 - log - INFO - iter:20/8100, clip_acc1=0.0, tta_acc1=0.0
2025-06-11 11:38:05,706 - log - INFO - iter:20/8100, Original Acc@1: 0.00, Acc@5: 65.00, TTA Acc@1: 0.00, Acc@5: 45.00
2025-06-11 11:38:56,693 - log - INFO - iter:40/8100, clip_acc1=0.0, tta_acc1=0.0
2025-06-11 11:38:56,693 - log - INFO - iter:40/8100, Original Acc@1: 0.00, Acc@5: 72.50, TTA Acc@1: 0.00, Acc@5: 50.00
2025-06-11 11:39:47,969 - log - INFO - iter:60/8100, clip_acc1=0.0, tta_acc1=0.0
2025-06-11 11:39:47,969 - log - INFO - iter:60/8100, Original Acc@1: 0.00, Acc@5: 73.33, TTA Acc@1: 0.00, Acc@5: 50.00
2025-06-11 11:40:39,181 - log - INFO - iter:80/8100, clip_acc1=0.0, tta_acc1=0.0
2025-06-11 11:40:39,181 - log - INFO - iter:80/8100, Original Acc@1: 0.00, Acc@5: 76.25, TTA Acc@1: 0.00, Acc@5: 57.50
2025-06-11 11:41:30,236 - log - INFO - iter:100/8100, clip_acc1=0.0, tta_acc1=0.0
2025-06-11 11:41:30,236 - log - INFO - iter:100/8100, Original Acc@1: 0.00, Acc@5: 77.00, TTA Acc@1: 0.00, Acc@5: 59.00
2025-06-11 11:42:21,561 - log - INFO - iter:120/8100, clip_acc1=0.0, tta_acc1=0.0
2025-06-11 11:42:21,561 - log - INFO - iter:120/8100, Original Acc@1: 0.00, Acc@5: 77.50, TTA Acc@1: 0.00, Acc@5: 56.67
2025-06-11 11:43:12,931 - log - INFO - iter:140/8100, clip_acc1=0.0, tta_acc1=0.0
2025-06-11 11:43:12,932 - log - INFO - iter:140/8100, Original Acc@1: 0.00, Acc@5: 76.43, TTA Acc@1: 0.00, Acc@5: 57.14
2025-06-11 11:44:04,264 - log - INFO - iter:160/8100, clip_acc1=0.0, tta_acc1=0.0
2025-06-11 11:44:04,264 - log - INFO - iter:160/8100, Original Acc@1: 0.00, Acc@5: 76.88, TTA Acc@1: 0.00, Acc@5: 58.12
2025-06-11 11:44:55,568 - log - INFO - iter:180/8100, clip_acc1=0.0, tta_acc1=0.0
2025-06-11 11:44:55,568 - log - INFO - iter:180/8100, Original Acc@1: 0.00, Acc@5: 76.11, TTA Acc@1: 0.00, Acc@5: 56.67
2025-06-11 11:45:46,549 - log - INFO - iter:200/8100, clip_acc1=0.0, tta_acc1=0.0
2025-06-11 11:45:46,549 - log - INFO - iter:200/8100, Original Acc@1: 0.00, Acc@5: 75.50, TTA Acc@1: 0.00, Acc@5: 56.50
2025-06-11 11:46:37,645 - log - INFO - iter:220/8100, clip_acc1=0.0, tta_acc1=0.0
2025-06-11 11:46:37,645 - log - INFO - iter:220/8100, Original Acc@1: 0.00, Acc@5: 75.45, TTA Acc@1: 0.00, Acc@5: 56.36
2025-06-11 11:47:28,857 - log - INFO - iter:240/8100, clip_acc1=0.0, tta_acc1=0.0
2025-06-11 11:47:28,857 - log - INFO - iter:240/8100, Original Acc@1: 0.00, Acc@5: 74.17, TTA Acc@1: 0.00, Acc@5: 56.25
2025-06-11 11:48:20,120 - log - INFO - iter:260/8100, clip_acc1=0.0, tta_acc1=0.0
2025-06-11 11:48:20,121 - log - INFO - iter:260/8100, Original Acc@1: 0.00, Acc@5: 74.62, TTA Acc@1: 0.00, Acc@5: 56.54
2025-06-11 11:49:11,004 - log - INFO - iter:280/8100, clip_acc1=0.0, tta_acc1=0.0
2025-06-11 11:49:11,004 - log - INFO - iter:280/8100, Original Acc@1: 0.00, Acc@5: 76.07, TTA Acc@1: 0.00, Acc@5: 57.50
2025-06-11 11:50:02,212 - log - INFO - iter:300/8100, clip_acc1=0.0, tta_acc1=0.0
2025-06-11 11:50:02,213 - log - INFO - iter:300/8100, Original Acc@1: 0.00, Acc@5: 76.67, TTA Acc@1: 0.00, Acc@5: 57.67
2025-06-11 11:50:53,561 - log - INFO - iter:320/8100, clip_acc1=0.0, tta_acc1=0.0
2025-06-11 11:50:53,561 - log - INFO - iter:320/8100, Original Acc@1: 0.00, Acc@5: 76.56, TTA Acc@1: 0.00, Acc@5: 57.50
2025-06-11 11:51:44,906 - log - INFO - iter:340/8100, clip_acc1=0.0, tta_acc1=0.0
2025-06-11 11:51:44,906 - log - INFO - iter:340/8100, Original Acc@1: 0.00, Acc@5: 76.47, TTA Acc@1: 0.00, Acc@5: 58.53
2025-06-11 11:52:36,022 - log - INFO - iter:360/8100, clip_acc1=0.0, tta_acc1=0.0
2025-06-11 11:52:36,023 - log - INFO - iter:360/8100, Original Acc@1: 0.00, Acc@5: 75.28, TTA Acc@1: 0.00, Acc@5: 57.78
2025-06-11 11:53:26,989 - log - INFO - iter:380/8100, clip_acc1=0.0, tta_acc1=0.0
2025-06-11 11:53:26,989 - log - INFO - iter:380/8100, Original Acc@1: 0.00, Acc@5: 75.53, TTA Acc@1: 0.00, Acc@5: 58.68
2025-06-11 11:54:18,283 - log - INFO - iter:400/8100, clip_acc1=0.0, tta_acc1=0.0
2025-06-11 11:54:18,283 - log - INFO - iter:400/8100, Original Acc@1: 0.00, Acc@5: 75.00, TTA Acc@1: 0.00, Acc@5: 58.75
2025-06-11 11:55:09,249 - log - INFO - iter:420/8100, clip_acc1=0.0, tta_acc1=0.0
2025-06-11 11:55:09,249 - log - INFO - iter:420/8100, Original Acc@1: 0.00, Acc@5: 75.24, TTA Acc@1: 0.00, Acc@5: 58.81
2025-06-11 11:56:00,468 - log - INFO - iter:440/8100, clip_acc1=0.0, tta_acc1=0.0
2025-06-11 11:56:00,468 - log - INFO - iter:440/8100, Original Acc@1: 0.00, Acc@5: 75.23, TTA Acc@1: 0.00, Acc@5: 58.18
2025-06-11 11:56:51,644 - log - INFO - iter:460/8100, clip_acc1=0.0, tta_acc1=0.0
2025-06-11 11:56:51,644 - log - INFO - iter:460/8100, Original Acc@1: 0.00, Acc@5: 75.43, TTA Acc@1: 0.00, Acc@5: 58.70
2025-06-11 11:57:42,726 - log - INFO - iter:480/8100, clip_acc1=0.0, tta_acc1=0.0
2025-06-11 11:57:42,726 - log - INFO - iter:480/8100, Original Acc@1: 0.00, Acc@5: 74.58, TTA Acc@1: 0.00, Acc@5: 58.33
2025-06-11 11:58:33,761 - log - INFO - iter:500/8100, clip_acc1=0.0, tta_acc1=0.0
2025-06-11 11:58:33,762 - log - INFO - iter:500/8100, Original Acc@1: 0.00, Acc@5: 74.60, TTA Acc@1: 0.00, Acc@5: 58.40
2025-06-11 11:59:24,888 - log - INFO - iter:520/8100, clip_acc1=0.0, tta_acc1=0.0
2025-06-11 11:59:24,888 - log - INFO - iter:520/8100, Original Acc@1: 0.00, Acc@5: 74.04, TTA Acc@1: 0.00, Acc@5: 58.27
2025-06-11 12:00:16,099 - log - INFO - iter:540/8100, clip_acc1=0.0, tta_acc1=0.0
2025-06-11 12:00:16,099 - log - INFO - iter:540/8100, Original Acc@1: 0.00, Acc@5: 74.07, TTA Acc@1: 0.00, Acc@5: 58.70
2025-06-11 12:01:07,361 - log - INFO - iter:560/8100, clip_acc1=0.0, tta_acc1=0.0
2025-06-11 12:01:07,361 - log - INFO - iter:560/8100, Original Acc@1: 0.00, Acc@5: 74.29, TTA Acc@1: 0.00, Acc@5: 58.93
2025-06-11 12:02:01,929 - log - INFO - iter:580/8100, clip_acc1=0.0, tta_acc1=0.0
2025-06-11 12:02:01,929 - log - INFO - iter:580/8100, Original Acc@1: 0.00, Acc@5: 74.48, TTA Acc@1: 0.00, Acc@5: 58.97
2025-06-11 12:02:52,794 - log - INFO - iter:600/8100, clip_acc1=0.0, tta_acc1=0.0
2025-06-11 12:02:52,794 - log - INFO - iter:600/8100, Original Acc@1: 0.00, Acc@5: 74.33, TTA Acc@1: 0.00, Acc@5: 58.50
2025-06-11 12:03:43,912 - log - INFO - iter:620/8100, clip_acc1=0.0, tta_acc1=0.0
2025-06-11 12:03:43,912 - log - INFO - iter:620/8100, Original Acc@1: 0.00, Acc@5: 74.84, TTA Acc@1: 0.00, Acc@5: 58.87
2025-06-11 12:04:35,150 - log - INFO - iter:640/8100, clip_acc1=0.0, tta_acc1=0.0
2025-06-11 12:04:35,150 - log - INFO - iter:640/8100, Original Acc@1: 0.00, Acc@5: 75.16, TTA Acc@1: 0.00, Acc@5: 58.44
2025-06-11 12:05:26,494 - log - INFO - iter:660/8100, clip_acc1=0.0, tta_acc1=0.0
2025-06-11 12:05:26,494 - log - INFO - iter:660/8100, Original Acc@1: 0.00, Acc@5: 75.00, TTA Acc@1: 0.00, Acc@5: 58.03
2025-06-11 12:06:17,473 - log - INFO - iter:680/8100, clip_acc1=0.0, tta_acc1=0.0
2025-06-11 12:06:17,473 - log - INFO - iter:680/8100, Original Acc@1: 0.00, Acc@5: 75.44, TTA Acc@1: 0.00, Acc@5: 58.24
2025-06-11 12:07:08,630 - log - INFO - iter:700/8100, clip_acc1=0.0, tta_acc1=0.0
2025-06-11 12:07:08,630 - log - INFO - iter:700/8100, Original Acc@1: 0.00, Acc@5: 75.71, TTA Acc@1: 0.00, Acc@5: 58.43
2025-06-11 12:07:59,798 - log - INFO - iter:720/8100, clip_acc1=0.0, tta_acc1=0.0
2025-06-11 12:07:59,798 - log - INFO - iter:720/8100, Original Acc@1: 0.00, Acc@5: 75.97, TTA Acc@1: 0.00, Acc@5: 58.47
2025-06-11 12:08:51,070 - log - INFO - iter:740/8100, clip_acc1=0.0, tta_acc1=0.0
2025-06-11 12:08:51,071 - log - INFO - iter:740/8100, Original Acc@1: 0.00, Acc@5: 76.49, TTA Acc@1: 0.00, Acc@5: 58.78
2025-06-11 12:09:42,226 - log - INFO - iter:760/8100, clip_acc1=0.0, tta_acc1=0.0
2025-06-11 12:09:42,226 - log - INFO - iter:760/8100, Original Acc@1: 0.00, Acc@5: 76.58, TTA Acc@1: 0.00, Acc@5: 59.34
2025-06-11 12:10:33,202 - log - INFO - iter:780/8100, clip_acc1=0.0, tta_acc1=0.0
2025-06-11 12:10:33,202 - log - INFO - iter:780/8100, Original Acc@1: 0.00, Acc@5: 77.05, TTA Acc@1: 0.00, Acc@5: 59.74
2025-06-11 12:11:24,410 - log - INFO - iter:800/8100, clip_acc1=0.0, tta_acc1=0.0
2025-06-11 12:11:24,410 - log - INFO - iter:800/8100, Original Acc@1: 0.00, Acc@5: 77.50, TTA Acc@1: 0.00, Acc@5: 60.38
2025-06-11 12:12:15,647 - log - INFO - iter:820/8100, clip_acc1=0.0, tta_acc1=0.0
2025-06-11 12:12:15,647 - log - INFO - iter:820/8100, Original Acc@1: 0.00, Acc@5: 77.20, TTA Acc@1: 0.00, Acc@5: 60.12
2025-06-11 12:13:06,874 - log - INFO - iter:840/8100, clip_acc1=0.0, tta_acc1=0.0
2025-06-11 12:13:06,874 - log - INFO - iter:840/8100, Original Acc@1: 0.00, Acc@5: 77.26, TTA Acc@1: 0.00, Acc@5: 60.24
2025-06-11 12:13:58,189 - log - INFO - iter:860/8100, clip_acc1=0.0, tta_acc1=0.0
2025-06-11 12:13:58,190 - log - INFO - iter:860/8100, Original Acc@1: 0.00, Acc@5: 77.44, TTA Acc@1: 0.00, Acc@5: 60.35
2025-06-11 12:14:49,298 - log - INFO - iter:880/8100, clip_acc1=0.0, tta_acc1=0.0
2025-06-11 12:14:49,299 - log - INFO - iter:880/8100, Original Acc@1: 0.00, Acc@5: 77.61, TTA Acc@1: 0.00, Acc@5: 60.11
2025-06-11 12:15:40,595 - log - INFO - iter:900/8100, clip_acc1=0.0, tta_acc1=0.0
2025-06-11 12:15:40,595 - log - INFO - iter:900/8100, Original Acc@1: 0.00, Acc@5: 77.33, TTA Acc@1: 0.00, Acc@5: 60.11
2025-06-11 12:16:31,848 - log - INFO - iter:920/8100, clip_acc1=0.0, tta_acc1=0.0
2025-06-11 12:16:31,848 - log - INFO - iter:920/8100, Original Acc@1: 0.00, Acc@5: 77.39, TTA Acc@1: 0.00, Acc@5: 60.54
2025-06-11 12:17:22,911 - log - INFO - iter:940/8100, clip_acc1=0.0, tta_acc1=0.0
2025-06-11 12:17:22,911 - log - INFO - iter:940/8100, Original Acc@1: 0.00, Acc@5: 77.87, TTA Acc@1: 0.00, Acc@5: 61.06
2025-06-11 12:18:14,135 - log - INFO - iter:960/8100, clip_acc1=0.0, tta_acc1=0.0
2025-06-11 12:18:14,135 - log - INFO - iter:960/8100, Original Acc@1: 0.00, Acc@5: 78.02, TTA Acc@1: 0.00, Acc@5: 61.35
2025-06-11 12:19:05,228 - log - INFO - iter:980/8100, clip_acc1=0.0, tta_acc1=0.0
2025-06-11 12:19:05,228 - log - INFO - iter:980/8100, Original Acc@1: 0.00, Acc@5: 78.06, TTA Acc@1: 0.00, Acc@5: 61.73
2025-06-11 12:19:56,502 - log - INFO - iter:1000/8100, clip_acc1=0.0, tta_acc1=0.0
2025-06-11 12:19:56,502 - log - INFO - iter:1000/8100, Original Acc@1: 0.00, Acc@5: 78.30, TTA Acc@1: 0.00, Acc@5: 62.00
2025-06-11 12:20:47,535 - log - INFO - iter:1020/8100, clip_acc1=0.0, tta_acc1=0.0
2025-06-11 12:20:47,535 - log - INFO - iter:1020/8100, Original Acc@1: 0.00, Acc@5: 78.43, TTA Acc@1: 0.00, Acc@5: 62.55
2025-06-11 12:21:38,795 - log - INFO - iter:1040/8100, clip_acc1=0.0, tta_acc1=0.0
2025-06-11 12:21:38,796 - log - INFO - iter:1040/8100, Original Acc@1: 0.00, Acc@5: 78.75, TTA Acc@1: 0.00, Acc@5: 63.17
2025-06-11 12:22:30,025 - log - INFO - iter:1060/8100, clip_acc1=0.0, tta_acc1=0.0
2025-06-11 12:22:30,025 - log - INFO - iter:1060/8100, Original Acc@1: 0.00, Acc@5: 78.77, TTA Acc@1: 0.00, Acc@5: 63.30
2025-06-11 12:23:21,195 - log - INFO - iter:1080/8100, clip_acc1=0.0, tta_acc1=0.0
2025-06-11 12:23:21,195 - log - INFO - iter:1080/8100, Original Acc@1: 0.00, Acc@5: 78.98, TTA Acc@1: 0.00, Acc@5: 63.80
2025-06-11 12:24:12,365 - log - INFO - iter:1100/8100, clip_acc1=0.0, tta_acc1=0.0
2025-06-11 12:24:12,365 - log - INFO - iter:1100/8100, Original Acc@1: 0.00, Acc@5: 79.00, TTA Acc@1: 0.00, Acc@5: 64.18
2025-06-11 12:25:03,629 - log - INFO - iter:1120/8100, clip_acc1=0.0, tta_acc1=0.0
2025-06-11 12:25:03,630 - log - INFO - iter:1120/8100, Original Acc@1: 0.00, Acc@5: 79.20, TTA Acc@1: 0.00, Acc@5: 64.64
2025-06-11 12:25:54,779 - log - INFO - iter:1140/8100, clip_acc1=0.0, tta_acc1=0.0
2025-06-11 12:25:54,780 - log - INFO - iter:1140/8100, Original Acc@1: 0.00, Acc@5: 79.56, TTA Acc@1: 0.00, Acc@5: 65.26
2025-06-11 12:26:45,940 - log - INFO - iter:1160/8100, clip_acc1=0.0, tta_acc1=0.0
2025-06-11 12:26:45,941 - log - INFO - iter:1160/8100, Original Acc@1: 0.00, Acc@5: 79.66, TTA Acc@1: 0.00, Acc@5: 65.52
2025-06-11 12:27:37,271 - log - INFO - iter:1180/8100, clip_acc1=0.0, tta_acc1=0.0
2025-06-11 12:27:37,272 - log - INFO - iter:1180/8100, Original Acc@1: 0.00, Acc@5: 79.58, TTA Acc@1: 0.00, Acc@5: 65.59
2025-06-11 12:28:28,363 - log - INFO - iter:1200/8100, clip_acc1=0.0, tta_acc1=0.0
2025-06-11 12:28:28,363 - log - INFO - iter:1200/8100, Original Acc@1: 0.00, Acc@5: 79.83, TTA Acc@1: 0.00, Acc@5: 66.00
2025-06-11 12:29:19,502 - log - INFO - iter:1220/8100, clip_acc1=0.0, tta_acc1=0.0
2025-06-11 12:29:19,502 - log - INFO - iter:1220/8100, Original Acc@1: 0.00, Acc@5: 80.08, TTA Acc@1: 0.00, Acc@5: 66.56
2025-06-11 12:30:10,731 - log - INFO - iter:1240/8100, clip_acc1=0.0, tta_acc1=0.0
2025-06-11 12:30:10,731 - log - INFO - iter:1240/8100, Original Acc@1: 0.00, Acc@5: 80.40, TTA Acc@1: 0.00, Acc@5: 66.94
2025-06-11 12:31:01,963 - log - INFO - iter:1260/8100, clip_acc1=0.0, tta_acc1=0.0
2025-06-11 12:31:01,963 - log - INFO - iter:1260/8100, Original Acc@1: 0.00, Acc@5: 80.40, TTA Acc@1: 0.00, Acc@5: 67.06
2025-06-11 12:31:52,926 - log - INFO - iter:1280/8100, clip_acc1=0.0, tta_acc1=0.0
2025-06-11 12:31:52,926 - log - INFO - iter:1280/8100, Original Acc@1: 0.00, Acc@5: 80.39, TTA Acc@1: 0.00, Acc@5: 67.34
2025-06-11 12:32:44,234 - log - INFO - iter:1300/8100, clip_acc1=0.0, tta_acc1=0.0
2025-06-11 12:32:44,234 - log - INFO - iter:1300/8100, Original Acc@1: 0.00, Acc@5: 80.54, TTA Acc@1: 0.00, Acc@5: 67.69
2025-06-11 12:33:34,958 - log - INFO - iter:1320/8100, clip_acc1=0.0, tta_acc1=0.0
2025-06-11 12:33:34,959 - log - INFO - iter:1320/8100, Original Acc@1: 0.00, Acc@5: 80.83, TTA Acc@1: 0.00, Acc@5: 67.95
2025-06-11 12:34:26,227 - log - INFO - iter:1340/8100, clip_acc1=0.0, tta_acc1=0.0
2025-06-11 12:34:26,228 - log - INFO - iter:1340/8100, Original Acc@1: 0.00, Acc@5: 81.04, TTA Acc@1: 0.00, Acc@5: 68.36
2025-06-11 12:35:17,685 - log - INFO - iter:1360/8100, clip_acc1=0.0, tta_acc1=0.0
2025-06-11 12:35:17,686 - log - INFO - iter:1360/8100, Original Acc@1: 0.00, Acc@5: 81.25, TTA Acc@1: 0.00, Acc@5: 68.46
2025-06-11 12:36:08,824 - log - INFO - iter:1380/8100, clip_acc1=0.0, tta_acc1=0.0
2025-06-11 12:36:08,824 - log - INFO - iter:1380/8100, Original Acc@1: 0.00, Acc@5: 81.30, TTA Acc@1: 0.00, Acc@5: 68.77
2025-06-11 12:37:00,178 - log - INFO - iter:1400/8100, clip_acc1=0.0, tta_acc1=0.0
2025-06-11 12:37:00,178 - log - INFO - iter:1400/8100, Original Acc@1: 0.00, Acc@5: 81.36, TTA Acc@1: 0.00, Acc@5: 69.07
2025-06-11 12:37:51,420 - log - INFO - iter:1420/8100, clip_acc1=0.0, tta_acc1=0.0
2025-06-11 12:37:51,420 - log - INFO - iter:1420/8100, Original Acc@1: 0.00, Acc@5: 81.48, TTA Acc@1: 0.00, Acc@5: 69.30
2025-06-11 12:38:42,633 - log - INFO - iter:1440/8100, clip_acc1=0.0, tta_acc1=0.0
2025-06-11 12:38:42,633 - log - INFO - iter:1440/8100, Original Acc@1: 0.00, Acc@5: 81.60, TTA Acc@1: 0.00, Acc@5: 69.38
2025-06-11 12:39:33,851 - log - INFO - iter:1460/8100, clip_acc1=0.0, tta_acc1=0.0
2025-06-11 12:39:33,852 - log - INFO - iter:1460/8100, Original Acc@1: 0.00, Acc@5: 81.64, TTA Acc@1: 0.00, Acc@5: 69.59
2025-06-11 12:40:24,965 - log - INFO - iter:1480/8100, clip_acc1=0.0, tta_acc1=0.0
2025-06-11 12:40:24,965 - log - INFO - iter:1480/8100, Original Acc@1: 0.00, Acc@5: 81.69, TTA Acc@1: 0.00, Acc@5: 69.59
2025-06-11 12:41:16,185 - log - INFO - iter:1500/8100, clip_acc1=0.0, tta_acc1=0.0
2025-06-11 12:41:16,185 - log - INFO - iter:1500/8100, Original Acc@1: 0.00, Acc@5: 81.93, TTA Acc@1: 0.00, Acc@5: 69.67
2025-06-11 12:42:07,470 - log - INFO - iter:1520/8100, clip_acc1=0.0, tta_acc1=0.0
2025-06-11 12:42:07,471 - log - INFO - iter:1520/8100, Original Acc@1: 0.00, Acc@5: 82.04, TTA Acc@1: 0.00, Acc@5: 69.87
2025-06-11 12:42:58,675 - log - INFO - iter:1540/8100, clip_acc1=0.0, tta_acc1=0.0
2025-06-11 12:42:58,675 - log - INFO - iter:1540/8100, Original Acc@1: 0.00, Acc@5: 81.95, TTA Acc@1: 0.00, Acc@5: 70.00
2025-06-11 12:43:49,769 - log - INFO - iter:1560/8100, clip_acc1=0.0, tta_acc1=0.0
2025-06-11 12:43:49,769 - log - INFO - iter:1560/8100, Original Acc@1: 0.00, Acc@5: 81.99, TTA Acc@1: 0.00, Acc@5: 70.26
2025-06-11 12:44:41,153 - log - INFO - iter:1580/8100, clip_acc1=0.0, tta_acc1=0.0
2025-06-11 12:44:41,153 - log - INFO - iter:1580/8100, Original Acc@1: 0.00, Acc@5: 82.09, TTA Acc@1: 0.00, Acc@5: 70.57
2025-06-11 12:45:33,498 - log - INFO - iter:1600/8100, clip_acc1=0.0, tta_acc1=0.0
2025-06-11 12:45:33,499 - log - INFO - iter:1600/8100, Original Acc@1: 0.00, Acc@5: 82.06, TTA Acc@1: 0.00, Acc@5: 70.62
2025-06-11 12:46:24,717 - log - INFO - iter:1620/8100, clip_acc1=0.0, tta_acc1=0.0
2025-06-11 12:46:24,718 - log - INFO - iter:1620/8100, Original Acc@1: 0.00, Acc@5: 82.16, TTA Acc@1: 0.00, Acc@5: 70.74
2025-06-11 12:47:15,755 - log - INFO - iter:1640/8100, clip_acc1=0.0, tta_acc1=0.0
2025-06-11 12:47:15,755 - log - INFO - iter:1640/8100, Original Acc@1: 0.00, Acc@5: 82.07, TTA Acc@1: 0.00, Acc@5: 70.73
2025-06-11 12:48:06,775 - log - INFO - iter:1660/8100, clip_acc1=0.0, tta_acc1=0.0
2025-06-11 12:48:06,775 - log - INFO - iter:1660/8100, Original Acc@1: 0.00, Acc@5: 82.05, TTA Acc@1: 0.00, Acc@5: 70.84
2025-06-11 12:48:57,806 - log - INFO - iter:1680/8100, clip_acc1=0.0, tta_acc1=0.0
2025-06-11 12:48:57,806 - log - INFO - iter:1680/8100, Original Acc@1: 0.00, Acc@5: 82.02, TTA Acc@1: 0.00, Acc@5: 70.83
2025-06-11 12:49:48,969 - log - INFO - iter:1700/8100, clip_acc1=0.0, tta_acc1=0.0
2025-06-11 12:49:48,970 - log - INFO - iter:1700/8100, Original Acc@1: 0.00, Acc@5: 82.00, TTA Acc@1: 0.00, Acc@5: 71.00
2025-06-11 12:50:39,918 - log - INFO - iter:1720/8100, clip_acc1=0.0, tta_acc1=0.0
2025-06-11 12:50:39,918 - log - INFO - iter:1720/8100, Original Acc@1: 0.00, Acc@5: 82.03, TTA Acc@1: 0.00, Acc@5: 71.05
2025-06-11 12:51:31,036 - log - INFO - iter:1740/8100, clip_acc1=0.0, tta_acc1=0.0
2025-06-11 12:51:31,037 - log - INFO - iter:1740/8100, Original Acc@1: 0.00, Acc@5: 82.13, TTA Acc@1: 0.00, Acc@5: 71.26
2025-06-11 12:52:22,131 - log - INFO - iter:1760/8100, clip_acc1=0.0, tta_acc1=0.0
2025-06-11 12:52:22,131 - log - INFO - iter:1760/8100, Original Acc@1: 0.00, Acc@5: 82.10, TTA Acc@1: 0.00, Acc@5: 71.36
2025-06-11 12:53:13,121 - log - INFO - iter:1780/8100, clip_acc1=0.0, tta_acc1=0.0
2025-06-11 12:53:13,121 - log - INFO - iter:1780/8100, Original Acc@1: 0.00, Acc@5: 82.02, TTA Acc@1: 0.00, Acc@5: 71.40
2025-06-11 12:54:04,325 - log - INFO - iter:1800/8100, clip_acc1=0.0, tta_acc1=0.0
2025-06-11 12:54:04,325 - log - INFO - iter:1800/8100, Original Acc@1: 0.00, Acc@5: 82.17, TTA Acc@1: 0.00, Acc@5: 71.56
2025-06-11 12:54:55,564 - log - INFO - iter:1820/8100, clip_acc1=0.0, tta_acc1=0.0
2025-06-11 12:54:55,564 - log - INFO - iter:1820/8100, Original Acc@1: 0.00, Acc@5: 81.98, TTA Acc@1: 0.00, Acc@5: 71.37
2025-06-11 12:55:46,765 - log - INFO - iter:1840/8100, clip_acc1=0.0, tta_acc1=0.0
2025-06-11 12:55:46,765 - log - INFO - iter:1840/8100, Original Acc@1: 0.00, Acc@5: 81.47, TTA Acc@1: 0.00, Acc@5: 70.87
2025-06-11 12:56:37,743 - log - INFO - iter:1860/8100, clip_acc1=0.0, tta_acc1=0.0
2025-06-11 12:56:37,743 - log - INFO - iter:1860/8100, Original Acc@1: 0.00, Acc@5: 81.18, TTA Acc@1: 0.00, Acc@5: 70.43
2025-06-11 12:57:28,775 - log - INFO - iter:1880/8100, clip_acc1=0.05319148674607277, tta_acc1=0.0
2025-06-11 12:57:28,775 - log - INFO - iter:1880/8100, Original Acc@1: 0.05, Acc@5: 81.17, TTA Acc@1: 0.00, Acc@5: 70.27
2025-06-11 12:58:19,876 - log - INFO - iter:1900/8100, clip_acc1=0.052631575614213943, tta_acc1=0.0
2025-06-11 12:58:19,877 - log - INFO - iter:1900/8100, Original Acc@1: 0.05, Acc@5: 80.95, TTA Acc@1: 0.00, Acc@5: 69.89
2025-06-11 12:59:10,940 - log - INFO - iter:1920/8100, clip_acc1=0.1041666716337204, tta_acc1=0.0
2025-06-11 12:59:10,940 - log - INFO - iter:1920/8100, Original Acc@1: 0.10, Acc@5: 80.83, TTA Acc@1: 0.00, Acc@5: 69.84
2025-06-11 13:00:02,172 - log - INFO - iter:1940/8100, clip_acc1=0.10309278964996338, tta_acc1=0.0
2025-06-11 13:00:02,173 - log - INFO - iter:1940/8100, Original Acc@1: 0.10, Acc@5: 80.88, TTA Acc@1: 0.00, Acc@5: 69.64
2025-06-11 13:00:53,425 - log - INFO - iter:1960/8100, clip_acc1=0.10204081237316132, tta_acc1=0.0
2025-06-11 13:00:53,425 - log - INFO - iter:1960/8100, Original Acc@1: 0.10, Acc@5: 80.82, TTA Acc@1: 0.00, Acc@5: 69.39
2025-06-11 13:01:44,771 - log - INFO - iter:1980/8100, clip_acc1=0.20202021300792694, tta_acc1=0.0
2025-06-11 13:01:44,771 - log - INFO - iter:1980/8100, Original Acc@1: 0.20, Acc@5: 80.66, TTA Acc@1: 0.00, Acc@5: 69.19
2025-06-11 13:02:35,939 - log - INFO - iter:2000/8100, clip_acc1=0.20000000298023224, tta_acc1=0.0
2025-06-11 13:02:35,939 - log - INFO - iter:2000/8100, Original Acc@1: 0.20, Acc@5: 80.40, TTA Acc@1: 0.00, Acc@5: 69.00
2025-06-11 13:03:27,129 - log - INFO - iter:2020/8100, clip_acc1=0.19801980257034302, tta_acc1=0.0
2025-06-11 13:03:27,129 - log - INFO - iter:2020/8100, Original Acc@1: 0.20, Acc@5: 80.00, TTA Acc@1: 0.00, Acc@5: 68.61
2025-06-11 13:04:18,257 - log - INFO - iter:2040/8100, clip_acc1=0.19607844948768616, tta_acc1=0.0
2025-06-11 13:04:18,258 - log - INFO - iter:2040/8100, Original Acc@1: 0.20, Acc@5: 79.95, TTA Acc@1: 0.00, Acc@5: 68.53
2025-06-11 13:05:09,371 - log - INFO - iter:2060/8100, clip_acc1=0.19417476654052734, tta_acc1=0.0
2025-06-11 13:05:09,371 - log - INFO - iter:2060/8100, Original Acc@1: 0.19, Acc@5: 79.71, TTA Acc@1: 0.00, Acc@5: 68.20
2025-06-11 13:06:00,502 - log - INFO - iter:2080/8100, clip_acc1=0.19230769574642181, tta_acc1=0.0
2025-06-11 13:06:00,503 - log - INFO - iter:2080/8100, Original Acc@1: 0.19, Acc@5: 79.62, TTA Acc@1: 0.00, Acc@5: 67.93
2025-06-11 13:06:51,816 - log - INFO - iter:2100/8100, clip_acc1=0.190476194024086, tta_acc1=0.0
2025-06-11 13:06:51,816 - log - INFO - iter:2100/8100, Original Acc@1: 0.19, Acc@5: 79.57, TTA Acc@1: 0.00, Acc@5: 67.90
2025-06-11 13:07:43,029 - log - INFO - iter:2120/8100, clip_acc1=0.2358490526676178, tta_acc1=0.0
2025-06-11 13:07:43,029 - log - INFO - iter:2120/8100, Original Acc@1: 0.24, Acc@5: 79.48, TTA Acc@1: 0.00, Acc@5: 67.88
2025-06-11 13:08:34,247 - log - INFO - iter:2140/8100, clip_acc1=0.23364487290382385, tta_acc1=0.0
2025-06-11 13:08:34,247 - log - INFO - iter:2140/8100, Original Acc@1: 0.23, Acc@5: 79.30, TTA Acc@1: 0.00, Acc@5: 67.66
2025-06-11 13:09:25,577 - log - INFO - iter:2160/8100, clip_acc1=0.23148147761821747, tta_acc1=0.0
2025-06-11 13:09:25,577 - log - INFO - iter:2160/8100, Original Acc@1: 0.23, Acc@5: 79.31, TTA Acc@1: 0.00, Acc@5: 67.50
2025-06-11 13:10:16,791 - log - INFO - iter:2180/8100, clip_acc1=0.2293577939271927, tta_acc1=0.0
2025-06-11 13:10:16,791 - log - INFO - iter:2180/8100, Original Acc@1: 0.23, Acc@5: 79.08, TTA Acc@1: 0.00, Acc@5: 67.39
2025-06-11 13:11:07,981 - log - INFO - iter:2200/8100, clip_acc1=0.22727273404598236, tta_acc1=0.0
2025-06-11 13:11:07,981 - log - INFO - iter:2200/8100, Original Acc@1: 0.23, Acc@5: 78.91, TTA Acc@1: 0.00, Acc@5: 67.05
2025-06-11 13:11:59,022 - log - INFO - iter:2220/8100, clip_acc1=0.22522522509098053, tta_acc1=0.0
2025-06-11 13:11:59,022 - log - INFO - iter:2220/8100, Original Acc@1: 0.23, Acc@5: 78.83, TTA Acc@1: 0.00, Acc@5: 66.89
2025-06-11 13:12:50,267 - log - INFO - iter:2240/8100, clip_acc1=0.2232142835855484, tta_acc1=0.0
2025-06-11 13:12:50,267 - log - INFO - iter:2240/8100, Original Acc@1: 0.22, Acc@5: 78.79, TTA Acc@1: 0.00, Acc@5: 66.74
2025-06-11 13:13:41,615 - log - INFO - iter:2260/8100, clip_acc1=0.22123894095420837, tta_acc1=0.0
2025-06-11 13:13:41,616 - log - INFO - iter:2260/8100, Original Acc@1: 0.22, Acc@5: 78.58, TTA Acc@1: 0.00, Acc@5: 66.42
2025-06-11 13:14:32,754 - log - INFO - iter:2280/8100, clip_acc1=0.21929824352264404, tta_acc1=0.0
2025-06-11 13:14:32,754 - log - INFO - iter:2280/8100, Original Acc@1: 0.22, Acc@5: 78.42, TTA Acc@1: 0.00, Acc@5: 66.27
2025-06-11 13:15:23,859 - log - INFO - iter:2300/8100, clip_acc1=0.21739131212234497, tta_acc1=0.0
2025-06-11 13:15:23,859 - log - INFO - iter:2300/8100, Original Acc@1: 0.22, Acc@5: 78.39, TTA Acc@1: 0.00, Acc@5: 66.22
2025-06-11 13:16:15,133 - log - INFO - iter:2320/8100, clip_acc1=0.21551723778247833, tta_acc1=0.0
2025-06-11 13:16:15,134 - log - INFO - iter:2320/8100, Original Acc@1: 0.22, Acc@5: 78.23, TTA Acc@1: 0.00, Acc@5: 65.99
2025-06-11 13:17:06,370 - log - INFO - iter:2340/8100, clip_acc1=0.21367521584033966, tta_acc1=0.0
2025-06-11 13:17:06,370 - log - INFO - iter:2340/8100, Original Acc@1: 0.21, Acc@5: 77.99, TTA Acc@1: 0.00, Acc@5: 65.73
2025-06-11 13:17:57,620 - log - INFO - iter:2360/8100, clip_acc1=0.2118643969297409, tta_acc1=0.0
2025-06-11 13:17:57,620 - log - INFO - iter:2360/8100, Original Acc@1: 0.21, Acc@5: 77.97, TTA Acc@1: 0.00, Acc@5: 65.59
2025-06-11 13:18:48,837 - log - INFO - iter:2380/8100, clip_acc1=0.21008403599262238, tta_acc1=0.0
2025-06-11 13:18:48,838 - log - INFO - iter:2380/8100, Original Acc@1: 0.21, Acc@5: 77.73, TTA Acc@1: 0.00, Acc@5: 65.38
2025-06-11 13:19:39,916 - log - INFO - iter:2400/8100, clip_acc1=0.2083333432674408, tta_acc1=0.0
2025-06-11 13:19:39,916 - log - INFO - iter:2400/8100, Original Acc@1: 0.21, Acc@5: 77.50, TTA Acc@1: 0.00, Acc@5: 65.25
2025-06-11 13:20:31,050 - log - INFO - iter:2420/8100, clip_acc1=0.20661157369613647, tta_acc1=0.0
2025-06-11 13:20:31,050 - log - INFO - iter:2420/8100, Original Acc@1: 0.21, Acc@5: 77.48, TTA Acc@1: 0.00, Acc@5: 65.17
2025-06-11 13:21:22,201 - log - INFO - iter:2440/8100, clip_acc1=0.2049180269241333, tta_acc1=0.0
2025-06-11 13:21:22,202 - log - INFO - iter:2440/8100, Original Acc@1: 0.20, Acc@5: 77.42, TTA Acc@1: 0.00, Acc@5: 65.08
2025-06-11 13:22:13,554 - log - INFO - iter:2460/8100, clip_acc1=0.20325203239917755, tta_acc1=0.0
2025-06-11 13:22:13,554 - log - INFO - iter:2460/8100, Original Acc@1: 0.20, Acc@5: 77.20, TTA Acc@1: 0.00, Acc@5: 64.92
2025-06-11 13:23:04,704 - log - INFO - iter:2480/8100, clip_acc1=0.2016129046678543, tta_acc1=0.0
2025-06-11 13:23:04,704 - log - INFO - iter:2480/8100, Original Acc@1: 0.20, Acc@5: 77.10, TTA Acc@1: 0.00, Acc@5: 64.68
2025-06-11 13:23:55,707 - log - INFO - iter:2500/8100, clip_acc1=0.23999999463558197, tta_acc1=0.0
2025-06-11 13:23:55,708 - log - INFO - iter:2500/8100, Original Acc@1: 0.24, Acc@5: 76.92, TTA Acc@1: 0.00, Acc@5: 64.40
2025-06-11 13:24:46,949 - log - INFO - iter:2520/8100, clip_acc1=0.2380952388048172, tta_acc1=0.0
2025-06-11 13:24:46,949 - log - INFO - iter:2520/8100, Original Acc@1: 0.24, Acc@5: 76.79, TTA Acc@1: 0.00, Acc@5: 64.21
2025-06-11 13:25:37,958 - log - INFO - iter:2540/8100, clip_acc1=0.27559053897857666, tta_acc1=0.0
2025-06-11 13:25:37,958 - log - INFO - iter:2540/8100, Original Acc@1: 0.28, Acc@5: 76.65, TTA Acc@1: 0.00, Acc@5: 64.09
2025-06-11 13:26:29,073 - log - INFO - iter:2560/8100, clip_acc1=0.2734375, tta_acc1=0.0
2025-06-11 13:26:29,073 - log - INFO - iter:2560/8100, Original Acc@1: 0.27, Acc@5: 76.45, TTA Acc@1: 0.00, Acc@5: 63.87
2025-06-11 13:27:20,202 - log - INFO - iter:2580/8100, clip_acc1=0.3100775182247162, tta_acc1=0.0
2025-06-11 13:27:20,203 - log - INFO - iter:2580/8100, Original Acc@1: 0.31, Acc@5: 76.40, TTA Acc@1: 0.00, Acc@5: 63.72
2025-06-11 13:28:11,419 - log - INFO - iter:2600/8100, clip_acc1=0.3076923191547394, tta_acc1=0.0
2025-06-11 13:28:11,419 - log - INFO - iter:2600/8100, Original Acc@1: 0.31, Acc@5: 76.27, TTA Acc@1: 0.00, Acc@5: 63.42
2025-06-11 13:29:02,788 - log - INFO - iter:2620/8100, clip_acc1=0.30534350872039795, tta_acc1=0.0
2025-06-11 13:29:02,788 - log - INFO - iter:2620/8100, Original Acc@1: 0.31, Acc@5: 76.22, TTA Acc@1: 0.00, Acc@5: 63.44
2025-06-11 13:29:53,741 - log - INFO - iter:2640/8100, clip_acc1=0.3030302822589874, tta_acc1=0.0
2025-06-11 13:29:53,742 - log - INFO - iter:2640/8100, Original Acc@1: 0.30, Acc@5: 76.02, TTA Acc@1: 0.00, Acc@5: 63.37
2025-06-11 13:30:45,137 - log - INFO - iter:2660/8100, clip_acc1=0.33834585547447205, tta_acc1=0.0
2025-06-11 13:30:45,137 - log - INFO - iter:2660/8100, Original Acc@1: 0.34, Acc@5: 76.02, TTA Acc@1: 0.00, Acc@5: 63.23
2025-06-11 13:31:36,346 - log - INFO - iter:2680/8100, clip_acc1=0.33582088351249695, tta_acc1=0.0
2025-06-11 13:31:36,346 - log - INFO - iter:2680/8100, Original Acc@1: 0.34, Acc@5: 76.01, TTA Acc@1: 0.00, Acc@5: 63.21
2025-06-11 13:32:27,363 - log - INFO - iter:2700/8100, clip_acc1=0.40740740299224854, tta_acc1=0.0
2025-06-11 13:32:27,363 - log - INFO - iter:2700/8100, Original Acc@1: 0.41, Acc@5: 76.00, TTA Acc@1: 0.00, Acc@5: 63.33
2025-06-11 13:33:18,604 - log - INFO - iter:2720/8100, clip_acc1=0.6617647409439087, tta_acc1=0.22058823704719543
2025-06-11 13:33:18,604 - log - INFO - iter:2720/8100, Original Acc@1: 0.66, Acc@5: 76.10, TTA Acc@1: 0.22, Acc@5: 63.57
2025-06-11 13:34:09,704 - log - INFO - iter:2740/8100, clip_acc1=0.912408709526062, tta_acc1=0.6934306025505066
2025-06-11 13:34:09,704 - log - INFO - iter:2740/8100, Original Acc@1: 0.91, Acc@5: 76.20, TTA Acc@1: 0.69, Acc@5: 63.83
2025-06-11 13:35:00,986 - log - INFO - iter:2760/8100, clip_acc1=1.2318841218948364, tta_acc1=0.97826087474823
2025-06-11 13:35:00,986 - log - INFO - iter:2760/8100, Original Acc@1: 1.23, Acc@5: 76.34, TTA Acc@1: 0.98, Acc@5: 64.06
2025-06-11 13:35:52,139 - log - INFO - iter:2780/8100, clip_acc1=1.510791301727295, tta_acc1=1.2230216264724731
2025-06-11 13:35:52,139 - log - INFO - iter:2780/8100, Original Acc@1: 1.51, Acc@5: 76.51, TTA Acc@1: 1.22, Acc@5: 64.32
2025-06-11 13:36:43,200 - log - INFO - iter:2800/8100, clip_acc1=1.8928570747375488, tta_acc1=1.6428570747375488
2025-06-11 13:36:43,201 - log - INFO - iter:2800/8100, Original Acc@1: 1.89, Acc@5: 76.57, TTA Acc@1: 1.64, Acc@5: 64.50
2025-06-11 13:37:34,298 - log - INFO - iter:2820/8100, clip_acc1=2.092198610305786, tta_acc1=1.9503545761108398
2025-06-11 13:37:34,298 - log - INFO - iter:2820/8100, Original Acc@1: 2.09, Acc@5: 76.67, TTA Acc@1: 1.95, Acc@5: 64.75
2025-06-11 13:38:25,618 - log - INFO - iter:2840/8100, clip_acc1=2.2183098793029785, tta_acc1=2.112675905227661
2025-06-11 13:38:25,619 - log - INFO - iter:2840/8100, Original Acc@1: 2.22, Acc@5: 76.76, TTA Acc@1: 2.11, Acc@5: 64.96
2025-06-11 13:39:16,800 - log - INFO - iter:2860/8100, clip_acc1=2.447552442550659, tta_acc1=2.4825174808502197
2025-06-11 13:39:16,801 - log - INFO - iter:2860/8100, Original Acc@1: 2.45, Acc@5: 76.89, TTA Acc@1: 2.48, Acc@5: 65.17
2025-06-11 13:40:07,928 - log - INFO - iter:2880/8100, clip_acc1=2.743055582046509, tta_acc1=2.9166667461395264
2025-06-11 13:40:07,929 - log - INFO - iter:2880/8100, Original Acc@1: 2.74, Acc@5: 76.94, TTA Acc@1: 2.92, Acc@5: 65.35
2025-06-11 13:40:58,938 - log - INFO - iter:2900/8100, clip_acc1=2.965517282485962, tta_acc1=3.2068965435028076
2025-06-11 13:40:58,938 - log - INFO - iter:2900/8100, Original Acc@1: 2.97, Acc@5: 77.07, TTA Acc@1: 3.21, Acc@5: 65.59
2025-06-11 13:41:49,929 - log - INFO - iter:2920/8100, clip_acc1=3.2191781997680664, tta_acc1=3.4246575832366943
2025-06-11 13:41:49,929 - log - INFO - iter:2920/8100, Original Acc@1: 3.22, Acc@5: 77.19, TTA Acc@1: 3.42, Acc@5: 65.79
2025-06-11 13:42:40,934 - log - INFO - iter:2940/8100, clip_acc1=3.4353742599487305, tta_acc1=3.6734695434570312
2025-06-11 13:42:40,934 - log - INFO - iter:2940/8100, Original Acc@1: 3.44, Acc@5: 77.28, TTA Acc@1: 3.67, Acc@5: 65.99
2025-06-11 13:43:31,964 - log - INFO - iter:2960/8100, clip_acc1=3.6824324131011963, tta_acc1=3.952702760696411
2025-06-11 13:43:31,964 - log - INFO - iter:2960/8100, Original Acc@1: 3.68, Acc@5: 77.36, TTA Acc@1: 3.95, Acc@5: 66.22
2025-06-11 13:44:23,321 - log - INFO - iter:2980/8100, clip_acc1=3.892617702484131, tta_acc1=4.295302391052246
2025-06-11 13:44:23,321 - log - INFO - iter:2980/8100, Original Acc@1: 3.89, Acc@5: 77.45, TTA Acc@1: 4.30, Acc@5: 66.38
2025-06-11 13:45:14,283 - log - INFO - iter:3000/8100, clip_acc1=4.233333110809326, tta_acc1=4.666666507720947
2025-06-11 13:45:14,284 - log - INFO - iter:3000/8100, Original Acc@1: 4.23, Acc@5: 77.57, TTA Acc@1: 4.67, Acc@5: 66.60
2025-06-11 13:46:05,346 - log - INFO - iter:3020/8100, clip_acc1=4.5033111572265625, tta_acc1=4.966887474060059
2025-06-11 13:46:05,346 - log - INFO - iter:3020/8100, Original Acc@1: 4.50, Acc@5: 77.65, TTA Acc@1: 4.97, Acc@5: 66.79
2025-06-11 13:46:56,400 - log - INFO - iter:3040/8100, clip_acc1=4.7039475440979, tta_acc1=5.296052932739258
2025-06-11 13:46:56,400 - log - INFO - iter:3040/8100, Original Acc@1: 4.70, Acc@5: 77.80, TTA Acc@1: 5.30, Acc@5: 67.01
2025-06-11 13:47:47,590 - log - INFO - iter:3060/8100, clip_acc1=4.967320442199707, tta_acc1=5.588235378265381
2025-06-11 13:47:47,590 - log - INFO - iter:3060/8100, Original Acc@1: 4.97, Acc@5: 77.88, TTA Acc@1: 5.59, Acc@5: 67.19
2025-06-11 13:48:38,741 - log - INFO - iter:3080/8100, clip_acc1=5.162337779998779, tta_acc1=5.909090995788574
2025-06-11 13:48:38,741 - log - INFO - iter:3080/8100, Original Acc@1: 5.16, Acc@5: 77.99, TTA Acc@1: 5.91, Acc@5: 67.40
2025-06-11 13:49:30,342 - log - INFO - iter:3100/8100, clip_acc1=5.322580814361572, tta_acc1=6.161290645599365
2025-06-11 13:49:30,342 - log - INFO - iter:3100/8100, Original Acc@1: 5.32, Acc@5: 77.97, TTA Acc@1: 6.16, Acc@5: 67.58
2025-06-11 13:50:21,167 - log - INFO - iter:3120/8100, clip_acc1=5.384615421295166, tta_acc1=6.410256385803223
2025-06-11 13:50:21,167 - log - INFO - iter:3120/8100, Original Acc@1: 5.38, Acc@5: 78.04, TTA Acc@1: 6.41, Acc@5: 67.76
2025-06-11 13:51:14,243 - log - INFO - iter:3140/8100, clip_acc1=5.4777069091796875, tta_acc1=6.56050968170166
2025-06-11 13:51:14,243 - log - INFO - iter:3140/8100, Original Acc@1: 5.48, Acc@5: 78.15, TTA Acc@1: 6.56, Acc@5: 67.93
2025-06-11 13:52:05,545 - log - INFO - iter:3160/8100, clip_acc1=5.727848052978516, tta_acc1=6.867088794708252
2025-06-11 13:52:05,545 - log - INFO - iter:3160/8100, Original Acc@1: 5.73, Acc@5: 78.26, TTA Acc@1: 6.87, Acc@5: 68.13
2025-06-11 13:52:56,539 - log - INFO - iter:3180/8100, clip_acc1=6.006289005279541, tta_acc1=7.232704162597656
2025-06-11 13:52:56,540 - log - INFO - iter:3180/8100, Original Acc@1: 6.01, Acc@5: 78.36, TTA Acc@1: 7.23, Acc@5: 68.30
2025-06-11 13:53:47,584 - log - INFO - iter:3200/8100, clip_acc1=6.09375, tta_acc1=7.40625
2025-06-11 13:53:47,584 - log - INFO - iter:3200/8100, Original Acc@1: 6.09, Acc@5: 78.41, TTA Acc@1: 7.41, Acc@5: 68.44
2025-06-11 13:54:38,664 - log - INFO - iter:3220/8100, clip_acc1=6.3354034423828125, tta_acc1=7.670807361602783
2025-06-11 13:54:38,665 - log - INFO - iter:3220/8100, Original Acc@1: 6.34, Acc@5: 78.51, TTA Acc@1: 7.67, Acc@5: 68.63
2025-06-11 13:55:29,977 - log - INFO - iter:3240/8100, clip_acc1=6.543210029602051, tta_acc1=7.901235103607178
2025-06-11 13:55:29,977 - log - INFO - iter:3240/8100, Original Acc@1: 6.54, Acc@5: 78.46, TTA Acc@1: 7.90, Acc@5: 68.67
2025-06-11 13:56:21,001 - log - INFO - iter:3260/8100, clip_acc1=6.717791557312012, tta_acc1=7.975460052490234
2025-06-11 13:56:21,001 - log - INFO - iter:3260/8100, Original Acc@1: 6.72, Acc@5: 78.50, TTA Acc@1: 7.98, Acc@5: 68.80
2025-06-11 13:57:12,090 - log - INFO - iter:3280/8100, clip_acc1=6.79878044128418, tta_acc1=8.170731544494629
2025-06-11 13:57:12,091 - log - INFO - iter:3280/8100, Original Acc@1: 6.80, Acc@5: 78.57, TTA Acc@1: 8.17, Acc@5: 68.96
2025-06-11 13:58:03,254 - log - INFO - iter:3300/8100, clip_acc1=7.030303001403809, tta_acc1=8.42424201965332
2025-06-11 13:58:03,254 - log - INFO - iter:3300/8100, Original Acc@1: 7.03, Acc@5: 78.58, TTA Acc@1: 8.42, Acc@5: 69.15
2025-06-11 13:58:54,160 - log - INFO - iter:3320/8100, clip_acc1=7.168674945831299, tta_acc1=8.524096488952637
2025-06-11 13:58:54,160 - log - INFO - iter:3320/8100, Original Acc@1: 7.17, Acc@5: 78.61, TTA Acc@1: 8.52, Acc@5: 69.31
2025-06-11 13:59:45,556 - log - INFO - iter:3340/8100, clip_acc1=7.275449275970459, tta_acc1=8.62275505065918
2025-06-11 13:59:45,556 - log - INFO - iter:3340/8100, Original Acc@1: 7.28, Acc@5: 78.65, TTA Acc@1: 8.62, Acc@5: 69.43
2025-06-11 14:00:36,838 - log - INFO - iter:3360/8100, clip_acc1=7.2916669845581055, tta_acc1=8.809524536132812
2025-06-11 14:00:36,838 - log - INFO - iter:3360/8100, Original Acc@1: 7.29, Acc@5: 78.69, TTA Acc@1: 8.81, Acc@5: 69.61
2025-06-11 14:01:27,901 - log - INFO - iter:3380/8100, clip_acc1=7.426035404205322, tta_acc1=9.053254127502441
2025-06-11 14:01:27,901 - log - INFO - iter:3380/8100, Original Acc@1: 7.43, Acc@5: 78.79, TTA Acc@1: 9.05, Acc@5: 69.76
2025-06-11 14:02:18,997 - log - INFO - iter:3400/8100, clip_acc1=7.588234901428223, tta_acc1=9.294116973876953
2025-06-11 14:02:18,997 - log - INFO - iter:3400/8100, Original Acc@1: 7.59, Acc@5: 78.76, TTA Acc@1: 9.29, Acc@5: 69.91
2025-06-11 14:03:10,146 - log - INFO - iter:3420/8100, clip_acc1=7.777777671813965, tta_acc1=9.678362846374512
2025-06-11 14:03:10,147 - log - INFO - iter:3420/8100, Original Acc@1: 7.78, Acc@5: 78.89, TTA Acc@1: 9.68, Acc@5: 70.09
2025-06-11 14:04:00,975 - log - INFO - iter:3440/8100, clip_acc1=7.936046600341797, tta_acc1=9.94186019897461
2025-06-11 14:04:00,976 - log - INFO - iter:3440/8100, Original Acc@1: 7.94, Acc@5: 79.01, TTA Acc@1: 9.94, Acc@5: 70.26
2025-06-11 14:04:51,946 - log - INFO - iter:3460/8100, clip_acc1=8.063583374023438, tta_acc1=10.086705207824707
2025-06-11 14:04:51,947 - log - INFO - iter:3460/8100, Original Acc@1: 8.06, Acc@5: 79.10, TTA Acc@1: 10.09, Acc@5: 70.43
2025-06-11 14:05:42,936 - log - INFO - iter:3480/8100, clip_acc1=8.419540405273438, tta_acc1=10.344827651977539
2025-06-11 14:05:42,936 - log - INFO - iter:3480/8100, Original Acc@1: 8.42, Acc@5: 79.22, TTA Acc@1: 10.34, Acc@5: 70.57
2025-06-11 14:06:33,734 - log - INFO - iter:3500/8100, clip_acc1=8.657142639160156, tta_acc1=10.628571510314941
2025-06-11 14:06:33,734 - log - INFO - iter:3500/8100, Original Acc@1: 8.66, Acc@5: 79.31, TTA Acc@1: 10.63, Acc@5: 70.63
2025-06-11 14:07:24,594 - log - INFO - iter:3520/8100, clip_acc1=8.94886302947998, tta_acc1=10.9375
2025-06-11 14:07:24,595 - log - INFO - iter:3520/8100, Original Acc@1: 8.95, Acc@5: 79.43, TTA Acc@1: 10.94, Acc@5: 70.80
2025-06-11 14:08:15,394 - log - INFO - iter:3540/8100, clip_acc1=9.209039688110352, tta_acc1=11.186440467834473
2025-06-11 14:08:15,394 - log - INFO - iter:3540/8100, Original Acc@1: 9.21, Acc@5: 79.49, TTA Acc@1: 11.19, Acc@5: 70.82
2025-06-11 14:09:06,700 - log - INFO - iter:3560/8100, clip_acc1=9.522472381591797, tta_acc1=11.488763809204102
2025-06-11 14:09:06,701 - log - INFO - iter:3560/8100, Original Acc@1: 9.52, Acc@5: 79.58, TTA Acc@1: 11.49, Acc@5: 70.87
2025-06-11 14:09:57,919 - log - INFO - iter:3580/8100, clip_acc1=9.720669746398926, tta_acc1=11.67597770690918
2025-06-11 14:09:57,920 - log - INFO - iter:3580/8100, Original Acc@1: 9.72, Acc@5: 79.69, TTA Acc@1: 11.68, Acc@5: 70.98
2025-06-11 14:10:49,081 - log - INFO - iter:3600/8100, clip_acc1=10.027777671813965, tta_acc1=11.88888931274414
2025-06-11 14:10:49,081 - log - INFO - iter:3600/8100, Original Acc@1: 10.03, Acc@5: 79.81, TTA Acc@1: 11.89, Acc@5: 71.08
2025-06-11 14:11:40,285 - log - INFO - iter:3620/8100, clip_acc1=10.331491470336914, tta_acc1=12.071823120117188
2025-06-11 14:11:40,286 - log - INFO - iter:3620/8100, Original Acc@1: 10.33, Acc@5: 79.92, TTA Acc@1: 12.07, Acc@5: 71.22
2025-06-11 14:12:31,462 - log - INFO - iter:3640/8100, clip_acc1=10.576923370361328, tta_acc1=12.307692527770996
2025-06-11 14:12:31,462 - log - INFO - iter:3640/8100, Original Acc@1: 10.58, Acc@5: 80.03, TTA Acc@1: 12.31, Acc@5: 71.35
2025-06-11 14:13:22,462 - log - INFO - iter:3660/8100, clip_acc1=10.76502799987793, tta_acc1=12.486339569091797
2025-06-11 14:13:22,462 - log - INFO - iter:3660/8100, Original Acc@1: 10.77, Acc@5: 80.11, TTA Acc@1: 12.49, Acc@5: 71.37
2025-06-11 14:14:13,615 - log - INFO - iter:3680/8100, clip_acc1=10.978260040283203, tta_acc1=12.7445650100708
2025-06-11 14:14:13,616 - log - INFO - iter:3680/8100, Original Acc@1: 10.98, Acc@5: 80.22, TTA Acc@1: 12.74, Acc@5: 71.47
2025-06-11 14:15:04,846 - log - INFO - iter:3700/8100, clip_acc1=11.243243217468262, tta_acc1=12.972972869873047
2025-06-11 14:15:04,847 - log - INFO - iter:3700/8100, Original Acc@1: 11.24, Acc@5: 80.32, TTA Acc@1: 12.97, Acc@5: 71.57
2025-06-11 14:15:55,956 - log - INFO - iter:3720/8100, clip_acc1=11.478494644165039, tta_acc1=13.198925018310547
2025-06-11 14:15:55,957 - log - INFO - iter:3720/8100, Original Acc@1: 11.48, Acc@5: 80.40, TTA Acc@1: 13.20, Acc@5: 71.67
2025-06-11 14:16:46,991 - log - INFO - iter:3740/8100, clip_acc1=11.737968444824219, tta_acc1=13.475935935974121
2025-06-11 14:16:46,991 - log - INFO - iter:3740/8100, Original Acc@1: 11.74, Acc@5: 80.48, TTA Acc@1: 13.48, Acc@5: 71.76
2025-06-11 14:17:38,025 - log - INFO - iter:3760/8100, clip_acc1=11.888297080993652, tta_acc1=13.696807861328125
2025-06-11 14:17:38,026 - log - INFO - iter:3760/8100, Original Acc@1: 11.89, Acc@5: 80.59, TTA Acc@1: 13.70, Acc@5: 71.91
2025-06-11 14:18:29,125 - log - INFO - iter:3780/8100, clip_acc1=12.010581970214844, tta_acc1=13.862434387207031
2025-06-11 14:18:29,126 - log - INFO - iter:3780/8100, Original Acc@1: 12.01, Acc@5: 80.69, TTA Acc@1: 13.86, Acc@5: 71.98
2025-06-11 14:19:20,411 - log - INFO - iter:3800/8100, clip_acc1=12.289473533630371, tta_acc1=14.078947067260742
2025-06-11 14:19:20,412 - log - INFO - iter:3800/8100, Original Acc@1: 12.29, Acc@5: 80.76, TTA Acc@1: 14.08, Acc@5: 72.11
2025-06-11 14:20:11,493 - log - INFO - iter:3820/8100, clip_acc1=12.565444946289062, tta_acc1=14.26701545715332
2025-06-11 14:20:11,494 - log - INFO - iter:3820/8100, Original Acc@1: 12.57, Acc@5: 80.86, TTA Acc@1: 14.27, Acc@5: 72.20
2025-06-11 14:21:03,392 - log - INFO - iter:3840/8100, clip_acc1=12.812500953674316, tta_acc1=14.479166984558105
2025-06-11 14:21:03,392 - log - INFO - iter:3840/8100, Original Acc@1: 12.81, Acc@5: 80.94, TTA Acc@1: 14.48, Acc@5: 72.29
2025-06-11 14:21:54,500 - log - INFO - iter:3860/8100, clip_acc1=13.031088829040527, tta_acc1=14.71502685546875
2025-06-11 14:21:54,500 - log - INFO - iter:3860/8100, Original Acc@1: 13.03, Acc@5: 81.04, TTA Acc@1: 14.72, Acc@5: 72.38
2025-06-11 14:22:45,337 - log - INFO - iter:3880/8100, clip_acc1=13.27319622039795, tta_acc1=15.025774002075195
2025-06-11 14:22:45,338 - log - INFO - iter:3880/8100, Original Acc@1: 13.27, Acc@5: 81.13, TTA Acc@1: 15.03, Acc@5: 72.50
2025-06-11 14:23:36,481 - log - INFO - iter:3900/8100, clip_acc1=13.51282024383545, tta_acc1=15.256409645080566
2025-06-11 14:23:36,481 - log - INFO - iter:3900/8100, Original Acc@1: 13.51, Acc@5: 81.23, TTA Acc@1: 15.26, Acc@5: 72.56
2025-06-11 14:24:27,623 - log - INFO - iter:3920/8100, clip_acc1=13.77550983428955, tta_acc1=15.459182739257812
2025-06-11 14:24:27,623 - log - INFO - iter:3920/8100, Original Acc@1: 13.78, Acc@5: 81.33, TTA Acc@1: 15.46, Acc@5: 72.68
2025-06-11 14:25:18,639 - log - INFO - iter:3940/8100, clip_acc1=13.984771728515625, tta_acc1=15.65989875793457
2025-06-11 14:25:18,639 - log - INFO - iter:3940/8100, Original Acc@1: 13.98, Acc@5: 81.42, TTA Acc@1: 15.66, Acc@5: 72.79
2025-06-11 14:26:09,887 - log - INFO - iter:3960/8100, clip_acc1=14.292929649353027, tta_acc1=15.959596633911133
2025-06-11 14:26:09,888 - log - INFO - iter:3960/8100, Original Acc@1: 14.29, Acc@5: 81.49, TTA Acc@1: 15.96, Acc@5: 72.88
2025-06-11 14:27:00,918 - log - INFO - iter:3980/8100, clip_acc1=14.422110557556152, tta_acc1=16.105527877807617
2025-06-11 14:27:00,918 - log - INFO - iter:3980/8100, Original Acc@1: 14.42, Acc@5: 81.56, TTA Acc@1: 16.11, Acc@5: 72.96
2025-06-11 14:27:52,031 - log - INFO - iter:4000/8100, clip_acc1=14.625000953674316, tta_acc1=16.275001525878906
2025-06-11 14:27:52,031 - log - INFO - iter:4000/8100, Original Acc@1: 14.63, Acc@5: 81.65, TTA Acc@1: 16.28, Acc@5: 73.05
2025-06-11 14:28:42,948 - log - INFO - iter:4020/8100, clip_acc1=14.875622749328613, tta_acc1=16.417911529541016
2025-06-11 14:28:42,948 - log - INFO - iter:4020/8100, Original Acc@1: 14.88, Acc@5: 81.74, TTA Acc@1: 16.42, Acc@5: 73.11
2025-06-11 14:29:33,885 - log - INFO - iter:4040/8100, clip_acc1=15.024752616882324, tta_acc1=16.58415985107422
2025-06-11 14:29:33,885 - log - INFO - iter:4040/8100, Original Acc@1: 15.02, Acc@5: 81.78, TTA Acc@1: 16.58, Acc@5: 73.19
2025-06-11 14:30:24,965 - log - INFO - iter:4060/8100, clip_acc1=15.270936012268066, tta_acc1=16.699508666992188
2025-06-11 14:30:24,965 - log - INFO - iter:4060/8100, Original Acc@1: 15.27, Acc@5: 81.82, TTA Acc@1: 16.70, Acc@5: 73.23
2025-06-11 14:31:16,027 - log - INFO - iter:4080/8100, clip_acc1=15.5147066116333, tta_acc1=16.86274528503418
2025-06-11 14:31:16,027 - log - INFO - iter:4080/8100, Original Acc@1: 15.51, Acc@5: 81.89, TTA Acc@1: 16.86, Acc@5: 73.31
2025-06-11 14:32:07,574 - log - INFO - iter:4100/8100, clip_acc1=15.731707572937012, tta_acc1=17.024391174316406
2025-06-11 14:32:07,575 - log - INFO - iter:4100/8100, Original Acc@1: 15.73, Acc@5: 81.95, TTA Acc@1: 17.02, Acc@5: 73.41
2025-06-11 14:32:58,670 - log - INFO - iter:4120/8100, clip_acc1=15.946601867675781, tta_acc1=17.233009338378906
2025-06-11 14:32:58,670 - log - INFO - iter:4120/8100, Original Acc@1: 15.95, Acc@5: 82.04, TTA Acc@1: 17.23, Acc@5: 73.52
2025-06-11 14:33:49,547 - log - INFO - iter:4140/8100, clip_acc1=16.20772933959961, tta_acc1=17.41545867919922
2025-06-11 14:33:49,547 - log - INFO - iter:4140/8100, Original Acc@1: 16.21, Acc@5: 82.13, TTA Acc@1: 17.42, Acc@5: 73.60
2025-06-11 14:34:40,633 - log - INFO - iter:4160/8100, clip_acc1=16.37019157409668, tta_acc1=17.548076629638672
2025-06-11 14:34:40,633 - log - INFO - iter:4160/8100, Original Acc@1: 16.37, Acc@5: 82.19, TTA Acc@1: 17.55, Acc@5: 73.65
2025-06-11 14:35:31,882 - log - INFO - iter:4180/8100, clip_acc1=16.674640655517578, tta_acc1=17.799043655395508
2025-06-11 14:35:31,882 - log - INFO - iter:4180/8100, Original Acc@1: 16.67, Acc@5: 82.22, TTA Acc@1: 17.80, Acc@5: 73.73
2025-06-11 14:36:23,045 - log - INFO - iter:4200/8100, clip_acc1=16.928571701049805, tta_acc1=18.0238094329834
2025-06-11 14:36:23,045 - log - INFO - iter:4200/8100, Original Acc@1: 16.93, Acc@5: 82.29, TTA Acc@1: 18.02, Acc@5: 73.83
2025-06-11 14:37:14,061 - log - INFO - iter:4220/8100, clip_acc1=16.84834098815918, tta_acc1=17.93838882446289
2025-06-11 14:37:14,061 - log - INFO - iter:4220/8100, Original Acc@1: 16.85, Acc@5: 82.16, TTA Acc@1: 17.94, Acc@5: 73.93
2025-06-11 14:38:05,135 - log - INFO - iter:4240/8100, clip_acc1=16.76886749267578, tta_acc1=17.85377311706543
2025-06-11 14:38:05,135 - log - INFO - iter:4240/8100, Original Acc@1: 16.77, Acc@5: 82.00, TTA Acc@1: 17.85, Acc@5: 73.99
2025-06-11 14:38:56,276 - log - INFO - iter:4260/8100, clip_acc1=16.690141677856445, tta_acc1=17.76995277404785
2025-06-11 14:38:56,276 - log - INFO - iter:4260/8100, Original Acc@1: 16.69, Acc@5: 81.92, TTA Acc@1: 17.77, Acc@5: 74.04
2025-06-11 14:39:47,412 - log - INFO - iter:4280/8100, clip_acc1=16.612150192260742, tta_acc1=17.68691635131836
2025-06-11 14:39:47,413 - log - INFO - iter:4280/8100, Original Acc@1: 16.61, Acc@5: 81.78, TTA Acc@1: 17.69, Acc@5: 74.09
2025-06-11 14:40:38,501 - log - INFO - iter:4300/8100, clip_acc1=16.534883499145508, tta_acc1=17.604652404785156
2025-06-11 14:40:38,502 - log - INFO - iter:4300/8100, Original Acc@1: 16.53, Acc@5: 81.58, TTA Acc@1: 17.60, Acc@5: 74.14
2025-06-11 14:41:29,668 - log - INFO - iter:4320/8100, clip_acc1=16.45833396911621, tta_acc1=17.523147583007812
2025-06-11 14:41:29,668 - log - INFO - iter:4320/8100, Original Acc@1: 16.46, Acc@5: 81.48, TTA Acc@1: 17.52, Acc@5: 74.12
2025-06-11 14:42:20,816 - log - INFO - iter:4340/8100, clip_acc1=16.382488250732422, tta_acc1=17.44239616394043
2025-06-11 14:42:20,816 - log - INFO - iter:4340/8100, Original Acc@1: 16.38, Acc@5: 81.43, TTA Acc@1: 17.44, Acc@5: 74.19
2025-06-11 14:43:11,883 - log - INFO - iter:4360/8100, clip_acc1=16.30733871459961, tta_acc1=17.362384796142578
2025-06-11 14:43:11,884 - log - INFO - iter:4360/8100, Original Acc@1: 16.31, Acc@5: 81.42, TTA Acc@1: 17.36, Acc@5: 74.31
2025-06-11 14:44:02,948 - log - INFO - iter:4380/8100, clip_acc1=16.23287582397461, tta_acc1=17.283103942871094
2025-06-11 14:44:02,949 - log - INFO - iter:4380/8100, Original Acc@1: 16.23, Acc@5: 81.26, TTA Acc@1: 17.28, Acc@5: 74.34
2025-06-11 14:44:53,945 - log - INFO - iter:4400/8100, clip_acc1=16.15909194946289, tta_acc1=17.204545974731445
2025-06-11 14:44:53,945 - log - INFO - iter:4400/8100, Original Acc@1: 16.16, Acc@5: 81.18, TTA Acc@1: 17.20, Acc@5: 74.41
2025-06-11 14:45:44,828 - log - INFO - iter:4420/8100, clip_acc1=16.085973739624023, tta_acc1=17.126697540283203
2025-06-11 14:45:44,828 - log - INFO - iter:4420/8100, Original Acc@1: 16.09, Acc@5: 81.02, TTA Acc@1: 17.13, Acc@5: 74.43
2025-06-11 14:46:35,825 - log - INFO - iter:4440/8100, clip_acc1=16.013513565063477, tta_acc1=17.049549102783203
2025-06-11 14:46:35,825 - log - INFO - iter:4440/8100, Original Acc@1: 16.01, Acc@5: 80.95, TTA Acc@1: 17.05, Acc@5: 74.53
2025-06-11 14:47:26,845 - log - INFO - iter:4460/8100, clip_acc1=15.941703796386719, tta_acc1=16.973093032836914
2025-06-11 14:47:26,845 - log - INFO - iter:4460/8100, Original Acc@1: 15.94, Acc@5: 80.90, TTA Acc@1: 16.97, Acc@5: 74.55
2025-06-11 14:48:17,804 - log - INFO - iter:4480/8100, clip_acc1=15.870535850524902, tta_acc1=16.897321701049805
2025-06-11 14:48:17,804 - log - INFO - iter:4480/8100, Original Acc@1: 15.87, Acc@5: 80.76, TTA Acc@1: 16.90, Acc@5: 74.62
2025-06-11 14:49:09,048 - log - INFO - iter:4500/8100, clip_acc1=15.800000190734863, tta_acc1=16.822221755981445
2025-06-11 14:49:09,048 - log - INFO - iter:4500/8100, Original Acc@1: 15.80, Acc@5: 80.60, TTA Acc@1: 16.82, Acc@5: 74.56
2025-06-11 14:50:00,230 - log - INFO - iter:4520/8100, clip_acc1=15.730088233947754, tta_acc1=16.747787475585938
2025-06-11 14:50:00,230 - log - INFO - iter:4520/8100, Original Acc@1: 15.73, Acc@5: 80.38, TTA Acc@1: 16.75, Acc@5: 74.58
2025-06-11 14:50:51,390 - log - INFO - iter:4540/8100, clip_acc1=15.66079330444336, tta_acc1=16.674009323120117
2025-06-11 14:50:51,391 - log - INFO - iter:4540/8100, Original Acc@1: 15.66, Acc@5: 80.33, TTA Acc@1: 16.67, Acc@5: 74.56
2025-06-11 14:51:42,414 - log - INFO - iter:4560/8100, clip_acc1=15.592105865478516, tta_acc1=16.60087776184082
2025-06-11 14:51:42,415 - log - INFO - iter:4560/8100, Original Acc@1: 15.59, Acc@5: 80.18, TTA Acc@1: 16.60, Acc@5: 74.56
2025-06-11 14:52:34,212 - log - INFO - iter:4580/8100, clip_acc1=15.524018287658691, tta_acc1=16.528385162353516
2025-06-11 14:52:34,212 - log - INFO - iter:4580/8100, Original Acc@1: 15.52, Acc@5: 80.09, TTA Acc@1: 16.53, Acc@5: 74.61
2025-06-11 14:53:25,148 - log - INFO - iter:4600/8100, clip_acc1=15.456521987915039, tta_acc1=16.45652198791504
2025-06-11 14:53:25,149 - log - INFO - iter:4600/8100, Original Acc@1: 15.46, Acc@5: 79.87, TTA Acc@1: 16.46, Acc@5: 74.61
2025-06-11 14:54:15,899 - log - INFO - iter:4620/8100, clip_acc1=15.38961124420166, tta_acc1=16.385282516479492
2025-06-11 14:54:15,899 - log - INFO - iter:4620/8100, Original Acc@1: 15.39, Acc@5: 79.85, TTA Acc@1: 16.39, Acc@5: 74.72
2025-06-11 14:55:06,918 - log - INFO - iter:4640/8100, clip_acc1=15.323275566101074, tta_acc1=16.314655303955078
2025-06-11 14:55:06,918 - log - INFO - iter:4640/8100, Original Acc@1: 15.32, Acc@5: 79.72, TTA Acc@1: 16.31, Acc@5: 74.72
2025-06-11 14:55:58,613 - log - INFO - iter:4660/8100, clip_acc1=15.257511138916016, tta_acc1=16.2446346282959
2025-06-11 14:55:58,613 - log - INFO - iter:4660/8100, Original Acc@1: 15.26, Acc@5: 79.61, TTA Acc@1: 16.24, Acc@5: 74.76
2025-06-11 14:56:49,872 - log - INFO - iter:4680/8100, clip_acc1=15.192307472229004, tta_acc1=16.175212860107422
2025-06-11 14:56:49,872 - log - INFO - iter:4680/8100, Original Acc@1: 15.19, Acc@5: 79.51, TTA Acc@1: 16.18, Acc@5: 74.83
2025-06-11 14:57:40,932 - log - INFO - iter:4700/8100, clip_acc1=15.12765884399414, tta_acc1=16.106382369995117
2025-06-11 14:57:40,933 - log - INFO - iter:4700/8100, Original Acc@1: 15.13, Acc@5: 79.43, TTA Acc@1: 16.11, Acc@5: 74.87
2025-06-11 14:58:32,607 - log - INFO - iter:4720/8100, clip_acc1=15.063559532165527, tta_acc1=16.038135528564453
2025-06-11 14:58:32,608 - log - INFO - iter:4720/8100, Original Acc@1: 15.06, Acc@5: 79.28, TTA Acc@1: 16.04, Acc@5: 74.89
2025-06-11 14:59:24,063 - log - INFO - iter:4740/8100, clip_acc1=15.0, tta_acc1=15.970464706420898
2025-06-11 14:59:24,063 - log - INFO - iter:4740/8100, Original Acc@1: 15.00, Acc@5: 79.14, TTA Acc@1: 15.97, Acc@5: 74.87
2025-06-11 15:00:15,291 - log - INFO - iter:4760/8100, clip_acc1=14.93697452545166, tta_acc1=15.903361320495605
2025-06-11 15:00:15,291 - log - INFO - iter:4760/8100, Original Acc@1: 14.94, Acc@5: 78.95, TTA Acc@1: 15.90, Acc@5: 74.87
2025-06-11 15:01:06,256 - log - INFO - iter:4780/8100, clip_acc1=14.87447738647461, tta_acc1=15.836820602416992
2025-06-11 15:01:06,257 - log - INFO - iter:4780/8100, Original Acc@1: 14.87, Acc@5: 78.79, TTA Acc@1: 15.84, Acc@5: 74.87
2025-06-11 15:01:57,350 - log - INFO - iter:4800/8100, clip_acc1=14.8125, tta_acc1=15.770833969116211
2025-06-11 15:01:57,351 - log - INFO - iter:4800/8100, Original Acc@1: 14.81, Acc@5: 78.67, TTA Acc@1: 15.77, Acc@5: 74.92
2025-06-11 15:02:48,263 - log - INFO - iter:4820/8100, clip_acc1=15.082987785339355, tta_acc1=15.975104331970215
2025-06-11 15:02:48,263 - log - INFO - iter:4820/8100, Original Acc@1: 15.08, Acc@5: 78.76, TTA Acc@1: 15.98, Acc@5: 75.02
2025-06-11 15:03:39,103 - log - INFO - iter:4840/8100, clip_acc1=15.330578804016113, tta_acc1=16.136363983154297
2025-06-11 15:03:39,104 - log - INFO - iter:4840/8100, Original Acc@1: 15.33, Acc@5: 78.84, TTA Acc@1: 16.14, Acc@5: 75.12
2025-06-11 15:04:30,001 - log - INFO - iter:4860/8100, clip_acc1=15.637860298156738, tta_acc1=16.39917755126953
2025-06-11 15:04:30,002 - log - INFO - iter:4860/8100, Original Acc@1: 15.64, Acc@5: 78.93, TTA Acc@1: 16.40, Acc@5: 75.23
2025-06-11 15:05:20,869 - log - INFO - iter:4880/8100, clip_acc1=15.922131538391113, tta_acc1=16.639345169067383
2025-06-11 15:05:20,869 - log - INFO - iter:4880/8100, Original Acc@1: 15.92, Acc@5: 79.02, TTA Acc@1: 16.64, Acc@5: 75.33
2025-06-11 15:06:11,740 - log - INFO - iter:4900/8100, clip_acc1=16.14285659790039, tta_acc1=16.897958755493164
2025-06-11 15:06:11,740 - log - INFO - iter:4900/8100, Original Acc@1: 16.14, Acc@5: 79.10, TTA Acc@1: 16.90, Acc@5: 75.43
2025-06-11 15:07:02,797 - log - INFO - iter:4920/8100, clip_acc1=16.382112503051758, tta_acc1=17.113821029663086
2025-06-11 15:07:02,797 - log - INFO - iter:4920/8100, Original Acc@1: 16.38, Acc@5: 79.19, TTA Acc@1: 17.11, Acc@5: 75.53
2025-06-11 15:07:54,693 - log - INFO - iter:4940/8100, clip_acc1=16.6599178314209, tta_acc1=17.348176956176758
2025-06-11 15:07:54,694 - log - INFO - iter:4940/8100, Original Acc@1: 16.66, Acc@5: 79.27, TTA Acc@1: 17.35, Acc@5: 75.63
2025-06-11 15:08:45,626 - log - INFO - iter:4960/8100, clip_acc1=16.995967864990234, tta_acc1=17.620967864990234
2025-06-11 15:08:45,626 - log - INFO - iter:4960/8100, Original Acc@1: 17.00, Acc@5: 79.35, TTA Acc@1: 17.62, Acc@5: 75.73
2025-06-11 15:09:36,754 - log - INFO - iter:4980/8100, clip_acc1=17.22891616821289, tta_acc1=17.83132553100586
2025-06-11 15:09:36,754 - log - INFO - iter:4980/8100, Original Acc@1: 17.23, Acc@5: 79.42, TTA Acc@1: 17.83, Acc@5: 75.80
2025-06-11 15:10:27,751 - log - INFO - iter:5000/8100, clip_acc1=17.399999618530273, tta_acc1=18.0
2025-06-11 15:10:27,752 - log - INFO - iter:5000/8100, Original Acc@1: 17.40, Acc@5: 79.50, TTA Acc@1: 18.00, Acc@5: 75.90
2025-06-11 15:11:18,792 - log - INFO - iter:5020/8100, clip_acc1=17.68924331665039, tta_acc1=18.26693344116211
2025-06-11 15:11:18,792 - log - INFO - iter:5020/8100, Original Acc@1: 17.69, Acc@5: 79.58, TTA Acc@1: 18.27, Acc@5: 76.00
2025-06-11 15:12:10,267 - log - INFO - iter:5040/8100, clip_acc1=17.956350326538086, tta_acc1=18.492063522338867
2025-06-11 15:12:10,267 - log - INFO - iter:5040/8100, Original Acc@1: 17.96, Acc@5: 79.66, TTA Acc@1: 18.49, Acc@5: 76.09
2025-06-11 15:13:01,466 - log - INFO - iter:5060/8100, clip_acc1=18.201580047607422, tta_acc1=18.675888061523438
2025-06-11 15:13:01,466 - log - INFO - iter:5060/8100, Original Acc@1: 18.20, Acc@5: 79.74, TTA Acc@1: 18.68, Acc@5: 76.19
2025-06-11 15:13:52,307 - log - INFO - iter:5080/8100, clip_acc1=18.464567184448242, tta_acc1=18.877952575683594
2025-06-11 15:13:52,307 - log - INFO - iter:5080/8100, Original Acc@1: 18.46, Acc@5: 79.82, TTA Acc@1: 18.88, Acc@5: 76.28
2025-06-11 15:14:43,396 - log - INFO - iter:5100/8100, clip_acc1=18.745098114013672, tta_acc1=19.117647171020508
2025-06-11 15:14:43,397 - log - INFO - iter:5100/8100, Original Acc@1: 18.75, Acc@5: 79.90, TTA Acc@1: 19.12, Acc@5: 76.37
2025-06-11 15:15:34,344 - log - INFO - iter:5120/8100, clip_acc1=19.0234375, tta_acc1=19.3359375
2025-06-11 15:15:34,344 - log - INFO - iter:5120/8100, Original Acc@1: 19.02, Acc@5: 79.98, TTA Acc@1: 19.34, Acc@5: 76.46
2025-06-11 15:16:25,404 - log - INFO - iter:5140/8100, clip_acc1=19.24124526977539, tta_acc1=19.51361846923828
2025-06-11 15:16:25,405 - log - INFO - iter:5140/8100, Original Acc@1: 19.24, Acc@5: 80.06, TTA Acc@1: 19.51, Acc@5: 76.56
2025-06-11 15:17:16,372 - log - INFO - iter:5160/8100, clip_acc1=19.437984466552734, tta_acc1=19.70930290222168
2025-06-11 15:17:16,373 - log - INFO - iter:5160/8100, Original Acc@1: 19.44, Acc@5: 80.14, TTA Acc@1: 19.71, Acc@5: 76.65
2025-06-11 15:18:07,307 - log - INFO - iter:5180/8100, clip_acc1=19.67181396484375, tta_acc1=19.903474807739258
2025-06-11 15:18:07,307 - log - INFO - iter:5180/8100, Original Acc@1: 19.67, Acc@5: 80.21, TTA Acc@1: 19.90, Acc@5: 76.74
2025-06-11 15:18:58,497 - log - INFO - iter:5200/8100, clip_acc1=19.94230842590332, tta_acc1=20.115385055541992
2025-06-11 15:18:58,497 - log - INFO - iter:5200/8100, Original Acc@1: 19.94, Acc@5: 80.29, TTA Acc@1: 20.12, Acc@5: 76.83
2025-06-11 15:19:49,482 - log - INFO - iter:5220/8100, clip_acc1=20.191572189331055, tta_acc1=20.287357330322266
2025-06-11 15:19:49,482 - log - INFO - iter:5220/8100, Original Acc@1: 20.19, Acc@5: 80.36, TTA Acc@1: 20.29, Acc@5: 76.92
2025-06-11 15:20:40,775 - log - INFO - iter:5240/8100, clip_acc1=20.43893051147461, tta_acc1=20.51526641845703
2025-06-11 15:20:40,776 - log - INFO - iter:5240/8100, Original Acc@1: 20.44, Acc@5: 80.44, TTA Acc@1: 20.52, Acc@5: 77.00
2025-06-11 15:21:31,796 - log - INFO - iter:5260/8100, clip_acc1=20.6653995513916, tta_acc1=20.703420639038086
2025-06-11 15:21:31,796 - log - INFO - iter:5260/8100, Original Acc@1: 20.67, Acc@5: 80.51, TTA Acc@1: 20.70, Acc@5: 77.09
2025-06-11 15:22:22,889 - log - INFO - iter:5280/8100, clip_acc1=20.852272033691406, tta_acc1=20.871212005615234
2025-06-11 15:22:22,889 - log - INFO - iter:5280/8100, Original Acc@1: 20.85, Acc@5: 80.59, TTA Acc@1: 20.87, Acc@5: 77.18
2025-06-11 15:23:13,681 - log - INFO - iter:5300/8100, clip_acc1=21.075471878051758, tta_acc1=21.037734985351562
2025-06-11 15:23:13,681 - log - INFO - iter:5300/8100, Original Acc@1: 21.08, Acc@5: 80.66, TTA Acc@1: 21.04, Acc@5: 77.26
2025-06-11 15:24:04,749 - log - INFO - iter:5320/8100, clip_acc1=21.296993255615234, tta_acc1=21.2030086517334
2025-06-11 15:24:04,750 - log - INFO - iter:5320/8100, Original Acc@1: 21.30, Acc@5: 80.73, TTA Acc@1: 21.20, Acc@5: 77.35
2025-06-11 15:24:55,904 - log - INFO - iter:5340/8100, clip_acc1=21.591760635375977, tta_acc1=21.423221588134766
2025-06-11 15:24:55,905 - log - INFO - iter:5340/8100, Original Acc@1: 21.59, Acc@5: 80.81, TTA Acc@1: 21.42, Acc@5: 77.43
2025-06-11 15:25:47,116 - log - INFO - iter:5360/8100, clip_acc1=21.828357696533203, tta_acc1=21.5858211517334
2025-06-11 15:25:47,116 - log - INFO - iter:5360/8100, Original Acc@1: 21.83, Acc@5: 80.86, TTA Acc@1: 21.59, Acc@5: 77.52
2025-06-11 15:26:38,238 - log - INFO - iter:5380/8100, clip_acc1=22.007434844970703, tta_acc1=21.765798568725586
2025-06-11 15:26:38,238 - log - INFO - iter:5380/8100, Original Acc@1: 22.01, Acc@5: 80.93, TTA Acc@1: 21.77, Acc@5: 77.60
2025-06-11 15:27:29,252 - log - INFO - iter:5400/8100, clip_acc1=22.185184478759766, tta_acc1=21.962963104248047
2025-06-11 15:27:29,252 - log - INFO - iter:5400/8100, Original Acc@1: 22.19, Acc@5: 81.00, TTA Acc@1: 21.96, Acc@5: 77.69
2025-06-11 15:28:20,320 - log - INFO - iter:5420/8100, clip_acc1=22.416973114013672, tta_acc1=22.214021682739258
2025-06-11 15:28:20,320 - log - INFO - iter:5420/8100, Original Acc@1: 22.42, Acc@5: 81.07, TTA Acc@1: 22.21, Acc@5: 77.77
2025-06-11 15:29:11,398 - log - INFO - iter:5440/8100, clip_acc1=22.610294342041016, tta_acc1=22.352941513061523
2025-06-11 15:29:11,399 - log - INFO - iter:5440/8100, Original Acc@1: 22.61, Acc@5: 81.14, TTA Acc@1: 22.35, Acc@5: 77.85
2025-06-11 15:30:02,608 - log - INFO - iter:5460/8100, clip_acc1=22.820512771606445, tta_acc1=22.490842819213867
2025-06-11 15:30:02,608 - log - INFO - iter:5460/8100, Original Acc@1: 22.82, Acc@5: 81.21, TTA Acc@1: 22.49, Acc@5: 77.93
2025-06-11 15:30:53,759 - log - INFO - iter:5480/8100, clip_acc1=23.047443389892578, tta_acc1=22.645984649658203
2025-06-11 15:30:53,759 - log - INFO - iter:5480/8100, Original Acc@1: 23.05, Acc@5: 81.28, TTA Acc@1: 22.65, Acc@5: 78.01
2025-06-11 15:31:44,754 - log - INFO - iter:5500/8100, clip_acc1=23.30908966064453, tta_acc1=22.872726440429688
2025-06-11 15:31:44,754 - log - INFO - iter:5500/8100, Original Acc@1: 23.31, Acc@5: 81.35, TTA Acc@1: 22.87, Acc@5: 78.09
2025-06-11 15:32:35,775 - log - INFO - iter:5520/8100, clip_acc1=23.5688419342041, tta_acc1=23.09782600402832
2025-06-11 15:32:35,775 - log - INFO - iter:5520/8100, Original Acc@1: 23.57, Acc@5: 81.41, TTA Acc@1: 23.10, Acc@5: 78.17
2025-06-11 15:33:26,887 - log - INFO - iter:5540/8100, clip_acc1=23.772563934326172, tta_acc1=23.30324935913086
2025-06-11 15:33:26,887 - log - INFO - iter:5540/8100, Original Acc@1: 23.77, Acc@5: 81.48, TTA Acc@1: 23.30, Acc@5: 78.25
2025-06-11 15:34:17,860 - log - INFO - iter:5560/8100, clip_acc1=23.848920822143555, tta_acc1=23.363309860229492
2025-06-11 15:34:17,860 - log - INFO - iter:5560/8100, Original Acc@1: 23.85, Acc@5: 81.40, TTA Acc@1: 23.36, Acc@5: 78.15
2025-06-11 15:35:09,103 - log - INFO - iter:5580/8100, clip_acc1=23.763439178466797, tta_acc1=23.279569625854492
2025-06-11 15:35:09,104 - log - INFO - iter:5580/8100, Original Acc@1: 23.76, Acc@5: 81.18, TTA Acc@1: 23.28, Acc@5: 77.89
2025-06-11 15:36:00,203 - log - INFO - iter:5600/8100, clip_acc1=23.678571701049805, tta_acc1=23.196428298950195
2025-06-11 15:36:00,203 - log - INFO - iter:5600/8100, Original Acc@1: 23.68, Acc@5: 80.93, TTA Acc@1: 23.20, Acc@5: 77.62
2025-06-11 15:36:51,335 - log - INFO - iter:5620/8100, clip_acc1=23.59430694580078, tta_acc1=23.11387825012207
2025-06-11 15:36:51,335 - log - INFO - iter:5620/8100, Original Acc@1: 23.59, Acc@5: 80.71, TTA Acc@1: 23.11, Acc@5: 77.37
2025-06-11 15:37:42,380 - log - INFO - iter:5640/8100, clip_acc1=23.510637283325195, tta_acc1=23.03191375732422
2025-06-11 15:37:42,380 - log - INFO - iter:5640/8100, Original Acc@1: 23.51, Acc@5: 80.48, TTA Acc@1: 23.03, Acc@5: 77.11
2025-06-11 15:38:33,542 - log - INFO - iter:5660/8100, clip_acc1=23.427560806274414, tta_acc1=22.950529098510742
2025-06-11 15:38:33,542 - log - INFO - iter:5660/8100, Original Acc@1: 23.43, Acc@5: 80.23, TTA Acc@1: 22.95, Acc@5: 76.89
2025-06-11 15:39:24,702 - log - INFO - iter:5680/8100, clip_acc1=23.362674713134766, tta_acc1=22.8873233795166
2025-06-11 15:39:24,702 - log - INFO - iter:5680/8100, Original Acc@1: 23.36, Acc@5: 80.02, TTA Acc@1: 22.89, Acc@5: 76.65
2025-06-11 15:40:15,802 - log - INFO - iter:5700/8100, clip_acc1=23.280702590942383, tta_acc1=22.807018280029297
2025-06-11 15:40:15,802 - log - INFO - iter:5700/8100, Original Acc@1: 23.28, Acc@5: 79.79, TTA Acc@1: 22.81, Acc@5: 76.42
2025-06-11 15:41:06,927 - log - INFO - iter:5720/8100, clip_acc1=23.19930076599121, tta_acc1=22.72727394104004
2025-06-11 15:41:06,928 - log - INFO - iter:5720/8100, Original Acc@1: 23.20, Acc@5: 79.58, TTA Acc@1: 22.73, Acc@5: 76.21
2025-06-11 15:41:58,025 - log - INFO - iter:5740/8100, clip_acc1=23.135887145996094, tta_acc1=22.648082733154297
2025-06-11 15:41:58,026 - log - INFO - iter:5740/8100, Original Acc@1: 23.14, Acc@5: 79.39, TTA Acc@1: 22.65, Acc@5: 75.99
2025-06-11 15:42:49,171 - log - INFO - iter:5760/8100, clip_acc1=23.05555534362793, tta_acc1=22.56944465637207
2025-06-11 15:42:49,171 - log - INFO - iter:5760/8100, Original Acc@1: 23.06, Acc@5: 79.15, TTA Acc@1: 22.57, Acc@5: 75.76
