2025-06-10 17:45:08,166 - log - INFO - ==========================================
data:/l/users/hashmat.malik/downstream_datasets
test_sets:Cars
dataset_mode:test
arch:fare4
resolution:224
workers:4
no_pin_memory:False
batch_size:64
print_freq:20
gpu:0
no_cudnn_benchmark:False
n_ctx:4
ctx_init:a_photo_of_a
tpt_loss:rtpt
seed:0
output_dir:/l/users/hashmat.malik/atpt_results/fare4/Cars
log_output_dir:/l/users/hashmat.malik/Projects/ATPT/Final_Results/fare4/Cars
eps:0.0
alpha:0.0
alpha_eps_ratio:4.0
steps:0
lr:0.005
selection_p:0.1
tta_steps:0
ensemble_type:none
top_k:20
softmax_temp:0.01
counter_attack:True
counter_attack_type:pgd
counter_attack_steps:2
counter_attack_eps:4.0
counter_attack_alpha:1.0
counter_attack_tau_thres:0.2
counter_attack_beta:2.0
counter_attack_weighted_perturbations:True
pgd_clip_pure_i_text_embeddings:null
pgd_counter_and_clipure_i_lamda:1.0
selected_id_name:selected_topk.json
weighted_score_name:weighted_scores.json
batch_entropy_name:entropies.json
log_dir:/l/users/hashmat.malik/Projects/ATPT/Final_Results/fare4/Cars/Clean/Counter_Attack/Eps_4_0_Steps_2_Alpha_1_0/tau_0_2_beta_2_0_weighted_pertrubation_True/No_TPT/Inference_Ensemble_none

2025-06-10 17:45:08,167 - log - INFO - Use GPU: 0 for training
2025-06-10 17:45:26,293 - log - INFO - Freezing all parameters except prompt learner
2025-06-10 17:45:26,294 - log - INFO - => Model created: visual backbone fare4
2025-06-10 17:45:26,311 - log - INFO - Number of test samples: 8041
2025-06-10 17:45:26,311 - log - INFO - Evaluating dataset: Cars
2025-06-10 17:45:26,312 - log - INFO - Starting evaluation with batch size: 64, selection percentage: 0.1
2025-06-10 17:45:26,312 - log - INFO - Test-time adaptation steps: 0, learning rate: 0.005
2025-06-10 17:45:26,312 - log - INFO - Using counter-attack with epsilon: 4.000000, alpha: 0.000000, steps: 2, tau_thres: 0.2, beta: 2.0, weighted perturbation: True
2025-06-10 17:46:55,612 - log - INFO - iter:20/8041, clip_acc1=50.0, tta_acc1=50.0
2025-06-10 17:46:55,613 - log - INFO - iter:20/8041, Original Acc@1: 50.00, Acc@5: 85.00, TTA Acc@1: 50.00, Acc@5: 85.00
2025-06-10 17:48:22,439 - log - INFO - iter:40/8041, clip_acc1=62.5, tta_acc1=62.5
2025-06-10 17:48:22,439 - log - INFO - iter:40/8041, Original Acc@1: 62.50, Acc@5: 92.50, TTA Acc@1: 62.50, Acc@5: 92.50
2025-06-10 17:49:48,989 - log - INFO - iter:60/8041, clip_acc1=56.66666793823242, tta_acc1=56.66666793823242
2025-06-10 17:49:48,989 - log - INFO - iter:60/8041, Original Acc@1: 56.67, Acc@5: 93.33, TTA Acc@1: 56.67, Acc@5: 93.33
2025-06-10 17:51:15,536 - log - INFO - iter:80/8041, clip_acc1=56.25, tta_acc1=56.25
2025-06-10 17:51:15,536 - log - INFO - iter:80/8041, Original Acc@1: 56.25, Acc@5: 93.75, TTA Acc@1: 56.25, Acc@5: 93.75
2025-06-10 17:52:41,850 - log - INFO - iter:100/8041, clip_acc1=58.0, tta_acc1=58.0
2025-06-10 17:52:41,851 - log - INFO - iter:100/8041, Original Acc@1: 58.00, Acc@5: 94.00, TTA Acc@1: 58.00, Acc@5: 94.00
2025-06-10 17:54:08,865 - log - INFO - iter:120/8041, clip_acc1=57.500003814697266, tta_acc1=57.500003814697266
2025-06-10 17:54:08,865 - log - INFO - iter:120/8041, Original Acc@1: 57.50, Acc@5: 94.17, TTA Acc@1: 57.50, Acc@5: 94.17
2025-06-10 17:55:35,904 - log - INFO - iter:140/8041, clip_acc1=56.42857360839844, tta_acc1=56.42857360839844
2025-06-10 17:55:35,905 - log - INFO - iter:140/8041, Original Acc@1: 56.43, Acc@5: 94.29, TTA Acc@1: 56.43, Acc@5: 94.29
2025-06-10 17:57:02,831 - log - INFO - iter:160/8041, clip_acc1=55.625, tta_acc1=55.625
2025-06-10 17:57:02,832 - log - INFO - iter:160/8041, Original Acc@1: 55.62, Acc@5: 94.38, TTA Acc@1: 55.62, Acc@5: 94.38
2025-06-10 17:58:29,231 - log - INFO - iter:180/8041, clip_acc1=59.4444465637207, tta_acc1=59.4444465637207
2025-06-10 17:58:29,231 - log - INFO - iter:180/8041, Original Acc@1: 59.44, Acc@5: 94.44, TTA Acc@1: 59.44, Acc@5: 94.44
2025-06-10 17:59:55,674 - log - INFO - iter:200/8041, clip_acc1=59.0, tta_acc1=59.0
2025-06-10 17:59:55,675 - log - INFO - iter:200/8041, Original Acc@1: 59.00, Acc@5: 93.50, TTA Acc@1: 59.00, Acc@5: 93.50
2025-06-10 18:01:22,335 - log - INFO - iter:220/8041, clip_acc1=60.909088134765625, tta_acc1=60.909088134765625
2025-06-10 18:01:22,335 - log - INFO - iter:220/8041, Original Acc@1: 60.91, Acc@5: 93.18, TTA Acc@1: 60.91, Acc@5: 93.18
2025-06-10 18:02:48,129 - log - INFO - iter:240/8041, clip_acc1=62.083335876464844, tta_acc1=62.083335876464844
2025-06-10 18:02:48,129 - log - INFO - iter:240/8041, Original Acc@1: 62.08, Acc@5: 93.75, TTA Acc@1: 62.08, Acc@5: 93.75
2025-06-10 18:04:14,774 - log - INFO - iter:260/8041, clip_acc1=63.46154022216797, tta_acc1=63.46154022216797
2025-06-10 18:04:14,775 - log - INFO - iter:260/8041, Original Acc@1: 63.46, Acc@5: 93.46, TTA Acc@1: 63.46, Acc@5: 93.46
2025-06-10 18:05:41,652 - log - INFO - iter:280/8041, clip_acc1=62.85714340209961, tta_acc1=62.85714340209961
2025-06-10 18:05:41,652 - log - INFO - iter:280/8041, Original Acc@1: 62.86, Acc@5: 93.57, TTA Acc@1: 62.86, Acc@5: 93.57
2025-06-10 18:07:08,885 - log - INFO - iter:300/8041, clip_acc1=63.66666793823242, tta_acc1=63.66666793823242
2025-06-10 18:07:08,885 - log - INFO - iter:300/8041, Original Acc@1: 63.67, Acc@5: 94.00, TTA Acc@1: 63.67, Acc@5: 94.00
2025-06-10 18:08:35,339 - log - INFO - iter:320/8041, clip_acc1=63.125, tta_acc1=63.125
2025-06-10 18:08:35,340 - log - INFO - iter:320/8041, Original Acc@1: 63.12, Acc@5: 94.06, TTA Acc@1: 63.12, Acc@5: 94.06
2025-06-10 18:10:02,346 - log - INFO - iter:340/8041, clip_acc1=62.64706039428711, tta_acc1=62.64706039428711
2025-06-10 18:10:02,347 - log - INFO - iter:340/8041, Original Acc@1: 62.65, Acc@5: 93.24, TTA Acc@1: 62.65, Acc@5: 93.24
2025-06-10 18:11:28,895 - log - INFO - iter:360/8041, clip_acc1=62.77777862548828, tta_acc1=62.77777862548828
2025-06-10 18:11:28,896 - log - INFO - iter:360/8041, Original Acc@1: 62.78, Acc@5: 93.61, TTA Acc@1: 62.78, Acc@5: 93.61
2025-06-10 18:12:54,814 - log - INFO - iter:380/8041, clip_acc1=62.6315803527832, tta_acc1=62.6315803527832
2025-06-10 18:12:54,815 - log - INFO - iter:380/8041, Original Acc@1: 62.63, Acc@5: 93.68, TTA Acc@1: 62.63, Acc@5: 93.68
2025-06-10 18:14:21,417 - log - INFO - iter:400/8041, clip_acc1=62.25, tta_acc1=62.25
2025-06-10 18:14:21,417 - log - INFO - iter:400/8041, Original Acc@1: 62.25, Acc@5: 94.00, TTA Acc@1: 62.25, Acc@5: 94.00
2025-06-10 18:15:46,368 - log - INFO - iter:420/8041, clip_acc1=62.85714340209961, tta_acc1=62.85714340209961
2025-06-10 18:15:46,369 - log - INFO - iter:420/8041, Original Acc@1: 62.86, Acc@5: 94.05, TTA Acc@1: 62.86, Acc@5: 94.05
2025-06-10 18:17:13,434 - log - INFO - iter:440/8041, clip_acc1=62.727272033691406, tta_acc1=62.727272033691406
2025-06-10 18:17:13,434 - log - INFO - iter:440/8041, Original Acc@1: 62.73, Acc@5: 94.09, TTA Acc@1: 62.73, Acc@5: 94.09
2025-06-10 18:18:39,586 - log - INFO - iter:460/8041, clip_acc1=62.391300201416016, tta_acc1=62.391300201416016
2025-06-10 18:18:39,586 - log - INFO - iter:460/8041, Original Acc@1: 62.39, Acc@5: 93.91, TTA Acc@1: 62.39, Acc@5: 93.91
2025-06-10 18:20:07,643 - log - INFO - iter:480/8041, clip_acc1=62.500003814697266, tta_acc1=62.500003814697266
2025-06-10 18:20:07,644 - log - INFO - iter:480/8041, Original Acc@1: 62.50, Acc@5: 93.54, TTA Acc@1: 62.50, Acc@5: 93.54
2025-06-10 18:21:34,218 - log - INFO - iter:500/8041, clip_acc1=62.60000228881836, tta_acc1=62.60000228881836
2025-06-10 18:21:34,219 - log - INFO - iter:500/8041, Original Acc@1: 62.60, Acc@5: 93.60, TTA Acc@1: 62.60, Acc@5: 93.60
2025-06-10 18:23:01,805 - log - INFO - iter:520/8041, clip_acc1=62.5, tta_acc1=62.5
2025-06-10 18:23:01,805 - log - INFO - iter:520/8041, Original Acc@1: 62.50, Acc@5: 93.85, TTA Acc@1: 62.50, Acc@5: 93.85
2025-06-10 18:24:29,074 - log - INFO - iter:540/8041, clip_acc1=62.407405853271484, tta_acc1=62.407405853271484
2025-06-10 18:24:29,075 - log - INFO - iter:540/8041, Original Acc@1: 62.41, Acc@5: 93.70, TTA Acc@1: 62.41, Acc@5: 93.70
2025-06-10 18:25:55,677 - log - INFO - iter:560/8041, clip_acc1=62.32143020629883, tta_acc1=62.32143020629883
2025-06-10 18:25:55,678 - log - INFO - iter:560/8041, Original Acc@1: 62.32, Acc@5: 93.39, TTA Acc@1: 62.32, Acc@5: 93.39
2025-06-10 18:27:22,724 - log - INFO - iter:580/8041, clip_acc1=62.24137878417969, tta_acc1=62.24137878417969
2025-06-10 18:27:22,724 - log - INFO - iter:580/8041, Original Acc@1: 62.24, Acc@5: 93.28, TTA Acc@1: 62.24, Acc@5: 93.28
2025-06-10 18:28:49,294 - log - INFO - iter:600/8041, clip_acc1=62.5, tta_acc1=62.5
2025-06-10 18:28:49,295 - log - INFO - iter:600/8041, Original Acc@1: 62.50, Acc@5: 93.33, TTA Acc@1: 62.50, Acc@5: 93.33
2025-06-10 18:30:16,217 - log - INFO - iter:620/8041, clip_acc1=62.74193572998047, tta_acc1=62.74193572998047
2025-06-10 18:30:16,217 - log - INFO - iter:620/8041, Original Acc@1: 62.74, Acc@5: 93.39, TTA Acc@1: 62.74, Acc@5: 93.39
2025-06-10 18:31:43,913 - log - INFO - iter:640/8041, clip_acc1=62.65625, tta_acc1=62.65625
2025-06-10 18:31:43,914 - log - INFO - iter:640/8041, Original Acc@1: 62.66, Acc@5: 93.44, TTA Acc@1: 62.66, Acc@5: 93.44
2025-06-10 18:33:10,224 - log - INFO - iter:660/8041, clip_acc1=62.57575607299805, tta_acc1=62.57575607299805
2025-06-10 18:33:10,224 - log - INFO - iter:660/8041, Original Acc@1: 62.58, Acc@5: 93.48, TTA Acc@1: 62.58, Acc@5: 93.48
2025-06-10 18:34:36,745 - log - INFO - iter:680/8041, clip_acc1=62.79411697387695, tta_acc1=62.79411697387695
2025-06-10 18:34:36,745 - log - INFO - iter:680/8041, Original Acc@1: 62.79, Acc@5: 93.68, TTA Acc@1: 62.79, Acc@5: 93.68
2025-06-10 18:36:03,618 - log - INFO - iter:700/8041, clip_acc1=63.71428680419922, tta_acc1=63.71428680419922
2025-06-10 18:36:03,619 - log - INFO - iter:700/8041, Original Acc@1: 63.71, Acc@5: 93.71, TTA Acc@1: 63.71, Acc@5: 93.71
2025-06-10 18:37:30,506 - log - INFO - iter:720/8041, clip_acc1=63.75, tta_acc1=63.75
2025-06-10 18:37:30,507 - log - INFO - iter:720/8041, Original Acc@1: 63.75, Acc@5: 93.61, TTA Acc@1: 63.75, Acc@5: 93.61
2025-06-10 18:38:56,945 - log - INFO - iter:740/8041, clip_acc1=64.18919372558594, tta_acc1=64.18919372558594
2025-06-10 18:38:56,945 - log - INFO - iter:740/8041, Original Acc@1: 64.19, Acc@5: 93.78, TTA Acc@1: 64.19, Acc@5: 93.78
2025-06-10 18:40:23,691 - log - INFO - iter:760/8041, clip_acc1=64.21052551269531, tta_acc1=64.21052551269531
2025-06-10 18:40:23,692 - log - INFO - iter:760/8041, Original Acc@1: 64.21, Acc@5: 93.82, TTA Acc@1: 64.21, Acc@5: 93.82
2025-06-10 18:41:50,180 - log - INFO - iter:780/8041, clip_acc1=64.61538696289062, tta_acc1=64.61538696289062
2025-06-10 18:41:50,180 - log - INFO - iter:780/8041, Original Acc@1: 64.62, Acc@5: 93.85, TTA Acc@1: 64.62, Acc@5: 93.85
2025-06-10 18:43:17,095 - log - INFO - iter:800/8041, clip_acc1=64.375, tta_acc1=64.375
2025-06-10 18:43:17,095 - log - INFO - iter:800/8041, Original Acc@1: 64.38, Acc@5: 93.88, TTA Acc@1: 64.38, Acc@5: 93.88
2025-06-10 18:44:43,719 - log - INFO - iter:820/8041, clip_acc1=64.75609588623047, tta_acc1=64.75609588623047
2025-06-10 18:44:43,719 - log - INFO - iter:820/8041, Original Acc@1: 64.76, Acc@5: 94.02, TTA Acc@1: 64.76, Acc@5: 94.02
2025-06-10 18:46:10,566 - log - INFO - iter:840/8041, clip_acc1=64.28571319580078, tta_acc1=64.28571319580078
2025-06-10 18:46:10,567 - log - INFO - iter:840/8041, Original Acc@1: 64.29, Acc@5: 93.93, TTA Acc@1: 64.29, Acc@5: 93.93
2025-06-10 18:47:36,015 - log - INFO - iter:860/8041, clip_acc1=64.4186019897461, tta_acc1=64.4186019897461
2025-06-10 18:47:36,016 - log - INFO - iter:860/8041, Original Acc@1: 64.42, Acc@5: 93.95, TTA Acc@1: 64.42, Acc@5: 93.95
2025-06-10 18:49:02,847 - log - INFO - iter:880/8041, clip_acc1=64.43181610107422, tta_acc1=64.43181610107422
2025-06-10 18:49:02,848 - log - INFO - iter:880/8041, Original Acc@1: 64.43, Acc@5: 93.75, TTA Acc@1: 64.43, Acc@5: 93.75
2025-06-10 18:50:31,413 - log - INFO - iter:900/8041, clip_acc1=64.44444274902344, tta_acc1=64.44444274902344
2025-06-10 18:50:31,425 - log - INFO - iter:900/8041, Original Acc@1: 64.44, Acc@5: 93.78, TTA Acc@1: 64.44, Acc@5: 93.78
2025-06-10 18:51:58,669 - log - INFO - iter:920/8041, clip_acc1=64.4565200805664, tta_acc1=64.4565200805664
2025-06-10 18:51:58,669 - log - INFO - iter:920/8041, Original Acc@1: 64.46, Acc@5: 93.80, TTA Acc@1: 64.46, Acc@5: 93.80
2025-06-10 18:53:25,881 - log - INFO - iter:940/8041, clip_acc1=64.46808624267578, tta_acc1=64.46808624267578
2025-06-10 18:53:25,881 - log - INFO - iter:940/8041, Original Acc@1: 64.47, Acc@5: 93.83, TTA Acc@1: 64.47, Acc@5: 93.83
2025-06-10 18:54:52,444 - log - INFO - iter:960/8041, clip_acc1=64.375, tta_acc1=64.375
2025-06-10 18:54:52,444 - log - INFO - iter:960/8041, Original Acc@1: 64.38, Acc@5: 93.75, TTA Acc@1: 64.38, Acc@5: 93.75
2025-06-10 18:56:19,502 - log - INFO - iter:980/8041, clip_acc1=64.28571319580078, tta_acc1=64.28571319580078
2025-06-10 18:56:19,502 - log - INFO - iter:980/8041, Original Acc@1: 64.29, Acc@5: 93.78, TTA Acc@1: 64.29, Acc@5: 93.78
2025-06-10 18:57:47,630 - log - INFO - iter:1000/8041, clip_acc1=64.4000015258789, tta_acc1=64.4000015258789
2025-06-10 18:57:47,631 - log - INFO - iter:1000/8041, Original Acc@1: 64.40, Acc@5: 93.70, TTA Acc@1: 64.40, Acc@5: 93.70
2025-06-10 18:59:14,233 - log - INFO - iter:1020/8041, clip_acc1=64.70588684082031, tta_acc1=64.70588684082031
2025-06-10 18:59:14,234 - log - INFO - iter:1020/8041, Original Acc@1: 64.71, Acc@5: 93.82, TTA Acc@1: 64.71, Acc@5: 93.82
2025-06-10 19:00:40,876 - log - INFO - iter:1040/8041, clip_acc1=64.51923370361328, tta_acc1=64.51923370361328
2025-06-10 19:00:40,876 - log - INFO - iter:1040/8041, Original Acc@1: 64.52, Acc@5: 93.85, TTA Acc@1: 64.52, Acc@5: 93.85
2025-06-10 19:02:07,552 - log - INFO - iter:1060/8041, clip_acc1=64.52830505371094, tta_acc1=64.52830505371094
2025-06-10 19:02:07,552 - log - INFO - iter:1060/8041, Original Acc@1: 64.53, Acc@5: 93.77, TTA Acc@1: 64.53, Acc@5: 93.77
2025-06-10 19:03:34,118 - log - INFO - iter:1080/8041, clip_acc1=64.53703308105469, tta_acc1=64.53703308105469
2025-06-10 19:03:34,118 - log - INFO - iter:1080/8041, Original Acc@1: 64.54, Acc@5: 93.89, TTA Acc@1: 64.54, Acc@5: 93.89
2025-06-10 19:05:01,607 - log - INFO - iter:1100/8041, clip_acc1=64.63636779785156, tta_acc1=64.63636779785156
2025-06-10 19:05:01,607 - log - INFO - iter:1100/8041, Original Acc@1: 64.64, Acc@5: 93.91, TTA Acc@1: 64.64, Acc@5: 93.91
2025-06-10 19:06:28,529 - log - INFO - iter:1120/8041, clip_acc1=65.08928680419922, tta_acc1=65.08928680419922
2025-06-10 19:06:28,530 - log - INFO - iter:1120/8041, Original Acc@1: 65.09, Acc@5: 94.02, TTA Acc@1: 65.09, Acc@5: 94.02
2025-06-10 19:07:55,538 - log - INFO - iter:1140/8041, clip_acc1=65.08772277832031, tta_acc1=65.08772277832031
2025-06-10 19:07:55,538 - log - INFO - iter:1140/8041, Original Acc@1: 65.09, Acc@5: 93.95, TTA Acc@1: 65.09, Acc@5: 93.95
2025-06-10 19:09:21,976 - log - INFO - iter:1160/8041, clip_acc1=65.0862045288086, tta_acc1=65.0862045288086
2025-06-10 19:09:21,976 - log - INFO - iter:1160/8041, Original Acc@1: 65.09, Acc@5: 93.88, TTA Acc@1: 65.09, Acc@5: 93.88
2025-06-10 19:10:49,459 - log - INFO - iter:1180/8041, clip_acc1=65.08474731445312, tta_acc1=65.08474731445312
2025-06-10 19:10:49,460 - log - INFO - iter:1180/8041, Original Acc@1: 65.08, Acc@5: 93.90, TTA Acc@1: 65.08, Acc@5: 93.90
2025-06-10 19:11:46,257 - log - INFO - iter:1200/8041, clip_acc1=65.0, tta_acc1=65.0
2025-06-10 19:11:46,258 - log - INFO - iter:1200/8041, Original Acc@1: 65.00, Acc@5: 93.92, TTA Acc@1: 65.00, Acc@5: 93.92
2025-06-10 19:12:38,897 - log - INFO - iter:1220/8041, clip_acc1=64.91802978515625, tta_acc1=64.91802978515625
2025-06-10 19:12:38,897 - log - INFO - iter:1220/8041, Original Acc@1: 64.92, Acc@5: 93.93, TTA Acc@1: 64.92, Acc@5: 93.93
2025-06-10 19:13:32,334 - log - INFO - iter:1240/8041, clip_acc1=64.83870697021484, tta_acc1=64.83870697021484
2025-06-10 19:13:32,334 - log - INFO - iter:1240/8041, Original Acc@1: 64.84, Acc@5: 94.03, TTA Acc@1: 64.84, Acc@5: 94.03
2025-06-10 19:14:27,137 - log - INFO - iter:1260/8041, clip_acc1=65.0, tta_acc1=65.0
2025-06-10 19:14:27,137 - log - INFO - iter:1260/8041, Original Acc@1: 65.00, Acc@5: 93.97, TTA Acc@1: 65.00, Acc@5: 93.97
2025-06-10 19:15:20,702 - log - INFO - iter:1280/8041, clip_acc1=65.0, tta_acc1=65.0
2025-06-10 19:15:20,702 - log - INFO - iter:1280/8041, Original Acc@1: 65.00, Acc@5: 93.91, TTA Acc@1: 65.00, Acc@5: 93.91
2025-06-10 19:16:13,611 - log - INFO - iter:1300/8041, clip_acc1=64.76923370361328, tta_acc1=64.76923370361328
2025-06-10 19:16:13,611 - log - INFO - iter:1300/8041, Original Acc@1: 64.77, Acc@5: 93.92, TTA Acc@1: 64.77, Acc@5: 93.92
2025-06-10 19:17:07,142 - log - INFO - iter:1320/8041, clip_acc1=64.7727279663086, tta_acc1=64.7727279663086
2025-06-10 19:17:07,142 - log - INFO - iter:1320/8041, Original Acc@1: 64.77, Acc@5: 93.71, TTA Acc@1: 64.77, Acc@5: 93.71
2025-06-10 19:18:00,274 - log - INFO - iter:1340/8041, clip_acc1=64.70149230957031, tta_acc1=64.70149230957031
2025-06-10 19:18:00,274 - log - INFO - iter:1340/8041, Original Acc@1: 64.70, Acc@5: 93.73, TTA Acc@1: 64.70, Acc@5: 93.73
2025-06-10 19:18:53,633 - log - INFO - iter:1360/8041, clip_acc1=64.4117660522461, tta_acc1=64.4117660522461
2025-06-10 19:18:53,633 - log - INFO - iter:1360/8041, Original Acc@1: 64.41, Acc@5: 93.68, TTA Acc@1: 64.41, Acc@5: 93.68
2025-06-10 19:19:47,051 - log - INFO - iter:1380/8041, clip_acc1=64.56521606445312, tta_acc1=64.56521606445312
2025-06-10 19:19:47,051 - log - INFO - iter:1380/8041, Original Acc@1: 64.57, Acc@5: 93.77, TTA Acc@1: 64.57, Acc@5: 93.77
2025-06-10 19:20:39,475 - log - INFO - iter:1400/8041, clip_acc1=64.42857360839844, tta_acc1=64.42857360839844
2025-06-10 19:20:39,475 - log - INFO - iter:1400/8041, Original Acc@1: 64.43, Acc@5: 93.71, TTA Acc@1: 64.43, Acc@5: 93.71
2025-06-10 19:21:32,027 - log - INFO - iter:1420/8041, clip_acc1=64.50704193115234, tta_acc1=64.50704193115234
2025-06-10 19:21:32,027 - log - INFO - iter:1420/8041, Original Acc@1: 64.51, Acc@5: 93.73, TTA Acc@1: 64.51, Acc@5: 93.73
2025-06-10 19:22:24,968 - log - INFO - iter:1440/8041, clip_acc1=64.5138931274414, tta_acc1=64.5138931274414
2025-06-10 19:22:24,968 - log - INFO - iter:1440/8041, Original Acc@1: 64.51, Acc@5: 93.75, TTA Acc@1: 64.51, Acc@5: 93.75
2025-06-10 19:23:17,058 - log - INFO - iter:1460/8041, clip_acc1=64.52054595947266, tta_acc1=64.52054595947266
2025-06-10 19:23:17,058 - log - INFO - iter:1460/8041, Original Acc@1: 64.52, Acc@5: 93.70, TTA Acc@1: 64.52, Acc@5: 93.70
2025-06-10 19:24:09,077 - log - INFO - iter:1480/8041, clip_acc1=64.45945739746094, tta_acc1=64.45945739746094
2025-06-10 19:24:09,077 - log - INFO - iter:1480/8041, Original Acc@1: 64.46, Acc@5: 93.78, TTA Acc@1: 64.46, Acc@5: 93.78
2025-06-10 19:25:02,089 - log - INFO - iter:1500/8041, clip_acc1=64.53333282470703, tta_acc1=64.53333282470703
2025-06-10 19:25:02,090 - log - INFO - iter:1500/8041, Original Acc@1: 64.53, Acc@5: 93.87, TTA Acc@1: 64.53, Acc@5: 93.87
2025-06-10 19:25:55,293 - log - INFO - iter:1520/8041, clip_acc1=64.47368621826172, tta_acc1=64.47368621826172
2025-06-10 19:25:55,293 - log - INFO - iter:1520/8041, Original Acc@1: 64.47, Acc@5: 93.82, TTA Acc@1: 64.47, Acc@5: 93.82
2025-06-10 19:26:47,347 - log - INFO - iter:1540/8041, clip_acc1=64.48051452636719, tta_acc1=64.48051452636719
2025-06-10 19:26:47,348 - log - INFO - iter:1540/8041, Original Acc@1: 64.48, Acc@5: 93.83, TTA Acc@1: 64.48, Acc@5: 93.83
2025-06-10 19:27:40,158 - log - INFO - iter:1560/8041, clip_acc1=64.10256958007812, tta_acc1=64.10256958007812
2025-06-10 19:27:40,158 - log - INFO - iter:1560/8041, Original Acc@1: 64.10, Acc@5: 93.85, TTA Acc@1: 64.10, Acc@5: 93.85
2025-06-10 19:28:32,538 - log - INFO - iter:1580/8041, clip_acc1=64.17721557617188, tta_acc1=64.17721557617188
2025-06-10 19:28:32,539 - log - INFO - iter:1580/8041, Original Acc@1: 64.18, Acc@5: 93.86, TTA Acc@1: 64.18, Acc@5: 93.86
2025-06-10 19:29:26,012 - log - INFO - iter:1600/8041, clip_acc1=64.125, tta_acc1=64.125
2025-06-10 19:29:26,012 - log - INFO - iter:1600/8041, Original Acc@1: 64.12, Acc@5: 93.81, TTA Acc@1: 64.12, Acc@5: 93.81
2025-06-10 19:30:18,661 - log - INFO - iter:1620/8041, clip_acc1=64.13580322265625, tta_acc1=64.13580322265625
2025-06-10 19:30:18,662 - log - INFO - iter:1620/8041, Original Acc@1: 64.14, Acc@5: 93.89, TTA Acc@1: 64.14, Acc@5: 93.89
2025-06-10 19:31:11,427 - log - INFO - iter:1640/8041, clip_acc1=64.1463394165039, tta_acc1=64.1463394165039
2025-06-10 19:31:11,428 - log - INFO - iter:1640/8041, Original Acc@1: 64.15, Acc@5: 93.84, TTA Acc@1: 64.15, Acc@5: 93.84
2025-06-10 19:32:05,555 - log - INFO - iter:1660/8041, clip_acc1=64.33734893798828, tta_acc1=64.33734893798828
2025-06-10 19:32:05,556 - log - INFO - iter:1660/8041, Original Acc@1: 64.34, Acc@5: 93.80, TTA Acc@1: 64.34, Acc@5: 93.80
2025-06-10 19:32:58,292 - log - INFO - iter:1680/8041, clip_acc1=64.4047622680664, tta_acc1=64.4047622680664
2025-06-10 19:32:58,292 - log - INFO - iter:1680/8041, Original Acc@1: 64.40, Acc@5: 93.81, TTA Acc@1: 64.40, Acc@5: 93.81
2025-06-10 19:33:51,558 - log - INFO - iter:1700/8041, clip_acc1=64.29411315917969, tta_acc1=64.29411315917969
2025-06-10 19:33:51,558 - log - INFO - iter:1700/8041, Original Acc@1: 64.29, Acc@5: 93.71, TTA Acc@1: 64.29, Acc@5: 93.71
2025-06-10 19:34:44,686 - log - INFO - iter:1720/8041, clip_acc1=64.06977081298828, tta_acc1=64.06977081298828
2025-06-10 19:34:44,686 - log - INFO - iter:1720/8041, Original Acc@1: 64.07, Acc@5: 93.66, TTA Acc@1: 64.07, Acc@5: 93.66
2025-06-10 19:35:36,998 - log - INFO - iter:1740/8041, clip_acc1=63.96551513671875, tta_acc1=63.96551513671875
2025-06-10 19:35:36,998 - log - INFO - iter:1740/8041, Original Acc@1: 63.97, Acc@5: 93.68, TTA Acc@1: 63.97, Acc@5: 93.68
2025-06-10 19:36:29,537 - log - INFO - iter:1760/8041, clip_acc1=64.09090423583984, tta_acc1=64.09090423583984
2025-06-10 19:36:29,537 - log - INFO - iter:1760/8041, Original Acc@1: 64.09, Acc@5: 93.75, TTA Acc@1: 64.09, Acc@5: 93.75
2025-06-10 19:37:22,301 - log - INFO - iter:1780/8041, clip_acc1=63.76404571533203, tta_acc1=63.76404571533203
2025-06-10 19:37:22,302 - log - INFO - iter:1780/8041, Original Acc@1: 63.76, Acc@5: 93.71, TTA Acc@1: 63.76, Acc@5: 93.71
2025-06-10 19:38:14,428 - log - INFO - iter:1800/8041, clip_acc1=63.833335876464844, tta_acc1=63.833335876464844
2025-06-10 19:38:14,429 - log - INFO - iter:1800/8041, Original Acc@1: 63.83, Acc@5: 93.72, TTA Acc@1: 63.83, Acc@5: 93.72
2025-06-10 19:39:06,886 - log - INFO - iter:1820/8041, clip_acc1=63.95604705810547, tta_acc1=63.95604705810547
2025-06-10 19:39:06,886 - log - INFO - iter:1820/8041, Original Acc@1: 63.96, Acc@5: 93.74, TTA Acc@1: 63.96, Acc@5: 93.74
2025-06-10 19:39:59,383 - log - INFO - iter:1840/8041, clip_acc1=64.02173614501953, tta_acc1=64.02173614501953
2025-06-10 19:39:59,384 - log - INFO - iter:1840/8041, Original Acc@1: 64.02, Acc@5: 93.75, TTA Acc@1: 64.02, Acc@5: 93.75
2025-06-10 19:40:51,668 - log - INFO - iter:1860/8041, clip_acc1=63.92473220825195, tta_acc1=63.92473220825195
2025-06-10 19:40:51,668 - log - INFO - iter:1860/8041, Original Acc@1: 63.92, Acc@5: 93.71, TTA Acc@1: 63.92, Acc@5: 93.71
2025-06-10 19:41:45,110 - log - INFO - iter:1880/8041, clip_acc1=63.98936080932617, tta_acc1=63.98936080932617
2025-06-10 19:41:45,110 - log - INFO - iter:1880/8041, Original Acc@1: 63.99, Acc@5: 93.67, TTA Acc@1: 63.99, Acc@5: 93.67
2025-06-10 19:42:37,915 - log - INFO - iter:1900/8041, clip_acc1=63.947364807128906, tta_acc1=63.947364807128906
2025-06-10 19:42:37,915 - log - INFO - iter:1900/8041, Original Acc@1: 63.95, Acc@5: 93.63, TTA Acc@1: 63.95, Acc@5: 93.63
2025-06-10 19:43:30,665 - log - INFO - iter:1920/8041, clip_acc1=63.906253814697266, tta_acc1=63.906253814697266
2025-06-10 19:43:30,665 - log - INFO - iter:1920/8041, Original Acc@1: 63.91, Acc@5: 93.54, TTA Acc@1: 63.91, Acc@5: 93.54
2025-06-10 19:44:23,305 - log - INFO - iter:1940/8041, clip_acc1=64.12371063232422, tta_acc1=64.12371063232422
2025-06-10 19:44:23,305 - log - INFO - iter:1940/8041, Original Acc@1: 64.12, Acc@5: 93.61, TTA Acc@1: 64.12, Acc@5: 93.61
2025-06-10 19:45:15,628 - log - INFO - iter:1960/8041, clip_acc1=64.03060913085938, tta_acc1=64.03060913085938
2025-06-10 19:45:15,628 - log - INFO - iter:1960/8041, Original Acc@1: 64.03, Acc@5: 93.57, TTA Acc@1: 64.03, Acc@5: 93.57
2025-06-10 19:46:09,024 - log - INFO - iter:1980/8041, clip_acc1=64.14141845703125, tta_acc1=64.14141845703125
2025-06-10 19:46:09,024 - log - INFO - iter:1980/8041, Original Acc@1: 64.14, Acc@5: 93.59, TTA Acc@1: 64.14, Acc@5: 93.59
2025-06-10 19:47:02,077 - log - INFO - iter:2000/8041, clip_acc1=64.10000610351562, tta_acc1=64.10000610351562
2025-06-10 19:47:02,077 - log - INFO - iter:2000/8041, Original Acc@1: 64.10, Acc@5: 93.65, TTA Acc@1: 64.10, Acc@5: 93.65
2025-06-10 19:47:55,456 - log - INFO - iter:2020/8041, clip_acc1=64.1089096069336, tta_acc1=64.1089096069336
2025-06-10 19:47:55,456 - log - INFO - iter:2020/8041, Original Acc@1: 64.11, Acc@5: 93.71, TTA Acc@1: 64.11, Acc@5: 93.71
2025-06-10 19:48:47,976 - log - INFO - iter:2040/8041, clip_acc1=64.06863403320312, tta_acc1=64.06863403320312
2025-06-10 19:48:47,976 - log - INFO - iter:2040/8041, Original Acc@1: 64.07, Acc@5: 93.73, TTA Acc@1: 64.07, Acc@5: 93.73
2025-06-10 19:49:40,162 - log - INFO - iter:2060/8041, clip_acc1=63.88349533081055, tta_acc1=63.88349533081055
2025-06-10 19:49:40,163 - log - INFO - iter:2060/8041, Original Acc@1: 63.88, Acc@5: 93.64, TTA Acc@1: 63.88, Acc@5: 93.64
2025-06-10 19:50:33,072 - log - INFO - iter:2080/8041, clip_acc1=63.79807662963867, tta_acc1=63.79807662963867
2025-06-10 19:50:33,073 - log - INFO - iter:2080/8041, Original Acc@1: 63.80, Acc@5: 93.65, TTA Acc@1: 63.80, Acc@5: 93.65
2025-06-10 19:51:25,425 - log - INFO - iter:2100/8041, clip_acc1=63.71428680419922, tta_acc1=63.71428680419922
2025-06-10 19:51:25,426 - log - INFO - iter:2100/8041, Original Acc@1: 63.71, Acc@5: 93.67, TTA Acc@1: 63.71, Acc@5: 93.67
2025-06-10 19:52:19,053 - log - INFO - iter:2120/8041, clip_acc1=63.632076263427734, tta_acc1=63.632076263427734
2025-06-10 19:52:19,053 - log - INFO - iter:2120/8041, Original Acc@1: 63.63, Acc@5: 93.68, TTA Acc@1: 63.63, Acc@5: 93.68
2025-06-10 19:53:13,006 - log - INFO - iter:2140/8041, clip_acc1=63.738319396972656, tta_acc1=63.738319396972656
2025-06-10 19:53:13,006 - log - INFO - iter:2140/8041, Original Acc@1: 63.74, Acc@5: 93.69, TTA Acc@1: 63.74, Acc@5: 93.69
2025-06-10 19:54:06,173 - log - INFO - iter:2160/8041, clip_acc1=63.657405853271484, tta_acc1=63.657405853271484
2025-06-10 19:54:06,173 - log - INFO - iter:2160/8041, Original Acc@1: 63.66, Acc@5: 93.61, TTA Acc@1: 63.66, Acc@5: 93.61
2025-06-10 19:54:59,106 - log - INFO - iter:2180/8041, clip_acc1=63.57798385620117, tta_acc1=63.57798385620117
2025-06-10 19:54:59,106 - log - INFO - iter:2180/8041, Original Acc@1: 63.58, Acc@5: 93.67, TTA Acc@1: 63.58, Acc@5: 93.67
2025-06-10 19:55:52,189 - log - INFO - iter:2200/8041, clip_acc1=63.6363639831543, tta_acc1=63.6363639831543
2025-06-10 19:55:52,190 - log - INFO - iter:2200/8041, Original Acc@1: 63.64, Acc@5: 93.68, TTA Acc@1: 63.64, Acc@5: 93.68
2025-06-10 19:56:45,835 - log - INFO - iter:2220/8041, clip_acc1=63.693695068359375, tta_acc1=63.693695068359375
2025-06-10 19:56:45,836 - log - INFO - iter:2220/8041, Original Acc@1: 63.69, Acc@5: 93.69, TTA Acc@1: 63.69, Acc@5: 93.69
2025-06-10 19:57:38,784 - log - INFO - iter:2240/8041, clip_acc1=63.66071319580078, tta_acc1=63.66071319580078
2025-06-10 19:57:38,785 - log - INFO - iter:2240/8041, Original Acc@1: 63.66, Acc@5: 93.66, TTA Acc@1: 63.66, Acc@5: 93.66
2025-06-10 19:58:31,325 - log - INFO - iter:2260/8041, clip_acc1=63.53982162475586, tta_acc1=63.53982162475586
2025-06-10 19:58:31,325 - log - INFO - iter:2260/8041, Original Acc@1: 63.54, Acc@5: 93.67, TTA Acc@1: 63.54, Acc@5: 93.67
2025-06-10 19:59:24,193 - log - INFO - iter:2280/8041, clip_acc1=63.640350341796875, tta_acc1=63.640350341796875
2025-06-10 19:59:24,193 - log - INFO - iter:2280/8041, Original Acc@1: 63.64, Acc@5: 93.64, TTA Acc@1: 63.64, Acc@5: 93.64
2025-06-10 20:00:16,375 - log - INFO - iter:2300/8041, clip_acc1=63.65217590332031, tta_acc1=63.65217590332031
2025-06-10 20:00:16,375 - log - INFO - iter:2300/8041, Original Acc@1: 63.65, Acc@5: 93.65, TTA Acc@1: 63.65, Acc@5: 93.65
2025-06-10 20:01:10,078 - log - INFO - iter:2320/8041, clip_acc1=63.75, tta_acc1=63.75
2025-06-10 20:01:10,079 - log - INFO - iter:2320/8041, Original Acc@1: 63.75, Acc@5: 93.66, TTA Acc@1: 63.75, Acc@5: 93.66
2025-06-10 20:02:02,424 - log - INFO - iter:2340/8041, clip_acc1=63.80342102050781, tta_acc1=63.80342102050781
2025-06-10 20:02:02,425 - log - INFO - iter:2340/8041, Original Acc@1: 63.80, Acc@5: 93.72, TTA Acc@1: 63.80, Acc@5: 93.72
2025-06-10 20:02:56,362 - log - INFO - iter:2360/8041, clip_acc1=63.77118682861328, tta_acc1=63.77118682861328
2025-06-10 20:02:56,363 - log - INFO - iter:2360/8041, Original Acc@1: 63.77, Acc@5: 93.73, TTA Acc@1: 63.77, Acc@5: 93.73
2025-06-10 20:03:48,967 - log - INFO - iter:2380/8041, clip_acc1=63.82352828979492, tta_acc1=63.82352828979492
2025-06-10 20:03:48,967 - log - INFO - iter:2380/8041, Original Acc@1: 63.82, Acc@5: 93.78, TTA Acc@1: 63.82, Acc@5: 93.78
2025-06-10 20:04:41,735 - log - INFO - iter:2400/8041, clip_acc1=63.91666793823242, tta_acc1=63.91666793823242
2025-06-10 20:04:41,735 - log - INFO - iter:2400/8041, Original Acc@1: 63.92, Acc@5: 93.79, TTA Acc@1: 63.92, Acc@5: 93.79
2025-06-10 20:05:36,173 - log - INFO - iter:2420/8041, clip_acc1=63.84297561645508, tta_acc1=63.84297561645508
2025-06-10 20:05:36,173 - log - INFO - iter:2420/8041, Original Acc@1: 63.84, Acc@5: 93.76, TTA Acc@1: 63.84, Acc@5: 93.76
2025-06-10 20:06:28,206 - log - INFO - iter:2440/8041, clip_acc1=63.68852615356445, tta_acc1=63.68852615356445
2025-06-10 20:06:28,206 - log - INFO - iter:2440/8041, Original Acc@1: 63.69, Acc@5: 93.73, TTA Acc@1: 63.69, Acc@5: 93.73
2025-06-10 20:07:21,147 - log - INFO - iter:2460/8041, clip_acc1=63.65853500366211, tta_acc1=63.65853500366211
2025-06-10 20:07:21,147 - log - INFO - iter:2460/8041, Original Acc@1: 63.66, Acc@5: 93.74, TTA Acc@1: 63.66, Acc@5: 93.74
2025-06-10 20:08:13,834 - log - INFO - iter:2480/8041, clip_acc1=63.629032135009766, tta_acc1=63.629032135009766
2025-06-10 20:08:13,835 - log - INFO - iter:2480/8041, Original Acc@1: 63.63, Acc@5: 93.67, TTA Acc@1: 63.63, Acc@5: 93.67
2025-06-10 20:09:05,804 - log - INFO - iter:2500/8041, clip_acc1=63.63999938964844, tta_acc1=63.63999938964844
2025-06-10 20:09:05,804 - log - INFO - iter:2500/8041, Original Acc@1: 63.64, Acc@5: 93.64, TTA Acc@1: 63.64, Acc@5: 93.64
2025-06-10 20:09:58,833 - log - INFO - iter:2520/8041, clip_acc1=63.53174591064453, tta_acc1=63.53174591064453
2025-06-10 20:09:58,833 - log - INFO - iter:2520/8041, Original Acc@1: 63.53, Acc@5: 93.61, TTA Acc@1: 63.53, Acc@5: 93.61
2025-06-10 20:10:52,262 - log - INFO - iter:2540/8041, clip_acc1=63.58267593383789, tta_acc1=63.58267593383789
2025-06-10 20:10:52,262 - log - INFO - iter:2540/8041, Original Acc@1: 63.58, Acc@5: 93.62, TTA Acc@1: 63.58, Acc@5: 93.62
2025-06-10 20:11:45,755 - log - INFO - iter:2560/8041, clip_acc1=63.5546875, tta_acc1=63.5546875
2025-06-10 20:11:45,755 - log - INFO - iter:2560/8041, Original Acc@1: 63.55, Acc@5: 93.67, TTA Acc@1: 63.55, Acc@5: 93.67
2025-06-10 20:12:39,353 - log - INFO - iter:2580/8041, clip_acc1=63.41085433959961, tta_acc1=63.41085433959961
2025-06-10 20:12:39,353 - log - INFO - iter:2580/8041, Original Acc@1: 63.41, Acc@5: 93.57, TTA Acc@1: 63.41, Acc@5: 93.57
2025-06-10 20:13:32,599 - log - INFO - iter:2600/8041, clip_acc1=63.38461685180664, tta_acc1=63.38461685180664
2025-06-10 20:13:32,600 - log - INFO - iter:2600/8041, Original Acc@1: 63.38, Acc@5: 93.58, TTA Acc@1: 63.38, Acc@5: 93.58
2025-06-10 20:14:24,412 - log - INFO - iter:2620/8041, clip_acc1=63.32061004638672, tta_acc1=63.32061004638672
2025-06-10 20:14:24,413 - log - INFO - iter:2620/8041, Original Acc@1: 63.32, Acc@5: 93.63, TTA Acc@1: 63.32, Acc@5: 93.63
2025-06-10 20:15:17,112 - log - INFO - iter:2640/8041, clip_acc1=63.18181610107422, tta_acc1=63.18181610107422
2025-06-10 20:15:17,112 - log - INFO - iter:2640/8041, Original Acc@1: 63.18, Acc@5: 93.64, TTA Acc@1: 63.18, Acc@5: 93.64
2025-06-10 20:16:09,715 - log - INFO - iter:2660/8041, clip_acc1=63.27067565917969, tta_acc1=63.27067565917969
2025-06-10 20:16:09,715 - log - INFO - iter:2660/8041, Original Acc@1: 63.27, Acc@5: 93.61, TTA Acc@1: 63.27, Acc@5: 93.61
2025-06-10 20:17:02,828 - log - INFO - iter:2680/8041, clip_acc1=63.2835807800293, tta_acc1=63.2835807800293
2025-06-10 20:17:02,828 - log - INFO - iter:2680/8041, Original Acc@1: 63.28, Acc@5: 93.51, TTA Acc@1: 63.28, Acc@5: 93.51
2025-06-10 20:17:56,329 - log - INFO - iter:2700/8041, clip_acc1=63.25925827026367, tta_acc1=63.25925827026367
2025-06-10 20:17:56,330 - log - INFO - iter:2700/8041, Original Acc@1: 63.26, Acc@5: 93.52, TTA Acc@1: 63.26, Acc@5: 93.52
2025-06-10 20:18:49,141 - log - INFO - iter:2720/8041, clip_acc1=63.34558868408203, tta_acc1=63.34558868408203
2025-06-10 20:18:49,141 - log - INFO - iter:2720/8041, Original Acc@1: 63.35, Acc@5: 93.49, TTA Acc@1: 63.35, Acc@5: 93.49
2025-06-10 20:19:41,661 - log - INFO - iter:2740/8041, clip_acc1=63.3211669921875, tta_acc1=63.3211669921875
2025-06-10 20:19:41,661 - log - INFO - iter:2740/8041, Original Acc@1: 63.32, Acc@5: 93.50, TTA Acc@1: 63.32, Acc@5: 93.50
2025-06-10 20:20:34,041 - log - INFO - iter:2760/8041, clip_acc1=63.333335876464844, tta_acc1=63.333335876464844
2025-06-10 20:20:34,041 - log - INFO - iter:2760/8041, Original Acc@1: 63.33, Acc@5: 93.51, TTA Acc@1: 63.33, Acc@5: 93.51
2025-06-10 20:21:27,317 - log - INFO - iter:2780/8041, clip_acc1=63.38129425048828, tta_acc1=63.38129425048828
2025-06-10 20:21:27,317 - log - INFO - iter:2780/8041, Original Acc@1: 63.38, Acc@5: 93.56, TTA Acc@1: 63.38, Acc@5: 93.56
2025-06-10 20:22:19,567 - log - INFO - iter:2800/8041, clip_acc1=63.32142639160156, tta_acc1=63.32142639160156
2025-06-10 20:22:19,567 - log - INFO - iter:2800/8041, Original Acc@1: 63.32, Acc@5: 93.57, TTA Acc@1: 63.32, Acc@5: 93.57
2025-06-10 20:23:11,658 - log - INFO - iter:2820/8041, clip_acc1=63.40425491333008, tta_acc1=63.40425491333008
2025-06-10 20:23:11,658 - log - INFO - iter:2820/8041, Original Acc@1: 63.40, Acc@5: 93.62, TTA Acc@1: 63.40, Acc@5: 93.62
2025-06-10 20:24:04,383 - log - INFO - iter:2840/8041, clip_acc1=63.380279541015625, tta_acc1=63.380279541015625
2025-06-10 20:24:04,383 - log - INFO - iter:2840/8041, Original Acc@1: 63.38, Acc@5: 93.59, TTA Acc@1: 63.38, Acc@5: 93.59
2025-06-10 20:24:57,579 - log - INFO - iter:2860/8041, clip_acc1=63.35664749145508, tta_acc1=63.35664749145508
2025-06-10 20:24:57,579 - log - INFO - iter:2860/8041, Original Acc@1: 63.36, Acc@5: 93.60, TTA Acc@1: 63.36, Acc@5: 93.60
2025-06-10 20:25:49,235 - log - INFO - iter:2880/8041, clip_acc1=63.333335876464844, tta_acc1=63.333335876464844
2025-06-10 20:25:49,235 - log - INFO - iter:2880/8041, Original Acc@1: 63.33, Acc@5: 93.61, TTA Acc@1: 63.33, Acc@5: 93.61
2025-06-10 20:26:41,453 - log - INFO - iter:2900/8041, clip_acc1=63.27586364746094, tta_acc1=63.27586364746094
2025-06-10 20:26:41,453 - log - INFO - iter:2900/8041, Original Acc@1: 63.28, Acc@5: 93.62, TTA Acc@1: 63.28, Acc@5: 93.62
2025-06-10 20:27:34,327 - log - INFO - iter:2920/8041, clip_acc1=63.35616683959961, tta_acc1=63.35616683959961
2025-06-10 20:27:34,328 - log - INFO - iter:2920/8041, Original Acc@1: 63.36, Acc@5: 93.60, TTA Acc@1: 63.36, Acc@5: 93.60
2025-06-10 20:28:28,909 - log - INFO - iter:2940/8041, clip_acc1=63.333335876464844, tta_acc1=63.333335876464844
2025-06-10 20:28:28,909 - log - INFO - iter:2940/8041, Original Acc@1: 63.33, Acc@5: 93.54, TTA Acc@1: 63.33, Acc@5: 93.54
2025-06-10 20:29:21,790 - log - INFO - iter:2960/8041, clip_acc1=63.27702713012695, tta_acc1=63.27702713012695
2025-06-10 20:29:21,791 - log - INFO - iter:2960/8041, Original Acc@1: 63.28, Acc@5: 93.55, TTA Acc@1: 63.28, Acc@5: 93.55
2025-06-10 20:30:15,847 - log - INFO - iter:2980/8041, clip_acc1=63.28859329223633, tta_acc1=63.28859329223633
2025-06-10 20:30:15,847 - log - INFO - iter:2980/8041, Original Acc@1: 63.29, Acc@5: 93.59, TTA Acc@1: 63.29, Acc@5: 93.59
2025-06-10 20:31:09,356 - log - INFO - iter:3000/8041, clip_acc1=63.36666488647461, tta_acc1=63.36666488647461
2025-06-10 20:31:09,356 - log - INFO - iter:3000/8041, Original Acc@1: 63.37, Acc@5: 93.63, TTA Acc@1: 63.37, Acc@5: 93.63
2025-06-10 20:32:02,261 - log - INFO - iter:3020/8041, clip_acc1=63.3443717956543, tta_acc1=63.3443717956543
2025-06-10 20:32:02,261 - log - INFO - iter:3020/8041, Original Acc@1: 63.34, Acc@5: 93.64, TTA Acc@1: 63.34, Acc@5: 93.64
2025-06-10 20:32:55,910 - log - INFO - iter:3040/8041, clip_acc1=63.35526657104492, tta_acc1=63.35526657104492
2025-06-10 20:32:55,910 - log - INFO - iter:3040/8041, Original Acc@1: 63.36, Acc@5: 93.68, TTA Acc@1: 63.36, Acc@5: 93.68
2025-06-10 20:33:48,704 - log - INFO - iter:3060/8041, clip_acc1=63.300655364990234, tta_acc1=63.300655364990234
2025-06-10 20:33:48,705 - log - INFO - iter:3060/8041, Original Acc@1: 63.30, Acc@5: 93.66, TTA Acc@1: 63.30, Acc@5: 93.66
2025-06-10 20:34:41,332 - log - INFO - iter:3080/8041, clip_acc1=63.27922058105469, tta_acc1=63.27922058105469
2025-06-10 20:34:41,332 - log - INFO - iter:3080/8041, Original Acc@1: 63.28, Acc@5: 93.60, TTA Acc@1: 63.28, Acc@5: 93.60
2025-06-10 20:35:34,219 - log - INFO - iter:3100/8041, clip_acc1=63.225807189941406, tta_acc1=63.225807189941406
2025-06-10 20:35:34,219 - log - INFO - iter:3100/8041, Original Acc@1: 63.23, Acc@5: 93.61, TTA Acc@1: 63.23, Acc@5: 93.61
2025-06-10 20:36:28,512 - log - INFO - iter:3120/8041, clip_acc1=63.2371826171875, tta_acc1=63.2371826171875
2025-06-10 20:36:28,512 - log - INFO - iter:3120/8041, Original Acc@1: 63.24, Acc@5: 93.56, TTA Acc@1: 63.24, Acc@5: 93.56
2025-06-10 20:37:20,055 - log - INFO - iter:3140/8041, clip_acc1=63.28025436401367, tta_acc1=63.28025436401367
2025-06-10 20:37:20,055 - log - INFO - iter:3140/8041, Original Acc@1: 63.28, Acc@5: 93.57, TTA Acc@1: 63.28, Acc@5: 93.57
2025-06-10 20:38:13,480 - log - INFO - iter:3160/8041, clip_acc1=63.25949478149414, tta_acc1=63.25949478149414
2025-06-10 20:38:13,481 - log - INFO - iter:3160/8041, Original Acc@1: 63.26, Acc@5: 93.54, TTA Acc@1: 63.26, Acc@5: 93.54
2025-06-10 20:39:06,748 - log - INFO - iter:3180/8041, clip_acc1=63.23899459838867, tta_acc1=63.23899459838867
2025-06-10 20:39:06,748 - log - INFO - iter:3180/8041, Original Acc@1: 63.24, Acc@5: 93.52, TTA Acc@1: 63.24, Acc@5: 93.52
2025-06-10 20:39:59,534 - log - INFO - iter:3200/8041, clip_acc1=63.25, tta_acc1=63.25
2025-06-10 20:39:59,535 - log - INFO - iter:3200/8041, Original Acc@1: 63.25, Acc@5: 93.56, TTA Acc@1: 63.25, Acc@5: 93.56
2025-06-10 20:40:56,213 - log - INFO - iter:3220/8041, clip_acc1=63.354034423828125, tta_acc1=63.354034423828125
2025-06-10 20:40:56,213 - log - INFO - iter:3220/8041, Original Acc@1: 63.35, Acc@5: 93.60, TTA Acc@1: 63.35, Acc@5: 93.60
2025-06-10 20:41:48,542 - log - INFO - iter:3240/8041, clip_acc1=63.42593002319336, tta_acc1=63.42593002319336
2025-06-10 20:41:48,542 - log - INFO - iter:3240/8041, Original Acc@1: 63.43, Acc@5: 93.61, TTA Acc@1: 63.43, Acc@5: 93.61
2025-06-10 20:42:42,207 - log - INFO - iter:3260/8041, clip_acc1=63.37423324584961, tta_acc1=63.37423324584961
2025-06-10 20:42:42,207 - log - INFO - iter:3260/8041, Original Acc@1: 63.37, Acc@5: 93.65, TTA Acc@1: 63.37, Acc@5: 93.65
2025-06-10 20:43:36,526 - log - INFO - iter:3280/8041, clip_acc1=63.38414764404297, tta_acc1=63.38414764404297
2025-06-10 20:43:36,527 - log - INFO - iter:3280/8041, Original Acc@1: 63.38, Acc@5: 93.66, TTA Acc@1: 63.38, Acc@5: 93.66
2025-06-10 20:44:30,917 - log - INFO - iter:3300/8041, clip_acc1=63.3636360168457, tta_acc1=63.3636360168457
2025-06-10 20:44:30,917 - log - INFO - iter:3300/8041, Original Acc@1: 63.36, Acc@5: 93.67, TTA Acc@1: 63.36, Acc@5: 93.67
2025-06-10 20:45:23,260 - log - INFO - iter:3320/8041, clip_acc1=63.34337615966797, tta_acc1=63.34337615966797
2025-06-10 20:45:23,260 - log - INFO - iter:3320/8041, Original Acc@1: 63.34, Acc@5: 93.70, TTA Acc@1: 63.34, Acc@5: 93.70
2025-06-10 20:46:16,052 - log - INFO - iter:3340/8041, clip_acc1=63.3233528137207, tta_acc1=63.3233528137207
2025-06-10 20:46:16,053 - log - INFO - iter:3340/8041, Original Acc@1: 63.32, Acc@5: 93.74, TTA Acc@1: 63.32, Acc@5: 93.74
2025-06-10 20:47:08,896 - log - INFO - iter:3360/8041, clip_acc1=63.244049072265625, tta_acc1=63.244049072265625
2025-06-10 20:47:08,901 - log - INFO - iter:3360/8041, Original Acc@1: 63.24, Acc@5: 93.69, TTA Acc@1: 63.24, Acc@5: 93.69
2025-06-10 20:48:01,292 - log - INFO - iter:3380/8041, clip_acc1=63.106510162353516, tta_acc1=63.106510162353516
2025-06-10 20:48:01,292 - log - INFO - iter:3380/8041, Original Acc@1: 63.11, Acc@5: 93.73, TTA Acc@1: 63.11, Acc@5: 93.73
2025-06-10 20:48:53,270 - log - INFO - iter:3400/8041, clip_acc1=63.117645263671875, tta_acc1=63.117645263671875
2025-06-10 20:48:53,270 - log - INFO - iter:3400/8041, Original Acc@1: 63.12, Acc@5: 93.74, TTA Acc@1: 63.12, Acc@5: 93.74
2025-06-10 20:49:45,992 - log - INFO - iter:3420/8041, clip_acc1=63.04093551635742, tta_acc1=63.04093551635742
2025-06-10 20:49:45,992 - log - INFO - iter:3420/8041, Original Acc@1: 63.04, Acc@5: 93.71, TTA Acc@1: 63.04, Acc@5: 93.71
2025-06-10 20:50:39,105 - log - INFO - iter:3440/8041, clip_acc1=63.08139419555664, tta_acc1=63.08139419555664
2025-06-10 20:50:39,105 - log - INFO - iter:3440/8041, Original Acc@1: 63.08, Acc@5: 93.69, TTA Acc@1: 63.08, Acc@5: 93.69
2025-06-10 20:51:32,366 - log - INFO - iter:3460/8041, clip_acc1=63.09248352050781, tta_acc1=63.09248352050781
2025-06-10 20:51:32,366 - log - INFO - iter:3460/8041, Original Acc@1: 63.09, Acc@5: 93.70, TTA Acc@1: 63.09, Acc@5: 93.70
2025-06-10 20:52:24,494 - log - INFO - iter:3480/8041, clip_acc1=63.10344696044922, tta_acc1=63.10344696044922
2025-06-10 20:52:24,495 - log - INFO - iter:3480/8041, Original Acc@1: 63.10, Acc@5: 93.71, TTA Acc@1: 63.10, Acc@5: 93.71
2025-06-10 20:53:16,932 - log - INFO - iter:3500/8041, clip_acc1=63.02857208251953, tta_acc1=63.02857208251953
2025-06-10 20:53:16,932 - log - INFO - iter:3500/8041, Original Acc@1: 63.03, Acc@5: 93.63, TTA Acc@1: 63.03, Acc@5: 93.63
2025-06-10 20:54:08,907 - log - INFO - iter:3520/8041, clip_acc1=63.068180084228516, tta_acc1=63.068180084228516
2025-06-10 20:54:08,908 - log - INFO - iter:3520/8041, Original Acc@1: 63.07, Acc@5: 93.64, TTA Acc@1: 63.07, Acc@5: 93.64
2025-06-10 20:55:02,364 - log - INFO - iter:3540/8041, clip_acc1=63.02260208129883, tta_acc1=63.02260208129883
2025-06-10 20:55:02,364 - log - INFO - iter:3540/8041, Original Acc@1: 63.02, Acc@5: 93.64, TTA Acc@1: 63.02, Acc@5: 93.64
2025-06-10 20:55:55,444 - log - INFO - iter:3560/8041, clip_acc1=62.9775276184082, tta_acc1=62.9775276184082
2025-06-10 20:55:55,445 - log - INFO - iter:3560/8041, Original Acc@1: 62.98, Acc@5: 93.65, TTA Acc@1: 62.98, Acc@5: 93.65
2025-06-10 20:56:48,133 - log - INFO - iter:3580/8041, clip_acc1=62.932960510253906, tta_acc1=62.932960510253906
2025-06-10 20:56:48,133 - log - INFO - iter:3580/8041, Original Acc@1: 62.93, Acc@5: 93.63, TTA Acc@1: 62.93, Acc@5: 93.63
2025-06-10 20:57:40,799 - log - INFO - iter:3600/8041, clip_acc1=62.80555725097656, tta_acc1=62.80555725097656
2025-06-10 20:57:40,799 - log - INFO - iter:3600/8041, Original Acc@1: 62.81, Acc@5: 93.64, TTA Acc@1: 62.81, Acc@5: 93.64
2025-06-10 20:58:33,655 - log - INFO - iter:3620/8041, clip_acc1=62.84530258178711, tta_acc1=62.84530258178711
2025-06-10 20:58:33,655 - log - INFO - iter:3620/8041, Original Acc@1: 62.85, Acc@5: 93.67, TTA Acc@1: 62.85, Acc@5: 93.67
2025-06-10 20:59:26,601 - log - INFO - iter:3640/8041, clip_acc1=62.88461685180664, tta_acc1=62.88461685180664
2025-06-10 20:59:26,602 - log - INFO - iter:3640/8041, Original Acc@1: 62.88, Acc@5: 93.68, TTA Acc@1: 62.88, Acc@5: 93.68
2025-06-10 21:00:19,128 - log - INFO - iter:3660/8041, clip_acc1=62.814208984375, tta_acc1=62.814208984375
2025-06-10 21:00:19,128 - log - INFO - iter:3660/8041, Original Acc@1: 62.81, Acc@5: 93.66, TTA Acc@1: 62.81, Acc@5: 93.66
2025-06-10 21:01:12,594 - log - INFO - iter:3680/8041, clip_acc1=62.744564056396484, tta_acc1=62.744564056396484
2025-06-10 21:01:12,595 - log - INFO - iter:3680/8041, Original Acc@1: 62.74, Acc@5: 93.61, TTA Acc@1: 62.74, Acc@5: 93.61
2025-06-10 21:02:04,787 - log - INFO - iter:3700/8041, clip_acc1=62.729732513427734, tta_acc1=62.729732513427734
2025-06-10 21:02:04,787 - log - INFO - iter:3700/8041, Original Acc@1: 62.73, Acc@5: 93.54, TTA Acc@1: 62.73, Acc@5: 93.54
2025-06-10 21:02:57,481 - log - INFO - iter:3720/8041, clip_acc1=62.79570007324219, tta_acc1=62.79570007324219
2025-06-10 21:02:57,482 - log - INFO - iter:3720/8041, Original Acc@1: 62.80, Acc@5: 93.52, TTA Acc@1: 62.80, Acc@5: 93.52
2025-06-10 21:03:50,564 - log - INFO - iter:3740/8041, clip_acc1=62.7807502746582, tta_acc1=62.7807502746582
2025-06-10 21:03:50,565 - log - INFO - iter:3740/8041, Original Acc@1: 62.78, Acc@5: 93.50, TTA Acc@1: 62.78, Acc@5: 93.50
2025-06-10 21:04:42,847 - log - INFO - iter:3760/8041, clip_acc1=62.73936080932617, tta_acc1=62.73936080932617
2025-06-10 21:04:42,847 - log - INFO - iter:3760/8041, Original Acc@1: 62.74, Acc@5: 93.48, TTA Acc@1: 62.74, Acc@5: 93.48
2025-06-10 21:05:36,910 - log - INFO - iter:3780/8041, clip_acc1=62.69841384887695, tta_acc1=62.69841384887695
2025-06-10 21:05:36,910 - log - INFO - iter:3780/8041, Original Acc@1: 62.70, Acc@5: 93.52, TTA Acc@1: 62.70, Acc@5: 93.52
2025-06-10 21:06:29,494 - log - INFO - iter:3800/8041, clip_acc1=62.60525894165039, tta_acc1=62.60525894165039
2025-06-10 21:06:29,495 - log - INFO - iter:3800/8041, Original Acc@1: 62.61, Acc@5: 93.55, TTA Acc@1: 62.61, Acc@5: 93.55
2025-06-10 21:07:22,226 - log - INFO - iter:3820/8041, clip_acc1=62.56544494628906, tta_acc1=62.56544494628906
2025-06-10 21:07:22,227 - log - INFO - iter:3820/8041, Original Acc@1: 62.57, Acc@5: 93.56, TTA Acc@1: 62.57, Acc@5: 93.56
2025-06-10 21:08:14,376 - log - INFO - iter:3840/8041, clip_acc1=62.500003814697266, tta_acc1=62.500003814697266
2025-06-10 21:08:14,376 - log - INFO - iter:3840/8041, Original Acc@1: 62.50, Acc@5: 93.59, TTA Acc@1: 62.50, Acc@5: 93.59
2025-06-10 21:09:06,582 - log - INFO - iter:3860/8041, clip_acc1=62.61658477783203, tta_acc1=62.61658477783203
2025-06-10 21:09:06,582 - log - INFO - iter:3860/8041, Original Acc@1: 62.62, Acc@5: 93.63, TTA Acc@1: 62.62, Acc@5: 93.63
2025-06-10 21:09:59,034 - log - INFO - iter:3880/8041, clip_acc1=62.680416107177734, tta_acc1=62.680416107177734
2025-06-10 21:09:59,035 - log - INFO - iter:3880/8041, Original Acc@1: 62.68, Acc@5: 93.61, TTA Acc@1: 62.68, Acc@5: 93.61
2025-06-10 21:10:51,937 - log - INFO - iter:3900/8041, clip_acc1=62.69230651855469, tta_acc1=62.69230651855469
2025-06-10 21:10:51,937 - log - INFO - iter:3900/8041, Original Acc@1: 62.69, Acc@5: 93.64, TTA Acc@1: 62.69, Acc@5: 93.64
2025-06-10 21:11:44,436 - log - INFO - iter:3920/8041, clip_acc1=62.704078674316406, tta_acc1=62.704078674316406
2025-06-10 21:11:44,436 - log - INFO - iter:3920/8041, Original Acc@1: 62.70, Acc@5: 93.65, TTA Acc@1: 62.70, Acc@5: 93.65
2025-06-10 21:12:37,981 - log - INFO - iter:3940/8041, clip_acc1=62.715736389160156, tta_acc1=62.715736389160156
2025-06-10 21:12:37,981 - log - INFO - iter:3940/8041, Original Acc@1: 62.72, Acc@5: 93.65, TTA Acc@1: 62.72, Acc@5: 93.65
2025-06-10 21:13:30,264 - log - INFO - iter:3960/8041, clip_acc1=62.72727584838867, tta_acc1=62.72727584838867
2025-06-10 21:13:30,264 - log - INFO - iter:3960/8041, Original Acc@1: 62.73, Acc@5: 93.66, TTA Acc@1: 62.73, Acc@5: 93.66
2025-06-10 21:14:23,277 - log - INFO - iter:3980/8041, clip_acc1=62.81406784057617, tta_acc1=62.81406784057617
2025-06-10 21:14:23,277 - log - INFO - iter:3980/8041, Original Acc@1: 62.81, Acc@5: 93.64, TTA Acc@1: 62.81, Acc@5: 93.64
2025-06-10 21:15:16,096 - log - INFO - iter:4000/8041, clip_acc1=62.72500228881836, tta_acc1=62.72500228881836
2025-06-10 21:15:16,096 - log - INFO - iter:4000/8041, Original Acc@1: 62.73, Acc@5: 93.65, TTA Acc@1: 62.73, Acc@5: 93.65
2025-06-10 21:16:08,843 - log - INFO - iter:4020/8041, clip_acc1=62.636817932128906, tta_acc1=62.636817932128906
2025-06-10 21:16:08,843 - log - INFO - iter:4020/8041, Original Acc@1: 62.64, Acc@5: 93.66, TTA Acc@1: 62.64, Acc@5: 93.66
2025-06-10 21:17:01,404 - log - INFO - iter:4040/8041, clip_acc1=62.64851760864258, tta_acc1=62.64851760864258
2025-06-10 21:17:01,404 - log - INFO - iter:4040/8041, Original Acc@1: 62.65, Acc@5: 93.64, TTA Acc@1: 62.65, Acc@5: 93.64
2025-06-10 21:17:53,920 - log - INFO - iter:4060/8041, clip_acc1=62.61083984375, tta_acc1=62.61083984375
2025-06-10 21:17:53,920 - log - INFO - iter:4060/8041, Original Acc@1: 62.61, Acc@5: 93.60, TTA Acc@1: 62.61, Acc@5: 93.60
2025-06-10 21:18:46,762 - log - INFO - iter:4080/8041, clip_acc1=62.54902267456055, tta_acc1=62.54902267456055
2025-06-10 21:18:46,763 - log - INFO - iter:4080/8041, Original Acc@1: 62.55, Acc@5: 93.60, TTA Acc@1: 62.55, Acc@5: 93.60
2025-06-10 21:19:39,820 - log - INFO - iter:4100/8041, clip_acc1=62.56097412109375, tta_acc1=62.585365295410156
2025-06-10 21:19:39,820 - log - INFO - iter:4100/8041, Original Acc@1: 62.56, Acc@5: 93.59, TTA Acc@1: 62.59, Acc@5: 93.59
2025-06-10 21:20:32,883 - log - INFO - iter:4120/8041, clip_acc1=62.59708786010742, tta_acc1=62.621360778808594
2025-06-10 21:20:32,883 - log - INFO - iter:4120/8041, Original Acc@1: 62.60, Acc@5: 93.59, TTA Acc@1: 62.62, Acc@5: 93.59
2025-06-10 21:21:25,868 - log - INFO - iter:4140/8041, clip_acc1=62.536231994628906, tta_acc1=62.560386657714844
2025-06-10 21:21:25,869 - log - INFO - iter:4140/8041, Original Acc@1: 62.54, Acc@5: 93.57, TTA Acc@1: 62.56, Acc@5: 93.57
2025-06-10 21:22:18,467 - log - INFO - iter:4160/8041, clip_acc1=62.52404022216797, tta_acc1=62.54807662963867
2025-06-10 21:22:18,467 - log - INFO - iter:4160/8041, Original Acc@1: 62.52, Acc@5: 93.58, TTA Acc@1: 62.55, Acc@5: 93.58
2025-06-10 21:23:11,628 - log - INFO - iter:4180/8041, clip_acc1=62.488037109375, tta_acc1=62.511959075927734
2025-06-10 21:23:11,629 - log - INFO - iter:4180/8041, Original Acc@1: 62.49, Acc@5: 93.59, TTA Acc@1: 62.51, Acc@5: 93.59
2025-06-10 21:24:05,662 - log - INFO - iter:4200/8041, clip_acc1=62.595237731933594, tta_acc1=62.61904525756836
2025-06-10 21:24:05,662 - log - INFO - iter:4200/8041, Original Acc@1: 62.60, Acc@5: 93.62, TTA Acc@1: 62.62, Acc@5: 93.62
2025-06-10 21:24:58,379 - log - INFO - iter:4220/8041, clip_acc1=62.65402603149414, tta_acc1=62.6777229309082
2025-06-10 21:24:58,379 - log - INFO - iter:4220/8041, Original Acc@1: 62.65, Acc@5: 93.65, TTA Acc@1: 62.68, Acc@5: 93.65
2025-06-10 21:25:52,788 - log - INFO - iter:4240/8041, clip_acc1=62.617923736572266, tta_acc1=62.641510009765625
2025-06-10 21:25:52,788 - log - INFO - iter:4240/8041, Original Acc@1: 62.62, Acc@5: 93.63, TTA Acc@1: 62.64, Acc@5: 93.63
2025-06-10 21:26:45,421 - log - INFO - iter:4260/8041, clip_acc1=62.72300720214844, tta_acc1=62.74647903442383
2025-06-10 21:26:45,422 - log - INFO - iter:4260/8041, Original Acc@1: 62.72, Acc@5: 93.66, TTA Acc@1: 62.75, Acc@5: 93.66
2025-06-10 21:27:38,757 - log - INFO - iter:4280/8041, clip_acc1=62.75701141357422, tta_acc1=62.78037643432617
2025-06-10 21:27:38,758 - log - INFO - iter:4280/8041, Original Acc@1: 62.76, Acc@5: 93.67, TTA Acc@1: 62.78, Acc@5: 93.67
2025-06-10 21:28:31,467 - log - INFO - iter:4300/8041, clip_acc1=62.7674446105957, tta_acc1=62.79069900512695
2025-06-10 21:28:31,467 - log - INFO - iter:4300/8041, Original Acc@1: 62.77, Acc@5: 93.67, TTA Acc@1: 62.79, Acc@5: 93.67
2025-06-10 21:29:24,780 - log - INFO - iter:4320/8041, clip_acc1=62.73147964477539, tta_acc1=62.7546272277832
2025-06-10 21:29:24,780 - log - INFO - iter:4320/8041, Original Acc@1: 62.73, Acc@5: 93.66, TTA Acc@1: 62.75, Acc@5: 93.66
2025-06-10 21:30:17,029 - log - INFO - iter:4340/8041, clip_acc1=62.764976501464844, tta_acc1=62.78801727294922
2025-06-10 21:30:17,030 - log - INFO - iter:4340/8041, Original Acc@1: 62.76, Acc@5: 93.66, TTA Acc@1: 62.79, Acc@5: 93.66
2025-06-10 21:31:10,582 - log - INFO - iter:4360/8041, clip_acc1=62.84403610229492, tta_acc1=62.866973876953125
2025-06-10 21:31:10,582 - log - INFO - iter:4360/8041, Original Acc@1: 62.84, Acc@5: 93.67, TTA Acc@1: 62.87, Acc@5: 93.67
2025-06-10 21:32:02,658 - log - INFO - iter:4380/8041, clip_acc1=62.96803665161133, tta_acc1=62.990867614746094
2025-06-10 21:32:02,659 - log - INFO - iter:4380/8041, Original Acc@1: 62.97, Acc@5: 93.70, TTA Acc@1: 62.99, Acc@5: 93.70
2025-06-10 21:32:54,965 - log - INFO - iter:4400/8041, clip_acc1=62.95454406738281, tta_acc1=62.977272033691406
2025-06-10 21:32:54,965 - log - INFO - iter:4400/8041, Original Acc@1: 62.95, Acc@5: 93.66, TTA Acc@1: 62.98, Acc@5: 93.66
2025-06-10 21:33:47,578 - log - INFO - iter:4420/8041, clip_acc1=62.963802337646484, tta_acc1=62.986427307128906
2025-06-10 21:33:47,578 - log - INFO - iter:4420/8041, Original Acc@1: 62.96, Acc@5: 93.67, TTA Acc@1: 62.99, Acc@5: 93.67
2025-06-10 21:34:39,642 - log - INFO - iter:4440/8041, clip_acc1=62.99549865722656, tta_acc1=63.01802062988281
2025-06-10 21:34:39,643 - log - INFO - iter:4440/8041, Original Acc@1: 63.00, Acc@5: 93.67, TTA Acc@1: 63.02, Acc@5: 93.67
2025-06-10 21:35:32,295 - log - INFO - iter:4460/8041, clip_acc1=63.00448226928711, tta_acc1=63.02690505981445
2025-06-10 21:35:32,295 - log - INFO - iter:4460/8041, Original Acc@1: 63.00, Acc@5: 93.70, TTA Acc@1: 63.03, Acc@5: 93.70
2025-06-10 21:36:25,398 - log - INFO - iter:4480/8041, clip_acc1=63.01339340209961, tta_acc1=63.03571319580078
2025-06-10 21:36:25,398 - log - INFO - iter:4480/8041, Original Acc@1: 63.01, Acc@5: 93.73, TTA Acc@1: 63.04, Acc@5: 93.73
2025-06-10 21:37:18,285 - log - INFO - iter:4500/8041, clip_acc1=63.06666564941406, tta_acc1=63.088890075683594
2025-06-10 21:37:18,285 - log - INFO - iter:4500/8041, Original Acc@1: 63.07, Acc@5: 93.73, TTA Acc@1: 63.09, Acc@5: 93.73
2025-06-10 21:38:10,621 - log - INFO - iter:4520/8041, clip_acc1=63.03097152709961, tta_acc1=63.053096771240234
2025-06-10 21:38:10,621 - log - INFO - iter:4520/8041, Original Acc@1: 63.03, Acc@5: 93.69, TTA Acc@1: 63.05, Acc@5: 93.69
2025-06-10 21:39:03,714 - log - INFO - iter:4540/8041, clip_acc1=62.973567962646484, tta_acc1=62.99559783935547
2025-06-10 21:39:03,715 - log - INFO - iter:4540/8041, Original Acc@1: 62.97, Acc@5: 93.70, TTA Acc@1: 63.00, Acc@5: 93.70
2025-06-10 21:39:55,887 - log - INFO - iter:4560/8041, clip_acc1=62.98245620727539, tta_acc1=63.00438690185547
2025-06-10 21:39:55,887 - log - INFO - iter:4560/8041, Original Acc@1: 62.98, Acc@5: 93.68, TTA Acc@1: 63.00, Acc@5: 93.68
2025-06-10 21:40:48,117 - log - INFO - iter:4580/8041, clip_acc1=62.9039306640625, tta_acc1=62.92576599121094
2025-06-10 21:40:48,117 - log - INFO - iter:4580/8041, Original Acc@1: 62.90, Acc@5: 93.67, TTA Acc@1: 62.93, Acc@5: 93.67
2025-06-10 21:41:41,195 - log - INFO - iter:4600/8041, clip_acc1=62.89130401611328, tta_acc1=62.91304397583008
2025-06-10 21:41:41,195 - log - INFO - iter:4600/8041, Original Acc@1: 62.89, Acc@5: 93.65, TTA Acc@1: 62.91, Acc@5: 93.65
2025-06-10 21:42:33,991 - log - INFO - iter:4620/8041, clip_acc1=62.85714340209961, tta_acc1=62.878787994384766
2025-06-10 21:42:33,992 - log - INFO - iter:4620/8041, Original Acc@1: 62.86, Acc@5: 93.64, TTA Acc@1: 62.88, Acc@5: 93.64
2025-06-10 21:43:26,770 - log - INFO - iter:4640/8041, clip_acc1=62.88793182373047, tta_acc1=62.909481048583984
2025-06-10 21:43:26,770 - log - INFO - iter:4640/8041, Original Acc@1: 62.89, Acc@5: 93.64, TTA Acc@1: 62.91, Acc@5: 93.64
2025-06-10 21:44:20,143 - log - INFO - iter:4660/8041, clip_acc1=62.85407638549805, tta_acc1=62.87553787231445
2025-06-10 21:44:20,143 - log - INFO - iter:4660/8041, Original Acc@1: 62.85, Acc@5: 93.58, TTA Acc@1: 62.88, Acc@5: 93.58
2025-06-10 21:45:14,049 - log - INFO - iter:4680/8041, clip_acc1=62.82051467895508, tta_acc1=62.841880798339844
2025-06-10 21:45:14,049 - log - INFO - iter:4680/8041, Original Acc@1: 62.82, Acc@5: 93.55, TTA Acc@1: 62.84, Acc@5: 93.55
2025-06-10 21:46:07,274 - log - INFO - iter:4700/8041, clip_acc1=62.914894104003906, tta_acc1=62.9361686706543
2025-06-10 21:46:07,274 - log - INFO - iter:4700/8041, Original Acc@1: 62.91, Acc@5: 93.55, TTA Acc@1: 62.94, Acc@5: 93.55
2025-06-10 21:46:59,689 - log - INFO - iter:4720/8041, clip_acc1=62.923728942871094, tta_acc1=62.944915771484375
2025-06-10 21:46:59,690 - log - INFO - iter:4720/8041, Original Acc@1: 62.92, Acc@5: 93.56, TTA Acc@1: 62.94, Acc@5: 93.56
2025-06-10 21:47:52,806 - log - INFO - iter:4740/8041, clip_acc1=62.890296936035156, tta_acc1=62.91139221191406
2025-06-10 21:47:52,807 - log - INFO - iter:4740/8041, Original Acc@1: 62.89, Acc@5: 93.52, TTA Acc@1: 62.91, Acc@5: 93.52
2025-06-10 21:48:46,173 - log - INFO - iter:4760/8041, clip_acc1=62.878150939941406, tta_acc1=62.8991584777832
2025-06-10 21:48:46,173 - log - INFO - iter:4760/8041, Original Acc@1: 62.88, Acc@5: 93.49, TTA Acc@1: 62.90, Acc@5: 93.49
2025-06-10 21:49:41,161 - log - INFO - iter:4780/8041, clip_acc1=62.88703155517578, tta_acc1=62.90795135498047
2025-06-10 21:49:41,162 - log - INFO - iter:4780/8041, Original Acc@1: 62.89, Acc@5: 93.47, TTA Acc@1: 62.91, Acc@5: 93.47
2025-06-10 21:50:35,294 - log - INFO - iter:4800/8041, clip_acc1=62.875, tta_acc1=62.895835876464844
2025-06-10 21:50:35,294 - log - INFO - iter:4800/8041, Original Acc@1: 62.88, Acc@5: 93.48, TTA Acc@1: 62.90, Acc@5: 93.48
2025-06-10 21:51:28,280 - log - INFO - iter:4820/8041, clip_acc1=62.842323303222656, tta_acc1=62.86307144165039
2025-06-10 21:51:28,281 - log - INFO - iter:4820/8041, Original Acc@1: 62.84, Acc@5: 93.46, TTA Acc@1: 62.86, Acc@5: 93.46
2025-06-10 21:52:20,942 - log - INFO - iter:4840/8041, clip_acc1=62.8305778503418, tta_acc1=62.85123825073242
2025-06-10 21:52:20,942 - log - INFO - iter:4840/8041, Original Acc@1: 62.83, Acc@5: 93.47, TTA Acc@1: 62.85, Acc@5: 93.47
2025-06-10 21:53:13,502 - log - INFO - iter:4860/8041, clip_acc1=62.79835510253906, tta_acc1=62.818931579589844
2025-06-10 21:53:13,502 - log - INFO - iter:4860/8041, Original Acc@1: 62.80, Acc@5: 93.48, TTA Acc@1: 62.82, Acc@5: 93.48
2025-06-10 21:54:06,480 - log - INFO - iter:4880/8041, clip_acc1=62.807376861572266, tta_acc1=62.8278694152832
2025-06-10 21:54:06,480 - log - INFO - iter:4880/8041, Original Acc@1: 62.81, Acc@5: 93.46, TTA Acc@1: 62.83, Acc@5: 93.46
2025-06-10 21:54:58,823 - log - INFO - iter:4900/8041, clip_acc1=62.836734771728516, tta_acc1=62.85714340209961
2025-06-10 21:54:58,823 - log - INFO - iter:4900/8041, Original Acc@1: 62.84, Acc@5: 93.49, TTA Acc@1: 62.86, Acc@5: 93.49
2025-06-10 21:55:52,030 - log - INFO - iter:4920/8041, clip_acc1=62.88617706298828, tta_acc1=62.90650177001953
2025-06-10 21:55:52,031 - log - INFO - iter:4920/8041, Original Acc@1: 62.89, Acc@5: 93.48, TTA Acc@1: 62.91, Acc@5: 93.48
2025-06-10 21:56:44,509 - log - INFO - iter:4940/8041, clip_acc1=62.91497802734375, tta_acc1=62.93522262573242
2025-06-10 21:56:44,509 - log - INFO - iter:4940/8041, Original Acc@1: 62.91, Acc@5: 93.50, TTA Acc@1: 62.94, Acc@5: 93.50
2025-06-10 21:57:38,227 - log - INFO - iter:4960/8041, clip_acc1=62.943546295166016, tta_acc1=62.963706970214844
2025-06-10 21:57:38,228 - log - INFO - iter:4960/8041, Original Acc@1: 62.94, Acc@5: 93.53, TTA Acc@1: 62.96, Acc@5: 93.53
2025-06-10 21:58:31,153 - log - INFO - iter:4980/8041, clip_acc1=62.95180892944336, tta_acc1=62.97188949584961
2025-06-10 21:58:31,153 - log - INFO - iter:4980/8041, Original Acc@1: 62.95, Acc@5: 93.55, TTA Acc@1: 62.97, Acc@5: 93.55
2025-06-10 21:59:23,508 - log - INFO - iter:5000/8041, clip_acc1=62.959999084472656, tta_acc1=62.97999954223633
2025-06-10 21:59:23,508 - log - INFO - iter:5000/8041, Original Acc@1: 62.96, Acc@5: 93.58, TTA Acc@1: 62.98, Acc@5: 93.58
2025-06-10 22:00:16,976 - log - INFO - iter:5020/8041, clip_acc1=62.94820785522461, tta_acc1=62.9681282043457
2025-06-10 22:00:16,976 - log - INFO - iter:5020/8041, Original Acc@1: 62.95, Acc@5: 93.57, TTA Acc@1: 62.97, Acc@5: 93.57
2025-06-10 22:01:09,954 - log - INFO - iter:5040/8041, clip_acc1=62.876983642578125, tta_acc1=62.896827697753906
2025-06-10 22:01:09,955 - log - INFO - iter:5040/8041, Original Acc@1: 62.88, Acc@5: 93.55, TTA Acc@1: 62.90, Acc@5: 93.55
2025-06-10 22:02:02,106 - log - INFO - iter:5060/8041, clip_acc1=62.845848083496094, tta_acc1=62.8656120300293
2025-06-10 22:02:02,106 - log - INFO - iter:5060/8041, Original Acc@1: 62.85, Acc@5: 93.52, TTA Acc@1: 62.87, Acc@5: 93.52
2025-06-10 22:02:55,323 - log - INFO - iter:5080/8041, clip_acc1=62.854331970214844, tta_acc1=62.87401580810547
2025-06-10 22:02:55,323 - log - INFO - iter:5080/8041, Original Acc@1: 62.85, Acc@5: 93.54, TTA Acc@1: 62.87, Acc@5: 93.54
2025-06-10 22:03:48,327 - log - INFO - iter:5100/8041, clip_acc1=62.90195846557617, tta_acc1=62.921566009521484
2025-06-10 22:03:48,328 - log - INFO - iter:5100/8041, Original Acc@1: 62.90, Acc@5: 93.53, TTA Acc@1: 62.92, Acc@5: 93.53
2025-06-10 22:04:41,950 - log - INFO - iter:5120/8041, clip_acc1=62.91015625, tta_acc1=62.9296875
2025-06-10 22:04:41,950 - log - INFO - iter:5120/8041, Original Acc@1: 62.91, Acc@5: 93.52, TTA Acc@1: 62.93, Acc@5: 93.52
2025-06-10 22:05:34,394 - log - INFO - iter:5140/8041, clip_acc1=62.91828918457031, tta_acc1=62.937744140625
2025-06-10 22:05:34,395 - log - INFO - iter:5140/8041, Original Acc@1: 62.92, Acc@5: 93.54, TTA Acc@1: 62.94, Acc@5: 93.54
2025-06-10 22:06:28,058 - log - INFO - iter:5160/8041, clip_acc1=62.945735931396484, tta_acc1=62.96511459350586
2025-06-10 22:06:28,058 - log - INFO - iter:5160/8041, Original Acc@1: 62.95, Acc@5: 93.53, TTA Acc@1: 62.97, Acc@5: 93.53
2025-06-10 22:07:20,583 - log - INFO - iter:5180/8041, clip_acc1=62.95366668701172, tta_acc1=62.97297286987305
2025-06-10 22:07:20,584 - log - INFO - iter:5180/8041, Original Acc@1: 62.95, Acc@5: 93.55, TTA Acc@1: 62.97, Acc@5: 93.55
2025-06-10 22:08:13,129 - log - INFO - iter:5200/8041, clip_acc1=63.019229888916016, tta_acc1=63.03845977783203
2025-06-10 22:08:13,130 - log - INFO - iter:5200/8041, Original Acc@1: 63.02, Acc@5: 93.58, TTA Acc@1: 63.04, Acc@5: 93.58
2025-06-10 22:09:05,685 - log - INFO - iter:5220/8041, clip_acc1=62.9693489074707, tta_acc1=62.98850631713867
2025-06-10 22:09:05,691 - log - INFO - iter:5220/8041, Original Acc@1: 62.97, Acc@5: 93.54, TTA Acc@1: 62.99, Acc@5: 93.54
2025-06-10 22:09:57,965 - log - INFO - iter:5240/8041, clip_acc1=62.86259460449219, tta_acc1=62.88167953491211
2025-06-10 22:09:57,966 - log - INFO - iter:5240/8041, Original Acc@1: 62.86, Acc@5: 93.53, TTA Acc@1: 62.88, Acc@5: 93.53
2025-06-10 22:10:50,071 - log - INFO - iter:5260/8041, clip_acc1=62.794673919677734, tta_acc1=62.81368637084961
2025-06-10 22:10:50,071 - log - INFO - iter:5260/8041, Original Acc@1: 62.79, Acc@5: 93.54, TTA Acc@1: 62.81, Acc@5: 93.54
2025-06-10 22:11:42,944 - log - INFO - iter:5280/8041, clip_acc1=62.784088134765625, tta_acc1=62.80302810668945
2025-06-10 22:11:42,944 - log - INFO - iter:5280/8041, Original Acc@1: 62.78, Acc@5: 93.52, TTA Acc@1: 62.80, Acc@5: 93.52
2025-06-10 22:12:35,499 - log - INFO - iter:5300/8041, clip_acc1=62.8301887512207, tta_acc1=62.849056243896484
2025-06-10 22:12:35,499 - log - INFO - iter:5300/8041, Original Acc@1: 62.83, Acc@5: 93.53, TTA Acc@1: 62.85, Acc@5: 93.53
2025-06-10 22:13:28,711 - log - INFO - iter:5320/8041, clip_acc1=62.87594223022461, tta_acc1=62.894737243652344
2025-06-10 22:13:28,711 - log - INFO - iter:5320/8041, Original Acc@1: 62.88, Acc@5: 93.52, TTA Acc@1: 62.89, Acc@5: 93.52
2025-06-10 22:14:23,213 - log - INFO - iter:5340/8041, clip_acc1=62.9400749206543, tta_acc1=62.95880126953125
2025-06-10 22:14:23,214 - log - INFO - iter:5340/8041, Original Acc@1: 62.94, Acc@5: 93.52, TTA Acc@1: 62.96, Acc@5: 93.52
2025-06-10 22:15:14,615 - log - INFO - iter:5360/8041, clip_acc1=62.92910385131836, tta_acc1=62.94776153564453
2025-06-10 22:15:14,615 - log - INFO - iter:5360/8041, Original Acc@1: 62.93, Acc@5: 93.51, TTA Acc@1: 62.95, Acc@5: 93.51
2025-06-10 22:16:07,967 - log - INFO - iter:5380/8041, clip_acc1=62.918216705322266, tta_acc1=62.93680191040039
2025-06-10 22:16:07,968 - log - INFO - iter:5380/8041, Original Acc@1: 62.92, Acc@5: 93.49, TTA Acc@1: 62.94, Acc@5: 93.49
2025-06-10 22:17:01,610 - log - INFO - iter:5400/8041, clip_acc1=62.94444274902344, tta_acc1=62.96296310424805
2025-06-10 22:17:01,610 - log - INFO - iter:5400/8041, Original Acc@1: 62.94, Acc@5: 93.46, TTA Acc@1: 62.96, Acc@5: 93.46
2025-06-10 22:17:54,626 - log - INFO - iter:5420/8041, clip_acc1=62.85977554321289, tta_acc1=62.87822723388672
2025-06-10 22:17:54,626 - log - INFO - iter:5420/8041, Original Acc@1: 62.86, Acc@5: 93.45, TTA Acc@1: 62.88, Acc@5: 93.45
2025-06-10 22:18:47,967 - log - INFO - iter:5440/8041, clip_acc1=62.86764907836914, tta_acc1=62.88603210449219
2025-06-10 22:18:47,968 - log - INFO - iter:5440/8041, Original Acc@1: 62.87, Acc@5: 93.44, TTA Acc@1: 62.89, Acc@5: 93.44
2025-06-10 22:19:40,265 - log - INFO - iter:5460/8041, clip_acc1=62.82051467895508, tta_acc1=62.838829040527344
2025-06-10 22:19:40,266 - log - INFO - iter:5460/8041, Original Acc@1: 62.82, Acc@5: 93.44, TTA Acc@1: 62.84, Acc@5: 93.44
2025-06-10 22:20:32,689 - log - INFO - iter:5480/8041, clip_acc1=62.883209228515625, tta_acc1=62.901458740234375
2025-06-10 22:20:32,689 - log - INFO - iter:5480/8041, Original Acc@1: 62.88, Acc@5: 93.45, TTA Acc@1: 62.90, Acc@5: 93.45
2025-06-10 22:21:24,967 - log - INFO - iter:5500/8041, clip_acc1=62.818180084228516, tta_acc1=62.836360931396484
2025-06-10 22:21:24,967 - log - INFO - iter:5500/8041, Original Acc@1: 62.82, Acc@5: 93.45, TTA Acc@1: 62.84, Acc@5: 93.45
2025-06-10 22:22:17,756 - log - INFO - iter:5520/8041, clip_acc1=62.826087951660156, tta_acc1=62.84420394897461
2025-06-10 22:22:17,756 - log - INFO - iter:5520/8041, Original Acc@1: 62.83, Acc@5: 93.46, TTA Acc@1: 62.84, Acc@5: 93.46
2025-06-10 22:23:11,345 - log - INFO - iter:5540/8041, clip_acc1=62.88808822631836, tta_acc1=62.9061393737793
2025-06-10 22:23:11,346 - log - INFO - iter:5540/8041, Original Acc@1: 62.89, Acc@5: 93.47, TTA Acc@1: 62.91, Acc@5: 93.47
2025-06-10 22:24:05,298 - log - INFO - iter:5560/8041, clip_acc1=62.8776969909668, tta_acc1=62.89568328857422
2025-06-10 22:24:05,299 - log - INFO - iter:5560/8041, Original Acc@1: 62.88, Acc@5: 93.49, TTA Acc@1: 62.90, Acc@5: 93.49
2025-06-10 22:24:58,057 - log - INFO - iter:5580/8041, clip_acc1=62.86738204956055, tta_acc1=62.88530349731445
2025-06-10 22:24:58,057 - log - INFO - iter:5580/8041, Original Acc@1: 62.87, Acc@5: 93.48, TTA Acc@1: 62.89, Acc@5: 93.48
2025-06-10 22:25:50,442 - log - INFO - iter:5600/8041, clip_acc1=62.89285659790039, tta_acc1=62.91071319580078
2025-06-10 22:25:50,442 - log - INFO - iter:5600/8041, Original Acc@1: 62.89, Acc@5: 93.46, TTA Acc@1: 62.91, Acc@5: 93.46
2025-06-10 22:26:43,392 - log - INFO - iter:5620/8041, clip_acc1=62.77580261230469, tta_acc1=62.79359436035156
2025-06-10 22:26:43,392 - log - INFO - iter:5620/8041, Original Acc@1: 62.78, Acc@5: 93.45, TTA Acc@1: 62.79, Acc@5: 93.45
2025-06-10 22:27:36,639 - log - INFO - iter:5640/8041, clip_acc1=62.80141830444336, tta_acc1=62.81914520263672
2025-06-10 22:27:36,639 - log - INFO - iter:5640/8041, Original Acc@1: 62.80, Acc@5: 93.44, TTA Acc@1: 62.82, Acc@5: 93.44
2025-06-10 22:28:28,884 - log - INFO - iter:5660/8041, clip_acc1=62.79151916503906, tta_acc1=62.80918502807617
2025-06-10 22:28:28,885 - log - INFO - iter:5660/8041, Original Acc@1: 62.79, Acc@5: 93.45, TTA Acc@1: 62.81, Acc@5: 93.45
2025-06-10 22:29:22,036 - log - INFO - iter:5680/8041, clip_acc1=62.76408386230469, tta_acc1=62.78168869018555
2025-06-10 22:29:22,036 - log - INFO - iter:5680/8041, Original Acc@1: 62.76, Acc@5: 93.45, TTA Acc@1: 62.78, Acc@5: 93.45
2025-06-10 22:30:14,382 - log - INFO - iter:5700/8041, clip_acc1=62.78947448730469, tta_acc1=62.8070182800293
2025-06-10 22:30:14,383 - log - INFO - iter:5700/8041, Original Acc@1: 62.79, Acc@5: 93.46, TTA Acc@1: 62.81, Acc@5: 93.46
2025-06-10 22:31:06,864 - log - INFO - iter:5720/8041, clip_acc1=62.79720687866211, tta_acc1=62.81468963623047
2025-06-10 22:31:06,864 - log - INFO - iter:5720/8041, Original Acc@1: 62.80, Acc@5: 93.44, TTA Acc@1: 62.81, Acc@5: 93.44
2025-06-10 22:32:00,276 - log - INFO - iter:5740/8041, clip_acc1=62.78745651245117, tta_acc1=62.80487823486328
2025-06-10 22:32:00,276 - log - INFO - iter:5740/8041, Original Acc@1: 62.79, Acc@5: 93.45, TTA Acc@1: 62.80, Acc@5: 93.45
2025-06-10 22:32:53,177 - log - INFO - iter:5760/8041, clip_acc1=62.79513931274414, tta_acc1=62.8125
2025-06-10 22:32:53,177 - log - INFO - iter:5760/8041, Original Acc@1: 62.80, Acc@5: 93.44, TTA Acc@1: 62.81, Acc@5: 93.44
2025-06-10 22:33:46,241 - log - INFO - iter:5780/8041, clip_acc1=62.78546905517578, tta_acc1=62.80276870727539
2025-06-10 22:33:46,241 - log - INFO - iter:5780/8041, Original Acc@1: 62.79, Acc@5: 93.41, TTA Acc@1: 62.80, Acc@5: 93.41
2025-06-10 22:34:39,879 - log - INFO - iter:5800/8041, clip_acc1=62.79310607910156, tta_acc1=62.81034851074219
2025-06-10 22:34:39,879 - log - INFO - iter:5800/8041, Original Acc@1: 62.79, Acc@5: 93.40, TTA Acc@1: 62.81, Acc@5: 93.40
2025-06-10 22:35:33,697 - log - INFO - iter:5820/8041, clip_acc1=62.80068588256836, tta_acc1=62.817867279052734
2025-06-10 22:35:33,697 - log - INFO - iter:5820/8041, Original Acc@1: 62.80, Acc@5: 93.40, TTA Acc@1: 62.82, Acc@5: 93.40
2025-06-10 22:36:25,869 - log - INFO - iter:5840/8041, clip_acc1=62.85959243774414, tta_acc1=62.876712799072266
2025-06-10 22:36:25,869 - log - INFO - iter:5840/8041, Original Acc@1: 62.86, Acc@5: 93.41, TTA Acc@1: 62.88, Acc@5: 93.41
2025-06-10 22:37:20,311 - log - INFO - iter:5860/8041, clip_acc1=62.78157043457031, tta_acc1=62.79863357543945
2025-06-10 22:37:20,312 - log - INFO - iter:5860/8041, Original Acc@1: 62.78, Acc@5: 93.34, TTA Acc@1: 62.80, Acc@5: 93.34
2025-06-10 22:38:13,142 - log - INFO - iter:5880/8041, clip_acc1=62.687076568603516, tta_acc1=62.70408248901367
2025-06-10 22:38:13,142 - log - INFO - iter:5880/8041, Original Acc@1: 62.69, Acc@5: 93.30, TTA Acc@1: 62.70, Acc@5: 93.30
2025-06-10 22:39:06,859 - log - INFO - iter:5900/8041, clip_acc1=62.71186447143555, tta_acc1=62.72881317138672
2025-06-10 22:39:06,859 - log - INFO - iter:5900/8041, Original Acc@1: 62.71, Acc@5: 93.32, TTA Acc@1: 62.73, Acc@5: 93.32
2025-06-10 22:40:00,795 - log - INFO - iter:5920/8041, clip_acc1=62.70270538330078, tta_acc1=62.71959686279297
2025-06-10 22:40:00,796 - log - INFO - iter:5920/8041, Original Acc@1: 62.70, Acc@5: 93.29, TTA Acc@1: 62.72, Acc@5: 93.29
2025-06-10 22:40:53,741 - log - INFO - iter:5940/8041, clip_acc1=62.65993118286133, tta_acc1=62.67676544189453
2025-06-10 22:40:53,741 - log - INFO - iter:5940/8041, Original Acc@1: 62.66, Acc@5: 93.28, TTA Acc@1: 62.68, Acc@5: 93.28
2025-06-10 22:41:46,400 - log - INFO - iter:5960/8041, clip_acc1=62.65100860595703, tta_acc1=62.667789459228516
2025-06-10 22:41:46,401 - log - INFO - iter:5960/8041, Original Acc@1: 62.65, Acc@5: 93.29, TTA Acc@1: 62.67, Acc@5: 93.29
2025-06-10 22:42:38,874 - log - INFO - iter:5980/8041, clip_acc1=62.65886306762695, tta_acc1=62.67558288574219
2025-06-10 22:42:38,875 - log - INFO - iter:5980/8041, Original Acc@1: 62.66, Acc@5: 93.28, TTA Acc@1: 62.68, Acc@5: 93.28
2025-06-10 22:43:31,775 - log - INFO - iter:6000/8041, clip_acc1=62.633331298828125, tta_acc1=62.64999771118164
2025-06-10 22:43:31,775 - log - INFO - iter:6000/8041, Original Acc@1: 62.63, Acc@5: 93.28, TTA Acc@1: 62.65, Acc@5: 93.28
2025-06-10 22:44:24,882 - log - INFO - iter:6020/8041, clip_acc1=62.64119338989258, tta_acc1=62.657806396484375
2025-06-10 22:44:24,882 - log - INFO - iter:6020/8041, Original Acc@1: 62.64, Acc@5: 93.27, TTA Acc@1: 62.66, Acc@5: 93.27
2025-06-10 22:45:17,285 - log - INFO - iter:6040/8041, clip_acc1=62.665565490722656, tta_acc1=62.68212127685547
2025-06-10 22:45:17,285 - log - INFO - iter:6040/8041, Original Acc@1: 62.67, Acc@5: 93.26, TTA Acc@1: 62.68, Acc@5: 93.26
2025-06-10 22:46:09,675 - log - INFO - iter:6060/8041, clip_acc1=62.656768798828125, tta_acc1=62.67327117919922
2025-06-10 22:46:09,676 - log - INFO - iter:6060/8041, Original Acc@1: 62.66, Acc@5: 93.28, TTA Acc@1: 62.67, Acc@5: 93.28
2025-06-10 22:47:02,116 - log - INFO - iter:6080/8041, clip_acc1=62.64802932739258, tta_acc1=62.66447448730469
2025-06-10 22:47:02,117 - log - INFO - iter:6080/8041, Original Acc@1: 62.65, Acc@5: 93.26, TTA Acc@1: 62.66, Acc@5: 93.26
2025-06-10 22:47:53,722 - log - INFO - iter:6100/8041, clip_acc1=62.6065559387207, tta_acc1=62.62295150756836
2025-06-10 22:47:53,723 - log - INFO - iter:6100/8041, Original Acc@1: 62.61, Acc@5: 93.26, TTA Acc@1: 62.62, Acc@5: 93.26
2025-06-10 22:48:47,329 - log - INFO - iter:6120/8041, clip_acc1=62.59804153442383, tta_acc1=62.6143798828125
2025-06-10 22:48:47,329 - log - INFO - iter:6120/8041, Original Acc@1: 62.60, Acc@5: 93.27, TTA Acc@1: 62.61, Acc@5: 93.27
2025-06-10 22:49:40,108 - log - INFO - iter:6140/8041, clip_acc1=62.63843536376953, tta_acc1=62.654720306396484
2025-06-10 22:49:40,108 - log - INFO - iter:6140/8041, Original Acc@1: 62.64, Acc@5: 93.29, TTA Acc@1: 62.65, Acc@5: 93.29
2025-06-10 22:50:32,421 - log - INFO - iter:6160/8041, clip_acc1=62.5974006652832, tta_acc1=62.6136360168457
2025-06-10 22:50:32,421 - log - INFO - iter:6160/8041, Original Acc@1: 62.60, Acc@5: 93.26, TTA Acc@1: 62.61, Acc@5: 93.26
2025-06-10 22:51:25,601 - log - INFO - iter:6180/8041, clip_acc1=62.55663299560547, tta_acc1=62.57281494140625
2025-06-10 22:51:25,602 - log - INFO - iter:6180/8041, Original Acc@1: 62.56, Acc@5: 93.25, TTA Acc@1: 62.57, Acc@5: 93.25
2025-06-10 22:52:18,113 - log - INFO - iter:6200/8041, clip_acc1=62.59677505493164, tta_acc1=62.61290740966797
2025-06-10 22:52:18,113 - log - INFO - iter:6200/8041, Original Acc@1: 62.60, Acc@5: 93.26, TTA Acc@1: 62.61, Acc@5: 93.26
2025-06-10 22:53:11,147 - log - INFO - iter:6220/8041, clip_acc1=62.55626678466797, tta_acc1=62.57234573364258
2025-06-10 22:53:11,148 - log - INFO - iter:6220/8041, Original Acc@1: 62.56, Acc@5: 93.25, TTA Acc@1: 62.57, Acc@5: 93.25
2025-06-10 22:54:04,107 - log - INFO - iter:6240/8041, clip_acc1=62.516029357910156, tta_acc1=62.53205490112305
2025-06-10 22:54:04,108 - log - INFO - iter:6240/8041, Original Acc@1: 62.52, Acc@5: 93.24, TTA Acc@1: 62.53, Acc@5: 93.24
2025-06-10 22:54:56,927 - log - INFO - iter:6260/8041, clip_acc1=62.555908203125, tta_acc1=62.57188415527344
2025-06-10 22:54:56,927 - log - INFO - iter:6260/8041, Original Acc@1: 62.56, Acc@5: 93.26, TTA Acc@1: 62.57, Acc@5: 93.26
2025-06-10 22:55:49,456 - log - INFO - iter:6280/8041, clip_acc1=62.515926361083984, tta_acc1=62.5318489074707
2025-06-10 22:55:49,456 - log - INFO - iter:6280/8041, Original Acc@1: 62.52, Acc@5: 93.25, TTA Acc@1: 62.53, Acc@5: 93.25
2025-06-10 22:56:42,055 - log - INFO - iter:6300/8041, clip_acc1=62.523807525634766, tta_acc1=62.53968048095703
2025-06-10 22:56:42,056 - log - INFO - iter:6300/8041, Original Acc@1: 62.52, Acc@5: 93.25, TTA Acc@1: 62.54, Acc@5: 93.25
2025-06-10 22:57:35,930 - log - INFO - iter:6320/8041, clip_acc1=62.5, tta_acc1=62.51582336425781
2025-06-10 22:57:35,930 - log - INFO - iter:6320/8041, Original Acc@1: 62.50, Acc@5: 93.26, TTA Acc@1: 62.52, Acc@5: 93.26
2025-06-10 22:58:28,440 - log - INFO - iter:6340/8041, clip_acc1=62.523658752441406, tta_acc1=62.539432525634766
2025-06-10 22:58:28,440 - log - INFO - iter:6340/8041, Original Acc@1: 62.52, Acc@5: 93.26, TTA Acc@1: 62.54, Acc@5: 93.26
2025-06-10 22:59:21,785 - log - INFO - iter:6360/8041, clip_acc1=62.53144454956055, tta_acc1=62.54716873168945
2025-06-10 22:59:21,786 - log - INFO - iter:6360/8041, Original Acc@1: 62.53, Acc@5: 93.29, TTA Acc@1: 62.55, Acc@5: 93.29
2025-06-10 23:00:15,109 - log - INFO - iter:6380/8041, clip_acc1=62.55485916137695, tta_acc1=62.570533752441406
2025-06-10 23:00:15,109 - log - INFO - iter:6380/8041, Original Acc@1: 62.55, Acc@5: 93.29, TTA Acc@1: 62.57, Acc@5: 93.29
2025-06-10 23:01:07,855 - log - INFO - iter:6400/8041, clip_acc1=62.5, tta_acc1=62.515625
2025-06-10 23:01:07,855 - log - INFO - iter:6400/8041, Original Acc@1: 62.50, Acc@5: 93.28, TTA Acc@1: 62.52, Acc@5: 93.28
2025-06-10 23:02:00,411 - log - INFO - iter:6420/8041, clip_acc1=62.492210388183594, tta_acc1=62.50778579711914
2025-06-10 23:02:00,411 - log - INFO - iter:6420/8041, Original Acc@1: 62.49, Acc@5: 93.29, TTA Acc@1: 62.51, Acc@5: 93.29
2025-06-10 23:02:54,387 - log - INFO - iter:6440/8041, clip_acc1=62.422359466552734, tta_acc1=62.43788528442383
2025-06-10 23:02:54,388 - log - INFO - iter:6440/8041, Original Acc@1: 62.42, Acc@5: 93.28, TTA Acc@1: 62.44, Acc@5: 93.28
2025-06-10 23:03:46,789 - log - INFO - iter:6460/8041, clip_acc1=62.352943420410156, tta_acc1=62.36842346191406
2025-06-10 23:03:46,789 - log - INFO - iter:6460/8041, Original Acc@1: 62.35, Acc@5: 93.25, TTA Acc@1: 62.37, Acc@5: 93.25
2025-06-10 23:04:41,711 - log - INFO - iter:6480/8041, clip_acc1=62.3148193359375, tta_acc1=62.33024978637695
2025-06-10 23:04:41,712 - log - INFO - iter:6480/8041, Original Acc@1: 62.31, Acc@5: 93.24, TTA Acc@1: 62.33, Acc@5: 93.24
2025-06-10 23:05:35,708 - log - INFO - iter:6500/8041, clip_acc1=62.29230499267578, tta_acc1=62.30768966674805
2025-06-10 23:05:35,708 - log - INFO - iter:6500/8041, Original Acc@1: 62.29, Acc@5: 93.23, TTA Acc@1: 62.31, Acc@5: 93.23
2025-06-10 23:06:28,462 - log - INFO - iter:6520/8041, clip_acc1=62.285274505615234, tta_acc1=62.30061340332031
2025-06-10 23:06:28,463 - log - INFO - iter:6520/8041, Original Acc@1: 62.29, Acc@5: 93.24, TTA Acc@1: 62.30, Acc@5: 93.24
2025-06-10 23:07:22,571 - log - INFO - iter:6540/8041, clip_acc1=62.27828598022461, tta_acc1=62.293575286865234
2025-06-10 23:07:22,571 - log - INFO - iter:6540/8041, Original Acc@1: 62.28, Acc@5: 93.24, TTA Acc@1: 62.29, Acc@5: 93.24
2025-06-10 23:08:15,591 - log - INFO - iter:6560/8041, clip_acc1=62.25609588623047, tta_acc1=62.27134323120117
2025-06-10 23:08:15,591 - log - INFO - iter:6560/8041, Original Acc@1: 62.26, Acc@5: 93.25, TTA Acc@1: 62.27, Acc@5: 93.25
2025-06-10 23:09:07,967 - log - INFO - iter:6580/8041, clip_acc1=62.264434814453125, tta_acc1=62.279632568359375
2025-06-10 23:09:07,967 - log - INFO - iter:6580/8041, Original Acc@1: 62.26, Acc@5: 93.25, TTA Acc@1: 62.28, Acc@5: 93.25
2025-06-10 23:10:01,113 - log - INFO - iter:6600/8041, clip_acc1=62.272727966308594, tta_acc1=62.287879943847656
2025-06-10 23:10:01,114 - log - INFO - iter:6600/8041, Original Acc@1: 62.27, Acc@5: 93.23, TTA Acc@1: 62.29, Acc@5: 93.23
2025-06-10 23:10:55,438 - log - INFO - iter:6620/8041, clip_acc1=62.280967712402344, tta_acc1=62.29607391357422
2025-06-10 23:10:55,438 - log - INFO - iter:6620/8041, Original Acc@1: 62.28, Acc@5: 93.20, TTA Acc@1: 62.30, Acc@5: 93.20
2025-06-10 23:11:48,639 - log - INFO - iter:6640/8041, clip_acc1=62.27409744262695, tta_acc1=62.28915786743164
2025-06-10 23:11:48,640 - log - INFO - iter:6640/8041, Original Acc@1: 62.27, Acc@5: 93.19, TTA Acc@1: 62.29, Acc@5: 93.19
2025-06-10 23:12:40,739 - log - INFO - iter:6660/8041, clip_acc1=62.267269134521484, tta_acc1=62.282283782958984
2025-06-10 23:12:40,740 - log - INFO - iter:6660/8041, Original Acc@1: 62.27, Acc@5: 93.15, TTA Acc@1: 62.28, Acc@5: 93.15
2025-06-10 23:13:34,627 - log - INFO - iter:6680/8041, clip_acc1=62.24551010131836, tta_acc1=62.26047897338867
2025-06-10 23:13:34,627 - log - INFO - iter:6680/8041, Original Acc@1: 62.25, Acc@5: 93.16, TTA Acc@1: 62.26, Acc@5: 93.16
2025-06-10 23:14:27,459 - log - INFO - iter:6700/8041, clip_acc1=62.17910385131836, tta_acc1=62.194026947021484
2025-06-10 23:14:27,460 - log - INFO - iter:6700/8041, Original Acc@1: 62.18, Acc@5: 93.12, TTA Acc@1: 62.19, Acc@5: 93.12
2025-06-10 23:15:20,654 - log - INFO - iter:6720/8041, clip_acc1=62.12797927856445, tta_acc1=62.142860412597656
2025-06-10 23:15:20,655 - log - INFO - iter:6720/8041, Original Acc@1: 62.13, Acc@5: 93.10, TTA Acc@1: 62.14, Acc@5: 93.10
2025-06-10 23:16:13,583 - log - INFO - iter:6740/8041, clip_acc1=62.09198760986328, tta_acc1=62.1068229675293
2025-06-10 23:16:13,583 - log - INFO - iter:6740/8041, Original Acc@1: 62.09, Acc@5: 93.07, TTA Acc@1: 62.11, Acc@5: 93.07
2025-06-10 23:17:07,043 - log - INFO - iter:6760/8041, clip_acc1=62.13017654418945, tta_acc1=62.14496994018555
2025-06-10 23:17:07,044 - log - INFO - iter:6760/8041, Original Acc@1: 62.13, Acc@5: 93.06, TTA Acc@1: 62.14, Acc@5: 93.06
2025-06-10 23:18:00,045 - log - INFO - iter:6780/8041, clip_acc1=62.12389373779297, tta_acc1=62.138641357421875
2025-06-10 23:18:00,046 - log - INFO - iter:6780/8041, Original Acc@1: 62.12, Acc@5: 93.07, TTA Acc@1: 62.14, Acc@5: 93.07
2025-06-10 23:18:52,477 - log - INFO - iter:6800/8041, clip_acc1=62.1911735534668, tta_acc1=62.20587921142578
2025-06-10 23:18:52,477 - log - INFO - iter:6800/8041, Original Acc@1: 62.19, Acc@5: 93.09, TTA Acc@1: 62.21, Acc@5: 93.09
2025-06-10 23:19:46,496 - log - INFO - iter:6820/8041, clip_acc1=62.22874069213867, tta_acc1=62.243404388427734
2025-06-10 23:19:46,496 - log - INFO - iter:6820/8041, Original Acc@1: 62.23, Acc@5: 93.08, TTA Acc@1: 62.24, Acc@5: 93.08
2025-06-10 23:20:39,712 - log - INFO - iter:6840/8041, clip_acc1=62.17835998535156, tta_acc1=62.1929817199707
2025-06-10 23:20:39,713 - log - INFO - iter:6840/8041, Original Acc@1: 62.18, Acc@5: 93.08, TTA Acc@1: 62.19, Acc@5: 93.08
2025-06-10 23:21:32,548 - log - INFO - iter:6860/8041, clip_acc1=62.1720085144043, tta_acc1=62.18658447265625
2025-06-10 23:21:32,548 - log - INFO - iter:6860/8041, Original Acc@1: 62.17, Acc@5: 93.10, TTA Acc@1: 62.19, Acc@5: 93.10
2025-06-10 23:22:25,153 - log - INFO - iter:6880/8041, clip_acc1=62.151161193847656, tta_acc1=62.16569900512695
2025-06-10 23:22:25,154 - log - INFO - iter:6880/8041, Original Acc@1: 62.15, Acc@5: 93.07, TTA Acc@1: 62.17, Acc@5: 93.07
2025-06-10 23:23:19,749 - log - INFO - iter:6900/8041, clip_acc1=62.13043212890625, tta_acc1=62.14492416381836
2025-06-10 23:23:19,749 - log - INFO - iter:6900/8041, Original Acc@1: 62.13, Acc@5: 93.06, TTA Acc@1: 62.14, Acc@5: 93.06
2025-06-10 23:24:12,335 - log - INFO - iter:6920/8041, clip_acc1=62.12427520751953, tta_acc1=62.13872528076172
2025-06-10 23:24:12,335 - log - INFO - iter:6920/8041, Original Acc@1: 62.12, Acc@5: 93.01, TTA Acc@1: 62.14, Acc@5: 93.01
2025-06-10 23:25:04,314 - log - INFO - iter:6940/8041, clip_acc1=62.146976470947266, tta_acc1=62.16138458251953
2025-06-10 23:25:04,315 - log - INFO - iter:6940/8041, Original Acc@1: 62.15, Acc@5: 92.98, TTA Acc@1: 62.16, Acc@5: 92.98
2025-06-10 23:25:57,084 - log - INFO - iter:6960/8041, clip_acc1=62.16954040527344, tta_acc1=62.18390655517578
2025-06-10 23:25:57,084 - log - INFO - iter:6960/8041, Original Acc@1: 62.17, Acc@5: 92.97, TTA Acc@1: 62.18, Acc@5: 92.97
2025-06-10 23:26:50,470 - log - INFO - iter:6980/8041, clip_acc1=62.177650451660156, tta_acc1=62.19197463989258
2025-06-10 23:26:50,471 - log - INFO - iter:6980/8041, Original Acc@1: 62.18, Acc@5: 92.97, TTA Acc@1: 62.19, Acc@5: 92.97
2025-06-10 23:27:43,121 - log - INFO - iter:7000/8041, clip_acc1=62.18571472167969, tta_acc1=62.20000076293945
2025-06-10 23:27:43,121 - log - INFO - iter:7000/8041, Original Acc@1: 62.19, Acc@5: 92.99, TTA Acc@1: 62.20, Acc@5: 92.99
2025-06-10 23:28:36,499 - log - INFO - iter:7020/8041, clip_acc1=62.22222137451172, tta_acc1=62.23646545410156
2025-06-10 23:28:36,499 - log - INFO - iter:7020/8041, Original Acc@1: 62.22, Acc@5: 92.99, TTA Acc@1: 62.24, Acc@5: 92.99
2025-06-10 23:29:29,635 - log - INFO - iter:7040/8041, clip_acc1=62.21590805053711, tta_acc1=62.23011016845703
2025-06-10 23:29:29,636 - log - INFO - iter:7040/8041, Original Acc@1: 62.22, Acc@5: 93.01, TTA Acc@1: 62.23, Acc@5: 93.01
2025-06-10 23:30:22,160 - log - INFO - iter:7060/8041, clip_acc1=62.25212478637695, tta_acc1=62.26628875732422
2025-06-10 23:30:22,160 - log - INFO - iter:7060/8041, Original Acc@1: 62.25, Acc@5: 93.03, TTA Acc@1: 62.27, Acc@5: 93.03
2025-06-10 23:31:14,849 - log - INFO - iter:7080/8041, clip_acc1=62.28813552856445, tta_acc1=62.30226135253906
2025-06-10 23:31:14,849 - log - INFO - iter:7080/8041, Original Acc@1: 62.29, Acc@5: 93.05, TTA Acc@1: 62.30, Acc@5: 93.05
2025-06-10 23:32:08,510 - log - INFO - iter:7100/8041, clip_acc1=62.25352478027344, tta_acc1=62.267608642578125
2025-06-10 23:32:08,510 - log - INFO - iter:7100/8041, Original Acc@1: 62.25, Acc@5: 93.04, TTA Acc@1: 62.27, Acc@5: 93.04
2025-06-10 23:33:02,860 - log - INFO - iter:7120/8041, clip_acc1=62.26123809814453, tta_acc1=62.2752799987793
2025-06-10 23:33:02,861 - log - INFO - iter:7120/8041, Original Acc@1: 62.26, Acc@5: 93.06, TTA Acc@1: 62.28, Acc@5: 93.06
2025-06-10 23:33:55,052 - log - INFO - iter:7140/8041, clip_acc1=62.29692077636719, tta_acc1=62.31092834472656
2025-06-10 23:33:55,052 - log - INFO - iter:7140/8041, Original Acc@1: 62.30, Acc@5: 93.08, TTA Acc@1: 62.31, Acc@5: 93.08
2025-06-10 23:34:47,948 - log - INFO - iter:7160/8041, clip_acc1=62.29050064086914, tta_acc1=62.304466247558594
2025-06-10 23:34:47,949 - log - INFO - iter:7160/8041, Original Acc@1: 62.29, Acc@5: 93.09, TTA Acc@1: 62.30, Acc@5: 93.09
2025-06-10 23:35:39,867 - log - INFO - iter:7180/8041, clip_acc1=62.29804992675781, tta_acc1=62.31197738647461
2025-06-10 23:35:39,867 - log - INFO - iter:7180/8041, Original Acc@1: 62.30, Acc@5: 93.04, TTA Acc@1: 62.31, Acc@5: 93.04
2025-06-10 23:36:32,609 - log - INFO - iter:7200/8041, clip_acc1=62.30555725097656, tta_acc1=62.3194465637207
2025-06-10 23:36:32,609 - log - INFO - iter:7200/8041, Original Acc@1: 62.31, Acc@5: 93.03, TTA Acc@1: 62.32, Acc@5: 93.03
2025-06-10 23:37:25,077 - log - INFO - iter:7220/8041, clip_acc1=62.285316467285156, tta_acc1=62.29916763305664
2025-06-10 23:37:25,077 - log - INFO - iter:7220/8041, Original Acc@1: 62.29, Acc@5: 93.03, TTA Acc@1: 62.30, Acc@5: 93.03
2025-06-10 23:38:17,855 - log - INFO - iter:7240/8041, clip_acc1=62.292816162109375, tta_acc1=62.30662536621094
2025-06-10 23:38:17,855 - log - INFO - iter:7240/8041, Original Acc@1: 62.29, Acc@5: 93.05, TTA Acc@1: 62.31, Acc@5: 93.05
2025-06-10 23:39:10,397 - log - INFO - iter:7260/8041, clip_acc1=62.231407165527344, tta_acc1=62.245182037353516
2025-06-10 23:39:10,403 - log - INFO - iter:7260/8041, Original Acc@1: 62.23, Acc@5: 93.03, TTA Acc@1: 62.25, Acc@5: 93.03
2025-06-10 23:40:04,014 - log - INFO - iter:7280/8041, clip_acc1=62.239013671875, tta_acc1=62.252750396728516
2025-06-10 23:40:04,014 - log - INFO - iter:7280/8041, Original Acc@1: 62.24, Acc@5: 93.04, TTA Acc@1: 62.25, Acc@5: 93.04
2025-06-10 23:40:56,452 - log - INFO - iter:7300/8041, clip_acc1=62.24657440185547, tta_acc1=62.26027297973633
2025-06-10 23:40:56,452 - log - INFO - iter:7300/8041, Original Acc@1: 62.25, Acc@5: 93.04, TTA Acc@1: 62.26, Acc@5: 93.04
2025-06-10 23:41:49,913 - log - INFO - iter:7320/8041, clip_acc1=62.25410079956055, tta_acc1=62.26776123046875
2025-06-10 23:41:49,913 - log - INFO - iter:7320/8041, Original Acc@1: 62.25, Acc@5: 93.03, TTA Acc@1: 62.27, Acc@5: 93.03
2025-06-10 23:42:43,772 - log - INFO - iter:7340/8041, clip_acc1=62.234336853027344, tta_acc1=62.24795913696289
2025-06-10 23:42:43,772 - log - INFO - iter:7340/8041, Original Acc@1: 62.23, Acc@5: 93.05, TTA Acc@1: 62.25, Acc@5: 93.05
2025-06-10 23:43:38,366 - log - INFO - iter:7360/8041, clip_acc1=62.21467208862305, tta_acc1=62.22825622558594
2025-06-10 23:43:38,366 - log - INFO - iter:7360/8041, Original Acc@1: 62.21, Acc@5: 93.03, TTA Acc@1: 62.23, Acc@5: 93.03
2025-06-10 23:44:30,991 - log - INFO - iter:7380/8041, clip_acc1=62.19512176513672, tta_acc1=62.20867156982422
2025-06-10 23:44:30,992 - log - INFO - iter:7380/8041, Original Acc@1: 62.20, Acc@5: 93.04, TTA Acc@1: 62.21, Acc@5: 93.04
2025-06-10 23:45:24,018 - log - INFO - iter:7400/8041, clip_acc1=62.20270538330078, tta_acc1=62.216217041015625
2025-06-10 23:45:24,018 - log - INFO - iter:7400/8041, Original Acc@1: 62.20, Acc@5: 93.03, TTA Acc@1: 62.22, Acc@5: 93.03
2025-06-10 23:46:16,497 - log - INFO - iter:7420/8041, clip_acc1=62.22372055053711, tta_acc1=62.23719787597656
2025-06-10 23:46:16,497 - log - INFO - iter:7420/8041, Original Acc@1: 62.22, Acc@5: 93.03, TTA Acc@1: 62.24, Acc@5: 93.03
2025-06-10 23:47:08,918 - log - INFO - iter:7440/8041, clip_acc1=62.271507263183594, tta_acc1=62.28494644165039
2025-06-10 23:47:08,919 - log - INFO - iter:7440/8041, Original Acc@1: 62.27, Acc@5: 93.05, TTA Acc@1: 62.28, Acc@5: 93.05
2025-06-10 23:48:02,125 - log - INFO - iter:7460/8041, clip_acc1=62.22520065307617, tta_acc1=62.23860549926758
2025-06-10 23:48:02,125 - log - INFO - iter:7460/8041, Original Acc@1: 62.23, Acc@5: 93.06, TTA Acc@1: 62.24, Acc@5: 93.06
2025-06-10 23:48:56,317 - log - INFO - iter:7480/8041, clip_acc1=62.23262023925781, tta_acc1=62.24599075317383
2025-06-10 23:48:56,317 - log - INFO - iter:7480/8041, Original Acc@1: 62.23, Acc@5: 93.07, TTA Acc@1: 62.25, Acc@5: 93.07
2025-06-10 23:49:49,354 - log - INFO - iter:7500/8041, clip_acc1=62.22666549682617, tta_acc1=62.2400016784668
2025-06-10 23:49:49,354 - log - INFO - iter:7500/8041, Original Acc@1: 62.23, Acc@5: 93.07, TTA Acc@1: 62.24, Acc@5: 93.07
2025-06-10 23:50:42,743 - log - INFO - iter:7520/8041, clip_acc1=62.247337341308594, tta_acc1=62.26063537597656
2025-06-10 23:50:42,743 - log - INFO - iter:7520/8041, Original Acc@1: 62.25, Acc@5: 93.07, TTA Acc@1: 62.26, Acc@5: 93.07
2025-06-10 23:51:34,980 - log - INFO - iter:7540/8041, clip_acc1=62.281166076660156, tta_acc1=62.294429779052734
2025-06-10 23:51:34,980 - log - INFO - iter:7540/8041, Original Acc@1: 62.28, Acc@5: 93.06, TTA Acc@1: 62.29, Acc@5: 93.06
2025-06-10 23:52:28,209 - log - INFO - iter:7560/8041, clip_acc1=62.341270446777344, tta_acc1=62.35449981689453
2025-06-10 23:52:28,209 - log - INFO - iter:7560/8041, Original Acc@1: 62.34, Acc@5: 93.07, TTA Acc@1: 62.35, Acc@5: 93.07
2025-06-10 23:53:20,852 - log - INFO - iter:7580/8041, clip_acc1=62.37466812133789, tta_acc1=62.38786315917969
2025-06-10 23:53:20,853 - log - INFO - iter:7580/8041, Original Acc@1: 62.37, Acc@5: 93.05, TTA Acc@1: 62.39, Acc@5: 93.05
2025-06-10 23:54:13,407 - log - INFO - iter:7600/8041, clip_acc1=62.34210205078125, tta_acc1=62.35525894165039
2025-06-10 23:54:13,408 - log - INFO - iter:7600/8041, Original Acc@1: 62.34, Acc@5: 93.05, TTA Acc@1: 62.36, Acc@5: 93.05
2025-06-10 23:55:05,694 - log - INFO - iter:7620/8041, clip_acc1=62.30971145629883, tta_acc1=62.32283401489258
2025-06-10 23:55:05,694 - log - INFO - iter:7620/8041, Original Acc@1: 62.31, Acc@5: 93.04, TTA Acc@1: 62.32, Acc@5: 93.04
2025-06-10 23:55:58,237 - log - INFO - iter:7640/8041, clip_acc1=62.30366516113281, tta_acc1=62.31675338745117
2025-06-10 23:55:58,237 - log - INFO - iter:7640/8041, Original Acc@1: 62.30, Acc@5: 93.04, TTA Acc@1: 62.32, Acc@5: 93.04
2025-06-10 23:56:51,049 - log - INFO - iter:7660/8041, clip_acc1=62.29764938354492, tta_acc1=62.31070327758789
2025-06-10 23:56:51,050 - log - INFO - iter:7660/8041, Original Acc@1: 62.30, Acc@5: 93.04, TTA Acc@1: 62.31, Acc@5: 93.04
2025-06-10 23:57:43,944 - log - INFO - iter:7680/8041, clip_acc1=62.317710876464844, tta_acc1=62.33073425292969
2025-06-10 23:57:43,944 - log - INFO - iter:7680/8041, Original Acc@1: 62.32, Acc@5: 93.05, TTA Acc@1: 62.33, Acc@5: 93.05
2025-06-10 23:58:36,523 - log - INFO - iter:7700/8041, clip_acc1=62.32467269897461, tta_acc1=62.3376579284668
2025-06-10 23:58:36,523 - log - INFO - iter:7700/8041, Original Acc@1: 62.32, Acc@5: 93.06, TTA Acc@1: 62.34, Acc@5: 93.06
2025-06-10 23:59:28,519 - log - INFO - iter:7720/8041, clip_acc1=62.31865692138672, tta_acc1=62.331607818603516
2025-06-10 23:59:28,519 - log - INFO - iter:7720/8041, Original Acc@1: 62.32, Acc@5: 93.07, TTA Acc@1: 62.33, Acc@5: 93.07
2025-06-11 00:00:21,488 - log - INFO - iter:7740/8041, clip_acc1=62.28681945800781, tta_acc1=62.299739837646484
2025-06-11 00:00:21,488 - log - INFO - iter:7740/8041, Original Acc@1: 62.29, Acc@5: 93.07, TTA Acc@1: 62.30, Acc@5: 93.07
2025-06-11 00:01:13,765 - log - INFO - iter:7760/8041, clip_acc1=62.28092956542969, tta_acc1=62.29381561279297
2025-06-11 00:01:13,765 - log - INFO - iter:7760/8041, Original Acc@1: 62.28, Acc@5: 93.09, TTA Acc@1: 62.29, Acc@5: 93.09
2025-06-11 00:02:07,286 - log - INFO - iter:7780/8041, clip_acc1=62.28792190551758, tta_acc1=62.30077362060547
2025-06-11 00:02:07,286 - log - INFO - iter:7780/8041, Original Acc@1: 62.29, Acc@5: 93.08, TTA Acc@1: 62.30, Acc@5: 93.08
2025-06-11 00:02:59,662 - log - INFO - iter:7800/8041, clip_acc1=62.33333206176758, tta_acc1=62.346153259277344
2025-06-11 00:02:59,662 - log - INFO - iter:7800/8041, Original Acc@1: 62.33, Acc@5: 93.10, TTA Acc@1: 62.35, Acc@5: 93.10
2025-06-11 00:03:52,031 - log - INFO - iter:7820/8041, clip_acc1=62.30179214477539, tta_acc1=62.314579010009766
2025-06-11 00:03:52,031 - log - INFO - iter:7820/8041, Original Acc@1: 62.30, Acc@5: 93.11, TTA Acc@1: 62.31, Acc@5: 93.11
2025-06-11 00:04:44,762 - log - INFO - iter:7840/8041, clip_acc1=62.33418273925781, tta_acc1=62.3469352722168
2025-06-11 00:04:44,762 - log - INFO - iter:7840/8041, Original Acc@1: 62.33, Acc@5: 93.10, TTA Acc@1: 62.35, Acc@5: 93.10
2025-06-11 00:05:38,101 - log - INFO - iter:7860/8041, clip_acc1=62.3918571472168, tta_acc1=62.404579162597656
2025-06-11 00:05:38,102 - log - INFO - iter:7860/8041, Original Acc@1: 62.39, Acc@5: 93.10, TTA Acc@1: 62.40, Acc@5: 93.10
2025-06-11 00:06:30,577 - log - INFO - iter:7880/8041, clip_acc1=62.38578796386719, tta_acc1=62.39847946166992
2025-06-11 00:06:30,577 - log - INFO - iter:7880/8041, Original Acc@1: 62.39, Acc@5: 93.12, TTA Acc@1: 62.40, Acc@5: 93.12
2025-06-11 00:07:23,135 - log - INFO - iter:7900/8041, clip_acc1=62.367088317871094, tta_acc1=62.37974548339844
2025-06-11 00:07:23,136 - log - INFO - iter:7900/8041, Original Acc@1: 62.37, Acc@5: 93.11, TTA Acc@1: 62.38, Acc@5: 93.11
2025-06-11 00:08:16,139 - log - INFO - iter:7920/8041, clip_acc1=62.361114501953125, tta_acc1=62.373741149902344
2025-06-11 00:08:16,140 - log - INFO - iter:7920/8041, Original Acc@1: 62.36, Acc@5: 93.11, TTA Acc@1: 62.37, Acc@5: 93.11
2025-06-11 00:09:09,327 - log - INFO - iter:7940/8041, clip_acc1=62.392948150634766, tta_acc1=62.405540466308594
2025-06-11 00:09:09,327 - log - INFO - iter:7940/8041, Original Acc@1: 62.39, Acc@5: 93.10, TTA Acc@1: 62.41, Acc@5: 93.10
2025-06-11 00:10:01,143 - log - INFO - iter:7960/8041, clip_acc1=62.41205978393555, tta_acc1=62.42462158203125
2025-06-11 00:10:01,144 - log - INFO - iter:7960/8041, Original Acc@1: 62.41, Acc@5: 93.07, TTA Acc@1: 62.42, Acc@5: 93.07
2025-06-11 00:10:54,782 - log - INFO - iter:7980/8041, clip_acc1=62.40601348876953, tta_acc1=62.41854476928711
2025-06-11 00:10:54,782 - log - INFO - iter:7980/8041, Original Acc@1: 62.41, Acc@5: 93.05, TTA Acc@1: 62.42, Acc@5: 93.05
2025-06-11 00:11:47,952 - log - INFO - iter:8000/8041, clip_acc1=62.42500305175781, tta_acc1=62.437503814697266
2025-06-11 00:11:47,953 - log - INFO - iter:8000/8041, Original Acc@1: 62.43, Acc@5: 93.03, TTA Acc@1: 62.44, Acc@5: 93.03
2025-06-11 00:12:40,871 - log - INFO - iter:8020/8041, clip_acc1=62.418949127197266, tta_acc1=62.431419372558594
2025-06-11 00:12:40,871 - log - INFO - iter:8020/8041, Original Acc@1: 62.42, Acc@5: 93.02, TTA Acc@1: 62.43, Acc@5: 93.02
2025-06-11 00:13:31,454 - log - INFO - iter:8040/8041, clip_acc1=62.36318588256836, tta_acc1=62.37562561035156
2025-06-11 00:13:31,454 - log - INFO - iter:8040/8041, Original Acc@1: 62.36, Acc@5: 93.02, TTA Acc@1: 62.38, Acc@5: 93.02
2025-06-11 00:13:33,813 - log - INFO - iter:8041/8041, clip_acc1=62.36786651611328, tta_acc1=62.38030242919922
2025-06-11 00:13:33,813 - log - INFO - iter:8041/8041, Original Acc@1: 62.37, Acc@5: 93.02, TTA Acc@1: 62.38, Acc@5: 93.02
2025-06-11 00:13:33,873 - log - INFO - Final results - Original Acc@1: 62.37, Acc@5: 93.02, TTA Acc@1: 62.38, Acc@5: 93.02
2025-06-11 00:13:33,873 - log - INFO - Improvement from TTA in Acc@1 0.01, and Acc@5 0.00
2025-06-11 00:13:33,874 - log - INFO - => Acc. on testset [Cars]: Clean Acc @1 62.36786651611328/ TTA Clean Acc @1 62.38030242919922, Clean Acc @5 93.02326202392578/ TTA Clean Acc @5 93.02326202392578
2025-06-11 00:13:33,874 - log - INFO - Total script execution time: 23305.73 seconds (388.43 minutes)
