2025-06-12 19:02:21,347 - log - INFO - ==========================================
data:/leonardo_work/EUHPC_R04_192/fmohamma/Adversarial_Robust_Clip/atpt_data/downstream_datasets
test_sets:Caltech101
dataset_mode:test
arch:ViT-L/14
resolution:224
workers:4
no_pin_memory:False
batch_size:64
print_freq:20
gpu:0
no_cudnn_benchmark:False
n_ctx:4
ctx_init:a_photo_of_a
tpt_loss:tpt
seed:0
output_dir:/leonardo_work/EUHPC_R04_192/fmohamma/Adversarial_Robust_Clip/atpt_data/ViT-L/14/Caltech101
log_output_dir:/leonardo_work/EUHPC_R04_192/fmohamma/Adversarial_Robust_Clip/ATPT/Final_Results/ViT-L/14/Caltech101
eps:0.0
alpha:0.0
alpha_eps_ratio:4.0
steps:0
lr:0.005
selection_p:0.1
tta_steps:1
ensemble_type:weighted_rtpt
top_k:20
softmax_temp:0.01
counter_attack:True
counter_attack_type:pgd
counter_attack_steps:2
counter_attack_eps:4.0
counter_attack_alpha:1.0
counter_attack_tau_thres:0.2
counter_attack_beta:2.0
counter_attack_weighted_perturbations:True
pgd_clip_pure_i_text_embeddings:null
pgd_counter_and_clipure_i_lamda:1.0
selected_id_name:selected_topk.json
weighted_score_name:weighted_scores.json
batch_entropy_name:entropies.json
log_dir:/leonardo_work/EUHPC_R04_192/fmohamma/Adversarial_Robust_Clip/ATPT/Final_Results/ViT-L/14/Caltech101/Clean/Counter_Attack/Eps_4_0_Steps_2_Alpha_1_0/tau_0_2_beta_2_0_weighted_pertrubation_True/TPT/Optimization_Loss_tpt_LR_0_005_Optimization_Steps_1_View_Selection_Fraction_0_1/Inference_Ensemble_weighted_rtpt_topk_20_softmaxtemp_0_01

2025-06-12 19:02:21,348 - log - INFO - Use GPU: 0 for training
2025-06-12 19:03:16,262 - log - INFO - Freezing all parameters except prompt learner
2025-06-12 19:03:16,263 - log - INFO - => Model created: visual backbone ViT-L/14
2025-06-12 19:03:16,272 - log - INFO - Number of test samples: 2465
2025-06-12 19:03:16,272 - log - INFO - Evaluating dataset: Caltech101
2025-06-12 19:03:16,273 - log - INFO - Starting evaluation with batch size: 64, selection percentage: 0.1
2025-06-12 19:03:16,273 - log - INFO - Test-time adaptation steps: 1, learning rate: 0.005
2025-06-12 19:03:16,273 - log - INFO - Using counter-attack with epsilon: 4.000000, alpha: 0.000000, steps: 2, tau_thres: 0.2, beta: 2.0, weighted perturbation: True
2025-06-12 19:04:31,692 - log - INFO - iter:20/2465, clip_acc1=60.0, tta_acc1=90.0
2025-06-12 19:04:31,692 - log - INFO - iter:20/2465, Original Acc@1: 60.00, Acc@5: 90.00, TTA Acc@1: 90.00, Acc@5: 100.00
2025-06-12 19:05:29,573 - log - INFO - iter:40/2465, clip_acc1=62.5, tta_acc1=92.5
2025-06-12 19:05:29,573 - log - INFO - iter:40/2465, Original Acc@1: 62.50, Acc@5: 95.00, TTA Acc@1: 92.50, Acc@5: 100.00
2025-06-12 19:06:27,179 - log - INFO - iter:60/2465, clip_acc1=68.33333587646484, tta_acc1=95.00000762939453
2025-06-12 19:06:27,179 - log - INFO - iter:60/2465, Original Acc@1: 68.33, Acc@5: 96.67, TTA Acc@1: 95.00, Acc@5: 100.00
2025-06-12 19:07:24,832 - log - INFO - iter:80/2465, clip_acc1=65.0, tta_acc1=88.75
2025-06-12 19:07:24,833 - log - INFO - iter:80/2465, Original Acc@1: 65.00, Acc@5: 97.50, TTA Acc@1: 88.75, Acc@5: 100.00
2025-06-12 19:08:22,554 - log - INFO - iter:100/2465, clip_acc1=66.0, tta_acc1=89.0
2025-06-12 19:08:22,554 - log - INFO - iter:100/2465, Original Acc@1: 66.00, Acc@5: 98.00, TTA Acc@1: 89.00, Acc@5: 100.00
2025-06-12 19:09:20,415 - log - INFO - iter:120/2465, clip_acc1=62.500003814697266, tta_acc1=89.16667175292969
2025-06-12 19:09:20,415 - log - INFO - iter:120/2465, Original Acc@1: 62.50, Acc@5: 98.33, TTA Acc@1: 89.17, Acc@5: 100.00
2025-06-12 19:10:17,820 - log - INFO - iter:140/2465, clip_acc1=63.57143020629883, tta_acc1=90.0
2025-06-12 19:10:17,821 - log - INFO - iter:140/2465, Original Acc@1: 63.57, Acc@5: 97.14, TTA Acc@1: 90.00, Acc@5: 100.00
2025-06-12 19:11:15,151 - log - INFO - iter:160/2465, clip_acc1=67.5, tta_acc1=91.25
2025-06-12 19:11:15,152 - log - INFO - iter:160/2465, Original Acc@1: 67.50, Acc@5: 96.88, TTA Acc@1: 91.25, Acc@5: 100.00
2025-06-12 19:12:12,399 - log - INFO - iter:180/2465, clip_acc1=68.33333587646484, tta_acc1=92.22222137451172
2025-06-12 19:12:12,399 - log - INFO - iter:180/2465, Original Acc@1: 68.33, Acc@5: 95.56, TTA Acc@1: 92.22, Acc@5: 100.00
2025-06-12 19:13:09,812 - log - INFO - iter:200/2465, clip_acc1=70.5, tta_acc1=93.0
2025-06-12 19:13:09,812 - log - INFO - iter:200/2465, Original Acc@1: 70.50, Acc@5: 96.00, TTA Acc@1: 93.00, Acc@5: 100.00
2025-06-12 19:14:07,249 - log - INFO - iter:220/2465, clip_acc1=73.18181610107422, tta_acc1=93.63636016845703
2025-06-12 19:14:07,249 - log - INFO - iter:220/2465, Original Acc@1: 73.18, Acc@5: 96.36, TTA Acc@1: 93.64, Acc@5: 100.00
2025-06-12 19:15:04,455 - log - INFO - iter:240/2465, clip_acc1=75.41667175292969, tta_acc1=94.16667175292969
2025-06-12 19:15:04,456 - log - INFO - iter:240/2465, Original Acc@1: 75.42, Acc@5: 96.67, TTA Acc@1: 94.17, Acc@5: 100.00
2025-06-12 19:16:01,762 - log - INFO - iter:260/2465, clip_acc1=77.30769348144531, tta_acc1=94.61538696289062
2025-06-12 19:16:01,762 - log - INFO - iter:260/2465, Original Acc@1: 77.31, Acc@5: 96.92, TTA Acc@1: 94.62, Acc@5: 100.00
2025-06-12 19:16:59,219 - log - INFO - iter:280/2465, clip_acc1=78.92857360839844, tta_acc1=95.0
2025-06-12 19:16:59,219 - log - INFO - iter:280/2465, Original Acc@1: 78.93, Acc@5: 97.14, TTA Acc@1: 95.00, Acc@5: 100.00
2025-06-12 19:17:56,465 - log - INFO - iter:300/2465, clip_acc1=80.33333587646484, tta_acc1=95.33333587646484
2025-06-12 19:17:56,466 - log - INFO - iter:300/2465, Original Acc@1: 80.33, Acc@5: 97.33, TTA Acc@1: 95.33, Acc@5: 100.00
2025-06-12 19:18:53,820 - log - INFO - iter:320/2465, clip_acc1=81.5625, tta_acc1=95.625
2025-06-12 19:18:53,820 - log - INFO - iter:320/2465, Original Acc@1: 81.56, Acc@5: 97.50, TTA Acc@1: 95.62, Acc@5: 100.00
2025-06-12 19:19:51,175 - log - INFO - iter:340/2465, clip_acc1=82.64706420898438, tta_acc1=95.88235473632812
2025-06-12 19:19:51,175 - log - INFO - iter:340/2465, Original Acc@1: 82.65, Acc@5: 97.65, TTA Acc@1: 95.88, Acc@5: 100.00
2025-06-12 19:20:48,577 - log - INFO - iter:360/2465, clip_acc1=83.61111450195312, tta_acc1=96.11111450195312
2025-06-12 19:20:48,577 - log - INFO - iter:360/2465, Original Acc@1: 83.61, Acc@5: 97.78, TTA Acc@1: 96.11, Acc@5: 100.00
2025-06-12 19:21:45,791 - log - INFO - iter:380/2465, clip_acc1=84.47368621826172, tta_acc1=96.3157958984375
2025-06-12 19:21:45,791 - log - INFO - iter:380/2465, Original Acc@1: 84.47, Acc@5: 97.89, TTA Acc@1: 96.32, Acc@5: 100.00
2025-06-12 19:22:43,148 - log - INFO - iter:400/2465, clip_acc1=85.25, tta_acc1=96.5
2025-06-12 19:22:43,148 - log - INFO - iter:400/2465, Original Acc@1: 85.25, Acc@5: 98.00, TTA Acc@1: 96.50, Acc@5: 100.00
2025-06-12 19:23:40,537 - log - INFO - iter:420/2465, clip_acc1=85.95238494873047, tta_acc1=96.42857360839844
2025-06-12 19:23:40,537 - log - INFO - iter:420/2465, Original Acc@1: 85.95, Acc@5: 98.10, TTA Acc@1: 96.43, Acc@5: 100.00
2025-06-12 19:24:38,974 - log - INFO - iter:440/2465, clip_acc1=86.13636016845703, tta_acc1=96.59090423583984
2025-06-12 19:24:38,974 - log - INFO - iter:440/2465, Original Acc@1: 86.14, Acc@5: 97.73, TTA Acc@1: 96.59, Acc@5: 100.00
2025-06-12 19:25:35,910 - log - INFO - iter:460/2465, clip_acc1=86.08695220947266, tta_acc1=96.73912811279297
2025-06-12 19:25:35,910 - log - INFO - iter:460/2465, Original Acc@1: 86.09, Acc@5: 97.83, TTA Acc@1: 96.74, Acc@5: 100.00
2025-06-12 19:26:32,970 - log - INFO - iter:480/2465, clip_acc1=86.25000762939453, tta_acc1=96.87500762939453
2025-06-12 19:26:32,970 - log - INFO - iter:480/2465, Original Acc@1: 86.25, Acc@5: 97.71, TTA Acc@1: 96.88, Acc@5: 100.00
2025-06-12 19:27:30,056 - log - INFO - iter:500/2465, clip_acc1=86.80000305175781, tta_acc1=97.00000762939453
2025-06-12 19:27:30,057 - log - INFO - iter:500/2465, Original Acc@1: 86.80, Acc@5: 97.80, TTA Acc@1: 97.00, Acc@5: 100.00
2025-06-12 19:28:27,207 - log - INFO - iter:520/2465, clip_acc1=87.11538696289062, tta_acc1=97.11538696289062
2025-06-12 19:28:27,208 - log - INFO - iter:520/2465, Original Acc@1: 87.12, Acc@5: 97.88, TTA Acc@1: 97.12, Acc@5: 100.00
2025-06-12 19:29:24,411 - log - INFO - iter:540/2465, clip_acc1=87.22222137451172, tta_acc1=97.22222137451172
2025-06-12 19:29:24,412 - log - INFO - iter:540/2465, Original Acc@1: 87.22, Acc@5: 97.96, TTA Acc@1: 97.22, Acc@5: 100.00
2025-06-12 19:30:21,278 - log - INFO - iter:560/2465, clip_acc1=87.32142639160156, tta_acc1=97.32142639160156
2025-06-12 19:30:21,278 - log - INFO - iter:560/2465, Original Acc@1: 87.32, Acc@5: 98.04, TTA Acc@1: 97.32, Acc@5: 100.00
2025-06-12 19:31:18,314 - log - INFO - iter:580/2465, clip_acc1=87.75862121582031, tta_acc1=97.4137954711914
2025-06-12 19:31:18,314 - log - INFO - iter:580/2465, Original Acc@1: 87.76, Acc@5: 98.10, TTA Acc@1: 97.41, Acc@5: 100.00
2025-06-12 19:32:15,267 - log - INFO - iter:600/2465, clip_acc1=87.66667175292969, tta_acc1=97.5
2025-06-12 19:32:15,267 - log - INFO - iter:600/2465, Original Acc@1: 87.67, Acc@5: 98.00, TTA Acc@1: 97.50, Acc@5: 100.00
2025-06-12 19:33:12,426 - log - INFO - iter:620/2465, clip_acc1=87.9032211303711, tta_acc1=97.41934967041016
2025-06-12 19:33:12,426 - log - INFO - iter:620/2465, Original Acc@1: 87.90, Acc@5: 98.06, TTA Acc@1: 97.42, Acc@5: 100.00
2025-06-12 19:34:09,482 - log - INFO - iter:640/2465, clip_acc1=87.96875, tta_acc1=97.5
2025-06-12 19:34:09,482 - log - INFO - iter:640/2465, Original Acc@1: 87.97, Acc@5: 98.12, TTA Acc@1: 97.50, Acc@5: 100.00
2025-06-12 19:35:06,660 - log - INFO - iter:660/2465, clip_acc1=88.03030395507812, tta_acc1=97.57575225830078
2025-06-12 19:35:06,661 - log - INFO - iter:660/2465, Original Acc@1: 88.03, Acc@5: 98.03, TTA Acc@1: 97.58, Acc@5: 100.00
2025-06-12 19:36:03,702 - log - INFO - iter:680/2465, clip_acc1=88.38235473632812, tta_acc1=97.64706420898438
2025-06-12 19:36:03,702 - log - INFO - iter:680/2465, Original Acc@1: 88.38, Acc@5: 98.09, TTA Acc@1: 97.65, Acc@5: 100.00
2025-06-12 19:37:00,805 - log - INFO - iter:700/2465, clip_acc1=87.42857360839844, tta_acc1=97.71428680419922
2025-06-12 19:37:00,805 - log - INFO - iter:700/2465, Original Acc@1: 87.43, Acc@5: 97.14, TTA Acc@1: 97.71, Acc@5: 100.00
2025-06-12 19:37:57,874 - log - INFO - iter:720/2465, clip_acc1=86.3888931274414, tta_acc1=97.6388931274414
2025-06-12 19:37:57,875 - log - INFO - iter:720/2465, Original Acc@1: 86.39, Acc@5: 96.94, TTA Acc@1: 97.64, Acc@5: 100.00
2025-06-12 19:38:54,897 - log - INFO - iter:740/2465, clip_acc1=86.21621704101562, tta_acc1=97.56757354736328
2025-06-12 19:38:54,898 - log - INFO - iter:740/2465, Original Acc@1: 86.22, Acc@5: 96.62, TTA Acc@1: 97.57, Acc@5: 100.00
2025-06-12 19:39:51,935 - log - INFO - iter:760/2465, clip_acc1=85.52632141113281, tta_acc1=97.36842346191406
2025-06-12 19:39:51,935 - log - INFO - iter:760/2465, Original Acc@1: 85.53, Acc@5: 95.79, TTA Acc@1: 97.37, Acc@5: 99.74
2025-06-12 19:40:48,951 - log - INFO - iter:780/2465, clip_acc1=85.64102935791016, tta_acc1=97.43589782714844
2025-06-12 19:40:48,951 - log - INFO - iter:780/2465, Original Acc@1: 85.64, Acc@5: 95.77, TTA Acc@1: 97.44, Acc@5: 99.74
2025-06-12 19:41:45,925 - log - INFO - iter:800/2465, clip_acc1=85.625, tta_acc1=97.5
2025-06-12 19:41:45,925 - log - INFO - iter:800/2465, Original Acc@1: 85.62, Acc@5: 95.88, TTA Acc@1: 97.50, Acc@5: 99.75
2025-06-12 19:42:42,950 - log - INFO - iter:820/2465, clip_acc1=85.8536605834961, tta_acc1=97.56097412109375
2025-06-12 19:42:42,951 - log - INFO - iter:820/2465, Original Acc@1: 85.85, Acc@5: 95.85, TTA Acc@1: 97.56, Acc@5: 99.76
2025-06-12 19:43:40,068 - log - INFO - iter:840/2465, clip_acc1=85.83333587646484, tta_acc1=97.5
2025-06-12 19:43:40,068 - log - INFO - iter:840/2465, Original Acc@1: 85.83, Acc@5: 95.95, TTA Acc@1: 97.50, Acc@5: 99.76
2025-06-12 19:44:37,038 - log - INFO - iter:860/2465, clip_acc1=86.16278839111328, tta_acc1=97.55813598632812
2025-06-12 19:44:37,038 - log - INFO - iter:860/2465, Original Acc@1: 86.16, Acc@5: 96.05, TTA Acc@1: 97.56, Acc@5: 99.77
2025-06-12 19:45:33,923 - log - INFO - iter:880/2465, clip_acc1=86.25, tta_acc1=97.5
2025-06-12 19:45:33,924 - log - INFO - iter:880/2465, Original Acc@1: 86.25, Acc@5: 96.02, TTA Acc@1: 97.50, Acc@5: 99.77
2025-06-12 19:46:30,862 - log - INFO - iter:900/2465, clip_acc1=86.44444274902344, tta_acc1=97.44445037841797
2025-06-12 19:46:30,863 - log - INFO - iter:900/2465, Original Acc@1: 86.44, Acc@5: 96.11, TTA Acc@1: 97.44, Acc@5: 99.67
2025-06-12 19:47:27,868 - log - INFO - iter:920/2465, clip_acc1=86.08695220947266, tta_acc1=97.28260803222656
2025-06-12 19:47:27,868 - log - INFO - iter:920/2465, Original Acc@1: 86.09, Acc@5: 96.09, TTA Acc@1: 97.28, Acc@5: 99.46
2025-06-12 19:48:24,876 - log - INFO - iter:940/2465, clip_acc1=85.63829803466797, tta_acc1=97.23403930664062
2025-06-12 19:48:24,877 - log - INFO - iter:940/2465, Original Acc@1: 85.64, Acc@5: 95.96, TTA Acc@1: 97.23, Acc@5: 99.47
2025-06-12 19:49:21,723 - log - INFO - iter:960/2465, clip_acc1=85.41667175292969, tta_acc1=97.29167175292969
2025-06-12 19:49:21,724 - log - INFO - iter:960/2465, Original Acc@1: 85.42, Acc@5: 95.83, TTA Acc@1: 97.29, Acc@5: 99.48
2025-06-12 19:50:18,668 - log - INFO - iter:980/2465, clip_acc1=85.2040786743164, tta_acc1=97.2448959350586
2025-06-12 19:50:18,668 - log - INFO - iter:980/2465, Original Acc@1: 85.20, Acc@5: 95.41, TTA Acc@1: 97.24, Acc@5: 99.49
2025-06-12 19:51:15,575 - log - INFO - iter:1000/2465, clip_acc1=85.20000457763672, tta_acc1=97.20000457763672
2025-06-12 19:51:15,575 - log - INFO - iter:1000/2465, Original Acc@1: 85.20, Acc@5: 95.30, TTA Acc@1: 97.20, Acc@5: 99.50
2025-06-12 19:52:12,408 - log - INFO - iter:1020/2465, clip_acc1=85.00000762939453, tta_acc1=97.05883026123047
2025-06-12 19:52:12,409 - log - INFO - iter:1020/2465, Original Acc@1: 85.00, Acc@5: 95.20, TTA Acc@1: 97.06, Acc@5: 99.51
2025-06-12 19:53:09,248 - log - INFO - iter:1040/2465, clip_acc1=85.19230651855469, tta_acc1=97.01923370361328
2025-06-12 19:53:09,248 - log - INFO - iter:1040/2465, Original Acc@1: 85.19, Acc@5: 95.29, TTA Acc@1: 97.02, Acc@5: 99.52
2025-06-12 19:54:06,199 - log - INFO - iter:1060/2465, clip_acc1=85.0, tta_acc1=96.98113250732422
2025-06-12 19:54:06,199 - log - INFO - iter:1060/2465, Original Acc@1: 85.00, Acc@5: 95.28, TTA Acc@1: 96.98, Acc@5: 99.53
2025-06-12 19:55:03,113 - log - INFO - iter:1080/2465, clip_acc1=85.0, tta_acc1=96.85185241699219
2025-06-12 19:55:03,113 - log - INFO - iter:1080/2465, Original Acc@1: 85.00, Acc@5: 95.19, TTA Acc@1: 96.85, Acc@5: 99.44
2025-06-12 19:56:00,230 - log - INFO - iter:1100/2465, clip_acc1=84.45454406738281, tta_acc1=96.90908813476562
2025-06-12 19:56:00,230 - log - INFO - iter:1100/2465, Original Acc@1: 84.45, Acc@5: 94.73, TTA Acc@1: 96.91, Acc@5: 99.45
2025-06-12 19:56:57,331 - log - INFO - iter:1120/2465, clip_acc1=83.30357360839844, tta_acc1=96.33928680419922
2025-06-12 19:56:57,331 - log - INFO - iter:1120/2465, Original Acc@1: 83.30, Acc@5: 94.55, TTA Acc@1: 96.34, Acc@5: 99.46
2025-06-12 19:57:54,489 - log - INFO - iter:1140/2465, clip_acc1=82.63158416748047, tta_acc1=95.78947448730469
2025-06-12 19:57:54,490 - log - INFO - iter:1140/2465, Original Acc@1: 82.63, Acc@5: 94.21, TTA Acc@1: 95.79, Acc@5: 99.47
2025-06-12 19:58:51,545 - log - INFO - iter:1160/2465, clip_acc1=82.5862045288086, tta_acc1=95.86206817626953
2025-06-12 19:58:51,545 - log - INFO - iter:1160/2465, Original Acc@1: 82.59, Acc@5: 94.22, TTA Acc@1: 95.86, Acc@5: 99.48
2025-06-12 19:59:48,671 - log - INFO - iter:1180/2465, clip_acc1=82.45762634277344, tta_acc1=95.93220520019531
2025-06-12 19:59:48,672 - log - INFO - iter:1180/2465, Original Acc@1: 82.46, Acc@5: 94.24, TTA Acc@1: 95.93, Acc@5: 99.49
2025-06-12 20:00:45,558 - log - INFO - iter:1200/2465, clip_acc1=82.75, tta_acc1=96.0
2025-06-12 20:00:45,558 - log - INFO - iter:1200/2465, Original Acc@1: 82.75, Acc@5: 94.33, TTA Acc@1: 96.00, Acc@5: 99.50
2025-06-12 20:01:42,531 - log - INFO - iter:1220/2465, clip_acc1=82.95082092285156, tta_acc1=96.0655746459961
2025-06-12 20:01:42,531 - log - INFO - iter:1220/2465, Original Acc@1: 82.95, Acc@5: 94.43, TTA Acc@1: 96.07, Acc@5: 99.51
2025-06-12 20:02:39,839 - log - INFO - iter:1240/2465, clip_acc1=82.5, tta_acc1=95.96774291992188
2025-06-12 20:02:39,839 - log - INFO - iter:1240/2465, Original Acc@1: 82.50, Acc@5: 94.11, TTA Acc@1: 95.97, Acc@5: 99.52
2025-06-12 20:03:36,839 - log - INFO - iter:1260/2465, clip_acc1=82.14286041259766, tta_acc1=95.95238494873047
2025-06-12 20:03:36,839 - log - INFO - iter:1260/2465, Original Acc@1: 82.14, Acc@5: 93.97, TTA Acc@1: 95.95, Acc@5: 99.52
2025-06-12 20:04:33,806 - log - INFO - iter:1280/2465, clip_acc1=82.34375, tta_acc1=96.015625
2025-06-12 20:04:33,806 - log - INFO - iter:1280/2465, Original Acc@1: 82.34, Acc@5: 94.06, TTA Acc@1: 96.02, Acc@5: 99.53
2025-06-12 20:05:31,121 - log - INFO - iter:1300/2465, clip_acc1=82.53845977783203, tta_acc1=96.07691955566406
2025-06-12 20:05:31,122 - log - INFO - iter:1300/2465, Original Acc@1: 82.54, Acc@5: 94.15, TTA Acc@1: 96.08, Acc@5: 99.54
2025-06-12 20:06:28,307 - log - INFO - iter:1320/2465, clip_acc1=82.57575225830078, tta_acc1=96.06060028076172
2025-06-12 20:06:28,307 - log - INFO - iter:1320/2465, Original Acc@1: 82.58, Acc@5: 94.17, TTA Acc@1: 96.06, Acc@5: 99.55
2025-06-12 20:07:25,530 - log - INFO - iter:1340/2465, clip_acc1=82.68656921386719, tta_acc1=96.11940002441406
2025-06-12 20:07:25,530 - log - INFO - iter:1340/2465, Original Acc@1: 82.69, Acc@5: 94.25, TTA Acc@1: 96.12, Acc@5: 99.55
2025-06-12 20:08:22,853 - log - INFO - iter:1360/2465, clip_acc1=82.5, tta_acc1=96.02941131591797
2025-06-12 20:08:22,853 - log - INFO - iter:1360/2465, Original Acc@1: 82.50, Acc@5: 94.12, TTA Acc@1: 96.03, Acc@5: 99.49
2025-06-12 20:09:20,192 - log - INFO - iter:1380/2465, clip_acc1=82.5362319946289, tta_acc1=96.01449584960938
2025-06-12 20:09:20,192 - log - INFO - iter:1380/2465, Original Acc@1: 82.54, Acc@5: 94.20, TTA Acc@1: 96.01, Acc@5: 99.49
2025-06-12 20:10:17,466 - log - INFO - iter:1400/2465, clip_acc1=81.85713958740234, tta_acc1=95.92857360839844
2025-06-12 20:10:17,466 - log - INFO - iter:1400/2465, Original Acc@1: 81.86, Acc@5: 94.07, TTA Acc@1: 95.93, Acc@5: 99.50
2025-06-12 20:11:17,218 - log - INFO - iter:1420/2465, clip_acc1=81.9718246459961, tta_acc1=95.8450698852539
2025-06-12 20:11:17,218 - log - INFO - iter:1420/2465, Original Acc@1: 81.97, Acc@5: 94.08, TTA Acc@1: 95.85, Acc@5: 99.44
2025-06-12 20:12:14,302 - log - INFO - iter:1440/2465, clip_acc1=81.94444274902344, tta_acc1=95.90277862548828
2025-06-12 20:12:14,303 - log - INFO - iter:1440/2465, Original Acc@1: 81.94, Acc@5: 94.17, TTA Acc@1: 95.90, Acc@5: 99.44
2025-06-12 20:13:14,291 - log - INFO - iter:1460/2465, clip_acc1=82.19178009033203, tta_acc1=95.95890808105469
2025-06-12 20:13:14,291 - log - INFO - iter:1460/2465, Original Acc@1: 82.19, Acc@5: 94.25, TTA Acc@1: 95.96, Acc@5: 99.45
2025-06-12 20:14:11,447 - log - INFO - iter:1480/2465, clip_acc1=82.22972869873047, tta_acc1=95.87837982177734
2025-06-12 20:14:11,447 - log - INFO - iter:1480/2465, Original Acc@1: 82.23, Acc@5: 94.19, TTA Acc@1: 95.88, Acc@5: 99.39
2025-06-12 20:15:08,770 - log - INFO - iter:1500/2465, clip_acc1=82.26666259765625, tta_acc1=95.79999542236328
2025-06-12 20:15:08,770 - log - INFO - iter:1500/2465, Original Acc@1: 82.27, Acc@5: 94.13, TTA Acc@1: 95.80, Acc@5: 99.33
2025-06-12 20:16:05,898 - log - INFO - iter:1520/2465, clip_acc1=82.5, tta_acc1=95.85527038574219
2025-06-12 20:16:05,898 - log - INFO - iter:1520/2465, Original Acc@1: 82.50, Acc@5: 94.21, TTA Acc@1: 95.86, Acc@5: 99.34
2025-06-12 20:17:02,900 - log - INFO - iter:1540/2465, clip_acc1=82.53246307373047, tta_acc1=95.90908813476562
2025-06-12 20:17:02,900 - log - INFO - iter:1540/2465, Original Acc@1: 82.53, Acc@5: 94.16, TTA Acc@1: 95.91, Acc@5: 99.35
2025-06-12 20:17:59,895 - log - INFO - iter:1560/2465, clip_acc1=82.69230651855469, tta_acc1=95.8974380493164
2025-06-12 20:17:59,895 - log - INFO - iter:1560/2465, Original Acc@1: 82.69, Acc@5: 94.23, TTA Acc@1: 95.90, Acc@5: 99.36
2025-06-12 20:18:57,372 - log - INFO - iter:1580/2465, clip_acc1=82.6582260131836, tta_acc1=95.94937133789062
2025-06-12 20:18:57,373 - log - INFO - iter:1580/2465, Original Acc@1: 82.66, Acc@5: 94.24, TTA Acc@1: 95.95, Acc@5: 99.37
2025-06-12 20:19:54,508 - log - INFO - iter:1600/2465, clip_acc1=82.8125, tta_acc1=96.0
2025-06-12 20:19:54,508 - log - INFO - iter:1600/2465, Original Acc@1: 82.81, Acc@5: 94.31, TTA Acc@1: 96.00, Acc@5: 99.38
2025-06-12 20:20:51,812 - log - INFO - iter:1620/2465, clip_acc1=82.90123748779297, tta_acc1=96.04938507080078
2025-06-12 20:20:51,812 - log - INFO - iter:1620/2465, Original Acc@1: 82.90, Acc@5: 94.32, TTA Acc@1: 96.05, Acc@5: 99.38
2025-06-12 20:21:48,831 - log - INFO - iter:1640/2465, clip_acc1=82.6219482421875, tta_acc1=95.60975646972656
2025-06-12 20:21:48,831 - log - INFO - iter:1640/2465, Original Acc@1: 82.62, Acc@5: 94.39, TTA Acc@1: 95.61, Acc@5: 99.39
2025-06-12 20:22:45,897 - log - INFO - iter:1660/2465, clip_acc1=81.98795318603516, tta_acc1=94.8795166015625
2025-06-12 20:22:45,897 - log - INFO - iter:1660/2465, Original Acc@1: 81.99, Acc@5: 94.46, TTA Acc@1: 94.88, Acc@5: 99.40
2025-06-12 20:23:43,026 - log - INFO - iter:1680/2465, clip_acc1=81.96428680419922, tta_acc1=94.76190948486328
2025-06-12 20:23:43,026 - log - INFO - iter:1680/2465, Original Acc@1: 81.96, Acc@5: 94.40, TTA Acc@1: 94.76, Acc@5: 99.35
2025-06-12 20:24:40,116 - log - INFO - iter:1700/2465, clip_acc1=82.05882263183594, tta_acc1=94.82352447509766
2025-06-12 20:24:40,116 - log - INFO - iter:1700/2465, Original Acc@1: 82.06, Acc@5: 94.41, TTA Acc@1: 94.82, Acc@5: 99.35
2025-06-12 20:25:37,384 - log - INFO - iter:1720/2465, clip_acc1=81.97674560546875, tta_acc1=94.76744079589844
2025-06-12 20:25:37,384 - log - INFO - iter:1720/2465, Original Acc@1: 81.98, Acc@5: 94.30, TTA Acc@1: 94.77, Acc@5: 99.30
2025-06-12 20:26:34,578 - log - INFO - iter:1740/2465, clip_acc1=81.89655303955078, tta_acc1=94.48275756835938
2025-06-12 20:26:34,578 - log - INFO - iter:1740/2465, Original Acc@1: 81.90, Acc@5: 94.20, TTA Acc@1: 94.48, Acc@5: 99.31
2025-06-12 20:27:31,712 - log - INFO - iter:1760/2465, clip_acc1=81.81817626953125, tta_acc1=94.26136016845703
2025-06-12 20:27:31,713 - log - INFO - iter:1760/2465, Original Acc@1: 81.82, Acc@5: 94.26, TTA Acc@1: 94.26, Acc@5: 99.32
2025-06-12 20:28:28,770 - log - INFO - iter:1780/2465, clip_acc1=81.40449523925781, tta_acc1=94.21348571777344
2025-06-12 20:28:28,771 - log - INFO - iter:1780/2465, Original Acc@1: 81.40, Acc@5: 94.04, TTA Acc@1: 94.21, Acc@5: 99.27
2025-06-12 20:29:25,930 - log - INFO - iter:1800/2465, clip_acc1=81.44444274902344, tta_acc1=94.27777862548828
2025-06-12 20:29:25,930 - log - INFO - iter:1800/2465, Original Acc@1: 81.44, Acc@5: 94.06, TTA Acc@1: 94.28, Acc@5: 99.28
2025-06-12 20:30:23,145 - log - INFO - iter:1820/2465, clip_acc1=81.4835205078125, tta_acc1=94.34066009521484
2025-06-12 20:30:23,145 - log - INFO - iter:1820/2465, Original Acc@1: 81.48, Acc@5: 93.96, TTA Acc@1: 94.34, Acc@5: 99.29
2025-06-12 20:31:20,271 - log - INFO - iter:1840/2465, clip_acc1=81.52173614501953, tta_acc1=94.34782409667969
2025-06-12 20:31:20,272 - log - INFO - iter:1840/2465, Original Acc@1: 81.52, Acc@5: 93.97, TTA Acc@1: 94.35, Acc@5: 99.29
2025-06-12 20:32:17,330 - log - INFO - iter:1860/2465, clip_acc1=81.50537872314453, tta_acc1=94.40860748291016
2025-06-12 20:32:17,331 - log - INFO - iter:1860/2465, Original Acc@1: 81.51, Acc@5: 93.92, TTA Acc@1: 94.41, Acc@5: 99.30
2025-06-12 20:33:14,420 - log - INFO - iter:1880/2465, clip_acc1=81.7021255493164, tta_acc1=94.46807861328125
2025-06-12 20:33:14,420 - log - INFO - iter:1880/2465, Original Acc@1: 81.70, Acc@5: 93.99, TTA Acc@1: 94.47, Acc@5: 99.31
2025-06-12 20:34:11,523 - log - INFO - iter:1900/2465, clip_acc1=81.89472961425781, tta_acc1=94.52631378173828
2025-06-12 20:34:11,524 - log - INFO - iter:1900/2465, Original Acc@1: 81.89, Acc@5: 94.05, TTA Acc@1: 94.53, Acc@5: 99.32
2025-06-12 20:35:09,137 - log - INFO - iter:1920/2465, clip_acc1=82.08333587646484, tta_acc1=94.58333587646484
2025-06-12 20:35:09,137 - log - INFO - iter:1920/2465, Original Acc@1: 82.08, Acc@5: 94.11, TTA Acc@1: 94.58, Acc@5: 99.32
2025-06-12 20:36:06,319 - log - INFO - iter:1940/2465, clip_acc1=82.06185913085938, tta_acc1=94.58763122558594
2025-06-12 20:36:06,319 - log - INFO - iter:1940/2465, Original Acc@1: 82.06, Acc@5: 93.97, TTA Acc@1: 94.59, Acc@5: 99.33
2025-06-12 20:37:03,635 - log - INFO - iter:1960/2465, clip_acc1=82.04080963134766, tta_acc1=94.64285278320312
2025-06-12 20:37:03,635 - log - INFO - iter:1960/2465, Original Acc@1: 82.04, Acc@5: 93.88, TTA Acc@1: 94.64, Acc@5: 99.34
2025-06-12 20:38:00,857 - log - INFO - iter:1980/2465, clip_acc1=82.22222900390625, tta_acc1=94.69697570800781
2025-06-12 20:38:00,857 - log - INFO - iter:1980/2465, Original Acc@1: 82.22, Acc@5: 93.94, TTA Acc@1: 94.70, Acc@5: 99.34
2025-06-12 20:38:58,125 - log - INFO - iter:2000/2465, clip_acc1=82.30000305175781, tta_acc1=94.75000762939453
2025-06-12 20:38:58,125 - log - INFO - iter:2000/2465, Original Acc@1: 82.30, Acc@5: 94.00, TTA Acc@1: 94.75, Acc@5: 99.35
2025-06-12 20:39:55,455 - log - INFO - iter:2020/2465, clip_acc1=82.47525024414062, tta_acc1=94.80198669433594
2025-06-12 20:39:55,455 - log - INFO - iter:2020/2465, Original Acc@1: 82.48, Acc@5: 94.06, TTA Acc@1: 94.80, Acc@5: 99.36
2025-06-12 20:40:52,640 - log - INFO - iter:2040/2465, clip_acc1=82.54902648925781, tta_acc1=94.85294342041016
2025-06-12 20:40:52,640 - log - INFO - iter:2040/2465, Original Acc@1: 82.55, Acc@5: 94.12, TTA Acc@1: 94.85, Acc@5: 99.36
2025-06-12 20:41:49,675 - log - INFO - iter:2060/2465, clip_acc1=82.66990661621094, tta_acc1=94.8543701171875
2025-06-12 20:41:49,676 - log - INFO - iter:2060/2465, Original Acc@1: 82.67, Acc@5: 94.17, TTA Acc@1: 94.85, Acc@5: 99.37
2025-06-12 20:42:46,782 - log - INFO - iter:2080/2465, clip_acc1=82.5, tta_acc1=94.80769348144531
2025-06-12 20:42:46,782 - log - INFO - iter:2080/2465, Original Acc@1: 82.50, Acc@5: 94.18, TTA Acc@1: 94.81, Acc@5: 99.38
2025-06-12 20:43:44,024 - log - INFO - iter:2100/2465, clip_acc1=82.42857360839844, tta_acc1=94.85713958740234
2025-06-12 20:43:44,024 - log - INFO - iter:2100/2465, Original Acc@1: 82.43, Acc@5: 94.05, TTA Acc@1: 94.86, Acc@5: 99.38
2025-06-12 20:44:41,189 - log - INFO - iter:2120/2465, clip_acc1=82.5, tta_acc1=94.9056625366211
2025-06-12 20:44:41,189 - log - INFO - iter:2120/2465, Original Acc@1: 82.50, Acc@5: 94.06, TTA Acc@1: 94.91, Acc@5: 99.39
2025-06-12 20:45:38,505 - log - INFO - iter:2140/2465, clip_acc1=82.57009887695312, tta_acc1=94.95327758789062
2025-06-12 20:45:38,506 - log - INFO - iter:2140/2465, Original Acc@1: 82.57, Acc@5: 94.07, TTA Acc@1: 94.95, Acc@5: 99.39
2025-06-12 20:46:35,977 - log - INFO - iter:2160/2465, clip_acc1=82.54629516601562, tta_acc1=95.0
2025-06-12 20:46:35,977 - log - INFO - iter:2160/2465, Original Acc@1: 82.55, Acc@5: 94.03, TTA Acc@1: 95.00, Acc@5: 99.40
2025-06-12 20:47:33,411 - log - INFO - iter:2180/2465, clip_acc1=82.56880950927734, tta_acc1=95.0458755493164
2025-06-12 20:47:33,411 - log - INFO - iter:2180/2465, Original Acc@1: 82.57, Acc@5: 93.99, TTA Acc@1: 95.05, Acc@5: 99.40
2025-06-12 20:48:30,855 - log - INFO - iter:2200/2465, clip_acc1=82.68181610107422, tta_acc1=95.09091186523438
2025-06-12 20:48:30,855 - log - INFO - iter:2200/2465, Original Acc@1: 82.68, Acc@5: 94.05, TTA Acc@1: 95.09, Acc@5: 99.41
2025-06-12 20:49:28,355 - log - INFO - iter:2220/2465, clip_acc1=82.79279327392578, tta_acc1=95.13513946533203
2025-06-12 20:49:28,356 - log - INFO - iter:2220/2465, Original Acc@1: 82.79, Acc@5: 94.05, TTA Acc@1: 95.14, Acc@5: 99.41
2025-06-12 20:50:25,846 - log - INFO - iter:2240/2465, clip_acc1=82.94642639160156, tta_acc1=95.17857360839844
2025-06-12 20:50:25,846 - log - INFO - iter:2240/2465, Original Acc@1: 82.95, Acc@5: 94.11, TTA Acc@1: 95.18, Acc@5: 99.42
2025-06-12 20:51:23,399 - log - INFO - iter:2260/2465, clip_acc1=83.0531005859375, tta_acc1=95.22123718261719
2025-06-12 20:51:23,399 - log - INFO - iter:2260/2465, Original Acc@1: 83.05, Acc@5: 94.16, TTA Acc@1: 95.22, Acc@5: 99.42
2025-06-12 20:52:20,737 - log - INFO - iter:2280/2465, clip_acc1=82.71929931640625, tta_acc1=95.21929931640625
2025-06-12 20:52:20,737 - log - INFO - iter:2280/2465, Original Acc@1: 82.72, Acc@5: 93.95, TTA Acc@1: 95.22, Acc@5: 99.43
2025-06-12 20:53:17,899 - log - INFO - iter:2300/2465, clip_acc1=82.60869598388672, tta_acc1=95.26087188720703
2025-06-12 20:53:17,899 - log - INFO - iter:2300/2465, Original Acc@1: 82.61, Acc@5: 93.87, TTA Acc@1: 95.26, Acc@5: 99.43
2025-06-12 20:54:14,983 - log - INFO - iter:2320/2465, clip_acc1=82.71551513671875, tta_acc1=95.25862121582031
2025-06-12 20:54:14,983 - log - INFO - iter:2320/2465, Original Acc@1: 82.72, Acc@5: 93.92, TTA Acc@1: 95.26, Acc@5: 99.44
2025-06-12 20:55:12,075 - log - INFO - iter:2340/2465, clip_acc1=82.82051086425781, tta_acc1=95.29914855957031
2025-06-12 20:55:12,075 - log - INFO - iter:2340/2465, Original Acc@1: 82.82, Acc@5: 93.97, TTA Acc@1: 95.30, Acc@5: 99.44
2025-06-12 20:56:09,151 - log - INFO - iter:2360/2465, clip_acc1=82.9237289428711, tta_acc1=95.33898162841797
2025-06-12 20:56:09,152 - log - INFO - iter:2360/2465, Original Acc@1: 82.92, Acc@5: 94.03, TTA Acc@1: 95.34, Acc@5: 99.45
2025-06-12 20:57:06,654 - log - INFO - iter:2380/2465, clip_acc1=83.06723022460938, tta_acc1=95.3781509399414
2025-06-12 20:57:06,654 - log - INFO - iter:2380/2465, Original Acc@1: 83.07, Acc@5: 94.08, TTA Acc@1: 95.38, Acc@5: 99.45
2025-06-12 20:58:03,842 - log - INFO - iter:2400/2465, clip_acc1=82.83333587646484, tta_acc1=95.08333587646484
2025-06-12 20:58:03,842 - log - INFO - iter:2400/2465, Original Acc@1: 82.83, Acc@5: 94.12, TTA Acc@1: 95.08, Acc@5: 99.46
2025-06-12 20:59:01,279 - log - INFO - iter:2420/2465, clip_acc1=82.7272720336914, tta_acc1=94.79338836669922
2025-06-12 20:59:01,280 - log - INFO - iter:2420/2465, Original Acc@1: 82.73, Acc@5: 94.13, TTA Acc@1: 94.79, Acc@5: 99.42
2025-06-12 20:59:58,547 - log - INFO - iter:2440/2465, clip_acc1=82.6229476928711, tta_acc1=94.7131118774414
2025-06-12 20:59:58,547 - log - INFO - iter:2440/2465, Original Acc@1: 82.62, Acc@5: 94.18, TTA Acc@1: 94.71, Acc@5: 99.43
2025-06-12 21:00:54,880 - log - INFO - iter:2460/2465, clip_acc1=82.76422882080078, tta_acc1=94.75609588623047
2025-06-12 21:00:54,880 - log - INFO - iter:2460/2465, Original Acc@1: 82.76, Acc@5: 94.23, TTA Acc@1: 94.76, Acc@5: 99.43
2025-06-12 21:01:07,739 - log - INFO - iter:2465/2465, clip_acc1=82.79918670654297, tta_acc1=94.76673126220703
2025-06-12 21:01:07,740 - log - INFO - iter:2465/2465, Original Acc@1: 82.80, Acc@5: 94.24, TTA Acc@1: 94.77, Acc@5: 99.43
2025-06-12 21:01:07,832 - log - INFO - Final results - Original Acc@1: 82.80, Acc@5: 94.24, TTA Acc@1: 94.77, Acc@5: 99.43
2025-06-12 21:01:07,832 - log - INFO - Improvement from TTA in Acc@1 11.97, and Acc@5 5.19
2025-06-12 21:01:07,833 - log - INFO - Number of selected samples with index 0: 452
2025-06-12 21:01:07,833 - log - INFO - Number of samples in the dataset: 2465
2025-06-12 21:01:07,858 - log - INFO - Selected IDs saved to /leonardo_work/EUHPC_R04_192/fmohamma/Adversarial_Robust_Clip/ATPT/Final_Results/ViT-L/14/Caltech101/Clean/Counter_Attack/Eps_4_0_Steps_2_Alpha_1_0/tau_0_2_beta_2_0_weighted_pertrubation_True/TPT/Optimization_Loss_tpt_LR_0_005_Optimization_Steps_1_View_Selection_Fraction_0_1/Inference_Ensemble_weighted_rtpt_topk_20_softmaxtemp_0_01/selected_topk.json
2025-06-12 21:01:08,016 - log - INFO - Batch entropies saved to /leonardo_work/EUHPC_R04_192/fmohamma/Adversarial_Robust_Clip/ATPT/Final_Results/ViT-L/14/Caltech101/Clean/Counter_Attack/Eps_4_0_Steps_2_Alpha_1_0/tau_0_2_beta_2_0_weighted_pertrubation_True/TPT/Optimization_Loss_tpt_LR_0_005_Optimization_Steps_1_View_Selection_Fraction_0_1/Inference_Ensemble_weighted_rtpt_topk_20_softmaxtemp_0_01/entropies.json
2025-06-12 21:01:08,187 - log - INFO - Weighted scores saved to /leonardo_work/EUHPC_R04_192/fmohamma/Adversarial_Robust_Clip/ATPT/Final_Results/ViT-L/14/Caltech101/Clean/Counter_Attack/Eps_4_0_Steps_2_Alpha_1_0/tau_0_2_beta_2_0_weighted_pertrubation_True/TPT/Optimization_Loss_tpt_LR_0_005_Optimization_Steps_1_View_Selection_Fraction_0_1/Inference_Ensemble_weighted_rtpt_topk_20_softmaxtemp_0_01/weighted_scores.json
2025-06-12 21:01:08,187 - log - INFO - Creating plot of average weights for each view
2025-06-12 21:01:12,042 - log - INFO - Average weights plot saved to /leonardo_work/EUHPC_R04_192/fmohamma/Adversarial_Robust_Clip/ATPT/Final_Results/ViT-L/14/Caltech101/Clean/Counter_Attack/Eps_4_0_Steps_2_Alpha_1_0/tau_0_2_beta_2_0_weighted_pertrubation_True/TPT/Optimization_Loss_tpt_LR_0_005_Optimization_Steps_1_View_Selection_Fraction_0_1/Inference_Ensemble_weighted_rtpt_topk_20_softmaxtemp_0_01/weighted_scores_plot.png
2025-06-12 21:01:12,047 - log - INFO - => Acc. on testset [Caltech101]: Clean Acc @1 82.79918670654297/ TTA Clean Acc @1 94.76673126220703, Clean Acc @5 94.23934936523438/ TTA Clean Acc @5 99.43205261230469
2025-06-12 21:01:12,048 - log - INFO - Total script execution time: 7130.80 seconds (118.85 minutes)
