2025-06-05 10:32:26,071 - log - INFO - ==========================================
data:/leonardo_work/EUHPC_R04_192/fmohamma/Adversarial_Robust_Clip/atpt_data/downstream_datasets
test_sets:Caltech101
dataset_mode:test
arch:delta_clip_l14_224
resolution:224
workers:4
no_pin_memory:False
batch_size:64
print_freq:20
gpu:0
no_cudnn_benchmark:False
n_ctx:4
ctx_init:a_photo_of_a
tpt_loss:rtpt
seed:0
output_dir:/leonardo_work/EUHPC_R04_192/fmohamma/Adversarial_Robust_Clip/atpt_data/delta_clip_l14_224/Caltech101
log_output_dir:/leonardo_work/EUHPC_R04_192/fmohamma/Adversarial_Robust_Clip/ATPT/Final_Results/delta_clip_l14_224/Caltech101
eps:0.0
alpha:0.0
alpha_eps_ratio:4.0
steps:0
lr:0.005
selection_p:0.1
tta_steps:0
ensemble_type:weighted_rtpt
top_k:20
softmax_temp:0.01
counter_attack:True
counter_attack_type:pgd
counter_attack_steps:2
counter_attack_eps:2.0
counter_attack_alpha:1.0
counter_attack_tau_thres:0.2
counter_attack_beta:2.0
counter_attack_weighted_perturbations:True
pgd_clip_pure_i_text_embeddings:null
pgd_counter_and_clipure_i_lamda:1.0
selected_id_name:selected_topk.json
weighted_score_name:weighted_scores.json
batch_entropy_name:entropies.json
log_dir:/leonardo_work/EUHPC_R04_192/fmohamma/Adversarial_Robust_Clip/ATPT/Final_Results/delta_clip_l14_224/Caltech101/Clean/Counter_Attack/Eps_2_0_Steps_2_Alpha_1_0/tau_0_2_beta_2_0_weighted_pertrubation_True/No_TPT/Inference_Ensemble_weighted_rtpt_topk_20_softmaxtemp_0_01

2025-06-05 10:32:26,072 - log - INFO - Use GPU: 0 for training
2025-06-05 10:34:13,824 - log - INFO - Freezing all parameters except prompt learner
2025-06-05 10:34:13,826 - log - INFO - => Model created: visual backbone delta_clip_l14_224
2025-06-05 10:34:13,836 - log - INFO - Number of test samples: 2465
2025-06-05 10:34:13,837 - log - INFO - Evaluating dataset: Caltech101
2025-06-05 10:34:13,838 - log - INFO - Starting evaluation with batch size: 64, selection percentage: 0.1
2025-06-05 10:34:13,838 - log - INFO - Test-time adaptation steps: 0, learning rate: 0.005
2025-06-05 10:34:13,838 - log - INFO - Using counter-attack with epsilon: 2.000000, alpha: 0.000000, steps: 2, tau_thres: 0.2, beta: 2.0, weighted perturbation: True
2025-06-05 10:35:15,578 - log - INFO - iter:20/2465, clip_acc1=90.0, tta_acc1=95.0
2025-06-05 10:35:15,578 - log - INFO - iter:20/2465, Original Acc@1: 90.00, Acc@5: 100.00, TTA Acc@1: 95.00, Acc@5: 100.00
2025-06-05 10:35:58,341 - log - INFO - iter:40/2465, clip_acc1=80.0, tta_acc1=97.5
2025-06-05 10:35:58,341 - log - INFO - iter:40/2465, Original Acc@1: 80.00, Acc@5: 97.50, TTA Acc@1: 97.50, Acc@5: 100.00
2025-06-05 10:36:40,973 - log - INFO - iter:60/2465, clip_acc1=78.33333587646484, tta_acc1=96.66667175292969
2025-06-05 10:36:40,974 - log - INFO - iter:60/2465, Original Acc@1: 78.33, Acc@5: 98.33, TTA Acc@1: 96.67, Acc@5: 100.00
2025-06-05 10:37:23,516 - log - INFO - iter:80/2465, clip_acc1=80.0, tta_acc1=96.25
2025-06-05 10:37:23,516 - log - INFO - iter:80/2465, Original Acc@1: 80.00, Acc@5: 98.75, TTA Acc@1: 96.25, Acc@5: 100.00
2025-06-05 10:38:06,232 - log - INFO - iter:100/2465, clip_acc1=80.0, tta_acc1=95.0
2025-06-05 10:38:06,233 - log - INFO - iter:100/2465, Original Acc@1: 80.00, Acc@5: 98.00, TTA Acc@1: 95.00, Acc@5: 100.00
2025-06-05 10:38:49,012 - log - INFO - iter:120/2465, clip_acc1=83.33333587646484, tta_acc1=95.83333587646484
2025-06-05 10:38:49,012 - log - INFO - iter:120/2465, Original Acc@1: 83.33, Acc@5: 98.33, TTA Acc@1: 95.83, Acc@5: 100.00
2025-06-05 10:39:31,488 - log - INFO - iter:140/2465, clip_acc1=84.28571319580078, tta_acc1=95.71428680419922
2025-06-05 10:39:31,489 - log - INFO - iter:140/2465, Original Acc@1: 84.29, Acc@5: 98.57, TTA Acc@1: 95.71, Acc@5: 100.00
2025-06-05 10:40:13,886 - log - INFO - iter:160/2465, clip_acc1=86.25, tta_acc1=95.625
2025-06-05 10:40:13,887 - log - INFO - iter:160/2465, Original Acc@1: 86.25, Acc@5: 98.75, TTA Acc@1: 95.62, Acc@5: 100.00
2025-06-05 10:40:56,297 - log - INFO - iter:180/2465, clip_acc1=87.77777862548828, tta_acc1=96.11111450195312
2025-06-05 10:40:56,298 - log - INFO - iter:180/2465, Original Acc@1: 87.78, Acc@5: 98.89, TTA Acc@1: 96.11, Acc@5: 100.00
2025-06-05 10:41:38,488 - log - INFO - iter:200/2465, clip_acc1=89.0, tta_acc1=96.5
2025-06-05 10:41:38,488 - log - INFO - iter:200/2465, Original Acc@1: 89.00, Acc@5: 99.00, TTA Acc@1: 96.50, Acc@5: 100.00
2025-06-05 10:42:20,794 - log - INFO - iter:220/2465, clip_acc1=90.0, tta_acc1=96.81817626953125
2025-06-05 10:42:20,795 - log - INFO - iter:220/2465, Original Acc@1: 90.00, Acc@5: 99.09, TTA Acc@1: 96.82, Acc@5: 100.00
2025-06-05 10:43:03,294 - log - INFO - iter:240/2465, clip_acc1=90.83333587646484, tta_acc1=97.08333587646484
2025-06-05 10:43:03,294 - log - INFO - iter:240/2465, Original Acc@1: 90.83, Acc@5: 99.17, TTA Acc@1: 97.08, Acc@5: 100.00
2025-06-05 10:43:45,767 - log - INFO - iter:260/2465, clip_acc1=91.53845977783203, tta_acc1=97.30769348144531
2025-06-05 10:43:45,767 - log - INFO - iter:260/2465, Original Acc@1: 91.54, Acc@5: 99.23, TTA Acc@1: 97.31, Acc@5: 100.00
2025-06-05 10:44:28,114 - log - INFO - iter:280/2465, clip_acc1=92.14286041259766, tta_acc1=97.5
2025-06-05 10:44:28,114 - log - INFO - iter:280/2465, Original Acc@1: 92.14, Acc@5: 99.29, TTA Acc@1: 97.50, Acc@5: 100.00
2025-06-05 10:45:10,741 - log - INFO - iter:300/2465, clip_acc1=92.66667175292969, tta_acc1=97.66667175292969
2025-06-05 10:45:10,742 - log - INFO - iter:300/2465, Original Acc@1: 92.67, Acc@5: 99.33, TTA Acc@1: 97.67, Acc@5: 100.00
2025-06-05 10:45:53,502 - log - INFO - iter:320/2465, clip_acc1=93.125, tta_acc1=97.8125
2025-06-05 10:45:53,503 - log - INFO - iter:320/2465, Original Acc@1: 93.12, Acc@5: 99.38, TTA Acc@1: 97.81, Acc@5: 100.00
2025-06-05 10:46:36,266 - log - INFO - iter:340/2465, clip_acc1=93.52941131591797, tta_acc1=97.94117736816406
2025-06-05 10:46:36,267 - log - INFO - iter:340/2465, Original Acc@1: 93.53, Acc@5: 99.41, TTA Acc@1: 97.94, Acc@5: 100.00
2025-06-05 10:47:18,691 - log - INFO - iter:360/2465, clip_acc1=93.8888931274414, tta_acc1=98.05555725097656
2025-06-05 10:47:18,691 - log - INFO - iter:360/2465, Original Acc@1: 93.89, Acc@5: 99.44, TTA Acc@1: 98.06, Acc@5: 100.00
2025-06-05 10:48:01,108 - log - INFO - iter:380/2465, clip_acc1=94.21053314208984, tta_acc1=98.15789794921875
2025-06-05 10:48:01,108 - log - INFO - iter:380/2465, Original Acc@1: 94.21, Acc@5: 99.47, TTA Acc@1: 98.16, Acc@5: 100.00
2025-06-05 10:48:43,598 - log - INFO - iter:400/2465, clip_acc1=94.5, tta_acc1=98.25
2025-06-05 10:48:43,598 - log - INFO - iter:400/2465, Original Acc@1: 94.50, Acc@5: 99.50, TTA Acc@1: 98.25, Acc@5: 100.00
2025-06-05 10:49:25,908 - log - INFO - iter:420/2465, clip_acc1=94.76190948486328, tta_acc1=98.33333587646484
2025-06-05 10:49:25,908 - log - INFO - iter:420/2465, Original Acc@1: 94.76, Acc@5: 99.52, TTA Acc@1: 98.33, Acc@5: 100.00
2025-06-05 10:50:08,666 - log - INFO - iter:440/2465, clip_acc1=95.0, tta_acc1=98.40908813476562
2025-06-05 10:50:08,666 - log - INFO - iter:440/2465, Original Acc@1: 95.00, Acc@5: 99.55, TTA Acc@1: 98.41, Acc@5: 100.00
2025-06-05 10:50:50,957 - log - INFO - iter:460/2465, clip_acc1=95.2173843383789, tta_acc1=98.47825622558594
2025-06-05 10:50:50,957 - log - INFO - iter:460/2465, Original Acc@1: 95.22, Acc@5: 99.57, TTA Acc@1: 98.48, Acc@5: 100.00
2025-06-05 10:51:33,464 - log - INFO - iter:480/2465, clip_acc1=95.41667175292969, tta_acc1=98.54167175292969
2025-06-05 10:51:33,464 - log - INFO - iter:480/2465, Original Acc@1: 95.42, Acc@5: 99.58, TTA Acc@1: 98.54, Acc@5: 100.00
2025-06-05 10:52:15,897 - log - INFO - iter:500/2465, clip_acc1=95.60000610351562, tta_acc1=98.60000610351562
2025-06-05 10:52:15,897 - log - INFO - iter:500/2465, Original Acc@1: 95.60, Acc@5: 99.60, TTA Acc@1: 98.60, Acc@5: 100.00
2025-06-05 10:52:58,416 - log - INFO - iter:520/2465, clip_acc1=95.76923370361328, tta_acc1=98.65384674072266
2025-06-05 10:52:58,416 - log - INFO - iter:520/2465, Original Acc@1: 95.77, Acc@5: 99.62, TTA Acc@1: 98.65, Acc@5: 100.00
2025-06-05 10:53:41,056 - log - INFO - iter:540/2465, clip_acc1=95.9259262084961, tta_acc1=98.70370483398438
2025-06-05 10:53:41,056 - log - INFO - iter:540/2465, Original Acc@1: 95.93, Acc@5: 99.63, TTA Acc@1: 98.70, Acc@5: 100.00
2025-06-05 10:54:23,484 - log - INFO - iter:560/2465, clip_acc1=96.07142639160156, tta_acc1=98.75
2025-06-05 10:54:23,485 - log - INFO - iter:560/2465, Original Acc@1: 96.07, Acc@5: 99.64, TTA Acc@1: 98.75, Acc@5: 100.00
2025-06-05 10:55:06,062 - log - INFO - iter:580/2465, clip_acc1=96.20689392089844, tta_acc1=98.79310607910156
2025-06-05 10:55:06,062 - log - INFO - iter:580/2465, Original Acc@1: 96.21, Acc@5: 99.66, TTA Acc@1: 98.79, Acc@5: 100.00
2025-06-05 10:55:48,431 - log - INFO - iter:600/2465, clip_acc1=96.33333587646484, tta_acc1=98.83333587646484
2025-06-05 10:55:48,431 - log - INFO - iter:600/2465, Original Acc@1: 96.33, Acc@5: 99.67, TTA Acc@1: 98.83, Acc@5: 100.00
2025-06-05 10:56:30,923 - log - INFO - iter:620/2465, clip_acc1=96.45161437988281, tta_acc1=98.87096405029297
2025-06-05 10:56:30,923 - log - INFO - iter:620/2465, Original Acc@1: 96.45, Acc@5: 99.68, TTA Acc@1: 98.87, Acc@5: 100.00
2025-06-05 10:57:13,504 - log - INFO - iter:640/2465, clip_acc1=96.5625, tta_acc1=98.90625
2025-06-05 10:57:13,504 - log - INFO - iter:640/2465, Original Acc@1: 96.56, Acc@5: 99.69, TTA Acc@1: 98.91, Acc@5: 100.00
2025-06-05 10:57:55,984 - log - INFO - iter:660/2465, clip_acc1=96.66666412353516, tta_acc1=98.93939208984375
2025-06-05 10:57:55,984 - log - INFO - iter:660/2465, Original Acc@1: 96.67, Acc@5: 99.70, TTA Acc@1: 98.94, Acc@5: 100.00
2025-06-05 10:58:38,341 - log - INFO - iter:680/2465, clip_acc1=96.76470947265625, tta_acc1=98.97058868408203
2025-06-05 10:58:38,341 - log - INFO - iter:680/2465, Original Acc@1: 96.76, Acc@5: 99.71, TTA Acc@1: 98.97, Acc@5: 100.00
2025-06-05 10:59:21,082 - log - INFO - iter:700/2465, clip_acc1=96.85713958740234, tta_acc1=98.71428680419922
2025-06-05 10:59:21,082 - log - INFO - iter:700/2465, Original Acc@1: 96.86, Acc@5: 99.71, TTA Acc@1: 98.71, Acc@5: 100.00
2025-06-05 11:00:03,860 - log - INFO - iter:720/2465, clip_acc1=96.80555725097656, tta_acc1=98.61111450195312
2025-06-05 11:00:03,860 - log - INFO - iter:720/2465, Original Acc@1: 96.81, Acc@5: 99.72, TTA Acc@1: 98.61, Acc@5: 100.00
2025-06-05 11:00:46,455 - log - INFO - iter:740/2465, clip_acc1=96.89189147949219, tta_acc1=98.64865112304688
2025-06-05 11:00:46,456 - log - INFO - iter:740/2465, Original Acc@1: 96.89, Acc@5: 99.73, TTA Acc@1: 98.65, Acc@5: 100.00
2025-06-05 11:01:28,941 - log - INFO - iter:760/2465, clip_acc1=96.71053314208984, tta_acc1=98.15789794921875
2025-06-05 11:01:28,941 - log - INFO - iter:760/2465, Original Acc@1: 96.71, Acc@5: 99.47, TTA Acc@1: 98.16, Acc@5: 99.74
2025-06-05 11:02:11,357 - log - INFO - iter:780/2465, clip_acc1=96.79487609863281, tta_acc1=98.20513153076172
2025-06-05 11:02:11,357 - log - INFO - iter:780/2465, Original Acc@1: 96.79, Acc@5: 99.49, TTA Acc@1: 98.21, Acc@5: 99.74
2025-06-05 11:02:53,949 - log - INFO - iter:800/2465, clip_acc1=96.875, tta_acc1=98.25
2025-06-05 11:02:53,949 - log - INFO - iter:800/2465, Original Acc@1: 96.88, Acc@5: 99.50, TTA Acc@1: 98.25, Acc@5: 99.75
2025-06-05 11:03:36,493 - log - INFO - iter:820/2465, clip_acc1=96.95121765136719, tta_acc1=98.29268646240234
2025-06-05 11:03:36,493 - log - INFO - iter:820/2465, Original Acc@1: 96.95, Acc@5: 99.51, TTA Acc@1: 98.29, Acc@5: 99.76
2025-06-05 11:04:19,062 - log - INFO - iter:840/2465, clip_acc1=97.02381134033203, tta_acc1=98.33333587646484
2025-06-05 11:04:19,063 - log - INFO - iter:840/2465, Original Acc@1: 97.02, Acc@5: 99.52, TTA Acc@1: 98.33, Acc@5: 99.76
2025-06-05 11:05:01,599 - log - INFO - iter:860/2465, clip_acc1=97.09302520751953, tta_acc1=98.3720932006836
2025-06-05 11:05:01,599 - log - INFO - iter:860/2465, Original Acc@1: 97.09, Acc@5: 99.53, TTA Acc@1: 98.37, Acc@5: 99.77
2025-06-05 11:05:44,212 - log - INFO - iter:880/2465, clip_acc1=97.15908813476562, tta_acc1=98.40908813476562
2025-06-05 11:05:44,212 - log - INFO - iter:880/2465, Original Acc@1: 97.16, Acc@5: 99.55, TTA Acc@1: 98.41, Acc@5: 99.77
2025-06-05 11:06:27,060 - log - INFO - iter:900/2465, clip_acc1=97.22222137451172, tta_acc1=98.44445037841797
2025-06-05 11:06:27,060 - log - INFO - iter:900/2465, Original Acc@1: 97.22, Acc@5: 99.56, TTA Acc@1: 98.44, Acc@5: 99.78
2025-06-05 11:07:10,007 - log - INFO - iter:920/2465, clip_acc1=97.28260803222656, tta_acc1=98.47825622558594
2025-06-05 11:07:10,007 - log - INFO - iter:920/2465, Original Acc@1: 97.28, Acc@5: 99.57, TTA Acc@1: 98.48, Acc@5: 99.78
2025-06-05 11:07:52,598 - log - INFO - iter:940/2465, clip_acc1=97.34042358398438, tta_acc1=98.51063537597656
2025-06-05 11:07:52,598 - log - INFO - iter:940/2465, Original Acc@1: 97.34, Acc@5: 99.57, TTA Acc@1: 98.51, Acc@5: 99.79
2025-06-05 11:08:35,338 - log - INFO - iter:960/2465, clip_acc1=97.39583587646484, tta_acc1=98.54167175292969
2025-06-05 11:08:35,338 - log - INFO - iter:960/2465, Original Acc@1: 97.40, Acc@5: 99.58, TTA Acc@1: 98.54, Acc@5: 99.79
2025-06-05 11:09:17,785 - log - INFO - iter:980/2465, clip_acc1=97.448974609375, tta_acc1=98.57142639160156
2025-06-05 11:09:17,785 - log - INFO - iter:980/2465, Original Acc@1: 97.45, Acc@5: 99.59, TTA Acc@1: 98.57, Acc@5: 99.80
2025-06-05 11:10:00,467 - log - INFO - iter:1000/2465, clip_acc1=97.4000015258789, tta_acc1=98.50000762939453
2025-06-05 11:10:00,467 - log - INFO - iter:1000/2465, Original Acc@1: 97.40, Acc@5: 99.60, TTA Acc@1: 98.50, Acc@5: 99.80
2025-06-05 11:10:43,008 - log - INFO - iter:1020/2465, clip_acc1=97.35294342041016, tta_acc1=98.5294189453125
2025-06-05 11:10:43,008 - log - INFO - iter:1020/2465, Original Acc@1: 97.35, Acc@5: 99.61, TTA Acc@1: 98.53, Acc@5: 99.80
2025-06-05 11:11:25,584 - log - INFO - iter:1040/2465, clip_acc1=97.40384674072266, tta_acc1=98.55769348144531
2025-06-05 11:11:25,584 - log - INFO - iter:1040/2465, Original Acc@1: 97.40, Acc@5: 99.62, TTA Acc@1: 98.56, Acc@5: 99.81
2025-06-05 11:12:08,271 - log - INFO - iter:1060/2465, clip_acc1=97.26415252685547, tta_acc1=98.39622497558594
2025-06-05 11:12:08,271 - log - INFO - iter:1060/2465, Original Acc@1: 97.26, Acc@5: 99.62, TTA Acc@1: 98.40, Acc@5: 99.81
2025-06-05 11:12:50,830 - log - INFO - iter:1080/2465, clip_acc1=97.22222137451172, tta_acc1=98.33332824707031
2025-06-05 11:12:50,830 - log - INFO - iter:1080/2465, Original Acc@1: 97.22, Acc@5: 99.54, TTA Acc@1: 98.33, Acc@5: 99.72
2025-06-05 11:13:33,497 - log - INFO - iter:1100/2465, clip_acc1=96.90908813476562, tta_acc1=98.18181610107422
2025-06-05 11:13:33,498 - log - INFO - iter:1100/2465, Original Acc@1: 96.91, Acc@5: 99.55, TTA Acc@1: 98.18, Acc@5: 99.73
2025-06-05 11:14:16,040 - log - INFO - iter:1120/2465, clip_acc1=95.89286041259766, tta_acc1=97.32142639160156
2025-06-05 11:14:16,040 - log - INFO - iter:1120/2465, Original Acc@1: 95.89, Acc@5: 99.55, TTA Acc@1: 97.32, Acc@5: 99.73
2025-06-05 11:14:58,699 - log - INFO - iter:1140/2465, clip_acc1=95.6140365600586, tta_acc1=97.01754760742188
2025-06-05 11:14:58,699 - log - INFO - iter:1140/2465, Original Acc@1: 95.61, Acc@5: 99.56, TTA Acc@1: 97.02, Acc@5: 99.65
2025-06-05 11:15:41,392 - log - INFO - iter:1160/2465, clip_acc1=95.43103790283203, tta_acc1=96.98275756835938
2025-06-05 11:15:41,393 - log - INFO - iter:1160/2465, Original Acc@1: 95.43, Acc@5: 99.57, TTA Acc@1: 96.98, Acc@5: 99.66
2025-06-05 11:16:24,062 - log - INFO - iter:1180/2465, clip_acc1=95.33898162841797, tta_acc1=96.94915008544922
2025-06-05 11:16:24,063 - log - INFO - iter:1180/2465, Original Acc@1: 95.34, Acc@5: 99.58, TTA Acc@1: 96.95, Acc@5: 99.66
2025-06-05 11:17:06,442 - log - INFO - iter:1200/2465, clip_acc1=95.41667175292969, tta_acc1=97.0
2025-06-05 11:17:06,442 - log - INFO - iter:1200/2465, Original Acc@1: 95.42, Acc@5: 99.58, TTA Acc@1: 97.00, Acc@5: 99.67
2025-06-05 11:17:48,905 - log - INFO - iter:1220/2465, clip_acc1=95.49180603027344, tta_acc1=97.04917907714844
2025-06-05 11:17:48,905 - log - INFO - iter:1220/2465, Original Acc@1: 95.49, Acc@5: 99.59, TTA Acc@1: 97.05, Acc@5: 99.67
2025-06-05 11:18:31,554 - log - INFO - iter:1240/2465, clip_acc1=95.56451416015625, tta_acc1=97.09677124023438
2025-06-05 11:18:31,555 - log - INFO - iter:1240/2465, Original Acc@1: 95.56, Acc@5: 99.60, TTA Acc@1: 97.10, Acc@5: 99.68
2025-06-05 11:19:14,165 - log - INFO - iter:1260/2465, clip_acc1=95.55555725097656, tta_acc1=97.06349182128906
2025-06-05 11:19:14,165 - log - INFO - iter:1260/2465, Original Acc@1: 95.56, Acc@5: 99.60, TTA Acc@1: 97.06, Acc@5: 99.68
2025-06-05 11:19:56,787 - log - INFO - iter:1280/2465, clip_acc1=95.625, tta_acc1=97.109375
2025-06-05 11:19:56,787 - log - INFO - iter:1280/2465, Original Acc@1: 95.62, Acc@5: 99.61, TTA Acc@1: 97.11, Acc@5: 99.69
2025-06-05 11:20:39,575 - log - INFO - iter:1300/2465, clip_acc1=95.61538696289062, tta_acc1=97.07691955566406
2025-06-05 11:20:39,575 - log - INFO - iter:1300/2465, Original Acc@1: 95.62, Acc@5: 99.62, TTA Acc@1: 97.08, Acc@5: 99.69
2025-06-05 11:21:21,932 - log - INFO - iter:1320/2465, clip_acc1=95.68181610107422, tta_acc1=97.04544830322266
2025-06-05 11:21:21,933 - log - INFO - iter:1320/2465, Original Acc@1: 95.68, Acc@5: 99.62, TTA Acc@1: 97.05, Acc@5: 99.70
2025-06-05 11:22:04,488 - log - INFO - iter:1340/2465, clip_acc1=95.74626922607422, tta_acc1=97.08955383300781
2025-06-05 11:22:04,488 - log - INFO - iter:1340/2465, Original Acc@1: 95.75, Acc@5: 99.63, TTA Acc@1: 97.09, Acc@5: 99.70
2025-06-05 11:22:47,095 - log - INFO - iter:1360/2465, clip_acc1=95.73529815673828, tta_acc1=97.05882263183594
2025-06-05 11:22:47,095 - log - INFO - iter:1360/2465, Original Acc@1: 95.74, Acc@5: 99.63, TTA Acc@1: 97.06, Acc@5: 99.71
2025-06-05 11:23:29,461 - log - INFO - iter:1380/2465, clip_acc1=95.79710388183594, tta_acc1=97.10145568847656
2025-06-05 11:23:29,461 - log - INFO - iter:1380/2465, Original Acc@1: 95.80, Acc@5: 99.64, TTA Acc@1: 97.10, Acc@5: 99.71
2025-06-05 11:24:12,042 - log - INFO - iter:1400/2465, clip_acc1=95.07142639160156, tta_acc1=96.28571319580078
2025-06-05 11:24:12,042 - log - INFO - iter:1400/2465, Original Acc@1: 95.07, Acc@5: 99.64, TTA Acc@1: 96.29, Acc@5: 99.71
2025-06-05 11:24:54,715 - log - INFO - iter:1420/2465, clip_acc1=95.07041931152344, tta_acc1=96.19718170166016
2025-06-05 11:24:54,715 - log - INFO - iter:1420/2465, Original Acc@1: 95.07, Acc@5: 99.65, TTA Acc@1: 96.20, Acc@5: 99.72
2025-06-05 11:25:37,182 - log - INFO - iter:1440/2465, clip_acc1=95.1388931274414, tta_acc1=96.25
2025-06-05 11:25:37,182 - log - INFO - iter:1440/2465, Original Acc@1: 95.14, Acc@5: 99.65, TTA Acc@1: 96.25, Acc@5: 99.72
2025-06-05 11:26:19,578 - log - INFO - iter:1460/2465, clip_acc1=95.20548248291016, tta_acc1=96.3013687133789
2025-06-05 11:26:19,579 - log - INFO - iter:1460/2465, Original Acc@1: 95.21, Acc@5: 99.66, TTA Acc@1: 96.30, Acc@5: 99.73
2025-06-05 11:27:01,907 - log - INFO - iter:1480/2465, clip_acc1=95.27027130126953, tta_acc1=96.35135650634766
2025-06-05 11:27:01,907 - log - INFO - iter:1480/2465, Original Acc@1: 95.27, Acc@5: 99.66, TTA Acc@1: 96.35, Acc@5: 99.73
2025-06-05 11:27:44,566 - log - INFO - iter:1500/2465, clip_acc1=95.33333587646484, tta_acc1=96.26666259765625
2025-06-05 11:27:44,566 - log - INFO - iter:1500/2465, Original Acc@1: 95.33, Acc@5: 99.67, TTA Acc@1: 96.27, Acc@5: 99.67
2025-06-05 11:28:27,206 - log - INFO - iter:1520/2465, clip_acc1=95.39473724365234, tta_acc1=96.3157958984375
2025-06-05 11:28:27,207 - log - INFO - iter:1520/2465, Original Acc@1: 95.39, Acc@5: 99.67, TTA Acc@1: 96.32, Acc@5: 99.67
2025-06-05 11:29:09,910 - log - INFO - iter:1540/2465, clip_acc1=95.38961029052734, tta_acc1=96.36363220214844
2025-06-05 11:29:09,910 - log - INFO - iter:1540/2465, Original Acc@1: 95.39, Acc@5: 99.68, TTA Acc@1: 96.36, Acc@5: 99.68
2025-06-05 11:29:52,397 - log - INFO - iter:1560/2465, clip_acc1=95.44872283935547, tta_acc1=96.41026306152344
2025-06-05 11:29:52,397 - log - INFO - iter:1560/2465, Original Acc@1: 95.45, Acc@5: 99.68, TTA Acc@1: 96.41, Acc@5: 99.68
2025-06-05 11:30:35,176 - log - INFO - iter:1580/2465, clip_acc1=95.50633239746094, tta_acc1=96.45569610595703
2025-06-05 11:30:35,176 - log - INFO - iter:1580/2465, Original Acc@1: 95.51, Acc@5: 99.68, TTA Acc@1: 96.46, Acc@5: 99.68
2025-06-05 11:31:17,721 - log - INFO - iter:1600/2465, clip_acc1=95.5625, tta_acc1=96.5
2025-06-05 11:31:17,721 - log - INFO - iter:1600/2465, Original Acc@1: 95.56, Acc@5: 99.69, TTA Acc@1: 96.50, Acc@5: 99.69
2025-06-05 11:32:00,185 - log - INFO - iter:1620/2465, clip_acc1=95.6172866821289, tta_acc1=96.543212890625
2025-06-05 11:32:00,185 - log - INFO - iter:1620/2465, Original Acc@1: 95.62, Acc@5: 99.69, TTA Acc@1: 96.54, Acc@5: 99.69
2025-06-05 11:32:42,572 - log - INFO - iter:1640/2465, clip_acc1=95.06097412109375, tta_acc1=95.79268646240234
2025-06-05 11:32:42,572 - log - INFO - iter:1640/2465, Original Acc@1: 95.06, Acc@5: 99.70, TTA Acc@1: 95.79, Acc@5: 99.70
2025-06-05 11:33:24,949 - log - INFO - iter:1660/2465, clip_acc1=94.21687316894531, tta_acc1=94.8795166015625
2025-06-05 11:33:24,950 - log - INFO - iter:1660/2465, Original Acc@1: 94.22, Acc@5: 99.70, TTA Acc@1: 94.88, Acc@5: 99.70
2025-06-05 11:34:07,328 - log - INFO - iter:1680/2465, clip_acc1=94.28572082519531, tta_acc1=94.8809585571289
2025-06-05 11:34:07,328 - log - INFO - iter:1680/2465, Original Acc@1: 94.29, Acc@5: 99.70, TTA Acc@1: 94.88, Acc@5: 99.70
2025-06-05 11:34:50,008 - log - INFO - iter:1700/2465, clip_acc1=94.35293579101562, tta_acc1=94.94116973876953
2025-06-05 11:34:50,008 - log - INFO - iter:1700/2465, Original Acc@1: 94.35, Acc@5: 99.71, TTA Acc@1: 94.94, Acc@5: 99.71
2025-06-05 11:35:32,452 - log - INFO - iter:1720/2465, clip_acc1=94.4186019897461, tta_acc1=94.88372039794922
2025-06-05 11:35:32,453 - log - INFO - iter:1720/2465, Original Acc@1: 94.42, Acc@5: 99.71, TTA Acc@1: 94.88, Acc@5: 99.71
2025-06-05 11:36:15,295 - log - INFO - iter:1740/2465, clip_acc1=94.31034088134766, tta_acc1=94.77011108398438
2025-06-05 11:36:15,296 - log - INFO - iter:1740/2465, Original Acc@1: 94.31, Acc@5: 99.71, TTA Acc@1: 94.77, Acc@5: 99.71
2025-06-05 11:36:57,884 - log - INFO - iter:1760/2465, clip_acc1=94.03408813476562, tta_acc1=94.48863220214844
2025-06-05 11:36:57,884 - log - INFO - iter:1760/2465, Original Acc@1: 94.03, Acc@5: 99.72, TTA Acc@1: 94.49, Acc@5: 99.72
2025-06-05 11:37:40,584 - log - INFO - iter:1780/2465, clip_acc1=93.98876190185547, tta_acc1=94.43820190429688
2025-06-05 11:37:40,585 - log - INFO - iter:1780/2465, Original Acc@1: 93.99, Acc@5: 99.66, TTA Acc@1: 94.44, Acc@5: 99.72
2025-06-05 11:38:26,137 - log - INFO - iter:1800/2465, clip_acc1=94.0, tta_acc1=94.44445037841797
2025-06-05 11:38:26,138 - log - INFO - iter:1800/2465, Original Acc@1: 94.00, Acc@5: 99.67, TTA Acc@1: 94.44, Acc@5: 99.72
2025-06-05 11:39:08,839 - log - INFO - iter:1820/2465, clip_acc1=94.0659408569336, tta_acc1=94.50550079345703
2025-06-05 11:39:08,839 - log - INFO - iter:1820/2465, Original Acc@1: 94.07, Acc@5: 99.67, TTA Acc@1: 94.51, Acc@5: 99.73
2025-06-05 11:39:51,387 - log - INFO - iter:1840/2465, clip_acc1=94.07608032226562, tta_acc1=94.4565200805664
2025-06-05 11:39:51,388 - log - INFO - iter:1840/2465, Original Acc@1: 94.08, Acc@5: 99.62, TTA Acc@1: 94.46, Acc@5: 99.67
2025-06-05 11:40:35,656 - log - INFO - iter:1860/2465, clip_acc1=94.13978576660156, tta_acc1=94.51612854003906
2025-06-05 11:40:35,657 - log - INFO - iter:1860/2465, Original Acc@1: 94.14, Acc@5: 99.62, TTA Acc@1: 94.52, Acc@5: 99.68
2025-06-05 11:41:22,118 - log - INFO - iter:1880/2465, clip_acc1=94.2021255493164, tta_acc1=94.574462890625
2025-06-05 11:41:22,118 - log - INFO - iter:1880/2465, Original Acc@1: 94.20, Acc@5: 99.63, TTA Acc@1: 94.57, Acc@5: 99.68
2025-06-05 11:42:04,594 - log - INFO - iter:1900/2465, clip_acc1=94.26315307617188, tta_acc1=94.63157653808594
2025-06-05 11:42:04,594 - log - INFO - iter:1900/2465, Original Acc@1: 94.26, Acc@5: 99.63, TTA Acc@1: 94.63, Acc@5: 99.68
2025-06-05 11:42:47,478 - log - INFO - iter:1920/2465, clip_acc1=94.32292175292969, tta_acc1=94.68750762939453
2025-06-05 11:42:47,478 - log - INFO - iter:1920/2465, Original Acc@1: 94.32, Acc@5: 99.64, TTA Acc@1: 94.69, Acc@5: 99.69
2025-06-05 11:43:30,358 - log - INFO - iter:1940/2465, clip_acc1=94.32990264892578, tta_acc1=94.69072723388672
2025-06-05 11:43:30,359 - log - INFO - iter:1940/2465, Original Acc@1: 94.33, Acc@5: 99.64, TTA Acc@1: 94.69, Acc@5: 99.69
2025-06-05 11:44:13,134 - log - INFO - iter:1960/2465, clip_acc1=94.38774871826172, tta_acc1=94.7448959350586
2025-06-05 11:44:13,135 - log - INFO - iter:1960/2465, Original Acc@1: 94.39, Acc@5: 99.64, TTA Acc@1: 94.74, Acc@5: 99.69
2025-06-05 11:44:56,609 - log - INFO - iter:1980/2465, clip_acc1=94.44445037841797, tta_acc1=94.79798126220703
2025-06-05 11:44:56,609 - log - INFO - iter:1980/2465, Original Acc@1: 94.44, Acc@5: 99.65, TTA Acc@1: 94.80, Acc@5: 99.70
2025-06-05 11:45:38,851 - log - INFO - iter:2000/2465, clip_acc1=94.50000762939453, tta_acc1=94.85000610351562
2025-06-05 11:45:38,851 - log - INFO - iter:2000/2465, Original Acc@1: 94.50, Acc@5: 99.65, TTA Acc@1: 94.85, Acc@5: 99.70
2025-06-05 11:46:21,742 - log - INFO - iter:2020/2465, clip_acc1=94.55445861816406, tta_acc1=94.90099334716797
2025-06-05 11:46:21,742 - log - INFO - iter:2020/2465, Original Acc@1: 94.55, Acc@5: 99.65, TTA Acc@1: 94.90, Acc@5: 99.70
2025-06-05 11:47:04,030 - log - INFO - iter:2040/2465, clip_acc1=94.60784912109375, tta_acc1=94.95098876953125
2025-06-05 11:47:04,030 - log - INFO - iter:2040/2465, Original Acc@1: 94.61, Acc@5: 99.66, TTA Acc@1: 94.95, Acc@5: 99.71
2025-06-05 11:47:46,473 - log - INFO - iter:2060/2465, clip_acc1=94.66019439697266, tta_acc1=95.0
2025-06-05 11:47:46,473 - log - INFO - iter:2060/2465, Original Acc@1: 94.66, Acc@5: 99.66, TTA Acc@1: 95.00, Acc@5: 99.71
2025-06-05 11:48:29,127 - log - INFO - iter:2080/2465, clip_acc1=94.66345977783203, tta_acc1=95.0
2025-06-05 11:48:29,127 - log - INFO - iter:2080/2465, Original Acc@1: 94.66, Acc@5: 99.66, TTA Acc@1: 95.00, Acc@5: 99.71
2025-06-05 11:49:11,779 - log - INFO - iter:2100/2465, clip_acc1=94.71428680419922, tta_acc1=95.04761505126953
2025-06-05 11:49:11,779 - log - INFO - iter:2100/2465, Original Acc@1: 94.71, Acc@5: 99.67, TTA Acc@1: 95.05, Acc@5: 99.71
2025-06-05 11:49:54,635 - log - INFO - iter:2120/2465, clip_acc1=94.76415252685547, tta_acc1=95.0943374633789
2025-06-05 11:49:54,637 - log - INFO - iter:2120/2465, Original Acc@1: 94.76, Acc@5: 99.67, TTA Acc@1: 95.09, Acc@5: 99.72
2025-06-05 11:50:37,464 - log - INFO - iter:2140/2465, clip_acc1=94.8130874633789, tta_acc1=95.14019012451172
2025-06-05 11:50:37,465 - log - INFO - iter:2140/2465, Original Acc@1: 94.81, Acc@5: 99.67, TTA Acc@1: 95.14, Acc@5: 99.72
2025-06-05 11:51:20,367 - log - INFO - iter:2160/2465, clip_acc1=94.8611068725586, tta_acc1=95.1851806640625
2025-06-05 11:51:20,368 - log - INFO - iter:2160/2465, Original Acc@1: 94.86, Acc@5: 99.68, TTA Acc@1: 95.19, Acc@5: 99.72
2025-06-05 11:52:03,116 - log - INFO - iter:2180/2465, clip_acc1=94.90825653076172, tta_acc1=95.22935485839844
2025-06-05 11:52:03,116 - log - INFO - iter:2180/2465, Original Acc@1: 94.91, Acc@5: 99.68, TTA Acc@1: 95.23, Acc@5: 99.72
2025-06-05 11:52:46,011 - log - INFO - iter:2200/2465, clip_acc1=94.95454406738281, tta_acc1=95.2727279663086
2025-06-05 11:52:46,011 - log - INFO - iter:2200/2465, Original Acc@1: 94.95, Acc@5: 99.68, TTA Acc@1: 95.27, Acc@5: 99.73
2025-06-05 11:53:28,797 - log - INFO - iter:2220/2465, clip_acc1=95.0, tta_acc1=95.31531524658203
2025-06-05 11:53:28,798 - log - INFO - iter:2220/2465, Original Acc@1: 95.00, Acc@5: 99.68, TTA Acc@1: 95.32, Acc@5: 99.73
2025-06-05 11:54:11,487 - log - INFO - iter:2240/2465, clip_acc1=95.04463958740234, tta_acc1=95.35713958740234
2025-06-05 11:54:11,487 - log - INFO - iter:2240/2465, Original Acc@1: 95.04, Acc@5: 99.69, TTA Acc@1: 95.36, Acc@5: 99.73
2025-06-05 11:54:54,214 - log - INFO - iter:2260/2465, clip_acc1=95.08849334716797, tta_acc1=95.39823150634766
2025-06-05 11:54:54,214 - log - INFO - iter:2260/2465, Original Acc@1: 95.09, Acc@5: 99.69, TTA Acc@1: 95.40, Acc@5: 99.73
2025-06-05 11:55:36,905 - log - INFO - iter:2280/2465, clip_acc1=95.04386138916016, tta_acc1=95.35087585449219
2025-06-05 11:55:36,905 - log - INFO - iter:2280/2465, Original Acc@1: 95.04, Acc@5: 99.65, TTA Acc@1: 95.35, Acc@5: 99.69
2025-06-05 11:56:19,428 - log - INFO - iter:2300/2465, clip_acc1=94.9565200805664, tta_acc1=95.30435180664062
2025-06-05 11:56:19,429 - log - INFO - iter:2300/2465, Original Acc@1: 94.96, Acc@5: 99.65, TTA Acc@1: 95.30, Acc@5: 99.65
2025-06-05 11:57:02,197 - log - INFO - iter:2320/2465, clip_acc1=95.0, tta_acc1=95.3448257446289
2025-06-05 11:57:02,197 - log - INFO - iter:2320/2465, Original Acc@1: 95.00, Acc@5: 99.66, TTA Acc@1: 95.34, Acc@5: 99.66
2025-06-05 11:57:44,901 - log - INFO - iter:2340/2465, clip_acc1=95.04273223876953, tta_acc1=95.38461303710938
2025-06-05 11:57:44,901 - log - INFO - iter:2340/2465, Original Acc@1: 95.04, Acc@5: 99.66, TTA Acc@1: 95.38, Acc@5: 99.66
2025-06-05 11:58:27,540 - log - INFO - iter:2360/2465, clip_acc1=95.08474731445312, tta_acc1=95.4237289428711
2025-06-05 11:58:27,540 - log - INFO - iter:2360/2465, Original Acc@1: 95.08, Acc@5: 99.66, TTA Acc@1: 95.42, Acc@5: 99.66
2025-06-05 11:59:10,390 - log - INFO - iter:2380/2465, clip_acc1=95.12605285644531, tta_acc1=95.46218872070312
2025-06-05 11:59:10,391 - log - INFO - iter:2380/2465, Original Acc@1: 95.13, Acc@5: 99.66, TTA Acc@1: 95.46, Acc@5: 99.66
2025-06-05 11:59:52,871 - log - INFO - iter:2400/2465, clip_acc1=95.08333587646484, tta_acc1=95.41667175292969
2025-06-05 11:59:52,871 - log - INFO - iter:2400/2465, Original Acc@1: 95.08, Acc@5: 99.67, TTA Acc@1: 95.42, Acc@5: 99.67
2025-06-05 12:00:35,536 - log - INFO - iter:2420/2465, clip_acc1=95.04132080078125, tta_acc1=95.33058166503906
2025-06-05 12:00:35,536 - log - INFO - iter:2420/2465, Original Acc@1: 95.04, Acc@5: 99.67, TTA Acc@1: 95.33, Acc@5: 99.67
2025-06-05 12:01:18,412 - log - INFO - iter:2440/2465, clip_acc1=95.04098510742188, tta_acc1=95.32786560058594
2025-06-05 12:01:18,412 - log - INFO - iter:2440/2465, Original Acc@1: 95.04, Acc@5: 99.67, TTA Acc@1: 95.33, Acc@5: 99.67
2025-06-05 12:02:00,174 - log - INFO - iter:2460/2465, clip_acc1=95.081298828125, tta_acc1=95.36585235595703
2025-06-05 12:02:00,174 - log - INFO - iter:2460/2465, Original Acc@1: 95.08, Acc@5: 99.67, TTA Acc@1: 95.37, Acc@5: 99.67
2025-06-05 12:02:09,357 - log - INFO - iter:2465/2465, clip_acc1=95.09127807617188, tta_acc1=95.37525177001953
2025-06-05 12:02:09,357 - log - INFO - iter:2465/2465, Original Acc@1: 95.09, Acc@5: 99.68, TTA Acc@1: 95.38, Acc@5: 99.68
2025-06-05 12:02:09,545 - log - INFO - Final results - Original Acc@1: 95.09, Acc@5: 99.68, TTA Acc@1: 95.38, Acc@5: 99.68
2025-06-05 12:02:09,546 - log - INFO - Improvement from TTA in Acc@1 0.28, and Acc@5 0.00
2025-06-05 12:02:09,722 - log - INFO - Weighted scores saved to /leonardo_work/EUHPC_R04_192/fmohamma/Adversarial_Robust_Clip/ATPT/Final_Results/delta_clip_l14_224/Caltech101/Clean/Counter_Attack/Eps_2_0_Steps_2_Alpha_1_0/tau_0_2_beta_2_0_weighted_pertrubation_True/No_TPT/Inference_Ensemble_weighted_rtpt_topk_20_softmaxtemp_0_01/weighted_scores.json
2025-06-05 12:02:09,722 - log - INFO - Creating plot of average weights for each view
2025-06-05 12:02:14,894 - log - INFO - Average weights plot saved to /leonardo_work/EUHPC_R04_192/fmohamma/Adversarial_Robust_Clip/ATPT/Final_Results/delta_clip_l14_224/Caltech101/Clean/Counter_Attack/Eps_2_0_Steps_2_Alpha_1_0/tau_0_2_beta_2_0_weighted_pertrubation_True/No_TPT/Inference_Ensemble_weighted_rtpt_topk_20_softmaxtemp_0_01/weighted_scores_plot.png
2025-06-05 12:02:14,901 - log - INFO - => Acc. on testset [Caltech101]: Clean Acc @1 95.09127807617188/ TTA Clean Acc @1 95.37525177001953, Clean Acc @5 99.67545318603516/ TTA Clean Acc @5 99.67545318603516
2025-06-05 12:02:14,901 - log - INFO - Total script execution time: 5388.87 seconds (89.81 minutes)
