2025-06-05 22:09:36,445 - log - INFO - ==========================================
data:/leonardo_work/EUHPC_R04_192/fmohamma/Adversarial_Robust_Clip/atpt_data/downstream_datasets
test_sets:eurosat
dataset_mode:test
arch:delta_clip_l14_224
resolution:224
workers:4
no_pin_memory:False
batch_size:64
print_freq:20
gpu:0
no_cudnn_benchmark:False
n_ctx:4
ctx_init:a_photo_of_a
tpt_loss:rtpt
seed:0
output_dir:/leonardo_work/EUHPC_R04_192/fmohamma/Adversarial_Robust_Clip/atpt_data/delta_clip_l14_224/eurosat
log_output_dir:/leonardo_work/EUHPC_R04_192/fmohamma/Adversarial_Robust_Clip/ATPT/Final_Results/delta_clip_l14_224/eurosat
eps:0.0
alpha:0.0
alpha_eps_ratio:4.0
steps:0
lr:0.005
selection_p:0.1
tta_steps:0
ensemble_type:none
top_k:20
softmax_temp:0.01
counter_attack:True
counter_attack_type:pgd
counter_attack_steps:2
counter_attack_eps:2.0
counter_attack_alpha:1.0
counter_attack_tau_thres:0.2
counter_attack_beta:2.0
counter_attack_weighted_perturbations:True
pgd_clip_pure_i_text_embeddings:null
pgd_counter_and_clipure_i_lamda:1.0
selected_id_name:selected_topk.json
weighted_score_name:weighted_scores.json
batch_entropy_name:entropies.json
log_dir:/leonardo_work/EUHPC_R04_192/fmohamma/Adversarial_Robust_Clip/ATPT/Final_Results/delta_clip_l14_224/eurosat/Clean/Counter_Attack/Eps_2_0_Steps_2_Alpha_1_0/tau_0_2_beta_2_0_weighted_pertrubation_True/No_TPT/Inference_Ensemble_none

2025-06-05 22:09:36,446 - log - INFO - Use GPU: 0 for training
2025-06-05 22:11:26,582 - log - INFO - Freezing all parameters except prompt learner
2025-06-05 22:11:26,584 - log - INFO - => Model created: visual backbone delta_clip_l14_224
2025-06-05 22:11:26,598 - log - INFO - Number of test samples: 8100
2025-06-05 22:11:26,599 - log - INFO - Evaluating dataset: eurosat
2025-06-05 22:11:26,600 - log - INFO - Starting evaluation with batch size: 64, selection percentage: 0.1
2025-06-05 22:11:26,600 - log - INFO - Test-time adaptation steps: 0, learning rate: 0.005
2025-06-05 22:11:26,600 - log - INFO - Using counter-attack with epsilon: 2.000000, alpha: 0.000000, steps: 2, tau_thres: 0.2, beta: 2.0, weighted perturbation: True
2025-06-05 22:12:03,812 - log - INFO - iter:20/8100, clip_acc1=0.0, tta_acc1=0.0
2025-06-05 22:12:03,812 - log - INFO - iter:20/8100, Original Acc@1: 0.00, Acc@5: 65.00, TTA Acc@1: 0.00, Acc@5: 65.00
2025-06-05 22:12:37,631 - log - INFO - iter:40/8100, clip_acc1=0.0, tta_acc1=0.0
2025-06-05 22:12:37,632 - log - INFO - iter:40/8100, Original Acc@1: 0.00, Acc@5: 72.50, TTA Acc@1: 0.00, Acc@5: 72.50
2025-06-05 22:13:11,246 - log - INFO - iter:60/8100, clip_acc1=0.0, tta_acc1=0.0
2025-06-05 22:13:11,247 - log - INFO - iter:60/8100, Original Acc@1: 0.00, Acc@5: 73.33, TTA Acc@1: 0.00, Acc@5: 73.33
2025-06-05 22:13:44,764 - log - INFO - iter:80/8100, clip_acc1=0.0, tta_acc1=0.0
2025-06-05 22:13:44,764 - log - INFO - iter:80/8100, Original Acc@1: 0.00, Acc@5: 76.25, TTA Acc@1: 0.00, Acc@5: 76.25
2025-06-05 22:14:18,631 - log - INFO - iter:100/8100, clip_acc1=0.0, tta_acc1=0.0
2025-06-05 22:14:18,632 - log - INFO - iter:100/8100, Original Acc@1: 0.00, Acc@5: 77.00, TTA Acc@1: 0.00, Acc@5: 77.00
2025-06-05 22:14:52,365 - log - INFO - iter:120/8100, clip_acc1=0.0, tta_acc1=0.0
2025-06-05 22:14:52,366 - log - INFO - iter:120/8100, Original Acc@1: 0.00, Acc@5: 77.50, TTA Acc@1: 0.00, Acc@5: 77.50
2025-06-05 22:15:26,040 - log - INFO - iter:140/8100, clip_acc1=0.0, tta_acc1=0.0
2025-06-05 22:15:26,041 - log - INFO - iter:140/8100, Original Acc@1: 0.00, Acc@5: 76.43, TTA Acc@1: 0.00, Acc@5: 76.43
2025-06-05 22:15:59,783 - log - INFO - iter:160/8100, clip_acc1=0.0, tta_acc1=0.0
2025-06-05 22:15:59,784 - log - INFO - iter:160/8100, Original Acc@1: 0.00, Acc@5: 76.88, TTA Acc@1: 0.00, Acc@5: 76.88
2025-06-05 22:16:33,398 - log - INFO - iter:180/8100, clip_acc1=0.0, tta_acc1=0.0
2025-06-05 22:16:33,398 - log - INFO - iter:180/8100, Original Acc@1: 0.00, Acc@5: 76.11, TTA Acc@1: 0.00, Acc@5: 76.11
2025-06-05 22:17:06,915 - log - INFO - iter:200/8100, clip_acc1=0.0, tta_acc1=0.0
2025-06-05 22:17:06,915 - log - INFO - iter:200/8100, Original Acc@1: 0.00, Acc@5: 75.50, TTA Acc@1: 0.00, Acc@5: 75.50
2025-06-05 22:17:40,577 - log - INFO - iter:220/8100, clip_acc1=0.0, tta_acc1=0.0
2025-06-05 22:17:40,577 - log - INFO - iter:220/8100, Original Acc@1: 0.00, Acc@5: 75.45, TTA Acc@1: 0.00, Acc@5: 75.45
2025-06-05 22:18:14,189 - log - INFO - iter:240/8100, clip_acc1=0.0, tta_acc1=0.0
2025-06-05 22:18:14,190 - log - INFO - iter:240/8100, Original Acc@1: 0.00, Acc@5: 74.17, TTA Acc@1: 0.00, Acc@5: 74.17
2025-06-05 22:18:47,820 - log - INFO - iter:260/8100, clip_acc1=0.0, tta_acc1=0.0
2025-06-05 22:18:47,820 - log - INFO - iter:260/8100, Original Acc@1: 0.00, Acc@5: 74.62, TTA Acc@1: 0.00, Acc@5: 74.62
2025-06-05 22:19:21,386 - log - INFO - iter:280/8100, clip_acc1=0.0, tta_acc1=0.0
2025-06-05 22:19:21,387 - log - INFO - iter:280/8100, Original Acc@1: 0.00, Acc@5: 76.07, TTA Acc@1: 0.00, Acc@5: 76.07
2025-06-05 22:19:55,125 - log - INFO - iter:300/8100, clip_acc1=0.0, tta_acc1=0.0
2025-06-05 22:19:55,125 - log - INFO - iter:300/8100, Original Acc@1: 0.00, Acc@5: 76.67, TTA Acc@1: 0.00, Acc@5: 76.67
2025-06-05 22:20:28,875 - log - INFO - iter:320/8100, clip_acc1=0.0, tta_acc1=0.0
2025-06-05 22:20:28,875 - log - INFO - iter:320/8100, Original Acc@1: 0.00, Acc@5: 76.56, TTA Acc@1: 0.00, Acc@5: 76.56
2025-06-05 22:21:02,488 - log - INFO - iter:340/8100, clip_acc1=0.0, tta_acc1=0.0
2025-06-05 22:21:02,489 - log - INFO - iter:340/8100, Original Acc@1: 0.00, Acc@5: 76.47, TTA Acc@1: 0.00, Acc@5: 76.47
2025-06-05 22:21:36,143 - log - INFO - iter:360/8100, clip_acc1=0.0, tta_acc1=0.0
2025-06-05 22:21:36,144 - log - INFO - iter:360/8100, Original Acc@1: 0.00, Acc@5: 75.28, TTA Acc@1: 0.00, Acc@5: 75.28
2025-06-05 22:22:09,671 - log - INFO - iter:380/8100, clip_acc1=0.0, tta_acc1=0.0
2025-06-05 22:22:09,671 - log - INFO - iter:380/8100, Original Acc@1: 0.00, Acc@5: 75.53, TTA Acc@1: 0.00, Acc@5: 75.53
2025-06-05 22:22:43,260 - log - INFO - iter:400/8100, clip_acc1=0.0, tta_acc1=0.0
2025-06-05 22:22:43,261 - log - INFO - iter:400/8100, Original Acc@1: 0.00, Acc@5: 75.00, TTA Acc@1: 0.00, Acc@5: 75.00
2025-06-05 22:23:16,776 - log - INFO - iter:420/8100, clip_acc1=0.0, tta_acc1=0.0
2025-06-05 22:23:16,776 - log - INFO - iter:420/8100, Original Acc@1: 0.00, Acc@5: 75.24, TTA Acc@1: 0.00, Acc@5: 75.24
2025-06-05 22:23:50,440 - log - INFO - iter:440/8100, clip_acc1=0.0, tta_acc1=0.0
2025-06-05 22:23:50,440 - log - INFO - iter:440/8100, Original Acc@1: 0.00, Acc@5: 75.23, TTA Acc@1: 0.00, Acc@5: 75.23
2025-06-05 22:24:23,863 - log - INFO - iter:460/8100, clip_acc1=0.0, tta_acc1=0.0
2025-06-05 22:24:23,863 - log - INFO - iter:460/8100, Original Acc@1: 0.00, Acc@5: 75.43, TTA Acc@1: 0.00, Acc@5: 75.43
2025-06-05 22:24:57,915 - log - INFO - iter:480/8100, clip_acc1=0.0, tta_acc1=0.0
2025-06-05 22:24:57,916 - log - INFO - iter:480/8100, Original Acc@1: 0.00, Acc@5: 74.58, TTA Acc@1: 0.00, Acc@5: 74.58
2025-06-05 22:25:31,761 - log - INFO - iter:500/8100, clip_acc1=0.0, tta_acc1=0.0
2025-06-05 22:25:31,761 - log - INFO - iter:500/8100, Original Acc@1: 0.00, Acc@5: 74.60, TTA Acc@1: 0.00, Acc@5: 74.60
2025-06-05 22:26:05,611 - log - INFO - iter:520/8100, clip_acc1=0.0, tta_acc1=0.0
2025-06-05 22:26:05,612 - log - INFO - iter:520/8100, Original Acc@1: 0.00, Acc@5: 74.04, TTA Acc@1: 0.00, Acc@5: 74.04
2025-06-05 22:26:39,419 - log - INFO - iter:540/8100, clip_acc1=0.0, tta_acc1=0.0
2025-06-05 22:26:39,419 - log - INFO - iter:540/8100, Original Acc@1: 0.00, Acc@5: 74.07, TTA Acc@1: 0.00, Acc@5: 74.07
2025-06-05 22:27:13,110 - log - INFO - iter:560/8100, clip_acc1=0.0, tta_acc1=0.0
2025-06-05 22:27:13,110 - log - INFO - iter:560/8100, Original Acc@1: 0.00, Acc@5: 74.29, TTA Acc@1: 0.00, Acc@5: 74.29
2025-06-05 22:27:46,854 - log - INFO - iter:580/8100, clip_acc1=0.0, tta_acc1=0.0
2025-06-05 22:27:46,855 - log - INFO - iter:580/8100, Original Acc@1: 0.00, Acc@5: 74.48, TTA Acc@1: 0.00, Acc@5: 74.48
2025-06-05 22:28:20,321 - log - INFO - iter:600/8100, clip_acc1=0.0, tta_acc1=0.0
2025-06-05 22:28:20,321 - log - INFO - iter:600/8100, Original Acc@1: 0.00, Acc@5: 74.33, TTA Acc@1: 0.00, Acc@5: 74.33
2025-06-05 22:28:53,960 - log - INFO - iter:620/8100, clip_acc1=0.0, tta_acc1=0.0
2025-06-05 22:28:53,961 - log - INFO - iter:620/8100, Original Acc@1: 0.00, Acc@5: 74.84, TTA Acc@1: 0.00, Acc@5: 74.84
2025-06-05 22:29:27,883 - log - INFO - iter:640/8100, clip_acc1=0.0, tta_acc1=0.0
2025-06-05 22:29:27,883 - log - INFO - iter:640/8100, Original Acc@1: 0.00, Acc@5: 75.16, TTA Acc@1: 0.00, Acc@5: 75.16
2025-06-05 22:30:01,609 - log - INFO - iter:660/8100, clip_acc1=0.0, tta_acc1=0.0
2025-06-05 22:30:01,609 - log - INFO - iter:660/8100, Original Acc@1: 0.00, Acc@5: 75.00, TTA Acc@1: 0.00, Acc@5: 75.00
2025-06-05 22:30:35,077 - log - INFO - iter:680/8100, clip_acc1=0.0, tta_acc1=0.0
2025-06-05 22:30:35,077 - log - INFO - iter:680/8100, Original Acc@1: 0.00, Acc@5: 75.44, TTA Acc@1: 0.00, Acc@5: 75.44
2025-06-05 22:31:08,730 - log - INFO - iter:700/8100, clip_acc1=0.0, tta_acc1=0.0
2025-06-05 22:31:08,730 - log - INFO - iter:700/8100, Original Acc@1: 0.00, Acc@5: 75.71, TTA Acc@1: 0.00, Acc@5: 75.71
2025-06-05 22:31:42,559 - log - INFO - iter:720/8100, clip_acc1=0.0, tta_acc1=0.0
2025-06-05 22:31:42,560 - log - INFO - iter:720/8100, Original Acc@1: 0.00, Acc@5: 75.97, TTA Acc@1: 0.00, Acc@5: 75.97
2025-06-05 22:32:16,205 - log - INFO - iter:740/8100, clip_acc1=0.0, tta_acc1=0.0
2025-06-05 22:32:16,205 - log - INFO - iter:740/8100, Original Acc@1: 0.00, Acc@5: 76.49, TTA Acc@1: 0.00, Acc@5: 76.49
2025-06-05 22:32:50,046 - log - INFO - iter:760/8100, clip_acc1=0.0, tta_acc1=0.0
2025-06-05 22:32:50,047 - log - INFO - iter:760/8100, Original Acc@1: 0.00, Acc@5: 76.58, TTA Acc@1: 0.00, Acc@5: 76.58
2025-06-05 22:33:23,523 - log - INFO - iter:780/8100, clip_acc1=0.0, tta_acc1=0.0
2025-06-05 22:33:23,523 - log - INFO - iter:780/8100, Original Acc@1: 0.00, Acc@5: 77.05, TTA Acc@1: 0.00, Acc@5: 77.05
2025-06-05 22:33:57,026 - log - INFO - iter:800/8100, clip_acc1=0.0, tta_acc1=0.0
2025-06-05 22:33:57,026 - log - INFO - iter:800/8100, Original Acc@1: 0.00, Acc@5: 77.50, TTA Acc@1: 0.00, Acc@5: 77.50
2025-06-05 22:34:30,739 - log - INFO - iter:820/8100, clip_acc1=0.0, tta_acc1=0.0
2025-06-05 22:34:30,739 - log - INFO - iter:820/8100, Original Acc@1: 0.00, Acc@5: 77.20, TTA Acc@1: 0.00, Acc@5: 77.20
2025-06-05 22:35:04,483 - log - INFO - iter:840/8100, clip_acc1=0.0, tta_acc1=0.0
2025-06-05 22:35:04,483 - log - INFO - iter:840/8100, Original Acc@1: 0.00, Acc@5: 77.26, TTA Acc@1: 0.00, Acc@5: 77.26
2025-06-05 22:35:38,186 - log - INFO - iter:860/8100, clip_acc1=0.0, tta_acc1=0.0
2025-06-05 22:35:38,186 - log - INFO - iter:860/8100, Original Acc@1: 0.00, Acc@5: 77.44, TTA Acc@1: 0.00, Acc@5: 77.44
2025-06-05 22:36:11,865 - log - INFO - iter:880/8100, clip_acc1=0.0, tta_acc1=0.0
2025-06-05 22:36:11,866 - log - INFO - iter:880/8100, Original Acc@1: 0.00, Acc@5: 77.61, TTA Acc@1: 0.00, Acc@5: 77.61
2025-06-05 22:36:45,410 - log - INFO - iter:900/8100, clip_acc1=0.0, tta_acc1=0.0
2025-06-05 22:36:45,410 - log - INFO - iter:900/8100, Original Acc@1: 0.00, Acc@5: 77.33, TTA Acc@1: 0.00, Acc@5: 77.33
2025-06-05 22:37:19,063 - log - INFO - iter:920/8100, clip_acc1=0.0, tta_acc1=0.0
2025-06-05 22:37:19,064 - log - INFO - iter:920/8100, Original Acc@1: 0.00, Acc@5: 77.39, TTA Acc@1: 0.00, Acc@5: 77.39
2025-06-05 22:37:52,710 - log - INFO - iter:940/8100, clip_acc1=0.0, tta_acc1=0.0
2025-06-05 22:37:52,710 - log - INFO - iter:940/8100, Original Acc@1: 0.00, Acc@5: 77.87, TTA Acc@1: 0.00, Acc@5: 77.87
2025-06-05 22:38:26,401 - log - INFO - iter:960/8100, clip_acc1=0.0, tta_acc1=0.0
2025-06-05 22:38:26,401 - log - INFO - iter:960/8100, Original Acc@1: 0.00, Acc@5: 78.02, TTA Acc@1: 0.00, Acc@5: 78.02
2025-06-05 22:38:59,891 - log - INFO - iter:980/8100, clip_acc1=0.0, tta_acc1=0.0
2025-06-05 22:38:59,891 - log - INFO - iter:980/8100, Original Acc@1: 0.00, Acc@5: 78.06, TTA Acc@1: 0.00, Acc@5: 78.06
2025-06-05 22:39:33,681 - log - INFO - iter:1000/8100, clip_acc1=0.0, tta_acc1=0.0
2025-06-05 22:39:33,681 - log - INFO - iter:1000/8100, Original Acc@1: 0.00, Acc@5: 78.30, TTA Acc@1: 0.00, Acc@5: 78.30
2025-06-05 22:40:07,287 - log - INFO - iter:1020/8100, clip_acc1=0.0, tta_acc1=0.0
2025-06-05 22:40:07,287 - log - INFO - iter:1020/8100, Original Acc@1: 0.00, Acc@5: 78.43, TTA Acc@1: 0.00, Acc@5: 78.43
2025-06-05 22:40:41,154 - log - INFO - iter:1040/8100, clip_acc1=0.0, tta_acc1=0.0
2025-06-05 22:40:41,154 - log - INFO - iter:1040/8100, Original Acc@1: 0.00, Acc@5: 78.75, TTA Acc@1: 0.00, Acc@5: 78.75
2025-06-05 22:41:15,092 - log - INFO - iter:1060/8100, clip_acc1=0.0, tta_acc1=0.0
2025-06-05 22:41:15,092 - log - INFO - iter:1060/8100, Original Acc@1: 0.00, Acc@5: 78.77, TTA Acc@1: 0.00, Acc@5: 78.77
2025-06-05 22:41:48,786 - log - INFO - iter:1080/8100, clip_acc1=0.0, tta_acc1=0.0
2025-06-05 22:41:48,786 - log - INFO - iter:1080/8100, Original Acc@1: 0.00, Acc@5: 78.98, TTA Acc@1: 0.00, Acc@5: 78.98
2025-06-05 22:42:22,723 - log - INFO - iter:1100/8100, clip_acc1=0.0, tta_acc1=0.0
2025-06-05 22:42:22,723 - log - INFO - iter:1100/8100, Original Acc@1: 0.00, Acc@5: 79.00, TTA Acc@1: 0.00, Acc@5: 79.00
2025-06-05 22:42:56,469 - log - INFO - iter:1120/8100, clip_acc1=0.0, tta_acc1=0.0
2025-06-05 22:42:56,470 - log - INFO - iter:1120/8100, Original Acc@1: 0.00, Acc@5: 79.20, TTA Acc@1: 0.00, Acc@5: 79.20
2025-06-05 22:43:30,540 - log - INFO - iter:1140/8100, clip_acc1=0.0, tta_acc1=0.0
2025-06-05 22:43:30,541 - log - INFO - iter:1140/8100, Original Acc@1: 0.00, Acc@5: 79.56, TTA Acc@1: 0.00, Acc@5: 79.56
2025-06-05 22:44:04,387 - log - INFO - iter:1160/8100, clip_acc1=0.0, tta_acc1=0.0
2025-06-05 22:44:04,388 - log - INFO - iter:1160/8100, Original Acc@1: 0.00, Acc@5: 79.66, TTA Acc@1: 0.00, Acc@5: 79.66
2025-06-05 22:44:38,207 - log - INFO - iter:1180/8100, clip_acc1=0.0, tta_acc1=0.0
2025-06-05 22:44:38,207 - log - INFO - iter:1180/8100, Original Acc@1: 0.00, Acc@5: 79.58, TTA Acc@1: 0.00, Acc@5: 79.58
2025-06-05 22:45:12,038 - log - INFO - iter:1200/8100, clip_acc1=0.0, tta_acc1=0.0
2025-06-05 22:45:12,038 - log - INFO - iter:1200/8100, Original Acc@1: 0.00, Acc@5: 79.83, TTA Acc@1: 0.00, Acc@5: 79.83
2025-06-05 22:45:45,849 - log - INFO - iter:1220/8100, clip_acc1=0.0, tta_acc1=0.0
2025-06-05 22:45:45,849 - log - INFO - iter:1220/8100, Original Acc@1: 0.00, Acc@5: 80.08, TTA Acc@1: 0.00, Acc@5: 80.08
2025-06-05 22:46:19,738 - log - INFO - iter:1240/8100, clip_acc1=0.0, tta_acc1=0.0
2025-06-05 22:46:19,738 - log - INFO - iter:1240/8100, Original Acc@1: 0.00, Acc@5: 80.40, TTA Acc@1: 0.00, Acc@5: 80.40
2025-06-05 22:46:54,078 - log - INFO - iter:1260/8100, clip_acc1=0.0, tta_acc1=0.0
2025-06-05 22:46:54,078 - log - INFO - iter:1260/8100, Original Acc@1: 0.00, Acc@5: 80.40, TTA Acc@1: 0.00, Acc@5: 80.40
2025-06-05 22:47:28,015 - log - INFO - iter:1280/8100, clip_acc1=0.0, tta_acc1=0.0
2025-06-05 22:47:28,015 - log - INFO - iter:1280/8100, Original Acc@1: 0.00, Acc@5: 80.39, TTA Acc@1: 0.00, Acc@5: 80.39
2025-06-05 22:48:01,973 - log - INFO - iter:1300/8100, clip_acc1=0.0, tta_acc1=0.0
2025-06-05 22:48:01,973 - log - INFO - iter:1300/8100, Original Acc@1: 0.00, Acc@5: 80.54, TTA Acc@1: 0.00, Acc@5: 80.54
2025-06-05 22:48:35,893 - log - INFO - iter:1320/8100, clip_acc1=0.0, tta_acc1=0.0
2025-06-05 22:48:35,894 - log - INFO - iter:1320/8100, Original Acc@1: 0.00, Acc@5: 80.83, TTA Acc@1: 0.00, Acc@5: 80.83
2025-06-05 22:49:09,740 - log - INFO - iter:1340/8100, clip_acc1=0.0, tta_acc1=0.0
2025-06-05 22:49:09,740 - log - INFO - iter:1340/8100, Original Acc@1: 0.00, Acc@5: 81.04, TTA Acc@1: 0.00, Acc@5: 81.04
2025-06-05 22:49:43,599 - log - INFO - iter:1360/8100, clip_acc1=0.0, tta_acc1=0.0
2025-06-05 22:49:43,600 - log - INFO - iter:1360/8100, Original Acc@1: 0.00, Acc@5: 81.25, TTA Acc@1: 0.00, Acc@5: 81.25
2025-06-05 22:50:17,366 - log - INFO - iter:1380/8100, clip_acc1=0.0, tta_acc1=0.0
2025-06-05 22:50:17,366 - log - INFO - iter:1380/8100, Original Acc@1: 0.00, Acc@5: 81.30, TTA Acc@1: 0.00, Acc@5: 81.30
2025-06-05 22:50:51,356 - log - INFO - iter:1400/8100, clip_acc1=0.0, tta_acc1=0.0
2025-06-05 22:50:51,356 - log - INFO - iter:1400/8100, Original Acc@1: 0.00, Acc@5: 81.36, TTA Acc@1: 0.00, Acc@5: 81.36
2025-06-05 22:51:25,294 - log - INFO - iter:1420/8100, clip_acc1=0.0, tta_acc1=0.0
2025-06-05 22:51:25,294 - log - INFO - iter:1420/8100, Original Acc@1: 0.00, Acc@5: 81.48, TTA Acc@1: 0.00, Acc@5: 81.48
2025-06-05 22:51:59,254 - log - INFO - iter:1440/8100, clip_acc1=0.0, tta_acc1=0.0
2025-06-05 22:51:59,255 - log - INFO - iter:1440/8100, Original Acc@1: 0.00, Acc@5: 81.60, TTA Acc@1: 0.00, Acc@5: 81.60
2025-06-05 22:52:33,025 - log - INFO - iter:1460/8100, clip_acc1=0.0, tta_acc1=0.0
2025-06-05 22:52:33,025 - log - INFO - iter:1460/8100, Original Acc@1: 0.00, Acc@5: 81.64, TTA Acc@1: 0.00, Acc@5: 81.64
2025-06-05 22:53:06,765 - log - INFO - iter:1480/8100, clip_acc1=0.0, tta_acc1=0.0
2025-06-05 22:53:06,765 - log - INFO - iter:1480/8100, Original Acc@1: 0.00, Acc@5: 81.69, TTA Acc@1: 0.00, Acc@5: 81.69
2025-06-05 22:53:40,782 - log - INFO - iter:1500/8100, clip_acc1=0.0, tta_acc1=0.0
2025-06-05 22:53:40,782 - log - INFO - iter:1500/8100, Original Acc@1: 0.00, Acc@5: 81.93, TTA Acc@1: 0.00, Acc@5: 81.93
2025-06-05 22:54:14,795 - log - INFO - iter:1520/8100, clip_acc1=0.0, tta_acc1=0.0
2025-06-05 22:54:14,796 - log - INFO - iter:1520/8100, Original Acc@1: 0.00, Acc@5: 82.04, TTA Acc@1: 0.00, Acc@5: 82.04
2025-06-05 22:54:48,660 - log - INFO - iter:1540/8100, clip_acc1=0.0, tta_acc1=0.0
2025-06-05 22:54:48,661 - log - INFO - iter:1540/8100, Original Acc@1: 0.00, Acc@5: 81.95, TTA Acc@1: 0.00, Acc@5: 81.95
2025-06-05 22:55:22,417 - log - INFO - iter:1560/8100, clip_acc1=0.0, tta_acc1=0.0
2025-06-05 22:55:22,417 - log - INFO - iter:1560/8100, Original Acc@1: 0.00, Acc@5: 81.99, TTA Acc@1: 0.00, Acc@5: 81.99
2025-06-05 22:55:56,191 - log - INFO - iter:1580/8100, clip_acc1=0.0, tta_acc1=0.0
2025-06-05 22:55:56,192 - log - INFO - iter:1580/8100, Original Acc@1: 0.00, Acc@5: 82.09, TTA Acc@1: 0.00, Acc@5: 82.09
2025-06-05 22:56:30,099 - log - INFO - iter:1600/8100, clip_acc1=0.0, tta_acc1=0.0
2025-06-05 22:56:30,099 - log - INFO - iter:1600/8100, Original Acc@1: 0.00, Acc@5: 82.06, TTA Acc@1: 0.00, Acc@5: 82.06
2025-06-05 22:57:03,988 - log - INFO - iter:1620/8100, clip_acc1=0.0, tta_acc1=0.0
2025-06-05 22:57:03,988 - log - INFO - iter:1620/8100, Original Acc@1: 0.00, Acc@5: 82.16, TTA Acc@1: 0.00, Acc@5: 82.16
2025-06-05 22:57:37,687 - log - INFO - iter:1640/8100, clip_acc1=0.0, tta_acc1=0.0
2025-06-05 22:57:37,687 - log - INFO - iter:1640/8100, Original Acc@1: 0.00, Acc@5: 82.07, TTA Acc@1: 0.00, Acc@5: 82.07
2025-06-05 22:58:11,308 - log - INFO - iter:1660/8100, clip_acc1=0.0, tta_acc1=0.0
2025-06-05 22:58:11,309 - log - INFO - iter:1660/8100, Original Acc@1: 0.00, Acc@5: 82.05, TTA Acc@1: 0.00, Acc@5: 82.05
2025-06-05 22:58:44,957 - log - INFO - iter:1680/8100, clip_acc1=0.0, tta_acc1=0.0
2025-06-05 22:58:44,957 - log - INFO - iter:1680/8100, Original Acc@1: 0.00, Acc@5: 82.02, TTA Acc@1: 0.00, Acc@5: 82.02
2025-06-05 22:59:18,701 - log - INFO - iter:1700/8100, clip_acc1=0.0, tta_acc1=0.0
2025-06-05 22:59:18,701 - log - INFO - iter:1700/8100, Original Acc@1: 0.00, Acc@5: 82.00, TTA Acc@1: 0.00, Acc@5: 82.00
2025-06-05 22:59:52,352 - log - INFO - iter:1720/8100, clip_acc1=0.0, tta_acc1=0.0
2025-06-05 22:59:52,352 - log - INFO - iter:1720/8100, Original Acc@1: 0.00, Acc@5: 82.03, TTA Acc@1: 0.00, Acc@5: 82.03
2025-06-05 23:00:26,163 - log - INFO - iter:1740/8100, clip_acc1=0.0, tta_acc1=0.0
2025-06-05 23:00:26,163 - log - INFO - iter:1740/8100, Original Acc@1: 0.00, Acc@5: 82.13, TTA Acc@1: 0.00, Acc@5: 82.13
2025-06-05 23:00:59,961 - log - INFO - iter:1760/8100, clip_acc1=0.0, tta_acc1=0.0
2025-06-05 23:00:59,961 - log - INFO - iter:1760/8100, Original Acc@1: 0.00, Acc@5: 82.10, TTA Acc@1: 0.00, Acc@5: 82.10
2025-06-05 23:01:33,774 - log - INFO - iter:1780/8100, clip_acc1=0.0, tta_acc1=0.0
2025-06-05 23:01:33,775 - log - INFO - iter:1780/8100, Original Acc@1: 0.00, Acc@5: 82.02, TTA Acc@1: 0.00, Acc@5: 82.02
2025-06-05 23:02:07,764 - log - INFO - iter:1800/8100, clip_acc1=0.0, tta_acc1=0.0
2025-06-05 23:02:07,765 - log - INFO - iter:1800/8100, Original Acc@1: 0.00, Acc@5: 82.17, TTA Acc@1: 0.00, Acc@5: 82.17
2025-06-05 23:02:41,867 - log - INFO - iter:1820/8100, clip_acc1=0.0, tta_acc1=0.0
2025-06-05 23:02:41,868 - log - INFO - iter:1820/8100, Original Acc@1: 0.00, Acc@5: 81.98, TTA Acc@1: 0.00, Acc@5: 81.98
2025-06-05 23:03:15,643 - log - INFO - iter:1840/8100, clip_acc1=0.0, tta_acc1=0.0
2025-06-05 23:03:15,644 - log - INFO - iter:1840/8100, Original Acc@1: 0.00, Acc@5: 81.47, TTA Acc@1: 0.00, Acc@5: 81.47
2025-06-05 23:03:49,370 - log - INFO - iter:1860/8100, clip_acc1=0.0, tta_acc1=0.0
2025-06-05 23:03:49,371 - log - INFO - iter:1860/8100, Original Acc@1: 0.00, Acc@5: 81.18, TTA Acc@1: 0.00, Acc@5: 81.18
2025-06-05 23:04:23,043 - log - INFO - iter:1880/8100, clip_acc1=0.05319148674607277, tta_acc1=0.05319148674607277
2025-06-05 23:04:23,043 - log - INFO - iter:1880/8100, Original Acc@1: 0.05, Acc@5: 81.17, TTA Acc@1: 0.05, Acc@5: 81.17
2025-06-05 23:04:56,752 - log - INFO - iter:1900/8100, clip_acc1=0.052631575614213943, tta_acc1=0.052631575614213943
2025-06-05 23:04:56,752 - log - INFO - iter:1900/8100, Original Acc@1: 0.05, Acc@5: 80.95, TTA Acc@1: 0.05, Acc@5: 80.95
2025-06-05 23:05:30,493 - log - INFO - iter:1920/8100, clip_acc1=0.1041666716337204, tta_acc1=0.1041666716337204
2025-06-05 23:05:30,494 - log - INFO - iter:1920/8100, Original Acc@1: 0.10, Acc@5: 80.83, TTA Acc@1: 0.10, Acc@5: 80.83
2025-06-05 23:06:04,369 - log - INFO - iter:1940/8100, clip_acc1=0.10309278964996338, tta_acc1=0.10309278964996338
2025-06-05 23:06:04,369 - log - INFO - iter:1940/8100, Original Acc@1: 0.10, Acc@5: 80.88, TTA Acc@1: 0.10, Acc@5: 80.88
2025-06-05 23:06:38,160 - log - INFO - iter:1960/8100, clip_acc1=0.10204081237316132, tta_acc1=0.10204081237316132
2025-06-05 23:06:38,160 - log - INFO - iter:1960/8100, Original Acc@1: 0.10, Acc@5: 80.82, TTA Acc@1: 0.10, Acc@5: 80.82
2025-06-05 23:07:11,865 - log - INFO - iter:1980/8100, clip_acc1=0.20202021300792694, tta_acc1=0.20202021300792694
2025-06-05 23:07:11,865 - log - INFO - iter:1980/8100, Original Acc@1: 0.20, Acc@5: 80.66, TTA Acc@1: 0.20, Acc@5: 80.66
2025-06-05 23:07:45,624 - log - INFO - iter:2000/8100, clip_acc1=0.20000000298023224, tta_acc1=0.20000000298023224
2025-06-05 23:07:45,624 - log - INFO - iter:2000/8100, Original Acc@1: 0.20, Acc@5: 80.40, TTA Acc@1: 0.20, Acc@5: 80.40
2025-06-05 23:08:19,367 - log - INFO - iter:2020/8100, clip_acc1=0.19801980257034302, tta_acc1=0.19801980257034302
2025-06-05 23:08:19,368 - log - INFO - iter:2020/8100, Original Acc@1: 0.20, Acc@5: 80.00, TTA Acc@1: 0.20, Acc@5: 80.00
2025-06-05 23:08:53,035 - log - INFO - iter:2040/8100, clip_acc1=0.19607844948768616, tta_acc1=0.19607844948768616
2025-06-05 23:08:53,035 - log - INFO - iter:2040/8100, Original Acc@1: 0.20, Acc@5: 79.95, TTA Acc@1: 0.20, Acc@5: 79.95
2025-06-05 23:09:26,639 - log - INFO - iter:2060/8100, clip_acc1=0.19417476654052734, tta_acc1=0.19417476654052734
2025-06-05 23:09:26,639 - log - INFO - iter:2060/8100, Original Acc@1: 0.19, Acc@5: 79.71, TTA Acc@1: 0.19, Acc@5: 79.71
2025-06-05 23:10:00,385 - log - INFO - iter:2080/8100, clip_acc1=0.19230769574642181, tta_acc1=0.19230769574642181
2025-06-05 23:10:00,385 - log - INFO - iter:2080/8100, Original Acc@1: 0.19, Acc@5: 79.62, TTA Acc@1: 0.19, Acc@5: 79.62
2025-06-05 23:10:34,113 - log - INFO - iter:2100/8100, clip_acc1=0.190476194024086, tta_acc1=0.190476194024086
2025-06-05 23:10:34,113 - log - INFO - iter:2100/8100, Original Acc@1: 0.19, Acc@5: 79.57, TTA Acc@1: 0.19, Acc@5: 79.57
2025-06-05 23:11:07,883 - log - INFO - iter:2120/8100, clip_acc1=0.2358490526676178, tta_acc1=0.2358490526676178
2025-06-05 23:11:07,883 - log - INFO - iter:2120/8100, Original Acc@1: 0.24, Acc@5: 79.48, TTA Acc@1: 0.24, Acc@5: 79.48
2025-06-05 23:11:41,733 - log - INFO - iter:2140/8100, clip_acc1=0.23364487290382385, tta_acc1=0.23364487290382385
2025-06-05 23:11:41,733 - log - INFO - iter:2140/8100, Original Acc@1: 0.23, Acc@5: 79.30, TTA Acc@1: 0.23, Acc@5: 79.30
2025-06-05 23:12:15,532 - log - INFO - iter:2160/8100, clip_acc1=0.23148147761821747, tta_acc1=0.23148147761821747
2025-06-05 23:12:15,533 - log - INFO - iter:2160/8100, Original Acc@1: 0.23, Acc@5: 79.31, TTA Acc@1: 0.23, Acc@5: 79.31
2025-06-05 23:12:49,248 - log - INFO - iter:2180/8100, clip_acc1=0.2293577939271927, tta_acc1=0.2293577939271927
2025-06-05 23:12:49,248 - log - INFO - iter:2180/8100, Original Acc@1: 0.23, Acc@5: 79.08, TTA Acc@1: 0.23, Acc@5: 79.08
2025-06-05 23:13:22,998 - log - INFO - iter:2200/8100, clip_acc1=0.22727273404598236, tta_acc1=0.22727273404598236
2025-06-05 23:13:22,998 - log - INFO - iter:2200/8100, Original Acc@1: 0.23, Acc@5: 78.91, TTA Acc@1: 0.23, Acc@5: 78.91
2025-06-05 23:13:56,765 - log - INFO - iter:2220/8100, clip_acc1=0.22522522509098053, tta_acc1=0.22522522509098053
2025-06-05 23:13:56,765 - log - INFO - iter:2220/8100, Original Acc@1: 0.23, Acc@5: 78.83, TTA Acc@1: 0.23, Acc@5: 78.83
2025-06-05 23:14:30,657 - log - INFO - iter:2240/8100, clip_acc1=0.2232142835855484, tta_acc1=0.2232142835855484
2025-06-05 23:14:30,657 - log - INFO - iter:2240/8100, Original Acc@1: 0.22, Acc@5: 78.79, TTA Acc@1: 0.22, Acc@5: 78.79
2025-06-05 23:15:04,478 - log - INFO - iter:2260/8100, clip_acc1=0.22123894095420837, tta_acc1=0.22123894095420837
2025-06-05 23:15:04,478 - log - INFO - iter:2260/8100, Original Acc@1: 0.22, Acc@5: 78.58, TTA Acc@1: 0.22, Acc@5: 78.58
2025-06-05 23:15:38,251 - log - INFO - iter:2280/8100, clip_acc1=0.21929824352264404, tta_acc1=0.21929824352264404
2025-06-05 23:15:38,251 - log - INFO - iter:2280/8100, Original Acc@1: 0.22, Acc@5: 78.42, TTA Acc@1: 0.22, Acc@5: 78.42
2025-06-05 23:16:12,046 - log - INFO - iter:2300/8100, clip_acc1=0.21739131212234497, tta_acc1=0.21739131212234497
2025-06-05 23:16:12,047 - log - INFO - iter:2300/8100, Original Acc@1: 0.22, Acc@5: 78.39, TTA Acc@1: 0.22, Acc@5: 78.39
2025-06-05 23:16:45,816 - log - INFO - iter:2320/8100, clip_acc1=0.21551723778247833, tta_acc1=0.21551723778247833
2025-06-05 23:16:45,816 - log - INFO - iter:2320/8100, Original Acc@1: 0.22, Acc@5: 78.23, TTA Acc@1: 0.22, Acc@5: 78.23
2025-06-05 23:17:20,272 - log - INFO - iter:2340/8100, clip_acc1=0.21367521584033966, tta_acc1=0.21367521584033966
2025-06-05 23:17:20,273 - log - INFO - iter:2340/8100, Original Acc@1: 0.21, Acc@5: 77.99, TTA Acc@1: 0.21, Acc@5: 77.99
2025-06-05 23:17:54,044 - log - INFO - iter:2360/8100, clip_acc1=0.2118643969297409, tta_acc1=0.2118643969297409
2025-06-05 23:17:54,044 - log - INFO - iter:2360/8100, Original Acc@1: 0.21, Acc@5: 77.97, TTA Acc@1: 0.21, Acc@5: 77.97
2025-06-05 23:18:28,299 - log - INFO - iter:2380/8100, clip_acc1=0.21008403599262238, tta_acc1=0.21008403599262238
2025-06-05 23:18:28,300 - log - INFO - iter:2380/8100, Original Acc@1: 0.21, Acc@5: 77.73, TTA Acc@1: 0.21, Acc@5: 77.73
2025-06-05 23:19:01,891 - log - INFO - iter:2400/8100, clip_acc1=0.2083333432674408, tta_acc1=0.2083333432674408
2025-06-05 23:19:01,891 - log - INFO - iter:2400/8100, Original Acc@1: 0.21, Acc@5: 77.50, TTA Acc@1: 0.21, Acc@5: 77.50
2025-06-05 23:19:35,532 - log - INFO - iter:2420/8100, clip_acc1=0.20661157369613647, tta_acc1=0.20661157369613647
2025-06-05 23:19:35,532 - log - INFO - iter:2420/8100, Original Acc@1: 0.21, Acc@5: 77.48, TTA Acc@1: 0.21, Acc@5: 77.48
2025-06-05 23:20:09,307 - log - INFO - iter:2440/8100, clip_acc1=0.2049180269241333, tta_acc1=0.2049180269241333
2025-06-05 23:20:09,308 - log - INFO - iter:2440/8100, Original Acc@1: 0.20, Acc@5: 77.42, TTA Acc@1: 0.20, Acc@5: 77.42
2025-06-05 23:20:44,077 - log - INFO - iter:2460/8100, clip_acc1=0.20325203239917755, tta_acc1=0.20325203239917755
2025-06-05 23:20:44,077 - log - INFO - iter:2460/8100, Original Acc@1: 0.20, Acc@5: 77.20, TTA Acc@1: 0.20, Acc@5: 77.20
2025-06-05 23:21:18,219 - log - INFO - iter:2480/8100, clip_acc1=0.2016129046678543, tta_acc1=0.2016129046678543
2025-06-05 23:21:18,219 - log - INFO - iter:2480/8100, Original Acc@1: 0.20, Acc@5: 77.10, TTA Acc@1: 0.20, Acc@5: 77.10
2025-06-05 23:21:51,924 - log - INFO - iter:2500/8100, clip_acc1=0.23999999463558197, tta_acc1=0.23999999463558197
2025-06-05 23:21:51,924 - log - INFO - iter:2500/8100, Original Acc@1: 0.24, Acc@5: 76.92, TTA Acc@1: 0.24, Acc@5: 76.92
2025-06-05 23:22:25,763 - log - INFO - iter:2520/8100, clip_acc1=0.2380952388048172, tta_acc1=0.2380952388048172
2025-06-05 23:22:25,763 - log - INFO - iter:2520/8100, Original Acc@1: 0.24, Acc@5: 76.79, TTA Acc@1: 0.24, Acc@5: 76.79
2025-06-05 23:22:59,451 - log - INFO - iter:2540/8100, clip_acc1=0.27559053897857666, tta_acc1=0.27559053897857666
2025-06-05 23:22:59,452 - log - INFO - iter:2540/8100, Original Acc@1: 0.28, Acc@5: 76.65, TTA Acc@1: 0.28, Acc@5: 76.65
2025-06-05 23:23:33,287 - log - INFO - iter:2560/8100, clip_acc1=0.2734375, tta_acc1=0.2734375
2025-06-05 23:23:33,287 - log - INFO - iter:2560/8100, Original Acc@1: 0.27, Acc@5: 76.45, TTA Acc@1: 0.27, Acc@5: 76.45
2025-06-05 23:24:06,897 - log - INFO - iter:2580/8100, clip_acc1=0.3100775182247162, tta_acc1=0.3100775182247162
2025-06-05 23:24:06,897 - log - INFO - iter:2580/8100, Original Acc@1: 0.31, Acc@5: 76.40, TTA Acc@1: 0.31, Acc@5: 76.40
2025-06-05 23:24:40,614 - log - INFO - iter:2600/8100, clip_acc1=0.3076923191547394, tta_acc1=0.3076923191547394
2025-06-05 23:24:40,614 - log - INFO - iter:2600/8100, Original Acc@1: 0.31, Acc@5: 76.27, TTA Acc@1: 0.31, Acc@5: 76.27
2025-06-05 23:25:14,151 - log - INFO - iter:2620/8100, clip_acc1=0.30534350872039795, tta_acc1=0.30534350872039795
2025-06-05 23:25:14,151 - log - INFO - iter:2620/8100, Original Acc@1: 0.31, Acc@5: 76.22, TTA Acc@1: 0.31, Acc@5: 76.22
2025-06-05 23:25:47,765 - log - INFO - iter:2640/8100, clip_acc1=0.3030302822589874, tta_acc1=0.3030302822589874
2025-06-05 23:25:47,765 - log - INFO - iter:2640/8100, Original Acc@1: 0.30, Acc@5: 76.02, TTA Acc@1: 0.30, Acc@5: 76.02
2025-06-05 23:26:21,542 - log - INFO - iter:2660/8100, clip_acc1=0.33834585547447205, tta_acc1=0.33834585547447205
2025-06-05 23:26:21,543 - log - INFO - iter:2660/8100, Original Acc@1: 0.34, Acc@5: 76.02, TTA Acc@1: 0.34, Acc@5: 76.02
2025-06-05 23:26:55,511 - log - INFO - iter:2680/8100, clip_acc1=0.33582088351249695, tta_acc1=0.33582088351249695
2025-06-05 23:26:55,511 - log - INFO - iter:2680/8100, Original Acc@1: 0.34, Acc@5: 76.01, TTA Acc@1: 0.34, Acc@5: 76.01
2025-06-05 23:27:29,181 - log - INFO - iter:2700/8100, clip_acc1=0.40740740299224854, tta_acc1=0.40740740299224854
2025-06-05 23:27:29,181 - log - INFO - iter:2700/8100, Original Acc@1: 0.41, Acc@5: 76.00, TTA Acc@1: 0.41, Acc@5: 76.00
2025-06-05 23:28:03,017 - log - INFO - iter:2720/8100, clip_acc1=0.6617647409439087, tta_acc1=0.6617647409439087
2025-06-05 23:28:03,017 - log - INFO - iter:2720/8100, Original Acc@1: 0.66, Acc@5: 76.10, TTA Acc@1: 0.66, Acc@5: 76.10
2025-06-05 23:28:36,645 - log - INFO - iter:2740/8100, clip_acc1=0.912408709526062, tta_acc1=0.912408709526062
2025-06-05 23:28:36,646 - log - INFO - iter:2740/8100, Original Acc@1: 0.91, Acc@5: 76.20, TTA Acc@1: 0.91, Acc@5: 76.20
2025-06-05 23:29:10,279 - log - INFO - iter:2760/8100, clip_acc1=1.2318841218948364, tta_acc1=1.2318841218948364
2025-06-05 23:29:10,279 - log - INFO - iter:2760/8100, Original Acc@1: 1.23, Acc@5: 76.34, TTA Acc@1: 1.23, Acc@5: 76.34
2025-06-05 23:29:44,041 - log - INFO - iter:2780/8100, clip_acc1=1.510791301727295, tta_acc1=1.510791301727295
2025-06-05 23:29:44,041 - log - INFO - iter:2780/8100, Original Acc@1: 1.51, Acc@5: 76.51, TTA Acc@1: 1.51, Acc@5: 76.51
2025-06-05 23:30:18,049 - log - INFO - iter:2800/8100, clip_acc1=1.8928570747375488, tta_acc1=1.8928570747375488
2025-06-05 23:30:18,050 - log - INFO - iter:2800/8100, Original Acc@1: 1.89, Acc@5: 76.57, TTA Acc@1: 1.89, Acc@5: 76.57
2025-06-05 23:30:51,844 - log - INFO - iter:2820/8100, clip_acc1=2.092198610305786, tta_acc1=2.092198610305786
2025-06-05 23:30:51,844 - log - INFO - iter:2820/8100, Original Acc@1: 2.09, Acc@5: 76.67, TTA Acc@1: 2.09, Acc@5: 76.67
2025-06-05 23:31:25,624 - log - INFO - iter:2840/8100, clip_acc1=2.2183098793029785, tta_acc1=2.2183098793029785
2025-06-05 23:31:25,624 - log - INFO - iter:2840/8100, Original Acc@1: 2.22, Acc@5: 76.76, TTA Acc@1: 2.22, Acc@5: 76.76
2025-06-05 23:31:59,406 - log - INFO - iter:2860/8100, clip_acc1=2.447552442550659, tta_acc1=2.447552442550659
2025-06-05 23:31:59,407 - log - INFO - iter:2860/8100, Original Acc@1: 2.45, Acc@5: 76.89, TTA Acc@1: 2.45, Acc@5: 76.89
2025-06-05 23:32:33,165 - log - INFO - iter:2880/8100, clip_acc1=2.743055582046509, tta_acc1=2.743055582046509
2025-06-05 23:32:33,166 - log - INFO - iter:2880/8100, Original Acc@1: 2.74, Acc@5: 76.94, TTA Acc@1: 2.74, Acc@5: 76.94
2025-06-05 23:33:06,833 - log - INFO - iter:2900/8100, clip_acc1=2.965517282485962, tta_acc1=2.965517282485962
2025-06-05 23:33:06,833 - log - INFO - iter:2900/8100, Original Acc@1: 2.97, Acc@5: 77.07, TTA Acc@1: 2.97, Acc@5: 77.07
2025-06-05 23:33:40,514 - log - INFO - iter:2920/8100, clip_acc1=3.2191781997680664, tta_acc1=3.2191781997680664
2025-06-05 23:33:40,514 - log - INFO - iter:2920/8100, Original Acc@1: 3.22, Acc@5: 77.19, TTA Acc@1: 3.22, Acc@5: 77.19
2025-06-05 23:34:14,201 - log - INFO - iter:2940/8100, clip_acc1=3.4353742599487305, tta_acc1=3.4353742599487305
2025-06-05 23:34:14,201 - log - INFO - iter:2940/8100, Original Acc@1: 3.44, Acc@5: 77.28, TTA Acc@1: 3.44, Acc@5: 77.28
2025-06-05 23:34:47,752 - log - INFO - iter:2960/8100, clip_acc1=3.6824324131011963, tta_acc1=3.6824324131011963
2025-06-05 23:34:47,752 - log - INFO - iter:2960/8100, Original Acc@1: 3.68, Acc@5: 77.36, TTA Acc@1: 3.68, Acc@5: 77.36
2025-06-05 23:35:21,412 - log - INFO - iter:2980/8100, clip_acc1=3.892617702484131, tta_acc1=3.892617702484131
2025-06-05 23:35:21,413 - log - INFO - iter:2980/8100, Original Acc@1: 3.89, Acc@5: 77.45, TTA Acc@1: 3.89, Acc@5: 77.45
2025-06-05 23:35:54,926 - log - INFO - iter:3000/8100, clip_acc1=4.233333110809326, tta_acc1=4.233333110809326
2025-06-05 23:35:54,927 - log - INFO - iter:3000/8100, Original Acc@1: 4.23, Acc@5: 77.57, TTA Acc@1: 4.23, Acc@5: 77.57
2025-06-05 23:36:28,564 - log - INFO - iter:3020/8100, clip_acc1=4.5033111572265625, tta_acc1=4.5033111572265625
2025-06-05 23:36:28,565 - log - INFO - iter:3020/8100, Original Acc@1: 4.50, Acc@5: 77.65, TTA Acc@1: 4.50, Acc@5: 77.65
2025-06-05 23:37:02,326 - log - INFO - iter:3040/8100, clip_acc1=4.7039475440979, tta_acc1=4.7039475440979
2025-06-05 23:37:02,326 - log - INFO - iter:3040/8100, Original Acc@1: 4.70, Acc@5: 77.80, TTA Acc@1: 4.70, Acc@5: 77.80
2025-06-05 23:37:36,122 - log - INFO - iter:3060/8100, clip_acc1=4.967320442199707, tta_acc1=4.967320442199707
2025-06-05 23:37:36,122 - log - INFO - iter:3060/8100, Original Acc@1: 4.97, Acc@5: 77.88, TTA Acc@1: 4.97, Acc@5: 77.88
2025-06-05 23:38:09,771 - log - INFO - iter:3080/8100, clip_acc1=5.162337779998779, tta_acc1=5.162337779998779
2025-06-05 23:38:09,771 - log - INFO - iter:3080/8100, Original Acc@1: 5.16, Acc@5: 77.99, TTA Acc@1: 5.16, Acc@5: 77.99
2025-06-05 23:38:43,482 - log - INFO - iter:3100/8100, clip_acc1=5.322580814361572, tta_acc1=5.322580814361572
2025-06-05 23:38:43,483 - log - INFO - iter:3100/8100, Original Acc@1: 5.32, Acc@5: 77.97, TTA Acc@1: 5.32, Acc@5: 77.97
2025-06-05 23:39:17,163 - log - INFO - iter:3120/8100, clip_acc1=5.384615421295166, tta_acc1=5.384615421295166
2025-06-05 23:39:17,163 - log - INFO - iter:3120/8100, Original Acc@1: 5.38, Acc@5: 78.04, TTA Acc@1: 5.38, Acc@5: 78.04
2025-06-05 23:39:50,932 - log - INFO - iter:3140/8100, clip_acc1=5.4777069091796875, tta_acc1=5.4777069091796875
2025-06-05 23:39:50,932 - log - INFO - iter:3140/8100, Original Acc@1: 5.48, Acc@5: 78.15, TTA Acc@1: 5.48, Acc@5: 78.15
2025-06-05 23:40:24,623 - log - INFO - iter:3160/8100, clip_acc1=5.727848052978516, tta_acc1=5.727848052978516
2025-06-05 23:40:24,623 - log - INFO - iter:3160/8100, Original Acc@1: 5.73, Acc@5: 78.26, TTA Acc@1: 5.73, Acc@5: 78.26
2025-06-05 23:40:58,481 - log - INFO - iter:3180/8100, clip_acc1=6.006289005279541, tta_acc1=6.006289005279541
2025-06-05 23:40:58,482 - log - INFO - iter:3180/8100, Original Acc@1: 6.01, Acc@5: 78.36, TTA Acc@1: 6.01, Acc@5: 78.36
2025-06-05 23:41:32,032 - log - INFO - iter:3200/8100, clip_acc1=6.09375, tta_acc1=6.09375
2025-06-05 23:41:32,032 - log - INFO - iter:3200/8100, Original Acc@1: 6.09, Acc@5: 78.41, TTA Acc@1: 6.09, Acc@5: 78.41
2025-06-05 23:42:05,702 - log - INFO - iter:3220/8100, clip_acc1=6.3354034423828125, tta_acc1=6.3354034423828125
2025-06-05 23:42:05,702 - log - INFO - iter:3220/8100, Original Acc@1: 6.34, Acc@5: 78.51, TTA Acc@1: 6.34, Acc@5: 78.51
2025-06-05 23:42:39,310 - log - INFO - iter:3240/8100, clip_acc1=6.543210029602051, tta_acc1=6.543210029602051
2025-06-05 23:42:39,310 - log - INFO - iter:3240/8100, Original Acc@1: 6.54, Acc@5: 78.46, TTA Acc@1: 6.54, Acc@5: 78.46
2025-06-05 23:43:13,011 - log - INFO - iter:3260/8100, clip_acc1=6.717791557312012, tta_acc1=6.717791557312012
2025-06-05 23:43:13,011 - log - INFO - iter:3260/8100, Original Acc@1: 6.72, Acc@5: 78.50, TTA Acc@1: 6.72, Acc@5: 78.50
2025-06-05 23:43:46,935 - log - INFO - iter:3280/8100, clip_acc1=6.79878044128418, tta_acc1=6.79878044128418
2025-06-05 23:43:46,935 - log - INFO - iter:3280/8100, Original Acc@1: 6.80, Acc@5: 78.57, TTA Acc@1: 6.80, Acc@5: 78.57
2025-06-05 23:44:20,794 - log - INFO - iter:3300/8100, clip_acc1=7.030303001403809, tta_acc1=7.030303001403809
2025-06-05 23:44:20,794 - log - INFO - iter:3300/8100, Original Acc@1: 7.03, Acc@5: 78.58, TTA Acc@1: 7.03, Acc@5: 78.58
2025-06-05 23:44:54,421 - log - INFO - iter:3320/8100, clip_acc1=7.168674945831299, tta_acc1=7.168674945831299
2025-06-05 23:44:54,422 - log - INFO - iter:3320/8100, Original Acc@1: 7.17, Acc@5: 78.61, TTA Acc@1: 7.17, Acc@5: 78.61
2025-06-05 23:45:28,228 - log - INFO - iter:3340/8100, clip_acc1=7.275449275970459, tta_acc1=7.275449275970459
2025-06-05 23:45:28,228 - log - INFO - iter:3340/8100, Original Acc@1: 7.28, Acc@5: 78.65, TTA Acc@1: 7.28, Acc@5: 78.65
2025-06-05 23:46:02,265 - log - INFO - iter:3360/8100, clip_acc1=7.2916669845581055, tta_acc1=7.2916669845581055
2025-06-05 23:46:02,266 - log - INFO - iter:3360/8100, Original Acc@1: 7.29, Acc@5: 78.69, TTA Acc@1: 7.29, Acc@5: 78.69
2025-06-05 23:46:36,561 - log - INFO - iter:3380/8100, clip_acc1=7.426035404205322, tta_acc1=7.426035404205322
2025-06-05 23:46:36,561 - log - INFO - iter:3380/8100, Original Acc@1: 7.43, Acc@5: 78.79, TTA Acc@1: 7.43, Acc@5: 78.79
2025-06-05 23:47:10,444 - log - INFO - iter:3400/8100, clip_acc1=7.588234901428223, tta_acc1=7.588234901428223
2025-06-05 23:47:10,444 - log - INFO - iter:3400/8100, Original Acc@1: 7.59, Acc@5: 78.76, TTA Acc@1: 7.59, Acc@5: 78.76
2025-06-05 23:47:44,200 - log - INFO - iter:3420/8100, clip_acc1=7.777777671813965, tta_acc1=7.777777671813965
2025-06-05 23:47:44,200 - log - INFO - iter:3420/8100, Original Acc@1: 7.78, Acc@5: 78.89, TTA Acc@1: 7.78, Acc@5: 78.89
2025-06-05 23:48:17,968 - log - INFO - iter:3440/8100, clip_acc1=7.936046600341797, tta_acc1=7.936046600341797
2025-06-05 23:48:17,968 - log - INFO - iter:3440/8100, Original Acc@1: 7.94, Acc@5: 79.01, TTA Acc@1: 7.94, Acc@5: 79.01
2025-06-05 23:48:51,790 - log - INFO - iter:3460/8100, clip_acc1=8.063583374023438, tta_acc1=8.063583374023438
2025-06-05 23:48:51,791 - log - INFO - iter:3460/8100, Original Acc@1: 8.06, Acc@5: 79.10, TTA Acc@1: 8.06, Acc@5: 79.10
2025-06-05 23:49:25,358 - log - INFO - iter:3480/8100, clip_acc1=8.419540405273438, tta_acc1=8.419540405273438
2025-06-05 23:49:25,359 - log - INFO - iter:3480/8100, Original Acc@1: 8.42, Acc@5: 79.22, TTA Acc@1: 8.42, Acc@5: 79.22
2025-06-05 23:49:58,922 - log - INFO - iter:3500/8100, clip_acc1=8.657142639160156, tta_acc1=8.657142639160156
2025-06-05 23:49:58,922 - log - INFO - iter:3500/8100, Original Acc@1: 8.66, Acc@5: 79.31, TTA Acc@1: 8.66, Acc@5: 79.31
2025-06-05 23:50:32,555 - log - INFO - iter:3520/8100, clip_acc1=8.94886302947998, tta_acc1=8.94886302947998
2025-06-05 23:50:32,556 - log - INFO - iter:3520/8100, Original Acc@1: 8.95, Acc@5: 79.43, TTA Acc@1: 8.95, Acc@5: 79.43
2025-06-05 23:51:06,240 - log - INFO - iter:3540/8100, clip_acc1=9.209039688110352, tta_acc1=9.209039688110352
2025-06-05 23:51:06,240 - log - INFO - iter:3540/8100, Original Acc@1: 9.21, Acc@5: 79.49, TTA Acc@1: 9.21, Acc@5: 79.49
2025-06-05 23:51:40,100 - log - INFO - iter:3560/8100, clip_acc1=9.522472381591797, tta_acc1=9.522472381591797
2025-06-05 23:51:40,100 - log - INFO - iter:3560/8100, Original Acc@1: 9.52, Acc@5: 79.58, TTA Acc@1: 9.52, Acc@5: 79.58
2025-06-05 23:52:13,744 - log - INFO - iter:3580/8100, clip_acc1=9.720669746398926, tta_acc1=9.720669746398926
2025-06-05 23:52:13,744 - log - INFO - iter:3580/8100, Original Acc@1: 9.72, Acc@5: 79.69, TTA Acc@1: 9.72, Acc@5: 79.69
2025-06-05 23:52:47,359 - log - INFO - iter:3600/8100, clip_acc1=10.027777671813965, tta_acc1=10.027777671813965
2025-06-05 23:52:47,359 - log - INFO - iter:3600/8100, Original Acc@1: 10.03, Acc@5: 79.81, TTA Acc@1: 10.03, Acc@5: 79.81
2025-06-05 23:53:21,120 - log - INFO - iter:3620/8100, clip_acc1=10.331491470336914, tta_acc1=10.331491470336914
2025-06-05 23:53:21,120 - log - INFO - iter:3620/8100, Original Acc@1: 10.33, Acc@5: 79.92, TTA Acc@1: 10.33, Acc@5: 79.92
2025-06-05 23:53:54,779 - log - INFO - iter:3640/8100, clip_acc1=10.576923370361328, tta_acc1=10.576923370361328
2025-06-05 23:53:54,779 - log - INFO - iter:3640/8100, Original Acc@1: 10.58, Acc@5: 80.03, TTA Acc@1: 10.58, Acc@5: 80.03
2025-06-05 23:54:28,351 - log - INFO - iter:3660/8100, clip_acc1=10.76502799987793, tta_acc1=10.76502799987793
2025-06-05 23:54:28,351 - log - INFO - iter:3660/8100, Original Acc@1: 10.77, Acc@5: 80.11, TTA Acc@1: 10.77, Acc@5: 80.11
2025-06-05 23:55:02,039 - log - INFO - iter:3680/8100, clip_acc1=10.978260040283203, tta_acc1=10.978260040283203
2025-06-05 23:55:02,040 - log - INFO - iter:3680/8100, Original Acc@1: 10.98, Acc@5: 80.22, TTA Acc@1: 10.98, Acc@5: 80.22
2025-06-05 23:55:35,874 - log - INFO - iter:3700/8100, clip_acc1=11.243243217468262, tta_acc1=11.243243217468262
2025-06-05 23:55:35,874 - log - INFO - iter:3700/8100, Original Acc@1: 11.24, Acc@5: 80.32, TTA Acc@1: 11.24, Acc@5: 80.32
2025-06-05 23:56:09,505 - log - INFO - iter:3720/8100, clip_acc1=11.478494644165039, tta_acc1=11.478494644165039
2025-06-05 23:56:09,505 - log - INFO - iter:3720/8100, Original Acc@1: 11.48, Acc@5: 80.40, TTA Acc@1: 11.48, Acc@5: 80.40
2025-06-05 23:56:43,091 - log - INFO - iter:3740/8100, clip_acc1=11.737968444824219, tta_acc1=11.737968444824219
2025-06-05 23:56:43,091 - log - INFO - iter:3740/8100, Original Acc@1: 11.74, Acc@5: 80.48, TTA Acc@1: 11.74, Acc@5: 80.48
2025-06-05 23:57:16,826 - log - INFO - iter:3760/8100, clip_acc1=11.888297080993652, tta_acc1=11.888297080993652
2025-06-05 23:57:16,827 - log - INFO - iter:3760/8100, Original Acc@1: 11.89, Acc@5: 80.59, TTA Acc@1: 11.89, Acc@5: 80.59
2025-06-05 23:57:50,741 - log - INFO - iter:3780/8100, clip_acc1=12.010581970214844, tta_acc1=12.010581970214844
2025-06-05 23:57:50,741 - log - INFO - iter:3780/8100, Original Acc@1: 12.01, Acc@5: 80.69, TTA Acc@1: 12.01, Acc@5: 80.69
2025-06-05 23:58:24,552 - log - INFO - iter:3800/8100, clip_acc1=12.289473533630371, tta_acc1=12.289473533630371
2025-06-05 23:58:24,552 - log - INFO - iter:3800/8100, Original Acc@1: 12.29, Acc@5: 80.76, TTA Acc@1: 12.29, Acc@5: 80.76
2025-06-05 23:58:58,361 - log - INFO - iter:3820/8100, clip_acc1=12.565444946289062, tta_acc1=12.565444946289062
2025-06-05 23:58:58,361 - log - INFO - iter:3820/8100, Original Acc@1: 12.57, Acc@5: 80.86, TTA Acc@1: 12.57, Acc@5: 80.86
2025-06-05 23:59:32,116 - log - INFO - iter:3840/8100, clip_acc1=12.812500953674316, tta_acc1=12.812500953674316
2025-06-05 23:59:32,116 - log - INFO - iter:3840/8100, Original Acc@1: 12.81, Acc@5: 80.94, TTA Acc@1: 12.81, Acc@5: 80.94
2025-06-06 00:00:05,817 - log - INFO - iter:3860/8100, clip_acc1=13.031088829040527, tta_acc1=13.031088829040527
2025-06-06 00:00:05,818 - log - INFO - iter:3860/8100, Original Acc@1: 13.03, Acc@5: 81.04, TTA Acc@1: 13.03, Acc@5: 81.04
2025-06-06 00:00:39,492 - log - INFO - iter:3880/8100, clip_acc1=13.27319622039795, tta_acc1=13.27319622039795
2025-06-06 00:00:39,492 - log - INFO - iter:3880/8100, Original Acc@1: 13.27, Acc@5: 81.13, TTA Acc@1: 13.27, Acc@5: 81.13
2025-06-06 00:01:13,180 - log - INFO - iter:3900/8100, clip_acc1=13.51282024383545, tta_acc1=13.51282024383545
2025-06-06 00:01:13,180 - log - INFO - iter:3900/8100, Original Acc@1: 13.51, Acc@5: 81.23, TTA Acc@1: 13.51, Acc@5: 81.23
2025-06-06 00:01:46,942 - log - INFO - iter:3920/8100, clip_acc1=13.77550983428955, tta_acc1=13.77550983428955
2025-06-06 00:01:46,942 - log - INFO - iter:3920/8100, Original Acc@1: 13.78, Acc@5: 81.33, TTA Acc@1: 13.78, Acc@5: 81.33
2025-06-06 00:02:20,582 - log - INFO - iter:3940/8100, clip_acc1=13.984771728515625, tta_acc1=13.984771728515625
2025-06-06 00:02:20,583 - log - INFO - iter:3940/8100, Original Acc@1: 13.98, Acc@5: 81.42, TTA Acc@1: 13.98, Acc@5: 81.42
2025-06-06 00:02:54,335 - log - INFO - iter:3960/8100, clip_acc1=14.292929649353027, tta_acc1=14.292929649353027
2025-06-06 00:02:54,335 - log - INFO - iter:3960/8100, Original Acc@1: 14.29, Acc@5: 81.49, TTA Acc@1: 14.29, Acc@5: 81.49
2025-06-06 00:03:27,969 - log - INFO - iter:3980/8100, clip_acc1=14.422110557556152, tta_acc1=14.422110557556152
2025-06-06 00:03:27,969 - log - INFO - iter:3980/8100, Original Acc@1: 14.42, Acc@5: 81.56, TTA Acc@1: 14.42, Acc@5: 81.56
2025-06-06 00:04:01,569 - log - INFO - iter:4000/8100, clip_acc1=14.625000953674316, tta_acc1=14.625000953674316
2025-06-06 00:04:01,569 - log - INFO - iter:4000/8100, Original Acc@1: 14.63, Acc@5: 81.65, TTA Acc@1: 14.63, Acc@5: 81.65
2025-06-06 00:04:35,327 - log - INFO - iter:4020/8100, clip_acc1=14.875622749328613, tta_acc1=14.875622749328613
2025-06-06 00:04:35,327 - log - INFO - iter:4020/8100, Original Acc@1: 14.88, Acc@5: 81.74, TTA Acc@1: 14.88, Acc@5: 81.74
2025-06-06 00:05:09,077 - log - INFO - iter:4040/8100, clip_acc1=15.024752616882324, tta_acc1=15.024752616882324
2025-06-06 00:05:09,078 - log - INFO - iter:4040/8100, Original Acc@1: 15.02, Acc@5: 81.78, TTA Acc@1: 15.02, Acc@5: 81.78
2025-06-06 00:05:43,597 - log - INFO - iter:4060/8100, clip_acc1=15.270936012268066, tta_acc1=15.270936012268066
2025-06-06 00:05:43,597 - log - INFO - iter:4060/8100, Original Acc@1: 15.27, Acc@5: 81.82, TTA Acc@1: 15.27, Acc@5: 81.82
2025-06-06 00:06:17,782 - log - INFO - iter:4080/8100, clip_acc1=15.5147066116333, tta_acc1=15.5147066116333
2025-06-06 00:06:17,782 - log - INFO - iter:4080/8100, Original Acc@1: 15.51, Acc@5: 81.89, TTA Acc@1: 15.51, Acc@5: 81.89
2025-06-06 00:06:51,545 - log - INFO - iter:4100/8100, clip_acc1=15.731707572937012, tta_acc1=15.731707572937012
2025-06-06 00:06:51,545 - log - INFO - iter:4100/8100, Original Acc@1: 15.73, Acc@5: 81.95, TTA Acc@1: 15.73, Acc@5: 81.95
2025-06-06 00:07:25,128 - log - INFO - iter:4120/8100, clip_acc1=15.946601867675781, tta_acc1=15.946601867675781
2025-06-06 00:07:25,128 - log - INFO - iter:4120/8100, Original Acc@1: 15.95, Acc@5: 82.04, TTA Acc@1: 15.95, Acc@5: 82.04
2025-06-06 00:07:58,848 - log - INFO - iter:4140/8100, clip_acc1=16.20772933959961, tta_acc1=16.20772933959961
2025-06-06 00:07:58,849 - log - INFO - iter:4140/8100, Original Acc@1: 16.21, Acc@5: 82.13, TTA Acc@1: 16.21, Acc@5: 82.13
2025-06-06 00:08:32,429 - log - INFO - iter:4160/8100, clip_acc1=16.37019157409668, tta_acc1=16.37019157409668
2025-06-06 00:08:32,429 - log - INFO - iter:4160/8100, Original Acc@1: 16.37, Acc@5: 82.19, TTA Acc@1: 16.37, Acc@5: 82.19
2025-06-06 00:09:06,262 - log - INFO - iter:4180/8100, clip_acc1=16.674640655517578, tta_acc1=16.674640655517578
2025-06-06 00:09:06,262 - log - INFO - iter:4180/8100, Original Acc@1: 16.67, Acc@5: 82.22, TTA Acc@1: 16.67, Acc@5: 82.22
2025-06-06 00:09:39,880 - log - INFO - iter:4200/8100, clip_acc1=16.928571701049805, tta_acc1=16.928571701049805
2025-06-06 00:09:39,880 - log - INFO - iter:4200/8100, Original Acc@1: 16.93, Acc@5: 82.29, TTA Acc@1: 16.93, Acc@5: 82.29
2025-06-06 00:10:13,547 - log - INFO - iter:4220/8100, clip_acc1=16.84834098815918, tta_acc1=16.84834098815918
2025-06-06 00:10:13,547 - log - INFO - iter:4220/8100, Original Acc@1: 16.85, Acc@5: 82.16, TTA Acc@1: 16.85, Acc@5: 82.16
2025-06-06 00:10:47,308 - log - INFO - iter:4240/8100, clip_acc1=16.76886749267578, tta_acc1=16.76886749267578
2025-06-06 00:10:47,308 - log - INFO - iter:4240/8100, Original Acc@1: 16.77, Acc@5: 82.00, TTA Acc@1: 16.77, Acc@5: 82.00
2025-06-06 00:11:21,294 - log - INFO - iter:4260/8100, clip_acc1=16.690141677856445, tta_acc1=16.690141677856445
2025-06-06 00:11:21,294 - log - INFO - iter:4260/8100, Original Acc@1: 16.69, Acc@5: 81.92, TTA Acc@1: 16.69, Acc@5: 81.92
2025-06-06 00:11:55,079 - log - INFO - iter:4280/8100, clip_acc1=16.612150192260742, tta_acc1=16.612150192260742
2025-06-06 00:11:55,079 - log - INFO - iter:4280/8100, Original Acc@1: 16.61, Acc@5: 81.78, TTA Acc@1: 16.61, Acc@5: 81.78
2025-06-06 00:12:28,870 - log - INFO - iter:4300/8100, clip_acc1=16.534883499145508, tta_acc1=16.534883499145508
2025-06-06 00:12:28,870 - log - INFO - iter:4300/8100, Original Acc@1: 16.53, Acc@5: 81.58, TTA Acc@1: 16.53, Acc@5: 81.58
2025-06-06 00:13:02,716 - log - INFO - iter:4320/8100, clip_acc1=16.45833396911621, tta_acc1=16.45833396911621
2025-06-06 00:13:02,716 - log - INFO - iter:4320/8100, Original Acc@1: 16.46, Acc@5: 81.48, TTA Acc@1: 16.46, Acc@5: 81.48
2025-06-06 00:13:36,428 - log - INFO - iter:4340/8100, clip_acc1=16.382488250732422, tta_acc1=16.382488250732422
2025-06-06 00:13:36,428 - log - INFO - iter:4340/8100, Original Acc@1: 16.38, Acc@5: 81.43, TTA Acc@1: 16.38, Acc@5: 81.43
2025-06-06 00:14:10,066 - log - INFO - iter:4360/8100, clip_acc1=16.30733871459961, tta_acc1=16.30733871459961
2025-06-06 00:14:10,067 - log - INFO - iter:4360/8100, Original Acc@1: 16.31, Acc@5: 81.42, TTA Acc@1: 16.31, Acc@5: 81.42
2025-06-06 00:14:43,752 - log - INFO - iter:4380/8100, clip_acc1=16.23287582397461, tta_acc1=16.23287582397461
2025-06-06 00:14:43,752 - log - INFO - iter:4380/8100, Original Acc@1: 16.23, Acc@5: 81.26, TTA Acc@1: 16.23, Acc@5: 81.26
2025-06-06 00:15:17,550 - log - INFO - iter:4400/8100, clip_acc1=16.15909194946289, tta_acc1=16.15909194946289
2025-06-06 00:15:17,551 - log - INFO - iter:4400/8100, Original Acc@1: 16.16, Acc@5: 81.18, TTA Acc@1: 16.16, Acc@5: 81.18
2025-06-06 00:15:51,211 - log - INFO - iter:4420/8100, clip_acc1=16.085973739624023, tta_acc1=16.085973739624023
2025-06-06 00:15:51,211 - log - INFO - iter:4420/8100, Original Acc@1: 16.09, Acc@5: 81.02, TTA Acc@1: 16.09, Acc@5: 81.02
2025-06-06 00:16:25,036 - log - INFO - iter:4440/8100, clip_acc1=16.013513565063477, tta_acc1=16.013513565063477
2025-06-06 00:16:25,036 - log - INFO - iter:4440/8100, Original Acc@1: 16.01, Acc@5: 80.95, TTA Acc@1: 16.01, Acc@5: 80.95
2025-06-06 00:16:58,797 - log - INFO - iter:4460/8100, clip_acc1=15.941703796386719, tta_acc1=15.941703796386719
2025-06-06 00:16:58,797 - log - INFO - iter:4460/8100, Original Acc@1: 15.94, Acc@5: 80.90, TTA Acc@1: 15.94, Acc@5: 80.90
2025-06-06 00:17:32,471 - log - INFO - iter:4480/8100, clip_acc1=15.870535850524902, tta_acc1=15.870535850524902
2025-06-06 00:17:32,471 - log - INFO - iter:4480/8100, Original Acc@1: 15.87, Acc@5: 80.76, TTA Acc@1: 15.87, Acc@5: 80.76
2025-06-06 00:18:06,165 - log - INFO - iter:4500/8100, clip_acc1=15.800000190734863, tta_acc1=15.800000190734863
2025-06-06 00:18:06,166 - log - INFO - iter:4500/8100, Original Acc@1: 15.80, Acc@5: 80.60, TTA Acc@1: 15.80, Acc@5: 80.60
2025-06-06 00:18:39,889 - log - INFO - iter:4520/8100, clip_acc1=15.730088233947754, tta_acc1=15.730088233947754
2025-06-06 00:18:39,890 - log - INFO - iter:4520/8100, Original Acc@1: 15.73, Acc@5: 80.38, TTA Acc@1: 15.73, Acc@5: 80.38
2025-06-06 00:19:13,607 - log - INFO - iter:4540/8100, clip_acc1=15.66079330444336, tta_acc1=15.66079330444336
2025-06-06 00:19:13,607 - log - INFO - iter:4540/8100, Original Acc@1: 15.66, Acc@5: 80.33, TTA Acc@1: 15.66, Acc@5: 80.33
2025-06-06 00:19:47,234 - log - INFO - iter:4560/8100, clip_acc1=15.592105865478516, tta_acc1=15.592105865478516
2025-06-06 00:19:47,235 - log - INFO - iter:4560/8100, Original Acc@1: 15.59, Acc@5: 80.18, TTA Acc@1: 15.59, Acc@5: 80.18
2025-06-06 00:20:20,979 - log - INFO - iter:4580/8100, clip_acc1=15.524018287658691, tta_acc1=15.524018287658691
2025-06-06 00:20:20,979 - log - INFO - iter:4580/8100, Original Acc@1: 15.52, Acc@5: 80.09, TTA Acc@1: 15.52, Acc@5: 80.09
2025-06-06 00:20:54,595 - log - INFO - iter:4600/8100, clip_acc1=15.456521987915039, tta_acc1=15.456521987915039
2025-06-06 00:20:54,595 - log - INFO - iter:4600/8100, Original Acc@1: 15.46, Acc@5: 79.87, TTA Acc@1: 15.46, Acc@5: 79.87
2025-06-06 00:21:28,264 - log - INFO - iter:4620/8100, clip_acc1=15.38961124420166, tta_acc1=15.38961124420166
2025-06-06 00:21:28,264 - log - INFO - iter:4620/8100, Original Acc@1: 15.39, Acc@5: 79.85, TTA Acc@1: 15.39, Acc@5: 79.85
2025-06-06 00:22:01,882 - log - INFO - iter:4640/8100, clip_acc1=15.323275566101074, tta_acc1=15.323275566101074
2025-06-06 00:22:01,883 - log - INFO - iter:4640/8100, Original Acc@1: 15.32, Acc@5: 79.72, TTA Acc@1: 15.32, Acc@5: 79.72
2025-06-06 00:22:36,964 - log - INFO - iter:4660/8100, clip_acc1=15.257511138916016, tta_acc1=15.257511138916016
2025-06-06 00:22:36,964 - log - INFO - iter:4660/8100, Original Acc@1: 15.26, Acc@5: 79.61, TTA Acc@1: 15.26, Acc@5: 79.61
2025-06-06 00:23:11,386 - log - INFO - iter:4680/8100, clip_acc1=15.192307472229004, tta_acc1=15.192307472229004
2025-06-06 00:23:11,386 - log - INFO - iter:4680/8100, Original Acc@1: 15.19, Acc@5: 79.51, TTA Acc@1: 15.19, Acc@5: 79.51
2025-06-06 00:23:46,104 - log - INFO - iter:4700/8100, clip_acc1=15.12765884399414, tta_acc1=15.12765884399414
2025-06-06 00:23:46,104 - log - INFO - iter:4700/8100, Original Acc@1: 15.13, Acc@5: 79.43, TTA Acc@1: 15.13, Acc@5: 79.43
2025-06-06 00:24:19,871 - log - INFO - iter:4720/8100, clip_acc1=15.063559532165527, tta_acc1=15.063559532165527
2025-06-06 00:24:19,871 - log - INFO - iter:4720/8100, Original Acc@1: 15.06, Acc@5: 79.28, TTA Acc@1: 15.06, Acc@5: 79.28
2025-06-06 00:24:53,848 - log - INFO - iter:4740/8100, clip_acc1=15.0, tta_acc1=15.0
2025-06-06 00:24:53,848 - log - INFO - iter:4740/8100, Original Acc@1: 15.00, Acc@5: 79.14, TTA Acc@1: 15.00, Acc@5: 79.14
2025-06-06 00:25:27,691 - log - INFO - iter:4760/8100, clip_acc1=14.93697452545166, tta_acc1=14.93697452545166
2025-06-06 00:25:27,691 - log - INFO - iter:4760/8100, Original Acc@1: 14.94, Acc@5: 78.95, TTA Acc@1: 14.94, Acc@5: 78.95
2025-06-06 00:26:01,318 - log - INFO - iter:4780/8100, clip_acc1=14.87447738647461, tta_acc1=14.87447738647461
2025-06-06 00:26:01,318 - log - INFO - iter:4780/8100, Original Acc@1: 14.87, Acc@5: 78.79, TTA Acc@1: 14.87, Acc@5: 78.79
2025-06-06 00:26:35,323 - log - INFO - iter:4800/8100, clip_acc1=14.8125, tta_acc1=14.8125
2025-06-06 00:26:35,323 - log - INFO - iter:4800/8100, Original Acc@1: 14.81, Acc@5: 78.67, TTA Acc@1: 14.81, Acc@5: 78.67
2025-06-06 00:27:09,016 - log - INFO - iter:4820/8100, clip_acc1=15.082987785339355, tta_acc1=15.082987785339355
2025-06-06 00:27:09,017 - log - INFO - iter:4820/8100, Original Acc@1: 15.08, Acc@5: 78.76, TTA Acc@1: 15.08, Acc@5: 78.76
2025-06-06 00:27:42,414 - log - INFO - iter:4840/8100, clip_acc1=15.330578804016113, tta_acc1=15.330578804016113
2025-06-06 00:27:42,415 - log - INFO - iter:4840/8100, Original Acc@1: 15.33, Acc@5: 78.84, TTA Acc@1: 15.33, Acc@5: 78.84
2025-06-06 00:28:16,095 - log - INFO - iter:4860/8100, clip_acc1=15.637860298156738, tta_acc1=15.637860298156738
2025-06-06 00:28:16,095 - log - INFO - iter:4860/8100, Original Acc@1: 15.64, Acc@5: 78.93, TTA Acc@1: 15.64, Acc@5: 78.93
2025-06-06 00:28:49,635 - log - INFO - iter:4880/8100, clip_acc1=15.922131538391113, tta_acc1=15.922131538391113
2025-06-06 00:28:49,636 - log - INFO - iter:4880/8100, Original Acc@1: 15.92, Acc@5: 79.02, TTA Acc@1: 15.92, Acc@5: 79.02
2025-06-06 00:29:23,054 - log - INFO - iter:4900/8100, clip_acc1=16.14285659790039, tta_acc1=16.14285659790039
2025-06-06 00:29:23,054 - log - INFO - iter:4900/8100, Original Acc@1: 16.14, Acc@5: 79.10, TTA Acc@1: 16.14, Acc@5: 79.10
2025-06-06 00:29:56,663 - log - INFO - iter:4920/8100, clip_acc1=16.382112503051758, tta_acc1=16.382112503051758
2025-06-06 00:29:56,663 - log - INFO - iter:4920/8100, Original Acc@1: 16.38, Acc@5: 79.19, TTA Acc@1: 16.38, Acc@5: 79.19
2025-06-06 00:30:29,944 - log - INFO - iter:4940/8100, clip_acc1=16.6599178314209, tta_acc1=16.6599178314209
2025-06-06 00:30:29,944 - log - INFO - iter:4940/8100, Original Acc@1: 16.66, Acc@5: 79.27, TTA Acc@1: 16.66, Acc@5: 79.27
2025-06-06 00:31:03,384 - log - INFO - iter:4960/8100, clip_acc1=16.995967864990234, tta_acc1=16.995967864990234
2025-06-06 00:31:03,384 - log - INFO - iter:4960/8100, Original Acc@1: 17.00, Acc@5: 79.35, TTA Acc@1: 17.00, Acc@5: 79.35
2025-06-06 00:31:36,971 - log - INFO - iter:4980/8100, clip_acc1=17.22891616821289, tta_acc1=17.22891616821289
2025-06-06 00:31:36,972 - log - INFO - iter:4980/8100, Original Acc@1: 17.23, Acc@5: 79.42, TTA Acc@1: 17.23, Acc@5: 79.42
2025-06-06 00:32:10,452 - log - INFO - iter:5000/8100, clip_acc1=17.399999618530273, tta_acc1=17.399999618530273
2025-06-06 00:32:10,452 - log - INFO - iter:5000/8100, Original Acc@1: 17.40, Acc@5: 79.50, TTA Acc@1: 17.40, Acc@5: 79.50
2025-06-06 00:32:44,088 - log - INFO - iter:5020/8100, clip_acc1=17.68924331665039, tta_acc1=17.68924331665039
2025-06-06 00:32:44,089 - log - INFO - iter:5020/8100, Original Acc@1: 17.69, Acc@5: 79.58, TTA Acc@1: 17.69, Acc@5: 79.58
2025-06-06 00:33:17,658 - log - INFO - iter:5040/8100, clip_acc1=17.956350326538086, tta_acc1=17.956350326538086
2025-06-06 00:33:17,659 - log - INFO - iter:5040/8100, Original Acc@1: 17.96, Acc@5: 79.66, TTA Acc@1: 17.96, Acc@5: 79.66
2025-06-06 00:33:51,232 - log - INFO - iter:5060/8100, clip_acc1=18.201580047607422, tta_acc1=18.201580047607422
2025-06-06 00:33:51,232 - log - INFO - iter:5060/8100, Original Acc@1: 18.20, Acc@5: 79.74, TTA Acc@1: 18.20, Acc@5: 79.74
2025-06-06 00:34:25,937 - log - INFO - iter:5080/8100, clip_acc1=18.464567184448242, tta_acc1=18.464567184448242
2025-06-06 00:34:25,938 - log - INFO - iter:5080/8100, Original Acc@1: 18.46, Acc@5: 79.82, TTA Acc@1: 18.46, Acc@5: 79.82
2025-06-06 00:34:59,772 - log - INFO - iter:5100/8100, clip_acc1=18.745098114013672, tta_acc1=18.745098114013672
2025-06-06 00:34:59,772 - log - INFO - iter:5100/8100, Original Acc@1: 18.75, Acc@5: 79.90, TTA Acc@1: 18.75, Acc@5: 79.90
2025-06-06 00:35:33,470 - log - INFO - iter:5120/8100, clip_acc1=19.0234375, tta_acc1=19.0234375
2025-06-06 00:35:33,470 - log - INFO - iter:5120/8100, Original Acc@1: 19.02, Acc@5: 79.98, TTA Acc@1: 19.02, Acc@5: 79.98
2025-06-06 00:36:07,092 - log - INFO - iter:5140/8100, clip_acc1=19.24124526977539, tta_acc1=19.24124526977539
2025-06-06 00:36:07,092 - log - INFO - iter:5140/8100, Original Acc@1: 19.24, Acc@5: 80.06, TTA Acc@1: 19.24, Acc@5: 80.06
2025-06-06 00:36:40,768 - log - INFO - iter:5160/8100, clip_acc1=19.437984466552734, tta_acc1=19.437984466552734
2025-06-06 00:36:40,768 - log - INFO - iter:5160/8100, Original Acc@1: 19.44, Acc@5: 80.14, TTA Acc@1: 19.44, Acc@5: 80.14
2025-06-06 00:37:14,310 - log - INFO - iter:5180/8100, clip_acc1=19.67181396484375, tta_acc1=19.67181396484375
2025-06-06 00:37:14,310 - log - INFO - iter:5180/8100, Original Acc@1: 19.67, Acc@5: 80.21, TTA Acc@1: 19.67, Acc@5: 80.21
2025-06-06 00:37:48,000 - log - INFO - iter:5200/8100, clip_acc1=19.94230842590332, tta_acc1=19.94230842590332
2025-06-06 00:37:48,001 - log - INFO - iter:5200/8100, Original Acc@1: 19.94, Acc@5: 80.29, TTA Acc@1: 19.94, Acc@5: 80.29
2025-06-06 00:38:21,581 - log - INFO - iter:5220/8100, clip_acc1=20.191572189331055, tta_acc1=20.191572189331055
2025-06-06 00:38:21,582 - log - INFO - iter:5220/8100, Original Acc@1: 20.19, Acc@5: 80.36, TTA Acc@1: 20.19, Acc@5: 80.36
2025-06-06 00:38:55,373 - log - INFO - iter:5240/8100, clip_acc1=20.43893051147461, tta_acc1=20.43893051147461
2025-06-06 00:38:55,373 - log - INFO - iter:5240/8100, Original Acc@1: 20.44, Acc@5: 80.44, TTA Acc@1: 20.44, Acc@5: 80.44
2025-06-06 00:39:29,138 - log - INFO - iter:5260/8100, clip_acc1=20.6653995513916, tta_acc1=20.6653995513916
2025-06-06 00:39:29,139 - log - INFO - iter:5260/8100, Original Acc@1: 20.67, Acc@5: 80.51, TTA Acc@1: 20.67, Acc@5: 80.51
2025-06-06 00:40:02,750 - log - INFO - iter:5280/8100, clip_acc1=20.852272033691406, tta_acc1=20.852272033691406
2025-06-06 00:40:02,750 - log - INFO - iter:5280/8100, Original Acc@1: 20.85, Acc@5: 80.59, TTA Acc@1: 20.85, Acc@5: 80.59
2025-06-06 00:40:36,307 - log - INFO - iter:5300/8100, clip_acc1=21.075471878051758, tta_acc1=21.075471878051758
2025-06-06 00:40:36,307 - log - INFO - iter:5300/8100, Original Acc@1: 21.08, Acc@5: 80.66, TTA Acc@1: 21.08, Acc@5: 80.66
2025-06-06 00:41:09,886 - log - INFO - iter:5320/8100, clip_acc1=21.296993255615234, tta_acc1=21.296993255615234
2025-06-06 00:41:09,886 - log - INFO - iter:5320/8100, Original Acc@1: 21.30, Acc@5: 80.73, TTA Acc@1: 21.30, Acc@5: 80.73
2025-06-06 00:41:43,498 - log - INFO - iter:5340/8100, clip_acc1=21.591760635375977, tta_acc1=21.591760635375977
2025-06-06 00:41:43,499 - log - INFO - iter:5340/8100, Original Acc@1: 21.59, Acc@5: 80.81, TTA Acc@1: 21.59, Acc@5: 80.81
2025-06-06 00:42:17,116 - log - INFO - iter:5360/8100, clip_acc1=21.828357696533203, tta_acc1=21.828357696533203
2025-06-06 00:42:17,117 - log - INFO - iter:5360/8100, Original Acc@1: 21.83, Acc@5: 80.86, TTA Acc@1: 21.83, Acc@5: 80.86
2025-06-06 00:42:50,757 - log - INFO - iter:5380/8100, clip_acc1=22.007434844970703, tta_acc1=22.007434844970703
2025-06-06 00:42:50,757 - log - INFO - iter:5380/8100, Original Acc@1: 22.01, Acc@5: 80.93, TTA Acc@1: 22.01, Acc@5: 80.93
2025-06-06 00:43:24,586 - log - INFO - iter:5400/8100, clip_acc1=22.185184478759766, tta_acc1=22.185184478759766
2025-06-06 00:43:24,586 - log - INFO - iter:5400/8100, Original Acc@1: 22.19, Acc@5: 81.00, TTA Acc@1: 22.19, Acc@5: 81.00
2025-06-06 00:43:58,235 - log - INFO - iter:5420/8100, clip_acc1=22.416973114013672, tta_acc1=22.416973114013672
2025-06-06 00:43:58,236 - log - INFO - iter:5420/8100, Original Acc@1: 22.42, Acc@5: 81.07, TTA Acc@1: 22.42, Acc@5: 81.07
2025-06-06 00:44:31,893 - log - INFO - iter:5440/8100, clip_acc1=22.610294342041016, tta_acc1=22.610294342041016
2025-06-06 00:44:31,894 - log - INFO - iter:5440/8100, Original Acc@1: 22.61, Acc@5: 81.14, TTA Acc@1: 22.61, Acc@5: 81.14
2025-06-06 00:45:05,636 - log - INFO - iter:5460/8100, clip_acc1=22.820512771606445, tta_acc1=22.820512771606445
2025-06-06 00:45:05,636 - log - INFO - iter:5460/8100, Original Acc@1: 22.82, Acc@5: 81.21, TTA Acc@1: 22.82, Acc@5: 81.21
2025-06-06 00:45:39,282 - log - INFO - iter:5480/8100, clip_acc1=23.047443389892578, tta_acc1=23.047443389892578
2025-06-06 00:45:39,283 - log - INFO - iter:5480/8100, Original Acc@1: 23.05, Acc@5: 81.28, TTA Acc@1: 23.05, Acc@5: 81.28
2025-06-06 00:46:12,981 - log - INFO - iter:5500/8100, clip_acc1=23.30908966064453, tta_acc1=23.30908966064453
2025-06-06 00:46:12,981 - log - INFO - iter:5500/8100, Original Acc@1: 23.31, Acc@5: 81.35, TTA Acc@1: 23.31, Acc@5: 81.35
2025-06-06 00:46:46,642 - log - INFO - iter:5520/8100, clip_acc1=23.5688419342041, tta_acc1=23.5688419342041
2025-06-06 00:46:46,642 - log - INFO - iter:5520/8100, Original Acc@1: 23.57, Acc@5: 81.41, TTA Acc@1: 23.57, Acc@5: 81.41
2025-06-06 00:47:20,251 - log - INFO - iter:5540/8100, clip_acc1=23.772563934326172, tta_acc1=23.772563934326172
2025-06-06 00:47:20,251 - log - INFO - iter:5540/8100, Original Acc@1: 23.77, Acc@5: 81.48, TTA Acc@1: 23.77, Acc@5: 81.48
2025-06-06 00:47:53,818 - log - INFO - iter:5560/8100, clip_acc1=23.848920822143555, tta_acc1=23.848920822143555
2025-06-06 00:47:53,818 - log - INFO - iter:5560/8100, Original Acc@1: 23.85, Acc@5: 81.40, TTA Acc@1: 23.85, Acc@5: 81.40
2025-06-06 00:48:27,539 - log - INFO - iter:5580/8100, clip_acc1=23.763439178466797, tta_acc1=23.763439178466797
2025-06-06 00:48:27,539 - log - INFO - iter:5580/8100, Original Acc@1: 23.76, Acc@5: 81.18, TTA Acc@1: 23.76, Acc@5: 81.18
2025-06-06 00:49:01,156 - log - INFO - iter:5600/8100, clip_acc1=23.678571701049805, tta_acc1=23.678571701049805
2025-06-06 00:49:01,157 - log - INFO - iter:5600/8100, Original Acc@1: 23.68, Acc@5: 80.93, TTA Acc@1: 23.68, Acc@5: 80.93
2025-06-06 00:49:35,140 - log - INFO - iter:5620/8100, clip_acc1=23.59430694580078, tta_acc1=23.59430694580078
2025-06-06 00:49:35,141 - log - INFO - iter:5620/8100, Original Acc@1: 23.59, Acc@5: 80.71, TTA Acc@1: 23.59, Acc@5: 80.71
2025-06-06 00:50:09,131 - log - INFO - iter:5640/8100, clip_acc1=23.510637283325195, tta_acc1=23.510637283325195
2025-06-06 00:50:09,131 - log - INFO - iter:5640/8100, Original Acc@1: 23.51, Acc@5: 80.48, TTA Acc@1: 23.51, Acc@5: 80.48
2025-06-06 00:50:42,759 - log - INFO - iter:5660/8100, clip_acc1=23.427560806274414, tta_acc1=23.427560806274414
2025-06-06 00:50:42,760 - log - INFO - iter:5660/8100, Original Acc@1: 23.43, Acc@5: 80.23, TTA Acc@1: 23.43, Acc@5: 80.23
2025-06-06 00:51:16,393 - log - INFO - iter:5680/8100, clip_acc1=23.362674713134766, tta_acc1=23.362674713134766
2025-06-06 00:51:16,393 - log - INFO - iter:5680/8100, Original Acc@1: 23.36, Acc@5: 80.02, TTA Acc@1: 23.36, Acc@5: 80.02
2025-06-06 00:51:50,236 - log - INFO - iter:5700/8100, clip_acc1=23.280702590942383, tta_acc1=23.280702590942383
2025-06-06 00:51:50,236 - log - INFO - iter:5700/8100, Original Acc@1: 23.28, Acc@5: 79.79, TTA Acc@1: 23.28, Acc@5: 79.79
2025-06-06 00:52:23,784 - log - INFO - iter:5720/8100, clip_acc1=23.19930076599121, tta_acc1=23.19930076599121
2025-06-06 00:52:23,784 - log - INFO - iter:5720/8100, Original Acc@1: 23.20, Acc@5: 79.58, TTA Acc@1: 23.20, Acc@5: 79.58
2025-06-06 00:52:57,435 - log - INFO - iter:5740/8100, clip_acc1=23.135887145996094, tta_acc1=23.135887145996094
2025-06-06 00:52:57,435 - log - INFO - iter:5740/8100, Original Acc@1: 23.14, Acc@5: 79.39, TTA Acc@1: 23.14, Acc@5: 79.39
2025-06-06 00:53:31,027 - log - INFO - iter:5760/8100, clip_acc1=23.05555534362793, tta_acc1=23.05555534362793
2025-06-06 00:53:31,027 - log - INFO - iter:5760/8100, Original Acc@1: 23.06, Acc@5: 79.15, TTA Acc@1: 23.06, Acc@5: 79.15
2025-06-06 00:54:04,669 - log - INFO - iter:5780/8100, clip_acc1=22.975778579711914, tta_acc1=22.975778579711914
2025-06-06 00:54:04,669 - log - INFO - iter:5780/8100, Original Acc@1: 22.98, Acc@5: 78.89, TTA Acc@1: 22.98, Acc@5: 78.89
2025-06-06 00:54:38,247 - log - INFO - iter:5800/8100, clip_acc1=22.89655303955078, tta_acc1=22.89655303955078
2025-06-06 00:54:38,248 - log - INFO - iter:5800/8100, Original Acc@1: 22.90, Acc@5: 78.66, TTA Acc@1: 22.90, Acc@5: 78.66
2025-06-06 00:55:11,986 - log - INFO - iter:5820/8100, clip_acc1=22.817869186401367, tta_acc1=22.817869186401367
2025-06-06 00:55:11,986 - log - INFO - iter:5820/8100, Original Acc@1: 22.82, Acc@5: 78.45, TTA Acc@1: 22.82, Acc@5: 78.45
2025-06-06 00:55:45,683 - log - INFO - iter:5840/8100, clip_acc1=22.739727020263672, tta_acc1=22.739727020263672
2025-06-06 00:55:45,683 - log - INFO - iter:5840/8100, Original Acc@1: 22.74, Acc@5: 78.22, TTA Acc@1: 22.74, Acc@5: 78.22
2025-06-06 00:56:19,521 - log - INFO - iter:5860/8100, clip_acc1=22.6621150970459, tta_acc1=22.6621150970459
2025-06-06 00:56:19,521 - log - INFO - iter:5860/8100, Original Acc@1: 22.66, Acc@5: 77.99, TTA Acc@1: 22.66, Acc@5: 77.99
2025-06-06 00:56:53,261 - log - INFO - iter:5880/8100, clip_acc1=22.585033416748047, tta_acc1=22.585033416748047
2025-06-06 00:56:53,262 - log - INFO - iter:5880/8100, Original Acc@1: 22.59, Acc@5: 77.74, TTA Acc@1: 22.59, Acc@5: 77.74
2025-06-06 00:57:27,054 - log - INFO - iter:5900/8100, clip_acc1=22.508474349975586, tta_acc1=22.508474349975586
2025-06-06 00:57:27,055 - log - INFO - iter:5900/8100, Original Acc@1: 22.51, Acc@5: 77.49, TTA Acc@1: 22.51, Acc@5: 77.49
2025-06-06 00:58:00,826 - log - INFO - iter:5920/8100, clip_acc1=22.432432174682617, tta_acc1=22.432432174682617
2025-06-06 00:58:00,826 - log - INFO - iter:5920/8100, Original Acc@1: 22.43, Acc@5: 77.25, TTA Acc@1: 22.43, Acc@5: 77.25
2025-06-06 00:58:34,268 - log - INFO - iter:5940/8100, clip_acc1=22.356901168823242, tta_acc1=22.356901168823242
2025-06-06 00:58:34,268 - log - INFO - iter:5940/8100, Original Acc@1: 22.36, Acc@5: 77.02, TTA Acc@1: 22.36, Acc@5: 77.02
2025-06-06 00:59:07,944 - log - INFO - iter:5960/8100, clip_acc1=22.281879425048828, tta_acc1=22.281879425048828
2025-06-06 00:59:07,944 - log - INFO - iter:5960/8100, Original Acc@1: 22.28, Acc@5: 76.81, TTA Acc@1: 22.28, Acc@5: 76.81
2025-06-06 00:59:41,699 - log - INFO - iter:5980/8100, clip_acc1=22.20735740661621, tta_acc1=22.20735740661621
2025-06-06 00:59:41,699 - log - INFO - iter:5980/8100, Original Acc@1: 22.21, Acc@5: 76.61, TTA Acc@1: 22.21, Acc@5: 76.61
2025-06-06 01:00:15,275 - log - INFO - iter:6000/8100, clip_acc1=22.133333206176758, tta_acc1=22.133333206176758
2025-06-06 01:00:15,276 - log - INFO - iter:6000/8100, Original Acc@1: 22.13, Acc@5: 76.38, TTA Acc@1: 22.13, Acc@5: 76.38
2025-06-06 01:00:48,892 - log - INFO - iter:6020/8100, clip_acc1=22.059799194335938, tta_acc1=22.059799194335938
2025-06-06 01:00:48,893 - log - INFO - iter:6020/8100, Original Acc@1: 22.06, Acc@5: 76.21, TTA Acc@1: 22.06, Acc@5: 76.21
2025-06-06 01:01:22,541 - log - INFO - iter:6040/8100, clip_acc1=21.98675537109375, tta_acc1=21.98675537109375
2025-06-06 01:01:22,541 - log - INFO - iter:6040/8100, Original Acc@1: 21.99, Acc@5: 76.01, TTA Acc@1: 21.99, Acc@5: 76.01
2025-06-06 01:01:56,205 - log - INFO - iter:6060/8100, clip_acc1=21.91419219970703, tta_acc1=21.91419219970703
2025-06-06 01:01:56,205 - log - INFO - iter:6060/8100, Original Acc@1: 21.91, Acc@5: 75.79, TTA Acc@1: 21.91, Acc@5: 75.79
2025-06-06 01:02:29,964 - log - INFO - iter:6080/8100, clip_acc1=21.842105865478516, tta_acc1=21.842105865478516
2025-06-06 01:02:29,965 - log - INFO - iter:6080/8100, Original Acc@1: 21.84, Acc@5: 75.62, TTA Acc@1: 21.84, Acc@5: 75.62
2025-06-06 01:03:03,579 - log - INFO - iter:6100/8100, clip_acc1=21.770492553710938, tta_acc1=21.770492553710938
2025-06-06 01:03:03,579 - log - INFO - iter:6100/8100, Original Acc@1: 21.77, Acc@5: 75.46, TTA Acc@1: 21.77, Acc@5: 75.46
2025-06-06 01:03:37,238 - log - INFO - iter:6120/8100, clip_acc1=21.6993465423584, tta_acc1=21.6993465423584
2025-06-06 01:03:37,239 - log - INFO - iter:6120/8100, Original Acc@1: 21.70, Acc@5: 75.29, TTA Acc@1: 21.70, Acc@5: 75.29
2025-06-06 01:04:10,684 - log - INFO - iter:6140/8100, clip_acc1=21.628664016723633, tta_acc1=21.628664016723633
2025-06-06 01:04:10,685 - log - INFO - iter:6140/8100, Original Acc@1: 21.63, Acc@5: 75.07, TTA Acc@1: 21.63, Acc@5: 75.07
2025-06-06 01:04:44,492 - log - INFO - iter:6160/8100, clip_acc1=21.558441162109375, tta_acc1=21.558441162109375
2025-06-06 01:04:44,492 - log - INFO - iter:6160/8100, Original Acc@1: 21.56, Acc@5: 74.84, TTA Acc@1: 21.56, Acc@5: 74.84
2025-06-06 01:05:18,210 - log - INFO - iter:6180/8100, clip_acc1=21.488672256469727, tta_acc1=21.488672256469727
2025-06-06 01:05:18,211 - log - INFO - iter:6180/8100, Original Acc@1: 21.49, Acc@5: 74.63, TTA Acc@1: 21.49, Acc@5: 74.63
2025-06-06 01:05:51,923 - log - INFO - iter:6200/8100, clip_acc1=21.419355392456055, tta_acc1=21.419355392456055
2025-06-06 01:05:51,923 - log - INFO - iter:6200/8100, Original Acc@1: 21.42, Acc@5: 74.44, TTA Acc@1: 21.42, Acc@5: 74.44
2025-06-06 01:06:25,695 - log - INFO - iter:6220/8100, clip_acc1=21.350481033325195, tta_acc1=21.350481033325195
2025-06-06 01:06:25,695 - log - INFO - iter:6220/8100, Original Acc@1: 21.35, Acc@5: 74.28, TTA Acc@1: 21.35, Acc@5: 74.28
2025-06-06 01:06:59,516 - log - INFO - iter:6240/8100, clip_acc1=21.28205108642578, tta_acc1=21.28205108642578
2025-06-06 01:06:59,516 - log - INFO - iter:6240/8100, Original Acc@1: 21.28, Acc@5: 74.13, TTA Acc@1: 21.28, Acc@5: 74.13
2025-06-06 01:07:33,108 - log - INFO - iter:6260/8100, clip_acc1=21.21405792236328, tta_acc1=21.21405792236328
2025-06-06 01:07:33,109 - log - INFO - iter:6260/8100, Original Acc@1: 21.21, Acc@5: 73.93, TTA Acc@1: 21.21, Acc@5: 73.93
2025-06-06 01:08:06,634 - log - INFO - iter:6280/8100, clip_acc1=21.14649772644043, tta_acc1=21.14649772644043
2025-06-06 01:08:06,635 - log - INFO - iter:6280/8100, Original Acc@1: 21.15, Acc@5: 73.76, TTA Acc@1: 21.15, Acc@5: 73.76
2025-06-06 01:08:40,196 - log - INFO - iter:6300/8100, clip_acc1=21.079364776611328, tta_acc1=21.079364776611328
2025-06-06 01:08:40,196 - log - INFO - iter:6300/8100, Original Acc@1: 21.08, Acc@5: 73.59, TTA Acc@1: 21.08, Acc@5: 73.59
2025-06-06 01:09:13,873 - log - INFO - iter:6320/8100, clip_acc1=21.012659072875977, tta_acc1=21.012659072875977
2025-06-06 01:09:13,874 - log - INFO - iter:6320/8100, Original Acc@1: 21.01, Acc@5: 73.40, TTA Acc@1: 21.01, Acc@5: 73.40
2025-06-06 01:09:47,564 - log - INFO - iter:6340/8100, clip_acc1=20.94637107849121, tta_acc1=20.94637107849121
2025-06-06 01:09:47,565 - log - INFO - iter:6340/8100, Original Acc@1: 20.95, Acc@5: 73.22, TTA Acc@1: 20.95, Acc@5: 73.22
2025-06-06 01:10:21,255 - log - INFO - iter:6360/8100, clip_acc1=20.880502700805664, tta_acc1=20.880502700805664
2025-06-06 01:10:21,255 - log - INFO - iter:6360/8100, Original Acc@1: 20.88, Acc@5: 73.02, TTA Acc@1: 20.88, Acc@5: 73.02
2025-06-06 01:10:55,104 - log - INFO - iter:6380/8100, clip_acc1=20.830720901489258, tta_acc1=20.830720901489258
2025-06-06 01:10:55,105 - log - INFO - iter:6380/8100, Original Acc@1: 20.83, Acc@5: 72.82, TTA Acc@1: 20.83, Acc@5: 72.82
2025-06-06 01:11:28,710 - log - INFO - iter:6400/8100, clip_acc1=20.765625, tta_acc1=20.765625
2025-06-06 01:11:28,710 - log - INFO - iter:6400/8100, Original Acc@1: 20.77, Acc@5: 72.67, TTA Acc@1: 20.77, Acc@5: 72.67
2025-06-06 01:12:02,394 - log - INFO - iter:6420/8100, clip_acc1=20.7009334564209, tta_acc1=20.7009334564209
2025-06-06 01:12:02,394 - log - INFO - iter:6420/8100, Original Acc@1: 20.70, Acc@5: 72.48, TTA Acc@1: 20.70, Acc@5: 72.48
2025-06-06 01:12:36,263 - log - INFO - iter:6440/8100, clip_acc1=20.636646270751953, tta_acc1=20.636646270751953
2025-06-06 01:12:36,263 - log - INFO - iter:6440/8100, Original Acc@1: 20.64, Acc@5: 72.28, TTA Acc@1: 20.64, Acc@5: 72.28
2025-06-06 01:13:10,797 - log - INFO - iter:6460/8100, clip_acc1=20.665634155273438, tta_acc1=20.665634155273438
2025-06-06 01:13:10,797 - log - INFO - iter:6460/8100, Original Acc@1: 20.67, Acc@5: 72.23, TTA Acc@1: 20.67, Acc@5: 72.23
2025-06-06 01:13:44,978 - log - INFO - iter:6480/8100, clip_acc1=20.679014205932617, tta_acc1=20.679014205932617
2025-06-06 01:13:44,978 - log - INFO - iter:6480/8100, Original Acc@1: 20.68, Acc@5: 72.31, TTA Acc@1: 20.68, Acc@5: 72.31
2025-06-06 01:14:18,647 - log - INFO - iter:6500/8100, clip_acc1=20.738460540771484, tta_acc1=20.738460540771484
2025-06-06 01:14:18,648 - log - INFO - iter:6500/8100, Original Acc@1: 20.74, Acc@5: 72.40, TTA Acc@1: 20.74, Acc@5: 72.40
2025-06-06 01:14:52,229 - log - INFO - iter:6520/8100, clip_acc1=20.812883377075195, tta_acc1=20.812883377075195
2025-06-06 01:14:52,229 - log - INFO - iter:6520/8100, Original Acc@1: 20.81, Acc@5: 72.47, TTA Acc@1: 20.81, Acc@5: 72.47
2025-06-06 01:15:25,959 - log - INFO - iter:6540/8100, clip_acc1=20.795106887817383, tta_acc1=20.795106887817383
2025-06-06 01:15:25,960 - log - INFO - iter:6540/8100, Original Acc@1: 20.80, Acc@5: 72.55, TTA Acc@1: 20.80, Acc@5: 72.55
2025-06-06 01:15:59,576 - log - INFO - iter:6560/8100, clip_acc1=20.884145736694336, tta_acc1=20.884145736694336
2025-06-06 01:15:59,576 - log - INFO - iter:6560/8100, Original Acc@1: 20.88, Acc@5: 72.62, TTA Acc@1: 20.88, Acc@5: 72.62
2025-06-06 01:16:33,305 - log - INFO - iter:6580/8100, clip_acc1=20.95744514465332, tta_acc1=20.95744514465332
2025-06-06 01:16:33,305 - log - INFO - iter:6580/8100, Original Acc@1: 20.96, Acc@5: 72.71, TTA Acc@1: 20.96, Acc@5: 72.71
2025-06-06 01:17:07,086 - log - INFO - iter:6600/8100, clip_acc1=21.060606002807617, tta_acc1=21.060606002807617
2025-06-06 01:17:07,087 - log - INFO - iter:6600/8100, Original Acc@1: 21.06, Acc@5: 72.79, TTA Acc@1: 21.06, Acc@5: 72.79
2025-06-06 01:17:40,725 - log - INFO - iter:6620/8100, clip_acc1=21.102720260620117, tta_acc1=21.102720260620117
2025-06-06 01:17:40,725 - log - INFO - iter:6620/8100, Original Acc@1: 21.10, Acc@5: 72.87, TTA Acc@1: 21.10, Acc@5: 72.87
2025-06-06 01:18:14,286 - log - INFO - iter:6640/8100, clip_acc1=21.14457893371582, tta_acc1=21.14457893371582
2025-06-06 01:18:14,286 - log - INFO - iter:6640/8100, Original Acc@1: 21.14, Acc@5: 72.95, TTA Acc@1: 21.14, Acc@5: 72.95
2025-06-06 01:18:47,943 - log - INFO - iter:6660/8100, clip_acc1=21.246246337890625, tta_acc1=21.246246337890625
2025-06-06 01:18:47,943 - log - INFO - iter:6660/8100, Original Acc@1: 21.25, Acc@5: 73.03, TTA Acc@1: 21.25, Acc@5: 73.03
2025-06-06 01:19:21,701 - log - INFO - iter:6680/8100, clip_acc1=21.2724552154541, tta_acc1=21.2724552154541
2025-06-06 01:19:21,701 - log - INFO - iter:6680/8100, Original Acc@1: 21.27, Acc@5: 73.11, TTA Acc@1: 21.27, Acc@5: 73.11
2025-06-06 01:19:55,141 - log - INFO - iter:6700/8100, clip_acc1=21.313432693481445, tta_acc1=21.313432693481445
2025-06-06 01:19:55,141 - log - INFO - iter:6700/8100, Original Acc@1: 21.31, Acc@5: 73.19, TTA Acc@1: 21.31, Acc@5: 73.19
2025-06-06 01:20:28,710 - log - INFO - iter:6720/8100, clip_acc1=21.383930206298828, tta_acc1=21.383930206298828
2025-06-06 01:20:28,710 - log - INFO - iter:6720/8100, Original Acc@1: 21.38, Acc@5: 73.27, TTA Acc@1: 21.38, Acc@5: 73.27
2025-06-06 01:21:02,327 - log - INFO - iter:6740/8100, clip_acc1=21.424331665039062, tta_acc1=21.424331665039062
2025-06-06 01:21:02,327 - log - INFO - iter:6740/8100, Original Acc@1: 21.42, Acc@5: 73.35, TTA Acc@1: 21.42, Acc@5: 73.35
2025-06-06 01:21:36,118 - log - INFO - iter:6760/8100, clip_acc1=21.464496612548828, tta_acc1=21.464496612548828
2025-06-06 01:21:36,118 - log - INFO - iter:6760/8100, Original Acc@1: 21.46, Acc@5: 73.43, TTA Acc@1: 21.46, Acc@5: 73.43
2025-06-06 01:22:09,901 - log - INFO - iter:6780/8100, clip_acc1=21.504425048828125, tta_acc1=21.504425048828125
2025-06-06 01:22:09,901 - log - INFO - iter:6780/8100, Original Acc@1: 21.50, Acc@5: 73.51, TTA Acc@1: 21.50, Acc@5: 73.51
2025-06-06 01:22:43,653 - log - INFO - iter:6800/8100, clip_acc1=21.558822631835938, tta_acc1=21.558822631835938
2025-06-06 01:22:43,653 - log - INFO - iter:6800/8100, Original Acc@1: 21.56, Acc@5: 73.59, TTA Acc@1: 21.56, Acc@5: 73.59
2025-06-06 01:23:17,436 - log - INFO - iter:6820/8100, clip_acc1=21.627567291259766, tta_acc1=21.627567291259766
2025-06-06 01:23:17,436 - log - INFO - iter:6820/8100, Original Acc@1: 21.63, Acc@5: 73.67, TTA Acc@1: 21.63, Acc@5: 73.67
2025-06-06 01:23:51,075 - log - INFO - iter:6840/8100, clip_acc1=21.739765167236328, tta_acc1=21.739765167236328
2025-06-06 01:23:51,075 - log - INFO - iter:6840/8100, Original Acc@1: 21.74, Acc@5: 73.74, TTA Acc@1: 21.74, Acc@5: 73.74
2025-06-06 01:24:24,624 - log - INFO - iter:6860/8100, clip_acc1=21.807579040527344, tta_acc1=21.807579040527344
2025-06-06 01:24:24,625 - log - INFO - iter:6860/8100, Original Acc@1: 21.81, Acc@5: 73.82, TTA Acc@1: 21.81, Acc@5: 73.82
2025-06-06 01:24:58,296 - log - INFO - iter:6880/8100, clip_acc1=21.88953399658203, tta_acc1=21.88953399658203
2025-06-06 01:24:58,296 - log - INFO - iter:6880/8100, Original Acc@1: 21.89, Acc@5: 73.90, TTA Acc@1: 21.89, Acc@5: 73.90
2025-06-06 01:25:31,905 - log - INFO - iter:6900/8100, clip_acc1=21.927536010742188, tta_acc1=21.927536010742188
2025-06-06 01:25:31,905 - log - INFO - iter:6900/8100, Original Acc@1: 21.93, Acc@5: 73.97, TTA Acc@1: 21.93, Acc@5: 73.97
2025-06-06 01:26:05,655 - log - INFO - iter:6920/8100, clip_acc1=22.008670806884766, tta_acc1=22.008670806884766
2025-06-06 01:26:05,656 - log - INFO - iter:6920/8100, Original Acc@1: 22.01, Acc@5: 74.05, TTA Acc@1: 22.01, Acc@5: 74.05
2025-06-06 01:26:39,276 - log - INFO - iter:6940/8100, clip_acc1=22.089338302612305, tta_acc1=22.089338302612305
2025-06-06 01:26:39,276 - log - INFO - iter:6940/8100, Original Acc@1: 22.09, Acc@5: 74.12, TTA Acc@1: 22.09, Acc@5: 74.12
2025-06-06 01:27:12,920 - log - INFO - iter:6960/8100, clip_acc1=22.169540405273438, tta_acc1=22.169540405273438
2025-06-06 01:27:12,921 - log - INFO - iter:6960/8100, Original Acc@1: 22.17, Acc@5: 74.20, TTA Acc@1: 22.17, Acc@5: 74.20
2025-06-06 01:27:46,655 - log - INFO - iter:6980/8100, clip_acc1=22.19197654724121, tta_acc1=22.19197654724121
2025-06-06 01:27:46,655 - log - INFO - iter:6980/8100, Original Acc@1: 22.19, Acc@5: 74.27, TTA Acc@1: 22.19, Acc@5: 74.27
2025-06-06 01:28:20,293 - log - INFO - iter:7000/8100, clip_acc1=22.257143020629883, tta_acc1=22.257143020629883
2025-06-06 01:28:20,294 - log - INFO - iter:7000/8100, Original Acc@1: 22.26, Acc@5: 74.34, TTA Acc@1: 22.26, Acc@5: 74.34
2025-06-06 01:28:53,857 - log - INFO - iter:7020/8100, clip_acc1=22.264957427978516, tta_acc1=22.264957427978516
2025-06-06 01:28:53,858 - log - INFO - iter:7020/8100, Original Acc@1: 22.26, Acc@5: 74.42, TTA Acc@1: 22.26, Acc@5: 74.42
2025-06-06 01:29:27,482 - log - INFO - iter:7040/8100, clip_acc1=22.24431800842285, tta_acc1=22.24431800842285
2025-06-06 01:29:27,482 - log - INFO - iter:7040/8100, Original Acc@1: 22.24, Acc@5: 74.49, TTA Acc@1: 22.24, Acc@5: 74.49
2025-06-06 01:30:01,122 - log - INFO - iter:7060/8100, clip_acc1=22.30878257751465, tta_acc1=22.30878257751465
2025-06-06 01:30:01,122 - log - INFO - iter:7060/8100, Original Acc@1: 22.31, Acc@5: 74.56, TTA Acc@1: 22.31, Acc@5: 74.56
2025-06-06 01:30:34,892 - log - INFO - iter:7080/8100, clip_acc1=22.44350242614746, tta_acc1=22.44350242614746
2025-06-06 01:30:34,892 - log - INFO - iter:7080/8100, Original Acc@1: 22.44, Acc@5: 74.63, TTA Acc@1: 22.44, Acc@5: 74.63
2025-06-06 01:31:08,580 - log - INFO - iter:7100/8100, clip_acc1=22.507043838500977, tta_acc1=22.507043838500977
2025-06-06 01:31:08,580 - log - INFO - iter:7100/8100, Original Acc@1: 22.51, Acc@5: 74.69, TTA Acc@1: 22.51, Acc@5: 74.69
2025-06-06 01:31:42,303 - log - INFO - iter:7120/8100, clip_acc1=22.584270477294922, tta_acc1=22.584270477294922
2025-06-06 01:31:42,303 - log - INFO - iter:7120/8100, Original Acc@1: 22.58, Acc@5: 74.76, TTA Acc@1: 22.58, Acc@5: 74.76
2025-06-06 01:32:16,663 - log - INFO - iter:7140/8100, clip_acc1=22.64706039428711, tta_acc1=22.64706039428711
2025-06-06 01:32:16,663 - log - INFO - iter:7140/8100, Original Acc@1: 22.65, Acc@5: 74.83, TTA Acc@1: 22.65, Acc@5: 74.83
2025-06-06 01:32:50,544 - log - INFO - iter:7160/8100, clip_acc1=22.737428665161133, tta_acc1=22.737428665161133
2025-06-06 01:32:50,545 - log - INFO - iter:7160/8100, Original Acc@1: 22.74, Acc@5: 74.90, TTA Acc@1: 22.74, Acc@5: 74.90
2025-06-06 01:33:24,194 - log - INFO - iter:7180/8100, clip_acc1=22.771587371826172, tta_acc1=22.771587371826172
2025-06-06 01:33:24,195 - log - INFO - iter:7180/8100, Original Acc@1: 22.77, Acc@5: 74.97, TTA Acc@1: 22.77, Acc@5: 74.97
2025-06-06 01:33:57,832 - log - INFO - iter:7200/8100, clip_acc1=22.77777862548828, tta_acc1=22.77777862548828
2025-06-06 01:33:57,832 - log - INFO - iter:7200/8100, Original Acc@1: 22.78, Acc@5: 75.04, TTA Acc@1: 22.78, Acc@5: 75.04
2025-06-06 01:34:31,406 - log - INFO - iter:7220/8100, clip_acc1=22.991689682006836, tta_acc1=22.991689682006836
2025-06-06 01:34:31,406 - log - INFO - iter:7220/8100, Original Acc@1: 22.99, Acc@5: 75.11, TTA Acc@1: 22.99, Acc@5: 75.11
2025-06-06 01:35:04,991 - log - INFO - iter:7240/8100, clip_acc1=23.204418182373047, tta_acc1=23.204418182373047
2025-06-06 01:35:04,991 - log - INFO - iter:7240/8100, Original Acc@1: 23.20, Acc@5: 75.18, TTA Acc@1: 23.20, Acc@5: 75.18
2025-06-06 01:35:38,699 - log - INFO - iter:7260/8100, clip_acc1=23.415979385375977, tta_acc1=23.415979385375977
2025-06-06 01:35:38,700 - log - INFO - iter:7260/8100, Original Acc@1: 23.42, Acc@5: 75.25, TTA Acc@1: 23.42, Acc@5: 75.25
2025-06-06 01:36:12,324 - log - INFO - iter:7280/8100, clip_acc1=23.626375198364258, tta_acc1=23.626375198364258
2025-06-06 01:36:12,325 - log - INFO - iter:7280/8100, Original Acc@1: 23.63, Acc@5: 75.32, TTA Acc@1: 23.63, Acc@5: 75.32
2025-06-06 01:36:46,954 - log - INFO - iter:7300/8100, clip_acc1=23.835617065429688, tta_acc1=23.835617065429688
2025-06-06 01:36:46,954 - log - INFO - iter:7300/8100, Original Acc@1: 23.84, Acc@5: 75.38, TTA Acc@1: 23.84, Acc@5: 75.38
2025-06-06 01:37:20,540 - log - INFO - iter:7320/8100, clip_acc1=24.043716430664062, tta_acc1=24.043716430664062
2025-06-06 01:37:20,540 - log - INFO - iter:7320/8100, Original Acc@1: 24.04, Acc@5: 75.45, TTA Acc@1: 24.04, Acc@5: 75.45
2025-06-06 01:37:54,139 - log - INFO - iter:7340/8100, clip_acc1=24.250682830810547, tta_acc1=24.250682830810547
2025-06-06 01:37:54,139 - log - INFO - iter:7340/8100, Original Acc@1: 24.25, Acc@5: 75.52, TTA Acc@1: 24.25, Acc@5: 75.52
2025-06-06 01:38:27,812 - log - INFO - iter:7360/8100, clip_acc1=24.456520080566406, tta_acc1=24.456520080566406
2025-06-06 01:38:27,812 - log - INFO - iter:7360/8100, Original Acc@1: 24.46, Acc@5: 75.58, TTA Acc@1: 24.46, Acc@5: 75.58
2025-06-06 01:39:01,403 - log - INFO - iter:7380/8100, clip_acc1=24.661245346069336, tta_acc1=24.661245346069336
2025-06-06 01:39:01,403 - log - INFO - iter:7380/8100, Original Acc@1: 24.66, Acc@5: 75.65, TTA Acc@1: 24.66, Acc@5: 75.65
2025-06-06 01:39:35,140 - log - INFO - iter:7400/8100, clip_acc1=24.864866256713867, tta_acc1=24.864866256713867
2025-06-06 01:39:35,141 - log - INFO - iter:7400/8100, Original Acc@1: 24.86, Acc@5: 75.72, TTA Acc@1: 24.86, Acc@5: 75.72
2025-06-06 01:40:08,823 - log - INFO - iter:7420/8100, clip_acc1=25.05390739440918, tta_acc1=25.05390739440918
2025-06-06 01:40:08,824 - log - INFO - iter:7420/8100, Original Acc@1: 25.05, Acc@5: 75.78, TTA Acc@1: 25.05, Acc@5: 75.78
2025-06-06 01:40:42,616 - log - INFO - iter:7440/8100, clip_acc1=25.24193572998047, tta_acc1=25.24193572998047
2025-06-06 01:40:42,616 - log - INFO - iter:7440/8100, Original Acc@1: 25.24, Acc@5: 75.85, TTA Acc@1: 25.24, Acc@5: 75.85
2025-06-06 01:41:16,335 - log - INFO - iter:7460/8100, clip_acc1=25.415550231933594, tta_acc1=25.415550231933594
2025-06-06 01:41:16,336 - log - INFO - iter:7460/8100, Original Acc@1: 25.42, Acc@5: 75.91, TTA Acc@1: 25.42, Acc@5: 75.91
2025-06-06 01:41:49,809 - log - INFO - iter:7480/8100, clip_acc1=25.614973068237305, tta_acc1=25.614973068237305
2025-06-06 01:41:49,809 - log - INFO - iter:7480/8100, Original Acc@1: 25.61, Acc@5: 75.98, TTA Acc@1: 25.61, Acc@5: 75.98
2025-06-06 01:42:23,548 - log - INFO - iter:7500/8100, clip_acc1=25.81333351135254, tta_acc1=25.81333351135254
2025-06-06 01:42:23,548 - log - INFO - iter:7500/8100, Original Acc@1: 25.81, Acc@5: 76.04, TTA Acc@1: 25.81, Acc@5: 76.04
2025-06-06 01:42:57,200 - log - INFO - iter:7520/8100, clip_acc1=25.997339248657227, tta_acc1=25.997339248657227
2025-06-06 01:42:57,201 - log - INFO - iter:7520/8100, Original Acc@1: 26.00, Acc@5: 76.10, TTA Acc@1: 26.00, Acc@5: 76.10
2025-06-06 01:43:30,758 - log - INFO - iter:7540/8100, clip_acc1=26.193634033203125, tta_acc1=26.193634033203125
2025-06-06 01:43:30,758 - log - INFO - iter:7540/8100, Original Acc@1: 26.19, Acc@5: 76.17, TTA Acc@1: 26.19, Acc@5: 76.17
2025-06-06 01:44:04,214 - log - INFO - iter:7560/8100, clip_acc1=26.375661849975586, tta_acc1=26.375661849975586
2025-06-06 01:44:04,214 - log - INFO - iter:7560/8100, Original Acc@1: 26.38, Acc@5: 76.23, TTA Acc@1: 26.38, Acc@5: 76.23
2025-06-06 01:44:37,720 - log - INFO - iter:7580/8100, clip_acc1=26.569921493530273, tta_acc1=26.569921493530273
2025-06-06 01:44:37,721 - log - INFO - iter:7580/8100, Original Acc@1: 26.57, Acc@5: 76.29, TTA Acc@1: 26.57, Acc@5: 76.29
2025-06-06 01:45:11,204 - log - INFO - iter:7600/8100, clip_acc1=26.736841201782227, tta_acc1=26.736841201782227
2025-06-06 01:45:11,205 - log - INFO - iter:7600/8100, Original Acc@1: 26.74, Acc@5: 76.36, TTA Acc@1: 26.74, Acc@5: 76.36
2025-06-06 01:45:44,879 - log - INFO - iter:7620/8100, clip_acc1=26.929134368896484, tta_acc1=26.929134368896484
2025-06-06 01:45:44,880 - log - INFO - iter:7620/8100, Original Acc@1: 26.93, Acc@5: 76.42, TTA Acc@1: 26.93, Acc@5: 76.42
2025-06-06 01:46:18,549 - log - INFO - iter:7640/8100, clip_acc1=27.107330322265625, tta_acc1=27.107330322265625
2025-06-06 01:46:18,549 - log - INFO - iter:7640/8100, Original Acc@1: 27.11, Acc@5: 76.48, TTA Acc@1: 27.11, Acc@5: 76.48
2025-06-06 01:46:52,069 - log - INFO - iter:7660/8100, clip_acc1=27.284595489501953, tta_acc1=27.284595489501953
2025-06-06 01:46:52,070 - log - INFO - iter:7660/8100, Original Acc@1: 27.28, Acc@5: 76.54, TTA Acc@1: 27.28, Acc@5: 76.54
2025-06-06 01:47:25,629 - log - INFO - iter:7680/8100, clip_acc1=27.47395896911621, tta_acc1=27.47395896911621
2025-06-06 01:47:25,629 - log - INFO - iter:7680/8100, Original Acc@1: 27.47, Acc@5: 76.60, TTA Acc@1: 27.47, Acc@5: 76.60
2025-06-06 01:47:59,159 - log - INFO - iter:7700/8100, clip_acc1=27.649349212646484, tta_acc1=27.649349212646484
2025-06-06 01:47:59,159 - log - INFO - iter:7700/8100, Original Acc@1: 27.65, Acc@5: 76.66, TTA Acc@1: 27.65, Acc@5: 76.66
2025-06-06 01:48:32,731 - log - INFO - iter:7720/8100, clip_acc1=27.836788177490234, tta_acc1=27.836788177490234
2025-06-06 01:48:32,732 - log - INFO - iter:7720/8100, Original Acc@1: 27.84, Acc@5: 76.72, TTA Acc@1: 27.84, Acc@5: 76.72
2025-06-06 01:49:06,294 - log - INFO - iter:7740/8100, clip_acc1=28.02325439453125, tta_acc1=28.02325439453125
2025-06-06 01:49:06,294 - log - INFO - iter:7740/8100, Original Acc@1: 28.02, Acc@5: 76.78, TTA Acc@1: 28.02, Acc@5: 76.78
2025-06-06 01:49:39,900 - log - INFO - iter:7760/8100, clip_acc1=28.208763122558594, tta_acc1=28.208763122558594
2025-06-06 01:49:39,900 - log - INFO - iter:7760/8100, Original Acc@1: 28.21, Acc@5: 76.84, TTA Acc@1: 28.21, Acc@5: 76.84
2025-06-06 01:50:13,620 - log - INFO - iter:7780/8100, clip_acc1=28.39331817626953, tta_acc1=28.39331817626953
2025-06-06 01:50:13,620 - log - INFO - iter:7780/8100, Original Acc@1: 28.39, Acc@5: 76.90, TTA Acc@1: 28.39, Acc@5: 76.90
2025-06-06 01:50:47,324 - log - INFO - iter:7800/8100, clip_acc1=28.576921463012695, tta_acc1=28.576921463012695
2025-06-06 01:50:47,324 - log - INFO - iter:7800/8100, Original Acc@1: 28.58, Acc@5: 76.96, TTA Acc@1: 28.58, Acc@5: 76.96
2025-06-06 01:51:20,957 - log - INFO - iter:7820/8100, clip_acc1=28.759592056274414, tta_acc1=28.759592056274414
2025-06-06 01:51:20,957 - log - INFO - iter:7820/8100, Original Acc@1: 28.76, Acc@5: 77.02, TTA Acc@1: 28.76, Acc@5: 77.02
2025-06-06 01:51:54,580 - log - INFO - iter:7840/8100, clip_acc1=28.941326141357422, tta_acc1=28.941326141357422
2025-06-06 01:51:54,580 - log - INFO - iter:7840/8100, Original Acc@1: 28.94, Acc@5: 77.08, TTA Acc@1: 28.94, Acc@5: 77.08
2025-06-06 01:52:28,307 - log - INFO - iter:7860/8100, clip_acc1=29.12213706970215, tta_acc1=29.12213706970215
2025-06-06 01:52:28,307 - log - INFO - iter:7860/8100, Original Acc@1: 29.12, Acc@5: 77.14, TTA Acc@1: 29.12, Acc@5: 77.14
2025-06-06 01:53:01,990 - log - INFO - iter:7880/8100, clip_acc1=29.302030563354492, tta_acc1=29.302030563354492
2025-06-06 01:53:01,991 - log - INFO - iter:7880/8100, Original Acc@1: 29.30, Acc@5: 77.20, TTA Acc@1: 29.30, Acc@5: 77.20
2025-06-06 01:53:35,711 - log - INFO - iter:7900/8100, clip_acc1=29.468355178833008, tta_acc1=29.468355178833008
2025-06-06 01:53:35,711 - log - INFO - iter:7900/8100, Original Acc@1: 29.47, Acc@5: 77.25, TTA Acc@1: 29.47, Acc@5: 77.25
2025-06-06 01:54:09,281 - log - INFO - iter:7920/8100, clip_acc1=29.646465301513672, tta_acc1=29.646465301513672
2025-06-06 01:54:09,281 - log - INFO - iter:7920/8100, Original Acc@1: 29.65, Acc@5: 77.31, TTA Acc@1: 29.65, Acc@5: 77.31
2025-06-06 01:54:42,789 - log - INFO - iter:7940/8100, clip_acc1=29.82367706298828, tta_acc1=29.82367706298828
2025-06-06 01:54:42,790 - log - INFO - iter:7940/8100, Original Acc@1: 29.82, Acc@5: 77.37, TTA Acc@1: 29.82, Acc@5: 77.37
2025-06-06 01:55:16,415 - log - INFO - iter:7960/8100, clip_acc1=30.0, tta_acc1=30.0
2025-06-06 01:55:16,415 - log - INFO - iter:7960/8100, Original Acc@1: 30.00, Acc@5: 77.42, TTA Acc@1: 30.00, Acc@5: 77.42
2025-06-06 01:55:49,871 - log - INFO - iter:7980/8100, clip_acc1=30.175437927246094, tta_acc1=30.175437927246094
2025-06-06 01:55:49,871 - log - INFO - iter:7980/8100, Original Acc@1: 30.18, Acc@5: 77.48, TTA Acc@1: 30.18, Acc@5: 77.48
2025-06-06 01:56:23,391 - log - INFO - iter:8000/8100, clip_acc1=30.35000228881836, tta_acc1=30.35000228881836
2025-06-06 01:56:23,392 - log - INFO - iter:8000/8100, Original Acc@1: 30.35, Acc@5: 77.54, TTA Acc@1: 30.35, Acc@5: 77.54
2025-06-06 01:56:57,010 - log - INFO - iter:8020/8100, clip_acc1=30.52368927001953, tta_acc1=30.52368927001953
2025-06-06 01:56:57,011 - log - INFO - iter:8020/8100, Original Acc@1: 30.52, Acc@5: 77.59, TTA Acc@1: 30.52, Acc@5: 77.59
2025-06-06 01:57:30,629 - log - INFO - iter:8040/8100, clip_acc1=30.696517944335938, tta_acc1=30.696517944335938
2025-06-06 01:57:30,629 - log - INFO - iter:8040/8100, Original Acc@1: 30.70, Acc@5: 77.65, TTA Acc@1: 30.70, Acc@5: 77.65
2025-06-06 01:58:04,171 - log - INFO - iter:8060/8100, clip_acc1=30.868488311767578, tta_acc1=30.868488311767578
2025-06-06 01:58:04,171 - log - INFO - iter:8060/8100, Original Acc@1: 30.87, Acc@5: 77.70, TTA Acc@1: 30.87, Acc@5: 77.70
2025-06-06 01:58:37,790 - log - INFO - iter:8080/8100, clip_acc1=31.03960418701172, tta_acc1=31.03960418701172
2025-06-06 01:58:37,791 - log - INFO - iter:8080/8100, Original Acc@1: 31.04, Acc@5: 77.76, TTA Acc@1: 31.04, Acc@5: 77.76
2025-06-06 01:59:11,524 - log - INFO - iter:8100/8100, clip_acc1=31.209877014160156, tta_acc1=31.209877014160156
2025-06-06 01:59:11,524 - log - INFO - iter:8100/8100, Original Acc@1: 31.21, Acc@5: 77.81, TTA Acc@1: 31.21, Acc@5: 77.81
2025-06-06 01:59:11,641 - log - INFO - Final results - Original Acc@1: 31.21, Acc@5: 77.81, TTA Acc@1: 31.21, Acc@5: 77.81
2025-06-06 01:59:11,642 - log - INFO - Improvement from TTA in Acc@1 0.00, and Acc@5 0.00
2025-06-06 01:59:11,642 - log - INFO - => Acc. on testset [eurosat]: Clean Acc @1 31.209877014160156/ TTA Clean Acc @1 31.209877014160156, Clean Acc @5 77.81481170654297/ TTA Clean Acc @5 77.81481170654297
2025-06-06 01:59:11,642 - log - INFO - Total script execution time: 13775.20 seconds (229.59 minutes)
