2025-06-11 04:50:36,807 - log - INFO - ==========================================
data:/leonardo_work/EUHPC_R04_192/fmohamma/Adversarial_Robust_Clip/atpt_data/downstream_datasets
test_sets:Aircraft
dataset_mode:test
arch:delta_clip_l14_224
resolution:224
workers:4
no_pin_memory:False
batch_size:64
print_freq:20
gpu:0
no_cudnn_benchmark:False
n_ctx:4
ctx_init:a_photo_of_a
tpt_loss:rtpt
seed:0
output_dir:/leonardo_work/EUHPC_R04_192/fmohamma/Adversarial_Robust_Clip/atpt_data/delta_clip_l14_224/Aircraft
log_output_dir:/leonardo_work/EUHPC_R04_192/fmohamma/Adversarial_Robust_Clip/ATPT/Final_Results/delta_clip_l14_224/Aircraft
eps:0.0
alpha:0.0
alpha_eps_ratio:4.0
steps:0
lr:0.005
selection_p:0.1
tta_steps:1
ensemble_type:none
top_k:20
softmax_temp:0.01
counter_attack:True
counter_attack_type:pgd
counter_attack_steps:2
counter_attack_eps:4.0
counter_attack_alpha:1.0
counter_attack_tau_thres:0.2
counter_attack_beta:2.0
counter_attack_weighted_perturbations:True
pgd_clip_pure_i_text_embeddings:null
pgd_counter_and_clipure_i_lamda:1.0
selected_id_name:selected_topk.json
weighted_score_name:weighted_scores.json
batch_entropy_name:entropies.json
log_dir:/leonardo_work/EUHPC_R04_192/fmohamma/Adversarial_Robust_Clip/ATPT/Final_Results/delta_clip_l14_224/Aircraft/Clean/Counter_Attack/Eps_4_0_Steps_2_Alpha_1_0/tau_0_2_beta_2_0_weighted_pertrubation_True/TPT/Optimization_Loss_rtpt_LR_0_005_Optimization_Steps_1_View_Selection_Fraction_0_1/Inference_Ensemble_none

2025-06-11 04:50:36,808 - log - INFO - Use GPU: 0 for training
2025-06-11 04:52:44,506 - log - INFO - Freezing all parameters except prompt learner
2025-06-11 04:52:44,507 - log - INFO - => Model created: visual backbone delta_clip_l14_224
2025-06-11 04:52:44,549 - log - INFO - Number of test samples: 3333
2025-06-11 04:52:44,550 - log - INFO - Evaluating dataset: Aircraft
2025-06-11 04:52:44,551 - log - INFO - Starting evaluation with batch size: 64, selection percentage: 0.1
2025-06-11 04:52:44,551 - log - INFO - Test-time adaptation steps: 1, learning rate: 0.005
2025-06-11 04:52:44,551 - log - INFO - Using counter-attack with epsilon: 4.000000, alpha: 0.000000, steps: 2, tau_thres: 0.2, beta: 2.0, weighted perturbation: True
2025-06-11 04:53:43,210 - log - INFO - iter:20/3333, clip_acc1=0.0, tta_acc1=0.0
2025-06-11 04:53:43,210 - log - INFO - iter:20/3333, Original Acc@1: 0.00, Acc@5: 0.00, TTA Acc@1: 0.00, Acc@5: 0.00
2025-06-11 04:54:33,187 - log - INFO - iter:40/3333, clip_acc1=5.0, tta_acc1=7.5
2025-06-11 04:54:33,188 - log - INFO - iter:40/3333, Original Acc@1: 5.00, Acc@5: 15.00, TTA Acc@1: 7.50, Acc@5: 12.50
2025-06-11 04:55:22,907 - log - INFO - iter:60/3333, clip_acc1=6.6666669845581055, tta_acc1=10.000000953674316
2025-06-11 04:55:22,908 - log - INFO - iter:60/3333, Original Acc@1: 6.67, Acc@5: 36.67, TTA Acc@1: 10.00, Acc@5: 35.00
2025-06-11 04:56:12,554 - log - INFO - iter:80/3333, clip_acc1=6.25, tta_acc1=8.75
2025-06-11 04:56:12,554 - log - INFO - iter:80/3333, Original Acc@1: 6.25, Acc@5: 50.00, TTA Acc@1: 8.75, Acc@5: 47.50
2025-06-11 04:57:02,406 - log - INFO - iter:100/3333, clip_acc1=10.0, tta_acc1=11.0
2025-06-11 04:57:02,406 - log - INFO - iter:100/3333, Original Acc@1: 10.00, Acc@5: 57.00, TTA Acc@1: 11.00, Acc@5: 56.00
2025-06-11 04:57:52,223 - log - INFO - iter:120/3333, clip_acc1=8.333333969116211, tta_acc1=9.166666984558105
2025-06-11 04:57:52,223 - log - INFO - iter:120/3333, Original Acc@1: 8.33, Acc@5: 60.00, TTA Acc@1: 9.17, Acc@5: 58.33
2025-06-11 04:58:42,204 - log - INFO - iter:140/3333, clip_acc1=8.571428298950195, tta_acc1=9.285714149475098
2025-06-11 04:58:42,205 - log - INFO - iter:140/3333, Original Acc@1: 8.57, Acc@5: 64.29, TTA Acc@1: 9.29, Acc@5: 62.86
2025-06-11 04:59:32,384 - log - INFO - iter:160/3333, clip_acc1=12.5, tta_acc1=12.5
2025-06-11 04:59:32,384 - log - INFO - iter:160/3333, Original Acc@1: 12.50, Acc@5: 67.50, TTA Acc@1: 12.50, Acc@5: 65.00
2025-06-11 05:00:22,532 - log - INFO - iter:180/3333, clip_acc1=11.666666984558105, tta_acc1=12.222222328186035
2025-06-11 05:00:22,532 - log - INFO - iter:180/3333, Original Acc@1: 11.67, Acc@5: 63.89, TTA Acc@1: 12.22, Acc@5: 61.11
2025-06-11 05:01:12,533 - log - INFO - iter:200/3333, clip_acc1=10.5, tta_acc1=11.0
2025-06-11 05:01:12,534 - log - INFO - iter:200/3333, Original Acc@1: 10.50, Acc@5: 58.00, TTA Acc@1: 11.00, Acc@5: 55.50
2025-06-11 05:02:02,267 - log - INFO - iter:220/3333, clip_acc1=9.545454025268555, tta_acc1=10.0
2025-06-11 05:02:02,267 - log - INFO - iter:220/3333, Original Acc@1: 9.55, Acc@5: 60.91, TTA Acc@1: 10.00, Acc@5: 58.64
2025-06-11 05:02:52,122 - log - INFO - iter:240/3333, clip_acc1=9.166666984558105, tta_acc1=9.583333969116211
2025-06-11 05:02:52,122 - log - INFO - iter:240/3333, Original Acc@1: 9.17, Acc@5: 62.50, TTA Acc@1: 9.58, Acc@5: 60.83
2025-06-11 05:03:41,987 - log - INFO - iter:260/3333, clip_acc1=8.84615421295166, tta_acc1=9.230769157409668
2025-06-11 05:03:41,988 - log - INFO - iter:260/3333, Original Acc@1: 8.85, Acc@5: 63.46, TTA Acc@1: 9.23, Acc@5: 62.31
2025-06-11 05:04:31,602 - log - INFO - iter:280/3333, clip_acc1=8.214285850524902, tta_acc1=8.571428298950195
2025-06-11 05:04:31,602 - log - INFO - iter:280/3333, Original Acc@1: 8.21, Acc@5: 60.00, TTA Acc@1: 8.57, Acc@5: 59.29
2025-06-11 05:05:21,216 - log - INFO - iter:300/3333, clip_acc1=7.6666669845581055, tta_acc1=8.0
2025-06-11 05:05:21,216 - log - INFO - iter:300/3333, Original Acc@1: 7.67, Acc@5: 56.00, TTA Acc@1: 8.00, Acc@5: 55.33
2025-06-11 05:06:10,989 - log - INFO - iter:320/3333, clip_acc1=7.1875, tta_acc1=7.5
2025-06-11 05:06:10,989 - log - INFO - iter:320/3333, Original Acc@1: 7.19, Acc@5: 55.62, TTA Acc@1: 7.50, Acc@5: 54.69
2025-06-11 05:07:01,107 - log - INFO - iter:340/3333, clip_acc1=7.058823585510254, tta_acc1=7.352941513061523
2025-06-11 05:07:01,107 - log - INFO - iter:340/3333, Original Acc@1: 7.06, Acc@5: 55.00, TTA Acc@1: 7.35, Acc@5: 55.00
2025-06-11 05:07:51,825 - log - INFO - iter:360/3333, clip_acc1=6.6666669845581055, tta_acc1=6.94444465637207
2025-06-11 05:07:51,825 - log - INFO - iter:360/3333, Original Acc@1: 6.67, Acc@5: 57.22, TTA Acc@1: 6.94, Acc@5: 57.22
2025-06-11 05:08:41,479 - log - INFO - iter:380/3333, clip_acc1=7.1052632331848145, tta_acc1=7.1052632331848145
2025-06-11 05:08:41,479 - log - INFO - iter:380/3333, Original Acc@1: 7.11, Acc@5: 58.95, TTA Acc@1: 7.11, Acc@5: 58.95
2025-06-11 05:09:31,197 - log - INFO - iter:400/3333, clip_acc1=6.75, tta_acc1=6.75
2025-06-11 05:09:31,198 - log - INFO - iter:400/3333, Original Acc@1: 6.75, Acc@5: 60.50, TTA Acc@1: 6.75, Acc@5: 60.50
2025-06-11 05:10:20,878 - log - INFO - iter:420/3333, clip_acc1=6.428571701049805, tta_acc1=6.428571701049805
2025-06-11 05:10:20,879 - log - INFO - iter:420/3333, Original Acc@1: 6.43, Acc@5: 62.14, TTA Acc@1: 6.43, Acc@5: 62.14
2025-06-11 05:11:10,585 - log - INFO - iter:440/3333, clip_acc1=7.5, tta_acc1=7.7272725105285645
2025-06-11 05:11:10,585 - log - INFO - iter:440/3333, Original Acc@1: 7.50, Acc@5: 63.64, TTA Acc@1: 7.73, Acc@5: 63.64
2025-06-11 05:12:00,129 - log - INFO - iter:460/3333, clip_acc1=10.434782028198242, tta_acc1=10.652173042297363
2025-06-11 05:12:00,129 - log - INFO - iter:460/3333, Original Acc@1: 10.43, Acc@5: 65.22, TTA Acc@1: 10.65, Acc@5: 65.22
2025-06-11 05:12:49,882 - log - INFO - iter:480/3333, clip_acc1=10.833333969116211, tta_acc1=11.041666984558105
2025-06-11 05:12:49,882 - log - INFO - iter:480/3333, Original Acc@1: 10.83, Acc@5: 64.17, TTA Acc@1: 11.04, Acc@5: 64.38
2025-06-11 05:13:39,936 - log - INFO - iter:500/3333, clip_acc1=10.40000057220459, tta_acc1=10.600000381469727
2025-06-11 05:13:39,936 - log - INFO - iter:500/3333, Original Acc@1: 10.40, Acc@5: 62.80, TTA Acc@1: 10.60, Acc@5: 62.80
2025-06-11 05:14:30,076 - log - INFO - iter:520/3333, clip_acc1=10.0, tta_acc1=10.192307472229004
2025-06-11 05:14:30,076 - log - INFO - iter:520/3333, Original Acc@1: 10.00, Acc@5: 61.15, TTA Acc@1: 10.19, Acc@5: 60.96
2025-06-11 05:15:20,084 - log - INFO - iter:540/3333, clip_acc1=9.814814567565918, tta_acc1=10.0
2025-06-11 05:15:20,084 - log - INFO - iter:540/3333, Original Acc@1: 9.81, Acc@5: 60.56, TTA Acc@1: 10.00, Acc@5: 60.37
2025-06-11 05:16:09,804 - log - INFO - iter:560/3333, clip_acc1=10.892857551574707, tta_acc1=11.071428298950195
2025-06-11 05:16:09,804 - log - INFO - iter:560/3333, Original Acc@1: 10.89, Acc@5: 61.43, TTA Acc@1: 11.07, Acc@5: 61.25
2025-06-11 05:16:59,553 - log - INFO - iter:580/3333, clip_acc1=10.517241477966309, tta_acc1=10.689655303955078
2025-06-11 05:16:59,553 - log - INFO - iter:580/3333, Original Acc@1: 10.52, Acc@5: 62.24, TTA Acc@1: 10.69, Acc@5: 61.72
2025-06-11 05:17:49,318 - log - INFO - iter:600/3333, clip_acc1=10.166666984558105, tta_acc1=10.333333969116211
2025-06-11 05:17:49,319 - log - INFO - iter:600/3333, Original Acc@1: 10.17, Acc@5: 62.83, TTA Acc@1: 10.33, Acc@5: 62.33
2025-06-11 05:18:39,168 - log - INFO - iter:620/3333, clip_acc1=12.096774101257324, tta_acc1=12.096774101257324
2025-06-11 05:18:39,168 - log - INFO - iter:620/3333, Original Acc@1: 12.10, Acc@5: 64.03, TTA Acc@1: 12.10, Acc@5: 63.39
2025-06-11 05:19:29,103 - log - INFO - iter:640/3333, clip_acc1=13.28125, tta_acc1=13.28125
2025-06-11 05:19:29,103 - log - INFO - iter:640/3333, Original Acc@1: 13.28, Acc@5: 64.06, TTA Acc@1: 13.28, Acc@5: 63.59
2025-06-11 05:20:18,985 - log - INFO - iter:660/3333, clip_acc1=12.87878704071045, tta_acc1=13.030303001403809
2025-06-11 05:20:18,986 - log - INFO - iter:660/3333, Original Acc@1: 12.88, Acc@5: 63.33, TTA Acc@1: 13.03, Acc@5: 63.18
2025-06-11 05:21:08,793 - log - INFO - iter:680/3333, clip_acc1=12.5, tta_acc1=12.647059440612793
2025-06-11 05:21:08,793 - log - INFO - iter:680/3333, Original Acc@1: 12.50, Acc@5: 62.79, TTA Acc@1: 12.65, Acc@5: 62.79
2025-06-11 05:21:58,812 - log - INFO - iter:700/3333, clip_acc1=12.14285659790039, tta_acc1=12.428571701049805
2025-06-11 05:21:58,812 - log - INFO - iter:700/3333, Original Acc@1: 12.14, Acc@5: 62.14, TTA Acc@1: 12.43, Acc@5: 62.00
2025-06-11 05:22:48,823 - log - INFO - iter:720/3333, clip_acc1=11.805556297302246, tta_acc1=12.083333969116211
2025-06-11 05:22:48,823 - log - INFO - iter:720/3333, Original Acc@1: 11.81, Acc@5: 60.42, TTA Acc@1: 12.08, Acc@5: 60.28
2025-06-11 05:23:38,625 - log - INFO - iter:740/3333, clip_acc1=11.486486434936523, tta_acc1=11.756756782531738
2025-06-11 05:23:38,626 - log - INFO - iter:740/3333, Original Acc@1: 11.49, Acc@5: 58.92, TTA Acc@1: 11.76, Acc@5: 58.78
2025-06-11 05:24:28,588 - log - INFO - iter:760/3333, clip_acc1=11.184210777282715, tta_acc1=11.447368621826172
2025-06-11 05:24:28,588 - log - INFO - iter:760/3333, Original Acc@1: 11.18, Acc@5: 57.76, TTA Acc@1: 11.45, Acc@5: 57.63
2025-06-11 05:25:18,214 - log - INFO - iter:780/3333, clip_acc1=10.897436141967773, tta_acc1=11.153846740722656
2025-06-11 05:25:18,214 - log - INFO - iter:780/3333, Original Acc@1: 10.90, Acc@5: 56.54, TTA Acc@1: 11.15, Acc@5: 56.41
2025-06-11 05:26:07,972 - log - INFO - iter:800/3333, clip_acc1=10.625, tta_acc1=10.875
2025-06-11 05:26:07,972 - log - INFO - iter:800/3333, Original Acc@1: 10.62, Acc@5: 55.25, TTA Acc@1: 10.88, Acc@5: 55.00
2025-06-11 05:26:57,827 - log - INFO - iter:820/3333, clip_acc1=10.365853309631348, tta_acc1=10.609756469726562
2025-06-11 05:26:57,827 - log - INFO - iter:820/3333, Original Acc@1: 10.37, Acc@5: 54.02, TTA Acc@1: 10.61, Acc@5: 53.90
2025-06-11 05:27:47,875 - log - INFO - iter:840/3333, clip_acc1=10.476190567016602, tta_acc1=10.714285850524902
2025-06-11 05:27:47,875 - log - INFO - iter:840/3333, Original Acc@1: 10.48, Acc@5: 53.10, TTA Acc@1: 10.71, Acc@5: 52.98
2025-06-11 05:28:37,532 - log - INFO - iter:860/3333, clip_acc1=11.39534854888916, tta_acc1=11.744186401367188
2025-06-11 05:28:37,533 - log - INFO - iter:860/3333, Original Acc@1: 11.40, Acc@5: 53.49, TTA Acc@1: 11.74, Acc@5: 53.37
2025-06-11 05:29:27,348 - log - INFO - iter:880/3333, clip_acc1=11.590909004211426, tta_acc1=12.159090995788574
2025-06-11 05:29:27,349 - log - INFO - iter:880/3333, Original Acc@1: 11.59, Acc@5: 53.41, TTA Acc@1: 12.16, Acc@5: 53.30
2025-06-11 05:30:17,032 - log - INFO - iter:900/3333, clip_acc1=11.333333969116211, tta_acc1=11.88888931274414
2025-06-11 05:30:17,032 - log - INFO - iter:900/3333, Original Acc@1: 11.33, Acc@5: 52.56, TTA Acc@1: 11.89, Acc@5: 52.67
2025-06-11 05:31:06,823 - log - INFO - iter:920/3333, clip_acc1=11.630434036254883, tta_acc1=12.173912048339844
2025-06-11 05:31:06,823 - log - INFO - iter:920/3333, Original Acc@1: 11.63, Acc@5: 52.61, TTA Acc@1: 12.17, Acc@5: 53.04
2025-06-11 05:31:56,549 - log - INFO - iter:940/3333, clip_acc1=12.021276473999023, tta_acc1=12.76595687866211
2025-06-11 05:31:56,549 - log - INFO - iter:940/3333, Original Acc@1: 12.02, Acc@5: 53.40, TTA Acc@1: 12.77, Acc@5: 53.83
2025-06-11 05:32:46,503 - log - INFO - iter:960/3333, clip_acc1=11.875000953674316, tta_acc1=12.604166984558105
2025-06-11 05:32:46,503 - log - INFO - iter:960/3333, Original Acc@1: 11.88, Acc@5: 53.44, TTA Acc@1: 12.60, Acc@5: 53.75
2025-06-11 05:33:36,236 - log - INFO - iter:980/3333, clip_acc1=12.653060913085938, tta_acc1=13.36734676361084
2025-06-11 05:33:36,236 - log - INFO - iter:980/3333, Original Acc@1: 12.65, Acc@5: 53.78, TTA Acc@1: 13.37, Acc@5: 54.18
2025-06-11 05:34:26,367 - log - INFO - iter:1000/3333, clip_acc1=13.600000381469727, tta_acc1=14.30000114440918
2025-06-11 05:34:26,367 - log - INFO - iter:1000/3333, Original Acc@1: 13.60, Acc@5: 54.50, TTA Acc@1: 14.30, Acc@5: 54.90
2025-06-11 05:35:16,297 - log - INFO - iter:1020/3333, clip_acc1=13.431373596191406, tta_acc1=14.117648124694824
2025-06-11 05:35:16,297 - log - INFO - iter:1020/3333, Original Acc@1: 13.43, Acc@5: 55.29, TTA Acc@1: 14.12, Acc@5: 55.69
2025-06-11 05:36:06,039 - log - INFO - iter:1040/3333, clip_acc1=13.173076629638672, tta_acc1=13.84615421295166
2025-06-11 05:36:06,040 - log - INFO - iter:1040/3333, Original Acc@1: 13.17, Acc@5: 55.96, TTA Acc@1: 13.85, Acc@5: 56.35
2025-06-11 05:36:56,536 - log - INFO - iter:1060/3333, clip_acc1=13.113207817077637, tta_acc1=13.679245948791504
2025-06-11 05:36:56,536 - log - INFO - iter:1060/3333, Original Acc@1: 13.11, Acc@5: 56.32, TTA Acc@1: 13.68, Acc@5: 56.70
2025-06-11 05:37:46,297 - log - INFO - iter:1080/3333, clip_acc1=13.148147583007812, tta_acc1=13.888888359069824
2025-06-11 05:37:46,297 - log - INFO - iter:1080/3333, Original Acc@1: 13.15, Acc@5: 56.85, TTA Acc@1: 13.89, Acc@5: 57.22
2025-06-11 05:38:36,127 - log - INFO - iter:1100/3333, clip_acc1=13.727272987365723, tta_acc1=14.545454978942871
2025-06-11 05:38:36,127 - log - INFO - iter:1100/3333, Original Acc@1: 13.73, Acc@5: 57.55, TTA Acc@1: 14.55, Acc@5: 57.91
2025-06-11 05:39:26,988 - log - INFO - iter:1120/3333, clip_acc1=14.196428298950195, tta_acc1=15.0
2025-06-11 05:39:26,988 - log - INFO - iter:1120/3333, Original Acc@1: 14.20, Acc@5: 57.50, TTA Acc@1: 15.00, Acc@5: 57.86
2025-06-11 05:40:16,892 - log - INFO - iter:1140/3333, clip_acc1=14.473684310913086, tta_acc1=15.263157844543457
2025-06-11 05:40:16,893 - log - INFO - iter:1140/3333, Original Acc@1: 14.47, Acc@5: 57.63, TTA Acc@1: 15.26, Acc@5: 57.98
2025-06-11 05:41:06,649 - log - INFO - iter:1160/3333, clip_acc1=14.224138259887695, tta_acc1=15.0
2025-06-11 05:41:06,650 - log - INFO - iter:1160/3333, Original Acc@1: 14.22, Acc@5: 57.33, TTA Acc@1: 15.00, Acc@5: 57.59
2025-06-11 05:41:56,464 - log - INFO - iter:1180/3333, clip_acc1=13.983050346374512, tta_acc1=14.745762825012207
2025-06-11 05:41:56,464 - log - INFO - iter:1180/3333, Original Acc@1: 13.98, Acc@5: 57.20, TTA Acc@1: 14.75, Acc@5: 57.54
2025-06-11 05:42:46,179 - log - INFO - iter:1200/3333, clip_acc1=13.833333969116211, tta_acc1=14.5
2025-06-11 05:42:46,180 - log - INFO - iter:1200/3333, Original Acc@1: 13.83, Acc@5: 57.33, TTA Acc@1: 14.50, Acc@5: 57.50
2025-06-11 05:43:35,743 - log - INFO - iter:1220/3333, clip_acc1=13.68852424621582, tta_acc1=14.26229476928711
2025-06-11 05:43:35,743 - log - INFO - iter:1220/3333, Original Acc@1: 13.69, Acc@5: 57.95, TTA Acc@1: 14.26, Acc@5: 58.11
2025-06-11 05:44:25,509 - log - INFO - iter:1240/3333, clip_acc1=13.95161247253418, tta_acc1=14.516128540039062
2025-06-11 05:44:25,509 - log - INFO - iter:1240/3333, Original Acc@1: 13.95, Acc@5: 58.63, TTA Acc@1: 14.52, Acc@5: 58.79
2025-06-11 05:45:15,222 - log - INFO - iter:1260/3333, clip_acc1=14.920635223388672, tta_acc1=15.55555534362793
2025-06-11 05:45:15,222 - log - INFO - iter:1260/3333, Original Acc@1: 14.92, Acc@5: 59.29, TTA Acc@1: 15.56, Acc@5: 59.44
2025-06-11 05:46:04,962 - log - INFO - iter:1280/3333, clip_acc1=15.078125, tta_acc1=15.703125
2025-06-11 05:46:04,962 - log - INFO - iter:1280/3333, Original Acc@1: 15.08, Acc@5: 59.92, TTA Acc@1: 15.70, Acc@5: 60.08
2025-06-11 05:46:54,787 - log - INFO - iter:1300/3333, clip_acc1=14.84615421295166, tta_acc1=15.461538314819336
2025-06-11 05:46:54,787 - log - INFO - iter:1300/3333, Original Acc@1: 14.85, Acc@5: 60.54, TTA Acc@1: 15.46, Acc@5: 60.69
2025-06-11 05:47:44,699 - log - INFO - iter:1320/3333, clip_acc1=14.621212005615234, tta_acc1=15.227272033691406
2025-06-11 05:47:44,699 - log - INFO - iter:1320/3333, Original Acc@1: 14.62, Acc@5: 59.62, TTA Acc@1: 15.23, Acc@5: 59.77
2025-06-11 05:48:34,462 - log - INFO - iter:1340/3333, clip_acc1=14.776119232177734, tta_acc1=15.37313461303711
2025-06-11 05:48:34,462 - log - INFO - iter:1340/3333, Original Acc@1: 14.78, Acc@5: 59.25, TTA Acc@1: 15.37, Acc@5: 59.40
2025-06-11 05:49:23,953 - log - INFO - iter:1360/3333, clip_acc1=15.588235855102539, tta_acc1=16.176471710205078
2025-06-11 05:49:23,954 - log - INFO - iter:1360/3333, Original Acc@1: 15.59, Acc@5: 59.78, TTA Acc@1: 16.18, Acc@5: 59.93
2025-06-11 05:50:13,422 - log - INFO - iter:1380/3333, clip_acc1=15.94202995300293, tta_acc1=16.521739959716797
2025-06-11 05:50:13,422 - log - INFO - iter:1380/3333, Original Acc@1: 15.94, Acc@5: 60.29, TTA Acc@1: 16.52, Acc@5: 60.43
2025-06-11 05:51:03,147 - log - INFO - iter:1400/3333, clip_acc1=15.857142448425293, tta_acc1=16.5
2025-06-11 05:51:03,148 - log - INFO - iter:1400/3333, Original Acc@1: 15.86, Acc@5: 60.57, TTA Acc@1: 16.50, Acc@5: 60.71
2025-06-11 05:51:53,005 - log - INFO - iter:1420/3333, clip_acc1=16.408451080322266, tta_acc1=17.112674713134766
2025-06-11 05:51:53,005 - log - INFO - iter:1420/3333, Original Acc@1: 16.41, Acc@5: 61.06, TTA Acc@1: 17.11, Acc@5: 61.20
2025-06-11 05:52:42,627 - log - INFO - iter:1440/3333, clip_acc1=16.73611068725586, tta_acc1=17.56944465637207
2025-06-11 05:52:42,628 - log - INFO - iter:1440/3333, Original Acc@1: 16.74, Acc@5: 61.60, TTA Acc@1: 17.57, Acc@5: 61.74
2025-06-11 05:53:32,295 - log - INFO - iter:1460/3333, clip_acc1=16.575342178344727, tta_acc1=17.397260665893555
2025-06-11 05:53:32,296 - log - INFO - iter:1460/3333, Original Acc@1: 16.58, Acc@5: 61.85, TTA Acc@1: 17.40, Acc@5: 61.99
2025-06-11 05:54:22,027 - log - INFO - iter:1480/3333, clip_acc1=16.486486434936523, tta_acc1=17.297298431396484
2025-06-11 05:54:22,027 - log - INFO - iter:1480/3333, Original Acc@1: 16.49, Acc@5: 61.89, TTA Acc@1: 17.30, Acc@5: 62.03
2025-06-11 05:55:11,945 - log - INFO - iter:1500/3333, clip_acc1=16.266666412353516, tta_acc1=17.066665649414062
2025-06-11 05:55:11,945 - log - INFO - iter:1500/3333, Original Acc@1: 16.27, Acc@5: 61.87, TTA Acc@1: 17.07, Acc@5: 62.00
2025-06-11 05:56:01,729 - log - INFO - iter:1520/3333, clip_acc1=16.3157901763916, tta_acc1=17.10526466369629
2025-06-11 05:56:01,729 - log - INFO - iter:1520/3333, Original Acc@1: 16.32, Acc@5: 62.17, TTA Acc@1: 17.11, Acc@5: 62.30
2025-06-11 05:56:51,396 - log - INFO - iter:1540/3333, clip_acc1=16.10389518737793, tta_acc1=16.94805145263672
2025-06-11 05:56:51,397 - log - INFO - iter:1540/3333, Original Acc@1: 16.10, Acc@5: 62.21, TTA Acc@1: 16.95, Acc@5: 62.34
2025-06-11 05:57:41,317 - log - INFO - iter:1560/3333, clip_acc1=15.897436141967773, tta_acc1=16.730770111083984
2025-06-11 05:57:41,318 - log - INFO - iter:1560/3333, Original Acc@1: 15.90, Acc@5: 61.86, TTA Acc@1: 16.73, Acc@5: 61.99
2025-06-11 05:58:31,505 - log - INFO - iter:1580/3333, clip_acc1=16.582279205322266, tta_acc1=17.40506362915039
2025-06-11 05:58:31,505 - log - INFO - iter:1580/3333, Original Acc@1: 16.58, Acc@5: 62.09, TTA Acc@1: 17.41, Acc@5: 62.22
2025-06-11 05:59:21,410 - log - INFO - iter:1600/3333, clip_acc1=17.5625, tta_acc1=18.375
2025-06-11 05:59:21,410 - log - INFO - iter:1600/3333, Original Acc@1: 17.56, Acc@5: 62.56, TTA Acc@1: 18.38, Acc@5: 62.69
2025-06-11 06:00:11,220 - log - INFO - iter:1620/3333, clip_acc1=18.33333396911621, tta_acc1=19.259260177612305
2025-06-11 06:00:11,220 - log - INFO - iter:1620/3333, Original Acc@1: 18.33, Acc@5: 63.02, TTA Acc@1: 19.26, Acc@5: 63.15
2025-06-11 06:01:00,936 - log - INFO - iter:1640/3333, clip_acc1=18.90243911743164, tta_acc1=19.878047943115234
2025-06-11 06:01:00,936 - log - INFO - iter:1640/3333, Original Acc@1: 18.90, Acc@5: 63.48, TTA Acc@1: 19.88, Acc@5: 63.60
2025-06-11 06:01:50,578 - log - INFO - iter:1660/3333, clip_acc1=19.45783233642578, tta_acc1=20.421688079833984
2025-06-11 06:01:50,578 - log - INFO - iter:1660/3333, Original Acc@1: 19.46, Acc@5: 63.80, TTA Acc@1: 20.42, Acc@5: 63.92
2025-06-11 06:02:40,252 - log - INFO - iter:1680/3333, clip_acc1=19.58333396911621, tta_acc1=20.535715103149414
2025-06-11 06:02:40,253 - log - INFO - iter:1680/3333, Original Acc@1: 19.58, Acc@5: 63.99, TTA Acc@1: 20.54, Acc@5: 64.11
2025-06-11 06:03:29,850 - log - INFO - iter:1700/3333, clip_acc1=19.35293960571289, tta_acc1=20.294116973876953
2025-06-11 06:03:29,850 - log - INFO - iter:1700/3333, Original Acc@1: 19.35, Acc@5: 63.76, TTA Acc@1: 20.29, Acc@5: 64.06
2025-06-11 06:04:19,614 - log - INFO - iter:1720/3333, clip_acc1=19.127906799316406, tta_acc1=20.05813980102539
2025-06-11 06:04:19,615 - log - INFO - iter:1720/3333, Original Acc@1: 19.13, Acc@5: 63.02, TTA Acc@1: 20.06, Acc@5: 63.31
2025-06-11 06:05:09,491 - log - INFO - iter:1740/3333, clip_acc1=19.080459594726562, tta_acc1=20.0
2025-06-11 06:05:09,491 - log - INFO - iter:1740/3333, Original Acc@1: 19.08, Acc@5: 62.53, TTA Acc@1: 20.00, Acc@5: 62.82
2025-06-11 06:05:59,505 - log - INFO - iter:1760/3333, clip_acc1=18.863636016845703, tta_acc1=19.77272605895996
2025-06-11 06:05:59,505 - log - INFO - iter:1760/3333, Original Acc@1: 18.86, Acc@5: 62.50, TTA Acc@1: 19.77, Acc@5: 62.78
2025-06-11 06:06:49,768 - log - INFO - iter:1780/3333, clip_acc1=19.438201904296875, tta_acc1=20.337078094482422
2025-06-11 06:06:49,768 - log - INFO - iter:1780/3333, Original Acc@1: 19.44, Acc@5: 62.92, TTA Acc@1: 20.34, Acc@5: 63.20
2025-06-11 06:07:39,790 - log - INFO - iter:1800/3333, clip_acc1=20.22222328186035, tta_acc1=21.11111068725586
2025-06-11 06:07:39,790 - log - INFO - iter:1800/3333, Original Acc@1: 20.22, Acc@5: 63.28, TTA Acc@1: 21.11, Acc@5: 63.56
2025-06-11 06:08:29,721 - log - INFO - iter:1820/3333, clip_acc1=20.43956184387207, tta_acc1=21.373626708984375
2025-06-11 06:08:29,721 - log - INFO - iter:1820/3333, Original Acc@1: 20.44, Acc@5: 63.63, TTA Acc@1: 21.37, Acc@5: 63.90
2025-06-11 06:09:19,671 - log - INFO - iter:1840/3333, clip_acc1=20.923912048339844, tta_acc1=21.956520080566406
2025-06-11 06:09:19,671 - log - INFO - iter:1840/3333, Original Acc@1: 20.92, Acc@5: 63.86, TTA Acc@1: 21.96, Acc@5: 64.18
2025-06-11 06:10:09,705 - log - INFO - iter:1860/3333, clip_acc1=20.86021614074707, tta_acc1=21.935483932495117
2025-06-11 06:10:09,705 - log - INFO - iter:1860/3333, Original Acc@1: 20.86, Acc@5: 63.60, TTA Acc@1: 21.94, Acc@5: 64.03
2025-06-11 06:10:59,657 - log - INFO - iter:1880/3333, clip_acc1=21.010637283325195, tta_acc1=22.074466705322266
2025-06-11 06:10:59,658 - log - INFO - iter:1880/3333, Original Acc@1: 21.01, Acc@5: 63.67, TTA Acc@1: 22.07, Acc@5: 64.15
2025-06-11 06:11:49,720 - log - INFO - iter:1900/3333, clip_acc1=21.26315689086914, tta_acc1=22.368419647216797
2025-06-11 06:11:49,720 - log - INFO - iter:1900/3333, Original Acc@1: 21.26, Acc@5: 63.84, TTA Acc@1: 22.37, Acc@5: 64.32
2025-06-11 06:12:39,904 - log - INFO - iter:1920/3333, clip_acc1=21.041667938232422, tta_acc1=22.135417938232422
2025-06-11 06:12:39,905 - log - INFO - iter:1920/3333, Original Acc@1: 21.04, Acc@5: 63.18, TTA Acc@1: 22.14, Acc@5: 63.65
2025-06-11 06:13:32,006 - log - INFO - iter:1940/3333, clip_acc1=20.824743270874023, tta_acc1=21.907217025756836
2025-06-11 06:13:32,006 - log - INFO - iter:1940/3333, Original Acc@1: 20.82, Acc@5: 62.53, TTA Acc@1: 21.91, Acc@5: 62.99
2025-06-11 06:14:22,057 - log - INFO - iter:1960/3333, clip_acc1=20.61224365234375, tta_acc1=21.683671951293945
2025-06-11 06:14:22,057 - log - INFO - iter:1960/3333, Original Acc@1: 20.61, Acc@5: 61.99, TTA Acc@1: 21.68, Acc@5: 62.45
2025-06-11 06:15:11,974 - log - INFO - iter:1980/3333, clip_acc1=20.404041290283203, tta_acc1=21.46464729309082
2025-06-11 06:15:11,974 - log - INFO - iter:1980/3333, Original Acc@1: 20.40, Acc@5: 61.36, TTA Acc@1: 21.46, Acc@5: 61.82
2025-06-11 06:16:02,043 - log - INFO - iter:2000/3333, clip_acc1=20.200000762939453, tta_acc1=21.250001907348633
2025-06-11 06:16:02,043 - log - INFO - iter:2000/3333, Original Acc@1: 20.20, Acc@5: 60.75, TTA Acc@1: 21.25, Acc@5: 61.20
2025-06-11 06:16:52,377 - log - INFO - iter:2020/3333, clip_acc1=20.0, tta_acc1=21.03960418701172
2025-06-11 06:16:52,378 - log - INFO - iter:2020/3333, Original Acc@1: 20.00, Acc@5: 60.35, TTA Acc@1: 21.04, Acc@5: 60.69
2025-06-11 06:17:42,571 - log - INFO - iter:2040/3333, clip_acc1=19.803922653198242, tta_acc1=20.83333396911621
2025-06-11 06:17:42,572 - log - INFO - iter:2040/3333, Original Acc@1: 19.80, Acc@5: 60.05, TTA Acc@1: 20.83, Acc@5: 60.34
2025-06-11 06:18:32,547 - log - INFO - iter:2060/3333, clip_acc1=19.611650466918945, tta_acc1=20.63106918334961
2025-06-11 06:18:32,548 - log - INFO - iter:2060/3333, Original Acc@1: 19.61, Acc@5: 59.90, TTA Acc@1: 20.63, Acc@5: 60.05
2025-06-11 06:19:22,359 - log - INFO - iter:2080/3333, clip_acc1=19.423076629638672, tta_acc1=20.43269157409668
2025-06-11 06:19:22,360 - log - INFO - iter:2080/3333, Original Acc@1: 19.42, Acc@5: 59.33, TTA Acc@1: 20.43, Acc@5: 59.47
2025-06-11 06:20:12,234 - log - INFO - iter:2100/3333, clip_acc1=19.238094329833984, tta_acc1=20.238094329833984
2025-06-11 06:20:12,234 - log - INFO - iter:2100/3333, Original Acc@1: 19.24, Acc@5: 58.76, TTA Acc@1: 20.24, Acc@5: 58.90
2025-06-11 06:21:02,301 - log - INFO - iter:2120/3333, clip_acc1=19.90566062927246, tta_acc1=20.89622688293457
2025-06-11 06:21:02,301 - log - INFO - iter:2120/3333, Original Acc@1: 19.91, Acc@5: 59.10, TTA Acc@1: 20.90, Acc@5: 59.25
2025-06-11 06:21:52,410 - log - INFO - iter:2140/3333, clip_acc1=20.28037452697754, tta_acc1=21.261682510375977
2025-06-11 06:21:52,410 - log - INFO - iter:2140/3333, Original Acc@1: 20.28, Acc@5: 59.16, TTA Acc@1: 21.26, Acc@5: 59.30
2025-06-11 06:22:42,536 - log - INFO - iter:2160/3333, clip_acc1=20.092592239379883, tta_acc1=21.0648136138916
2025-06-11 06:22:42,536 - log - INFO - iter:2160/3333, Original Acc@1: 20.09, Acc@5: 58.61, TTA Acc@1: 21.06, Acc@5: 58.75
2025-06-11 06:23:32,647 - log - INFO - iter:2180/3333, clip_acc1=19.90825653076172, tta_acc1=20.871559143066406
2025-06-11 06:23:32,647 - log - INFO - iter:2180/3333, Original Acc@1: 19.91, Acc@5: 58.07, TTA Acc@1: 20.87, Acc@5: 58.21
2025-06-11 06:24:23,008 - log - INFO - iter:2200/3333, clip_acc1=19.727272033691406, tta_acc1=20.68181800842285
2025-06-11 06:24:23,008 - log - INFO - iter:2200/3333, Original Acc@1: 19.73, Acc@5: 57.55, TTA Acc@1: 20.68, Acc@5: 57.68
2025-06-11 06:25:13,171 - log - INFO - iter:2220/3333, clip_acc1=19.549549102783203, tta_acc1=20.49549674987793
2025-06-11 06:25:13,171 - log - INFO - iter:2220/3333, Original Acc@1: 19.55, Acc@5: 57.03, TTA Acc@1: 20.50, Acc@5: 57.16
2025-06-11 06:26:03,204 - log - INFO - iter:2240/3333, clip_acc1=19.375, tta_acc1=20.3125
2025-06-11 06:26:03,205 - log - INFO - iter:2240/3333, Original Acc@1: 19.38, Acc@5: 56.52, TTA Acc@1: 20.31, Acc@5: 56.65
2025-06-11 06:26:53,351 - log - INFO - iter:2260/3333, clip_acc1=19.20353889465332, tta_acc1=20.13274383544922
2025-06-11 06:26:53,352 - log - INFO - iter:2260/3333, Original Acc@1: 19.20, Acc@5: 56.02, TTA Acc@1: 20.13, Acc@5: 56.15
2025-06-11 06:27:44,025 - log - INFO - iter:2280/3333, clip_acc1=19.03508758544922, tta_acc1=19.956140518188477
2025-06-11 06:27:44,025 - log - INFO - iter:2280/3333, Original Acc@1: 19.04, Acc@5: 55.53, TTA Acc@1: 19.96, Acc@5: 55.70
2025-06-11 06:28:33,954 - log - INFO - iter:2300/3333, clip_acc1=18.869565963745117, tta_acc1=19.782609939575195
2025-06-11 06:28:33,954 - log - INFO - iter:2300/3333, Original Acc@1: 18.87, Acc@5: 55.13, TTA Acc@1: 19.78, Acc@5: 55.39
2025-06-11 06:29:23,843 - log - INFO - iter:2320/3333, clip_acc1=19.181034088134766, tta_acc1=20.04310417175293
2025-06-11 06:29:23,843 - log - INFO - iter:2320/3333, Original Acc@1: 19.18, Acc@5: 55.52, TTA Acc@1: 20.04, Acc@5: 55.78
2025-06-11 06:30:13,930 - log - INFO - iter:2340/3333, clip_acc1=19.44444465637207, tta_acc1=20.299144744873047
2025-06-11 06:30:13,930 - log - INFO - iter:2340/3333, Original Acc@1: 19.44, Acc@5: 55.90, TTA Acc@1: 20.30, Acc@5: 56.15
2025-06-11 06:31:04,051 - log - INFO - iter:2360/3333, clip_acc1=19.406780242919922, tta_acc1=20.254236221313477
2025-06-11 06:31:04,051 - log - INFO - iter:2360/3333, Original Acc@1: 19.41, Acc@5: 56.27, TTA Acc@1: 20.25, Acc@5: 56.53
2025-06-11 06:31:54,281 - log - INFO - iter:2380/3333, clip_acc1=19.957983016967773, tta_acc1=20.79831886291504
2025-06-11 06:31:54,282 - log - INFO - iter:2380/3333, Original Acc@1: 19.96, Acc@5: 56.64, TTA Acc@1: 20.80, Acc@5: 56.89
2025-06-11 06:32:44,429 - log - INFO - iter:2400/3333, clip_acc1=20.625, tta_acc1=21.45833396911621
2025-06-11 06:32:44,429 - log - INFO - iter:2400/3333, Original Acc@1: 20.62, Acc@5: 57.00, TTA Acc@1: 21.46, Acc@5: 57.25
2025-06-11 06:33:34,593 - log - INFO - iter:2420/3333, clip_acc1=21.239669799804688, tta_acc1=22.066116333007812
2025-06-11 06:33:34,593 - log - INFO - iter:2420/3333, Original Acc@1: 21.24, Acc@5: 57.36, TTA Acc@1: 22.07, Acc@5: 57.60
2025-06-11 06:34:24,599 - log - INFO - iter:2440/3333, clip_acc1=21.76229476928711, tta_acc1=22.581966400146484
2025-06-11 06:34:24,599 - log - INFO - iter:2440/3333, Original Acc@1: 21.76, Acc@5: 57.70, TTA Acc@1: 22.58, Acc@5: 57.95
2025-06-11 06:35:14,704 - log - INFO - iter:2460/3333, clip_acc1=22.398372650146484, tta_acc1=23.211381912231445
2025-06-11 06:35:14,704 - log - INFO - iter:2460/3333, Original Acc@1: 22.40, Acc@5: 58.05, TTA Acc@1: 23.21, Acc@5: 58.29
2025-06-11 06:36:05,091 - log - INFO - iter:2480/3333, clip_acc1=22.74193572998047, tta_acc1=23.467741012573242
2025-06-11 06:36:05,091 - log - INFO - iter:2480/3333, Original Acc@1: 22.74, Acc@5: 58.35, TTA Acc@1: 23.47, Acc@5: 58.59
2025-06-11 06:36:54,993 - log - INFO - iter:2500/3333, clip_acc1=22.920000076293945, tta_acc1=23.599998474121094
2025-06-11 06:36:54,993 - log - INFO - iter:2500/3333, Original Acc@1: 22.92, Acc@5: 58.52, TTA Acc@1: 23.60, Acc@5: 58.76
2025-06-11 06:37:45,061 - log - INFO - iter:2520/3333, clip_acc1=22.85714340209961, tta_acc1=23.492063522338867
2025-06-11 06:37:45,061 - log - INFO - iter:2520/3333, Original Acc@1: 22.86, Acc@5: 58.73, TTA Acc@1: 23.49, Acc@5: 58.93
2025-06-11 06:38:34,980 - log - INFO - iter:2540/3333, clip_acc1=22.87401580810547, tta_acc1=23.503936767578125
2025-06-11 06:38:34,980 - log - INFO - iter:2540/3333, Original Acc@1: 22.87, Acc@5: 58.90, TTA Acc@1: 23.50, Acc@5: 59.09
2025-06-11 06:39:24,970 - log - INFO - iter:2560/3333, clip_acc1=22.7734375, tta_acc1=23.3984375
2025-06-11 06:39:24,971 - log - INFO - iter:2560/3333, Original Acc@1: 22.77, Acc@5: 58.79, TTA Acc@1: 23.40, Acc@5: 58.95
2025-06-11 06:40:14,979 - log - INFO - iter:2580/3333, clip_acc1=22.596899032592773, tta_acc1=23.21705436706543
2025-06-11 06:40:14,979 - log - INFO - iter:2580/3333, Original Acc@1: 22.60, Acc@5: 58.84, TTA Acc@1: 23.22, Acc@5: 59.03
2025-06-11 06:41:05,115 - log - INFO - iter:2600/3333, clip_acc1=22.423076629638672, tta_acc1=23.038461685180664
2025-06-11 06:41:05,116 - log - INFO - iter:2600/3333, Original Acc@1: 22.42, Acc@5: 58.92, TTA Acc@1: 23.04, Acc@5: 59.15
2025-06-11 06:41:55,340 - log - INFO - iter:2620/3333, clip_acc1=22.251909255981445, tta_acc1=22.862594604492188
2025-06-11 06:41:55,340 - log - INFO - iter:2620/3333, Original Acc@1: 22.25, Acc@5: 59.01, TTA Acc@1: 22.86, Acc@5: 59.24
2025-06-11 06:42:45,105 - log - INFO - iter:2640/3333, clip_acc1=22.083332061767578, tta_acc1=22.689393997192383
2025-06-11 06:42:45,106 - log - INFO - iter:2640/3333, Original Acc@1: 22.08, Acc@5: 58.90, TTA Acc@1: 22.69, Acc@5: 59.13
2025-06-11 06:43:35,220 - log - INFO - iter:2660/3333, clip_acc1=21.917293548583984, tta_acc1=22.518796920776367
2025-06-11 06:43:35,220 - log - INFO - iter:2660/3333, Original Acc@1: 21.92, Acc@5: 58.46, TTA Acc@1: 22.52, Acc@5: 58.68
2025-06-11 06:44:25,157 - log - INFO - iter:2680/3333, clip_acc1=22.238805770874023, tta_acc1=22.8358211517334
2025-06-11 06:44:25,157 - log - INFO - iter:2680/3333, Original Acc@1: 22.24, Acc@5: 58.51, TTA Acc@1: 22.84, Acc@5: 58.73
2025-06-11 06:45:15,241 - log - INFO - iter:2700/3333, clip_acc1=22.703702926635742, tta_acc1=23.33333396911621
2025-06-11 06:45:15,241 - log - INFO - iter:2700/3333, Original Acc@1: 22.70, Acc@5: 58.81, TTA Acc@1: 23.33, Acc@5: 59.00
2025-06-11 06:46:05,346 - log - INFO - iter:2720/3333, clip_acc1=22.536766052246094, tta_acc1=23.161766052246094
2025-06-11 06:46:05,347 - log - INFO - iter:2720/3333, Original Acc@1: 22.54, Acc@5: 58.75, TTA Acc@1: 23.16, Acc@5: 59.01
2025-06-11 06:46:55,400 - log - INFO - iter:2740/3333, clip_acc1=22.37226104736328, tta_acc1=22.992700576782227
2025-06-11 06:46:55,400 - log - INFO - iter:2740/3333, Original Acc@1: 22.37, Acc@5: 58.65, TTA Acc@1: 22.99, Acc@5: 58.94
2025-06-11 06:47:45,356 - log - INFO - iter:2760/3333, clip_acc1=22.210145950317383, tta_acc1=22.826087951660156
2025-06-11 06:47:45,357 - log - INFO - iter:2760/3333, Original Acc@1: 22.21, Acc@5: 58.44, TTA Acc@1: 22.83, Acc@5: 58.62
2025-06-11 06:48:35,453 - log - INFO - iter:2780/3333, clip_acc1=22.482013702392578, tta_acc1=23.12949562072754
2025-06-11 06:48:35,453 - log - INFO - iter:2780/3333, Original Acc@1: 22.48, Acc@5: 58.53, TTA Acc@1: 23.13, Acc@5: 58.71
2025-06-11 06:49:25,422 - log - INFO - iter:2800/3333, clip_acc1=22.89285659790039, tta_acc1=23.60714340209961
2025-06-11 06:49:25,422 - log - INFO - iter:2800/3333, Original Acc@1: 22.89, Acc@5: 58.82, TTA Acc@1: 23.61, Acc@5: 59.00
2025-06-11 06:50:15,252 - log - INFO - iter:2820/3333, clip_acc1=22.73049545288086, tta_acc1=23.439716339111328
2025-06-11 06:50:15,252 - log - INFO - iter:2820/3333, Original Acc@1: 22.73, Acc@5: 58.62, TTA Acc@1: 23.44, Acc@5: 58.76
2025-06-11 06:51:05,021 - log - INFO - iter:2840/3333, clip_acc1=22.711267471313477, tta_acc1=23.450702667236328
2025-06-11 06:51:05,021 - log - INFO - iter:2840/3333, Original Acc@1: 22.71, Acc@5: 58.52, TTA Acc@1: 23.45, Acc@5: 58.66
2025-06-11 06:51:55,089 - log - INFO - iter:2860/3333, clip_acc1=23.041959762573242, tta_acc1=23.811189651489258
2025-06-11 06:51:55,089 - log - INFO - iter:2860/3333, Original Acc@1: 23.04, Acc@5: 58.78, TTA Acc@1: 23.81, Acc@5: 58.92
2025-06-11 06:52:45,389 - log - INFO - iter:2880/3333, clip_acc1=22.95138931274414, tta_acc1=23.71527862548828
2025-06-11 06:52:45,389 - log - INFO - iter:2880/3333, Original Acc@1: 22.95, Acc@5: 58.65, TTA Acc@1: 23.72, Acc@5: 58.78
2025-06-11 06:53:35,421 - log - INFO - iter:2900/3333, clip_acc1=22.79310417175293, tta_acc1=23.551725387573242
2025-06-11 06:53:35,426 - log - INFO - iter:2900/3333, Original Acc@1: 22.79, Acc@5: 58.55, TTA Acc@1: 23.55, Acc@5: 58.72
2025-06-11 06:54:25,530 - log - INFO - iter:2920/3333, clip_acc1=22.671234130859375, tta_acc1=23.458904266357422
2025-06-11 06:54:25,530 - log - INFO - iter:2920/3333, Original Acc@1: 22.67, Acc@5: 58.60, TTA Acc@1: 23.46, Acc@5: 58.77
2025-06-11 06:55:15,683 - log - INFO - iter:2940/3333, clip_acc1=22.551021575927734, tta_acc1=23.367347717285156
2025-06-11 06:55:15,683 - log - INFO - iter:2940/3333, Original Acc@1: 22.55, Acc@5: 58.47, TTA Acc@1: 23.37, Acc@5: 58.67
2025-06-11 06:56:05,602 - log - INFO - iter:2960/3333, clip_acc1=22.398649215698242, tta_acc1=23.20945930480957
2025-06-11 06:56:05,602 - log - INFO - iter:2960/3333, Original Acc@1: 22.40, Acc@5: 58.07, TTA Acc@1: 23.21, Acc@5: 58.28
2025-06-11 06:56:55,532 - log - INFO - iter:2980/3333, clip_acc1=22.248323440551758, tta_acc1=23.053691864013672
2025-06-11 06:56:55,533 - log - INFO - iter:2980/3333, Original Acc@1: 22.25, Acc@5: 57.68, TTA Acc@1: 23.05, Acc@5: 57.89
2025-06-11 06:57:45,530 - log - INFO - iter:3000/3333, clip_acc1=22.100000381469727, tta_acc1=22.899999618530273
2025-06-11 06:57:45,530 - log - INFO - iter:3000/3333, Original Acc@1: 22.10, Acc@5: 57.33, TTA Acc@1: 22.90, Acc@5: 57.53
2025-06-11 06:58:35,671 - log - INFO - iter:3020/3333, clip_acc1=21.953641891479492, tta_acc1=22.74834442138672
2025-06-11 06:58:35,672 - log - INFO - iter:3020/3333, Original Acc@1: 21.95, Acc@5: 56.95, TTA Acc@1: 22.75, Acc@5: 57.15
2025-06-11 06:59:25,920 - log - INFO - iter:3040/3333, clip_acc1=21.80921173095703, tta_acc1=22.598684310913086
2025-06-11 06:59:25,920 - log - INFO - iter:3040/3333, Original Acc@1: 21.81, Acc@5: 56.61, TTA Acc@1: 22.60, Acc@5: 56.81
2025-06-11 07:00:16,072 - log - INFO - iter:3060/3333, clip_acc1=21.732027053833008, tta_acc1=22.516340255737305
2025-06-11 07:00:16,073 - log - INFO - iter:3060/3333, Original Acc@1: 21.73, Acc@5: 56.50, TTA Acc@1: 22.52, Acc@5: 56.57
2025-06-11 07:01:06,027 - log - INFO - iter:3080/3333, clip_acc1=21.59090805053711, tta_acc1=22.370128631591797
2025-06-11 07:01:06,027 - log - INFO - iter:3080/3333, Original Acc@1: 21.59, Acc@5: 56.17, TTA Acc@1: 22.37, Acc@5: 56.20
2025-06-11 07:01:55,913 - log - INFO - iter:3100/3333, clip_acc1=21.451614379882812, tta_acc1=22.225807189941406
2025-06-11 07:01:55,913 - log - INFO - iter:3100/3333, Original Acc@1: 21.45, Acc@5: 55.81, TTA Acc@1: 22.23, Acc@5: 55.84
2025-06-11 07:02:45,938 - log - INFO - iter:3120/3333, clip_acc1=21.314104080200195, tta_acc1=22.08333396911621
2025-06-11 07:02:45,939 - log - INFO - iter:3120/3333, Original Acc@1: 21.31, Acc@5: 55.45, TTA Acc@1: 22.08, Acc@5: 55.48
2025-06-11 07:03:35,918 - log - INFO - iter:3140/3333, clip_acc1=21.1783447265625, tta_acc1=21.94267463684082
2025-06-11 07:03:35,919 - log - INFO - iter:3140/3333, Original Acc@1: 21.18, Acc@5: 55.16, TTA Acc@1: 21.94, Acc@5: 55.16
2025-06-11 07:04:26,176 - log - INFO - iter:3160/3333, clip_acc1=21.04430389404297, tta_acc1=21.803796768188477
2025-06-11 07:04:26,176 - log - INFO - iter:3160/3333, Original Acc@1: 21.04, Acc@5: 55.00, TTA Acc@1: 21.80, Acc@5: 54.97
2025-06-11 07:05:16,303 - log - INFO - iter:3180/3333, clip_acc1=21.352201461791992, tta_acc1=22.106918334960938
2025-06-11 07:05:16,303 - log - INFO - iter:3180/3333, Original Acc@1: 21.35, Acc@5: 55.16, TTA Acc@1: 22.11, Acc@5: 55.09
2025-06-11 07:06:06,135 - log - INFO - iter:3200/3333, clip_acc1=21.84375, tta_acc1=22.59375
2025-06-11 07:06:06,135 - log - INFO - iter:3200/3333, Original Acc@1: 21.84, Acc@5: 55.44, TTA Acc@1: 22.59, Acc@5: 55.38
2025-06-11 07:06:56,036 - log - INFO - iter:3220/3333, clip_acc1=21.70807456970215, tta_acc1=22.453414916992188
2025-06-11 07:06:56,037 - log - INFO - iter:3220/3333, Original Acc@1: 21.71, Acc@5: 55.09, TTA Acc@1: 22.45, Acc@5: 55.03
2025-06-11 07:07:45,858 - log - INFO - iter:3240/3333, clip_acc1=21.57407569885254, tta_acc1=22.314815521240234
2025-06-11 07:07:45,858 - log - INFO - iter:3240/3333, Original Acc@1: 21.57, Acc@5: 54.85, TTA Acc@1: 22.31, Acc@5: 54.78
2025-06-11 07:08:35,827 - log - INFO - iter:3260/3333, clip_acc1=21.44171714782715, tta_acc1=22.208589553833008
2025-06-11 07:08:35,828 - log - INFO - iter:3260/3333, Original Acc@1: 21.44, Acc@5: 54.85, TTA Acc@1: 22.21, Acc@5: 54.82
2025-06-11 07:09:25,861 - log - INFO - iter:3280/3333, clip_acc1=21.707317352294922, tta_acc1=22.469512939453125
2025-06-11 07:09:25,861 - log - INFO - iter:3280/3333, Original Acc@1: 21.71, Acc@5: 55.06, TTA Acc@1: 22.47, Acc@5: 55.03
2025-06-11 07:10:15,930 - log - INFO - iter:3300/3333, clip_acc1=21.939393997192383, tta_acc1=22.727272033691406
2025-06-11 07:10:15,930 - log - INFO - iter:3300/3333, Original Acc@1: 21.94, Acc@5: 55.30, TTA Acc@1: 22.73, Acc@5: 55.27
2025-06-11 07:11:06,089 - log - INFO - iter:3320/3333, clip_acc1=21.80722999572754, tta_acc1=22.590362548828125
2025-06-11 07:11:06,089 - log - INFO - iter:3320/3333, Original Acc@1: 21.81, Acc@5: 54.97, TTA Acc@1: 22.59, Acc@5: 54.94
2025-06-11 07:11:38,928 - log - INFO - iter:3333/3333, clip_acc1=21.722171783447266, tta_acc1=22.502248764038086
2025-06-11 07:11:38,928 - log - INFO - iter:3333/3333, Original Acc@1: 21.72, Acc@5: 54.76, TTA Acc@1: 22.50, Acc@5: 54.73
2025-06-11 07:11:39,061 - log - INFO - Final results - Original Acc@1: 21.72, Acc@5: 54.76, TTA Acc@1: 22.50, Acc@5: 54.73
2025-06-11 07:11:39,061 - log - INFO - Improvement from TTA in Acc@1 0.78, and Acc@5 -0.03
2025-06-11 07:11:39,062 - log - INFO - Number of selected samples with index 0: 1170
2025-06-11 07:11:39,062 - log - INFO - Number of samples in the dataset: 3333
2025-06-11 07:11:39,083 - log - INFO - Selected IDs saved to /leonardo_work/EUHPC_R04_192/fmohamma/Adversarial_Robust_Clip/ATPT/Final_Results/delta_clip_l14_224/Aircraft/Clean/Counter_Attack/Eps_4_0_Steps_2_Alpha_1_0/tau_0_2_beta_2_0_weighted_pertrubation_True/TPT/Optimization_Loss_rtpt_LR_0_005_Optimization_Steps_1_View_Selection_Fraction_0_1/Inference_Ensemble_none/selected_topk.json
2025-06-11 07:11:39,291 - log - INFO - Batch entropies saved to /leonardo_work/EUHPC_R04_192/fmohamma/Adversarial_Robust_Clip/ATPT/Final_Results/delta_clip_l14_224/Aircraft/Clean/Counter_Attack/Eps_4_0_Steps_2_Alpha_1_0/tau_0_2_beta_2_0_weighted_pertrubation_True/TPT/Optimization_Loss_rtpt_LR_0_005_Optimization_Steps_1_View_Selection_Fraction_0_1/Inference_Ensemble_none/entropies.json
2025-06-11 07:11:39,294 - log - INFO - => Acc. on testset [Aircraft]: Clean Acc @1 21.722171783447266/ TTA Clean Acc @1 22.502248764038086, Clean Acc @5 54.75547409057617/ TTA Clean Acc @5 54.72547149658203
2025-06-11 07:11:39,294 - log - INFO - Total script execution time: 8462.49 seconds (141.04 minutes)
