2025-06-04 14:48:27,184 - log - INFO - ==========================================
data:/leonardo_work/EUHPC_R04_192/fmohamma/Adversarial_Robust_Clip/atpt_data/downstream_datasets
test_sets:Cars
dataset_mode:test
arch:delta_clip_l14_224
resolution:224
workers:4
no_pin_memory:False
batch_size:64
print_freq:20
gpu:0
no_cudnn_benchmark:False
n_ctx:4
ctx_init:a_photo_of_a
tpt_loss:rtpt
seed:0
output_dir:/leonardo_work/EUHPC_R04_192/fmohamma/Adversarial_Robust_Clip/atpt_data/delta_clip_l14_224/Cars
log_output_dir:/leonardo_work/EUHPC_R04_192/fmohamma/Adversarial_Robust_Clip/ATPT/Final_Results/delta_clip_l14_224/Cars
eps:0.0
alpha:0.0
alpha_eps_ratio:4.0
steps:0
lr:0.005
selection_p:0.1
tta_steps:0
ensemble_type:none
top_k:20
softmax_temp:0.01
counter_attack:True
counter_attack_type:pgd
counter_attack_steps:0
counter_attack_eps:2.0
counter_attack_alpha:1.0
counter_attack_tau_thres:0.2
counter_attack_beta:2.0
counter_attack_weighted_perturbations:True
pgd_clip_pure_i_text_embeddings:null
pgd_counter_and_clipure_i_lamda:1.0
selected_id_name:selected_topk.json
weighted_score_name:weighted_scores.json
batch_entropy_name:entropies.json
log_dir:/leonardo_work/EUHPC_R04_192/fmohamma/Adversarial_Robust_Clip/ATPT/Final_Results/delta_clip_l14_224/Cars/Clean/Counter_Attack/Eps_2_0_Steps_0_Alpha_1_0/tau_0_2_beta_2_0_weighted_pertrubation_True/No_TPT/Inference_Ensemble_none

2025-06-04 14:48:27,185 - log - INFO - Use GPU: 0 for training
2025-06-04 14:50:00,425 - log - INFO - Freezing all parameters except prompt learner
2025-06-04 14:50:00,426 - log - INFO - => Model created: visual backbone delta_clip_l14_224
2025-06-04 14:50:00,459 - log - INFO - Number of test samples: 8041
2025-06-04 14:50:00,459 - log - INFO - Evaluating dataset: Cars
2025-06-04 14:50:00,460 - log - INFO - Starting evaluation with batch size: 64, selection percentage: 0.1
2025-06-04 14:50:00,460 - log - INFO - Test-time adaptation steps: 0, learning rate: 0.005
2025-06-04 14:50:00,460 - log - INFO - Using counter-attack with epsilon: 2.000000, alpha: 0.000000, steps: 0, tau_thres: 0.2, beta: 2.0, weighted perturbation: True
2025-06-04 14:50:55,852 - log - INFO - iter:20/8041, clip_acc1=85.0, tta_acc1=85.0
2025-06-04 14:50:55,852 - log - INFO - iter:20/8041, Original Acc@1: 85.00, Acc@5: 100.00, TTA Acc@1: 85.00, Acc@5: 100.00
2025-06-04 14:51:34,796 - log - INFO - iter:40/8041, clip_acc1=85.0, tta_acc1=85.0
2025-06-04 14:51:34,796 - log - INFO - iter:40/8041, Original Acc@1: 85.00, Acc@5: 100.00, TTA Acc@1: 85.00, Acc@5: 100.00
2025-06-04 14:52:13,670 - log - INFO - iter:60/8041, clip_acc1=85.00000762939453, tta_acc1=85.00000762939453
2025-06-04 14:52:13,670 - log - INFO - iter:60/8041, Original Acc@1: 85.00, Acc@5: 100.00, TTA Acc@1: 85.00, Acc@5: 100.00
2025-06-04 14:52:52,427 - log - INFO - iter:80/8041, clip_acc1=83.75, tta_acc1=83.75
2025-06-04 14:52:52,427 - log - INFO - iter:80/8041, Original Acc@1: 83.75, Acc@5: 100.00, TTA Acc@1: 83.75, Acc@5: 100.00
2025-06-04 14:53:31,439 - log - INFO - iter:100/8041, clip_acc1=86.0, tta_acc1=86.0
2025-06-04 14:53:31,439 - log - INFO - iter:100/8041, Original Acc@1: 86.00, Acc@5: 100.00, TTA Acc@1: 86.00, Acc@5: 100.00
2025-06-04 14:54:10,453 - log - INFO - iter:120/8041, clip_acc1=86.66667175292969, tta_acc1=86.66667175292969
2025-06-04 14:54:10,453 - log - INFO - iter:120/8041, Original Acc@1: 86.67, Acc@5: 100.00, TTA Acc@1: 86.67, Acc@5: 100.00
2025-06-04 14:54:49,458 - log - INFO - iter:140/8041, clip_acc1=83.57142639160156, tta_acc1=83.57142639160156
2025-06-04 14:54:49,458 - log - INFO - iter:140/8041, Original Acc@1: 83.57, Acc@5: 100.00, TTA Acc@1: 83.57, Acc@5: 100.00
2025-06-04 14:55:28,424 - log - INFO - iter:160/8041, clip_acc1=83.75, tta_acc1=83.75
2025-06-04 14:55:28,425 - log - INFO - iter:160/8041, Original Acc@1: 83.75, Acc@5: 100.00, TTA Acc@1: 83.75, Acc@5: 100.00
2025-06-04 14:56:07,333 - log - INFO - iter:180/8041, clip_acc1=83.33333587646484, tta_acc1=83.33333587646484
2025-06-04 14:56:07,333 - log - INFO - iter:180/8041, Original Acc@1: 83.33, Acc@5: 100.00, TTA Acc@1: 83.33, Acc@5: 100.00
2025-06-04 14:56:46,106 - log - INFO - iter:200/8041, clip_acc1=83.5, tta_acc1=83.5
2025-06-04 14:56:46,106 - log - INFO - iter:200/8041, Original Acc@1: 83.50, Acc@5: 100.00, TTA Acc@1: 83.50, Acc@5: 100.00
2025-06-04 14:57:24,958 - log - INFO - iter:220/8041, clip_acc1=82.7272720336914, tta_acc1=82.7272720336914
2025-06-04 14:57:24,958 - log - INFO - iter:220/8041, Original Acc@1: 82.73, Acc@5: 100.00, TTA Acc@1: 82.73, Acc@5: 100.00
2025-06-04 14:58:03,774 - log - INFO - iter:240/8041, clip_acc1=83.33333587646484, tta_acc1=83.33333587646484
2025-06-04 14:58:03,775 - log - INFO - iter:240/8041, Original Acc@1: 83.33, Acc@5: 100.00, TTA Acc@1: 83.33, Acc@5: 100.00
2025-06-04 14:58:42,666 - log - INFO - iter:260/8041, clip_acc1=83.07691955566406, tta_acc1=83.07691955566406
2025-06-04 14:58:42,666 - log - INFO - iter:260/8041, Original Acc@1: 83.08, Acc@5: 100.00, TTA Acc@1: 83.08, Acc@5: 100.00
2025-06-04 14:59:21,440 - log - INFO - iter:280/8041, clip_acc1=82.85713958740234, tta_acc1=82.85713958740234
2025-06-04 14:59:21,440 - log - INFO - iter:280/8041, Original Acc@1: 82.86, Acc@5: 100.00, TTA Acc@1: 82.86, Acc@5: 100.00
2025-06-04 15:00:00,346 - log - INFO - iter:300/8041, clip_acc1=82.66667175292969, tta_acc1=82.66667175292969
2025-06-04 15:00:00,346 - log - INFO - iter:300/8041, Original Acc@1: 82.67, Acc@5: 100.00, TTA Acc@1: 82.67, Acc@5: 100.00
2025-06-04 15:00:39,418 - log - INFO - iter:320/8041, clip_acc1=82.5, tta_acc1=82.5
2025-06-04 15:00:39,418 - log - INFO - iter:320/8041, Original Acc@1: 82.50, Acc@5: 100.00, TTA Acc@1: 82.50, Acc@5: 100.00
2025-06-04 15:01:18,278 - log - INFO - iter:340/8041, clip_acc1=82.35294342041016, tta_acc1=82.35294342041016
2025-06-04 15:01:18,278 - log - INFO - iter:340/8041, Original Acc@1: 82.35, Acc@5: 100.00, TTA Acc@1: 82.35, Acc@5: 100.00
2025-06-04 15:01:57,143 - log - INFO - iter:360/8041, clip_acc1=82.5, tta_acc1=82.5
2025-06-04 15:01:57,144 - log - INFO - iter:360/8041, Original Acc@1: 82.50, Acc@5: 100.00, TTA Acc@1: 82.50, Acc@5: 100.00
2025-06-04 15:02:36,010 - log - INFO - iter:380/8041, clip_acc1=82.36842346191406, tta_acc1=82.36842346191406
2025-06-04 15:02:36,010 - log - INFO - iter:380/8041, Original Acc@1: 82.37, Acc@5: 100.00, TTA Acc@1: 82.37, Acc@5: 100.00
2025-06-04 15:03:14,892 - log - INFO - iter:400/8041, clip_acc1=82.25, tta_acc1=82.25
2025-06-04 15:03:14,892 - log - INFO - iter:400/8041, Original Acc@1: 82.25, Acc@5: 100.00, TTA Acc@1: 82.25, Acc@5: 100.00
2025-06-04 15:03:53,791 - log - INFO - iter:420/8041, clip_acc1=81.9047622680664, tta_acc1=81.9047622680664
2025-06-04 15:03:53,791 - log - INFO - iter:420/8041, Original Acc@1: 81.90, Acc@5: 99.76, TTA Acc@1: 81.90, Acc@5: 99.76
2025-06-04 15:04:32,668 - log - INFO - iter:440/8041, clip_acc1=82.2727279663086, tta_acc1=82.2727279663086
2025-06-04 15:04:32,669 - log - INFO - iter:440/8041, Original Acc@1: 82.27, Acc@5: 99.77, TTA Acc@1: 82.27, Acc@5: 99.77
2025-06-04 15:05:11,376 - log - INFO - iter:460/8041, clip_acc1=81.73912811279297, tta_acc1=81.73912811279297
2025-06-04 15:05:11,376 - log - INFO - iter:460/8041, Original Acc@1: 81.74, Acc@5: 99.78, TTA Acc@1: 81.74, Acc@5: 99.78
2025-06-04 15:05:50,294 - log - INFO - iter:480/8041, clip_acc1=81.45833587646484, tta_acc1=81.45833587646484
2025-06-04 15:05:50,294 - log - INFO - iter:480/8041, Original Acc@1: 81.46, Acc@5: 99.58, TTA Acc@1: 81.46, Acc@5: 99.58
2025-06-04 15:06:29,075 - log - INFO - iter:500/8041, clip_acc1=81.00000762939453, tta_acc1=81.00000762939453
2025-06-04 15:06:29,076 - log - INFO - iter:500/8041, Original Acc@1: 81.00, Acc@5: 99.60, TTA Acc@1: 81.00, Acc@5: 99.60
2025-06-04 15:07:07,925 - log - INFO - iter:520/8041, clip_acc1=80.76923370361328, tta_acc1=80.76923370361328
2025-06-04 15:07:07,925 - log - INFO - iter:520/8041, Original Acc@1: 80.77, Acc@5: 99.62, TTA Acc@1: 80.77, Acc@5: 99.62
2025-06-04 15:07:46,805 - log - INFO - iter:540/8041, clip_acc1=80.74073791503906, tta_acc1=80.74073791503906
2025-06-04 15:07:46,805 - log - INFO - iter:540/8041, Original Acc@1: 80.74, Acc@5: 99.44, TTA Acc@1: 80.74, Acc@5: 99.44
2025-06-04 15:08:25,619 - log - INFO - iter:560/8041, clip_acc1=81.07142639160156, tta_acc1=81.07142639160156
2025-06-04 15:08:25,619 - log - INFO - iter:560/8041, Original Acc@1: 81.07, Acc@5: 99.46, TTA Acc@1: 81.07, Acc@5: 99.46
2025-06-04 15:09:04,537 - log - INFO - iter:580/8041, clip_acc1=80.68965148925781, tta_acc1=80.68965148925781
2025-06-04 15:09:04,537 - log - INFO - iter:580/8041, Original Acc@1: 80.69, Acc@5: 99.48, TTA Acc@1: 80.69, Acc@5: 99.48
2025-06-04 15:09:43,244 - log - INFO - iter:600/8041, clip_acc1=80.5, tta_acc1=80.5
2025-06-04 15:09:43,244 - log - INFO - iter:600/8041, Original Acc@1: 80.50, Acc@5: 99.50, TTA Acc@1: 80.50, Acc@5: 99.50
2025-06-04 15:10:22,122 - log - INFO - iter:620/8041, clip_acc1=80.96774291992188, tta_acc1=80.96774291992188
2025-06-04 15:10:22,122 - log - INFO - iter:620/8041, Original Acc@1: 80.97, Acc@5: 99.52, TTA Acc@1: 80.97, Acc@5: 99.52
2025-06-04 15:11:01,304 - log - INFO - iter:640/8041, clip_acc1=80.625, tta_acc1=80.625
2025-06-04 15:11:01,304 - log - INFO - iter:640/8041, Original Acc@1: 80.62, Acc@5: 99.53, TTA Acc@1: 80.62, Acc@5: 99.53
2025-06-04 15:11:40,243 - log - INFO - iter:660/8041, clip_acc1=80.90908813476562, tta_acc1=80.90908813476562
2025-06-04 15:11:40,243 - log - INFO - iter:660/8041, Original Acc@1: 80.91, Acc@5: 99.39, TTA Acc@1: 80.91, Acc@5: 99.39
2025-06-04 15:12:18,962 - log - INFO - iter:680/8041, clip_acc1=80.88235473632812, tta_acc1=80.88235473632812
2025-06-04 15:12:18,963 - log - INFO - iter:680/8041, Original Acc@1: 80.88, Acc@5: 99.41, TTA Acc@1: 80.88, Acc@5: 99.41
2025-06-04 15:12:57,804 - log - INFO - iter:700/8041, clip_acc1=81.14285278320312, tta_acc1=81.14285278320312
2025-06-04 15:12:57,804 - log - INFO - iter:700/8041, Original Acc@1: 81.14, Acc@5: 99.43, TTA Acc@1: 81.14, Acc@5: 99.43
2025-06-04 15:13:36,726 - log - INFO - iter:720/8041, clip_acc1=81.11111450195312, tta_acc1=81.11111450195312
2025-06-04 15:13:36,726 - log - INFO - iter:720/8041, Original Acc@1: 81.11, Acc@5: 99.31, TTA Acc@1: 81.11, Acc@5: 99.31
2025-06-04 15:14:15,972 - log - INFO - iter:740/8041, clip_acc1=81.21621704101562, tta_acc1=81.21621704101562
2025-06-04 15:14:15,972 - log - INFO - iter:740/8041, Original Acc@1: 81.22, Acc@5: 99.19, TTA Acc@1: 81.22, Acc@5: 99.19
2025-06-04 15:14:55,319 - log - INFO - iter:760/8041, clip_acc1=81.44737243652344, tta_acc1=81.44737243652344
2025-06-04 15:14:55,319 - log - INFO - iter:760/8041, Original Acc@1: 81.45, Acc@5: 99.21, TTA Acc@1: 81.45, Acc@5: 99.21
2025-06-04 15:15:34,021 - log - INFO - iter:780/8041, clip_acc1=81.28205108642578, tta_acc1=81.28205108642578
2025-06-04 15:15:34,022 - log - INFO - iter:780/8041, Original Acc@1: 81.28, Acc@5: 99.23, TTA Acc@1: 81.28, Acc@5: 99.23
2025-06-04 15:16:12,780 - log - INFO - iter:800/8041, clip_acc1=81.625, tta_acc1=81.625
2025-06-04 15:16:12,780 - log - INFO - iter:800/8041, Original Acc@1: 81.62, Acc@5: 99.25, TTA Acc@1: 81.62, Acc@5: 99.25
2025-06-04 15:16:51,768 - log - INFO - iter:820/8041, clip_acc1=81.58536529541016, tta_acc1=81.58536529541016
2025-06-04 15:16:51,768 - log - INFO - iter:820/8041, Original Acc@1: 81.59, Acc@5: 99.27, TTA Acc@1: 81.59, Acc@5: 99.27
2025-06-04 15:17:30,732 - log - INFO - iter:840/8041, clip_acc1=81.66667175292969, tta_acc1=81.66667175292969
2025-06-04 15:17:30,732 - log - INFO - iter:840/8041, Original Acc@1: 81.67, Acc@5: 99.17, TTA Acc@1: 81.67, Acc@5: 99.17
2025-06-04 15:18:09,522 - log - INFO - iter:860/8041, clip_acc1=81.6279067993164, tta_acc1=81.6279067993164
2025-06-04 15:18:09,523 - log - INFO - iter:860/8041, Original Acc@1: 81.63, Acc@5: 99.07, TTA Acc@1: 81.63, Acc@5: 99.07
2025-06-04 15:18:48,519 - log - INFO - iter:880/8041, clip_acc1=81.81817626953125, tta_acc1=81.81817626953125
2025-06-04 15:18:48,519 - log - INFO - iter:880/8041, Original Acc@1: 81.82, Acc@5: 99.09, TTA Acc@1: 81.82, Acc@5: 99.09
2025-06-04 15:19:27,569 - log - INFO - iter:900/8041, clip_acc1=81.8888931274414, tta_acc1=81.8888931274414
2025-06-04 15:19:27,569 - log - INFO - iter:900/8041, Original Acc@1: 81.89, Acc@5: 99.11, TTA Acc@1: 81.89, Acc@5: 99.11
2025-06-04 15:20:06,570 - log - INFO - iter:920/8041, clip_acc1=82.06521606445312, tta_acc1=82.06521606445312
2025-06-04 15:20:06,570 - log - INFO - iter:920/8041, Original Acc@1: 82.07, Acc@5: 99.13, TTA Acc@1: 82.07, Acc@5: 99.13
2025-06-04 15:20:45,736 - log - INFO - iter:940/8041, clip_acc1=82.23403930664062, tta_acc1=82.23403930664062
2025-06-04 15:20:45,737 - log - INFO - iter:940/8041, Original Acc@1: 82.23, Acc@5: 99.15, TTA Acc@1: 82.23, Acc@5: 99.15
2025-06-04 15:21:25,033 - log - INFO - iter:960/8041, clip_acc1=81.97917175292969, tta_acc1=81.97917175292969
2025-06-04 15:21:25,033 - log - INFO - iter:960/8041, Original Acc@1: 81.98, Acc@5: 99.06, TTA Acc@1: 81.98, Acc@5: 99.06
2025-06-04 15:22:03,784 - log - INFO - iter:980/8041, clip_acc1=82.14285278320312, tta_acc1=82.14285278320312
2025-06-04 15:22:03,785 - log - INFO - iter:980/8041, Original Acc@1: 82.14, Acc@5: 99.08, TTA Acc@1: 82.14, Acc@5: 99.08
2025-06-04 15:22:42,629 - log - INFO - iter:1000/8041, clip_acc1=82.20000457763672, tta_acc1=82.20000457763672
2025-06-04 15:22:42,629 - log - INFO - iter:1000/8041, Original Acc@1: 82.20, Acc@5: 99.10, TTA Acc@1: 82.20, Acc@5: 99.10
2025-06-04 15:23:21,414 - log - INFO - iter:1020/8041, clip_acc1=82.2549057006836, tta_acc1=82.2549057006836
2025-06-04 15:23:21,414 - log - INFO - iter:1020/8041, Original Acc@1: 82.25, Acc@5: 99.12, TTA Acc@1: 82.25, Acc@5: 99.12
2025-06-04 15:24:00,277 - log - INFO - iter:1040/8041, clip_acc1=82.30769348144531, tta_acc1=82.30769348144531
2025-06-04 15:24:00,277 - log - INFO - iter:1040/8041, Original Acc@1: 82.31, Acc@5: 99.13, TTA Acc@1: 82.31, Acc@5: 99.13
2025-06-04 15:24:39,233 - log - INFO - iter:1060/8041, clip_acc1=82.35848999023438, tta_acc1=82.35848999023438
2025-06-04 15:24:39,233 - log - INFO - iter:1060/8041, Original Acc@1: 82.36, Acc@5: 99.15, TTA Acc@1: 82.36, Acc@5: 99.15
2025-06-04 15:25:18,365 - log - INFO - iter:1080/8041, clip_acc1=82.5, tta_acc1=82.5
2025-06-04 15:25:18,366 - log - INFO - iter:1080/8041, Original Acc@1: 82.50, Acc@5: 99.17, TTA Acc@1: 82.50, Acc@5: 99.17
2025-06-04 15:25:58,175 - log - INFO - iter:1100/8041, clip_acc1=82.54545593261719, tta_acc1=82.54545593261719
2025-06-04 15:25:58,175 - log - INFO - iter:1100/8041, Original Acc@1: 82.55, Acc@5: 99.18, TTA Acc@1: 82.55, Acc@5: 99.18
2025-06-04 15:26:37,021 - log - INFO - iter:1120/8041, clip_acc1=82.76786041259766, tta_acc1=82.76786041259766
2025-06-04 15:26:37,021 - log - INFO - iter:1120/8041, Original Acc@1: 82.77, Acc@5: 99.20, TTA Acc@1: 82.77, Acc@5: 99.20
2025-06-04 15:27:15,892 - log - INFO - iter:1140/8041, clip_acc1=82.89473724365234, tta_acc1=82.89473724365234
2025-06-04 15:27:15,893 - log - INFO - iter:1140/8041, Original Acc@1: 82.89, Acc@5: 99.21, TTA Acc@1: 82.89, Acc@5: 99.21
2025-06-04 15:27:54,840 - log - INFO - iter:1160/8041, clip_acc1=83.10344696044922, tta_acc1=83.10344696044922
2025-06-04 15:27:54,840 - log - INFO - iter:1160/8041, Original Acc@1: 83.10, Acc@5: 99.22, TTA Acc@1: 83.10, Acc@5: 99.22
2025-06-04 15:28:33,674 - log - INFO - iter:1180/8041, clip_acc1=83.05084991455078, tta_acc1=83.05084991455078
2025-06-04 15:28:33,674 - log - INFO - iter:1180/8041, Original Acc@1: 83.05, Acc@5: 99.24, TTA Acc@1: 83.05, Acc@5: 99.24
2025-06-04 15:29:12,453 - log - INFO - iter:1200/8041, clip_acc1=83.16667175292969, tta_acc1=83.16667175292969
2025-06-04 15:29:12,453 - log - INFO - iter:1200/8041, Original Acc@1: 83.17, Acc@5: 99.25, TTA Acc@1: 83.17, Acc@5: 99.25
2025-06-04 15:29:51,248 - log - INFO - iter:1220/8041, clip_acc1=83.19672393798828, tta_acc1=83.19672393798828
2025-06-04 15:29:51,248 - log - INFO - iter:1220/8041, Original Acc@1: 83.20, Acc@5: 99.26, TTA Acc@1: 83.20, Acc@5: 99.26
2025-06-04 15:30:30,186 - log - INFO - iter:1240/8041, clip_acc1=83.2258071899414, tta_acc1=83.2258071899414
2025-06-04 15:30:30,186 - log - INFO - iter:1240/8041, Original Acc@1: 83.23, Acc@5: 99.27, TTA Acc@1: 83.23, Acc@5: 99.27
2025-06-04 15:31:09,965 - log - INFO - iter:1260/8041, clip_acc1=83.0952377319336, tta_acc1=83.0952377319336
2025-06-04 15:31:09,965 - log - INFO - iter:1260/8041, Original Acc@1: 83.10, Acc@5: 99.21, TTA Acc@1: 83.10, Acc@5: 99.21
2025-06-04 15:31:48,933 - log - INFO - iter:1280/8041, clip_acc1=83.125, tta_acc1=83.125
2025-06-04 15:31:48,933 - log - INFO - iter:1280/8041, Original Acc@1: 83.12, Acc@5: 99.22, TTA Acc@1: 83.12, Acc@5: 99.22
2025-06-04 15:32:27,921 - log - INFO - iter:1300/8041, clip_acc1=83.30769348144531, tta_acc1=83.30769348144531
2025-06-04 15:32:27,921 - log - INFO - iter:1300/8041, Original Acc@1: 83.31, Acc@5: 99.23, TTA Acc@1: 83.31, Acc@5: 99.23
2025-06-04 15:33:06,837 - log - INFO - iter:1320/8041, clip_acc1=83.33332824707031, tta_acc1=83.33332824707031
2025-06-04 15:33:06,837 - log - INFO - iter:1320/8041, Original Acc@1: 83.33, Acc@5: 99.24, TTA Acc@1: 83.33, Acc@5: 99.24
2025-06-04 15:33:45,678 - log - INFO - iter:1340/8041, clip_acc1=83.35820770263672, tta_acc1=83.35820770263672
2025-06-04 15:33:45,678 - log - INFO - iter:1340/8041, Original Acc@1: 83.36, Acc@5: 99.18, TTA Acc@1: 83.36, Acc@5: 99.18
2025-06-04 15:34:24,697 - log - INFO - iter:1360/8041, clip_acc1=83.30882263183594, tta_acc1=83.30882263183594
2025-06-04 15:34:24,697 - log - INFO - iter:1360/8041, Original Acc@1: 83.31, Acc@5: 99.19, TTA Acc@1: 83.31, Acc@5: 99.19
2025-06-04 15:35:03,513 - log - INFO - iter:1380/8041, clip_acc1=83.40579986572266, tta_acc1=83.40579986572266
2025-06-04 15:35:03,513 - log - INFO - iter:1380/8041, Original Acc@1: 83.41, Acc@5: 99.20, TTA Acc@1: 83.41, Acc@5: 99.20
2025-06-04 15:35:42,449 - log - INFO - iter:1400/8041, clip_acc1=83.42857360839844, tta_acc1=83.42857360839844
2025-06-04 15:35:42,449 - log - INFO - iter:1400/8041, Original Acc@1: 83.43, Acc@5: 99.21, TTA Acc@1: 83.43, Acc@5: 99.21
2025-06-04 15:36:21,288 - log - INFO - iter:1420/8041, clip_acc1=83.30985260009766, tta_acc1=83.30985260009766
2025-06-04 15:36:21,288 - log - INFO - iter:1420/8041, Original Acc@1: 83.31, Acc@5: 99.23, TTA Acc@1: 83.31, Acc@5: 99.23
2025-06-04 15:37:00,138 - log - INFO - iter:1440/8041, clip_acc1=83.40277862548828, tta_acc1=83.40277862548828
2025-06-04 15:37:00,138 - log - INFO - iter:1440/8041, Original Acc@1: 83.40, Acc@5: 99.24, TTA Acc@1: 83.40, Acc@5: 99.24
2025-06-04 15:37:39,101 - log - INFO - iter:1460/8041, clip_acc1=83.49315643310547, tta_acc1=83.49315643310547
2025-06-04 15:37:39,101 - log - INFO - iter:1460/8041, Original Acc@1: 83.49, Acc@5: 99.25, TTA Acc@1: 83.49, Acc@5: 99.25
2025-06-04 15:38:17,836 - log - INFO - iter:1480/8041, clip_acc1=83.58108520507812, tta_acc1=83.58108520507812
2025-06-04 15:38:17,837 - log - INFO - iter:1480/8041, Original Acc@1: 83.58, Acc@5: 99.26, TTA Acc@1: 83.58, Acc@5: 99.26
2025-06-04 15:38:56,825 - log - INFO - iter:1500/8041, clip_acc1=83.73332977294922, tta_acc1=83.73332977294922
2025-06-04 15:38:56,825 - log - INFO - iter:1500/8041, Original Acc@1: 83.73, Acc@5: 99.27, TTA Acc@1: 83.73, Acc@5: 99.27
2025-06-04 15:39:35,851 - log - INFO - iter:1520/8041, clip_acc1=83.75, tta_acc1=83.75
2025-06-04 15:39:35,851 - log - INFO - iter:1520/8041, Original Acc@1: 83.75, Acc@5: 99.28, TTA Acc@1: 83.75, Acc@5: 99.28
2025-06-04 15:40:14,651 - log - INFO - iter:1540/8041, clip_acc1=83.83116912841797, tta_acc1=83.83116912841797
2025-06-04 15:40:14,652 - log - INFO - iter:1540/8041, Original Acc@1: 83.83, Acc@5: 99.29, TTA Acc@1: 83.83, Acc@5: 99.29
2025-06-04 15:40:53,391 - log - INFO - iter:1560/8041, clip_acc1=83.71794891357422, tta_acc1=83.71794891357422
2025-06-04 15:40:53,392 - log - INFO - iter:1560/8041, Original Acc@1: 83.72, Acc@5: 99.23, TTA Acc@1: 83.72, Acc@5: 99.23
2025-06-04 15:41:32,333 - log - INFO - iter:1580/8041, clip_acc1=83.73417663574219, tta_acc1=83.73417663574219
2025-06-04 15:41:32,334 - log - INFO - iter:1580/8041, Original Acc@1: 83.73, Acc@5: 99.24, TTA Acc@1: 83.73, Acc@5: 99.24
2025-06-04 15:42:11,176 - log - INFO - iter:1600/8041, clip_acc1=83.75, tta_acc1=83.75
2025-06-04 15:42:11,176 - log - INFO - iter:1600/8041, Original Acc@1: 83.75, Acc@5: 99.25, TTA Acc@1: 83.75, Acc@5: 99.25
2025-06-04 15:42:50,131 - log - INFO - iter:1620/8041, clip_acc1=83.51852416992188, tta_acc1=83.51852416992188
2025-06-04 15:42:50,131 - log - INFO - iter:1620/8041, Original Acc@1: 83.52, Acc@5: 99.26, TTA Acc@1: 83.52, Acc@5: 99.26
2025-06-04 15:43:28,984 - log - INFO - iter:1640/8041, clip_acc1=83.53658294677734, tta_acc1=83.53658294677734
2025-06-04 15:43:28,985 - log - INFO - iter:1640/8041, Original Acc@1: 83.54, Acc@5: 99.27, TTA Acc@1: 83.54, Acc@5: 99.27
2025-06-04 15:44:08,393 - log - INFO - iter:1660/8041, clip_acc1=83.49398040771484, tta_acc1=83.49398040771484
2025-06-04 15:44:08,394 - log - INFO - iter:1660/8041, Original Acc@1: 83.49, Acc@5: 99.28, TTA Acc@1: 83.49, Acc@5: 99.28
2025-06-04 15:44:47,135 - log - INFO - iter:1680/8041, clip_acc1=83.51190948486328, tta_acc1=83.51190948486328
2025-06-04 15:44:47,135 - log - INFO - iter:1680/8041, Original Acc@1: 83.51, Acc@5: 99.29, TTA Acc@1: 83.51, Acc@5: 99.29
2025-06-04 15:45:25,983 - log - INFO - iter:1700/8041, clip_acc1=83.35293579101562, tta_acc1=83.35293579101562
2025-06-04 15:45:25,983 - log - INFO - iter:1700/8041, Original Acc@1: 83.35, Acc@5: 99.29, TTA Acc@1: 83.35, Acc@5: 99.29
2025-06-04 15:46:04,785 - log - INFO - iter:1720/8041, clip_acc1=83.13953399658203, tta_acc1=83.13953399658203
2025-06-04 15:46:04,785 - log - INFO - iter:1720/8041, Original Acc@1: 83.14, Acc@5: 99.30, TTA Acc@1: 83.14, Acc@5: 99.30
2025-06-04 15:46:43,589 - log - INFO - iter:1740/8041, clip_acc1=83.04597473144531, tta_acc1=83.04597473144531
2025-06-04 15:46:43,589 - log - INFO - iter:1740/8041, Original Acc@1: 83.05, Acc@5: 99.31, TTA Acc@1: 83.05, Acc@5: 99.31
2025-06-04 15:47:22,590 - log - INFO - iter:1760/8041, clip_acc1=83.18181610107422, tta_acc1=83.18181610107422
2025-06-04 15:47:22,590 - log - INFO - iter:1760/8041, Original Acc@1: 83.18, Acc@5: 99.32, TTA Acc@1: 83.18, Acc@5: 99.32
2025-06-04 15:48:01,448 - log - INFO - iter:1780/8041, clip_acc1=83.31460571289062, tta_acc1=83.31460571289062
2025-06-04 15:48:01,448 - log - INFO - iter:1780/8041, Original Acc@1: 83.31, Acc@5: 99.33, TTA Acc@1: 83.31, Acc@5: 99.33
2025-06-04 15:48:40,253 - log - INFO - iter:1800/8041, clip_acc1=83.3888931274414, tta_acc1=83.3888931274414
2025-06-04 15:48:40,254 - log - INFO - iter:1800/8041, Original Acc@1: 83.39, Acc@5: 99.33, TTA Acc@1: 83.39, Acc@5: 99.33
2025-06-04 15:49:19,133 - log - INFO - iter:1820/8041, clip_acc1=83.46154022216797, tta_acc1=83.46154022216797
2025-06-04 15:49:19,133 - log - INFO - iter:1820/8041, Original Acc@1: 83.46, Acc@5: 99.34, TTA Acc@1: 83.46, Acc@5: 99.34
2025-06-04 15:49:57,992 - log - INFO - iter:1840/8041, clip_acc1=83.58695220947266, tta_acc1=83.58695220947266
2025-06-04 15:49:57,992 - log - INFO - iter:1840/8041, Original Acc@1: 83.59, Acc@5: 99.35, TTA Acc@1: 83.59, Acc@5: 99.35
2025-06-04 15:50:36,906 - log - INFO - iter:1860/8041, clip_acc1=83.54838562011719, tta_acc1=83.54838562011719
2025-06-04 15:50:36,907 - log - INFO - iter:1860/8041, Original Acc@1: 83.55, Acc@5: 99.35, TTA Acc@1: 83.55, Acc@5: 99.35
2025-06-04 15:51:15,660 - log - INFO - iter:1880/8041, clip_acc1=83.56382751464844, tta_acc1=83.56382751464844
2025-06-04 15:51:15,660 - log - INFO - iter:1880/8041, Original Acc@1: 83.56, Acc@5: 99.36, TTA Acc@1: 83.56, Acc@5: 99.36
2025-06-04 15:51:54,474 - log - INFO - iter:1900/8041, clip_acc1=83.6842041015625, tta_acc1=83.6842041015625
2025-06-04 15:51:54,474 - log - INFO - iter:1900/8041, Original Acc@1: 83.68, Acc@5: 99.37, TTA Acc@1: 83.68, Acc@5: 99.37
2025-06-04 15:52:33,371 - log - INFO - iter:1920/8041, clip_acc1=83.64583587646484, tta_acc1=83.64583587646484
2025-06-04 15:52:33,371 - log - INFO - iter:1920/8041, Original Acc@1: 83.65, Acc@5: 99.38, TTA Acc@1: 83.65, Acc@5: 99.38
2025-06-04 15:53:12,352 - log - INFO - iter:1940/8041, clip_acc1=83.76288604736328, tta_acc1=83.76288604736328
2025-06-04 15:53:12,353 - log - INFO - iter:1940/8041, Original Acc@1: 83.76, Acc@5: 99.38, TTA Acc@1: 83.76, Acc@5: 99.38
2025-06-04 15:53:51,123 - log - INFO - iter:1960/8041, clip_acc1=83.87754821777344, tta_acc1=83.87754821777344
2025-06-04 15:53:51,123 - log - INFO - iter:1960/8041, Original Acc@1: 83.88, Acc@5: 99.39, TTA Acc@1: 83.88, Acc@5: 99.39
2025-06-04 15:54:30,124 - log - INFO - iter:1980/8041, clip_acc1=83.93939971923828, tta_acc1=83.93939971923828
2025-06-04 15:54:30,124 - log - INFO - iter:1980/8041, Original Acc@1: 83.94, Acc@5: 99.39, TTA Acc@1: 83.94, Acc@5: 99.39
2025-06-04 15:55:08,975 - log - INFO - iter:2000/8041, clip_acc1=84.00000762939453, tta_acc1=84.00000762939453
2025-06-04 15:55:08,975 - log - INFO - iter:2000/8041, Original Acc@1: 84.00, Acc@5: 99.40, TTA Acc@1: 84.00, Acc@5: 99.40
2025-06-04 15:55:47,988 - log - INFO - iter:2020/8041, clip_acc1=83.91089630126953, tta_acc1=83.91089630126953
2025-06-04 15:55:47,989 - log - INFO - iter:2020/8041, Original Acc@1: 83.91, Acc@5: 99.41, TTA Acc@1: 83.91, Acc@5: 99.41
2025-06-04 15:56:26,807 - log - INFO - iter:2040/8041, clip_acc1=83.92156982421875, tta_acc1=83.92156982421875
2025-06-04 15:56:26,807 - log - INFO - iter:2040/8041, Original Acc@1: 83.92, Acc@5: 99.41, TTA Acc@1: 83.92, Acc@5: 99.41
2025-06-04 15:57:05,604 - log - INFO - iter:2060/8041, clip_acc1=83.93203735351562, tta_acc1=83.93203735351562
2025-06-04 15:57:05,605 - log - INFO - iter:2060/8041, Original Acc@1: 83.93, Acc@5: 99.42, TTA Acc@1: 83.93, Acc@5: 99.42
2025-06-04 15:57:44,477 - log - INFO - iter:2080/8041, clip_acc1=83.94230651855469, tta_acc1=83.94230651855469
2025-06-04 15:57:44,478 - log - INFO - iter:2080/8041, Original Acc@1: 83.94, Acc@5: 99.42, TTA Acc@1: 83.94, Acc@5: 99.42
2025-06-04 15:58:23,335 - log - INFO - iter:2100/8041, clip_acc1=84.0, tta_acc1=84.0
2025-06-04 15:58:23,335 - log - INFO - iter:2100/8041, Original Acc@1: 84.00, Acc@5: 99.43, TTA Acc@1: 84.00, Acc@5: 99.43
2025-06-04 15:59:02,189 - log - INFO - iter:2120/8041, clip_acc1=84.05660247802734, tta_acc1=84.05660247802734
2025-06-04 15:59:02,190 - log - INFO - iter:2120/8041, Original Acc@1: 84.06, Acc@5: 99.43, TTA Acc@1: 84.06, Acc@5: 99.43
2025-06-04 15:59:41,190 - log - INFO - iter:2140/8041, clip_acc1=84.15888214111328, tta_acc1=84.15888214111328
2025-06-04 15:59:41,190 - log - INFO - iter:2140/8041, Original Acc@1: 84.16, Acc@5: 99.44, TTA Acc@1: 84.16, Acc@5: 99.44
2025-06-04 16:00:20,253 - log - INFO - iter:2160/8041, clip_acc1=84.30555725097656, tta_acc1=84.30555725097656
2025-06-04 16:00:20,253 - log - INFO - iter:2160/8041, Original Acc@1: 84.31, Acc@5: 99.44, TTA Acc@1: 84.31, Acc@5: 99.44
2025-06-04 16:00:59,155 - log - INFO - iter:2180/8041, clip_acc1=84.26605224609375, tta_acc1=84.26605224609375
2025-06-04 16:00:59,156 - log - INFO - iter:2180/8041, Original Acc@1: 84.27, Acc@5: 99.45, TTA Acc@1: 84.27, Acc@5: 99.45
2025-06-04 16:01:38,010 - log - INFO - iter:2200/8041, clip_acc1=84.36363983154297, tta_acc1=84.36363983154297
2025-06-04 16:01:38,010 - log - INFO - iter:2200/8041, Original Acc@1: 84.36, Acc@5: 99.45, TTA Acc@1: 84.36, Acc@5: 99.45
2025-06-04 16:02:17,055 - log - INFO - iter:2220/8041, clip_acc1=84.23423767089844, tta_acc1=84.23423767089844
2025-06-04 16:02:17,055 - log - INFO - iter:2220/8041, Original Acc@1: 84.23, Acc@5: 99.41, TTA Acc@1: 84.23, Acc@5: 99.41
2025-06-04 16:02:56,162 - log - INFO - iter:2240/8041, clip_acc1=84.24107360839844, tta_acc1=84.24107360839844
2025-06-04 16:02:56,162 - log - INFO - iter:2240/8041, Original Acc@1: 84.24, Acc@5: 99.42, TTA Acc@1: 84.24, Acc@5: 99.42
2025-06-04 16:03:35,130 - log - INFO - iter:2260/8041, clip_acc1=84.24778747558594, tta_acc1=84.24778747558594
2025-06-04 16:03:35,130 - log - INFO - iter:2260/8041, Original Acc@1: 84.25, Acc@5: 99.42, TTA Acc@1: 84.25, Acc@5: 99.42
2025-06-04 16:04:15,581 - log - INFO - iter:2280/8041, clip_acc1=84.3859634399414, tta_acc1=84.3859634399414
2025-06-04 16:04:15,581 - log - INFO - iter:2280/8041, Original Acc@1: 84.39, Acc@5: 99.43, TTA Acc@1: 84.39, Acc@5: 99.43
2025-06-04 16:04:54,502 - log - INFO - iter:2300/8041, clip_acc1=84.39130401611328, tta_acc1=84.39130401611328
2025-06-04 16:04:54,503 - log - INFO - iter:2300/8041, Original Acc@1: 84.39, Acc@5: 99.43, TTA Acc@1: 84.39, Acc@5: 99.43
2025-06-04 16:05:33,850 - log - INFO - iter:2320/8041, clip_acc1=84.43965148925781, tta_acc1=84.43965148925781
2025-06-04 16:05:33,851 - log - INFO - iter:2320/8041, Original Acc@1: 84.44, Acc@5: 99.44, TTA Acc@1: 84.44, Acc@5: 99.44
2025-06-04 16:06:12,637 - log - INFO - iter:2340/8041, clip_acc1=84.35897827148438, tta_acc1=84.35897827148438
2025-06-04 16:06:12,637 - log - INFO - iter:2340/8041, Original Acc@1: 84.36, Acc@5: 99.44, TTA Acc@1: 84.36, Acc@5: 99.44
2025-06-04 16:06:52,184 - log - INFO - iter:2360/8041, clip_acc1=84.3644027709961, tta_acc1=84.3644027709961
2025-06-04 16:06:52,184 - log - INFO - iter:2360/8041, Original Acc@1: 84.36, Acc@5: 99.45, TTA Acc@1: 84.36, Acc@5: 99.45
2025-06-04 16:07:31,070 - log - INFO - iter:2380/8041, clip_acc1=84.45378112792969, tta_acc1=84.45378112792969
2025-06-04 16:07:31,070 - log - INFO - iter:2380/8041, Original Acc@1: 84.45, Acc@5: 99.45, TTA Acc@1: 84.45, Acc@5: 99.45
2025-06-04 16:08:09,861 - log - INFO - iter:2400/8041, clip_acc1=84.58333587646484, tta_acc1=84.58333587646484
2025-06-04 16:08:09,861 - log - INFO - iter:2400/8041, Original Acc@1: 84.58, Acc@5: 99.46, TTA Acc@1: 84.58, Acc@5: 99.46
2025-06-04 16:08:48,740 - log - INFO - iter:2420/8041, clip_acc1=84.62809753417969, tta_acc1=84.62809753417969
2025-06-04 16:08:48,740 - log - INFO - iter:2420/8041, Original Acc@1: 84.63, Acc@5: 99.42, TTA Acc@1: 84.63, Acc@5: 99.42
2025-06-04 16:09:27,523 - log - INFO - iter:2440/8041, clip_acc1=84.59016418457031, tta_acc1=84.59016418457031
2025-06-04 16:09:27,523 - log - INFO - iter:2440/8041, Original Acc@1: 84.59, Acc@5: 99.39, TTA Acc@1: 84.59, Acc@5: 99.39
2025-06-04 16:10:06,933 - log - INFO - iter:2460/8041, clip_acc1=84.63414764404297, tta_acc1=84.63414764404297
2025-06-04 16:10:06,933 - log - INFO - iter:2460/8041, Original Acc@1: 84.63, Acc@5: 99.39, TTA Acc@1: 84.63, Acc@5: 99.39
2025-06-04 16:10:45,901 - log - INFO - iter:2480/8041, clip_acc1=84.63709259033203, tta_acc1=84.63709259033203
2025-06-04 16:10:45,902 - log - INFO - iter:2480/8041, Original Acc@1: 84.64, Acc@5: 99.40, TTA Acc@1: 84.64, Acc@5: 99.40
2025-06-04 16:11:24,703 - log - INFO - iter:2500/8041, clip_acc1=84.43999481201172, tta_acc1=84.43999481201172
2025-06-04 16:11:24,704 - log - INFO - iter:2500/8041, Original Acc@1: 84.44, Acc@5: 99.40, TTA Acc@1: 84.44, Acc@5: 99.40
2025-06-04 16:12:03,968 - log - INFO - iter:2520/8041, clip_acc1=84.44444274902344, tta_acc1=84.44444274902344
2025-06-04 16:12:03,968 - log - INFO - iter:2520/8041, Original Acc@1: 84.44, Acc@5: 99.40, TTA Acc@1: 84.44, Acc@5: 99.40
2025-06-04 16:12:42,937 - log - INFO - iter:2540/8041, clip_acc1=84.52755737304688, tta_acc1=84.52755737304688
2025-06-04 16:12:42,937 - log - INFO - iter:2540/8041, Original Acc@1: 84.53, Acc@5: 99.41, TTA Acc@1: 84.53, Acc@5: 99.41
2025-06-04 16:13:21,788 - log - INFO - iter:2560/8041, clip_acc1=84.453125, tta_acc1=84.453125
2025-06-04 16:13:21,788 - log - INFO - iter:2560/8041, Original Acc@1: 84.45, Acc@5: 99.41, TTA Acc@1: 84.45, Acc@5: 99.41
2025-06-04 16:14:01,490 - log - INFO - iter:2580/8041, clip_acc1=84.4186019897461, tta_acc1=84.4186019897461
2025-06-04 16:14:01,491 - log - INFO - iter:2580/8041, Original Acc@1: 84.42, Acc@5: 99.42, TTA Acc@1: 84.42, Acc@5: 99.42
2025-06-04 16:14:40,437 - log - INFO - iter:2600/8041, clip_acc1=84.42308044433594, tta_acc1=84.42308044433594
2025-06-04 16:14:40,438 - log - INFO - iter:2600/8041, Original Acc@1: 84.42, Acc@5: 99.42, TTA Acc@1: 84.42, Acc@5: 99.42
2025-06-04 16:15:19,157 - log - INFO - iter:2620/8041, clip_acc1=84.38931274414062, tta_acc1=84.38931274414062
2025-06-04 16:15:19,157 - log - INFO - iter:2620/8041, Original Acc@1: 84.39, Acc@5: 99.39, TTA Acc@1: 84.39, Acc@5: 99.39
2025-06-04 16:15:58,057 - log - INFO - iter:2640/8041, clip_acc1=84.43181610107422, tta_acc1=84.43181610107422
2025-06-04 16:15:58,057 - log - INFO - iter:2640/8041, Original Acc@1: 84.43, Acc@5: 99.39, TTA Acc@1: 84.43, Acc@5: 99.39
2025-06-04 16:16:37,106 - log - INFO - iter:2660/8041, clip_acc1=84.28571319580078, tta_acc1=84.28571319580078
2025-06-04 16:16:37,106 - log - INFO - iter:2660/8041, Original Acc@1: 84.29, Acc@5: 99.40, TTA Acc@1: 84.29, Acc@5: 99.40
2025-06-04 16:17:16,140 - log - INFO - iter:2680/8041, clip_acc1=84.25373077392578, tta_acc1=84.25373077392578
2025-06-04 16:17:16,140 - log - INFO - iter:2680/8041, Original Acc@1: 84.25, Acc@5: 99.40, TTA Acc@1: 84.25, Acc@5: 99.40
2025-06-04 16:17:55,284 - log - INFO - iter:2700/8041, clip_acc1=84.25926208496094, tta_acc1=84.25926208496094
2025-06-04 16:17:55,284 - log - INFO - iter:2700/8041, Original Acc@1: 84.26, Acc@5: 99.41, TTA Acc@1: 84.26, Acc@5: 99.41
2025-06-04 16:18:34,148 - log - INFO - iter:2720/8041, clip_acc1=84.15441131591797, tta_acc1=84.15441131591797
2025-06-04 16:18:34,149 - log - INFO - iter:2720/8041, Original Acc@1: 84.15, Acc@5: 99.41, TTA Acc@1: 84.15, Acc@5: 99.41
2025-06-04 16:19:12,921 - log - INFO - iter:2740/8041, clip_acc1=84.19707489013672, tta_acc1=84.19707489013672
2025-06-04 16:19:12,921 - log - INFO - iter:2740/8041, Original Acc@1: 84.20, Acc@5: 99.42, TTA Acc@1: 84.20, Acc@5: 99.42
2025-06-04 16:19:51,834 - log - INFO - iter:2760/8041, clip_acc1=84.2753677368164, tta_acc1=84.2753677368164
2025-06-04 16:19:51,835 - log - INFO - iter:2760/8041, Original Acc@1: 84.28, Acc@5: 99.42, TTA Acc@1: 84.28, Acc@5: 99.42
2025-06-04 16:20:30,803 - log - INFO - iter:2780/8041, clip_acc1=84.31654357910156, tta_acc1=84.31654357910156
2025-06-04 16:20:30,803 - log - INFO - iter:2780/8041, Original Acc@1: 84.32, Acc@5: 99.42, TTA Acc@1: 84.32, Acc@5: 99.42
2025-06-04 16:21:09,691 - log - INFO - iter:2800/8041, clip_acc1=84.28571319580078, tta_acc1=84.28571319580078
2025-06-04 16:21:09,691 - log - INFO - iter:2800/8041, Original Acc@1: 84.29, Acc@5: 99.43, TTA Acc@1: 84.29, Acc@5: 99.43
2025-06-04 16:21:48,471 - log - INFO - iter:2820/8041, clip_acc1=84.32624053955078, tta_acc1=84.32624053955078
2025-06-04 16:21:48,471 - log - INFO - iter:2820/8041, Original Acc@1: 84.33, Acc@5: 99.43, TTA Acc@1: 84.33, Acc@5: 99.43
2025-06-04 16:22:27,423 - log - INFO - iter:2840/8041, clip_acc1=84.33098602294922, tta_acc1=84.33098602294922
2025-06-04 16:22:27,423 - log - INFO - iter:2840/8041, Original Acc@1: 84.33, Acc@5: 99.44, TTA Acc@1: 84.33, Acc@5: 99.44
2025-06-04 16:23:06,247 - log - INFO - iter:2860/8041, clip_acc1=84.37063598632812, tta_acc1=84.37063598632812
2025-06-04 16:23:06,247 - log - INFO - iter:2860/8041, Original Acc@1: 84.37, Acc@5: 99.44, TTA Acc@1: 84.37, Acc@5: 99.44
2025-06-04 16:23:45,174 - log - INFO - iter:2880/8041, clip_acc1=84.30555725097656, tta_acc1=84.30555725097656
2025-06-04 16:23:45,174 - log - INFO - iter:2880/8041, Original Acc@1: 84.31, Acc@5: 99.44, TTA Acc@1: 84.31, Acc@5: 99.44
2025-06-04 16:24:23,976 - log - INFO - iter:2900/8041, clip_acc1=84.24137878417969, tta_acc1=84.24137878417969
2025-06-04 16:24:23,976 - log - INFO - iter:2900/8041, Original Acc@1: 84.24, Acc@5: 99.41, TTA Acc@1: 84.24, Acc@5: 99.41
2025-06-04 16:25:02,914 - log - INFO - iter:2920/8041, clip_acc1=84.28082275390625, tta_acc1=84.28082275390625
2025-06-04 16:25:02,915 - log - INFO - iter:2920/8041, Original Acc@1: 84.28, Acc@5: 99.42, TTA Acc@1: 84.28, Acc@5: 99.42
2025-06-04 16:25:42,015 - log - INFO - iter:2940/8041, clip_acc1=84.35374450683594, tta_acc1=84.35374450683594
2025-06-04 16:25:42,015 - log - INFO - iter:2940/8041, Original Acc@1: 84.35, Acc@5: 99.42, TTA Acc@1: 84.35, Acc@5: 99.42
2025-06-04 16:26:20,837 - log - INFO - iter:2960/8041, clip_acc1=84.35810852050781, tta_acc1=84.35810852050781
2025-06-04 16:26:20,837 - log - INFO - iter:2960/8041, Original Acc@1: 84.36, Acc@5: 99.39, TTA Acc@1: 84.36, Acc@5: 99.39
2025-06-04 16:26:59,823 - log - INFO - iter:2980/8041, clip_acc1=84.29530334472656, tta_acc1=84.29530334472656
2025-06-04 16:26:59,823 - log - INFO - iter:2980/8041, Original Acc@1: 84.30, Acc@5: 99.40, TTA Acc@1: 84.30, Acc@5: 99.40
2025-06-04 16:27:38,523 - log - INFO - iter:3000/8041, clip_acc1=84.29999542236328, tta_acc1=84.29999542236328
2025-06-04 16:27:38,523 - log - INFO - iter:3000/8041, Original Acc@1: 84.30, Acc@5: 99.40, TTA Acc@1: 84.30, Acc@5: 99.40
2025-06-04 16:28:17,450 - log - INFO - iter:3020/8041, clip_acc1=84.33775329589844, tta_acc1=84.33775329589844
2025-06-04 16:28:17,450 - log - INFO - iter:3020/8041, Original Acc@1: 84.34, Acc@5: 99.40, TTA Acc@1: 84.34, Acc@5: 99.40
2025-06-04 16:28:56,437 - log - INFO - iter:3040/8041, clip_acc1=84.30921173095703, tta_acc1=84.30921173095703
2025-06-04 16:28:56,437 - log - INFO - iter:3040/8041, Original Acc@1: 84.31, Acc@5: 99.41, TTA Acc@1: 84.31, Acc@5: 99.41
2025-06-04 16:29:35,443 - log - INFO - iter:3060/8041, clip_acc1=84.31372833251953, tta_acc1=84.31372833251953
2025-06-04 16:29:35,444 - log - INFO - iter:3060/8041, Original Acc@1: 84.31, Acc@5: 99.41, TTA Acc@1: 84.31, Acc@5: 99.41
2025-06-04 16:30:14,455 - log - INFO - iter:3080/8041, clip_acc1=84.25324249267578, tta_acc1=84.25324249267578
2025-06-04 16:30:14,455 - log - INFO - iter:3080/8041, Original Acc@1: 84.25, Acc@5: 99.42, TTA Acc@1: 84.25, Acc@5: 99.42
2025-06-04 16:30:53,346 - log - INFO - iter:3100/8041, clip_acc1=84.25806427001953, tta_acc1=84.25806427001953
2025-06-04 16:30:53,347 - log - INFO - iter:3100/8041, Original Acc@1: 84.26, Acc@5: 99.42, TTA Acc@1: 84.26, Acc@5: 99.42
2025-06-04 16:31:32,192 - log - INFO - iter:3120/8041, clip_acc1=84.26282501220703, tta_acc1=84.26282501220703
2025-06-04 16:31:32,192 - log - INFO - iter:3120/8041, Original Acc@1: 84.26, Acc@5: 99.39, TTA Acc@1: 84.26, Acc@5: 99.39
2025-06-04 16:32:10,978 - log - INFO - iter:3140/8041, clip_acc1=84.29936218261719, tta_acc1=84.29936218261719
2025-06-04 16:32:10,978 - log - INFO - iter:3140/8041, Original Acc@1: 84.30, Acc@5: 99.39, TTA Acc@1: 84.30, Acc@5: 99.39
2025-06-04 16:32:49,825 - log - INFO - iter:3160/8041, clip_acc1=84.30379486083984, tta_acc1=84.30379486083984
2025-06-04 16:32:49,826 - log - INFO - iter:3160/8041, Original Acc@1: 84.30, Acc@5: 99.37, TTA Acc@1: 84.30, Acc@5: 99.37
2025-06-04 16:33:28,770 - log - INFO - iter:3180/8041, clip_acc1=84.27672576904297, tta_acc1=84.27672576904297
2025-06-04 16:33:28,770 - log - INFO - iter:3180/8041, Original Acc@1: 84.28, Acc@5: 99.37, TTA Acc@1: 84.28, Acc@5: 99.37
2025-06-04 16:34:07,618 - log - INFO - iter:3200/8041, clip_acc1=84.34375, tta_acc1=84.34375
2025-06-04 16:34:07,618 - log - INFO - iter:3200/8041, Original Acc@1: 84.34, Acc@5: 99.38, TTA Acc@1: 84.34, Acc@5: 99.38
2025-06-04 16:34:50,458 - log - INFO - iter:3220/8041, clip_acc1=84.3788833618164, tta_acc1=84.3788833618164
2025-06-04 16:34:50,459 - log - INFO - iter:3220/8041, Original Acc@1: 84.38, Acc@5: 99.38, TTA Acc@1: 84.38, Acc@5: 99.38
2025-06-04 16:35:29,283 - log - INFO - iter:3240/8041, clip_acc1=84.41358184814453, tta_acc1=84.41358184814453
2025-06-04 16:35:29,283 - log - INFO - iter:3240/8041, Original Acc@1: 84.41, Acc@5: 99.38, TTA Acc@1: 84.41, Acc@5: 99.38
2025-06-04 16:36:08,158 - log - INFO - iter:3260/8041, clip_acc1=84.4478530883789, tta_acc1=84.4478530883789
2025-06-04 16:36:08,158 - log - INFO - iter:3260/8041, Original Acc@1: 84.45, Acc@5: 99.36, TTA Acc@1: 84.45, Acc@5: 99.36
2025-06-04 16:36:47,060 - log - INFO - iter:3280/8041, clip_acc1=84.48170471191406, tta_acc1=84.48170471191406
2025-06-04 16:36:47,060 - log - INFO - iter:3280/8041, Original Acc@1: 84.48, Acc@5: 99.33, TTA Acc@1: 84.48, Acc@5: 99.33
2025-06-04 16:37:25,995 - log - INFO - iter:3300/8041, clip_acc1=84.45454406738281, tta_acc1=84.45454406738281
2025-06-04 16:37:25,995 - log - INFO - iter:3300/8041, Original Acc@1: 84.45, Acc@5: 99.33, TTA Acc@1: 84.45, Acc@5: 99.33
2025-06-04 16:38:04,792 - log - INFO - iter:3320/8041, clip_acc1=84.3072280883789, tta_acc1=84.3072280883789
2025-06-04 16:38:04,792 - log - INFO - iter:3320/8041, Original Acc@1: 84.31, Acc@5: 99.34, TTA Acc@1: 84.31, Acc@5: 99.34
2025-06-04 16:38:43,799 - log - INFO - iter:3340/8041, clip_acc1=84.25149536132812, tta_acc1=84.25149536132812
2025-06-04 16:38:43,799 - log - INFO - iter:3340/8041, Original Acc@1: 84.25, Acc@5: 99.34, TTA Acc@1: 84.25, Acc@5: 99.34
2025-06-04 16:39:22,739 - log - INFO - iter:3360/8041, clip_acc1=84.2261962890625, tta_acc1=84.2261962890625
2025-06-04 16:39:22,739 - log - INFO - iter:3360/8041, Original Acc@1: 84.23, Acc@5: 99.32, TTA Acc@1: 84.23, Acc@5: 99.32
2025-06-04 16:40:01,536 - log - INFO - iter:3380/8041, clip_acc1=84.23076629638672, tta_acc1=84.23076629638672
2025-06-04 16:40:01,536 - log - INFO - iter:3380/8041, Original Acc@1: 84.23, Acc@5: 99.32, TTA Acc@1: 84.23, Acc@5: 99.32
2025-06-04 16:40:40,465 - log - INFO - iter:3400/8041, clip_acc1=84.17646789550781, tta_acc1=84.17646789550781
2025-06-04 16:40:40,465 - log - INFO - iter:3400/8041, Original Acc@1: 84.18, Acc@5: 99.32, TTA Acc@1: 84.18, Acc@5: 99.32
2025-06-04 16:41:19,484 - log - INFO - iter:3420/8041, clip_acc1=84.09356689453125, tta_acc1=84.09356689453125
2025-06-04 16:41:19,485 - log - INFO - iter:3420/8041, Original Acc@1: 84.09, Acc@5: 99.33, TTA Acc@1: 84.09, Acc@5: 99.33
2025-06-04 16:41:58,413 - log - INFO - iter:3440/8041, clip_acc1=84.09883880615234, tta_acc1=84.09883880615234
2025-06-04 16:41:58,413 - log - INFO - iter:3440/8041, Original Acc@1: 84.10, Acc@5: 99.33, TTA Acc@1: 84.10, Acc@5: 99.33
2025-06-04 16:42:37,364 - log - INFO - iter:3460/8041, clip_acc1=84.16184997558594, tta_acc1=84.16184997558594
2025-06-04 16:42:37,365 - log - INFO - iter:3460/8041, Original Acc@1: 84.16, Acc@5: 99.34, TTA Acc@1: 84.16, Acc@5: 99.34
2025-06-04 16:43:16,191 - log - INFO - iter:3480/8041, clip_acc1=84.19540405273438, tta_acc1=84.19540405273438
2025-06-04 16:43:16,191 - log - INFO - iter:3480/8041, Original Acc@1: 84.20, Acc@5: 99.34, TTA Acc@1: 84.20, Acc@5: 99.34
2025-06-04 16:43:55,026 - log - INFO - iter:3500/8041, clip_acc1=84.17142486572266, tta_acc1=84.17142486572266
2025-06-04 16:43:55,027 - log - INFO - iter:3500/8041, Original Acc@1: 84.17, Acc@5: 99.34, TTA Acc@1: 84.17, Acc@5: 99.34
2025-06-04 16:44:33,826 - log - INFO - iter:3520/8041, clip_acc1=84.20454406738281, tta_acc1=84.20454406738281
2025-06-04 16:44:33,827 - log - INFO - iter:3520/8041, Original Acc@1: 84.20, Acc@5: 99.35, TTA Acc@1: 84.20, Acc@5: 99.35
2025-06-04 16:45:12,627 - log - INFO - iter:3540/8041, clip_acc1=84.15254211425781, tta_acc1=84.15254211425781
2025-06-04 16:45:12,628 - log - INFO - iter:3540/8041, Original Acc@1: 84.15, Acc@5: 99.35, TTA Acc@1: 84.15, Acc@5: 99.35
2025-06-04 16:45:51,716 - log - INFO - iter:3560/8041, clip_acc1=84.10112762451172, tta_acc1=84.10112762451172
2025-06-04 16:45:51,717 - log - INFO - iter:3560/8041, Original Acc@1: 84.10, Acc@5: 99.35, TTA Acc@1: 84.10, Acc@5: 99.35
2025-06-04 16:46:30,784 - log - INFO - iter:3580/8041, clip_acc1=84.07820892333984, tta_acc1=84.07820892333984
2025-06-04 16:46:30,784 - log - INFO - iter:3580/8041, Original Acc@1: 84.08, Acc@5: 99.36, TTA Acc@1: 84.08, Acc@5: 99.36
2025-06-04 16:47:09,793 - log - INFO - iter:3600/8041, clip_acc1=84.0, tta_acc1=84.0
2025-06-04 16:47:09,793 - log - INFO - iter:3600/8041, Original Acc@1: 84.00, Acc@5: 99.36, TTA Acc@1: 84.00, Acc@5: 99.36
2025-06-04 16:47:48,679 - log - INFO - iter:3620/8041, clip_acc1=83.95027160644531, tta_acc1=83.95027160644531
2025-06-04 16:47:48,679 - log - INFO - iter:3620/8041, Original Acc@1: 83.95, Acc@5: 99.36, TTA Acc@1: 83.95, Acc@5: 99.36
2025-06-04 16:48:27,709 - log - INFO - iter:3640/8041, clip_acc1=83.92857360839844, tta_acc1=83.92857360839844
2025-06-04 16:48:27,709 - log - INFO - iter:3640/8041, Original Acc@1: 83.93, Acc@5: 99.37, TTA Acc@1: 83.93, Acc@5: 99.37
2025-06-04 16:49:06,594 - log - INFO - iter:3660/8041, clip_acc1=83.98907470703125, tta_acc1=83.98907470703125
2025-06-04 16:49:06,594 - log - INFO - iter:3660/8041, Original Acc@1: 83.99, Acc@5: 99.37, TTA Acc@1: 83.99, Acc@5: 99.37
2025-06-04 16:49:45,529 - log - INFO - iter:3680/8041, clip_acc1=83.9673843383789, tta_acc1=83.9673843383789
2025-06-04 16:49:45,529 - log - INFO - iter:3680/8041, Original Acc@1: 83.97, Acc@5: 99.37, TTA Acc@1: 83.97, Acc@5: 99.37
2025-06-04 16:50:24,599 - log - INFO - iter:3700/8041, clip_acc1=83.8648681640625, tta_acc1=83.8648681640625
2025-06-04 16:50:24,599 - log - INFO - iter:3700/8041, Original Acc@1: 83.86, Acc@5: 99.35, TTA Acc@1: 83.86, Acc@5: 99.35
2025-06-04 16:51:03,651 - log - INFO - iter:3720/8041, clip_acc1=83.92473602294922, tta_acc1=83.92473602294922
2025-06-04 16:51:03,651 - log - INFO - iter:3720/8041, Original Acc@1: 83.92, Acc@5: 99.35, TTA Acc@1: 83.92, Acc@5: 99.35
2025-06-04 16:51:42,472 - log - INFO - iter:3740/8041, clip_acc1=83.93048095703125, tta_acc1=83.93048095703125
2025-06-04 16:51:42,473 - log - INFO - iter:3740/8041, Original Acc@1: 83.93, Acc@5: 99.36, TTA Acc@1: 83.93, Acc@5: 99.36
2025-06-04 16:52:21,355 - log - INFO - iter:3760/8041, clip_acc1=83.93616485595703, tta_acc1=83.93616485595703
2025-06-04 16:52:21,355 - log - INFO - iter:3760/8041, Original Acc@1: 83.94, Acc@5: 99.36, TTA Acc@1: 83.94, Acc@5: 99.36
2025-06-04 16:53:00,609 - log - INFO - iter:3780/8041, clip_acc1=83.94180297851562, tta_acc1=83.94180297851562
2025-06-04 16:53:00,609 - log - INFO - iter:3780/8041, Original Acc@1: 83.94, Acc@5: 99.37, TTA Acc@1: 83.94, Acc@5: 99.37
2025-06-04 16:53:39,487 - log - INFO - iter:3800/8041, clip_acc1=83.89472961425781, tta_acc1=83.89472961425781
2025-06-04 16:53:39,487 - log - INFO - iter:3800/8041, Original Acc@1: 83.89, Acc@5: 99.37, TTA Acc@1: 83.89, Acc@5: 99.37
2025-06-04 16:54:18,409 - log - INFO - iter:3820/8041, clip_acc1=83.87434387207031, tta_acc1=83.87434387207031
2025-06-04 16:54:18,409 - log - INFO - iter:3820/8041, Original Acc@1: 83.87, Acc@5: 99.37, TTA Acc@1: 83.87, Acc@5: 99.37
2025-06-04 16:54:57,291 - log - INFO - iter:3840/8041, clip_acc1=83.90625762939453, tta_acc1=83.90625762939453
2025-06-04 16:54:57,291 - log - INFO - iter:3840/8041, Original Acc@1: 83.91, Acc@5: 99.38, TTA Acc@1: 83.91, Acc@5: 99.38
2025-06-04 16:55:36,364 - log - INFO - iter:3860/8041, clip_acc1=83.91191864013672, tta_acc1=83.91191864013672
2025-06-04 16:55:36,365 - log - INFO - iter:3860/8041, Original Acc@1: 83.91, Acc@5: 99.38, TTA Acc@1: 83.91, Acc@5: 99.38
2025-06-04 16:56:15,177 - log - INFO - iter:3880/8041, clip_acc1=83.89175415039062, tta_acc1=83.89175415039062
2025-06-04 16:56:15,177 - log - INFO - iter:3880/8041, Original Acc@1: 83.89, Acc@5: 99.38, TTA Acc@1: 83.89, Acc@5: 99.38
2025-06-04 16:56:54,090 - log - INFO - iter:3900/8041, clip_acc1=83.9230728149414, tta_acc1=83.9230728149414
2025-06-04 16:56:54,090 - log - INFO - iter:3900/8041, Original Acc@1: 83.92, Acc@5: 99.38, TTA Acc@1: 83.92, Acc@5: 99.38
2025-06-04 16:57:32,921 - log - INFO - iter:3920/8041, clip_acc1=83.90306091308594, tta_acc1=83.90306091308594
2025-06-04 16:57:32,921 - log - INFO - iter:3920/8041, Original Acc@1: 83.90, Acc@5: 99.36, TTA Acc@1: 83.90, Acc@5: 99.36
2025-06-04 16:58:11,862 - log - INFO - iter:3940/8041, clip_acc1=83.88324737548828, tta_acc1=83.88324737548828
2025-06-04 16:58:11,863 - log - INFO - iter:3940/8041, Original Acc@1: 83.88, Acc@5: 99.37, TTA Acc@1: 83.88, Acc@5: 99.37
2025-06-04 16:58:50,829 - log - INFO - iter:3960/8041, clip_acc1=83.8888931274414, tta_acc1=83.8888931274414
2025-06-04 16:58:50,829 - log - INFO - iter:3960/8041, Original Acc@1: 83.89, Acc@5: 99.37, TTA Acc@1: 83.89, Acc@5: 99.37
2025-06-04 16:59:29,849 - log - INFO - iter:3980/8041, clip_acc1=83.84422302246094, tta_acc1=83.84422302246094
2025-06-04 16:59:29,849 - log - INFO - iter:3980/8041, Original Acc@1: 83.84, Acc@5: 99.37, TTA Acc@1: 83.84, Acc@5: 99.37
2025-06-04 17:00:08,742 - log - INFO - iter:4000/8041, clip_acc1=83.85000610351562, tta_acc1=83.85000610351562
2025-06-04 17:00:08,742 - log - INFO - iter:4000/8041, Original Acc@1: 83.85, Acc@5: 99.38, TTA Acc@1: 83.85, Acc@5: 99.38
2025-06-04 17:00:47,471 - log - INFO - iter:4020/8041, clip_acc1=83.83084869384766, tta_acc1=83.83084869384766
2025-06-04 17:00:47,471 - log - INFO - iter:4020/8041, Original Acc@1: 83.83, Acc@5: 99.38, TTA Acc@1: 83.83, Acc@5: 99.38
2025-06-04 17:01:26,265 - log - INFO - iter:4040/8041, clip_acc1=83.81188201904297, tta_acc1=83.81188201904297
2025-06-04 17:01:26,265 - log - INFO - iter:4040/8041, Original Acc@1: 83.81, Acc@5: 99.36, TTA Acc@1: 83.81, Acc@5: 99.36
2025-06-04 17:02:05,175 - log - INFO - iter:4060/8041, clip_acc1=83.79310607910156, tta_acc1=83.79310607910156
2025-06-04 17:02:05,175 - log - INFO - iter:4060/8041, Original Acc@1: 83.79, Acc@5: 99.36, TTA Acc@1: 83.79, Acc@5: 99.36
2025-06-04 17:02:44,053 - log - INFO - iter:4080/8041, clip_acc1=83.82353210449219, tta_acc1=83.82353210449219
2025-06-04 17:02:44,053 - log - INFO - iter:4080/8041, Original Acc@1: 83.82, Acc@5: 99.36, TTA Acc@1: 83.82, Acc@5: 99.36
2025-06-04 17:03:22,988 - log - INFO - iter:4100/8041, clip_acc1=83.8536605834961, tta_acc1=83.8536605834961
2025-06-04 17:03:22,988 - log - INFO - iter:4100/8041, Original Acc@1: 83.85, Acc@5: 99.37, TTA Acc@1: 83.85, Acc@5: 99.37
2025-06-04 17:04:01,900 - log - INFO - iter:4120/8041, clip_acc1=83.93203735351562, tta_acc1=83.93203735351562
2025-06-04 17:04:01,900 - log - INFO - iter:4120/8041, Original Acc@1: 83.93, Acc@5: 99.37, TTA Acc@1: 83.93, Acc@5: 99.37
2025-06-04 17:04:40,885 - log - INFO - iter:4140/8041, clip_acc1=83.91304016113281, tta_acc1=83.91304016113281
2025-06-04 17:04:40,885 - log - INFO - iter:4140/8041, Original Acc@1: 83.91, Acc@5: 99.37, TTA Acc@1: 83.91, Acc@5: 99.37
2025-06-04 17:05:19,633 - log - INFO - iter:4160/8041, clip_acc1=83.94230651855469, tta_acc1=83.94230651855469
2025-06-04 17:05:19,633 - log - INFO - iter:4160/8041, Original Acc@1: 83.94, Acc@5: 99.38, TTA Acc@1: 83.94, Acc@5: 99.38
2025-06-04 17:05:58,810 - log - INFO - iter:4180/8041, clip_acc1=83.9473648071289, tta_acc1=83.9473648071289
2025-06-04 17:05:58,810 - log - INFO - iter:4180/8041, Original Acc@1: 83.95, Acc@5: 99.38, TTA Acc@1: 83.95, Acc@5: 99.38
2025-06-04 17:06:38,025 - log - INFO - iter:4200/8041, clip_acc1=84.02381134033203, tta_acc1=84.02381134033203
2025-06-04 17:06:38,025 - log - INFO - iter:4200/8041, Original Acc@1: 84.02, Acc@5: 99.38, TTA Acc@1: 84.02, Acc@5: 99.38
2025-06-04 17:07:16,892 - log - INFO - iter:4220/8041, clip_acc1=84.02843475341797, tta_acc1=84.02843475341797
2025-06-04 17:07:16,892 - log - INFO - iter:4220/8041, Original Acc@1: 84.03, Acc@5: 99.38, TTA Acc@1: 84.03, Acc@5: 99.38
2025-06-04 17:07:56,577 - log - INFO - iter:4240/8041, clip_acc1=83.96226501464844, tta_acc1=83.96226501464844
2025-06-04 17:07:56,577 - log - INFO - iter:4240/8041, Original Acc@1: 83.96, Acc@5: 99.39, TTA Acc@1: 83.96, Acc@5: 99.39
2025-06-04 17:08:35,545 - log - INFO - iter:4260/8041, clip_acc1=84.01408386230469, tta_acc1=84.01408386230469
2025-06-04 17:08:35,546 - log - INFO - iter:4260/8041, Original Acc@1: 84.01, Acc@5: 99.39, TTA Acc@1: 84.01, Acc@5: 99.39
2025-06-04 17:09:14,525 - log - INFO - iter:4280/8041, clip_acc1=84.04206085205078, tta_acc1=84.04206085205078
2025-06-04 17:09:14,525 - log - INFO - iter:4280/8041, Original Acc@1: 84.04, Acc@5: 99.39, TTA Acc@1: 84.04, Acc@5: 99.39
2025-06-04 17:09:53,988 - log - INFO - iter:4300/8041, clip_acc1=84.02325439453125, tta_acc1=84.02325439453125
2025-06-04 17:09:53,988 - log - INFO - iter:4300/8041, Original Acc@1: 84.02, Acc@5: 99.40, TTA Acc@1: 84.02, Acc@5: 99.40
2025-06-04 17:10:54,965 - log - INFO - iter:4320/8041, clip_acc1=83.9351806640625, tta_acc1=83.9351806640625
2025-06-04 17:10:54,965 - log - INFO - iter:4320/8041, Original Acc@1: 83.94, Acc@5: 99.40, TTA Acc@1: 83.94, Acc@5: 99.40
2025-06-04 17:11:33,930 - log - INFO - iter:4340/8041, clip_acc1=83.98617553710938, tta_acc1=83.98617553710938
2025-06-04 17:11:33,930 - log - INFO - iter:4340/8041, Original Acc@1: 83.99, Acc@5: 99.40, TTA Acc@1: 83.99, Acc@5: 99.40
2025-06-04 17:12:12,995 - log - INFO - iter:4360/8041, clip_acc1=84.03669738769531, tta_acc1=84.03669738769531
2025-06-04 17:12:12,995 - log - INFO - iter:4360/8041, Original Acc@1: 84.04, Acc@5: 99.40, TTA Acc@1: 84.04, Acc@5: 99.40
2025-06-04 17:12:51,850 - log - INFO - iter:4380/8041, clip_acc1=84.04109191894531, tta_acc1=84.04109191894531
2025-06-04 17:12:51,850 - log - INFO - iter:4380/8041, Original Acc@1: 84.04, Acc@5: 99.41, TTA Acc@1: 84.04, Acc@5: 99.41
2025-06-04 17:13:30,901 - log - INFO - iter:4400/8041, clip_acc1=84.0227279663086, tta_acc1=84.0227279663086
2025-06-04 17:13:30,901 - log - INFO - iter:4400/8041, Original Acc@1: 84.02, Acc@5: 99.41, TTA Acc@1: 84.02, Acc@5: 99.41
2025-06-04 17:14:09,770 - log - INFO - iter:4420/8041, clip_acc1=83.93665313720703, tta_acc1=83.93665313720703
2025-06-04 17:14:09,770 - log - INFO - iter:4420/8041, Original Acc@1: 83.94, Acc@5: 99.41, TTA Acc@1: 83.94, Acc@5: 99.41
2025-06-04 17:14:48,669 - log - INFO - iter:4440/8041, clip_acc1=83.9639663696289, tta_acc1=83.9639663696289
2025-06-04 17:14:48,669 - log - INFO - iter:4440/8041, Original Acc@1: 83.96, Acc@5: 99.41, TTA Acc@1: 83.96, Acc@5: 99.41
2025-06-04 17:15:27,626 - log - INFO - iter:4460/8041, clip_acc1=84.0134506225586, tta_acc1=84.0134506225586
2025-06-04 17:15:27,626 - log - INFO - iter:4460/8041, Original Acc@1: 84.01, Acc@5: 99.42, TTA Acc@1: 84.01, Acc@5: 99.42
2025-06-04 17:16:06,592 - log - INFO - iter:4480/8041, clip_acc1=83.99553680419922, tta_acc1=83.99553680419922
2025-06-04 17:16:06,593 - log - INFO - iter:4480/8041, Original Acc@1: 84.00, Acc@5: 99.40, TTA Acc@1: 84.00, Acc@5: 99.40
2025-06-04 17:16:45,538 - log - INFO - iter:4500/8041, clip_acc1=84.0, tta_acc1=84.0
2025-06-04 17:16:45,538 - log - INFO - iter:4500/8041, Original Acc@1: 84.00, Acc@5: 99.40, TTA Acc@1: 84.00, Acc@5: 99.40
2025-06-04 17:17:24,360 - log - INFO - iter:4520/8041, clip_acc1=84.00442504882812, tta_acc1=84.00442504882812
2025-06-04 17:17:24,360 - log - INFO - iter:4520/8041, Original Acc@1: 84.00, Acc@5: 99.40, TTA Acc@1: 84.00, Acc@5: 99.40
2025-06-04 17:18:03,438 - log - INFO - iter:4540/8041, clip_acc1=84.0088119506836, tta_acc1=84.0088119506836
2025-06-04 17:18:03,439 - log - INFO - iter:4540/8041, Original Acc@1: 84.01, Acc@5: 99.41, TTA Acc@1: 84.01, Acc@5: 99.41
2025-06-04 17:18:42,283 - log - INFO - iter:4560/8041, clip_acc1=84.03508758544922, tta_acc1=84.03508758544922
2025-06-04 17:18:42,283 - log - INFO - iter:4560/8041, Original Acc@1: 84.04, Acc@5: 99.41, TTA Acc@1: 84.04, Acc@5: 99.41
2025-06-04 17:19:21,098 - log - INFO - iter:4580/8041, clip_acc1=84.039306640625, tta_acc1=84.039306640625
2025-06-04 17:19:21,098 - log - INFO - iter:4580/8041, Original Acc@1: 84.04, Acc@5: 99.41, TTA Acc@1: 84.04, Acc@5: 99.41
2025-06-04 17:19:59,846 - log - INFO - iter:4600/8041, clip_acc1=84.06521606445312, tta_acc1=84.06521606445312
2025-06-04 17:19:59,846 - log - INFO - iter:4600/8041, Original Acc@1: 84.07, Acc@5: 99.41, TTA Acc@1: 84.07, Acc@5: 99.41
2025-06-04 17:20:38,670 - log - INFO - iter:4620/8041, clip_acc1=84.09091186523438, tta_acc1=84.09091186523438
2025-06-04 17:20:38,670 - log - INFO - iter:4620/8041, Original Acc@1: 84.09, Acc@5: 99.42, TTA Acc@1: 84.09, Acc@5: 99.42
2025-06-04 17:21:17,597 - log - INFO - iter:4640/8041, clip_acc1=84.07327270507812, tta_acc1=84.07327270507812
2025-06-04 17:21:17,597 - log - INFO - iter:4640/8041, Original Acc@1: 84.07, Acc@5: 99.42, TTA Acc@1: 84.07, Acc@5: 99.42
2025-06-04 17:21:56,935 - log - INFO - iter:4660/8041, clip_acc1=84.07725524902344, tta_acc1=84.07725524902344
2025-06-04 17:21:56,935 - log - INFO - iter:4660/8041, Original Acc@1: 84.08, Acc@5: 99.42, TTA Acc@1: 84.08, Acc@5: 99.42
2025-06-04 17:22:35,875 - log - INFO - iter:4680/8041, clip_acc1=84.1025619506836, tta_acc1=84.1025619506836
2025-06-04 17:22:35,875 - log - INFO - iter:4680/8041, Original Acc@1: 84.10, Acc@5: 99.42, TTA Acc@1: 84.10, Acc@5: 99.42
2025-06-04 17:23:14,929 - log - INFO - iter:4700/8041, clip_acc1=84.0851058959961, tta_acc1=84.0851058959961
2025-06-04 17:23:14,929 - log - INFO - iter:4700/8041, Original Acc@1: 84.09, Acc@5: 99.43, TTA Acc@1: 84.09, Acc@5: 99.43
2025-06-04 17:23:53,739 - log - INFO - iter:4720/8041, clip_acc1=84.11016845703125, tta_acc1=84.11016845703125
2025-06-04 17:23:53,739 - log - INFO - iter:4720/8041, Original Acc@1: 84.11, Acc@5: 99.43, TTA Acc@1: 84.11, Acc@5: 99.43
2025-06-04 17:24:32,624 - log - INFO - iter:4740/8041, clip_acc1=84.07173156738281, tta_acc1=84.07173156738281
2025-06-04 17:24:32,624 - log - INFO - iter:4740/8041, Original Acc@1: 84.07, Acc@5: 99.43, TTA Acc@1: 84.07, Acc@5: 99.43
2025-06-04 17:25:11,559 - log - INFO - iter:4760/8041, clip_acc1=84.05462646484375, tta_acc1=84.05462646484375
2025-06-04 17:25:11,559 - log - INFO - iter:4760/8041, Original Acc@1: 84.05, Acc@5: 99.43, TTA Acc@1: 84.05, Acc@5: 99.43
2025-06-04 17:25:52,360 - log - INFO - iter:4780/8041, clip_acc1=84.121337890625, tta_acc1=84.121337890625
2025-06-04 17:25:52,360 - log - INFO - iter:4780/8041, Original Acc@1: 84.12, Acc@5: 99.44, TTA Acc@1: 84.12, Acc@5: 99.44
2025-06-04 17:26:31,484 - log - INFO - iter:4800/8041, clip_acc1=84.08333587646484, tta_acc1=84.08333587646484
2025-06-04 17:26:31,484 - log - INFO - iter:4800/8041, Original Acc@1: 84.08, Acc@5: 99.44, TTA Acc@1: 84.08, Acc@5: 99.44
2025-06-04 17:27:10,315 - log - INFO - iter:4820/8041, clip_acc1=84.14937591552734, tta_acc1=84.14937591552734
2025-06-04 17:27:10,315 - log - INFO - iter:4820/8041, Original Acc@1: 84.15, Acc@5: 99.44, TTA Acc@1: 84.15, Acc@5: 99.44
2025-06-04 17:27:49,153 - log - INFO - iter:4840/8041, clip_acc1=84.13223266601562, tta_acc1=84.13223266601562
2025-06-04 17:27:49,153 - log - INFO - iter:4840/8041, Original Acc@1: 84.13, Acc@5: 99.44, TTA Acc@1: 84.13, Acc@5: 99.44
2025-06-04 17:28:28,212 - log - INFO - iter:4860/8041, clip_acc1=84.15637969970703, tta_acc1=84.15637969970703
2025-06-04 17:28:28,212 - log - INFO - iter:4860/8041, Original Acc@1: 84.16, Acc@5: 99.44, TTA Acc@1: 84.16, Acc@5: 99.44
2025-06-04 17:29:07,272 - log - INFO - iter:4880/8041, clip_acc1=84.11885070800781, tta_acc1=84.11885070800781
2025-06-04 17:29:07,272 - log - INFO - iter:4880/8041, Original Acc@1: 84.12, Acc@5: 99.45, TTA Acc@1: 84.12, Acc@5: 99.45
2025-06-04 17:29:46,206 - log - INFO - iter:4900/8041, clip_acc1=84.10204315185547, tta_acc1=84.10204315185547
2025-06-04 17:29:46,206 - log - INFO - iter:4900/8041, Original Acc@1: 84.10, Acc@5: 99.45, TTA Acc@1: 84.10, Acc@5: 99.45
2025-06-04 17:30:25,190 - log - INFO - iter:4920/8041, clip_acc1=84.12601470947266, tta_acc1=84.12601470947266
2025-06-04 17:30:25,190 - log - INFO - iter:4920/8041, Original Acc@1: 84.13, Acc@5: 99.45, TTA Acc@1: 84.13, Acc@5: 99.45
2025-06-04 17:31:04,011 - log - INFO - iter:4940/8041, clip_acc1=84.14979553222656, tta_acc1=84.14979553222656
2025-06-04 17:31:04,011 - log - INFO - iter:4940/8041, Original Acc@1: 84.15, Acc@5: 99.45, TTA Acc@1: 84.15, Acc@5: 99.45
2025-06-04 17:31:42,756 - log - INFO - iter:4960/8041, clip_acc1=84.11289978027344, tta_acc1=84.11289978027344
2025-06-04 17:31:42,757 - log - INFO - iter:4960/8041, Original Acc@1: 84.11, Acc@5: 99.46, TTA Acc@1: 84.11, Acc@5: 99.46
2025-06-04 17:32:21,630 - log - INFO - iter:4980/8041, clip_acc1=84.07630920410156, tta_acc1=84.07630920410156
2025-06-04 17:32:21,630 - log - INFO - iter:4980/8041, Original Acc@1: 84.08, Acc@5: 99.46, TTA Acc@1: 84.08, Acc@5: 99.46
2025-06-04 17:33:00,457 - log - INFO - iter:5000/8041, clip_acc1=84.0999984741211, tta_acc1=84.0999984741211
2025-06-04 17:33:00,457 - log - INFO - iter:5000/8041, Original Acc@1: 84.10, Acc@5: 99.46, TTA Acc@1: 84.10, Acc@5: 99.46
2025-06-04 17:33:39,436 - log - INFO - iter:5020/8041, clip_acc1=84.12350463867188, tta_acc1=84.12350463867188
2025-06-04 17:33:39,436 - log - INFO - iter:5020/8041, Original Acc@1: 84.12, Acc@5: 99.46, TTA Acc@1: 84.12, Acc@5: 99.46
2025-06-04 17:34:18,295 - log - INFO - iter:5040/8041, clip_acc1=84.0873031616211, tta_acc1=84.0873031616211
2025-06-04 17:34:18,295 - log - INFO - iter:5040/8041, Original Acc@1: 84.09, Acc@5: 99.46, TTA Acc@1: 84.09, Acc@5: 99.46
2025-06-04 17:34:57,130 - log - INFO - iter:5060/8041, clip_acc1=84.09090423583984, tta_acc1=84.09090423583984
2025-06-04 17:34:57,130 - log - INFO - iter:5060/8041, Original Acc@1: 84.09, Acc@5: 99.47, TTA Acc@1: 84.09, Acc@5: 99.47
2025-06-04 17:35:35,917 - log - INFO - iter:5080/8041, clip_acc1=84.09449005126953, tta_acc1=84.09449005126953
2025-06-04 17:35:35,917 - log - INFO - iter:5080/8041, Original Acc@1: 84.09, Acc@5: 99.47, TTA Acc@1: 84.09, Acc@5: 99.47
2025-06-04 17:36:15,228 - log - INFO - iter:5100/8041, clip_acc1=84.07843017578125, tta_acc1=84.07843017578125
2025-06-04 17:36:15,228 - log - INFO - iter:5100/8041, Original Acc@1: 84.08, Acc@5: 99.45, TTA Acc@1: 84.08, Acc@5: 99.45
2025-06-04 17:36:54,172 - log - INFO - iter:5120/8041, clip_acc1=84.1015625, tta_acc1=84.1015625
2025-06-04 17:36:54,172 - log - INFO - iter:5120/8041, Original Acc@1: 84.10, Acc@5: 99.45, TTA Acc@1: 84.10, Acc@5: 99.45
2025-06-04 17:37:33,060 - log - INFO - iter:5140/8041, clip_acc1=84.12451171875, tta_acc1=84.12451171875
2025-06-04 17:37:33,060 - log - INFO - iter:5140/8041, Original Acc@1: 84.12, Acc@5: 99.46, TTA Acc@1: 84.12, Acc@5: 99.46
2025-06-04 17:38:12,023 - log - INFO - iter:5160/8041, clip_acc1=84.1279067993164, tta_acc1=84.1279067993164
2025-06-04 17:38:12,023 - log - INFO - iter:5160/8041, Original Acc@1: 84.13, Acc@5: 99.46, TTA Acc@1: 84.13, Acc@5: 99.46
2025-06-04 17:38:50,828 - log - INFO - iter:5180/8041, clip_acc1=84.16988372802734, tta_acc1=84.16988372802734
2025-06-04 17:38:50,828 - log - INFO - iter:5180/8041, Original Acc@1: 84.17, Acc@5: 99.44, TTA Acc@1: 84.17, Acc@5: 99.44
2025-06-04 17:39:29,948 - log - INFO - iter:5200/8041, clip_acc1=84.17308044433594, tta_acc1=84.17308044433594
2025-06-04 17:39:29,948 - log - INFO - iter:5200/8041, Original Acc@1: 84.17, Acc@5: 99.44, TTA Acc@1: 84.17, Acc@5: 99.44
2025-06-04 17:40:08,682 - log - INFO - iter:5220/8041, clip_acc1=84.1762466430664, tta_acc1=84.1762466430664
2025-06-04 17:40:08,682 - log - INFO - iter:5220/8041, Original Acc@1: 84.18, Acc@5: 99.44, TTA Acc@1: 84.18, Acc@5: 99.44
2025-06-04 17:40:47,709 - log - INFO - iter:5240/8041, clip_acc1=84.16030883789062, tta_acc1=84.16030883789062
2025-06-04 17:40:47,709 - log - INFO - iter:5240/8041, Original Acc@1: 84.16, Acc@5: 99.45, TTA Acc@1: 84.16, Acc@5: 99.45
2025-06-04 17:41:26,905 - log - INFO - iter:5260/8041, clip_acc1=84.16349792480469, tta_acc1=84.16349792480469
2025-06-04 17:41:26,905 - log - INFO - iter:5260/8041, Original Acc@1: 84.16, Acc@5: 99.45, TTA Acc@1: 84.16, Acc@5: 99.45
2025-06-04 17:42:05,750 - log - INFO - iter:5280/8041, clip_acc1=84.10984802246094, tta_acc1=84.10984802246094
2025-06-04 17:42:05,750 - log - INFO - iter:5280/8041, Original Acc@1: 84.11, Acc@5: 99.45, TTA Acc@1: 84.11, Acc@5: 99.45
2025-06-04 17:42:44,520 - log - INFO - iter:5300/8041, clip_acc1=84.05660247802734, tta_acc1=84.05660247802734
2025-06-04 17:42:44,520 - log - INFO - iter:5300/8041, Original Acc@1: 84.06, Acc@5: 99.45, TTA Acc@1: 84.06, Acc@5: 99.45
2025-06-04 17:43:23,416 - log - INFO - iter:5320/8041, clip_acc1=84.07894897460938, tta_acc1=84.07894897460938
2025-06-04 17:43:23,417 - log - INFO - iter:5320/8041, Original Acc@1: 84.08, Acc@5: 99.45, TTA Acc@1: 84.08, Acc@5: 99.45
2025-06-04 17:44:02,742 - log - INFO - iter:5340/8041, clip_acc1=84.1198501586914, tta_acc1=84.1198501586914
2025-06-04 17:44:02,742 - log - INFO - iter:5340/8041, Original Acc@1: 84.12, Acc@5: 99.46, TTA Acc@1: 84.12, Acc@5: 99.46
2025-06-04 17:44:41,537 - log - INFO - iter:5360/8041, clip_acc1=84.08582305908203, tta_acc1=84.08582305908203
2025-06-04 17:44:41,537 - log - INFO - iter:5360/8041, Original Acc@1: 84.09, Acc@5: 99.46, TTA Acc@1: 84.09, Acc@5: 99.46
2025-06-04 17:45:20,579 - log - INFO - iter:5380/8041, clip_acc1=84.10780334472656, tta_acc1=84.10780334472656
2025-06-04 17:45:20,580 - log - INFO - iter:5380/8041, Original Acc@1: 84.11, Acc@5: 99.46, TTA Acc@1: 84.11, Acc@5: 99.46
2025-06-04 17:45:59,748 - log - INFO - iter:5400/8041, clip_acc1=84.11111450195312, tta_acc1=84.11111450195312
2025-06-04 17:45:59,748 - log - INFO - iter:5400/8041, Original Acc@1: 84.11, Acc@5: 99.46, TTA Acc@1: 84.11, Acc@5: 99.46
2025-06-04 17:46:38,784 - log - INFO - iter:5420/8041, clip_acc1=84.11438751220703, tta_acc1=84.11438751220703
2025-06-04 17:46:38,784 - log - INFO - iter:5420/8041, Original Acc@1: 84.11, Acc@5: 99.46, TTA Acc@1: 84.11, Acc@5: 99.46
2025-06-04 17:47:17,756 - log - INFO - iter:5440/8041, clip_acc1=84.11764526367188, tta_acc1=84.11764526367188
2025-06-04 17:47:17,756 - log - INFO - iter:5440/8041, Original Acc@1: 84.12, Acc@5: 99.47, TTA Acc@1: 84.12, Acc@5: 99.47
2025-06-04 17:47:56,951 - log - INFO - iter:5460/8041, clip_acc1=84.13919830322266, tta_acc1=84.13919830322266
2025-06-04 17:47:56,952 - log - INFO - iter:5460/8041, Original Acc@1: 84.14, Acc@5: 99.47, TTA Acc@1: 84.14, Acc@5: 99.47
2025-06-04 17:48:35,853 - log - INFO - iter:5480/8041, clip_acc1=84.1058349609375, tta_acc1=84.1058349609375
2025-06-04 17:48:35,853 - log - INFO - iter:5480/8041, Original Acc@1: 84.11, Acc@5: 99.47, TTA Acc@1: 84.11, Acc@5: 99.47
2025-06-04 17:49:14,629 - log - INFO - iter:5500/8041, clip_acc1=84.09090423583984, tta_acc1=84.09090423583984
2025-06-04 17:49:14,630 - log - INFO - iter:5500/8041, Original Acc@1: 84.09, Acc@5: 99.47, TTA Acc@1: 84.09, Acc@5: 99.47
2025-06-04 17:49:53,504 - log - INFO - iter:5520/8041, clip_acc1=84.03985595703125, tta_acc1=84.03985595703125
2025-06-04 17:49:53,504 - log - INFO - iter:5520/8041, Original Acc@1: 84.04, Acc@5: 99.47, TTA Acc@1: 84.04, Acc@5: 99.47
2025-06-04 17:50:32,356 - log - INFO - iter:5540/8041, clip_acc1=84.09747314453125, tta_acc1=84.09747314453125
2025-06-04 17:50:32,357 - log - INFO - iter:5540/8041, Original Acc@1: 84.10, Acc@5: 99.48, TTA Acc@1: 84.10, Acc@5: 99.48
2025-06-04 17:51:11,169 - log - INFO - iter:5560/8041, clip_acc1=84.08273315429688, tta_acc1=84.08273315429688
2025-06-04 17:51:11,170 - log - INFO - iter:5560/8041, Original Acc@1: 84.08, Acc@5: 99.48, TTA Acc@1: 84.08, Acc@5: 99.48
2025-06-04 17:51:50,344 - log - INFO - iter:5580/8041, clip_acc1=84.06809997558594, tta_acc1=84.06809997558594
2025-06-04 17:51:50,344 - log - INFO - iter:5580/8041, Original Acc@1: 84.07, Acc@5: 99.48, TTA Acc@1: 84.07, Acc@5: 99.48
2025-06-04 17:52:29,108 - log - INFO - iter:5600/8041, clip_acc1=84.07142639160156, tta_acc1=84.07142639160156
2025-06-04 17:52:29,108 - log - INFO - iter:5600/8041, Original Acc@1: 84.07, Acc@5: 99.48, TTA Acc@1: 84.07, Acc@5: 99.48
2025-06-04 17:53:08,118 - log - INFO - iter:5620/8041, clip_acc1=84.092529296875, tta_acc1=84.092529296875
2025-06-04 17:53:08,119 - log - INFO - iter:5620/8041, Original Acc@1: 84.09, Acc@5: 99.48, TTA Acc@1: 84.09, Acc@5: 99.48
2025-06-04 17:53:47,044 - log - INFO - iter:5640/8041, clip_acc1=84.07801055908203, tta_acc1=84.07801055908203
2025-06-04 17:53:47,044 - log - INFO - iter:5640/8041, Original Acc@1: 84.08, Acc@5: 99.49, TTA Acc@1: 84.08, Acc@5: 99.49
2025-06-04 17:54:25,906 - log - INFO - iter:5660/8041, clip_acc1=84.0635986328125, tta_acc1=84.0635986328125
2025-06-04 17:54:25,906 - log - INFO - iter:5660/8041, Original Acc@1: 84.06, Acc@5: 99.49, TTA Acc@1: 84.06, Acc@5: 99.49
2025-06-04 17:55:04,698 - log - INFO - iter:5680/8041, clip_acc1=84.08450317382812, tta_acc1=84.08450317382812
2025-06-04 17:55:04,699 - log - INFO - iter:5680/8041, Original Acc@1: 84.08, Acc@5: 99.49, TTA Acc@1: 84.08, Acc@5: 99.49
2025-06-04 17:55:43,817 - log - INFO - iter:5700/8041, clip_acc1=84.12281036376953, tta_acc1=84.12281036376953
2025-06-04 17:55:43,817 - log - INFO - iter:5700/8041, Original Acc@1: 84.12, Acc@5: 99.49, TTA Acc@1: 84.12, Acc@5: 99.49
2025-06-04 17:56:25,022 - log - INFO - iter:5720/8041, clip_acc1=84.14335632324219, tta_acc1=84.14335632324219
2025-06-04 17:56:25,023 - log - INFO - iter:5720/8041, Original Acc@1: 84.14, Acc@5: 99.49, TTA Acc@1: 84.14, Acc@5: 99.49
2025-06-04 17:57:03,907 - log - INFO - iter:5740/8041, clip_acc1=84.1463394165039, tta_acc1=84.1463394165039
2025-06-04 17:57:03,907 - log - INFO - iter:5740/8041, Original Acc@1: 84.15, Acc@5: 99.49, TTA Acc@1: 84.15, Acc@5: 99.49
2025-06-04 17:57:42,759 - log - INFO - iter:5760/8041, clip_acc1=84.13194274902344, tta_acc1=84.13194274902344
2025-06-04 17:57:42,759 - log - INFO - iter:5760/8041, Original Acc@1: 84.13, Acc@5: 99.50, TTA Acc@1: 84.13, Acc@5: 99.50
2025-06-04 17:58:21,616 - log - INFO - iter:5780/8041, clip_acc1=84.15225219726562, tta_acc1=84.15225219726562
2025-06-04 17:58:21,616 - log - INFO - iter:5780/8041, Original Acc@1: 84.15, Acc@5: 99.50, TTA Acc@1: 84.15, Acc@5: 99.50
2025-06-04 17:59:00,437 - log - INFO - iter:5800/8041, clip_acc1=84.12068939208984, tta_acc1=84.12068939208984
2025-06-04 17:59:00,438 - log - INFO - iter:5800/8041, Original Acc@1: 84.12, Acc@5: 99.50, TTA Acc@1: 84.12, Acc@5: 99.50
2025-06-04 17:59:39,689 - log - INFO - iter:5820/8041, clip_acc1=84.1408920288086, tta_acc1=84.1408920288086
2025-06-04 17:59:39,689 - log - INFO - iter:5820/8041, Original Acc@1: 84.14, Acc@5: 99.48, TTA Acc@1: 84.14, Acc@5: 99.48
2025-06-04 18:00:18,729 - log - INFO - iter:5840/8041, clip_acc1=84.16095733642578, tta_acc1=84.16095733642578
2025-06-04 18:00:18,729 - log - INFO - iter:5840/8041, Original Acc@1: 84.16, Acc@5: 99.49, TTA Acc@1: 84.16, Acc@5: 99.49
2025-06-04 18:00:58,130 - log - INFO - iter:5860/8041, clip_acc1=84.12969207763672, tta_acc1=84.12969207763672
2025-06-04 18:00:58,131 - log - INFO - iter:5860/8041, Original Acc@1: 84.13, Acc@5: 99.49, TTA Acc@1: 84.13, Acc@5: 99.49
2025-06-04 18:01:37,095 - log - INFO - iter:5880/8041, clip_acc1=84.16666412353516, tta_acc1=84.16666412353516
2025-06-04 18:01:37,095 - log - INFO - iter:5880/8041, Original Acc@1: 84.17, Acc@5: 99.49, TTA Acc@1: 84.17, Acc@5: 99.49
2025-06-04 18:02:16,016 - log - INFO - iter:5900/8041, clip_acc1=84.2033920288086, tta_acc1=84.2033920288086
2025-06-04 18:02:16,016 - log - INFO - iter:5900/8041, Original Acc@1: 84.20, Acc@5: 99.49, TTA Acc@1: 84.20, Acc@5: 99.49
2025-06-04 18:02:54,978 - log - INFO - iter:5920/8041, clip_acc1=84.18919372558594, tta_acc1=84.18919372558594
2025-06-04 18:02:54,978 - log - INFO - iter:5920/8041, Original Acc@1: 84.19, Acc@5: 99.48, TTA Acc@1: 84.19, Acc@5: 99.48
2025-06-04 18:03:33,660 - log - INFO - iter:5940/8041, clip_acc1=84.15824890136719, tta_acc1=84.15824890136719
2025-06-04 18:03:33,660 - log - INFO - iter:5940/8041, Original Acc@1: 84.16, Acc@5: 99.48, TTA Acc@1: 84.16, Acc@5: 99.48
2025-06-04 18:04:12,568 - log - INFO - iter:5960/8041, clip_acc1=84.14430236816406, tta_acc1=84.14430236816406
2025-06-04 18:04:12,568 - log - INFO - iter:5960/8041, Original Acc@1: 84.14, Acc@5: 99.48, TTA Acc@1: 84.14, Acc@5: 99.48
2025-06-04 18:04:51,535 - log - INFO - iter:5980/8041, clip_acc1=84.13043212890625, tta_acc1=84.13043212890625
2025-06-04 18:04:51,535 - log - INFO - iter:5980/8041, Original Acc@1: 84.13, Acc@5: 99.48, TTA Acc@1: 84.13, Acc@5: 99.48
2025-06-04 18:05:30,346 - log - INFO - iter:6000/8041, clip_acc1=84.16666412353516, tta_acc1=84.16666412353516
2025-06-04 18:05:30,346 - log - INFO - iter:6000/8041, Original Acc@1: 84.17, Acc@5: 99.47, TTA Acc@1: 84.17, Acc@5: 99.47
2025-06-04 18:06:09,511 - log - INFO - iter:6020/8041, clip_acc1=84.11959838867188, tta_acc1=84.11959838867188
2025-06-04 18:06:09,512 - log - INFO - iter:6020/8041, Original Acc@1: 84.12, Acc@5: 99.45, TTA Acc@1: 84.12, Acc@5: 99.45
2025-06-04 18:06:48,314 - log - INFO - iter:6040/8041, clip_acc1=84.15563201904297, tta_acc1=84.15563201904297
2025-06-04 18:06:48,314 - log - INFO - iter:6040/8041, Original Acc@1: 84.16, Acc@5: 99.45, TTA Acc@1: 84.16, Acc@5: 99.45
2025-06-04 18:07:27,486 - log - INFO - iter:6060/8041, clip_acc1=84.14191436767578, tta_acc1=84.14191436767578
2025-06-04 18:07:27,487 - log - INFO - iter:6060/8041, Original Acc@1: 84.14, Acc@5: 99.46, TTA Acc@1: 84.14, Acc@5: 99.46
2025-06-04 18:08:06,432 - log - INFO - iter:6080/8041, clip_acc1=84.19408416748047, tta_acc1=84.19408416748047
2025-06-04 18:08:06,432 - log - INFO - iter:6080/8041, Original Acc@1: 84.19, Acc@5: 99.46, TTA Acc@1: 84.19, Acc@5: 99.46
2025-06-04 18:08:45,260 - log - INFO - iter:6100/8041, clip_acc1=84.24590301513672, tta_acc1=84.24590301513672
2025-06-04 18:08:45,260 - log - INFO - iter:6100/8041, Original Acc@1: 84.25, Acc@5: 99.46, TTA Acc@1: 84.25, Acc@5: 99.46
2025-06-04 18:09:24,381 - log - INFO - iter:6120/8041, clip_acc1=84.21569061279297, tta_acc1=84.21569061279297
2025-06-04 18:09:24,382 - log - INFO - iter:6120/8041, Original Acc@1: 84.22, Acc@5: 99.46, TTA Acc@1: 84.22, Acc@5: 99.46
2025-06-04 18:10:03,083 - log - INFO - iter:6140/8041, clip_acc1=84.2182388305664, tta_acc1=84.2182388305664
2025-06-04 18:10:03,084 - log - INFO - iter:6140/8041, Original Acc@1: 84.22, Acc@5: 99.46, TTA Acc@1: 84.22, Acc@5: 99.46
2025-06-04 18:10:42,034 - log - INFO - iter:6160/8041, clip_acc1=84.15584564208984, tta_acc1=84.15584564208984
2025-06-04 18:10:42,034 - log - INFO - iter:6160/8041, Original Acc@1: 84.16, Acc@5: 99.46, TTA Acc@1: 84.16, Acc@5: 99.46
2025-06-04 18:11:20,866 - log - INFO - iter:6180/8041, clip_acc1=84.19093322753906, tta_acc1=84.19093322753906
2025-06-04 18:11:20,866 - log - INFO - iter:6180/8041, Original Acc@1: 84.19, Acc@5: 99.47, TTA Acc@1: 84.19, Acc@5: 99.47
2025-06-04 18:11:59,705 - log - INFO - iter:6200/8041, clip_acc1=84.20967864990234, tta_acc1=84.20967864990234
2025-06-04 18:11:59,705 - log - INFO - iter:6200/8041, Original Acc@1: 84.21, Acc@5: 99.47, TTA Acc@1: 84.21, Acc@5: 99.47
2025-06-04 18:12:38,681 - log - INFO - iter:6220/8041, clip_acc1=84.18006134033203, tta_acc1=84.18006134033203
2025-06-04 18:12:38,682 - log - INFO - iter:6220/8041, Original Acc@1: 84.18, Acc@5: 99.44, TTA Acc@1: 84.18, Acc@5: 99.44
2025-06-04 18:13:18,066 - log - INFO - iter:6240/8041, clip_acc1=84.19872283935547, tta_acc1=84.19872283935547
2025-06-04 18:13:18,066 - log - INFO - iter:6240/8041, Original Acc@1: 84.20, Acc@5: 99.42, TTA Acc@1: 84.20, Acc@5: 99.42
2025-06-04 18:13:56,840 - log - INFO - iter:6260/8041, clip_acc1=84.21725463867188, tta_acc1=84.21725463867188
2025-06-04 18:13:56,841 - log - INFO - iter:6260/8041, Original Acc@1: 84.22, Acc@5: 99.42, TTA Acc@1: 84.22, Acc@5: 99.42
2025-06-04 18:14:35,671 - log - INFO - iter:6280/8041, clip_acc1=84.18789672851562, tta_acc1=84.18789672851562
2025-06-04 18:14:35,671 - log - INFO - iter:6280/8041, Original Acc@1: 84.19, Acc@5: 99.43, TTA Acc@1: 84.19, Acc@5: 99.43
2025-06-04 18:15:14,629 - log - INFO - iter:6300/8041, clip_acc1=84.20634460449219, tta_acc1=84.20634460449219
2025-06-04 18:15:14,629 - log - INFO - iter:6300/8041, Original Acc@1: 84.21, Acc@5: 99.43, TTA Acc@1: 84.21, Acc@5: 99.43
2025-06-04 18:15:53,796 - log - INFO - iter:6320/8041, clip_acc1=84.22468566894531, tta_acc1=84.22468566894531
2025-06-04 18:15:53,797 - log - INFO - iter:6320/8041, Original Acc@1: 84.22, Acc@5: 99.43, TTA Acc@1: 84.22, Acc@5: 99.43
2025-06-04 18:16:32,908 - log - INFO - iter:6340/8041, clip_acc1=84.14826202392578, tta_acc1=84.14826202392578
2025-06-04 18:16:32,908 - log - INFO - iter:6340/8041, Original Acc@1: 84.15, Acc@5: 99.42, TTA Acc@1: 84.15, Acc@5: 99.42
2025-06-04 18:17:11,799 - log - INFO - iter:6360/8041, clip_acc1=84.16666412353516, tta_acc1=84.16666412353516
2025-06-04 18:17:11,800 - log - INFO - iter:6360/8041, Original Acc@1: 84.17, Acc@5: 99.42, TTA Acc@1: 84.17, Acc@5: 99.42
2025-06-04 18:17:50,742 - log - INFO - iter:6380/8041, clip_acc1=84.18495178222656, tta_acc1=84.18495178222656
2025-06-04 18:17:50,742 - log - INFO - iter:6380/8041, Original Acc@1: 84.18, Acc@5: 99.42, TTA Acc@1: 84.18, Acc@5: 99.42
2025-06-04 18:18:29,529 - log - INFO - iter:6400/8041, clip_acc1=84.203125, tta_acc1=84.203125
2025-06-04 18:18:29,529 - log - INFO - iter:6400/8041, Original Acc@1: 84.20, Acc@5: 99.41, TTA Acc@1: 84.20, Acc@5: 99.41
2025-06-04 18:19:08,431 - log - INFO - iter:6420/8041, clip_acc1=84.20560455322266, tta_acc1=84.20560455322266
2025-06-04 18:19:08,432 - log - INFO - iter:6420/8041, Original Acc@1: 84.21, Acc@5: 99.41, TTA Acc@1: 84.21, Acc@5: 99.41
2025-06-04 18:19:47,440 - log - INFO - iter:6440/8041, clip_acc1=84.22360229492188, tta_acc1=84.22360229492188
2025-06-04 18:19:47,440 - log - INFO - iter:6440/8041, Original Acc@1: 84.22, Acc@5: 99.41, TTA Acc@1: 84.22, Acc@5: 99.41
2025-06-04 18:20:26,483 - log - INFO - iter:6460/8041, clip_acc1=84.14860534667969, tta_acc1=84.14860534667969
2025-06-04 18:20:26,483 - log - INFO - iter:6460/8041, Original Acc@1: 84.15, Acc@5: 99.40, TTA Acc@1: 84.15, Acc@5: 99.40
2025-06-04 18:21:05,749 - log - INFO - iter:6480/8041, clip_acc1=84.07408142089844, tta_acc1=84.07408142089844
2025-06-04 18:21:05,750 - log - INFO - iter:6480/8041, Original Acc@1: 84.07, Acc@5: 99.40, TTA Acc@1: 84.07, Acc@5: 99.40
2025-06-04 18:21:44,840 - log - INFO - iter:6500/8041, clip_acc1=84.06153869628906, tta_acc1=84.06153869628906
2025-06-04 18:21:44,841 - log - INFO - iter:6500/8041, Original Acc@1: 84.06, Acc@5: 99.38, TTA Acc@1: 84.06, Acc@5: 99.38
2025-06-04 18:22:23,867 - log - INFO - iter:6520/8041, clip_acc1=84.04907989501953, tta_acc1=84.04907989501953
2025-06-04 18:22:23,868 - log - INFO - iter:6520/8041, Original Acc@1: 84.05, Acc@5: 99.39, TTA Acc@1: 84.05, Acc@5: 99.39
2025-06-04 18:23:03,082 - log - INFO - iter:6540/8041, clip_acc1=84.05198669433594, tta_acc1=84.05198669433594
2025-06-04 18:23:03,083 - log - INFO - iter:6540/8041, Original Acc@1: 84.05, Acc@5: 99.39, TTA Acc@1: 84.05, Acc@5: 99.39
2025-06-04 18:23:41,894 - log - INFO - iter:6560/8041, clip_acc1=84.03963470458984, tta_acc1=84.03963470458984
2025-06-04 18:23:41,894 - log - INFO - iter:6560/8041, Original Acc@1: 84.04, Acc@5: 99.39, TTA Acc@1: 84.04, Acc@5: 99.39
2025-06-04 18:24:20,850 - log - INFO - iter:6580/8041, clip_acc1=84.04254913330078, tta_acc1=84.04254913330078
2025-06-04 18:24:20,850 - log - INFO - iter:6580/8041, Original Acc@1: 84.04, Acc@5: 99.39, TTA Acc@1: 84.04, Acc@5: 99.39
2025-06-04 18:24:59,765 - log - INFO - iter:6600/8041, clip_acc1=84.07575988769531, tta_acc1=84.07575988769531
2025-06-04 18:24:59,765 - log - INFO - iter:6600/8041, Original Acc@1: 84.08, Acc@5: 99.39, TTA Acc@1: 84.08, Acc@5: 99.39
2025-06-04 18:25:38,739 - log - INFO - iter:6620/8041, clip_acc1=84.12387084960938, tta_acc1=84.12387084960938
2025-06-04 18:25:38,739 - log - INFO - iter:6620/8041, Original Acc@1: 84.12, Acc@5: 99.40, TTA Acc@1: 84.12, Acc@5: 99.40
2025-06-04 18:26:17,606 - log - INFO - iter:6640/8041, clip_acc1=84.1114501953125, tta_acc1=84.1114501953125
2025-06-04 18:26:17,606 - log - INFO - iter:6640/8041, Original Acc@1: 84.11, Acc@5: 99.38, TTA Acc@1: 84.11, Acc@5: 99.38
2025-06-04 18:26:56,522 - log - INFO - iter:6660/8041, clip_acc1=84.1141128540039, tta_acc1=84.1141128540039
2025-06-04 18:26:56,522 - log - INFO - iter:6660/8041, Original Acc@1: 84.11, Acc@5: 99.38, TTA Acc@1: 84.11, Acc@5: 99.38
2025-06-04 18:27:36,335 - log - INFO - iter:6680/8041, clip_acc1=84.11676788330078, tta_acc1=84.11676788330078
2025-06-04 18:27:36,336 - log - INFO - iter:6680/8041, Original Acc@1: 84.12, Acc@5: 99.39, TTA Acc@1: 84.12, Acc@5: 99.39
2025-06-04 18:28:15,018 - log - INFO - iter:6700/8041, clip_acc1=84.10447692871094, tta_acc1=84.10447692871094
2025-06-04 18:28:15,018 - log - INFO - iter:6700/8041, Original Acc@1: 84.10, Acc@5: 99.39, TTA Acc@1: 84.10, Acc@5: 99.39
2025-06-04 18:28:53,866 - log - INFO - iter:6720/8041, clip_acc1=84.10714721679688, tta_acc1=84.10714721679688
2025-06-04 18:28:53,866 - log - INFO - iter:6720/8041, Original Acc@1: 84.11, Acc@5: 99.39, TTA Acc@1: 84.11, Acc@5: 99.39
2025-06-04 18:29:32,891 - log - INFO - iter:6740/8041, clip_acc1=84.0652847290039, tta_acc1=84.0652847290039
2025-06-04 18:29:32,892 - log - INFO - iter:6740/8041, Original Acc@1: 84.07, Acc@5: 99.39, TTA Acc@1: 84.07, Acc@5: 99.39
2025-06-04 18:30:11,713 - log - INFO - iter:6760/8041, clip_acc1=84.08283996582031, tta_acc1=84.08283996582031
2025-06-04 18:30:11,713 - log - INFO - iter:6760/8041, Original Acc@1: 84.08, Acc@5: 99.39, TTA Acc@1: 84.08, Acc@5: 99.39
2025-06-04 18:30:50,654 - log - INFO - iter:6780/8041, clip_acc1=84.04129791259766, tta_acc1=84.04129791259766
2025-06-04 18:30:50,654 - log - INFO - iter:6780/8041, Original Acc@1: 84.04, Acc@5: 99.40, TTA Acc@1: 84.04, Acc@5: 99.40
2025-06-04 18:31:29,654 - log - INFO - iter:6800/8041, clip_acc1=84.07352447509766, tta_acc1=84.07352447509766
2025-06-04 18:31:29,654 - log - INFO - iter:6800/8041, Original Acc@1: 84.07, Acc@5: 99.40, TTA Acc@1: 84.07, Acc@5: 99.40
2025-06-04 18:32:08,590 - log - INFO - iter:6820/8041, clip_acc1=84.1202392578125, tta_acc1=84.1202392578125
2025-06-04 18:32:08,590 - log - INFO - iter:6820/8041, Original Acc@1: 84.12, Acc@5: 99.40, TTA Acc@1: 84.12, Acc@5: 99.40
2025-06-04 18:32:47,530 - log - INFO - iter:6840/8041, clip_acc1=84.10818481445312, tta_acc1=84.10818481445312
2025-06-04 18:32:47,530 - log - INFO - iter:6840/8041, Original Acc@1: 84.11, Acc@5: 99.40, TTA Acc@1: 84.11, Acc@5: 99.40
2025-06-04 18:33:26,305 - log - INFO - iter:6860/8041, clip_acc1=84.09620666503906, tta_acc1=84.09620666503906
2025-06-04 18:33:26,306 - log - INFO - iter:6860/8041, Original Acc@1: 84.10, Acc@5: 99.40, TTA Acc@1: 84.10, Acc@5: 99.40
2025-06-04 18:34:05,295 - log - INFO - iter:6880/8041, clip_acc1=84.08430480957031, tta_acc1=84.08430480957031
2025-06-04 18:34:05,295 - log - INFO - iter:6880/8041, Original Acc@1: 84.08, Acc@5: 99.40, TTA Acc@1: 84.08, Acc@5: 99.40
2025-06-04 18:34:44,356 - log - INFO - iter:6900/8041, clip_acc1=84.04347229003906, tta_acc1=84.04347229003906
2025-06-04 18:34:44,356 - log - INFO - iter:6900/8041, Original Acc@1: 84.04, Acc@5: 99.41, TTA Acc@1: 84.04, Acc@5: 99.41
2025-06-04 18:35:23,264 - log - INFO - iter:6920/8041, clip_acc1=84.0462417602539, tta_acc1=84.0462417602539
2025-06-04 18:35:23,264 - log - INFO - iter:6920/8041, Original Acc@1: 84.05, Acc@5: 99.41, TTA Acc@1: 84.05, Acc@5: 99.41
2025-06-04 18:36:02,085 - log - INFO - iter:6940/8041, clip_acc1=84.06340026855469, tta_acc1=84.06340026855469
2025-06-04 18:36:02,085 - log - INFO - iter:6940/8041, Original Acc@1: 84.06, Acc@5: 99.41, TTA Acc@1: 84.06, Acc@5: 99.41
2025-06-04 18:36:40,980 - log - INFO - iter:6960/8041, clip_acc1=84.06609344482422, tta_acc1=84.06609344482422
2025-06-04 18:36:40,980 - log - INFO - iter:6960/8041, Original Acc@1: 84.07, Acc@5: 99.40, TTA Acc@1: 84.07, Acc@5: 99.40
2025-06-04 18:37:19,899 - log - INFO - iter:6980/8041, clip_acc1=84.08309173583984, tta_acc1=84.08309173583984
2025-06-04 18:37:19,900 - log - INFO - iter:6980/8041, Original Acc@1: 84.08, Acc@5: 99.40, TTA Acc@1: 84.08, Acc@5: 99.40
2025-06-04 18:37:58,743 - log - INFO - iter:7000/8041, clip_acc1=84.07142639160156, tta_acc1=84.07142639160156
2025-06-04 18:37:58,744 - log - INFO - iter:7000/8041, Original Acc@1: 84.07, Acc@5: 99.40, TTA Acc@1: 84.07, Acc@5: 99.40
2025-06-04 18:38:37,516 - log - INFO - iter:7020/8041, clip_acc1=84.04558563232422, tta_acc1=84.04558563232422
2025-06-04 18:38:37,516 - log - INFO - iter:7020/8041, Original Acc@1: 84.05, Acc@5: 99.40, TTA Acc@1: 84.05, Acc@5: 99.40
2025-06-04 18:39:16,354 - log - INFO - iter:7040/8041, clip_acc1=84.07669830322266, tta_acc1=84.07669830322266
2025-06-04 18:39:16,354 - log - INFO - iter:7040/8041, Original Acc@1: 84.08, Acc@5: 99.40, TTA Acc@1: 84.08, Acc@5: 99.40
2025-06-04 18:39:55,262 - log - INFO - iter:7060/8041, clip_acc1=84.0793228149414, tta_acc1=84.0793228149414
2025-06-04 18:39:55,262 - log - INFO - iter:7060/8041, Original Acc@1: 84.08, Acc@5: 99.41, TTA Acc@1: 84.08, Acc@5: 99.41
2025-06-04 18:40:34,289 - log - INFO - iter:7080/8041, clip_acc1=84.08192443847656, tta_acc1=84.08192443847656
2025-06-04 18:40:34,289 - log - INFO - iter:7080/8041, Original Acc@1: 84.08, Acc@5: 99.41, TTA Acc@1: 84.08, Acc@5: 99.41
2025-06-04 18:41:13,131 - log - INFO - iter:7100/8041, clip_acc1=84.0422592163086, tta_acc1=84.0422592163086
2025-06-04 18:41:13,132 - log - INFO - iter:7100/8041, Original Acc@1: 84.04, Acc@5: 99.41, TTA Acc@1: 84.04, Acc@5: 99.41
2025-06-04 18:41:52,532 - log - INFO - iter:7120/8041, clip_acc1=84.03089904785156, tta_acc1=84.03089904785156
2025-06-04 18:41:52,533 - log - INFO - iter:7120/8041, Original Acc@1: 84.03, Acc@5: 99.40, TTA Acc@1: 84.03, Acc@5: 99.40
2025-06-04 18:42:31,264 - log - INFO - iter:7140/8041, clip_acc1=84.04762268066406, tta_acc1=84.04762268066406
2025-06-04 18:42:31,264 - log - INFO - iter:7140/8041, Original Acc@1: 84.05, Acc@5: 99.40, TTA Acc@1: 84.05, Acc@5: 99.40
2025-06-04 18:43:10,182 - log - INFO - iter:7160/8041, clip_acc1=84.07820892333984, tta_acc1=84.07820892333984
2025-06-04 18:43:10,183 - log - INFO - iter:7160/8041, Original Acc@1: 84.08, Acc@5: 99.40, TTA Acc@1: 84.08, Acc@5: 99.40
2025-06-04 18:43:49,017 - log - INFO - iter:7180/8041, clip_acc1=84.08078002929688, tta_acc1=84.08078002929688
2025-06-04 18:43:49,017 - log - INFO - iter:7180/8041, Original Acc@1: 84.08, Acc@5: 99.40, TTA Acc@1: 84.08, Acc@5: 99.40
2025-06-04 18:44:27,946 - log - INFO - iter:7200/8041, clip_acc1=84.08333587646484, tta_acc1=84.08333587646484
2025-06-04 18:44:27,946 - log - INFO - iter:7200/8041, Original Acc@1: 84.08, Acc@5: 99.40, TTA Acc@1: 84.08, Acc@5: 99.40
2025-06-04 18:45:07,076 - log - INFO - iter:7220/8041, clip_acc1=84.05817413330078, tta_acc1=84.05817413330078
2025-06-04 18:45:07,076 - log - INFO - iter:7220/8041, Original Acc@1: 84.06, Acc@5: 99.40, TTA Acc@1: 84.06, Acc@5: 99.40
2025-06-04 18:45:45,944 - log - INFO - iter:7240/8041, clip_acc1=83.97789764404297, tta_acc1=83.97789764404297
2025-06-04 18:45:45,944 - log - INFO - iter:7240/8041, Original Acc@1: 83.98, Acc@5: 99.39, TTA Acc@1: 83.98, Acc@5: 99.39
2025-06-04 18:46:24,860 - log - INFO - iter:7260/8041, clip_acc1=83.95317077636719, tta_acc1=83.95317077636719
2025-06-04 18:46:24,860 - log - INFO - iter:7260/8041, Original Acc@1: 83.95, Acc@5: 99.39, TTA Acc@1: 83.95, Acc@5: 99.39
2025-06-04 18:47:03,868 - log - INFO - iter:7280/8041, clip_acc1=83.95604705810547, tta_acc1=83.95604705810547
2025-06-04 18:47:03,868 - log - INFO - iter:7280/8041, Original Acc@1: 83.96, Acc@5: 99.38, TTA Acc@1: 83.96, Acc@5: 99.38
2025-06-04 18:47:42,754 - log - INFO - iter:7300/8041, clip_acc1=83.9863052368164, tta_acc1=83.9863052368164
2025-06-04 18:47:42,754 - log - INFO - iter:7300/8041, Original Acc@1: 83.99, Acc@5: 99.38, TTA Acc@1: 83.99, Acc@5: 99.38
2025-06-04 18:48:22,068 - log - INFO - iter:7320/8041, clip_acc1=83.94808959960938, tta_acc1=83.94808959960938
2025-06-04 18:48:22,069 - log - INFO - iter:7320/8041, Original Acc@1: 83.95, Acc@5: 99.39, TTA Acc@1: 83.95, Acc@5: 99.39
2025-06-04 18:49:00,964 - log - INFO - iter:7340/8041, clip_acc1=83.93733215332031, tta_acc1=83.93733215332031
2025-06-04 18:49:00,964 - log - INFO - iter:7340/8041, Original Acc@1: 83.94, Acc@5: 99.39, TTA Acc@1: 83.94, Acc@5: 99.39
2025-06-04 18:49:39,772 - log - INFO - iter:7360/8041, clip_acc1=83.89945220947266, tta_acc1=83.89945220947266
2025-06-04 18:49:39,772 - log - INFO - iter:7360/8041, Original Acc@1: 83.90, Acc@5: 99.37, TTA Acc@1: 83.90, Acc@5: 99.37
2025-06-04 18:50:18,561 - log - INFO - iter:7380/8041, clip_acc1=83.90243530273438, tta_acc1=83.90243530273438
2025-06-04 18:50:18,561 - log - INFO - iter:7380/8041, Original Acc@1: 83.90, Acc@5: 99.38, TTA Acc@1: 83.90, Acc@5: 99.38
2025-06-04 18:50:57,430 - log - INFO - iter:7400/8041, clip_acc1=83.90541076660156, tta_acc1=83.90541076660156
2025-06-04 18:50:57,430 - log - INFO - iter:7400/8041, Original Acc@1: 83.91, Acc@5: 99.38, TTA Acc@1: 83.91, Acc@5: 99.38
2025-06-04 18:51:36,349 - log - INFO - iter:7420/8041, clip_acc1=83.93531036376953, tta_acc1=83.93531036376953
2025-06-04 18:51:36,349 - log - INFO - iter:7420/8041, Original Acc@1: 83.94, Acc@5: 99.38, TTA Acc@1: 83.94, Acc@5: 99.38
2025-06-04 18:52:15,244 - log - INFO - iter:7440/8041, clip_acc1=83.95161437988281, tta_acc1=83.95161437988281
2025-06-04 18:52:15,244 - log - INFO - iter:7440/8041, Original Acc@1: 83.95, Acc@5: 99.38, TTA Acc@1: 83.95, Acc@5: 99.38
2025-06-04 18:52:53,992 - log - INFO - iter:7460/8041, clip_acc1=83.95442199707031, tta_acc1=83.95442199707031
2025-06-04 18:52:53,992 - log - INFO - iter:7460/8041, Original Acc@1: 83.95, Acc@5: 99.38, TTA Acc@1: 83.95, Acc@5: 99.38
2025-06-04 18:53:33,195 - log - INFO - iter:7480/8041, clip_acc1=83.93048095703125, tta_acc1=83.93048095703125
2025-06-04 18:53:33,195 - log - INFO - iter:7480/8041, Original Acc@1: 83.93, Acc@5: 99.39, TTA Acc@1: 83.93, Acc@5: 99.39
2025-06-04 18:54:12,032 - log - INFO - iter:7500/8041, clip_acc1=83.95999908447266, tta_acc1=83.95999908447266
2025-06-04 18:54:12,032 - log - INFO - iter:7500/8041, Original Acc@1: 83.96, Acc@5: 99.39, TTA Acc@1: 83.96, Acc@5: 99.39
2025-06-04 18:54:50,894 - log - INFO - iter:7520/8041, clip_acc1=83.97605895996094, tta_acc1=83.97605895996094
2025-06-04 18:54:50,894 - log - INFO - iter:7520/8041, Original Acc@1: 83.98, Acc@5: 99.39, TTA Acc@1: 83.98, Acc@5: 99.39
2025-06-04 18:55:29,755 - log - INFO - iter:7540/8041, clip_acc1=84.00530242919922, tta_acc1=84.00530242919922
2025-06-04 18:55:29,756 - log - INFO - iter:7540/8041, Original Acc@1: 84.01, Acc@5: 99.39, TTA Acc@1: 84.01, Acc@5: 99.39
2025-06-04 18:56:08,647 - log - INFO - iter:7560/8041, clip_acc1=84.0079345703125, tta_acc1=84.0079345703125
2025-06-04 18:56:08,647 - log - INFO - iter:7560/8041, Original Acc@1: 84.01, Acc@5: 99.39, TTA Acc@1: 84.01, Acc@5: 99.39
2025-06-04 18:56:47,461 - log - INFO - iter:7580/8041, clip_acc1=84.02374267578125, tta_acc1=84.02374267578125
2025-06-04 18:56:47,461 - log - INFO - iter:7580/8041, Original Acc@1: 84.02, Acc@5: 99.39, TTA Acc@1: 84.02, Acc@5: 99.39
2025-06-04 18:57:26,248 - log - INFO - iter:7600/8041, clip_acc1=84.03946685791016, tta_acc1=84.03946685791016
2025-06-04 18:57:26,249 - log - INFO - iter:7600/8041, Original Acc@1: 84.04, Acc@5: 99.39, TTA Acc@1: 84.04, Acc@5: 99.39
2025-06-04 18:58:05,200 - log - INFO - iter:7620/8041, clip_acc1=84.0419921875, tta_acc1=84.0419921875
2025-06-04 18:58:05,200 - log - INFO - iter:7620/8041, Original Acc@1: 84.04, Acc@5: 99.40, TTA Acc@1: 84.04, Acc@5: 99.40
2025-06-04 18:58:43,759 - log - INFO - iter:7640/8041, clip_acc1=84.00523376464844, tta_acc1=84.00523376464844
2025-06-04 18:58:43,759 - log - INFO - iter:7640/8041, Original Acc@1: 84.01, Acc@5: 99.40, TTA Acc@1: 84.01, Acc@5: 99.40
2025-06-04 18:59:22,656 - log - INFO - iter:7660/8041, clip_acc1=83.9947738647461, tta_acc1=83.9947738647461
2025-06-04 18:59:22,656 - log - INFO - iter:7660/8041, Original Acc@1: 83.99, Acc@5: 99.40, TTA Acc@1: 83.99, Acc@5: 99.40
2025-06-04 19:00:01,604 - log - INFO - iter:7680/8041, clip_acc1=84.01042175292969, tta_acc1=84.01042175292969
2025-06-04 19:00:01,604 - log - INFO - iter:7680/8041, Original Acc@1: 84.01, Acc@5: 99.40, TTA Acc@1: 84.01, Acc@5: 99.40
2025-06-04 19:00:40,405 - log - INFO - iter:7700/8041, clip_acc1=83.98700714111328, tta_acc1=83.98700714111328
2025-06-04 19:00:40,405 - log - INFO - iter:7700/8041, Original Acc@1: 83.99, Acc@5: 99.40, TTA Acc@1: 83.99, Acc@5: 99.40
2025-06-04 19:01:19,387 - log - INFO - iter:7720/8041, clip_acc1=83.9766845703125, tta_acc1=83.9766845703125
2025-06-04 19:01:19,387 - log - INFO - iter:7720/8041, Original Acc@1: 83.98, Acc@5: 99.40, TTA Acc@1: 83.98, Acc@5: 99.40
2025-06-04 19:01:58,208 - log - INFO - iter:7740/8041, clip_acc1=83.99224090576172, tta_acc1=83.99224090576172
2025-06-04 19:01:58,208 - log - INFO - iter:7740/8041, Original Acc@1: 83.99, Acc@5: 99.41, TTA Acc@1: 83.99, Acc@5: 99.41
2025-06-04 19:02:37,416 - log - INFO - iter:7760/8041, clip_acc1=83.95619201660156, tta_acc1=83.95619201660156
2025-06-04 19:02:37,416 - log - INFO - iter:7760/8041, Original Acc@1: 83.96, Acc@5: 99.39, TTA Acc@1: 83.96, Acc@5: 99.39
2025-06-04 19:03:16,273 - log - INFO - iter:7780/8041, clip_acc1=83.98458099365234, tta_acc1=83.98458099365234
2025-06-04 19:03:16,273 - log - INFO - iter:7780/8041, Original Acc@1: 83.98, Acc@5: 99.40, TTA Acc@1: 83.98, Acc@5: 99.40
2025-06-04 19:03:57,302 - log - INFO - iter:7800/8041, clip_acc1=83.96153259277344, tta_acc1=83.96153259277344
2025-06-04 19:03:57,302 - log - INFO - iter:7800/8041, Original Acc@1: 83.96, Acc@5: 99.40, TTA Acc@1: 83.96, Acc@5: 99.40
2025-06-04 19:04:36,193 - log - INFO - iter:7820/8041, clip_acc1=83.95140838623047, tta_acc1=83.95140838623047
2025-06-04 19:04:36,193 - log - INFO - iter:7820/8041, Original Acc@1: 83.95, Acc@5: 99.40, TTA Acc@1: 83.95, Acc@5: 99.40
2025-06-04 19:05:28,077 - log - INFO - iter:7840/8041, clip_acc1=83.9285659790039, tta_acc1=83.9285659790039
2025-06-04 19:05:28,078 - log - INFO - iter:7840/8041, Original Acc@1: 83.93, Acc@5: 99.39, TTA Acc@1: 83.93, Acc@5: 99.39
2025-06-04 19:06:06,978 - log - INFO - iter:7860/8041, clip_acc1=83.9185791015625, tta_acc1=83.9185791015625
2025-06-04 19:06:06,979 - log - INFO - iter:7860/8041, Original Acc@1: 83.92, Acc@5: 99.38, TTA Acc@1: 83.92, Acc@5: 99.38
2025-06-04 19:06:45,930 - log - INFO - iter:7880/8041, clip_acc1=83.90863037109375, tta_acc1=83.90863037109375
2025-06-04 19:06:45,930 - log - INFO - iter:7880/8041, Original Acc@1: 83.91, Acc@5: 99.38, TTA Acc@1: 83.91, Acc@5: 99.38
2025-06-04 19:07:25,125 - log - INFO - iter:7900/8041, clip_acc1=83.9240493774414, tta_acc1=83.9240493774414
2025-06-04 19:07:25,125 - log - INFO - iter:7900/8041, Original Acc@1: 83.92, Acc@5: 99.38, TTA Acc@1: 83.92, Acc@5: 99.38
2025-06-04 19:08:04,022 - log - INFO - iter:7920/8041, clip_acc1=83.91414642333984, tta_acc1=83.91414642333984
2025-06-04 19:08:04,023 - log - INFO - iter:7920/8041, Original Acc@1: 83.91, Acc@5: 99.38, TTA Acc@1: 83.91, Acc@5: 99.38
2025-06-04 19:08:42,941 - log - INFO - iter:7940/8041, clip_acc1=83.89168548583984, tta_acc1=83.89168548583984
2025-06-04 19:08:42,941 - log - INFO - iter:7940/8041, Original Acc@1: 83.89, Acc@5: 99.37, TTA Acc@1: 83.89, Acc@5: 99.37
2025-06-04 19:09:21,957 - log - INFO - iter:7960/8041, clip_acc1=83.90703582763672, tta_acc1=83.90703582763672
2025-06-04 19:09:21,958 - log - INFO - iter:7960/8041, Original Acc@1: 83.91, Acc@5: 99.37, TTA Acc@1: 83.91, Acc@5: 99.37
2025-06-04 19:10:01,016 - log - INFO - iter:7980/8041, clip_acc1=83.90977478027344, tta_acc1=83.90977478027344
2025-06-04 19:10:01,017 - log - INFO - iter:7980/8041, Original Acc@1: 83.91, Acc@5: 99.36, TTA Acc@1: 83.91, Acc@5: 99.36
2025-06-04 19:10:39,977 - log - INFO - iter:8000/8041, clip_acc1=83.91250610351562, tta_acc1=83.91250610351562
2025-06-04 19:10:39,978 - log - INFO - iter:8000/8041, Original Acc@1: 83.91, Acc@5: 99.36, TTA Acc@1: 83.91, Acc@5: 99.36
2025-06-04 19:11:18,814 - log - INFO - iter:8020/8041, clip_acc1=83.92768096923828, tta_acc1=83.92768096923828
2025-06-04 19:11:18,814 - log - INFO - iter:8020/8041, Original Acc@1: 83.93, Acc@5: 99.35, TTA Acc@1: 83.93, Acc@5: 99.35
2025-06-04 19:11:57,974 - log - INFO - iter:8040/8041, clip_acc1=83.85572814941406, tta_acc1=83.85572814941406
2025-06-04 19:11:57,974 - log - INFO - iter:8040/8041, Original Acc@1: 83.86, Acc@5: 99.35, TTA Acc@1: 83.86, Acc@5: 99.35
2025-06-04 19:11:59,873 - log - INFO - iter:8041/8041, clip_acc1=83.84529876708984, tta_acc1=83.84529876708984
2025-06-04 19:11:59,874 - log - INFO - iter:8041/8041, Original Acc@1: 83.85, Acc@5: 99.35, TTA Acc@1: 83.85, Acc@5: 99.35
2025-06-04 19:12:00,056 - log - INFO - Final results - Original Acc@1: 83.85, Acc@5: 99.35, TTA Acc@1: 83.85, Acc@5: 99.35
2025-06-04 19:12:00,056 - log - INFO - Improvement from TTA in Acc@1 0.00, and Acc@5 0.00
2025-06-04 19:12:00,057 - log - INFO - => Acc. on testset [Cars]: Clean Acc @1 83.84529876708984/ TTA Clean Acc @1 83.84529876708984, Clean Acc @5 99.35331726074219/ TTA Clean Acc @5 99.35331726074219
2025-06-04 19:12:00,057 - log - INFO - Total script execution time: 15812.90 seconds (263.55 minutes)
