2025-05-29 06:29:55,357 - log - INFO - ==========================================
data:/leonardo_work/EUHPC_R04_192/fmohamma/Adversarial_Robust_Clip/atpt_data/downstream_datasets
test_sets:Aircraft
dataset_mode:test
arch:ViT-L/14
resolution:224
workers:4
no_pin_memory:False
batch_size:64
print_freq:20
gpu:0
no_cudnn_benchmark:False
n_ctx:4
ctx_init:a_photo_of_a
tpt_loss:rtpt
seed:0
output_dir:/leonardo_work/EUHPC_R04_192/fmohamma/Adversarial_Robust_Clip/atpt_data/ViT-L/14/Aircraft
log_output_dir:/leonardo_work/EUHPC_R04_192/fmohamma/Adversarial_Robust_Clip/ATPT/Final_Results/ViT-L/14/Aircraft
eps:0.0
alpha:0.0
alpha_eps_ratio:4.0
steps:0
lr:0.005
selection_p:0.1
tta_steps:0
ensemble_type:weighted_rtpt
top_k:20
softmax_temp:0.01
counter_attack:True
counter_attack_type:pgd
counter_attack_steps:2
counter_attack_eps:2.0
counter_attack_alpha:1.0
counter_attack_tau_thres:0.2
counter_attack_beta:2.0
counter_attack_weighted_perturbations:True
pgd_clip_pure_i_text_embeddings:null
pgd_counter_and_clipure_i_lamda:1.0
selected_id_name:selected_topk.json
weighted_score_name:weighted_scores.json
batch_entropy_name:entropies.json
log_dir:/leonardo_work/EUHPC_R04_192/fmohamma/Adversarial_Robust_Clip/ATPT/Final_Results/ViT-L/14/Aircraft/Clean/Counter_Attack/Eps_2_0_Steps_2_Alpha_1_0/tau_0_2_beta_2_0_weighted_pertrubation_True/No_TPT/Inference_Ensemble_weighted_rtpt_topk_20_softmaxtemp_0_01

2025-05-29 06:29:55,357 - log - INFO - Use GPU: 0 for training
2025-05-29 06:30:12,124 - log - INFO - Freezing all parameters except prompt learner
2025-05-29 06:30:12,126 - log - INFO - => Model created: visual backbone ViT-L/14
2025-05-29 06:30:12,136 - log - INFO - Number of test samples: 3333
2025-05-29 06:30:12,136 - log - INFO - Evaluating dataset: Aircraft
2025-05-29 06:30:12,137 - log - INFO - Starting evaluation with batch size: 64, selection percentage: 0.1
2025-05-29 06:30:12,137 - log - INFO - Test-time adaptation steps: 0, learning rate: 0.005
2025-05-29 06:30:12,137 - log - INFO - Using counter-attack with epsilon: 2.000000, alpha: 0.000000, steps: 2, tau_thres: 0.2, beta: 2.0, weighted perturbation: True
2025-05-29 06:31:05,176 - log - INFO - iter:20/3333, clip_acc1=30.0, tta_acc1=10.0
2025-05-29 06:31:05,176 - log - INFO - iter:20/3333, Original Acc@1: 30.00, Acc@5: 65.00, TTA Acc@1: 10.00, Acc@5: 75.00
2025-05-29 06:31:51,255 - log - INFO - iter:40/3333, clip_acc1=42.5, tta_acc1=15.0
2025-05-29 06:31:51,255 - log - INFO - iter:40/3333, Original Acc@1: 42.50, Acc@5: 77.50, TTA Acc@1: 15.00, Acc@5: 80.00
2025-05-29 06:32:37,150 - log - INFO - iter:60/3333, clip_acc1=43.333335876464844, tta_acc1=18.33333396911621
2025-05-29 06:32:37,150 - log - INFO - iter:60/3333, Original Acc@1: 43.33, Acc@5: 80.00, TTA Acc@1: 18.33, Acc@5: 83.33
2025-05-29 06:33:23,293 - log - INFO - iter:80/3333, clip_acc1=41.25, tta_acc1=18.75
2025-05-29 06:33:23,293 - log - INFO - iter:80/3333, Original Acc@1: 41.25, Acc@5: 73.75, TTA Acc@1: 18.75, Acc@5: 76.25
2025-05-29 06:34:09,311 - log - INFO - iter:100/3333, clip_acc1=34.0, tta_acc1=23.0
2025-05-29 06:34:09,311 - log - INFO - iter:100/3333, Original Acc@1: 34.00, Acc@5: 68.00, TTA Acc@1: 23.00, Acc@5: 69.00
2025-05-29 06:34:55,705 - log - INFO - iter:120/3333, clip_acc1=28.33333396911621, tta_acc1=19.166667938232422
2025-05-29 06:34:55,705 - log - INFO - iter:120/3333, Original Acc@1: 28.33, Acc@5: 60.83, TTA Acc@1: 19.17, Acc@5: 60.83
2025-05-29 06:35:41,976 - log - INFO - iter:140/3333, clip_acc1=24.285715103149414, tta_acc1=16.428571701049805
2025-05-29 06:35:41,976 - log - INFO - iter:140/3333, Original Acc@1: 24.29, Acc@5: 55.00, TTA Acc@1: 16.43, Acc@5: 55.71
2025-05-29 06:36:28,114 - log - INFO - iter:160/3333, clip_acc1=21.25, tta_acc1=14.375
2025-05-29 06:36:28,114 - log - INFO - iter:160/3333, Original Acc@1: 21.25, Acc@5: 50.00, TTA Acc@1: 14.38, Acc@5: 48.75
2025-05-29 06:37:14,426 - log - INFO - iter:180/3333, clip_acc1=18.88888931274414, tta_acc1=13.333333969116211
2025-05-29 06:37:14,426 - log - INFO - iter:180/3333, Original Acc@1: 18.89, Acc@5: 44.44, TTA Acc@1: 13.33, Acc@5: 43.89
2025-05-29 06:38:00,890 - log - INFO - iter:200/3333, clip_acc1=17.0, tta_acc1=12.5
2025-05-29 06:38:00,890 - log - INFO - iter:200/3333, Original Acc@1: 17.00, Acc@5: 42.50, TTA Acc@1: 12.50, Acc@5: 41.50
2025-05-29 06:38:47,153 - log - INFO - iter:220/3333, clip_acc1=15.454545021057129, tta_acc1=11.818181037902832
2025-05-29 06:38:47,153 - log - INFO - iter:220/3333, Original Acc@1: 15.45, Acc@5: 45.00, TTA Acc@1: 11.82, Acc@5: 45.91
2025-05-29 06:39:33,496 - log - INFO - iter:240/3333, clip_acc1=14.583333969116211, tta_acc1=10.833333969116211
2025-05-29 06:39:33,496 - log - INFO - iter:240/3333, Original Acc@1: 14.58, Acc@5: 47.08, TTA Acc@1: 10.83, Acc@5: 48.75
2025-05-29 06:40:19,853 - log - INFO - iter:260/3333, clip_acc1=16.153846740722656, tta_acc1=10.384614944458008
2025-05-29 06:40:19,853 - log - INFO - iter:260/3333, Original Acc@1: 16.15, Acc@5: 49.62, TTA Acc@1: 10.38, Acc@5: 50.38
2025-05-29 06:41:06,242 - log - INFO - iter:280/3333, clip_acc1=15.0, tta_acc1=9.642857551574707
2025-05-29 06:41:06,243 - log - INFO - iter:280/3333, Original Acc@1: 15.00, Acc@5: 48.93, TTA Acc@1: 9.64, Acc@5: 49.64
2025-05-29 06:41:52,636 - log - INFO - iter:300/3333, clip_acc1=14.333333969116211, tta_acc1=9.0
2025-05-29 06:41:52,636 - log - INFO - iter:300/3333, Original Acc@1: 14.33, Acc@5: 47.67, TTA Acc@1: 9.00, Acc@5: 49.67
2025-05-29 06:42:39,159 - log - INFO - iter:320/3333, clip_acc1=14.0625, tta_acc1=9.375
2025-05-29 06:42:39,159 - log - INFO - iter:320/3333, Original Acc@1: 14.06, Acc@5: 48.44, TTA Acc@1: 9.38, Acc@5: 50.94
2025-05-29 06:43:25,423 - log - INFO - iter:340/3333, clip_acc1=14.411765098571777, tta_acc1=10.588235855102539
2025-05-29 06:43:25,423 - log - INFO - iter:340/3333, Original Acc@1: 14.41, Acc@5: 50.00, TTA Acc@1: 10.59, Acc@5: 52.65
2025-05-29 06:44:11,501 - log - INFO - iter:360/3333, clip_acc1=15.555556297302246, tta_acc1=12.222222328186035
2025-05-29 06:44:11,501 - log - INFO - iter:360/3333, Original Acc@1: 15.56, Acc@5: 52.50, TTA Acc@1: 12.22, Acc@5: 55.00
2025-05-29 06:44:57,467 - log - INFO - iter:380/3333, clip_acc1=17.10526466369629, tta_acc1=13.1578950881958
2025-05-29 06:44:57,467 - log - INFO - iter:380/3333, Original Acc@1: 17.11, Acc@5: 54.47, TTA Acc@1: 13.16, Acc@5: 56.32
2025-05-29 06:45:44,154 - log - INFO - iter:400/3333, clip_acc1=18.5, tta_acc1=14.0
2025-05-29 06:45:44,154 - log - INFO - iter:400/3333, Original Acc@1: 18.50, Acc@5: 55.50, TTA Acc@1: 14.00, Acc@5: 58.25
2025-05-29 06:46:29,859 - log - INFO - iter:420/3333, clip_acc1=17.619049072265625, tta_acc1=13.333333969116211
2025-05-29 06:46:29,859 - log - INFO - iter:420/3333, Original Acc@1: 17.62, Acc@5: 56.19, TTA Acc@1: 13.33, Acc@5: 59.76
2025-05-29 06:47:16,124 - log - INFO - iter:440/3333, clip_acc1=16.81818199157715, tta_acc1=12.727272033691406
2025-05-29 06:47:16,124 - log - INFO - iter:440/3333, Original Acc@1: 16.82, Acc@5: 57.73, TTA Acc@1: 12.73, Acc@5: 61.14
2025-05-29 06:48:02,238 - log - INFO - iter:460/3333, clip_acc1=16.7391300201416, tta_acc1=12.391304016113281
2025-05-29 06:48:02,238 - log - INFO - iter:460/3333, Original Acc@1: 16.74, Acc@5: 59.35, TTA Acc@1: 12.39, Acc@5: 62.39
2025-05-29 06:48:48,232 - log - INFO - iter:480/3333, clip_acc1=17.291667938232422, tta_acc1=13.125000953674316
2025-05-29 06:48:48,233 - log - INFO - iter:480/3333, Original Acc@1: 17.29, Acc@5: 59.38, TTA Acc@1: 13.13, Acc@5: 63.13
2025-05-29 06:49:34,874 - log - INFO - iter:500/3333, clip_acc1=17.400001525878906, tta_acc1=14.000000953674316
2025-05-29 06:49:34,874 - log - INFO - iter:500/3333, Original Acc@1: 17.40, Acc@5: 59.60, TTA Acc@1: 14.00, Acc@5: 62.60
2025-05-29 06:50:22,463 - log - INFO - iter:520/3333, clip_acc1=17.69230842590332, tta_acc1=14.807692527770996
2025-05-29 06:50:22,463 - log - INFO - iter:520/3333, Original Acc@1: 17.69, Acc@5: 60.38, TTA Acc@1: 14.81, Acc@5: 63.65
2025-05-29 06:51:08,572 - log - INFO - iter:540/3333, clip_acc1=17.962963104248047, tta_acc1=14.44444465637207
2025-05-29 06:51:08,572 - log - INFO - iter:540/3333, Original Acc@1: 17.96, Acc@5: 60.93, TTA Acc@1: 14.44, Acc@5: 64.26
2025-05-29 06:51:54,226 - log - INFO - iter:560/3333, clip_acc1=18.035715103149414, tta_acc1=14.821428298950195
2025-05-29 06:51:54,226 - log - INFO - iter:560/3333, Original Acc@1: 18.04, Acc@5: 61.61, TTA Acc@1: 14.82, Acc@5: 65.18
2025-05-29 06:52:40,425 - log - INFO - iter:580/3333, clip_acc1=17.758621215820312, tta_acc1=14.82758617401123
2025-05-29 06:52:40,425 - log - INFO - iter:580/3333, Original Acc@1: 17.76, Acc@5: 61.72, TTA Acc@1: 14.83, Acc@5: 66.03
2025-05-29 06:53:43,462 - log - INFO - iter:600/3333, clip_acc1=17.666667938232422, tta_acc1=15.0
2025-05-29 06:53:43,462 - log - INFO - iter:600/3333, Original Acc@1: 17.67, Acc@5: 62.33, TTA Acc@1: 15.00, Acc@5: 66.83
2025-05-29 06:54:29,935 - log - INFO - iter:620/3333, clip_acc1=17.25806427001953, tta_acc1=14.516128540039062
2025-05-29 06:54:29,935 - log - INFO - iter:620/3333, Original Acc@1: 17.26, Acc@5: 63.39, TTA Acc@1: 14.52, Acc@5: 67.42
2025-05-29 06:55:16,290 - log - INFO - iter:640/3333, clip_acc1=16.875, tta_acc1=14.21875
2025-05-29 06:55:16,290 - log - INFO - iter:640/3333, Original Acc@1: 16.88, Acc@5: 63.28, TTA Acc@1: 14.22, Acc@5: 67.34
2025-05-29 06:56:06,256 - log - INFO - iter:660/3333, clip_acc1=17.121212005615234, tta_acc1=14.545454025268555
2025-05-29 06:56:06,256 - log - INFO - iter:660/3333, Original Acc@1: 17.12, Acc@5: 63.03, TTA Acc@1: 14.55, Acc@5: 67.58
2025-05-29 06:56:52,337 - log - INFO - iter:680/3333, clip_acc1=17.05882453918457, tta_acc1=14.411765098571777
2025-05-29 06:56:52,338 - log - INFO - iter:680/3333, Original Acc@1: 17.06, Acc@5: 62.65, TTA Acc@1: 14.41, Acc@5: 67.50
2025-05-29 06:57:38,416 - log - INFO - iter:700/3333, clip_acc1=17.14285659790039, tta_acc1=14.571428298950195
2025-05-29 06:57:38,416 - log - INFO - iter:700/3333, Original Acc@1: 17.14, Acc@5: 62.43, TTA Acc@1: 14.57, Acc@5: 67.43
2025-05-29 06:58:24,353 - log - INFO - iter:720/3333, clip_acc1=17.36111068725586, tta_acc1=14.166666984558105
2025-05-29 06:58:24,353 - log - INFO - iter:720/3333, Original Acc@1: 17.36, Acc@5: 62.08, TTA Acc@1: 14.17, Acc@5: 66.39
2025-05-29 06:59:10,205 - log - INFO - iter:740/3333, clip_acc1=17.567567825317383, tta_acc1=14.324324607849121
2025-05-29 06:59:10,205 - log - INFO - iter:740/3333, Original Acc@1: 17.57, Acc@5: 61.62, TTA Acc@1: 14.32, Acc@5: 66.08
2025-05-29 06:59:56,493 - log - INFO - iter:760/3333, clip_acc1=17.894737243652344, tta_acc1=14.605263710021973
2025-05-29 06:59:56,493 - log - INFO - iter:760/3333, Original Acc@1: 17.89, Acc@5: 61.84, TTA Acc@1: 14.61, Acc@5: 65.79
2025-05-29 07:00:42,669 - log - INFO - iter:780/3333, clip_acc1=18.076923370361328, tta_acc1=14.743590354919434
2025-05-29 07:00:42,669 - log - INFO - iter:780/3333, Original Acc@1: 18.08, Acc@5: 62.18, TTA Acc@1: 14.74, Acc@5: 66.28
2025-05-29 07:01:28,910 - log - INFO - iter:800/3333, clip_acc1=18.75, tta_acc1=14.75
2025-05-29 07:01:28,910 - log - INFO - iter:800/3333, Original Acc@1: 18.75, Acc@5: 62.50, TTA Acc@1: 14.75, Acc@5: 66.25
2025-05-29 07:02:15,183 - log - INFO - iter:820/3333, clip_acc1=19.7560977935791, tta_acc1=15.853658676147461
2025-05-29 07:02:15,183 - log - INFO - iter:820/3333, Original Acc@1: 19.76, Acc@5: 63.05, TTA Acc@1: 15.85, Acc@5: 66.83
2025-05-29 07:03:01,396 - log - INFO - iter:840/3333, clip_acc1=20.119049072265625, tta_acc1=16.904762268066406
2025-05-29 07:03:01,396 - log - INFO - iter:840/3333, Original Acc@1: 20.12, Acc@5: 63.69, TTA Acc@1: 16.90, Acc@5: 67.38
2025-05-29 07:03:47,296 - log - INFO - iter:860/3333, clip_acc1=20.0, tta_acc1=16.627906799316406
2025-05-29 07:03:47,296 - log - INFO - iter:860/3333, Original Acc@1: 20.00, Acc@5: 64.07, TTA Acc@1: 16.63, Acc@5: 67.33
2025-05-29 07:04:33,287 - log - INFO - iter:880/3333, clip_acc1=20.34090805053711, tta_acc1=16.704544067382812
2025-05-29 07:04:33,288 - log - INFO - iter:880/3333, Original Acc@1: 20.34, Acc@5: 64.20, TTA Acc@1: 16.70, Acc@5: 67.39
2025-05-29 07:05:19,807 - log - INFO - iter:900/3333, clip_acc1=21.0, tta_acc1=17.11111068725586
2025-05-29 07:05:19,807 - log - INFO - iter:900/3333, Original Acc@1: 21.00, Acc@5: 64.44, TTA Acc@1: 17.11, Acc@5: 67.44
2025-05-29 07:06:05,835 - log - INFO - iter:920/3333, clip_acc1=20.978260040283203, tta_acc1=17.934782028198242
2025-05-29 07:06:05,835 - log - INFO - iter:920/3333, Original Acc@1: 20.98, Acc@5: 64.57, TTA Acc@1: 17.93, Acc@5: 67.93
2025-05-29 07:06:52,042 - log - INFO - iter:940/3333, clip_acc1=20.851062774658203, tta_acc1=17.76595687866211
2025-05-29 07:06:52,042 - log - INFO - iter:940/3333, Original Acc@1: 20.85, Acc@5: 64.47, TTA Acc@1: 17.77, Acc@5: 67.87
2025-05-29 07:07:37,993 - log - INFO - iter:960/3333, clip_acc1=20.416667938232422, tta_acc1=17.39583396911621
2025-05-29 07:07:37,993 - log - INFO - iter:960/3333, Original Acc@1: 20.42, Acc@5: 64.17, TTA Acc@1: 17.40, Acc@5: 67.40
2025-05-29 07:08:23,863 - log - INFO - iter:980/3333, clip_acc1=20.510202407836914, tta_acc1=17.755102157592773
2025-05-29 07:08:23,863 - log - INFO - iter:980/3333, Original Acc@1: 20.51, Acc@5: 64.59, TTA Acc@1: 17.76, Acc@5: 67.55
2025-05-29 07:09:09,792 - log - INFO - iter:1000/3333, clip_acc1=21.100000381469727, tta_acc1=18.30000114440918
2025-05-29 07:09:09,792 - log - INFO - iter:1000/3333, Original Acc@1: 21.10, Acc@5: 65.00, TTA Acc@1: 18.30, Acc@5: 67.80
2025-05-29 07:09:55,654 - log - INFO - iter:1020/3333, clip_acc1=20.686275482177734, tta_acc1=17.941177368164062
2025-05-29 07:09:55,655 - log - INFO - iter:1020/3333, Original Acc@1: 20.69, Acc@5: 65.20, TTA Acc@1: 17.94, Acc@5: 67.45
2025-05-29 07:10:42,556 - log - INFO - iter:1040/3333, clip_acc1=20.288461685180664, tta_acc1=17.596153259277344
2025-05-29 07:10:42,557 - log - INFO - iter:1040/3333, Original Acc@1: 20.29, Acc@5: 65.58, TTA Acc@1: 17.60, Acc@5: 67.21
2025-05-29 07:11:28,838 - log - INFO - iter:1060/3333, clip_acc1=19.90566062927246, tta_acc1=17.264150619506836
2025-05-29 07:11:28,838 - log - INFO - iter:1060/3333, Original Acc@1: 19.91, Acc@5: 65.66, TTA Acc@1: 17.26, Acc@5: 67.36
2025-05-29 07:12:14,821 - log - INFO - iter:1080/3333, clip_acc1=19.537036895751953, tta_acc1=17.037036895751953
2025-05-29 07:12:14,821 - log - INFO - iter:1080/3333, Original Acc@1: 19.54, Acc@5: 65.74, TTA Acc@1: 17.04, Acc@5: 67.50
2025-05-29 07:13:01,122 - log - INFO - iter:1100/3333, clip_acc1=19.454545974731445, tta_acc1=16.90909194946289
2025-05-29 07:13:01,122 - log - INFO - iter:1100/3333, Original Acc@1: 19.45, Acc@5: 66.09, TTA Acc@1: 16.91, Acc@5: 67.91
2025-05-29 07:13:47,258 - log - INFO - iter:1120/3333, clip_acc1=20.35714340209961, tta_acc1=17.5
2025-05-29 07:13:47,258 - log - INFO - iter:1120/3333, Original Acc@1: 20.36, Acc@5: 66.70, TTA Acc@1: 17.50, Acc@5: 68.48
2025-05-29 07:14:33,545 - log - INFO - iter:1140/3333, clip_acc1=20.877193450927734, tta_acc1=18.157896041870117
2025-05-29 07:14:33,546 - log - INFO - iter:1140/3333, Original Acc@1: 20.88, Acc@5: 67.11, TTA Acc@1: 18.16, Acc@5: 68.77
2025-05-29 07:15:19,605 - log - INFO - iter:1160/3333, clip_acc1=20.86206817626953, tta_acc1=18.44827651977539
2025-05-29 07:15:19,606 - log - INFO - iter:1160/3333, Original Acc@1: 20.86, Acc@5: 67.24, TTA Acc@1: 18.45, Acc@5: 69.22
2025-05-29 07:16:06,573 - log - INFO - iter:1180/3333, clip_acc1=20.593219757080078, tta_acc1=18.220338821411133
2025-05-29 07:16:06,573 - log - INFO - iter:1180/3333, Original Acc@1: 20.59, Acc@5: 67.12, TTA Acc@1: 18.22, Acc@5: 69.49
2025-05-29 07:16:52,475 - log - INFO - iter:1200/3333, clip_acc1=20.416667938232422, tta_acc1=18.0
2025-05-29 07:16:52,475 - log - INFO - iter:1200/3333, Original Acc@1: 20.42, Acc@5: 66.83, TTA Acc@1: 18.00, Acc@5: 69.75
2025-05-29 07:17:38,370 - log - INFO - iter:1220/3333, clip_acc1=20.327869415283203, tta_acc1=17.868852615356445
2025-05-29 07:17:38,370 - log - INFO - iter:1220/3333, Original Acc@1: 20.33, Acc@5: 66.48, TTA Acc@1: 17.87, Acc@5: 69.10
2025-05-29 07:18:24,486 - log - INFO - iter:1240/3333, clip_acc1=20.483871459960938, tta_acc1=18.225805282592773
2025-05-29 07:18:24,487 - log - INFO - iter:1240/3333, Original Acc@1: 20.48, Acc@5: 66.37, TTA Acc@1: 18.23, Acc@5: 68.95
2025-05-29 07:19:10,904 - log - INFO - iter:1260/3333, clip_acc1=21.03174591064453, tta_acc1=19.126983642578125
2025-05-29 07:19:10,904 - log - INFO - iter:1260/3333, Original Acc@1: 21.03, Acc@5: 66.75, TTA Acc@1: 19.13, Acc@5: 69.29
2025-05-29 07:19:57,080 - log - INFO - iter:1280/3333, clip_acc1=20.9375, tta_acc1=19.21875
2025-05-29 07:19:57,080 - log - INFO - iter:1280/3333, Original Acc@1: 20.94, Acc@5: 67.11, TTA Acc@1: 19.22, Acc@5: 69.45
2025-05-29 07:20:43,714 - log - INFO - iter:1300/3333, clip_acc1=20.923076629638672, tta_acc1=19.153846740722656
2025-05-29 07:20:43,715 - log - INFO - iter:1300/3333, Original Acc@1: 20.92, Acc@5: 67.46, TTA Acc@1: 19.15, Acc@5: 69.85
2025-05-29 07:21:30,025 - log - INFO - iter:1320/3333, clip_acc1=20.606060028076172, tta_acc1=18.863636016845703
2025-05-29 07:21:30,026 - log - INFO - iter:1320/3333, Original Acc@1: 20.61, Acc@5: 66.89, TTA Acc@1: 18.86, Acc@5: 68.86
2025-05-29 07:22:16,085 - log - INFO - iter:1340/3333, clip_acc1=20.522388458251953, tta_acc1=18.880598068237305
2025-05-29 07:22:16,086 - log - INFO - iter:1340/3333, Original Acc@1: 20.52, Acc@5: 66.57, TTA Acc@1: 18.88, Acc@5: 68.28
2025-05-29 07:23:02,152 - log - INFO - iter:1360/3333, clip_acc1=20.661766052246094, tta_acc1=18.75
2025-05-29 07:23:02,153 - log - INFO - iter:1360/3333, Original Acc@1: 20.66, Acc@5: 66.76, TTA Acc@1: 18.75, Acc@5: 68.38
2025-05-29 07:23:48,428 - log - INFO - iter:1380/3333, clip_acc1=20.724637985229492, tta_acc1=18.69565200805664
2025-05-29 07:23:48,428 - log - INFO - iter:1380/3333, Original Acc@1: 20.72, Acc@5: 66.81, TTA Acc@1: 18.70, Acc@5: 68.26
2025-05-29 07:24:34,560 - log - INFO - iter:1400/3333, clip_acc1=20.928571701049805, tta_acc1=18.64285659790039
2025-05-29 07:24:34,561 - log - INFO - iter:1400/3333, Original Acc@1: 20.93, Acc@5: 66.86, TTA Acc@1: 18.64, Acc@5: 68.29
2025-05-29 07:25:21,376 - log - INFO - iter:1420/3333, clip_acc1=21.690139770507812, tta_acc1=19.577463150024414
2025-05-29 07:25:21,376 - log - INFO - iter:1420/3333, Original Acc@1: 21.69, Acc@5: 67.18, TTA Acc@1: 19.58, Acc@5: 68.59
2025-05-29 07:26:07,331 - log - INFO - iter:1440/3333, clip_acc1=22.15277862548828, tta_acc1=20.06944465637207
2025-05-29 07:26:07,332 - log - INFO - iter:1440/3333, Original Acc@1: 22.15, Acc@5: 67.29, TTA Acc@1: 20.07, Acc@5: 68.89
2025-05-29 07:26:53,258 - log - INFO - iter:1460/3333, clip_acc1=21.849315643310547, tta_acc1=19.79452133178711
2025-05-29 07:26:53,259 - log - INFO - iter:1460/3333, Original Acc@1: 21.85, Acc@5: 67.33, TTA Acc@1: 19.79, Acc@5: 68.77
2025-05-29 07:27:39,534 - log - INFO - iter:1480/3333, clip_acc1=21.62162208557129, tta_acc1=19.66216278076172
2025-05-29 07:27:39,534 - log - INFO - iter:1480/3333, Original Acc@1: 21.62, Acc@5: 66.89, TTA Acc@1: 19.66, Acc@5: 68.51
2025-05-29 07:28:26,042 - log - INFO - iter:1500/3333, clip_acc1=21.33333396911621, tta_acc1=19.600000381469727
2025-05-29 07:28:26,043 - log - INFO - iter:1500/3333, Original Acc@1: 21.33, Acc@5: 66.33, TTA Acc@1: 19.60, Acc@5: 68.40
2025-05-29 07:29:12,225 - log - INFO - iter:1520/3333, clip_acc1=21.11842155456543, tta_acc1=19.60526466369629
2025-05-29 07:29:12,226 - log - INFO - iter:1520/3333, Original Acc@1: 21.12, Acc@5: 65.79, TTA Acc@1: 19.61, Acc@5: 68.16
2025-05-29 07:29:58,493 - log - INFO - iter:1540/3333, clip_acc1=20.84415626525879, tta_acc1=19.480518341064453
2025-05-29 07:29:58,493 - log - INFO - iter:1540/3333, Original Acc@1: 20.84, Acc@5: 65.39, TTA Acc@1: 19.48, Acc@5: 67.86
2025-05-29 07:30:45,758 - log - INFO - iter:1560/3333, clip_acc1=20.576923370361328, tta_acc1=19.230770111083984
2025-05-29 07:30:45,758 - log - INFO - iter:1560/3333, Original Acc@1: 20.58, Acc@5: 65.00, TTA Acc@1: 19.23, Acc@5: 67.50
2025-05-29 07:31:31,775 - log - INFO - iter:1580/3333, clip_acc1=20.822784423828125, tta_acc1=19.683544158935547
2025-05-29 07:31:31,776 - log - INFO - iter:1580/3333, Original Acc@1: 20.82, Acc@5: 65.13, TTA Acc@1: 19.68, Acc@5: 67.66
2025-05-29 07:32:17,905 - log - INFO - iter:1600/3333, clip_acc1=21.4375, tta_acc1=20.375
2025-05-29 07:32:17,905 - log - INFO - iter:1600/3333, Original Acc@1: 21.44, Acc@5: 65.56, TTA Acc@1: 20.38, Acc@5: 68.06
2025-05-29 07:33:04,120 - log - INFO - iter:1620/3333, clip_acc1=22.098766326904297, tta_acc1=20.679014205932617
2025-05-29 07:33:04,120 - log - INFO - iter:1620/3333, Original Acc@1: 22.10, Acc@5: 65.93, TTA Acc@1: 20.68, Acc@5: 68.40
2025-05-29 07:33:50,316 - log - INFO - iter:1640/3333, clip_acc1=22.439023971557617, tta_acc1=21.158536911010742
2025-05-29 07:33:50,316 - log - INFO - iter:1640/3333, Original Acc@1: 22.44, Acc@5: 66.28, TTA Acc@1: 21.16, Acc@5: 68.60
2025-05-29 07:34:36,460 - log - INFO - iter:1660/3333, clip_acc1=22.590362548828125, tta_acc1=21.506025314331055
2025-05-29 07:34:36,460 - log - INFO - iter:1660/3333, Original Acc@1: 22.59, Acc@5: 66.51, TTA Acc@1: 21.51, Acc@5: 68.73
2025-05-29 07:35:22,811 - log - INFO - iter:1680/3333, clip_acc1=22.44047737121582, tta_acc1=21.488096237182617
2025-05-29 07:35:22,812 - log - INFO - iter:1680/3333, Original Acc@1: 22.44, Acc@5: 66.49, TTA Acc@1: 21.49, Acc@5: 68.87
2025-05-29 07:36:09,159 - log - INFO - iter:1700/3333, clip_acc1=22.176469802856445, tta_acc1=21.35293960571289
2025-05-29 07:36:09,159 - log - INFO - iter:1700/3333, Original Acc@1: 22.18, Acc@5: 66.29, TTA Acc@1: 21.35, Acc@5: 68.82
2025-05-29 07:36:55,639 - log - INFO - iter:1720/3333, clip_acc1=22.5, tta_acc1=21.453487396240234
2025-05-29 07:36:55,639 - log - INFO - iter:1720/3333, Original Acc@1: 22.50, Acc@5: 66.34, TTA Acc@1: 21.45, Acc@5: 68.66
2025-05-29 07:37:41,734 - log - INFO - iter:1740/3333, clip_acc1=22.816091537475586, tta_acc1=21.494253158569336
2025-05-29 07:37:41,735 - log - INFO - iter:1740/3333, Original Acc@1: 22.82, Acc@5: 66.44, TTA Acc@1: 21.49, Acc@5: 68.79
2025-05-29 07:38:29,521 - log - INFO - iter:1760/3333, clip_acc1=22.727272033691406, tta_acc1=21.363636016845703
2025-05-29 07:38:29,521 - log - INFO - iter:1760/3333, Original Acc@1: 22.73, Acc@5: 66.31, TTA Acc@1: 21.36, Acc@5: 68.92
2025-05-29 07:39:15,351 - log - INFO - iter:1780/3333, clip_acc1=22.921348571777344, tta_acc1=21.51685333251953
2025-05-29 07:39:15,351 - log - INFO - iter:1780/3333, Original Acc@1: 22.92, Acc@5: 66.52, TTA Acc@1: 21.52, Acc@5: 69.27
2025-05-29 07:40:01,337 - log - INFO - iter:1800/3333, clip_acc1=23.44444465637207, tta_acc1=22.111112594604492
2025-05-29 07:40:01,337 - log - INFO - iter:1800/3333, Original Acc@1: 23.44, Acc@5: 66.72, TTA Acc@1: 22.11, Acc@5: 69.50
2025-05-29 07:40:48,045 - log - INFO - iter:1820/3333, clip_acc1=23.29670524597168, tta_acc1=22.58241844177246
2025-05-29 07:40:48,045 - log - INFO - iter:1820/3333, Original Acc@1: 23.30, Acc@5: 66.43, TTA Acc@1: 22.58, Acc@5: 69.78
2025-05-29 07:41:33,912 - log - INFO - iter:1840/3333, clip_acc1=23.315216064453125, tta_acc1=23.097824096679688
2025-05-29 07:41:33,912 - log - INFO - iter:1840/3333, Original Acc@1: 23.32, Acc@5: 66.14, TTA Acc@1: 23.10, Acc@5: 69.95
2025-05-29 07:42:19,754 - log - INFO - iter:1860/3333, clip_acc1=23.225807189941406, tta_acc1=23.387096405029297
2025-05-29 07:42:19,755 - log - INFO - iter:1860/3333, Original Acc@1: 23.23, Acc@5: 66.02, TTA Acc@1: 23.39, Acc@5: 70.16
2025-05-29 07:43:05,600 - log - INFO - iter:1880/3333, clip_acc1=23.03191375732422, tta_acc1=23.404254913330078
2025-05-29 07:43:05,601 - log - INFO - iter:1880/3333, Original Acc@1: 23.03, Acc@5: 65.69, TTA Acc@1: 23.40, Acc@5: 70.27
2025-05-29 07:43:51,868 - log - INFO - iter:1900/3333, clip_acc1=22.789472579956055, tta_acc1=23.26315689086914
2025-05-29 07:43:51,868 - log - INFO - iter:1900/3333, Original Acc@1: 22.79, Acc@5: 65.32, TTA Acc@1: 23.26, Acc@5: 70.26
2025-05-29 07:44:38,008 - log - INFO - iter:1920/3333, clip_acc1=23.33333396911621, tta_acc1=24.010417938232422
2025-05-29 07:44:38,009 - log - INFO - iter:1920/3333, Original Acc@1: 23.33, Acc@5: 65.62, TTA Acc@1: 24.01, Acc@5: 70.52
2025-05-29 07:45:24,087 - log - INFO - iter:1940/3333, clip_acc1=23.608247756958008, tta_acc1=24.329896926879883
2025-05-29 07:45:24,087 - log - INFO - iter:1940/3333, Original Acc@1: 23.61, Acc@5: 65.67, TTA Acc@1: 24.33, Acc@5: 70.67
2025-05-29 07:46:10,289 - log - INFO - iter:1960/3333, clip_acc1=23.367345809936523, tta_acc1=24.08163070678711
2025-05-29 07:46:10,289 - log - INFO - iter:1960/3333, Original Acc@1: 23.37, Acc@5: 65.46, TTA Acc@1: 24.08, Acc@5: 70.92
2025-05-29 07:46:56,175 - log - INFO - iter:1980/3333, clip_acc1=23.33333396911621, tta_acc1=24.2424259185791
2025-05-29 07:46:56,175 - log - INFO - iter:1980/3333, Original Acc@1: 23.33, Acc@5: 65.35, TTA Acc@1: 24.24, Acc@5: 71.21
2025-05-29 07:47:42,235 - log - INFO - iter:2000/3333, clip_acc1=23.400001525878906, tta_acc1=24.650001525878906
2025-05-29 07:47:42,235 - log - INFO - iter:2000/3333, Original Acc@1: 23.40, Acc@5: 65.60, TTA Acc@1: 24.65, Acc@5: 71.50
2025-05-29 07:48:28,613 - log - INFO - iter:2020/3333, clip_acc1=23.415842056274414, tta_acc1=25.247526168823242
2025-05-29 07:48:28,614 - log - INFO - iter:2020/3333, Original Acc@1: 23.42, Acc@5: 65.89, TTA Acc@1: 25.25, Acc@5: 71.78
2025-05-29 07:49:14,837 - log - INFO - iter:2040/3333, clip_acc1=23.431373596191406, tta_acc1=25.637256622314453
2025-05-29 07:49:14,838 - log - INFO - iter:2040/3333, Original Acc@1: 23.43, Acc@5: 65.88, TTA Acc@1: 25.64, Acc@5: 72.06
2025-05-29 07:50:00,877 - log - INFO - iter:2060/3333, clip_acc1=23.543689727783203, tta_acc1=25.7281551361084
2025-05-29 07:50:00,877 - log - INFO - iter:2060/3333, Original Acc@1: 23.54, Acc@5: 66.17, TTA Acc@1: 25.73, Acc@5: 72.33
2025-05-29 07:50:47,095 - log - INFO - iter:2080/3333, clip_acc1=23.413461685180664, tta_acc1=25.528846740722656
2025-05-29 07:50:47,095 - log - INFO - iter:2080/3333, Original Acc@1: 23.41, Acc@5: 65.82, TTA Acc@1: 25.53, Acc@5: 71.92
2025-05-29 07:51:33,535 - log - INFO - iter:2100/3333, clip_acc1=23.190475463867188, tta_acc1=25.28571319580078
2025-05-29 07:51:33,535 - log - INFO - iter:2100/3333, Original Acc@1: 23.19, Acc@5: 65.19, TTA Acc@1: 25.29, Acc@5: 71.24
2025-05-29 07:52:19,786 - log - INFO - iter:2120/3333, clip_acc1=23.537736892700195, tta_acc1=25.141510009765625
2025-05-29 07:52:19,786 - log - INFO - iter:2120/3333, Original Acc@1: 23.54, Acc@5: 65.52, TTA Acc@1: 25.14, Acc@5: 71.42
2025-05-29 07:53:06,010 - log - INFO - iter:2140/3333, clip_acc1=23.738319396972656, tta_acc1=25.09345817565918
2025-05-29 07:53:06,010 - log - INFO - iter:2140/3333, Original Acc@1: 23.74, Acc@5: 65.47, TTA Acc@1: 25.09, Acc@5: 71.31
2025-05-29 07:53:52,552 - log - INFO - iter:2160/3333, clip_acc1=23.518518447875977, tta_acc1=24.86111068725586
2025-05-29 07:53:52,552 - log - INFO - iter:2160/3333, Original Acc@1: 23.52, Acc@5: 64.91, TTA Acc@1: 24.86, Acc@5: 70.69
2025-05-29 07:54:39,234 - log - INFO - iter:2180/3333, clip_acc1=23.302751541137695, tta_acc1=24.862384796142578
2025-05-29 07:54:39,235 - log - INFO - iter:2180/3333, Original Acc@1: 23.30, Acc@5: 64.50, TTA Acc@1: 24.86, Acc@5: 70.73
2025-05-29 07:55:26,366 - log - INFO - iter:2200/3333, clip_acc1=23.18181800842285, tta_acc1=24.90909194946289
2025-05-29 07:55:26,366 - log - INFO - iter:2200/3333, Original Acc@1: 23.18, Acc@5: 64.27, TTA Acc@1: 24.91, Acc@5: 70.86
2025-05-29 07:56:12,525 - log - INFO - iter:2220/3333, clip_acc1=22.972972869873047, tta_acc1=24.68468475341797
2025-05-29 07:56:12,525 - log - INFO - iter:2220/3333, Original Acc@1: 22.97, Acc@5: 63.78, TTA Acc@1: 24.68, Acc@5: 70.32
2025-05-29 07:56:59,121 - log - INFO - iter:2240/3333, clip_acc1=22.76785659790039, tta_acc1=24.46428680419922
2025-05-29 07:56:59,121 - log - INFO - iter:2240/3333, Original Acc@1: 22.77, Acc@5: 63.21, TTA Acc@1: 24.46, Acc@5: 69.69
2025-05-29 07:57:45,447 - log - INFO - iter:2260/3333, clip_acc1=22.56637191772461, tta_acc1=24.247787475585938
2025-05-29 07:57:45,447 - log - INFO - iter:2260/3333, Original Acc@1: 22.57, Acc@5: 62.74, TTA Acc@1: 24.25, Acc@5: 69.12
2025-05-29 07:58:31,415 - log - INFO - iter:2280/3333, clip_acc1=22.36842155456543, tta_acc1=24.078947067260742
2025-05-29 07:58:31,415 - log - INFO - iter:2280/3333, Original Acc@1: 22.37, Acc@5: 62.28, TTA Acc@1: 24.08, Acc@5: 68.82
2025-05-29 07:59:17,583 - log - INFO - iter:2300/3333, clip_acc1=22.173913955688477, tta_acc1=23.869565963745117
2025-05-29 07:59:17,584 - log - INFO - iter:2300/3333, Original Acc@1: 22.17, Acc@5: 61.87, TTA Acc@1: 23.87, Acc@5: 68.74
2025-05-29 08:00:03,744 - log - INFO - iter:2320/3333, clip_acc1=22.11206817626953, tta_acc1=23.965517044067383
2025-05-29 08:00:03,745 - log - INFO - iter:2320/3333, Original Acc@1: 22.11, Acc@5: 61.59, TTA Acc@1: 23.97, Acc@5: 68.75
2025-05-29 08:00:50,664 - log - INFO - iter:2340/3333, clip_acc1=21.96581268310547, tta_acc1=23.846153259277344
2025-05-29 08:00:50,664 - log - INFO - iter:2340/3333, Original Acc@1: 21.97, Acc@5: 61.24, TTA Acc@1: 23.85, Acc@5: 68.63
2025-05-29 08:01:36,776 - log - INFO - iter:2360/3333, clip_acc1=21.822032928466797, tta_acc1=23.855932235717773
2025-05-29 08:01:36,777 - log - INFO - iter:2360/3333, Original Acc@1: 21.82, Acc@5: 61.02, TTA Acc@1: 23.86, Acc@5: 68.81
2025-05-29 08:02:23,131 - log - INFO - iter:2380/3333, clip_acc1=22.14285659790039, tta_acc1=24.285715103149414
2025-05-29 08:02:23,131 - log - INFO - iter:2380/3333, Original Acc@1: 22.14, Acc@5: 61.13, TTA Acc@1: 24.29, Acc@5: 69.03
2025-05-29 08:03:09,088 - log - INFO - iter:2400/3333, clip_acc1=22.791667938232422, tta_acc1=24.916667938232422
2025-05-29 08:03:09,089 - log - INFO - iter:2400/3333, Original Acc@1: 22.79, Acc@5: 61.46, TTA Acc@1: 24.92, Acc@5: 69.29
2025-05-29 08:03:55,456 - log - INFO - iter:2420/3333, clip_acc1=23.388429641723633, tta_acc1=25.537189483642578
2025-05-29 08:03:55,456 - log - INFO - iter:2420/3333, Original Acc@1: 23.39, Acc@5: 61.78, TTA Acc@1: 25.54, Acc@5: 69.55
2025-05-29 08:04:41,432 - log - INFO - iter:2440/3333, clip_acc1=23.852458953857422, tta_acc1=26.106557846069336
2025-05-29 08:04:41,432 - log - INFO - iter:2440/3333, Original Acc@1: 23.85, Acc@5: 62.05, TTA Acc@1: 26.11, Acc@5: 69.80
2025-05-29 08:05:27,553 - log - INFO - iter:2460/3333, clip_acc1=24.227642059326172, tta_acc1=26.66666603088379
2025-05-29 08:05:27,553 - log - INFO - iter:2460/3333, Original Acc@1: 24.23, Acc@5: 62.24, TTA Acc@1: 26.67, Acc@5: 70.04
2025-05-29 08:06:14,328 - log - INFO - iter:2480/3333, clip_acc1=24.15322494506836, tta_acc1=26.733871459960938
2025-05-29 08:06:14,328 - log - INFO - iter:2480/3333, Original Acc@1: 24.15, Acc@5: 62.26, TTA Acc@1: 26.73, Acc@5: 70.16
2025-05-29 08:07:00,519 - log - INFO - iter:2500/3333, clip_acc1=24.0, tta_acc1=26.559999465942383
2025-05-29 08:07:00,519 - log - INFO - iter:2500/3333, Original Acc@1: 24.00, Acc@5: 62.40, TTA Acc@1: 26.56, Acc@5: 70.28
2025-05-29 08:07:46,950 - log - INFO - iter:2520/3333, clip_acc1=24.404762268066406, tta_acc1=26.865079879760742
2025-05-29 08:07:46,950 - log - INFO - iter:2520/3333, Original Acc@1: 24.40, Acc@5: 62.66, TTA Acc@1: 26.87, Acc@5: 70.48
2025-05-29 08:08:33,555 - log - INFO - iter:2540/3333, clip_acc1=24.56692886352539, tta_acc1=27.12598419189453
2025-05-29 08:08:33,555 - log - INFO - iter:2540/3333, Original Acc@1: 24.57, Acc@5: 62.91, TTA Acc@1: 27.13, Acc@5: 70.67
2025-05-29 08:09:19,867 - log - INFO - iter:2560/3333, clip_acc1=24.609375, tta_acc1=27.265625
2025-05-29 08:09:19,867 - log - INFO - iter:2560/3333, Original Acc@1: 24.61, Acc@5: 62.89, TTA Acc@1: 27.27, Acc@5: 70.74
2025-05-29 08:10:05,891 - log - INFO - iter:2580/3333, clip_acc1=24.65116310119629, tta_acc1=27.286821365356445
2025-05-29 08:10:05,891 - log - INFO - iter:2580/3333, Original Acc@1: 24.65, Acc@5: 63.02, TTA Acc@1: 27.29, Acc@5: 70.81
2025-05-29 08:10:53,648 - log - INFO - iter:2600/3333, clip_acc1=24.884614944458008, tta_acc1=27.346153259277344
2025-05-29 08:10:53,648 - log - INFO - iter:2600/3333, Original Acc@1: 24.88, Acc@5: 63.12, TTA Acc@1: 27.35, Acc@5: 70.81
2025-05-29 08:11:40,036 - log - INFO - iter:2620/3333, clip_acc1=25.152671813964844, tta_acc1=27.557252883911133
2025-05-29 08:11:40,036 - log - INFO - iter:2620/3333, Original Acc@1: 25.15, Acc@5: 63.36, TTA Acc@1: 27.56, Acc@5: 70.99
2025-05-29 08:12:26,216 - log - INFO - iter:2640/3333, clip_acc1=25.26515007019043, tta_acc1=27.651514053344727
2025-05-29 08:12:26,216 - log - INFO - iter:2640/3333, Original Acc@1: 25.27, Acc@5: 63.52, TTA Acc@1: 27.65, Acc@5: 71.10
2025-05-29 08:13:12,499 - log - INFO - iter:2660/3333, clip_acc1=25.112781524658203, tta_acc1=27.932331085205078
2025-05-29 08:13:12,499 - log - INFO - iter:2660/3333, Original Acc@1: 25.11, Acc@5: 63.61, TTA Acc@1: 27.93, Acc@5: 71.28
2025-05-29 08:13:58,601 - log - INFO - iter:2680/3333, clip_acc1=25.298507690429688, tta_acc1=27.94776153564453
2025-05-29 08:13:58,601 - log - INFO - iter:2680/3333, Original Acc@1: 25.30, Acc@5: 63.77, TTA Acc@1: 27.95, Acc@5: 71.42
2025-05-29 08:14:45,151 - log - INFO - iter:2700/3333, clip_acc1=25.77777862548828, tta_acc1=27.77777862548828
2025-05-29 08:14:45,151 - log - INFO - iter:2700/3333, Original Acc@1: 25.78, Acc@5: 64.04, TTA Acc@1: 27.78, Acc@5: 71.63
2025-05-29 08:15:33,394 - log - INFO - iter:2720/3333, clip_acc1=25.661766052246094, tta_acc1=28.198530197143555
2025-05-29 08:15:33,394 - log - INFO - iter:2720/3333, Original Acc@1: 25.66, Acc@5: 64.23, TTA Acc@1: 28.20, Acc@5: 71.84
2025-05-29 08:16:19,470 - log - INFO - iter:2740/3333, clip_acc1=25.656932830810547, tta_acc1=28.722625732421875
2025-05-29 08:16:19,470 - log - INFO - iter:2740/3333, Original Acc@1: 25.66, Acc@5: 64.49, TTA Acc@1: 28.72, Acc@5: 72.04
2025-05-29 08:17:05,328 - log - INFO - iter:2760/3333, clip_acc1=25.869565963745117, tta_acc1=29.239131927490234
2025-05-29 08:17:05,328 - log - INFO - iter:2760/3333, Original Acc@1: 25.87, Acc@5: 64.71, TTA Acc@1: 29.24, Acc@5: 72.25
2025-05-29 08:17:51,582 - log - INFO - iter:2780/3333, clip_acc1=26.04316520690918, tta_acc1=29.676258087158203
2025-05-29 08:17:51,582 - log - INFO - iter:2780/3333, Original Acc@1: 26.04, Acc@5: 64.86, TTA Acc@1: 29.68, Acc@5: 72.41
2025-05-29 08:18:37,489 - log - INFO - iter:2800/3333, clip_acc1=26.14285659790039, tta_acc1=30.0
2025-05-29 08:18:37,490 - log - INFO - iter:2800/3333, Original Acc@1: 26.14, Acc@5: 65.07, TTA Acc@1: 30.00, Acc@5: 72.61
2025-05-29 08:19:22,857 - log - INFO - iter:2820/3333, clip_acc1=25.95744514465332, tta_acc1=30.248226165771484
2025-05-29 08:19:22,858 - log - INFO - iter:2820/3333, Original Acc@1: 25.96, Acc@5: 64.65, TTA Acc@1: 30.25, Acc@5: 72.66
2025-05-29 08:20:09,635 - log - INFO - iter:2840/3333, clip_acc1=25.845069885253906, tta_acc1=30.3169002532959
2025-05-29 08:20:09,635 - log - INFO - iter:2840/3333, Original Acc@1: 25.85, Acc@5: 64.33, TTA Acc@1: 30.32, Acc@5: 72.75
2025-05-29 08:20:55,315 - log - INFO - iter:2860/3333, clip_acc1=25.90909194946289, tta_acc1=30.594406127929688
2025-05-29 08:20:55,315 - log - INFO - iter:2860/3333, Original Acc@1: 25.91, Acc@5: 64.34, TTA Acc@1: 30.59, Acc@5: 72.87
2025-05-29 08:21:41,636 - log - INFO - iter:2880/3333, clip_acc1=25.83333396911621, tta_acc1=30.416667938232422
2025-05-29 08:21:41,636 - log - INFO - iter:2880/3333, Original Acc@1: 25.83, Acc@5: 64.34, TTA Acc@1: 30.42, Acc@5: 73.02
2025-05-29 08:22:27,721 - log - INFO - iter:2900/3333, clip_acc1=25.79310417175293, tta_acc1=30.206897735595703
2025-05-29 08:22:27,722 - log - INFO - iter:2900/3333, Original Acc@1: 25.79, Acc@5: 64.21, TTA Acc@1: 30.21, Acc@5: 73.07
2025-05-29 08:23:14,035 - log - INFO - iter:2920/3333, clip_acc1=25.616439819335938, tta_acc1=30.136987686157227
2025-05-29 08:23:14,035 - log - INFO - iter:2920/3333, Original Acc@1: 25.62, Acc@5: 63.90, TTA Acc@1: 30.14, Acc@5: 73.18
2025-05-29 08:24:00,212 - log - INFO - iter:2940/3333, clip_acc1=25.442176818847656, tta_acc1=30.06802749633789
2025-05-29 08:24:00,212 - log - INFO - iter:2940/3333, Original Acc@1: 25.44, Acc@5: 63.74, TTA Acc@1: 30.07, Acc@5: 73.13
2025-05-29 08:24:46,514 - log - INFO - iter:2960/3333, clip_acc1=25.304054260253906, tta_acc1=29.898649215698242
2025-05-29 08:24:46,514 - log - INFO - iter:2960/3333, Original Acc@1: 25.30, Acc@5: 63.55, TTA Acc@1: 29.90, Acc@5: 73.21
2025-05-29 08:25:33,965 - log - INFO - iter:2980/3333, clip_acc1=25.268457412719727, tta_acc1=29.76510238647461
2025-05-29 08:25:33,965 - log - INFO - iter:2980/3333, Original Acc@1: 25.27, Acc@5: 63.52, TTA Acc@1: 29.77, Acc@5: 73.26
2025-05-29 08:26:19,920 - log - INFO - iter:3000/3333, clip_acc1=25.233333587646484, tta_acc1=29.633333206176758
2025-05-29 08:26:19,921 - log - INFO - iter:3000/3333, Original Acc@1: 25.23, Acc@5: 63.40, TTA Acc@1: 29.63, Acc@5: 73.13
2025-05-29 08:27:05,864 - log - INFO - iter:3020/3333, clip_acc1=25.066225051879883, tta_acc1=29.43708610534668
2025-05-29 08:27:05,864 - log - INFO - iter:3020/3333, Original Acc@1: 25.07, Acc@5: 62.98, TTA Acc@1: 29.44, Acc@5: 72.78
2025-05-29 08:27:52,040 - log - INFO - iter:3040/3333, clip_acc1=24.901317596435547, tta_acc1=29.30921173095703
2025-05-29 08:27:52,040 - log - INFO - iter:3040/3333, Original Acc@1: 24.90, Acc@5: 62.57, TTA Acc@1: 29.31, Acc@5: 72.66
2025-05-29 08:28:38,085 - log - INFO - iter:3060/3333, clip_acc1=24.803922653198242, tta_acc1=29.67320442199707
2025-05-29 08:28:38,085 - log - INFO - iter:3060/3333, Original Acc@1: 24.80, Acc@5: 62.45, TTA Acc@1: 29.67, Acc@5: 72.81
2025-05-29 08:29:23,860 - log - INFO - iter:3080/3333, clip_acc1=24.675323486328125, tta_acc1=29.64285659790039
2025-05-29 08:29:23,861 - log - INFO - iter:3080/3333, Original Acc@1: 24.68, Acc@5: 62.18, TTA Acc@1: 29.64, Acc@5: 72.56
2025-05-29 08:30:10,060 - log - INFO - iter:3100/3333, clip_acc1=24.516130447387695, tta_acc1=29.451614379882812
2025-05-29 08:30:10,060 - log - INFO - iter:3100/3333, Original Acc@1: 24.52, Acc@5: 61.90, TTA Acc@1: 29.45, Acc@5: 72.13
2025-05-29 08:30:56,276 - log - INFO - iter:3120/3333, clip_acc1=24.455129623413086, tta_acc1=29.58333396911621
2025-05-29 08:30:56,276 - log - INFO - iter:3120/3333, Original Acc@1: 24.46, Acc@5: 61.99, TTA Acc@1: 29.58, Acc@5: 72.28
2025-05-29 08:31:42,305 - log - INFO - iter:3140/3333, clip_acc1=24.39490509033203, tta_acc1=29.777070999145508
2025-05-29 08:31:42,305 - log - INFO - iter:3140/3333, Original Acc@1: 24.39, Acc@5: 61.97, TTA Acc@1: 29.78, Acc@5: 72.39
2025-05-29 08:32:28,216 - log - INFO - iter:3160/3333, clip_acc1=24.43037986755371, tta_acc1=29.715190887451172
2025-05-29 08:32:28,216 - log - INFO - iter:3160/3333, Original Acc@1: 24.43, Acc@5: 61.93, TTA Acc@1: 29.72, Acc@5: 72.50
2025-05-29 08:33:14,411 - log - INFO - iter:3180/3333, clip_acc1=24.68553352355957, tta_acc1=29.96855354309082
2025-05-29 08:33:14,411 - log - INFO - iter:3180/3333, Original Acc@1: 24.69, Acc@5: 62.11, TTA Acc@1: 29.97, Acc@5: 72.64
2025-05-29 08:34:00,300 - log - INFO - iter:3200/3333, clip_acc1=25.09375, tta_acc1=30.34375
2025-05-29 08:34:00,300 - log - INFO - iter:3200/3333, Original Acc@1: 25.09, Acc@5: 62.34, TTA Acc@1: 30.34, Acc@5: 72.78
2025-05-29 08:34:46,599 - log - INFO - iter:3220/3333, clip_acc1=24.968944549560547, tta_acc1=30.279502868652344
2025-05-29 08:34:46,599 - log - INFO - iter:3220/3333, Original Acc@1: 24.97, Acc@5: 62.27, TTA Acc@1: 30.28, Acc@5: 72.76
2025-05-29 08:35:32,869 - log - INFO - iter:3240/3333, clip_acc1=24.876544952392578, tta_acc1=30.246915817260742
2025-05-29 08:35:32,869 - log - INFO - iter:3240/3333, Original Acc@1: 24.88, Acc@5: 62.22, TTA Acc@1: 30.25, Acc@5: 72.72
2025-05-29 08:36:19,038 - log - INFO - iter:3260/3333, clip_acc1=24.754600524902344, tta_acc1=30.122699737548828
2025-05-29 08:36:19,038 - log - INFO - iter:3260/3333, Original Acc@1: 24.75, Acc@5: 62.12, TTA Acc@1: 30.12, Acc@5: 72.64
2025-05-29 08:37:05,007 - log - INFO - iter:3280/3333, clip_acc1=24.786584854125977, tta_acc1=30.182926177978516
2025-05-29 08:37:05,007 - log - INFO - iter:3280/3333, Original Acc@1: 24.79, Acc@5: 62.01, TTA Acc@1: 30.18, Acc@5: 72.59
2025-05-29 08:37:51,414 - log - INFO - iter:3300/3333, clip_acc1=24.787878036499023, tta_acc1=30.272727966308594
2025-05-29 08:37:51,414 - log - INFO - iter:3300/3333, Original Acc@1: 24.79, Acc@5: 62.03, TTA Acc@1: 30.27, Acc@5: 72.55
2025-05-29 08:38:37,659 - log - INFO - iter:3320/3333, clip_acc1=24.6385555267334, tta_acc1=30.090362548828125
2025-05-29 08:38:37,660 - log - INFO - iter:3320/3333, Original Acc@1: 24.64, Acc@5: 61.72, TTA Acc@1: 30.09, Acc@5: 72.14
2025-05-29 08:39:05,026 - log - INFO - iter:3333/3333, clip_acc1=24.54245376586914, tta_acc1=29.97299575805664
2025-05-29 08:39:05,026 - log - INFO - iter:3333/3333, Original Acc@1: 24.54, Acc@5: 61.54, TTA Acc@1: 29.97, Acc@5: 71.89
2025-05-29 08:39:05,138 - log - INFO - Final results - Original Acc@1: 24.54, Acc@5: 61.54, TTA Acc@1: 29.97, Acc@5: 71.89
2025-05-29 08:39:05,138 - log - INFO - Improvement from TTA in Acc@1 5.43, and Acc@5 10.35
2025-05-29 08:39:05,368 - log - INFO - Weighted scores saved to /leonardo_work/EUHPC_R04_192/fmohamma/Adversarial_Robust_Clip/ATPT/Final_Results/ViT-L/14/Aircraft/Clean/Counter_Attack/Eps_2_0_Steps_2_Alpha_1_0/tau_0_2_beta_2_0_weighted_pertrubation_True/No_TPT/Inference_Ensemble_weighted_rtpt_topk_20_softmaxtemp_0_01/weighted_scores.json
2025-05-29 08:39:05,368 - log - INFO - Creating plot of average weights for each view
2025-05-29 08:39:10,036 - log - INFO - Average weights plot saved to /leonardo_work/EUHPC_R04_192/fmohamma/Adversarial_Robust_Clip/ATPT/Final_Results/ViT-L/14/Aircraft/Clean/Counter_Attack/Eps_2_0_Steps_2_Alpha_1_0/tau_0_2_beta_2_0_weighted_pertrubation_True/No_TPT/Inference_Ensemble_weighted_rtpt_topk_20_softmaxtemp_0_01/weighted_scores_plot.png
2025-05-29 08:39:10,039 - log - INFO - => Acc. on testset [Aircraft]: Clean Acc @1 24.54245376586914/ TTA Clean Acc @1 29.97299575805664, Clean Acc @5 61.53615188598633/ TTA Clean Acc @5 71.8871841430664
2025-05-29 08:39:10,039 - log - INFO - Total script execution time: 7754.69 seconds (129.24 minutes)
