2025-06-14 07:20:22,956 - log - INFO - ==========================================
data:/leonardo_work/EUHPC_R04_192/fmohamma/Adversarial_Robust_Clip/atpt_data/downstream_datasets
test_sets:Aircraft
dataset_mode:test
arch:delta_clip_l14_224
resolution:224
workers:4
no_pin_memory:False
batch_size:64
print_freq:20
gpu:0
no_cudnn_benchmark:False
n_ctx:4
ctx_init:a_photo_of_a
tpt_loss:tpt
seed:0
output_dir:/leonardo_work/EUHPC_R04_192/fmohamma/Adversarial_Robust_Clip/atpt_data/delta_clip_l14_224/Aircraft
log_output_dir:/leonardo_work/EUHPC_R04_192/fmohamma/Adversarial_Robust_Clip/ATPT/Final_Results/delta_clip_l14_224/Aircraft
eps:0.0
alpha:0.0
alpha_eps_ratio:4.0
steps:0
lr:0.005
selection_p:0.1
tta_steps:1
ensemble_type:weighted_rtpt
top_k:20
softmax_temp:0.01
counter_attack:True
counter_attack_type:pgd
counter_attack_steps:2
counter_attack_eps:4.0
counter_attack_alpha:1.0
counter_attack_tau_thres:0.2
counter_attack_beta:2.0
counter_attack_weighted_perturbations:True
pgd_clip_pure_i_text_embeddings:null
pgd_counter_and_clipure_i_lamda:1.0
selected_id_name:selected_topk.json
weighted_score_name:weighted_scores.json
batch_entropy_name:entropies.json
log_dir:/leonardo_work/EUHPC_R04_192/fmohamma/Adversarial_Robust_Clip/ATPT/Final_Results/delta_clip_l14_224/Aircraft/Clean/Counter_Attack/Eps_4_0_Steps_2_Alpha_1_0/tau_0_2_beta_2_0_weighted_pertrubation_True/TPT/Optimization_Loss_tpt_LR_0_005_Optimization_Steps_1_View_Selection_Fraction_0_1/Inference_Ensemble_weighted_rtpt_topk_20_softmaxtemp_0_01

2025-06-14 07:20:22,957 - log - INFO - Use GPU: 0 for training
2025-06-14 07:21:37,581 - log - INFO - Freezing all parameters except prompt learner
2025-06-14 07:21:37,582 - log - INFO - => Model created: visual backbone delta_clip_l14_224
2025-06-14 07:21:37,590 - log - INFO - Number of test samples: 3333
2025-06-14 07:21:37,590 - log - INFO - Evaluating dataset: Aircraft
2025-06-14 07:21:37,591 - log - INFO - Starting evaluation with batch size: 64, selection percentage: 0.1
2025-06-14 07:21:37,591 - log - INFO - Test-time adaptation steps: 1, learning rate: 0.005
2025-06-14 07:21:37,592 - log - INFO - Using counter-attack with epsilon: 4.000000, alpha: 0.000000, steps: 2, tau_thres: 0.2, beta: 2.0, weighted perturbation: True
2025-06-14 07:22:49,397 - log - INFO - iter:20/3333, clip_acc1=0.0, tta_acc1=0.0
2025-06-14 07:22:49,398 - log - INFO - iter:20/3333, Original Acc@1: 0.00, Acc@5: 0.00, TTA Acc@1: 0.00, Acc@5: 0.00
2025-06-14 07:23:45,640 - log - INFO - iter:40/3333, clip_acc1=5.0, tta_acc1=5.0
2025-06-14 07:23:45,640 - log - INFO - iter:40/3333, Original Acc@1: 5.00, Acc@5: 15.00, TTA Acc@1: 5.00, Acc@5: 10.00
2025-06-14 07:24:41,761 - log - INFO - iter:60/3333, clip_acc1=6.6666669845581055, tta_acc1=3.3333334922790527
2025-06-14 07:24:41,761 - log - INFO - iter:60/3333, Original Acc@1: 6.67, Acc@5: 36.67, TTA Acc@1: 3.33, Acc@5: 18.33
2025-06-14 07:25:37,893 - log - INFO - iter:80/3333, clip_acc1=6.25, tta_acc1=5.0
2025-06-14 07:25:37,893 - log - INFO - iter:80/3333, Original Acc@1: 6.25, Acc@5: 50.00, TTA Acc@1: 5.00, Acc@5: 35.00
2025-06-14 07:26:34,058 - log - INFO - iter:100/3333, clip_acc1=10.0, tta_acc1=5.0
2025-06-14 07:26:34,058 - log - INFO - iter:100/3333, Original Acc@1: 10.00, Acc@5: 57.00, TTA Acc@1: 5.00, Acc@5: 44.00
2025-06-14 07:27:30,529 - log - INFO - iter:120/3333, clip_acc1=8.333333969116211, tta_acc1=4.1666669845581055
2025-06-14 07:27:30,529 - log - INFO - iter:120/3333, Original Acc@1: 8.33, Acc@5: 60.00, TTA Acc@1: 4.17, Acc@5: 51.67
2025-06-14 07:28:27,133 - log - INFO - iter:140/3333, clip_acc1=8.571428298950195, tta_acc1=6.428571701049805
2025-06-14 07:28:27,133 - log - INFO - iter:140/3333, Original Acc@1: 8.57, Acc@5: 64.29, TTA Acc@1: 6.43, Acc@5: 57.14
2025-06-14 07:29:23,562 - log - INFO - iter:160/3333, clip_acc1=12.5, tta_acc1=10.625
2025-06-14 07:29:23,562 - log - INFO - iter:160/3333, Original Acc@1: 12.50, Acc@5: 67.50, TTA Acc@1: 10.62, Acc@5: 61.25
2025-06-14 07:30:20,044 - log - INFO - iter:180/3333, clip_acc1=11.666666984558105, tta_acc1=11.111111640930176
2025-06-14 07:30:20,044 - log - INFO - iter:180/3333, Original Acc@1: 11.67, Acc@5: 63.89, TTA Acc@1: 11.11, Acc@5: 57.22
2025-06-14 07:31:16,470 - log - INFO - iter:200/3333, clip_acc1=10.5, tta_acc1=10.0
2025-06-14 07:31:16,470 - log - INFO - iter:200/3333, Original Acc@1: 10.50, Acc@5: 58.00, TTA Acc@1: 10.00, Acc@5: 52.00
2025-06-14 07:32:12,956 - log - INFO - iter:220/3333, clip_acc1=9.545454025268555, tta_acc1=9.545454025268555
2025-06-14 07:32:12,956 - log - INFO - iter:220/3333, Original Acc@1: 9.55, Acc@5: 60.91, TTA Acc@1: 9.55, Acc@5: 54.55
2025-06-14 07:33:09,388 - log - INFO - iter:240/3333, clip_acc1=9.166666984558105, tta_acc1=8.75
2025-06-14 07:33:09,388 - log - INFO - iter:240/3333, Original Acc@1: 9.17, Acc@5: 62.50, TTA Acc@1: 8.75, Acc@5: 57.92
2025-06-14 07:34:05,915 - log - INFO - iter:260/3333, clip_acc1=8.84615421295166, tta_acc1=8.461538314819336
2025-06-14 07:34:05,916 - log - INFO - iter:260/3333, Original Acc@1: 8.85, Acc@5: 63.46, TTA Acc@1: 8.46, Acc@5: 60.00
2025-06-14 07:35:02,145 - log - INFO - iter:280/3333, clip_acc1=8.214285850524902, tta_acc1=7.857142925262451
2025-06-14 07:35:02,145 - log - INFO - iter:280/3333, Original Acc@1: 8.21, Acc@5: 60.00, TTA Acc@1: 7.86, Acc@5: 57.14
2025-06-14 07:35:58,676 - log - INFO - iter:300/3333, clip_acc1=7.6666669845581055, tta_acc1=7.333333492279053
2025-06-14 07:35:58,676 - log - INFO - iter:300/3333, Original Acc@1: 7.67, Acc@5: 56.00, TTA Acc@1: 7.33, Acc@5: 53.33
2025-06-14 07:36:55,354 - log - INFO - iter:320/3333, clip_acc1=7.1875, tta_acc1=6.875
2025-06-14 07:36:55,354 - log - INFO - iter:320/3333, Original Acc@1: 7.19, Acc@5: 55.62, TTA Acc@1: 6.88, Acc@5: 51.56
2025-06-14 07:37:51,794 - log - INFO - iter:340/3333, clip_acc1=7.058823585510254, tta_acc1=6.764706134796143
2025-06-14 07:37:51,794 - log - INFO - iter:340/3333, Original Acc@1: 7.06, Acc@5: 55.00, TTA Acc@1: 6.76, Acc@5: 50.88
2025-06-14 07:38:47,875 - log - INFO - iter:360/3333, clip_acc1=6.6666669845581055, tta_acc1=6.388888835906982
2025-06-14 07:38:47,875 - log - INFO - iter:360/3333, Original Acc@1: 6.67, Acc@5: 57.22, TTA Acc@1: 6.39, Acc@5: 53.61
2025-06-14 07:39:44,507 - log - INFO - iter:380/3333, clip_acc1=7.1052632331848145, tta_acc1=6.315789699554443
2025-06-14 07:39:44,508 - log - INFO - iter:380/3333, Original Acc@1: 7.11, Acc@5: 58.95, TTA Acc@1: 6.32, Acc@5: 55.26
2025-06-14 07:40:40,864 - log - INFO - iter:400/3333, clip_acc1=6.75, tta_acc1=6.0
2025-06-14 07:40:40,864 - log - INFO - iter:400/3333, Original Acc@1: 6.75, Acc@5: 60.50, TTA Acc@1: 6.00, Acc@5: 57.25
2025-06-14 07:41:36,709 - log - INFO - iter:420/3333, clip_acc1=6.428571701049805, tta_acc1=5.952381134033203
2025-06-14 07:41:36,709 - log - INFO - iter:420/3333, Original Acc@1: 6.43, Acc@5: 62.14, TTA Acc@1: 5.95, Acc@5: 59.05
2025-06-14 07:42:33,176 - log - INFO - iter:440/3333, clip_acc1=7.5, tta_acc1=7.045454502105713
2025-06-14 07:42:33,176 - log - INFO - iter:440/3333, Original Acc@1: 7.50, Acc@5: 63.64, TTA Acc@1: 7.05, Acc@5: 60.91
2025-06-14 07:43:29,443 - log - INFO - iter:460/3333, clip_acc1=10.434782028198242, tta_acc1=10.8695650100708
2025-06-14 07:43:29,443 - log - INFO - iter:460/3333, Original Acc@1: 10.43, Acc@5: 65.22, TTA Acc@1: 10.87, Acc@5: 62.61
2025-06-14 07:44:25,665 - log - INFO - iter:480/3333, clip_acc1=10.833333969116211, tta_acc1=11.250000953674316
2025-06-14 07:44:25,666 - log - INFO - iter:480/3333, Original Acc@1: 10.83, Acc@5: 64.17, TTA Acc@1: 11.25, Acc@5: 61.04
2025-06-14 07:45:22,240 - log - INFO - iter:500/3333, clip_acc1=10.40000057220459, tta_acc1=10.800000190734863
2025-06-14 07:45:22,240 - log - INFO - iter:500/3333, Original Acc@1: 10.40, Acc@5: 62.80, TTA Acc@1: 10.80, Acc@5: 59.20
2025-06-14 07:46:18,762 - log - INFO - iter:520/3333, clip_acc1=10.0, tta_acc1=10.384614944458008
2025-06-14 07:46:18,762 - log - INFO - iter:520/3333, Original Acc@1: 10.00, Acc@5: 61.15, TTA Acc@1: 10.38, Acc@5: 57.12
2025-06-14 07:47:15,328 - log - INFO - iter:540/3333, clip_acc1=9.814814567565918, tta_acc1=10.0
2025-06-14 07:47:15,328 - log - INFO - iter:540/3333, Original Acc@1: 9.81, Acc@5: 60.56, TTA Acc@1: 10.00, Acc@5: 56.11
2025-06-14 07:48:11,688 - log - INFO - iter:560/3333, clip_acc1=10.892857551574707, tta_acc1=10.892857551574707
2025-06-14 07:48:11,688 - log - INFO - iter:560/3333, Original Acc@1: 10.89, Acc@5: 61.43, TTA Acc@1: 10.89, Acc@5: 56.96
2025-06-14 07:49:08,228 - log - INFO - iter:580/3333, clip_acc1=10.517241477966309, tta_acc1=11.034482955932617
2025-06-14 07:49:08,228 - log - INFO - iter:580/3333, Original Acc@1: 10.52, Acc@5: 62.24, TTA Acc@1: 11.03, Acc@5: 56.72
2025-06-14 07:50:04,542 - log - INFO - iter:600/3333, clip_acc1=10.166666984558105, tta_acc1=10.833333969116211
2025-06-14 07:50:04,543 - log - INFO - iter:600/3333, Original Acc@1: 10.17, Acc@5: 62.83, TTA Acc@1: 10.83, Acc@5: 57.33
2025-06-14 07:51:00,912 - log - INFO - iter:620/3333, clip_acc1=12.096774101257324, tta_acc1=12.096774101257324
2025-06-14 07:51:00,912 - log - INFO - iter:620/3333, Original Acc@1: 12.10, Acc@5: 64.03, TTA Acc@1: 12.10, Acc@5: 58.23
2025-06-14 07:51:57,685 - log - INFO - iter:640/3333, clip_acc1=13.28125, tta_acc1=13.125
2025-06-14 07:51:57,685 - log - INFO - iter:640/3333, Original Acc@1: 13.28, Acc@5: 64.06, TTA Acc@1: 13.12, Acc@5: 58.44
2025-06-14 07:52:54,346 - log - INFO - iter:660/3333, clip_acc1=12.87878704071045, tta_acc1=12.727272033691406
2025-06-14 07:52:54,346 - log - INFO - iter:660/3333, Original Acc@1: 12.88, Acc@5: 63.33, TTA Acc@1: 12.73, Acc@5: 58.03
2025-06-14 07:53:50,648 - log - INFO - iter:680/3333, clip_acc1=12.5, tta_acc1=12.5
2025-06-14 07:53:50,648 - log - INFO - iter:680/3333, Original Acc@1: 12.50, Acc@5: 62.79, TTA Acc@1: 12.50, Acc@5: 57.21
2025-06-14 07:54:46,963 - log - INFO - iter:700/3333, clip_acc1=12.14285659790039, tta_acc1=12.285714149475098
2025-06-14 07:54:46,964 - log - INFO - iter:700/3333, Original Acc@1: 12.14, Acc@5: 62.14, TTA Acc@1: 12.29, Acc@5: 56.43
2025-06-14 07:55:43,299 - log - INFO - iter:720/3333, clip_acc1=11.805556297302246, tta_acc1=11.94444465637207
2025-06-14 07:55:43,299 - log - INFO - iter:720/3333, Original Acc@1: 11.81, Acc@5: 60.42, TTA Acc@1: 11.94, Acc@5: 54.86
2025-06-14 07:56:39,686 - log - INFO - iter:740/3333, clip_acc1=11.486486434936523, tta_acc1=11.756756782531738
2025-06-14 07:56:39,686 - log - INFO - iter:740/3333, Original Acc@1: 11.49, Acc@5: 58.92, TTA Acc@1: 11.76, Acc@5: 53.51
2025-06-14 07:57:36,313 - log - INFO - iter:760/3333, clip_acc1=11.184210777282715, tta_acc1=11.447368621826172
2025-06-14 07:57:36,313 - log - INFO - iter:760/3333, Original Acc@1: 11.18, Acc@5: 57.76, TTA Acc@1: 11.45, Acc@5: 52.89
2025-06-14 07:58:32,695 - log - INFO - iter:780/3333, clip_acc1=10.897436141967773, tta_acc1=11.282052040100098
2025-06-14 07:58:32,695 - log - INFO - iter:780/3333, Original Acc@1: 10.90, Acc@5: 56.54, TTA Acc@1: 11.28, Acc@5: 52.05
2025-06-14 07:59:29,420 - log - INFO - iter:800/3333, clip_acc1=10.625, tta_acc1=11.0
2025-06-14 07:59:29,420 - log - INFO - iter:800/3333, Original Acc@1: 10.62, Acc@5: 55.25, TTA Acc@1: 11.00, Acc@5: 50.75
2025-06-14 08:00:26,102 - log - INFO - iter:820/3333, clip_acc1=10.365853309631348, tta_acc1=10.731707572937012
2025-06-14 08:00:26,102 - log - INFO - iter:820/3333, Original Acc@1: 10.37, Acc@5: 54.02, TTA Acc@1: 10.73, Acc@5: 49.63
2025-06-14 08:01:22,695 - log - INFO - iter:840/3333, clip_acc1=10.476190567016602, tta_acc1=10.833333969116211
2025-06-14 08:01:22,695 - log - INFO - iter:840/3333, Original Acc@1: 10.48, Acc@5: 53.10, TTA Acc@1: 10.83, Acc@5: 48.93
2025-06-14 08:02:18,948 - log - INFO - iter:860/3333, clip_acc1=11.39534854888916, tta_acc1=12.209301948547363
2025-06-14 08:02:18,949 - log - INFO - iter:860/3333, Original Acc@1: 11.40, Acc@5: 53.49, TTA Acc@1: 12.21, Acc@5: 49.65
2025-06-14 08:03:15,565 - log - INFO - iter:880/3333, clip_acc1=11.590909004211426, tta_acc1=12.38636302947998
2025-06-14 08:03:15,566 - log - INFO - iter:880/3333, Original Acc@1: 11.59, Acc@5: 53.41, TTA Acc@1: 12.39, Acc@5: 50.00
2025-06-14 08:04:12,248 - log - INFO - iter:900/3333, clip_acc1=11.333333969116211, tta_acc1=12.111111640930176
2025-06-14 08:04:12,249 - log - INFO - iter:900/3333, Original Acc@1: 11.33, Acc@5: 52.56, TTA Acc@1: 12.11, Acc@5: 49.89
2025-06-14 08:05:08,730 - log - INFO - iter:920/3333, clip_acc1=11.630434036254883, tta_acc1=12.173912048339844
2025-06-14 08:05:08,730 - log - INFO - iter:920/3333, Original Acc@1: 11.63, Acc@5: 52.61, TTA Acc@1: 12.17, Acc@5: 50.33
2025-06-14 08:06:05,150 - log - INFO - iter:940/3333, clip_acc1=12.021276473999023, tta_acc1=12.659574508666992
2025-06-14 08:06:05,150 - log - INFO - iter:940/3333, Original Acc@1: 12.02, Acc@5: 53.40, TTA Acc@1: 12.66, Acc@5: 51.28
2025-06-14 08:07:01,682 - log - INFO - iter:960/3333, clip_acc1=11.875000953674316, tta_acc1=12.916666984558105
2025-06-14 08:07:01,682 - log - INFO - iter:960/3333, Original Acc@1: 11.88, Acc@5: 53.44, TTA Acc@1: 12.92, Acc@5: 51.98
2025-06-14 08:07:58,069 - log - INFO - iter:980/3333, clip_acc1=12.653060913085938, tta_acc1=13.163264274597168
2025-06-14 08:07:58,069 - log - INFO - iter:980/3333, Original Acc@1: 12.65, Acc@5: 53.78, TTA Acc@1: 13.16, Acc@5: 52.55
2025-06-14 08:08:54,514 - log - INFO - iter:1000/3333, clip_acc1=13.600000381469727, tta_acc1=13.600000381469727
2025-06-14 08:08:54,515 - log - INFO - iter:1000/3333, Original Acc@1: 13.60, Acc@5: 54.50, TTA Acc@1: 13.60, Acc@5: 53.30
2025-06-14 08:09:50,777 - log - INFO - iter:1020/3333, clip_acc1=13.431373596191406, tta_acc1=14.117648124694824
2025-06-14 08:09:50,778 - log - INFO - iter:1020/3333, Original Acc@1: 13.43, Acc@5: 55.29, TTA Acc@1: 14.12, Acc@5: 54.22
2025-06-14 08:10:47,465 - log - INFO - iter:1040/3333, clip_acc1=13.173076629638672, tta_acc1=14.326923370361328
2025-06-14 08:10:47,465 - log - INFO - iter:1040/3333, Original Acc@1: 13.17, Acc@5: 55.96, TTA Acc@1: 14.33, Acc@5: 55.00
2025-06-14 08:11:43,969 - log - INFO - iter:1060/3333, clip_acc1=13.113207817077637, tta_acc1=14.245283126831055
2025-06-14 08:11:43,969 - log - INFO - iter:1060/3333, Original Acc@1: 13.11, Acc@5: 56.32, TTA Acc@1: 14.25, Acc@5: 55.57
2025-06-14 08:12:40,479 - log - INFO - iter:1080/3333, clip_acc1=13.148147583007812, tta_acc1=14.629629135131836
2025-06-14 08:12:40,480 - log - INFO - iter:1080/3333, Original Acc@1: 13.15, Acc@5: 56.85, TTA Acc@1: 14.63, Acc@5: 56.30
2025-06-14 08:13:37,004 - log - INFO - iter:1100/3333, clip_acc1=13.727272987365723, tta_acc1=15.181818008422852
2025-06-14 08:13:37,005 - log - INFO - iter:1100/3333, Original Acc@1: 13.73, Acc@5: 57.55, TTA Acc@1: 15.18, Acc@5: 57.09
2025-06-14 08:14:33,629 - log - INFO - iter:1120/3333, clip_acc1=14.196428298950195, tta_acc1=15.535714149475098
2025-06-14 08:14:33,629 - log - INFO - iter:1120/3333, Original Acc@1: 14.20, Acc@5: 57.50, TTA Acc@1: 15.54, Acc@5: 56.96
2025-06-14 08:15:30,092 - log - INFO - iter:1140/3333, clip_acc1=14.473684310913086, tta_acc1=15.701754570007324
2025-06-14 08:15:30,092 - log - INFO - iter:1140/3333, Original Acc@1: 14.47, Acc@5: 57.63, TTA Acc@1: 15.70, Acc@5: 56.84
2025-06-14 08:16:26,549 - log - INFO - iter:1160/3333, clip_acc1=14.224138259887695, tta_acc1=15.431034088134766
2025-06-14 08:16:26,549 - log - INFO - iter:1160/3333, Original Acc@1: 14.22, Acc@5: 57.33, TTA Acc@1: 15.43, Acc@5: 56.64
2025-06-14 08:17:23,181 - log - INFO - iter:1180/3333, clip_acc1=13.983050346374512, tta_acc1=15.254237174987793
2025-06-14 08:17:23,181 - log - INFO - iter:1180/3333, Original Acc@1: 13.98, Acc@5: 57.20, TTA Acc@1: 15.25, Acc@5: 56.53
2025-06-14 08:18:19,398 - log - INFO - iter:1200/3333, clip_acc1=13.833333969116211, tta_acc1=15.083333969116211
2025-06-14 08:18:19,398 - log - INFO - iter:1200/3333, Original Acc@1: 13.83, Acc@5: 57.33, TTA Acc@1: 15.08, Acc@5: 56.42
2025-06-14 08:19:15,704 - log - INFO - iter:1220/3333, clip_acc1=13.68852424621582, tta_acc1=14.836065292358398
2025-06-14 08:19:15,704 - log - INFO - iter:1220/3333, Original Acc@1: 13.69, Acc@5: 57.95, TTA Acc@1: 14.84, Acc@5: 57.05
2025-06-14 08:20:12,196 - log - INFO - iter:1240/3333, clip_acc1=13.95161247253418, tta_acc1=15.161290168762207
2025-06-14 08:20:12,196 - log - INFO - iter:1240/3333, Original Acc@1: 13.95, Acc@5: 58.63, TTA Acc@1: 15.16, Acc@5: 57.74
2025-06-14 08:21:08,855 - log - INFO - iter:1260/3333, clip_acc1=14.920635223388672, tta_acc1=16.26984214782715
2025-06-14 08:21:08,856 - log - INFO - iter:1260/3333, Original Acc@1: 14.92, Acc@5: 59.29, TTA Acc@1: 16.27, Acc@5: 58.41
2025-06-14 08:22:05,175 - log - INFO - iter:1280/3333, clip_acc1=15.078125, tta_acc1=16.40625
2025-06-14 08:22:05,175 - log - INFO - iter:1280/3333, Original Acc@1: 15.08, Acc@5: 59.92, TTA Acc@1: 16.41, Acc@5: 59.06
2025-06-14 08:23:02,034 - log - INFO - iter:1300/3333, clip_acc1=14.84615421295166, tta_acc1=16.153846740722656
2025-06-14 08:23:02,034 - log - INFO - iter:1300/3333, Original Acc@1: 14.85, Acc@5: 60.54, TTA Acc@1: 16.15, Acc@5: 59.69
2025-06-14 08:23:58,826 - log - INFO - iter:1320/3333, clip_acc1=14.621212005615234, tta_acc1=15.909090042114258
2025-06-14 08:23:58,826 - log - INFO - iter:1320/3333, Original Acc@1: 14.62, Acc@5: 59.62, TTA Acc@1: 15.91, Acc@5: 58.79
2025-06-14 08:24:55,480 - log - INFO - iter:1340/3333, clip_acc1=14.776119232177734, tta_acc1=16.119403839111328
2025-06-14 08:24:55,480 - log - INFO - iter:1340/3333, Original Acc@1: 14.78, Acc@5: 59.25, TTA Acc@1: 16.12, Acc@5: 58.43
2025-06-14 08:25:52,019 - log - INFO - iter:1360/3333, clip_acc1=15.588235855102539, tta_acc1=16.985294342041016
2025-06-14 08:25:52,019 - log - INFO - iter:1360/3333, Original Acc@1: 15.59, Acc@5: 59.78, TTA Acc@1: 16.99, Acc@5: 58.97
2025-06-14 08:26:48,493 - log - INFO - iter:1380/3333, clip_acc1=15.94202995300293, tta_acc1=17.02898597717285
2025-06-14 08:26:48,494 - log - INFO - iter:1380/3333, Original Acc@1: 15.94, Acc@5: 60.29, TTA Acc@1: 17.03, Acc@5: 59.49
2025-06-14 08:27:45,170 - log - INFO - iter:1400/3333, clip_acc1=15.857142448425293, tta_acc1=17.071428298950195
2025-06-14 08:27:45,171 - log - INFO - iter:1400/3333, Original Acc@1: 15.86, Acc@5: 60.57, TTA Acc@1: 17.07, Acc@5: 59.93
2025-06-14 08:28:41,921 - log - INFO - iter:1420/3333, clip_acc1=16.408451080322266, tta_acc1=17.8873233795166
2025-06-14 08:28:41,921 - log - INFO - iter:1420/3333, Original Acc@1: 16.41, Acc@5: 61.06, TTA Acc@1: 17.89, Acc@5: 60.42
2025-06-14 08:29:38,547 - log - INFO - iter:1440/3333, clip_acc1=16.73611068725586, tta_acc1=18.40277862548828
2025-06-14 08:29:38,548 - log - INFO - iter:1440/3333, Original Acc@1: 16.74, Acc@5: 61.60, TTA Acc@1: 18.40, Acc@5: 60.97
2025-06-14 08:30:34,923 - log - INFO - iter:1460/3333, clip_acc1=16.575342178344727, tta_acc1=18.219179153442383
2025-06-14 08:30:34,923 - log - INFO - iter:1460/3333, Original Acc@1: 16.58, Acc@5: 61.85, TTA Acc@1: 18.22, Acc@5: 61.37
2025-06-14 08:31:31,693 - log - INFO - iter:1480/3333, clip_acc1=16.486486434936523, tta_acc1=18.04054069519043
2025-06-14 08:31:31,693 - log - INFO - iter:1480/3333, Original Acc@1: 16.49, Acc@5: 61.89, TTA Acc@1: 18.04, Acc@5: 61.49
2025-06-14 08:32:28,510 - log - INFO - iter:1500/3333, clip_acc1=16.266666412353516, tta_acc1=17.799999237060547
2025-06-14 08:32:28,510 - log - INFO - iter:1500/3333, Original Acc@1: 16.27, Acc@5: 61.87, TTA Acc@1: 17.80, Acc@5: 61.53
2025-06-14 08:33:25,310 - log - INFO - iter:1520/3333, clip_acc1=16.3157901763916, tta_acc1=17.894737243652344
2025-06-14 08:33:25,310 - log - INFO - iter:1520/3333, Original Acc@1: 16.32, Acc@5: 62.17, TTA Acc@1: 17.89, Acc@5: 61.78
2025-06-14 08:34:22,050 - log - INFO - iter:1540/3333, clip_acc1=16.10389518737793, tta_acc1=17.662338256835938
2025-06-14 08:34:22,050 - log - INFO - iter:1540/3333, Original Acc@1: 16.10, Acc@5: 62.21, TTA Acc@1: 17.66, Acc@5: 62.01
2025-06-14 08:35:18,466 - log - INFO - iter:1560/3333, clip_acc1=15.897436141967773, tta_acc1=17.435897827148438
2025-06-14 08:35:18,467 - log - INFO - iter:1560/3333, Original Acc@1: 15.90, Acc@5: 61.86, TTA Acc@1: 17.44, Acc@5: 61.92
2025-06-14 08:36:15,239 - log - INFO - iter:1580/3333, clip_acc1=16.582279205322266, tta_acc1=18.101266860961914
2025-06-14 08:36:15,239 - log - INFO - iter:1580/3333, Original Acc@1: 16.58, Acc@5: 62.09, TTA Acc@1: 18.10, Acc@5: 62.22
2025-06-14 08:37:11,836 - log - INFO - iter:1600/3333, clip_acc1=17.5625, tta_acc1=19.0
2025-06-14 08:37:11,836 - log - INFO - iter:1600/3333, Original Acc@1: 17.56, Acc@5: 62.56, TTA Acc@1: 19.00, Acc@5: 62.69
2025-06-14 08:38:08,169 - log - INFO - iter:1620/3333, clip_acc1=18.33333396911621, tta_acc1=19.93827247619629
2025-06-14 08:38:08,170 - log - INFO - iter:1620/3333, Original Acc@1: 18.33, Acc@5: 63.02, TTA Acc@1: 19.94, Acc@5: 63.15
2025-06-14 08:39:06,189 - log - INFO - iter:1640/3333, clip_acc1=18.90243911743164, tta_acc1=20.54878044128418
2025-06-14 08:39:06,189 - log - INFO - iter:1640/3333, Original Acc@1: 18.90, Acc@5: 63.48, TTA Acc@1: 20.55, Acc@5: 63.54
2025-06-14 08:40:02,540 - log - INFO - iter:1660/3333, clip_acc1=19.45783233642578, tta_acc1=20.843374252319336
2025-06-14 08:40:02,541 - log - INFO - iter:1660/3333, Original Acc@1: 19.46, Acc@5: 63.80, TTA Acc@1: 20.84, Acc@5: 63.86
2025-06-14 08:40:58,793 - log - INFO - iter:1680/3333, clip_acc1=19.58333396911621, tta_acc1=20.892858505249023
2025-06-14 08:40:58,793 - log - INFO - iter:1680/3333, Original Acc@1: 19.58, Acc@5: 63.99, TTA Acc@1: 20.89, Acc@5: 64.11
2025-06-14 08:41:55,446 - log - INFO - iter:1700/3333, clip_acc1=19.35293960571289, tta_acc1=20.647058486938477
2025-06-14 08:41:55,446 - log - INFO - iter:1700/3333, Original Acc@1: 19.35, Acc@5: 63.76, TTA Acc@1: 20.65, Acc@5: 63.82
2025-06-14 08:42:52,277 - log - INFO - iter:1720/3333, clip_acc1=19.127906799316406, tta_acc1=20.4069766998291
2025-06-14 08:42:52,277 - log - INFO - iter:1720/3333, Original Acc@1: 19.13, Acc@5: 63.02, TTA Acc@1: 20.41, Acc@5: 63.08
2025-06-14 08:43:48,743 - log - INFO - iter:1740/3333, clip_acc1=19.080459594726562, tta_acc1=20.22988510131836
2025-06-14 08:43:48,744 - log - INFO - iter:1740/3333, Original Acc@1: 19.08, Acc@5: 62.53, TTA Acc@1: 20.23, Acc@5: 62.70
2025-06-14 08:44:45,005 - log - INFO - iter:1760/3333, clip_acc1=18.863636016845703, tta_acc1=20.0
2025-06-14 08:44:45,005 - log - INFO - iter:1760/3333, Original Acc@1: 18.86, Acc@5: 62.50, TTA Acc@1: 20.00, Acc@5: 62.50
2025-06-14 08:45:41,415 - log - INFO - iter:1780/3333, clip_acc1=19.438201904296875, tta_acc1=20.561798095703125
2025-06-14 08:45:41,416 - log - INFO - iter:1780/3333, Original Acc@1: 19.44, Acc@5: 62.92, TTA Acc@1: 20.56, Acc@5: 62.92
2025-06-14 08:46:37,992 - log - INFO - iter:1800/3333, clip_acc1=20.22222328186035, tta_acc1=21.33333396911621
2025-06-14 08:46:37,993 - log - INFO - iter:1800/3333, Original Acc@1: 20.22, Acc@5: 63.28, TTA Acc@1: 21.33, Acc@5: 63.28
2025-06-14 08:47:34,712 - log - INFO - iter:1820/3333, clip_acc1=20.43956184387207, tta_acc1=21.483516693115234
2025-06-14 08:47:34,712 - log - INFO - iter:1820/3333, Original Acc@1: 20.44, Acc@5: 63.63, TTA Acc@1: 21.48, Acc@5: 63.68
2025-06-14 08:48:31,106 - log - INFO - iter:1840/3333, clip_acc1=20.923912048339844, tta_acc1=21.902172088623047
2025-06-14 08:48:31,106 - log - INFO - iter:1840/3333, Original Acc@1: 20.92, Acc@5: 63.86, TTA Acc@1: 21.90, Acc@5: 63.86
2025-06-14 08:49:27,059 - log - INFO - iter:1860/3333, clip_acc1=20.86021614074707, tta_acc1=21.774194717407227
2025-06-14 08:49:27,059 - log - INFO - iter:1860/3333, Original Acc@1: 20.86, Acc@5: 63.60, TTA Acc@1: 21.77, Acc@5: 63.60
2025-06-14 08:50:22,929 - log - INFO - iter:1880/3333, clip_acc1=21.010637283325195, tta_acc1=22.021276473999023
2025-06-14 08:50:22,930 - log - INFO - iter:1880/3333, Original Acc@1: 21.01, Acc@5: 63.67, TTA Acc@1: 22.02, Acc@5: 63.62
2025-06-14 08:51:19,301 - log - INFO - iter:1900/3333, clip_acc1=21.26315689086914, tta_acc1=22.368419647216797
2025-06-14 08:51:19,301 - log - INFO - iter:1900/3333, Original Acc@1: 21.26, Acc@5: 63.84, TTA Acc@1: 22.37, Acc@5: 63.84
2025-06-14 08:52:16,073 - log - INFO - iter:1920/3333, clip_acc1=21.041667938232422, tta_acc1=22.135417938232422
2025-06-14 08:52:16,074 - log - INFO - iter:1920/3333, Original Acc@1: 21.04, Acc@5: 63.18, TTA Acc@1: 22.14, Acc@5: 63.18
2025-06-14 08:53:12,759 - log - INFO - iter:1940/3333, clip_acc1=20.824743270874023, tta_acc1=21.907217025756836
2025-06-14 08:53:12,759 - log - INFO - iter:1940/3333, Original Acc@1: 20.82, Acc@5: 62.53, TTA Acc@1: 21.91, Acc@5: 62.53
2025-06-14 08:54:08,969 - log - INFO - iter:1960/3333, clip_acc1=20.61224365234375, tta_acc1=21.683671951293945
2025-06-14 08:54:08,969 - log - INFO - iter:1960/3333, Original Acc@1: 20.61, Acc@5: 61.99, TTA Acc@1: 21.68, Acc@5: 61.94
2025-06-14 08:55:05,447 - log - INFO - iter:1980/3333, clip_acc1=20.404041290283203, tta_acc1=21.46464729309082
2025-06-14 08:55:05,447 - log - INFO - iter:1980/3333, Original Acc@1: 20.40, Acc@5: 61.36, TTA Acc@1: 21.46, Acc@5: 61.31
2025-06-14 08:56:03,289 - log - INFO - iter:2000/3333, clip_acc1=20.200000762939453, tta_acc1=21.250001907348633
2025-06-14 08:56:03,289 - log - INFO - iter:2000/3333, Original Acc@1: 20.20, Acc@5: 60.75, TTA Acc@1: 21.25, Acc@5: 60.70
2025-06-14 08:57:00,040 - log - INFO - iter:2020/3333, clip_acc1=20.0, tta_acc1=21.03960418701172
2025-06-14 08:57:00,041 - log - INFO - iter:2020/3333, Original Acc@1: 20.00, Acc@5: 60.35, TTA Acc@1: 21.04, Acc@5: 60.10
2025-06-14 08:57:56,457 - log - INFO - iter:2040/3333, clip_acc1=19.803922653198242, tta_acc1=20.83333396911621
2025-06-14 08:57:56,457 - log - INFO - iter:2040/3333, Original Acc@1: 19.80, Acc@5: 60.05, TTA Acc@1: 20.83, Acc@5: 59.56
2025-06-14 08:58:52,800 - log - INFO - iter:2060/3333, clip_acc1=19.611650466918945, tta_acc1=20.63106918334961
2025-06-14 08:58:52,801 - log - INFO - iter:2060/3333, Original Acc@1: 19.61, Acc@5: 59.90, TTA Acc@1: 20.63, Acc@5: 59.13
2025-06-14 08:59:49,239 - log - INFO - iter:2080/3333, clip_acc1=19.423076629638672, tta_acc1=20.43269157409668
2025-06-14 08:59:49,240 - log - INFO - iter:2080/3333, Original Acc@1: 19.42, Acc@5: 59.33, TTA Acc@1: 20.43, Acc@5: 58.61
2025-06-14 09:00:45,976 - log - INFO - iter:2100/3333, clip_acc1=19.238094329833984, tta_acc1=20.238094329833984
2025-06-14 09:00:45,976 - log - INFO - iter:2100/3333, Original Acc@1: 19.24, Acc@5: 58.76, TTA Acc@1: 20.24, Acc@5: 58.05
2025-06-14 09:01:42,858 - log - INFO - iter:2120/3333, clip_acc1=19.90566062927246, tta_acc1=20.943395614624023
2025-06-14 09:01:42,858 - log - INFO - iter:2120/3333, Original Acc@1: 19.91, Acc@5: 59.10, TTA Acc@1: 20.94, Acc@5: 58.40
2025-06-14 09:02:39,644 - log - INFO - iter:2140/3333, clip_acc1=20.28037452697754, tta_acc1=21.355140686035156
2025-06-14 09:02:39,644 - log - INFO - iter:2140/3333, Original Acc@1: 20.28, Acc@5: 59.16, TTA Acc@1: 21.36, Acc@5: 58.46
2025-06-14 09:03:36,501 - log - INFO - iter:2160/3333, clip_acc1=20.092592239379883, tta_acc1=21.157407760620117
2025-06-14 09:03:36,502 - log - INFO - iter:2160/3333, Original Acc@1: 20.09, Acc@5: 58.61, TTA Acc@1: 21.16, Acc@5: 57.92
2025-06-14 09:04:33,644 - log - INFO - iter:2180/3333, clip_acc1=19.90825653076172, tta_acc1=20.963302612304688
2025-06-14 09:04:33,644 - log - INFO - iter:2180/3333, Original Acc@1: 19.91, Acc@5: 58.07, TTA Acc@1: 20.96, Acc@5: 57.39
2025-06-14 09:05:30,680 - log - INFO - iter:2200/3333, clip_acc1=19.727272033691406, tta_acc1=20.772727966308594
2025-06-14 09:05:30,680 - log - INFO - iter:2200/3333, Original Acc@1: 19.73, Acc@5: 57.55, TTA Acc@1: 20.77, Acc@5: 56.86
2025-06-14 09:06:27,545 - log - INFO - iter:2220/3333, clip_acc1=19.549549102783203, tta_acc1=20.585586547851562
2025-06-14 09:06:27,545 - log - INFO - iter:2220/3333, Original Acc@1: 19.55, Acc@5: 57.03, TTA Acc@1: 20.59, Acc@5: 56.35
2025-06-14 09:07:24,629 - log - INFO - iter:2240/3333, clip_acc1=19.375, tta_acc1=20.401784896850586
2025-06-14 09:07:24,629 - log - INFO - iter:2240/3333, Original Acc@1: 19.38, Acc@5: 56.52, TTA Acc@1: 20.40, Acc@5: 55.85
2025-06-14 09:08:21,354 - log - INFO - iter:2260/3333, clip_acc1=19.20353889465332, tta_acc1=20.22123908996582
2025-06-14 09:08:21,354 - log - INFO - iter:2260/3333, Original Acc@1: 19.20, Acc@5: 56.02, TTA Acc@1: 20.22, Acc@5: 55.35
2025-06-14 09:09:18,183 - log - INFO - iter:2280/3333, clip_acc1=19.03508758544922, tta_acc1=20.043859481811523
2025-06-14 09:09:18,183 - log - INFO - iter:2280/3333, Original Acc@1: 19.04, Acc@5: 55.53, TTA Acc@1: 20.04, Acc@5: 54.91
2025-06-14 09:10:14,851 - log - INFO - iter:2300/3333, clip_acc1=18.869565963745117, tta_acc1=19.869565963745117
2025-06-14 09:10:14,851 - log - INFO - iter:2300/3333, Original Acc@1: 18.87, Acc@5: 55.13, TTA Acc@1: 19.87, Acc@5: 54.52
2025-06-14 09:11:11,577 - log - INFO - iter:2320/3333, clip_acc1=19.181034088134766, tta_acc1=20.172412872314453
2025-06-14 09:11:11,577 - log - INFO - iter:2320/3333, Original Acc@1: 19.18, Acc@5: 55.52, TTA Acc@1: 20.17, Acc@5: 54.91
2025-06-14 09:12:08,595 - log - INFO - iter:2340/3333, clip_acc1=19.44444465637207, tta_acc1=20.47008514404297
2025-06-14 09:12:08,595 - log - INFO - iter:2340/3333, Original Acc@1: 19.44, Acc@5: 55.90, TTA Acc@1: 20.47, Acc@5: 55.30
2025-06-14 09:13:05,413 - log - INFO - iter:2360/3333, clip_acc1=19.406780242919922, tta_acc1=20.720338821411133
2025-06-14 09:13:05,413 - log - INFO - iter:2360/3333, Original Acc@1: 19.41, Acc@5: 56.27, TTA Acc@1: 20.72, Acc@5: 55.68
2025-06-14 09:14:02,014 - log - INFO - iter:2380/3333, clip_acc1=19.957983016967773, tta_acc1=21.2605037689209
2025-06-14 09:14:02,014 - log - INFO - iter:2380/3333, Original Acc@1: 19.96, Acc@5: 56.64, TTA Acc@1: 21.26, Acc@5: 56.05
2025-06-14 09:14:58,624 - log - INFO - iter:2400/3333, clip_acc1=20.625, tta_acc1=21.916667938232422
2025-06-14 09:14:58,624 - log - INFO - iter:2400/3333, Original Acc@1: 20.62, Acc@5: 57.00, TTA Acc@1: 21.92, Acc@5: 56.42
2025-06-14 09:15:55,489 - log - INFO - iter:2420/3333, clip_acc1=21.239669799804688, tta_acc1=22.561983108520508
2025-06-14 09:15:55,489 - log - INFO - iter:2420/3333, Original Acc@1: 21.24, Acc@5: 57.36, TTA Acc@1: 22.56, Acc@5: 56.78
2025-06-14 09:16:52,518 - log - INFO - iter:2440/3333, clip_acc1=21.76229476928711, tta_acc1=23.155736923217773
2025-06-14 09:16:52,519 - log - INFO - iter:2440/3333, Original Acc@1: 21.76, Acc@5: 57.70, TTA Acc@1: 23.16, Acc@5: 57.13
2025-06-14 09:17:49,256 - log - INFO - iter:2460/3333, clip_acc1=22.398372650146484, tta_acc1=23.780487060546875
2025-06-14 09:17:49,256 - log - INFO - iter:2460/3333, Original Acc@1: 22.40, Acc@5: 58.05, TTA Acc@1: 23.78, Acc@5: 57.48
2025-06-14 09:18:46,574 - log - INFO - iter:2480/3333, clip_acc1=22.74193572998047, tta_acc1=24.032257080078125
2025-06-14 09:18:46,574 - log - INFO - iter:2480/3333, Original Acc@1: 22.74, Acc@5: 58.35, TTA Acc@1: 24.03, Acc@5: 57.66
2025-06-14 09:19:43,391 - log - INFO - iter:2500/3333, clip_acc1=22.920000076293945, tta_acc1=24.03999900817871
2025-06-14 09:19:43,391 - log - INFO - iter:2500/3333, Original Acc@1: 22.92, Acc@5: 58.52, TTA Acc@1: 24.04, Acc@5: 57.76
2025-06-14 09:20:40,349 - log - INFO - iter:2520/3333, clip_acc1=22.85714340209961, tta_acc1=23.96825408935547
2025-06-14 09:20:40,349 - log - INFO - iter:2520/3333, Original Acc@1: 22.86, Acc@5: 58.73, TTA Acc@1: 23.97, Acc@5: 57.90
2025-06-14 09:21:37,320 - log - INFO - iter:2540/3333, clip_acc1=22.87401580810547, tta_acc1=23.976377487182617
2025-06-14 09:21:37,320 - log - INFO - iter:2540/3333, Original Acc@1: 22.87, Acc@5: 58.90, TTA Acc@1: 23.98, Acc@5: 57.99
2025-06-14 09:22:34,318 - log - INFO - iter:2560/3333, clip_acc1=22.7734375, tta_acc1=23.8671875
2025-06-14 09:22:34,318 - log - INFO - iter:2560/3333, Original Acc@1: 22.77, Acc@5: 58.79, TTA Acc@1: 23.87, Acc@5: 57.81
2025-06-14 09:23:30,807 - log - INFO - iter:2580/3333, clip_acc1=22.596899032592773, tta_acc1=23.682170867919922
2025-06-14 09:23:30,808 - log - INFO - iter:2580/3333, Original Acc@1: 22.60, Acc@5: 58.84, TTA Acc@1: 23.68, Acc@5: 57.79
2025-06-14 09:24:27,696 - log - INFO - iter:2600/3333, clip_acc1=22.423076629638672, tta_acc1=23.5
2025-06-14 09:24:27,697 - log - INFO - iter:2600/3333, Original Acc@1: 22.42, Acc@5: 58.92, TTA Acc@1: 23.50, Acc@5: 57.92
2025-06-14 09:25:24,644 - log - INFO - iter:2620/3333, clip_acc1=22.251909255981445, tta_acc1=23.32061004638672
2025-06-14 09:25:24,644 - log - INFO - iter:2620/3333, Original Acc@1: 22.25, Acc@5: 59.01, TTA Acc@1: 23.32, Acc@5: 57.98
2025-06-14 09:26:22,762 - log - INFO - iter:2640/3333, clip_acc1=22.083332061767578, tta_acc1=23.143938064575195
2025-06-14 09:26:22,762 - log - INFO - iter:2640/3333, Original Acc@1: 22.08, Acc@5: 58.90, TTA Acc@1: 23.14, Acc@5: 57.80
2025-06-14 09:27:19,796 - log - INFO - iter:2660/3333, clip_acc1=21.917293548583984, tta_acc1=22.969924926757812
2025-06-14 09:27:19,796 - log - INFO - iter:2660/3333, Original Acc@1: 21.92, Acc@5: 58.46, TTA Acc@1: 22.97, Acc@5: 57.37
2025-06-14 09:28:16,587 - log - INFO - iter:2680/3333, clip_acc1=22.238805770874023, tta_acc1=23.28358268737793
2025-06-14 09:28:16,587 - log - INFO - iter:2680/3333, Original Acc@1: 22.24, Acc@5: 58.51, TTA Acc@1: 23.28, Acc@5: 57.43
2025-06-14 09:29:13,541 - log - INFO - iter:2700/3333, clip_acc1=22.703702926635742, tta_acc1=23.77777862548828
2025-06-14 09:29:13,542 - log - INFO - iter:2700/3333, Original Acc@1: 22.70, Acc@5: 58.81, TTA Acc@1: 23.78, Acc@5: 57.74
2025-06-14 09:30:10,971 - log - INFO - iter:2720/3333, clip_acc1=22.536766052246094, tta_acc1=23.602941513061523
2025-06-14 09:30:10,971 - log - INFO - iter:2720/3333, Original Acc@1: 22.54, Acc@5: 58.75, TTA Acc@1: 23.60, Acc@5: 57.94
2025-06-14 09:31:07,699 - log - INFO - iter:2740/3333, clip_acc1=22.37226104736328, tta_acc1=23.43065643310547
2025-06-14 09:31:07,700 - log - INFO - iter:2740/3333, Original Acc@1: 22.37, Acc@5: 58.65, TTA Acc@1: 23.43, Acc@5: 58.03
2025-06-14 09:32:04,317 - log - INFO - iter:2760/3333, clip_acc1=22.210145950317383, tta_acc1=23.2608699798584
2025-06-14 09:32:04,317 - log - INFO - iter:2760/3333, Original Acc@1: 22.21, Acc@5: 58.44, TTA Acc@1: 23.26, Acc@5: 57.75
2025-06-14 09:33:01,009 - log - INFO - iter:2780/3333, clip_acc1=22.482013702392578, tta_acc1=23.597122192382812
2025-06-14 09:33:01,009 - log - INFO - iter:2780/3333, Original Acc@1: 22.48, Acc@5: 58.53, TTA Acc@1: 23.60, Acc@5: 57.88
2025-06-14 09:33:57,502 - log - INFO - iter:2800/3333, clip_acc1=22.89285659790039, tta_acc1=24.14285659790039
2025-06-14 09:33:57,502 - log - INFO - iter:2800/3333, Original Acc@1: 22.89, Acc@5: 58.82, TTA Acc@1: 24.14, Acc@5: 58.18
2025-06-14 09:34:53,878 - log - INFO - iter:2820/3333, clip_acc1=22.73049545288086, tta_acc1=23.971630096435547
2025-06-14 09:34:53,878 - log - INFO - iter:2820/3333, Original Acc@1: 22.73, Acc@5: 58.62, TTA Acc@1: 23.97, Acc@5: 58.19
2025-06-14 09:35:50,562 - log - INFO - iter:2840/3333, clip_acc1=22.711267471313477, tta_acc1=23.978872299194336
2025-06-14 09:35:50,562 - log - INFO - iter:2840/3333, Original Acc@1: 22.71, Acc@5: 58.52, TTA Acc@1: 23.98, Acc@5: 58.24
2025-06-14 09:36:47,168 - log - INFO - iter:2860/3333, clip_acc1=23.041959762573242, tta_acc1=24.265735626220703
2025-06-14 09:36:47,168 - log - INFO - iter:2860/3333, Original Acc@1: 23.04, Acc@5: 58.78, TTA Acc@1: 24.27, Acc@5: 58.50
2025-06-14 09:37:44,055 - log - INFO - iter:2880/3333, clip_acc1=22.95138931274414, tta_acc1=24.20138931274414
2025-06-14 09:37:44,055 - log - INFO - iter:2880/3333, Original Acc@1: 22.95, Acc@5: 58.65, TTA Acc@1: 24.20, Acc@5: 58.54
2025-06-14 09:38:40,631 - log - INFO - iter:2900/3333, clip_acc1=22.79310417175293, tta_acc1=24.10344886779785
2025-06-14 09:38:40,631 - log - INFO - iter:2900/3333, Original Acc@1: 22.79, Acc@5: 58.55, TTA Acc@1: 24.10, Acc@5: 58.69
2025-06-14 09:39:37,472 - log - INFO - iter:2920/3333, clip_acc1=22.671234130859375, tta_acc1=24.041095733642578
2025-06-14 09:39:37,472 - log - INFO - iter:2920/3333, Original Acc@1: 22.67, Acc@5: 58.60, TTA Acc@1: 24.04, Acc@5: 58.84
2025-06-14 09:40:34,230 - log - INFO - iter:2940/3333, clip_acc1=22.551021575927734, tta_acc1=23.94557762145996
2025-06-14 09:40:34,231 - log - INFO - iter:2940/3333, Original Acc@1: 22.55, Acc@5: 58.47, TTA Acc@1: 23.95, Acc@5: 58.78
2025-06-14 09:41:30,938 - log - INFO - iter:2960/3333, clip_acc1=22.398649215698242, tta_acc1=23.783784866333008
2025-06-14 09:41:30,938 - log - INFO - iter:2960/3333, Original Acc@1: 22.40, Acc@5: 58.07, TTA Acc@1: 23.78, Acc@5: 58.38
2025-06-14 09:42:27,912 - log - INFO - iter:2980/3333, clip_acc1=22.248323440551758, tta_acc1=23.624162673950195
2025-06-14 09:42:27,913 - log - INFO - iter:2980/3333, Original Acc@1: 22.25, Acc@5: 57.68, TTA Acc@1: 23.62, Acc@5: 57.99
2025-06-14 09:43:24,552 - log - INFO - iter:3000/3333, clip_acc1=22.100000381469727, tta_acc1=23.46666717529297
2025-06-14 09:43:24,552 - log - INFO - iter:3000/3333, Original Acc@1: 22.10, Acc@5: 57.33, TTA Acc@1: 23.47, Acc@5: 57.63
2025-06-14 09:44:21,268 - log - INFO - iter:3020/3333, clip_acc1=21.953641891479492, tta_acc1=23.31125831604004
2025-06-14 09:44:21,268 - log - INFO - iter:3020/3333, Original Acc@1: 21.95, Acc@5: 56.95, TTA Acc@1: 23.31, Acc@5: 57.25
2025-06-14 09:45:17,940 - log - INFO - iter:3040/3333, clip_acc1=21.80921173095703, tta_acc1=23.157896041870117
2025-06-14 09:45:17,940 - log - INFO - iter:3040/3333, Original Acc@1: 21.81, Acc@5: 56.61, TTA Acc@1: 23.16, Acc@5: 56.88
2025-06-14 09:46:14,794 - log - INFO - iter:3060/3333, clip_acc1=21.732027053833008, tta_acc1=23.039216995239258
2025-06-14 09:46:14,794 - log - INFO - iter:3060/3333, Original Acc@1: 21.73, Acc@5: 56.50, TTA Acc@1: 23.04, Acc@5: 56.60
2025-06-14 09:47:11,654 - log - INFO - iter:3080/3333, clip_acc1=21.59090805053711, tta_acc1=22.889610290527344
2025-06-14 09:47:11,654 - log - INFO - iter:3080/3333, Original Acc@1: 21.59, Acc@5: 56.17, TTA Acc@1: 22.89, Acc@5: 56.23
2025-06-14 09:48:08,452 - log - INFO - iter:3100/3333, clip_acc1=21.451614379882812, tta_acc1=22.74193572998047
2025-06-14 09:48:08,453 - log - INFO - iter:3100/3333, Original Acc@1: 21.45, Acc@5: 55.81, TTA Acc@1: 22.74, Acc@5: 55.87
2025-06-14 09:49:05,278 - log - INFO - iter:3120/3333, clip_acc1=21.314104080200195, tta_acc1=22.596155166625977
2025-06-14 09:49:05,279 - log - INFO - iter:3120/3333, Original Acc@1: 21.31, Acc@5: 55.45, TTA Acc@1: 22.60, Acc@5: 55.51
2025-06-14 09:50:02,058 - log - INFO - iter:3140/3333, clip_acc1=21.1783447265625, tta_acc1=22.45223045349121
2025-06-14 09:50:02,059 - log - INFO - iter:3140/3333, Original Acc@1: 21.18, Acc@5: 55.16, TTA Acc@1: 22.45, Acc@5: 55.22
2025-06-14 09:50:58,847 - log - INFO - iter:3160/3333, clip_acc1=21.04430389404297, tta_acc1=22.31012725830078
2025-06-14 09:50:58,848 - log - INFO - iter:3160/3333, Original Acc@1: 21.04, Acc@5: 55.00, TTA Acc@1: 22.31, Acc@5: 54.94
2025-06-14 09:51:55,539 - log - INFO - iter:3180/3333, clip_acc1=21.352201461791992, tta_acc1=22.610061645507812
2025-06-14 09:51:55,539 - log - INFO - iter:3180/3333, Original Acc@1: 21.35, Acc@5: 55.16, TTA Acc@1: 22.61, Acc@5: 55.06
2025-06-14 09:52:52,513 - log - INFO - iter:3200/3333, clip_acc1=21.84375, tta_acc1=23.09375
2025-06-14 09:52:52,513 - log - INFO - iter:3200/3333, Original Acc@1: 21.84, Acc@5: 55.44, TTA Acc@1: 23.09, Acc@5: 55.34
2025-06-14 09:53:49,577 - log - INFO - iter:3220/3333, clip_acc1=21.70807456970215, tta_acc1=22.95030975341797
2025-06-14 09:53:49,578 - log - INFO - iter:3220/3333, Original Acc@1: 21.71, Acc@5: 55.09, TTA Acc@1: 22.95, Acc@5: 55.00
2025-06-14 09:54:46,343 - log - INFO - iter:3240/3333, clip_acc1=21.57407569885254, tta_acc1=22.808643341064453
2025-06-14 09:54:46,344 - log - INFO - iter:3240/3333, Original Acc@1: 21.57, Acc@5: 54.85, TTA Acc@1: 22.81, Acc@5: 54.72
2025-06-14 09:55:43,075 - log - INFO - iter:3260/3333, clip_acc1=21.44171714782715, tta_acc1=22.791410446166992
2025-06-14 09:55:43,076 - log - INFO - iter:3260/3333, Original Acc@1: 21.44, Acc@5: 54.85, TTA Acc@1: 22.79, Acc@5: 54.79
2025-06-14 09:56:39,986 - log - INFO - iter:3280/3333, clip_acc1=21.707317352294922, tta_acc1=23.04878044128418
2025-06-14 09:56:39,986 - log - INFO - iter:3280/3333, Original Acc@1: 21.71, Acc@5: 55.06, TTA Acc@1: 23.05, Acc@5: 55.06
2025-06-14 09:57:37,050 - log - INFO - iter:3300/3333, clip_acc1=21.939393997192383, tta_acc1=23.303030014038086
2025-06-14 09:57:37,050 - log - INFO - iter:3300/3333, Original Acc@1: 21.94, Acc@5: 55.30, TTA Acc@1: 23.30, Acc@5: 55.30
2025-06-14 09:58:33,565 - log - INFO - iter:3320/3333, clip_acc1=21.80722999572754, tta_acc1=23.16265106201172
2025-06-14 09:58:33,565 - log - INFO - iter:3320/3333, Original Acc@1: 21.81, Acc@5: 54.97, TTA Acc@1: 23.16, Acc@5: 54.97
2025-06-14 09:59:07,512 - log - INFO - iter:3333/3333, clip_acc1=21.722171783447266, tta_acc1=23.07230567932129
2025-06-14 09:59:07,512 - log - INFO - iter:3333/3333, Original Acc@1: 21.72, Acc@5: 54.76, TTA Acc@1: 23.07, Acc@5: 54.76
2025-06-14 09:59:07,622 - log - INFO - Final results - Original Acc@1: 21.72, Acc@5: 54.76, TTA Acc@1: 23.07, Acc@5: 54.76
2025-06-14 09:59:07,622 - log - INFO - Improvement from TTA in Acc@1 1.35, and Acc@5 0.00
2025-06-14 09:59:07,623 - log - INFO - Number of selected samples with index 0: 1170
2025-06-14 09:59:07,623 - log - INFO - Number of samples in the dataset: 3333
2025-06-14 09:59:07,686 - log - INFO - Selected IDs saved to /leonardo_work/EUHPC_R04_192/fmohamma/Adversarial_Robust_Clip/ATPT/Final_Results/delta_clip_l14_224/Aircraft/Clean/Counter_Attack/Eps_4_0_Steps_2_Alpha_1_0/tau_0_2_beta_2_0_weighted_pertrubation_True/TPT/Optimization_Loss_tpt_LR_0_005_Optimization_Steps_1_View_Selection_Fraction_0_1/Inference_Ensemble_weighted_rtpt_topk_20_softmaxtemp_0_01/selected_topk.json
2025-06-14 09:59:07,893 - log - INFO - Batch entropies saved to /leonardo_work/EUHPC_R04_192/fmohamma/Adversarial_Robust_Clip/ATPT/Final_Results/delta_clip_l14_224/Aircraft/Clean/Counter_Attack/Eps_4_0_Steps_2_Alpha_1_0/tau_0_2_beta_2_0_weighted_pertrubation_True/TPT/Optimization_Loss_tpt_LR_0_005_Optimization_Steps_1_View_Selection_Fraction_0_1/Inference_Ensemble_weighted_rtpt_topk_20_softmaxtemp_0_01/entropies.json
2025-06-14 09:59:08,112 - log - INFO - Weighted scores saved to /leonardo_work/EUHPC_R04_192/fmohamma/Adversarial_Robust_Clip/ATPT/Final_Results/delta_clip_l14_224/Aircraft/Clean/Counter_Attack/Eps_4_0_Steps_2_Alpha_1_0/tau_0_2_beta_2_0_weighted_pertrubation_True/TPT/Optimization_Loss_tpt_LR_0_005_Optimization_Steps_1_View_Selection_Fraction_0_1/Inference_Ensemble_weighted_rtpt_topk_20_softmaxtemp_0_01/weighted_scores.json
2025-06-14 09:59:08,112 - log - INFO - Creating plot of average weights for each view
2025-06-14 09:59:13,898 - log - INFO - Average weights plot saved to /leonardo_work/EUHPC_R04_192/fmohamma/Adversarial_Robust_Clip/ATPT/Final_Results/delta_clip_l14_224/Aircraft/Clean/Counter_Attack/Eps_4_0_Steps_2_Alpha_1_0/tau_0_2_beta_2_0_weighted_pertrubation_True/TPT/Optimization_Loss_tpt_LR_0_005_Optimization_Steps_1_View_Selection_Fraction_0_1/Inference_Ensemble_weighted_rtpt_topk_20_softmaxtemp_0_01/weighted_scores_plot.png
2025-06-14 09:59:13,906 - log - INFO - => Acc. on testset [Aircraft]: Clean Acc @1 21.722171783447266/ TTA Clean Acc @1 23.07230567932129, Clean Acc @5 54.75547409057617/ TTA Clean Acc @5 54.75547409057617
2025-06-14 09:59:13,906 - log - INFO - Total script execution time: 9530.95 seconds (158.85 minutes)
