2025-06-14 08:47:33,849 - log - INFO - ==========================================
data:/leonardo_work/EUHPC_R04_192/fmohamma/Adversarial_Robust_Clip/atpt_data/downstream_datasets
test_sets:UCF101
dataset_mode:test
arch:delta_clip_l14_224
resolution:224
workers:4
no_pin_memory:False
batch_size:64
print_freq:20
gpu:0
no_cudnn_benchmark:False
n_ctx:4
ctx_init:a_photo_of_a
tpt_loss:tpt
seed:0
output_dir:/leonardo_work/EUHPC_R04_192/fmohamma/Adversarial_Robust_Clip/atpt_data/delta_clip_l14_224/UCF101
log_output_dir:/leonardo_work/EUHPC_R04_192/fmohamma/Adversarial_Robust_Clip/ATPT/Final_Results/delta_clip_l14_224/UCF101
eps:0.0
alpha:0.0
alpha_eps_ratio:4.0
steps:0
lr:0.005
selection_p:0.1
tta_steps:1
ensemble_type:vanilla
top_k:20
softmax_temp:0.01
counter_attack:True
counter_attack_type:pgd
counter_attack_steps:2
counter_attack_eps:4.0
counter_attack_alpha:1.0
counter_attack_tau_thres:0.2
counter_attack_beta:2.0
counter_attack_weighted_perturbations:True
pgd_clip_pure_i_text_embeddings:null
pgd_counter_and_clipure_i_lamda:1.0
selected_id_name:selected_topk.json
weighted_score_name:weighted_scores.json
batch_entropy_name:entropies.json
log_dir:/leonardo_work/EUHPC_R04_192/fmohamma/Adversarial_Robust_Clip/ATPT/Final_Results/delta_clip_l14_224/UCF101/Clean/Counter_Attack/Eps_4_0_Steps_2_Alpha_1_0/tau_0_2_beta_2_0_weighted_pertrubation_True/TPT/Optimization_Loss_tpt_LR_0_005_Optimization_Steps_1_View_Selection_Fraction_0_1/Inference_Ensemble_vanilla

2025-06-14 08:47:33,850 - log - INFO - Use GPU: 0 for training
2025-06-14 08:50:01,668 - log - INFO - Freezing all parameters except prompt learner
2025-06-14 08:50:01,669 - log - INFO - => Model created: visual backbone delta_clip_l14_224
2025-06-14 08:50:01,696 - log - INFO - Number of test samples: 3783
2025-06-14 08:50:01,696 - log - INFO - Evaluating dataset: UCF101
2025-06-14 08:50:01,697 - log - INFO - Starting evaluation with batch size: 64, selection percentage: 0.1
2025-06-14 08:50:01,697 - log - INFO - Test-time adaptation steps: 1, learning rate: 0.005
2025-06-14 08:50:01,697 - log - INFO - Using counter-attack with epsilon: 4.000000, alpha: 0.000000, steps: 2, tau_thres: 0.2, beta: 2.0, weighted perturbation: True
2025-06-14 08:51:04,584 - log - INFO - iter:20/3783, clip_acc1=100.0, tta_acc1=95.0
2025-06-14 08:51:04,585 - log - INFO - iter:20/3783, Original Acc@1: 100.00, Acc@5: 100.00, TTA Acc@1: 95.00, Acc@5: 100.00
2025-06-14 08:51:54,237 - log - INFO - iter:40/3783, clip_acc1=100.0, tta_acc1=95.0
2025-06-14 08:51:54,238 - log - INFO - iter:40/3783, Original Acc@1: 100.00, Acc@5: 100.00, TTA Acc@1: 95.00, Acc@5: 100.00
2025-06-14 08:52:43,987 - log - INFO - iter:60/3783, clip_acc1=78.33333587646484, tta_acc1=73.33333587646484
2025-06-14 08:52:43,987 - log - INFO - iter:60/3783, Original Acc@1: 78.33, Acc@5: 100.00, TTA Acc@1: 73.33, Acc@5: 100.00
2025-06-14 08:53:33,681 - log - INFO - iter:80/3783, clip_acc1=75.0, tta_acc1=66.25
2025-06-14 08:53:33,681 - log - INFO - iter:80/3783, Original Acc@1: 75.00, Acc@5: 100.00, TTA Acc@1: 66.25, Acc@5: 100.00
2025-06-14 08:54:23,333 - log - INFO - iter:100/3783, clip_acc1=75.0, tta_acc1=65.0
2025-06-14 08:54:23,334 - log - INFO - iter:100/3783, Original Acc@1: 75.00, Acc@5: 99.00, TTA Acc@1: 65.00, Acc@5: 100.00
2025-06-14 08:55:13,069 - log - INFO - iter:120/3783, clip_acc1=75.00000762939453, tta_acc1=66.66667175292969
2025-06-14 08:55:13,069 - log - INFO - iter:120/3783, Original Acc@1: 75.00, Acc@5: 98.33, TTA Acc@1: 66.67, Acc@5: 98.33
2025-06-14 08:56:03,784 - log - INFO - iter:140/3783, clip_acc1=77.85713958740234, tta_acc1=70.71428680419922
2025-06-14 08:56:03,785 - log - INFO - iter:140/3783, Original Acc@1: 77.86, Acc@5: 97.86, TTA Acc@1: 70.71, Acc@5: 97.86
2025-06-14 08:56:53,536 - log - INFO - iter:160/3783, clip_acc1=75.625, tta_acc1=69.375
2025-06-14 08:56:53,537 - log - INFO - iter:160/3783, Original Acc@1: 75.62, Acc@5: 97.50, TTA Acc@1: 69.38, Acc@5: 96.88
2025-06-14 08:57:43,144 - log - INFO - iter:180/3783, clip_acc1=67.22222137451172, tta_acc1=61.66666793823242
2025-06-14 08:57:43,144 - log - INFO - iter:180/3783, Original Acc@1: 67.22, Acc@5: 96.11, TTA Acc@1: 61.67, Acc@5: 92.22
2025-06-14 08:58:32,605 - log - INFO - iter:200/3783, clip_acc1=68.5, tta_acc1=64.0
2025-06-14 08:58:32,605 - log - INFO - iter:200/3783, Original Acc@1: 68.50, Acc@5: 96.00, TTA Acc@1: 64.00, Acc@5: 92.00
2025-06-14 08:59:22,060 - log - INFO - iter:220/3783, clip_acc1=70.45454406738281, tta_acc1=65.90908813476562
2025-06-14 08:59:22,060 - log - INFO - iter:220/3783, Original Acc@1: 70.45, Acc@5: 96.36, TTA Acc@1: 65.91, Acc@5: 92.73
2025-06-14 09:00:11,538 - log - INFO - iter:240/3783, clip_acc1=70.41667175292969, tta_acc1=66.25
2025-06-14 09:00:11,538 - log - INFO - iter:240/3783, Original Acc@1: 70.42, Acc@5: 94.17, TTA Acc@1: 66.25, Acc@5: 90.83
2025-06-14 09:01:00,986 - log - INFO - iter:260/3783, clip_acc1=72.69230651855469, tta_acc1=68.84615325927734
2025-06-14 09:01:00,986 - log - INFO - iter:260/3783, Original Acc@1: 72.69, Acc@5: 94.62, TTA Acc@1: 68.85, Acc@5: 91.54
2025-06-14 09:01:50,471 - log - INFO - iter:280/3783, clip_acc1=70.71428680419922, tta_acc1=67.14286041259766
2025-06-14 09:01:50,471 - log - INFO - iter:280/3783, Original Acc@1: 70.71, Acc@5: 92.50, TTA Acc@1: 67.14, Acc@5: 90.36
2025-06-14 09:02:39,893 - log - INFO - iter:300/3783, clip_acc1=66.0, tta_acc1=62.66666793823242
2025-06-14 09:02:39,893 - log - INFO - iter:300/3783, Original Acc@1: 66.00, Acc@5: 91.00, TTA Acc@1: 62.67, Acc@5: 86.00
2025-06-14 09:03:29,581 - log - INFO - iter:320/3783, clip_acc1=66.875, tta_acc1=63.125
2025-06-14 09:03:29,581 - log - INFO - iter:320/3783, Original Acc@1: 66.88, Acc@5: 91.25, TTA Acc@1: 63.12, Acc@5: 86.25
2025-06-14 09:04:19,087 - log - INFO - iter:340/3783, clip_acc1=68.82353210449219, tta_acc1=65.0
2025-06-14 09:04:19,087 - log - INFO - iter:340/3783, Original Acc@1: 68.82, Acc@5: 91.76, TTA Acc@1: 65.00, Acc@5: 87.06
2025-06-14 09:05:08,686 - log - INFO - iter:360/3783, clip_acc1=70.55555725097656, tta_acc1=66.94444274902344
2025-06-14 09:05:08,686 - log - INFO - iter:360/3783, Original Acc@1: 70.56, Acc@5: 92.22, TTA Acc@1: 66.94, Acc@5: 87.78
2025-06-14 09:05:58,089 - log - INFO - iter:380/3783, clip_acc1=72.10526275634766, tta_acc1=68.68421173095703
2025-06-14 09:05:58,089 - log - INFO - iter:380/3783, Original Acc@1: 72.11, Acc@5: 92.63, TTA Acc@1: 68.68, Acc@5: 88.42
2025-06-14 09:06:47,454 - log - INFO - iter:400/3783, clip_acc1=73.5, tta_acc1=70.25
2025-06-14 09:06:47,454 - log - INFO - iter:400/3783, Original Acc@1: 73.50, Acc@5: 93.00, TTA Acc@1: 70.25, Acc@5: 89.00
2025-06-14 09:07:36,976 - log - INFO - iter:420/3783, clip_acc1=74.28572082519531, tta_acc1=70.95238494873047
2025-06-14 09:07:36,977 - log - INFO - iter:420/3783, Original Acc@1: 74.29, Acc@5: 93.33, TTA Acc@1: 70.95, Acc@5: 89.29
2025-06-14 09:08:26,482 - log - INFO - iter:440/3783, clip_acc1=75.45454406738281, tta_acc1=72.2727279663086
2025-06-14 09:08:26,483 - log - INFO - iter:440/3783, Original Acc@1: 75.45, Acc@5: 93.64, TTA Acc@1: 72.27, Acc@5: 89.77
2025-06-14 09:09:15,795 - log - INFO - iter:460/3783, clip_acc1=76.52173614501953, tta_acc1=73.47825622558594
2025-06-14 09:09:15,795 - log - INFO - iter:460/3783, Original Acc@1: 76.52, Acc@5: 93.91, TTA Acc@1: 73.48, Acc@5: 90.22
2025-06-14 09:10:05,256 - log - INFO - iter:480/3783, clip_acc1=76.45833587646484, tta_acc1=73.33333587646484
2025-06-14 09:10:05,256 - log - INFO - iter:480/3783, Original Acc@1: 76.46, Acc@5: 93.54, TTA Acc@1: 73.33, Acc@5: 90.42
2025-06-14 09:10:54,804 - log - INFO - iter:500/3783, clip_acc1=74.60000610351562, tta_acc1=71.80000305175781
2025-06-14 09:10:54,804 - log - INFO - iter:500/3783, Original Acc@1: 74.60, Acc@5: 93.80, TTA Acc@1: 71.80, Acc@5: 90.80
2025-06-14 09:11:44,401 - log - INFO - iter:520/3783, clip_acc1=74.61538696289062, tta_acc1=71.92308044433594
2025-06-14 09:11:44,401 - log - INFO - iter:520/3783, Original Acc@1: 74.62, Acc@5: 94.04, TTA Acc@1: 71.92, Acc@5: 91.15
2025-06-14 09:12:33,906 - log - INFO - iter:540/3783, clip_acc1=75.1851806640625, tta_acc1=72.59259033203125
2025-06-14 09:12:33,906 - log - INFO - iter:540/3783, Original Acc@1: 75.19, Acc@5: 94.26, TTA Acc@1: 72.59, Acc@5: 91.48
2025-06-14 09:13:23,312 - log - INFO - iter:560/3783, clip_acc1=73.92857360839844, tta_acc1=71.42857360839844
2025-06-14 09:13:23,312 - log - INFO - iter:560/3783, Original Acc@1: 73.93, Acc@5: 93.75, TTA Acc@1: 71.43, Acc@5: 90.89
2025-06-14 09:14:12,938 - log - INFO - iter:580/3783, clip_acc1=73.96551513671875, tta_acc1=71.37931060791016
2025-06-14 09:14:12,938 - log - INFO - iter:580/3783, Original Acc@1: 73.97, Acc@5: 93.97, TTA Acc@1: 71.38, Acc@5: 91.21
2025-06-14 09:15:02,439 - log - INFO - iter:600/3783, clip_acc1=74.83333587646484, tta_acc1=72.33333587646484
2025-06-14 09:15:02,439 - log - INFO - iter:600/3783, Original Acc@1: 74.83, Acc@5: 94.17, TTA Acc@1: 72.33, Acc@5: 91.50
2025-06-14 09:15:52,033 - log - INFO - iter:620/3783, clip_acc1=75.64515686035156, tta_acc1=73.2258071899414
2025-06-14 09:15:52,033 - log - INFO - iter:620/3783, Original Acc@1: 75.65, Acc@5: 94.35, TTA Acc@1: 73.23, Acc@5: 91.77
2025-06-14 09:16:41,800 - log - INFO - iter:640/3783, clip_acc1=76.40625, tta_acc1=74.0625
2025-06-14 09:16:41,800 - log - INFO - iter:640/3783, Original Acc@1: 76.41, Acc@5: 94.53, TTA Acc@1: 74.06, Acc@5: 92.03
2025-06-14 09:17:31,389 - log - INFO - iter:660/3783, clip_acc1=76.51515197753906, tta_acc1=73.93939208984375
2025-06-14 09:17:31,389 - log - INFO - iter:660/3783, Original Acc@1: 76.52, Acc@5: 94.39, TTA Acc@1: 73.94, Acc@5: 91.82
2025-06-14 09:18:20,703 - log - INFO - iter:680/3783, clip_acc1=74.4117660522461, tta_acc1=71.76470947265625
2025-06-14 09:18:20,703 - log - INFO - iter:680/3783, Original Acc@1: 74.41, Acc@5: 93.53, TTA Acc@1: 71.76, Acc@5: 90.44
2025-06-14 09:19:10,249 - log - INFO - iter:700/3783, clip_acc1=72.28571319580078, tta_acc1=69.71428680419922
2025-06-14 09:19:10,249 - log - INFO - iter:700/3783, Original Acc@1: 72.29, Acc@5: 91.57, TTA Acc@1: 69.71, Acc@5: 88.43
2025-06-14 09:19:59,837 - log - INFO - iter:720/3783, clip_acc1=70.55555725097656, tta_acc1=67.91667175292969
2025-06-14 09:19:59,837 - log - INFO - iter:720/3783, Original Acc@1: 70.56, Acc@5: 91.39, TTA Acc@1: 67.92, Acc@5: 88.33
2025-06-14 09:20:49,306 - log - INFO - iter:740/3783, clip_acc1=70.27027130126953, tta_acc1=67.97297668457031
2025-06-14 09:20:49,306 - log - INFO - iter:740/3783, Original Acc@1: 70.27, Acc@5: 91.22, TTA Acc@1: 67.97, Acc@5: 88.11
2025-06-14 09:21:38,992 - log - INFO - iter:760/3783, clip_acc1=71.0526351928711, tta_acc1=68.8157958984375
2025-06-14 09:21:38,992 - log - INFO - iter:760/3783, Original Acc@1: 71.05, Acc@5: 91.45, TTA Acc@1: 68.82, Acc@5: 88.42
2025-06-14 09:22:28,348 - log - INFO - iter:780/3783, clip_acc1=69.35897827148438, tta_acc1=67.17948913574219
2025-06-14 09:22:28,348 - log - INFO - iter:780/3783, Original Acc@1: 69.36, Acc@5: 89.23, TTA Acc@1: 67.18, Acc@5: 86.28
2025-06-14 09:23:17,772 - log - INFO - iter:800/3783, clip_acc1=68.0, tta_acc1=66.0
2025-06-14 09:23:17,773 - log - INFO - iter:800/3783, Original Acc@1: 68.00, Acc@5: 87.62, TTA Acc@1: 66.00, Acc@5: 84.75
2025-06-14 09:24:07,235 - log - INFO - iter:820/3783, clip_acc1=68.65853881835938, tta_acc1=66.46341705322266
2025-06-14 09:24:07,235 - log - INFO - iter:820/3783, Original Acc@1: 68.66, Acc@5: 87.80, TTA Acc@1: 66.46, Acc@5: 84.88
2025-06-14 09:24:56,761 - log - INFO - iter:840/3783, clip_acc1=68.80952453613281, tta_acc1=66.30952453613281
2025-06-14 09:24:56,762 - log - INFO - iter:840/3783, Original Acc@1: 68.81, Acc@5: 87.86, TTA Acc@1: 66.31, Acc@5: 84.88
2025-06-14 09:25:47,584 - log - INFO - iter:860/3783, clip_acc1=67.6744155883789, tta_acc1=65.23255920410156
2025-06-14 09:25:47,585 - log - INFO - iter:860/3783, Original Acc@1: 67.67, Acc@5: 86.40, TTA Acc@1: 65.23, Acc@5: 83.37
2025-06-14 09:26:37,186 - log - INFO - iter:880/3783, clip_acc1=67.5, tta_acc1=64.43181610107422
2025-06-14 09:26:37,186 - log - INFO - iter:880/3783, Original Acc@1: 67.50, Acc@5: 86.36, TTA Acc@1: 64.43, Acc@5: 83.30
2025-06-14 09:27:26,712 - log - INFO - iter:900/3783, clip_acc1=66.11111450195312, tta_acc1=63.0
2025-06-14 09:27:26,712 - log - INFO - iter:900/3783, Original Acc@1: 66.11, Acc@5: 86.44, TTA Acc@1: 63.00, Acc@5: 83.56
2025-06-14 09:28:16,203 - log - INFO - iter:920/3783, clip_acc1=64.89130401611328, tta_acc1=61.84782409667969
2025-06-14 09:28:16,204 - log - INFO - iter:920/3783, Original Acc@1: 64.89, Acc@5: 86.52, TTA Acc@1: 61.85, Acc@5: 83.80
2025-06-14 09:29:05,833 - log - INFO - iter:940/3783, clip_acc1=65.63829803466797, tta_acc1=62.12765884399414
2025-06-14 09:29:05,833 - log - INFO - iter:940/3783, Original Acc@1: 65.64, Acc@5: 86.81, TTA Acc@1: 62.13, Acc@5: 83.94
2025-06-14 09:29:55,382 - log - INFO - iter:960/3783, clip_acc1=66.25, tta_acc1=62.812503814697266
2025-06-14 09:29:55,382 - log - INFO - iter:960/3783, Original Acc@1: 66.25, Acc@5: 87.08, TTA Acc@1: 62.81, Acc@5: 84.17
2025-06-14 09:30:44,748 - log - INFO - iter:980/3783, clip_acc1=66.83673095703125, tta_acc1=63.16326141357422
2025-06-14 09:30:44,748 - log - INFO - iter:980/3783, Original Acc@1: 66.84, Acc@5: 87.24, TTA Acc@1: 63.16, Acc@5: 84.39
2025-06-14 09:31:34,392 - log - INFO - iter:1000/3783, clip_acc1=67.10000610351562, tta_acc1=63.000003814697266
2025-06-14 09:31:34,392 - log - INFO - iter:1000/3783, Original Acc@1: 67.10, Acc@5: 87.40, TTA Acc@1: 63.00, Acc@5: 84.50
2025-06-14 09:32:23,901 - log - INFO - iter:1020/3783, clip_acc1=67.74510192871094, tta_acc1=63.6274528503418
2025-06-14 09:32:23,901 - log - INFO - iter:1020/3783, Original Acc@1: 67.75, Acc@5: 87.65, TTA Acc@1: 63.63, Acc@5: 84.80
2025-06-14 09:33:13,430 - log - INFO - iter:1040/3783, clip_acc1=68.36538696289062, tta_acc1=64.32691955566406
2025-06-14 09:33:13,430 - log - INFO - iter:1040/3783, Original Acc@1: 68.37, Acc@5: 87.88, TTA Acc@1: 64.33, Acc@5: 85.10
2025-06-14 09:34:02,937 - log - INFO - iter:1060/3783, clip_acc1=68.7735824584961, tta_acc1=64.71697998046875
2025-06-14 09:34:02,937 - log - INFO - iter:1060/3783, Original Acc@1: 68.77, Acc@5: 88.11, TTA Acc@1: 64.72, Acc@5: 85.38
2025-06-14 09:34:52,411 - log - INFO - iter:1080/3783, clip_acc1=68.98148345947266, tta_acc1=65.0
2025-06-14 09:34:52,411 - log - INFO - iter:1080/3783, Original Acc@1: 68.98, Acc@5: 88.24, TTA Acc@1: 65.00, Acc@5: 85.46
2025-06-14 09:35:42,042 - log - INFO - iter:1100/3783, clip_acc1=68.7272720336914, tta_acc1=64.90908813476562
2025-06-14 09:35:42,042 - log - INFO - iter:1100/3783, Original Acc@1: 68.73, Acc@5: 88.45, TTA Acc@1: 64.91, Acc@5: 85.73
2025-06-14 09:36:31,594 - log - INFO - iter:1120/3783, clip_acc1=69.19642639160156, tta_acc1=65.35713958740234
2025-06-14 09:36:31,595 - log - INFO - iter:1120/3783, Original Acc@1: 69.20, Acc@5: 88.66, TTA Acc@1: 65.36, Acc@5: 85.98
2025-06-14 09:37:21,138 - log - INFO - iter:1140/3783, clip_acc1=69.5614013671875, tta_acc1=65.6140365600586
2025-06-14 09:37:21,138 - log - INFO - iter:1140/3783, Original Acc@1: 69.56, Acc@5: 88.77, TTA Acc@1: 65.61, Acc@5: 86.05
2025-06-14 09:38:10,603 - log - INFO - iter:1160/3783, clip_acc1=69.13793182373047, tta_acc1=65.0862045288086
2025-06-14 09:38:10,604 - log - INFO - iter:1160/3783, Original Acc@1: 69.14, Acc@5: 88.62, TTA Acc@1: 65.09, Acc@5: 85.60
2025-06-14 09:39:00,220 - log - INFO - iter:1180/3783, clip_acc1=68.2203369140625, tta_acc1=63.98305130004883
2025-06-14 09:39:00,220 - log - INFO - iter:1180/3783, Original Acc@1: 68.22, Acc@5: 88.81, TTA Acc@1: 63.98, Acc@5: 85.51
2025-06-14 09:39:49,648 - log - INFO - iter:1200/3783, clip_acc1=67.08333587646484, tta_acc1=62.91666793823242
2025-06-14 09:39:49,648 - log - INFO - iter:1200/3783, Original Acc@1: 67.08, Acc@5: 88.92, TTA Acc@1: 62.92, Acc@5: 85.25
2025-06-14 09:40:39,097 - log - INFO - iter:1220/3783, clip_acc1=65.98360443115234, tta_acc1=61.88524627685547
2025-06-14 09:40:39,098 - log - INFO - iter:1220/3783, Original Acc@1: 65.98, Acc@5: 89.02, TTA Acc@1: 61.89, Acc@5: 85.25
2025-06-14 09:41:28,781 - log - INFO - iter:1240/3783, clip_acc1=66.04838562011719, tta_acc1=61.935482025146484
2025-06-14 09:41:28,781 - log - INFO - iter:1240/3783, Original Acc@1: 66.05, Acc@5: 89.03, TTA Acc@1: 61.94, Acc@5: 85.24
2025-06-14 09:42:18,301 - log - INFO - iter:1260/3783, clip_acc1=66.5079345703125, tta_acc1=62.46031951904297
2025-06-14 09:42:18,302 - log - INFO - iter:1260/3783, Original Acc@1: 66.51, Acc@5: 89.21, TTA Acc@1: 62.46, Acc@5: 85.48
2025-06-14 09:43:07,794 - log - INFO - iter:1280/3783, clip_acc1=67.03125, tta_acc1=62.96875
2025-06-14 09:43:07,795 - log - INFO - iter:1280/3783, Original Acc@1: 67.03, Acc@5: 89.38, TTA Acc@1: 62.97, Acc@5: 85.70
2025-06-14 09:43:57,499 - log - INFO - iter:1300/3783, clip_acc1=67.30769348144531, tta_acc1=63.30769348144531
2025-06-14 09:43:57,499 - log - INFO - iter:1300/3783, Original Acc@1: 67.31, Acc@5: 89.31, TTA Acc@1: 63.31, Acc@5: 85.69
2025-06-14 09:44:47,139 - log - INFO - iter:1320/3783, clip_acc1=67.2727279663086, tta_acc1=63.03030014038086
2025-06-14 09:44:47,139 - log - INFO - iter:1320/3783, Original Acc@1: 67.27, Acc@5: 89.32, TTA Acc@1: 63.03, Acc@5: 85.83
2025-06-14 09:45:36,661 - log - INFO - iter:1340/3783, clip_acc1=67.16417694091797, tta_acc1=62.91044998168945
2025-06-14 09:45:36,661 - log - INFO - iter:1340/3783, Original Acc@1: 67.16, Acc@5: 89.48, TTA Acc@1: 62.91, Acc@5: 86.04
2025-06-14 09:46:26,163 - log - INFO - iter:1360/3783, clip_acc1=66.25, tta_acc1=61.985294342041016
2025-06-14 09:46:26,164 - log - INFO - iter:1360/3783, Original Acc@1: 66.25, Acc@5: 89.19, TTA Acc@1: 61.99, Acc@5: 85.29
2025-06-14 09:47:15,569 - log - INFO - iter:1380/3783, clip_acc1=65.72463989257812, tta_acc1=61.449275970458984
2025-06-14 09:47:15,569 - log - INFO - iter:1380/3783, Original Acc@1: 65.72, Acc@5: 88.99, TTA Acc@1: 61.45, Acc@5: 84.71
2025-06-14 09:48:05,140 - log - INFO - iter:1400/3783, clip_acc1=66.21428680419922, tta_acc1=62.0
2025-06-14 09:48:05,140 - log - INFO - iter:1400/3783, Original Acc@1: 66.21, Acc@5: 89.14, TTA Acc@1: 62.00, Acc@5: 84.93
2025-06-14 09:48:54,684 - log - INFO - iter:1420/3783, clip_acc1=65.77464294433594, tta_acc1=61.901405334472656
2025-06-14 09:48:54,684 - log - INFO - iter:1420/3783, Original Acc@1: 65.77, Acc@5: 89.01, TTA Acc@1: 61.90, Acc@5: 84.86
2025-06-14 09:49:44,152 - log - INFO - iter:1440/3783, clip_acc1=64.86111450195312, tta_acc1=61.04166793823242
2025-06-14 09:49:44,152 - log - INFO - iter:1440/3783, Original Acc@1: 64.86, Acc@5: 88.68, TTA Acc@1: 61.04, Acc@5: 84.72
2025-06-14 09:50:33,527 - log - INFO - iter:1460/3783, clip_acc1=64.04109954833984, tta_acc1=60.41096115112305
2025-06-14 09:50:33,528 - log - INFO - iter:1460/3783, Original Acc@1: 64.04, Acc@5: 88.77, TTA Acc@1: 60.41, Acc@5: 84.93
2025-06-14 09:51:22,979 - log - INFO - iter:1480/3783, clip_acc1=63.51351547241211, tta_acc1=59.93243408203125
2025-06-14 09:51:22,979 - log - INFO - iter:1480/3783, Original Acc@1: 63.51, Acc@5: 88.85, TTA Acc@1: 59.93, Acc@5: 85.07
2025-06-14 09:52:12,575 - log - INFO - iter:1500/3783, clip_acc1=62.79999923706055, tta_acc1=59.266666412353516
2025-06-14 09:52:12,575 - log - INFO - iter:1500/3783, Original Acc@1: 62.80, Acc@5: 88.73, TTA Acc@1: 59.27, Acc@5: 85.00
2025-06-14 09:53:02,288 - log - INFO - iter:1520/3783, clip_acc1=62.302635192871094, tta_acc1=58.815792083740234
2025-06-14 09:53:02,288 - log - INFO - iter:1520/3783, Original Acc@1: 62.30, Acc@5: 88.75, TTA Acc@1: 58.82, Acc@5: 85.00
2025-06-14 09:53:51,722 - log - INFO - iter:1540/3783, clip_acc1=62.792205810546875, tta_acc1=59.35064697265625
2025-06-14 09:53:51,722 - log - INFO - iter:1540/3783, Original Acc@1: 62.79, Acc@5: 88.90, TTA Acc@1: 59.35, Acc@5: 85.19
2025-06-14 09:54:41,173 - log - INFO - iter:1560/3783, clip_acc1=63.26923370361328, tta_acc1=59.871795654296875
2025-06-14 09:54:41,173 - log - INFO - iter:1560/3783, Original Acc@1: 63.27, Acc@5: 89.04, TTA Acc@1: 59.87, Acc@5: 85.38
2025-06-14 09:55:30,869 - log - INFO - iter:1580/3783, clip_acc1=63.73417663574219, tta_acc1=60.37974548339844
2025-06-14 09:55:30,869 - log - INFO - iter:1580/3783, Original Acc@1: 63.73, Acc@5: 89.18, TTA Acc@1: 60.38, Acc@5: 85.57
2025-06-14 09:56:20,303 - log - INFO - iter:1600/3783, clip_acc1=64.1875, tta_acc1=60.875
2025-06-14 09:56:20,303 - log - INFO - iter:1600/3783, Original Acc@1: 64.19, Acc@5: 89.31, TTA Acc@1: 60.88, Acc@5: 85.75
2025-06-14 09:57:10,215 - log - INFO - iter:1620/3783, clip_acc1=64.25926208496094, tta_acc1=60.92593002319336
2025-06-14 09:57:10,215 - log - INFO - iter:1620/3783, Original Acc@1: 64.26, Acc@5: 89.07, TTA Acc@1: 60.93, Acc@5: 85.56
2025-06-14 09:57:59,776 - log - INFO - iter:1640/3783, clip_acc1=64.26829528808594, tta_acc1=60.975608825683594
2025-06-14 09:57:59,776 - log - INFO - iter:1640/3783, Original Acc@1: 64.27, Acc@5: 88.78, TTA Acc@1: 60.98, Acc@5: 85.30
2025-06-14 09:58:49,140 - log - INFO - iter:1660/3783, clip_acc1=64.69879913330078, tta_acc1=61.38554382324219
2025-06-14 09:58:49,140 - log - INFO - iter:1660/3783, Original Acc@1: 64.70, Acc@5: 88.92, TTA Acc@1: 61.39, Acc@5: 85.42
2025-06-14 09:59:38,434 - log - INFO - iter:1680/3783, clip_acc1=65.11904907226562, tta_acc1=61.84524154663086
2025-06-14 09:59:38,435 - log - INFO - iter:1680/3783, Original Acc@1: 65.12, Acc@5: 89.05, TTA Acc@1: 61.85, Acc@5: 85.60
2025-06-14 10:00:27,757 - log - INFO - iter:1700/3783, clip_acc1=65.29411315917969, tta_acc1=61.88235092163086
2025-06-14 10:00:27,757 - log - INFO - iter:1700/3783, Original Acc@1: 65.29, Acc@5: 89.18, TTA Acc@1: 61.88, Acc@5: 85.76
2025-06-14 10:01:17,136 - log - INFO - iter:1720/3783, clip_acc1=65.11627960205078, tta_acc1=61.627906799316406
2025-06-14 10:01:17,136 - log - INFO - iter:1720/3783, Original Acc@1: 65.12, Acc@5: 89.01, TTA Acc@1: 61.63, Acc@5: 85.58
2025-06-14 10:02:06,527 - log - INFO - iter:1740/3783, clip_acc1=64.54022979736328, tta_acc1=61.034481048583984
2025-06-14 10:02:06,527 - log - INFO - iter:1740/3783, Original Acc@1: 64.54, Acc@5: 88.85, TTA Acc@1: 61.03, Acc@5: 85.29
2025-06-14 10:02:55,980 - log - INFO - iter:1760/3783, clip_acc1=63.8636360168457, tta_acc1=60.34090805053711
2025-06-14 10:02:55,981 - log - INFO - iter:1760/3783, Original Acc@1: 63.86, Acc@5: 88.24, TTA Acc@1: 60.34, Acc@5: 84.94
2025-06-14 10:03:45,337 - log - INFO - iter:1780/3783, clip_acc1=63.14606857299805, tta_acc1=59.66292190551758
2025-06-14 10:03:45,338 - log - INFO - iter:1780/3783, Original Acc@1: 63.15, Acc@5: 87.25, TTA Acc@1: 59.66, Acc@5: 84.04
2025-06-14 10:04:34,691 - log - INFO - iter:1800/3783, clip_acc1=62.4444465637207, tta_acc1=59.0
2025-06-14 10:04:34,692 - log - INFO - iter:1800/3783, Original Acc@1: 62.44, Acc@5: 86.39, TTA Acc@1: 59.00, Acc@5: 83.11
2025-06-14 10:05:24,040 - log - INFO - iter:1820/3783, clip_acc1=61.978023529052734, tta_acc1=58.46154022216797
2025-06-14 10:05:24,041 - log - INFO - iter:1820/3783, Original Acc@1: 61.98, Acc@5: 85.99, TTA Acc@1: 58.46, Acc@5: 82.69
2025-06-14 10:06:13,418 - log - INFO - iter:1840/3783, clip_acc1=61.956520080566406, tta_acc1=58.423912048339844
2025-06-14 10:06:13,419 - log - INFO - iter:1840/3783, Original Acc@1: 61.96, Acc@5: 86.14, TTA Acc@1: 58.42, Acc@5: 82.83
2025-06-14 10:07:02,769 - log - INFO - iter:1860/3783, clip_acc1=61.98925018310547, tta_acc1=58.494625091552734
2025-06-14 10:07:02,769 - log - INFO - iter:1860/3783, Original Acc@1: 61.99, Acc@5: 86.18, TTA Acc@1: 58.49, Acc@5: 82.90
2025-06-14 10:07:52,041 - log - INFO - iter:1880/3783, clip_acc1=62.340423583984375, tta_acc1=58.88297653198242
2025-06-14 10:07:52,042 - log - INFO - iter:1880/3783, Original Acc@1: 62.34, Acc@5: 86.28, TTA Acc@1: 58.88, Acc@5: 83.03
2025-06-14 10:08:41,530 - log - INFO - iter:1900/3783, clip_acc1=62.684207916259766, tta_acc1=59.26315689086914
2025-06-14 10:08:41,531 - log - INFO - iter:1900/3783, Original Acc@1: 62.68, Acc@5: 86.42, TTA Acc@1: 59.26, Acc@5: 83.21
2025-06-14 10:09:30,949 - log - INFO - iter:1920/3783, clip_acc1=63.020835876464844, tta_acc1=59.531253814697266
2025-06-14 10:09:30,949 - log - INFO - iter:1920/3783, Original Acc@1: 63.02, Acc@5: 86.56, TTA Acc@1: 59.53, Acc@5: 83.39
2025-06-14 10:10:20,390 - log - INFO - iter:1940/3783, clip_acc1=62.680416107177734, tta_acc1=59.17525863647461
2025-06-14 10:10:20,391 - log - INFO - iter:1940/3783, Original Acc@1: 62.68, Acc@5: 86.49, TTA Acc@1: 59.18, Acc@5: 83.30
2025-06-14 10:11:09,709 - log - INFO - iter:1960/3783, clip_acc1=62.142852783203125, tta_acc1=58.7244873046875
2025-06-14 10:11:09,709 - log - INFO - iter:1960/3783, Original Acc@1: 62.14, Acc@5: 86.38, TTA Acc@1: 58.72, Acc@5: 83.21
2025-06-14 10:11:59,303 - log - INFO - iter:1980/3783, clip_acc1=61.96969985961914, tta_acc1=58.63636779785156
2025-06-14 10:11:59,303 - log - INFO - iter:1980/3783, Original Acc@1: 61.97, Acc@5: 86.16, TTA Acc@1: 58.64, Acc@5: 83.03
2025-06-14 10:12:48,708 - log - INFO - iter:2000/3783, clip_acc1=62.30000305175781, tta_acc1=59.000003814697266
2025-06-14 10:12:48,709 - log - INFO - iter:2000/3783, Original Acc@1: 62.30, Acc@5: 86.30, TTA Acc@1: 59.00, Acc@5: 83.20
2025-06-14 10:13:38,179 - log - INFO - iter:2020/3783, clip_acc1=62.32673645019531, tta_acc1=59.25742721557617
2025-06-14 10:13:38,179 - log - INFO - iter:2020/3783, Original Acc@1: 62.33, Acc@5: 86.44, TTA Acc@1: 59.26, Acc@5: 83.37
2025-06-14 10:14:27,596 - log - INFO - iter:2040/3783, clip_acc1=62.352943420410156, tta_acc1=59.607845306396484
2025-06-14 10:14:27,596 - log - INFO - iter:2040/3783, Original Acc@1: 62.35, Acc@5: 86.57, TTA Acc@1: 59.61, Acc@5: 83.53
2025-06-14 10:15:18,819 - log - INFO - iter:2060/3783, clip_acc1=62.28155517578125, tta_acc1=59.75728225708008
2025-06-14 10:15:18,819 - log - INFO - iter:2060/3783, Original Acc@1: 62.28, Acc@5: 86.65, TTA Acc@1: 59.76, Acc@5: 83.69
2025-06-14 10:16:08,177 - log - INFO - iter:2080/3783, clip_acc1=62.5, tta_acc1=60.096153259277344
2025-06-14 10:16:08,177 - log - INFO - iter:2080/3783, Original Acc@1: 62.50, Acc@5: 86.78, TTA Acc@1: 60.10, Acc@5: 83.85
2025-06-14 10:16:57,616 - log - INFO - iter:2100/3783, clip_acc1=62.0476188659668, tta_acc1=59.666664123535156
2025-06-14 10:16:57,616 - log - INFO - iter:2100/3783, Original Acc@1: 62.05, Acc@5: 86.10, TTA Acc@1: 59.67, Acc@5: 83.19
2025-06-14 10:17:47,087 - log - INFO - iter:2120/3783, clip_acc1=61.46226501464844, tta_acc1=59.10377502441406
2025-06-14 10:17:47,087 - log - INFO - iter:2120/3783, Original Acc@1: 61.46, Acc@5: 85.57, TTA Acc@1: 59.10, Acc@5: 82.41
2025-06-14 10:18:36,610 - log - INFO - iter:2140/3783, clip_acc1=60.88785171508789, tta_acc1=58.5514030456543
2025-06-14 10:18:36,611 - log - INFO - iter:2140/3783, Original Acc@1: 60.89, Acc@5: 85.28, TTA Acc@1: 58.55, Acc@5: 82.01
2025-06-14 10:19:26,150 - log - INFO - iter:2160/3783, clip_acc1=60.50925827026367, tta_acc1=58.14814758300781
2025-06-14 10:19:26,150 - log - INFO - iter:2160/3783, Original Acc@1: 60.51, Acc@5: 84.86, TTA Acc@1: 58.15, Acc@5: 81.53
2025-06-14 10:20:15,592 - log - INFO - iter:2180/3783, clip_acc1=60.13761520385742, tta_acc1=57.75229263305664
2025-06-14 10:20:15,593 - log - INFO - iter:2180/3783, Original Acc@1: 60.14, Acc@5: 84.63, TTA Acc@1: 57.75, Acc@5: 81.38
2025-06-14 10:21:05,170 - log - INFO - iter:2200/3783, clip_acc1=60.04545593261719, tta_acc1=57.727272033691406
2025-06-14 10:21:05,170 - log - INFO - iter:2200/3783, Original Acc@1: 60.05, Acc@5: 84.41, TTA Acc@1: 57.73, Acc@5: 81.23
2025-06-14 10:21:54,723 - log - INFO - iter:2220/3783, clip_acc1=60.3603630065918, tta_acc1=58.06306457519531
2025-06-14 10:21:54,724 - log - INFO - iter:2220/3783, Original Acc@1: 60.36, Acc@5: 84.50, TTA Acc@1: 58.06, Acc@5: 81.40
2025-06-14 10:22:44,208 - log - INFO - iter:2240/3783, clip_acc1=60.35714340209961, tta_acc1=58.08035659790039
2025-06-14 10:22:44,209 - log - INFO - iter:2240/3783, Original Acc@1: 60.36, Acc@5: 84.29, TTA Acc@1: 58.08, Acc@5: 81.21
2025-06-14 10:23:33,806 - log - INFO - iter:2260/3783, clip_acc1=59.8230094909668, tta_acc1=57.56637191772461
2025-06-14 10:23:33,806 - log - INFO - iter:2260/3783, Original Acc@1: 59.82, Acc@5: 83.54, TTA Acc@1: 57.57, Acc@5: 80.49
2025-06-14 10:24:23,319 - log - INFO - iter:2280/3783, clip_acc1=59.605262756347656, tta_acc1=57.36842346191406
2025-06-14 10:24:23,320 - log - INFO - iter:2280/3783, Original Acc@1: 59.61, Acc@5: 83.11, TTA Acc@1: 57.37, Acc@5: 80.09
2025-06-14 10:25:13,400 - log - INFO - iter:2300/3783, clip_acc1=59.95652389526367, tta_acc1=57.65217590332031
2025-06-14 10:25:13,400 - log - INFO - iter:2300/3783, Original Acc@1: 59.96, Acc@5: 83.26, TTA Acc@1: 57.65, Acc@5: 80.26
2025-06-14 10:26:03,042 - log - INFO - iter:2320/3783, clip_acc1=60.30172348022461, tta_acc1=58.017242431640625
2025-06-14 10:26:03,042 - log - INFO - iter:2320/3783, Original Acc@1: 60.30, Acc@5: 83.41, TTA Acc@1: 58.02, Acc@5: 80.43
2025-06-14 10:26:52,583 - log - INFO - iter:2340/3783, clip_acc1=60.64102554321289, tta_acc1=58.376068115234375
2025-06-14 10:26:52,584 - log - INFO - iter:2340/3783, Original Acc@1: 60.64, Acc@5: 83.55, TTA Acc@1: 58.38, Acc@5: 80.60
2025-06-14 10:27:42,108 - log - INFO - iter:2360/3783, clip_acc1=60.97457504272461, tta_acc1=58.72881317138672
2025-06-14 10:27:42,109 - log - INFO - iter:2360/3783, Original Acc@1: 60.97, Acc@5: 83.69, TTA Acc@1: 58.73, Acc@5: 80.76
2025-06-14 10:28:31,729 - log - INFO - iter:2380/3783, clip_acc1=61.302520751953125, tta_acc1=59.07563018798828
2025-06-14 10:28:31,730 - log - INFO - iter:2380/3783, Original Acc@1: 61.30, Acc@5: 83.82, TTA Acc@1: 59.08, Acc@5: 80.92
2025-06-14 10:29:21,036 - log - INFO - iter:2400/3783, clip_acc1=61.625, tta_acc1=59.41666793823242
2025-06-14 10:29:21,036 - log - INFO - iter:2400/3783, Original Acc@1: 61.62, Acc@5: 83.96, TTA Acc@1: 59.42, Acc@5: 81.08
2025-06-14 10:30:10,599 - log - INFO - iter:2420/3783, clip_acc1=61.9421501159668, tta_acc1=59.75206756591797
2025-06-14 10:30:10,600 - log - INFO - iter:2420/3783, Original Acc@1: 61.94, Acc@5: 84.09, TTA Acc@1: 59.75, Acc@5: 81.24
2025-06-14 10:31:00,019 - log - INFO - iter:2440/3783, clip_acc1=62.25409698486328, tta_acc1=60.081966400146484
2025-06-14 10:31:00,019 - log - INFO - iter:2440/3783, Original Acc@1: 62.25, Acc@5: 84.22, TTA Acc@1: 60.08, Acc@5: 81.39
2025-06-14 10:31:49,442 - log - INFO - iter:2460/3783, clip_acc1=62.56097412109375, tta_acc1=60.162601470947266
2025-06-14 10:31:49,442 - log - INFO - iter:2460/3783, Original Acc@1: 62.56, Acc@5: 84.35, TTA Acc@1: 60.16, Acc@5: 81.54
2025-06-14 10:32:38,860 - log - INFO - iter:2480/3783, clip_acc1=62.8629035949707, tta_acc1=60.48387145996094
2025-06-14 10:32:38,860 - log - INFO - iter:2480/3783, Original Acc@1: 62.86, Acc@5: 84.48, TTA Acc@1: 60.48, Acc@5: 81.69
2025-06-14 10:33:28,240 - log - INFO - iter:2500/3783, clip_acc1=63.15999984741211, tta_acc1=60.79999923706055
2025-06-14 10:33:28,240 - log - INFO - iter:2500/3783, Original Acc@1: 63.16, Acc@5: 84.60, TTA Acc@1: 60.80, Acc@5: 81.84
2025-06-14 10:34:17,756 - log - INFO - iter:2520/3783, clip_acc1=63.4523811340332, tta_acc1=61.07143020629883
2025-06-14 10:34:17,757 - log - INFO - iter:2520/3783, Original Acc@1: 63.45, Acc@5: 84.72, TTA Acc@1: 61.07, Acc@5: 81.98
2025-06-14 10:35:07,207 - log - INFO - iter:2540/3783, clip_acc1=63.74015808105469, tta_acc1=61.33858108520508
2025-06-14 10:35:07,207 - log - INFO - iter:2540/3783, Original Acc@1: 63.74, Acc@5: 84.84, TTA Acc@1: 61.34, Acc@5: 82.13
2025-06-14 10:35:56,656 - log - INFO - iter:2560/3783, clip_acc1=63.515625, tta_acc1=61.171875
2025-06-14 10:35:56,656 - log - INFO - iter:2560/3783, Original Acc@1: 63.52, Acc@5: 84.80, TTA Acc@1: 61.17, Acc@5: 82.03
2025-06-14 10:36:46,079 - log - INFO - iter:2580/3783, clip_acc1=63.33333206176758, tta_acc1=61.16279220581055
2025-06-14 10:36:46,079 - log - INFO - iter:2580/3783, Original Acc@1: 63.33, Acc@5: 84.84, TTA Acc@1: 61.16, Acc@5: 82.13
2025-06-14 10:37:35,565 - log - INFO - iter:2600/3783, clip_acc1=63.03845977783203, tta_acc1=60.88461685180664
2025-06-14 10:37:35,565 - log - INFO - iter:2600/3783, Original Acc@1: 63.04, Acc@5: 84.96, TTA Acc@1: 60.88, Acc@5: 82.27
2025-06-14 10:38:24,899 - log - INFO - iter:2620/3783, clip_acc1=62.82442855834961, tta_acc1=60.725189208984375
2025-06-14 10:38:24,900 - log - INFO - iter:2620/3783, Original Acc@1: 62.82, Acc@5: 85.08, TTA Acc@1: 60.73, Acc@5: 82.18
2025-06-14 10:39:14,258 - log - INFO - iter:2640/3783, clip_acc1=62.99242401123047, tta_acc1=60.871212005615234
2025-06-14 10:39:14,259 - log - INFO - iter:2640/3783, Original Acc@1: 62.99, Acc@5: 85.19, TTA Acc@1: 60.87, Acc@5: 82.31
2025-06-14 10:40:03,747 - log - INFO - iter:2660/3783, clip_acc1=62.6315803527832, tta_acc1=60.48872375488281
2025-06-14 10:40:03,747 - log - INFO - iter:2660/3783, Original Acc@1: 62.63, Acc@5: 85.11, TTA Acc@1: 60.49, Acc@5: 82.11
2025-06-14 10:40:53,196 - log - INFO - iter:2680/3783, clip_acc1=62.20149230957031, tta_acc1=60.037315368652344
2025-06-14 10:40:53,196 - log - INFO - iter:2680/3783, Original Acc@1: 62.20, Acc@5: 85.22, TTA Acc@1: 60.04, Acc@5: 82.24
2025-06-14 10:41:42,558 - log - INFO - iter:2700/3783, clip_acc1=62.11111068725586, tta_acc1=59.77777862548828
2025-06-14 10:41:42,558 - log - INFO - iter:2700/3783, Original Acc@1: 62.11, Acc@5: 85.33, TTA Acc@1: 59.78, Acc@5: 82.37
2025-06-14 10:42:32,015 - log - INFO - iter:2720/3783, clip_acc1=62.02206039428711, tta_acc1=59.66911697387695
2025-06-14 10:42:32,015 - log - INFO - iter:2720/3783, Original Acc@1: 62.02, Acc@5: 85.29, TTA Acc@1: 59.67, Acc@5: 82.35
2025-06-14 10:43:21,328 - log - INFO - iter:2740/3783, clip_acc1=62.18977737426758, tta_acc1=59.8175163269043
2025-06-14 10:43:21,328 - log - INFO - iter:2740/3783, Original Acc@1: 62.19, Acc@5: 85.40, TTA Acc@1: 59.82, Acc@5: 82.41
2025-06-14 10:44:10,749 - log - INFO - iter:2760/3783, clip_acc1=62.46377182006836, tta_acc1=60.10869598388672
2025-06-14 10:44:10,749 - log - INFO - iter:2760/3783, Original Acc@1: 62.46, Acc@5: 85.51, TTA Acc@1: 60.11, Acc@5: 82.54
2025-06-14 10:45:00,255 - log - INFO - iter:2780/3783, clip_acc1=62.73381423950195, tta_acc1=60.39568328857422
2025-06-14 10:45:00,255 - log - INFO - iter:2780/3783, Original Acc@1: 62.73, Acc@5: 85.61, TTA Acc@1: 60.40, Acc@5: 82.66
2025-06-14 10:45:49,617 - log - INFO - iter:2800/3783, clip_acc1=62.67856979370117, tta_acc1=60.28571319580078
2025-06-14 10:45:49,617 - log - INFO - iter:2800/3783, Original Acc@1: 62.68, Acc@5: 85.54, TTA Acc@1: 60.29, Acc@5: 82.64
2025-06-14 10:46:39,079 - log - INFO - iter:2820/3783, clip_acc1=62.482269287109375, tta_acc1=60.035457611083984
2025-06-14 10:46:39,079 - log - INFO - iter:2820/3783, Original Acc@1: 62.48, Acc@5: 85.39, TTA Acc@1: 60.04, Acc@5: 82.41
2025-06-14 10:47:28,473 - log - INFO - iter:2840/3783, clip_acc1=62.74647521972656, tta_acc1=60.316898345947266
2025-06-14 10:47:28,474 - log - INFO - iter:2840/3783, Original Acc@1: 62.75, Acc@5: 85.49, TTA Acc@1: 60.32, Acc@5: 82.54
2025-06-14 10:48:17,839 - log - INFO - iter:2860/3783, clip_acc1=62.83216857910156, tta_acc1=60.41958236694336
2025-06-14 10:48:17,839 - log - INFO - iter:2860/3783, Original Acc@1: 62.83, Acc@5: 85.49, TTA Acc@1: 60.42, Acc@5: 82.48
2025-06-14 10:49:07,269 - log - INFO - iter:2880/3783, clip_acc1=62.46527862548828, tta_acc1=60.0694465637207
2025-06-14 10:49:07,269 - log - INFO - iter:2880/3783, Original Acc@1: 62.47, Acc@5: 85.28, TTA Acc@1: 60.07, Acc@5: 82.22
2025-06-14 10:49:56,583 - log - INFO - iter:2900/3783, clip_acc1=62.2068977355957, tta_acc1=59.72414016723633
2025-06-14 10:49:56,583 - log - INFO - iter:2900/3783, Original Acc@1: 62.21, Acc@5: 85.38, TTA Acc@1: 59.72, Acc@5: 82.28
2025-06-14 10:50:45,929 - log - INFO - iter:2920/3783, clip_acc1=62.363014221191406, tta_acc1=59.965755462646484
2025-06-14 10:50:45,930 - log - INFO - iter:2920/3783, Original Acc@1: 62.36, Acc@5: 85.48, TTA Acc@1: 59.97, Acc@5: 82.40
2025-06-14 10:51:35,642 - log - INFO - iter:2940/3783, clip_acc1=62.44898223876953, tta_acc1=60.10204315185547
2025-06-14 10:51:35,643 - log - INFO - iter:2940/3783, Original Acc@1: 62.45, Acc@5: 85.58, TTA Acc@1: 60.10, Acc@5: 82.48
2025-06-14 10:52:25,048 - log - INFO - iter:2960/3783, clip_acc1=62.02702713012695, tta_acc1=59.695945739746094
2025-06-14 10:52:25,048 - log - INFO - iter:2960/3783, Original Acc@1: 62.03, Acc@5: 85.27, TTA Acc@1: 59.70, Acc@5: 81.99
2025-06-14 10:53:14,537 - log - INFO - iter:2980/3783, clip_acc1=61.6778564453125, tta_acc1=59.29530334472656
2025-06-14 10:53:14,538 - log - INFO - iter:2980/3783, Original Acc@1: 61.68, Acc@5: 84.93, TTA Acc@1: 59.30, Acc@5: 81.58
2025-06-14 10:54:03,839 - log - INFO - iter:3000/3783, clip_acc1=61.599998474121094, tta_acc1=59.20000076293945
2025-06-14 10:54:03,839 - log - INFO - iter:3000/3783, Original Acc@1: 61.60, Acc@5: 84.87, TTA Acc@1: 59.20, Acc@5: 81.43
2025-06-14 10:54:53,391 - log - INFO - iter:3020/3783, clip_acc1=61.788082122802734, tta_acc1=59.40397262573242
2025-06-14 10:54:53,392 - log - INFO - iter:3020/3783, Original Acc@1: 61.79, Acc@5: 84.97, TTA Acc@1: 59.40, Acc@5: 81.52
2025-06-14 10:55:42,841 - log - INFO - iter:3040/3783, clip_acc1=61.97368621826172, tta_acc1=59.57237243652344
2025-06-14 10:55:42,841 - log - INFO - iter:3040/3783, Original Acc@1: 61.97, Acc@5: 85.07, TTA Acc@1: 59.57, Acc@5: 81.64
2025-06-14 10:56:32,471 - log - INFO - iter:3060/3783, clip_acc1=61.960784912109375, tta_acc1=59.607845306396484
2025-06-14 10:56:32,471 - log - INFO - iter:3060/3783, Original Acc@1: 61.96, Acc@5: 85.10, TTA Acc@1: 59.61, Acc@5: 81.67
2025-06-14 10:57:21,797 - log - INFO - iter:3080/3783, clip_acc1=61.558441162109375, tta_acc1=59.22077941894531
2025-06-14 10:57:21,798 - log - INFO - iter:3080/3783, Original Acc@1: 61.56, Acc@5: 84.68, TTA Acc@1: 59.22, Acc@5: 81.20
2025-06-14 10:58:11,233 - log - INFO - iter:3100/3783, clip_acc1=61.54838943481445, tta_acc1=59.225807189941406
2025-06-14 10:58:11,234 - log - INFO - iter:3100/3783, Original Acc@1: 61.55, Acc@5: 84.58, TTA Acc@1: 59.23, Acc@5: 81.10
2025-06-14 10:59:00,636 - log - INFO - iter:3120/3783, clip_acc1=61.762821197509766, tta_acc1=59.45513153076172
2025-06-14 10:59:00,636 - log - INFO - iter:3120/3783, Original Acc@1: 61.76, Acc@5: 84.68, TTA Acc@1: 59.46, Acc@5: 81.19
2025-06-14 10:59:49,927 - log - INFO - iter:3140/3783, clip_acc1=61.78343963623047, tta_acc1=59.45859909057617
2025-06-14 10:59:49,927 - log - INFO - iter:3140/3783, Original Acc@1: 61.78, Acc@5: 84.62, TTA Acc@1: 59.46, Acc@5: 81.15
2025-06-14 11:00:39,352 - log - INFO - iter:3160/3783, clip_acc1=61.80379867553711, tta_acc1=59.49367141723633
2025-06-14 11:00:39,353 - log - INFO - iter:3160/3783, Original Acc@1: 61.80, Acc@5: 84.56, TTA Acc@1: 59.49, Acc@5: 81.11
2025-06-14 11:01:28,788 - log - INFO - iter:3180/3783, clip_acc1=62.04402542114258, tta_acc1=59.74842834472656
2025-06-14 11:01:28,788 - log - INFO - iter:3180/3783, Original Acc@1: 62.04, Acc@5: 84.65, TTA Acc@1: 59.75, Acc@5: 81.23
2025-06-14 11:02:18,256 - log - INFO - iter:3200/3783, clip_acc1=62.21875, tta_acc1=59.9375
2025-06-14 11:02:18,257 - log - INFO - iter:3200/3783, Original Acc@1: 62.22, Acc@5: 84.69, TTA Acc@1: 59.94, Acc@5: 81.28
2025-06-14 11:03:07,616 - log - INFO - iter:3220/3783, clip_acc1=61.832298278808594, tta_acc1=59.565216064453125
2025-06-14 11:03:07,616 - log - INFO - iter:3220/3783, Original Acc@1: 61.83, Acc@5: 84.16, TTA Acc@1: 59.57, Acc@5: 80.78
2025-06-14 11:03:57,014 - log - INFO - iter:3240/3783, clip_acc1=61.75926208496094, tta_acc1=59.50617599487305
2025-06-14 11:03:57,014 - log - INFO - iter:3240/3783, Original Acc@1: 61.76, Acc@5: 83.95, TTA Acc@1: 59.51, Acc@5: 80.59
2025-06-14 11:04:46,381 - log - INFO - iter:3260/3783, clip_acc1=61.96318817138672, tta_acc1=59.72392654418945
2025-06-14 11:04:46,381 - log - INFO - iter:3260/3783, Original Acc@1: 61.96, Acc@5: 84.05, TTA Acc@1: 59.72, Acc@5: 80.71
2025-06-14 11:05:35,801 - log - INFO - iter:3280/3783, clip_acc1=62.19512176513672, tta_acc1=59.969512939453125
2025-06-14 11:05:35,802 - log - INFO - iter:3280/3783, Original Acc@1: 62.20, Acc@5: 84.15, TTA Acc@1: 59.97, Acc@5: 80.82
2025-06-14 11:06:25,154 - log - INFO - iter:3300/3783, clip_acc1=62.33333206176758, tta_acc1=60.121212005615234
2025-06-14 11:06:25,154 - log - INFO - iter:3300/3783, Original Acc@1: 62.33, Acc@5: 84.18, TTA Acc@1: 60.12, Acc@5: 80.88
2025-06-14 11:07:14,644 - log - INFO - iter:3320/3783, clip_acc1=62.28915786743164, tta_acc1=59.969879150390625
2025-06-14 11:07:14,644 - log - INFO - iter:3320/3783, Original Acc@1: 62.29, Acc@5: 84.10, TTA Acc@1: 59.97, Acc@5: 80.81
2025-06-14 11:08:04,163 - log - INFO - iter:3340/3783, clip_acc1=62.4550895690918, tta_acc1=60.089820861816406
2025-06-14 11:08:04,164 - log - INFO - iter:3340/3783, Original Acc@1: 62.46, Acc@5: 84.16, TTA Acc@1: 60.09, Acc@5: 80.84
2025-06-14 11:08:53,764 - log - INFO - iter:3360/3783, clip_acc1=62.67857360839844, tta_acc1=60.32738494873047
2025-06-14 11:08:53,764 - log - INFO - iter:3360/3783, Original Acc@1: 62.68, Acc@5: 84.26, TTA Acc@1: 60.33, Acc@5: 80.95
2025-06-14 11:09:43,219 - log - INFO - iter:3380/3783, clip_acc1=62.89940643310547, tta_acc1=60.562129974365234
2025-06-14 11:09:43,219 - log - INFO - iter:3380/3783, Original Acc@1: 62.90, Acc@5: 84.35, TTA Acc@1: 60.56, Acc@5: 81.07
2025-06-14 11:10:32,763 - log - INFO - iter:3400/3783, clip_acc1=63.117645263671875, tta_acc1=60.79411697387695
2025-06-14 11:10:32,763 - log - INFO - iter:3400/3783, Original Acc@1: 63.12, Acc@5: 84.44, TTA Acc@1: 60.79, Acc@5: 81.18
2025-06-14 11:11:22,221 - log - INFO - iter:3420/3783, clip_acc1=63.33333206176758, tta_acc1=60.935672760009766
2025-06-14 11:11:22,221 - log - INFO - iter:3420/3783, Original Acc@1: 63.33, Acc@5: 84.53, TTA Acc@1: 60.94, Acc@5: 81.29
2025-06-14 11:12:11,567 - log - INFO - iter:3440/3783, clip_acc1=63.546512603759766, tta_acc1=61.16279220581055
2025-06-14 11:12:11,567 - log - INFO - iter:3440/3783, Original Acc@1: 63.55, Acc@5: 84.62, TTA Acc@1: 61.16, Acc@5: 81.40
2025-06-14 11:13:01,432 - log - INFO - iter:3460/3783, clip_acc1=63.52600860595703, tta_acc1=61.15606689453125
2025-06-14 11:13:01,432 - log - INFO - iter:3460/3783, Original Acc@1: 63.53, Acc@5: 84.51, TTA Acc@1: 61.16, Acc@5: 81.36
2025-06-14 11:13:50,693 - log - INFO - iter:3480/3783, clip_acc1=63.160919189453125, tta_acc1=60.804595947265625
2025-06-14 11:13:50,694 - log - INFO - iter:3480/3783, Original Acc@1: 63.16, Acc@5: 84.17, TTA Acc@1: 60.80, Acc@5: 80.98
2025-06-14 11:14:39,995 - log - INFO - iter:3500/3783, clip_acc1=63.0, tta_acc1=60.628570556640625
2025-06-14 11:14:39,995 - log - INFO - iter:3500/3783, Original Acc@1: 63.00, Acc@5: 83.89, TTA Acc@1: 60.63, Acc@5: 80.71
2025-06-14 11:15:29,304 - log - INFO - iter:3520/3783, clip_acc1=63.068180084228516, tta_acc1=60.624996185302734
2025-06-14 11:15:29,304 - log - INFO - iter:3520/3783, Original Acc@1: 63.07, Acc@5: 83.92, TTA Acc@1: 60.62, Acc@5: 80.68
2025-06-14 11:16:18,598 - log - INFO - iter:3540/3783, clip_acc1=63.27683639526367, tta_acc1=60.84745788574219
2025-06-14 11:16:18,598 - log - INFO - iter:3540/3783, Original Acc@1: 63.28, Acc@5: 84.01, TTA Acc@1: 60.85, Acc@5: 80.79
2025-06-14 11:17:08,152 - log - INFO - iter:3560/3783, clip_acc1=63.48314666748047, tta_acc1=61.06741714477539
2025-06-14 11:17:08,152 - log - INFO - iter:3560/3783, Original Acc@1: 63.48, Acc@5: 84.10, TTA Acc@1: 61.07, Acc@5: 80.90
2025-06-14 11:17:57,653 - log - INFO - iter:3580/3783, clip_acc1=63.379886627197266, tta_acc1=61.005584716796875
2025-06-14 11:17:57,653 - log - INFO - iter:3580/3783, Original Acc@1: 63.38, Acc@5: 84.11, TTA Acc@1: 61.01, Acc@5: 80.89
2025-06-14 11:18:47,063 - log - INFO - iter:3600/3783, clip_acc1=63.111114501953125, tta_acc1=60.75
2025-06-14 11:18:47,063 - log - INFO - iter:3600/3783, Original Acc@1: 63.11, Acc@5: 84.17, TTA Acc@1: 60.75, Acc@5: 80.94
2025-06-14 11:19:36,484 - log - INFO - iter:3620/3783, clip_acc1=63.287288665771484, tta_acc1=60.93922424316406
2025-06-14 11:19:36,485 - log - INFO - iter:3620/3783, Original Acc@1: 63.29, Acc@5: 84.25, TTA Acc@1: 60.94, Acc@5: 81.02
2025-06-14 11:20:26,023 - log - INFO - iter:3640/3783, clip_acc1=63.46154022216797, tta_acc1=61.09890365600586
2025-06-14 11:20:26,023 - log - INFO - iter:3640/3783, Original Acc@1: 63.46, Acc@5: 84.34, TTA Acc@1: 61.10, Acc@5: 81.13
2025-06-14 11:21:15,369 - log - INFO - iter:3660/3783, clip_acc1=63.57923889160156, tta_acc1=61.202186584472656
2025-06-14 11:21:15,369 - log - INFO - iter:3660/3783, Original Acc@1: 63.58, Acc@5: 84.37, TTA Acc@1: 61.20, Acc@5: 81.15
2025-06-14 11:22:04,766 - log - INFO - iter:3680/3783, clip_acc1=63.586952209472656, tta_acc1=61.22282409667969
2025-06-14 11:22:04,767 - log - INFO - iter:3680/3783, Original Acc@1: 63.59, Acc@5: 84.46, TTA Acc@1: 61.22, Acc@5: 81.20
2025-06-14 11:22:54,140 - log - INFO - iter:3700/3783, clip_acc1=63.67567825317383, tta_acc1=61.32432556152344
2025-06-14 11:22:54,140 - log - INFO - iter:3700/3783, Original Acc@1: 63.68, Acc@5: 84.43, TTA Acc@1: 61.32, Acc@5: 81.19
2025-06-14 11:23:43,517 - log - INFO - iter:3720/3783, clip_acc1=63.844085693359375, tta_acc1=61.42473220825195
2025-06-14 11:23:43,517 - log - INFO - iter:3720/3783, Original Acc@1: 63.84, Acc@5: 84.52, TTA Acc@1: 61.42, Acc@5: 81.29
2025-06-14 11:24:32,858 - log - INFO - iter:3740/3783, clip_acc1=63.93048095703125, tta_acc1=61.57754135131836
2025-06-14 11:24:32,859 - log - INFO - iter:3740/3783, Original Acc@1: 63.93, Acc@5: 84.60, TTA Acc@1: 61.58, Acc@5: 81.39
2025-06-14 11:25:22,327 - log - INFO - iter:3760/3783, clip_acc1=63.82978439331055, tta_acc1=61.4361686706543
2025-06-14 11:25:22,327 - log - INFO - iter:3760/3783, Original Acc@1: 63.83, Acc@5: 84.52, TTA Acc@1: 61.44, Acc@5: 81.28
2025-06-14 11:26:11,776 - log - INFO - iter:3780/3783, clip_acc1=63.4920654296875, tta_acc1=61.11111068725586
2025-06-14 11:26:11,776 - log - INFO - iter:3780/3783, Original Acc@1: 63.49, Acc@5: 84.10, TTA Acc@1: 61.11, Acc@5: 80.87
2025-06-14 11:26:19,085 - log - INFO - iter:3783/3783, clip_acc1=63.44171142578125, tta_acc1=61.062644958496094
2025-06-14 11:26:19,086 - log - INFO - iter:3783/3783, Original Acc@1: 63.44, Acc@5: 84.03, TTA Acc@1: 61.06, Acc@5: 80.81
2025-06-14 11:26:19,222 - log - INFO - Final results - Original Acc@1: 63.44, Acc@5: 84.03, TTA Acc@1: 61.06, Acc@5: 80.81
2025-06-14 11:26:19,222 - log - INFO - Improvement from TTA in Acc@1 -2.38, and Acc@5 -3.22
2025-06-14 11:26:19,223 - log - INFO - Number of selected samples with index 0: 1740
2025-06-14 11:26:19,223 - log - INFO - Number of samples in the dataset: 3783
2025-06-14 11:26:19,246 - log - INFO - Selected IDs saved to /leonardo_work/EUHPC_R04_192/fmohamma/Adversarial_Robust_Clip/ATPT/Final_Results/delta_clip_l14_224/UCF101/Clean/Counter_Attack/Eps_4_0_Steps_2_Alpha_1_0/tau_0_2_beta_2_0_weighted_pertrubation_True/TPT/Optimization_Loss_tpt_LR_0_005_Optimization_Steps_1_View_Selection_Fraction_0_1/Inference_Ensemble_vanilla/selected_topk.json
2025-06-14 11:26:19,480 - log - INFO - Batch entropies saved to /leonardo_work/EUHPC_R04_192/fmohamma/Adversarial_Robust_Clip/ATPT/Final_Results/delta_clip_l14_224/UCF101/Clean/Counter_Attack/Eps_4_0_Steps_2_Alpha_1_0/tau_0_2_beta_2_0_weighted_pertrubation_True/TPT/Optimization_Loss_tpt_LR_0_005_Optimization_Steps_1_View_Selection_Fraction_0_1/Inference_Ensemble_vanilla/entropies.json
2025-06-14 11:26:19,484 - log - INFO - => Acc. on testset [UCF101]: Clean Acc @1 63.44171142578125/ TTA Clean Acc @1 61.062644958496094, Clean Acc @5 84.03382873535156/ TTA Clean Acc @5 80.80887603759766
2025-06-14 11:26:19,484 - log - INFO - Total script execution time: 9525.70 seconds (158.76 minutes)
