2025-06-05 05:20:18,170 - log - INFO - ==========================================
data:/leonardo_work/EUHPC_R04_192/fmohamma/Adversarial_Robust_Clip/atpt_data/downstream_datasets
test_sets:Pets
dataset_mode:test
arch:delta_clip_l14_224
resolution:224
workers:4
no_pin_memory:False
batch_size:64
print_freq:20
gpu:0
no_cudnn_benchmark:False
n_ctx:4
ctx_init:a_photo_of_a
tpt_loss:rtpt
seed:0
output_dir:/leonardo_work/EUHPC_R04_192/fmohamma/Adversarial_Robust_Clip/atpt_data/delta_clip_l14_224/Pets
log_output_dir:/leonardo_work/EUHPC_R04_192/fmohamma/Adversarial_Robust_Clip/ATPT/Final_Results/delta_clip_l14_224/Pets
eps:0.0
alpha:0.0
alpha_eps_ratio:4.0
steps:0
lr:0.005
selection_p:0.1
tta_steps:0
ensemble_type:none
top_k:20
softmax_temp:0.01
counter_attack:True
counter_attack_type:pgd
counter_attack_steps:0
counter_attack_eps:2.0
counter_attack_alpha:1.0
counter_attack_tau_thres:0.2
counter_attack_beta:2.0
counter_attack_weighted_perturbations:True
pgd_clip_pure_i_text_embeddings:null
pgd_counter_and_clipure_i_lamda:1.0
selected_id_name:selected_topk.json
weighted_score_name:weighted_scores.json
batch_entropy_name:entropies.json
log_dir:/leonardo_work/EUHPC_R04_192/fmohamma/Adversarial_Robust_Clip/ATPT/Final_Results/delta_clip_l14_224/Pets/Clean/Counter_Attack/Eps_2_0_Steps_0_Alpha_1_0/tau_0_2_beta_2_0_weighted_pertrubation_True/No_TPT/Inference_Ensemble_none

2025-06-05 05:20:18,171 - log - INFO - Use GPU: 0 for training
2025-06-05 05:22:17,896 - log - INFO - Freezing all parameters except prompt learner
2025-06-05 05:22:17,898 - log - INFO - => Model created: visual backbone delta_clip_l14_224
2025-06-05 05:22:17,918 - log - INFO - Number of test samples: 3669
2025-06-05 05:22:17,919 - log - INFO - Evaluating dataset: Pets
2025-06-05 05:22:17,920 - log - INFO - Starting evaluation with batch size: 64, selection percentage: 0.1
2025-06-05 05:22:17,920 - log - INFO - Test-time adaptation steps: 0, learning rate: 0.005
2025-06-05 05:22:17,920 - log - INFO - Using counter-attack with epsilon: 2.000000, alpha: 0.000000, steps: 0, tau_thres: 0.2, beta: 2.0, weighted perturbation: True
2025-06-05 05:23:05,759 - log - INFO - iter:20/3669, clip_acc1=50.0, tta_acc1=50.0
2025-06-05 05:23:05,760 - log - INFO - iter:20/3669, Original Acc@1: 50.00, Acc@5: 90.00, TTA Acc@1: 50.00, Acc@5: 90.00
2025-06-05 05:23:39,818 - log - INFO - iter:40/3669, clip_acc1=47.5, tta_acc1=47.5
2025-06-05 05:23:39,818 - log - INFO - iter:40/3669, Original Acc@1: 47.50, Acc@5: 95.00, TTA Acc@1: 47.50, Acc@5: 95.00
2025-06-05 05:24:14,552 - log - INFO - iter:60/3669, clip_acc1=53.333335876464844, tta_acc1=53.333335876464844
2025-06-05 05:24:14,552 - log - INFO - iter:60/3669, Original Acc@1: 53.33, Acc@5: 96.67, TTA Acc@1: 53.33, Acc@5: 96.67
2025-06-05 05:24:48,313 - log - INFO - iter:80/3669, clip_acc1=53.75, tta_acc1=53.75
2025-06-05 05:24:48,313 - log - INFO - iter:80/3669, Original Acc@1: 53.75, Acc@5: 97.50, TTA Acc@1: 53.75, Acc@5: 97.50
2025-06-05 05:25:22,145 - log - INFO - iter:100/3669, clip_acc1=55.0, tta_acc1=55.0
2025-06-05 05:25:22,146 - log - INFO - iter:100/3669, Original Acc@1: 55.00, Acc@5: 98.00, TTA Acc@1: 55.00, Acc@5: 98.00
2025-06-05 05:25:56,050 - log - INFO - iter:120/3669, clip_acc1=60.833335876464844, tta_acc1=60.833335876464844
2025-06-05 05:25:56,050 - log - INFO - iter:120/3669, Original Acc@1: 60.83, Acc@5: 98.33, TTA Acc@1: 60.83, Acc@5: 98.33
2025-06-05 05:26:29,948 - log - INFO - iter:140/3669, clip_acc1=63.57143020629883, tta_acc1=63.57143020629883
2025-06-05 05:26:29,948 - log - INFO - iter:140/3669, Original Acc@1: 63.57, Acc@5: 98.57, TTA Acc@1: 63.57, Acc@5: 98.57
2025-06-05 05:27:03,872 - log - INFO - iter:160/3669, clip_acc1=66.25, tta_acc1=66.25
2025-06-05 05:27:03,872 - log - INFO - iter:160/3669, Original Acc@1: 66.25, Acc@5: 98.75, TTA Acc@1: 66.25, Acc@5: 98.75
2025-06-05 05:27:37,738 - log - INFO - iter:180/3669, clip_acc1=68.33333587646484, tta_acc1=68.33333587646484
2025-06-05 05:27:37,738 - log - INFO - iter:180/3669, Original Acc@1: 68.33, Acc@5: 98.89, TTA Acc@1: 68.33, Acc@5: 98.89
2025-06-05 05:28:11,524 - log - INFO - iter:200/3669, clip_acc1=70.0, tta_acc1=70.0
2025-06-05 05:28:11,524 - log - INFO - iter:200/3669, Original Acc@1: 70.00, Acc@5: 98.50, TTA Acc@1: 70.00, Acc@5: 98.50
2025-06-05 05:28:45,346 - log - INFO - iter:220/3669, clip_acc1=72.2727279663086, tta_acc1=72.2727279663086
2025-06-05 05:28:45,346 - log - INFO - iter:220/3669, Original Acc@1: 72.27, Acc@5: 98.64, TTA Acc@1: 72.27, Acc@5: 98.64
2025-06-05 05:29:19,119 - log - INFO - iter:240/3669, clip_acc1=71.66667175292969, tta_acc1=71.66667175292969
2025-06-05 05:29:19,119 - log - INFO - iter:240/3669, Original Acc@1: 71.67, Acc@5: 98.75, TTA Acc@1: 71.67, Acc@5: 98.75
2025-06-05 05:29:52,941 - log - INFO - iter:260/3669, clip_acc1=71.53845977783203, tta_acc1=71.53845977783203
2025-06-05 05:29:52,941 - log - INFO - iter:260/3669, Original Acc@1: 71.54, Acc@5: 98.85, TTA Acc@1: 71.54, Acc@5: 98.85
2025-06-05 05:30:26,708 - log - INFO - iter:280/3669, clip_acc1=73.21428680419922, tta_acc1=73.21428680419922
2025-06-05 05:30:26,708 - log - INFO - iter:280/3669, Original Acc@1: 73.21, Acc@5: 98.93, TTA Acc@1: 73.21, Acc@5: 98.93
2025-06-05 05:31:00,478 - log - INFO - iter:300/3669, clip_acc1=73.33333587646484, tta_acc1=73.33333587646484
2025-06-05 05:31:00,478 - log - INFO - iter:300/3669, Original Acc@1: 73.33, Acc@5: 99.00, TTA Acc@1: 73.33, Acc@5: 99.00
2025-06-05 05:31:34,315 - log - INFO - iter:320/3669, clip_acc1=73.75, tta_acc1=73.75
2025-06-05 05:31:34,315 - log - INFO - iter:320/3669, Original Acc@1: 73.75, Acc@5: 99.06, TTA Acc@1: 73.75, Acc@5: 99.06
2025-06-05 05:32:08,195 - log - INFO - iter:340/3669, clip_acc1=75.0, tta_acc1=75.0
2025-06-05 05:32:08,196 - log - INFO - iter:340/3669, Original Acc@1: 75.00, Acc@5: 99.12, TTA Acc@1: 75.00, Acc@5: 99.12
2025-06-05 05:32:42,015 - log - INFO - iter:360/3669, clip_acc1=75.83333587646484, tta_acc1=75.83333587646484
2025-06-05 05:32:42,015 - log - INFO - iter:360/3669, Original Acc@1: 75.83, Acc@5: 99.17, TTA Acc@1: 75.83, Acc@5: 99.17
2025-06-05 05:33:15,724 - log - INFO - iter:380/3669, clip_acc1=76.84210968017578, tta_acc1=76.84210968017578
2025-06-05 05:33:15,724 - log - INFO - iter:380/3669, Original Acc@1: 76.84, Acc@5: 99.21, TTA Acc@1: 76.84, Acc@5: 99.21
2025-06-05 05:33:49,516 - log - INFO - iter:400/3669, clip_acc1=78.0, tta_acc1=78.0
2025-06-05 05:33:49,517 - log - INFO - iter:400/3669, Original Acc@1: 78.00, Acc@5: 99.25, TTA Acc@1: 78.00, Acc@5: 99.25
2025-06-05 05:34:23,208 - log - INFO - iter:420/3669, clip_acc1=78.5714340209961, tta_acc1=78.5714340209961
2025-06-05 05:34:23,209 - log - INFO - iter:420/3669, Original Acc@1: 78.57, Acc@5: 99.05, TTA Acc@1: 78.57, Acc@5: 99.05
2025-06-05 05:34:57,055 - log - INFO - iter:440/3669, clip_acc1=79.54544830322266, tta_acc1=79.54544830322266
2025-06-05 05:34:57,055 - log - INFO - iter:440/3669, Original Acc@1: 79.55, Acc@5: 99.09, TTA Acc@1: 79.55, Acc@5: 99.09
2025-06-05 05:35:30,697 - log - INFO - iter:460/3669, clip_acc1=80.43477630615234, tta_acc1=80.43477630615234
2025-06-05 05:35:30,698 - log - INFO - iter:460/3669, Original Acc@1: 80.43, Acc@5: 99.13, TTA Acc@1: 80.43, Acc@5: 99.13
2025-06-05 05:36:04,512 - log - INFO - iter:480/3669, clip_acc1=81.25000762939453, tta_acc1=81.25000762939453
2025-06-05 05:36:04,512 - log - INFO - iter:480/3669, Original Acc@1: 81.25, Acc@5: 99.17, TTA Acc@1: 81.25, Acc@5: 99.17
2025-06-05 05:36:38,393 - log - INFO - iter:500/3669, clip_acc1=82.00000762939453, tta_acc1=82.00000762939453
2025-06-05 05:36:38,393 - log - INFO - iter:500/3669, Original Acc@1: 82.00, Acc@5: 99.20, TTA Acc@1: 82.00, Acc@5: 99.20
2025-06-05 05:37:12,277 - log - INFO - iter:520/3669, clip_acc1=82.30769348144531, tta_acc1=82.30769348144531
2025-06-05 05:37:12,277 - log - INFO - iter:520/3669, Original Acc@1: 82.31, Acc@5: 99.23, TTA Acc@1: 82.31, Acc@5: 99.23
2025-06-05 05:37:46,152 - log - INFO - iter:540/3669, clip_acc1=81.85185241699219, tta_acc1=81.85185241699219
2025-06-05 05:37:46,152 - log - INFO - iter:540/3669, Original Acc@1: 81.85, Acc@5: 99.26, TTA Acc@1: 81.85, Acc@5: 99.26
2025-06-05 05:38:19,846 - log - INFO - iter:560/3669, clip_acc1=81.78571319580078, tta_acc1=81.78571319580078
2025-06-05 05:38:19,847 - log - INFO - iter:560/3669, Original Acc@1: 81.79, Acc@5: 99.29, TTA Acc@1: 81.79, Acc@5: 99.29
2025-06-05 05:38:53,754 - log - INFO - iter:580/3669, clip_acc1=80.86206817626953, tta_acc1=80.86206817626953
2025-06-05 05:38:53,754 - log - INFO - iter:580/3669, Original Acc@1: 80.86, Acc@5: 99.31, TTA Acc@1: 80.86, Acc@5: 99.31
2025-06-05 05:39:27,515 - log - INFO - iter:600/3669, clip_acc1=80.83333587646484, tta_acc1=80.83333587646484
2025-06-05 05:39:27,515 - log - INFO - iter:600/3669, Original Acc@1: 80.83, Acc@5: 99.33, TTA Acc@1: 80.83, Acc@5: 99.33
2025-06-05 05:40:01,343 - log - INFO - iter:620/3669, clip_acc1=81.29032135009766, tta_acc1=81.29032135009766
2025-06-05 05:40:01,343 - log - INFO - iter:620/3669, Original Acc@1: 81.29, Acc@5: 99.35, TTA Acc@1: 81.29, Acc@5: 99.35
2025-06-05 05:40:35,314 - log - INFO - iter:640/3669, clip_acc1=81.09375, tta_acc1=81.09375
2025-06-05 05:40:35,314 - log - INFO - iter:640/3669, Original Acc@1: 81.09, Acc@5: 99.38, TTA Acc@1: 81.09, Acc@5: 99.38
2025-06-05 05:41:09,164 - log - INFO - iter:660/3669, clip_acc1=80.90908813476562, tta_acc1=80.90908813476562
2025-06-05 05:41:09,164 - log - INFO - iter:660/3669, Original Acc@1: 80.91, Acc@5: 99.39, TTA Acc@1: 80.91, Acc@5: 99.39
2025-06-05 05:41:42,822 - log - INFO - iter:680/3669, clip_acc1=81.47058868408203, tta_acc1=81.47058868408203
2025-06-05 05:41:42,822 - log - INFO - iter:680/3669, Original Acc@1: 81.47, Acc@5: 99.41, TTA Acc@1: 81.47, Acc@5: 99.41
2025-06-05 05:42:16,684 - log - INFO - iter:700/3669, clip_acc1=81.42857360839844, tta_acc1=81.42857360839844
2025-06-05 05:42:16,684 - log - INFO - iter:700/3669, Original Acc@1: 81.43, Acc@5: 99.14, TTA Acc@1: 81.43, Acc@5: 99.14
2025-06-05 05:42:50,547 - log - INFO - iter:720/3669, clip_acc1=79.16667175292969, tta_acc1=79.16667175292969
2025-06-05 05:42:50,548 - log - INFO - iter:720/3669, Original Acc@1: 79.17, Acc@5: 96.39, TTA Acc@1: 79.17, Acc@5: 96.39
2025-06-05 05:43:24,491 - log - INFO - iter:740/3669, clip_acc1=77.02703094482422, tta_acc1=77.02703094482422
2025-06-05 05:43:24,492 - log - INFO - iter:740/3669, Original Acc@1: 77.03, Acc@5: 93.78, TTA Acc@1: 77.03, Acc@5: 93.78
2025-06-05 05:43:58,316 - log - INFO - iter:760/3669, clip_acc1=75.0, tta_acc1=75.0
2025-06-05 05:43:58,317 - log - INFO - iter:760/3669, Original Acc@1: 75.00, Acc@5: 91.32, TTA Acc@1: 75.00, Acc@5: 91.32
2025-06-05 05:44:32,050 - log - INFO - iter:780/3669, clip_acc1=73.0769271850586, tta_acc1=73.0769271850586
2025-06-05 05:44:32,051 - log - INFO - iter:780/3669, Original Acc@1: 73.08, Acc@5: 88.97, TTA Acc@1: 73.08, Acc@5: 88.97
2025-06-05 05:45:05,861 - log - INFO - iter:800/3669, clip_acc1=72.625, tta_acc1=72.625
2025-06-05 05:45:05,861 - log - INFO - iter:800/3669, Original Acc@1: 72.62, Acc@5: 88.38, TTA Acc@1: 72.62, Acc@5: 88.38
2025-06-05 05:45:39,698 - log - INFO - iter:820/3669, clip_acc1=72.92682647705078, tta_acc1=72.92682647705078
2025-06-05 05:45:39,699 - log - INFO - iter:820/3669, Original Acc@1: 72.93, Acc@5: 88.66, TTA Acc@1: 72.93, Acc@5: 88.66
2025-06-05 05:46:13,649 - log - INFO - iter:840/3669, clip_acc1=73.45238494873047, tta_acc1=73.45238494873047
2025-06-05 05:46:13,649 - log - INFO - iter:840/3669, Original Acc@1: 73.45, Acc@5: 88.93, TTA Acc@1: 73.45, Acc@5: 88.93
2025-06-05 05:46:47,460 - log - INFO - iter:860/3669, clip_acc1=73.83721160888672, tta_acc1=73.83721160888672
2025-06-05 05:46:47,460 - log - INFO - iter:860/3669, Original Acc@1: 73.84, Acc@5: 89.19, TTA Acc@1: 73.84, Acc@5: 89.19
2025-06-05 05:47:21,333 - log - INFO - iter:880/3669, clip_acc1=74.31817626953125, tta_acc1=74.31817626953125
2025-06-05 05:47:21,333 - log - INFO - iter:880/3669, Original Acc@1: 74.32, Acc@5: 89.43, TTA Acc@1: 74.32, Acc@5: 89.43
2025-06-05 05:47:55,153 - log - INFO - iter:900/3669, clip_acc1=74.55555725097656, tta_acc1=74.55555725097656
2025-06-05 05:47:55,154 - log - INFO - iter:900/3669, Original Acc@1: 74.56, Acc@5: 89.67, TTA Acc@1: 74.56, Acc@5: 89.67
2025-06-05 05:48:29,098 - log - INFO - iter:920/3669, clip_acc1=75.10869598388672, tta_acc1=75.10869598388672
2025-06-05 05:48:29,099 - log - INFO - iter:920/3669, Original Acc@1: 75.11, Acc@5: 89.89, TTA Acc@1: 75.11, Acc@5: 89.89
2025-06-05 05:49:02,936 - log - INFO - iter:940/3669, clip_acc1=75.53191375732422, tta_acc1=75.53191375732422
2025-06-05 05:49:02,936 - log - INFO - iter:940/3669, Original Acc@1: 75.53, Acc@5: 90.11, TTA Acc@1: 75.53, Acc@5: 90.11
2025-06-05 05:49:36,745 - log - INFO - iter:960/3669, clip_acc1=75.93750762939453, tta_acc1=75.93750762939453
2025-06-05 05:49:36,746 - log - INFO - iter:960/3669, Original Acc@1: 75.94, Acc@5: 90.31, TTA Acc@1: 75.94, Acc@5: 90.31
2025-06-05 05:50:10,443 - log - INFO - iter:980/3669, clip_acc1=76.12244415283203, tta_acc1=76.12244415283203
2025-06-05 05:50:10,443 - log - INFO - iter:980/3669, Original Acc@1: 76.12, Acc@5: 90.51, TTA Acc@1: 76.12, Acc@5: 90.51
2025-06-05 05:50:44,234 - log - INFO - iter:1000/3669, clip_acc1=76.5, tta_acc1=76.5
2025-06-05 05:50:44,234 - log - INFO - iter:1000/3669, Original Acc@1: 76.50, Acc@5: 90.70, TTA Acc@1: 76.50, Acc@5: 90.70
2025-06-05 05:51:18,000 - log - INFO - iter:1020/3669, clip_acc1=76.66667175292969, tta_acc1=76.66667175292969
2025-06-05 05:51:18,000 - log - INFO - iter:1020/3669, Original Acc@1: 76.67, Acc@5: 90.88, TTA Acc@1: 76.67, Acc@5: 90.88
2025-06-05 05:51:51,832 - log - INFO - iter:1040/3669, clip_acc1=76.92308044433594, tta_acc1=76.92308044433594
2025-06-05 05:51:51,832 - log - INFO - iter:1040/3669, Original Acc@1: 76.92, Acc@5: 91.06, TTA Acc@1: 76.92, Acc@5: 91.06
2025-06-05 05:52:25,715 - log - INFO - iter:1060/3669, clip_acc1=77.35848999023438, tta_acc1=77.35848999023438
2025-06-05 05:52:25,715 - log - INFO - iter:1060/3669, Original Acc@1: 77.36, Acc@5: 91.23, TTA Acc@1: 77.36, Acc@5: 91.23
2025-06-05 05:52:59,527 - log - INFO - iter:1080/3669, clip_acc1=77.5, tta_acc1=77.5
2025-06-05 05:52:59,527 - log - INFO - iter:1080/3669, Original Acc@1: 77.50, Acc@5: 91.39, TTA Acc@1: 77.50, Acc@5: 91.39
2025-06-05 05:53:33,441 - log - INFO - iter:1100/3669, clip_acc1=77.2727279663086, tta_acc1=77.2727279663086
2025-06-05 05:53:33,441 - log - INFO - iter:1100/3669, Original Acc@1: 77.27, Acc@5: 91.45, TTA Acc@1: 77.27, Acc@5: 91.45
2025-06-05 05:54:07,216 - log - INFO - iter:1120/3669, clip_acc1=77.23213958740234, tta_acc1=77.23213958740234
2025-06-05 05:54:07,216 - log - INFO - iter:1120/3669, Original Acc@1: 77.23, Acc@5: 91.61, TTA Acc@1: 77.23, Acc@5: 91.61
2025-06-05 05:54:41,158 - log - INFO - iter:1140/3669, clip_acc1=77.10526275634766, tta_acc1=77.10526275634766
2025-06-05 05:54:41,159 - log - INFO - iter:1140/3669, Original Acc@1: 77.11, Acc@5: 91.75, TTA Acc@1: 77.11, Acc@5: 91.75
2025-06-05 05:55:15,004 - log - INFO - iter:1160/3669, clip_acc1=77.1551742553711, tta_acc1=77.1551742553711
2025-06-05 05:55:15,004 - log - INFO - iter:1160/3669, Original Acc@1: 77.16, Acc@5: 91.81, TTA Acc@1: 77.16, Acc@5: 91.81
2025-06-05 05:55:48,832 - log - INFO - iter:1180/3669, clip_acc1=77.2033920288086, tta_acc1=77.2033920288086
2025-06-05 05:55:48,832 - log - INFO - iter:1180/3669, Original Acc@1: 77.20, Acc@5: 91.95, TTA Acc@1: 77.20, Acc@5: 91.95
2025-06-05 05:56:22,710 - log - INFO - iter:1200/3669, clip_acc1=77.41667175292969, tta_acc1=77.41667175292969
2025-06-05 05:56:22,710 - log - INFO - iter:1200/3669, Original Acc@1: 77.42, Acc@5: 92.08, TTA Acc@1: 77.42, Acc@5: 92.08
2025-06-05 05:56:56,498 - log - INFO - iter:1220/3669, clip_acc1=77.6229476928711, tta_acc1=77.6229476928711
2025-06-05 05:56:56,498 - log - INFO - iter:1220/3669, Original Acc@1: 77.62, Acc@5: 92.21, TTA Acc@1: 77.62, Acc@5: 92.21
2025-06-05 05:57:30,362 - log - INFO - iter:1240/3669, clip_acc1=77.66128540039062, tta_acc1=77.66128540039062
2025-06-05 05:57:30,362 - log - INFO - iter:1240/3669, Original Acc@1: 77.66, Acc@5: 92.34, TTA Acc@1: 77.66, Acc@5: 92.34
2025-06-05 05:58:04,238 - log - INFO - iter:1260/3669, clip_acc1=77.93650817871094, tta_acc1=77.93650817871094
2025-06-05 05:58:04,238 - log - INFO - iter:1260/3669, Original Acc@1: 77.94, Acc@5: 92.46, TTA Acc@1: 77.94, Acc@5: 92.46
2025-06-05 05:58:38,045 - log - INFO - iter:1280/3669, clip_acc1=78.28125, tta_acc1=78.28125
2025-06-05 05:58:38,046 - log - INFO - iter:1280/3669, Original Acc@1: 78.28, Acc@5: 92.58, TTA Acc@1: 78.28, Acc@5: 92.58
2025-06-05 05:59:12,052 - log - INFO - iter:1300/3669, clip_acc1=78.23076629638672, tta_acc1=78.23076629638672
2025-06-05 05:59:12,052 - log - INFO - iter:1300/3669, Original Acc@1: 78.23, Acc@5: 92.69, TTA Acc@1: 78.23, Acc@5: 92.69
2025-06-05 05:59:45,932 - log - INFO - iter:1320/3669, clip_acc1=78.40908813476562, tta_acc1=78.40908813476562
2025-06-05 05:59:45,933 - log - INFO - iter:1320/3669, Original Acc@1: 78.41, Acc@5: 92.80, TTA Acc@1: 78.41, Acc@5: 92.80
2025-06-05 06:00:19,853 - log - INFO - iter:1340/3669, clip_acc1=78.6567153930664, tta_acc1=78.6567153930664
2025-06-05 06:00:19,853 - log - INFO - iter:1340/3669, Original Acc@1: 78.66, Acc@5: 92.91, TTA Acc@1: 78.66, Acc@5: 92.91
2025-06-05 06:00:53,742 - log - INFO - iter:1360/3669, clip_acc1=78.89705657958984, tta_acc1=78.89705657958984
2025-06-05 06:00:53,743 - log - INFO - iter:1360/3669, Original Acc@1: 78.90, Acc@5: 93.01, TTA Acc@1: 78.90, Acc@5: 93.01
2025-06-05 06:01:27,498 - log - INFO - iter:1380/3669, clip_acc1=79.05797576904297, tta_acc1=79.05797576904297
2025-06-05 06:01:27,498 - log - INFO - iter:1380/3669, Original Acc@1: 79.06, Acc@5: 93.12, TTA Acc@1: 79.06, Acc@5: 93.12
2025-06-05 06:02:01,387 - log - INFO - iter:1400/3669, clip_acc1=79.21428680419922, tta_acc1=79.21428680419922
2025-06-05 06:02:01,387 - log - INFO - iter:1400/3669, Original Acc@1: 79.21, Acc@5: 93.21, TTA Acc@1: 79.21, Acc@5: 93.21
2025-06-05 06:02:35,206 - log - INFO - iter:1420/3669, clip_acc1=79.36619567871094, tta_acc1=79.36619567871094
2025-06-05 06:02:35,206 - log - INFO - iter:1420/3669, Original Acc@1: 79.37, Acc@5: 93.31, TTA Acc@1: 79.37, Acc@5: 93.31
2025-06-05 06:03:09,023 - log - INFO - iter:1440/3669, clip_acc1=79.65277862548828, tta_acc1=79.65277862548828
2025-06-05 06:03:09,023 - log - INFO - iter:1440/3669, Original Acc@1: 79.65, Acc@5: 93.40, TTA Acc@1: 79.65, Acc@5: 93.40
2025-06-05 06:03:42,777 - log - INFO - iter:1460/3669, clip_acc1=79.93151092529297, tta_acc1=79.93151092529297
2025-06-05 06:03:42,777 - log - INFO - iter:1460/3669, Original Acc@1: 79.93, Acc@5: 93.49, TTA Acc@1: 79.93, Acc@5: 93.49
2025-06-05 06:04:16,549 - log - INFO - iter:1480/3669, clip_acc1=80.20270538330078, tta_acc1=80.20270538330078
2025-06-05 06:04:16,550 - log - INFO - iter:1480/3669, Original Acc@1: 80.20, Acc@5: 93.58, TTA Acc@1: 80.20, Acc@5: 93.58
2025-06-05 06:04:50,486 - log - INFO - iter:1500/3669, clip_acc1=80.33333587646484, tta_acc1=80.33333587646484
2025-06-05 06:04:50,486 - log - INFO - iter:1500/3669, Original Acc@1: 80.33, Acc@5: 93.67, TTA Acc@1: 80.33, Acc@5: 93.67
2025-06-05 06:05:24,436 - log - INFO - iter:1520/3669, clip_acc1=80.46053314208984, tta_acc1=80.46053314208984
2025-06-05 06:05:24,437 - log - INFO - iter:1520/3669, Original Acc@1: 80.46, Acc@5: 93.75, TTA Acc@1: 80.46, Acc@5: 93.75
2025-06-05 06:05:58,195 - log - INFO - iter:1540/3669, clip_acc1=80.71428680419922, tta_acc1=80.71428680419922
2025-06-05 06:05:58,195 - log - INFO - iter:1540/3669, Original Acc@1: 80.71, Acc@5: 93.83, TTA Acc@1: 80.71, Acc@5: 93.83
2025-06-05 06:06:31,952 - log - INFO - iter:1560/3669, clip_acc1=80.96154022216797, tta_acc1=80.96154022216797
2025-06-05 06:06:31,953 - log - INFO - iter:1560/3669, Original Acc@1: 80.96, Acc@5: 93.91, TTA Acc@1: 80.96, Acc@5: 93.91
2025-06-05 06:07:05,736 - log - INFO - iter:1580/3669, clip_acc1=81.01265716552734, tta_acc1=81.01265716552734
2025-06-05 06:07:05,737 - log - INFO - iter:1580/3669, Original Acc@1: 81.01, Acc@5: 93.99, TTA Acc@1: 81.01, Acc@5: 93.99
2025-06-05 06:07:39,570 - log - INFO - iter:1600/3669, clip_acc1=80.8125, tta_acc1=80.8125
2025-06-05 06:07:39,570 - log - INFO - iter:1600/3669, Original Acc@1: 80.81, Acc@5: 94.00, TTA Acc@1: 80.81, Acc@5: 94.00
2025-06-05 06:08:13,481 - log - INFO - iter:1620/3669, clip_acc1=80.37037658691406, tta_acc1=80.37037658691406
2025-06-05 06:08:13,481 - log - INFO - iter:1620/3669, Original Acc@1: 80.37, Acc@5: 94.07, TTA Acc@1: 80.37, Acc@5: 94.07
2025-06-05 06:08:47,302 - log - INFO - iter:1640/3669, clip_acc1=80.06097412109375, tta_acc1=80.06097412109375
2025-06-05 06:08:47,302 - log - INFO - iter:1640/3669, Original Acc@1: 80.06, Acc@5: 94.15, TTA Acc@1: 80.06, Acc@5: 94.15
2025-06-05 06:09:21,037 - log - INFO - iter:1660/3669, clip_acc1=79.81928253173828, tta_acc1=79.81928253173828
2025-06-05 06:09:21,038 - log - INFO - iter:1660/3669, Original Acc@1: 79.82, Acc@5: 94.22, TTA Acc@1: 79.82, Acc@5: 94.22
2025-06-05 06:09:54,757 - log - INFO - iter:1680/3669, clip_acc1=79.58333587646484, tta_acc1=79.58333587646484
2025-06-05 06:09:54,757 - log - INFO - iter:1680/3669, Original Acc@1: 79.58, Acc@5: 94.29, TTA Acc@1: 79.58, Acc@5: 94.29
2025-06-05 06:10:28,529 - log - INFO - iter:1700/3669, clip_acc1=79.70587921142578, tta_acc1=79.70587921142578
2025-06-05 06:10:28,529 - log - INFO - iter:1700/3669, Original Acc@1: 79.71, Acc@5: 94.24, TTA Acc@1: 79.71, Acc@5: 94.24
2025-06-05 06:11:02,330 - log - INFO - iter:1720/3669, clip_acc1=79.94185638427734, tta_acc1=79.94185638427734
2025-06-05 06:11:02,330 - log - INFO - iter:1720/3669, Original Acc@1: 79.94, Acc@5: 94.30, TTA Acc@1: 79.94, Acc@5: 94.30
2025-06-05 06:11:36,228 - log - INFO - iter:1740/3669, clip_acc1=80.17241668701172, tta_acc1=80.17241668701172
2025-06-05 06:11:36,229 - log - INFO - iter:1740/3669, Original Acc@1: 80.17, Acc@5: 94.37, TTA Acc@1: 80.17, Acc@5: 94.37
2025-06-05 06:12:09,994 - log - INFO - iter:1760/3669, clip_acc1=80.34090423583984, tta_acc1=80.34090423583984
2025-06-05 06:12:09,994 - log - INFO - iter:1760/3669, Original Acc@1: 80.34, Acc@5: 94.38, TTA Acc@1: 80.34, Acc@5: 94.38
2025-06-05 06:12:43,764 - log - INFO - iter:1780/3669, clip_acc1=80.4494400024414, tta_acc1=80.4494400024414
2025-06-05 06:12:43,764 - log - INFO - iter:1780/3669, Original Acc@1: 80.45, Acc@5: 94.38, TTA Acc@1: 80.45, Acc@5: 94.38
2025-06-05 06:13:17,649 - log - INFO - iter:1800/3669, clip_acc1=80.66667175292969, tta_acc1=80.66667175292969
2025-06-05 06:13:17,650 - log - INFO - iter:1800/3669, Original Acc@1: 80.67, Acc@5: 94.44, TTA Acc@1: 80.67, Acc@5: 94.44
2025-06-05 06:13:51,508 - log - INFO - iter:1820/3669, clip_acc1=80.8791275024414, tta_acc1=80.8791275024414
2025-06-05 06:13:51,509 - log - INFO - iter:1820/3669, Original Acc@1: 80.88, Acc@5: 94.51, TTA Acc@1: 80.88, Acc@5: 94.51
2025-06-05 06:14:25,368 - log - INFO - iter:1840/3669, clip_acc1=81.08695220947266, tta_acc1=81.08695220947266
2025-06-05 06:14:25,368 - log - INFO - iter:1840/3669, Original Acc@1: 81.09, Acc@5: 94.57, TTA Acc@1: 81.09, Acc@5: 94.57
2025-06-05 06:14:59,173 - log - INFO - iter:1860/3669, clip_acc1=81.23656463623047, tta_acc1=81.23656463623047
2025-06-05 06:14:59,173 - log - INFO - iter:1860/3669, Original Acc@1: 81.24, Acc@5: 94.62, TTA Acc@1: 81.24, Acc@5: 94.62
2025-06-05 06:15:32,910 - log - INFO - iter:1880/3669, clip_acc1=81.43616485595703, tta_acc1=81.43616485595703
2025-06-05 06:15:32,910 - log - INFO - iter:1880/3669, Original Acc@1: 81.44, Acc@5: 94.68, TTA Acc@1: 81.44, Acc@5: 94.68
2025-06-05 06:16:06,658 - log - INFO - iter:1900/3669, clip_acc1=81.36841583251953, tta_acc1=81.36841583251953
2025-06-05 06:16:06,658 - log - INFO - iter:1900/3669, Original Acc@1: 81.37, Acc@5: 94.74, TTA Acc@1: 81.37, Acc@5: 94.74
2025-06-05 06:16:40,539 - log - INFO - iter:1920/3669, clip_acc1=81.51042175292969, tta_acc1=81.51042175292969
2025-06-05 06:16:40,539 - log - INFO - iter:1920/3669, Original Acc@1: 81.51, Acc@5: 94.74, TTA Acc@1: 81.51, Acc@5: 94.74
2025-06-05 06:17:14,472 - log - INFO - iter:1940/3669, clip_acc1=81.70103454589844, tta_acc1=81.70103454589844
2025-06-05 06:17:14,473 - log - INFO - iter:1940/3669, Original Acc@1: 81.70, Acc@5: 94.79, TTA Acc@1: 81.70, Acc@5: 94.79
2025-06-05 06:17:48,248 - log - INFO - iter:1960/3669, clip_acc1=81.88774871826172, tta_acc1=81.88774871826172
2025-06-05 06:17:48,248 - log - INFO - iter:1960/3669, Original Acc@1: 81.89, Acc@5: 94.85, TTA Acc@1: 81.89, Acc@5: 94.85
2025-06-05 06:18:22,127 - log - INFO - iter:1980/3669, clip_acc1=82.07070922851562, tta_acc1=82.07070922851562
2025-06-05 06:18:22,128 - log - INFO - iter:1980/3669, Original Acc@1: 82.07, Acc@5: 94.90, TTA Acc@1: 82.07, Acc@5: 94.90
2025-06-05 06:18:55,843 - log - INFO - iter:2000/3669, clip_acc1=82.05000305175781, tta_acc1=82.05000305175781
2025-06-05 06:18:55,843 - log - INFO - iter:2000/3669, Original Acc@1: 82.05, Acc@5: 94.95, TTA Acc@1: 82.05, Acc@5: 94.95
2025-06-05 06:19:29,691 - log - INFO - iter:2020/3669, clip_acc1=82.17822265625, tta_acc1=82.17822265625
2025-06-05 06:19:29,691 - log - INFO - iter:2020/3669, Original Acc@1: 82.18, Acc@5: 95.00, TTA Acc@1: 82.18, Acc@5: 95.00
2025-06-05 06:20:03,528 - log - INFO - iter:2040/3669, clip_acc1=82.30392456054688, tta_acc1=82.30392456054688
2025-06-05 06:20:03,528 - log - INFO - iter:2040/3669, Original Acc@1: 82.30, Acc@5: 95.05, TTA Acc@1: 82.30, Acc@5: 95.05
2025-06-05 06:20:37,266 - log - INFO - iter:2060/3669, clip_acc1=82.4757308959961, tta_acc1=82.4757308959961
2025-06-05 06:20:37,266 - log - INFO - iter:2060/3669, Original Acc@1: 82.48, Acc@5: 95.10, TTA Acc@1: 82.48, Acc@5: 95.10
2025-06-05 06:21:11,044 - log - INFO - iter:2080/3669, clip_acc1=82.54808044433594, tta_acc1=82.54808044433594
2025-06-05 06:21:11,045 - log - INFO - iter:2080/3669, Original Acc@1: 82.55, Acc@5: 95.14, TTA Acc@1: 82.55, Acc@5: 95.14
2025-06-05 06:21:44,904 - log - INFO - iter:2100/3669, clip_acc1=82.61904907226562, tta_acc1=82.61904907226562
2025-06-05 06:21:44,904 - log - INFO - iter:2100/3669, Original Acc@1: 82.62, Acc@5: 95.19, TTA Acc@1: 82.62, Acc@5: 95.19
2025-06-05 06:22:18,745 - log - INFO - iter:2120/3669, clip_acc1=82.68868255615234, tta_acc1=82.68868255615234
2025-06-05 06:22:18,745 - log - INFO - iter:2120/3669, Original Acc@1: 82.69, Acc@5: 95.24, TTA Acc@1: 82.69, Acc@5: 95.24
2025-06-05 06:22:52,682 - log - INFO - iter:2140/3669, clip_acc1=82.80374145507812, tta_acc1=82.80374145507812
2025-06-05 06:22:52,682 - log - INFO - iter:2140/3669, Original Acc@1: 82.80, Acc@5: 95.28, TTA Acc@1: 82.80, Acc@5: 95.28
2025-06-05 06:23:26,559 - log - INFO - iter:2160/3669, clip_acc1=82.96295928955078, tta_acc1=82.96295928955078
2025-06-05 06:23:26,560 - log - INFO - iter:2160/3669, Original Acc@1: 82.96, Acc@5: 95.32, TTA Acc@1: 82.96, Acc@5: 95.32
2025-06-05 06:24:00,372 - log - INFO - iter:2180/3669, clip_acc1=83.11927032470703, tta_acc1=83.11927032470703
2025-06-05 06:24:00,372 - log - INFO - iter:2180/3669, Original Acc@1: 83.12, Acc@5: 95.37, TTA Acc@1: 83.12, Acc@5: 95.37
2025-06-05 06:24:34,273 - log - INFO - iter:2200/3669, clip_acc1=83.2272720336914, tta_acc1=83.2272720336914
2025-06-05 06:24:34,273 - log - INFO - iter:2200/3669, Original Acc@1: 83.23, Acc@5: 95.41, TTA Acc@1: 83.23, Acc@5: 95.41
2025-06-05 06:25:08,141 - log - INFO - iter:2220/3669, clip_acc1=83.37837982177734, tta_acc1=83.37837982177734
2025-06-05 06:25:08,142 - log - INFO - iter:2220/3669, Original Acc@1: 83.38, Acc@5: 95.45, TTA Acc@1: 83.38, Acc@5: 95.45
2025-06-05 06:25:41,938 - log - INFO - iter:2240/3669, clip_acc1=83.48213958740234, tta_acc1=83.48213958740234
2025-06-05 06:25:41,938 - log - INFO - iter:2240/3669, Original Acc@1: 83.48, Acc@5: 95.49, TTA Acc@1: 83.48, Acc@5: 95.49
2025-06-05 06:26:15,741 - log - INFO - iter:2260/3669, clip_acc1=83.58406829833984, tta_acc1=83.58406829833984
2025-06-05 06:26:15,742 - log - INFO - iter:2260/3669, Original Acc@1: 83.58, Acc@5: 95.53, TTA Acc@1: 83.58, Acc@5: 95.53
2025-06-05 06:26:49,455 - log - INFO - iter:2280/3669, clip_acc1=83.68421173095703, tta_acc1=83.68421173095703
2025-06-05 06:26:49,455 - log - INFO - iter:2280/3669, Original Acc@1: 83.68, Acc@5: 95.57, TTA Acc@1: 83.68, Acc@5: 95.57
2025-06-05 06:27:23,116 - log - INFO - iter:2300/3669, clip_acc1=83.26087188720703, tta_acc1=83.26087188720703
2025-06-05 06:27:23,116 - log - INFO - iter:2300/3669, Original Acc@1: 83.26, Acc@5: 95.57, TTA Acc@1: 83.26, Acc@5: 95.57
2025-06-05 06:27:56,748 - log - INFO - iter:2320/3669, clip_acc1=83.27586364746094, tta_acc1=83.27586364746094
2025-06-05 06:27:56,748 - log - INFO - iter:2320/3669, Original Acc@1: 83.28, Acc@5: 95.60, TTA Acc@1: 83.28, Acc@5: 95.60
2025-06-05 06:28:30,417 - log - INFO - iter:2340/3669, clip_acc1=82.991455078125, tta_acc1=82.991455078125
2025-06-05 06:28:30,418 - log - INFO - iter:2340/3669, Original Acc@1: 82.99, Acc@5: 95.64, TTA Acc@1: 82.99, Acc@5: 95.64
2025-06-05 06:29:04,250 - log - INFO - iter:2360/3669, clip_acc1=82.9237289428711, tta_acc1=82.9237289428711
2025-06-05 06:29:04,250 - log - INFO - iter:2360/3669, Original Acc@1: 82.92, Acc@5: 95.68, TTA Acc@1: 82.92, Acc@5: 95.68
2025-06-05 06:29:38,009 - log - INFO - iter:2380/3669, clip_acc1=82.68907928466797, tta_acc1=82.68907928466797
2025-06-05 06:29:38,009 - log - INFO - iter:2380/3669, Original Acc@1: 82.69, Acc@5: 95.71, TTA Acc@1: 82.69, Acc@5: 95.71
2025-06-05 06:30:11,800 - log - INFO - iter:2400/3669, clip_acc1=82.75, tta_acc1=82.75
2025-06-05 06:30:11,801 - log - INFO - iter:2400/3669, Original Acc@1: 82.75, Acc@5: 95.71, TTA Acc@1: 82.75, Acc@5: 95.71
2025-06-05 06:30:45,436 - log - INFO - iter:2420/3669, clip_acc1=82.8099136352539, tta_acc1=82.8099136352539
2025-06-05 06:30:45,436 - log - INFO - iter:2420/3669, Original Acc@1: 82.81, Acc@5: 95.74, TTA Acc@1: 82.81, Acc@5: 95.74
2025-06-05 06:31:20,572 - log - INFO - iter:2440/3669, clip_acc1=82.90983581542969, tta_acc1=82.90983581542969
2025-06-05 06:31:20,573 - log - INFO - iter:2440/3669, Original Acc@1: 82.91, Acc@5: 95.78, TTA Acc@1: 82.91, Acc@5: 95.78
2025-06-05 06:31:54,245 - log - INFO - iter:2460/3669, clip_acc1=83.00812530517578, tta_acc1=83.00812530517578
2025-06-05 06:31:54,245 - log - INFO - iter:2460/3669, Original Acc@1: 83.01, Acc@5: 95.81, TTA Acc@1: 83.01, Acc@5: 95.81
2025-06-05 06:32:27,968 - log - INFO - iter:2480/3669, clip_acc1=83.14515686035156, tta_acc1=83.14515686035156
2025-06-05 06:32:27,968 - log - INFO - iter:2480/3669, Original Acc@1: 83.15, Acc@5: 95.85, TTA Acc@1: 83.15, Acc@5: 95.85
2025-06-05 06:33:01,598 - log - INFO - iter:2500/3669, clip_acc1=83.23999786376953, tta_acc1=83.23999786376953
2025-06-05 06:33:01,598 - log - INFO - iter:2500/3669, Original Acc@1: 83.24, Acc@5: 95.88, TTA Acc@1: 83.24, Acc@5: 95.88
2025-06-05 06:33:35,355 - log - INFO - iter:2520/3669, clip_acc1=83.37301635742188, tta_acc1=83.37301635742188
2025-06-05 06:33:35,355 - log - INFO - iter:2520/3669, Original Acc@1: 83.37, Acc@5: 95.91, TTA Acc@1: 83.37, Acc@5: 95.91
2025-06-05 06:34:09,041 - log - INFO - iter:2540/3669, clip_acc1=83.50393676757812, tta_acc1=83.50393676757812
2025-06-05 06:34:09,041 - log - INFO - iter:2540/3669, Original Acc@1: 83.50, Acc@5: 95.94, TTA Acc@1: 83.50, Acc@5: 95.94
2025-06-05 06:34:42,771 - log - INFO - iter:2560/3669, clip_acc1=83.6328125, tta_acc1=83.6328125
2025-06-05 06:34:42,771 - log - INFO - iter:2560/3669, Original Acc@1: 83.63, Acc@5: 95.98, TTA Acc@1: 83.63, Acc@5: 95.98
2025-06-05 06:35:16,425 - log - INFO - iter:2580/3669, clip_acc1=83.75968933105469, tta_acc1=83.75968933105469
2025-06-05 06:35:16,425 - log - INFO - iter:2580/3669, Original Acc@1: 83.76, Acc@5: 96.01, TTA Acc@1: 83.76, Acc@5: 96.01
2025-06-05 06:35:50,109 - log - INFO - iter:2600/3669, clip_acc1=83.23076629638672, tta_acc1=83.23076629638672
2025-06-05 06:35:50,109 - log - INFO - iter:2600/3669, Original Acc@1: 83.23, Acc@5: 96.04, TTA Acc@1: 83.23, Acc@5: 96.04
2025-06-05 06:36:23,648 - log - INFO - iter:2620/3669, clip_acc1=82.86259460449219, tta_acc1=82.86259460449219
2025-06-05 06:36:23,648 - log - INFO - iter:2620/3669, Original Acc@1: 82.86, Acc@5: 96.07, TTA Acc@1: 82.86, Acc@5: 96.07
2025-06-05 06:36:57,271 - log - INFO - iter:2640/3669, clip_acc1=82.57575225830078, tta_acc1=82.57575225830078
2025-06-05 06:36:57,272 - log - INFO - iter:2640/3669, Original Acc@1: 82.58, Acc@5: 96.10, TTA Acc@1: 82.58, Acc@5: 96.10
2025-06-05 06:37:32,009 - log - INFO - iter:2660/3669, clip_acc1=82.21804809570312, tta_acc1=82.21804809570312
2025-06-05 06:37:32,010 - log - INFO - iter:2660/3669, Original Acc@1: 82.22, Acc@5: 96.13, TTA Acc@1: 82.22, Acc@5: 96.13
2025-06-05 06:38:05,914 - log - INFO - iter:2680/3669, clip_acc1=81.90298461914062, tta_acc1=81.90298461914062
2025-06-05 06:38:05,915 - log - INFO - iter:2680/3669, Original Acc@1: 81.90, Acc@5: 96.16, TTA Acc@1: 81.90, Acc@5: 96.16
2025-06-05 06:38:39,697 - log - INFO - iter:2700/3669, clip_acc1=81.81481170654297, tta_acc1=81.81481170654297
2025-06-05 06:38:39,698 - log - INFO - iter:2700/3669, Original Acc@1: 81.81, Acc@5: 96.19, TTA Acc@1: 81.81, Acc@5: 96.19
2025-06-05 06:39:13,519 - log - INFO - iter:2720/3669, clip_acc1=81.8382339477539, tta_acc1=81.8382339477539
2025-06-05 06:39:13,520 - log - INFO - iter:2720/3669, Original Acc@1: 81.84, Acc@5: 96.21, TTA Acc@1: 81.84, Acc@5: 96.21
2025-06-05 06:39:47,320 - log - INFO - iter:2740/3669, clip_acc1=81.82481384277344, tta_acc1=81.82481384277344
2025-06-05 06:39:47,320 - log - INFO - iter:2740/3669, Original Acc@1: 81.82, Acc@5: 96.24, TTA Acc@1: 81.82, Acc@5: 96.24
2025-06-05 06:40:21,131 - log - INFO - iter:2760/3669, clip_acc1=81.84783172607422, tta_acc1=81.84783172607422
2025-06-05 06:40:21,131 - log - INFO - iter:2760/3669, Original Acc@1: 81.85, Acc@5: 96.27, TTA Acc@1: 81.85, Acc@5: 96.27
2025-06-05 06:40:55,008 - log - INFO - iter:2780/3669, clip_acc1=81.65467834472656, tta_acc1=81.65467834472656
2025-06-05 06:40:55,008 - log - INFO - iter:2780/3669, Original Acc@1: 81.65, Acc@5: 96.29, TTA Acc@1: 81.65, Acc@5: 96.29
2025-06-05 06:41:28,799 - log - INFO - iter:2800/3669, clip_acc1=81.67857360839844, tta_acc1=81.67857360839844
2025-06-05 06:41:28,800 - log - INFO - iter:2800/3669, Original Acc@1: 81.68, Acc@5: 96.29, TTA Acc@1: 81.68, Acc@5: 96.29
2025-06-05 06:42:02,602 - log - INFO - iter:2820/3669, clip_acc1=81.73758697509766, tta_acc1=81.73758697509766
2025-06-05 06:42:02,602 - log - INFO - iter:2820/3669, Original Acc@1: 81.74, Acc@5: 96.31, TTA Acc@1: 81.74, Acc@5: 96.31
2025-06-05 06:42:36,418 - log - INFO - iter:2840/3669, clip_acc1=81.86619567871094, tta_acc1=81.86619567871094
2025-06-05 06:42:36,418 - log - INFO - iter:2840/3669, Original Acc@1: 81.87, Acc@5: 96.34, TTA Acc@1: 81.87, Acc@5: 96.34
2025-06-05 06:43:10,291 - log - INFO - iter:2860/3669, clip_acc1=81.95804595947266, tta_acc1=81.95804595947266
2025-06-05 06:43:10,291 - log - INFO - iter:2860/3669, Original Acc@1: 81.96, Acc@5: 96.36, TTA Acc@1: 81.96, Acc@5: 96.36
2025-06-05 06:43:44,203 - log - INFO - iter:2880/3669, clip_acc1=82.08333587646484, tta_acc1=82.08333587646484
2025-06-05 06:43:44,203 - log - INFO - iter:2880/3669, Original Acc@1: 82.08, Acc@5: 96.39, TTA Acc@1: 82.08, Acc@5: 96.39
2025-06-05 06:44:18,006 - log - INFO - iter:2900/3669, clip_acc1=82.20690155029297, tta_acc1=82.20690155029297
2025-06-05 06:44:18,006 - log - INFO - iter:2900/3669, Original Acc@1: 82.21, Acc@5: 96.41, TTA Acc@1: 82.21, Acc@5: 96.41
2025-06-05 06:44:51,773 - log - INFO - iter:2920/3669, clip_acc1=82.32876586914062, tta_acc1=82.32876586914062
2025-06-05 06:44:51,773 - log - INFO - iter:2920/3669, Original Acc@1: 82.33, Acc@5: 96.44, TTA Acc@1: 82.33, Acc@5: 96.44
2025-06-05 06:45:25,716 - log - INFO - iter:2940/3669, clip_acc1=82.44898223876953, tta_acc1=82.44898223876953
2025-06-05 06:45:25,716 - log - INFO - iter:2940/3669, Original Acc@1: 82.45, Acc@5: 96.46, TTA Acc@1: 82.45, Acc@5: 96.46
2025-06-05 06:45:59,480 - log - INFO - iter:2960/3669, clip_acc1=82.56756591796875, tta_acc1=82.56756591796875
2025-06-05 06:45:59,480 - log - INFO - iter:2960/3669, Original Acc@1: 82.57, Acc@5: 96.49, TTA Acc@1: 82.57, Acc@5: 96.49
2025-06-05 06:46:33,313 - log - INFO - iter:2980/3669, clip_acc1=82.6845703125, tta_acc1=82.6845703125
2025-06-05 06:46:33,314 - log - INFO - iter:2980/3669, Original Acc@1: 82.68, Acc@5: 96.51, TTA Acc@1: 82.68, Acc@5: 96.51
2025-06-05 06:47:07,010 - log - INFO - iter:3000/3669, clip_acc1=82.79999542236328, tta_acc1=82.79999542236328
2025-06-05 06:47:07,011 - log - INFO - iter:3000/3669, Original Acc@1: 82.80, Acc@5: 96.53, TTA Acc@1: 82.80, Acc@5: 96.53
2025-06-05 06:47:40,897 - log - INFO - iter:3020/3669, clip_acc1=82.91390991210938, tta_acc1=82.91390991210938
2025-06-05 06:47:40,897 - log - INFO - iter:3020/3669, Original Acc@1: 82.91, Acc@5: 96.56, TTA Acc@1: 82.91, Acc@5: 96.56
2025-06-05 06:48:14,808 - log - INFO - iter:3040/3669, clip_acc1=83.02632141113281, tta_acc1=83.02632141113281
2025-06-05 06:48:14,809 - log - INFO - iter:3040/3669, Original Acc@1: 83.03, Acc@5: 96.58, TTA Acc@1: 83.03, Acc@5: 96.58
2025-06-05 06:48:48,791 - log - INFO - iter:3060/3669, clip_acc1=83.10457611083984, tta_acc1=83.10457611083984
2025-06-05 06:48:48,791 - log - INFO - iter:3060/3669, Original Acc@1: 83.10, Acc@5: 96.60, TTA Acc@1: 83.10, Acc@5: 96.60
2025-06-05 06:49:22,675 - log - INFO - iter:3080/3669, clip_acc1=83.14934539794922, tta_acc1=83.14934539794922
2025-06-05 06:49:22,676 - log - INFO - iter:3080/3669, Original Acc@1: 83.15, Acc@5: 96.62, TTA Acc@1: 83.15, Acc@5: 96.62
2025-06-05 06:49:56,521 - log - INFO - iter:3100/3669, clip_acc1=83.2258071899414, tta_acc1=83.2258071899414
2025-06-05 06:49:56,521 - log - INFO - iter:3100/3669, Original Acc@1: 83.23, Acc@5: 96.65, TTA Acc@1: 83.23, Acc@5: 96.65
2025-06-05 06:50:30,368 - log - INFO - iter:3120/3669, clip_acc1=83.33333587646484, tta_acc1=83.33333587646484
2025-06-05 06:50:30,368 - log - INFO - iter:3120/3669, Original Acc@1: 83.33, Acc@5: 96.67, TTA Acc@1: 83.33, Acc@5: 96.67
2025-06-05 06:51:04,162 - log - INFO - iter:3140/3669, clip_acc1=83.43949127197266, tta_acc1=83.43949127197266
2025-06-05 06:51:04,163 - log - INFO - iter:3140/3669, Original Acc@1: 83.44, Acc@5: 96.69, TTA Acc@1: 83.44, Acc@5: 96.69
2025-06-05 06:51:37,961 - log - INFO - iter:3160/3669, clip_acc1=83.54430389404297, tta_acc1=83.54430389404297
2025-06-05 06:51:37,961 - log - INFO - iter:3160/3669, Original Acc@1: 83.54, Acc@5: 96.71, TTA Acc@1: 83.54, Acc@5: 96.71
2025-06-05 06:52:11,869 - log - INFO - iter:3180/3669, clip_acc1=83.64779663085938, tta_acc1=83.64779663085938
2025-06-05 06:52:11,869 - log - INFO - iter:3180/3669, Original Acc@1: 83.65, Acc@5: 96.73, TTA Acc@1: 83.65, Acc@5: 96.73
2025-06-05 06:52:45,562 - log - INFO - iter:3200/3669, clip_acc1=83.625, tta_acc1=83.625
2025-06-05 06:52:45,562 - log - INFO - iter:3200/3669, Original Acc@1: 83.62, Acc@5: 96.75, TTA Acc@1: 83.62, Acc@5: 96.75
2025-06-05 06:53:19,317 - log - INFO - iter:3220/3669, clip_acc1=83.69564819335938, tta_acc1=83.69564819335938
2025-06-05 06:53:19,317 - log - INFO - iter:3220/3669, Original Acc@1: 83.70, Acc@5: 96.77, TTA Acc@1: 83.70, Acc@5: 96.77
2025-06-05 06:53:53,152 - log - INFO - iter:3240/3669, clip_acc1=83.79630279541016, tta_acc1=83.79630279541016
2025-06-05 06:53:53,152 - log - INFO - iter:3240/3669, Original Acc@1: 83.80, Acc@5: 96.79, TTA Acc@1: 83.80, Acc@5: 96.79
2025-06-05 06:54:26,973 - log - INFO - iter:3260/3669, clip_acc1=83.89570617675781, tta_acc1=83.89570617675781
2025-06-05 06:54:26,973 - log - INFO - iter:3260/3669, Original Acc@1: 83.90, Acc@5: 96.81, TTA Acc@1: 83.90, Acc@5: 96.81
2025-06-05 06:55:00,870 - log - INFO - iter:3280/3669, clip_acc1=83.96341705322266, tta_acc1=83.96341705322266
2025-06-05 06:55:00,870 - log - INFO - iter:3280/3669, Original Acc@1: 83.96, Acc@5: 96.83, TTA Acc@1: 83.96, Acc@5: 96.83
2025-06-05 06:55:34,767 - log - INFO - iter:3300/3669, clip_acc1=84.06060791015625, tta_acc1=84.06060791015625
2025-06-05 06:55:34,768 - log - INFO - iter:3300/3669, Original Acc@1: 84.06, Acc@5: 96.85, TTA Acc@1: 84.06, Acc@5: 96.85
2025-06-05 06:56:08,661 - log - INFO - iter:3320/3669, clip_acc1=84.12651062011719, tta_acc1=84.12651062011719
2025-06-05 06:56:08,662 - log - INFO - iter:3320/3669, Original Acc@1: 84.13, Acc@5: 96.87, TTA Acc@1: 84.13, Acc@5: 96.87
2025-06-05 06:56:42,647 - log - INFO - iter:3340/3669, clip_acc1=84.2215576171875, tta_acc1=84.2215576171875
2025-06-05 06:56:42,647 - log - INFO - iter:3340/3669, Original Acc@1: 84.22, Acc@5: 96.89, TTA Acc@1: 84.22, Acc@5: 96.89
2025-06-05 06:57:16,601 - log - INFO - iter:3360/3669, clip_acc1=84.31548309326172, tta_acc1=84.31548309326172
2025-06-05 06:57:16,601 - log - INFO - iter:3360/3669, Original Acc@1: 84.32, Acc@5: 96.90, TTA Acc@1: 84.32, Acc@5: 96.90
2025-06-05 06:57:50,399 - log - INFO - iter:3380/3669, clip_acc1=84.40828704833984, tta_acc1=84.40828704833984
2025-06-05 06:57:50,399 - log - INFO - iter:3380/3669, Original Acc@1: 84.41, Acc@5: 96.92, TTA Acc@1: 84.41, Acc@5: 96.92
2025-06-05 06:58:24,230 - log - INFO - iter:3400/3669, clip_acc1=84.26470184326172, tta_acc1=84.26470184326172
2025-06-05 06:58:24,230 - log - INFO - iter:3400/3669, Original Acc@1: 84.26, Acc@5: 96.94, TTA Acc@1: 84.26, Acc@5: 96.94
2025-06-05 06:58:58,079 - log - INFO - iter:3420/3669, clip_acc1=84.06432342529297, tta_acc1=84.06432342529297
2025-06-05 06:58:58,079 - log - INFO - iter:3420/3669, Original Acc@1: 84.06, Acc@5: 96.96, TTA Acc@1: 84.06, Acc@5: 96.96
2025-06-05 06:59:31,959 - log - INFO - iter:3440/3669, clip_acc1=83.89534759521484, tta_acc1=83.89534759521484
2025-06-05 06:59:31,959 - log - INFO - iter:3440/3669, Original Acc@1: 83.90, Acc@5: 96.98, TTA Acc@1: 83.90, Acc@5: 96.98
2025-06-05 07:00:05,881 - log - INFO - iter:3460/3669, clip_acc1=83.78612518310547, tta_acc1=83.78612518310547
2025-06-05 07:00:05,881 - log - INFO - iter:3460/3669, Original Acc@1: 83.79, Acc@5: 96.99, TTA Acc@1: 83.79, Acc@5: 96.99
2025-06-05 07:00:39,674 - log - INFO - iter:3480/3669, clip_acc1=83.73563385009766, tta_acc1=83.73563385009766
2025-06-05 07:00:39,674 - log - INFO - iter:3480/3669, Original Acc@1: 83.74, Acc@5: 97.01, TTA Acc@1: 83.74, Acc@5: 97.01
2025-06-05 07:01:13,340 - log - INFO - iter:3500/3669, clip_acc1=83.82856750488281, tta_acc1=83.82856750488281
2025-06-05 07:01:13,341 - log - INFO - iter:3500/3669, Original Acc@1: 83.83, Acc@5: 97.03, TTA Acc@1: 83.83, Acc@5: 97.03
2025-06-05 07:01:47,121 - log - INFO - iter:3520/3669, clip_acc1=83.92044830322266, tta_acc1=83.92044830322266
2025-06-05 07:01:47,122 - log - INFO - iter:3520/3669, Original Acc@1: 83.92, Acc@5: 97.05, TTA Acc@1: 83.92, Acc@5: 97.05
2025-06-05 07:02:20,905 - log - INFO - iter:3540/3669, clip_acc1=83.9830551147461, tta_acc1=83.9830551147461
2025-06-05 07:02:20,905 - log - INFO - iter:3540/3669, Original Acc@1: 83.98, Acc@5: 97.06, TTA Acc@1: 83.98, Acc@5: 97.06
2025-06-05 07:02:54,820 - log - INFO - iter:3560/3669, clip_acc1=84.0449447631836, tta_acc1=84.0449447631836
2025-06-05 07:02:54,820 - log - INFO - iter:3560/3669, Original Acc@1: 84.04, Acc@5: 97.08, TTA Acc@1: 84.04, Acc@5: 97.08
2025-06-05 07:03:28,679 - log - INFO - iter:3580/3669, clip_acc1=84.05027770996094, tta_acc1=84.05027770996094
2025-06-05 07:03:28,679 - log - INFO - iter:3580/3669, Original Acc@1: 84.05, Acc@5: 97.09, TTA Acc@1: 84.05, Acc@5: 97.09
2025-06-05 07:04:02,434 - log - INFO - iter:3600/3669, clip_acc1=84.1388931274414, tta_acc1=84.1388931274414
2025-06-05 07:04:02,434 - log - INFO - iter:3600/3669, Original Acc@1: 84.14, Acc@5: 97.11, TTA Acc@1: 84.14, Acc@5: 97.11
2025-06-05 07:04:36,304 - log - INFO - iter:3620/3669, clip_acc1=84.22651672363281, tta_acc1=84.22651672363281
2025-06-05 07:04:36,305 - log - INFO - iter:3620/3669, Original Acc@1: 84.23, Acc@5: 97.13, TTA Acc@1: 84.23, Acc@5: 97.13
2025-06-05 07:05:10,138 - log - INFO - iter:3640/3669, clip_acc1=84.31319427490234, tta_acc1=84.31319427490234
2025-06-05 07:05:10,138 - log - INFO - iter:3640/3669, Original Acc@1: 84.31, Acc@5: 97.14, TTA Acc@1: 84.31, Acc@5: 97.14
2025-06-05 07:05:43,940 - log - INFO - iter:3660/3669, clip_acc1=84.37158966064453, tta_acc1=84.37158966064453
2025-06-05 07:05:43,940 - log - INFO - iter:3660/3669, Original Acc@1: 84.37, Acc@5: 97.16, TTA Acc@1: 84.37, Acc@5: 97.16
2025-06-05 07:05:59,228 - log - INFO - iter:3669/3669, clip_acc1=84.38265991210938, tta_acc1=84.38265991210938
2025-06-05 07:05:59,229 - log - INFO - iter:3669/3669, Original Acc@1: 84.38, Acc@5: 97.17, TTA Acc@1: 84.38, Acc@5: 97.17
2025-06-05 07:05:59,396 - log - INFO - Final results - Original Acc@1: 84.38, Acc@5: 97.17, TTA Acc@1: 84.38, Acc@5: 97.17
2025-06-05 07:05:59,397 - log - INFO - Improvement from TTA in Acc@1 0.00, and Acc@5 0.00
2025-06-05 07:05:59,397 - log - INFO - => Acc. on testset [Pets]: Clean Acc @1 84.38265991210938/ TTA Clean Acc @1 84.38265991210938, Clean Acc @5 97.16543579101562/ TTA Clean Acc @5 97.16543579101562
2025-06-05 07:05:59,397 - log - INFO - Total script execution time: 6341.26 seconds (105.69 minutes)
