2025-06-13 21:20:54,574 - log - INFO - ==========================================
data:/leonardo_work/EUHPC_R04_192/fmohamma/Adversarial_Robust_Clip/atpt_data/downstream_datasets
test_sets:Cars
dataset_mode:test
arch:delta_clip_l14_224
resolution:224
workers:4
no_pin_memory:False
batch_size:64
print_freq:20
gpu:0
no_cudnn_benchmark:False
n_ctx:4
ctx_init:a_photo_of_a
tpt_loss:tpt
seed:0
output_dir:/leonardo_work/EUHPC_R04_192/fmohamma/Adversarial_Robust_Clip/atpt_data/delta_clip_l14_224/Cars
log_output_dir:/leonardo_work/EUHPC_R04_192/fmohamma/Adversarial_Robust_Clip/ATPT/Final_Results/delta_clip_l14_224/Cars
eps:0.0
alpha:0.0
alpha_eps_ratio:4.0
steps:0
lr:0.005
selection_p:0.1
tta_steps:1
ensemble_type:vanilla
top_k:20
softmax_temp:0.01
counter_attack:True
counter_attack_type:pgd
counter_attack_steps:2
counter_attack_eps:2.0
counter_attack_alpha:1.0
counter_attack_tau_thres:0.2
counter_attack_beta:2.0
counter_attack_weighted_perturbations:True
pgd_clip_pure_i_text_embeddings:null
pgd_counter_and_clipure_i_lamda:1.0
selected_id_name:selected_topk.json
weighted_score_name:weighted_scores.json
batch_entropy_name:entropies.json
log_dir:/leonardo_work/EUHPC_R04_192/fmohamma/Adversarial_Robust_Clip/ATPT/Final_Results/delta_clip_l14_224/Cars/Clean/Counter_Attack/Eps_2_0_Steps_2_Alpha_1_0/tau_0_2_beta_2_0_weighted_pertrubation_True/TPT/Optimization_Loss_tpt_LR_0_005_Optimization_Steps_1_View_Selection_Fraction_0_1/Inference_Ensemble_vanilla

2025-06-13 21:20:54,575 - log - INFO - Use GPU: 0 for training
2025-06-13 21:22:18,778 - log - INFO - Freezing all parameters except prompt learner
2025-06-13 21:22:18,780 - log - INFO - => Model created: visual backbone delta_clip_l14_224
2025-06-13 21:22:18,808 - log - INFO - Number of test samples: 8041
2025-06-13 21:22:18,808 - log - INFO - Evaluating dataset: Cars
2025-06-13 21:22:18,809 - log - INFO - Starting evaluation with batch size: 64, selection percentage: 0.1
2025-06-13 21:22:18,810 - log - INFO - Test-time adaptation steps: 1, learning rate: 0.005
2025-06-13 21:22:18,810 - log - INFO - Using counter-attack with epsilon: 2.000000, alpha: 0.000000, steps: 2, tau_thres: 0.2, beta: 2.0, weighted perturbation: True
2025-06-13 21:23:27,656 - log - INFO - iter:20/8041, clip_acc1=85.0, tta_acc1=85.0
2025-06-13 21:23:27,656 - log - INFO - iter:20/8041, Original Acc@1: 85.00, Acc@5: 100.00, TTA Acc@1: 85.00, Acc@5: 100.00
2025-06-13 21:24:21,902 - log - INFO - iter:40/8041, clip_acc1=85.0, tta_acc1=82.5
2025-06-13 21:24:21,902 - log - INFO - iter:40/8041, Original Acc@1: 85.00, Acc@5: 100.00, TTA Acc@1: 82.50, Acc@5: 100.00
2025-06-13 21:25:16,059 - log - INFO - iter:60/8041, clip_acc1=85.00000762939453, tta_acc1=83.33333587646484
2025-06-13 21:25:16,059 - log - INFO - iter:60/8041, Original Acc@1: 85.00, Acc@5: 100.00, TTA Acc@1: 83.33, Acc@5: 100.00
2025-06-13 21:26:10,151 - log - INFO - iter:80/8041, clip_acc1=83.75, tta_acc1=82.5
2025-06-13 21:26:10,151 - log - INFO - iter:80/8041, Original Acc@1: 83.75, Acc@5: 100.00, TTA Acc@1: 82.50, Acc@5: 100.00
2025-06-13 21:27:04,505 - log - INFO - iter:100/8041, clip_acc1=85.0, tta_acc1=84.0
2025-06-13 21:27:04,505 - log - INFO - iter:100/8041, Original Acc@1: 85.00, Acc@5: 100.00, TTA Acc@1: 84.00, Acc@5: 100.00
2025-06-13 21:27:58,836 - log - INFO - iter:120/8041, clip_acc1=85.83333587646484, tta_acc1=84.16667175292969
2025-06-13 21:27:58,836 - log - INFO - iter:120/8041, Original Acc@1: 85.83, Acc@5: 100.00, TTA Acc@1: 84.17, Acc@5: 100.00
2025-06-13 21:28:53,030 - log - INFO - iter:140/8041, clip_acc1=82.85713958740234, tta_acc1=80.0
2025-06-13 21:28:53,031 - log - INFO - iter:140/8041, Original Acc@1: 82.86, Acc@5: 100.00, TTA Acc@1: 80.00, Acc@5: 99.29
2025-06-13 21:29:47,376 - log - INFO - iter:160/8041, clip_acc1=83.125, tta_acc1=79.375
2025-06-13 21:29:47,376 - log - INFO - iter:160/8041, Original Acc@1: 83.12, Acc@5: 100.00, TTA Acc@1: 79.38, Acc@5: 99.38
2025-06-13 21:30:41,541 - log - INFO - iter:180/8041, clip_acc1=82.22222137451172, tta_acc1=78.8888931274414
2025-06-13 21:30:41,541 - log - INFO - iter:180/8041, Original Acc@1: 82.22, Acc@5: 100.00, TTA Acc@1: 78.89, Acc@5: 99.44
2025-06-13 21:31:35,652 - log - INFO - iter:200/8041, clip_acc1=82.5, tta_acc1=79.5
2025-06-13 21:31:35,652 - log - INFO - iter:200/8041, Original Acc@1: 82.50, Acc@5: 100.00, TTA Acc@1: 79.50, Acc@5: 99.50
2025-06-13 21:32:29,794 - log - INFO - iter:220/8041, clip_acc1=81.81817626953125, tta_acc1=79.09090423583984
2025-06-13 21:32:29,794 - log - INFO - iter:220/8041, Original Acc@1: 81.82, Acc@5: 100.00, TTA Acc@1: 79.09, Acc@5: 99.55
2025-06-13 21:33:23,896 - log - INFO - iter:240/8041, clip_acc1=82.91667175292969, tta_acc1=80.41667175292969
2025-06-13 21:33:23,896 - log - INFO - iter:240/8041, Original Acc@1: 82.92, Acc@5: 100.00, TTA Acc@1: 80.42, Acc@5: 99.58
2025-06-13 21:34:18,123 - log - INFO - iter:260/8041, clip_acc1=82.69230651855469, tta_acc1=79.61538696289062
2025-06-13 21:34:18,124 - log - INFO - iter:260/8041, Original Acc@1: 82.69, Acc@5: 100.00, TTA Acc@1: 79.62, Acc@5: 99.62
2025-06-13 21:35:12,356 - log - INFO - iter:280/8041, clip_acc1=82.5, tta_acc1=79.64286041259766
2025-06-13 21:35:12,357 - log - INFO - iter:280/8041, Original Acc@1: 82.50, Acc@5: 100.00, TTA Acc@1: 79.64, Acc@5: 99.64
2025-06-13 21:36:07,043 - log - INFO - iter:300/8041, clip_acc1=82.33333587646484, tta_acc1=79.66667175292969
2025-06-13 21:36:07,043 - log - INFO - iter:300/8041, Original Acc@1: 82.33, Acc@5: 100.00, TTA Acc@1: 79.67, Acc@5: 99.67
2025-06-13 21:37:01,509 - log - INFO - iter:320/8041, clip_acc1=82.1875, tta_acc1=80.0
2025-06-13 21:37:01,510 - log - INFO - iter:320/8041, Original Acc@1: 82.19, Acc@5: 100.00, TTA Acc@1: 80.00, Acc@5: 99.69
2025-06-13 21:37:55,742 - log - INFO - iter:340/8041, clip_acc1=82.05882263183594, tta_acc1=79.70588684082031
2025-06-13 21:37:55,742 - log - INFO - iter:340/8041, Original Acc@1: 82.06, Acc@5: 100.00, TTA Acc@1: 79.71, Acc@5: 99.41
2025-06-13 21:38:50,070 - log - INFO - iter:360/8041, clip_acc1=82.22222137451172, tta_acc1=79.72222137451172
2025-06-13 21:38:50,070 - log - INFO - iter:360/8041, Original Acc@1: 82.22, Acc@5: 100.00, TTA Acc@1: 79.72, Acc@5: 99.44
2025-06-13 21:39:44,257 - log - INFO - iter:380/8041, clip_acc1=82.10527038574219, tta_acc1=79.73684692382812
2025-06-13 21:39:44,257 - log - INFO - iter:380/8041, Original Acc@1: 82.11, Acc@5: 100.00, TTA Acc@1: 79.74, Acc@5: 99.47
2025-06-13 21:40:38,553 - log - INFO - iter:400/8041, clip_acc1=82.0, tta_acc1=79.75
2025-06-13 21:40:38,554 - log - INFO - iter:400/8041, Original Acc@1: 82.00, Acc@5: 100.00, TTA Acc@1: 79.75, Acc@5: 99.50
2025-06-13 21:41:32,708 - log - INFO - iter:420/8041, clip_acc1=81.66667175292969, tta_acc1=79.28572082519531
2025-06-13 21:41:32,708 - log - INFO - iter:420/8041, Original Acc@1: 81.67, Acc@5: 99.76, TTA Acc@1: 79.29, Acc@5: 99.29
2025-06-13 21:42:27,387 - log - INFO - iter:440/8041, clip_acc1=82.04544830322266, tta_acc1=79.31817626953125
2025-06-13 21:42:27,387 - log - INFO - iter:440/8041, Original Acc@1: 82.05, Acc@5: 99.77, TTA Acc@1: 79.32, Acc@5: 99.32
2025-06-13 21:43:21,430 - log - INFO - iter:460/8041, clip_acc1=81.52173614501953, tta_acc1=78.91304016113281
2025-06-13 21:43:21,430 - log - INFO - iter:460/8041, Original Acc@1: 81.52, Acc@5: 99.78, TTA Acc@1: 78.91, Acc@5: 99.35
2025-06-13 21:44:16,178 - log - INFO - iter:480/8041, clip_acc1=81.25000762939453, tta_acc1=78.54167175292969
2025-06-13 21:44:16,179 - log - INFO - iter:480/8041, Original Acc@1: 81.25, Acc@5: 99.58, TTA Acc@1: 78.54, Acc@5: 99.38
2025-06-13 21:45:10,256 - log - INFO - iter:500/8041, clip_acc1=80.80000305175781, tta_acc1=78.4000015258789
2025-06-13 21:45:10,256 - log - INFO - iter:500/8041, Original Acc@1: 80.80, Acc@5: 99.60, TTA Acc@1: 78.40, Acc@5: 99.40
2025-06-13 21:46:04,474 - log - INFO - iter:520/8041, clip_acc1=80.38461303710938, tta_acc1=78.07691955566406
2025-06-13 21:46:04,475 - log - INFO - iter:520/8041, Original Acc@1: 80.38, Acc@5: 99.62, TTA Acc@1: 78.08, Acc@5: 99.42
2025-06-13 21:46:58,712 - log - INFO - iter:540/8041, clip_acc1=80.37036895751953, tta_acc1=78.33332824707031
2025-06-13 21:46:58,712 - log - INFO - iter:540/8041, Original Acc@1: 80.37, Acc@5: 99.44, TTA Acc@1: 78.33, Acc@5: 99.26
2025-06-13 21:47:52,905 - log - INFO - iter:560/8041, clip_acc1=80.71428680419922, tta_acc1=78.39286041259766
2025-06-13 21:47:52,906 - log - INFO - iter:560/8041, Original Acc@1: 80.71, Acc@5: 99.46, TTA Acc@1: 78.39, Acc@5: 99.29
2025-06-13 21:48:47,132 - log - INFO - iter:580/8041, clip_acc1=80.3448257446289, tta_acc1=78.10344696044922
2025-06-13 21:48:47,133 - log - INFO - iter:580/8041, Original Acc@1: 80.34, Acc@5: 99.48, TTA Acc@1: 78.10, Acc@5: 99.14
2025-06-13 21:49:41,320 - log - INFO - iter:600/8041, clip_acc1=80.16667175292969, tta_acc1=78.16667175292969
2025-06-13 21:49:41,321 - log - INFO - iter:600/8041, Original Acc@1: 80.17, Acc@5: 99.50, TTA Acc@1: 78.17, Acc@5: 99.17
2025-06-13 21:50:35,471 - log - INFO - iter:620/8041, clip_acc1=80.64515686035156, tta_acc1=78.54838562011719
2025-06-13 21:50:35,471 - log - INFO - iter:620/8041, Original Acc@1: 80.65, Acc@5: 99.52, TTA Acc@1: 78.55, Acc@5: 99.19
2025-06-13 21:51:29,904 - log - INFO - iter:640/8041, clip_acc1=80.3125, tta_acc1=78.4375
2025-06-13 21:51:29,904 - log - INFO - iter:640/8041, Original Acc@1: 80.31, Acc@5: 99.53, TTA Acc@1: 78.44, Acc@5: 99.22
2025-06-13 21:52:24,136 - log - INFO - iter:660/8041, clip_acc1=80.6060562133789, tta_acc1=78.78787994384766
2025-06-13 21:52:24,137 - log - INFO - iter:660/8041, Original Acc@1: 80.61, Acc@5: 99.39, TTA Acc@1: 78.79, Acc@5: 99.09
2025-06-13 21:53:18,148 - log - INFO - iter:680/8041, clip_acc1=80.5882339477539, tta_acc1=78.67647552490234
2025-06-13 21:53:18,149 - log - INFO - iter:680/8041, Original Acc@1: 80.59, Acc@5: 99.41, TTA Acc@1: 78.68, Acc@5: 99.12
2025-06-13 21:54:12,387 - log - INFO - iter:700/8041, clip_acc1=80.85713958740234, tta_acc1=79.14285278320312
2025-06-13 21:54:12,387 - log - INFO - iter:700/8041, Original Acc@1: 80.86, Acc@5: 99.43, TTA Acc@1: 79.14, Acc@5: 99.14
2025-06-13 21:55:06,704 - log - INFO - iter:720/8041, clip_acc1=80.83333587646484, tta_acc1=79.16667175292969
2025-06-13 21:55:06,704 - log - INFO - iter:720/8041, Original Acc@1: 80.83, Acc@5: 99.31, TTA Acc@1: 79.17, Acc@5: 99.03
2025-06-13 21:56:00,862 - log - INFO - iter:740/8041, clip_acc1=80.9459457397461, tta_acc1=79.18919372558594
2025-06-13 21:56:00,862 - log - INFO - iter:740/8041, Original Acc@1: 80.95, Acc@5: 99.19, TTA Acc@1: 79.19, Acc@5: 98.78
2025-06-13 21:56:55,153 - log - INFO - iter:760/8041, clip_acc1=81.18421173095703, tta_acc1=79.21053314208984
2025-06-13 21:56:55,153 - log - INFO - iter:760/8041, Original Acc@1: 81.18, Acc@5: 99.21, TTA Acc@1: 79.21, Acc@5: 98.82
2025-06-13 21:57:49,184 - log - INFO - iter:780/8041, clip_acc1=81.02564239501953, tta_acc1=78.974365234375
2025-06-13 21:57:49,185 - log - INFO - iter:780/8041, Original Acc@1: 81.03, Acc@5: 99.23, TTA Acc@1: 78.97, Acc@5: 98.85
2025-06-13 21:58:43,367 - log - INFO - iter:800/8041, clip_acc1=81.375, tta_acc1=79.375
2025-06-13 21:58:43,367 - log - INFO - iter:800/8041, Original Acc@1: 81.38, Acc@5: 99.25, TTA Acc@1: 79.38, Acc@5: 98.88
2025-06-13 21:59:37,704 - log - INFO - iter:820/8041, clip_acc1=81.34146118164062, tta_acc1=79.39024353027344
2025-06-13 21:59:37,705 - log - INFO - iter:820/8041, Original Acc@1: 81.34, Acc@5: 99.27, TTA Acc@1: 79.39, Acc@5: 98.90
2025-06-13 22:00:31,981 - log - INFO - iter:840/8041, clip_acc1=81.42857360839844, tta_acc1=79.4047622680664
2025-06-13 22:00:31,981 - log - INFO - iter:840/8041, Original Acc@1: 81.43, Acc@5: 99.17, TTA Acc@1: 79.40, Acc@5: 98.93
2025-06-13 22:01:26,152 - log - INFO - iter:860/8041, clip_acc1=81.27906799316406, tta_acc1=79.30232238769531
2025-06-13 22:01:26,152 - log - INFO - iter:860/8041, Original Acc@1: 81.28, Acc@5: 99.19, TTA Acc@1: 79.30, Acc@5: 98.84
2025-06-13 22:02:20,396 - log - INFO - iter:880/8041, clip_acc1=81.4772720336914, tta_acc1=79.54544830322266
2025-06-13 22:02:20,396 - log - INFO - iter:880/8041, Original Acc@1: 81.48, Acc@5: 99.20, TTA Acc@1: 79.55, Acc@5: 98.86
2025-06-13 22:03:15,411 - log - INFO - iter:900/8041, clip_acc1=81.55555725097656, tta_acc1=79.77777862548828
2025-06-13 22:03:15,411 - log - INFO - iter:900/8041, Original Acc@1: 81.56, Acc@5: 99.22, TTA Acc@1: 79.78, Acc@5: 98.89
2025-06-13 22:04:09,910 - log - INFO - iter:920/8041, clip_acc1=81.73912811279297, tta_acc1=79.78260803222656
2025-06-13 22:04:09,911 - log - INFO - iter:920/8041, Original Acc@1: 81.74, Acc@5: 99.24, TTA Acc@1: 79.78, Acc@5: 98.91
2025-06-13 22:05:04,465 - log - INFO - iter:940/8041, clip_acc1=81.9148941040039, tta_acc1=80.0
2025-06-13 22:05:04,465 - log - INFO - iter:940/8041, Original Acc@1: 81.91, Acc@5: 99.26, TTA Acc@1: 80.00, Acc@5: 98.94
2025-06-13 22:05:59,210 - log - INFO - iter:960/8041, clip_acc1=81.66667175292969, tta_acc1=79.79167175292969
2025-06-13 22:05:59,211 - log - INFO - iter:960/8041, Original Acc@1: 81.67, Acc@5: 99.17, TTA Acc@1: 79.79, Acc@5: 98.85
2025-06-13 22:06:53,483 - log - INFO - iter:980/8041, clip_acc1=81.83673095703125, tta_acc1=79.79591369628906
2025-06-13 22:06:53,483 - log - INFO - iter:980/8041, Original Acc@1: 81.84, Acc@5: 99.18, TTA Acc@1: 79.80, Acc@5: 98.88
2025-06-13 22:07:47,829 - log - INFO - iter:1000/8041, clip_acc1=81.9000015258789, tta_acc1=79.9000015258789
2025-06-13 22:07:47,830 - log - INFO - iter:1000/8041, Original Acc@1: 81.90, Acc@5: 99.20, TTA Acc@1: 79.90, Acc@5: 98.80
2025-06-13 22:08:41,931 - log - INFO - iter:1020/8041, clip_acc1=81.9607925415039, tta_acc1=79.90196228027344
2025-06-13 22:08:41,931 - log - INFO - iter:1020/8041, Original Acc@1: 81.96, Acc@5: 99.22, TTA Acc@1: 79.90, Acc@5: 98.82
2025-06-13 22:09:36,069 - log - INFO - iter:1040/8041, clip_acc1=82.01923370361328, tta_acc1=79.90384674072266
2025-06-13 22:09:36,069 - log - INFO - iter:1040/8041, Original Acc@1: 82.02, Acc@5: 99.23, TTA Acc@1: 79.90, Acc@5: 98.85
2025-06-13 22:10:30,326 - log - INFO - iter:1060/8041, clip_acc1=82.07546997070312, tta_acc1=79.9056625366211
2025-06-13 22:10:30,327 - log - INFO - iter:1060/8041, Original Acc@1: 82.08, Acc@5: 99.25, TTA Acc@1: 79.91, Acc@5: 98.87
2025-06-13 22:11:24,756 - log - INFO - iter:1080/8041, clip_acc1=82.22222137451172, tta_acc1=80.0
2025-06-13 22:11:24,756 - log - INFO - iter:1080/8041, Original Acc@1: 82.22, Acc@5: 99.26, TTA Acc@1: 80.00, Acc@5: 98.80
2025-06-13 22:12:19,907 - log - INFO - iter:1100/8041, clip_acc1=82.2727279663086, tta_acc1=80.18181610107422
2025-06-13 22:12:19,907 - log - INFO - iter:1100/8041, Original Acc@1: 82.27, Acc@5: 99.27, TTA Acc@1: 80.18, Acc@5: 98.82
2025-06-13 22:13:14,057 - log - INFO - iter:1120/8041, clip_acc1=82.41071319580078, tta_acc1=80.44642639160156
2025-06-13 22:13:14,057 - log - INFO - iter:1120/8041, Original Acc@1: 82.41, Acc@5: 99.29, TTA Acc@1: 80.45, Acc@5: 98.84
2025-06-13 22:14:08,291 - log - INFO - iter:1140/8041, clip_acc1=82.54386138916016, tta_acc1=80.35087585449219
2025-06-13 22:14:08,292 - log - INFO - iter:1140/8041, Original Acc@1: 82.54, Acc@5: 99.30, TTA Acc@1: 80.35, Acc@5: 98.77
2025-06-13 22:15:02,498 - log - INFO - iter:1160/8041, clip_acc1=82.75862121582031, tta_acc1=80.60344696044922
2025-06-13 22:15:02,499 - log - INFO - iter:1160/8041, Original Acc@1: 82.76, Acc@5: 99.31, TTA Acc@1: 80.60, Acc@5: 98.79
2025-06-13 22:15:56,871 - log - INFO - iter:1180/8041, clip_acc1=82.71186065673828, tta_acc1=80.59321594238281
2025-06-13 22:15:56,872 - log - INFO - iter:1180/8041, Original Acc@1: 82.71, Acc@5: 99.32, TTA Acc@1: 80.59, Acc@5: 98.81
2025-06-13 22:16:51,071 - log - INFO - iter:1200/8041, clip_acc1=82.83333587646484, tta_acc1=80.58333587646484
2025-06-13 22:16:51,072 - log - INFO - iter:1200/8041, Original Acc@1: 82.83, Acc@5: 99.33, TTA Acc@1: 80.58, Acc@5: 98.83
2025-06-13 22:17:45,236 - log - INFO - iter:1220/8041, clip_acc1=82.86885070800781, tta_acc1=80.6557388305664
2025-06-13 22:17:45,236 - log - INFO - iter:1220/8041, Original Acc@1: 82.87, Acc@5: 99.34, TTA Acc@1: 80.66, Acc@5: 98.85
2025-06-13 22:18:39,514 - log - INFO - iter:1240/8041, clip_acc1=82.98387145996094, tta_acc1=80.7258071899414
2025-06-13 22:18:39,514 - log - INFO - iter:1240/8041, Original Acc@1: 82.98, Acc@5: 99.35, TTA Acc@1: 80.73, Acc@5: 98.87
2025-06-13 22:19:34,887 - log - INFO - iter:1260/8041, clip_acc1=82.85714721679688, tta_acc1=80.55555725097656
2025-06-13 22:19:34,888 - log - INFO - iter:1260/8041, Original Acc@1: 82.86, Acc@5: 99.29, TTA Acc@1: 80.56, Acc@5: 98.81
2025-06-13 22:20:29,196 - log - INFO - iter:1280/8041, clip_acc1=82.890625, tta_acc1=80.546875
2025-06-13 22:20:29,196 - log - INFO - iter:1280/8041, Original Acc@1: 82.89, Acc@5: 99.30, TTA Acc@1: 80.55, Acc@5: 98.83
2025-06-13 22:21:23,766 - log - INFO - iter:1300/8041, clip_acc1=83.07691955566406, tta_acc1=80.69230651855469
2025-06-13 22:21:23,766 - log - INFO - iter:1300/8041, Original Acc@1: 83.08, Acc@5: 99.31, TTA Acc@1: 80.69, Acc@5: 98.85
2025-06-13 22:22:18,007 - log - INFO - iter:1320/8041, clip_acc1=83.1060562133789, tta_acc1=80.75757598876953
2025-06-13 22:22:18,007 - log - INFO - iter:1320/8041, Original Acc@1: 83.11, Acc@5: 99.24, TTA Acc@1: 80.76, Acc@5: 98.79
2025-06-13 22:23:12,201 - log - INFO - iter:1340/8041, clip_acc1=83.13433074951172, tta_acc1=80.8208999633789
2025-06-13 22:23:12,201 - log - INFO - iter:1340/8041, Original Acc@1: 83.13, Acc@5: 99.18, TTA Acc@1: 80.82, Acc@5: 98.73
2025-06-13 22:24:06,572 - log - INFO - iter:1360/8041, clip_acc1=83.0882339477539, tta_acc1=80.80882263183594
2025-06-13 22:24:06,572 - log - INFO - iter:1360/8041, Original Acc@1: 83.09, Acc@5: 99.19, TTA Acc@1: 80.81, Acc@5: 98.75
2025-06-13 22:25:00,755 - log - INFO - iter:1380/8041, clip_acc1=83.18840789794922, tta_acc1=80.86956787109375
2025-06-13 22:25:00,755 - log - INFO - iter:1380/8041, Original Acc@1: 83.19, Acc@5: 99.20, TTA Acc@1: 80.87, Acc@5: 98.77
2025-06-13 22:25:54,974 - log - INFO - iter:1400/8041, clip_acc1=83.21428680419922, tta_acc1=81.07142639160156
2025-06-13 22:25:54,975 - log - INFO - iter:1400/8041, Original Acc@1: 83.21, Acc@5: 99.21, TTA Acc@1: 81.07, Acc@5: 98.79
2025-06-13 22:26:49,147 - log - INFO - iter:1420/8041, clip_acc1=83.09858703613281, tta_acc1=81.05633544921875
2025-06-13 22:26:49,148 - log - INFO - iter:1420/8041, Original Acc@1: 83.10, Acc@5: 99.23, TTA Acc@1: 81.06, Acc@5: 98.80
2025-06-13 22:27:43,581 - log - INFO - iter:1440/8041, clip_acc1=83.125, tta_acc1=81.11111450195312
2025-06-13 22:27:43,582 - log - INFO - iter:1440/8041, Original Acc@1: 83.12, Acc@5: 99.24, TTA Acc@1: 81.11, Acc@5: 98.82
2025-06-13 22:28:37,882 - log - INFO - iter:1460/8041, clip_acc1=83.28767395019531, tta_acc1=81.36986541748047
2025-06-13 22:28:37,882 - log - INFO - iter:1460/8041, Original Acc@1: 83.29, Acc@5: 99.25, TTA Acc@1: 81.37, Acc@5: 98.84
2025-06-13 22:29:31,984 - log - INFO - iter:1480/8041, clip_acc1=83.37837982177734, tta_acc1=81.4189224243164
2025-06-13 22:29:31,984 - log - INFO - iter:1480/8041, Original Acc@1: 83.38, Acc@5: 99.26, TTA Acc@1: 81.42, Acc@5: 98.85
2025-06-13 22:30:26,301 - log - INFO - iter:1500/8041, clip_acc1=83.53333282470703, tta_acc1=81.5999984741211
2025-06-13 22:30:26,301 - log - INFO - iter:1500/8041, Original Acc@1: 83.53, Acc@5: 99.27, TTA Acc@1: 81.60, Acc@5: 98.87
2025-06-13 22:31:20,633 - log - INFO - iter:1520/8041, clip_acc1=83.5526351928711, tta_acc1=81.57894897460938
2025-06-13 22:31:20,633 - log - INFO - iter:1520/8041, Original Acc@1: 83.55, Acc@5: 99.28, TTA Acc@1: 81.58, Acc@5: 98.88
2025-06-13 22:32:14,675 - log - INFO - iter:1540/8041, clip_acc1=83.63636016845703, tta_acc1=81.68830871582031
2025-06-13 22:32:14,676 - log - INFO - iter:1540/8041, Original Acc@1: 83.64, Acc@5: 99.29, TTA Acc@1: 81.69, Acc@5: 98.90
2025-06-13 22:33:08,760 - log - INFO - iter:1560/8041, clip_acc1=83.52564239501953, tta_acc1=81.53846740722656
2025-06-13 22:33:08,760 - log - INFO - iter:1560/8041, Original Acc@1: 83.53, Acc@5: 99.23, TTA Acc@1: 81.54, Acc@5: 98.78
2025-06-13 22:34:02,988 - log - INFO - iter:1580/8041, clip_acc1=83.54430389404297, tta_acc1=81.582275390625
2025-06-13 22:34:02,988 - log - INFO - iter:1580/8041, Original Acc@1: 83.54, Acc@5: 99.24, TTA Acc@1: 81.58, Acc@5: 98.73
2025-06-13 22:34:57,127 - log - INFO - iter:1600/8041, clip_acc1=83.5625, tta_acc1=81.5625
2025-06-13 22:34:57,133 - log - INFO - iter:1600/8041, Original Acc@1: 83.56, Acc@5: 99.25, TTA Acc@1: 81.56, Acc@5: 98.75
2025-06-13 22:35:51,342 - log - INFO - iter:1620/8041, clip_acc1=83.33333587646484, tta_acc1=81.41975402832031
2025-06-13 22:35:51,342 - log - INFO - iter:1620/8041, Original Acc@1: 83.33, Acc@5: 99.26, TTA Acc@1: 81.42, Acc@5: 98.70
2025-06-13 22:36:45,551 - log - INFO - iter:1640/8041, clip_acc1=83.3536605834961, tta_acc1=81.46341705322266
2025-06-13 22:36:45,551 - log - INFO - iter:1640/8041, Original Acc@1: 83.35, Acc@5: 99.27, TTA Acc@1: 81.46, Acc@5: 98.72
2025-06-13 22:37:40,415 - log - INFO - iter:1660/8041, clip_acc1=83.3132553100586, tta_acc1=81.44578552246094
2025-06-13 22:37:40,415 - log - INFO - iter:1660/8041, Original Acc@1: 83.31, Acc@5: 99.28, TTA Acc@1: 81.45, Acc@5: 98.73
2025-06-13 22:38:34,539 - log - INFO - iter:1680/8041, clip_acc1=83.39286041259766, tta_acc1=81.42857360839844
2025-06-13 22:38:34,539 - log - INFO - iter:1680/8041, Original Acc@1: 83.39, Acc@5: 99.29, TTA Acc@1: 81.43, Acc@5: 98.75
2025-06-13 22:39:28,836 - log - INFO - iter:1700/8041, clip_acc1=83.17646789550781, tta_acc1=81.29411315917969
2025-06-13 22:39:28,836 - log - INFO - iter:1700/8041, Original Acc@1: 83.18, Acc@5: 99.29, TTA Acc@1: 81.29, Acc@5: 98.71
2025-06-13 22:40:23,044 - log - INFO - iter:1720/8041, clip_acc1=82.96511840820312, tta_acc1=81.10465240478516
2025-06-13 22:40:23,044 - log - INFO - iter:1720/8041, Original Acc@1: 82.97, Acc@5: 99.30, TTA Acc@1: 81.10, Acc@5: 98.66
2025-06-13 22:41:17,373 - log - INFO - iter:1740/8041, clip_acc1=82.87356567382812, tta_acc1=81.03448486328125
2025-06-13 22:41:17,373 - log - INFO - iter:1740/8041, Original Acc@1: 82.87, Acc@5: 99.31, TTA Acc@1: 81.03, Acc@5: 98.68
2025-06-13 22:42:11,712 - log - INFO - iter:1760/8041, clip_acc1=83.01136016845703, tta_acc1=81.07954406738281
2025-06-13 22:42:11,712 - log - INFO - iter:1760/8041, Original Acc@1: 83.01, Acc@5: 99.32, TTA Acc@1: 81.08, Acc@5: 98.69
2025-06-13 22:43:06,089 - log - INFO - iter:1780/8041, clip_acc1=83.14606475830078, tta_acc1=81.23595428466797
2025-06-13 22:43:06,089 - log - INFO - iter:1780/8041, Original Acc@1: 83.15, Acc@5: 99.33, TTA Acc@1: 81.24, Acc@5: 98.71
2025-06-13 22:44:00,312 - log - INFO - iter:1800/8041, clip_acc1=83.22222137451172, tta_acc1=81.33333587646484
2025-06-13 22:44:00,312 - log - INFO - iter:1800/8041, Original Acc@1: 83.22, Acc@5: 99.33, TTA Acc@1: 81.33, Acc@5: 98.72
2025-06-13 22:44:54,950 - log - INFO - iter:1820/8041, clip_acc1=83.29670715332031, tta_acc1=81.31868743896484
2025-06-13 22:44:54,950 - log - INFO - iter:1820/8041, Original Acc@1: 83.30, Acc@5: 99.34, TTA Acc@1: 81.32, Acc@5: 98.74
2025-06-13 22:45:49,861 - log - INFO - iter:1840/8041, clip_acc1=83.42391204833984, tta_acc1=81.4673843383789
2025-06-13 22:45:49,861 - log - INFO - iter:1840/8041, Original Acc@1: 83.42, Acc@5: 99.35, TTA Acc@1: 81.47, Acc@5: 98.75
2025-06-13 22:46:44,050 - log - INFO - iter:1860/8041, clip_acc1=83.44086456298828, tta_acc1=81.3978500366211
2025-06-13 22:46:44,050 - log - INFO - iter:1860/8041, Original Acc@1: 83.44, Acc@5: 99.35, TTA Acc@1: 81.40, Acc@5: 98.76
2025-06-13 22:47:38,485 - log - INFO - iter:1880/8041, clip_acc1=83.45744323730469, tta_acc1=81.43616485595703
2025-06-13 22:47:38,485 - log - INFO - iter:1880/8041, Original Acc@1: 83.46, Acc@5: 99.36, TTA Acc@1: 81.44, Acc@5: 98.78
2025-06-13 22:48:32,725 - log - INFO - iter:1900/8041, clip_acc1=83.57894134521484, tta_acc1=81.57894134521484
2025-06-13 22:48:32,726 - log - INFO - iter:1900/8041, Original Acc@1: 83.58, Acc@5: 99.37, TTA Acc@1: 81.58, Acc@5: 98.79
2025-06-13 22:49:27,063 - log - INFO - iter:1920/8041, clip_acc1=83.54167175292969, tta_acc1=81.56250762939453
2025-06-13 22:49:27,063 - log - INFO - iter:1920/8041, Original Acc@1: 83.54, Acc@5: 99.38, TTA Acc@1: 81.56, Acc@5: 98.80
2025-06-13 22:50:21,623 - log - INFO - iter:1940/8041, clip_acc1=83.65979766845703, tta_acc1=81.70103454589844
2025-06-13 22:50:21,623 - log - INFO - iter:1940/8041, Original Acc@1: 83.66, Acc@5: 99.38, TTA Acc@1: 81.70, Acc@5: 98.81
2025-06-13 22:51:15,877 - log - INFO - iter:1960/8041, clip_acc1=83.77550506591797, tta_acc1=81.78571319580078
2025-06-13 22:51:15,878 - log - INFO - iter:1960/8041, Original Acc@1: 83.78, Acc@5: 99.39, TTA Acc@1: 81.79, Acc@5: 98.83
2025-06-13 22:52:10,276 - log - INFO - iter:1980/8041, clip_acc1=83.83838653564453, tta_acc1=81.81818389892578
2025-06-13 22:52:10,276 - log - INFO - iter:1980/8041, Original Acc@1: 83.84, Acc@5: 99.39, TTA Acc@1: 81.82, Acc@5: 98.84
2025-06-13 22:53:04,625 - log - INFO - iter:2000/8041, clip_acc1=83.9000015258789, tta_acc1=81.80000305175781
2025-06-13 22:53:04,625 - log - INFO - iter:2000/8041, Original Acc@1: 83.90, Acc@5: 99.40, TTA Acc@1: 81.80, Acc@5: 98.85
2025-06-13 22:53:59,133 - log - INFO - iter:2020/8041, clip_acc1=83.86138916015625, tta_acc1=81.78218078613281
2025-06-13 22:53:59,134 - log - INFO - iter:2020/8041, Original Acc@1: 83.86, Acc@5: 99.41, TTA Acc@1: 81.78, Acc@5: 98.86
2025-06-13 22:54:53,452 - log - INFO - iter:2040/8041, clip_acc1=83.87255096435547, tta_acc1=81.86274719238281
2025-06-13 22:54:53,453 - log - INFO - iter:2040/8041, Original Acc@1: 83.87, Acc@5: 99.41, TTA Acc@1: 81.86, Acc@5: 98.87
2025-06-13 22:55:47,711 - log - INFO - iter:2060/8041, clip_acc1=83.88349914550781, tta_acc1=81.84466552734375
2025-06-13 22:55:47,711 - log - INFO - iter:2060/8041, Original Acc@1: 83.88, Acc@5: 99.42, TTA Acc@1: 81.84, Acc@5: 98.88
2025-06-13 22:56:42,124 - log - INFO - iter:2080/8041, clip_acc1=83.89423370361328, tta_acc1=81.875
2025-06-13 22:56:42,124 - log - INFO - iter:2080/8041, Original Acc@1: 83.89, Acc@5: 99.42, TTA Acc@1: 81.88, Acc@5: 98.89
2025-06-13 22:57:36,446 - log - INFO - iter:2100/8041, clip_acc1=83.95237731933594, tta_acc1=81.95237731933594
2025-06-13 22:57:36,446 - log - INFO - iter:2100/8041, Original Acc@1: 83.95, Acc@5: 99.43, TTA Acc@1: 81.95, Acc@5: 98.90
2025-06-13 22:58:30,718 - log - INFO - iter:2120/8041, clip_acc1=84.05660247802734, tta_acc1=81.9339599609375
2025-06-13 22:58:30,719 - log - INFO - iter:2120/8041, Original Acc@1: 84.06, Acc@5: 99.43, TTA Acc@1: 81.93, Acc@5: 98.92
2025-06-13 22:59:25,407 - log - INFO - iter:2140/8041, clip_acc1=84.15888214111328, tta_acc1=82.05607604980469
2025-06-13 22:59:25,407 - log - INFO - iter:2140/8041, Original Acc@1: 84.16, Acc@5: 99.44, TTA Acc@1: 82.06, Acc@5: 98.93
2025-06-13 23:00:19,770 - log - INFO - iter:2160/8041, clip_acc1=84.30555725097656, tta_acc1=82.1759262084961
2025-06-13 23:00:19,770 - log - INFO - iter:2160/8041, Original Acc@1: 84.31, Acc@5: 99.44, TTA Acc@1: 82.18, Acc@5: 98.94
2025-06-13 23:01:14,237 - log - INFO - iter:2180/8041, clip_acc1=84.31192779541016, tta_acc1=82.11009216308594
2025-06-13 23:01:14,238 - log - INFO - iter:2180/8041, Original Acc@1: 84.31, Acc@5: 99.45, TTA Acc@1: 82.11, Acc@5: 98.94
2025-06-13 23:02:08,535 - log - INFO - iter:2200/8041, clip_acc1=84.40908813476562, tta_acc1=82.18181610107422
2025-06-13 23:02:08,535 - log - INFO - iter:2200/8041, Original Acc@1: 84.41, Acc@5: 99.45, TTA Acc@1: 82.18, Acc@5: 98.95
2025-06-13 23:03:03,084 - log - INFO - iter:2220/8041, clip_acc1=84.27928161621094, tta_acc1=82.16216278076172
2025-06-13 23:03:03,085 - log - INFO - iter:2220/8041, Original Acc@1: 84.28, Acc@5: 99.41, TTA Acc@1: 82.16, Acc@5: 98.96
2025-06-13 23:03:57,470 - log - INFO - iter:2240/8041, clip_acc1=84.24107360839844, tta_acc1=82.09821319580078
2025-06-13 23:03:57,470 - log - INFO - iter:2240/8041, Original Acc@1: 84.24, Acc@5: 99.42, TTA Acc@1: 82.10, Acc@5: 98.93
2025-06-13 23:04:51,926 - log - INFO - iter:2260/8041, clip_acc1=84.29203796386719, tta_acc1=82.07964324951172
2025-06-13 23:04:51,926 - log - INFO - iter:2260/8041, Original Acc@1: 84.29, Acc@5: 99.42, TTA Acc@1: 82.08, Acc@5: 98.94
2025-06-13 23:05:46,499 - log - INFO - iter:2280/8041, clip_acc1=84.3859634399414, tta_acc1=82.23684692382812
2025-06-13 23:05:46,499 - log - INFO - iter:2280/8041, Original Acc@1: 84.39, Acc@5: 99.43, TTA Acc@1: 82.24, Acc@5: 98.95
2025-06-13 23:06:40,821 - log - INFO - iter:2300/8041, clip_acc1=84.39130401611328, tta_acc1=82.21739196777344
2025-06-13 23:06:40,821 - log - INFO - iter:2300/8041, Original Acc@1: 84.39, Acc@5: 99.43, TTA Acc@1: 82.22, Acc@5: 98.96
2025-06-13 23:07:35,596 - log - INFO - iter:2320/8041, clip_acc1=84.43965148925781, tta_acc1=82.24137878417969
2025-06-13 23:07:35,596 - log - INFO - iter:2320/8041, Original Acc@1: 84.44, Acc@5: 99.44, TTA Acc@1: 82.24, Acc@5: 98.97
2025-06-13 23:08:29,867 - log - INFO - iter:2340/8041, clip_acc1=84.35897827148438, tta_acc1=82.22222137451172
2025-06-13 23:08:29,868 - log - INFO - iter:2340/8041, Original Acc@1: 84.36, Acc@5: 99.44, TTA Acc@1: 82.22, Acc@5: 98.97
2025-06-13 23:09:25,461 - log - INFO - iter:2360/8041, clip_acc1=84.3644027709961, tta_acc1=82.2033920288086
2025-06-13 23:09:25,461 - log - INFO - iter:2360/8041, Original Acc@1: 84.36, Acc@5: 99.45, TTA Acc@1: 82.20, Acc@5: 98.98
2025-06-13 23:10:19,852 - log - INFO - iter:2380/8041, clip_acc1=84.45378112792969, tta_acc1=82.31092834472656
2025-06-13 23:10:19,853 - log - INFO - iter:2380/8041, Original Acc@1: 84.45, Acc@5: 99.45, TTA Acc@1: 82.31, Acc@5: 98.99
2025-06-13 23:11:14,053 - log - INFO - iter:2400/8041, clip_acc1=84.58333587646484, tta_acc1=82.45833587646484
2025-06-13 23:11:14,053 - log - INFO - iter:2400/8041, Original Acc@1: 84.58, Acc@5: 99.46, TTA Acc@1: 82.46, Acc@5: 99.00
2025-06-13 23:12:09,142 - log - INFO - iter:2420/8041, clip_acc1=84.62809753417969, tta_acc1=82.47933959960938
2025-06-13 23:12:09,142 - log - INFO - iter:2420/8041, Original Acc@1: 84.63, Acc@5: 99.42, TTA Acc@1: 82.48, Acc@5: 98.97
2025-06-13 23:13:03,479 - log - INFO - iter:2440/8041, clip_acc1=84.59016418457031, tta_acc1=82.45901489257812
2025-06-13 23:13:03,479 - log - INFO - iter:2440/8041, Original Acc@1: 84.59, Acc@5: 99.39, TTA Acc@1: 82.46, Acc@5: 98.98
2025-06-13 23:13:58,316 - log - INFO - iter:2460/8041, clip_acc1=84.63414764404297, tta_acc1=82.39836883544922
2025-06-13 23:13:58,317 - log - INFO - iter:2460/8041, Original Acc@1: 84.63, Acc@5: 99.39, TTA Acc@1: 82.40, Acc@5: 98.98
2025-06-13 23:14:52,794 - log - INFO - iter:2480/8041, clip_acc1=84.63709259033203, tta_acc1=82.3790283203125
2025-06-13 23:14:52,794 - log - INFO - iter:2480/8041, Original Acc@1: 84.64, Acc@5: 99.40, TTA Acc@1: 82.38, Acc@5: 98.99
2025-06-13 23:15:47,026 - log - INFO - iter:2500/8041, clip_acc1=84.47999572753906, tta_acc1=82.19999694824219
2025-06-13 23:15:47,026 - log - INFO - iter:2500/8041, Original Acc@1: 84.48, Acc@5: 99.40, TTA Acc@1: 82.20, Acc@5: 99.00
2025-06-13 23:16:41,754 - log - INFO - iter:2520/8041, clip_acc1=84.484130859375, tta_acc1=82.14286041259766
2025-06-13 23:16:41,755 - log - INFO - iter:2520/8041, Original Acc@1: 84.48, Acc@5: 99.40, TTA Acc@1: 82.14, Acc@5: 99.01
2025-06-13 23:17:36,294 - log - INFO - iter:2540/8041, clip_acc1=84.56692504882812, tta_acc1=82.20472717285156
2025-06-13 23:17:36,295 - log - INFO - iter:2540/8041, Original Acc@1: 84.57, Acc@5: 99.41, TTA Acc@1: 82.20, Acc@5: 99.02
2025-06-13 23:18:31,050 - log - INFO - iter:2560/8041, clip_acc1=84.4921875, tta_acc1=82.1875
2025-06-13 23:18:31,050 - log - INFO - iter:2560/8041, Original Acc@1: 84.49, Acc@5: 99.41, TTA Acc@1: 82.19, Acc@5: 99.02
2025-06-13 23:19:26,576 - log - INFO - iter:2580/8041, clip_acc1=84.4186019897461, tta_acc1=82.09302520751953
2025-06-13 23:19:26,576 - log - INFO - iter:2580/8041, Original Acc@1: 84.42, Acc@5: 99.42, TTA Acc@1: 82.09, Acc@5: 99.03
2025-06-13 23:20:21,442 - log - INFO - iter:2600/8041, clip_acc1=84.42308044433594, tta_acc1=82.07691955566406
2025-06-13 23:20:21,443 - log - INFO - iter:2600/8041, Original Acc@1: 84.42, Acc@5: 99.42, TTA Acc@1: 82.08, Acc@5: 99.00
2025-06-13 23:21:15,703 - log - INFO - iter:2620/8041, clip_acc1=84.38931274414062, tta_acc1=82.09923553466797
2025-06-13 23:21:15,703 - log - INFO - iter:2620/8041, Original Acc@1: 84.39, Acc@5: 99.39, TTA Acc@1: 82.10, Acc@5: 99.01
2025-06-13 23:22:10,047 - log - INFO - iter:2640/8041, clip_acc1=84.43181610107422, tta_acc1=82.15908813476562
2025-06-13 23:22:10,047 - log - INFO - iter:2640/8041, Original Acc@1: 84.43, Acc@5: 99.39, TTA Acc@1: 82.16, Acc@5: 99.02
2025-06-13 23:23:04,428 - log - INFO - iter:2660/8041, clip_acc1=84.28571319580078, tta_acc1=82.03007507324219
2025-06-13 23:23:04,429 - log - INFO - iter:2660/8041, Original Acc@1: 84.29, Acc@5: 99.40, TTA Acc@1: 82.03, Acc@5: 99.02
2025-06-13 23:23:58,797 - log - INFO - iter:2680/8041, clip_acc1=84.25373077392578, tta_acc1=82.05223846435547
2025-06-13 23:23:58,798 - log - INFO - iter:2680/8041, Original Acc@1: 84.25, Acc@5: 99.40, TTA Acc@1: 82.05, Acc@5: 99.03
2025-06-13 23:24:53,738 - log - INFO - iter:2700/8041, clip_acc1=84.25926208496094, tta_acc1=82.0740737915039
2025-06-13 23:24:53,738 - log - INFO - iter:2700/8041, Original Acc@1: 84.26, Acc@5: 99.41, TTA Acc@1: 82.07, Acc@5: 99.04
2025-06-13 23:25:48,102 - log - INFO - iter:2720/8041, clip_acc1=84.15441131591797, tta_acc1=82.02206420898438
2025-06-13 23:25:48,102 - log - INFO - iter:2720/8041, Original Acc@1: 84.15, Acc@5: 99.41, TTA Acc@1: 82.02, Acc@5: 99.04
2025-06-13 23:26:42,408 - log - INFO - iter:2740/8041, clip_acc1=84.19707489013672, tta_acc1=82.04379272460938
2025-06-13 23:26:42,408 - log - INFO - iter:2740/8041, Original Acc@1: 84.20, Acc@5: 99.42, TTA Acc@1: 82.04, Acc@5: 99.05
2025-06-13 23:27:36,729 - log - INFO - iter:2760/8041, clip_acc1=84.2029037475586, tta_acc1=82.13768768310547
2025-06-13 23:27:36,730 - log - INFO - iter:2760/8041, Original Acc@1: 84.20, Acc@5: 99.42, TTA Acc@1: 82.14, Acc@5: 99.06
2025-06-13 23:28:31,148 - log - INFO - iter:2780/8041, clip_acc1=84.2446060180664, tta_acc1=82.26618957519531
2025-06-13 23:28:31,148 - log - INFO - iter:2780/8041, Original Acc@1: 84.24, Acc@5: 99.42, TTA Acc@1: 82.27, Acc@5: 99.06
2025-06-13 23:29:25,487 - log - INFO - iter:2800/8041, clip_acc1=84.21428680419922, tta_acc1=82.21428680419922
2025-06-13 23:29:25,487 - log - INFO - iter:2800/8041, Original Acc@1: 84.21, Acc@5: 99.43, TTA Acc@1: 82.21, Acc@5: 99.04
2025-06-13 23:30:19,699 - log - INFO - iter:2820/8041, clip_acc1=84.25531768798828, tta_acc1=82.23403930664062
2025-06-13 23:30:19,699 - log - INFO - iter:2820/8041, Original Acc@1: 84.26, Acc@5: 99.43, TTA Acc@1: 82.23, Acc@5: 99.04
2025-06-13 23:31:14,118 - log - INFO - iter:2840/8041, clip_acc1=84.26055908203125, tta_acc1=82.2535171508789
2025-06-13 23:31:14,118 - log - INFO - iter:2840/8041, Original Acc@1: 84.26, Acc@5: 99.44, TTA Acc@1: 82.25, Acc@5: 99.05
2025-06-13 23:32:08,454 - log - INFO - iter:2860/8041, clip_acc1=84.30070495605469, tta_acc1=82.20279693603516
2025-06-13 23:32:08,455 - log - INFO - iter:2860/8041, Original Acc@1: 84.30, Acc@5: 99.44, TTA Acc@1: 82.20, Acc@5: 99.06
2025-06-13 23:33:02,813 - log - INFO - iter:2880/8041, clip_acc1=84.23611450195312, tta_acc1=82.11805725097656
2025-06-13 23:33:02,814 - log - INFO - iter:2880/8041, Original Acc@1: 84.24, Acc@5: 99.44, TTA Acc@1: 82.12, Acc@5: 99.06
2025-06-13 23:33:57,021 - log - INFO - iter:2900/8041, clip_acc1=84.17241668701172, tta_acc1=82.03448486328125
2025-06-13 23:33:57,022 - log - INFO - iter:2900/8041, Original Acc@1: 84.17, Acc@5: 99.41, TTA Acc@1: 82.03, Acc@5: 99.03
2025-06-13 23:34:51,394 - log - INFO - iter:2920/8041, clip_acc1=84.21233367919922, tta_acc1=82.05479431152344
2025-06-13 23:34:51,395 - log - INFO - iter:2920/8041, Original Acc@1: 84.21, Acc@5: 99.42, TTA Acc@1: 82.05, Acc@5: 99.04
2025-06-13 23:35:46,541 - log - INFO - iter:2940/8041, clip_acc1=84.25170135498047, tta_acc1=82.0748291015625
2025-06-13 23:35:46,541 - log - INFO - iter:2940/8041, Original Acc@1: 84.25, Acc@5: 99.42, TTA Acc@1: 82.07, Acc@5: 99.05
2025-06-13 23:36:40,841 - log - INFO - iter:2960/8041, clip_acc1=84.25675964355469, tta_acc1=82.09459686279297
2025-06-13 23:36:40,841 - log - INFO - iter:2960/8041, Original Acc@1: 84.26, Acc@5: 99.39, TTA Acc@1: 82.09, Acc@5: 99.02
2025-06-13 23:37:35,513 - log - INFO - iter:2980/8041, clip_acc1=84.19463348388672, tta_acc1=81.97986602783203
2025-06-13 23:37:35,513 - log - INFO - iter:2980/8041, Original Acc@1: 84.19, Acc@5: 99.40, TTA Acc@1: 81.98, Acc@5: 99.03
2025-06-13 23:38:29,696 - log - INFO - iter:3000/8041, clip_acc1=84.19999694824219, tta_acc1=81.96666717529297
2025-06-13 23:38:29,697 - log - INFO - iter:3000/8041, Original Acc@1: 84.20, Acc@5: 99.40, TTA Acc@1: 81.97, Acc@5: 99.03
2025-06-13 23:39:24,109 - log - INFO - iter:3020/8041, clip_acc1=84.23841094970703, tta_acc1=81.98675537109375
2025-06-13 23:39:24,110 - log - INFO - iter:3020/8041, Original Acc@1: 84.24, Acc@5: 99.40, TTA Acc@1: 81.99, Acc@5: 99.04
2025-06-13 23:40:18,876 - log - INFO - iter:3040/8041, clip_acc1=84.21053314208984, tta_acc1=81.97368621826172
2025-06-13 23:40:18,876 - log - INFO - iter:3040/8041, Original Acc@1: 84.21, Acc@5: 99.41, TTA Acc@1: 81.97, Acc@5: 99.01
2025-06-13 23:41:13,370 - log - INFO - iter:3060/8041, clip_acc1=84.24836730957031, tta_acc1=81.99346923828125
2025-06-13 23:41:13,371 - log - INFO - iter:3060/8041, Original Acc@1: 84.25, Acc@5: 99.41, TTA Acc@1: 81.99, Acc@5: 99.02
2025-06-13 23:42:08,044 - log - INFO - iter:3080/8041, clip_acc1=84.18830871582031, tta_acc1=81.91558074951172
2025-06-13 23:42:08,044 - log - INFO - iter:3080/8041, Original Acc@1: 84.19, Acc@5: 99.42, TTA Acc@1: 81.92, Acc@5: 99.03
2025-06-13 23:43:02,490 - log - INFO - iter:3100/8041, clip_acc1=84.19355010986328, tta_acc1=81.93548583984375
2025-06-13 23:43:02,490 - log - INFO - iter:3100/8041, Original Acc@1: 84.19, Acc@5: 99.42, TTA Acc@1: 81.94, Acc@5: 99.03
2025-06-13 23:43:56,973 - log - INFO - iter:3120/8041, clip_acc1=84.19872283935547, tta_acc1=81.95513153076172
2025-06-13 23:43:56,974 - log - INFO - iter:3120/8041, Original Acc@1: 84.20, Acc@5: 99.39, TTA Acc@1: 81.96, Acc@5: 99.04
2025-06-13 23:44:51,187 - log - INFO - iter:3140/8041, clip_acc1=84.23567199707031, tta_acc1=81.97452545166016
2025-06-13 23:44:51,187 - log - INFO - iter:3140/8041, Original Acc@1: 84.24, Acc@5: 99.39, TTA Acc@1: 81.97, Acc@5: 99.04
2025-06-13 23:45:46,538 - log - INFO - iter:3160/8041, clip_acc1=84.24050903320312, tta_acc1=81.96202850341797
2025-06-13 23:45:46,539 - log - INFO - iter:3160/8041, Original Acc@1: 84.24, Acc@5: 99.37, TTA Acc@1: 81.96, Acc@5: 99.02
2025-06-13 23:46:41,072 - log - INFO - iter:3180/8041, clip_acc1=84.21383666992188, tta_acc1=81.9182357788086
2025-06-13 23:46:41,072 - log - INFO - iter:3180/8041, Original Acc@1: 84.21, Acc@5: 99.37, TTA Acc@1: 81.92, Acc@5: 99.03
2025-06-13 23:47:35,599 - log - INFO - iter:3200/8041, clip_acc1=84.28125, tta_acc1=81.96875
2025-06-13 23:47:35,600 - log - INFO - iter:3200/8041, Original Acc@1: 84.28, Acc@5: 99.38, TTA Acc@1: 81.97, Acc@5: 99.03
2025-06-13 23:48:34,582 - log - INFO - iter:3220/8041, clip_acc1=84.31676483154297, tta_acc1=81.98757934570312
2025-06-13 23:48:34,583 - log - INFO - iter:3220/8041, Original Acc@1: 84.32, Acc@5: 99.38, TTA Acc@1: 81.99, Acc@5: 99.04
2025-06-13 23:49:28,906 - log - INFO - iter:3240/8041, clip_acc1=84.35185241699219, tta_acc1=82.03704071044922
2025-06-13 23:49:28,907 - log - INFO - iter:3240/8041, Original Acc@1: 84.35, Acc@5: 99.38, TTA Acc@1: 82.04, Acc@5: 99.04
2025-06-13 23:50:23,234 - log - INFO - iter:3260/8041, clip_acc1=84.38650512695312, tta_acc1=82.0245361328125
2025-06-13 23:50:23,235 - log - INFO - iter:3260/8041, Original Acc@1: 84.39, Acc@5: 99.36, TTA Acc@1: 82.02, Acc@5: 99.02
2025-06-13 23:51:17,638 - log - INFO - iter:3280/8041, clip_acc1=84.42073059082031, tta_acc1=82.01219177246094
2025-06-13 23:51:17,639 - log - INFO - iter:3280/8041, Original Acc@1: 84.42, Acc@5: 99.33, TTA Acc@1: 82.01, Acc@5: 99.02
2025-06-13 23:52:12,815 - log - INFO - iter:3300/8041, clip_acc1=84.39393615722656, tta_acc1=82.03030395507812
2025-06-13 23:52:12,816 - log - INFO - iter:3300/8041, Original Acc@1: 84.39, Acc@5: 99.33, TTA Acc@1: 82.03, Acc@5: 99.03
2025-06-13 23:53:07,176 - log - INFO - iter:3320/8041, clip_acc1=84.24698638916016, tta_acc1=81.9277114868164
2025-06-13 23:53:07,176 - log - INFO - iter:3320/8041, Original Acc@1: 84.25, Acc@5: 99.34, TTA Acc@1: 81.93, Acc@5: 99.04
2025-06-13 23:54:02,596 - log - INFO - iter:3340/8041, clip_acc1=84.19161987304688, tta_acc1=81.88623046875
2025-06-13 23:54:02,596 - log - INFO - iter:3340/8041, Original Acc@1: 84.19, Acc@5: 99.34, TTA Acc@1: 81.89, Acc@5: 99.04
2025-06-13 23:54:56,966 - log - INFO - iter:3360/8041, clip_acc1=84.16667175292969, tta_acc1=81.875
2025-06-13 23:54:56,967 - log - INFO - iter:3360/8041, Original Acc@1: 84.17, Acc@5: 99.32, TTA Acc@1: 81.88, Acc@5: 99.02
2025-06-13 23:55:51,273 - log - INFO - iter:3380/8041, clip_acc1=84.23076629638672, tta_acc1=81.80473327636719
2025-06-13 23:55:51,273 - log - INFO - iter:3380/8041, Original Acc@1: 84.23, Acc@5: 99.32, TTA Acc@1: 81.80, Acc@5: 99.02
2025-06-13 23:56:45,767 - log - INFO - iter:3400/8041, clip_acc1=84.17646789550781, tta_acc1=81.73529052734375
2025-06-13 23:56:45,767 - log - INFO - iter:3400/8041, Original Acc@1: 84.18, Acc@5: 99.32, TTA Acc@1: 81.74, Acc@5: 99.03
2025-06-13 23:57:40,162 - log - INFO - iter:3420/8041, clip_acc1=84.09356689453125, tta_acc1=81.66666412353516
2025-06-13 23:57:40,163 - log - INFO - iter:3420/8041, Original Acc@1: 84.09, Acc@5: 99.33, TTA Acc@1: 81.67, Acc@5: 99.04
2025-06-13 23:58:34,538 - log - INFO - iter:3440/8041, clip_acc1=84.09883880615234, tta_acc1=81.6279067993164
2025-06-13 23:58:34,538 - log - INFO - iter:3440/8041, Original Acc@1: 84.10, Acc@5: 99.33, TTA Acc@1: 81.63, Acc@5: 99.04
2025-06-13 23:59:28,905 - log - INFO - iter:3460/8041, clip_acc1=84.16184997558594, tta_acc1=81.64739990234375
2025-06-13 23:59:28,906 - log - INFO - iter:3460/8041, Original Acc@1: 84.16, Acc@5: 99.34, TTA Acc@1: 81.65, Acc@5: 99.05
2025-06-14 00:00:23,250 - log - INFO - iter:3480/8041, clip_acc1=84.19540405273438, tta_acc1=81.63793182373047
2025-06-14 00:00:23,251 - log - INFO - iter:3480/8041, Original Acc@1: 84.20, Acc@5: 99.34, TTA Acc@1: 81.64, Acc@5: 99.05
2025-06-14 00:01:17,438 - log - INFO - iter:3500/8041, clip_acc1=84.17142486572266, tta_acc1=81.5999984741211
2025-06-14 00:01:17,439 - log - INFO - iter:3500/8041, Original Acc@1: 84.17, Acc@5: 99.34, TTA Acc@1: 81.60, Acc@5: 99.06
2025-06-14 00:02:11,711 - log - INFO - iter:3520/8041, clip_acc1=84.20454406738281, tta_acc1=81.6477279663086
2025-06-14 00:02:11,711 - log - INFO - iter:3520/8041, Original Acc@1: 84.20, Acc@5: 99.35, TTA Acc@1: 81.65, Acc@5: 99.06
2025-06-14 00:03:05,918 - log - INFO - iter:3540/8041, clip_acc1=84.15254211425781, tta_acc1=81.58192443847656
2025-06-14 00:03:05,918 - log - INFO - iter:3540/8041, Original Acc@1: 84.15, Acc@5: 99.35, TTA Acc@1: 81.58, Acc@5: 99.07
2025-06-14 00:04:00,411 - log - INFO - iter:3560/8041, clip_acc1=84.10112762451172, tta_acc1=81.51685333251953
2025-06-14 00:04:00,412 - log - INFO - iter:3560/8041, Original Acc@1: 84.10, Acc@5: 99.35, TTA Acc@1: 81.52, Acc@5: 99.07
2025-06-14 00:04:54,911 - log - INFO - iter:3580/8041, clip_acc1=84.07820892333984, tta_acc1=81.53630828857422
2025-06-14 00:04:54,911 - log - INFO - iter:3580/8041, Original Acc@1: 84.08, Acc@5: 99.36, TTA Acc@1: 81.54, Acc@5: 99.08
2025-06-14 00:05:49,378 - log - INFO - iter:3600/8041, clip_acc1=84.02777862548828, tta_acc1=81.41667175292969
2025-06-14 00:05:49,378 - log - INFO - iter:3600/8041, Original Acc@1: 84.03, Acc@5: 99.36, TTA Acc@1: 81.42, Acc@5: 99.08
2025-06-14 00:06:43,736 - log - INFO - iter:3620/8041, clip_acc1=83.97789764404297, tta_acc1=81.32596588134766
2025-06-14 00:06:43,736 - log - INFO - iter:3620/8041, Original Acc@1: 83.98, Acc@5: 99.36, TTA Acc@1: 81.33, Acc@5: 99.09
2025-06-14 00:07:38,303 - log - INFO - iter:3640/8041, clip_acc1=83.92857360839844, tta_acc1=81.31868743896484
2025-06-14 00:07:38,303 - log - INFO - iter:3640/8041, Original Acc@1: 83.93, Acc@5: 99.37, TTA Acc@1: 81.32, Acc@5: 99.09
2025-06-14 00:08:32,625 - log - INFO - iter:3660/8041, clip_acc1=83.98907470703125, tta_acc1=81.31147766113281
2025-06-14 00:08:32,626 - log - INFO - iter:3660/8041, Original Acc@1: 83.99, Acc@5: 99.37, TTA Acc@1: 81.31, Acc@5: 99.10
2025-06-14 00:09:27,253 - log - INFO - iter:3680/8041, clip_acc1=83.9673843383789, tta_acc1=81.27716827392578
2025-06-14 00:09:27,253 - log - INFO - iter:3680/8041, Original Acc@1: 83.97, Acc@5: 99.37, TTA Acc@1: 81.28, Acc@5: 99.08
2025-06-14 00:10:21,544 - log - INFO - iter:3700/8041, clip_acc1=83.8648681640625, tta_acc1=81.21621704101562
2025-06-14 00:10:21,545 - log - INFO - iter:3700/8041, Original Acc@1: 83.86, Acc@5: 99.35, TTA Acc@1: 81.22, Acc@5: 99.05
2025-06-14 00:11:16,002 - log - INFO - iter:3720/8041, clip_acc1=83.92473602294922, tta_acc1=81.26344299316406
2025-06-14 00:11:16,002 - log - INFO - iter:3720/8041, Original Acc@1: 83.92, Acc@5: 99.35, TTA Acc@1: 81.26, Acc@5: 99.06
2025-06-14 00:12:10,331 - log - INFO - iter:3740/8041, clip_acc1=83.93048095703125, tta_acc1=81.31016540527344
2025-06-14 00:12:10,331 - log - INFO - iter:3740/8041, Original Acc@1: 83.93, Acc@5: 99.36, TTA Acc@1: 81.31, Acc@5: 99.06
2025-06-14 00:13:04,737 - log - INFO - iter:3760/8041, clip_acc1=83.93616485595703, tta_acc1=81.30319213867188
2025-06-14 00:13:04,737 - log - INFO - iter:3760/8041, Original Acc@1: 83.94, Acc@5: 99.36, TTA Acc@1: 81.30, Acc@5: 99.07
2025-06-14 00:13:59,930 - log - INFO - iter:3780/8041, clip_acc1=83.94180297851562, tta_acc1=81.34920501708984
2025-06-14 00:13:59,930 - log - INFO - iter:3780/8041, Original Acc@1: 83.94, Acc@5: 99.37, TTA Acc@1: 81.35, Acc@5: 99.07
2025-06-14 00:14:54,188 - log - INFO - iter:3800/8041, clip_acc1=83.89472961425781, tta_acc1=81.26315307617188
2025-06-14 00:14:54,189 - log - INFO - iter:3800/8041, Original Acc@1: 83.89, Acc@5: 99.37, TTA Acc@1: 81.26, Acc@5: 99.05
2025-06-14 00:15:48,589 - log - INFO - iter:3820/8041, clip_acc1=83.87434387207031, tta_acc1=81.20419311523438
2025-06-14 00:15:48,590 - log - INFO - iter:3820/8041, Original Acc@1: 83.87, Acc@5: 99.37, TTA Acc@1: 81.20, Acc@5: 99.06
2025-06-14 00:16:43,605 - log - INFO - iter:3840/8041, clip_acc1=83.90625762939453, tta_acc1=81.25000762939453
2025-06-14 00:16:43,605 - log - INFO - iter:3840/8041, Original Acc@1: 83.91, Acc@5: 99.38, TTA Acc@1: 81.25, Acc@5: 99.06
2025-06-14 00:17:38,010 - log - INFO - iter:3860/8041, clip_acc1=83.91191864013672, tta_acc1=81.2694320678711
2025-06-14 00:17:38,010 - log - INFO - iter:3860/8041, Original Acc@1: 83.91, Acc@5: 99.38, TTA Acc@1: 81.27, Acc@5: 99.07
2025-06-14 00:18:32,315 - log - INFO - iter:3880/8041, clip_acc1=83.91752624511719, tta_acc1=81.23711395263672
2025-06-14 00:18:32,315 - log - INFO - iter:3880/8041, Original Acc@1: 83.92, Acc@5: 99.38, TTA Acc@1: 81.24, Acc@5: 99.07
2025-06-14 00:19:26,642 - log - INFO - iter:3900/8041, clip_acc1=83.94871520996094, tta_acc1=81.25640869140625
2025-06-14 00:19:26,643 - log - INFO - iter:3900/8041, Original Acc@1: 83.95, Acc@5: 99.38, TTA Acc@1: 81.26, Acc@5: 99.08
2025-06-14 00:20:21,030 - log - INFO - iter:3920/8041, clip_acc1=83.9285659790039, tta_acc1=81.2244873046875
2025-06-14 00:20:21,031 - log - INFO - iter:3920/8041, Original Acc@1: 83.93, Acc@5: 99.39, TTA Acc@1: 81.22, Acc@5: 99.06
2025-06-14 00:21:15,607 - log - INFO - iter:3940/8041, clip_acc1=83.90863037109375, tta_acc1=81.1928939819336
2025-06-14 00:21:15,607 - log - INFO - iter:3940/8041, Original Acc@1: 83.91, Acc@5: 99.39, TTA Acc@1: 81.19, Acc@5: 99.06
2025-06-14 00:22:09,902 - log - INFO - iter:3960/8041, clip_acc1=83.91414642333984, tta_acc1=81.16162109375
2025-06-14 00:22:09,902 - log - INFO - iter:3960/8041, Original Acc@1: 83.91, Acc@5: 99.39, TTA Acc@1: 81.16, Acc@5: 99.07
2025-06-14 00:23:04,272 - log - INFO - iter:3980/8041, clip_acc1=83.86934661865234, tta_acc1=81.10552978515625
2025-06-14 00:23:04,273 - log - INFO - iter:3980/8041, Original Acc@1: 83.87, Acc@5: 99.40, TTA Acc@1: 81.11, Acc@5: 99.07
2025-06-14 00:23:58,559 - log - INFO - iter:4000/8041, clip_acc1=83.87500762939453, tta_acc1=81.1500015258789
2025-06-14 00:23:58,559 - log - INFO - iter:4000/8041, Original Acc@1: 83.88, Acc@5: 99.40, TTA Acc@1: 81.15, Acc@5: 99.08
2025-06-14 00:24:52,729 - log - INFO - iter:4020/8041, clip_acc1=83.85572814941406, tta_acc1=81.14427947998047
2025-06-14 00:24:52,730 - log - INFO - iter:4020/8041, Original Acc@1: 83.86, Acc@5: 99.40, TTA Acc@1: 81.14, Acc@5: 99.08
2025-06-14 00:25:47,004 - log - INFO - iter:4040/8041, clip_acc1=83.83663940429688, tta_acc1=81.11386108398438
2025-06-14 00:25:47,004 - log - INFO - iter:4040/8041, Original Acc@1: 83.84, Acc@5: 99.38, TTA Acc@1: 81.11, Acc@5: 99.06
2025-06-14 00:26:41,391 - log - INFO - iter:4060/8041, clip_acc1=83.81773376464844, tta_acc1=81.13301086425781
2025-06-14 00:26:41,392 - log - INFO - iter:4060/8041, Original Acc@1: 83.82, Acc@5: 99.38, TTA Acc@1: 81.13, Acc@5: 99.06
2025-06-14 00:27:35,763 - log - INFO - iter:4080/8041, clip_acc1=83.8480453491211, tta_acc1=81.20098876953125
2025-06-14 00:27:35,764 - log - INFO - iter:4080/8041, Original Acc@1: 83.85, Acc@5: 99.39, TTA Acc@1: 81.20, Acc@5: 99.07
2025-06-14 00:28:30,196 - log - INFO - iter:4100/8041, clip_acc1=83.8780517578125, tta_acc1=81.24390411376953
2025-06-14 00:28:30,197 - log - INFO - iter:4100/8041, Original Acc@1: 83.88, Acc@5: 99.39, TTA Acc@1: 81.24, Acc@5: 99.07
2025-06-14 00:29:24,495 - log - INFO - iter:4120/8041, clip_acc1=83.95631408691406, tta_acc1=81.33495330810547
2025-06-14 00:29:24,496 - log - INFO - iter:4120/8041, Original Acc@1: 83.96, Acc@5: 99.39, TTA Acc@1: 81.33, Acc@5: 99.08
2025-06-14 00:30:18,981 - log - INFO - iter:4140/8041, clip_acc1=83.93719482421875, tta_acc1=81.32849884033203
2025-06-14 00:30:18,982 - log - INFO - iter:4140/8041, Original Acc@1: 83.94, Acc@5: 99.40, TTA Acc@1: 81.33, Acc@5: 99.08
2025-06-14 00:31:13,209 - log - INFO - iter:4160/8041, clip_acc1=83.96634674072266, tta_acc1=81.34615325927734
2025-06-14 00:31:13,209 - log - INFO - iter:4160/8041, Original Acc@1: 83.97, Acc@5: 99.40, TTA Acc@1: 81.35, Acc@5: 99.09
2025-06-14 00:32:07,900 - log - INFO - iter:4180/8041, clip_acc1=83.9712905883789, tta_acc1=81.33971405029297
2025-06-14 00:32:07,901 - log - INFO - iter:4180/8041, Original Acc@1: 83.97, Acc@5: 99.40, TTA Acc@1: 81.34, Acc@5: 99.09
2025-06-14 00:33:03,249 - log - INFO - iter:4200/8041, clip_acc1=84.02381134033203, tta_acc1=81.4047622680664
2025-06-14 00:33:03,250 - log - INFO - iter:4200/8041, Original Acc@1: 84.02, Acc@5: 99.40, TTA Acc@1: 81.40, Acc@5: 99.07
2025-06-14 00:33:57,515 - log - INFO - iter:4220/8041, clip_acc1=84.02843475341797, tta_acc1=81.42179870605469
2025-06-14 00:33:57,515 - log - INFO - iter:4220/8041, Original Acc@1: 84.03, Acc@5: 99.41, TTA Acc@1: 81.42, Acc@5: 99.08
2025-06-14 00:34:53,399 - log - INFO - iter:4240/8041, clip_acc1=83.96226501464844, tta_acc1=81.36792755126953
2025-06-14 00:34:53,400 - log - INFO - iter:4240/8041, Original Acc@1: 83.96, Acc@5: 99.41, TTA Acc@1: 81.37, Acc@5: 99.08
2025-06-14 00:35:47,849 - log - INFO - iter:4260/8041, clip_acc1=84.01408386230469, tta_acc1=81.45539855957031
2025-06-14 00:35:47,849 - log - INFO - iter:4260/8041, Original Acc@1: 84.01, Acc@5: 99.41, TTA Acc@1: 81.46, Acc@5: 99.08
2025-06-14 00:36:42,250 - log - INFO - iter:4280/8041, clip_acc1=84.04206085205078, tta_acc1=81.47196197509766
2025-06-14 00:36:42,250 - log - INFO - iter:4280/8041, Original Acc@1: 84.04, Acc@5: 99.42, TTA Acc@1: 81.47, Acc@5: 99.09
2025-06-14 00:37:36,665 - log - INFO - iter:4300/8041, clip_acc1=84.02325439453125, tta_acc1=81.44186401367188
2025-06-14 00:37:36,665 - log - INFO - iter:4300/8041, Original Acc@1: 84.02, Acc@5: 99.42, TTA Acc@1: 81.44, Acc@5: 99.07
2025-06-14 00:38:31,067 - log - INFO - iter:4320/8041, clip_acc1=83.9351806640625, tta_acc1=81.38888549804688
2025-06-14 00:38:31,067 - log - INFO - iter:4320/8041, Original Acc@1: 83.94, Acc@5: 99.42, TTA Acc@1: 81.39, Acc@5: 99.07
2025-06-14 00:39:25,522 - log - INFO - iter:4340/8041, clip_acc1=83.98617553710938, tta_acc1=81.45161437988281
2025-06-14 00:39:25,523 - log - INFO - iter:4340/8041, Original Acc@1: 83.99, Acc@5: 99.42, TTA Acc@1: 81.45, Acc@5: 99.08
2025-06-14 00:40:19,978 - log - INFO - iter:4360/8041, clip_acc1=84.03669738769531, tta_acc1=81.49082946777344
2025-06-14 00:40:19,979 - log - INFO - iter:4360/8041, Original Acc@1: 84.04, Acc@5: 99.43, TTA Acc@1: 81.49, Acc@5: 99.08
2025-06-14 00:41:14,406 - log - INFO - iter:4380/8041, clip_acc1=84.04109191894531, tta_acc1=81.52967834472656
2025-06-14 00:41:14,407 - log - INFO - iter:4380/8041, Original Acc@1: 84.04, Acc@5: 99.43, TTA Acc@1: 81.53, Acc@5: 99.09
2025-06-14 00:42:08,994 - log - INFO - iter:4400/8041, clip_acc1=84.0227279663086, tta_acc1=81.4772720336914
2025-06-14 00:42:08,994 - log - INFO - iter:4400/8041, Original Acc@1: 84.02, Acc@5: 99.43, TTA Acc@1: 81.48, Acc@5: 99.09
2025-06-14 00:43:03,260 - log - INFO - iter:4420/8041, clip_acc1=83.93665313720703, tta_acc1=81.42533874511719
2025-06-14 00:43:03,260 - log - INFO - iter:4420/8041, Original Acc@1: 83.94, Acc@5: 99.43, TTA Acc@1: 81.43, Acc@5: 99.10
2025-06-14 00:43:57,682 - log - INFO - iter:4440/8041, clip_acc1=83.9639663696289, tta_acc1=81.4189224243164
2025-06-14 00:43:57,682 - log - INFO - iter:4440/8041, Original Acc@1: 83.96, Acc@5: 99.44, TTA Acc@1: 81.42, Acc@5: 99.10
2025-06-14 00:44:52,130 - log - INFO - iter:4460/8041, clip_acc1=84.0134506225586, tta_acc1=81.47982025146484
2025-06-14 00:44:52,130 - log - INFO - iter:4460/8041, Original Acc@1: 84.01, Acc@5: 99.44, TTA Acc@1: 81.48, Acc@5: 99.10
2025-06-14 00:45:46,530 - log - INFO - iter:4480/8041, clip_acc1=83.99553680419922, tta_acc1=81.49553680419922
2025-06-14 00:45:46,530 - log - INFO - iter:4480/8041, Original Acc@1: 84.00, Acc@5: 99.42, TTA Acc@1: 81.50, Acc@5: 99.08
2025-06-14 00:46:41,046 - log - INFO - iter:4500/8041, clip_acc1=84.02222442626953, tta_acc1=81.55555725097656
2025-06-14 00:46:41,046 - log - INFO - iter:4500/8041, Original Acc@1: 84.02, Acc@5: 99.42, TTA Acc@1: 81.56, Acc@5: 99.09
2025-06-14 00:47:35,318 - log - INFO - iter:4520/8041, clip_acc1=84.02655029296875, tta_acc1=81.50442504882812
2025-06-14 00:47:35,318 - log - INFO - iter:4520/8041, Original Acc@1: 84.03, Acc@5: 99.42, TTA Acc@1: 81.50, Acc@5: 99.09
2025-06-14 00:48:29,809 - log - INFO - iter:4540/8041, clip_acc1=84.03083801269531, tta_acc1=81.51982879638672
2025-06-14 00:48:29,809 - log - INFO - iter:4540/8041, Original Acc@1: 84.03, Acc@5: 99.43, TTA Acc@1: 81.52, Acc@5: 99.10
2025-06-14 00:49:24,132 - log - INFO - iter:4560/8041, clip_acc1=84.03508758544922, tta_acc1=81.53508758544922
2025-06-14 00:49:24,132 - log - INFO - iter:4560/8041, Original Acc@1: 84.04, Acc@5: 99.43, TTA Acc@1: 81.54, Acc@5: 99.10
2025-06-14 00:50:18,538 - log - INFO - iter:4580/8041, clip_acc1=84.039306640625, tta_acc1=81.55022430419922
2025-06-14 00:50:18,539 - log - INFO - iter:4580/8041, Original Acc@1: 84.04, Acc@5: 99.43, TTA Acc@1: 81.55, Acc@5: 99.10
2025-06-14 00:51:12,913 - log - INFO - iter:4600/8041, clip_acc1=84.06521606445312, tta_acc1=81.56521606445312
2025-06-14 00:51:12,914 - log - INFO - iter:4600/8041, Original Acc@1: 84.07, Acc@5: 99.43, TTA Acc@1: 81.57, Acc@5: 99.11
2025-06-14 00:52:07,188 - log - INFO - iter:4620/8041, clip_acc1=84.09091186523438, tta_acc1=81.60173034667969
2025-06-14 00:52:07,188 - log - INFO - iter:4620/8041, Original Acc@1: 84.09, Acc@5: 99.44, TTA Acc@1: 81.60, Acc@5: 99.11
2025-06-14 00:53:01,630 - log - INFO - iter:4640/8041, clip_acc1=84.07327270507812, tta_acc1=81.5948257446289
2025-06-14 00:53:01,631 - log - INFO - iter:4640/8041, Original Acc@1: 84.07, Acc@5: 99.44, TTA Acc@1: 81.59, Acc@5: 99.09
2025-06-14 00:53:58,528 - log - INFO - iter:4660/8041, clip_acc1=84.07725524902344, tta_acc1=81.60944366455078
2025-06-14 00:53:58,529 - log - INFO - iter:4660/8041, Original Acc@1: 84.08, Acc@5: 99.44, TTA Acc@1: 81.61, Acc@5: 99.10
2025-06-14 00:54:53,568 - log - INFO - iter:4680/8041, clip_acc1=84.1025619506836, tta_acc1=81.64530181884766
2025-06-14 00:54:53,568 - log - INFO - iter:4680/8041, Original Acc@1: 84.10, Acc@5: 99.44, TTA Acc@1: 81.65, Acc@5: 99.10
2025-06-14 00:55:48,077 - log - INFO - iter:4700/8041, clip_acc1=84.0851058959961, tta_acc1=81.63829803466797
2025-06-14 00:55:48,077 - log - INFO - iter:4700/8041, Original Acc@1: 84.09, Acc@5: 99.45, TTA Acc@1: 81.64, Acc@5: 99.09
2025-06-14 00:56:42,545 - log - INFO - iter:4720/8041, clip_acc1=84.11016845703125, tta_acc1=81.6737289428711
2025-06-14 00:56:42,545 - log - INFO - iter:4720/8041, Original Acc@1: 84.11, Acc@5: 99.45, TTA Acc@1: 81.67, Acc@5: 99.07
2025-06-14 00:57:36,910 - log - INFO - iter:4740/8041, clip_acc1=84.07173156738281, tta_acc1=81.64556884765625
2025-06-14 00:57:36,910 - log - INFO - iter:4740/8041, Original Acc@1: 84.07, Acc@5: 99.45, TTA Acc@1: 81.65, Acc@5: 99.07
2025-06-14 00:58:31,223 - log - INFO - iter:4760/8041, clip_acc1=84.05462646484375, tta_acc1=81.65966796875
2025-06-14 00:58:31,224 - log - INFO - iter:4760/8041, Original Acc@1: 84.05, Acc@5: 99.45, TTA Acc@1: 81.66, Acc@5: 99.08
2025-06-14 00:59:27,925 - log - INFO - iter:4780/8041, clip_acc1=84.121337890625, tta_acc1=81.73640441894531
2025-06-14 00:59:27,925 - log - INFO - iter:4780/8041, Original Acc@1: 84.12, Acc@5: 99.46, TTA Acc@1: 81.74, Acc@5: 99.08
2025-06-14 01:00:23,120 - log - INFO - iter:4800/8041, clip_acc1=84.08333587646484, tta_acc1=81.72917175292969
2025-06-14 01:00:23,121 - log - INFO - iter:4800/8041, Original Acc@1: 84.08, Acc@5: 99.46, TTA Acc@1: 81.73, Acc@5: 99.08
2025-06-14 01:01:17,523 - log - INFO - iter:4820/8041, clip_acc1=84.14937591552734, tta_acc1=81.78423309326172
2025-06-14 01:01:17,523 - log - INFO - iter:4820/8041, Original Acc@1: 84.15, Acc@5: 99.46, TTA Acc@1: 81.78, Acc@5: 99.09
2025-06-14 01:02:12,467 - log - INFO - iter:4840/8041, clip_acc1=84.13223266601562, tta_acc1=81.81818389892578
2025-06-14 01:02:12,467 - log - INFO - iter:4840/8041, Original Acc@1: 84.13, Acc@5: 99.46, TTA Acc@1: 81.82, Acc@5: 99.09
2025-06-14 01:03:06,978 - log - INFO - iter:4860/8041, clip_acc1=84.17695617675781, tta_acc1=81.8312759399414
2025-06-14 01:03:06,978 - log - INFO - iter:4860/8041, Original Acc@1: 84.18, Acc@5: 99.47, TTA Acc@1: 81.83, Acc@5: 99.09
2025-06-14 01:04:01,727 - log - INFO - iter:4880/8041, clip_acc1=84.13934326171875, tta_acc1=81.82376861572266
2025-06-14 01:04:01,728 - log - INFO - iter:4880/8041, Original Acc@1: 84.14, Acc@5: 99.47, TTA Acc@1: 81.82, Acc@5: 99.10
2025-06-14 01:04:56,010 - log - INFO - iter:4900/8041, clip_acc1=84.10204315185547, tta_acc1=81.81632995605469
2025-06-14 01:04:56,010 - log - INFO - iter:4900/8041, Original Acc@1: 84.10, Acc@5: 99.47, TTA Acc@1: 81.82, Acc@5: 99.10
2025-06-14 01:05:51,096 - log - INFO - iter:4920/8041, clip_acc1=84.12601470947266, tta_acc1=81.84959411621094
2025-06-14 01:05:51,096 - log - INFO - iter:4920/8041, Original Acc@1: 84.13, Acc@5: 99.47, TTA Acc@1: 81.85, Acc@5: 99.11
2025-06-14 01:06:45,500 - log - INFO - iter:4940/8041, clip_acc1=84.14979553222656, tta_acc1=81.82186126708984
2025-06-14 01:06:45,501 - log - INFO - iter:4940/8041, Original Acc@1: 84.15, Acc@5: 99.47, TTA Acc@1: 81.82, Acc@5: 99.11
2025-06-14 01:07:39,664 - log - INFO - iter:4960/8041, clip_acc1=84.11289978027344, tta_acc1=81.81451416015625
2025-06-14 01:07:39,665 - log - INFO - iter:4960/8041, Original Acc@1: 84.11, Acc@5: 99.48, TTA Acc@1: 81.81, Acc@5: 99.11
2025-06-14 01:08:33,936 - log - INFO - iter:4980/8041, clip_acc1=84.07630920410156, tta_acc1=81.78714752197266
2025-06-14 01:08:33,936 - log - INFO - iter:4980/8041, Original Acc@1: 84.08, Acc@5: 99.48, TTA Acc@1: 81.79, Acc@5: 99.12
2025-06-14 01:09:28,254 - log - INFO - iter:5000/8041, clip_acc1=84.0999984741211, tta_acc1=81.79999542236328
2025-06-14 01:09:28,255 - log - INFO - iter:5000/8041, Original Acc@1: 84.10, Acc@5: 99.48, TTA Acc@1: 81.80, Acc@5: 99.12
2025-06-14 01:10:22,736 - log - INFO - iter:5020/8041, clip_acc1=84.12350463867188, tta_acc1=81.83267211914062
2025-06-14 01:10:22,737 - log - INFO - iter:5020/8041, Original Acc@1: 84.12, Acc@5: 99.48, TTA Acc@1: 81.83, Acc@5: 99.12
2025-06-14 01:11:17,312 - log - INFO - iter:5040/8041, clip_acc1=84.0873031616211, tta_acc1=81.80555725097656
2025-06-14 01:11:17,313 - log - INFO - iter:5040/8041, Original Acc@1: 84.09, Acc@5: 99.48, TTA Acc@1: 81.81, Acc@5: 99.13
2025-06-14 01:12:11,539 - log - INFO - iter:5060/8041, clip_acc1=84.09090423583984, tta_acc1=81.77865600585938
2025-06-14 01:12:11,539 - log - INFO - iter:5060/8041, Original Acc@1: 84.09, Acc@5: 99.49, TTA Acc@1: 81.78, Acc@5: 99.13
2025-06-14 01:13:05,785 - log - INFO - iter:5080/8041, clip_acc1=84.09449005126953, tta_acc1=81.79133605957031
2025-06-14 01:13:05,785 - log - INFO - iter:5080/8041, Original Acc@1: 84.09, Acc@5: 99.49, TTA Acc@1: 81.79, Acc@5: 99.13
2025-06-14 01:14:00,490 - log - INFO - iter:5100/8041, clip_acc1=84.07843017578125, tta_acc1=81.80391693115234
2025-06-14 01:14:00,490 - log - INFO - iter:5100/8041, Original Acc@1: 84.08, Acc@5: 99.47, TTA Acc@1: 81.80, Acc@5: 99.12
2025-06-14 01:14:55,474 - log - INFO - iter:5120/8041, clip_acc1=84.1015625, tta_acc1=81.8359375
2025-06-14 01:14:55,474 - log - INFO - iter:5120/8041, Original Acc@1: 84.10, Acc@5: 99.47, TTA Acc@1: 81.84, Acc@5: 99.12
2025-06-14 01:15:49,840 - log - INFO - iter:5140/8041, clip_acc1=84.12451171875, tta_acc1=81.88716125488281
2025-06-14 01:15:49,841 - log - INFO - iter:5140/8041, Original Acc@1: 84.12, Acc@5: 99.47, TTA Acc@1: 81.89, Acc@5: 99.12
2025-06-14 01:16:44,492 - log - INFO - iter:5160/8041, clip_acc1=84.1279067993164, tta_acc1=81.87984466552734
2025-06-14 01:16:44,492 - log - INFO - iter:5160/8041, Original Acc@1: 84.13, Acc@5: 99.48, TTA Acc@1: 81.88, Acc@5: 99.11
2025-06-14 01:17:38,744 - log - INFO - iter:5180/8041, clip_acc1=84.16988372802734, tta_acc1=81.89189147949219
2025-06-14 01:17:38,745 - log - INFO - iter:5180/8041, Original Acc@1: 84.17, Acc@5: 99.46, TTA Acc@1: 81.89, Acc@5: 99.09
2025-06-14 01:18:33,075 - log - INFO - iter:5200/8041, clip_acc1=84.17308044433594, tta_acc1=81.88461303710938
2025-06-14 01:18:33,075 - log - INFO - iter:5200/8041, Original Acc@1: 84.17, Acc@5: 99.46, TTA Acc@1: 81.88, Acc@5: 99.10
2025-06-14 01:19:27,270 - log - INFO - iter:5220/8041, clip_acc1=84.1762466430664, tta_acc1=81.85823822021484
2025-06-14 01:19:27,271 - log - INFO - iter:5220/8041, Original Acc@1: 84.18, Acc@5: 99.46, TTA Acc@1: 81.86, Acc@5: 99.10
2025-06-14 01:20:21,791 - log - INFO - iter:5240/8041, clip_acc1=84.16030883789062, tta_acc1=81.83206176757812
2025-06-14 01:20:21,791 - log - INFO - iter:5240/8041, Original Acc@1: 84.16, Acc@5: 99.47, TTA Acc@1: 81.83, Acc@5: 99.10
2025-06-14 01:21:16,123 - log - INFO - iter:5260/8041, clip_acc1=84.16349792480469, tta_acc1=81.84410095214844
2025-06-14 01:21:16,123 - log - INFO - iter:5260/8041, Original Acc@1: 84.16, Acc@5: 99.47, TTA Acc@1: 81.84, Acc@5: 99.11
2025-06-14 01:22:10,416 - log - INFO - iter:5280/8041, clip_acc1=84.10984802246094, tta_acc1=81.79924011230469
2025-06-14 01:22:10,417 - log - INFO - iter:5280/8041, Original Acc@1: 84.11, Acc@5: 99.47, TTA Acc@1: 81.80, Acc@5: 99.11
2025-06-14 01:23:04,645 - log - INFO - iter:5300/8041, clip_acc1=84.07546997070312, tta_acc1=81.75471496582031
2025-06-14 01:23:04,646 - log - INFO - iter:5300/8041, Original Acc@1: 84.08, Acc@5: 99.47, TTA Acc@1: 81.75, Acc@5: 99.11
2025-06-14 01:23:58,934 - log - INFO - iter:5320/8041, clip_acc1=84.09774780273438, tta_acc1=81.76691436767578
2025-06-14 01:23:58,935 - log - INFO - iter:5320/8041, Original Acc@1: 84.10, Acc@5: 99.47, TTA Acc@1: 81.77, Acc@5: 99.12
2025-06-14 01:24:54,306 - log - INFO - iter:5340/8041, clip_acc1=84.1198501586914, tta_acc1=81.835205078125
2025-06-14 01:24:54,307 - log - INFO - iter:5340/8041, Original Acc@1: 84.12, Acc@5: 99.48, TTA Acc@1: 81.84, Acc@5: 99.12
2025-06-14 01:25:48,534 - log - INFO - iter:5360/8041, clip_acc1=84.08582305908203, tta_acc1=81.86566925048828
2025-06-14 01:25:48,535 - log - INFO - iter:5360/8041, Original Acc@1: 84.09, Acc@5: 99.48, TTA Acc@1: 81.87, Acc@5: 99.12
2025-06-14 01:26:43,085 - log - INFO - iter:5380/8041, clip_acc1=84.10780334472656, tta_acc1=81.87732696533203
2025-06-14 01:26:43,085 - log - INFO - iter:5380/8041, Original Acc@1: 84.11, Acc@5: 99.48, TTA Acc@1: 81.88, Acc@5: 99.13
2025-06-14 01:27:37,732 - log - INFO - iter:5400/8041, clip_acc1=84.12963104248047, tta_acc1=81.90740966796875
2025-06-14 01:27:37,733 - log - INFO - iter:5400/8041, Original Acc@1: 84.13, Acc@5: 99.48, TTA Acc@1: 81.91, Acc@5: 99.11
2025-06-14 01:28:32,255 - log - INFO - iter:5420/8041, clip_acc1=84.13284301757812, tta_acc1=81.91881561279297
2025-06-14 01:28:32,255 - log - INFO - iter:5420/8041, Original Acc@1: 84.13, Acc@5: 99.48, TTA Acc@1: 81.92, Acc@5: 99.10
2025-06-14 01:29:26,942 - log - INFO - iter:5440/8041, clip_acc1=84.13603210449219, tta_acc1=81.93014526367188
2025-06-14 01:29:26,942 - log - INFO - iter:5440/8041, Original Acc@1: 84.14, Acc@5: 99.49, TTA Acc@1: 81.93, Acc@5: 99.10
2025-06-14 01:30:21,661 - log - INFO - iter:5460/8041, clip_acc1=84.15750885009766, tta_acc1=81.92308044433594
2025-06-14 01:30:21,662 - log - INFO - iter:5460/8041, Original Acc@1: 84.16, Acc@5: 99.49, TTA Acc@1: 81.92, Acc@5: 99.10
2025-06-14 01:31:16,082 - log - INFO - iter:5480/8041, clip_acc1=84.12408447265625, tta_acc1=81.91605377197266
2025-06-14 01:31:16,083 - log - INFO - iter:5480/8041, Original Acc@1: 84.12, Acc@5: 99.49, TTA Acc@1: 81.92, Acc@5: 99.09
2025-06-14 01:32:10,277 - log - INFO - iter:5500/8041, clip_acc1=84.10908508300781, tta_acc1=81.89090728759766
2025-06-14 01:32:10,277 - log - INFO - iter:5500/8041, Original Acc@1: 84.11, Acc@5: 99.49, TTA Acc@1: 81.89, Acc@5: 99.09
2025-06-14 01:33:04,573 - log - INFO - iter:5520/8041, clip_acc1=84.05797576904297, tta_acc1=81.88406372070312
2025-06-14 01:33:04,574 - log - INFO - iter:5520/8041, Original Acc@1: 84.06, Acc@5: 99.49, TTA Acc@1: 81.88, Acc@5: 99.09
2025-06-14 01:33:59,159 - log - INFO - iter:5540/8041, clip_acc1=84.11552429199219, tta_acc1=81.949462890625
2025-06-14 01:33:59,160 - log - INFO - iter:5540/8041, Original Acc@1: 84.12, Acc@5: 99.49, TTA Acc@1: 81.95, Acc@5: 99.10
2025-06-14 01:34:53,797 - log - INFO - iter:5560/8041, clip_acc1=84.10071563720703, tta_acc1=81.94244384765625
2025-06-14 01:34:53,798 - log - INFO - iter:5560/8041, Original Acc@1: 84.10, Acc@5: 99.50, TTA Acc@1: 81.94, Acc@5: 99.10
2025-06-14 01:35:48,424 - log - INFO - iter:5580/8041, clip_acc1=84.08602142333984, tta_acc1=81.97132110595703
2025-06-14 01:35:48,424 - log - INFO - iter:5580/8041, Original Acc@1: 84.09, Acc@5: 99.50, TTA Acc@1: 81.97, Acc@5: 99.10
2025-06-14 01:36:42,773 - log - INFO - iter:5600/8041, clip_acc1=84.08928680419922, tta_acc1=82.0
2025-06-14 01:36:42,774 - log - INFO - iter:5600/8041, Original Acc@1: 84.09, Acc@5: 99.50, TTA Acc@1: 82.00, Acc@5: 99.11
2025-06-14 01:37:37,193 - log - INFO - iter:5620/8041, clip_acc1=84.11032104492188, tta_acc1=81.99288177490234
2025-06-14 01:37:37,194 - log - INFO - iter:5620/8041, Original Acc@1: 84.11, Acc@5: 99.50, TTA Acc@1: 81.99, Acc@5: 99.11
2025-06-14 01:38:31,652 - log - INFO - iter:5640/8041, clip_acc1=84.09574127197266, tta_acc1=81.98580932617188
2025-06-14 01:38:31,653 - log - INFO - iter:5640/8041, Original Acc@1: 84.10, Acc@5: 99.50, TTA Acc@1: 81.99, Acc@5: 99.11
2025-06-14 01:39:25,944 - log - INFO - iter:5660/8041, clip_acc1=84.08126831054688, tta_acc1=81.97879791259766
2025-06-14 01:39:25,944 - log - INFO - iter:5660/8041, Original Acc@1: 84.08, Acc@5: 99.51, TTA Acc@1: 81.98, Acc@5: 99.12
2025-06-14 01:40:20,871 - log - INFO - iter:5680/8041, clip_acc1=84.10211181640625, tta_acc1=81.9718246459961
2025-06-14 01:40:20,872 - log - INFO - iter:5680/8041, Original Acc@1: 84.10, Acc@5: 99.51, TTA Acc@1: 81.97, Acc@5: 99.12
2025-06-14 01:41:15,533 - log - INFO - iter:5700/8041, clip_acc1=84.14035034179688, tta_acc1=82.01754760742188
2025-06-14 01:41:15,533 - log - INFO - iter:5700/8041, Original Acc@1: 84.14, Acc@5: 99.51, TTA Acc@1: 82.02, Acc@5: 99.12
2025-06-14 01:42:09,980 - log - INFO - iter:5720/8041, clip_acc1=84.16084289550781, tta_acc1=82.0279769897461
2025-06-14 01:42:09,981 - log - INFO - iter:5720/8041, Original Acc@1: 84.16, Acc@5: 99.51, TTA Acc@1: 82.03, Acc@5: 99.13
2025-06-14 01:43:04,330 - log - INFO - iter:5740/8041, clip_acc1=84.16375732421875, tta_acc1=82.03832244873047
2025-06-14 01:43:04,331 - log - INFO - iter:5740/8041, Original Acc@1: 84.16, Acc@5: 99.51, TTA Acc@1: 82.04, Acc@5: 99.13
2025-06-14 01:43:58,687 - log - INFO - iter:5760/8041, clip_acc1=84.14930725097656, tta_acc1=82.03125
2025-06-14 01:43:58,687 - log - INFO - iter:5760/8041, Original Acc@1: 84.15, Acc@5: 99.51, TTA Acc@1: 82.03, Acc@5: 99.13
2025-06-14 01:44:52,998 - log - INFO - iter:5780/8041, clip_acc1=84.16954803466797, tta_acc1=82.05882263183594
2025-06-14 01:44:52,998 - log - INFO - iter:5780/8041, Original Acc@1: 84.17, Acc@5: 99.52, TTA Acc@1: 82.06, Acc@5: 99.13
2025-06-14 01:45:47,316 - log - INFO - iter:5800/8041, clip_acc1=84.1551742553711, tta_acc1=82.03448486328125
2025-06-14 01:45:47,316 - log - INFO - iter:5800/8041, Original Acc@1: 84.16, Acc@5: 99.52, TTA Acc@1: 82.03, Acc@5: 99.14
2025-06-14 01:46:42,317 - log - INFO - iter:5820/8041, clip_acc1=84.17525482177734, tta_acc1=82.06185150146484
2025-06-14 01:46:42,317 - log - INFO - iter:5820/8041, Original Acc@1: 84.18, Acc@5: 99.50, TTA Acc@1: 82.06, Acc@5: 99.14
2025-06-14 01:47:36,884 - log - INFO - iter:5840/8041, clip_acc1=84.19520568847656, tta_acc1=82.0719223022461
2025-06-14 01:47:36,885 - log - INFO - iter:5840/8041, Original Acc@1: 84.20, Acc@5: 99.50, TTA Acc@1: 82.07, Acc@5: 99.14
2025-06-14 01:48:32,312 - log - INFO - iter:5860/8041, clip_acc1=84.163818359375, tta_acc1=82.03071594238281
2025-06-14 01:48:32,312 - log - INFO - iter:5860/8041, Original Acc@1: 84.16, Acc@5: 99.51, TTA Acc@1: 82.03, Acc@5: 99.15
2025-06-14 01:49:26,694 - log - INFO - iter:5880/8041, clip_acc1=84.18367767333984, tta_acc1=82.0748291015625
2025-06-14 01:49:26,694 - log - INFO - iter:5880/8041, Original Acc@1: 84.18, Acc@5: 99.51, TTA Acc@1: 82.07, Acc@5: 99.15
2025-06-14 01:50:21,036 - log - INFO - iter:5900/8041, clip_acc1=84.2203369140625, tta_acc1=82.11864471435547
2025-06-14 01:50:21,036 - log - INFO - iter:5900/8041, Original Acc@1: 84.22, Acc@5: 99.51, TTA Acc@1: 82.12, Acc@5: 99.15
2025-06-14 01:51:15,587 - log - INFO - iter:5920/8041, clip_acc1=84.20608520507812, tta_acc1=82.11148834228516
2025-06-14 01:51:15,587 - log - INFO - iter:5920/8041, Original Acc@1: 84.21, Acc@5: 99.49, TTA Acc@1: 82.11, Acc@5: 99.16
2025-06-14 01:52:10,119 - log - INFO - iter:5940/8041, clip_acc1=84.1919174194336, tta_acc1=82.13804626464844
2025-06-14 01:52:10,120 - log - INFO - iter:5940/8041, Original Acc@1: 84.19, Acc@5: 99.49, TTA Acc@1: 82.14, Acc@5: 99.16
2025-06-14 01:53:04,396 - log - INFO - iter:5960/8041, clip_acc1=84.1778564453125, tta_acc1=82.11409759521484
2025-06-14 01:53:04,396 - log - INFO - iter:5960/8041, Original Acc@1: 84.18, Acc@5: 99.50, TTA Acc@1: 82.11, Acc@5: 99.16
2025-06-14 01:53:58,734 - log - INFO - iter:5980/8041, clip_acc1=84.16387939453125, tta_acc1=82.12374114990234
2025-06-14 01:53:58,734 - log - INFO - iter:5980/8041, Original Acc@1: 84.16, Acc@5: 99.50, TTA Acc@1: 82.12, Acc@5: 99.15
2025-06-14 01:54:53,087 - log - INFO - iter:6000/8041, clip_acc1=84.19999694824219, tta_acc1=82.1500015258789
2025-06-14 01:54:53,087 - log - INFO - iter:6000/8041, Original Acc@1: 84.20, Acc@5: 99.48, TTA Acc@1: 82.15, Acc@5: 99.13
2025-06-14 01:55:47,761 - log - INFO - iter:6020/8041, clip_acc1=84.15281677246094, tta_acc1=82.1262435913086
2025-06-14 01:55:47,761 - log - INFO - iter:6020/8041, Original Acc@1: 84.15, Acc@5: 99.47, TTA Acc@1: 82.13, Acc@5: 99.12
2025-06-14 01:56:41,995 - log - INFO - iter:6040/8041, clip_acc1=84.1887435913086, tta_acc1=82.16887664794922
2025-06-14 01:56:41,996 - log - INFO - iter:6040/8041, Original Acc@1: 84.19, Acc@5: 99.47, TTA Acc@1: 82.17, Acc@5: 99.12
2025-06-14 01:57:36,464 - log - INFO - iter:6060/8041, clip_acc1=84.17491912841797, tta_acc1=82.14521789550781
2025-06-14 01:57:36,465 - log - INFO - iter:6060/8041, Original Acc@1: 84.17, Acc@5: 99.47, TTA Acc@1: 82.15, Acc@5: 99.13
2025-06-14 01:58:30,871 - log - INFO - iter:6080/8041, clip_acc1=84.22697448730469, tta_acc1=82.20394897460938
2025-06-14 01:58:30,871 - log - INFO - iter:6080/8041, Original Acc@1: 84.23, Acc@5: 99.47, TTA Acc@1: 82.20, Acc@5: 99.13
2025-06-14 01:59:25,090 - log - INFO - iter:6100/8041, clip_acc1=84.2786865234375, tta_acc1=82.24590301513672
2025-06-14 01:59:25,091 - log - INFO - iter:6100/8041, Original Acc@1: 84.28, Acc@5: 99.48, TTA Acc@1: 82.25, Acc@5: 99.13
2025-06-14 02:00:19,572 - log - INFO - iter:6120/8041, clip_acc1=84.24836730957031, tta_acc1=82.22222137451172
2025-06-14 02:00:19,572 - log - INFO - iter:6120/8041, Original Acc@1: 84.25, Acc@5: 99.48, TTA Acc@1: 82.22, Acc@5: 99.13
2025-06-14 02:01:13,903 - log - INFO - iter:6140/8041, clip_acc1=84.25081634521484, tta_acc1=82.23126983642578
2025-06-14 02:01:13,904 - log - INFO - iter:6140/8041, Original Acc@1: 84.25, Acc@5: 99.48, TTA Acc@1: 82.23, Acc@5: 99.12
2025-06-14 02:02:09,572 - log - INFO - iter:6160/8041, clip_acc1=84.18830871582031, tta_acc1=82.15908813476562
2025-06-14 02:02:09,573 - log - INFO - iter:6160/8041, Original Acc@1: 84.19, Acc@5: 99.48, TTA Acc@1: 82.16, Acc@5: 99.12
2025-06-14 02:03:03,915 - log - INFO - iter:6180/8041, clip_acc1=84.22329711914062, tta_acc1=82.20064544677734
2025-06-14 02:03:03,915 - log - INFO - iter:6180/8041, Original Acc@1: 84.22, Acc@5: 99.48, TTA Acc@1: 82.20, Acc@5: 99.13
2025-06-14 02:03:58,181 - log - INFO - iter:6200/8041, clip_acc1=84.24193572998047, tta_acc1=82.2258071899414
2025-06-14 02:03:58,181 - log - INFO - iter:6200/8041, Original Acc@1: 84.24, Acc@5: 99.48, TTA Acc@1: 82.23, Acc@5: 99.13
2025-06-14 02:04:52,590 - log - INFO - iter:6220/8041, clip_acc1=84.21221923828125, tta_acc1=82.20256805419922
2025-06-14 02:04:52,590 - log - INFO - iter:6220/8041, Original Acc@1: 84.21, Acc@5: 99.45, TTA Acc@1: 82.20, Acc@5: 99.12
2025-06-14 02:05:47,474 - log - INFO - iter:6240/8041, clip_acc1=84.2147445678711, tta_acc1=82.19551849365234
2025-06-14 02:05:47,475 - log - INFO - iter:6240/8041, Original Acc@1: 84.21, Acc@5: 99.44, TTA Acc@1: 82.20, Acc@5: 99.10
2025-06-14 02:06:41,682 - log - INFO - iter:6260/8041, clip_acc1=84.23322296142578, tta_acc1=82.22044372558594
2025-06-14 02:06:41,682 - log - INFO - iter:6260/8041, Original Acc@1: 84.23, Acc@5: 99.44, TTA Acc@1: 82.22, Acc@5: 99.11
2025-06-14 02:07:35,999 - log - INFO - iter:6280/8041, clip_acc1=84.20381927490234, tta_acc1=82.19745635986328
2025-06-14 02:07:35,999 - log - INFO - iter:6280/8041, Original Acc@1: 84.20, Acc@5: 99.44, TTA Acc@1: 82.20, Acc@5: 99.11
2025-06-14 02:08:30,415 - log - INFO - iter:6300/8041, clip_acc1=84.22222137451172, tta_acc1=82.22222137451172
2025-06-14 02:08:30,415 - log - INFO - iter:6300/8041, Original Acc@1: 84.22, Acc@5: 99.44, TTA Acc@1: 82.22, Acc@5: 99.11
2025-06-14 02:09:25,484 - log - INFO - iter:6320/8041, clip_acc1=84.24050903320312, tta_acc1=82.2151870727539
2025-06-14 02:09:25,484 - log - INFO - iter:6320/8041, Original Acc@1: 84.24, Acc@5: 99.45, TTA Acc@1: 82.22, Acc@5: 99.11
2025-06-14 02:10:20,401 - log - INFO - iter:6340/8041, clip_acc1=84.1640396118164, tta_acc1=82.17665100097656
2025-06-14 02:10:20,401 - log - INFO - iter:6340/8041, Original Acc@1: 84.16, Acc@5: 99.43, TTA Acc@1: 82.18, Acc@5: 99.10
2025-06-14 02:11:14,941 - log - INFO - iter:6360/8041, clip_acc1=84.18238830566406, tta_acc1=82.20125579833984
2025-06-14 02:11:14,941 - log - INFO - iter:6360/8041, Original Acc@1: 84.18, Acc@5: 99.43, TTA Acc@1: 82.20, Acc@5: 99.10
2025-06-14 02:12:09,311 - log - INFO - iter:6380/8041, clip_acc1=84.20063018798828, tta_acc1=82.2257080078125
2025-06-14 02:12:09,311 - log - INFO - iter:6380/8041, Original Acc@1: 84.20, Acc@5: 99.44, TTA Acc@1: 82.23, Acc@5: 99.11
2025-06-14 02:13:03,628 - log - INFO - iter:6400/8041, clip_acc1=84.21875, tta_acc1=82.203125
2025-06-14 02:13:03,628 - log - INFO - iter:6400/8041, Original Acc@1: 84.22, Acc@5: 99.42, TTA Acc@1: 82.20, Acc@5: 99.09
2025-06-14 02:13:58,303 - log - INFO - iter:6420/8041, clip_acc1=84.22118377685547, tta_acc1=82.21183776855469
2025-06-14 02:13:58,304 - log - INFO - iter:6420/8041, Original Acc@1: 84.22, Acc@5: 99.42, TTA Acc@1: 82.21, Acc@5: 99.10
2025-06-14 02:14:52,748 - log - INFO - iter:6440/8041, clip_acc1=84.23912811279297, tta_acc1=82.23602294921875
2025-06-14 02:14:52,748 - log - INFO - iter:6440/8041, Original Acc@1: 84.24, Acc@5: 99.43, TTA Acc@1: 82.24, Acc@5: 99.10
2025-06-14 02:15:47,163 - log - INFO - iter:6460/8041, clip_acc1=84.1795654296875, tta_acc1=82.18266296386719
2025-06-14 02:15:47,164 - log - INFO - iter:6460/8041, Original Acc@1: 84.18, Acc@5: 99.41, TTA Acc@1: 82.18, Acc@5: 99.10
2025-06-14 02:16:42,451 - log - INFO - iter:6480/8041, clip_acc1=84.10494232177734, tta_acc1=82.11420440673828
2025-06-14 02:16:42,452 - log - INFO - iter:6480/8041, Original Acc@1: 84.10, Acc@5: 99.41, TTA Acc@1: 82.11, Acc@5: 99.10
2025-06-14 02:17:37,046 - log - INFO - iter:6500/8041, clip_acc1=84.0923080444336, tta_acc1=82.1076889038086
2025-06-14 02:17:37,047 - log - INFO - iter:6500/8041, Original Acc@1: 84.09, Acc@5: 99.40, TTA Acc@1: 82.11, Acc@5: 99.09
2025-06-14 02:18:31,446 - log - INFO - iter:6520/8041, clip_acc1=84.07975769042969, tta_acc1=82.10122680664062
2025-06-14 02:18:31,446 - log - INFO - iter:6520/8041, Original Acc@1: 84.08, Acc@5: 99.40, TTA Acc@1: 82.10, Acc@5: 99.10
2025-06-14 02:19:26,489 - log - INFO - iter:6540/8041, clip_acc1=84.08256530761719, tta_acc1=82.11009216308594
2025-06-14 02:19:26,490 - log - INFO - iter:6540/8041, Original Acc@1: 84.08, Acc@5: 99.40, TTA Acc@1: 82.11, Acc@5: 99.10
2025-06-14 02:20:20,739 - log - INFO - iter:6560/8041, clip_acc1=84.07012176513672, tta_acc1=82.08841705322266
2025-06-14 02:20:20,739 - log - INFO - iter:6560/8041, Original Acc@1: 84.07, Acc@5: 99.41, TTA Acc@1: 82.09, Acc@5: 99.10
2025-06-14 02:21:15,299 - log - INFO - iter:6580/8041, clip_acc1=84.07294464111328, tta_acc1=82.08206176757812
2025-06-14 02:21:15,299 - log - INFO - iter:6580/8041, Original Acc@1: 84.07, Acc@5: 99.41, TTA Acc@1: 82.08, Acc@5: 99.10
2025-06-14 02:22:09,735 - log - INFO - iter:6600/8041, clip_acc1=84.10606384277344, tta_acc1=82.10606384277344
2025-06-14 02:22:09,735 - log - INFO - iter:6600/8041, Original Acc@1: 84.11, Acc@5: 99.41, TTA Acc@1: 82.11, Acc@5: 99.11
2025-06-14 02:23:04,393 - log - INFO - iter:6620/8041, clip_acc1=84.15408325195312, tta_acc1=82.14501953125
2025-06-14 02:23:04,393 - log - INFO - iter:6620/8041, Original Acc@1: 84.15, Acc@5: 99.41, TTA Acc@1: 82.15, Acc@5: 99.11
2025-06-14 02:23:58,936 - log - INFO - iter:6640/8041, clip_acc1=84.14157104492188, tta_acc1=82.15361785888672
2025-06-14 02:23:58,937 - log - INFO - iter:6640/8041, Original Acc@1: 84.14, Acc@5: 99.40, TTA Acc@1: 82.15, Acc@5: 99.10
2025-06-14 02:24:53,286 - log - INFO - iter:6660/8041, clip_acc1=84.1291275024414, tta_acc1=82.17717742919922
2025-06-14 02:24:53,286 - log - INFO - iter:6660/8041, Original Acc@1: 84.13, Acc@5: 99.40, TTA Acc@1: 82.18, Acc@5: 99.10
2025-06-14 02:25:48,523 - log - INFO - iter:6680/8041, clip_acc1=84.11676788330078, tta_acc1=82.17066192626953
2025-06-14 02:25:48,523 - log - INFO - iter:6680/8041, Original Acc@1: 84.12, Acc@5: 99.40, TTA Acc@1: 82.17, Acc@5: 99.09
2025-06-14 02:26:42,698 - log - INFO - iter:6700/8041, clip_acc1=84.11940002441406, tta_acc1=82.16417694091797
2025-06-14 02:26:42,698 - log - INFO - iter:6700/8041, Original Acc@1: 84.12, Acc@5: 99.40, TTA Acc@1: 82.16, Acc@5: 99.09
2025-06-14 02:27:37,231 - log - INFO - iter:6720/8041, clip_acc1=84.12202453613281, tta_acc1=82.17262268066406
2025-06-14 02:27:37,232 - log - INFO - iter:6720/8041, Original Acc@1: 84.12, Acc@5: 99.40, TTA Acc@1: 82.17, Acc@5: 99.09
2025-06-14 02:28:31,912 - log - INFO - iter:6740/8041, clip_acc1=84.08011627197266, tta_acc1=82.1364974975586
2025-06-14 02:28:31,912 - log - INFO - iter:6740/8041, Original Acc@1: 84.08, Acc@5: 99.41, TTA Acc@1: 82.14, Acc@5: 99.08
2025-06-14 02:29:26,275 - log - INFO - iter:6760/8041, clip_acc1=84.0976333618164, tta_acc1=82.13018035888672
2025-06-14 02:29:26,275 - log - INFO - iter:6760/8041, Original Acc@1: 84.10, Acc@5: 99.41, TTA Acc@1: 82.13, Acc@5: 99.08
2025-06-14 02:30:20,837 - log - INFO - iter:6780/8041, clip_acc1=84.05604553222656, tta_acc1=82.09439849853516
2025-06-14 02:30:20,837 - log - INFO - iter:6780/8041, Original Acc@1: 84.06, Acc@5: 99.41, TTA Acc@1: 82.09, Acc@5: 99.09
2025-06-14 02:31:15,246 - log - INFO - iter:6800/8041, clip_acc1=84.0882339477539, tta_acc1=82.11764526367188
2025-06-14 02:31:15,246 - log - INFO - iter:6800/8041, Original Acc@1: 84.09, Acc@5: 99.41, TTA Acc@1: 82.12, Acc@5: 99.09
2025-06-14 02:32:09,734 - log - INFO - iter:6820/8041, clip_acc1=84.13490295410156, tta_acc1=82.15542602539062
2025-06-14 02:32:09,734 - log - INFO - iter:6820/8041, Original Acc@1: 84.13, Acc@5: 99.41, TTA Acc@1: 82.16, Acc@5: 99.09
2025-06-14 02:33:04,671 - log - INFO - iter:6840/8041, clip_acc1=84.122802734375, tta_acc1=82.1344985961914
2025-06-14 02:33:04,671 - log - INFO - iter:6840/8041, Original Acc@1: 84.12, Acc@5: 99.42, TTA Acc@1: 82.13, Acc@5: 99.09
2025-06-14 02:33:59,183 - log - INFO - iter:6860/8041, clip_acc1=84.11078643798828, tta_acc1=82.14285278320312
2025-06-14 02:33:59,184 - log - INFO - iter:6860/8041, Original Acc@1: 84.11, Acc@5: 99.42, TTA Acc@1: 82.14, Acc@5: 99.10
2025-06-14 02:34:53,605 - log - INFO - iter:6880/8041, clip_acc1=84.09883880615234, tta_acc1=82.1220932006836
2025-06-14 02:34:53,605 - log - INFO - iter:6880/8041, Original Acc@1: 84.10, Acc@5: 99.42, TTA Acc@1: 82.12, Acc@5: 99.08
2025-06-14 02:35:48,742 - log - INFO - iter:6900/8041, clip_acc1=84.05796813964844, tta_acc1=82.07245635986328
2025-06-14 02:35:48,743 - log - INFO - iter:6900/8041, Original Acc@1: 84.06, Acc@5: 99.42, TTA Acc@1: 82.07, Acc@5: 99.09
2025-06-14 02:36:43,086 - log - INFO - iter:6920/8041, clip_acc1=84.0606918334961, tta_acc1=82.06647491455078
2025-06-14 02:36:43,087 - log - INFO - iter:6920/8041, Original Acc@1: 84.06, Acc@5: 99.42, TTA Acc@1: 82.07, Acc@5: 99.09
2025-06-14 02:37:37,386 - log - INFO - iter:6940/8041, clip_acc1=84.07781219482422, tta_acc1=82.04611206054688
2025-06-14 02:37:37,386 - log - INFO - iter:6940/8041, Original Acc@1: 84.08, Acc@5: 99.42, TTA Acc@1: 82.05, Acc@5: 99.08
2025-06-14 02:38:31,700 - log - INFO - iter:6960/8041, clip_acc1=84.08045959472656, tta_acc1=82.05459594726562
2025-06-14 02:38:31,700 - log - INFO - iter:6960/8041, Original Acc@1: 84.08, Acc@5: 99.41, TTA Acc@1: 82.05, Acc@5: 99.07
2025-06-14 02:39:26,420 - log - INFO - iter:6980/8041, clip_acc1=84.08309173583984, tta_acc1=82.07736206054688
2025-06-14 02:39:26,420 - log - INFO - iter:6980/8041, Original Acc@1: 84.08, Acc@5: 99.41, TTA Acc@1: 82.08, Acc@5: 99.07
2025-06-14 02:40:20,704 - log - INFO - iter:7000/8041, clip_acc1=84.07142639160156, tta_acc1=82.07142639160156
2025-06-14 02:40:20,704 - log - INFO - iter:7000/8041, Original Acc@1: 84.07, Acc@5: 99.41, TTA Acc@1: 82.07, Acc@5: 99.07
2025-06-14 02:41:15,017 - log - INFO - iter:7020/8041, clip_acc1=84.04558563232422, tta_acc1=82.06552124023438
2025-06-14 02:41:15,017 - log - INFO - iter:7020/8041, Original Acc@1: 84.05, Acc@5: 99.42, TTA Acc@1: 82.07, Acc@5: 99.07
2025-06-14 02:42:09,298 - log - INFO - iter:7040/8041, clip_acc1=84.07669830322266, tta_acc1=82.07386016845703
2025-06-14 02:42:09,298 - log - INFO - iter:7040/8041, Original Acc@1: 84.08, Acc@5: 99.42, TTA Acc@1: 82.07, Acc@5: 99.08
2025-06-14 02:43:03,619 - log - INFO - iter:7060/8041, clip_acc1=84.0793228149414, tta_acc1=82.0821533203125
2025-06-14 02:43:03,620 - log - INFO - iter:7060/8041, Original Acc@1: 84.08, Acc@5: 99.42, TTA Acc@1: 82.08, Acc@5: 99.08
2025-06-14 02:43:57,947 - log - INFO - iter:7080/8041, clip_acc1=84.08192443847656, tta_acc1=82.09040069580078
2025-06-14 02:43:57,948 - log - INFO - iter:7080/8041, Original Acc@1: 84.08, Acc@5: 99.42, TTA Acc@1: 82.09, Acc@5: 99.08
2025-06-14 02:44:52,299 - log - INFO - iter:7100/8041, clip_acc1=84.0422592163086, tta_acc1=82.05634307861328
2025-06-14 02:44:52,300 - log - INFO - iter:7100/8041, Original Acc@1: 84.04, Acc@5: 99.42, TTA Acc@1: 82.06, Acc@5: 99.08
2025-06-14 02:45:47,452 - log - INFO - iter:7120/8041, clip_acc1=84.03089904785156, tta_acc1=82.03651428222656
2025-06-14 02:45:47,452 - log - INFO - iter:7120/8041, Original Acc@1: 84.03, Acc@5: 99.41, TTA Acc@1: 82.04, Acc@5: 99.07
2025-06-14 02:46:41,598 - log - INFO - iter:7140/8041, clip_acc1=84.04762268066406, tta_acc1=82.03081512451172
2025-06-14 02:46:41,598 - log - INFO - iter:7140/8041, Original Acc@1: 84.05, Acc@5: 99.41, TTA Acc@1: 82.03, Acc@5: 99.08
2025-06-14 02:47:36,005 - log - INFO - iter:7160/8041, clip_acc1=84.07820892333984, tta_acc1=82.05307006835938
2025-06-14 02:47:36,005 - log - INFO - iter:7160/8041, Original Acc@1: 84.08, Acc@5: 99.41, TTA Acc@1: 82.05, Acc@5: 99.08
2025-06-14 02:48:30,283 - log - INFO - iter:7180/8041, clip_acc1=84.08078002929688, tta_acc1=82.03343200683594
2025-06-14 02:48:30,284 - log - INFO - iter:7180/8041, Original Acc@1: 84.08, Acc@5: 99.42, TTA Acc@1: 82.03, Acc@5: 99.08
2025-06-14 02:49:24,632 - log - INFO - iter:7200/8041, clip_acc1=84.08333587646484, tta_acc1=82.04167175292969
2025-06-14 02:49:24,633 - log - INFO - iter:7200/8041, Original Acc@1: 84.08, Acc@5: 99.42, TTA Acc@1: 82.04, Acc@5: 99.08
2025-06-14 02:50:19,090 - log - INFO - iter:7220/8041, clip_acc1=84.05817413330078, tta_acc1=82.02216339111328
2025-06-14 02:50:19,091 - log - INFO - iter:7220/8041, Original Acc@1: 84.06, Acc@5: 99.42, TTA Acc@1: 82.02, Acc@5: 99.07
2025-06-14 02:51:13,522 - log - INFO - iter:7240/8041, clip_acc1=83.99170684814453, tta_acc1=81.97513580322266
2025-06-14 02:51:13,522 - log - INFO - iter:7240/8041, Original Acc@1: 83.99, Acc@5: 99.41, TTA Acc@1: 81.98, Acc@5: 99.05
2025-06-14 02:52:07,910 - log - INFO - iter:7260/8041, clip_acc1=83.9669418334961, tta_acc1=81.9697036743164
2025-06-14 02:52:07,910 - log - INFO - iter:7260/8041, Original Acc@1: 83.97, Acc@5: 99.41, TTA Acc@1: 81.97, Acc@5: 99.05
2025-06-14 02:53:02,377 - log - INFO - iter:7280/8041, clip_acc1=83.96978759765625, tta_acc1=81.96428680419922
2025-06-14 02:53:02,377 - log - INFO - iter:7280/8041, Original Acc@1: 83.97, Acc@5: 99.40, TTA Acc@1: 81.96, Acc@5: 99.05
2025-06-14 02:53:56,624 - log - INFO - iter:7300/8041, clip_acc1=84.0, tta_acc1=82.0
2025-06-14 02:53:56,625 - log - INFO - iter:7300/8041, Original Acc@1: 84.00, Acc@5: 99.40, TTA Acc@1: 82.00, Acc@5: 99.05
2025-06-14 02:54:51,940 - log - INFO - iter:7320/8041, clip_acc1=83.96175384521484, tta_acc1=81.99453735351562
2025-06-14 02:54:51,941 - log - INFO - iter:7320/8041, Original Acc@1: 83.96, Acc@5: 99.40, TTA Acc@1: 81.99, Acc@5: 99.06
2025-06-14 02:55:46,424 - log - INFO - iter:7340/8041, clip_acc1=83.95095825195312, tta_acc1=81.98910522460938
2025-06-14 02:55:46,424 - log - INFO - iter:7340/8041, Original Acc@1: 83.95, Acc@5: 99.40, TTA Acc@1: 81.99, Acc@5: 99.06
2025-06-14 02:56:41,296 - log - INFO - iter:7360/8041, clip_acc1=83.91304016113281, tta_acc1=81.98368835449219
2025-06-14 02:56:41,297 - log - INFO - iter:7360/8041, Original Acc@1: 83.91, Acc@5: 99.39, TTA Acc@1: 81.98, Acc@5: 99.05
2025-06-14 02:57:35,693 - log - INFO - iter:7380/8041, clip_acc1=83.91598510742188, tta_acc1=81.99186706542969
2025-06-14 02:57:35,693 - log - INFO - iter:7380/8041, Original Acc@1: 83.92, Acc@5: 99.39, TTA Acc@1: 81.99, Acc@5: 99.05
2025-06-14 02:58:29,969 - log - INFO - iter:7400/8041, clip_acc1=83.9189224243164, tta_acc1=81.98648834228516
2025-06-14 02:58:29,969 - log - INFO - iter:7400/8041, Original Acc@1: 83.92, Acc@5: 99.39, TTA Acc@1: 81.99, Acc@5: 99.05
2025-06-14 02:59:24,339 - log - INFO - iter:7420/8041, clip_acc1=83.94878387451172, tta_acc1=82.02156066894531
2025-06-14 02:59:24,339 - log - INFO - iter:7420/8041, Original Acc@1: 83.95, Acc@5: 99.39, TTA Acc@1: 82.02, Acc@5: 99.06
2025-06-14 03:00:18,792 - log - INFO - iter:7440/8041, clip_acc1=83.96505737304688, tta_acc1=82.04301452636719
2025-06-14 03:00:18,793 - log - INFO - iter:7440/8041, Original Acc@1: 83.97, Acc@5: 99.40, TTA Acc@1: 82.04, Acc@5: 99.06
2025-06-14 03:01:13,057 - log - INFO - iter:7460/8041, clip_acc1=83.96782684326172, tta_acc1=82.03752899169922
2025-06-14 03:01:13,057 - log - INFO - iter:7460/8041, Original Acc@1: 83.97, Acc@5: 99.40, TTA Acc@1: 82.04, Acc@5: 99.06
2025-06-14 03:02:08,336 - log - INFO - iter:7480/8041, clip_acc1=83.94385528564453, tta_acc1=82.0053482055664
2025-06-14 03:02:08,336 - log - INFO - iter:7480/8041, Original Acc@1: 83.94, Acc@5: 99.40, TTA Acc@1: 82.01, Acc@5: 99.05
2025-06-14 03:03:02,597 - log - INFO - iter:7500/8041, clip_acc1=83.97333526611328, tta_acc1=82.0
2025-06-14 03:03:02,598 - log - INFO - iter:7500/8041, Original Acc@1: 83.97, Acc@5: 99.40, TTA Acc@1: 82.00, Acc@5: 99.05
2025-06-14 03:03:56,915 - log - INFO - iter:7520/8041, clip_acc1=83.9893569946289, tta_acc1=82.0345687866211
2025-06-14 03:03:56,915 - log - INFO - iter:7520/8041, Original Acc@1: 83.99, Acc@5: 99.40, TTA Acc@1: 82.03, Acc@5: 99.06
2025-06-14 03:04:51,246 - log - INFO - iter:7540/8041, clip_acc1=84.01856994628906, tta_acc1=82.05570220947266
2025-06-14 03:04:51,246 - log - INFO - iter:7540/8041, Original Acc@1: 84.02, Acc@5: 99.40, TTA Acc@1: 82.06, Acc@5: 99.06
2025-06-14 03:05:45,681 - log - INFO - iter:7560/8041, clip_acc1=84.02116394042969, tta_acc1=82.06349182128906
2025-06-14 03:05:45,681 - log - INFO - iter:7560/8041, Original Acc@1: 84.02, Acc@5: 99.40, TTA Acc@1: 82.06, Acc@5: 99.06
2025-06-14 03:06:39,953 - log - INFO - iter:7580/8041, clip_acc1=84.03694152832031, tta_acc1=82.05804443359375
2025-06-14 03:06:39,954 - log - INFO - iter:7580/8041, Original Acc@1: 84.04, Acc@5: 99.41, TTA Acc@1: 82.06, Acc@5: 99.05
2025-06-14 03:07:34,246 - log - INFO - iter:7600/8041, clip_acc1=84.05262756347656, tta_acc1=82.05262756347656
2025-06-14 03:07:34,246 - log - INFO - iter:7600/8041, Original Acc@1: 84.05, Acc@5: 99.41, TTA Acc@1: 82.05, Acc@5: 99.05
2025-06-14 03:08:28,627 - log - INFO - iter:7620/8041, clip_acc1=84.05511474609375, tta_acc1=82.06036376953125
2025-06-14 03:08:28,628 - log - INFO - iter:7620/8041, Original Acc@1: 84.06, Acc@5: 99.41, TTA Acc@1: 82.06, Acc@5: 99.06
2025-06-14 03:09:22,948 - log - INFO - iter:7640/8041, clip_acc1=84.01832580566406, tta_acc1=82.02879333496094
2025-06-14 03:09:22,948 - log - INFO - iter:7640/8041, Original Acc@1: 84.02, Acc@5: 99.41, TTA Acc@1: 82.03, Acc@5: 99.06
2025-06-14 03:10:18,216 - log - INFO - iter:7660/8041, clip_acc1=84.0078353881836, tta_acc1=82.01044464111328
2025-06-14 03:10:18,217 - log - INFO - iter:7660/8041, Original Acc@1: 84.01, Acc@5: 99.41, TTA Acc@1: 82.01, Acc@5: 99.05
2025-06-14 03:11:12,636 - log - INFO - iter:7680/8041, clip_acc1=84.02344512939453, tta_acc1=82.04427337646484
2025-06-14 03:11:12,636 - log - INFO - iter:7680/8041, Original Acc@1: 84.02, Acc@5: 99.41, TTA Acc@1: 82.04, Acc@5: 99.05
2025-06-14 03:12:06,920 - log - INFO - iter:7700/8041, clip_acc1=84.0, tta_acc1=81.98700714111328
2025-06-14 03:12:06,920 - log - INFO - iter:7700/8041, Original Acc@1: 84.00, Acc@5: 99.42, TTA Acc@1: 81.99, Acc@5: 99.05
2025-06-14 03:13:01,278 - log - INFO - iter:7720/8041, clip_acc1=83.98963928222656, tta_acc1=81.95596313476562
2025-06-14 03:13:01,279 - log - INFO - iter:7720/8041, Original Acc@1: 83.99, Acc@5: 99.42, TTA Acc@1: 81.96, Acc@5: 99.05
2025-06-14 03:13:55,587 - log - INFO - iter:7740/8041, clip_acc1=84.00516510009766, tta_acc1=81.97673797607422
2025-06-14 03:13:55,588 - log - INFO - iter:7740/8041, Original Acc@1: 84.01, Acc@5: 99.42, TTA Acc@1: 81.98, Acc@5: 99.06
2025-06-14 03:14:50,208 - log - INFO - iter:7760/8041, clip_acc1=83.96907806396484, tta_acc1=81.9587631225586
2025-06-14 03:14:50,209 - log - INFO - iter:7760/8041, Original Acc@1: 83.97, Acc@5: 99.41, TTA Acc@1: 81.96, Acc@5: 99.05
2025-06-14 03:15:44,522 - log - INFO - iter:7780/8041, clip_acc1=83.9974365234375, tta_acc1=81.97943878173828
2025-06-14 03:15:44,522 - log - INFO - iter:7780/8041, Original Acc@1: 84.00, Acc@5: 99.41, TTA Acc@1: 81.98, Acc@5: 99.05
2025-06-14 03:16:41,893 - log - INFO - iter:7800/8041, clip_acc1=83.97435760498047, tta_acc1=81.94871520996094
2025-06-14 03:16:41,893 - log - INFO - iter:7800/8041, Original Acc@1: 83.97, Acc@5: 99.41, TTA Acc@1: 81.95, Acc@5: 99.05
2025-06-14 03:17:36,165 - log - INFO - iter:7820/8041, clip_acc1=83.96419525146484, tta_acc1=81.9565200805664
2025-06-14 03:17:36,166 - log - INFO - iter:7820/8041, Original Acc@1: 83.96, Acc@5: 99.41, TTA Acc@1: 81.96, Acc@5: 99.05
2025-06-14 03:18:30,716 - log - INFO - iter:7840/8041, clip_acc1=83.94132232666016, tta_acc1=81.92601776123047
2025-06-14 03:18:30,717 - log - INFO - iter:7840/8041, Original Acc@1: 83.94, Acc@5: 99.40, TTA Acc@1: 81.93, Acc@5: 99.04
2025-06-14 03:19:25,403 - log - INFO - iter:7860/8041, clip_acc1=83.9312973022461, tta_acc1=81.90839385986328
2025-06-14 03:19:25,403 - log - INFO - iter:7860/8041, Original Acc@1: 83.93, Acc@5: 99.39, TTA Acc@1: 81.91, Acc@5: 99.03
2025-06-14 03:20:20,188 - log - INFO - iter:7880/8041, clip_acc1=83.92132568359375, tta_acc1=81.90355682373047
2025-06-14 03:20:20,189 - log - INFO - iter:7880/8041, Original Acc@1: 83.92, Acc@5: 99.39, TTA Acc@1: 81.90, Acc@5: 99.04
2025-06-14 03:21:14,994 - log - INFO - iter:7900/8041, clip_acc1=83.9240493774414, tta_acc1=81.9240493774414
2025-06-14 03:21:14,994 - log - INFO - iter:7900/8041, Original Acc@1: 83.92, Acc@5: 99.39, TTA Acc@1: 81.92, Acc@5: 99.04
2025-06-14 03:22:09,537 - log - INFO - iter:7920/8041, clip_acc1=83.91414642333984, tta_acc1=81.8939437866211
2025-06-14 03:22:09,537 - log - INFO - iter:7920/8041, Original Acc@1: 83.91, Acc@5: 99.39, TTA Acc@1: 81.89, Acc@5: 99.04
2025-06-14 03:23:04,104 - log - INFO - iter:7940/8041, clip_acc1=83.89168548583984, tta_acc1=81.88916778564453
2025-06-14 03:23:04,104 - log - INFO - iter:7940/8041, Original Acc@1: 83.89, Acc@5: 99.38, TTA Acc@1: 81.89, Acc@5: 99.03
2025-06-14 03:23:58,618 - log - INFO - iter:7960/8041, clip_acc1=83.90703582763672, tta_acc1=81.9095458984375
2025-06-14 03:23:58,619 - log - INFO - iter:7960/8041, Original Acc@1: 83.91, Acc@5: 99.38, TTA Acc@1: 81.91, Acc@5: 99.03
2025-06-14 03:24:53,103 - log - INFO - iter:7980/8041, clip_acc1=83.90977478027344, tta_acc1=81.91728973388672
2025-06-14 03:24:53,103 - log - INFO - iter:7980/8041, Original Acc@1: 83.91, Acc@5: 99.37, TTA Acc@1: 81.92, Acc@5: 99.04
2025-06-14 03:25:47,710 - log - INFO - iter:8000/8041, clip_acc1=83.91250610351562, tta_acc1=81.92500305175781
2025-06-14 03:25:47,710 - log - INFO - iter:8000/8041, Original Acc@1: 83.91, Acc@5: 99.38, TTA Acc@1: 81.93, Acc@5: 99.04
2025-06-14 03:26:42,121 - log - INFO - iter:8020/8041, clip_acc1=83.92768096923828, tta_acc1=81.94513702392578
2025-06-14 03:26:42,122 - log - INFO - iter:8020/8041, Original Acc@1: 83.93, Acc@5: 99.36, TTA Acc@1: 81.95, Acc@5: 99.03
2025-06-14 03:27:36,837 - log - INFO - iter:8040/8041, clip_acc1=83.85572814941406, tta_acc1=81.89054870605469
2025-06-14 03:27:36,837 - log - INFO - iter:8040/8041, Original Acc@1: 83.86, Acc@5: 99.37, TTA Acc@1: 81.89, Acc@5: 99.03
2025-06-14 03:27:39,532 - log - INFO - iter:8041/8041, clip_acc1=83.84529876708984, tta_acc1=81.8927993774414
2025-06-14 03:27:39,532 - log - INFO - iter:8041/8041, Original Acc@1: 83.85, Acc@5: 99.37, TTA Acc@1: 81.89, Acc@5: 99.03
2025-06-14 03:27:39,690 - log - INFO - Final results - Original Acc@1: 83.85, Acc@5: 99.37, TTA Acc@1: 81.89, Acc@5: 99.03
2025-06-14 03:27:39,690 - log - INFO - Improvement from TTA in Acc@1 -1.95, and Acc@5 -0.34
2025-06-14 03:27:39,694 - log - INFO - Number of selected samples with index 0: 5174
2025-06-14 03:27:39,694 - log - INFO - Number of samples in the dataset: 8041
2025-06-14 03:27:39,762 - log - INFO - Selected IDs saved to /leonardo_work/EUHPC_R04_192/fmohamma/Adversarial_Robust_Clip/ATPT/Final_Results/delta_clip_l14_224/Cars/Clean/Counter_Attack/Eps_2_0_Steps_2_Alpha_1_0/tau_0_2_beta_2_0_weighted_pertrubation_True/TPT/Optimization_Loss_tpt_LR_0_005_Optimization_Steps_1_View_Selection_Fraction_0_1/Inference_Ensemble_vanilla/selected_topk.json
2025-06-14 03:27:40,262 - log - INFO - Batch entropies saved to /leonardo_work/EUHPC_R04_192/fmohamma/Adversarial_Robust_Clip/ATPT/Final_Results/delta_clip_l14_224/Cars/Clean/Counter_Attack/Eps_2_0_Steps_2_Alpha_1_0/tau_0_2_beta_2_0_weighted_pertrubation_True/TPT/Optimization_Loss_tpt_LR_0_005_Optimization_Steps_1_View_Selection_Fraction_0_1/Inference_Ensemble_vanilla/entropies.json
2025-06-14 03:27:40,270 - log - INFO - => Acc. on testset [Cars]: Clean Acc @1 83.84529876708984/ TTA Clean Acc @1 81.8927993774414, Clean Acc @5 99.36575317382812/ TTA Clean Acc @5 99.02997589111328
2025-06-14 03:27:40,270 - log - INFO - Total script execution time: 22005.72 seconds (366.76 minutes)
