2025-06-08 07:58:44,578 - log - INFO - ==========================================
data:/l/users/hashmat.malik/downstream_datasets
test_sets:DTD
dataset_mode:test
arch:fare4
resolution:224
workers:4
no_pin_memory:False
batch_size:64
print_freq:20
gpu:0
no_cudnn_benchmark:False
n_ctx:4
ctx_init:a_photo_of_a
tpt_loss:rtpt
seed:0
output_dir:/l/users/hashmat.malik/atpt_results/fare4/DTD
log_output_dir:/l/users/hashmat.malik/Projects/ATPT/Final_Results/fare4/DTD
eps:0.0
alpha:0.0
alpha_eps_ratio:4.0
steps:0
lr:0.005
selection_p:0.1
tta_steps:0
ensemble_type:none
top_k:20
softmax_temp:0.01
counter_attack:True
counter_attack_type:pgd
counter_attack_steps:2
counter_attack_eps:2.0
counter_attack_alpha:1.0
counter_attack_tau_thres:0.2
counter_attack_beta:2.0
counter_attack_weighted_perturbations:True
pgd_clip_pure_i_text_embeddings:null
pgd_counter_and_clipure_i_lamda:1.0
selected_id_name:selected_topk.json
weighted_score_name:weighted_scores.json
batch_entropy_name:entropies.json
log_dir:/l/users/hashmat.malik/Projects/ATPT/Final_Results/fare4/DTD/Clean/Counter_Attack/Eps_2_0_Steps_2_Alpha_1_0/tau_0_2_beta_2_0_weighted_pertrubation_True/No_TPT/Inference_Ensemble_none

2025-06-08 07:58:44,579 - log - INFO - Use GPU: 0 for training
2025-06-08 07:58:56,822 - log - INFO - Freezing all parameters except prompt learner
2025-06-08 07:58:56,823 - log - INFO - => Model created: visual backbone fare4
2025-06-08 07:58:56,833 - log - INFO - Number of test samples: 1692
2025-06-08 07:58:56,834 - log - INFO - Evaluating dataset: DTD
2025-06-08 07:58:56,835 - log - INFO - Starting evaluation with batch size: 64, selection percentage: 0.1
2025-06-08 07:58:56,835 - log - INFO - Test-time adaptation steps: 0, learning rate: 0.005
2025-06-08 07:58:56,835 - log - INFO - Using counter-attack with epsilon: 2.000000, alpha: 0.000000, steps: 2, tau_thres: 0.2, beta: 2.0, weighted perturbation: True
2025-06-08 07:59:49,563 - log - INFO - iter:20/1692, clip_acc1=5.0, tta_acc1=5.0
2025-06-08 07:59:49,563 - log - INFO - iter:20/1692, Original Acc@1: 5.00, Acc@5: 40.00, TTA Acc@1: 5.00, Acc@5: 40.00
2025-06-08 08:00:39,669 - log - INFO - iter:40/1692, clip_acc1=2.5, tta_acc1=2.5
2025-06-08 08:00:39,670 - log - INFO - iter:40/1692, Original Acc@1: 2.50, Acc@5: 32.50, TTA Acc@1: 2.50, Acc@5: 32.50
2025-06-08 08:01:29,583 - log - INFO - iter:60/1692, clip_acc1=1.6666667461395264, tta_acc1=1.6666667461395264
2025-06-08 08:01:29,583 - log - INFO - iter:60/1692, Original Acc@1: 1.67, Acc@5: 30.00, TTA Acc@1: 1.67, Acc@5: 30.00
2025-06-08 08:02:18,584 - log - INFO - iter:80/1692, clip_acc1=3.75, tta_acc1=3.75
2025-06-08 08:02:18,585 - log - INFO - iter:80/1692, Original Acc@1: 3.75, Acc@5: 30.00, TTA Acc@1: 3.75, Acc@5: 30.00
2025-06-08 08:03:07,831 - log - INFO - iter:100/1692, clip_acc1=4.0, tta_acc1=4.0
2025-06-08 08:03:07,831 - log - INFO - iter:100/1692, Original Acc@1: 4.00, Acc@5: 34.00, TTA Acc@1: 4.00, Acc@5: 34.00
2025-06-08 08:03:57,699 - log - INFO - iter:120/1692, clip_acc1=9.166666984558105, tta_acc1=9.166666984558105
2025-06-08 08:03:57,704 - log - INFO - iter:120/1692, Original Acc@1: 9.17, Acc@5: 40.00, TTA Acc@1: 9.17, Acc@5: 40.00
2025-06-08 08:04:50,503 - log - INFO - iter:140/1692, clip_acc1=17.85714340209961, tta_acc1=17.85714340209961
2025-06-08 08:04:50,504 - log - INFO - iter:140/1692, Original Acc@1: 17.86, Acc@5: 45.00, TTA Acc@1: 17.86, Acc@5: 45.00
2025-06-08 08:05:40,300 - log - INFO - iter:160/1692, clip_acc1=18.75, tta_acc1=18.75
2025-06-08 08:05:40,300 - log - INFO - iter:160/1692, Original Acc@1: 18.75, Acc@5: 47.50, TTA Acc@1: 18.75, Acc@5: 47.50
2025-06-08 08:06:30,059 - log - INFO - iter:180/1692, clip_acc1=18.88888931274414, tta_acc1=18.88888931274414
2025-06-08 08:06:30,060 - log - INFO - iter:180/1692, Original Acc@1: 18.89, Acc@5: 48.33, TTA Acc@1: 18.89, Acc@5: 48.33
2025-06-08 08:07:20,340 - log - INFO - iter:200/1692, clip_acc1=26.5, tta_acc1=26.5
2025-06-08 08:07:20,341 - log - INFO - iter:200/1692, Original Acc@1: 26.50, Acc@5: 53.50, TTA Acc@1: 26.50, Acc@5: 53.50
2025-06-08 08:08:09,843 - log - INFO - iter:220/1692, clip_acc1=33.18181610107422, tta_acc1=33.18181610107422
2025-06-08 08:08:09,844 - log - INFO - iter:220/1692, Original Acc@1: 33.18, Acc@5: 57.73, TTA Acc@1: 33.18, Acc@5: 57.73
2025-06-08 08:08:59,585 - log - INFO - iter:240/1692, clip_acc1=37.083335876464844, tta_acc1=37.083335876464844
2025-06-08 08:08:59,586 - log - INFO - iter:240/1692, Original Acc@1: 37.08, Acc@5: 61.25, TTA Acc@1: 37.08, Acc@5: 61.25
2025-06-08 08:09:49,405 - log - INFO - iter:260/1692, clip_acc1=39.230770111083984, tta_acc1=39.230770111083984
2025-06-08 08:09:49,405 - log - INFO - iter:260/1692, Original Acc@1: 39.23, Acc@5: 63.46, TTA Acc@1: 39.23, Acc@5: 63.46
2025-06-08 08:10:38,771 - log - INFO - iter:280/1692, clip_acc1=39.28571319580078, tta_acc1=39.28571319580078
2025-06-08 08:10:38,772 - log - INFO - iter:280/1692, Original Acc@1: 39.29, Acc@5: 63.93, TTA Acc@1: 39.29, Acc@5: 63.93
2025-06-08 08:11:28,172 - log - INFO - iter:300/1692, clip_acc1=38.66666793823242, tta_acc1=38.66666793823242
2025-06-08 08:11:28,172 - log - INFO - iter:300/1692, Original Acc@1: 38.67, Acc@5: 65.33, TTA Acc@1: 38.67, Acc@5: 65.33
2025-06-08 08:12:18,005 - log - INFO - iter:320/1692, clip_acc1=38.4375, tta_acc1=38.4375
2025-06-08 08:12:18,005 - log - INFO - iter:320/1692, Original Acc@1: 38.44, Acc@5: 66.25, TTA Acc@1: 38.44, Acc@5: 66.25
2025-06-08 08:13:07,726 - log - INFO - iter:340/1692, clip_acc1=36.47058868408203, tta_acc1=36.47058868408203
2025-06-08 08:13:07,726 - log - INFO - iter:340/1692, Original Acc@1: 36.47, Acc@5: 63.53, TTA Acc@1: 36.47, Acc@5: 63.53
2025-06-08 08:13:57,618 - log - INFO - iter:360/1692, clip_acc1=34.72222137451172, tta_acc1=34.72222137451172
2025-06-08 08:13:57,619 - log - INFO - iter:360/1692, Original Acc@1: 34.72, Acc@5: 60.28, TTA Acc@1: 34.72, Acc@5: 60.28
2025-06-08 08:14:48,442 - log - INFO - iter:380/1692, clip_acc1=35.0, tta_acc1=35.0
2025-06-08 08:14:48,443 - log - INFO - iter:380/1692, Original Acc@1: 35.00, Acc@5: 62.37, TTA Acc@1: 35.00, Acc@5: 62.37
2025-06-08 08:15:39,862 - log - INFO - iter:400/1692, clip_acc1=34.75, tta_acc1=34.75
2025-06-08 08:15:39,863 - log - INFO - iter:400/1692, Original Acc@1: 34.75, Acc@5: 63.50, TTA Acc@1: 34.75, Acc@5: 63.50
2025-06-08 08:16:29,422 - log - INFO - iter:420/1692, clip_acc1=35.476192474365234, tta_acc1=35.476192474365234
2025-06-08 08:16:29,422 - log - INFO - iter:420/1692, Original Acc@1: 35.48, Acc@5: 64.29, TTA Acc@1: 35.48, Acc@5: 64.29
2025-06-08 08:17:20,914 - log - INFO - iter:440/1692, clip_acc1=34.54545211791992, tta_acc1=34.54545211791992
2025-06-08 08:17:20,915 - log - INFO - iter:440/1692, Original Acc@1: 34.55, Acc@5: 63.64, TTA Acc@1: 34.55, Acc@5: 63.64
2025-06-08 08:18:28,839 - log - INFO - iter:460/1692, clip_acc1=33.260868072509766, tta_acc1=33.260868072509766
2025-06-08 08:18:28,839 - log - INFO - iter:460/1692, Original Acc@1: 33.26, Acc@5: 61.74, TTA Acc@1: 33.26, Acc@5: 61.74
2025-06-08 08:19:18,842 - log - INFO - iter:480/1692, clip_acc1=33.75, tta_acc1=33.75
2025-06-08 08:19:18,843 - log - INFO - iter:480/1692, Original Acc@1: 33.75, Acc@5: 62.08, TTA Acc@1: 33.75, Acc@5: 62.08
2025-06-08 08:20:09,301 - log - INFO - iter:500/1692, clip_acc1=33.60000228881836, tta_acc1=33.60000228881836
2025-06-08 08:20:09,303 - log - INFO - iter:500/1692, Original Acc@1: 33.60, Acc@5: 62.00, TTA Acc@1: 33.60, Acc@5: 62.00
2025-06-08 08:20:59,891 - log - INFO - iter:520/1692, clip_acc1=33.653846740722656, tta_acc1=33.653846740722656
2025-06-08 08:20:59,893 - log - INFO - iter:520/1692, Original Acc@1: 33.65, Acc@5: 61.73, TTA Acc@1: 33.65, Acc@5: 61.73
2025-06-08 08:21:56,729 - log - INFO - iter:540/1692, clip_acc1=33.88888931274414, tta_acc1=33.88888931274414
2025-06-08 08:21:56,730 - log - INFO - iter:540/1692, Original Acc@1: 33.89, Acc@5: 62.04, TTA Acc@1: 33.89, Acc@5: 62.04
2025-06-08 08:22:46,110 - log - INFO - iter:560/1692, clip_acc1=34.64285659790039, tta_acc1=34.64285659790039
2025-06-08 08:22:46,111 - log - INFO - iter:560/1692, Original Acc@1: 34.64, Acc@5: 62.68, TTA Acc@1: 34.64, Acc@5: 62.68
2025-06-08 08:23:35,620 - log - INFO - iter:580/1692, clip_acc1=35.86206817626953, tta_acc1=35.86206817626953
2025-06-08 08:23:35,620 - log - INFO - iter:580/1692, Original Acc@1: 35.86, Acc@5: 63.62, TTA Acc@1: 35.86, Acc@5: 63.62
2025-06-08 08:24:25,474 - log - INFO - iter:600/1692, clip_acc1=35.66666793823242, tta_acc1=35.66666793823242
2025-06-08 08:24:25,474 - log - INFO - iter:600/1692, Original Acc@1: 35.67, Acc@5: 64.50, TTA Acc@1: 35.67, Acc@5: 64.50
2025-06-08 08:25:15,428 - log - INFO - iter:620/1692, clip_acc1=35.0, tta_acc1=35.0
2025-06-08 08:25:15,429 - log - INFO - iter:620/1692, Original Acc@1: 35.00, Acc@5: 64.35, TTA Acc@1: 35.00, Acc@5: 64.35
2025-06-08 08:26:06,484 - log - INFO - iter:640/1692, clip_acc1=34.0625, tta_acc1=34.0625
2025-06-08 08:26:06,485 - log - INFO - iter:640/1692, Original Acc@1: 34.06, Acc@5: 62.97, TTA Acc@1: 34.06, Acc@5: 62.97
2025-06-08 08:26:56,363 - log - INFO - iter:660/1692, clip_acc1=33.6363639831543, tta_acc1=33.6363639831543
2025-06-08 08:26:56,364 - log - INFO - iter:660/1692, Original Acc@1: 33.64, Acc@5: 62.12, TTA Acc@1: 33.64, Acc@5: 62.12
2025-06-08 08:27:46,096 - log - INFO - iter:680/1692, clip_acc1=34.264705657958984, tta_acc1=34.264705657958984
2025-06-08 08:27:46,098 - log - INFO - iter:680/1692, Original Acc@1: 34.26, Acc@5: 62.94, TTA Acc@1: 34.26, Acc@5: 62.94
2025-06-08 08:28:36,004 - log - INFO - iter:700/1692, clip_acc1=33.57142639160156, tta_acc1=33.57142639160156
2025-06-08 08:28:36,004 - log - INFO - iter:700/1692, Original Acc@1: 33.57, Acc@5: 62.14, TTA Acc@1: 33.57, Acc@5: 62.14
2025-06-08 08:29:26,325 - log - INFO - iter:720/1692, clip_acc1=32.63888931274414, tta_acc1=32.63888931274414
2025-06-08 08:29:26,326 - log - INFO - iter:720/1692, Original Acc@1: 32.64, Acc@5: 61.39, TTA Acc@1: 32.64, Acc@5: 61.39
2025-06-08 08:30:16,731 - log - INFO - iter:740/1692, clip_acc1=33.51351547241211, tta_acc1=33.51351547241211
2025-06-08 08:30:16,731 - log - INFO - iter:740/1692, Original Acc@1: 33.51, Acc@5: 62.16, TTA Acc@1: 33.51, Acc@5: 62.16
2025-06-08 08:31:06,695 - log - INFO - iter:760/1692, clip_acc1=34.342105865478516, tta_acc1=34.342105865478516
2025-06-08 08:31:06,696 - log - INFO - iter:760/1692, Original Acc@1: 34.34, Acc@5: 62.63, TTA Acc@1: 34.34, Acc@5: 62.63
2025-06-08 08:31:56,306 - log - INFO - iter:780/1692, clip_acc1=33.46154022216797, tta_acc1=33.46154022216797
2025-06-08 08:31:56,307 - log - INFO - iter:780/1692, Original Acc@1: 33.46, Acc@5: 61.15, TTA Acc@1: 33.46, Acc@5: 61.15
2025-06-08 08:32:45,075 - log - INFO - iter:800/1692, clip_acc1=32.625, tta_acc1=32.625
2025-06-08 08:32:45,075 - log - INFO - iter:800/1692, Original Acc@1: 32.62, Acc@5: 60.50, TTA Acc@1: 32.62, Acc@5: 60.50
2025-06-08 08:33:35,028 - log - INFO - iter:820/1692, clip_acc1=32.317073822021484, tta_acc1=32.317073822021484
2025-06-08 08:33:35,029 - log - INFO - iter:820/1692, Original Acc@1: 32.32, Acc@5: 60.61, TTA Acc@1: 32.32, Acc@5: 60.61
2025-06-08 08:34:24,965 - log - INFO - iter:840/1692, clip_acc1=31.54762077331543, tta_acc1=31.54762077331543
2025-06-08 08:34:24,965 - log - INFO - iter:840/1692, Original Acc@1: 31.55, Acc@5: 60.24, TTA Acc@1: 31.55, Acc@5: 60.24
2025-06-08 08:35:15,560 - log - INFO - iter:860/1692, clip_acc1=30.930233001708984, tta_acc1=30.930233001708984
2025-06-08 08:35:15,561 - log - INFO - iter:860/1692, Original Acc@1: 30.93, Acc@5: 59.65, TTA Acc@1: 30.93, Acc@5: 59.65
2025-06-08 08:36:06,116 - log - INFO - iter:880/1692, clip_acc1=30.34090805053711, tta_acc1=30.34090805053711
2025-06-08 08:36:06,118 - log - INFO - iter:880/1692, Original Acc@1: 30.34, Acc@5: 58.86, TTA Acc@1: 30.34, Acc@5: 58.86
2025-06-08 08:36:56,100 - log - INFO - iter:900/1692, clip_acc1=29.88888931274414, tta_acc1=29.88888931274414
2025-06-08 08:36:56,101 - log - INFO - iter:900/1692, Original Acc@1: 29.89, Acc@5: 58.33, TTA Acc@1: 29.89, Acc@5: 58.33
2025-06-08 08:37:45,714 - log - INFO - iter:920/1692, clip_acc1=30.760868072509766, tta_acc1=30.760868072509766
2025-06-08 08:37:45,715 - log - INFO - iter:920/1692, Original Acc@1: 30.76, Acc@5: 59.24, TTA Acc@1: 30.76, Acc@5: 59.24
2025-06-08 08:38:35,533 - log - INFO - iter:940/1692, clip_acc1=31.489360809326172, tta_acc1=31.489360809326172
2025-06-08 08:38:35,534 - log - INFO - iter:940/1692, Original Acc@1: 31.49, Acc@5: 60.11, TTA Acc@1: 31.49, Acc@5: 60.11
2025-06-08 08:39:31,434 - log - INFO - iter:960/1692, clip_acc1=32.5, tta_acc1=32.5
2025-06-08 08:39:31,435 - log - INFO - iter:960/1692, Original Acc@1: 32.50, Acc@5: 60.94, TTA Acc@1: 32.50, Acc@5: 60.94
2025-06-08 08:40:21,901 - log - INFO - iter:980/1692, clip_acc1=33.57142639160156, tta_acc1=33.57142639160156
2025-06-08 08:40:21,903 - log - INFO - iter:980/1692, Original Acc@1: 33.57, Acc@5: 61.63, TTA Acc@1: 33.57, Acc@5: 61.63
2025-06-08 08:41:11,450 - log - INFO - iter:1000/1692, clip_acc1=34.400001525878906, tta_acc1=34.400001525878906
2025-06-08 08:41:11,451 - log - INFO - iter:1000/1692, Original Acc@1: 34.40, Acc@5: 62.40, TTA Acc@1: 34.40, Acc@5: 62.40
2025-06-08 08:42:00,754 - log - INFO - iter:1020/1692, clip_acc1=34.50980758666992, tta_acc1=34.50980758666992
2025-06-08 08:42:00,754 - log - INFO - iter:1020/1692, Original Acc@1: 34.51, Acc@5: 62.06, TTA Acc@1: 34.51, Acc@5: 62.06
2025-06-08 08:42:50,422 - log - INFO - iter:1040/1692, clip_acc1=34.13461685180664, tta_acc1=34.13461685180664
2025-06-08 08:42:50,422 - log - INFO - iter:1040/1692, Original Acc@1: 34.13, Acc@5: 61.44, TTA Acc@1: 34.13, Acc@5: 61.44
2025-06-08 08:43:40,805 - log - INFO - iter:1060/1692, clip_acc1=34.056602478027344, tta_acc1=34.056602478027344
2025-06-08 08:43:40,805 - log - INFO - iter:1060/1692, Original Acc@1: 34.06, Acc@5: 61.60, TTA Acc@1: 34.06, Acc@5: 61.60
2025-06-08 08:44:30,707 - log - INFO - iter:1080/1692, clip_acc1=34.35185241699219, tta_acc1=34.35185241699219
2025-06-08 08:44:30,708 - log - INFO - iter:1080/1692, Original Acc@1: 34.35, Acc@5: 62.04, TTA Acc@1: 34.35, Acc@5: 62.04
2025-06-08 08:45:20,412 - log - INFO - iter:1100/1692, clip_acc1=34.90909194946289, tta_acc1=34.90909194946289
2025-06-08 08:45:20,412 - log - INFO - iter:1100/1692, Original Acc@1: 34.91, Acc@5: 62.64, TTA Acc@1: 34.91, Acc@5: 62.64
2025-06-08 08:46:10,080 - log - INFO - iter:1120/1692, clip_acc1=35.26785659790039, tta_acc1=35.26785659790039
2025-06-08 08:46:10,080 - log - INFO - iter:1120/1692, Original Acc@1: 35.27, Acc@5: 63.12, TTA Acc@1: 35.27, Acc@5: 63.12
2025-06-08 08:46:59,532 - log - INFO - iter:1140/1692, clip_acc1=35.175437927246094, tta_acc1=35.175437927246094
2025-06-08 08:46:59,532 - log - INFO - iter:1140/1692, Original Acc@1: 35.18, Acc@5: 63.25, TTA Acc@1: 35.18, Acc@5: 63.25
2025-06-08 08:47:48,883 - log - INFO - iter:1160/1692, clip_acc1=34.82758712768555, tta_acc1=34.82758712768555
2025-06-08 08:47:48,883 - log - INFO - iter:1160/1692, Original Acc@1: 34.83, Acc@5: 62.93, TTA Acc@1: 34.83, Acc@5: 62.93
2025-06-08 08:48:38,548 - log - INFO - iter:1180/1692, clip_acc1=34.915252685546875, tta_acc1=34.915252685546875
2025-06-08 08:48:38,548 - log - INFO - iter:1180/1692, Original Acc@1: 34.92, Acc@5: 62.63, TTA Acc@1: 34.92, Acc@5: 62.63
2025-06-08 08:49:28,020 - log - INFO - iter:1200/1692, clip_acc1=34.75, tta_acc1=34.75
2025-06-08 08:49:28,020 - log - INFO - iter:1200/1692, Original Acc@1: 34.75, Acc@5: 62.33, TTA Acc@1: 34.75, Acc@5: 62.33
2025-06-08 08:50:17,923 - log - INFO - iter:1220/1692, clip_acc1=34.26229476928711, tta_acc1=34.26229476928711
2025-06-08 08:50:17,924 - log - INFO - iter:1220/1692, Original Acc@1: 34.26, Acc@5: 61.56, TTA Acc@1: 34.26, Acc@5: 61.56
2025-06-08 08:51:07,398 - log - INFO - iter:1240/1692, clip_acc1=33.790321350097656, tta_acc1=33.790321350097656
2025-06-08 08:51:07,398 - log - INFO - iter:1240/1692, Original Acc@1: 33.79, Acc@5: 60.89, TTA Acc@1: 33.79, Acc@5: 60.89
2025-06-08 08:51:57,245 - log - INFO - iter:1260/1692, clip_acc1=33.25396728515625, tta_acc1=33.25396728515625
2025-06-08 08:51:57,245 - log - INFO - iter:1260/1692, Original Acc@1: 33.25, Acc@5: 60.24, TTA Acc@1: 33.25, Acc@5: 60.24
2025-06-08 08:52:46,739 - log - INFO - iter:1280/1692, clip_acc1=33.75, tta_acc1=33.75
2025-06-08 08:52:46,739 - log - INFO - iter:1280/1692, Original Acc@1: 33.75, Acc@5: 60.47, TTA Acc@1: 33.75, Acc@5: 60.47
2025-06-08 08:53:36,831 - log - INFO - iter:1300/1692, clip_acc1=34.38461685180664, tta_acc1=34.38461685180664
2025-06-08 08:53:36,832 - log - INFO - iter:1300/1692, Original Acc@1: 34.38, Acc@5: 60.85, TTA Acc@1: 34.38, Acc@5: 60.85
2025-06-08 08:54:26,145 - log - INFO - iter:1320/1692, clip_acc1=34.24242401123047, tta_acc1=34.24242401123047
2025-06-08 08:54:26,145 - log - INFO - iter:1320/1692, Original Acc@1: 34.24, Acc@5: 60.83, TTA Acc@1: 34.24, Acc@5: 60.83
2025-06-08 08:55:16,252 - log - INFO - iter:1340/1692, clip_acc1=34.17910385131836, tta_acc1=34.17910385131836
2025-06-08 08:55:16,253 - log - INFO - iter:1340/1692, Original Acc@1: 34.18, Acc@5: 60.60, TTA Acc@1: 34.18, Acc@5: 60.60
2025-06-08 08:56:06,195 - log - INFO - iter:1360/1692, clip_acc1=33.82352828979492, tta_acc1=33.82352828979492
2025-06-08 08:56:06,195 - log - INFO - iter:1360/1692, Original Acc@1: 33.82, Acc@5: 60.07, TTA Acc@1: 33.82, Acc@5: 60.07
2025-06-08 08:56:55,625 - log - INFO - iter:1380/1692, clip_acc1=33.62318801879883, tta_acc1=33.62318801879883
2025-06-08 08:56:55,625 - log - INFO - iter:1380/1692, Original Acc@1: 33.62, Acc@5: 59.86, TTA Acc@1: 33.62, Acc@5: 59.86
2025-06-08 08:57:44,868 - log - INFO - iter:1400/1692, clip_acc1=33.64285659790039, tta_acc1=33.64285659790039
2025-06-08 08:57:44,868 - log - INFO - iter:1400/1692, Original Acc@1: 33.64, Acc@5: 59.93, TTA Acc@1: 33.64, Acc@5: 59.93
2025-06-08 08:58:34,366 - log - INFO - iter:1420/1692, clip_acc1=34.01408386230469, tta_acc1=34.01408386230469
2025-06-08 08:58:34,366 - log - INFO - iter:1420/1692, Original Acc@1: 34.01, Acc@5: 60.21, TTA Acc@1: 34.01, Acc@5: 60.21
2025-06-08 08:59:23,730 - log - INFO - iter:1440/1692, clip_acc1=34.86111068725586, tta_acc1=34.86111068725586
2025-06-08 08:59:23,730 - log - INFO - iter:1440/1692, Original Acc@1: 34.86, Acc@5: 60.76, TTA Acc@1: 34.86, Acc@5: 60.76
2025-06-08 09:00:13,601 - log - INFO - iter:1460/1692, clip_acc1=35.0, tta_acc1=35.0
2025-06-08 09:00:13,601 - log - INFO - iter:1460/1692, Original Acc@1: 35.00, Acc@5: 61.03, TTA Acc@1: 35.00, Acc@5: 61.03
2025-06-08 09:01:03,158 - log - INFO - iter:1480/1692, clip_acc1=35.0, tta_acc1=35.0
2025-06-08 09:01:03,159 - log - INFO - iter:1480/1692, Original Acc@1: 35.00, Acc@5: 61.15, TTA Acc@1: 35.00, Acc@5: 61.15
2025-06-08 09:01:53,185 - log - INFO - iter:1500/1692, clip_acc1=34.66666793823242, tta_acc1=34.66666793823242
2025-06-08 09:01:53,186 - log - INFO - iter:1500/1692, Original Acc@1: 34.67, Acc@5: 61.20, TTA Acc@1: 34.67, Acc@5: 61.20
2025-06-08 09:02:42,926 - log - INFO - iter:1520/1692, clip_acc1=34.40789794921875, tta_acc1=34.40789794921875
2025-06-08 09:02:42,927 - log - INFO - iter:1520/1692, Original Acc@1: 34.41, Acc@5: 61.18, TTA Acc@1: 34.41, Acc@5: 61.18
2025-06-08 09:03:33,205 - log - INFO - iter:1540/1692, clip_acc1=34.35064697265625, tta_acc1=34.35064697265625
2025-06-08 09:03:33,205 - log - INFO - iter:1540/1692, Original Acc@1: 34.35, Acc@5: 60.97, TTA Acc@1: 34.35, Acc@5: 60.97
2025-06-08 09:04:23,137 - log - INFO - iter:1560/1692, clip_acc1=34.487178802490234, tta_acc1=34.487178802490234
2025-06-08 09:04:23,138 - log - INFO - iter:1560/1692, Original Acc@1: 34.49, Acc@5: 60.90, TTA Acc@1: 34.49, Acc@5: 60.90
2025-06-08 09:05:12,995 - log - INFO - iter:1580/1692, clip_acc1=34.74683380126953, tta_acc1=34.74683380126953
2025-06-08 09:05:12,995 - log - INFO - iter:1580/1692, Original Acc@1: 34.75, Acc@5: 61.01, TTA Acc@1: 34.75, Acc@5: 61.01
2025-06-08 09:06:02,559 - log - INFO - iter:1600/1692, clip_acc1=35.375, tta_acc1=35.375
2025-06-08 09:06:02,559 - log - INFO - iter:1600/1692, Original Acc@1: 35.38, Acc@5: 61.38, TTA Acc@1: 35.38, Acc@5: 61.38
2025-06-08 09:06:52,959 - log - INFO - iter:1620/1692, clip_acc1=35.98765563964844, tta_acc1=35.98765563964844
2025-06-08 09:06:52,960 - log - INFO - iter:1620/1692, Original Acc@1: 35.99, Acc@5: 61.79, TTA Acc@1: 35.99, Acc@5: 61.79
2025-06-08 09:07:42,385 - log - INFO - iter:1640/1692, clip_acc1=35.85365676879883, tta_acc1=35.85365676879883
2025-06-08 09:07:42,385 - log - INFO - iter:1640/1692, Original Acc@1: 35.85, Acc@5: 61.59, TTA Acc@1: 35.85, Acc@5: 61.59
2025-06-08 09:08:31,777 - log - INFO - iter:1660/1692, clip_acc1=35.60240936279297, tta_acc1=35.60240936279297
2025-06-08 09:08:31,778 - log - INFO - iter:1660/1692, Original Acc@1: 35.60, Acc@5: 61.57, TTA Acc@1: 35.60, Acc@5: 61.57
2025-06-08 09:09:21,733 - log - INFO - iter:1680/1692, clip_acc1=36.25, tta_acc1=36.25
2025-06-08 09:09:21,734 - log - INFO - iter:1680/1692, Original Acc@1: 36.25, Acc@5: 61.96, TTA Acc@1: 36.25, Acc@5: 61.96
2025-06-08 09:09:48,189 - log - INFO - iter:1692/1692, clip_acc1=36.58392333984375, tta_acc1=36.58392333984375
2025-06-08 09:09:48,189 - log - INFO - iter:1692/1692, Original Acc@1: 36.58, Acc@5: 62.23, TTA Acc@1: 36.58, Acc@5: 62.23
2025-06-08 09:09:48,276 - log - INFO - Final results - Original Acc@1: 36.58, Acc@5: 62.23, TTA Acc@1: 36.58, Acc@5: 62.23
2025-06-08 09:09:48,276 - log - INFO - Improvement from TTA in Acc@1 0.00, and Acc@5 0.00
2025-06-08 09:09:48,276 - log - INFO - => Acc. on testset [DTD]: Clean Acc @1 36.58392333984375/ TTA Clean Acc @1 36.58392333984375, Clean Acc @5 62.23404312133789/ TTA Clean Acc @5 62.23404312133789
2025-06-08 09:09:48,276 - log - INFO - Total script execution time: 4263.71 seconds (71.06 minutes)
