2025-06-04 15:02:05,579 - log - INFO - ==========================================
data:/leonardo_work/EUHPC_R04_192/fmohamma/Adversarial_Robust_Clip/atpt_data/downstream_datasets
test_sets:Cars
dataset_mode:test
arch:delta_clip_l14_224
resolution:224
workers:4
no_pin_memory:False
batch_size:64
print_freq:20
gpu:0
no_cudnn_benchmark:False
n_ctx:4
ctx_init:a_photo_of_a
tpt_loss:rtpt
seed:0
output_dir:/leonardo_work/EUHPC_R04_192/fmohamma/Adversarial_Robust_Clip/atpt_data/delta_clip_l14_224/Cars
log_output_dir:/leonardo_work/EUHPC_R04_192/fmohamma/Adversarial_Robust_Clip/ATPT/Final_Results/delta_clip_l14_224/Cars
eps:0.0
alpha:0.0
alpha_eps_ratio:4.0
steps:0
lr:0.005
selection_p:0.1
tta_steps:0
ensemble_type:weighted_rtpt
top_k:20
softmax_temp:0.01
counter_attack:True
counter_attack_type:pgd
counter_attack_steps:0
counter_attack_eps:2.0
counter_attack_alpha:1.0
counter_attack_tau_thres:0.2
counter_attack_beta:2.0
counter_attack_weighted_perturbations:True
pgd_clip_pure_i_text_embeddings:null
pgd_counter_and_clipure_i_lamda:1.0
selected_id_name:selected_topk.json
weighted_score_name:weighted_scores.json
batch_entropy_name:entropies.json
log_dir:/leonardo_work/EUHPC_R04_192/fmohamma/Adversarial_Robust_Clip/ATPT/Final_Results/delta_clip_l14_224/Cars/Clean/Counter_Attack/Eps_2_0_Steps_0_Alpha_1_0/tau_0_2_beta_2_0_weighted_pertrubation_True/No_TPT/Inference_Ensemble_weighted_rtpt_topk_20_softmaxtemp_0_01

2025-06-04 15:02:05,580 - log - INFO - Use GPU: 0 for training
2025-06-04 15:03:59,942 - log - INFO - Freezing all parameters except prompt learner
2025-06-04 15:03:59,964 - log - INFO - => Model created: visual backbone delta_clip_l14_224
2025-06-04 15:04:00,012 - log - INFO - Number of test samples: 8041
2025-06-04 15:04:00,012 - log - INFO - Evaluating dataset: Cars
2025-06-04 15:04:00,013 - log - INFO - Starting evaluation with batch size: 64, selection percentage: 0.1
2025-06-04 15:04:00,013 - log - INFO - Test-time adaptation steps: 0, learning rate: 0.005
2025-06-04 15:04:00,013 - log - INFO - Using counter-attack with epsilon: 2.000000, alpha: 0.000000, steps: 0, tau_thres: 0.2, beta: 2.0, weighted perturbation: True
2025-06-04 15:05:00,580 - log - INFO - iter:20/8041, clip_acc1=85.0, tta_acc1=85.0
2025-06-04 15:05:00,580 - log - INFO - iter:20/8041, Original Acc@1: 85.00, Acc@5: 100.00, TTA Acc@1: 85.00, Acc@5: 100.00
2025-06-04 15:05:46,277 - log - INFO - iter:40/8041, clip_acc1=85.0, tta_acc1=85.0
2025-06-04 15:05:46,278 - log - INFO - iter:40/8041, Original Acc@1: 85.00, Acc@5: 100.00, TTA Acc@1: 85.00, Acc@5: 100.00
2025-06-04 15:06:31,087 - log - INFO - iter:60/8041, clip_acc1=85.00000762939453, tta_acc1=85.00000762939453
2025-06-04 15:06:31,087 - log - INFO - iter:60/8041, Original Acc@1: 85.00, Acc@5: 100.00, TTA Acc@1: 85.00, Acc@5: 100.00
2025-06-04 15:07:16,425 - log - INFO - iter:80/8041, clip_acc1=83.75, tta_acc1=83.75
2025-06-04 15:07:16,425 - log - INFO - iter:80/8041, Original Acc@1: 83.75, Acc@5: 100.00, TTA Acc@1: 83.75, Acc@5: 100.00
2025-06-04 15:08:01,859 - log - INFO - iter:100/8041, clip_acc1=86.0, tta_acc1=85.0
2025-06-04 15:08:01,859 - log - INFO - iter:100/8041, Original Acc@1: 86.00, Acc@5: 100.00, TTA Acc@1: 85.00, Acc@5: 100.00
2025-06-04 15:08:47,322 - log - INFO - iter:120/8041, clip_acc1=86.66667175292969, tta_acc1=85.00000762939453
2025-06-04 15:08:47,323 - log - INFO - iter:120/8041, Original Acc@1: 86.67, Acc@5: 100.00, TTA Acc@1: 85.00, Acc@5: 100.00
2025-06-04 15:09:32,696 - log - INFO - iter:140/8041, clip_acc1=83.57142639160156, tta_acc1=80.71428680419922
2025-06-04 15:09:32,696 - log - INFO - iter:140/8041, Original Acc@1: 83.57, Acc@5: 100.00, TTA Acc@1: 80.71, Acc@5: 99.29
2025-06-04 15:10:18,387 - log - INFO - iter:160/8041, clip_acc1=83.75, tta_acc1=80.0
2025-06-04 15:10:18,387 - log - INFO - iter:160/8041, Original Acc@1: 83.75, Acc@5: 100.00, TTA Acc@1: 80.00, Acc@5: 99.38
2025-06-04 15:11:03,521 - log - INFO - iter:180/8041, clip_acc1=83.33333587646484, tta_acc1=79.44444274902344
2025-06-04 15:11:03,522 - log - INFO - iter:180/8041, Original Acc@1: 83.33, Acc@5: 100.00, TTA Acc@1: 79.44, Acc@5: 99.44
2025-06-04 15:11:49,053 - log - INFO - iter:200/8041, clip_acc1=83.5, tta_acc1=80.5
2025-06-04 15:11:49,053 - log - INFO - iter:200/8041, Original Acc@1: 83.50, Acc@5: 100.00, TTA Acc@1: 80.50, Acc@5: 99.50
2025-06-04 15:12:34,476 - log - INFO - iter:220/8041, clip_acc1=82.7272720336914, tta_acc1=80.0
2025-06-04 15:12:34,476 - log - INFO - iter:220/8041, Original Acc@1: 82.73, Acc@5: 100.00, TTA Acc@1: 80.00, Acc@5: 99.55
2025-06-04 15:13:19,446 - log - INFO - iter:240/8041, clip_acc1=83.33333587646484, tta_acc1=81.25000762939453
2025-06-04 15:13:19,446 - log - INFO - iter:240/8041, Original Acc@1: 83.33, Acc@5: 100.00, TTA Acc@1: 81.25, Acc@5: 99.58
2025-06-04 15:14:04,881 - log - INFO - iter:260/8041, clip_acc1=83.07691955566406, tta_acc1=80.38461303710938
2025-06-04 15:14:04,881 - log - INFO - iter:260/8041, Original Acc@1: 83.08, Acc@5: 100.00, TTA Acc@1: 80.38, Acc@5: 99.62
2025-06-04 15:14:51,716 - log - INFO - iter:280/8041, clip_acc1=82.85713958740234, tta_acc1=80.71428680419922
2025-06-04 15:14:51,717 - log - INFO - iter:280/8041, Original Acc@1: 82.86, Acc@5: 100.00, TTA Acc@1: 80.71, Acc@5: 99.64
2025-06-04 15:15:37,714 - log - INFO - iter:300/8041, clip_acc1=82.66667175292969, tta_acc1=80.66667175292969
2025-06-04 15:15:37,714 - log - INFO - iter:300/8041, Original Acc@1: 82.67, Acc@5: 100.00, TTA Acc@1: 80.67, Acc@5: 99.67
2025-06-04 15:16:22,915 - log - INFO - iter:320/8041, clip_acc1=82.5, tta_acc1=80.9375
2025-06-04 15:16:22,915 - log - INFO - iter:320/8041, Original Acc@1: 82.50, Acc@5: 100.00, TTA Acc@1: 80.94, Acc@5: 99.69
2025-06-04 15:17:08,440 - log - INFO - iter:340/8041, clip_acc1=82.35294342041016, tta_acc1=81.17647552490234
2025-06-04 15:17:08,440 - log - INFO - iter:340/8041, Original Acc@1: 82.35, Acc@5: 100.00, TTA Acc@1: 81.18, Acc@5: 99.41
2025-06-04 15:17:53,392 - log - INFO - iter:360/8041, clip_acc1=82.5, tta_acc1=81.3888931274414
2025-06-04 15:17:53,392 - log - INFO - iter:360/8041, Original Acc@1: 82.50, Acc@5: 100.00, TTA Acc@1: 81.39, Acc@5: 99.44
2025-06-04 15:18:37,920 - log - INFO - iter:380/8041, clip_acc1=82.36842346191406, tta_acc1=81.57894897460938
2025-06-04 15:18:37,920 - log - INFO - iter:380/8041, Original Acc@1: 82.37, Acc@5: 100.00, TTA Acc@1: 81.58, Acc@5: 99.47
2025-06-04 15:19:23,494 - log - INFO - iter:400/8041, clip_acc1=82.25, tta_acc1=81.5
2025-06-04 15:19:23,494 - log - INFO - iter:400/8041, Original Acc@1: 82.25, Acc@5: 100.00, TTA Acc@1: 81.50, Acc@5: 99.50
2025-06-04 15:20:08,882 - log - INFO - iter:420/8041, clip_acc1=81.9047622680664, tta_acc1=80.95238494873047
2025-06-04 15:20:08,883 - log - INFO - iter:420/8041, Original Acc@1: 81.90, Acc@5: 99.76, TTA Acc@1: 80.95, Acc@5: 99.29
2025-06-04 15:20:54,569 - log - INFO - iter:440/8041, clip_acc1=82.2727279663086, tta_acc1=81.13636016845703
2025-06-04 15:20:54,569 - log - INFO - iter:440/8041, Original Acc@1: 82.27, Acc@5: 99.77, TTA Acc@1: 81.14, Acc@5: 99.32
2025-06-04 15:21:39,294 - log - INFO - iter:460/8041, clip_acc1=81.73912811279297, tta_acc1=80.65216827392578
2025-06-04 15:21:39,295 - log - INFO - iter:460/8041, Original Acc@1: 81.74, Acc@5: 99.78, TTA Acc@1: 80.65, Acc@5: 99.35
2025-06-04 15:22:25,715 - log - INFO - iter:480/8041, clip_acc1=81.45833587646484, tta_acc1=80.20833587646484
2025-06-04 15:22:25,715 - log - INFO - iter:480/8041, Original Acc@1: 81.46, Acc@5: 99.58, TTA Acc@1: 80.21, Acc@5: 99.38
2025-06-04 15:23:10,768 - log - INFO - iter:500/8041, clip_acc1=81.00000762939453, tta_acc1=80.0
2025-06-04 15:23:10,768 - log - INFO - iter:500/8041, Original Acc@1: 81.00, Acc@5: 99.60, TTA Acc@1: 80.00, Acc@5: 99.40
2025-06-04 15:23:56,861 - log - INFO - iter:520/8041, clip_acc1=80.76923370361328, tta_acc1=79.80769348144531
2025-06-04 15:23:56,861 - log - INFO - iter:520/8041, Original Acc@1: 80.77, Acc@5: 99.62, TTA Acc@1: 79.81, Acc@5: 99.42
2025-06-04 15:24:42,275 - log - INFO - iter:540/8041, clip_acc1=80.74073791503906, tta_acc1=80.0
2025-06-04 15:24:42,275 - log - INFO - iter:540/8041, Original Acc@1: 80.74, Acc@5: 99.44, TTA Acc@1: 80.00, Acc@5: 99.26
2025-06-04 15:25:27,563 - log - INFO - iter:560/8041, clip_acc1=81.07142639160156, tta_acc1=80.0
2025-06-04 15:25:27,564 - log - INFO - iter:560/8041, Original Acc@1: 81.07, Acc@5: 99.46, TTA Acc@1: 80.00, Acc@5: 99.29
2025-06-04 15:26:13,190 - log - INFO - iter:580/8041, clip_acc1=80.68965148925781, tta_acc1=79.6551742553711
2025-06-04 15:26:13,190 - log - INFO - iter:580/8041, Original Acc@1: 80.69, Acc@5: 99.48, TTA Acc@1: 79.66, Acc@5: 99.14
2025-06-04 15:26:58,639 - log - INFO - iter:600/8041, clip_acc1=80.5, tta_acc1=79.66667175292969
2025-06-04 15:26:58,640 - log - INFO - iter:600/8041, Original Acc@1: 80.50, Acc@5: 99.50, TTA Acc@1: 79.67, Acc@5: 99.17
2025-06-04 15:27:43,730 - log - INFO - iter:620/8041, clip_acc1=80.96774291992188, tta_acc1=80.16128540039062
2025-06-04 15:27:43,730 - log - INFO - iter:620/8041, Original Acc@1: 80.97, Acc@5: 99.52, TTA Acc@1: 80.16, Acc@5: 99.19
2025-06-04 15:28:28,835 - log - INFO - iter:640/8041, clip_acc1=80.625, tta_acc1=80.0
2025-06-04 15:28:28,836 - log - INFO - iter:640/8041, Original Acc@1: 80.62, Acc@5: 99.53, TTA Acc@1: 80.00, Acc@5: 99.22
2025-06-04 15:29:14,101 - log - INFO - iter:660/8041, clip_acc1=80.90908813476562, tta_acc1=80.30302429199219
2025-06-04 15:29:14,101 - log - INFO - iter:660/8041, Original Acc@1: 80.91, Acc@5: 99.39, TTA Acc@1: 80.30, Acc@5: 99.09
2025-06-04 15:29:59,425 - log - INFO - iter:680/8041, clip_acc1=80.88235473632812, tta_acc1=80.29412078857422
2025-06-04 15:29:59,426 - log - INFO - iter:680/8041, Original Acc@1: 80.88, Acc@5: 99.41, TTA Acc@1: 80.29, Acc@5: 99.12
2025-06-04 15:30:44,465 - log - INFO - iter:700/8041, clip_acc1=81.14285278320312, tta_acc1=80.71428680419922
2025-06-04 15:30:44,466 - log - INFO - iter:700/8041, Original Acc@1: 81.14, Acc@5: 99.43, TTA Acc@1: 80.71, Acc@5: 99.14
2025-06-04 15:31:30,001 - log - INFO - iter:720/8041, clip_acc1=81.11111450195312, tta_acc1=80.69444274902344
2025-06-04 15:31:30,002 - log - INFO - iter:720/8041, Original Acc@1: 81.11, Acc@5: 99.31, TTA Acc@1: 80.69, Acc@5: 99.03
2025-06-04 15:32:15,442 - log - INFO - iter:740/8041, clip_acc1=81.21621704101562, tta_acc1=80.8108139038086
2025-06-04 15:32:15,442 - log - INFO - iter:740/8041, Original Acc@1: 81.22, Acc@5: 99.19, TTA Acc@1: 80.81, Acc@5: 98.78
2025-06-04 15:33:00,448 - log - INFO - iter:760/8041, clip_acc1=81.44737243652344, tta_acc1=80.78947448730469
2025-06-04 15:33:00,448 - log - INFO - iter:760/8041, Original Acc@1: 81.45, Acc@5: 99.21, TTA Acc@1: 80.79, Acc@5: 98.82
2025-06-04 15:33:45,568 - log - INFO - iter:780/8041, clip_acc1=81.28205108642578, tta_acc1=80.3846206665039
2025-06-04 15:33:45,568 - log - INFO - iter:780/8041, Original Acc@1: 81.28, Acc@5: 99.23, TTA Acc@1: 80.38, Acc@5: 98.85
2025-06-04 15:34:31,440 - log - INFO - iter:800/8041, clip_acc1=81.625, tta_acc1=80.625
2025-06-04 15:34:31,440 - log - INFO - iter:800/8041, Original Acc@1: 81.62, Acc@5: 99.25, TTA Acc@1: 80.62, Acc@5: 98.88
2025-06-04 15:35:16,495 - log - INFO - iter:820/8041, clip_acc1=81.58536529541016, tta_acc1=80.60975646972656
2025-06-04 15:35:16,495 - log - INFO - iter:820/8041, Original Acc@1: 81.59, Acc@5: 99.27, TTA Acc@1: 80.61, Acc@5: 98.90
2025-06-04 15:36:01,430 - log - INFO - iter:840/8041, clip_acc1=81.66667175292969, tta_acc1=80.71428680419922
2025-06-04 15:36:01,431 - log - INFO - iter:840/8041, Original Acc@1: 81.67, Acc@5: 99.17, TTA Acc@1: 80.71, Acc@5: 98.81
2025-06-04 15:36:47,230 - log - INFO - iter:860/8041, clip_acc1=81.6279067993164, tta_acc1=80.5813980102539
2025-06-04 15:36:47,230 - log - INFO - iter:860/8041, Original Acc@1: 81.63, Acc@5: 99.07, TTA Acc@1: 80.58, Acc@5: 98.72
2025-06-04 15:37:32,431 - log - INFO - iter:880/8041, clip_acc1=81.81817626953125, tta_acc1=80.79544830322266
2025-06-04 15:37:32,432 - log - INFO - iter:880/8041, Original Acc@1: 81.82, Acc@5: 99.09, TTA Acc@1: 80.80, Acc@5: 98.75
2025-06-04 15:38:19,222 - log - INFO - iter:900/8041, clip_acc1=81.8888931274414, tta_acc1=81.0
2025-06-04 15:38:19,223 - log - INFO - iter:900/8041, Original Acc@1: 81.89, Acc@5: 99.11, TTA Acc@1: 81.00, Acc@5: 98.78
2025-06-04 15:39:05,087 - log - INFO - iter:920/8041, clip_acc1=82.06521606445312, tta_acc1=80.97825622558594
2025-06-04 15:39:05,087 - log - INFO - iter:920/8041, Original Acc@1: 82.07, Acc@5: 99.13, TTA Acc@1: 80.98, Acc@5: 98.80
2025-06-04 15:39:50,951 - log - INFO - iter:940/8041, clip_acc1=82.23403930664062, tta_acc1=81.17021179199219
2025-06-04 15:39:50,951 - log - INFO - iter:940/8041, Original Acc@1: 82.23, Acc@5: 99.15, TTA Acc@1: 81.17, Acc@5: 98.83
2025-06-04 15:40:37,091 - log - INFO - iter:960/8041, clip_acc1=81.97917175292969, tta_acc1=80.93750762939453
2025-06-04 15:40:37,091 - log - INFO - iter:960/8041, Original Acc@1: 81.98, Acc@5: 99.06, TTA Acc@1: 80.94, Acc@5: 98.75
2025-06-04 15:41:22,835 - log - INFO - iter:980/8041, clip_acc1=82.14285278320312, tta_acc1=80.81632232666016
2025-06-04 15:41:22,836 - log - INFO - iter:980/8041, Original Acc@1: 82.14, Acc@5: 99.08, TTA Acc@1: 80.82, Acc@5: 98.78
2025-06-04 15:42:08,676 - log - INFO - iter:1000/8041, clip_acc1=82.20000457763672, tta_acc1=80.9000015258789
2025-06-04 15:42:08,677 - log - INFO - iter:1000/8041, Original Acc@1: 82.20, Acc@5: 99.10, TTA Acc@1: 80.90, Acc@5: 98.80
2025-06-04 15:42:53,696 - log - INFO - iter:1020/8041, clip_acc1=82.2549057006836, tta_acc1=80.88235473632812
2025-06-04 15:42:53,696 - log - INFO - iter:1020/8041, Original Acc@1: 82.25, Acc@5: 99.12, TTA Acc@1: 80.88, Acc@5: 98.82
2025-06-04 15:43:39,205 - log - INFO - iter:1040/8041, clip_acc1=82.30769348144531, tta_acc1=80.76923370361328
2025-06-04 15:43:39,206 - log - INFO - iter:1040/8041, Original Acc@1: 82.31, Acc@5: 99.13, TTA Acc@1: 80.77, Acc@5: 98.85
2025-06-04 15:44:24,325 - log - INFO - iter:1060/8041, clip_acc1=82.35848999023438, tta_acc1=80.84906005859375
2025-06-04 15:44:24,325 - log - INFO - iter:1060/8041, Original Acc@1: 82.36, Acc@5: 99.15, TTA Acc@1: 80.85, Acc@5: 98.87
2025-06-04 15:45:10,286 - log - INFO - iter:1080/8041, clip_acc1=82.5, tta_acc1=80.9259262084961
2025-06-04 15:45:10,286 - log - INFO - iter:1080/8041, Original Acc@1: 82.50, Acc@5: 99.17, TTA Acc@1: 80.93, Acc@5: 98.89
2025-06-04 15:45:56,593 - log - INFO - iter:1100/8041, clip_acc1=82.54545593261719, tta_acc1=81.09091186523438
2025-06-04 15:45:56,593 - log - INFO - iter:1100/8041, Original Acc@1: 82.55, Acc@5: 99.18, TTA Acc@1: 81.09, Acc@5: 98.91
2025-06-04 15:46:42,214 - log - INFO - iter:1120/8041, clip_acc1=82.76786041259766, tta_acc1=81.33928680419922
2025-06-04 15:46:42,214 - log - INFO - iter:1120/8041, Original Acc@1: 82.77, Acc@5: 99.20, TTA Acc@1: 81.34, Acc@5: 98.93
2025-06-04 15:47:27,133 - log - INFO - iter:1140/8041, clip_acc1=82.89473724365234, tta_acc1=81.22807312011719
2025-06-04 15:47:27,133 - log - INFO - iter:1140/8041, Original Acc@1: 82.89, Acc@5: 99.21, TTA Acc@1: 81.23, Acc@5: 98.95
2025-06-04 15:48:11,890 - log - INFO - iter:1160/8041, clip_acc1=83.10344696044922, tta_acc1=81.46551513671875
2025-06-04 15:48:11,890 - log - INFO - iter:1160/8041, Original Acc@1: 83.10, Acc@5: 99.22, TTA Acc@1: 81.47, Acc@5: 98.97
2025-06-04 15:48:57,560 - log - INFO - iter:1180/8041, clip_acc1=83.05084991455078, tta_acc1=81.440673828125
2025-06-04 15:48:57,560 - log - INFO - iter:1180/8041, Original Acc@1: 83.05, Acc@5: 99.24, TTA Acc@1: 81.44, Acc@5: 98.98
2025-06-04 15:49:42,606 - log - INFO - iter:1200/8041, clip_acc1=83.16667175292969, tta_acc1=81.41667175292969
2025-06-04 15:49:42,606 - log - INFO - iter:1200/8041, Original Acc@1: 83.17, Acc@5: 99.25, TTA Acc@1: 81.42, Acc@5: 99.00
2025-06-04 15:50:28,087 - log - INFO - iter:1220/8041, clip_acc1=83.19672393798828, tta_acc1=81.47541046142578
2025-06-04 15:50:28,087 - log - INFO - iter:1220/8041, Original Acc@1: 83.20, Acc@5: 99.26, TTA Acc@1: 81.48, Acc@5: 99.02
2025-06-04 15:51:13,449 - log - INFO - iter:1240/8041, clip_acc1=83.2258071899414, tta_acc1=81.53225708007812
2025-06-04 15:51:13,449 - log - INFO - iter:1240/8041, Original Acc@1: 83.23, Acc@5: 99.27, TTA Acc@1: 81.53, Acc@5: 99.03
2025-06-04 15:52:00,092 - log - INFO - iter:1260/8041, clip_acc1=83.0952377319336, tta_acc1=81.42857360839844
2025-06-04 15:52:00,092 - log - INFO - iter:1260/8041, Original Acc@1: 83.10, Acc@5: 99.21, TTA Acc@1: 81.43, Acc@5: 98.97
2025-06-04 15:52:45,884 - log - INFO - iter:1280/8041, clip_acc1=83.125, tta_acc1=81.484375
2025-06-04 15:52:45,884 - log - INFO - iter:1280/8041, Original Acc@1: 83.12, Acc@5: 99.22, TTA Acc@1: 81.48, Acc@5: 98.98
2025-06-04 15:53:31,572 - log - INFO - iter:1300/8041, clip_acc1=83.30769348144531, tta_acc1=81.69230651855469
2025-06-04 15:53:31,573 - log - INFO - iter:1300/8041, Original Acc@1: 83.31, Acc@5: 99.23, TTA Acc@1: 81.69, Acc@5: 99.00
2025-06-04 15:54:17,334 - log - INFO - iter:1320/8041, clip_acc1=83.33332824707031, tta_acc1=81.66666412353516
2025-06-04 15:54:17,334 - log - INFO - iter:1320/8041, Original Acc@1: 83.33, Acc@5: 99.24, TTA Acc@1: 81.67, Acc@5: 98.94
2025-06-04 15:55:02,788 - log - INFO - iter:1340/8041, clip_acc1=83.35820770263672, tta_acc1=81.71641540527344
2025-06-04 15:55:02,789 - log - INFO - iter:1340/8041, Original Acc@1: 83.36, Acc@5: 99.18, TTA Acc@1: 81.72, Acc@5: 98.88
2025-06-04 15:55:48,017 - log - INFO - iter:1360/8041, clip_acc1=83.30882263183594, tta_acc1=81.69117736816406
2025-06-04 15:55:48,017 - log - INFO - iter:1360/8041, Original Acc@1: 83.31, Acc@5: 99.19, TTA Acc@1: 81.69, Acc@5: 98.90
2025-06-04 15:56:34,029 - log - INFO - iter:1380/8041, clip_acc1=83.40579986572266, tta_acc1=81.7391357421875
2025-06-04 15:56:34,029 - log - INFO - iter:1380/8041, Original Acc@1: 83.41, Acc@5: 99.20, TTA Acc@1: 81.74, Acc@5: 98.91
2025-06-04 15:57:19,319 - log - INFO - iter:1400/8041, clip_acc1=83.42857360839844, tta_acc1=81.92857360839844
2025-06-04 15:57:19,319 - log - INFO - iter:1400/8041, Original Acc@1: 83.43, Acc@5: 99.21, TTA Acc@1: 81.93, Acc@5: 98.93
2025-06-04 15:58:04,739 - log - INFO - iter:1420/8041, clip_acc1=83.30985260009766, tta_acc1=81.83098602294922
2025-06-04 15:58:04,739 - log - INFO - iter:1420/8041, Original Acc@1: 83.31, Acc@5: 99.23, TTA Acc@1: 81.83, Acc@5: 98.94
2025-06-04 15:58:50,716 - log - INFO - iter:1440/8041, clip_acc1=83.40277862548828, tta_acc1=81.875
2025-06-04 15:58:50,716 - log - INFO - iter:1440/8041, Original Acc@1: 83.40, Acc@5: 99.24, TTA Acc@1: 81.88, Acc@5: 98.96
2025-06-04 15:59:35,649 - log - INFO - iter:1460/8041, clip_acc1=83.49315643310547, tta_acc1=82.123291015625
2025-06-04 15:59:35,649 - log - INFO - iter:1460/8041, Original Acc@1: 83.49, Acc@5: 99.25, TTA Acc@1: 82.12, Acc@5: 98.97
2025-06-04 16:00:20,748 - log - INFO - iter:1480/8041, clip_acc1=83.58108520507812, tta_acc1=82.16216278076172
2025-06-04 16:00:20,748 - log - INFO - iter:1480/8041, Original Acc@1: 83.58, Acc@5: 99.26, TTA Acc@1: 82.16, Acc@5: 98.99
2025-06-04 16:01:06,370 - log - INFO - iter:1500/8041, clip_acc1=83.73332977294922, tta_acc1=82.33333587646484
2025-06-04 16:01:06,371 - log - INFO - iter:1500/8041, Original Acc@1: 83.73, Acc@5: 99.27, TTA Acc@1: 82.33, Acc@5: 99.00
2025-06-04 16:01:52,336 - log - INFO - iter:1520/8041, clip_acc1=83.75, tta_acc1=82.36842346191406
2025-06-04 16:01:52,336 - log - INFO - iter:1520/8041, Original Acc@1: 83.75, Acc@5: 99.28, TTA Acc@1: 82.37, Acc@5: 99.01
2025-06-04 16:02:37,531 - log - INFO - iter:1540/8041, clip_acc1=83.83116912841797, tta_acc1=82.467529296875
2025-06-04 16:02:37,531 - log - INFO - iter:1540/8041, Original Acc@1: 83.83, Acc@5: 99.29, TTA Acc@1: 82.47, Acc@5: 99.03
2025-06-04 16:03:22,660 - log - INFO - iter:1560/8041, clip_acc1=83.71794891357422, tta_acc1=82.30769348144531
2025-06-04 16:03:22,660 - log - INFO - iter:1560/8041, Original Acc@1: 83.72, Acc@5: 99.23, TTA Acc@1: 82.31, Acc@5: 98.91
2025-06-04 16:04:08,188 - log - INFO - iter:1580/8041, clip_acc1=83.73417663574219, tta_acc1=82.3417739868164
2025-06-04 16:04:08,188 - log - INFO - iter:1580/8041, Original Acc@1: 83.73, Acc@5: 99.24, TTA Acc@1: 82.34, Acc@5: 98.86
2025-06-04 16:04:54,237 - log - INFO - iter:1600/8041, clip_acc1=83.75, tta_acc1=82.3125
2025-06-04 16:04:54,237 - log - INFO - iter:1600/8041, Original Acc@1: 83.75, Acc@5: 99.25, TTA Acc@1: 82.31, Acc@5: 98.88
2025-06-04 16:05:39,486 - log - INFO - iter:1620/8041, clip_acc1=83.51852416992188, tta_acc1=82.1604995727539
2025-06-04 16:05:39,486 - log - INFO - iter:1620/8041, Original Acc@1: 83.52, Acc@5: 99.26, TTA Acc@1: 82.16, Acc@5: 98.83
2025-06-04 16:06:24,895 - log - INFO - iter:1640/8041, clip_acc1=83.53658294677734, tta_acc1=82.19512176513672
2025-06-04 16:06:24,896 - log - INFO - iter:1640/8041, Original Acc@1: 83.54, Acc@5: 99.27, TTA Acc@1: 82.20, Acc@5: 98.84
2025-06-04 16:07:14,957 - log - INFO - iter:1660/8041, clip_acc1=83.49398040771484, tta_acc1=82.22891998291016
2025-06-04 16:07:14,957 - log - INFO - iter:1660/8041, Original Acc@1: 83.49, Acc@5: 99.28, TTA Acc@1: 82.23, Acc@5: 98.86
2025-06-04 16:08:00,108 - log - INFO - iter:1680/8041, clip_acc1=83.51190948486328, tta_acc1=82.20238494873047
2025-06-04 16:08:00,109 - log - INFO - iter:1680/8041, Original Acc@1: 83.51, Acc@5: 99.29, TTA Acc@1: 82.20, Acc@5: 98.87
2025-06-04 16:08:45,764 - log - INFO - iter:1700/8041, clip_acc1=83.35293579101562, tta_acc1=82.0
2025-06-04 16:08:45,764 - log - INFO - iter:1700/8041, Original Acc@1: 83.35, Acc@5: 99.29, TTA Acc@1: 82.00, Acc@5: 98.88
2025-06-04 16:09:33,826 - log - INFO - iter:1720/8041, clip_acc1=83.13953399658203, tta_acc1=81.74418640136719
2025-06-04 16:09:33,826 - log - INFO - iter:1720/8041, Original Acc@1: 83.14, Acc@5: 99.30, TTA Acc@1: 81.74, Acc@5: 98.90
2025-06-04 16:10:19,424 - log - INFO - iter:1740/8041, clip_acc1=83.04597473144531, tta_acc1=81.66666412353516
2025-06-04 16:10:19,424 - log - INFO - iter:1740/8041, Original Acc@1: 83.05, Acc@5: 99.31, TTA Acc@1: 81.67, Acc@5: 98.91
2025-06-04 16:11:04,758 - log - INFO - iter:1760/8041, clip_acc1=83.18181610107422, tta_acc1=81.70454406738281
2025-06-04 16:11:04,758 - log - INFO - iter:1760/8041, Original Acc@1: 83.18, Acc@5: 99.32, TTA Acc@1: 81.70, Acc@5: 98.92
2025-06-04 16:11:49,832 - log - INFO - iter:1780/8041, clip_acc1=83.31460571289062, tta_acc1=81.85393524169922
2025-06-04 16:11:49,832 - log - INFO - iter:1780/8041, Original Acc@1: 83.31, Acc@5: 99.33, TTA Acc@1: 81.85, Acc@5: 98.93
2025-06-04 16:12:34,999 - log - INFO - iter:1800/8041, clip_acc1=83.3888931274414, tta_acc1=81.94444274902344
2025-06-04 16:12:34,999 - log - INFO - iter:1800/8041, Original Acc@1: 83.39, Acc@5: 99.33, TTA Acc@1: 81.94, Acc@5: 98.94
2025-06-04 16:13:22,458 - log - INFO - iter:1820/8041, clip_acc1=83.46154022216797, tta_acc1=81.92308044433594
2025-06-04 16:13:22,458 - log - INFO - iter:1820/8041, Original Acc@1: 83.46, Acc@5: 99.34, TTA Acc@1: 81.92, Acc@5: 98.96
2025-06-04 16:14:09,100 - log - INFO - iter:1840/8041, clip_acc1=83.58695220947266, tta_acc1=82.11956024169922
2025-06-04 16:14:09,101 - log - INFO - iter:1840/8041, Original Acc@1: 83.59, Acc@5: 99.35, TTA Acc@1: 82.12, Acc@5: 98.97
2025-06-04 16:14:54,421 - log - INFO - iter:1860/8041, clip_acc1=83.54838562011719, tta_acc1=82.04301452636719
2025-06-04 16:14:54,421 - log - INFO - iter:1860/8041, Original Acc@1: 83.55, Acc@5: 99.35, TTA Acc@1: 82.04, Acc@5: 98.98
2025-06-04 16:15:40,155 - log - INFO - iter:1880/8041, clip_acc1=83.56382751464844, tta_acc1=81.96808624267578
2025-06-04 16:15:40,155 - log - INFO - iter:1880/8041, Original Acc@1: 83.56, Acc@5: 99.36, TTA Acc@1: 81.97, Acc@5: 98.99
2025-06-04 16:16:25,401 - log - INFO - iter:1900/8041, clip_acc1=83.6842041015625, tta_acc1=82.10526275634766
2025-06-04 16:16:25,401 - log - INFO - iter:1900/8041, Original Acc@1: 83.68, Acc@5: 99.37, TTA Acc@1: 82.11, Acc@5: 99.00
2025-06-04 16:17:10,819 - log - INFO - iter:1920/8041, clip_acc1=83.64583587646484, tta_acc1=82.08333587646484
2025-06-04 16:17:10,819 - log - INFO - iter:1920/8041, Original Acc@1: 83.65, Acc@5: 99.38, TTA Acc@1: 82.08, Acc@5: 99.01
2025-06-04 16:17:56,431 - log - INFO - iter:1940/8041, clip_acc1=83.76288604736328, tta_acc1=82.21649932861328
2025-06-04 16:17:56,432 - log - INFO - iter:1940/8041, Original Acc@1: 83.76, Acc@5: 99.38, TTA Acc@1: 82.22, Acc@5: 99.02
2025-06-04 16:18:41,861 - log - INFO - iter:1960/8041, clip_acc1=83.87754821777344, tta_acc1=82.29591369628906
2025-06-04 16:18:41,861 - log - INFO - iter:1960/8041, Original Acc@1: 83.88, Acc@5: 99.39, TTA Acc@1: 82.30, Acc@5: 99.03
2025-06-04 16:19:27,956 - log - INFO - iter:1980/8041, clip_acc1=83.93939971923828, tta_acc1=82.37374114990234
2025-06-04 16:19:27,956 - log - INFO - iter:1980/8041, Original Acc@1: 83.94, Acc@5: 99.39, TTA Acc@1: 82.37, Acc@5: 99.04
2025-06-04 16:20:13,089 - log - INFO - iter:2000/8041, clip_acc1=84.00000762939453, tta_acc1=82.45000457763672
2025-06-04 16:20:13,089 - log - INFO - iter:2000/8041, Original Acc@1: 84.00, Acc@5: 99.40, TTA Acc@1: 82.45, Acc@5: 99.05
2025-06-04 16:20:58,635 - log - INFO - iter:2020/8041, clip_acc1=83.91089630126953, tta_acc1=82.3762435913086
2025-06-04 16:20:58,635 - log - INFO - iter:2020/8041, Original Acc@1: 83.91, Acc@5: 99.41, TTA Acc@1: 82.38, Acc@5: 99.06
2025-06-04 16:21:44,000 - log - INFO - iter:2040/8041, clip_acc1=83.92156982421875, tta_acc1=82.45098876953125
2025-06-04 16:21:44,000 - log - INFO - iter:2040/8041, Original Acc@1: 83.92, Acc@5: 99.41, TTA Acc@1: 82.45, Acc@5: 99.07
2025-06-04 16:22:29,327 - log - INFO - iter:2060/8041, clip_acc1=83.93203735351562, tta_acc1=82.4757308959961
2025-06-04 16:22:29,328 - log - INFO - iter:2060/8041, Original Acc@1: 83.93, Acc@5: 99.42, TTA Acc@1: 82.48, Acc@5: 99.08
2025-06-04 16:23:16,198 - log - INFO - iter:2080/8041, clip_acc1=83.94230651855469, tta_acc1=82.5
2025-06-04 16:23:16,198 - log - INFO - iter:2080/8041, Original Acc@1: 83.94, Acc@5: 99.42, TTA Acc@1: 82.50, Acc@5: 99.09
2025-06-04 16:24:01,289 - log - INFO - iter:2100/8041, clip_acc1=84.0, tta_acc1=82.57142639160156
2025-06-04 16:24:01,289 - log - INFO - iter:2100/8041, Original Acc@1: 84.00, Acc@5: 99.43, TTA Acc@1: 82.57, Acc@5: 99.10
2025-06-04 16:24:47,461 - log - INFO - iter:2120/8041, clip_acc1=84.05660247802734, tta_acc1=82.54717254638672
2025-06-04 16:24:47,461 - log - INFO - iter:2120/8041, Original Acc@1: 84.06, Acc@5: 99.43, TTA Acc@1: 82.55, Acc@5: 99.10
2025-06-04 16:25:33,470 - log - INFO - iter:2140/8041, clip_acc1=84.15888214111328, tta_acc1=82.6635513305664
2025-06-04 16:25:33,471 - log - INFO - iter:2140/8041, Original Acc@1: 84.16, Acc@5: 99.44, TTA Acc@1: 82.66, Acc@5: 99.11
2025-06-04 16:26:19,127 - log - INFO - iter:2160/8041, clip_acc1=84.30555725097656, tta_acc1=82.77777862548828
2025-06-04 16:26:19,127 - log - INFO - iter:2160/8041, Original Acc@1: 84.31, Acc@5: 99.44, TTA Acc@1: 82.78, Acc@5: 99.12
2025-06-04 16:27:04,585 - log - INFO - iter:2180/8041, clip_acc1=84.26605224609375, tta_acc1=82.7522964477539
2025-06-04 16:27:04,586 - log - INFO - iter:2180/8041, Original Acc@1: 84.27, Acc@5: 99.45, TTA Acc@1: 82.75, Acc@5: 99.13
2025-06-04 16:27:50,329 - log - INFO - iter:2200/8041, clip_acc1=84.36363983154297, tta_acc1=82.86363983154297
2025-06-04 16:27:50,329 - log - INFO - iter:2200/8041, Original Acc@1: 84.36, Acc@5: 99.45, TTA Acc@1: 82.86, Acc@5: 99.14
2025-06-04 16:28:35,760 - log - INFO - iter:2220/8041, clip_acc1=84.23423767089844, tta_acc1=82.83783721923828
2025-06-04 16:28:35,760 - log - INFO - iter:2220/8041, Original Acc@1: 84.23, Acc@5: 99.41, TTA Acc@1: 82.84, Acc@5: 99.14
2025-06-04 16:29:20,828 - log - INFO - iter:2240/8041, clip_acc1=84.24107360839844, tta_acc1=82.76786041259766
2025-06-04 16:29:20,828 - log - INFO - iter:2240/8041, Original Acc@1: 84.24, Acc@5: 99.42, TTA Acc@1: 82.77, Acc@5: 99.15
2025-06-04 16:30:06,185 - log - INFO - iter:2260/8041, clip_acc1=84.24778747558594, tta_acc1=82.69911193847656
2025-06-04 16:30:06,186 - log - INFO - iter:2260/8041, Original Acc@1: 84.25, Acc@5: 99.42, TTA Acc@1: 82.70, Acc@5: 99.16
2025-06-04 16:30:54,268 - log - INFO - iter:2280/8041, clip_acc1=84.3859634399414, tta_acc1=82.85087585449219
2025-06-04 16:30:54,268 - log - INFO - iter:2280/8041, Original Acc@1: 84.39, Acc@5: 99.43, TTA Acc@1: 82.85, Acc@5: 99.17
2025-06-04 16:31:39,333 - log - INFO - iter:2300/8041, clip_acc1=84.39130401611328, tta_acc1=82.82608795166016
2025-06-04 16:31:39,333 - log - INFO - iter:2300/8041, Original Acc@1: 84.39, Acc@5: 99.43, TTA Acc@1: 82.83, Acc@5: 99.17
2025-06-04 16:32:24,986 - log - INFO - iter:2320/8041, clip_acc1=84.43965148925781, tta_acc1=82.93103790283203
2025-06-04 16:32:24,987 - log - INFO - iter:2320/8041, Original Acc@1: 84.44, Acc@5: 99.44, TTA Acc@1: 82.93, Acc@5: 99.18
2025-06-04 16:33:10,000 - log - INFO - iter:2340/8041, clip_acc1=84.35897827148438, tta_acc1=82.9059829711914
2025-06-04 16:33:10,000 - log - INFO - iter:2340/8041, Original Acc@1: 84.36, Acc@5: 99.44, TTA Acc@1: 82.91, Acc@5: 99.19
2025-06-04 16:33:56,682 - log - INFO - iter:2360/8041, clip_acc1=84.3644027709961, tta_acc1=82.83898162841797
2025-06-04 16:33:56,682 - log - INFO - iter:2360/8041, Original Acc@1: 84.36, Acc@5: 99.45, TTA Acc@1: 82.84, Acc@5: 99.19
2025-06-04 16:34:41,646 - log - INFO - iter:2380/8041, clip_acc1=84.45378112792969, tta_acc1=82.94117736816406
2025-06-04 16:34:41,646 - log - INFO - iter:2380/8041, Original Acc@1: 84.45, Acc@5: 99.45, TTA Acc@1: 82.94, Acc@5: 99.20
2025-06-04 16:35:27,275 - log - INFO - iter:2400/8041, clip_acc1=84.58333587646484, tta_acc1=83.08333587646484
2025-06-04 16:35:27,276 - log - INFO - iter:2400/8041, Original Acc@1: 84.58, Acc@5: 99.46, TTA Acc@1: 83.08, Acc@5: 99.21
2025-06-04 16:36:14,252 - log - INFO - iter:2420/8041, clip_acc1=84.62809753417969, tta_acc1=83.09917449951172
2025-06-04 16:36:14,252 - log - INFO - iter:2420/8041, Original Acc@1: 84.63, Acc@5: 99.42, TTA Acc@1: 83.10, Acc@5: 99.17
2025-06-04 16:36:59,416 - log - INFO - iter:2440/8041, clip_acc1=84.59016418457031, tta_acc1=83.07376861572266
2025-06-04 16:36:59,417 - log - INFO - iter:2440/8041, Original Acc@1: 84.59, Acc@5: 99.39, TTA Acc@1: 83.07, Acc@5: 99.18
2025-06-04 16:37:45,125 - log - INFO - iter:2460/8041, clip_acc1=84.63414764404297, tta_acc1=83.04878234863281
2025-06-04 16:37:45,125 - log - INFO - iter:2460/8041, Original Acc@1: 84.63, Acc@5: 99.39, TTA Acc@1: 83.05, Acc@5: 99.19
2025-06-04 16:38:30,616 - log - INFO - iter:2480/8041, clip_acc1=84.63709259033203, tta_acc1=83.06451416015625
2025-06-04 16:38:30,616 - log - INFO - iter:2480/8041, Original Acc@1: 84.64, Acc@5: 99.40, TTA Acc@1: 83.06, Acc@5: 99.19
2025-06-04 16:39:15,735 - log - INFO - iter:2500/8041, clip_acc1=84.43999481201172, tta_acc1=82.87999725341797
2025-06-04 16:39:15,735 - log - INFO - iter:2500/8041, Original Acc@1: 84.44, Acc@5: 99.40, TTA Acc@1: 82.88, Acc@5: 99.20
2025-06-04 16:40:01,422 - log - INFO - iter:2520/8041, clip_acc1=84.44444274902344, tta_acc1=82.85714721679688
2025-06-04 16:40:01,422 - log - INFO - iter:2520/8041, Original Acc@1: 84.44, Acc@5: 99.40, TTA Acc@1: 82.86, Acc@5: 99.21
2025-06-04 16:40:46,791 - log - INFO - iter:2540/8041, clip_acc1=84.52755737304688, tta_acc1=82.87401580810547
2025-06-04 16:40:46,792 - log - INFO - iter:2540/8041, Original Acc@1: 84.53, Acc@5: 99.41, TTA Acc@1: 82.87, Acc@5: 99.21
2025-06-04 16:41:33,342 - log - INFO - iter:2560/8041, clip_acc1=84.453125, tta_acc1=82.8515625
2025-06-04 16:41:33,342 - log - INFO - iter:2560/8041, Original Acc@1: 84.45, Acc@5: 99.41, TTA Acc@1: 82.85, Acc@5: 99.22
2025-06-04 16:42:19,378 - log - INFO - iter:2580/8041, clip_acc1=84.4186019897461, tta_acc1=82.79069519042969
2025-06-04 16:42:19,378 - log - INFO - iter:2580/8041, Original Acc@1: 84.42, Acc@5: 99.42, TTA Acc@1: 82.79, Acc@5: 99.22
2025-06-04 16:43:05,686 - log - INFO - iter:2600/8041, clip_acc1=84.42308044433594, tta_acc1=82.80769348144531
2025-06-04 16:43:05,686 - log - INFO - iter:2600/8041, Original Acc@1: 84.42, Acc@5: 99.42, TTA Acc@1: 82.81, Acc@5: 99.23
2025-06-04 16:43:50,574 - log - INFO - iter:2620/8041, clip_acc1=84.38931274414062, tta_acc1=82.82442474365234
2025-06-04 16:43:50,574 - log - INFO - iter:2620/8041, Original Acc@1: 84.39, Acc@5: 99.39, TTA Acc@1: 82.82, Acc@5: 99.24
2025-06-04 16:44:35,704 - log - INFO - iter:2640/8041, clip_acc1=84.43181610107422, tta_acc1=82.8787841796875
2025-06-04 16:44:35,705 - log - INFO - iter:2640/8041, Original Acc@1: 84.43, Acc@5: 99.39, TTA Acc@1: 82.88, Acc@5: 99.24
2025-06-04 16:45:21,266 - log - INFO - iter:2660/8041, clip_acc1=84.28571319580078, tta_acc1=82.7443618774414
2025-06-04 16:45:21,266 - log - INFO - iter:2660/8041, Original Acc@1: 84.29, Acc@5: 99.40, TTA Acc@1: 82.74, Acc@5: 99.25
2025-06-04 16:46:06,752 - log - INFO - iter:2680/8041, clip_acc1=84.25373077392578, tta_acc1=82.72388458251953
2025-06-04 16:46:06,752 - log - INFO - iter:2680/8041, Original Acc@1: 84.25, Acc@5: 99.40, TTA Acc@1: 82.72, Acc@5: 99.25
2025-06-04 16:46:52,877 - log - INFO - iter:2700/8041, clip_acc1=84.25926208496094, tta_acc1=82.70370483398438
2025-06-04 16:46:52,878 - log - INFO - iter:2700/8041, Original Acc@1: 84.26, Acc@5: 99.41, TTA Acc@1: 82.70, Acc@5: 99.26
2025-06-04 16:47:38,229 - log - INFO - iter:2720/8041, clip_acc1=84.15441131591797, tta_acc1=82.64706420898438
2025-06-04 16:47:38,230 - log - INFO - iter:2720/8041, Original Acc@1: 84.15, Acc@5: 99.41, TTA Acc@1: 82.65, Acc@5: 99.26
2025-06-04 16:48:23,590 - log - INFO - iter:2740/8041, clip_acc1=84.19707489013672, tta_acc1=82.66423034667969
2025-06-04 16:48:23,590 - log - INFO - iter:2740/8041, Original Acc@1: 84.20, Acc@5: 99.42, TTA Acc@1: 82.66, Acc@5: 99.27
2025-06-04 16:49:08,679 - log - INFO - iter:2760/8041, clip_acc1=84.2753677368164, tta_acc1=82.75362396240234
2025-06-04 16:49:08,679 - log - INFO - iter:2760/8041, Original Acc@1: 84.28, Acc@5: 99.42, TTA Acc@1: 82.75, Acc@5: 99.28
2025-06-04 16:49:54,425 - log - INFO - iter:2780/8041, clip_acc1=84.31654357910156, tta_acc1=82.87770080566406
2025-06-04 16:49:54,425 - log - INFO - iter:2780/8041, Original Acc@1: 84.32, Acc@5: 99.42, TTA Acc@1: 82.88, Acc@5: 99.28
2025-06-04 16:50:39,661 - log - INFO - iter:2800/8041, clip_acc1=84.28571319580078, tta_acc1=82.85713958740234
2025-06-04 16:50:39,662 - log - INFO - iter:2800/8041, Original Acc@1: 84.29, Acc@5: 99.43, TTA Acc@1: 82.86, Acc@5: 99.29
2025-06-04 16:51:24,750 - log - INFO - iter:2820/8041, clip_acc1=84.32624053955078, tta_acc1=82.8723373413086
2025-06-04 16:51:24,750 - log - INFO - iter:2820/8041, Original Acc@1: 84.33, Acc@5: 99.43, TTA Acc@1: 82.87, Acc@5: 99.29
2025-06-04 16:52:09,902 - log - INFO - iter:2840/8041, clip_acc1=84.33098602294922, tta_acc1=82.88732147216797
2025-06-04 16:52:09,903 - log - INFO - iter:2840/8041, Original Acc@1: 84.33, Acc@5: 99.44, TTA Acc@1: 82.89, Acc@5: 99.30
2025-06-04 16:52:56,166 - log - INFO - iter:2860/8041, clip_acc1=84.37063598632812, tta_acc1=82.902099609375
2025-06-04 16:52:56,166 - log - INFO - iter:2860/8041, Original Acc@1: 84.37, Acc@5: 99.44, TTA Acc@1: 82.90, Acc@5: 99.30
2025-06-04 16:53:41,319 - log - INFO - iter:2880/8041, clip_acc1=84.30555725097656, tta_acc1=82.84722137451172
2025-06-04 16:53:41,319 - log - INFO - iter:2880/8041, Original Acc@1: 84.31, Acc@5: 99.44, TTA Acc@1: 82.85, Acc@5: 99.31
2025-06-04 16:54:26,517 - log - INFO - iter:2900/8041, clip_acc1=84.24137878417969, tta_acc1=82.79310607910156
2025-06-04 16:54:26,517 - log - INFO - iter:2900/8041, Original Acc@1: 84.24, Acc@5: 99.41, TTA Acc@1: 82.79, Acc@5: 99.28
2025-06-04 16:55:11,859 - log - INFO - iter:2920/8041, clip_acc1=84.28082275390625, tta_acc1=82.80821990966797
2025-06-04 16:55:11,859 - log - INFO - iter:2920/8041, Original Acc@1: 84.28, Acc@5: 99.42, TTA Acc@1: 82.81, Acc@5: 99.28
2025-06-04 16:55:58,305 - log - INFO - iter:2940/8041, clip_acc1=84.35374450683594, tta_acc1=82.85714721679688
2025-06-04 16:55:58,305 - log - INFO - iter:2940/8041, Original Acc@1: 84.35, Acc@5: 99.42, TTA Acc@1: 82.86, Acc@5: 99.29
2025-06-04 16:56:43,532 - log - INFO - iter:2960/8041, clip_acc1=84.35810852050781, tta_acc1=82.87162017822266
2025-06-04 16:56:43,532 - log - INFO - iter:2960/8041, Original Acc@1: 84.36, Acc@5: 99.39, TTA Acc@1: 82.87, Acc@5: 99.26
2025-06-04 16:57:29,845 - log - INFO - iter:2980/8041, clip_acc1=84.29530334472656, tta_acc1=82.78524017333984
2025-06-04 16:57:29,846 - log - INFO - iter:2980/8041, Original Acc@1: 84.30, Acc@5: 99.40, TTA Acc@1: 82.79, Acc@5: 99.26
2025-06-04 16:58:15,751 - log - INFO - iter:3000/8041, clip_acc1=84.29999542236328, tta_acc1=82.79999542236328
2025-06-04 16:58:15,751 - log - INFO - iter:3000/8041, Original Acc@1: 84.30, Acc@5: 99.40, TTA Acc@1: 82.80, Acc@5: 99.27
2025-06-04 16:59:01,158 - log - INFO - iter:3020/8041, clip_acc1=84.33775329589844, tta_acc1=82.88079833984375
2025-06-04 16:59:01,158 - log - INFO - iter:3020/8041, Original Acc@1: 84.34, Acc@5: 99.40, TTA Acc@1: 82.88, Acc@5: 99.27
2025-06-04 16:59:47,176 - log - INFO - iter:3040/8041, clip_acc1=84.30921173095703, tta_acc1=82.86184692382812
2025-06-04 16:59:47,177 - log - INFO - iter:3040/8041, Original Acc@1: 84.31, Acc@5: 99.41, TTA Acc@1: 82.86, Acc@5: 99.28
2025-06-04 17:00:32,653 - log - INFO - iter:3060/8041, clip_acc1=84.31372833251953, tta_acc1=82.87581634521484
2025-06-04 17:00:32,653 - log - INFO - iter:3060/8041, Original Acc@1: 84.31, Acc@5: 99.41, TTA Acc@1: 82.88, Acc@5: 99.28
2025-06-04 17:01:18,263 - log - INFO - iter:3080/8041, clip_acc1=84.25324249267578, tta_acc1=82.79220581054688
2025-06-04 17:01:18,264 - log - INFO - iter:3080/8041, Original Acc@1: 84.25, Acc@5: 99.42, TTA Acc@1: 82.79, Acc@5: 99.29
2025-06-04 17:02:04,108 - log - INFO - iter:3100/8041, clip_acc1=84.25806427001953, tta_acc1=82.77420043945312
2025-06-04 17:02:04,108 - log - INFO - iter:3100/8041, Original Acc@1: 84.26, Acc@5: 99.42, TTA Acc@1: 82.77, Acc@5: 99.29
2025-06-04 17:02:50,540 - log - INFO - iter:3120/8041, clip_acc1=84.26282501220703, tta_acc1=82.78846740722656
2025-06-04 17:02:50,540 - log - INFO - iter:3120/8041, Original Acc@1: 84.26, Acc@5: 99.39, TTA Acc@1: 82.79, Acc@5: 99.26
2025-06-04 17:03:34,972 - log - INFO - iter:3140/8041, clip_acc1=84.29936218261719, tta_acc1=82.83439636230469
2025-06-04 17:03:34,973 - log - INFO - iter:3140/8041, Original Acc@1: 84.30, Acc@5: 99.39, TTA Acc@1: 82.83, Acc@5: 99.27
2025-06-04 17:04:20,826 - log - INFO - iter:3160/8041, clip_acc1=84.30379486083984, tta_acc1=82.84809875488281
2025-06-04 17:04:20,826 - log - INFO - iter:3160/8041, Original Acc@1: 84.30, Acc@5: 99.37, TTA Acc@1: 82.85, Acc@5: 99.24
2025-06-04 17:05:06,195 - log - INFO - iter:3180/8041, clip_acc1=84.27672576904297, tta_acc1=82.79874420166016
2025-06-04 17:05:06,195 - log - INFO - iter:3180/8041, Original Acc@1: 84.28, Acc@5: 99.37, TTA Acc@1: 82.80, Acc@5: 99.25
2025-06-04 17:05:51,409 - log - INFO - iter:3200/8041, clip_acc1=84.34375, tta_acc1=82.84375
2025-06-04 17:05:51,410 - log - INFO - iter:3200/8041, Original Acc@1: 84.34, Acc@5: 99.38, TTA Acc@1: 82.84, Acc@5: 99.25
2025-06-04 17:06:41,610 - log - INFO - iter:3220/8041, clip_acc1=84.3788833618164, tta_acc1=82.91925048828125
2025-06-04 17:06:41,611 - log - INFO - iter:3220/8041, Original Acc@1: 84.38, Acc@5: 99.38, TTA Acc@1: 82.92, Acc@5: 99.25
2025-06-04 17:07:27,004 - log - INFO - iter:3240/8041, clip_acc1=84.41358184814453, tta_acc1=82.96296691894531
2025-06-04 17:07:27,004 - log - INFO - iter:3240/8041, Original Acc@1: 84.41, Acc@5: 99.38, TTA Acc@1: 82.96, Acc@5: 99.26
2025-06-04 17:08:13,013 - log - INFO - iter:3260/8041, clip_acc1=84.4478530883789, tta_acc1=82.97545623779297
2025-06-04 17:08:13,014 - log - INFO - iter:3260/8041, Original Acc@1: 84.45, Acc@5: 99.36, TTA Acc@1: 82.98, Acc@5: 99.23
2025-06-04 17:08:58,914 - log - INFO - iter:3280/8041, clip_acc1=84.48170471191406, tta_acc1=82.98780822753906
2025-06-04 17:08:58,914 - log - INFO - iter:3280/8041, Original Acc@1: 84.48, Acc@5: 99.33, TTA Acc@1: 82.99, Acc@5: 99.24
2025-06-04 17:09:45,202 - log - INFO - iter:3300/8041, clip_acc1=84.45454406738281, tta_acc1=83.03030395507812
2025-06-04 17:09:45,202 - log - INFO - iter:3300/8041, Original Acc@1: 84.45, Acc@5: 99.33, TTA Acc@1: 83.03, Acc@5: 99.24
2025-06-04 17:10:30,507 - log - INFO - iter:3320/8041, clip_acc1=84.3072280883789, tta_acc1=82.98192596435547
2025-06-04 17:10:30,507 - log - INFO - iter:3320/8041, Original Acc@1: 84.31, Acc@5: 99.34, TTA Acc@1: 82.98, Acc@5: 99.25
2025-06-04 17:11:15,690 - log - INFO - iter:3340/8041, clip_acc1=84.25149536132812, tta_acc1=82.90419006347656
2025-06-04 17:11:15,690 - log - INFO - iter:3340/8041, Original Acc@1: 84.25, Acc@5: 99.34, TTA Acc@1: 82.90, Acc@5: 99.25
2025-06-04 17:12:01,260 - log - INFO - iter:3360/8041, clip_acc1=84.2261962890625, tta_acc1=82.88690948486328
2025-06-04 17:12:01,260 - log - INFO - iter:3360/8041, Original Acc@1: 84.23, Acc@5: 99.32, TTA Acc@1: 82.89, Acc@5: 99.23
2025-06-04 17:12:46,490 - log - INFO - iter:3380/8041, clip_acc1=84.23076629638672, tta_acc1=82.81065368652344
2025-06-04 17:12:46,490 - log - INFO - iter:3380/8041, Original Acc@1: 84.23, Acc@5: 99.32, TTA Acc@1: 82.81, Acc@5: 99.23
2025-06-04 17:13:31,723 - log - INFO - iter:3400/8041, clip_acc1=84.17646789550781, tta_acc1=82.73529052734375
2025-06-04 17:13:31,723 - log - INFO - iter:3400/8041, Original Acc@1: 84.18, Acc@5: 99.32, TTA Acc@1: 82.74, Acc@5: 99.24
2025-06-04 17:14:17,171 - log - INFO - iter:3420/8041, clip_acc1=84.09356689453125, tta_acc1=82.69005584716797
2025-06-04 17:14:17,172 - log - INFO - iter:3420/8041, Original Acc@1: 84.09, Acc@5: 99.33, TTA Acc@1: 82.69, Acc@5: 99.24
2025-06-04 17:15:03,139 - log - INFO - iter:3440/8041, clip_acc1=84.09883880615234, tta_acc1=82.7034912109375
2025-06-04 17:15:03,140 - log - INFO - iter:3440/8041, Original Acc@1: 84.10, Acc@5: 99.33, TTA Acc@1: 82.70, Acc@5: 99.24
2025-06-04 17:15:48,886 - log - INFO - iter:3460/8041, clip_acc1=84.16184997558594, tta_acc1=82.71675872802734
2025-06-04 17:15:48,886 - log - INFO - iter:3460/8041, Original Acc@1: 84.16, Acc@5: 99.34, TTA Acc@1: 82.72, Acc@5: 99.25
2025-06-04 17:16:34,010 - log - INFO - iter:3480/8041, clip_acc1=84.19540405273438, tta_acc1=82.75862121582031
2025-06-04 17:16:34,010 - log - INFO - iter:3480/8041, Original Acc@1: 84.20, Acc@5: 99.34, TTA Acc@1: 82.76, Acc@5: 99.25
2025-06-04 17:17:19,407 - log - INFO - iter:3500/8041, clip_acc1=84.17142486572266, tta_acc1=82.71428680419922
2025-06-04 17:17:19,408 - log - INFO - iter:3500/8041, Original Acc@1: 84.17, Acc@5: 99.34, TTA Acc@1: 82.71, Acc@5: 99.26
2025-06-04 17:18:05,131 - log - INFO - iter:3520/8041, clip_acc1=84.20454406738281, tta_acc1=82.75567626953125
2025-06-04 17:18:05,131 - log - INFO - iter:3520/8041, Original Acc@1: 84.20, Acc@5: 99.35, TTA Acc@1: 82.76, Acc@5: 99.26
2025-06-04 17:18:51,135 - log - INFO - iter:3540/8041, clip_acc1=84.15254211425781, tta_acc1=82.6836166381836
2025-06-04 17:18:51,136 - log - INFO - iter:3540/8041, Original Acc@1: 84.15, Acc@5: 99.35, TTA Acc@1: 82.68, Acc@5: 99.27
2025-06-04 17:19:38,131 - log - INFO - iter:3560/8041, clip_acc1=84.10112762451172, tta_acc1=82.58427429199219
2025-06-04 17:19:38,132 - log - INFO - iter:3560/8041, Original Acc@1: 84.10, Acc@5: 99.35, TTA Acc@1: 82.58, Acc@5: 99.27
2025-06-04 17:20:23,445 - log - INFO - iter:3580/8041, clip_acc1=84.07820892333984, tta_acc1=82.59776306152344
2025-06-04 17:20:23,445 - log - INFO - iter:3580/8041, Original Acc@1: 84.08, Acc@5: 99.36, TTA Acc@1: 82.60, Acc@5: 99.27
2025-06-04 17:21:08,901 - log - INFO - iter:3600/8041, clip_acc1=84.0, tta_acc1=82.47222137451172
2025-06-04 17:21:08,901 - log - INFO - iter:3600/8041, Original Acc@1: 84.00, Acc@5: 99.36, TTA Acc@1: 82.47, Acc@5: 99.28
2025-06-04 17:21:54,237 - log - INFO - iter:3620/8041, clip_acc1=83.95027160644531, tta_acc1=82.40331268310547
2025-06-04 17:21:54,237 - log - INFO - iter:3620/8041, Original Acc@1: 83.95, Acc@5: 99.36, TTA Acc@1: 82.40, Acc@5: 99.28
2025-06-04 17:22:39,835 - log - INFO - iter:3640/8041, clip_acc1=83.92857360839844, tta_acc1=82.36264038085938
2025-06-04 17:22:39,835 - log - INFO - iter:3640/8041, Original Acc@1: 83.93, Acc@5: 99.37, TTA Acc@1: 82.36, Acc@5: 99.29
2025-06-04 17:23:24,958 - log - INFO - iter:3660/8041, clip_acc1=83.98907470703125, tta_acc1=82.3770523071289
2025-06-04 17:23:24,958 - log - INFO - iter:3660/8041, Original Acc@1: 83.99, Acc@5: 99.37, TTA Acc@1: 82.38, Acc@5: 99.26
2025-06-04 17:24:11,024 - log - INFO - iter:3680/8041, clip_acc1=83.9673843383789, tta_acc1=82.36412811279297
2025-06-04 17:24:11,024 - log - INFO - iter:3680/8041, Original Acc@1: 83.97, Acc@5: 99.37, TTA Acc@1: 82.36, Acc@5: 99.27
2025-06-04 17:24:56,279 - log - INFO - iter:3700/8041, clip_acc1=83.8648681640625, tta_acc1=82.29730224609375
2025-06-04 17:24:56,279 - log - INFO - iter:3700/8041, Original Acc@1: 83.86, Acc@5: 99.35, TTA Acc@1: 82.30, Acc@5: 99.24
2025-06-04 17:25:42,138 - log - INFO - iter:3720/8041, clip_acc1=83.92473602294922, tta_acc1=82.33871459960938
2025-06-04 17:25:42,138 - log - INFO - iter:3720/8041, Original Acc@1: 83.92, Acc@5: 99.35, TTA Acc@1: 82.34, Acc@5: 99.25
2025-06-04 17:26:27,559 - log - INFO - iter:3740/8041, clip_acc1=83.93048095703125, tta_acc1=82.37968444824219
2025-06-04 17:26:27,559 - log - INFO - iter:3740/8041, Original Acc@1: 83.93, Acc@5: 99.36, TTA Acc@1: 82.38, Acc@5: 99.25
2025-06-04 17:27:12,760 - log - INFO - iter:3760/8041, clip_acc1=83.93616485595703, tta_acc1=82.36701965332031
2025-06-04 17:27:12,760 - log - INFO - iter:3760/8041, Original Acc@1: 83.94, Acc@5: 99.36, TTA Acc@1: 82.37, Acc@5: 99.26
2025-06-04 17:27:59,045 - log - INFO - iter:3780/8041, clip_acc1=83.94180297851562, tta_acc1=82.40740966796875
2025-06-04 17:27:59,046 - log - INFO - iter:3780/8041, Original Acc@1: 83.94, Acc@5: 99.37, TTA Acc@1: 82.41, Acc@5: 99.26
2025-06-04 17:28:52,485 - log - INFO - iter:3800/8041, clip_acc1=83.89472961425781, tta_acc1=82.31578826904297
2025-06-04 17:28:52,486 - log - INFO - iter:3800/8041, Original Acc@1: 83.89, Acc@5: 99.37, TTA Acc@1: 82.32, Acc@5: 99.24
2025-06-04 17:29:37,778 - log - INFO - iter:3820/8041, clip_acc1=83.87434387207031, tta_acc1=82.2774887084961
2025-06-04 17:29:37,778 - log - INFO - iter:3820/8041, Original Acc@1: 83.87, Acc@5: 99.37, TTA Acc@1: 82.28, Acc@5: 99.24
2025-06-04 17:30:22,980 - log - INFO - iter:3840/8041, clip_acc1=83.90625762939453, tta_acc1=82.29167175292969
2025-06-04 17:30:22,980 - log - INFO - iter:3840/8041, Original Acc@1: 83.91, Acc@5: 99.38, TTA Acc@1: 82.29, Acc@5: 99.24
2025-06-04 17:31:07,581 - log - INFO - iter:3860/8041, clip_acc1=83.91191864013672, tta_acc1=82.30570220947266
2025-06-04 17:31:07,581 - log - INFO - iter:3860/8041, Original Acc@1: 83.91, Acc@5: 99.38, TTA Acc@1: 82.31, Acc@5: 99.25
2025-06-04 17:31:53,010 - log - INFO - iter:3880/8041, clip_acc1=83.89175415039062, tta_acc1=82.29381561279297
2025-06-04 17:31:53,010 - log - INFO - iter:3880/8041, Original Acc@1: 83.89, Acc@5: 99.38, TTA Acc@1: 82.29, Acc@5: 99.25
2025-06-04 17:32:38,042 - log - INFO - iter:3900/8041, clip_acc1=83.9230728149414, tta_acc1=82.30768585205078
2025-06-04 17:32:38,042 - log - INFO - iter:3900/8041, Original Acc@1: 83.92, Acc@5: 99.38, TTA Acc@1: 82.31, Acc@5: 99.26
2025-06-04 17:33:23,188 - log - INFO - iter:3920/8041, clip_acc1=83.90306091308594, tta_acc1=82.27040100097656
2025-06-04 17:33:23,188 - log - INFO - iter:3920/8041, Original Acc@1: 83.90, Acc@5: 99.36, TTA Acc@1: 82.27, Acc@5: 99.21
2025-06-04 17:34:09,428 - log - INFO - iter:3940/8041, clip_acc1=83.88324737548828, tta_acc1=82.23350524902344
2025-06-04 17:34:09,428 - log - INFO - iter:3940/8041, Original Acc@1: 83.88, Acc@5: 99.37, TTA Acc@1: 82.23, Acc@5: 99.21
2025-06-04 17:34:54,652 - log - INFO - iter:3960/8041, clip_acc1=83.8888931274414, tta_acc1=82.22222900390625
2025-06-04 17:34:54,652 - log - INFO - iter:3960/8041, Original Acc@1: 83.89, Acc@5: 99.37, TTA Acc@1: 82.22, Acc@5: 99.22
2025-06-04 17:35:39,903 - log - INFO - iter:3980/8041, clip_acc1=83.84422302246094, tta_acc1=82.16080474853516
2025-06-04 17:35:39,903 - log - INFO - iter:3980/8041, Original Acc@1: 83.84, Acc@5: 99.37, TTA Acc@1: 82.16, Acc@5: 99.22
2025-06-04 17:36:28,493 - log - INFO - iter:4000/8041, clip_acc1=83.85000610351562, tta_acc1=82.20000457763672
2025-06-04 17:36:28,493 - log - INFO - iter:4000/8041, Original Acc@1: 83.85, Acc@5: 99.38, TTA Acc@1: 82.20, Acc@5: 99.23
2025-06-04 17:37:13,942 - log - INFO - iter:4020/8041, clip_acc1=83.83084869384766, tta_acc1=82.18905639648438
2025-06-04 17:37:13,942 - log - INFO - iter:4020/8041, Original Acc@1: 83.83, Acc@5: 99.38, TTA Acc@1: 82.19, Acc@5: 99.23
2025-06-04 17:37:59,148 - log - INFO - iter:4040/8041, clip_acc1=83.81188201904297, tta_acc1=82.1534652709961
2025-06-04 17:37:59,148 - log - INFO - iter:4040/8041, Original Acc@1: 83.81, Acc@5: 99.36, TTA Acc@1: 82.15, Acc@5: 99.21
2025-06-04 17:38:44,525 - log - INFO - iter:4060/8041, clip_acc1=83.79310607910156, tta_acc1=82.14286041259766
2025-06-04 17:38:44,525 - log - INFO - iter:4060/8041, Original Acc@1: 83.79, Acc@5: 99.36, TTA Acc@1: 82.14, Acc@5: 99.21
2025-06-04 17:39:30,341 - log - INFO - iter:4080/8041, clip_acc1=83.82353210449219, tta_acc1=82.20588684082031
2025-06-04 17:39:30,342 - log - INFO - iter:4080/8041, Original Acc@1: 83.82, Acc@5: 99.36, TTA Acc@1: 82.21, Acc@5: 99.22
2025-06-04 17:40:15,621 - log - INFO - iter:4100/8041, clip_acc1=83.8536605834961, tta_acc1=82.24390411376953
2025-06-04 17:40:15,622 - log - INFO - iter:4100/8041, Original Acc@1: 83.85, Acc@5: 99.37, TTA Acc@1: 82.24, Acc@5: 99.22
2025-06-04 17:41:01,253 - log - INFO - iter:4120/8041, clip_acc1=83.93203735351562, tta_acc1=82.3301010131836
2025-06-04 17:41:01,253 - log - INFO - iter:4120/8041, Original Acc@1: 83.93, Acc@5: 99.37, TTA Acc@1: 82.33, Acc@5: 99.22
2025-06-04 17:41:46,688 - log - INFO - iter:4140/8041, clip_acc1=83.91304016113281, tta_acc1=82.31884002685547
2025-06-04 17:41:46,688 - log - INFO - iter:4140/8041, Original Acc@1: 83.91, Acc@5: 99.37, TTA Acc@1: 82.32, Acc@5: 99.23
2025-06-04 17:42:31,800 - log - INFO - iter:4160/8041, clip_acc1=83.94230651855469, tta_acc1=82.37980651855469
2025-06-04 17:42:31,800 - log - INFO - iter:4160/8041, Original Acc@1: 83.94, Acc@5: 99.38, TTA Acc@1: 82.38, Acc@5: 99.23
2025-06-04 17:43:17,610 - log - INFO - iter:4180/8041, clip_acc1=83.9473648071289, tta_acc1=82.39234161376953
2025-06-04 17:43:17,610 - log - INFO - iter:4180/8041, Original Acc@1: 83.95, Acc@5: 99.38, TTA Acc@1: 82.39, Acc@5: 99.23
2025-06-04 17:44:04,085 - log - INFO - iter:4200/8041, clip_acc1=84.02381134033203, tta_acc1=82.45237731933594
2025-06-04 17:44:04,085 - log - INFO - iter:4200/8041, Original Acc@1: 84.02, Acc@5: 99.38, TTA Acc@1: 82.45, Acc@5: 99.24
2025-06-04 17:44:49,299 - log - INFO - iter:4220/8041, clip_acc1=84.02843475341797, tta_acc1=82.4644546508789
2025-06-04 17:44:49,300 - log - INFO - iter:4220/8041, Original Acc@1: 84.03, Acc@5: 99.38, TTA Acc@1: 82.46, Acc@5: 99.24
2025-06-04 17:45:36,800 - log - INFO - iter:4240/8041, clip_acc1=83.96226501464844, tta_acc1=82.4056625366211
2025-06-04 17:45:36,800 - log - INFO - iter:4240/8041, Original Acc@1: 83.96, Acc@5: 99.39, TTA Acc@1: 82.41, Acc@5: 99.25
2025-06-04 17:46:22,049 - log - INFO - iter:4260/8041, clip_acc1=84.01408386230469, tta_acc1=82.48826599121094
2025-06-04 17:46:22,049 - log - INFO - iter:4260/8041, Original Acc@1: 84.01, Acc@5: 99.39, TTA Acc@1: 82.49, Acc@5: 99.25
2025-06-04 17:47:07,543 - log - INFO - iter:4280/8041, clip_acc1=84.04206085205078, tta_acc1=82.52336883544922
2025-06-04 17:47:07,543 - log - INFO - iter:4280/8041, Original Acc@1: 84.04, Acc@5: 99.39, TTA Acc@1: 82.52, Acc@5: 99.25
2025-06-04 17:47:52,965 - log - INFO - iter:4300/8041, clip_acc1=84.02325439453125, tta_acc1=82.48837280273438
2025-06-04 17:47:52,965 - log - INFO - iter:4300/8041, Original Acc@1: 84.02, Acc@5: 99.40, TTA Acc@1: 82.49, Acc@5: 99.26
2025-06-04 17:48:38,580 - log - INFO - iter:4320/8041, clip_acc1=83.9351806640625, tta_acc1=82.43055725097656
2025-06-04 17:48:38,580 - log - INFO - iter:4320/8041, Original Acc@1: 83.94, Acc@5: 99.40, TTA Acc@1: 82.43, Acc@5: 99.26
2025-06-04 17:49:23,792 - log - INFO - iter:4340/8041, clip_acc1=83.98617553710938, tta_acc1=82.48847961425781
2025-06-04 17:49:23,792 - log - INFO - iter:4340/8041, Original Acc@1: 83.99, Acc@5: 99.40, TTA Acc@1: 82.49, Acc@5: 99.26
2025-06-04 17:50:09,120 - log - INFO - iter:4360/8041, clip_acc1=84.03669738769531, tta_acc1=82.52293395996094
2025-06-04 17:50:09,120 - log - INFO - iter:4360/8041, Original Acc@1: 84.04, Acc@5: 99.40, TTA Acc@1: 82.52, Acc@5: 99.27
2025-06-04 17:50:54,288 - log - INFO - iter:4380/8041, clip_acc1=84.04109191894531, tta_acc1=82.55707550048828
2025-06-04 17:50:54,288 - log - INFO - iter:4380/8041, Original Acc@1: 84.04, Acc@5: 99.41, TTA Acc@1: 82.56, Acc@5: 99.27
2025-06-04 17:51:39,576 - log - INFO - iter:4400/8041, clip_acc1=84.0227279663086, tta_acc1=82.5
2025-06-04 17:51:39,576 - log - INFO - iter:4400/8041, Original Acc@1: 84.02, Acc@5: 99.41, TTA Acc@1: 82.50, Acc@5: 99.27
2025-06-04 17:52:24,933 - log - INFO - iter:4420/8041, clip_acc1=83.93665313720703, tta_acc1=82.42081451416016
2025-06-04 17:52:24,933 - log - INFO - iter:4420/8041, Original Acc@1: 83.94, Acc@5: 99.41, TTA Acc@1: 82.42, Acc@5: 99.28
2025-06-04 17:53:10,174 - log - INFO - iter:4440/8041, clip_acc1=83.9639663696289, tta_acc1=82.43243408203125
2025-06-04 17:53:10,174 - log - INFO - iter:4440/8041, Original Acc@1: 83.96, Acc@5: 99.41, TTA Acc@1: 82.43, Acc@5: 99.28
2025-06-04 17:53:55,517 - log - INFO - iter:4460/8041, clip_acc1=84.0134506225586, tta_acc1=82.48878479003906
2025-06-04 17:53:55,517 - log - INFO - iter:4460/8041, Original Acc@1: 84.01, Acc@5: 99.42, TTA Acc@1: 82.49, Acc@5: 99.28
2025-06-04 17:54:40,716 - log - INFO - iter:4480/8041, clip_acc1=83.99553680419922, tta_acc1=82.47767639160156
2025-06-04 17:54:40,716 - log - INFO - iter:4480/8041, Original Acc@1: 84.00, Acc@5: 99.40, TTA Acc@1: 82.48, Acc@5: 99.26
2025-06-04 17:55:26,193 - log - INFO - iter:4500/8041, clip_acc1=84.0, tta_acc1=82.53333282470703
2025-06-04 17:55:26,193 - log - INFO - iter:4500/8041, Original Acc@1: 84.00, Acc@5: 99.40, TTA Acc@1: 82.53, Acc@5: 99.27
2025-06-04 17:56:11,303 - log - INFO - iter:4520/8041, clip_acc1=84.00442504882812, tta_acc1=82.47787475585938
2025-06-04 17:56:11,304 - log - INFO - iter:4520/8041, Original Acc@1: 84.00, Acc@5: 99.40, TTA Acc@1: 82.48, Acc@5: 99.27
2025-06-04 17:56:56,921 - log - INFO - iter:4540/8041, clip_acc1=84.0088119506836, tta_acc1=82.4889907836914
2025-06-04 17:56:56,921 - log - INFO - iter:4540/8041, Original Acc@1: 84.01, Acc@5: 99.41, TTA Acc@1: 82.49, Acc@5: 99.27
2025-06-04 17:57:41,899 - log - INFO - iter:4560/8041, clip_acc1=84.03508758544922, tta_acc1=82.5
2025-06-04 17:57:41,899 - log - INFO - iter:4560/8041, Original Acc@1: 84.04, Acc@5: 99.41, TTA Acc@1: 82.50, Acc@5: 99.28
2025-06-04 17:58:27,184 - log - INFO - iter:4580/8041, clip_acc1=84.039306640625, tta_acc1=82.51091766357422
2025-06-04 17:58:27,185 - log - INFO - iter:4580/8041, Original Acc@1: 84.04, Acc@5: 99.41, TTA Acc@1: 82.51, Acc@5: 99.28
2025-06-04 17:59:12,845 - log - INFO - iter:4600/8041, clip_acc1=84.06521606445312, tta_acc1=82.5434799194336
2025-06-04 17:59:12,845 - log - INFO - iter:4600/8041, Original Acc@1: 84.07, Acc@5: 99.41, TTA Acc@1: 82.54, Acc@5: 99.28
2025-06-04 17:59:58,143 - log - INFO - iter:4620/8041, clip_acc1=84.09091186523438, tta_acc1=82.57575988769531
2025-06-04 17:59:58,143 - log - INFO - iter:4620/8041, Original Acc@1: 84.09, Acc@5: 99.42, TTA Acc@1: 82.58, Acc@5: 99.29
2025-06-04 18:00:43,517 - log - INFO - iter:4640/8041, clip_acc1=84.07327270507812, tta_acc1=82.56465148925781
2025-06-04 18:00:43,518 - log - INFO - iter:4640/8041, Original Acc@1: 84.07, Acc@5: 99.42, TTA Acc@1: 82.56, Acc@5: 99.27
2025-06-04 18:01:29,667 - log - INFO - iter:4660/8041, clip_acc1=84.07725524902344, tta_acc1=82.55364990234375
2025-06-04 18:01:29,667 - log - INFO - iter:4660/8041, Original Acc@1: 84.08, Acc@5: 99.42, TTA Acc@1: 82.55, Acc@5: 99.27
2025-06-04 18:02:16,474 - log - INFO - iter:4680/8041, clip_acc1=84.1025619506836, tta_acc1=82.5854721069336
2025-06-04 18:02:16,475 - log - INFO - iter:4680/8041, Original Acc@1: 84.10, Acc@5: 99.42, TTA Acc@1: 82.59, Acc@5: 99.27
2025-06-04 18:03:02,238 - log - INFO - iter:4700/8041, clip_acc1=84.0851058959961, tta_acc1=82.574462890625
2025-06-04 18:03:02,238 - log - INFO - iter:4700/8041, Original Acc@1: 84.09, Acc@5: 99.43, TTA Acc@1: 82.57, Acc@5: 99.26
2025-06-04 18:03:47,384 - log - INFO - iter:4720/8041, clip_acc1=84.11016845703125, tta_acc1=82.6059341430664
2025-06-04 18:03:47,384 - log - INFO - iter:4720/8041, Original Acc@1: 84.11, Acc@5: 99.43, TTA Acc@1: 82.61, Acc@5: 99.26
2025-06-04 18:04:32,736 - log - INFO - iter:4740/8041, clip_acc1=84.07173156738281, tta_acc1=82.57383728027344
2025-06-04 18:04:32,737 - log - INFO - iter:4740/8041, Original Acc@1: 84.07, Acc@5: 99.43, TTA Acc@1: 82.57, Acc@5: 99.26
2025-06-04 18:05:18,160 - log - INFO - iter:4760/8041, clip_acc1=84.05462646484375, tta_acc1=82.60504150390625
2025-06-04 18:05:18,160 - log - INFO - iter:4760/8041, Original Acc@1: 84.05, Acc@5: 99.43, TTA Acc@1: 82.61, Acc@5: 99.26
2025-06-04 18:06:06,131 - log - INFO - iter:4780/8041, clip_acc1=84.121337890625, tta_acc1=82.67782592773438
2025-06-04 18:06:06,131 - log - INFO - iter:4780/8041, Original Acc@1: 84.12, Acc@5: 99.44, TTA Acc@1: 82.68, Acc@5: 99.27
2025-06-04 18:06:52,609 - log - INFO - iter:4800/8041, clip_acc1=84.08333587646484, tta_acc1=82.66667175292969
2025-06-04 18:06:52,609 - log - INFO - iter:4800/8041, Original Acc@1: 84.08, Acc@5: 99.44, TTA Acc@1: 82.67, Acc@5: 99.27
2025-06-04 18:07:38,339 - log - INFO - iter:4820/8041, clip_acc1=84.14937591552734, tta_acc1=82.71784210205078
2025-06-04 18:07:38,340 - log - INFO - iter:4820/8041, Original Acc@1: 84.15, Acc@5: 99.44, TTA Acc@1: 82.72, Acc@5: 99.27
2025-06-04 18:08:23,697 - log - INFO - iter:4840/8041, clip_acc1=84.13223266601562, tta_acc1=82.7272720336914
2025-06-04 18:08:23,697 - log - INFO - iter:4840/8041, Original Acc@1: 84.13, Acc@5: 99.44, TTA Acc@1: 82.73, Acc@5: 99.28
2025-06-04 18:09:09,096 - log - INFO - iter:4860/8041, clip_acc1=84.15637969970703, tta_acc1=82.7572021484375
2025-06-04 18:09:09,097 - log - INFO - iter:4860/8041, Original Acc@1: 84.16, Acc@5: 99.44, TTA Acc@1: 82.76, Acc@5: 99.28
2025-06-04 18:09:55,126 - log - INFO - iter:4880/8041, clip_acc1=84.11885070800781, tta_acc1=82.74590301513672
2025-06-04 18:09:55,126 - log - INFO - iter:4880/8041, Original Acc@1: 84.12, Acc@5: 99.45, TTA Acc@1: 82.75, Acc@5: 99.28
2025-06-04 18:10:40,541 - log - INFO - iter:4900/8041, clip_acc1=84.10204315185547, tta_acc1=82.73469543457031
2025-06-04 18:10:40,541 - log - INFO - iter:4900/8041, Original Acc@1: 84.10, Acc@5: 99.45, TTA Acc@1: 82.73, Acc@5: 99.29
2025-06-04 18:11:26,387 - log - INFO - iter:4920/8041, clip_acc1=84.12601470947266, tta_acc1=82.76422882080078
2025-06-04 18:11:26,387 - log - INFO - iter:4920/8041, Original Acc@1: 84.13, Acc@5: 99.45, TTA Acc@1: 82.76, Acc@5: 99.29
2025-06-04 18:12:11,595 - log - INFO - iter:4940/8041, clip_acc1=84.14979553222656, tta_acc1=82.73279571533203
2025-06-04 18:12:11,596 - log - INFO - iter:4940/8041, Original Acc@1: 84.15, Acc@5: 99.45, TTA Acc@1: 82.73, Acc@5: 99.29
2025-06-04 18:12:57,508 - log - INFO - iter:4960/8041, clip_acc1=84.11289978027344, tta_acc1=82.74193572998047
2025-06-04 18:12:57,508 - log - INFO - iter:4960/8041, Original Acc@1: 84.11, Acc@5: 99.46, TTA Acc@1: 82.74, Acc@5: 99.29
2025-06-04 18:13:42,772 - log - INFO - iter:4980/8041, clip_acc1=84.07630920410156, tta_acc1=82.71084594726562
2025-06-04 18:13:42,773 - log - INFO - iter:4980/8041, Original Acc@1: 84.08, Acc@5: 99.46, TTA Acc@1: 82.71, Acc@5: 99.30
2025-06-04 18:14:27,932 - log - INFO - iter:5000/8041, clip_acc1=84.0999984741211, tta_acc1=82.72000122070312
2025-06-04 18:14:27,932 - log - INFO - iter:5000/8041, Original Acc@1: 84.10, Acc@5: 99.46, TTA Acc@1: 82.72, Acc@5: 99.30
2025-06-04 18:15:13,918 - log - INFO - iter:5020/8041, clip_acc1=84.12350463867188, tta_acc1=82.72908782958984
2025-06-04 18:15:13,918 - log - INFO - iter:5020/8041, Original Acc@1: 84.12, Acc@5: 99.46, TTA Acc@1: 82.73, Acc@5: 99.30
2025-06-04 18:15:59,847 - log - INFO - iter:5040/8041, clip_acc1=84.0873031616211, tta_acc1=82.69841003417969
2025-06-04 18:15:59,848 - log - INFO - iter:5040/8041, Original Acc@1: 84.09, Acc@5: 99.46, TTA Acc@1: 82.70, Acc@5: 99.31
2025-06-04 18:16:45,102 - log - INFO - iter:5060/8041, clip_acc1=84.09090423583984, tta_acc1=82.66798400878906
2025-06-04 18:16:45,102 - log - INFO - iter:5060/8041, Original Acc@1: 84.09, Acc@5: 99.47, TTA Acc@1: 82.67, Acc@5: 99.31
2025-06-04 18:17:30,371 - log - INFO - iter:5080/8041, clip_acc1=84.09449005126953, tta_acc1=82.69685363769531
2025-06-04 18:17:30,371 - log - INFO - iter:5080/8041, Original Acc@1: 84.09, Acc@5: 99.47, TTA Acc@1: 82.70, Acc@5: 99.31
2025-06-04 18:18:16,125 - log - INFO - iter:5100/8041, clip_acc1=84.07843017578125, tta_acc1=82.7254867553711
2025-06-04 18:18:16,126 - log - INFO - iter:5100/8041, Original Acc@1: 84.08, Acc@5: 99.45, TTA Acc@1: 82.73, Acc@5: 99.29
2025-06-04 18:19:02,371 - log - INFO - iter:5120/8041, clip_acc1=84.1015625, tta_acc1=82.75390625
2025-06-04 18:19:02,372 - log - INFO - iter:5120/8041, Original Acc@1: 84.10, Acc@5: 99.45, TTA Acc@1: 82.75, Acc@5: 99.30
2025-06-04 18:19:47,792 - log - INFO - iter:5140/8041, clip_acc1=84.12451171875, tta_acc1=82.80155944824219
2025-06-04 18:19:47,792 - log - INFO - iter:5140/8041, Original Acc@1: 84.12, Acc@5: 99.46, TTA Acc@1: 82.80, Acc@5: 99.30
2025-06-04 18:20:34,115 - log - INFO - iter:5160/8041, clip_acc1=84.1279067993164, tta_acc1=82.81007385253906
2025-06-04 18:20:34,116 - log - INFO - iter:5160/8041, Original Acc@1: 84.13, Acc@5: 99.46, TTA Acc@1: 82.81, Acc@5: 99.30
2025-06-04 18:21:19,357 - log - INFO - iter:5180/8041, clip_acc1=84.16988372802734, tta_acc1=82.81853485107422
2025-06-04 18:21:19,357 - log - INFO - iter:5180/8041, Original Acc@1: 84.17, Acc@5: 99.44, TTA Acc@1: 82.82, Acc@5: 99.29
2025-06-04 18:22:05,004 - log - INFO - iter:5200/8041, clip_acc1=84.17308044433594, tta_acc1=82.80769348144531
2025-06-04 18:22:05,005 - log - INFO - iter:5200/8041, Original Acc@1: 84.17, Acc@5: 99.44, TTA Acc@1: 82.81, Acc@5: 99.29
2025-06-04 18:22:50,171 - log - INFO - iter:5220/8041, clip_acc1=84.1762466430664, tta_acc1=82.77777862548828
2025-06-04 18:22:50,172 - log - INFO - iter:5220/8041, Original Acc@1: 84.18, Acc@5: 99.44, TTA Acc@1: 82.78, Acc@5: 99.29
2025-06-04 18:23:35,594 - log - INFO - iter:5240/8041, clip_acc1=84.16030883789062, tta_acc1=82.74809265136719
2025-06-04 18:23:35,594 - log - INFO - iter:5240/8041, Original Acc@1: 84.16, Acc@5: 99.45, TTA Acc@1: 82.75, Acc@5: 99.29
2025-06-04 18:24:20,994 - log - INFO - iter:5260/8041, clip_acc1=84.16349792480469, tta_acc1=82.77566528320312
2025-06-04 18:24:20,994 - log - INFO - iter:5260/8041, Original Acc@1: 84.16, Acc@5: 99.45, TTA Acc@1: 82.78, Acc@5: 99.30
2025-06-04 18:25:06,774 - log - INFO - iter:5280/8041, clip_acc1=84.10984802246094, tta_acc1=82.7272720336914
2025-06-04 18:25:06,775 - log - INFO - iter:5280/8041, Original Acc@1: 84.11, Acc@5: 99.45, TTA Acc@1: 82.73, Acc@5: 99.30
2025-06-04 18:25:52,122 - log - INFO - iter:5300/8041, clip_acc1=84.05660247802734, tta_acc1=82.67924499511719
2025-06-04 18:25:52,122 - log - INFO - iter:5300/8041, Original Acc@1: 84.06, Acc@5: 99.45, TTA Acc@1: 82.68, Acc@5: 99.30
2025-06-04 18:26:38,041 - log - INFO - iter:5320/8041, clip_acc1=84.07894897460938, tta_acc1=82.7067642211914
2025-06-04 18:26:38,042 - log - INFO - iter:5320/8041, Original Acc@1: 84.08, Acc@5: 99.45, TTA Acc@1: 82.71, Acc@5: 99.30
2025-06-04 18:27:25,531 - log - INFO - iter:5340/8041, clip_acc1=84.1198501586914, tta_acc1=82.7528076171875
2025-06-04 18:27:25,532 - log - INFO - iter:5340/8041, Original Acc@1: 84.12, Acc@5: 99.46, TTA Acc@1: 82.75, Acc@5: 99.31
2025-06-04 18:28:10,437 - log - INFO - iter:5360/8041, clip_acc1=84.08582305908203, tta_acc1=82.77985382080078
2025-06-04 18:28:10,437 - log - INFO - iter:5360/8041, Original Acc@1: 84.09, Acc@5: 99.46, TTA Acc@1: 82.78, Acc@5: 99.31
2025-06-04 18:28:56,993 - log - INFO - iter:5380/8041, clip_acc1=84.10780334472656, tta_acc1=82.80669403076172
2025-06-04 18:28:56,993 - log - INFO - iter:5380/8041, Original Acc@1: 84.11, Acc@5: 99.46, TTA Acc@1: 82.81, Acc@5: 99.31
2025-06-04 18:29:43,338 - log - INFO - iter:5400/8041, clip_acc1=84.11111450195312, tta_acc1=82.83333587646484
2025-06-04 18:29:43,338 - log - INFO - iter:5400/8041, Original Acc@1: 84.11, Acc@5: 99.46, TTA Acc@1: 82.83, Acc@5: 99.31
2025-06-04 18:30:28,988 - log - INFO - iter:5420/8041, clip_acc1=84.11438751220703, tta_acc1=82.84132385253906
2025-06-04 18:30:28,988 - log - INFO - iter:5420/8041, Original Acc@1: 84.11, Acc@5: 99.46, TTA Acc@1: 82.84, Acc@5: 99.30
2025-06-04 18:31:14,988 - log - INFO - iter:5440/8041, clip_acc1=84.11764526367188, tta_acc1=82.86764526367188
2025-06-04 18:31:14,989 - log - INFO - iter:5440/8041, Original Acc@1: 84.12, Acc@5: 99.47, TTA Acc@1: 82.87, Acc@5: 99.30
2025-06-04 18:32:00,530 - log - INFO - iter:5460/8041, clip_acc1=84.13919830322266, tta_acc1=82.85714721679688
2025-06-04 18:32:00,530 - log - INFO - iter:5460/8041, Original Acc@1: 84.14, Acc@5: 99.47, TTA Acc@1: 82.86, Acc@5: 99.30
2025-06-04 18:32:45,603 - log - INFO - iter:5480/8041, clip_acc1=84.1058349609375, tta_acc1=82.82846069335938
2025-06-04 18:32:45,603 - log - INFO - iter:5480/8041, Original Acc@1: 84.11, Acc@5: 99.47, TTA Acc@1: 82.83, Acc@5: 99.31
2025-06-04 18:33:30,837 - log - INFO - iter:5500/8041, clip_acc1=84.09090423583984, tta_acc1=82.81817626953125
2025-06-04 18:33:30,838 - log - INFO - iter:5500/8041, Original Acc@1: 84.09, Acc@5: 99.47, TTA Acc@1: 82.82, Acc@5: 99.31
2025-06-04 18:34:16,030 - log - INFO - iter:5520/8041, clip_acc1=84.03985595703125, tta_acc1=82.78985595703125
2025-06-04 18:34:16,031 - log - INFO - iter:5520/8041, Original Acc@1: 84.04, Acc@5: 99.47, TTA Acc@1: 82.79, Acc@5: 99.31
2025-06-04 18:35:01,782 - log - INFO - iter:5540/8041, clip_acc1=84.09747314453125, tta_acc1=82.85198974609375
2025-06-04 18:35:01,783 - log - INFO - iter:5540/8041, Original Acc@1: 84.10, Acc@5: 99.48, TTA Acc@1: 82.85, Acc@5: 99.31
2025-06-04 18:35:47,784 - log - INFO - iter:5560/8041, clip_acc1=84.08273315429688, tta_acc1=82.85971069335938
2025-06-04 18:35:47,784 - log - INFO - iter:5560/8041, Original Acc@1: 84.08, Acc@5: 99.48, TTA Acc@1: 82.86, Acc@5: 99.32
2025-06-04 18:36:33,176 - log - INFO - iter:5580/8041, clip_acc1=84.06809997558594, tta_acc1=82.88529968261719
2025-06-04 18:36:33,176 - log - INFO - iter:5580/8041, Original Acc@1: 84.07, Acc@5: 99.48, TTA Acc@1: 82.89, Acc@5: 99.32
2025-06-04 18:37:18,312 - log - INFO - iter:5600/8041, clip_acc1=84.07142639160156, tta_acc1=82.91071319580078
2025-06-04 18:37:18,312 - log - INFO - iter:5600/8041, Original Acc@1: 84.07, Acc@5: 99.48, TTA Acc@1: 82.91, Acc@5: 99.32
2025-06-04 18:38:18,893 - log - INFO - iter:5620/8041, clip_acc1=84.092529296875, tta_acc1=82.91815185546875
2025-06-04 18:38:18,893 - log - INFO - iter:5620/8041, Original Acc@1: 84.09, Acc@5: 99.48, TTA Acc@1: 82.92, Acc@5: 99.32
2025-06-04 18:39:04,676 - log - INFO - iter:5640/8041, clip_acc1=84.07801055908203, tta_acc1=82.92552947998047
2025-06-04 18:39:04,676 - log - INFO - iter:5640/8041, Original Acc@1: 84.08, Acc@5: 99.49, TTA Acc@1: 82.93, Acc@5: 99.33
2025-06-04 18:39:50,011 - log - INFO - iter:5660/8041, clip_acc1=84.0635986328125, tta_acc1=82.91519165039062
2025-06-04 18:39:50,011 - log - INFO - iter:5660/8041, Original Acc@1: 84.06, Acc@5: 99.49, TTA Acc@1: 82.92, Acc@5: 99.33
2025-06-04 18:40:36,113 - log - INFO - iter:5680/8041, clip_acc1=84.08450317382812, tta_acc1=82.92253112792969
2025-06-04 18:40:36,113 - log - INFO - iter:5680/8041, Original Acc@1: 84.08, Acc@5: 99.49, TTA Acc@1: 82.92, Acc@5: 99.33
2025-06-04 18:41:47,900 - log - INFO - iter:5700/8041, clip_acc1=84.12281036376953, tta_acc1=82.96491241455078
2025-06-04 18:41:47,900 - log - INFO - iter:5700/8041, Original Acc@1: 84.12, Acc@5: 99.49, TTA Acc@1: 82.96, Acc@5: 99.33
2025-06-04 18:42:33,095 - log - INFO - iter:5720/8041, clip_acc1=84.14335632324219, tta_acc1=82.97203063964844
2025-06-04 18:42:33,096 - log - INFO - iter:5720/8041, Original Acc@1: 84.14, Acc@5: 99.49, TTA Acc@1: 82.97, Acc@5: 99.34
2025-06-04 18:43:19,349 - log - INFO - iter:5740/8041, clip_acc1=84.1463394165039, tta_acc1=82.97909545898438
2025-06-04 18:43:19,349 - log - INFO - iter:5740/8041, Original Acc@1: 84.15, Acc@5: 99.49, TTA Acc@1: 82.98, Acc@5: 99.34
2025-06-04 18:44:04,559 - log - INFO - iter:5760/8041, clip_acc1=84.13194274902344, tta_acc1=82.96875
2025-06-04 18:44:04,559 - log - INFO - iter:5760/8041, Original Acc@1: 84.13, Acc@5: 99.50, TTA Acc@1: 82.97, Acc@5: 99.34
2025-06-04 18:44:49,791 - log - INFO - iter:5780/8041, clip_acc1=84.15225219726562, tta_acc1=82.99308013916016
2025-06-04 18:44:49,791 - log - INFO - iter:5780/8041, Original Acc@1: 84.15, Acc@5: 99.50, TTA Acc@1: 82.99, Acc@5: 99.34
2025-06-04 18:45:35,343 - log - INFO - iter:5800/8041, clip_acc1=84.12068939208984, tta_acc1=82.96552276611328
2025-06-04 18:45:35,343 - log - INFO - iter:5800/8041, Original Acc@1: 84.12, Acc@5: 99.50, TTA Acc@1: 82.97, Acc@5: 99.34
2025-06-04 18:46:21,811 - log - INFO - iter:5820/8041, clip_acc1=84.1408920288086, tta_acc1=82.98969268798828
2025-06-04 18:46:21,812 - log - INFO - iter:5820/8041, Original Acc@1: 84.14, Acc@5: 99.48, TTA Acc@1: 82.99, Acc@5: 99.33
2025-06-04 18:47:07,302 - log - INFO - iter:5840/8041, clip_acc1=84.16095733642578, tta_acc1=83.01370239257812
2025-06-04 18:47:07,302 - log - INFO - iter:5840/8041, Original Acc@1: 84.16, Acc@5: 99.49, TTA Acc@1: 83.01, Acc@5: 99.33
2025-06-04 18:47:54,240 - log - INFO - iter:5860/8041, clip_acc1=84.12969207763672, tta_acc1=82.98634338378906
2025-06-04 18:47:54,240 - log - INFO - iter:5860/8041, Original Acc@1: 84.13, Acc@5: 99.49, TTA Acc@1: 82.99, Acc@5: 99.33
2025-06-04 18:48:39,602 - log - INFO - iter:5880/8041, clip_acc1=84.16666412353516, tta_acc1=83.02721405029297
2025-06-04 18:48:39,603 - log - INFO - iter:5880/8041, Original Acc@1: 84.17, Acc@5: 99.49, TTA Acc@1: 83.03, Acc@5: 99.34
2025-06-04 18:49:25,108 - log - INFO - iter:5900/8041, clip_acc1=84.2033920288086, tta_acc1=83.06779479980469
2025-06-04 18:49:25,108 - log - INFO - iter:5900/8041, Original Acc@1: 84.20, Acc@5: 99.49, TTA Acc@1: 83.07, Acc@5: 99.34
2025-06-04 18:50:11,474 - log - INFO - iter:5920/8041, clip_acc1=84.18919372558594, tta_acc1=83.05743408203125
2025-06-04 18:50:11,474 - log - INFO - iter:5920/8041, Original Acc@1: 84.19, Acc@5: 99.48, TTA Acc@1: 83.06, Acc@5: 99.32
2025-06-04 18:50:57,396 - log - INFO - iter:5940/8041, clip_acc1=84.15824890136719, tta_acc1=83.04713439941406
2025-06-04 18:50:57,396 - log - INFO - iter:5940/8041, Original Acc@1: 84.16, Acc@5: 99.48, TTA Acc@1: 83.05, Acc@5: 99.33
2025-06-04 18:51:42,408 - log - INFO - iter:5960/8041, clip_acc1=84.14430236816406, tta_acc1=83.02013397216797
2025-06-04 18:51:42,408 - log - INFO - iter:5960/8041, Original Acc@1: 84.14, Acc@5: 99.48, TTA Acc@1: 83.02, Acc@5: 99.33
2025-06-04 18:52:27,623 - log - INFO - iter:5980/8041, clip_acc1=84.13043212890625, tta_acc1=83.0267562866211
2025-06-04 18:52:27,624 - log - INFO - iter:5980/8041, Original Acc@1: 84.13, Acc@5: 99.48, TTA Acc@1: 83.03, Acc@5: 99.31
2025-06-04 18:53:13,207 - log - INFO - iter:6000/8041, clip_acc1=84.16666412353516, tta_acc1=83.06666564941406
2025-06-04 18:53:13,207 - log - INFO - iter:6000/8041, Original Acc@1: 84.17, Acc@5: 99.47, TTA Acc@1: 83.07, Acc@5: 99.30
2025-06-04 18:53:58,829 - log - INFO - iter:6020/8041, clip_acc1=84.11959838867188, tta_acc1=83.03986358642578
2025-06-04 18:53:58,829 - log - INFO - iter:6020/8041, Original Acc@1: 84.12, Acc@5: 99.45, TTA Acc@1: 83.04, Acc@5: 99.29
2025-06-04 18:54:44,173 - log - INFO - iter:6040/8041, clip_acc1=84.15563201904297, tta_acc1=83.0794677734375
2025-06-04 18:54:44,174 - log - INFO - iter:6040/8041, Original Acc@1: 84.16, Acc@5: 99.45, TTA Acc@1: 83.08, Acc@5: 99.29
2025-06-04 18:55:29,629 - log - INFO - iter:6060/8041, clip_acc1=84.14191436767578, tta_acc1=83.05281066894531
2025-06-04 18:55:29,630 - log - INFO - iter:6060/8041, Original Acc@1: 84.14, Acc@5: 99.46, TTA Acc@1: 83.05, Acc@5: 99.29
2025-06-04 18:56:15,132 - log - INFO - iter:6080/8041, clip_acc1=84.19408416748047, tta_acc1=83.10855865478516
2025-06-04 18:56:15,133 - log - INFO - iter:6080/8041, Original Acc@1: 84.19, Acc@5: 99.46, TTA Acc@1: 83.11, Acc@5: 99.29
2025-06-04 18:57:00,050 - log - INFO - iter:6100/8041, clip_acc1=84.24590301513672, tta_acc1=83.14754486083984
2025-06-04 18:57:00,051 - log - INFO - iter:6100/8041, Original Acc@1: 84.25, Acc@5: 99.46, TTA Acc@1: 83.15, Acc@5: 99.30
2025-06-04 18:57:46,136 - log - INFO - iter:6120/8041, clip_acc1=84.21569061279297, tta_acc1=83.12091827392578
2025-06-04 18:57:46,137 - log - INFO - iter:6120/8041, Original Acc@1: 84.22, Acc@5: 99.46, TTA Acc@1: 83.12, Acc@5: 99.30
2025-06-04 18:58:31,424 - log - INFO - iter:6140/8041, clip_acc1=84.2182388305664, tta_acc1=83.12703704833984
2025-06-04 18:58:31,424 - log - INFO - iter:6140/8041, Original Acc@1: 84.22, Acc@5: 99.46, TTA Acc@1: 83.13, Acc@5: 99.30
2025-06-04 18:59:16,980 - log - INFO - iter:6160/8041, clip_acc1=84.15584564208984, tta_acc1=83.05194854736328
2025-06-04 18:59:16,980 - log - INFO - iter:6160/8041, Original Acc@1: 84.16, Acc@5: 99.46, TTA Acc@1: 83.05, Acc@5: 99.30
2025-06-04 19:00:02,521 - log - INFO - iter:6180/8041, clip_acc1=84.19093322753906, tta_acc1=83.07443237304688
2025-06-04 19:00:02,521 - log - INFO - iter:6180/8041, Original Acc@1: 84.19, Acc@5: 99.47, TTA Acc@1: 83.07, Acc@5: 99.30
2025-06-04 19:00:47,522 - log - INFO - iter:6200/8041, clip_acc1=84.20967864990234, tta_acc1=83.08065032958984
2025-06-04 19:00:47,522 - log - INFO - iter:6200/8041, Original Acc@1: 84.21, Acc@5: 99.47, TTA Acc@1: 83.08, Acc@5: 99.31
2025-06-04 19:01:32,951 - log - INFO - iter:6220/8041, clip_acc1=84.18006134033203, tta_acc1=83.05465698242188
2025-06-04 19:01:32,952 - log - INFO - iter:6220/8041, Original Acc@1: 84.18, Acc@5: 99.44, TTA Acc@1: 83.05, Acc@5: 99.29
2025-06-04 19:02:18,885 - log - INFO - iter:6240/8041, clip_acc1=84.19872283935547, tta_acc1=83.04487609863281
2025-06-04 19:02:18,885 - log - INFO - iter:6240/8041, Original Acc@1: 84.20, Acc@5: 99.42, TTA Acc@1: 83.04, Acc@5: 99.28
2025-06-04 19:03:04,549 - log - INFO - iter:6260/8041, clip_acc1=84.21725463867188, tta_acc1=83.06709289550781
2025-06-04 19:03:04,549 - log - INFO - iter:6260/8041, Original Acc@1: 84.22, Acc@5: 99.42, TTA Acc@1: 83.07, Acc@5: 99.28
2025-06-04 19:03:49,625 - log - INFO - iter:6280/8041, clip_acc1=84.18789672851562, tta_acc1=83.07324981689453
2025-06-04 19:03:49,625 - log - INFO - iter:6280/8041, Original Acc@1: 84.19, Acc@5: 99.43, TTA Acc@1: 83.07, Acc@5: 99.28
2025-06-04 19:04:34,672 - log - INFO - iter:6300/8041, clip_acc1=84.20634460449219, tta_acc1=83.1111068725586
2025-06-04 19:04:34,673 - log - INFO - iter:6300/8041, Original Acc@1: 84.21, Acc@5: 99.43, TTA Acc@1: 83.11, Acc@5: 99.29
2025-06-04 19:05:21,321 - log - INFO - iter:6320/8041, clip_acc1=84.22468566894531, tta_acc1=83.1170883178711
2025-06-04 19:05:21,321 - log - INFO - iter:6320/8041, Original Acc@1: 84.22, Acc@5: 99.43, TTA Acc@1: 83.12, Acc@5: 99.29
2025-06-04 19:06:06,891 - log - INFO - iter:6340/8041, clip_acc1=84.14826202392578, tta_acc1=83.0757064819336
2025-06-04 19:06:06,892 - log - INFO - iter:6340/8041, Original Acc@1: 84.15, Acc@5: 99.42, TTA Acc@1: 83.08, Acc@5: 99.27
2025-06-04 19:06:52,815 - log - INFO - iter:6360/8041, clip_acc1=84.16666412353516, tta_acc1=83.09748077392578
2025-06-04 19:06:52,815 - log - INFO - iter:6360/8041, Original Acc@1: 84.17, Acc@5: 99.42, TTA Acc@1: 83.10, Acc@5: 99.28
2025-06-04 19:07:38,816 - log - INFO - iter:6380/8041, clip_acc1=84.18495178222656, tta_acc1=83.11912536621094
2025-06-04 19:07:38,817 - log - INFO - iter:6380/8041, Original Acc@1: 84.18, Acc@5: 99.42, TTA Acc@1: 83.12, Acc@5: 99.28
2025-06-04 19:08:24,137 - log - INFO - iter:6400/8041, clip_acc1=84.203125, tta_acc1=83.125
2025-06-04 19:08:24,137 - log - INFO - iter:6400/8041, Original Acc@1: 84.20, Acc@5: 99.41, TTA Acc@1: 83.12, Acc@5: 99.27
2025-06-04 19:09:09,603 - log - INFO - iter:6420/8041, clip_acc1=84.20560455322266, tta_acc1=83.1308364868164
2025-06-04 19:09:09,603 - log - INFO - iter:6420/8041, Original Acc@1: 84.21, Acc@5: 99.41, TTA Acc@1: 83.13, Acc@5: 99.27
2025-06-04 19:09:55,742 - log - INFO - iter:6440/8041, clip_acc1=84.22360229492188, tta_acc1=83.15217590332031
2025-06-04 19:09:55,742 - log - INFO - iter:6440/8041, Original Acc@1: 84.22, Acc@5: 99.41, TTA Acc@1: 83.15, Acc@5: 99.27
2025-06-04 19:10:40,976 - log - INFO - iter:6460/8041, clip_acc1=84.14860534667969, tta_acc1=83.09597778320312
2025-06-04 19:10:40,977 - log - INFO - iter:6460/8041, Original Acc@1: 84.15, Acc@5: 99.40, TTA Acc@1: 83.10, Acc@5: 99.27
2025-06-04 19:11:27,903 - log - INFO - iter:6480/8041, clip_acc1=84.07408142089844, tta_acc1=83.02469635009766
2025-06-04 19:11:27,903 - log - INFO - iter:6480/8041, Original Acc@1: 84.07, Acc@5: 99.40, TTA Acc@1: 83.02, Acc@5: 99.27
2025-06-04 19:12:14,199 - log - INFO - iter:6500/8041, clip_acc1=84.06153869628906, tta_acc1=83.015380859375
2025-06-04 19:12:14,199 - log - INFO - iter:6500/8041, Original Acc@1: 84.06, Acc@5: 99.38, TTA Acc@1: 83.02, Acc@5: 99.26
2025-06-04 19:12:59,470 - log - INFO - iter:6520/8041, clip_acc1=84.04907989501953, tta_acc1=83.00613403320312
2025-06-04 19:12:59,470 - log - INFO - iter:6520/8041, Original Acc@1: 84.05, Acc@5: 99.39, TTA Acc@1: 83.01, Acc@5: 99.26
2025-06-04 19:13:45,548 - log - INFO - iter:6540/8041, clip_acc1=84.05198669433594, tta_acc1=83.0122299194336
2025-06-04 19:13:45,549 - log - INFO - iter:6540/8041, Original Acc@1: 84.05, Acc@5: 99.39, TTA Acc@1: 83.01, Acc@5: 99.27
2025-06-04 19:14:30,956 - log - INFO - iter:6560/8041, clip_acc1=84.03963470458984, tta_acc1=82.98780822753906
2025-06-04 19:14:30,956 - log - INFO - iter:6560/8041, Original Acc@1: 84.04, Acc@5: 99.39, TTA Acc@1: 82.99, Acc@5: 99.27
2025-06-04 19:15:16,385 - log - INFO - iter:6580/8041, clip_acc1=84.04254913330078, tta_acc1=82.97872161865234
2025-06-04 19:15:16,386 - log - INFO - iter:6580/8041, Original Acc@1: 84.04, Acc@5: 99.39, TTA Acc@1: 82.98, Acc@5: 99.27
2025-06-04 19:16:02,060 - log - INFO - iter:6600/8041, clip_acc1=84.07575988769531, tta_acc1=83.0
2025-06-04 19:16:02,060 - log - INFO - iter:6600/8041, Original Acc@1: 84.08, Acc@5: 99.39, TTA Acc@1: 83.00, Acc@5: 99.27
2025-06-04 19:16:47,935 - log - INFO - iter:6620/8041, clip_acc1=84.12387084960938, tta_acc1=83.0362548828125
2025-06-04 19:16:47,935 - log - INFO - iter:6620/8041, Original Acc@1: 84.12, Acc@5: 99.40, TTA Acc@1: 83.04, Acc@5: 99.27
2025-06-04 19:17:33,317 - log - INFO - iter:6640/8041, clip_acc1=84.1114501953125, tta_acc1=83.04216766357422
2025-06-04 19:17:33,317 - log - INFO - iter:6640/8041, Original Acc@1: 84.11, Acc@5: 99.38, TTA Acc@1: 83.04, Acc@5: 99.26
2025-06-04 19:18:18,609 - log - INFO - iter:6660/8041, clip_acc1=84.1141128540039, tta_acc1=83.06306457519531
2025-06-04 19:18:18,609 - log - INFO - iter:6660/8041, Original Acc@1: 84.11, Acc@5: 99.38, TTA Acc@1: 83.06, Acc@5: 99.26
2025-06-04 19:19:04,808 - log - INFO - iter:6680/8041, clip_acc1=84.11676788330078, tta_acc1=83.06886291503906
2025-06-04 19:19:04,808 - log - INFO - iter:6680/8041, Original Acc@1: 84.12, Acc@5: 99.39, TTA Acc@1: 83.07, Acc@5: 99.25
2025-06-04 19:19:50,216 - log - INFO - iter:6700/8041, clip_acc1=84.10447692871094, tta_acc1=83.05970001220703
2025-06-04 19:19:50,217 - log - INFO - iter:6700/8041, Original Acc@1: 84.10, Acc@5: 99.39, TTA Acc@1: 83.06, Acc@5: 99.25
2025-06-04 19:20:36,170 - log - INFO - iter:6720/8041, clip_acc1=84.10714721679688, tta_acc1=83.06548309326172
2025-06-04 19:20:36,170 - log - INFO - iter:6720/8041, Original Acc@1: 84.11, Acc@5: 99.39, TTA Acc@1: 83.07, Acc@5: 99.26
2025-06-04 19:21:21,576 - log - INFO - iter:6740/8041, clip_acc1=84.0652847290039, tta_acc1=83.02670288085938
2025-06-04 19:21:21,577 - log - INFO - iter:6740/8041, Original Acc@1: 84.07, Acc@5: 99.39, TTA Acc@1: 83.03, Acc@5: 99.26
2025-06-04 19:22:07,198 - log - INFO - iter:6760/8041, clip_acc1=84.08283996582031, tta_acc1=83.01775360107422
2025-06-04 19:22:07,198 - log - INFO - iter:6760/8041, Original Acc@1: 84.08, Acc@5: 99.39, TTA Acc@1: 83.02, Acc@5: 99.26
2025-06-04 19:22:53,013 - log - INFO - iter:6780/8041, clip_acc1=84.04129791259766, tta_acc1=82.9793472290039
2025-06-04 19:22:53,014 - log - INFO - iter:6780/8041, Original Acc@1: 84.04, Acc@5: 99.40, TTA Acc@1: 82.98, Acc@5: 99.26
2025-06-04 19:23:38,436 - log - INFO - iter:6800/8041, clip_acc1=84.07352447509766, tta_acc1=83.01470184326172
2025-06-04 19:23:38,437 - log - INFO - iter:6800/8041, Original Acc@1: 84.07, Acc@5: 99.40, TTA Acc@1: 83.01, Acc@5: 99.26
2025-06-04 19:24:24,268 - log - INFO - iter:6820/8041, clip_acc1=84.1202392578125, tta_acc1=83.04985809326172
2025-06-04 19:24:24,268 - log - INFO - iter:6820/8041, Original Acc@1: 84.12, Acc@5: 99.40, TTA Acc@1: 83.05, Acc@5: 99.27
2025-06-04 19:25:10,317 - log - INFO - iter:6840/8041, clip_acc1=84.10818481445312, tta_acc1=83.04093170166016
2025-06-04 19:25:10,318 - log - INFO - iter:6840/8041, Original Acc@1: 84.11, Acc@5: 99.40, TTA Acc@1: 83.04, Acc@5: 99.27
2025-06-04 19:25:57,797 - log - INFO - iter:6860/8041, clip_acc1=84.09620666503906, tta_acc1=83.04664611816406
2025-06-04 19:25:57,797 - log - INFO - iter:6860/8041, Original Acc@1: 84.10, Acc@5: 99.40, TTA Acc@1: 83.05, Acc@5: 99.27
2025-06-04 19:26:43,370 - log - INFO - iter:6880/8041, clip_acc1=84.08430480957031, tta_acc1=83.02325439453125
2025-06-04 19:26:43,370 - log - INFO - iter:6880/8041, Original Acc@1: 84.08, Acc@5: 99.40, TTA Acc@1: 83.02, Acc@5: 99.26
2025-06-04 19:27:30,319 - log - INFO - iter:6900/8041, clip_acc1=84.04347229003906, tta_acc1=82.98550415039062
2025-06-04 19:27:30,319 - log - INFO - iter:6900/8041, Original Acc@1: 84.04, Acc@5: 99.41, TTA Acc@1: 82.99, Acc@5: 99.26
2025-06-04 19:28:15,754 - log - INFO - iter:6920/8041, clip_acc1=84.0462417602539, tta_acc1=82.99132537841797
2025-06-04 19:28:15,754 - log - INFO - iter:6920/8041, Original Acc@1: 84.05, Acc@5: 99.41, TTA Acc@1: 82.99, Acc@5: 99.26
2025-06-04 19:29:01,164 - log - INFO - iter:6940/8041, clip_acc1=84.06340026855469, tta_acc1=82.99711608886719
2025-06-04 19:29:01,165 - log - INFO - iter:6940/8041, Original Acc@1: 84.06, Acc@5: 99.41, TTA Acc@1: 83.00, Acc@5: 99.27
2025-06-04 19:29:46,511 - log - INFO - iter:6960/8041, clip_acc1=84.06609344482422, tta_acc1=83.00287628173828
2025-06-04 19:29:46,511 - log - INFO - iter:6960/8041, Original Acc@1: 84.07, Acc@5: 99.40, TTA Acc@1: 83.00, Acc@5: 99.25
2025-06-04 19:30:32,863 - log - INFO - iter:6980/8041, clip_acc1=84.08309173583984, tta_acc1=83.02291870117188
2025-06-04 19:30:32,863 - log - INFO - iter:6980/8041, Original Acc@1: 84.08, Acc@5: 99.40, TTA Acc@1: 83.02, Acc@5: 99.24
2025-06-04 19:31:18,209 - log - INFO - iter:7000/8041, clip_acc1=84.07142639160156, tta_acc1=83.0142822265625
2025-06-04 19:31:18,209 - log - INFO - iter:7000/8041, Original Acc@1: 84.07, Acc@5: 99.40, TTA Acc@1: 83.01, Acc@5: 99.24
2025-06-04 19:32:04,133 - log - INFO - iter:7020/8041, clip_acc1=84.04558563232422, tta_acc1=83.00569915771484
2025-06-04 19:32:04,134 - log - INFO - iter:7020/8041, Original Acc@1: 84.05, Acc@5: 99.40, TTA Acc@1: 83.01, Acc@5: 99.25
2025-06-04 19:32:49,576 - log - INFO - iter:7040/8041, clip_acc1=84.07669830322266, tta_acc1=83.02556610107422
2025-06-04 19:32:49,576 - log - INFO - iter:7040/8041, Original Acc@1: 84.08, Acc@5: 99.40, TTA Acc@1: 83.03, Acc@5: 99.25
2025-06-04 19:33:35,432 - log - INFO - iter:7060/8041, clip_acc1=84.0793228149414, tta_acc1=83.03115844726562
2025-06-04 19:33:35,433 - log - INFO - iter:7060/8041, Original Acc@1: 84.08, Acc@5: 99.41, TTA Acc@1: 83.03, Acc@5: 99.25
2025-06-04 19:34:20,886 - log - INFO - iter:7080/8041, clip_acc1=84.08192443847656, tta_acc1=83.03672790527344
2025-06-04 19:34:20,886 - log - INFO - iter:7080/8041, Original Acc@1: 84.08, Acc@5: 99.41, TTA Acc@1: 83.04, Acc@5: 99.25
2025-06-04 19:35:06,240 - log - INFO - iter:7100/8041, clip_acc1=84.0422592163086, tta_acc1=83.01409149169922
2025-06-04 19:35:06,241 - log - INFO - iter:7100/8041, Original Acc@1: 84.04, Acc@5: 99.41, TTA Acc@1: 83.01, Acc@5: 99.25
2025-06-04 19:35:52,861 - log - INFO - iter:7120/8041, clip_acc1=84.03089904785156, tta_acc1=82.9915771484375
2025-06-04 19:35:52,861 - log - INFO - iter:7120/8041, Original Acc@1: 84.03, Acc@5: 99.40, TTA Acc@1: 82.99, Acc@5: 99.24
2025-06-04 19:36:37,798 - log - INFO - iter:7140/8041, clip_acc1=84.04762268066406, tta_acc1=82.98320007324219
2025-06-04 19:36:37,798 - log - INFO - iter:7140/8041, Original Acc@1: 84.05, Acc@5: 99.40, TTA Acc@1: 82.98, Acc@5: 99.24
2025-06-04 19:37:23,420 - log - INFO - iter:7160/8041, clip_acc1=84.07820892333984, tta_acc1=83.00279235839844
2025-06-04 19:37:23,420 - log - INFO - iter:7160/8041, Original Acc@1: 84.08, Acc@5: 99.40, TTA Acc@1: 83.00, Acc@5: 99.25
2025-06-04 19:38:08,538 - log - INFO - iter:7180/8041, clip_acc1=84.08078002929688, tta_acc1=83.00836181640625
2025-06-04 19:38:08,538 - log - INFO - iter:7180/8041, Original Acc@1: 84.08, Acc@5: 99.40, TTA Acc@1: 83.01, Acc@5: 99.25
2025-06-04 19:38:53,996 - log - INFO - iter:7200/8041, clip_acc1=84.08333587646484, tta_acc1=83.0138931274414
2025-06-04 19:38:53,996 - log - INFO - iter:7200/8041, Original Acc@1: 84.08, Acc@5: 99.40, TTA Acc@1: 83.01, Acc@5: 99.25
2025-06-04 19:39:39,266 - log - INFO - iter:7220/8041, clip_acc1=84.05817413330078, tta_acc1=82.99169158935547
2025-06-04 19:39:39,267 - log - INFO - iter:7220/8041, Original Acc@1: 84.06, Acc@5: 99.40, TTA Acc@1: 82.99, Acc@5: 99.25
2025-06-04 19:40:25,097 - log - INFO - iter:7240/8041, clip_acc1=83.97789764404297, tta_acc1=82.92816925048828
2025-06-04 19:40:25,098 - log - INFO - iter:7240/8041, Original Acc@1: 83.98, Acc@5: 99.39, TTA Acc@1: 82.93, Acc@5: 99.24
2025-06-04 19:41:10,448 - log - INFO - iter:7260/8041, clip_acc1=83.95317077636719, tta_acc1=82.93388366699219
2025-06-04 19:41:10,449 - log - INFO - iter:7260/8041, Original Acc@1: 83.95, Acc@5: 99.39, TTA Acc@1: 82.93, Acc@5: 99.24
2025-06-04 19:41:56,217 - log - INFO - iter:7280/8041, clip_acc1=83.95604705810547, tta_acc1=82.93956756591797
2025-06-04 19:41:56,217 - log - INFO - iter:7280/8041, Original Acc@1: 83.96, Acc@5: 99.38, TTA Acc@1: 82.94, Acc@5: 99.24
2025-06-04 19:42:41,418 - log - INFO - iter:7300/8041, clip_acc1=83.9863052368164, tta_acc1=82.97260284423828
2025-06-04 19:42:41,419 - log - INFO - iter:7300/8041, Original Acc@1: 83.99, Acc@5: 99.38, TTA Acc@1: 82.97, Acc@5: 99.25
2025-06-04 19:43:27,999 - log - INFO - iter:7320/8041, clip_acc1=83.94808959960938, tta_acc1=82.93716430664062
2025-06-04 19:43:27,999 - log - INFO - iter:7320/8041, Original Acc@1: 83.95, Acc@5: 99.39, TTA Acc@1: 82.94, Acc@5: 99.25
2025-06-04 19:44:21,548 - log - INFO - iter:7340/8041, clip_acc1=83.93733215332031, tta_acc1=82.92916107177734
2025-06-04 19:44:21,548 - log - INFO - iter:7340/8041, Original Acc@1: 83.94, Acc@5: 99.39, TTA Acc@1: 82.93, Acc@5: 99.25
2025-06-04 19:45:08,129 - log - INFO - iter:7360/8041, clip_acc1=83.89945220947266, tta_acc1=82.92118835449219
2025-06-04 19:45:08,129 - log - INFO - iter:7360/8041, Original Acc@1: 83.90, Acc@5: 99.37, TTA Acc@1: 82.92, Acc@5: 99.24
2025-06-04 19:45:53,341 - log - INFO - iter:7380/8041, clip_acc1=83.90243530273438, tta_acc1=82.92682647705078
2025-06-04 19:45:53,341 - log - INFO - iter:7380/8041, Original Acc@1: 83.90, Acc@5: 99.38, TTA Acc@1: 82.93, Acc@5: 99.24
2025-06-04 19:46:39,175 - log - INFO - iter:7400/8041, clip_acc1=83.90541076660156, tta_acc1=82.93243408203125
2025-06-04 19:46:39,175 - log - INFO - iter:7400/8041, Original Acc@1: 83.91, Acc@5: 99.38, TTA Acc@1: 82.93, Acc@5: 99.24
2025-06-04 19:47:48,417 - log - INFO - iter:7420/8041, clip_acc1=83.93531036376953, tta_acc1=82.95148468017578
2025-06-04 19:47:48,417 - log - INFO - iter:7420/8041, Original Acc@1: 83.94, Acc@5: 99.38, TTA Acc@1: 82.95, Acc@5: 99.25
2025-06-04 19:48:33,822 - log - INFO - iter:7440/8041, clip_acc1=83.95161437988281, tta_acc1=82.97042846679688
2025-06-04 19:48:33,822 - log - INFO - iter:7440/8041, Original Acc@1: 83.95, Acc@5: 99.38, TTA Acc@1: 82.97, Acc@5: 99.25
2025-06-04 19:49:19,364 - log - INFO - iter:7460/8041, clip_acc1=83.95442199707031, tta_acc1=82.96246337890625
2025-06-04 19:49:19,364 - log - INFO - iter:7460/8041, Original Acc@1: 83.95, Acc@5: 99.38, TTA Acc@1: 82.96, Acc@5: 99.25
2025-06-04 19:50:05,755 - log - INFO - iter:7480/8041, clip_acc1=83.93048095703125, tta_acc1=82.92781066894531
2025-06-04 19:50:05,755 - log - INFO - iter:7480/8041, Original Acc@1: 83.93, Acc@5: 99.39, TTA Acc@1: 82.93, Acc@5: 99.25
2025-06-04 19:50:51,441 - log - INFO - iter:7500/8041, clip_acc1=83.95999908447266, tta_acc1=82.93333435058594
2025-06-04 19:50:51,441 - log - INFO - iter:7500/8041, Original Acc@1: 83.96, Acc@5: 99.39, TTA Acc@1: 82.93, Acc@5: 99.25
2025-06-04 19:51:36,981 - log - INFO - iter:7520/8041, clip_acc1=83.97605895996094, tta_acc1=82.96542358398438
2025-06-04 19:51:36,981 - log - INFO - iter:7520/8041, Original Acc@1: 83.98, Acc@5: 99.39, TTA Acc@1: 82.97, Acc@5: 99.26
2025-06-04 19:52:22,267 - log - INFO - iter:7540/8041, clip_acc1=84.00530242919922, tta_acc1=82.99734497070312
2025-06-04 19:52:22,267 - log - INFO - iter:7540/8041, Original Acc@1: 84.01, Acc@5: 99.39, TTA Acc@1: 83.00, Acc@5: 99.26
2025-06-04 19:53:08,462 - log - INFO - iter:7560/8041, clip_acc1=84.0079345703125, tta_acc1=83.00264739990234
2025-06-04 19:53:08,462 - log - INFO - iter:7560/8041, Original Acc@1: 84.01, Acc@5: 99.39, TTA Acc@1: 83.00, Acc@5: 99.26
2025-06-04 19:53:53,935 - log - INFO - iter:7580/8041, clip_acc1=84.02374267578125, tta_acc1=82.99472045898438
2025-06-04 19:53:53,935 - log - INFO - iter:7580/8041, Original Acc@1: 84.02, Acc@5: 99.39, TTA Acc@1: 82.99, Acc@5: 99.25
2025-06-04 19:54:38,951 - log - INFO - iter:7600/8041, clip_acc1=84.03946685791016, tta_acc1=83.0
2025-06-04 19:54:38,951 - log - INFO - iter:7600/8041, Original Acc@1: 84.04, Acc@5: 99.39, TTA Acc@1: 83.00, Acc@5: 99.25
2025-06-04 19:55:24,119 - log - INFO - iter:7620/8041, clip_acc1=84.0419921875, tta_acc1=83.0052490234375
2025-06-04 19:55:24,120 - log - INFO - iter:7620/8041, Original Acc@1: 84.04, Acc@5: 99.40, TTA Acc@1: 83.01, Acc@5: 99.25
2025-06-04 19:56:09,412 - log - INFO - iter:7640/8041, clip_acc1=84.00523376464844, tta_acc1=82.97120666503906
2025-06-04 19:56:09,412 - log - INFO - iter:7640/8041, Original Acc@1: 84.01, Acc@5: 99.40, TTA Acc@1: 82.97, Acc@5: 99.25
2025-06-04 19:56:54,951 - log - INFO - iter:7660/8041, clip_acc1=83.9947738647461, tta_acc1=82.95039367675781
2025-06-04 19:56:54,951 - log - INFO - iter:7660/8041, Original Acc@1: 83.99, Acc@5: 99.40, TTA Acc@1: 82.95, Acc@5: 99.26
2025-06-04 19:57:40,142 - log - INFO - iter:7680/8041, clip_acc1=84.01042175292969, tta_acc1=82.98177337646484
2025-06-04 19:57:40,142 - log - INFO - iter:7680/8041, Original Acc@1: 84.01, Acc@5: 99.40, TTA Acc@1: 82.98, Acc@5: 99.26
2025-06-04 19:58:25,269 - log - INFO - iter:7700/8041, clip_acc1=83.98700714111328, tta_acc1=82.93505859375
2025-06-04 19:58:25,269 - log - INFO - iter:7700/8041, Original Acc@1: 83.99, Acc@5: 99.40, TTA Acc@1: 82.94, Acc@5: 99.26
2025-06-04 19:59:10,489 - log - INFO - iter:7720/8041, clip_acc1=83.9766845703125, tta_acc1=82.90155792236328
2025-06-04 19:59:10,490 - log - INFO - iter:7720/8041, Original Acc@1: 83.98, Acc@5: 99.40, TTA Acc@1: 82.90, Acc@5: 99.26
2025-06-04 19:59:55,736 - log - INFO - iter:7740/8041, clip_acc1=83.99224090576172, tta_acc1=82.91989135742188
2025-06-04 19:59:55,736 - log - INFO - iter:7740/8041, Original Acc@1: 83.99, Acc@5: 99.41, TTA Acc@1: 82.92, Acc@5: 99.26
2025-06-04 20:00:41,134 - log - INFO - iter:7760/8041, clip_acc1=83.95619201660156, tta_acc1=82.89949035644531
2025-06-04 20:00:41,134 - log - INFO - iter:7760/8041, Original Acc@1: 83.96, Acc@5: 99.39, TTA Acc@1: 82.90, Acc@5: 99.25
2025-06-04 20:01:26,722 - log - INFO - iter:7780/8041, clip_acc1=83.98458099365234, tta_acc1=82.93059539794922
2025-06-04 20:01:26,722 - log - INFO - iter:7780/8041, Original Acc@1: 83.98, Acc@5: 99.40, TTA Acc@1: 82.93, Acc@5: 99.25
2025-06-04 20:02:11,961 - log - INFO - iter:7800/8041, clip_acc1=83.96153259277344, tta_acc1=82.9102554321289
2025-06-04 20:02:11,962 - log - INFO - iter:7800/8041, Original Acc@1: 83.96, Acc@5: 99.40, TTA Acc@1: 82.91, Acc@5: 99.26
2025-06-04 20:02:57,293 - log - INFO - iter:7820/8041, clip_acc1=83.95140838623047, tta_acc1=82.92839050292969
2025-06-04 20:02:57,293 - log - INFO - iter:7820/8041, Original Acc@1: 83.95, Acc@5: 99.40, TTA Acc@1: 82.93, Acc@5: 99.26
2025-06-04 20:03:43,177 - log - INFO - iter:7840/8041, clip_acc1=83.9285659790039, tta_acc1=82.89540100097656
2025-06-04 20:03:43,178 - log - INFO - iter:7840/8041, Original Acc@1: 83.93, Acc@5: 99.39, TTA Acc@1: 82.90, Acc@5: 99.23
2025-06-04 20:04:28,984 - log - INFO - iter:7860/8041, clip_acc1=83.9185791015625, tta_acc1=82.87532043457031
2025-06-04 20:04:28,984 - log - INFO - iter:7860/8041, Original Acc@1: 83.92, Acc@5: 99.38, TTA Acc@1: 82.88, Acc@5: 99.22
2025-06-04 20:05:14,314 - log - INFO - iter:7880/8041, clip_acc1=83.90863037109375, tta_acc1=82.8680191040039
2025-06-04 20:05:14,314 - log - INFO - iter:7880/8041, Original Acc@1: 83.91, Acc@5: 99.38, TTA Acc@1: 82.87, Acc@5: 99.23
2025-06-04 20:06:00,066 - log - INFO - iter:7900/8041, clip_acc1=83.9240493774414, tta_acc1=82.88607788085938
2025-06-04 20:06:00,066 - log - INFO - iter:7900/8041, Original Acc@1: 83.92, Acc@5: 99.38, TTA Acc@1: 82.89, Acc@5: 99.23
2025-06-04 20:06:45,270 - log - INFO - iter:7920/8041, clip_acc1=83.91414642333984, tta_acc1=82.8535385131836
2025-06-04 20:06:45,270 - log - INFO - iter:7920/8041, Original Acc@1: 83.91, Acc@5: 99.38, TTA Acc@1: 82.85, Acc@5: 99.23
2025-06-04 20:07:31,103 - log - INFO - iter:7940/8041, clip_acc1=83.89168548583984, tta_acc1=82.83375549316406
2025-06-04 20:07:31,103 - log - INFO - iter:7940/8041, Original Acc@1: 83.89, Acc@5: 99.37, TTA Acc@1: 82.83, Acc@5: 99.22
2025-06-04 20:08:16,143 - log - INFO - iter:7960/8041, clip_acc1=83.90703582763672, tta_acc1=82.85176086425781
2025-06-04 20:08:16,144 - log - INFO - iter:7960/8041, Original Acc@1: 83.91, Acc@5: 99.37, TTA Acc@1: 82.85, Acc@5: 99.22
2025-06-04 20:09:02,184 - log - INFO - iter:7980/8041, clip_acc1=83.90977478027344, tta_acc1=82.86967468261719
2025-06-04 20:09:02,184 - log - INFO - iter:7980/8041, Original Acc@1: 83.91, Acc@5: 99.36, TTA Acc@1: 82.87, Acc@5: 99.22
2025-06-04 20:09:47,712 - log - INFO - iter:8000/8041, clip_acc1=83.91250610351562, tta_acc1=82.87500762939453
2025-06-04 20:09:47,712 - log - INFO - iter:8000/8041, Original Acc@1: 83.91, Acc@5: 99.36, TTA Acc@1: 82.88, Acc@5: 99.23
2025-06-04 20:10:33,075 - log - INFO - iter:8020/8041, clip_acc1=83.92768096923828, tta_acc1=82.89276885986328
2025-06-04 20:10:33,075 - log - INFO - iter:8020/8041, Original Acc@1: 83.93, Acc@5: 99.35, TTA Acc@1: 82.89, Acc@5: 99.21
2025-06-04 20:11:16,198 - log - INFO - iter:8040/8041, clip_acc1=83.85572814941406, tta_acc1=82.8233871459961
2025-06-04 20:11:16,198 - log - INFO - iter:8040/8041, Original Acc@1: 83.86, Acc@5: 99.35, TTA Acc@1: 82.82, Acc@5: 99.22
2025-06-04 20:11:18,103 - log - INFO - iter:8041/8041, clip_acc1=83.84529876708984, tta_acc1=82.82552337646484
2025-06-04 20:11:18,104 - log - INFO - iter:8041/8041, Original Acc@1: 83.85, Acc@5: 99.35, TTA Acc@1: 82.83, Acc@5: 99.22
2025-06-04 20:11:18,262 - log - INFO - Final results - Original Acc@1: 83.85, Acc@5: 99.35, TTA Acc@1: 82.83, Acc@5: 99.22
2025-06-04 20:11:18,262 - log - INFO - Improvement from TTA in Acc@1 -1.02, and Acc@5 -0.14
2025-06-04 20:11:18,810 - log - INFO - Weighted scores saved to /leonardo_work/EUHPC_R04_192/fmohamma/Adversarial_Robust_Clip/ATPT/Final_Results/delta_clip_l14_224/Cars/Clean/Counter_Attack/Eps_2_0_Steps_0_Alpha_1_0/tau_0_2_beta_2_0_weighted_pertrubation_True/No_TPT/Inference_Ensemble_weighted_rtpt_topk_20_softmaxtemp_0_01/weighted_scores.json
2025-06-04 20:11:18,810 - log - INFO - Creating plot of average weights for each view
2025-06-04 20:11:27,887 - log - INFO - Average weights plot saved to /leonardo_work/EUHPC_R04_192/fmohamma/Adversarial_Robust_Clip/ATPT/Final_Results/delta_clip_l14_224/Cars/Clean/Counter_Attack/Eps_2_0_Steps_0_Alpha_1_0/tau_0_2_beta_2_0_weighted_pertrubation_True/No_TPT/Inference_Ensemble_weighted_rtpt_topk_20_softmaxtemp_0_01/weighted_scores_plot.png
2025-06-04 20:11:27,894 - log - INFO - => Acc. on testset [Cars]: Clean Acc @1 83.84529876708984/ TTA Clean Acc @1 82.82552337646484, Clean Acc @5 99.35331726074219/ TTA Clean Acc @5 99.21652221679688
2025-06-04 20:11:27,894 - log - INFO - Total script execution time: 18562.35 seconds (309.37 minutes)
