2025-05-29 15:55:21,917 - log - INFO - ==========================================
data:/leonardo_work/EUHPC_R04_192/fmohamma/Adversarial_Robust_Clip/atpt_data/downstream_datasets
test_sets:Pets
dataset_mode:test
arch:ViT-L/14
resolution:224
workers:4
no_pin_memory:False
batch_size:64
print_freq:20
gpu:0
no_cudnn_benchmark:False
n_ctx:4
ctx_init:a_photo_of_a
tpt_loss:rtpt
seed:0
output_dir:/leonardo_work/EUHPC_R04_192/fmohamma/Adversarial_Robust_Clip/atpt_data/ViT-L/14/Pets
log_output_dir:/leonardo_work/EUHPC_R04_192/fmohamma/Adversarial_Robust_Clip/ATPT/Final_Results/ViT-L/14/Pets
eps:0.0
alpha:0.0
alpha_eps_ratio:4.0
steps:0
lr:0.005
selection_p:0.1
tta_steps:0
ensemble_type:vanilla
top_k:20
softmax_temp:0.01
counter_attack:True
counter_attack_type:pgd
counter_attack_steps:2
counter_attack_eps:2.0
counter_attack_alpha:1.0
counter_attack_tau_thres:0.2
counter_attack_beta:2.0
counter_attack_weighted_perturbations:True
pgd_clip_pure_i_text_embeddings:null
pgd_counter_and_clipure_i_lamda:1.0
selected_id_name:selected_topk.json
weighted_score_name:weighted_scores.json
batch_entropy_name:entropies.json
log_dir:/leonardo_work/EUHPC_R04_192/fmohamma/Adversarial_Robust_Clip/ATPT/Final_Results/ViT-L/14/Pets/Clean/Counter_Attack/Eps_2_0_Steps_2_Alpha_1_0/tau_0_2_beta_2_0_weighted_pertrubation_True/No_TPT/Inference_Ensemble_vanilla

2025-05-29 15:55:21,918 - log - INFO - Use GPU: 0 for training
2025-05-29 15:56:09,206 - log - INFO - Freezing all parameters except prompt learner
2025-05-29 15:56:09,208 - log - INFO - => Model created: visual backbone ViT-L/14
2025-05-29 15:56:09,217 - log - INFO - Number of test samples: 3669
2025-05-29 15:56:09,217 - log - INFO - Evaluating dataset: Pets
2025-05-29 15:56:09,218 - log - INFO - Starting evaluation with batch size: 64, selection percentage: 0.1
2025-05-29 15:56:09,218 - log - INFO - Test-time adaptation steps: 0, learning rate: 0.005
2025-05-29 15:56:09,218 - log - INFO - Using counter-attack with epsilon: 2.000000, alpha: 0.000000, steps: 2, tau_thres: 0.2, beta: 2.0, weighted perturbation: True
2025-05-29 15:57:07,603 - log - INFO - iter:20/3669, clip_acc1=55.0, tta_acc1=75.0
2025-05-29 15:57:07,604 - log - INFO - iter:20/3669, Original Acc@1: 55.00, Acc@5: 85.00, TTA Acc@1: 75.00, Acc@5: 80.00
2025-05-29 15:57:51,548 - log - INFO - iter:40/3669, clip_acc1=65.0, tta_acc1=77.5
2025-05-29 15:57:51,548 - log - INFO - iter:40/3669, Original Acc@1: 65.00, Acc@5: 82.50, TTA Acc@1: 77.50, Acc@5: 85.00
2025-05-29 15:58:34,266 - log - INFO - iter:60/3669, clip_acc1=70.0, tta_acc1=76.66667175292969
2025-05-29 15:58:34,266 - log - INFO - iter:60/3669, Original Acc@1: 70.00, Acc@5: 86.67, TTA Acc@1: 76.67, Acc@5: 86.67
2025-05-29 15:59:17,085 - log - INFO - iter:80/3669, clip_acc1=75.0, tta_acc1=78.75
2025-05-29 15:59:17,085 - log - INFO - iter:80/3669, Original Acc@1: 75.00, Acc@5: 90.00, TTA Acc@1: 78.75, Acc@5: 90.00
2025-05-29 16:00:00,123 - log - INFO - iter:100/3669, clip_acc1=78.0, tta_acc1=81.0
2025-05-29 16:00:00,123 - log - INFO - iter:100/3669, Original Acc@1: 78.00, Acc@5: 92.00, TTA Acc@1: 81.00, Acc@5: 92.00
2025-05-29 16:00:44,242 - log - INFO - iter:120/3669, clip_acc1=80.00000762939453, tta_acc1=83.33333587646484
2025-05-29 16:00:44,242 - log - INFO - iter:120/3669, Original Acc@1: 80.00, Acc@5: 93.33, TTA Acc@1: 83.33, Acc@5: 93.33
2025-05-29 16:01:27,135 - log - INFO - iter:140/3669, clip_acc1=80.71428680419922, tta_acc1=84.28571319580078
2025-05-29 16:01:27,136 - log - INFO - iter:140/3669, Original Acc@1: 80.71, Acc@5: 94.29, TTA Acc@1: 84.29, Acc@5: 94.29
2025-05-29 16:02:10,247 - log - INFO - iter:160/3669, clip_acc1=81.25, tta_acc1=85.0
2025-05-29 16:02:10,247 - log - INFO - iter:160/3669, Original Acc@1: 81.25, Acc@5: 95.00, TTA Acc@1: 85.00, Acc@5: 95.00
2025-05-29 16:02:52,903 - log - INFO - iter:180/3669, clip_acc1=82.77777862548828, tta_acc1=86.11111450195312
2025-05-29 16:02:52,903 - log - INFO - iter:180/3669, Original Acc@1: 82.78, Acc@5: 95.56, TTA Acc@1: 86.11, Acc@5: 95.56
2025-05-29 16:03:35,414 - log - INFO - iter:200/3669, clip_acc1=83.5, tta_acc1=85.5
2025-05-29 16:03:35,415 - log - INFO - iter:200/3669, Original Acc@1: 83.50, Acc@5: 95.50, TTA Acc@1: 85.50, Acc@5: 95.50
2025-05-29 16:04:18,542 - log - INFO - iter:220/3669, clip_acc1=84.54544830322266, tta_acc1=84.54544830322266
2025-05-29 16:04:18,542 - log - INFO - iter:220/3669, Original Acc@1: 84.55, Acc@5: 95.91, TTA Acc@1: 84.55, Acc@5: 95.91
2025-05-29 16:05:01,311 - log - INFO - iter:240/3669, clip_acc1=82.91667175292969, tta_acc1=80.83333587646484
2025-05-29 16:05:01,311 - log - INFO - iter:240/3669, Original Acc@1: 82.92, Acc@5: 96.25, TTA Acc@1: 80.83, Acc@5: 96.25
2025-05-29 16:05:45,410 - log - INFO - iter:260/3669, clip_acc1=83.07691955566406, tta_acc1=80.38461303710938
2025-05-29 16:05:45,411 - log - INFO - iter:260/3669, Original Acc@1: 83.08, Acc@5: 96.54, TTA Acc@1: 80.38, Acc@5: 96.54
2025-05-29 16:06:28,276 - log - INFO - iter:280/3669, clip_acc1=82.85713958740234, tta_acc1=80.35713958740234
2025-05-29 16:06:28,276 - log - INFO - iter:280/3669, Original Acc@1: 82.86, Acc@5: 96.79, TTA Acc@1: 80.36, Acc@5: 96.79
2025-05-29 16:07:10,983 - log - INFO - iter:300/3669, clip_acc1=83.0, tta_acc1=79.66667175292969
2025-05-29 16:07:10,983 - log - INFO - iter:300/3669, Original Acc@1: 83.00, Acc@5: 97.00, TTA Acc@1: 79.67, Acc@5: 97.00
2025-05-29 16:07:54,695 - log - INFO - iter:320/3669, clip_acc1=83.4375, tta_acc1=80.3125
2025-05-29 16:07:54,695 - log - INFO - iter:320/3669, Original Acc@1: 83.44, Acc@5: 97.19, TTA Acc@1: 80.31, Acc@5: 97.19
2025-05-29 16:08:37,662 - log - INFO - iter:340/3669, clip_acc1=84.4117660522461, tta_acc1=81.47058868408203
2025-05-29 16:08:37,662 - log - INFO - iter:340/3669, Original Acc@1: 84.41, Acc@5: 97.35, TTA Acc@1: 81.47, Acc@5: 97.35
2025-05-29 16:09:20,579 - log - INFO - iter:360/3669, clip_acc1=85.0, tta_acc1=82.22222137451172
2025-05-29 16:09:20,580 - log - INFO - iter:360/3669, Original Acc@1: 85.00, Acc@5: 97.50, TTA Acc@1: 82.22, Acc@5: 97.50
2025-05-29 16:10:03,352 - log - INFO - iter:380/3669, clip_acc1=85.52632141113281, tta_acc1=83.15789794921875
2025-05-29 16:10:03,352 - log - INFO - iter:380/3669, Original Acc@1: 85.53, Acc@5: 97.63, TTA Acc@1: 83.16, Acc@5: 97.63
2025-05-29 16:10:45,916 - log - INFO - iter:400/3669, clip_acc1=86.25, tta_acc1=84.0
2025-05-29 16:10:45,916 - log - INFO - iter:400/3669, Original Acc@1: 86.25, Acc@5: 97.75, TTA Acc@1: 84.00, Acc@5: 97.75
2025-05-29 16:11:28,990 - log - INFO - iter:420/3669, clip_acc1=86.9047622680664, tta_acc1=84.52381134033203
2025-05-29 16:11:28,991 - log - INFO - iter:420/3669, Original Acc@1: 86.90, Acc@5: 97.86, TTA Acc@1: 84.52, Acc@5: 97.86
2025-05-29 16:12:12,321 - log - INFO - iter:440/3669, clip_acc1=87.5, tta_acc1=85.0
2025-05-29 16:12:12,321 - log - INFO - iter:440/3669, Original Acc@1: 87.50, Acc@5: 97.95, TTA Acc@1: 85.00, Acc@5: 97.95
2025-05-29 16:12:55,150 - log - INFO - iter:460/3669, clip_acc1=87.82608032226562, tta_acc1=85.65216827392578
2025-05-29 16:12:55,150 - log - INFO - iter:460/3669, Original Acc@1: 87.83, Acc@5: 98.04, TTA Acc@1: 85.65, Acc@5: 98.04
2025-05-29 16:13:38,463 - log - INFO - iter:480/3669, clip_acc1=88.33333587646484, tta_acc1=86.04167175292969
2025-05-29 16:13:38,463 - log - INFO - iter:480/3669, Original Acc@1: 88.33, Acc@5: 98.13, TTA Acc@1: 86.04, Acc@5: 98.13
2025-05-29 16:14:22,825 - log - INFO - iter:500/3669, clip_acc1=88.80000305175781, tta_acc1=86.60000610351562
2025-05-29 16:14:22,826 - log - INFO - iter:500/3669, Original Acc@1: 88.80, Acc@5: 98.20, TTA Acc@1: 86.60, Acc@5: 98.20
2025-05-29 16:15:05,937 - log - INFO - iter:520/3669, clip_acc1=88.65384674072266, tta_acc1=86.92308044433594
2025-05-29 16:15:05,938 - log - INFO - iter:520/3669, Original Acc@1: 88.65, Acc@5: 98.27, TTA Acc@1: 86.92, Acc@5: 98.27
2025-05-29 16:15:48,834 - log - INFO - iter:540/3669, clip_acc1=88.88888549804688, tta_acc1=87.22222137451172
2025-05-29 16:15:48,834 - log - INFO - iter:540/3669, Original Acc@1: 88.89, Acc@5: 98.33, TTA Acc@1: 87.22, Acc@5: 98.33
2025-05-29 16:16:31,549 - log - INFO - iter:560/3669, clip_acc1=89.10713958740234, tta_acc1=87.5
2025-05-29 16:16:31,549 - log - INFO - iter:560/3669, Original Acc@1: 89.11, Acc@5: 98.39, TTA Acc@1: 87.50, Acc@5: 98.39
2025-05-29 16:17:14,473 - log - INFO - iter:580/3669, clip_acc1=88.96551513671875, tta_acc1=87.93103790283203
2025-05-29 16:17:14,473 - log - INFO - iter:580/3669, Original Acc@1: 88.97, Acc@5: 98.10, TTA Acc@1: 87.93, Acc@5: 98.45
2025-05-29 16:17:57,816 - log - INFO - iter:600/3669, clip_acc1=88.83333587646484, tta_acc1=88.0
2025-05-29 16:17:57,816 - log - INFO - iter:600/3669, Original Acc@1: 88.83, Acc@5: 98.17, TTA Acc@1: 88.00, Acc@5: 98.50
2025-05-29 16:18:40,731 - log - INFO - iter:620/3669, clip_acc1=88.2258071899414, tta_acc1=87.74193572998047
2025-05-29 16:18:40,731 - log - INFO - iter:620/3669, Original Acc@1: 88.23, Acc@5: 98.23, TTA Acc@1: 87.74, Acc@5: 98.55
2025-05-29 16:19:24,047 - log - INFO - iter:640/3669, clip_acc1=86.71875, tta_acc1=86.875
2025-05-29 16:19:24,048 - log - INFO - iter:640/3669, Original Acc@1: 86.72, Acc@5: 98.28, TTA Acc@1: 86.88, Acc@5: 98.59
2025-05-29 16:20:07,031 - log - INFO - iter:660/3669, clip_acc1=85.45454406738281, tta_acc1=85.90908813476562
2025-05-29 16:20:07,032 - log - INFO - iter:660/3669, Original Acc@1: 85.45, Acc@5: 98.33, TTA Acc@1: 85.91, Acc@5: 98.64
2025-05-29 16:20:50,029 - log - INFO - iter:680/3669, clip_acc1=83.97058868408203, tta_acc1=85.14706420898438
2025-05-29 16:20:50,029 - log - INFO - iter:680/3669, Original Acc@1: 83.97, Acc@5: 98.24, TTA Acc@1: 85.15, Acc@5: 98.68
2025-05-29 16:21:32,855 - log - INFO - iter:700/3669, clip_acc1=82.85713958740234, tta_acc1=84.71428680419922
2025-05-29 16:21:32,856 - log - INFO - iter:700/3669, Original Acc@1: 82.86, Acc@5: 98.14, TTA Acc@1: 84.71, Acc@5: 98.71
2025-05-29 16:22:15,572 - log - INFO - iter:720/3669, clip_acc1=81.80555725097656, tta_acc1=83.8888931274414
2025-05-29 16:22:15,572 - log - INFO - iter:720/3669, Original Acc@1: 81.81, Acc@5: 97.92, TTA Acc@1: 83.89, Acc@5: 98.75
2025-05-29 16:22:58,693 - log - INFO - iter:740/3669, clip_acc1=81.35135650634766, tta_acc1=83.9189224243164
2025-05-29 16:22:58,693 - log - INFO - iter:740/3669, Original Acc@1: 81.35, Acc@5: 97.97, TTA Acc@1: 83.92, Acc@5: 98.78
2025-05-29 16:23:41,410 - log - INFO - iter:760/3669, clip_acc1=81.44737243652344, tta_acc1=84.21053314208984
2025-05-29 16:23:41,410 - log - INFO - iter:760/3669, Original Acc@1: 81.45, Acc@5: 98.03, TTA Acc@1: 84.21, Acc@5: 98.82
2025-05-29 16:24:23,865 - log - INFO - iter:780/3669, clip_acc1=81.4102554321289, tta_acc1=84.35897827148438
2025-05-29 16:24:23,865 - log - INFO - iter:780/3669, Original Acc@1: 81.41, Acc@5: 98.08, TTA Acc@1: 84.36, Acc@5: 98.85
2025-05-29 16:25:06,403 - log - INFO - iter:800/3669, clip_acc1=81.125, tta_acc1=84.25
2025-05-29 16:25:06,403 - log - INFO - iter:800/3669, Original Acc@1: 81.12, Acc@5: 98.12, TTA Acc@1: 84.25, Acc@5: 98.88
2025-05-29 16:25:49,834 - log - INFO - iter:820/3669, clip_acc1=81.46341705322266, tta_acc1=84.39024353027344
2025-05-29 16:25:49,834 - log - INFO - iter:820/3669, Original Acc@1: 81.46, Acc@5: 98.17, TTA Acc@1: 84.39, Acc@5: 98.90
2025-05-29 16:26:32,692 - log - INFO - iter:840/3669, clip_acc1=81.78572082519531, tta_acc1=84.52381134033203
2025-05-29 16:26:32,692 - log - INFO - iter:840/3669, Original Acc@1: 81.79, Acc@5: 98.21, TTA Acc@1: 84.52, Acc@5: 98.93
2025-05-29 16:27:15,255 - log - INFO - iter:860/3669, clip_acc1=81.97674560546875, tta_acc1=84.65116119384766
2025-05-29 16:27:15,256 - log - INFO - iter:860/3669, Original Acc@1: 81.98, Acc@5: 98.26, TTA Acc@1: 84.65, Acc@5: 98.84
2025-05-29 16:27:57,706 - log - INFO - iter:880/3669, clip_acc1=82.15908813476562, tta_acc1=84.7727279663086
2025-05-29 16:27:57,706 - log - INFO - iter:880/3669, Original Acc@1: 82.16, Acc@5: 98.30, TTA Acc@1: 84.77, Acc@5: 98.86
2025-05-29 16:28:40,357 - log - INFO - iter:900/3669, clip_acc1=82.0, tta_acc1=84.66667175292969
2025-05-29 16:28:40,357 - log - INFO - iter:900/3669, Original Acc@1: 82.00, Acc@5: 98.33, TTA Acc@1: 84.67, Acc@5: 98.89
2025-05-29 16:29:22,935 - log - INFO - iter:920/3669, clip_acc1=82.06521606445312, tta_acc1=84.78260803222656
2025-05-29 16:29:22,936 - log - INFO - iter:920/3669, Original Acc@1: 82.07, Acc@5: 98.37, TTA Acc@1: 84.78, Acc@5: 98.91
2025-05-29 16:30:05,871 - log - INFO - iter:940/3669, clip_acc1=82.02127075195312, tta_acc1=85.0
2025-05-29 16:30:05,872 - log - INFO - iter:940/3669, Original Acc@1: 82.02, Acc@5: 98.40, TTA Acc@1: 85.00, Acc@5: 98.94
2025-05-29 16:30:50,130 - log - INFO - iter:960/3669, clip_acc1=82.08333587646484, tta_acc1=85.10417175292969
2025-05-29 16:30:50,130 - log - INFO - iter:960/3669, Original Acc@1: 82.08, Acc@5: 98.44, TTA Acc@1: 85.10, Acc@5: 98.96
2025-05-29 16:31:32,899 - log - INFO - iter:980/3669, clip_acc1=81.93877410888672, tta_acc1=84.89795684814453
2025-05-29 16:31:32,899 - log - INFO - iter:980/3669, Original Acc@1: 81.94, Acc@5: 98.47, TTA Acc@1: 84.90, Acc@5: 98.98
2025-05-29 16:32:15,719 - log - INFO - iter:1000/3669, clip_acc1=81.80000305175781, tta_acc1=85.10000610351562
2025-05-29 16:32:15,719 - log - INFO - iter:1000/3669, Original Acc@1: 81.80, Acc@5: 98.50, TTA Acc@1: 85.10, Acc@5: 99.00
2025-05-29 16:32:58,635 - log - INFO - iter:1020/3669, clip_acc1=82.05883026123047, tta_acc1=85.29412078857422
2025-05-29 16:32:58,635 - log - INFO - iter:1020/3669, Original Acc@1: 82.06, Acc@5: 98.53, TTA Acc@1: 85.29, Acc@5: 99.02
2025-05-29 16:33:41,760 - log - INFO - iter:1040/3669, clip_acc1=82.01923370361328, tta_acc1=85.48076629638672
2025-05-29 16:33:41,760 - log - INFO - iter:1040/3669, Original Acc@1: 82.02, Acc@5: 98.56, TTA Acc@1: 85.48, Acc@5: 99.04
2025-05-29 16:34:24,896 - log - INFO - iter:1060/3669, clip_acc1=82.35848999023438, tta_acc1=85.75471496582031
2025-05-29 16:34:24,896 - log - INFO - iter:1060/3669, Original Acc@1: 82.36, Acc@5: 98.58, TTA Acc@1: 85.75, Acc@5: 99.06
2025-05-29 16:35:07,679 - log - INFO - iter:1080/3669, clip_acc1=82.59259033203125, tta_acc1=85.9259262084961
2025-05-29 16:35:07,680 - log - INFO - iter:1080/3669, Original Acc@1: 82.59, Acc@5: 98.61, TTA Acc@1: 85.93, Acc@5: 99.07
2025-05-29 16:35:50,829 - log - INFO - iter:1100/3669, clip_acc1=82.36363983154297, tta_acc1=85.81818389892578
2025-05-29 16:35:50,830 - log - INFO - iter:1100/3669, Original Acc@1: 82.36, Acc@5: 98.55, TTA Acc@1: 85.82, Acc@5: 99.09
2025-05-29 16:36:33,618 - log - INFO - iter:1120/3669, clip_acc1=82.23213958740234, tta_acc1=85.89286041259766
2025-05-29 16:36:33,618 - log - INFO - iter:1120/3669, Original Acc@1: 82.23, Acc@5: 98.57, TTA Acc@1: 85.89, Acc@5: 99.11
2025-05-29 16:37:16,372 - log - INFO - iter:1140/3669, clip_acc1=82.19298553466797, tta_acc1=85.96491241455078
2025-05-29 16:37:16,372 - log - INFO - iter:1140/3669, Original Acc@1: 82.19, Acc@5: 98.60, TTA Acc@1: 85.96, Acc@5: 99.12
2025-05-29 16:37:59,392 - log - INFO - iter:1160/3669, clip_acc1=82.06896209716797, tta_acc1=85.86206817626953
2025-05-29 16:37:59,392 - log - INFO - iter:1160/3669, Original Acc@1: 82.07, Acc@5: 98.53, TTA Acc@1: 85.86, Acc@5: 99.14
2025-05-29 16:38:42,290 - log - INFO - iter:1180/3669, clip_acc1=82.03389739990234, tta_acc1=85.84745788574219
2025-05-29 16:38:42,290 - log - INFO - iter:1180/3669, Original Acc@1: 82.03, Acc@5: 98.56, TTA Acc@1: 85.85, Acc@5: 99.15
2025-05-29 16:39:24,941 - log - INFO - iter:1200/3669, clip_acc1=81.5, tta_acc1=86.0
2025-05-29 16:39:24,941 - log - INFO - iter:1200/3669, Original Acc@1: 81.50, Acc@5: 98.50, TTA Acc@1: 86.00, Acc@5: 99.17
2025-05-29 16:40:09,459 - log - INFO - iter:1220/3669, clip_acc1=80.73770141601562, tta_acc1=86.14754486083984
2025-05-29 16:40:09,459 - log - INFO - iter:1220/3669, Original Acc@1: 80.74, Acc@5: 98.44, TTA Acc@1: 86.15, Acc@5: 99.18
2025-05-29 16:40:52,757 - log - INFO - iter:1240/3669, clip_acc1=79.75806427001953, tta_acc1=85.88709259033203
2025-05-29 16:40:52,757 - log - INFO - iter:1240/3669, Original Acc@1: 79.76, Acc@5: 98.47, TTA Acc@1: 85.89, Acc@5: 99.19
2025-05-29 16:41:35,857 - log - INFO - iter:1260/3669, clip_acc1=79.20635223388672, tta_acc1=85.95238494873047
2025-05-29 16:41:35,857 - log - INFO - iter:1260/3669, Original Acc@1: 79.21, Acc@5: 98.49, TTA Acc@1: 85.95, Acc@5: 99.21
2025-05-29 16:42:18,825 - log - INFO - iter:1280/3669, clip_acc1=78.90625, tta_acc1=86.015625
2025-05-29 16:42:18,825 - log - INFO - iter:1280/3669, Original Acc@1: 78.91, Acc@5: 98.44, TTA Acc@1: 86.02, Acc@5: 99.22
2025-05-29 16:43:02,577 - log - INFO - iter:1300/3669, clip_acc1=79.07691955566406, tta_acc1=86.15384674072266
2025-05-29 16:43:02,577 - log - INFO - iter:1300/3669, Original Acc@1: 79.08, Acc@5: 98.46, TTA Acc@1: 86.15, Acc@5: 99.23
2025-05-29 16:43:45,993 - log - INFO - iter:1320/3669, clip_acc1=79.39393615722656, tta_acc1=86.36363220214844
2025-05-29 16:43:45,993 - log - INFO - iter:1320/3669, Original Acc@1: 79.39, Acc@5: 98.48, TTA Acc@1: 86.36, Acc@5: 99.24
2025-05-29 16:44:28,925 - log - INFO - iter:1340/3669, clip_acc1=79.62686920166016, tta_acc1=86.49253845214844
2025-05-29 16:44:28,925 - log - INFO - iter:1340/3669, Original Acc@1: 79.63, Acc@5: 98.43, TTA Acc@1: 86.49, Acc@5: 99.25
2025-05-29 16:45:12,101 - log - INFO - iter:1360/3669, clip_acc1=79.92647552490234, tta_acc1=86.69117736816406
2025-05-29 16:45:12,101 - log - INFO - iter:1360/3669, Original Acc@1: 79.93, Acc@5: 98.46, TTA Acc@1: 86.69, Acc@5: 99.26
2025-05-29 16:45:55,121 - log - INFO - iter:1380/3669, clip_acc1=80.14492797851562, tta_acc1=86.88406372070312
2025-05-29 16:45:55,122 - log - INFO - iter:1380/3669, Original Acc@1: 80.14, Acc@5: 98.48, TTA Acc@1: 86.88, Acc@5: 99.28
2025-05-29 16:46:38,190 - log - INFO - iter:1400/3669, clip_acc1=80.35713958740234, tta_acc1=87.07142639160156
2025-05-29 16:46:38,190 - log - INFO - iter:1400/3669, Original Acc@1: 80.36, Acc@5: 98.50, TTA Acc@1: 87.07, Acc@5: 99.29
2025-05-29 16:47:21,702 - log - INFO - iter:1420/3669, clip_acc1=80.5633773803711, tta_acc1=87.2535171508789
2025-05-29 16:47:21,702 - log - INFO - iter:1420/3669, Original Acc@1: 80.56, Acc@5: 98.52, TTA Acc@1: 87.25, Acc@5: 99.30
2025-05-29 16:48:04,685 - log - INFO - iter:1440/3669, clip_acc1=80.83333587646484, tta_acc1=87.43055725097656
2025-05-29 16:48:04,686 - log - INFO - iter:1440/3669, Original Acc@1: 80.83, Acc@5: 98.54, TTA Acc@1: 87.43, Acc@5: 99.31
2025-05-29 16:48:47,526 - log - INFO - iter:1460/3669, clip_acc1=81.09589385986328, tta_acc1=87.60274505615234
2025-05-29 16:48:47,526 - log - INFO - iter:1460/3669, Original Acc@1: 81.10, Acc@5: 98.56, TTA Acc@1: 87.60, Acc@5: 99.32
2025-05-29 16:49:30,539 - log - INFO - iter:1480/3669, clip_acc1=81.35135650634766, tta_acc1=87.77027130126953
2025-05-29 16:49:30,540 - log - INFO - iter:1480/3669, Original Acc@1: 81.35, Acc@5: 98.58, TTA Acc@1: 87.77, Acc@5: 99.32
2025-05-29 16:50:14,149 - log - INFO - iter:1500/3669, clip_acc1=81.46666717529297, tta_acc1=87.73332977294922
2025-05-29 16:50:14,149 - log - INFO - iter:1500/3669, Original Acc@1: 81.47, Acc@5: 98.60, TTA Acc@1: 87.73, Acc@5: 99.33
2025-05-29 16:50:57,171 - log - INFO - iter:1520/3669, clip_acc1=81.64473724365234, tta_acc1=87.89473724365234
2025-05-29 16:50:57,172 - log - INFO - iter:1520/3669, Original Acc@1: 81.64, Acc@5: 98.62, TTA Acc@1: 87.89, Acc@5: 99.34
2025-05-29 16:51:40,103 - log - INFO - iter:1540/3669, clip_acc1=81.88311767578125, tta_acc1=88.05194854736328
2025-05-29 16:51:40,103 - log - INFO - iter:1540/3669, Original Acc@1: 81.88, Acc@5: 98.64, TTA Acc@1: 88.05, Acc@5: 99.35
2025-05-29 16:52:22,994 - log - INFO - iter:1560/3669, clip_acc1=81.9871826171875, tta_acc1=88.20513153076172
2025-05-29 16:52:22,995 - log - INFO - iter:1560/3669, Original Acc@1: 81.99, Acc@5: 98.65, TTA Acc@1: 88.21, Acc@5: 99.36
2025-05-29 16:53:06,299 - log - INFO - iter:1580/3669, clip_acc1=82.08860778808594, tta_acc1=88.2911376953125
2025-05-29 16:53:06,299 - log - INFO - iter:1580/3669, Original Acc@1: 82.09, Acc@5: 98.67, TTA Acc@1: 88.29, Acc@5: 99.37
2025-05-29 16:53:49,204 - log - INFO - iter:1600/3669, clip_acc1=82.1875, tta_acc1=88.375
2025-05-29 16:53:49,204 - log - INFO - iter:1600/3669, Original Acc@1: 82.19, Acc@5: 98.62, TTA Acc@1: 88.38, Acc@5: 99.38
2025-05-29 16:54:32,470 - log - INFO - iter:1620/3669, clip_acc1=82.3456802368164, tta_acc1=88.51852416992188
2025-05-29 16:54:32,470 - log - INFO - iter:1620/3669, Original Acc@1: 82.35, Acc@5: 98.64, TTA Acc@1: 88.52, Acc@5: 99.38
2025-05-29 16:55:15,710 - log - INFO - iter:1640/3669, clip_acc1=82.56097412109375, tta_acc1=88.65853881835938
2025-05-29 16:55:15,711 - log - INFO - iter:1640/3669, Original Acc@1: 82.56, Acc@5: 98.66, TTA Acc@1: 88.66, Acc@5: 99.39
2025-05-29 16:55:58,928 - log - INFO - iter:1660/3669, clip_acc1=82.71084594726562, tta_acc1=88.73493957519531
2025-05-29 16:55:58,928 - log - INFO - iter:1660/3669, Original Acc@1: 82.71, Acc@5: 98.67, TTA Acc@1: 88.73, Acc@5: 99.40
2025-05-29 16:56:42,226 - log - INFO - iter:1680/3669, clip_acc1=82.85714721679688, tta_acc1=88.86904907226562
2025-05-29 16:56:42,226 - log - INFO - iter:1680/3669, Original Acc@1: 82.86, Acc@5: 98.69, TTA Acc@1: 88.87, Acc@5: 99.40
2025-05-29 16:57:25,218 - log - INFO - iter:1700/3669, clip_acc1=83.0, tta_acc1=88.94116973876953
2025-05-29 16:57:25,218 - log - INFO - iter:1700/3669, Original Acc@1: 83.00, Acc@5: 98.71, TTA Acc@1: 88.94, Acc@5: 99.41
2025-05-29 16:58:08,511 - log - INFO - iter:1720/3669, clip_acc1=83.13953399658203, tta_acc1=89.06977081298828
2025-05-29 16:58:08,511 - log - INFO - iter:1720/3669, Original Acc@1: 83.14, Acc@5: 98.72, TTA Acc@1: 89.07, Acc@5: 99.42
2025-05-29 16:58:51,297 - log - INFO - iter:1740/3669, clip_acc1=83.33333587646484, tta_acc1=89.19540405273438
2025-05-29 16:58:51,297 - log - INFO - iter:1740/3669, Original Acc@1: 83.33, Acc@5: 98.74, TTA Acc@1: 89.20, Acc@5: 99.43
2025-05-29 16:59:34,739 - log - INFO - iter:1760/3669, clip_acc1=83.5227279663086, tta_acc1=89.31817626953125
2025-05-29 16:59:34,739 - log - INFO - iter:1760/3669, Original Acc@1: 83.52, Acc@5: 98.75, TTA Acc@1: 89.32, Acc@5: 99.43
2025-05-29 17:00:19,536 - log - INFO - iter:1780/3669, clip_acc1=83.59550476074219, tta_acc1=89.32584381103516
2025-05-29 17:00:19,537 - log - INFO - iter:1780/3669, Original Acc@1: 83.60, Acc@5: 98.71, TTA Acc@1: 89.33, Acc@5: 99.38
2025-05-29 17:01:03,095 - log - INFO - iter:1800/3669, clip_acc1=83.66667175292969, tta_acc1=89.44445037841797
2025-05-29 17:01:03,095 - log - INFO - iter:1800/3669, Original Acc@1: 83.67, Acc@5: 98.72, TTA Acc@1: 89.44, Acc@5: 99.39
2025-05-29 17:01:46,313 - log - INFO - iter:1820/3669, clip_acc1=83.73626708984375, tta_acc1=89.56044006347656
2025-05-29 17:01:46,313 - log - INFO - iter:1820/3669, Original Acc@1: 83.74, Acc@5: 98.74, TTA Acc@1: 89.56, Acc@5: 99.40
2025-05-29 17:02:30,267 - log - INFO - iter:1840/3669, clip_acc1=83.85868835449219, tta_acc1=89.67391204833984
2025-05-29 17:02:30,267 - log - INFO - iter:1840/3669, Original Acc@1: 83.86, Acc@5: 98.75, TTA Acc@1: 89.67, Acc@5: 99.40
2025-05-29 17:03:13,717 - log - INFO - iter:1860/3669, clip_acc1=84.03225708007812, tta_acc1=89.73118591308594
2025-05-29 17:03:13,717 - log - INFO - iter:1860/3669, Original Acc@1: 84.03, Acc@5: 98.76, TTA Acc@1: 89.73, Acc@5: 99.41
2025-05-29 17:03:56,966 - log - INFO - iter:1880/3669, clip_acc1=84.14893341064453, tta_acc1=89.84042358398438
2025-05-29 17:03:56,966 - log - INFO - iter:1880/3669, Original Acc@1: 84.15, Acc@5: 98.78, TTA Acc@1: 89.84, Acc@5: 99.41
2025-05-29 17:04:40,515 - log - INFO - iter:1900/3669, clip_acc1=84.10526275634766, tta_acc1=89.6842041015625
2025-05-29 17:04:40,515 - log - INFO - iter:1900/3669, Original Acc@1: 84.11, Acc@5: 98.79, TTA Acc@1: 89.68, Acc@5: 99.42
2025-05-29 17:05:24,935 - log - INFO - iter:1920/3669, clip_acc1=84.21875762939453, tta_acc1=89.79167175292969
2025-05-29 17:05:24,935 - log - INFO - iter:1920/3669, Original Acc@1: 84.22, Acc@5: 98.75, TTA Acc@1: 89.79, Acc@5: 99.43
2025-05-29 17:06:08,151 - log - INFO - iter:1940/3669, clip_acc1=84.3814468383789, tta_acc1=89.89691162109375
2025-05-29 17:06:08,151 - log - INFO - iter:1940/3669, Original Acc@1: 84.38, Acc@5: 98.76, TTA Acc@1: 89.90, Acc@5: 99.43
2025-05-29 17:06:51,284 - log - INFO - iter:1960/3669, clip_acc1=84.54080963134766, tta_acc1=89.99999237060547
2025-05-29 17:06:51,284 - log - INFO - iter:1960/3669, Original Acc@1: 84.54, Acc@5: 98.78, TTA Acc@1: 90.00, Acc@5: 99.44
2025-05-29 17:07:34,620 - log - INFO - iter:1980/3669, clip_acc1=84.69697570800781, tta_acc1=90.10101318359375
2025-05-29 17:07:34,620 - log - INFO - iter:1980/3669, Original Acc@1: 84.70, Acc@5: 98.79, TTA Acc@1: 90.10, Acc@5: 99.44
2025-05-29 17:08:17,727 - log - INFO - iter:2000/3669, clip_acc1=84.70000457763672, tta_acc1=90.10000610351562
2025-05-29 17:08:17,727 - log - INFO - iter:2000/3669, Original Acc@1: 84.70, Acc@5: 98.80, TTA Acc@1: 90.10, Acc@5: 99.45
2025-05-29 17:09:00,983 - log - INFO - iter:2020/3669, clip_acc1=84.8019790649414, tta_acc1=90.1980209350586
2025-05-29 17:09:00,983 - log - INFO - iter:2020/3669, Original Acc@1: 84.80, Acc@5: 98.81, TTA Acc@1: 90.20, Acc@5: 99.46
2025-05-29 17:09:45,259 - log - INFO - iter:2040/3669, clip_acc1=84.85294342041016, tta_acc1=90.29412078857422
2025-05-29 17:09:45,259 - log - INFO - iter:2040/3669, Original Acc@1: 84.85, Acc@5: 98.82, TTA Acc@1: 90.29, Acc@5: 99.46
2025-05-29 17:10:28,769 - log - INFO - iter:2060/3669, clip_acc1=84.90291595458984, tta_acc1=90.38835144042969
2025-05-29 17:10:28,769 - log - INFO - iter:2060/3669, Original Acc@1: 84.90, Acc@5: 98.83, TTA Acc@1: 90.39, Acc@5: 99.47
2025-05-29 17:11:11,890 - log - INFO - iter:2080/3669, clip_acc1=85.0, tta_acc1=90.33654022216797
2025-05-29 17:11:11,890 - log - INFO - iter:2080/3669, Original Acc@1: 85.00, Acc@5: 98.85, TTA Acc@1: 90.34, Acc@5: 99.47
2025-05-29 17:11:55,133 - log - INFO - iter:2100/3669, clip_acc1=85.04761505126953, tta_acc1=90.38095092773438
2025-05-29 17:11:55,134 - log - INFO - iter:2100/3669, Original Acc@1: 85.05, Acc@5: 98.81, TTA Acc@1: 90.38, Acc@5: 99.48
2025-05-29 17:12:38,522 - log - INFO - iter:2120/3669, clip_acc1=85.14151000976562, tta_acc1=90.37735748291016
2025-05-29 17:12:38,522 - log - INFO - iter:2120/3669, Original Acc@1: 85.14, Acc@5: 98.82, TTA Acc@1: 90.38, Acc@5: 99.48
2025-05-29 17:13:21,647 - log - INFO - iter:2140/3669, clip_acc1=85.28038024902344, tta_acc1=90.46729278564453
2025-05-29 17:13:21,647 - log - INFO - iter:2140/3669, Original Acc@1: 85.28, Acc@5: 98.83, TTA Acc@1: 90.47, Acc@5: 99.49
2025-05-29 17:14:05,059 - log - INFO - iter:2160/3669, clip_acc1=85.27777862548828, tta_acc1=90.55555725097656
2025-05-29 17:14:05,059 - log - INFO - iter:2160/3669, Original Acc@1: 85.28, Acc@5: 98.84, TTA Acc@1: 90.56, Acc@5: 99.49
2025-05-29 17:14:48,323 - log - INFO - iter:2180/3669, clip_acc1=85.36697387695312, tta_acc1=90.64220428466797
2025-05-29 17:14:48,323 - log - INFO - iter:2180/3669, Original Acc@1: 85.37, Acc@5: 98.85, TTA Acc@1: 90.64, Acc@5: 99.50
2025-05-29 17:15:33,043 - log - INFO - iter:2200/3669, clip_acc1=85.40908813476562, tta_acc1=90.59091186523438
2025-05-29 17:15:33,043 - log - INFO - iter:2200/3669, Original Acc@1: 85.41, Acc@5: 98.86, TTA Acc@1: 90.59, Acc@5: 99.50
2025-05-29 17:16:15,964 - log - INFO - iter:2220/3669, clip_acc1=85.49549865722656, tta_acc1=90.63063049316406
2025-05-29 17:16:15,965 - log - INFO - iter:2220/3669, Original Acc@1: 85.50, Acc@5: 98.87, TTA Acc@1: 90.63, Acc@5: 99.50
2025-05-29 17:16:58,977 - log - INFO - iter:2240/3669, clip_acc1=85.58036041259766, tta_acc1=90.66963958740234
2025-05-29 17:16:58,977 - log - INFO - iter:2240/3669, Original Acc@1: 85.58, Acc@5: 98.88, TTA Acc@1: 90.67, Acc@5: 99.51
2025-05-29 17:17:41,720 - log - INFO - iter:2260/3669, clip_acc1=85.61946868896484, tta_acc1=90.75221252441406
2025-05-29 17:17:41,720 - log - INFO - iter:2260/3669, Original Acc@1: 85.62, Acc@5: 98.89, TTA Acc@1: 90.75, Acc@5: 99.51
2025-05-29 17:18:25,013 - log - INFO - iter:2280/3669, clip_acc1=85.7017593383789, tta_acc1=90.78947448730469
2025-05-29 17:18:25,013 - log - INFO - iter:2280/3669, Original Acc@1: 85.70, Acc@5: 98.90, TTA Acc@1: 90.79, Acc@5: 99.52
2025-05-29 17:19:10,714 - log - INFO - iter:2300/3669, clip_acc1=85.7391357421875, tta_acc1=90.86956787109375
2025-05-29 17:19:10,714 - log - INFO - iter:2300/3669, Original Acc@1: 85.74, Acc@5: 98.87, TTA Acc@1: 90.87, Acc@5: 99.52
2025-05-29 17:19:54,016 - log - INFO - iter:2320/3669, clip_acc1=85.73275756835938, tta_acc1=90.9051742553711
2025-05-29 17:19:54,017 - log - INFO - iter:2320/3669, Original Acc@1: 85.73, Acc@5: 98.88, TTA Acc@1: 90.91, Acc@5: 99.53
2025-05-29 17:20:37,469 - log - INFO - iter:2340/3669, clip_acc1=85.72649383544922, tta_acc1=90.94017028808594
2025-05-29 17:20:37,469 - log - INFO - iter:2340/3669, Original Acc@1: 85.73, Acc@5: 98.89, TTA Acc@1: 90.94, Acc@5: 99.53
2025-05-29 17:21:20,534 - log - INFO - iter:2360/3669, clip_acc1=85.84745788574219, tta_acc1=90.97457885742188
2025-05-29 17:21:20,534 - log - INFO - iter:2360/3669, Original Acc@1: 85.85, Acc@5: 98.90, TTA Acc@1: 90.97, Acc@5: 99.53
2025-05-29 17:22:03,788 - log - INFO - iter:2380/3669, clip_acc1=85.88235473632812, tta_acc1=91.05042266845703
2025-05-29 17:22:03,789 - log - INFO - iter:2380/3669, Original Acc@1: 85.88, Acc@5: 98.91, TTA Acc@1: 91.05, Acc@5: 99.54
2025-05-29 17:22:46,653 - log - INFO - iter:2400/3669, clip_acc1=86.0, tta_acc1=91.125
2025-05-29 17:22:46,654 - log - INFO - iter:2400/3669, Original Acc@1: 86.00, Acc@5: 98.92, TTA Acc@1: 91.12, Acc@5: 99.54
2025-05-29 17:23:29,606 - log - INFO - iter:2420/3669, clip_acc1=86.1156997680664, tta_acc1=91.19834899902344
2025-05-29 17:23:29,607 - log - INFO - iter:2420/3669, Original Acc@1: 86.12, Acc@5: 98.93, TTA Acc@1: 91.20, Acc@5: 99.55
2025-05-29 17:24:13,597 - log - INFO - iter:2440/3669, clip_acc1=86.22950744628906, tta_acc1=91.27049255371094
2025-05-29 17:24:13,597 - log - INFO - iter:2440/3669, Original Acc@1: 86.23, Acc@5: 98.93, TTA Acc@1: 91.27, Acc@5: 99.55
2025-05-29 17:24:56,556 - log - INFO - iter:2460/3669, clip_acc1=86.34146118164062, tta_acc1=91.34146118164062
2025-05-29 17:24:56,556 - log - INFO - iter:2460/3669, Original Acc@1: 86.34, Acc@5: 98.94, TTA Acc@1: 91.34, Acc@5: 99.55
2025-05-29 17:25:39,643 - log - INFO - iter:2480/3669, clip_acc1=86.45161437988281, tta_acc1=91.41128540039062
2025-05-29 17:25:39,643 - log - INFO - iter:2480/3669, Original Acc@1: 86.45, Acc@5: 98.95, TTA Acc@1: 91.41, Acc@5: 99.56
2025-05-29 17:26:22,455 - log - INFO - iter:2500/3669, clip_acc1=86.55999755859375, tta_acc1=91.47999572753906
2025-05-29 17:26:22,455 - log - INFO - iter:2500/3669, Original Acc@1: 86.56, Acc@5: 98.96, TTA Acc@1: 91.48, Acc@5: 99.56
2025-05-29 17:27:05,547 - log - INFO - iter:2520/3669, clip_acc1=86.66666412353516, tta_acc1=91.54762268066406
2025-05-29 17:27:05,547 - log - INFO - iter:2520/3669, Original Acc@1: 86.67, Acc@5: 98.97, TTA Acc@1: 91.55, Acc@5: 99.56
2025-05-29 17:27:48,573 - log - INFO - iter:2540/3669, clip_acc1=86.77165222167969, tta_acc1=91.61417388916016
2025-05-29 17:27:48,573 - log - INFO - iter:2540/3669, Original Acc@1: 86.77, Acc@5: 98.98, TTA Acc@1: 91.61, Acc@5: 99.57
2025-05-29 17:28:31,813 - log - INFO - iter:2560/3669, clip_acc1=86.8359375, tta_acc1=91.640625
2025-05-29 17:28:31,814 - log - INFO - iter:2560/3669, Original Acc@1: 86.84, Acc@5: 98.98, TTA Acc@1: 91.64, Acc@5: 99.57
2025-05-29 17:29:15,142 - log - INFO - iter:2580/3669, clip_acc1=86.93798065185547, tta_acc1=91.70542907714844
2025-05-29 17:29:15,143 - log - INFO - iter:2580/3669, Original Acc@1: 86.94, Acc@5: 98.99, TTA Acc@1: 91.71, Acc@5: 99.57
2025-05-29 17:29:58,089 - log - INFO - iter:2600/3669, clip_acc1=86.53845977783203, tta_acc1=91.34615325927734
2025-05-29 17:29:58,089 - log - INFO - iter:2600/3669, Original Acc@1: 86.54, Acc@5: 98.96, TTA Acc@1: 91.35, Acc@5: 99.58
2025-05-29 17:30:42,075 - log - INFO - iter:2620/3669, clip_acc1=86.2595443725586, tta_acc1=91.10687255859375
2025-05-29 17:30:42,075 - log - INFO - iter:2620/3669, Original Acc@1: 86.26, Acc@5: 98.97, TTA Acc@1: 91.11, Acc@5: 99.58
2025-05-29 17:31:25,038 - log - INFO - iter:2640/3669, clip_acc1=86.06060028076172, tta_acc1=91.06060028076172
2025-05-29 17:31:25,039 - log - INFO - iter:2640/3669, Original Acc@1: 86.06, Acc@5: 98.98, TTA Acc@1: 91.06, Acc@5: 99.58
2025-05-29 17:32:08,415 - log - INFO - iter:2660/3669, clip_acc1=85.93984985351562, tta_acc1=90.90225982666016
2025-05-29 17:32:08,416 - log - INFO - iter:2660/3669, Original Acc@1: 85.94, Acc@5: 98.98, TTA Acc@1: 90.90, Acc@5: 99.59
2025-05-29 17:32:51,479 - log - INFO - iter:2680/3669, clip_acc1=85.70895385742188, tta_acc1=90.70895385742188
2025-05-29 17:32:51,479 - log - INFO - iter:2680/3669, Original Acc@1: 85.71, Acc@5: 98.99, TTA Acc@1: 90.71, Acc@5: 99.59
2025-05-29 17:33:34,483 - log - INFO - iter:2700/3669, clip_acc1=85.74073791503906, tta_acc1=90.77777862548828
2025-05-29 17:33:34,483 - log - INFO - iter:2700/3669, Original Acc@1: 85.74, Acc@5: 99.00, TTA Acc@1: 90.78, Acc@5: 99.59
2025-05-29 17:34:17,706 - log - INFO - iter:2720/3669, clip_acc1=85.69853210449219, tta_acc1=90.80882263183594
2025-05-29 17:34:17,706 - log - INFO - iter:2720/3669, Original Acc@1: 85.70, Acc@5: 98.97, TTA Acc@1: 90.81, Acc@5: 99.60
2025-05-29 17:35:01,195 - log - INFO - iter:2740/3669, clip_acc1=85.76641845703125, tta_acc1=90.83940887451172
2025-05-29 17:35:01,195 - log - INFO - iter:2740/3669, Original Acc@1: 85.77, Acc@5: 98.98, TTA Acc@1: 90.84, Acc@5: 99.60
2025-05-29 17:35:44,569 - log - INFO - iter:2760/3669, clip_acc1=85.79710388183594, tta_acc1=90.86956787109375
2025-05-29 17:35:44,569 - log - INFO - iter:2760/3669, Original Acc@1: 85.80, Acc@5: 98.99, TTA Acc@1: 90.87, Acc@5: 99.60
2025-05-29 17:36:28,067 - log - INFO - iter:2780/3669, clip_acc1=85.6834487915039, tta_acc1=90.89927673339844
2025-05-29 17:36:28,067 - log - INFO - iter:2780/3669, Original Acc@1: 85.68, Acc@5: 98.96, TTA Acc@1: 90.90, Acc@5: 99.57
2025-05-29 17:37:11,421 - log - INFO - iter:2800/3669, clip_acc1=85.71428680419922, tta_acc1=90.89285278320312
2025-05-29 17:37:11,422 - log - INFO - iter:2800/3669, Original Acc@1: 85.71, Acc@5: 98.93, TTA Acc@1: 90.89, Acc@5: 99.54
2025-05-29 17:37:54,196 - log - INFO - iter:2820/3669, clip_acc1=85.81559753417969, tta_acc1=90.95744323730469
2025-05-29 17:37:54,196 - log - INFO - iter:2820/3669, Original Acc@1: 85.82, Acc@5: 98.94, TTA Acc@1: 90.96, Acc@5: 99.54
2025-05-29 17:38:37,359 - log - INFO - iter:2840/3669, clip_acc1=85.91548919677734, tta_acc1=91.02112579345703
2025-05-29 17:38:37,359 - log - INFO - iter:2840/3669, Original Acc@1: 85.92, Acc@5: 98.94, TTA Acc@1: 91.02, Acc@5: 99.54
2025-05-29 17:39:20,648 - log - INFO - iter:2860/3669, clip_acc1=85.9790267944336, tta_acc1=91.08392333984375
2025-05-29 17:39:20,648 - log - INFO - iter:2860/3669, Original Acc@1: 85.98, Acc@5: 98.95, TTA Acc@1: 91.08, Acc@5: 99.55
2025-05-29 17:40:03,919 - log - INFO - iter:2880/3669, clip_acc1=86.0763931274414, tta_acc1=91.14583587646484
2025-05-29 17:40:03,920 - log - INFO - iter:2880/3669, Original Acc@1: 86.08, Acc@5: 98.96, TTA Acc@1: 91.15, Acc@5: 99.55
2025-05-29 17:40:48,126 - log - INFO - iter:2900/3669, clip_acc1=86.17241668701172, tta_acc1=91.20690155029297
2025-05-29 17:40:48,127 - log - INFO - iter:2900/3669, Original Acc@1: 86.17, Acc@5: 98.97, TTA Acc@1: 91.21, Acc@5: 99.55
2025-05-29 17:41:31,097 - log - INFO - iter:2920/3669, clip_acc1=86.23287963867188, tta_acc1=91.26712799072266
2025-05-29 17:41:31,097 - log - INFO - iter:2920/3669, Original Acc@1: 86.23, Acc@5: 98.97, TTA Acc@1: 91.27, Acc@5: 99.55
2025-05-29 17:42:14,360 - log - INFO - iter:2940/3669, clip_acc1=86.32653045654297, tta_acc1=91.32653045654297
2025-05-29 17:42:14,360 - log - INFO - iter:2940/3669, Original Acc@1: 86.33, Acc@5: 98.98, TTA Acc@1: 91.33, Acc@5: 99.56
2025-05-29 17:42:57,280 - log - INFO - iter:2960/3669, clip_acc1=86.38513946533203, tta_acc1=91.38513946533203
2025-05-29 17:42:57,280 - log - INFO - iter:2960/3669, Original Acc@1: 86.39, Acc@5: 98.99, TTA Acc@1: 91.39, Acc@5: 99.56
2025-05-29 17:43:40,603 - log - INFO - iter:2980/3669, clip_acc1=86.47651672363281, tta_acc1=91.44295501708984
2025-05-29 17:43:40,603 - log - INFO - iter:2980/3669, Original Acc@1: 86.48, Acc@5: 98.99, TTA Acc@1: 91.44, Acc@5: 99.56
2025-05-29 17:44:23,620 - log - INFO - iter:3000/3669, clip_acc1=86.53333282470703, tta_acc1=91.5
2025-05-29 17:44:23,620 - log - INFO - iter:3000/3669, Original Acc@1: 86.53, Acc@5: 99.00, TTA Acc@1: 91.50, Acc@5: 99.57
2025-05-29 17:45:06,683 - log - INFO - iter:3020/3669, clip_acc1=86.62252044677734, tta_acc1=91.52317810058594
2025-05-29 17:45:06,683 - log - INFO - iter:3020/3669, Original Acc@1: 86.62, Acc@5: 99.01, TTA Acc@1: 91.52, Acc@5: 99.57
2025-05-29 17:45:50,188 - log - INFO - iter:3040/3669, clip_acc1=86.71053314208984, tta_acc1=91.57894897460938
2025-05-29 17:45:50,189 - log - INFO - iter:3040/3669, Original Acc@1: 86.71, Acc@5: 99.01, TTA Acc@1: 91.58, Acc@5: 99.57
2025-05-29 17:46:33,380 - log - INFO - iter:3060/3669, clip_acc1=86.73202514648438, tta_acc1=91.53594970703125
2025-05-29 17:46:33,381 - log - INFO - iter:3060/3669, Original Acc@1: 86.73, Acc@5: 99.02, TTA Acc@1: 91.54, Acc@5: 99.58
2025-05-29 17:47:16,308 - log - INFO - iter:3080/3669, clip_acc1=86.81818389892578, tta_acc1=91.59090423583984
2025-05-29 17:47:16,308 - log - INFO - iter:3080/3669, Original Acc@1: 86.82, Acc@5: 99.03, TTA Acc@1: 91.59, Acc@5: 99.58
2025-05-29 17:47:59,284 - log - INFO - iter:3100/3669, clip_acc1=86.90322875976562, tta_acc1=91.61290740966797
2025-05-29 17:47:59,284 - log - INFO - iter:3100/3669, Original Acc@1: 86.90, Acc@5: 99.03, TTA Acc@1: 91.61, Acc@5: 99.58
2025-05-29 17:48:42,417 - log - INFO - iter:3120/3669, clip_acc1=86.95513153076172, tta_acc1=91.66667175292969
2025-05-29 17:48:42,418 - log - INFO - iter:3120/3669, Original Acc@1: 86.96, Acc@5: 99.04, TTA Acc@1: 91.67, Acc@5: 99.58
2025-05-29 17:49:25,276 - log - INFO - iter:3140/3669, clip_acc1=87.03821563720703, tta_acc1=91.7197494506836
2025-05-29 17:49:25,277 - log - INFO - iter:3140/3669, Original Acc@1: 87.04, Acc@5: 99.04, TTA Acc@1: 91.72, Acc@5: 99.59
2025-05-29 17:50:09,034 - log - INFO - iter:3160/3669, clip_acc1=87.12025451660156, tta_acc1=91.77215576171875
2025-05-29 17:50:09,034 - log - INFO - iter:3160/3669, Original Acc@1: 87.12, Acc@5: 99.05, TTA Acc@1: 91.77, Acc@5: 99.59
2025-05-29 17:50:52,255 - log - INFO - iter:3180/3669, clip_acc1=87.16980743408203, tta_acc1=91.82389831542969
2025-05-29 17:50:52,255 - log - INFO - iter:3180/3669, Original Acc@1: 87.17, Acc@5: 99.06, TTA Acc@1: 91.82, Acc@5: 99.59
2025-05-29 17:51:34,971 - log - INFO - iter:3200/3669, clip_acc1=87.09375, tta_acc1=91.8125
2025-05-29 17:51:34,971 - log - INFO - iter:3200/3669, Original Acc@1: 87.09, Acc@5: 99.06, TTA Acc@1: 91.81, Acc@5: 99.59
2025-05-29 17:52:18,178 - log - INFO - iter:3220/3669, clip_acc1=87.11180114746094, tta_acc1=91.86334991455078
2025-05-29 17:52:18,178 - log - INFO - iter:3220/3669, Original Acc@1: 87.11, Acc@5: 99.07, TTA Acc@1: 91.86, Acc@5: 99.60
2025-05-29 17:53:01,231 - log - INFO - iter:3240/3669, clip_acc1=87.19136047363281, tta_acc1=91.91358184814453
2025-05-29 17:53:01,231 - log - INFO - iter:3240/3669, Original Acc@1: 87.19, Acc@5: 99.07, TTA Acc@1: 91.91, Acc@5: 99.60
2025-05-29 17:53:44,298 - log - INFO - iter:3260/3669, clip_acc1=87.26993560791016, tta_acc1=91.96318817138672
2025-05-29 17:53:44,298 - log - INFO - iter:3260/3669, Original Acc@1: 87.27, Acc@5: 99.08, TTA Acc@1: 91.96, Acc@5: 99.60
2025-05-29 17:54:27,336 - log - INFO - iter:3280/3669, clip_acc1=87.34756469726562, tta_acc1=92.01219177246094
2025-05-29 17:54:27,336 - log - INFO - iter:3280/3669, Original Acc@1: 87.35, Acc@5: 99.09, TTA Acc@1: 92.01, Acc@5: 99.60
2025-05-29 17:55:11,834 - log - INFO - iter:3300/3669, clip_acc1=87.3939437866211, tta_acc1=92.06060791015625
2025-05-29 17:55:11,834 - log - INFO - iter:3300/3669, Original Acc@1: 87.39, Acc@5: 99.09, TTA Acc@1: 92.06, Acc@5: 99.61
2025-05-29 17:55:54,902 - log - INFO - iter:3320/3669, clip_acc1=87.46987915039062, tta_acc1=92.10843658447266
2025-05-29 17:55:54,902 - log - INFO - iter:3320/3669, Original Acc@1: 87.47, Acc@5: 99.10, TTA Acc@1: 92.11, Acc@5: 99.61
2025-05-29 17:56:38,078 - log - INFO - iter:3340/3669, clip_acc1=87.51496887207031, tta_acc1=92.15569305419922
2025-05-29 17:56:38,078 - log - INFO - iter:3340/3669, Original Acc@1: 87.51, Acc@5: 99.10, TTA Acc@1: 92.16, Acc@5: 99.61
2025-05-29 17:57:21,196 - log - INFO - iter:3360/3669, clip_acc1=87.55952453613281, tta_acc1=92.20238494873047
2025-05-29 17:57:21,196 - log - INFO - iter:3360/3669, Original Acc@1: 87.56, Acc@5: 99.11, TTA Acc@1: 92.20, Acc@5: 99.61
2025-05-29 17:58:04,392 - log - INFO - iter:3380/3669, clip_acc1=87.63313293457031, tta_acc1=92.24851989746094
2025-05-29 17:58:04,392 - log - INFO - iter:3380/3669, Original Acc@1: 87.63, Acc@5: 99.11, TTA Acc@1: 92.25, Acc@5: 99.62
2025-05-29 17:58:47,484 - log - INFO - iter:3400/3669, clip_acc1=87.52941131591797, tta_acc1=92.26470184326172
2025-05-29 17:58:47,484 - log - INFO - iter:3400/3669, Original Acc@1: 87.53, Acc@5: 99.12, TTA Acc@1: 92.26, Acc@5: 99.62
2025-05-29 17:59:30,217 - log - INFO - iter:3420/3669, clip_acc1=87.39765930175781, tta_acc1=92.25145721435547
2025-05-29 17:59:30,217 - log - INFO - iter:3420/3669, Original Acc@1: 87.40, Acc@5: 99.12, TTA Acc@1: 92.25, Acc@5: 99.62
2025-05-29 18:00:13,919 - log - INFO - iter:3440/3669, clip_acc1=87.35465240478516, tta_acc1=92.2965087890625
2025-05-29 18:00:13,919 - log - INFO - iter:3440/3669, Original Acc@1: 87.35, Acc@5: 99.13, TTA Acc@1: 92.30, Acc@5: 99.62
2025-05-29 18:00:57,078 - log - INFO - iter:3460/3669, clip_acc1=87.39884185791016, tta_acc1=92.3410415649414
2025-05-29 18:00:57,078 - log - INFO - iter:3460/3669, Original Acc@1: 87.40, Acc@5: 99.13, TTA Acc@1: 92.34, Acc@5: 99.62
2025-05-29 18:01:40,056 - log - INFO - iter:3480/3669, clip_acc1=87.32758331298828, tta_acc1=92.3563232421875
2025-05-29 18:01:40,056 - log - INFO - iter:3480/3669, Original Acc@1: 87.33, Acc@5: 99.14, TTA Acc@1: 92.36, Acc@5: 99.60
2025-05-29 18:02:23,637 - log - INFO - iter:3500/3669, clip_acc1=87.4000015258789, tta_acc1=92.37142944335938
2025-05-29 18:02:23,637 - log - INFO - iter:3500/3669, Original Acc@1: 87.40, Acc@5: 99.14, TTA Acc@1: 92.37, Acc@5: 99.60
2025-05-29 18:03:22,521 - log - INFO - iter:3520/3669, clip_acc1=87.44317626953125, tta_acc1=92.38636016845703
2025-05-29 18:03:22,522 - log - INFO - iter:3520/3669, Original Acc@1: 87.44, Acc@5: 99.15, TTA Acc@1: 92.39, Acc@5: 99.60
2025-05-29 18:04:05,516 - log - INFO - iter:3540/3669, clip_acc1=87.51412963867188, tta_acc1=92.42938232421875
2025-05-29 18:04:05,516 - log - INFO - iter:3540/3669, Original Acc@1: 87.51, Acc@5: 99.15, TTA Acc@1: 92.43, Acc@5: 99.60
2025-05-29 18:04:48,709 - log - INFO - iter:3560/3669, clip_acc1=87.52809143066406, tta_acc1=92.47190856933594
2025-05-29 18:04:48,709 - log - INFO - iter:3560/3669, Original Acc@1: 87.53, Acc@5: 99.16, TTA Acc@1: 92.47, Acc@5: 99.61
2025-05-29 18:05:33,039 - log - INFO - iter:3580/3669, clip_acc1=87.56983184814453, tta_acc1=92.48603057861328
2025-05-29 18:05:33,039 - log - INFO - iter:3580/3669, Original Acc@1: 87.57, Acc@5: 99.16, TTA Acc@1: 92.49, Acc@5: 99.61
2025-05-29 18:06:16,071 - log - INFO - iter:3600/3669, clip_acc1=87.6388931274414, tta_acc1=92.52777862548828
2025-05-29 18:06:16,071 - log - INFO - iter:3600/3669, Original Acc@1: 87.64, Acc@5: 99.17, TTA Acc@1: 92.53, Acc@5: 99.61
2025-05-29 18:06:59,388 - log - INFO - iter:3620/3669, clip_acc1=87.7071762084961, tta_acc1=92.56905364990234
2025-05-29 18:06:59,389 - log - INFO - iter:3620/3669, Original Acc@1: 87.71, Acc@5: 99.17, TTA Acc@1: 92.57, Acc@5: 99.61
2025-05-29 18:07:42,753 - log - INFO - iter:3640/3669, clip_acc1=87.77472686767578, tta_acc1=92.60989379882812
2025-05-29 18:07:42,753 - log - INFO - iter:3640/3669, Original Acc@1: 87.77, Acc@5: 99.18, TTA Acc@1: 92.61, Acc@5: 99.62
2025-05-29 18:08:25,904 - log - INFO - iter:3660/3669, clip_acc1=87.8415298461914, tta_acc1=92.65027618408203
2025-05-29 18:08:25,904 - log - INFO - iter:3660/3669, Original Acc@1: 87.84, Acc@5: 99.18, TTA Acc@1: 92.65, Acc@5: 99.62
2025-05-29 18:08:43,442 - log - INFO - iter:3669/3669, clip_acc1=87.8440933227539, tta_acc1=92.66829681396484
2025-05-29 18:08:43,443 - log - INFO - iter:3669/3669, Original Acc@1: 87.84, Acc@5: 99.18, TTA Acc@1: 92.67, Acc@5: 99.62
2025-05-29 18:08:43,563 - log - INFO - Final results - Original Acc@1: 87.84, Acc@5: 99.18, TTA Acc@1: 92.67, Acc@5: 99.62
2025-05-29 18:08:43,563 - log - INFO - Improvement from TTA in Acc@1 4.82, and Acc@5 0.44
2025-05-29 18:08:43,563 - log - INFO - => Acc. on testset [Pets]: Clean Acc @1 87.8440933227539/ TTA Clean Acc @1 92.66829681396484, Clean Acc @5 99.18233489990234/ TTA Clean Acc @5 99.61842346191406
2025-05-29 18:08:43,563 - log - INFO - Total script execution time: 8001.65 seconds (133.36 minutes)
