2025-06-05 17:09:22,225 - log - INFO - ==========================================
data:/leonardo_work/EUHPC_R04_192/fmohamma/Adversarial_Robust_Clip/atpt_data/downstream_datasets
test_sets:Flower102
dataset_mode:test
arch:delta_clip_l14_224
resolution:224
workers:4
no_pin_memory:False
batch_size:64
print_freq:20
gpu:0
no_cudnn_benchmark:False
n_ctx:4
ctx_init:a_photo_of_a
tpt_loss:rtpt
seed:0
output_dir:/leonardo_work/EUHPC_R04_192/fmohamma/Adversarial_Robust_Clip/atpt_data/delta_clip_l14_224/Flower102
log_output_dir:/leonardo_work/EUHPC_R04_192/fmohamma/Adversarial_Robust_Clip/ATPT/Final_Results/delta_clip_l14_224/Flower102
eps:0.0
alpha:0.0
alpha_eps_ratio:4.0
steps:0
lr:0.005
selection_p:0.1
tta_steps:0
ensemble_type:none
top_k:20
softmax_temp:0.01
counter_attack:True
counter_attack_type:pgd
counter_attack_steps:0
counter_attack_eps:4.0
counter_attack_alpha:1.0
counter_attack_tau_thres:0.2
counter_attack_beta:2.0
counter_attack_weighted_perturbations:True
pgd_clip_pure_i_text_embeddings:null
pgd_counter_and_clipure_i_lamda:1.0
selected_id_name:selected_topk.json
weighted_score_name:weighted_scores.json
batch_entropy_name:entropies.json
log_dir:/leonardo_work/EUHPC_R04_192/fmohamma/Adversarial_Robust_Clip/ATPT/Final_Results/delta_clip_l14_224/Flower102/Clean/Counter_Attack/Eps_4_0_Steps_0_Alpha_1_0/tau_0_2_beta_2_0_weighted_pertrubation_True/No_TPT/Inference_Ensemble_none

2025-06-05 17:09:22,226 - log - INFO - Use GPU: 0 for training
2025-06-05 17:10:54,632 - log - INFO - Freezing all parameters except prompt learner
2025-06-05 17:10:54,634 - log - INFO - => Model created: visual backbone delta_clip_l14_224
2025-06-05 17:10:54,643 - log - INFO - Number of test samples: 2463
2025-06-05 17:10:54,643 - log - INFO - Evaluating dataset: Flower102
2025-06-05 17:10:54,645 - log - INFO - Starting evaluation with batch size: 64, selection percentage: 0.1
2025-06-05 17:10:54,645 - log - INFO - Test-time adaptation steps: 0, learning rate: 0.005
2025-06-05 17:10:54,645 - log - INFO - Using counter-attack with epsilon: 4.000000, alpha: 0.000000, steps: 0, tau_thres: 0.2, beta: 2.0, weighted perturbation: True
2025-06-05 17:11:33,715 - log - INFO - iter:20/2463, clip_acc1=100.0, tta_acc1=100.0
2025-06-05 17:11:33,715 - log - INFO - iter:20/2463, Original Acc@1: 100.00, Acc@5: 100.00, TTA Acc@1: 100.00, Acc@5: 100.00
2025-06-05 17:12:09,528 - log - INFO - iter:40/2463, clip_acc1=100.0, tta_acc1=100.0
2025-06-05 17:12:09,528 - log - INFO - iter:40/2463, Original Acc@1: 100.00, Acc@5: 100.00, TTA Acc@1: 100.00, Acc@5: 100.00
2025-06-05 17:12:45,249 - log - INFO - iter:60/2463, clip_acc1=100.00000762939453, tta_acc1=100.00000762939453
2025-06-05 17:12:45,250 - log - INFO - iter:60/2463, Original Acc@1: 100.00, Acc@5: 100.00, TTA Acc@1: 100.00, Acc@5: 100.00
2025-06-05 17:13:20,857 - log - INFO - iter:80/2463, clip_acc1=100.0, tta_acc1=100.0
2025-06-05 17:13:20,858 - log - INFO - iter:80/2463, Original Acc@1: 100.00, Acc@5: 100.00, TTA Acc@1: 100.00, Acc@5: 100.00
2025-06-05 17:13:56,716 - log - INFO - iter:100/2463, clip_acc1=100.0, tta_acc1=100.0
2025-06-05 17:13:56,716 - log - INFO - iter:100/2463, Original Acc@1: 100.00, Acc@5: 100.00, TTA Acc@1: 100.00, Acc@5: 100.00
2025-06-05 17:14:32,524 - log - INFO - iter:120/2463, clip_acc1=100.00000762939453, tta_acc1=100.00000762939453
2025-06-05 17:14:32,524 - log - INFO - iter:120/2463, Original Acc@1: 100.00, Acc@5: 100.00, TTA Acc@1: 100.00, Acc@5: 100.00
2025-06-05 17:15:08,362 - log - INFO - iter:140/2463, clip_acc1=99.28571319580078, tta_acc1=99.28571319580078
2025-06-05 17:15:08,362 - log - INFO - iter:140/2463, Original Acc@1: 99.29, Acc@5: 100.00, TTA Acc@1: 99.29, Acc@5: 100.00
2025-06-05 17:15:44,169 - log - INFO - iter:160/2463, clip_acc1=98.75, tta_acc1=98.75
2025-06-05 17:15:44,169 - log - INFO - iter:160/2463, Original Acc@1: 98.75, Acc@5: 100.00, TTA Acc@1: 98.75, Acc@5: 100.00
2025-06-05 17:16:19,997 - log - INFO - iter:180/2463, clip_acc1=96.66667175292969, tta_acc1=96.66667175292969
2025-06-05 17:16:19,998 - log - INFO - iter:180/2463, Original Acc@1: 96.67, Acc@5: 99.44, TTA Acc@1: 96.67, Acc@5: 99.44
2025-06-05 17:16:55,699 - log - INFO - iter:200/2463, clip_acc1=87.0, tta_acc1=87.0
2025-06-05 17:16:55,699 - log - INFO - iter:200/2463, Original Acc@1: 87.00, Acc@5: 89.50, TTA Acc@1: 87.00, Acc@5: 89.50
2025-06-05 17:17:31,419 - log - INFO - iter:220/2463, clip_acc1=79.09090423583984, tta_acc1=79.09090423583984
2025-06-05 17:17:31,420 - log - INFO - iter:220/2463, Original Acc@1: 79.09, Acc@5: 81.36, TTA Acc@1: 79.09, Acc@5: 81.36
2025-06-05 17:18:07,120 - log - INFO - iter:240/2463, clip_acc1=75.00000762939453, tta_acc1=75.00000762939453
2025-06-05 17:18:07,120 - log - INFO - iter:240/2463, Original Acc@1: 75.00, Acc@5: 77.08, TTA Acc@1: 75.00, Acc@5: 77.08
2025-06-05 17:18:42,779 - log - INFO - iter:260/2463, clip_acc1=76.92308044433594, tta_acc1=76.92308044433594
2025-06-05 17:18:42,779 - log - INFO - iter:260/2463, Original Acc@1: 76.92, Acc@5: 78.85, TTA Acc@1: 76.92, Acc@5: 78.85
2025-06-05 17:19:18,479 - log - INFO - iter:280/2463, clip_acc1=78.57142639160156, tta_acc1=78.57142639160156
2025-06-05 17:19:18,479 - log - INFO - iter:280/2463, Original Acc@1: 78.57, Acc@5: 80.36, TTA Acc@1: 78.57, Acc@5: 80.36
2025-06-05 17:19:54,189 - log - INFO - iter:300/2463, clip_acc1=74.66667175292969, tta_acc1=74.66667175292969
2025-06-05 17:19:54,190 - log - INFO - iter:300/2463, Original Acc@1: 74.67, Acc@5: 79.33, TTA Acc@1: 74.67, Acc@5: 79.33
2025-06-05 17:20:29,926 - log - INFO - iter:320/2463, clip_acc1=70.0, tta_acc1=70.0
2025-06-05 17:20:29,926 - log - INFO - iter:320/2463, Original Acc@1: 70.00, Acc@5: 78.12, TTA Acc@1: 70.00, Acc@5: 78.12
2025-06-05 17:21:05,681 - log - INFO - iter:340/2463, clip_acc1=65.88235473632812, tta_acc1=65.88235473632812
2025-06-05 17:21:05,681 - log - INFO - iter:340/2463, Original Acc@1: 65.88, Acc@5: 77.65, TTA Acc@1: 65.88, Acc@5: 77.65
2025-06-05 17:21:41,483 - log - INFO - iter:360/2463, clip_acc1=66.66667175292969, tta_acc1=66.66667175292969
2025-06-05 17:21:41,483 - log - INFO - iter:360/2463, Original Acc@1: 66.67, Acc@5: 78.61, TTA Acc@1: 66.67, Acc@5: 78.61
2025-06-05 17:22:17,126 - log - INFO - iter:380/2463, clip_acc1=67.89473724365234, tta_acc1=67.89473724365234
2025-06-05 17:22:17,126 - log - INFO - iter:380/2463, Original Acc@1: 67.89, Acc@5: 79.74, TTA Acc@1: 67.89, Acc@5: 79.74
2025-06-05 17:22:52,838 - log - INFO - iter:400/2463, clip_acc1=68.25, tta_acc1=68.25
2025-06-05 17:22:52,838 - log - INFO - iter:400/2463, Original Acc@1: 68.25, Acc@5: 80.75, TTA Acc@1: 68.25, Acc@5: 80.75
2025-06-05 17:23:28,434 - log - INFO - iter:420/2463, clip_acc1=65.23809814453125, tta_acc1=65.23809814453125
2025-06-05 17:23:28,434 - log - INFO - iter:420/2463, Original Acc@1: 65.24, Acc@5: 81.67, TTA Acc@1: 65.24, Acc@5: 81.67
2025-06-05 17:24:04,253 - log - INFO - iter:440/2463, clip_acc1=62.499996185302734, tta_acc1=62.499996185302734
2025-06-05 17:24:04,253 - log - INFO - iter:440/2463, Original Acc@1: 62.50, Acc@5: 82.27, TTA Acc@1: 62.50, Acc@5: 82.27
2025-06-05 17:24:39,828 - log - INFO - iter:460/2463, clip_acc1=60.21738815307617, tta_acc1=60.21738815307617
2025-06-05 17:24:39,828 - log - INFO - iter:460/2463, Original Acc@1: 60.22, Acc@5: 83.04, TTA Acc@1: 60.22, Acc@5: 83.04
2025-06-05 17:25:15,580 - log - INFO - iter:480/2463, clip_acc1=60.000003814697266, tta_acc1=60.000003814697266
2025-06-05 17:25:15,580 - log - INFO - iter:480/2463, Original Acc@1: 60.00, Acc@5: 83.54, TTA Acc@1: 60.00, Acc@5: 83.54
2025-06-05 17:25:51,344 - log - INFO - iter:500/2463, clip_acc1=61.60000228881836, tta_acc1=61.60000228881836
2025-06-05 17:25:51,344 - log - INFO - iter:500/2463, Original Acc@1: 61.60, Acc@5: 84.20, TTA Acc@1: 61.60, Acc@5: 84.20
2025-06-05 17:26:27,108 - log - INFO - iter:520/2463, clip_acc1=63.07692337036133, tta_acc1=63.07692337036133
2025-06-05 17:26:27,108 - log - INFO - iter:520/2463, Original Acc@1: 63.08, Acc@5: 84.81, TTA Acc@1: 63.08, Acc@5: 84.81
2025-06-05 17:27:02,899 - log - INFO - iter:540/2463, clip_acc1=64.44444274902344, tta_acc1=64.44444274902344
2025-06-05 17:27:02,899 - log - INFO - iter:540/2463, Original Acc@1: 64.44, Acc@5: 85.37, TTA Acc@1: 64.44, Acc@5: 85.37
2025-06-05 17:27:38,553 - log - INFO - iter:560/2463, clip_acc1=65.53571319580078, tta_acc1=65.53571319580078
2025-06-05 17:27:38,553 - log - INFO - iter:560/2463, Original Acc@1: 65.54, Acc@5: 85.89, TTA Acc@1: 65.54, Acc@5: 85.89
2025-06-05 17:28:14,295 - log - INFO - iter:580/2463, clip_acc1=66.72413635253906, tta_acc1=66.72413635253906
2025-06-05 17:28:14,295 - log - INFO - iter:580/2463, Original Acc@1: 66.72, Acc@5: 86.38, TTA Acc@1: 66.72, Acc@5: 86.38
2025-06-05 17:28:49,985 - log - INFO - iter:600/2463, clip_acc1=67.83333587646484, tta_acc1=67.83333587646484
2025-06-05 17:28:49,985 - log - INFO - iter:600/2463, Original Acc@1: 67.83, Acc@5: 86.83, TTA Acc@1: 67.83, Acc@5: 86.83
2025-06-05 17:29:25,718 - log - INFO - iter:620/2463, clip_acc1=68.70967864990234, tta_acc1=68.70967864990234
2025-06-05 17:29:25,718 - log - INFO - iter:620/2463, Original Acc@1: 68.71, Acc@5: 87.26, TTA Acc@1: 68.71, Acc@5: 87.26
2025-06-05 17:30:01,599 - log - INFO - iter:640/2463, clip_acc1=69.6875, tta_acc1=69.6875
2025-06-05 17:30:01,600 - log - INFO - iter:640/2463, Original Acc@1: 69.69, Acc@5: 87.66, TTA Acc@1: 69.69, Acc@5: 87.66
2025-06-05 17:30:37,363 - log - INFO - iter:660/2463, clip_acc1=68.48484802246094, tta_acc1=68.48484802246094
2025-06-05 17:30:37,363 - log - INFO - iter:660/2463, Original Acc@1: 68.48, Acc@5: 85.91, TTA Acc@1: 68.48, Acc@5: 85.91
2025-06-05 17:31:12,936 - log - INFO - iter:680/2463, clip_acc1=66.47058868408203, tta_acc1=66.47058868408203
2025-06-05 17:31:12,936 - log - INFO - iter:680/2463, Original Acc@1: 66.47, Acc@5: 83.53, TTA Acc@1: 66.47, Acc@5: 83.53
2025-06-05 17:31:48,677 - log - INFO - iter:700/2463, clip_acc1=64.71428680419922, tta_acc1=64.71428680419922
2025-06-05 17:31:48,678 - log - INFO - iter:700/2463, Original Acc@1: 64.71, Acc@5: 83.00, TTA Acc@1: 64.71, Acc@5: 83.00
2025-06-05 17:32:24,491 - log - INFO - iter:720/2463, clip_acc1=63.05555725097656, tta_acc1=63.05555725097656
2025-06-05 17:32:24,491 - log - INFO - iter:720/2463, Original Acc@1: 63.06, Acc@5: 82.78, TTA Acc@1: 63.06, Acc@5: 82.78
2025-06-05 17:33:00,302 - log - INFO - iter:740/2463, clip_acc1=61.35135269165039, tta_acc1=61.35135269165039
2025-06-05 17:33:00,302 - log - INFO - iter:740/2463, Original Acc@1: 61.35, Acc@5: 80.68, TTA Acc@1: 61.35, Acc@5: 80.68
2025-06-05 17:33:36,193 - log - INFO - iter:760/2463, clip_acc1=59.86842346191406, tta_acc1=59.86842346191406
2025-06-05 17:33:36,193 - log - INFO - iter:760/2463, Original Acc@1: 59.87, Acc@5: 78.68, TTA Acc@1: 59.87, Acc@5: 78.68
2025-06-05 17:34:11,894 - log - INFO - iter:780/2463, clip_acc1=60.897438049316406, tta_acc1=60.897438049316406
2025-06-05 17:34:11,894 - log - INFO - iter:780/2463, Original Acc@1: 60.90, Acc@5: 79.23, TTA Acc@1: 60.90, Acc@5: 79.23
2025-06-05 17:34:47,571 - log - INFO - iter:800/2463, clip_acc1=61.75, tta_acc1=61.75
2025-06-05 17:34:47,572 - log - INFO - iter:800/2463, Original Acc@1: 61.75, Acc@5: 79.75, TTA Acc@1: 61.75, Acc@5: 79.75
2025-06-05 17:35:23,371 - log - INFO - iter:820/2463, clip_acc1=62.682926177978516, tta_acc1=62.682926177978516
2025-06-05 17:35:23,371 - log - INFO - iter:820/2463, Original Acc@1: 62.68, Acc@5: 80.24, TTA Acc@1: 62.68, Acc@5: 80.24
2025-06-05 17:35:59,286 - log - INFO - iter:840/2463, clip_acc1=63.57143020629883, tta_acc1=63.57143020629883
2025-06-05 17:35:59,287 - log - INFO - iter:840/2463, Original Acc@1: 63.57, Acc@5: 80.71, TTA Acc@1: 63.57, Acc@5: 80.71
2025-06-05 17:36:34,973 - log - INFO - iter:860/2463, clip_acc1=63.372093200683594, tta_acc1=63.372093200683594
2025-06-05 17:36:34,973 - log - INFO - iter:860/2463, Original Acc@1: 63.37, Acc@5: 80.12, TTA Acc@1: 63.37, Acc@5: 80.12
2025-06-05 17:37:10,801 - log - INFO - iter:880/2463, clip_acc1=61.93181610107422, tta_acc1=61.93181610107422
2025-06-05 17:37:10,802 - log - INFO - iter:880/2463, Original Acc@1: 61.93, Acc@5: 78.30, TTA Acc@1: 61.93, Acc@5: 78.30
2025-06-05 17:37:46,615 - log - INFO - iter:900/2463, clip_acc1=60.55555725097656, tta_acc1=60.55555725097656
2025-06-05 17:37:46,615 - log - INFO - iter:900/2463, Original Acc@1: 60.56, Acc@5: 76.67, TTA Acc@1: 60.56, Acc@5: 76.67
2025-06-05 17:38:22,454 - log - INFO - iter:920/2463, clip_acc1=61.304344177246094, tta_acc1=61.304344177246094
2025-06-05 17:38:22,455 - log - INFO - iter:920/2463, Original Acc@1: 61.30, Acc@5: 77.07, TTA Acc@1: 61.30, Acc@5: 77.07
2025-06-05 17:38:58,226 - log - INFO - iter:940/2463, clip_acc1=62.12765884399414, tta_acc1=62.12765884399414
2025-06-05 17:38:58,226 - log - INFO - iter:940/2463, Original Acc@1: 62.13, Acc@5: 77.55, TTA Acc@1: 62.13, Acc@5: 77.55
2025-06-05 17:39:33,915 - log - INFO - iter:960/2463, clip_acc1=62.812503814697266, tta_acc1=62.812503814697266
2025-06-05 17:39:33,916 - log - INFO - iter:960/2463, Original Acc@1: 62.81, Acc@5: 78.02, TTA Acc@1: 62.81, Acc@5: 78.02
2025-06-05 17:40:09,551 - log - INFO - iter:980/2463, clip_acc1=63.16326141357422, tta_acc1=63.16326141357422
2025-06-05 17:40:09,551 - log - INFO - iter:980/2463, Original Acc@1: 63.16, Acc@5: 78.47, TTA Acc@1: 63.16, Acc@5: 78.47
2025-06-05 17:40:45,270 - log - INFO - iter:1000/2463, clip_acc1=63.60000228881836, tta_acc1=63.60000228881836
2025-06-05 17:40:45,271 - log - INFO - iter:1000/2463, Original Acc@1: 63.60, Acc@5: 78.90, TTA Acc@1: 63.60, Acc@5: 78.90
2025-06-05 17:41:20,989 - log - INFO - iter:1020/2463, clip_acc1=64.31372833251953, tta_acc1=64.31372833251953
2025-06-05 17:41:20,990 - log - INFO - iter:1020/2463, Original Acc@1: 64.31, Acc@5: 79.31, TTA Acc@1: 64.31, Acc@5: 79.31
2025-06-05 17:41:56,885 - log - INFO - iter:1040/2463, clip_acc1=65.0, tta_acc1=65.0
2025-06-05 17:41:56,886 - log - INFO - iter:1040/2463, Original Acc@1: 65.00, Acc@5: 79.71, TTA Acc@1: 65.00, Acc@5: 79.71
2025-06-05 17:42:32,710 - log - INFO - iter:1060/2463, clip_acc1=65.5660400390625, tta_acc1=65.5660400390625
2025-06-05 17:42:32,710 - log - INFO - iter:1060/2463, Original Acc@1: 65.57, Acc@5: 80.09, TTA Acc@1: 65.57, Acc@5: 80.09
2025-06-05 17:43:08,434 - log - INFO - iter:1080/2463, clip_acc1=64.72222137451172, tta_acc1=64.72222137451172
2025-06-05 17:43:08,434 - log - INFO - iter:1080/2463, Original Acc@1: 64.72, Acc@5: 80.00, TTA Acc@1: 64.72, Acc@5: 80.00
2025-06-05 17:43:44,330 - log - INFO - iter:1100/2463, clip_acc1=64.54545593261719, tta_acc1=64.54545593261719
2025-06-05 17:43:44,330 - log - INFO - iter:1100/2463, Original Acc@1: 64.55, Acc@5: 80.27, TTA Acc@1: 64.55, Acc@5: 80.27
2025-06-05 17:44:19,999 - log - INFO - iter:1120/2463, clip_acc1=65.08928680419922, tta_acc1=65.08928680419922
2025-06-05 17:44:19,999 - log - INFO - iter:1120/2463, Original Acc@1: 65.09, Acc@5: 80.62, TTA Acc@1: 65.09, Acc@5: 80.62
2025-06-05 17:44:55,852 - log - INFO - iter:1140/2463, clip_acc1=65.35087585449219, tta_acc1=65.35087585449219
2025-06-05 17:44:55,853 - log - INFO - iter:1140/2463, Original Acc@1: 65.35, Acc@5: 80.96, TTA Acc@1: 65.35, Acc@5: 80.96
2025-06-05 17:45:31,640 - log - INFO - iter:1160/2463, clip_acc1=64.74137878417969, tta_acc1=64.74137878417969
2025-06-05 17:45:31,640 - log - INFO - iter:1160/2463, Original Acc@1: 64.74, Acc@5: 80.17, TTA Acc@1: 64.74, Acc@5: 80.17
2025-06-05 17:46:07,413 - log - INFO - iter:1180/2463, clip_acc1=63.72881317138672, tta_acc1=63.72881317138672
2025-06-05 17:46:07,414 - log - INFO - iter:1180/2463, Original Acc@1: 63.73, Acc@5: 78.90, TTA Acc@1: 63.73, Acc@5: 78.90
2025-06-05 17:46:43,111 - log - INFO - iter:1200/2463, clip_acc1=64.33333587646484, tta_acc1=64.33333587646484
2025-06-05 17:46:43,112 - log - INFO - iter:1200/2463, Original Acc@1: 64.33, Acc@5: 79.25, TTA Acc@1: 64.33, Acc@5: 79.25
2025-06-05 17:47:18,833 - log - INFO - iter:1220/2463, clip_acc1=63.68852615356445, tta_acc1=63.68852615356445
2025-06-05 17:47:18,834 - log - INFO - iter:1220/2463, Original Acc@1: 63.69, Acc@5: 78.36, TTA Acc@1: 63.69, Acc@5: 78.36
2025-06-05 17:47:54,609 - log - INFO - iter:1240/2463, clip_acc1=63.06451416015625, tta_acc1=63.06451416015625
2025-06-05 17:47:54,609 - log - INFO - iter:1240/2463, Original Acc@1: 63.06, Acc@5: 77.82, TTA Acc@1: 63.06, Acc@5: 77.82
2025-06-05 17:48:30,435 - log - INFO - iter:1260/2463, clip_acc1=63.015872955322266, tta_acc1=63.015872955322266
2025-06-05 17:48:30,435 - log - INFO - iter:1260/2463, Original Acc@1: 63.02, Acc@5: 78.17, TTA Acc@1: 63.02, Acc@5: 78.17
2025-06-05 17:49:06,203 - log - INFO - iter:1280/2463, clip_acc1=63.59375, tta_acc1=63.59375
2025-06-05 17:49:06,203 - log - INFO - iter:1280/2463, Original Acc@1: 63.59, Acc@5: 78.52, TTA Acc@1: 63.59, Acc@5: 78.52
2025-06-05 17:49:42,014 - log - INFO - iter:1300/2463, clip_acc1=64.0, tta_acc1=64.0
2025-06-05 17:49:42,014 - log - INFO - iter:1300/2463, Original Acc@1: 64.00, Acc@5: 78.85, TTA Acc@1: 64.00, Acc@5: 78.85
2025-06-05 17:50:17,826 - log - INFO - iter:1320/2463, clip_acc1=64.24242401123047, tta_acc1=64.24242401123047
2025-06-05 17:50:17,826 - log - INFO - iter:1320/2463, Original Acc@1: 64.24, Acc@5: 79.17, TTA Acc@1: 64.24, Acc@5: 79.17
2025-06-05 17:50:53,629 - log - INFO - iter:1340/2463, clip_acc1=64.17910766601562, tta_acc1=64.17910766601562
2025-06-05 17:50:53,630 - log - INFO - iter:1340/2463, Original Acc@1: 64.18, Acc@5: 79.48, TTA Acc@1: 64.18, Acc@5: 79.48
2025-06-05 17:51:29,391 - log - INFO - iter:1360/2463, clip_acc1=64.19117736816406, tta_acc1=64.19117736816406
2025-06-05 17:51:29,392 - log - INFO - iter:1360/2463, Original Acc@1: 64.19, Acc@5: 79.78, TTA Acc@1: 64.19, Acc@5: 79.78
2025-06-05 17:52:05,026 - log - INFO - iter:1380/2463, clip_acc1=64.71014404296875, tta_acc1=64.71014404296875
2025-06-05 17:52:05,026 - log - INFO - iter:1380/2463, Original Acc@1: 64.71, Acc@5: 80.07, TTA Acc@1: 64.71, Acc@5: 80.07
2025-06-05 17:52:40,881 - log - INFO - iter:1400/2463, clip_acc1=65.14285278320312, tta_acc1=65.14285278320312
2025-06-05 17:52:40,882 - log - INFO - iter:1400/2463, Original Acc@1: 65.14, Acc@5: 80.36, TTA Acc@1: 65.14, Acc@5: 80.36
2025-06-05 17:53:16,667 - log - INFO - iter:1420/2463, clip_acc1=65.35211181640625, tta_acc1=65.35211181640625
2025-06-05 17:53:16,667 - log - INFO - iter:1420/2463, Original Acc@1: 65.35, Acc@5: 80.35, TTA Acc@1: 65.35, Acc@5: 80.35
2025-06-05 17:53:52,387 - log - INFO - iter:1440/2463, clip_acc1=64.44444274902344, tta_acc1=64.44444274902344
2025-06-05 17:53:52,387 - log - INFO - iter:1440/2463, Original Acc@1: 64.44, Acc@5: 79.44, TTA Acc@1: 64.44, Acc@5: 79.44
2025-06-05 17:54:28,033 - log - INFO - iter:1460/2463, clip_acc1=63.904109954833984, tta_acc1=63.904109954833984
2025-06-05 17:54:28,033 - log - INFO - iter:1460/2463, Original Acc@1: 63.90, Acc@5: 79.45, TTA Acc@1: 63.90, Acc@5: 79.45
2025-06-05 17:55:03,681 - log - INFO - iter:1480/2463, clip_acc1=64.39189147949219, tta_acc1=64.39189147949219
2025-06-05 17:55:03,681 - log - INFO - iter:1480/2463, Original Acc@1: 64.39, Acc@5: 79.73, TTA Acc@1: 64.39, Acc@5: 79.73
2025-06-05 17:55:39,560 - log - INFO - iter:1500/2463, clip_acc1=64.5999984741211, tta_acc1=64.5999984741211
2025-06-05 17:55:39,560 - log - INFO - iter:1500/2463, Original Acc@1: 64.60, Acc@5: 80.00, TTA Acc@1: 64.60, Acc@5: 80.00
2025-06-05 17:56:15,547 - log - INFO - iter:1520/2463, clip_acc1=63.94737243652344, tta_acc1=63.94737243652344
2025-06-05 17:56:15,547 - log - INFO - iter:1520/2463, Original Acc@1: 63.95, Acc@5: 80.20, TTA Acc@1: 63.95, Acc@5: 80.20
2025-06-05 17:56:51,172 - log - INFO - iter:1540/2463, clip_acc1=63.506492614746094, tta_acc1=63.506492614746094
2025-06-05 17:56:51,172 - log - INFO - iter:1540/2463, Original Acc@1: 63.51, Acc@5: 80.45, TTA Acc@1: 63.51, Acc@5: 80.45
2025-06-05 17:57:26,824 - log - INFO - iter:1560/2463, clip_acc1=62.82051467895508, tta_acc1=62.82051467895508
2025-06-05 17:57:26,824 - log - INFO - iter:1560/2463, Original Acc@1: 62.82, Acc@5: 80.71, TTA Acc@1: 62.82, Acc@5: 80.71
2025-06-05 17:58:02,582 - log - INFO - iter:1580/2463, clip_acc1=62.21519088745117, tta_acc1=62.21519088745117
2025-06-05 17:58:02,583 - log - INFO - iter:1580/2463, Original Acc@1: 62.22, Acc@5: 80.95, TTA Acc@1: 62.22, Acc@5: 80.95
2025-06-05 17:58:38,318 - log - INFO - iter:1600/2463, clip_acc1=61.5625, tta_acc1=61.5625
2025-06-05 17:58:38,318 - log - INFO - iter:1600/2463, Original Acc@1: 61.56, Acc@5: 81.12, TTA Acc@1: 61.56, Acc@5: 81.12
2025-06-05 17:59:14,148 - log - INFO - iter:1620/2463, clip_acc1=60.92593002319336, tta_acc1=60.92593002319336
2025-06-05 17:59:14,148 - log - INFO - iter:1620/2463, Original Acc@1: 60.93, Acc@5: 81.23, TTA Acc@1: 60.93, Acc@5: 81.23
2025-06-05 17:59:49,961 - log - INFO - iter:1640/2463, clip_acc1=61.219512939453125, tta_acc1=61.219512939453125
2025-06-05 17:59:49,962 - log - INFO - iter:1640/2463, Original Acc@1: 61.22, Acc@5: 81.46, TTA Acc@1: 61.22, Acc@5: 81.46
2025-06-05 18:00:26,973 - log - INFO - iter:1660/2463, clip_acc1=61.68674850463867, tta_acc1=61.68674850463867
2025-06-05 18:00:26,973 - log - INFO - iter:1660/2463, Original Acc@1: 61.69, Acc@5: 81.69, TTA Acc@1: 61.69, Acc@5: 81.69
2025-06-05 18:01:02,615 - log - INFO - iter:1680/2463, clip_acc1=61.96428680419922, tta_acc1=61.96428680419922
2025-06-05 18:01:02,615 - log - INFO - iter:1680/2463, Original Acc@1: 61.96, Acc@5: 81.90, TTA Acc@1: 61.96, Acc@5: 81.90
2025-06-05 18:01:38,277 - log - INFO - iter:1700/2463, clip_acc1=62.29411697387695, tta_acc1=62.29411697387695
2025-06-05 18:01:38,278 - log - INFO - iter:1700/2463, Original Acc@1: 62.29, Acc@5: 82.12, TTA Acc@1: 62.29, Acc@5: 82.12
2025-06-05 18:02:13,923 - log - INFO - iter:1720/2463, clip_acc1=62.32558059692383, tta_acc1=62.32558059692383
2025-06-05 18:02:13,923 - log - INFO - iter:1720/2463, Original Acc@1: 62.33, Acc@5: 82.33, TTA Acc@1: 62.33, Acc@5: 82.33
2025-06-05 18:02:49,669 - log - INFO - iter:1740/2463, clip_acc1=62.75862121582031, tta_acc1=62.75862121582031
2025-06-05 18:02:49,670 - log - INFO - iter:1740/2463, Original Acc@1: 62.76, Acc@5: 82.53, TTA Acc@1: 62.76, Acc@5: 82.53
2025-06-05 18:03:25,430 - log - INFO - iter:1760/2463, clip_acc1=62.55681610107422, tta_acc1=62.55681610107422
2025-06-05 18:03:25,430 - log - INFO - iter:1760/2463, Original Acc@1: 62.56, Acc@5: 82.56, TTA Acc@1: 62.56, Acc@5: 82.56
2025-06-05 18:04:01,180 - log - INFO - iter:1780/2463, clip_acc1=62.69662857055664, tta_acc1=62.69662857055664
2025-06-05 18:04:01,180 - log - INFO - iter:1780/2463, Original Acc@1: 62.70, Acc@5: 82.70, TTA Acc@1: 62.70, Acc@5: 82.70
2025-06-05 18:04:36,941 - log - INFO - iter:1800/2463, clip_acc1=62.77777862548828, tta_acc1=62.77777862548828
2025-06-05 18:04:36,941 - log - INFO - iter:1800/2463, Original Acc@1: 62.78, Acc@5: 82.89, TTA Acc@1: 62.78, Acc@5: 82.89
2025-06-05 18:05:12,692 - log - INFO - iter:1820/2463, clip_acc1=62.19780349731445, tta_acc1=62.19780349731445
2025-06-05 18:05:12,692 - log - INFO - iter:1820/2463, Original Acc@1: 62.20, Acc@5: 82.69, TTA Acc@1: 62.20, Acc@5: 82.69
2025-06-05 18:05:48,447 - log - INFO - iter:1840/2463, clip_acc1=62.22825622558594, tta_acc1=62.22825622558594
2025-06-05 18:05:48,447 - log - INFO - iter:1840/2463, Original Acc@1: 62.23, Acc@5: 82.50, TTA Acc@1: 62.23, Acc@5: 82.50
2025-06-05 18:06:24,127 - log - INFO - iter:1860/2463, clip_acc1=61.72043228149414, tta_acc1=61.72043228149414
2025-06-05 18:06:24,127 - log - INFO - iter:1860/2463, Original Acc@1: 61.72, Acc@5: 81.83, TTA Acc@1: 61.72, Acc@5: 81.83
2025-06-05 18:06:59,802 - log - INFO - iter:1880/2463, clip_acc1=61.86170196533203, tta_acc1=61.86170196533203
2025-06-05 18:06:59,803 - log - INFO - iter:1880/2463, Original Acc@1: 61.86, Acc@5: 82.02, TTA Acc@1: 61.86, Acc@5: 82.02
2025-06-05 18:07:35,526 - log - INFO - iter:1900/2463, clip_acc1=61.57894515991211, tta_acc1=61.57894515991211
2025-06-05 18:07:35,526 - log - INFO - iter:1900/2463, Original Acc@1: 61.58, Acc@5: 81.53, TTA Acc@1: 61.58, Acc@5: 81.53
2025-06-05 18:08:11,290 - log - INFO - iter:1920/2463, clip_acc1=61.875003814697266, tta_acc1=61.875003814697266
2025-06-05 18:08:11,290 - log - INFO - iter:1920/2463, Original Acc@1: 61.88, Acc@5: 81.61, TTA Acc@1: 61.88, Acc@5: 81.61
2025-06-05 18:08:47,128 - log - INFO - iter:1940/2463, clip_acc1=62.268043518066406, tta_acc1=62.268043518066406
2025-06-05 18:08:47,128 - log - INFO - iter:1940/2463, Original Acc@1: 62.27, Acc@5: 81.80, TTA Acc@1: 62.27, Acc@5: 81.80
2025-06-05 18:09:22,853 - log - INFO - iter:1960/2463, clip_acc1=62.448978424072266, tta_acc1=62.448978424072266
2025-06-05 18:09:22,853 - log - INFO - iter:1960/2463, Original Acc@1: 62.45, Acc@5: 81.99, TTA Acc@1: 62.45, Acc@5: 81.99
2025-06-05 18:10:53,446 - log - INFO - iter:1980/2463, clip_acc1=62.57575988769531, tta_acc1=62.57575988769531
2025-06-05 18:10:57,068 - log - INFO - iter:1980/2463, Original Acc@1: 62.58, Acc@5: 82.12, TTA Acc@1: 62.58, Acc@5: 82.12
