2025-06-02 09:43:28,711 - log - INFO - ==========================================
data:/leonardo_work/EUHPC_R04_192/fmohamma/Adversarial_Robust_Clip/atpt_data/downstream_datasets
test_sets:Caltech101
dataset_mode:test
arch:ViT-L/14
resolution:224
workers:4
no_pin_memory:False
batch_size:64
print_freq:20
gpu:0
no_cudnn_benchmark:False
n_ctx:4
ctx_init:a_photo_of_a
tpt_loss:rtpt
seed:0
output_dir:/leonardo_work/EUHPC_R04_192/fmohamma/Adversarial_Robust_Clip/atpt_data/ViT-L/14/Caltech101
log_output_dir:/leonardo_work/EUHPC_R04_192/fmohamma/Adversarial_Robust_Clip/ATPT/Final_Results/ViT-L/14/Caltech101
eps:0.0
alpha:0.0
alpha_eps_ratio:4.0
steps:0
lr:0.005
selection_p:0.1
tta_steps:1
ensemble_type:weighted_rtpt
top_k:20
softmax_temp:0.01
counter_attack:True
counter_attack_type:pgd
counter_attack_steps:0
counter_attack_eps:2.0
counter_attack_alpha:1.0
counter_attack_tau_thres:0.2
counter_attack_beta:2.0
counter_attack_weighted_perturbations:True
pgd_clip_pure_i_text_embeddings:null
pgd_counter_and_clipure_i_lamda:1.0
selected_id_name:selected_topk.json
weighted_score_name:weighted_scores.json
batch_entropy_name:entropies.json
log_dir:/leonardo_work/EUHPC_R04_192/fmohamma/Adversarial_Robust_Clip/ATPT/Final_Results/ViT-L/14/Caltech101/Clean/Counter_Attack/Eps_2_0_Steps_0_Alpha_1_0/tau_0_2_beta_2_0_weighted_pertrubation_True/TPT/Optimization_Loss_rtpt_LR_0_005_Optimization_Steps_1_View_Selection_Fraction_0_1/Inference_Ensemble_weighted_rtpt_topk_20_softmaxtemp_0_01

2025-06-02 09:43:28,712 - log - INFO - Use GPU: 0 for training
2025-06-02 09:44:23,596 - log - INFO - Freezing all parameters except prompt learner
2025-06-02 09:44:23,598 - log - INFO - => Model created: visual backbone ViT-L/14
2025-06-02 09:44:23,613 - log - INFO - Number of test samples: 2465
2025-06-02 09:44:23,613 - log - INFO - Evaluating dataset: Caltech101
2025-06-02 09:44:23,614 - log - INFO - Starting evaluation with batch size: 64, selection percentage: 0.1
2025-06-02 09:44:23,614 - log - INFO - Test-time adaptation steps: 1, learning rate: 0.005
2025-06-02 09:44:23,614 - log - INFO - Using counter-attack with epsilon: 2.000000, alpha: 0.000000, steps: 0, tau_thres: 0.2, beta: 2.0, weighted perturbation: True
2025-06-02 09:45:29,985 - log - INFO - iter:20/2465, clip_acc1=65.0, tta_acc1=90.0
2025-06-02 09:45:29,985 - log - INFO - iter:20/2465, Original Acc@1: 65.00, Acc@5: 100.00, TTA Acc@1: 90.00, Acc@5: 100.00
2025-06-02 09:46:27,324 - log - INFO - iter:40/2465, clip_acc1=70.0, tta_acc1=92.5
2025-06-02 09:46:27,324 - log - INFO - iter:40/2465, Original Acc@1: 70.00, Acc@5: 100.00, TTA Acc@1: 92.50, Acc@5: 100.00
2025-06-02 09:47:24,434 - log - INFO - iter:60/2465, clip_acc1=68.33333587646484, tta_acc1=95.00000762939453
2025-06-02 09:47:24,434 - log - INFO - iter:60/2465, Original Acc@1: 68.33, Acc@5: 100.00, TTA Acc@1: 95.00, Acc@5: 100.00
2025-06-02 09:48:21,516 - log - INFO - iter:80/2465, clip_acc1=65.0, tta_acc1=88.75
2025-06-02 09:48:21,517 - log - INFO - iter:80/2465, Original Acc@1: 65.00, Acc@5: 100.00, TTA Acc@1: 88.75, Acc@5: 100.00
2025-06-02 09:49:18,765 - log - INFO - iter:100/2465, clip_acc1=67.0, tta_acc1=88.0
2025-06-02 09:49:18,766 - log - INFO - iter:100/2465, Original Acc@1: 67.00, Acc@5: 100.00, TTA Acc@1: 88.00, Acc@5: 100.00
2025-06-02 09:50:16,177 - log - INFO - iter:120/2465, clip_acc1=67.5, tta_acc1=87.50000762939453
2025-06-02 09:50:16,177 - log - INFO - iter:120/2465, Original Acc@1: 67.50, Acc@5: 99.17, TTA Acc@1: 87.50, Acc@5: 100.00
2025-06-02 09:51:13,030 - log - INFO - iter:140/2465, clip_acc1=70.0, tta_acc1=88.57142639160156
2025-06-02 09:51:13,030 - log - INFO - iter:140/2465, Original Acc@1: 70.00, Acc@5: 99.29, TTA Acc@1: 88.57, Acc@5: 100.00
2025-06-02 09:52:09,875 - log - INFO - iter:160/2465, clip_acc1=73.75, tta_acc1=90.0
2025-06-02 09:52:09,875 - log - INFO - iter:160/2465, Original Acc@1: 73.75, Acc@5: 99.38, TTA Acc@1: 90.00, Acc@5: 100.00
2025-06-02 09:53:06,652 - log - INFO - iter:180/2465, clip_acc1=75.55555725097656, tta_acc1=91.11111450195312
2025-06-02 09:53:06,652 - log - INFO - iter:180/2465, Original Acc@1: 75.56, Acc@5: 99.44, TTA Acc@1: 91.11, Acc@5: 100.00
2025-06-02 09:54:03,533 - log - INFO - iter:200/2465, clip_acc1=78.0, tta_acc1=92.0
2025-06-02 09:54:03,533 - log - INFO - iter:200/2465, Original Acc@1: 78.00, Acc@5: 99.50, TTA Acc@1: 92.00, Acc@5: 100.00
2025-06-02 09:55:00,445 - log - INFO - iter:220/2465, clip_acc1=80.0, tta_acc1=92.7272720336914
2025-06-02 09:55:00,446 - log - INFO - iter:220/2465, Original Acc@1: 80.00, Acc@5: 99.55, TTA Acc@1: 92.73, Acc@5: 100.00
2025-06-02 09:55:57,201 - log - INFO - iter:240/2465, clip_acc1=81.66667175292969, tta_acc1=93.33333587646484
2025-06-02 09:55:57,202 - log - INFO - iter:240/2465, Original Acc@1: 81.67, Acc@5: 99.58, TTA Acc@1: 93.33, Acc@5: 100.00
2025-06-02 09:56:53,962 - log - INFO - iter:260/2465, clip_acc1=83.07691955566406, tta_acc1=93.84615325927734
2025-06-02 09:56:53,962 - log - INFO - iter:260/2465, Original Acc@1: 83.08, Acc@5: 99.62, TTA Acc@1: 93.85, Acc@5: 100.00
2025-06-02 09:57:50,864 - log - INFO - iter:280/2465, clip_acc1=84.28571319580078, tta_acc1=94.28571319580078
2025-06-02 09:57:50,865 - log - INFO - iter:280/2465, Original Acc@1: 84.29, Acc@5: 99.64, TTA Acc@1: 94.29, Acc@5: 100.00
2025-06-02 09:58:47,611 - log - INFO - iter:300/2465, clip_acc1=85.33333587646484, tta_acc1=94.66667175292969
2025-06-02 09:58:47,611 - log - INFO - iter:300/2465, Original Acc@1: 85.33, Acc@5: 99.67, TTA Acc@1: 94.67, Acc@5: 100.00
2025-06-02 09:59:44,511 - log - INFO - iter:320/2465, clip_acc1=86.25, tta_acc1=95.0
2025-06-02 09:59:44,511 - log - INFO - iter:320/2465, Original Acc@1: 86.25, Acc@5: 99.69, TTA Acc@1: 95.00, Acc@5: 100.00
2025-06-02 10:00:41,548 - log - INFO - iter:340/2465, clip_acc1=87.05882263183594, tta_acc1=95.29412078857422
2025-06-02 10:00:41,548 - log - INFO - iter:340/2465, Original Acc@1: 87.06, Acc@5: 99.71, TTA Acc@1: 95.29, Acc@5: 100.00
2025-06-02 10:01:38,965 - log - INFO - iter:360/2465, clip_acc1=87.77777862548828, tta_acc1=95.55555725097656
2025-06-02 10:01:38,966 - log - INFO - iter:360/2465, Original Acc@1: 87.78, Acc@5: 99.72, TTA Acc@1: 95.56, Acc@5: 100.00
2025-06-02 10:02:35,690 - log - INFO - iter:380/2465, clip_acc1=88.42105865478516, tta_acc1=95.78947448730469
2025-06-02 10:02:35,690 - log - INFO - iter:380/2465, Original Acc@1: 88.42, Acc@5: 99.74, TTA Acc@1: 95.79, Acc@5: 100.00
2025-06-02 10:03:32,544 - log - INFO - iter:400/2465, clip_acc1=89.0, tta_acc1=96.0
2025-06-02 10:03:32,544 - log - INFO - iter:400/2465, Original Acc@1: 89.00, Acc@5: 99.75, TTA Acc@1: 96.00, Acc@5: 100.00
2025-06-02 10:04:29,270 - log - INFO - iter:420/2465, clip_acc1=89.28572082519531, tta_acc1=95.95238494873047
2025-06-02 10:04:29,271 - log - INFO - iter:420/2465, Original Acc@1: 89.29, Acc@5: 99.76, TTA Acc@1: 95.95, Acc@5: 100.00
2025-06-02 10:05:26,256 - log - INFO - iter:440/2465, clip_acc1=89.7727279663086, tta_acc1=96.13636016845703
2025-06-02 10:05:26,257 - log - INFO - iter:440/2465, Original Acc@1: 89.77, Acc@5: 99.77, TTA Acc@1: 96.14, Acc@5: 100.00
2025-06-02 10:06:23,144 - log - INFO - iter:460/2465, clip_acc1=90.2173843383789, tta_acc1=96.3043441772461
2025-06-02 10:06:23,144 - log - INFO - iter:460/2465, Original Acc@1: 90.22, Acc@5: 99.78, TTA Acc@1: 96.30, Acc@5: 100.00
2025-06-02 10:07:20,033 - log - INFO - iter:480/2465, clip_acc1=90.62500762939453, tta_acc1=96.45833587646484
2025-06-02 10:07:20,033 - log - INFO - iter:480/2465, Original Acc@1: 90.63, Acc@5: 99.79, TTA Acc@1: 96.46, Acc@5: 100.00
2025-06-02 10:08:16,940 - log - INFO - iter:500/2465, clip_acc1=91.00000762939453, tta_acc1=96.60000610351562
2025-06-02 10:08:16,940 - log - INFO - iter:500/2465, Original Acc@1: 91.00, Acc@5: 99.80, TTA Acc@1: 96.60, Acc@5: 100.00
2025-06-02 10:09:13,802 - log - INFO - iter:520/2465, clip_acc1=91.34615325927734, tta_acc1=96.73076629638672
2025-06-02 10:09:13,802 - log - INFO - iter:520/2465, Original Acc@1: 91.35, Acc@5: 99.81, TTA Acc@1: 96.73, Acc@5: 100.00
2025-06-02 10:10:10,712 - log - INFO - iter:540/2465, clip_acc1=91.66666412353516, tta_acc1=96.85185241699219
2025-06-02 10:10:10,713 - log - INFO - iter:540/2465, Original Acc@1: 91.67, Acc@5: 99.81, TTA Acc@1: 96.85, Acc@5: 100.00
2025-06-02 10:11:07,362 - log - INFO - iter:560/2465, clip_acc1=91.96428680419922, tta_acc1=96.96428680419922
2025-06-02 10:11:07,362 - log - INFO - iter:560/2465, Original Acc@1: 91.96, Acc@5: 99.82, TTA Acc@1: 96.96, Acc@5: 100.00
2025-06-02 10:12:04,290 - log - INFO - iter:580/2465, clip_acc1=92.24137878417969, tta_acc1=97.06896209716797
2025-06-02 10:12:04,291 - log - INFO - iter:580/2465, Original Acc@1: 92.24, Acc@5: 99.83, TTA Acc@1: 97.07, Acc@5: 100.00
2025-06-02 10:13:01,136 - log - INFO - iter:600/2465, clip_acc1=92.5, tta_acc1=97.16667175292969
2025-06-02 10:13:01,136 - log - INFO - iter:600/2465, Original Acc@1: 92.50, Acc@5: 99.83, TTA Acc@1: 97.17, Acc@5: 100.00
2025-06-02 10:13:58,071 - log - INFO - iter:620/2465, clip_acc1=92.74193572998047, tta_acc1=97.09677124023438
2025-06-02 10:13:58,071 - log - INFO - iter:620/2465, Original Acc@1: 92.74, Acc@5: 99.84, TTA Acc@1: 97.10, Acc@5: 100.00
2025-06-02 10:14:55,095 - log - INFO - iter:640/2465, clip_acc1=92.8125, tta_acc1=97.1875
2025-06-02 10:14:55,095 - log - INFO - iter:640/2465, Original Acc@1: 92.81, Acc@5: 99.84, TTA Acc@1: 97.19, Acc@5: 100.00
2025-06-02 10:15:52,064 - log - INFO - iter:660/2465, clip_acc1=92.8787841796875, tta_acc1=97.2727279663086
2025-06-02 10:15:52,064 - log - INFO - iter:660/2465, Original Acc@1: 92.88, Acc@5: 99.85, TTA Acc@1: 97.27, Acc@5: 100.00
2025-06-02 10:16:48,885 - log - INFO - iter:680/2465, clip_acc1=93.0882339477539, tta_acc1=97.35294342041016
2025-06-02 10:16:48,886 - log - INFO - iter:680/2465, Original Acc@1: 93.09, Acc@5: 99.85, TTA Acc@1: 97.35, Acc@5: 100.00
2025-06-02 10:17:45,836 - log - INFO - iter:700/2465, clip_acc1=92.85713958740234, tta_acc1=97.42857360839844
2025-06-02 10:17:45,836 - log - INFO - iter:700/2465, Original Acc@1: 92.86, Acc@5: 99.86, TTA Acc@1: 97.43, Acc@5: 100.00
2025-06-02 10:18:42,870 - log - INFO - iter:720/2465, clip_acc1=92.6388931274414, tta_acc1=97.36111450195312
2025-06-02 10:18:42,870 - log - INFO - iter:720/2465, Original Acc@1: 92.64, Acc@5: 99.86, TTA Acc@1: 97.36, Acc@5: 100.00
2025-06-02 10:19:39,807 - log - INFO - iter:740/2465, clip_acc1=92.70270538330078, tta_acc1=97.29730224609375
2025-06-02 10:19:39,807 - log - INFO - iter:740/2465, Original Acc@1: 92.70, Acc@5: 99.86, TTA Acc@1: 97.30, Acc@5: 100.00
2025-06-02 10:20:36,916 - log - INFO - iter:760/2465, clip_acc1=92.63158416748047, tta_acc1=97.10527038574219
2025-06-02 10:20:36,916 - log - INFO - iter:760/2465, Original Acc@1: 92.63, Acc@5: 99.87, TTA Acc@1: 97.11, Acc@5: 100.00
2025-06-02 10:21:33,873 - log - INFO - iter:780/2465, clip_acc1=92.82051849365234, tta_acc1=97.17948913574219
2025-06-02 10:21:33,873 - log - INFO - iter:780/2465, Original Acc@1: 92.82, Acc@5: 99.87, TTA Acc@1: 97.18, Acc@5: 100.00
2025-06-02 10:22:30,791 - log - INFO - iter:800/2465, clip_acc1=93.0, tta_acc1=97.25
2025-06-02 10:22:30,791 - log - INFO - iter:800/2465, Original Acc@1: 93.00, Acc@5: 99.88, TTA Acc@1: 97.25, Acc@5: 100.00
2025-06-02 10:23:27,677 - log - INFO - iter:820/2465, clip_acc1=93.17073059082031, tta_acc1=97.31707000732422
2025-06-02 10:23:27,678 - log - INFO - iter:820/2465, Original Acc@1: 93.17, Acc@5: 99.88, TTA Acc@1: 97.32, Acc@5: 100.00
2025-06-02 10:24:24,756 - log - INFO - iter:840/2465, clip_acc1=93.33333587646484, tta_acc1=97.26190948486328
2025-06-02 10:24:24,757 - log - INFO - iter:840/2465, Original Acc@1: 93.33, Acc@5: 99.88, TTA Acc@1: 97.26, Acc@5: 100.00
2025-06-02 10:25:21,713 - log - INFO - iter:860/2465, clip_acc1=93.48837280273438, tta_acc1=97.3255844116211
2025-06-02 10:25:21,713 - log - INFO - iter:860/2465, Original Acc@1: 93.49, Acc@5: 99.88, TTA Acc@1: 97.33, Acc@5: 100.00
2025-06-02 10:26:18,633 - log - INFO - iter:880/2465, clip_acc1=93.63636016845703, tta_acc1=97.2727279663086
2025-06-02 10:26:18,633 - log - INFO - iter:880/2465, Original Acc@1: 93.64, Acc@5: 99.89, TTA Acc@1: 97.27, Acc@5: 100.00
2025-06-02 10:27:15,934 - log - INFO - iter:900/2465, clip_acc1=93.77777862548828, tta_acc1=97.22222137451172
2025-06-02 10:27:15,934 - log - INFO - iter:900/2465, Original Acc@1: 93.78, Acc@5: 99.89, TTA Acc@1: 97.22, Acc@5: 100.00
2025-06-02 10:28:12,955 - log - INFO - iter:920/2465, clip_acc1=93.58695220947266, tta_acc1=96.9565200805664
2025-06-02 10:28:12,955 - log - INFO - iter:920/2465, Original Acc@1: 93.59, Acc@5: 99.89, TTA Acc@1: 96.96, Acc@5: 99.78
2025-06-02 10:29:10,033 - log - INFO - iter:940/2465, clip_acc1=93.72340393066406, tta_acc1=97.02127075195312
2025-06-02 10:29:10,034 - log - INFO - iter:940/2465, Original Acc@1: 93.72, Acc@5: 99.89, TTA Acc@1: 97.02, Acc@5: 99.79
2025-06-02 10:30:06,978 - log - INFO - iter:960/2465, clip_acc1=93.85417175292969, tta_acc1=97.08333587646484
2025-06-02 10:30:06,978 - log - INFO - iter:960/2465, Original Acc@1: 93.85, Acc@5: 99.90, TTA Acc@1: 97.08, Acc@5: 99.79
2025-06-02 10:31:03,899 - log - INFO - iter:980/2465, clip_acc1=93.9795913696289, tta_acc1=97.04080963134766
2025-06-02 10:31:03,899 - log - INFO - iter:980/2465, Original Acc@1: 93.98, Acc@5: 99.90, TTA Acc@1: 97.04, Acc@5: 99.69
2025-06-02 10:32:00,990 - log - INFO - iter:1000/2465, clip_acc1=93.70000457763672, tta_acc1=97.10000610351562
2025-06-02 10:32:00,990 - log - INFO - iter:1000/2465, Original Acc@1: 93.70, Acc@5: 99.90, TTA Acc@1: 97.10, Acc@5: 99.70
2025-06-02 10:32:58,359 - log - INFO - iter:1020/2465, clip_acc1=93.5294189453125, tta_acc1=96.86274719238281
2025-06-02 10:32:58,359 - log - INFO - iter:1020/2465, Original Acc@1: 93.53, Acc@5: 99.90, TTA Acc@1: 96.86, Acc@5: 99.71
2025-06-02 10:33:55,303 - log - INFO - iter:1040/2465, clip_acc1=93.55769348144531, tta_acc1=96.82691955566406
2025-06-02 10:33:55,303 - log - INFO - iter:1040/2465, Original Acc@1: 93.56, Acc@5: 99.90, TTA Acc@1: 96.83, Acc@5: 99.71
2025-06-02 10:34:52,458 - log - INFO - iter:1060/2465, clip_acc1=93.49057006835938, tta_acc1=96.69811248779297
2025-06-02 10:34:52,459 - log - INFO - iter:1060/2465, Original Acc@1: 93.49, Acc@5: 99.91, TTA Acc@1: 96.70, Acc@5: 99.72
2025-06-02 10:35:49,505 - log - INFO - iter:1080/2465, clip_acc1=93.4259262084961, tta_acc1=96.5740737915039
2025-06-02 10:35:49,506 - log - INFO - iter:1080/2465, Original Acc@1: 93.43, Acc@5: 99.91, TTA Acc@1: 96.57, Acc@5: 99.63
2025-06-02 10:36:46,893 - log - INFO - iter:1100/2465, clip_acc1=93.45454406738281, tta_acc1=96.63636779785156
2025-06-02 10:36:46,893 - log - INFO - iter:1100/2465, Original Acc@1: 93.45, Acc@5: 99.91, TTA Acc@1: 96.64, Acc@5: 99.64
2025-06-02 10:37:43,930 - log - INFO - iter:1120/2465, clip_acc1=93.30357360839844, tta_acc1=96.33928680419922
2025-06-02 10:37:43,930 - log - INFO - iter:1120/2465, Original Acc@1: 93.30, Acc@5: 99.91, TTA Acc@1: 96.34, Acc@5: 99.64
2025-06-02 10:38:41,218 - log - INFO - iter:1140/2465, clip_acc1=92.54386138916016, tta_acc1=95.4385986328125
2025-06-02 10:38:41,218 - log - INFO - iter:1140/2465, Original Acc@1: 92.54, Acc@5: 99.91, TTA Acc@1: 95.44, Acc@5: 99.65
2025-06-02 10:39:38,298 - log - INFO - iter:1160/2465, clip_acc1=92.4137954711914, tta_acc1=95.51724243164062
2025-06-02 10:39:38,299 - log - INFO - iter:1160/2465, Original Acc@1: 92.41, Acc@5: 99.91, TTA Acc@1: 95.52, Acc@5: 99.66
2025-06-02 10:40:35,504 - log - INFO - iter:1180/2465, clip_acc1=92.45762634277344, tta_acc1=95.59321594238281
2025-06-02 10:40:35,504 - log - INFO - iter:1180/2465, Original Acc@1: 92.46, Acc@5: 99.92, TTA Acc@1: 95.59, Acc@5: 99.66
2025-06-02 10:41:32,598 - log - INFO - iter:1200/2465, clip_acc1=92.58333587646484, tta_acc1=95.66667175292969
2025-06-02 10:41:32,599 - log - INFO - iter:1200/2465, Original Acc@1: 92.58, Acc@5: 99.92, TTA Acc@1: 95.67, Acc@5: 99.67
2025-06-02 10:42:29,786 - log - INFO - iter:1220/2465, clip_acc1=92.70491790771484, tta_acc1=95.73770141601562
2025-06-02 10:42:29,786 - log - INFO - iter:1220/2465, Original Acc@1: 92.70, Acc@5: 99.92, TTA Acc@1: 95.74, Acc@5: 99.67
2025-06-02 10:43:27,079 - log - INFO - iter:1240/2465, clip_acc1=92.74193572998047, tta_acc1=95.64515686035156
2025-06-02 10:43:27,079 - log - INFO - iter:1240/2465, Original Acc@1: 92.74, Acc@5: 99.84, TTA Acc@1: 95.65, Acc@5: 99.68
2025-06-02 10:44:24,228 - log - INFO - iter:1260/2465, clip_acc1=92.69841766357422, tta_acc1=95.63491821289062
2025-06-02 10:44:24,228 - log - INFO - iter:1260/2465, Original Acc@1: 92.70, Acc@5: 99.84, TTA Acc@1: 95.63, Acc@5: 99.68
2025-06-02 10:45:21,360 - log - INFO - iter:1280/2465, clip_acc1=92.8125, tta_acc1=95.703125
2025-06-02 10:45:21,361 - log - INFO - iter:1280/2465, Original Acc@1: 92.81, Acc@5: 99.84, TTA Acc@1: 95.70, Acc@5: 99.69
2025-06-02 10:46:18,779 - log - INFO - iter:1300/2465, clip_acc1=92.92308044433594, tta_acc1=95.76923370361328
2025-06-02 10:46:18,779 - log - INFO - iter:1300/2465, Original Acc@1: 92.92, Acc@5: 99.85, TTA Acc@1: 95.77, Acc@5: 99.69
2025-06-02 10:47:16,016 - log - INFO - iter:1320/2465, clip_acc1=92.95454406738281, tta_acc1=95.75757598876953
2025-06-02 10:47:16,016 - log - INFO - iter:1320/2465, Original Acc@1: 92.95, Acc@5: 99.85, TTA Acc@1: 95.76, Acc@5: 99.70
2025-06-02 10:48:13,275 - log - INFO - iter:1340/2465, clip_acc1=93.05970001220703, tta_acc1=95.8208999633789
2025-06-02 10:48:13,275 - log - INFO - iter:1340/2465, Original Acc@1: 93.06, Acc@5: 99.85, TTA Acc@1: 95.82, Acc@5: 99.70
2025-06-02 10:49:10,507 - log - INFO - iter:1360/2465, clip_acc1=93.0882339477539, tta_acc1=95.73529815673828
2025-06-02 10:49:10,507 - log - INFO - iter:1360/2465, Original Acc@1: 93.09, Acc@5: 99.85, TTA Acc@1: 95.74, Acc@5: 99.63
2025-06-02 10:50:07,857 - log - INFO - iter:1380/2465, clip_acc1=93.1159439086914, tta_acc1=95.79710388183594
2025-06-02 10:50:07,858 - log - INFO - iter:1380/2465, Original Acc@1: 93.12, Acc@5: 99.86, TTA Acc@1: 95.80, Acc@5: 99.64
2025-06-02 10:51:05,214 - log - INFO - iter:1400/2465, clip_acc1=92.92857360839844, tta_acc1=95.78571319580078
2025-06-02 10:51:05,214 - log - INFO - iter:1400/2465, Original Acc@1: 92.93, Acc@5: 99.86, TTA Acc@1: 95.79, Acc@5: 99.64
2025-06-02 10:52:04,455 - log - INFO - iter:1420/2465, clip_acc1=92.9577407836914, tta_acc1=95.7042236328125
2025-06-02 10:52:04,456 - log - INFO - iter:1420/2465, Original Acc@1: 92.96, Acc@5: 99.86, TTA Acc@1: 95.70, Acc@5: 99.58
2025-06-02 10:53:01,573 - log - INFO - iter:1440/2465, clip_acc1=93.05555725097656, tta_acc1=95.7638931274414
2025-06-02 10:53:01,573 - log - INFO - iter:1440/2465, Original Acc@1: 93.06, Acc@5: 99.86, TTA Acc@1: 95.76, Acc@5: 99.58
2025-06-02 10:54:01,796 - log - INFO - iter:1460/2465, clip_acc1=93.15068817138672, tta_acc1=95.8219223022461
2025-06-02 10:54:01,796 - log - INFO - iter:1460/2465, Original Acc@1: 93.15, Acc@5: 99.86, TTA Acc@1: 95.82, Acc@5: 99.59
2025-06-02 10:54:59,049 - log - INFO - iter:1480/2465, clip_acc1=93.17567443847656, tta_acc1=95.74324798583984
2025-06-02 10:54:59,050 - log - INFO - iter:1480/2465, Original Acc@1: 93.18, Acc@5: 99.86, TTA Acc@1: 95.74, Acc@5: 99.53
2025-06-02 10:55:56,581 - log - INFO - iter:1500/2465, clip_acc1=93.19999694824219, tta_acc1=95.73332977294922
2025-06-02 10:55:56,582 - log - INFO - iter:1500/2465, Original Acc@1: 93.20, Acc@5: 99.87, TTA Acc@1: 95.73, Acc@5: 99.47
2025-06-02 10:56:53,769 - log - INFO - iter:1520/2465, clip_acc1=93.28947448730469, tta_acc1=95.78947448730469
2025-06-02 10:56:53,769 - log - INFO - iter:1520/2465, Original Acc@1: 93.29, Acc@5: 99.87, TTA Acc@1: 95.79, Acc@5: 99.47
2025-06-02 10:57:50,924 - log - INFO - iter:1540/2465, clip_acc1=93.37662506103516, tta_acc1=95.84415435791016
2025-06-02 10:57:50,925 - log - INFO - iter:1540/2465, Original Acc@1: 93.38, Acc@5: 99.87, TTA Acc@1: 95.84, Acc@5: 99.48
2025-06-02 10:58:47,827 - log - INFO - iter:1560/2465, clip_acc1=93.46154022216797, tta_acc1=95.8974380493164
2025-06-02 10:58:47,827 - log - INFO - iter:1560/2465, Original Acc@1: 93.46, Acc@5: 99.87, TTA Acc@1: 95.90, Acc@5: 99.49
2025-06-02 10:59:45,197 - log - INFO - iter:1580/2465, clip_acc1=93.48101043701172, tta_acc1=95.94937133789062
2025-06-02 10:59:45,198 - log - INFO - iter:1580/2465, Original Acc@1: 93.48, Acc@5: 99.87, TTA Acc@1: 95.95, Acc@5: 99.49
2025-06-02 11:00:42,190 - log - INFO - iter:1600/2465, clip_acc1=93.5625, tta_acc1=96.0
2025-06-02 11:00:42,190 - log - INFO - iter:1600/2465, Original Acc@1: 93.56, Acc@5: 99.88, TTA Acc@1: 96.00, Acc@5: 99.50
2025-06-02 11:01:39,311 - log - INFO - iter:1620/2465, clip_acc1=93.64198303222656, tta_acc1=96.04938507080078
2025-06-02 11:01:39,311 - log - INFO - iter:1620/2465, Original Acc@1: 93.64, Acc@5: 99.88, TTA Acc@1: 96.05, Acc@5: 99.51
2025-06-02 11:02:36,374 - log - INFO - iter:1640/2465, clip_acc1=93.4756088256836, tta_acc1=95.60975646972656
2025-06-02 11:02:36,374 - log - INFO - iter:1640/2465, Original Acc@1: 93.48, Acc@5: 99.88, TTA Acc@1: 95.61, Acc@5: 99.45
2025-06-02 11:03:33,481 - log - INFO - iter:1660/2465, clip_acc1=93.25301361083984, tta_acc1=94.93975830078125
2025-06-02 11:03:33,482 - log - INFO - iter:1660/2465, Original Acc@1: 93.25, Acc@5: 99.88, TTA Acc@1: 94.94, Acc@5: 99.46
2025-06-02 11:04:31,658 - log - INFO - iter:1680/2465, clip_acc1=93.09524536132812, tta_acc1=94.8214340209961
2025-06-02 11:04:31,659 - log - INFO - iter:1680/2465, Original Acc@1: 93.10, Acc@5: 99.88, TTA Acc@1: 94.82, Acc@5: 99.40
2025-06-02 11:05:28,711 - log - INFO - iter:1700/2465, clip_acc1=93.11764526367188, tta_acc1=94.8823471069336
2025-06-02 11:05:28,711 - log - INFO - iter:1700/2465, Original Acc@1: 93.12, Acc@5: 99.88, TTA Acc@1: 94.88, Acc@5: 99.41
2025-06-02 11:06:25,647 - log - INFO - iter:1720/2465, clip_acc1=93.19767761230469, tta_acc1=94.88372039794922
2025-06-02 11:06:25,647 - log - INFO - iter:1720/2465, Original Acc@1: 93.20, Acc@5: 99.88, TTA Acc@1: 94.88, Acc@5: 99.36
2025-06-02 11:07:22,690 - log - INFO - iter:1740/2465, clip_acc1=93.04597473144531, tta_acc1=94.59770202636719
2025-06-02 11:07:22,690 - log - INFO - iter:1740/2465, Original Acc@1: 93.05, Acc@5: 99.89, TTA Acc@1: 94.60, Acc@5: 99.37
2025-06-02 11:08:19,671 - log - INFO - iter:1760/2465, clip_acc1=92.84090423583984, tta_acc1=94.43181610107422
2025-06-02 11:08:19,671 - log - INFO - iter:1760/2465, Original Acc@1: 92.84, Acc@5: 99.89, TTA Acc@1: 94.43, Acc@5: 99.38
2025-06-02 11:09:16,596 - log - INFO - iter:1780/2465, clip_acc1=92.92134857177734, tta_acc1=94.38202667236328
2025-06-02 11:09:16,596 - log - INFO - iter:1780/2465, Original Acc@1: 92.92, Acc@5: 99.89, TTA Acc@1: 94.38, Acc@5: 99.38
2025-06-02 11:10:13,663 - log - INFO - iter:1800/2465, clip_acc1=93.0, tta_acc1=94.44445037841797
2025-06-02 11:10:13,664 - log - INFO - iter:1800/2465, Original Acc@1: 93.00, Acc@5: 99.89, TTA Acc@1: 94.44, Acc@5: 99.39
2025-06-02 11:11:10,820 - log - INFO - iter:1820/2465, clip_acc1=93.0769271850586, tta_acc1=94.50550079345703
2025-06-02 11:11:10,820 - log - INFO - iter:1820/2465, Original Acc@1: 93.08, Acc@5: 99.89, TTA Acc@1: 94.51, Acc@5: 99.40
2025-06-02 11:12:07,889 - log - INFO - iter:1840/2465, clip_acc1=93.15216827392578, tta_acc1=94.56521606445312
2025-06-02 11:12:07,889 - log - INFO - iter:1840/2465, Original Acc@1: 93.15, Acc@5: 99.89, TTA Acc@1: 94.57, Acc@5: 99.40
2025-06-02 11:13:04,866 - log - INFO - iter:1860/2465, clip_acc1=93.2258071899414, tta_acc1=94.6236572265625
2025-06-02 11:13:04,867 - log - INFO - iter:1860/2465, Original Acc@1: 93.23, Acc@5: 99.89, TTA Acc@1: 94.62, Acc@5: 99.41
2025-06-02 11:14:01,996 - log - INFO - iter:1880/2465, clip_acc1=93.29786682128906, tta_acc1=94.68084716796875
2025-06-02 11:14:01,996 - log - INFO - iter:1880/2465, Original Acc@1: 93.30, Acc@5: 99.89, TTA Acc@1: 94.68, Acc@5: 99.41
2025-06-02 11:14:59,161 - log - INFO - iter:1900/2465, clip_acc1=93.36841583251953, tta_acc1=94.7368392944336
2025-06-02 11:14:59,162 - log - INFO - iter:1900/2465, Original Acc@1: 93.37, Acc@5: 99.89, TTA Acc@1: 94.74, Acc@5: 99.42
2025-06-02 11:15:56,513 - log - INFO - iter:1920/2465, clip_acc1=93.43750762939453, tta_acc1=94.79167175292969
2025-06-02 11:15:56,514 - log - INFO - iter:1920/2465, Original Acc@1: 93.44, Acc@5: 99.90, TTA Acc@1: 94.79, Acc@5: 99.43
2025-06-02 11:16:53,786 - log - INFO - iter:1940/2465, clip_acc1=93.50515747070312, tta_acc1=94.79381561279297
2025-06-02 11:16:53,786 - log - INFO - iter:1940/2465, Original Acc@1: 93.51, Acc@5: 99.90, TTA Acc@1: 94.79, Acc@5: 99.43
2025-06-02 11:17:50,861 - log - INFO - iter:1960/2465, clip_acc1=93.57142639160156, tta_acc1=94.84693145751953
2025-06-02 11:17:50,861 - log - INFO - iter:1960/2465, Original Acc@1: 93.57, Acc@5: 99.90, TTA Acc@1: 94.85, Acc@5: 99.44
2025-06-02 11:18:47,977 - log - INFO - iter:1980/2465, clip_acc1=93.63636779785156, tta_acc1=94.89899444580078
2025-06-02 11:18:47,977 - log - INFO - iter:1980/2465, Original Acc@1: 93.64, Acc@5: 99.90, TTA Acc@1: 94.90, Acc@5: 99.44
2025-06-02 11:19:45,183 - log - INFO - iter:2000/2465, clip_acc1=93.70000457763672, tta_acc1=94.95000457763672
2025-06-02 11:19:45,183 - log - INFO - iter:2000/2465, Original Acc@1: 93.70, Acc@5: 99.90, TTA Acc@1: 94.95, Acc@5: 99.45
2025-06-02 11:20:42,419 - log - INFO - iter:2020/2465, clip_acc1=93.76238250732422, tta_acc1=95.0
2025-06-02 11:20:42,419 - log - INFO - iter:2020/2465, Original Acc@1: 93.76, Acc@5: 99.90, TTA Acc@1: 95.00, Acc@5: 99.46
2025-06-02 11:21:39,541 - log - INFO - iter:2040/2465, clip_acc1=93.82353210449219, tta_acc1=95.04902648925781
2025-06-02 11:21:39,542 - log - INFO - iter:2040/2465, Original Acc@1: 93.82, Acc@5: 99.90, TTA Acc@1: 95.05, Acc@5: 99.46
2025-06-02 11:22:36,602 - log - INFO - iter:2060/2465, clip_acc1=93.78640747070312, tta_acc1=95.04854583740234
2025-06-02 11:22:36,602 - log - INFO - iter:2060/2465, Original Acc@1: 93.79, Acc@5: 99.90, TTA Acc@1: 95.05, Acc@5: 99.42
2025-06-02 11:23:33,750 - log - INFO - iter:2080/2465, clip_acc1=93.79808044433594, tta_acc1=95.0
2025-06-02 11:23:33,750 - log - INFO - iter:2080/2465, Original Acc@1: 93.80, Acc@5: 99.90, TTA Acc@1: 95.00, Acc@5: 99.42
2025-06-02 11:24:30,891 - log - INFO - iter:2100/2465, clip_acc1=93.85713958740234, tta_acc1=95.04761505126953
2025-06-02 11:24:30,892 - log - INFO - iter:2100/2465, Original Acc@1: 93.86, Acc@5: 99.90, TTA Acc@1: 95.05, Acc@5: 99.43
2025-06-02 11:25:27,902 - log - INFO - iter:2120/2465, clip_acc1=93.91509246826172, tta_acc1=95.0943374633789
2025-06-02 11:25:27,902 - log - INFO - iter:2120/2465, Original Acc@1: 93.92, Acc@5: 99.91, TTA Acc@1: 95.09, Acc@5: 99.43
2025-06-02 11:26:25,217 - log - INFO - iter:2140/2465, clip_acc1=93.97196197509766, tta_acc1=95.14019012451172
2025-06-02 11:26:25,217 - log - INFO - iter:2140/2465, Original Acc@1: 93.97, Acc@5: 99.91, TTA Acc@1: 95.14, Acc@5: 99.44
2025-06-02 11:27:22,537 - log - INFO - iter:2160/2465, clip_acc1=94.02777862548828, tta_acc1=95.1851806640625
2025-06-02 11:27:22,537 - log - INFO - iter:2160/2465, Original Acc@1: 94.03, Acc@5: 99.91, TTA Acc@1: 95.19, Acc@5: 99.44
2025-06-02 11:28:19,878 - log - INFO - iter:2180/2465, clip_acc1=94.08257293701172, tta_acc1=95.22935485839844
2025-06-02 11:28:19,878 - log - INFO - iter:2180/2465, Original Acc@1: 94.08, Acc@5: 99.91, TTA Acc@1: 95.23, Acc@5: 99.45
2025-06-02 11:29:17,135 - log - INFO - iter:2200/2465, clip_acc1=94.13636779785156, tta_acc1=95.2727279663086
2025-06-02 11:29:17,135 - log - INFO - iter:2200/2465, Original Acc@1: 94.14, Acc@5: 99.91, TTA Acc@1: 95.27, Acc@5: 99.45
2025-06-02 11:30:14,284 - log - INFO - iter:2220/2465, clip_acc1=94.18919372558594, tta_acc1=95.31531524658203
2025-06-02 11:30:14,285 - log - INFO - iter:2220/2465, Original Acc@1: 94.19, Acc@5: 99.91, TTA Acc@1: 95.32, Acc@5: 99.46
2025-06-02 11:31:11,504 - log - INFO - iter:2240/2465, clip_acc1=94.24107360839844, tta_acc1=95.35713958740234
2025-06-02 11:31:11,505 - log - INFO - iter:2240/2465, Original Acc@1: 94.24, Acc@5: 99.91, TTA Acc@1: 95.36, Acc@5: 99.46
2025-06-02 11:32:08,895 - log - INFO - iter:2260/2465, clip_acc1=94.29203796386719, tta_acc1=95.39823150634766
2025-06-02 11:32:08,895 - log - INFO - iter:2260/2465, Original Acc@1: 94.29, Acc@5: 99.91, TTA Acc@1: 95.40, Acc@5: 99.47
2025-06-02 11:33:06,179 - log - INFO - iter:2280/2465, clip_acc1=94.34210968017578, tta_acc1=95.4385986328125
2025-06-02 11:33:06,180 - log - INFO - iter:2280/2465, Original Acc@1: 94.34, Acc@5: 99.91, TTA Acc@1: 95.44, Acc@5: 99.47
2025-06-02 11:34:03,429 - log - INFO - iter:2300/2465, clip_acc1=94.39130401611328, tta_acc1=95.47826385498047
2025-06-02 11:34:03,429 - log - INFO - iter:2300/2465, Original Acc@1: 94.39, Acc@5: 99.91, TTA Acc@1: 95.48, Acc@5: 99.48
2025-06-02 11:35:00,482 - log - INFO - iter:2320/2465, clip_acc1=94.39655303955078, tta_acc1=95.47413635253906
2025-06-02 11:35:00,482 - log - INFO - iter:2320/2465, Original Acc@1: 94.40, Acc@5: 99.91, TTA Acc@1: 95.47, Acc@5: 99.48
2025-06-02 11:35:57,506 - log - INFO - iter:2340/2465, clip_acc1=94.44444274902344, tta_acc1=95.51282501220703
2025-06-02 11:35:57,506 - log - INFO - iter:2340/2465, Original Acc@1: 94.44, Acc@5: 99.91, TTA Acc@1: 95.51, Acc@5: 99.49
2025-06-02 11:36:54,596 - log - INFO - iter:2360/2465, clip_acc1=94.49152374267578, tta_acc1=95.55084991455078
2025-06-02 11:36:54,596 - log - INFO - iter:2360/2465, Original Acc@1: 94.49, Acc@5: 99.92, TTA Acc@1: 95.55, Acc@5: 99.49
2025-06-02 11:37:51,814 - log - INFO - iter:2380/2465, clip_acc1=94.5378189086914, tta_acc1=95.5882339477539
2025-06-02 11:37:51,814 - log - INFO - iter:2380/2465, Original Acc@1: 94.54, Acc@5: 99.92, TTA Acc@1: 95.59, Acc@5: 99.50
2025-06-02 11:38:49,006 - log - INFO - iter:2400/2465, clip_acc1=94.375, tta_acc1=95.29167175292969
2025-06-02 11:38:49,007 - log - INFO - iter:2400/2465, Original Acc@1: 94.38, Acc@5: 99.92, TTA Acc@1: 95.29, Acc@5: 99.50
2025-06-02 11:39:46,091 - log - INFO - iter:2420/2465, clip_acc1=94.29752349853516, tta_acc1=94.95867919921875
2025-06-02 11:39:46,091 - log - INFO - iter:2420/2465, Original Acc@1: 94.30, Acc@5: 99.92, TTA Acc@1: 94.96, Acc@5: 99.50
2025-06-02 11:40:43,193 - log - INFO - iter:2440/2465, clip_acc1=94.30327606201172, tta_acc1=94.8770523071289
2025-06-02 11:40:43,193 - log - INFO - iter:2440/2465, Original Acc@1: 94.30, Acc@5: 99.92, TTA Acc@1: 94.88, Acc@5: 99.51
2025-06-02 11:41:39,397 - log - INFO - iter:2460/2465, clip_acc1=94.34959411621094, tta_acc1=94.91869354248047
2025-06-02 11:41:39,397 - log - INFO - iter:2460/2465, Original Acc@1: 94.35, Acc@5: 99.92, TTA Acc@1: 94.92, Acc@5: 99.51
2025-06-02 11:41:51,895 - log - INFO - iter:2465/2465, clip_acc1=94.36105346679688, tta_acc1=94.92900848388672
2025-06-02 11:41:51,895 - log - INFO - iter:2465/2465, Original Acc@1: 94.36, Acc@5: 99.92, TTA Acc@1: 94.93, Acc@5: 99.51
2025-06-02 11:41:51,975 - log - INFO - Final results - Original Acc@1: 94.36, Acc@5: 99.92, TTA Acc@1: 94.93, Acc@5: 99.51
2025-06-02 11:41:51,976 - log - INFO - Improvement from TTA in Acc@1 0.57, and Acc@5 -0.41
2025-06-02 11:41:51,977 - log - INFO - Number of selected samples with index 0: 841
2025-06-02 11:41:51,977 - log - INFO - Number of samples in the dataset: 2465
2025-06-02 11:41:51,999 - log - INFO - Selected IDs saved to /leonardo_work/EUHPC_R04_192/fmohamma/Adversarial_Robust_Clip/ATPT/Final_Results/ViT-L/14/Caltech101/Clean/Counter_Attack/Eps_2_0_Steps_0_Alpha_1_0/tau_0_2_beta_2_0_weighted_pertrubation_True/TPT/Optimization_Loss_rtpt_LR_0_005_Optimization_Steps_1_View_Selection_Fraction_0_1/Inference_Ensemble_weighted_rtpt_topk_20_softmaxtemp_0_01/selected_topk.json
2025-06-02 11:41:52,160 - log - INFO - Batch entropies saved to /leonardo_work/EUHPC_R04_192/fmohamma/Adversarial_Robust_Clip/ATPT/Final_Results/ViT-L/14/Caltech101/Clean/Counter_Attack/Eps_2_0_Steps_0_Alpha_1_0/tau_0_2_beta_2_0_weighted_pertrubation_True/TPT/Optimization_Loss_rtpt_LR_0_005_Optimization_Steps_1_View_Selection_Fraction_0_1/Inference_Ensemble_weighted_rtpt_topk_20_softmaxtemp_0_01/entropies.json
2025-06-02 11:41:52,331 - log - INFO - Weighted scores saved to /leonardo_work/EUHPC_R04_192/fmohamma/Adversarial_Robust_Clip/ATPT/Final_Results/ViT-L/14/Caltech101/Clean/Counter_Attack/Eps_2_0_Steps_0_Alpha_1_0/tau_0_2_beta_2_0_weighted_pertrubation_True/TPT/Optimization_Loss_rtpt_LR_0_005_Optimization_Steps_1_View_Selection_Fraction_0_1/Inference_Ensemble_weighted_rtpt_topk_20_softmaxtemp_0_01/weighted_scores.json
2025-06-02 11:41:52,331 - log - INFO - Creating plot of average weights for each view
2025-06-02 11:41:57,068 - log - INFO - Average weights plot saved to /leonardo_work/EUHPC_R04_192/fmohamma/Adversarial_Robust_Clip/ATPT/Final_Results/ViT-L/14/Caltech101/Clean/Counter_Attack/Eps_2_0_Steps_0_Alpha_1_0/tau_0_2_beta_2_0_weighted_pertrubation_True/TPT/Optimization_Loss_rtpt_LR_0_005_Optimization_Steps_1_View_Selection_Fraction_0_1/Inference_Ensemble_weighted_rtpt_topk_20_softmaxtemp_0_01/weighted_scores_plot.png
2025-06-02 11:41:57,074 - log - INFO - => Acc. on testset [Caltech101]: Clean Acc @1 94.36105346679688/ TTA Clean Acc @1 94.92900848388672, Clean Acc @5 99.91886138916016/ TTA Clean Acc @5 99.51318359375
2025-06-02 11:41:57,074 - log - INFO - Total script execution time: 7108.45 seconds (118.47 minutes)
