2025-05-27 01:14:17,632 - log - INFO - ==========================================
data:/leonardo_work/EUHPC_R04_192/fmohamma/Adversarial_Robust_Clip/atpt_data/downstream_datasets
test_sets:UCF101
dataset_mode:test
arch:ViT-L/14
resolution:224
workers:4
no_pin_memory:False
batch_size:64
print_freq:20
gpu:0
no_cudnn_benchmark:False
n_ctx:4
ctx_init:a_photo_of_a
tpt_loss:rtpt
seed:0
output_dir:/leonardo_work/EUHPC_R04_192/fmohamma/Adversarial_Robust_Clip/atpt_data/ViT-L/14/UCF101
log_output_dir:/leonardo_work/EUHPC_R04_192/fmohamma/Adversarial_Robust_Clip/ATPT/Final_Results/ViT-L/14/UCF101
eps:0.0
alpha:0.0
alpha_eps_ratio:4.0
steps:0
lr:0.005
selection_p:0.1
tta_steps:0
ensemble_type:none
top_k:20
softmax_temp:0.01
counter_attack:True
counter_attack_type:pgd
counter_attack_steps:0
counter_attack_eps:2.0
counter_attack_alpha:1.0
counter_attack_tau_thres:0.2
counter_attack_beta:2.0
counter_attack_weighted_perturbations:True
pgd_clip_pure_i_text_embeddings:null
pgd_counter_and_clipure_i_lamda:1.0
selected_id_name:selected_topk.json
weighted_score_name:weighted_scores.json
batch_entropy_name:entropies.json
log_dir:/leonardo_work/EUHPC_R04_192/fmohamma/Adversarial_Robust_Clip/ATPT/Final_Results/ViT-L/14/UCF101/Clean/Counter_Attack/Eps_2_0_Steps_0_Alpha_1_0/tau_0_2_beta_2_0_weighted_pertrubation_True/No_TPT/Inference_Ensemble_none

2025-05-27 01:14:17,632 - log - INFO - Use GPU: 0 for training
2025-05-27 01:15:10,396 - log - INFO - Freezing all parameters except prompt learner
2025-05-27 01:15:10,397 - log - INFO - => Model created: visual backbone ViT-L/14
2025-05-27 01:15:10,429 - log - INFO - Number of test samples: 3783
2025-05-27 01:15:10,430 - log - INFO - Evaluating dataset: UCF101
2025-05-27 01:15:10,430 - log - INFO - Starting evaluation with batch size: 64, selection percentage: 0.1
2025-05-27 01:15:10,430 - log - INFO - Test-time adaptation steps: 0, learning rate: 0.005
2025-05-27 01:15:10,431 - log - INFO - Using counter-attack with epsilon: 2.000000, alpha: 0.000000, steps: 0, tau_thres: 0.2, beta: 2.0, weighted perturbation: True
2025-05-27 01:16:02,876 - log - INFO - iter:20/3783, clip_acc1=100.0, tta_acc1=100.0
2025-05-27 01:16:02,876 - log - INFO - iter:20/3783, Original Acc@1: 100.00, Acc@5: 100.00, TTA Acc@1: 100.00, Acc@5: 100.00
2025-05-27 01:16:47,335 - log - INFO - iter:40/3783, clip_acc1=100.0, tta_acc1=100.0
2025-05-27 01:16:47,335 - log - INFO - iter:40/3783, Original Acc@1: 100.00, Acc@5: 100.00, TTA Acc@1: 100.00, Acc@5: 100.00
2025-05-27 01:17:32,371 - log - INFO - iter:60/3783, clip_acc1=81.66667175292969, tta_acc1=81.66667175292969
2025-05-27 01:17:32,371 - log - INFO - iter:60/3783, Original Acc@1: 81.67, Acc@5: 96.67, TTA Acc@1: 81.67, Acc@5: 96.67
2025-05-27 01:18:16,887 - log - INFO - iter:80/3783, clip_acc1=72.5, tta_acc1=72.5
2025-05-27 01:18:16,888 - log - INFO - iter:80/3783, Original Acc@1: 72.50, Acc@5: 96.25, TTA Acc@1: 72.50, Acc@5: 96.25
2025-05-27 01:19:01,105 - log - INFO - iter:100/3783, clip_acc1=77.0, tta_acc1=77.0
2025-05-27 01:19:01,105 - log - INFO - iter:100/3783, Original Acc@1: 77.00, Acc@5: 97.00, TTA Acc@1: 77.00, Acc@5: 97.00
2025-05-27 01:19:45,619 - log - INFO - iter:120/3783, clip_acc1=78.33333587646484, tta_acc1=78.33333587646484
2025-05-27 01:19:45,619 - log - INFO - iter:120/3783, Original Acc@1: 78.33, Acc@5: 96.67, TTA Acc@1: 78.33, Acc@5: 96.67
2025-05-27 01:20:31,107 - log - INFO - iter:140/3783, clip_acc1=81.42857360839844, tta_acc1=81.42857360839844
2025-05-27 01:20:31,108 - log - INFO - iter:140/3783, Original Acc@1: 81.43, Acc@5: 97.14, TTA Acc@1: 81.43, Acc@5: 97.14
2025-05-27 01:21:15,650 - log - INFO - iter:160/3783, clip_acc1=79.375, tta_acc1=79.375
2025-05-27 01:21:15,650 - log - INFO - iter:160/3783, Original Acc@1: 79.38, Acc@5: 96.88, TTA Acc@1: 79.38, Acc@5: 96.88
2025-05-27 01:22:00,405 - log - INFO - iter:180/3783, clip_acc1=72.22222137451172, tta_acc1=72.22222137451172
2025-05-27 01:22:00,406 - log - INFO - iter:180/3783, Original Acc@1: 72.22, Acc@5: 91.67, TTA Acc@1: 72.22, Acc@5: 91.67
2025-05-27 01:22:44,910 - log - INFO - iter:200/3783, clip_acc1=74.0, tta_acc1=74.0
2025-05-27 01:22:44,911 - log - INFO - iter:200/3783, Original Acc@1: 74.00, Acc@5: 92.00, TTA Acc@1: 74.00, Acc@5: 92.00
2025-05-27 01:23:29,329 - log - INFO - iter:220/3783, clip_acc1=75.90908813476562, tta_acc1=75.90908813476562
2025-05-27 01:23:29,329 - log - INFO - iter:220/3783, Original Acc@1: 75.91, Acc@5: 92.73, TTA Acc@1: 75.91, Acc@5: 92.73
2025-05-27 01:24:13,724 - log - INFO - iter:240/3783, clip_acc1=75.83333587646484, tta_acc1=75.83333587646484
2025-05-27 01:24:13,724 - log - INFO - iter:240/3783, Original Acc@1: 75.83, Acc@5: 91.67, TTA Acc@1: 75.83, Acc@5: 91.67
2025-05-27 01:24:57,777 - log - INFO - iter:260/3783, clip_acc1=77.30769348144531, tta_acc1=77.30769348144531
2025-05-27 01:24:57,777 - log - INFO - iter:260/3783, Original Acc@1: 77.31, Acc@5: 92.31, TTA Acc@1: 77.31, Acc@5: 92.31
2025-05-27 01:25:42,440 - log - INFO - iter:280/3783, clip_acc1=75.0, tta_acc1=75.0
2025-05-27 01:25:42,440 - log - INFO - iter:280/3783, Original Acc@1: 75.00, Acc@5: 92.86, TTA Acc@1: 75.00, Acc@5: 92.86
2025-05-27 01:26:26,560 - log - INFO - iter:300/3783, clip_acc1=70.33333587646484, tta_acc1=70.33333587646484
2025-05-27 01:26:26,561 - log - INFO - iter:300/3783, Original Acc@1: 70.33, Acc@5: 92.33, TTA Acc@1: 70.33, Acc@5: 92.33
2025-05-27 01:27:11,010 - log - INFO - iter:320/3783, clip_acc1=70.9375, tta_acc1=70.9375
2025-05-27 01:27:11,011 - log - INFO - iter:320/3783, Original Acc@1: 70.94, Acc@5: 92.81, TTA Acc@1: 70.94, Acc@5: 92.81
2025-05-27 01:27:55,432 - log - INFO - iter:340/3783, clip_acc1=72.64705657958984, tta_acc1=72.64705657958984
2025-05-27 01:27:55,432 - log - INFO - iter:340/3783, Original Acc@1: 72.65, Acc@5: 93.24, TTA Acc@1: 72.65, Acc@5: 93.24
2025-05-27 01:28:40,069 - log - INFO - iter:360/3783, clip_acc1=73.8888931274414, tta_acc1=73.8888931274414
2025-05-27 01:28:40,069 - log - INFO - iter:360/3783, Original Acc@1: 73.89, Acc@5: 93.61, TTA Acc@1: 73.89, Acc@5: 93.61
2025-05-27 01:29:24,322 - log - INFO - iter:380/3783, clip_acc1=75.2631607055664, tta_acc1=75.2631607055664
2025-05-27 01:29:24,322 - log - INFO - iter:380/3783, Original Acc@1: 75.26, Acc@5: 93.95, TTA Acc@1: 75.26, Acc@5: 93.95
2025-05-27 01:30:08,700 - log - INFO - iter:400/3783, clip_acc1=76.5, tta_acc1=76.5
2025-05-27 01:30:08,701 - log - INFO - iter:400/3783, Original Acc@1: 76.50, Acc@5: 94.25, TTA Acc@1: 76.50, Acc@5: 94.25
2025-05-27 01:30:54,183 - log - INFO - iter:420/3783, clip_acc1=77.3809585571289, tta_acc1=77.3809585571289
2025-05-27 01:30:54,183 - log - INFO - iter:420/3783, Original Acc@1: 77.38, Acc@5: 94.52, TTA Acc@1: 77.38, Acc@5: 94.52
2025-05-27 01:31:38,616 - log - INFO - iter:440/3783, clip_acc1=78.40908813476562, tta_acc1=78.40908813476562
2025-05-27 01:31:38,616 - log - INFO - iter:440/3783, Original Acc@1: 78.41, Acc@5: 94.77, TTA Acc@1: 78.41, Acc@5: 94.77
2025-05-27 01:32:23,115 - log - INFO - iter:460/3783, clip_acc1=79.34782409667969, tta_acc1=79.34782409667969
2025-05-27 01:32:23,115 - log - INFO - iter:460/3783, Original Acc@1: 79.35, Acc@5: 95.00, TTA Acc@1: 79.35, Acc@5: 95.00
2025-05-27 01:33:07,187 - log - INFO - iter:480/3783, clip_acc1=80.20833587646484, tta_acc1=80.20833587646484
2025-05-27 01:33:07,187 - log - INFO - iter:480/3783, Original Acc@1: 80.21, Acc@5: 95.21, TTA Acc@1: 80.21, Acc@5: 95.21
2025-05-27 01:33:51,605 - log - INFO - iter:500/3783, clip_acc1=80.20000457763672, tta_acc1=80.20000457763672
2025-05-27 01:33:51,605 - log - INFO - iter:500/3783, Original Acc@1: 80.20, Acc@5: 95.40, TTA Acc@1: 80.20, Acc@5: 95.40
2025-05-27 01:34:35,883 - log - INFO - iter:520/3783, clip_acc1=80.76923370361328, tta_acc1=80.76923370361328
2025-05-27 01:34:35,884 - log - INFO - iter:520/3783, Original Acc@1: 80.77, Acc@5: 95.58, TTA Acc@1: 80.77, Acc@5: 95.58
2025-05-27 01:35:20,425 - log - INFO - iter:540/3783, clip_acc1=81.1111068725586, tta_acc1=81.1111068725586
2025-05-27 01:35:20,426 - log - INFO - iter:540/3783, Original Acc@1: 81.11, Acc@5: 95.74, TTA Acc@1: 81.11, Acc@5: 95.74
2025-05-27 01:36:04,626 - log - INFO - iter:560/3783, clip_acc1=80.35713958740234, tta_acc1=80.35713958740234
2025-05-27 01:36:04,626 - log - INFO - iter:560/3783, Original Acc@1: 80.36, Acc@5: 95.71, TTA Acc@1: 80.36, Acc@5: 95.71
2025-05-27 01:36:48,881 - log - INFO - iter:580/3783, clip_acc1=80.17241668701172, tta_acc1=80.17241668701172
2025-05-27 01:36:48,882 - log - INFO - iter:580/3783, Original Acc@1: 80.17, Acc@5: 95.86, TTA Acc@1: 80.17, Acc@5: 95.86
2025-05-27 01:37:32,999 - log - INFO - iter:600/3783, clip_acc1=80.83333587646484, tta_acc1=80.83333587646484
2025-05-27 01:37:32,999 - log - INFO - iter:600/3783, Original Acc@1: 80.83, Acc@5: 96.00, TTA Acc@1: 80.83, Acc@5: 96.00
2025-05-27 01:38:17,280 - log - INFO - iter:620/3783, clip_acc1=81.1290283203125, tta_acc1=81.1290283203125
2025-05-27 01:38:17,281 - log - INFO - iter:620/3783, Original Acc@1: 81.13, Acc@5: 96.13, TTA Acc@1: 81.13, Acc@5: 96.13
2025-05-27 01:39:01,689 - log - INFO - iter:640/3783, clip_acc1=80.9375, tta_acc1=80.9375
2025-05-27 01:39:01,690 - log - INFO - iter:640/3783, Original Acc@1: 80.94, Acc@5: 96.25, TTA Acc@1: 80.94, Acc@5: 96.25
2025-05-27 01:39:46,031 - log - INFO - iter:660/3783, clip_acc1=80.45454406738281, tta_acc1=80.45454406738281
2025-05-27 01:39:46,032 - log - INFO - iter:660/3783, Original Acc@1: 80.45, Acc@5: 96.36, TTA Acc@1: 80.45, Acc@5: 96.36
2025-05-27 01:40:30,939 - log - INFO - iter:680/3783, clip_acc1=78.82353210449219, tta_acc1=78.82353210449219
2025-05-27 01:40:30,939 - log - INFO - iter:680/3783, Original Acc@1: 78.82, Acc@5: 95.59, TTA Acc@1: 78.82, Acc@5: 95.59
2025-05-27 01:41:15,166 - log - INFO - iter:700/3783, clip_acc1=76.85713958740234, tta_acc1=76.85713958740234
2025-05-27 01:41:15,167 - log - INFO - iter:700/3783, Original Acc@1: 76.86, Acc@5: 93.71, TTA Acc@1: 76.86, Acc@5: 93.71
2025-05-27 01:41:59,464 - log - INFO - iter:720/3783, clip_acc1=75.97222137451172, tta_acc1=75.97222137451172
2025-05-27 01:41:59,464 - log - INFO - iter:720/3783, Original Acc@1: 75.97, Acc@5: 93.89, TTA Acc@1: 75.97, Acc@5: 93.89
2025-05-27 01:42:43,697 - log - INFO - iter:740/3783, clip_acc1=75.54054260253906, tta_acc1=75.54054260253906
2025-05-27 01:42:43,698 - log - INFO - iter:740/3783, Original Acc@1: 75.54, Acc@5: 94.05, TTA Acc@1: 75.54, Acc@5: 94.05
2025-05-27 01:43:28,296 - log - INFO - iter:760/3783, clip_acc1=76.18421173095703, tta_acc1=76.18421173095703
2025-05-27 01:43:28,296 - log - INFO - iter:760/3783, Original Acc@1: 76.18, Acc@5: 94.21, TTA Acc@1: 76.18, Acc@5: 94.21
2025-05-27 01:44:12,655 - log - INFO - iter:780/3783, clip_acc1=76.02564239501953, tta_acc1=76.02564239501953
2025-05-27 01:44:12,655 - log - INFO - iter:780/3783, Original Acc@1: 76.03, Acc@5: 94.36, TTA Acc@1: 76.03, Acc@5: 94.36
2025-05-27 01:44:57,158 - log - INFO - iter:800/3783, clip_acc1=76.0, tta_acc1=76.0
2025-05-27 01:44:57,158 - log - INFO - iter:800/3783, Original Acc@1: 76.00, Acc@5: 94.38, TTA Acc@1: 76.00, Acc@5: 94.38
2025-05-27 01:45:42,624 - log - INFO - iter:820/3783, clip_acc1=75.8536605834961, tta_acc1=75.8536605834961
2025-05-27 01:45:42,624 - log - INFO - iter:820/3783, Original Acc@1: 75.85, Acc@5: 94.27, TTA Acc@1: 75.85, Acc@5: 94.27
2025-05-27 01:46:26,917 - log - INFO - iter:840/3783, clip_acc1=75.95238494873047, tta_acc1=75.95238494873047
2025-05-27 01:46:26,917 - log - INFO - iter:840/3783, Original Acc@1: 75.95, Acc@5: 94.29, TTA Acc@1: 75.95, Acc@5: 94.29
2025-05-27 01:47:11,251 - log - INFO - iter:860/3783, clip_acc1=75.34883880615234, tta_acc1=75.34883880615234
2025-05-27 01:47:11,251 - log - INFO - iter:860/3783, Original Acc@1: 75.35, Acc@5: 93.84, TTA Acc@1: 75.35, Acc@5: 93.84
2025-05-27 01:47:55,772 - log - INFO - iter:880/3783, clip_acc1=74.54545593261719, tta_acc1=74.54545593261719
2025-05-27 01:47:55,772 - log - INFO - iter:880/3783, Original Acc@1: 74.55, Acc@5: 93.98, TTA Acc@1: 74.55, Acc@5: 93.98
2025-05-27 01:48:41,812 - log - INFO - iter:900/3783, clip_acc1=74.0, tta_acc1=74.0
2025-05-27 01:48:41,812 - log - INFO - iter:900/3783, Original Acc@1: 74.00, Acc@5: 94.11, TTA Acc@1: 74.00, Acc@5: 94.11
2025-05-27 01:49:25,949 - log - INFO - iter:920/3783, clip_acc1=73.2608642578125, tta_acc1=73.2608642578125
2025-05-27 01:49:25,949 - log - INFO - iter:920/3783, Original Acc@1: 73.26, Acc@5: 94.24, TTA Acc@1: 73.26, Acc@5: 94.24
2025-05-27 01:50:10,311 - log - INFO - iter:940/3783, clip_acc1=73.72340393066406, tta_acc1=73.72340393066406
2025-05-27 01:50:10,311 - log - INFO - iter:940/3783, Original Acc@1: 73.72, Acc@5: 94.26, TTA Acc@1: 73.72, Acc@5: 94.26
2025-05-27 01:50:54,783 - log - INFO - iter:960/3783, clip_acc1=74.16667175292969, tta_acc1=74.16667175292969
2025-05-27 01:50:54,784 - log - INFO - iter:960/3783, Original Acc@1: 74.17, Acc@5: 94.38, TTA Acc@1: 74.17, Acc@5: 94.38
2025-05-27 01:51:39,126 - log - INFO - iter:980/3783, clip_acc1=74.28571319580078, tta_acc1=74.28571319580078
2025-05-27 01:51:39,126 - log - INFO - iter:980/3783, Original Acc@1: 74.29, Acc@5: 94.39, TTA Acc@1: 74.29, Acc@5: 94.39
2025-05-27 01:52:23,347 - log - INFO - iter:1000/3783, clip_acc1=74.60000610351562, tta_acc1=74.60000610351562
2025-05-27 01:52:23,347 - log - INFO - iter:1000/3783, Original Acc@1: 74.60, Acc@5: 94.50, TTA Acc@1: 74.60, Acc@5: 94.50
2025-05-27 01:53:07,527 - log - INFO - iter:1020/3783, clip_acc1=75.00000762939453, tta_acc1=75.00000762939453
2025-05-27 01:53:07,527 - log - INFO - iter:1020/3783, Original Acc@1: 75.00, Acc@5: 94.61, TTA Acc@1: 75.00, Acc@5: 94.61
2025-05-27 01:53:51,737 - log - INFO - iter:1040/3783, clip_acc1=75.0, tta_acc1=75.0
2025-05-27 01:53:51,738 - log - INFO - iter:1040/3783, Original Acc@1: 75.00, Acc@5: 94.71, TTA Acc@1: 75.00, Acc@5: 94.71
2025-05-27 01:54:35,990 - log - INFO - iter:1060/3783, clip_acc1=75.4717025756836, tta_acc1=75.4717025756836
2025-05-27 01:54:35,991 - log - INFO - iter:1060/3783, Original Acc@1: 75.47, Acc@5: 94.81, TTA Acc@1: 75.47, Acc@5: 94.81
2025-05-27 01:55:20,747 - log - INFO - iter:1080/3783, clip_acc1=75.9259262084961, tta_acc1=75.9259262084961
2025-05-27 01:55:20,748 - log - INFO - iter:1080/3783, Original Acc@1: 75.93, Acc@5: 94.91, TTA Acc@1: 75.93, Acc@5: 94.91
2025-05-27 01:56:05,284 - log - INFO - iter:1100/3783, clip_acc1=76.36363983154297, tta_acc1=76.36363983154297
2025-05-27 01:56:05,284 - log - INFO - iter:1100/3783, Original Acc@1: 76.36, Acc@5: 95.00, TTA Acc@1: 76.36, Acc@5: 95.00
2025-05-27 01:56:49,591 - log - INFO - iter:1120/3783, clip_acc1=76.51786041259766, tta_acc1=76.51786041259766
2025-05-27 01:56:49,592 - log - INFO - iter:1120/3783, Original Acc@1: 76.52, Acc@5: 95.09, TTA Acc@1: 76.52, Acc@5: 95.09
2025-05-27 01:57:33,894 - log - INFO - iter:1140/3783, clip_acc1=76.49122619628906, tta_acc1=76.49122619628906
2025-05-27 01:57:33,895 - log - INFO - iter:1140/3783, Original Acc@1: 76.49, Acc@5: 95.18, TTA Acc@1: 76.49, Acc@5: 95.18
2025-05-27 01:58:18,262 - log - INFO - iter:1160/3783, clip_acc1=76.20689392089844, tta_acc1=76.20689392089844
2025-05-27 01:58:18,262 - log - INFO - iter:1160/3783, Original Acc@1: 76.21, Acc@5: 94.91, TTA Acc@1: 76.21, Acc@5: 94.91
2025-05-27 01:59:02,647 - log - INFO - iter:1180/3783, clip_acc1=76.61016845703125, tta_acc1=76.61016845703125
2025-05-27 01:59:02,647 - log - INFO - iter:1180/3783, Original Acc@1: 76.61, Acc@5: 95.00, TTA Acc@1: 76.61, Acc@5: 95.00
2025-05-27 01:59:46,868 - log - INFO - iter:1200/3783, clip_acc1=76.5, tta_acc1=76.5
2025-05-27 01:59:46,868 - log - INFO - iter:1200/3783, Original Acc@1: 76.50, Acc@5: 95.08, TTA Acc@1: 76.50, Acc@5: 95.08
2025-05-27 02:00:31,874 - log - INFO - iter:1220/3783, clip_acc1=75.73770141601562, tta_acc1=75.73770141601562
2025-05-27 02:00:31,875 - log - INFO - iter:1220/3783, Original Acc@1: 75.74, Acc@5: 95.16, TTA Acc@1: 75.74, Acc@5: 95.16
2025-05-27 02:01:16,586 - log - INFO - iter:1240/3783, clip_acc1=75.64515686035156, tta_acc1=75.64515686035156
2025-05-27 02:01:16,587 - log - INFO - iter:1240/3783, Original Acc@1: 75.65, Acc@5: 95.16, TTA Acc@1: 75.65, Acc@5: 95.16
2025-05-27 02:02:00,915 - log - INFO - iter:1260/3783, clip_acc1=76.03174591064453, tta_acc1=76.03174591064453
2025-05-27 02:02:00,916 - log - INFO - iter:1260/3783, Original Acc@1: 76.03, Acc@5: 95.24, TTA Acc@1: 76.03, Acc@5: 95.24
2025-05-27 02:02:45,135 - log - INFO - iter:1280/3783, clip_acc1=75.3125, tta_acc1=75.3125
2025-05-27 02:02:45,135 - log - INFO - iter:1280/3783, Original Acc@1: 75.31, Acc@5: 95.31, TTA Acc@1: 75.31, Acc@5: 95.31
2025-05-27 02:03:29,468 - log - INFO - iter:1300/3783, clip_acc1=74.61538696289062, tta_acc1=74.61538696289062
2025-05-27 02:03:29,468 - log - INFO - iter:1300/3783, Original Acc@1: 74.62, Acc@5: 95.15, TTA Acc@1: 74.62, Acc@5: 95.15
2025-05-27 02:04:13,803 - log - INFO - iter:1320/3783, clip_acc1=74.46969604492188, tta_acc1=74.46969604492188
2025-05-27 02:04:13,804 - log - INFO - iter:1320/3783, Original Acc@1: 74.47, Acc@5: 95.15, TTA Acc@1: 74.47, Acc@5: 95.15
2025-05-27 02:04:58,601 - log - INFO - iter:1340/3783, clip_acc1=74.40298461914062, tta_acc1=74.40298461914062
2025-05-27 02:04:58,601 - log - INFO - iter:1340/3783, Original Acc@1: 74.40, Acc@5: 95.22, TTA Acc@1: 74.40, Acc@5: 95.22
2025-05-27 02:05:43,066 - log - INFO - iter:1360/3783, clip_acc1=74.70588684082031, tta_acc1=74.70588684082031
2025-05-27 02:05:43,066 - log - INFO - iter:1360/3783, Original Acc@1: 74.71, Acc@5: 95.29, TTA Acc@1: 74.71, Acc@5: 95.29
2025-05-27 02:06:27,281 - log - INFO - iter:1380/3783, clip_acc1=74.85507202148438, tta_acc1=74.85507202148438
2025-05-27 02:06:27,281 - log - INFO - iter:1380/3783, Original Acc@1: 74.86, Acc@5: 95.36, TTA Acc@1: 74.86, Acc@5: 95.36
2025-05-27 02:07:11,685 - log - INFO - iter:1400/3783, clip_acc1=74.64285278320312, tta_acc1=74.64285278320312
2025-05-27 02:07:11,685 - log - INFO - iter:1400/3783, Original Acc@1: 74.64, Acc@5: 95.43, TTA Acc@1: 74.64, Acc@5: 95.43
2025-05-27 02:07:55,946 - log - INFO - iter:1420/3783, clip_acc1=74.50704193115234, tta_acc1=74.50704193115234
2025-05-27 02:07:55,947 - log - INFO - iter:1420/3783, Original Acc@1: 74.51, Acc@5: 95.49, TTA Acc@1: 74.51, Acc@5: 95.49
2025-05-27 02:08:40,072 - log - INFO - iter:1440/3783, clip_acc1=74.16667175292969, tta_acc1=74.16667175292969
2025-05-27 02:08:40,072 - log - INFO - iter:1440/3783, Original Acc@1: 74.17, Acc@5: 95.49, TTA Acc@1: 74.17, Acc@5: 95.49
2025-05-27 02:09:24,221 - log - INFO - iter:1460/3783, clip_acc1=74.52055358886719, tta_acc1=74.52055358886719
2025-05-27 02:09:24,221 - log - INFO - iter:1460/3783, Original Acc@1: 74.52, Acc@5: 95.55, TTA Acc@1: 74.52, Acc@5: 95.55
2025-05-27 02:10:08,674 - log - INFO - iter:1480/3783, clip_acc1=74.39189147949219, tta_acc1=74.39189147949219
2025-05-27 02:10:08,674 - log - INFO - iter:1480/3783, Original Acc@1: 74.39, Acc@5: 95.54, TTA Acc@1: 74.39, Acc@5: 95.54
2025-05-27 02:10:54,425 - log - INFO - iter:1500/3783, clip_acc1=74.0, tta_acc1=74.0
2025-05-27 02:10:54,425 - log - INFO - iter:1500/3783, Original Acc@1: 74.00, Acc@5: 95.60, TTA Acc@1: 74.00, Acc@5: 95.60
2025-05-27 02:11:38,854 - log - INFO - iter:1520/3783, clip_acc1=73.48684692382812, tta_acc1=73.48684692382812
2025-05-27 02:11:38,854 - log - INFO - iter:1520/3783, Original Acc@1: 73.49, Acc@5: 95.66, TTA Acc@1: 73.49, Acc@5: 95.66
2025-05-27 02:12:23,141 - log - INFO - iter:1540/3783, clip_acc1=73.83116912841797, tta_acc1=73.83116912841797
2025-05-27 02:12:23,141 - log - INFO - iter:1540/3783, Original Acc@1: 73.83, Acc@5: 95.71, TTA Acc@1: 73.83, Acc@5: 95.71
2025-05-27 02:13:07,381 - log - INFO - iter:1560/3783, clip_acc1=74.16667175292969, tta_acc1=74.16667175292969
2025-05-27 02:13:07,381 - log - INFO - iter:1560/3783, Original Acc@1: 74.17, Acc@5: 95.77, TTA Acc@1: 74.17, Acc@5: 95.77
2025-05-27 02:13:51,954 - log - INFO - iter:1580/3783, clip_acc1=74.49366760253906, tta_acc1=74.49366760253906
2025-05-27 02:13:51,954 - log - INFO - iter:1580/3783, Original Acc@1: 74.49, Acc@5: 95.82, TTA Acc@1: 74.49, Acc@5: 95.82
2025-05-27 02:14:36,239 - log - INFO - iter:1600/3783, clip_acc1=74.8125, tta_acc1=74.8125
2025-05-27 02:14:36,239 - log - INFO - iter:1600/3783, Original Acc@1: 74.81, Acc@5: 95.88, TTA Acc@1: 74.81, Acc@5: 95.88
2025-05-27 02:15:20,631 - log - INFO - iter:1620/3783, clip_acc1=74.62963104248047, tta_acc1=74.62963104248047
2025-05-27 02:15:20,632 - log - INFO - iter:1620/3783, Original Acc@1: 74.63, Acc@5: 95.62, TTA Acc@1: 74.63, Acc@5: 95.62
2025-05-27 02:16:04,985 - log - INFO - iter:1640/3783, clip_acc1=74.45121765136719, tta_acc1=74.45121765136719
2025-05-27 02:16:04,985 - log - INFO - iter:1640/3783, Original Acc@1: 74.45, Acc@5: 95.43, TTA Acc@1: 74.45, Acc@5: 95.43
2025-05-27 02:16:49,313 - log - INFO - iter:1660/3783, clip_acc1=74.51807403564453, tta_acc1=74.51807403564453
2025-05-27 02:16:49,314 - log - INFO - iter:1660/3783, Original Acc@1: 74.52, Acc@5: 95.48, TTA Acc@1: 74.52, Acc@5: 95.48
2025-05-27 02:17:33,619 - log - INFO - iter:1680/3783, clip_acc1=74.8214340209961, tta_acc1=74.8214340209961
2025-05-27 02:17:33,619 - log - INFO - iter:1680/3783, Original Acc@1: 74.82, Acc@5: 95.54, TTA Acc@1: 74.82, Acc@5: 95.54
2025-05-27 02:18:18,007 - log - INFO - iter:1700/3783, clip_acc1=74.23529052734375, tta_acc1=74.23529052734375
2025-05-27 02:18:18,007 - log - INFO - iter:1700/3783, Original Acc@1: 74.24, Acc@5: 95.29, TTA Acc@1: 74.24, Acc@5: 95.29
2025-05-27 02:19:02,255 - log - INFO - iter:1720/3783, clip_acc1=73.89534759521484, tta_acc1=73.89534759521484
2025-05-27 02:19:02,255 - log - INFO - iter:1720/3783, Original Acc@1: 73.90, Acc@5: 95.00, TTA Acc@1: 73.90, Acc@5: 95.00
2025-05-27 02:19:46,582 - log - INFO - iter:1740/3783, clip_acc1=73.44827270507812, tta_acc1=73.44827270507812
2025-05-27 02:19:46,583 - log - INFO - iter:1740/3783, Original Acc@1: 73.45, Acc@5: 95.00, TTA Acc@1: 73.45, Acc@5: 95.00
2025-05-27 02:20:32,292 - log - INFO - iter:1760/3783, clip_acc1=73.06817626953125, tta_acc1=73.06817626953125
2025-05-27 02:20:32,293 - log - INFO - iter:1760/3783, Original Acc@1: 73.07, Acc@5: 94.94, TTA Acc@1: 73.07, Acc@5: 94.94
2025-05-27 02:21:18,462 - log - INFO - iter:1780/3783, clip_acc1=72.35955047607422, tta_acc1=72.35955047607422
2025-05-27 02:21:18,462 - log - INFO - iter:1780/3783, Original Acc@1: 72.36, Acc@5: 94.72, TTA Acc@1: 72.36, Acc@5: 94.72
2025-05-27 02:22:02,921 - log - INFO - iter:1800/3783, clip_acc1=72.11111450195312, tta_acc1=72.11111450195312
2025-05-27 02:22:02,921 - log - INFO - iter:1800/3783, Original Acc@1: 72.11, Acc@5: 94.61, TTA Acc@1: 72.11, Acc@5: 94.61
2025-05-27 02:22:47,577 - log - INFO - iter:1820/3783, clip_acc1=71.53846740722656, tta_acc1=71.53846740722656
2025-05-27 02:22:47,577 - log - INFO - iter:1820/3783, Original Acc@1: 71.54, Acc@5: 94.29, TTA Acc@1: 71.54, Acc@5: 94.29
2025-05-27 02:23:31,879 - log - INFO - iter:1840/3783, clip_acc1=71.52173614501953, tta_acc1=71.52173614501953
2025-05-27 02:23:31,879 - log - INFO - iter:1840/3783, Original Acc@1: 71.52, Acc@5: 94.35, TTA Acc@1: 71.52, Acc@5: 94.35
2025-05-27 02:24:16,171 - log - INFO - iter:1860/3783, clip_acc1=71.23655700683594, tta_acc1=71.23655700683594
2025-05-27 02:24:16,172 - log - INFO - iter:1860/3783, Original Acc@1: 71.24, Acc@5: 94.35, TTA Acc@1: 71.24, Acc@5: 94.35
2025-05-27 02:25:01,246 - log - INFO - iter:1880/3783, clip_acc1=71.32978820800781, tta_acc1=71.32978820800781
2025-05-27 02:25:01,247 - log - INFO - iter:1880/3783, Original Acc@1: 71.33, Acc@5: 94.36, TTA Acc@1: 71.33, Acc@5: 94.36
2025-05-27 02:25:46,033 - log - INFO - iter:1900/3783, clip_acc1=71.63157653808594, tta_acc1=71.63157653808594
2025-05-27 02:25:46,033 - log - INFO - iter:1900/3783, Original Acc@1: 71.63, Acc@5: 94.42, TTA Acc@1: 71.63, Acc@5: 94.42
2025-05-27 02:26:31,347 - log - INFO - iter:1920/3783, clip_acc1=71.77083587646484, tta_acc1=71.77083587646484
2025-05-27 02:26:31,347 - log - INFO - iter:1920/3783, Original Acc@1: 71.77, Acc@5: 94.38, TTA Acc@1: 71.77, Acc@5: 94.38
2025-05-27 02:27:15,852 - log - INFO - iter:1940/3783, clip_acc1=71.59793853759766, tta_acc1=71.59793853759766
2025-05-27 02:27:15,853 - log - INFO - iter:1940/3783, Original Acc@1: 71.60, Acc@5: 94.33, TTA Acc@1: 71.60, Acc@5: 94.33
2025-05-27 02:28:00,278 - log - INFO - iter:1960/3783, clip_acc1=71.07142639160156, tta_acc1=71.07142639160156
2025-05-27 02:28:00,278 - log - INFO - iter:1960/3783, Original Acc@1: 71.07, Acc@5: 94.29, TTA Acc@1: 71.07, Acc@5: 94.29
2025-05-27 02:28:44,559 - log - INFO - iter:1980/3783, clip_acc1=70.8080825805664, tta_acc1=70.8080825805664
2025-05-27 02:28:44,559 - log - INFO - iter:1980/3783, Original Acc@1: 70.81, Acc@5: 94.24, TTA Acc@1: 70.81, Acc@5: 94.24
2025-05-27 02:29:28,846 - log - INFO - iter:2000/3783, clip_acc1=71.05000305175781, tta_acc1=71.05000305175781
2025-05-27 02:29:28,846 - log - INFO - iter:2000/3783, Original Acc@1: 71.05, Acc@5: 94.30, TTA Acc@1: 71.05, Acc@5: 94.30
2025-05-27 02:30:13,194 - log - INFO - iter:2020/3783, clip_acc1=71.089111328125, tta_acc1=71.089111328125
2025-05-27 02:30:13,194 - log - INFO - iter:2020/3783, Original Acc@1: 71.09, Acc@5: 94.36, TTA Acc@1: 71.09, Acc@5: 94.36
2025-05-27 02:30:58,618 - log - INFO - iter:2040/3783, clip_acc1=70.88235473632812, tta_acc1=70.88235473632812
2025-05-27 02:30:58,618 - log - INFO - iter:2040/3783, Original Acc@1: 70.88, Acc@5: 94.41, TTA Acc@1: 70.88, Acc@5: 94.41
2025-05-27 02:31:42,922 - log - INFO - iter:2060/3783, clip_acc1=70.58252716064453, tta_acc1=70.58252716064453
2025-05-27 02:31:42,922 - log - INFO - iter:2060/3783, Original Acc@1: 70.58, Acc@5: 94.47, TTA Acc@1: 70.58, Acc@5: 94.47
2025-05-27 02:32:27,425 - log - INFO - iter:2080/3783, clip_acc1=70.72115325927734, tta_acc1=70.72115325927734
2025-05-27 02:32:27,425 - log - INFO - iter:2080/3783, Original Acc@1: 70.72, Acc@5: 94.47, TTA Acc@1: 70.72, Acc@5: 94.47
2025-05-27 02:33:11,624 - log - INFO - iter:2100/3783, clip_acc1=70.19047546386719, tta_acc1=70.19047546386719
2025-05-27 02:33:11,625 - log - INFO - iter:2100/3783, Original Acc@1: 70.19, Acc@5: 93.81, TTA Acc@1: 70.19, Acc@5: 93.81
2025-05-27 02:33:55,952 - log - INFO - iter:2120/3783, clip_acc1=70.04717254638672, tta_acc1=70.04717254638672
2025-05-27 02:33:55,953 - log - INFO - iter:2120/3783, Original Acc@1: 70.05, Acc@5: 93.73, TTA Acc@1: 70.05, Acc@5: 93.73
2025-05-27 02:34:40,522 - log - INFO - iter:2140/3783, clip_acc1=69.39252471923828, tta_acc1=69.39252471923828
2025-05-27 02:34:40,522 - log - INFO - iter:2140/3783, Original Acc@1: 69.39, Acc@5: 93.55, TTA Acc@1: 69.39, Acc@5: 93.55
2025-05-27 02:35:26,138 - log - INFO - iter:2160/3783, clip_acc1=68.98148345947266, tta_acc1=68.98148345947266
2025-05-27 02:35:26,138 - log - INFO - iter:2160/3783, Original Acc@1: 68.98, Acc@5: 93.56, TTA Acc@1: 68.98, Acc@5: 93.56
2025-05-27 02:36:10,547 - log - INFO - iter:2180/3783, clip_acc1=68.94495391845703, tta_acc1=68.94495391845703
2025-05-27 02:36:10,547 - log - INFO - iter:2180/3783, Original Acc@1: 68.94, Acc@5: 93.53, TTA Acc@1: 68.94, Acc@5: 93.53
2025-05-27 02:36:55,000 - log - INFO - iter:2200/3783, clip_acc1=69.09091186523438, tta_acc1=69.09091186523438
2025-05-27 02:36:55,000 - log - INFO - iter:2200/3783, Original Acc@1: 69.09, Acc@5: 93.50, TTA Acc@1: 69.09, Acc@5: 93.50
2025-05-27 02:37:39,466 - log - INFO - iter:2220/3783, clip_acc1=69.36936950683594, tta_acc1=69.36936950683594
2025-05-27 02:37:39,466 - log - INFO - iter:2220/3783, Original Acc@1: 69.37, Acc@5: 93.56, TTA Acc@1: 69.37, Acc@5: 93.56
2025-05-27 02:38:23,956 - log - INFO - iter:2240/3783, clip_acc1=69.28571319580078, tta_acc1=69.28571319580078
2025-05-27 02:38:23,957 - log - INFO - iter:2240/3783, Original Acc@1: 69.29, Acc@5: 93.62, TTA Acc@1: 69.29, Acc@5: 93.62
2025-05-27 02:39:08,426 - log - INFO - iter:2260/3783, clip_acc1=68.67256927490234, tta_acc1=68.67256927490234
2025-05-27 02:39:08,426 - log - INFO - iter:2260/3783, Original Acc@1: 68.67, Acc@5: 93.36, TTA Acc@1: 68.67, Acc@5: 93.36
2025-05-27 02:39:52,708 - log - INFO - iter:2280/3783, clip_acc1=68.377197265625, tta_acc1=68.377197265625
2025-05-27 02:39:52,708 - log - INFO - iter:2280/3783, Original Acc@1: 68.38, Acc@5: 93.33, TTA Acc@1: 68.38, Acc@5: 93.33
2025-05-27 02:40:37,139 - log - INFO - iter:2300/3783, clip_acc1=68.56521606445312, tta_acc1=68.56521606445312
2025-05-27 02:40:37,139 - log - INFO - iter:2300/3783, Original Acc@1: 68.57, Acc@5: 93.39, TTA Acc@1: 68.57, Acc@5: 93.39
2025-05-27 02:41:21,665 - log - INFO - iter:2320/3783, clip_acc1=68.79310607910156, tta_acc1=68.79310607910156
2025-05-27 02:41:21,666 - log - INFO - iter:2320/3783, Original Acc@1: 68.79, Acc@5: 93.45, TTA Acc@1: 68.79, Acc@5: 93.45
2025-05-27 02:42:05,873 - log - INFO - iter:2340/3783, clip_acc1=69.05982971191406, tta_acc1=69.05982971191406
2025-05-27 02:42:05,874 - log - INFO - iter:2340/3783, Original Acc@1: 69.06, Acc@5: 93.50, TTA Acc@1: 69.06, Acc@5: 93.50
2025-05-27 02:42:50,312 - log - INFO - iter:2360/3783, clip_acc1=69.32203674316406, tta_acc1=69.32203674316406
2025-05-27 02:42:50,312 - log - INFO - iter:2360/3783, Original Acc@1: 69.32, Acc@5: 93.56, TTA Acc@1: 69.32, Acc@5: 93.56
2025-05-27 02:43:34,527 - log - INFO - iter:2380/3783, clip_acc1=69.579833984375, tta_acc1=69.579833984375
2025-05-27 02:43:34,527 - log - INFO - iter:2380/3783, Original Acc@1: 69.58, Acc@5: 93.61, TTA Acc@1: 69.58, Acc@5: 93.61
2025-05-27 02:44:18,887 - log - INFO - iter:2400/3783, clip_acc1=69.83333587646484, tta_acc1=69.83333587646484
2025-05-27 02:44:18,887 - log - INFO - iter:2400/3783, Original Acc@1: 69.83, Acc@5: 93.67, TTA Acc@1: 69.83, Acc@5: 93.67
2025-05-27 02:45:03,300 - log - INFO - iter:2420/3783, clip_acc1=70.0826416015625, tta_acc1=70.0826416015625
2025-05-27 02:45:03,300 - log - INFO - iter:2420/3783, Original Acc@1: 70.08, Acc@5: 93.72, TTA Acc@1: 70.08, Acc@5: 93.72
2025-05-27 02:45:48,352 - log - INFO - iter:2440/3783, clip_acc1=70.2868881225586, tta_acc1=70.2868881225586
2025-05-27 02:45:48,352 - log - INFO - iter:2440/3783, Original Acc@1: 70.29, Acc@5: 93.77, TTA Acc@1: 70.29, Acc@5: 93.77
2025-05-27 02:46:32,596 - log - INFO - iter:2460/3783, clip_acc1=70.52845001220703, tta_acc1=70.52845001220703
2025-05-27 02:46:32,596 - log - INFO - iter:2460/3783, Original Acc@1: 70.53, Acc@5: 93.82, TTA Acc@1: 70.53, Acc@5: 93.82
2025-05-27 02:47:31,814 - log - INFO - iter:2480/3783, clip_acc1=70.76612854003906, tta_acc1=70.76612854003906
2025-05-27 02:47:31,815 - log - INFO - iter:2480/3783, Original Acc@1: 70.77, Acc@5: 93.87, TTA Acc@1: 70.77, Acc@5: 93.87
2025-05-27 02:48:16,036 - log - INFO - iter:2500/3783, clip_acc1=71.0, tta_acc1=71.0
2025-05-27 02:48:16,036 - log - INFO - iter:2500/3783, Original Acc@1: 71.00, Acc@5: 93.92, TTA Acc@1: 71.00, Acc@5: 93.92
2025-05-27 02:49:00,545 - log - INFO - iter:2520/3783, clip_acc1=71.23015594482422, tta_acc1=71.23015594482422
2025-05-27 02:49:00,545 - log - INFO - iter:2520/3783, Original Acc@1: 71.23, Acc@5: 93.97, TTA Acc@1: 71.23, Acc@5: 93.97
2025-05-27 02:49:45,234 - log - INFO - iter:2540/3783, clip_acc1=71.45669555664062, tta_acc1=71.45669555664062
2025-05-27 02:49:45,235 - log - INFO - iter:2540/3783, Original Acc@1: 71.46, Acc@5: 94.02, TTA Acc@1: 71.46, Acc@5: 94.02
2025-05-27 02:50:30,992 - log - INFO - iter:2560/3783, clip_acc1=71.171875, tta_acc1=71.171875
2025-05-27 02:50:30,992 - log - INFO - iter:2560/3783, Original Acc@1: 71.17, Acc@5: 93.91, TTA Acc@1: 71.17, Acc@5: 93.91
2025-05-27 02:51:15,292 - log - INFO - iter:2580/3783, clip_acc1=71.27906799316406, tta_acc1=71.27906799316406
2025-05-27 02:51:15,292 - log - INFO - iter:2580/3783, Original Acc@1: 71.28, Acc@5: 93.91, TTA Acc@1: 71.28, Acc@5: 93.91
2025-05-27 02:51:59,746 - log - INFO - iter:2600/3783, clip_acc1=71.07691955566406, tta_acc1=71.07691955566406
2025-05-27 02:51:59,746 - log - INFO - iter:2600/3783, Original Acc@1: 71.08, Acc@5: 93.96, TTA Acc@1: 71.08, Acc@5: 93.96
2025-05-27 02:52:43,870 - log - INFO - iter:2620/3783, clip_acc1=70.9542007446289, tta_acc1=70.9542007446289
2025-05-27 02:52:43,870 - log - INFO - iter:2620/3783, Original Acc@1: 70.95, Acc@5: 94.01, TTA Acc@1: 70.95, Acc@5: 94.01
2025-05-27 02:53:28,079 - log - INFO - iter:2640/3783, clip_acc1=70.87120819091797, tta_acc1=70.87120819091797
2025-05-27 02:53:28,079 - log - INFO - iter:2640/3783, Original Acc@1: 70.87, Acc@5: 94.05, TTA Acc@1: 70.87, Acc@5: 94.05
2025-05-27 02:54:12,480 - log - INFO - iter:2660/3783, clip_acc1=70.56391143798828, tta_acc1=70.56391143798828
2025-05-27 02:54:12,480 - log - INFO - iter:2660/3783, Original Acc@1: 70.56, Acc@5: 94.06, TTA Acc@1: 70.56, Acc@5: 94.06
2025-05-27 02:54:56,852 - log - INFO - iter:2680/3783, clip_acc1=70.48507690429688, tta_acc1=70.48507690429688
2025-05-27 02:54:56,852 - log - INFO - iter:2680/3783, Original Acc@1: 70.49, Acc@5: 94.10, TTA Acc@1: 70.49, Acc@5: 94.10
2025-05-27 02:55:41,887 - log - INFO - iter:2700/3783, clip_acc1=70.18518829345703, tta_acc1=70.18518829345703
2025-05-27 02:55:41,888 - log - INFO - iter:2700/3783, Original Acc@1: 70.19, Acc@5: 94.15, TTA Acc@1: 70.19, Acc@5: 94.15
2025-05-27 02:56:26,309 - log - INFO - iter:2720/3783, clip_acc1=69.85294342041016, tta_acc1=69.85294342041016
2025-05-27 02:56:26,309 - log - INFO - iter:2720/3783, Original Acc@1: 69.85, Acc@5: 94.19, TTA Acc@1: 69.85, Acc@5: 94.19
2025-05-27 02:57:10,473 - log - INFO - iter:2740/3783, clip_acc1=70.07299041748047, tta_acc1=70.07299041748047
2025-05-27 02:57:10,474 - log - INFO - iter:2740/3783, Original Acc@1: 70.07, Acc@5: 94.23, TTA Acc@1: 70.07, Acc@5: 94.23
2025-05-27 02:57:54,854 - log - INFO - iter:2760/3783, clip_acc1=70.10869598388672, tta_acc1=70.10869598388672
2025-05-27 02:57:54,855 - log - INFO - iter:2760/3783, Original Acc@1: 70.11, Acc@5: 94.28, TTA Acc@1: 70.11, Acc@5: 94.28
2025-05-27 02:58:40,911 - log - INFO - iter:2780/3783, clip_acc1=70.28776550292969, tta_acc1=70.28776550292969
2025-05-27 02:58:40,911 - log - INFO - iter:2780/3783, Original Acc@1: 70.29, Acc@5: 94.28, TTA Acc@1: 70.29, Acc@5: 94.28
2025-05-27 02:59:25,338 - log - INFO - iter:2800/3783, clip_acc1=70.17857360839844, tta_acc1=70.17857360839844
2025-05-27 02:59:25,338 - log - INFO - iter:2800/3783, Original Acc@1: 70.18, Acc@5: 94.32, TTA Acc@1: 70.18, Acc@5: 94.32
2025-05-27 03:00:10,258 - log - INFO - iter:2820/3783, clip_acc1=69.9290771484375, tta_acc1=69.9290771484375
2025-05-27 03:00:10,258 - log - INFO - iter:2820/3783, Original Acc@1: 69.93, Acc@5: 94.29, TTA Acc@1: 69.93, Acc@5: 94.29
2025-05-27 03:00:54,614 - log - INFO - iter:2840/3783, clip_acc1=70.1408462524414, tta_acc1=70.1408462524414
2025-05-27 03:00:54,615 - log - INFO - iter:2840/3783, Original Acc@1: 70.14, Acc@5: 94.33, TTA Acc@1: 70.14, Acc@5: 94.33
2025-05-27 03:01:38,902 - log - INFO - iter:2860/3783, clip_acc1=70.34965515136719, tta_acc1=70.34965515136719
2025-05-27 03:01:38,903 - log - INFO - iter:2860/3783, Original Acc@1: 70.35, Acc@5: 94.37, TTA Acc@1: 70.35, Acc@5: 94.37
2025-05-27 03:02:23,241 - log - INFO - iter:2880/3783, clip_acc1=70.55555725097656, tta_acc1=70.55555725097656
2025-05-27 03:02:23,242 - log - INFO - iter:2880/3783, Original Acc@1: 70.56, Acc@5: 94.41, TTA Acc@1: 70.56, Acc@5: 94.41
2025-05-27 03:03:07,392 - log - INFO - iter:2900/3783, clip_acc1=70.75862121582031, tta_acc1=70.75862121582031
2025-05-27 03:03:07,392 - log - INFO - iter:2900/3783, Original Acc@1: 70.76, Acc@5: 94.45, TTA Acc@1: 70.76, Acc@5: 94.45
2025-05-27 03:03:51,724 - log - INFO - iter:2920/3783, clip_acc1=70.95890808105469, tta_acc1=70.95890808105469
2025-05-27 03:03:51,724 - log - INFO - iter:2920/3783, Original Acc@1: 70.96, Acc@5: 94.49, TTA Acc@1: 70.96, Acc@5: 94.49
2025-05-27 03:04:35,982 - log - INFO - iter:2940/3783, clip_acc1=71.12245178222656, tta_acc1=71.12245178222656
2025-05-27 03:04:35,982 - log - INFO - iter:2940/3783, Original Acc@1: 71.12, Acc@5: 94.52, TTA Acc@1: 71.12, Acc@5: 94.52
2025-05-27 03:05:21,315 - log - INFO - iter:2960/3783, clip_acc1=70.67567443847656, tta_acc1=70.67567443847656
2025-05-27 03:05:21,315 - log - INFO - iter:2960/3783, Original Acc@1: 70.68, Acc@5: 94.16, TTA Acc@1: 70.68, Acc@5: 94.16
2025-05-27 03:06:05,666 - log - INFO - iter:2980/3783, clip_acc1=70.53691864013672, tta_acc1=70.53691864013672
2025-05-27 03:06:05,666 - log - INFO - iter:2980/3783, Original Acc@1: 70.54, Acc@5: 94.06, TTA Acc@1: 70.54, Acc@5: 94.06
2025-05-27 03:06:50,002 - log - INFO - iter:3000/3783, clip_acc1=70.56666564941406, tta_acc1=70.56666564941406
2025-05-27 03:06:50,002 - log - INFO - iter:3000/3783, Original Acc@1: 70.57, Acc@5: 94.10, TTA Acc@1: 70.57, Acc@5: 94.10
2025-05-27 03:07:34,371 - log - INFO - iter:3020/3783, clip_acc1=70.76158905029297, tta_acc1=70.76158905029297
2025-05-27 03:07:34,371 - log - INFO - iter:3020/3783, Original Acc@1: 70.76, Acc@5: 94.14, TTA Acc@1: 70.76, Acc@5: 94.14
2025-05-27 03:08:18,656 - log - INFO - iter:3040/3783, clip_acc1=70.95394897460938, tta_acc1=70.95394897460938
2025-05-27 03:08:18,657 - log - INFO - iter:3040/3783, Original Acc@1: 70.95, Acc@5: 94.18, TTA Acc@1: 70.95, Acc@5: 94.18
2025-05-27 03:09:03,057 - log - INFO - iter:3060/3783, clip_acc1=71.07843017578125, tta_acc1=71.07843017578125
2025-05-27 03:09:03,057 - log - INFO - iter:3060/3783, Original Acc@1: 71.08, Acc@5: 94.18, TTA Acc@1: 71.08, Acc@5: 94.18
2025-05-27 03:09:47,383 - log - INFO - iter:3080/3783, clip_acc1=70.61688232421875, tta_acc1=70.61688232421875
2025-05-27 03:09:47,383 - log - INFO - iter:3080/3783, Original Acc@1: 70.62, Acc@5: 93.67, TTA Acc@1: 70.62, Acc@5: 93.67
2025-05-27 03:10:31,876 - log - INFO - iter:3100/3783, clip_acc1=70.58065032958984, tta_acc1=70.58065032958984
2025-05-27 03:10:31,876 - log - INFO - iter:3100/3783, Original Acc@1: 70.58, Acc@5: 93.55, TTA Acc@1: 70.58, Acc@5: 93.55
2025-05-27 03:11:16,101 - log - INFO - iter:3120/3783, clip_acc1=70.76923370361328, tta_acc1=70.76923370361328
2025-05-27 03:11:16,101 - log - INFO - iter:3120/3783, Original Acc@1: 70.77, Acc@5: 93.59, TTA Acc@1: 70.77, Acc@5: 93.59
2025-05-27 03:12:00,177 - log - INFO - iter:3140/3783, clip_acc1=70.8280258178711, tta_acc1=70.8280258178711
2025-05-27 03:12:00,177 - log - INFO - iter:3140/3783, Original Acc@1: 70.83, Acc@5: 93.63, TTA Acc@1: 70.83, Acc@5: 93.63
2025-05-27 03:12:44,372 - log - INFO - iter:3160/3783, clip_acc1=70.82278442382812, tta_acc1=70.82278442382812
2025-05-27 03:12:44,372 - log - INFO - iter:3160/3783, Original Acc@1: 70.82, Acc@5: 93.61, TTA Acc@1: 70.82, Acc@5: 93.61
2025-05-27 03:13:28,809 - log - INFO - iter:3180/3783, clip_acc1=71.00628662109375, tta_acc1=71.00628662109375
2025-05-27 03:13:28,809 - log - INFO - iter:3180/3783, Original Acc@1: 71.01, Acc@5: 93.65, TTA Acc@1: 71.01, Acc@5: 93.65
2025-05-27 03:14:13,176 - log - INFO - iter:3200/3783, clip_acc1=71.125, tta_acc1=71.125
2025-05-27 03:14:13,176 - log - INFO - iter:3200/3783, Original Acc@1: 71.12, Acc@5: 93.62, TTA Acc@1: 71.12, Acc@5: 93.62
2025-05-27 03:14:57,439 - log - INFO - iter:3220/3783, clip_acc1=70.6832275390625, tta_acc1=70.6832275390625
2025-05-27 03:14:57,440 - log - INFO - iter:3220/3783, Original Acc@1: 70.68, Acc@5: 93.04, TTA Acc@1: 70.68, Acc@5: 93.04
2025-05-27 03:15:41,694 - log - INFO - iter:3240/3783, clip_acc1=70.55555725097656, tta_acc1=70.55555725097656
2025-05-27 03:15:41,694 - log - INFO - iter:3240/3783, Original Acc@1: 70.56, Acc@5: 92.78, TTA Acc@1: 70.56, Acc@5: 92.78
2025-05-27 03:16:26,162 - log - INFO - iter:3260/3783, clip_acc1=70.73619842529297, tta_acc1=70.73619842529297
2025-05-27 03:16:26,162 - log - INFO - iter:3260/3783, Original Acc@1: 70.74, Acc@5: 92.82, TTA Acc@1: 70.74, Acc@5: 92.82
2025-05-27 03:17:10,416 - log - INFO - iter:3280/3783, clip_acc1=70.91463470458984, tta_acc1=70.91463470458984
2025-05-27 03:17:10,417 - log - INFO - iter:3280/3783, Original Acc@1: 70.91, Acc@5: 92.87, TTA Acc@1: 70.91, Acc@5: 92.87
2025-05-27 03:17:54,646 - log - INFO - iter:3300/3783, clip_acc1=71.03030395507812, tta_acc1=71.03030395507812
2025-05-27 03:17:54,646 - log - INFO - iter:3300/3783, Original Acc@1: 71.03, Acc@5: 92.91, TTA Acc@1: 71.03, Acc@5: 92.91
2025-05-27 03:18:38,958 - log - INFO - iter:3320/3783, clip_acc1=71.02410125732422, tta_acc1=71.02410125732422
2025-05-27 03:18:38,958 - log - INFO - iter:3320/3783, Original Acc@1: 71.02, Acc@5: 92.86, TTA Acc@1: 71.02, Acc@5: 92.86
2025-05-27 03:19:23,532 - log - INFO - iter:3340/3783, clip_acc1=71.13772583007812, tta_acc1=71.13772583007812
2025-05-27 03:19:23,533 - log - INFO - iter:3340/3783, Original Acc@1: 71.14, Acc@5: 92.90, TTA Acc@1: 71.14, Acc@5: 92.90
2025-05-27 03:20:07,779 - log - INFO - iter:3360/3783, clip_acc1=71.30952453613281, tta_acc1=71.30952453613281
2025-05-27 03:20:07,779 - log - INFO - iter:3360/3783, Original Acc@1: 71.31, Acc@5: 92.95, TTA Acc@1: 71.31, Acc@5: 92.95
2025-05-27 03:20:52,139 - log - INFO - iter:3380/3783, clip_acc1=71.47928619384766, tta_acc1=71.47928619384766
2025-05-27 03:20:52,139 - log - INFO - iter:3380/3783, Original Acc@1: 71.48, Acc@5: 92.99, TTA Acc@1: 71.48, Acc@5: 92.99
2025-05-27 03:21:36,492 - log - INFO - iter:3400/3783, clip_acc1=71.61764526367188, tta_acc1=71.61764526367188
2025-05-27 03:21:36,492 - log - INFO - iter:3400/3783, Original Acc@1: 71.62, Acc@5: 93.03, TTA Acc@1: 71.62, Acc@5: 93.03
2025-05-27 03:22:20,959 - log - INFO - iter:3420/3783, clip_acc1=71.69590759277344, tta_acc1=71.69590759277344
2025-05-27 03:22:20,959 - log - INFO - iter:3420/3783, Original Acc@1: 71.70, Acc@5: 93.07, TTA Acc@1: 71.70, Acc@5: 93.07
2025-05-27 03:23:05,208 - log - INFO - iter:3440/3783, clip_acc1=71.86046600341797, tta_acc1=71.86046600341797
2025-05-27 03:23:05,209 - log - INFO - iter:3440/3783, Original Acc@1: 71.86, Acc@5: 93.11, TTA Acc@1: 71.86, Acc@5: 93.11
2025-05-27 03:23:49,592 - log - INFO - iter:3460/3783, clip_acc1=71.82080841064453, tta_acc1=71.82080841064453
2025-05-27 03:23:49,593 - log - INFO - iter:3460/3783, Original Acc@1: 71.82, Acc@5: 93.09, TTA Acc@1: 71.82, Acc@5: 93.09
2025-05-27 03:24:34,185 - log - INFO - iter:3480/3783, clip_acc1=71.58045959472656, tta_acc1=71.58045959472656
2025-05-27 03:24:34,186 - log - INFO - iter:3480/3783, Original Acc@1: 71.58, Acc@5: 93.10, TTA Acc@1: 71.58, Acc@5: 93.10
2025-05-27 03:25:18,708 - log - INFO - iter:3500/3783, clip_acc1=71.45714569091797, tta_acc1=71.45714569091797
2025-05-27 03:25:18,708 - log - INFO - iter:3500/3783, Original Acc@1: 71.46, Acc@5: 93.00, TTA Acc@1: 71.46, Acc@5: 93.00
2025-05-27 03:26:04,693 - log - INFO - iter:3520/3783, clip_acc1=71.61931610107422, tta_acc1=71.61931610107422
2025-05-27 03:26:04,693 - log - INFO - iter:3520/3783, Original Acc@1: 71.62, Acc@5: 93.04, TTA Acc@1: 71.62, Acc@5: 93.04
2025-05-27 03:26:49,035 - log - INFO - iter:3540/3783, clip_acc1=71.7796630859375, tta_acc1=71.7796630859375
2025-05-27 03:26:49,035 - log - INFO - iter:3540/3783, Original Acc@1: 71.78, Acc@5: 93.08, TTA Acc@1: 71.78, Acc@5: 93.08
2025-05-27 03:27:33,396 - log - INFO - iter:3560/3783, clip_acc1=71.93820190429688, tta_acc1=71.93820190429688
2025-05-27 03:27:33,396 - log - INFO - iter:3560/3783, Original Acc@1: 71.94, Acc@5: 93.12, TTA Acc@1: 71.94, Acc@5: 93.12
2025-05-27 03:28:17,772 - log - INFO - iter:3580/3783, clip_acc1=72.01116943359375, tta_acc1=72.01116943359375
2025-05-27 03:28:17,772 - log - INFO - iter:3580/3783, Original Acc@1: 72.01, Acc@5: 93.13, TTA Acc@1: 72.01, Acc@5: 93.13
2025-05-27 03:29:01,952 - log - INFO - iter:3600/3783, clip_acc1=72.11111450195312, tta_acc1=72.11111450195312
2025-05-27 03:29:01,952 - log - INFO - iter:3600/3783, Original Acc@1: 72.11, Acc@5: 93.17, TTA Acc@1: 72.11, Acc@5: 93.17
2025-05-27 03:29:46,324 - log - INFO - iter:3620/3783, clip_acc1=72.15469360351562, tta_acc1=72.15469360351562
2025-05-27 03:29:46,324 - log - INFO - iter:3620/3783, Original Acc@1: 72.15, Acc@5: 93.18, TTA Acc@1: 72.15, Acc@5: 93.18
2025-05-27 03:30:31,578 - log - INFO - iter:3640/3783, clip_acc1=72.22528076171875, tta_acc1=72.22528076171875
2025-05-27 03:30:31,578 - log - INFO - iter:3640/3783, Original Acc@1: 72.23, Acc@5: 93.19, TTA Acc@1: 72.23, Acc@5: 93.19
2025-05-27 03:31:16,115 - log - INFO - iter:3660/3783, clip_acc1=72.3224105834961, tta_acc1=72.3224105834961
2025-05-27 03:31:16,116 - log - INFO - iter:3660/3783, Original Acc@1: 72.32, Acc@5: 93.20, TTA Acc@1: 72.32, Acc@5: 93.20
2025-05-27 03:32:00,316 - log - INFO - iter:3680/3783, clip_acc1=72.41847229003906, tta_acc1=72.41847229003906
2025-05-27 03:32:00,317 - log - INFO - iter:3680/3783, Original Acc@1: 72.42, Acc@5: 93.23, TTA Acc@1: 72.42, Acc@5: 93.23
2025-05-27 03:32:44,650 - log - INFO - iter:3700/3783, clip_acc1=72.54054260253906, tta_acc1=72.54054260253906
2025-05-27 03:32:44,650 - log - INFO - iter:3700/3783, Original Acc@1: 72.54, Acc@5: 93.27, TTA Acc@1: 72.54, Acc@5: 93.27
2025-05-27 03:33:28,998 - log - INFO - iter:3720/3783, clip_acc1=72.68817138671875, tta_acc1=72.68817138671875
2025-05-27 03:33:28,998 - log - INFO - iter:3720/3783, Original Acc@1: 72.69, Acc@5: 93.31, TTA Acc@1: 72.69, Acc@5: 93.31
2025-05-27 03:34:13,141 - log - INFO - iter:3740/3783, clip_acc1=72.78074645996094, tta_acc1=72.78074645996094
2025-05-27 03:34:13,141 - log - INFO - iter:3740/3783, Original Acc@1: 72.78, Acc@5: 93.34, TTA Acc@1: 72.78, Acc@5: 93.34
2025-05-27 03:34:58,371 - log - INFO - iter:3760/3783, clip_acc1=72.84574127197266, tta_acc1=72.84574127197266
2025-05-27 03:34:58,372 - log - INFO - iter:3760/3783, Original Acc@1: 72.85, Acc@5: 93.32, TTA Acc@1: 72.85, Acc@5: 93.32
2025-05-27 03:35:41,748 - log - INFO - iter:3780/3783, clip_acc1=72.72486877441406, tta_acc1=72.72486877441406
2025-05-27 03:35:41,748 - log - INFO - iter:3780/3783, Original Acc@1: 72.72, Acc@5: 93.15, TTA Acc@1: 72.72, Acc@5: 93.15
2025-05-27 03:35:47,446 - log - INFO - iter:3783/3783, clip_acc1=72.6936264038086, tta_acc1=72.6936264038086
2025-05-27 03:35:47,447 - log - INFO - iter:3783/3783, Original Acc@1: 72.69, Acc@5: 93.15, TTA Acc@1: 72.69, Acc@5: 93.15
2025-05-27 03:35:47,527 - log - INFO - Final results - Original Acc@1: 72.69, Acc@5: 93.15, TTA Acc@1: 72.69, Acc@5: 93.15
2025-05-27 03:35:47,528 - log - INFO - Improvement from TTA in Acc@1 0.00, and Acc@5 0.00
2025-05-27 03:35:47,528 - log - INFO - => Acc. on testset [UCF101]: Clean Acc @1 72.6936264038086/ TTA Clean Acc @1 72.6936264038086, Clean Acc @5 93.15357971191406/ TTA Clean Acc @5 93.15357971191406
2025-05-27 03:35:47,528 - log - INFO - Total script execution time: 8489.98 seconds (141.50 minutes)
