2025-06-10 14:34:21,865 - log - INFO - ==========================================
data:/l/users/hashmat.malik/downstream_datasets
test_sets:eurosat
dataset_mode:test
arch:fare4
resolution:224
workers:4
no_pin_memory:False
batch_size:64
print_freq:20
gpu:0
no_cudnn_benchmark:False
n_ctx:4
ctx_init:a_photo_of_a
tpt_loss:rtpt
seed:0
output_dir:/l/users/hashmat.malik/atpt_results/fare4/eurosat
log_output_dir:/l/users/hashmat.malik/Projects/ATPT/Final_Results/fare4/eurosat
eps:0.0
alpha:0.0
alpha_eps_ratio:4.0
steps:0
lr:0.005
selection_p:0.1
tta_steps:0
ensemble_type:none
top_k:20
softmax_temp:0.01
counter_attack:True
counter_attack_type:pgd
counter_attack_steps:2
counter_attack_eps:4.0
counter_attack_alpha:1.0
counter_attack_tau_thres:0.2
counter_attack_beta:2.0
counter_attack_weighted_perturbations:True
pgd_clip_pure_i_text_embeddings:null
pgd_counter_and_clipure_i_lamda:1.0
selected_id_name:selected_topk.json
weighted_score_name:weighted_scores.json
batch_entropy_name:entropies.json
log_dir:/l/users/hashmat.malik/Projects/ATPT/Final_Results/fare4/eurosat/Clean/Counter_Attack/Eps_4_0_Steps_2_Alpha_1_0/tau_0_2_beta_2_0_weighted_pertrubation_True/No_TPT/Inference_Ensemble_none

2025-06-10 14:34:21,866 - log - INFO - Use GPU: 0 for training
2025-06-10 14:34:34,716 - log - INFO - Freezing all parameters except prompt learner
2025-06-10 14:34:34,718 - log - INFO - => Model created: visual backbone fare4
2025-06-10 14:34:34,742 - log - INFO - Number of test samples: 8100
2025-06-10 14:34:34,743 - log - INFO - Evaluating dataset: eurosat
2025-06-10 14:34:34,744 - log - INFO - Starting evaluation with batch size: 64, selection percentage: 0.1
2025-06-10 14:34:34,744 - log - INFO - Test-time adaptation steps: 0, learning rate: 0.005
2025-06-10 14:34:34,744 - log - INFO - Using counter-attack with epsilon: 4.000000, alpha: 0.000000, steps: 2, tau_thres: 0.2, beta: 2.0, weighted perturbation: True
2025-06-10 14:35:39,394 - log - INFO - iter:20/8100, clip_acc1=0.0, tta_acc1=0.0
2025-06-10 14:35:39,394 - log - INFO - iter:20/8100, Original Acc@1: 0.00, Acc@5: 35.00, TTA Acc@1: 0.00, Acc@5: 35.00
2025-06-10 14:36:55,780 - log - INFO - iter:40/8100, clip_acc1=0.0, tta_acc1=0.0
2025-06-10 14:36:55,781 - log - INFO - iter:40/8100, Original Acc@1: 0.00, Acc@5: 40.00, TTA Acc@1: 0.00, Acc@5: 40.00
2025-06-10 14:38:01,109 - log - INFO - iter:60/8100, clip_acc1=0.0, tta_acc1=0.0
2025-06-10 14:38:01,110 - log - INFO - iter:60/8100, Original Acc@1: 0.00, Acc@5: 36.67, TTA Acc@1: 0.00, Acc@5: 36.67
2025-06-10 14:38:48,966 - log - INFO - iter:80/8100, clip_acc1=0.0, tta_acc1=0.0
2025-06-10 14:38:48,966 - log - INFO - iter:80/8100, Original Acc@1: 0.00, Acc@5: 30.00, TTA Acc@1: 0.00, Acc@5: 30.00
2025-06-10 14:40:00,794 - log - INFO - iter:100/8100, clip_acc1=0.0, tta_acc1=0.0
2025-06-10 14:40:00,795 - log - INFO - iter:100/8100, Original Acc@1: 0.00, Acc@5: 32.00, TTA Acc@1: 0.00, Acc@5: 32.00
2025-06-10 14:41:28,321 - log - INFO - iter:120/8100, clip_acc1=0.0, tta_acc1=0.0
2025-06-10 14:41:28,321 - log - INFO - iter:120/8100, Original Acc@1: 0.00, Acc@5: 32.50, TTA Acc@1: 0.00, Acc@5: 32.50
2025-06-10 14:42:42,350 - log - INFO - iter:140/8100, clip_acc1=0.0, tta_acc1=0.0
2025-06-10 14:42:42,351 - log - INFO - iter:140/8100, Original Acc@1: 0.00, Acc@5: 30.71, TTA Acc@1: 0.00, Acc@5: 30.71
2025-06-10 14:43:49,946 - log - INFO - iter:160/8100, clip_acc1=0.0, tta_acc1=0.0
2025-06-10 14:43:49,946 - log - INFO - iter:160/8100, Original Acc@1: 0.00, Acc@5: 30.62, TTA Acc@1: 0.00, Acc@5: 30.62
2025-06-10 14:45:04,556 - log - INFO - iter:180/8100, clip_acc1=0.0, tta_acc1=0.0
2025-06-10 14:45:04,556 - log - INFO - iter:180/8100, Original Acc@1: 0.00, Acc@5: 31.11, TTA Acc@1: 0.00, Acc@5: 31.11
2025-06-10 14:46:29,818 - log - INFO - iter:200/8100, clip_acc1=0.0, tta_acc1=0.0
2025-06-10 14:46:29,819 - log - INFO - iter:200/8100, Original Acc@1: 0.00, Acc@5: 31.00, TTA Acc@1: 0.00, Acc@5: 31.00
2025-06-10 14:47:49,449 - log - INFO - iter:220/8100, clip_acc1=0.0, tta_acc1=0.0
2025-06-10 14:47:49,450 - log - INFO - iter:220/8100, Original Acc@1: 0.00, Acc@5: 29.55, TTA Acc@1: 0.00, Acc@5: 29.55
2025-06-10 14:48:59,842 - log - INFO - iter:240/8100, clip_acc1=0.0, tta_acc1=0.0
2025-06-10 14:48:59,842 - log - INFO - iter:240/8100, Original Acc@1: 0.00, Acc@5: 30.83, TTA Acc@1: 0.00, Acc@5: 30.83
2025-06-10 14:50:16,901 - log - INFO - iter:260/8100, clip_acc1=0.0, tta_acc1=0.0
2025-06-10 14:50:16,901 - log - INFO - iter:260/8100, Original Acc@1: 0.00, Acc@5: 29.62, TTA Acc@1: 0.00, Acc@5: 29.62
2025-06-10 14:51:21,510 - log - INFO - iter:280/8100, clip_acc1=0.0, tta_acc1=0.0
2025-06-10 14:51:21,510 - log - INFO - iter:280/8100, Original Acc@1: 0.00, Acc@5: 30.00, TTA Acc@1: 0.00, Acc@5: 30.00
2025-06-10 14:52:24,079 - log - INFO - iter:300/8100, clip_acc1=0.0, tta_acc1=0.0
2025-06-10 14:52:24,079 - log - INFO - iter:300/8100, Original Acc@1: 0.00, Acc@5: 29.67, TTA Acc@1: 0.00, Acc@5: 29.67
2025-06-10 14:53:44,042 - log - INFO - iter:320/8100, clip_acc1=0.0, tta_acc1=0.0
2025-06-10 14:53:44,043 - log - INFO - iter:320/8100, Original Acc@1: 0.00, Acc@5: 30.62, TTA Acc@1: 0.00, Acc@5: 30.62
2025-06-10 14:54:51,022 - log - INFO - iter:340/8100, clip_acc1=0.0, tta_acc1=0.0
2025-06-10 14:54:51,022 - log - INFO - iter:340/8100, Original Acc@1: 0.00, Acc@5: 30.29, TTA Acc@1: 0.00, Acc@5: 30.29
2025-06-10 14:56:21,870 - log - INFO - iter:360/8100, clip_acc1=0.0, tta_acc1=0.0
2025-06-10 14:56:21,870 - log - INFO - iter:360/8100, Original Acc@1: 0.00, Acc@5: 29.72, TTA Acc@1: 0.00, Acc@5: 29.72
2025-06-10 14:57:32,155 - log - INFO - iter:380/8100, clip_acc1=0.0, tta_acc1=0.0
2025-06-10 14:57:32,156 - log - INFO - iter:380/8100, Original Acc@1: 0.00, Acc@5: 29.47, TTA Acc@1: 0.00, Acc@5: 29.47
2025-06-10 14:58:29,287 - log - INFO - iter:400/8100, clip_acc1=0.0, tta_acc1=0.0
2025-06-10 14:58:29,288 - log - INFO - iter:400/8100, Original Acc@1: 0.00, Acc@5: 29.75, TTA Acc@1: 0.00, Acc@5: 29.75
2025-06-10 14:59:32,697 - log - INFO - iter:420/8100, clip_acc1=0.0, tta_acc1=0.0
2025-06-10 14:59:32,697 - log - INFO - iter:420/8100, Original Acc@1: 0.00, Acc@5: 29.52, TTA Acc@1: 0.00, Acc@5: 29.76
2025-06-10 15:01:07,469 - log - INFO - iter:440/8100, clip_acc1=0.0, tta_acc1=0.0
2025-06-10 15:01:07,469 - log - INFO - iter:440/8100, Original Acc@1: 0.00, Acc@5: 29.09, TTA Acc@1: 0.00, Acc@5: 29.32
2025-06-10 15:02:13,863 - log - INFO - iter:460/8100, clip_acc1=0.0, tta_acc1=0.0
2025-06-10 15:02:13,863 - log - INFO - iter:460/8100, Original Acc@1: 0.00, Acc@5: 29.35, TTA Acc@1: 0.00, Acc@5: 29.57
2025-06-10 15:03:11,896 - log - INFO - iter:480/8100, clip_acc1=0.0, tta_acc1=0.0
2025-06-10 15:03:11,896 - log - INFO - iter:480/8100, Original Acc@1: 0.00, Acc@5: 29.79, TTA Acc@1: 0.00, Acc@5: 30.00
2025-06-10 15:04:40,959 - log - INFO - iter:500/8100, clip_acc1=0.0, tta_acc1=0.0
2025-06-10 15:04:40,960 - log - INFO - iter:500/8100, Original Acc@1: 0.00, Acc@5: 29.60, TTA Acc@1: 0.00, Acc@5: 29.80
2025-06-10 15:05:48,871 - log - INFO - iter:520/8100, clip_acc1=0.0, tta_acc1=0.0
2025-06-10 15:05:48,872 - log - INFO - iter:520/8100, Original Acc@1: 0.00, Acc@5: 29.62, TTA Acc@1: 0.00, Acc@5: 29.81
2025-06-10 15:07:02,185 - log - INFO - iter:540/8100, clip_acc1=0.0, tta_acc1=0.0
2025-06-10 15:07:02,185 - log - INFO - iter:540/8100, Original Acc@1: 0.00, Acc@5: 30.19, TTA Acc@1: 0.00, Acc@5: 30.37
2025-06-10 15:08:30,975 - log - INFO - iter:560/8100, clip_acc1=0.0, tta_acc1=0.0
2025-06-10 15:08:30,976 - log - INFO - iter:560/8100, Original Acc@1: 0.00, Acc@5: 30.18, TTA Acc@1: 0.00, Acc@5: 30.36
2025-06-10 15:09:51,333 - log - INFO - iter:580/8100, clip_acc1=0.0, tta_acc1=0.0
2025-06-10 15:09:51,334 - log - INFO - iter:580/8100, Original Acc@1: 0.00, Acc@5: 30.69, TTA Acc@1: 0.00, Acc@5: 30.86
2025-06-10 15:11:10,549 - log - INFO - iter:600/8100, clip_acc1=0.0, tta_acc1=0.0
2025-06-10 15:11:10,549 - log - INFO - iter:600/8100, Original Acc@1: 0.00, Acc@5: 31.00, TTA Acc@1: 0.00, Acc@5: 31.17
2025-06-10 15:12:15,356 - log - INFO - iter:620/8100, clip_acc1=0.0, tta_acc1=0.0
2025-06-10 15:12:15,356 - log - INFO - iter:620/8100, Original Acc@1: 0.00, Acc@5: 31.45, TTA Acc@1: 0.00, Acc@5: 31.61
2025-06-10 15:13:34,578 - log - INFO - iter:640/8100, clip_acc1=0.0, tta_acc1=0.0
2025-06-10 15:13:34,579 - log - INFO - iter:640/8100, Original Acc@1: 0.00, Acc@5: 32.03, TTA Acc@1: 0.00, Acc@5: 32.19
2025-06-10 15:14:53,647 - log - INFO - iter:660/8100, clip_acc1=0.0, tta_acc1=0.0
2025-06-10 15:14:53,648 - log - INFO - iter:660/8100, Original Acc@1: 0.00, Acc@5: 31.97, TTA Acc@1: 0.00, Acc@5: 32.12
2025-06-10 15:15:53,963 - log - INFO - iter:680/8100, clip_acc1=0.0, tta_acc1=0.0
2025-06-10 15:15:53,963 - log - INFO - iter:680/8100, Original Acc@1: 0.00, Acc@5: 31.91, TTA Acc@1: 0.00, Acc@5: 32.06
2025-06-10 15:17:27,343 - log - INFO - iter:700/8100, clip_acc1=0.0, tta_acc1=0.0
2025-06-10 15:17:27,343 - log - INFO - iter:700/8100, Original Acc@1: 0.00, Acc@5: 31.71, TTA Acc@1: 0.00, Acc@5: 31.86
2025-06-10 15:18:40,304 - log - INFO - iter:720/8100, clip_acc1=0.0, tta_acc1=0.0
2025-06-10 15:18:40,305 - log - INFO - iter:720/8100, Original Acc@1: 0.00, Acc@5: 31.67, TTA Acc@1: 0.00, Acc@5: 31.81
2025-06-10 15:19:39,736 - log - INFO - iter:740/8100, clip_acc1=0.0, tta_acc1=0.0
2025-06-10 15:19:39,736 - log - INFO - iter:740/8100, Original Acc@1: 0.00, Acc@5: 31.76, TTA Acc@1: 0.00, Acc@5: 31.89
2025-06-10 15:20:39,995 - log - INFO - iter:760/8100, clip_acc1=0.0, tta_acc1=0.0
2025-06-10 15:20:39,995 - log - INFO - iter:760/8100, Original Acc@1: 0.00, Acc@5: 31.45, TTA Acc@1: 0.00, Acc@5: 31.58
2025-06-10 15:21:53,222 - log - INFO - iter:780/8100, clip_acc1=0.0, tta_acc1=0.0
2025-06-10 15:21:53,222 - log - INFO - iter:780/8100, Original Acc@1: 0.00, Acc@5: 31.28, TTA Acc@1: 0.00, Acc@5: 31.41
2025-06-10 15:23:21,337 - log - INFO - iter:800/8100, clip_acc1=0.0, tta_acc1=0.0
2025-06-10 15:23:21,337 - log - INFO - iter:800/8100, Original Acc@1: 0.00, Acc@5: 31.38, TTA Acc@1: 0.00, Acc@5: 31.50
2025-06-10 15:24:26,284 - log - INFO - iter:820/8100, clip_acc1=0.0, tta_acc1=0.0
2025-06-10 15:24:26,284 - log - INFO - iter:820/8100, Original Acc@1: 0.00, Acc@5: 31.59, TTA Acc@1: 0.00, Acc@5: 31.71
2025-06-10 15:26:08,020 - log - INFO - iter:840/8100, clip_acc1=0.0, tta_acc1=0.0
2025-06-10 15:26:08,021 - log - INFO - iter:840/8100, Original Acc@1: 0.00, Acc@5: 31.90, TTA Acc@1: 0.00, Acc@5: 32.02
2025-06-10 15:27:36,966 - log - INFO - iter:860/8100, clip_acc1=0.0, tta_acc1=0.0
2025-06-10 15:27:36,966 - log - INFO - iter:860/8100, Original Acc@1: 0.00, Acc@5: 31.86, TTA Acc@1: 0.00, Acc@5: 31.98
2025-06-10 15:28:30,691 - log - INFO - iter:880/8100, clip_acc1=0.0, tta_acc1=0.0
2025-06-10 15:28:30,691 - log - INFO - iter:880/8100, Original Acc@1: 0.00, Acc@5: 31.36, TTA Acc@1: 0.00, Acc@5: 31.48
2025-06-10 15:29:49,830 - log - INFO - iter:900/8100, clip_acc1=0.0, tta_acc1=0.0
2025-06-10 15:29:49,830 - log - INFO - iter:900/8100, Original Acc@1: 0.00, Acc@5: 31.44, TTA Acc@1: 0.00, Acc@5: 31.56
2025-06-10 15:31:14,044 - log - INFO - iter:920/8100, clip_acc1=0.0, tta_acc1=0.0
2025-06-10 15:31:14,045 - log - INFO - iter:920/8100, Original Acc@1: 0.00, Acc@5: 32.61, TTA Acc@1: 0.00, Acc@5: 32.72
2025-06-10 15:32:13,777 - log - INFO - iter:940/8100, clip_acc1=0.0, tta_acc1=0.0
2025-06-10 15:32:13,777 - log - INFO - iter:940/8100, Original Acc@1: 0.00, Acc@5: 33.62, TTA Acc@1: 0.00, Acc@5: 33.72
2025-06-10 15:33:10,782 - log - INFO - iter:960/8100, clip_acc1=0.0, tta_acc1=0.0
2025-06-10 15:33:10,782 - log - INFO - iter:960/8100, Original Acc@1: 0.00, Acc@5: 35.00, TTA Acc@1: 0.00, Acc@5: 35.10
2025-06-10 15:34:38,023 - log - INFO - iter:980/8100, clip_acc1=0.0, tta_acc1=0.0
2025-06-10 15:34:38,024 - log - INFO - iter:980/8100, Original Acc@1: 0.00, Acc@5: 35.92, TTA Acc@1: 0.00, Acc@5: 36.02
2025-06-10 15:35:55,621 - log - INFO - iter:1000/8100, clip_acc1=0.0, tta_acc1=0.0
2025-06-10 15:35:55,621 - log - INFO - iter:1000/8100, Original Acc@1: 0.00, Acc@5: 37.10, TTA Acc@1: 0.00, Acc@5: 37.20
2025-06-10 15:36:54,204 - log - INFO - iter:1020/8100, clip_acc1=0.0, tta_acc1=0.0
2025-06-10 15:36:54,205 - log - INFO - iter:1020/8100, Original Acc@1: 0.00, Acc@5: 38.24, TTA Acc@1: 0.00, Acc@5: 38.33
2025-06-10 15:37:58,839 - log - INFO - iter:1040/8100, clip_acc1=0.0, tta_acc1=0.0
2025-06-10 15:37:58,840 - log - INFO - iter:1040/8100, Original Acc@1: 0.00, Acc@5: 39.04, TTA Acc@1: 0.00, Acc@5: 39.13
2025-06-10 15:39:04,440 - log - INFO - iter:1060/8100, clip_acc1=0.0, tta_acc1=0.0
2025-06-10 15:39:04,440 - log - INFO - iter:1060/8100, Original Acc@1: 0.00, Acc@5: 40.00, TTA Acc@1: 0.00, Acc@5: 40.09
2025-06-10 15:40:09,612 - log - INFO - iter:1080/8100, clip_acc1=0.0, tta_acc1=0.0
2025-06-10 15:40:09,613 - log - INFO - iter:1080/8100, Original Acc@1: 0.00, Acc@5: 41.11, TTA Acc@1: 0.00, Acc@5: 41.20
2025-06-10 15:41:36,192 - log - INFO - iter:1100/8100, clip_acc1=0.0, tta_acc1=0.0
2025-06-10 15:41:36,192 - log - INFO - iter:1100/8100, Original Acc@1: 0.00, Acc@5: 42.00, TTA Acc@1: 0.00, Acc@5: 42.09
2025-06-10 15:43:09,657 - log - INFO - iter:1120/8100, clip_acc1=0.0, tta_acc1=0.0
2025-06-10 15:43:09,657 - log - INFO - iter:1120/8100, Original Acc@1: 0.00, Acc@5: 42.86, TTA Acc@1: 0.00, Acc@5: 42.95
2025-06-10 15:44:25,641 - log - INFO - iter:1140/8100, clip_acc1=0.0, tta_acc1=0.0
2025-06-10 15:44:25,641 - log - INFO - iter:1140/8100, Original Acc@1: 0.00, Acc@5: 43.77, TTA Acc@1: 0.00, Acc@5: 43.86
2025-06-10 15:46:11,878 - log - INFO - iter:1160/8100, clip_acc1=0.0, tta_acc1=0.0
2025-06-10 15:46:11,879 - log - INFO - iter:1160/8100, Original Acc@1: 0.00, Acc@5: 44.57, TTA Acc@1: 0.00, Acc@5: 44.66
2025-06-10 15:47:50,008 - log - INFO - iter:1180/8100, clip_acc1=0.0, tta_acc1=0.0
2025-06-10 15:47:50,008 - log - INFO - iter:1180/8100, Original Acc@1: 0.00, Acc@5: 45.42, TTA Acc@1: 0.00, Acc@5: 45.51
2025-06-10 15:49:06,967 - log - INFO - iter:1200/8100, clip_acc1=0.0, tta_acc1=0.0
2025-06-10 15:49:06,968 - log - INFO - iter:1200/8100, Original Acc@1: 0.00, Acc@5: 46.33, TTA Acc@1: 0.00, Acc@5: 46.42
2025-06-10 15:50:20,366 - log - INFO - iter:1220/8100, clip_acc1=0.0, tta_acc1=0.0
2025-06-10 15:50:20,366 - log - INFO - iter:1220/8100, Original Acc@1: 0.00, Acc@5: 47.05, TTA Acc@1: 0.00, Acc@5: 47.13
2025-06-10 15:51:43,235 - log - INFO - iter:1240/8100, clip_acc1=0.0, tta_acc1=0.0
2025-06-10 15:51:43,236 - log - INFO - iter:1240/8100, Original Acc@1: 0.00, Acc@5: 47.90, TTA Acc@1: 0.00, Acc@5: 47.98
2025-06-10 15:53:14,730 - log - INFO - iter:1260/8100, clip_acc1=0.0, tta_acc1=0.0
2025-06-10 15:53:14,730 - log - INFO - iter:1260/8100, Original Acc@1: 0.00, Acc@5: 48.65, TTA Acc@1: 0.00, Acc@5: 48.73
2025-06-10 15:54:52,763 - log - INFO - iter:1280/8100, clip_acc1=0.0, tta_acc1=0.0
2025-06-10 15:54:52,764 - log - INFO - iter:1280/8100, Original Acc@1: 0.00, Acc@5: 49.30, TTA Acc@1: 0.00, Acc@5: 49.38
2025-06-10 15:55:58,908 - log - INFO - iter:1300/8100, clip_acc1=0.0, tta_acc1=0.0
2025-06-10 15:55:58,908 - log - INFO - iter:1300/8100, Original Acc@1: 0.00, Acc@5: 50.08, TTA Acc@1: 0.00, Acc@5: 50.15
2025-06-10 15:57:08,016 - log - INFO - iter:1320/8100, clip_acc1=0.0, tta_acc1=0.0
2025-06-10 15:57:08,017 - log - INFO - iter:1320/8100, Original Acc@1: 0.00, Acc@5: 50.61, TTA Acc@1: 0.00, Acc@5: 50.68
2025-06-10 15:58:22,532 - log - INFO - iter:1340/8100, clip_acc1=0.0, tta_acc1=0.0
2025-06-10 15:58:22,532 - log - INFO - iter:1340/8100, Original Acc@1: 0.00, Acc@5: 51.12, TTA Acc@1: 0.00, Acc@5: 51.19
2025-06-10 15:59:22,605 - log - INFO - iter:1360/8100, clip_acc1=0.0, tta_acc1=0.0
2025-06-10 15:59:22,605 - log - INFO - iter:1360/8100, Original Acc@1: 0.00, Acc@5: 51.69, TTA Acc@1: 0.00, Acc@5: 51.76
2025-06-10 16:00:48,962 - log - INFO - iter:1380/8100, clip_acc1=0.0, tta_acc1=0.0
2025-06-10 16:00:48,962 - log - INFO - iter:1380/8100, Original Acc@1: 0.00, Acc@5: 52.25, TTA Acc@1: 0.00, Acc@5: 52.32
2025-06-10 16:02:11,492 - log - INFO - iter:1400/8100, clip_acc1=0.0, tta_acc1=0.0
2025-06-10 16:02:11,493 - log - INFO - iter:1400/8100, Original Acc@1: 0.00, Acc@5: 52.93, TTA Acc@1: 0.00, Acc@5: 53.00
2025-06-10 16:03:06,454 - log - INFO - iter:1420/8100, clip_acc1=0.0, tta_acc1=0.0
2025-06-10 16:03:06,454 - log - INFO - iter:1420/8100, Original Acc@1: 0.00, Acc@5: 53.59, TTA Acc@1: 0.00, Acc@5: 53.66
2025-06-10 16:04:35,407 - log - INFO - iter:1440/8100, clip_acc1=0.0, tta_acc1=0.0
2025-06-10 16:04:35,408 - log - INFO - iter:1440/8100, Original Acc@1: 0.00, Acc@5: 54.24, TTA Acc@1: 0.00, Acc@5: 54.31
2025-06-10 16:06:11,640 - log - INFO - iter:1460/8100, clip_acc1=0.0, tta_acc1=0.0
2025-06-10 16:06:11,640 - log - INFO - iter:1460/8100, Original Acc@1: 0.00, Acc@5: 54.79, TTA Acc@1: 0.00, Acc@5: 54.86
2025-06-10 16:07:11,873 - log - INFO - iter:1480/8100, clip_acc1=0.0, tta_acc1=0.0
2025-06-10 16:07:11,874 - log - INFO - iter:1480/8100, Original Acc@1: 0.00, Acc@5: 55.34, TTA Acc@1: 0.00, Acc@5: 55.41
2025-06-10 16:08:27,801 - log - INFO - iter:1500/8100, clip_acc1=0.0, tta_acc1=0.0
2025-06-10 16:08:27,801 - log - INFO - iter:1500/8100, Original Acc@1: 0.00, Acc@5: 55.93, TTA Acc@1: 0.00, Acc@5: 56.00
2025-06-10 16:09:55,862 - log - INFO - iter:1520/8100, clip_acc1=0.0, tta_acc1=0.0
2025-06-10 16:09:55,862 - log - INFO - iter:1520/8100, Original Acc@1: 0.00, Acc@5: 56.38, TTA Acc@1: 0.00, Acc@5: 56.45
2025-06-10 16:11:14,106 - log - INFO - iter:1540/8100, clip_acc1=0.0, tta_acc1=0.0
2025-06-10 16:11:14,106 - log - INFO - iter:1540/8100, Original Acc@1: 0.00, Acc@5: 56.75, TTA Acc@1: 0.00, Acc@5: 56.82
2025-06-10 16:12:45,784 - log - INFO - iter:1560/8100, clip_acc1=0.0, tta_acc1=0.0
2025-06-10 16:12:45,784 - log - INFO - iter:1560/8100, Original Acc@1: 0.00, Acc@5: 57.18, TTA Acc@1: 0.00, Acc@5: 57.24
2025-06-10 16:13:53,684 - log - INFO - iter:1580/8100, clip_acc1=0.0, tta_acc1=0.0
2025-06-10 16:13:53,685 - log - INFO - iter:1580/8100, Original Acc@1: 0.00, Acc@5: 57.53, TTA Acc@1: 0.00, Acc@5: 57.59
2025-06-10 16:14:57,742 - log - INFO - iter:1600/8100, clip_acc1=0.0, tta_acc1=0.0
2025-06-10 16:14:57,743 - log - INFO - iter:1600/8100, Original Acc@1: 0.00, Acc@5: 57.88, TTA Acc@1: 0.00, Acc@5: 57.94
2025-06-10 16:16:18,337 - log - INFO - iter:1620/8100, clip_acc1=0.0, tta_acc1=0.0
2025-06-10 16:16:18,337 - log - INFO - iter:1620/8100, Original Acc@1: 0.00, Acc@5: 58.27, TTA Acc@1: 0.00, Acc@5: 58.33
2025-06-10 16:17:42,104 - log - INFO - iter:1640/8100, clip_acc1=0.0, tta_acc1=0.0
2025-06-10 16:17:42,104 - log - INFO - iter:1640/8100, Original Acc@1: 0.00, Acc@5: 58.72, TTA Acc@1: 0.00, Acc@5: 58.78
2025-06-10 16:18:45,743 - log - INFO - iter:1660/8100, clip_acc1=0.0, tta_acc1=0.0
2025-06-10 16:18:45,743 - log - INFO - iter:1660/8100, Original Acc@1: 0.00, Acc@5: 59.04, TTA Acc@1: 0.00, Acc@5: 59.10
2025-06-10 16:19:57,214 - log - INFO - iter:1680/8100, clip_acc1=0.0, tta_acc1=0.0
2025-06-10 16:19:57,214 - log - INFO - iter:1680/8100, Original Acc@1: 0.00, Acc@5: 59.46, TTA Acc@1: 0.00, Acc@5: 59.52
2025-06-10 16:21:29,376 - log - INFO - iter:1700/8100, clip_acc1=0.0, tta_acc1=0.0
2025-06-10 16:21:29,377 - log - INFO - iter:1700/8100, Original Acc@1: 0.00, Acc@5: 59.82, TTA Acc@1: 0.00, Acc@5: 59.88
2025-06-10 16:22:38,143 - log - INFO - iter:1720/8100, clip_acc1=0.0, tta_acc1=0.0
2025-06-10 16:22:38,143 - log - INFO - iter:1720/8100, Original Acc@1: 0.00, Acc@5: 60.17, TTA Acc@1: 0.00, Acc@5: 60.23
2025-06-10 16:24:19,903 - log - INFO - iter:1740/8100, clip_acc1=0.0, tta_acc1=0.0
2025-06-10 16:24:19,904 - log - INFO - iter:1740/8100, Original Acc@1: 0.00, Acc@5: 60.63, TTA Acc@1: 0.00, Acc@5: 60.69
2025-06-10 16:26:01,232 - log - INFO - iter:1760/8100, clip_acc1=0.0, tta_acc1=0.0
2025-06-10 16:26:01,232 - log - INFO - iter:1760/8100, Original Acc@1: 0.00, Acc@5: 61.08, TTA Acc@1: 0.00, Acc@5: 61.14
2025-06-10 16:26:56,027 - log - INFO - iter:1780/8100, clip_acc1=0.0, tta_acc1=0.0
2025-06-10 16:26:56,027 - log - INFO - iter:1780/8100, Original Acc@1: 0.00, Acc@5: 61.35, TTA Acc@1: 0.00, Acc@5: 61.40
2025-06-10 16:28:00,173 - log - INFO - iter:1800/8100, clip_acc1=0.0, tta_acc1=0.0
2025-06-10 16:28:00,173 - log - INFO - iter:1800/8100, Original Acc@1: 0.00, Acc@5: 61.72, TTA Acc@1: 0.00, Acc@5: 61.78
2025-06-10 16:29:45,103 - log - INFO - iter:1820/8100, clip_acc1=0.0, tta_acc1=0.0
2025-06-10 16:29:45,104 - log - INFO - iter:1820/8100, Original Acc@1: 0.00, Acc@5: 61.04, TTA Acc@1: 0.00, Acc@5: 61.10
2025-06-10 16:31:20,063 - log - INFO - iter:1840/8100, clip_acc1=0.0, tta_acc1=0.0
2025-06-10 16:31:20,064 - log - INFO - iter:1840/8100, Original Acc@1: 0.00, Acc@5: 60.38, TTA Acc@1: 0.00, Acc@5: 60.43
2025-06-10 16:32:39,687 - log - INFO - iter:1860/8100, clip_acc1=0.0, tta_acc1=0.0
2025-06-10 16:32:39,688 - log - INFO - iter:1860/8100, Original Acc@1: 0.00, Acc@5: 59.73, TTA Acc@1: 0.00, Acc@5: 59.78
2025-06-10 16:33:51,339 - log - INFO - iter:1880/8100, clip_acc1=0.0, tta_acc1=0.0
2025-06-10 16:33:51,339 - log - INFO - iter:1880/8100, Original Acc@1: 0.00, Acc@5: 59.10, TTA Acc@1: 0.00, Acc@5: 59.15
2025-06-10 16:35:21,099 - log - INFO - iter:1900/8100, clip_acc1=0.0, tta_acc1=0.0
2025-06-10 16:35:21,099 - log - INFO - iter:1900/8100, Original Acc@1: 0.00, Acc@5: 58.47, TTA Acc@1: 0.00, Acc@5: 58.53
2025-06-10 16:37:01,432 - log - INFO - iter:1920/8100, clip_acc1=0.0, tta_acc1=0.0
2025-06-10 16:37:01,432 - log - INFO - iter:1920/8100, Original Acc@1: 0.00, Acc@5: 57.86, TTA Acc@1: 0.00, Acc@5: 57.92
2025-06-10 16:38:07,672 - log - INFO - iter:1940/8100, clip_acc1=0.0, tta_acc1=0.0
2025-06-10 16:38:07,672 - log - INFO - iter:1940/8100, Original Acc@1: 0.00, Acc@5: 57.27, TTA Acc@1: 0.00, Acc@5: 57.32
2025-06-10 16:39:30,446 - log - INFO - iter:1960/8100, clip_acc1=0.0, tta_acc1=0.0
2025-06-10 16:39:30,446 - log - INFO - iter:1960/8100, Original Acc@1: 0.00, Acc@5: 56.68, TTA Acc@1: 0.00, Acc@5: 56.73
2025-06-10 16:40:55,474 - log - INFO - iter:1980/8100, clip_acc1=0.0, tta_acc1=0.0
2025-06-10 16:40:55,475 - log - INFO - iter:1980/8100, Original Acc@1: 0.00, Acc@5: 56.11, TTA Acc@1: 0.00, Acc@5: 56.16
2025-06-10 16:41:57,739 - log - INFO - iter:2000/8100, clip_acc1=0.0, tta_acc1=0.0
2025-06-10 16:41:57,739 - log - INFO - iter:2000/8100, Original Acc@1: 0.00, Acc@5: 55.55, TTA Acc@1: 0.00, Acc@5: 55.60
2025-06-10 16:43:03,667 - log - INFO - iter:2020/8100, clip_acc1=0.0, tta_acc1=0.0
2025-06-10 16:43:03,667 - log - INFO - iter:2020/8100, Original Acc@1: 0.00, Acc@5: 55.00, TTA Acc@1: 0.00, Acc@5: 55.05
2025-06-10 16:44:42,026 - log - INFO - iter:2040/8100, clip_acc1=0.0, tta_acc1=0.0
2025-06-10 16:44:42,027 - log - INFO - iter:2040/8100, Original Acc@1: 0.00, Acc@5: 54.46, TTA Acc@1: 0.00, Acc@5: 54.51
2025-06-10 16:45:41,310 - log - INFO - iter:2060/8100, clip_acc1=0.0, tta_acc1=0.0
2025-06-10 16:45:41,310 - log - INFO - iter:2060/8100, Original Acc@1: 0.00, Acc@5: 53.93, TTA Acc@1: 0.00, Acc@5: 53.98
2025-06-10 16:47:06,219 - log - INFO - iter:2080/8100, clip_acc1=0.0, tta_acc1=0.0
2025-06-10 16:47:06,219 - log - INFO - iter:2080/8100, Original Acc@1: 0.00, Acc@5: 53.41, TTA Acc@1: 0.00, Acc@5: 53.46
2025-06-10 16:48:40,925 - log - INFO - iter:2100/8100, clip_acc1=0.0, tta_acc1=0.0
2025-06-10 16:48:40,925 - log - INFO - iter:2100/8100, Original Acc@1: 0.00, Acc@5: 52.90, TTA Acc@1: 0.00, Acc@5: 52.95
2025-06-10 16:50:08,567 - log - INFO - iter:2120/8100, clip_acc1=0.0, tta_acc1=0.0
2025-06-10 16:50:08,567 - log - INFO - iter:2120/8100, Original Acc@1: 0.00, Acc@5: 52.41, TTA Acc@1: 0.00, Acc@5: 52.45
2025-06-10 16:51:38,615 - log - INFO - iter:2140/8100, clip_acc1=0.0, tta_acc1=0.0
2025-06-10 16:51:38,615 - log - INFO - iter:2140/8100, Original Acc@1: 0.00, Acc@5: 51.92, TTA Acc@1: 0.00, Acc@5: 51.96
2025-06-10 16:52:49,824 - log - INFO - iter:2160/8100, clip_acc1=0.0, tta_acc1=0.0
2025-06-10 16:52:49,825 - log - INFO - iter:2160/8100, Original Acc@1: 0.00, Acc@5: 51.44, TTA Acc@1: 0.00, Acc@5: 51.48
2025-06-10 16:53:43,668 - log - INFO - iter:2180/8100, clip_acc1=0.0, tta_acc1=0.0
2025-06-10 16:53:43,669 - log - INFO - iter:2180/8100, Original Acc@1: 0.00, Acc@5: 50.96, TTA Acc@1: 0.00, Acc@5: 51.01
2025-06-10 16:54:49,250 - log - INFO - iter:2200/8100, clip_acc1=0.0, tta_acc1=0.0
2025-06-10 16:54:49,250 - log - INFO - iter:2200/8100, Original Acc@1: 0.00, Acc@5: 50.50, TTA Acc@1: 0.00, Acc@5: 50.55
2025-06-10 16:56:25,857 - log - INFO - iter:2220/8100, clip_acc1=0.0, tta_acc1=0.0
2025-06-10 16:56:25,857 - log - INFO - iter:2220/8100, Original Acc@1: 0.00, Acc@5: 50.05, TTA Acc@1: 0.00, Acc@5: 50.09
2025-06-10 16:57:24,547 - log - INFO - iter:2240/8100, clip_acc1=0.0, tta_acc1=0.0
2025-06-10 16:57:24,547 - log - INFO - iter:2240/8100, Original Acc@1: 0.00, Acc@5: 49.60, TTA Acc@1: 0.00, Acc@5: 49.64
2025-06-10 16:58:28,970 - log - INFO - iter:2260/8100, clip_acc1=0.0, tta_acc1=0.0
2025-06-10 16:58:28,970 - log - INFO - iter:2260/8100, Original Acc@1: 0.00, Acc@5: 49.16, TTA Acc@1: 0.00, Acc@5: 49.20
2025-06-10 16:59:27,692 - log - INFO - iter:2280/8100, clip_acc1=0.0, tta_acc1=0.0
2025-06-10 16:59:27,693 - log - INFO - iter:2280/8100, Original Acc@1: 0.00, Acc@5: 48.73, TTA Acc@1: 0.00, Acc@5: 48.77
2025-06-10 17:00:36,361 - log - INFO - iter:2300/8100, clip_acc1=0.0, tta_acc1=0.0
2025-06-10 17:00:36,362 - log - INFO - iter:2300/8100, Original Acc@1: 0.00, Acc@5: 48.30, TTA Acc@1: 0.00, Acc@5: 48.35
2025-06-10 17:02:15,664 - log - INFO - iter:2320/8100, clip_acc1=0.0, tta_acc1=0.0
2025-06-10 17:02:15,664 - log - INFO - iter:2320/8100, Original Acc@1: 0.00, Acc@5: 47.89, TTA Acc@1: 0.00, Acc@5: 47.93
2025-06-10 17:03:46,308 - log - INFO - iter:2340/8100, clip_acc1=0.0, tta_acc1=0.0
2025-06-10 17:03:46,309 - log - INFO - iter:2340/8100, Original Acc@1: 0.00, Acc@5: 47.48, TTA Acc@1: 0.00, Acc@5: 47.52
2025-06-10 17:04:55,524 - log - INFO - iter:2360/8100, clip_acc1=0.0, tta_acc1=0.0
2025-06-10 17:04:55,525 - log - INFO - iter:2360/8100, Original Acc@1: 0.00, Acc@5: 47.08, TTA Acc@1: 0.00, Acc@5: 47.12
2025-06-10 17:06:06,967 - log - INFO - iter:2380/8100, clip_acc1=0.0, tta_acc1=0.0
2025-06-10 17:06:06,967 - log - INFO - iter:2380/8100, Original Acc@1: 0.00, Acc@5: 46.68, TTA Acc@1: 0.00, Acc@5: 46.72
2025-06-10 17:07:26,245 - log - INFO - iter:2400/8100, clip_acc1=0.0, tta_acc1=0.0
2025-06-10 17:07:26,246 - log - INFO - iter:2400/8100, Original Acc@1: 0.00, Acc@5: 46.29, TTA Acc@1: 0.00, Acc@5: 46.33
2025-06-10 17:08:47,952 - log - INFO - iter:2420/8100, clip_acc1=0.0, tta_acc1=0.0
2025-06-10 17:08:47,952 - log - INFO - iter:2420/8100, Original Acc@1: 0.00, Acc@5: 45.91, TTA Acc@1: 0.00, Acc@5: 45.95
2025-06-10 17:10:02,581 - log - INFO - iter:2440/8100, clip_acc1=0.0, tta_acc1=0.0
2025-06-10 17:10:02,582 - log - INFO - iter:2440/8100, Original Acc@1: 0.00, Acc@5: 45.53, TTA Acc@1: 0.00, Acc@5: 45.57
2025-06-10 17:11:42,679 - log - INFO - iter:2460/8100, clip_acc1=0.0, tta_acc1=0.0
2025-06-10 17:11:42,679 - log - INFO - iter:2460/8100, Original Acc@1: 0.00, Acc@5: 45.16, TTA Acc@1: 0.00, Acc@5: 45.20
2025-06-10 17:12:35,030 - log - INFO - iter:2480/8100, clip_acc1=0.0, tta_acc1=0.0
2025-06-10 17:12:35,031 - log - INFO - iter:2480/8100, Original Acc@1: 0.00, Acc@5: 44.80, TTA Acc@1: 0.00, Acc@5: 44.84
2025-06-10 17:13:47,491 - log - INFO - iter:2500/8100, clip_acc1=0.0, tta_acc1=0.0
2025-06-10 17:13:47,491 - log - INFO - iter:2500/8100, Original Acc@1: 0.00, Acc@5: 44.44, TTA Acc@1: 0.00, Acc@5: 44.48
2025-06-10 17:15:08,678 - log - INFO - iter:2520/8100, clip_acc1=0.0, tta_acc1=0.0
2025-06-10 17:15:08,679 - log - INFO - iter:2520/8100, Original Acc@1: 0.00, Acc@5: 44.09, TTA Acc@1: 0.00, Acc@5: 44.13
2025-06-10 17:16:33,825 - log - INFO - iter:2540/8100, clip_acc1=0.0, tta_acc1=0.0
2025-06-10 17:16:33,825 - log - INFO - iter:2540/8100, Original Acc@1: 0.00, Acc@5: 43.74, TTA Acc@1: 0.00, Acc@5: 43.78
2025-06-10 17:18:26,295 - log - INFO - iter:2560/8100, clip_acc1=0.0, tta_acc1=0.0
2025-06-10 17:18:26,295 - log - INFO - iter:2560/8100, Original Acc@1: 0.00, Acc@5: 43.40, TTA Acc@1: 0.00, Acc@5: 43.44
2025-06-10 17:19:44,299 - log - INFO - iter:2580/8100, clip_acc1=0.0, tta_acc1=0.0
2025-06-10 17:19:44,300 - log - INFO - iter:2580/8100, Original Acc@1: 0.00, Acc@5: 43.06, TTA Acc@1: 0.00, Acc@5: 43.10
2025-06-10 17:20:50,085 - log - INFO - iter:2600/8100, clip_acc1=0.0, tta_acc1=0.0
2025-06-10 17:20:50,085 - log - INFO - iter:2600/8100, Original Acc@1: 0.00, Acc@5: 42.73, TTA Acc@1: 0.00, Acc@5: 42.77
2025-06-10 17:22:17,719 - log - INFO - iter:2620/8100, clip_acc1=0.0, tta_acc1=0.0
2025-06-10 17:22:17,720 - log - INFO - iter:2620/8100, Original Acc@1: 0.00, Acc@5: 42.40, TTA Acc@1: 0.00, Acc@5: 42.44
2025-06-10 17:23:41,131 - log - INFO - iter:2640/8100, clip_acc1=0.0, tta_acc1=0.0
2025-06-10 17:23:41,132 - log - INFO - iter:2640/8100, Original Acc@1: 0.00, Acc@5: 42.08, TTA Acc@1: 0.00, Acc@5: 42.12
2025-06-10 17:24:56,188 - log - INFO - iter:2660/8100, clip_acc1=0.0, tta_acc1=0.0
2025-06-10 17:24:56,189 - log - INFO - iter:2660/8100, Original Acc@1: 0.00, Acc@5: 41.77, TTA Acc@1: 0.00, Acc@5: 41.80
2025-06-10 17:26:09,532 - log - INFO - iter:2680/8100, clip_acc1=0.0, tta_acc1=0.0
2025-06-10 17:26:09,532 - log - INFO - iter:2680/8100, Original Acc@1: 0.00, Acc@5: 41.46, TTA Acc@1: 0.00, Acc@5: 41.49
2025-06-10 17:27:14,023 - log - INFO - iter:2700/8100, clip_acc1=0.0, tta_acc1=0.0
2025-06-10 17:27:14,023 - log - INFO - iter:2700/8100, Original Acc@1: 0.00, Acc@5: 41.15, TTA Acc@1: 0.00, Acc@5: 41.19
2025-06-10 17:28:16,769 - log - INFO - iter:2720/8100, clip_acc1=0.0, tta_acc1=0.0
2025-06-10 17:28:16,770 - log - INFO - iter:2720/8100, Original Acc@1: 0.00, Acc@5: 41.07, TTA Acc@1: 0.00, Acc@5: 41.10
2025-06-10 17:29:31,840 - log - INFO - iter:2740/8100, clip_acc1=0.0, tta_acc1=0.0
2025-06-10 17:29:31,840 - log - INFO - iter:2740/8100, Original Acc@1: 0.00, Acc@5: 41.02, TTA Acc@1: 0.00, Acc@5: 41.06
2025-06-10 17:31:09,274 - log - INFO - iter:2760/8100, clip_acc1=0.0, tta_acc1=0.0
2025-06-10 17:31:09,274 - log - INFO - iter:2760/8100, Original Acc@1: 0.00, Acc@5: 41.12, TTA Acc@1: 0.00, Acc@5: 41.16
2025-06-10 17:32:16,844 - log - INFO - iter:2780/8100, clip_acc1=0.0, tta_acc1=0.0
2025-06-10 17:32:16,844 - log - INFO - iter:2780/8100, Original Acc@1: 0.00, Acc@5: 41.15, TTA Acc@1: 0.00, Acc@5: 41.19
2025-06-10 17:33:33,670 - log - INFO - iter:2800/8100, clip_acc1=0.0, tta_acc1=0.0
2025-06-10 17:33:33,670 - log - INFO - iter:2800/8100, Original Acc@1: 0.00, Acc@5: 41.29, TTA Acc@1: 0.00, Acc@5: 41.32
2025-06-10 17:34:57,958 - log - INFO - iter:2820/8100, clip_acc1=0.0, tta_acc1=0.0
2025-06-10 17:34:57,959 - log - INFO - iter:2820/8100, Original Acc@1: 0.00, Acc@5: 41.28, TTA Acc@1: 0.00, Acc@5: 41.31
2025-06-10 17:36:08,922 - log - INFO - iter:2840/8100, clip_acc1=0.0, tta_acc1=0.0
2025-06-10 17:36:08,923 - log - INFO - iter:2840/8100, Original Acc@1: 0.00, Acc@5: 41.13, TTA Acc@1: 0.00, Acc@5: 41.16
2025-06-10 17:37:04,601 - log - INFO - iter:2860/8100, clip_acc1=0.0, tta_acc1=0.0
2025-06-10 17:37:04,601 - log - INFO - iter:2860/8100, Original Acc@1: 0.00, Acc@5: 41.36, TTA Acc@1: 0.00, Acc@5: 41.40
2025-06-10 17:38:42,938 - log - INFO - iter:2880/8100, clip_acc1=0.0, tta_acc1=0.0
2025-06-10 17:38:42,939 - log - INFO - iter:2880/8100, Original Acc@1: 0.00, Acc@5: 41.32, TTA Acc@1: 0.00, Acc@5: 41.35
2025-06-10 17:39:56,292 - log - INFO - iter:2900/8100, clip_acc1=0.0, tta_acc1=0.0
2025-06-10 17:39:56,292 - log - INFO - iter:2900/8100, Original Acc@1: 0.00, Acc@5: 41.34, TTA Acc@1: 0.00, Acc@5: 41.38
2025-06-10 17:41:50,313 - log - INFO - iter:2920/8100, clip_acc1=0.0, tta_acc1=0.0
2025-06-10 17:41:50,313 - log - INFO - iter:2920/8100, Original Acc@1: 0.00, Acc@5: 41.44, TTA Acc@1: 0.00, Acc@5: 41.47
2025-06-10 17:43:25,813 - log - INFO - iter:2940/8100, clip_acc1=0.0, tta_acc1=0.0
2025-06-10 17:43:25,813 - log - INFO - iter:2940/8100, Original Acc@1: 0.00, Acc@5: 41.39, TTA Acc@1: 0.00, Acc@5: 41.43
2025-06-10 17:44:37,249 - log - INFO - iter:2960/8100, clip_acc1=0.0, tta_acc1=0.0
2025-06-10 17:44:37,249 - log - INFO - iter:2960/8100, Original Acc@1: 0.00, Acc@5: 41.42, TTA Acc@1: 0.00, Acc@5: 41.45
2025-06-10 17:46:07,975 - log - INFO - iter:2980/8100, clip_acc1=0.0, tta_acc1=0.0
2025-06-10 17:46:07,976 - log - INFO - iter:2980/8100, Original Acc@1: 0.00, Acc@5: 41.54, TTA Acc@1: 0.00, Acc@5: 41.58
2025-06-10 17:47:14,399 - log - INFO - iter:3000/8100, clip_acc1=0.0, tta_acc1=0.0
2025-06-10 17:47:14,399 - log - INFO - iter:3000/8100, Original Acc@1: 0.00, Acc@5: 41.70, TTA Acc@1: 0.00, Acc@5: 41.73
2025-06-10 17:48:28,092 - log - INFO - iter:3020/8100, clip_acc1=0.0, tta_acc1=0.0
2025-06-10 17:48:28,092 - log - INFO - iter:3020/8100, Original Acc@1: 0.00, Acc@5: 41.79, TTA Acc@1: 0.00, Acc@5: 41.82
2025-06-10 17:49:47,259 - log - INFO - iter:3040/8100, clip_acc1=0.0, tta_acc1=0.0
2025-06-10 17:49:47,260 - log - INFO - iter:3040/8100, Original Acc@1: 0.00, Acc@5: 41.91, TTA Acc@1: 0.00, Acc@5: 41.94
2025-06-10 17:50:52,714 - log - INFO - iter:3060/8100, clip_acc1=0.0, tta_acc1=0.0
2025-06-10 17:50:52,714 - log - INFO - iter:3060/8100, Original Acc@1: 0.00, Acc@5: 42.12, TTA Acc@1: 0.00, Acc@5: 42.16
2025-06-10 17:51:56,555 - log - INFO - iter:3080/8100, clip_acc1=0.0, tta_acc1=0.0
2025-06-10 17:51:56,555 - log - INFO - iter:3080/8100, Original Acc@1: 0.00, Acc@5: 42.24, TTA Acc@1: 0.00, Acc@5: 42.27
2025-06-10 17:53:21,781 - log - INFO - iter:3100/8100, clip_acc1=0.0, tta_acc1=0.0
2025-06-10 17:53:21,782 - log - INFO - iter:3100/8100, Original Acc@1: 0.00, Acc@5: 42.26, TTA Acc@1: 0.00, Acc@5: 42.29
2025-06-10 17:54:35,992 - log - INFO - iter:3120/8100, clip_acc1=0.0, tta_acc1=0.0
2025-06-10 17:54:35,992 - log - INFO - iter:3120/8100, Original Acc@1: 0.00, Acc@5: 42.12, TTA Acc@1: 0.00, Acc@5: 42.15
2025-06-10 17:55:43,154 - log - INFO - iter:3140/8100, clip_acc1=0.0, tta_acc1=0.0
2025-06-10 17:55:43,155 - log - INFO - iter:3140/8100, Original Acc@1: 0.00, Acc@5: 41.97, TTA Acc@1: 0.00, Acc@5: 42.01
2025-06-10 17:57:14,362 - log - INFO - iter:3160/8100, clip_acc1=0.0, tta_acc1=0.0
2025-06-10 17:57:14,362 - log - INFO - iter:3160/8100, Original Acc@1: 0.00, Acc@5: 42.03, TTA Acc@1: 0.00, Acc@5: 42.06
2025-06-10 17:58:37,265 - log - INFO - iter:3180/8100, clip_acc1=0.0, tta_acc1=0.0
2025-06-10 17:58:37,266 - log - INFO - iter:3180/8100, Original Acc@1: 0.00, Acc@5: 41.98, TTA Acc@1: 0.00, Acc@5: 42.01
2025-06-10 17:59:41,307 - log - INFO - iter:3200/8100, clip_acc1=0.0, tta_acc1=0.0
2025-06-10 17:59:41,307 - log - INFO - iter:3200/8100, Original Acc@1: 0.00, Acc@5: 42.09, TTA Acc@1: 0.00, Acc@5: 42.12
2025-06-10 18:00:53,685 - log - INFO - iter:3220/8100, clip_acc1=0.0, tta_acc1=0.0
2025-06-10 18:00:53,686 - log - INFO - iter:3220/8100, Original Acc@1: 0.00, Acc@5: 42.17, TTA Acc@1: 0.00, Acc@5: 42.20
2025-06-10 18:02:08,645 - log - INFO - iter:3240/8100, clip_acc1=0.0, tta_acc1=0.0
2025-06-10 18:02:08,645 - log - INFO - iter:3240/8100, Original Acc@1: 0.00, Acc@5: 42.25, TTA Acc@1: 0.00, Acc@5: 42.28
2025-06-10 18:03:25,084 - log - INFO - iter:3260/8100, clip_acc1=0.0, tta_acc1=0.0
2025-06-10 18:03:25,085 - log - INFO - iter:3260/8100, Original Acc@1: 0.00, Acc@5: 42.27, TTA Acc@1: 0.00, Acc@5: 42.30
2025-06-10 18:04:59,566 - log - INFO - iter:3280/8100, clip_acc1=0.0, tta_acc1=0.0
2025-06-10 18:04:59,566 - log - INFO - iter:3280/8100, Original Acc@1: 0.00, Acc@5: 42.32, TTA Acc@1: 0.00, Acc@5: 42.35
2025-06-10 18:06:25,698 - log - INFO - iter:3300/8100, clip_acc1=0.0, tta_acc1=0.0
2025-06-10 18:06:25,699 - log - INFO - iter:3300/8100, Original Acc@1: 0.00, Acc@5: 42.36, TTA Acc@1: 0.00, Acc@5: 42.39
2025-06-10 18:07:39,636 - log - INFO - iter:3320/8100, clip_acc1=0.0, tta_acc1=0.0
2025-06-10 18:07:39,637 - log - INFO - iter:3320/8100, Original Acc@1: 0.00, Acc@5: 42.38, TTA Acc@1: 0.00, Acc@5: 42.41
2025-06-10 18:08:51,777 - log - INFO - iter:3340/8100, clip_acc1=0.0, tta_acc1=0.0
2025-06-10 18:08:51,778 - log - INFO - iter:3340/8100, Original Acc@1: 0.00, Acc@5: 42.40, TTA Acc@1: 0.00, Acc@5: 42.43
2025-06-10 18:10:37,846 - log - INFO - iter:3360/8100, clip_acc1=0.0, tta_acc1=0.0
2025-06-10 18:10:37,847 - log - INFO - iter:3360/8100, Original Acc@1: 0.00, Acc@5: 42.35, TTA Acc@1: 0.00, Acc@5: 42.38
2025-06-10 18:11:44,449 - log - INFO - iter:3380/8100, clip_acc1=0.0, tta_acc1=0.0
2025-06-10 18:11:44,449 - log - INFO - iter:3380/8100, Original Acc@1: 0.00, Acc@5: 42.31, TTA Acc@1: 0.00, Acc@5: 42.34
2025-06-10 18:12:46,157 - log - INFO - iter:3400/8100, clip_acc1=0.0, tta_acc1=0.0
2025-06-10 18:12:46,158 - log - INFO - iter:3400/8100, Original Acc@1: 0.00, Acc@5: 42.29, TTA Acc@1: 0.00, Acc@5: 42.32
2025-06-10 18:14:16,276 - log - INFO - iter:3420/8100, clip_acc1=0.0, tta_acc1=0.0
2025-06-10 18:14:16,276 - log - INFO - iter:3420/8100, Original Acc@1: 0.00, Acc@5: 42.34, TTA Acc@1: 0.00, Acc@5: 42.37
2025-06-10 18:15:36,753 - log - INFO - iter:3440/8100, clip_acc1=0.0, tta_acc1=0.0
2025-06-10 18:15:36,754 - log - INFO - iter:3440/8100, Original Acc@1: 0.00, Acc@5: 42.38, TTA Acc@1: 0.00, Acc@5: 42.41
2025-06-10 18:16:31,944 - log - INFO - iter:3460/8100, clip_acc1=0.0, tta_acc1=0.0
2025-06-10 18:16:31,945 - log - INFO - iter:3460/8100, Original Acc@1: 0.00, Acc@5: 42.40, TTA Acc@1: 0.00, Acc@5: 42.43
2025-06-10 18:17:59,348 - log - INFO - iter:3480/8100, clip_acc1=0.0, tta_acc1=0.0
2025-06-10 18:17:59,348 - log - INFO - iter:3480/8100, Original Acc@1: 0.00, Acc@5: 42.36, TTA Acc@1: 0.00, Acc@5: 42.39
2025-06-10 18:19:21,086 - log - INFO - iter:3500/8100, clip_acc1=0.0, tta_acc1=0.0
2025-06-10 18:19:21,087 - log - INFO - iter:3500/8100, Original Acc@1: 0.00, Acc@5: 42.29, TTA Acc@1: 0.00, Acc@5: 42.31
2025-06-10 18:21:01,455 - log - INFO - iter:3520/8100, clip_acc1=0.028409089893102646, tta_acc1=0.028409089893102646
2025-06-10 18:21:01,455 - log - INFO - iter:3520/8100, Original Acc@1: 0.03, Acc@5: 42.22, TTA Acc@1: 0.03, Acc@5: 42.24
2025-06-10 18:22:10,748 - log - INFO - iter:3540/8100, clip_acc1=0.028248587623238564, tta_acc1=0.028248587623238564
2025-06-10 18:22:10,748 - log - INFO - iter:3540/8100, Original Acc@1: 0.03, Acc@5: 42.12, TTA Acc@1: 0.03, Acc@5: 42.15
2025-06-10 18:23:15,473 - log - INFO - iter:3560/8100, clip_acc1=0.028089888393878937, tta_acc1=0.028089888393878937
2025-06-10 18:23:15,473 - log - INFO - iter:3560/8100, Original Acc@1: 0.03, Acc@5: 42.05, TTA Acc@1: 0.03, Acc@5: 42.08
2025-06-10 18:24:23,701 - log - INFO - iter:3580/8100, clip_acc1=0.02793296054005623, tta_acc1=0.02793296054005623
2025-06-10 18:24:23,702 - log - INFO - iter:3580/8100, Original Acc@1: 0.03, Acc@5: 41.96, TTA Acc@1: 0.03, Acc@5: 41.98
2025-06-10 18:25:40,841 - log - INFO - iter:3600/8100, clip_acc1=0.02777777798473835, tta_acc1=0.02777777798473835
2025-06-10 18:25:40,842 - log - INFO - iter:3600/8100, Original Acc@1: 0.03, Acc@5: 41.94, TTA Acc@1: 0.03, Acc@5: 41.97
2025-06-10 18:26:36,701 - log - INFO - iter:3620/8100, clip_acc1=0.05524861812591553, tta_acc1=0.05524861812591553
2025-06-10 18:26:36,701 - log - INFO - iter:3620/8100, Original Acc@1: 0.06, Acc@5: 41.96, TTA Acc@1: 0.06, Acc@5: 41.99
2025-06-10 18:28:05,658 - log - INFO - iter:3640/8100, clip_acc1=0.08241758495569229, tta_acc1=0.08241758495569229
2025-06-10 18:28:05,659 - log - INFO - iter:3640/8100, Original Acc@1: 0.08, Acc@5: 41.87, TTA Acc@1: 0.08, Acc@5: 41.90
2025-06-10 18:29:35,035 - log - INFO - iter:3660/8100, clip_acc1=0.10928962379693985, tta_acc1=0.10928962379693985
2025-06-10 18:29:35,035 - log - INFO - iter:3660/8100, Original Acc@1: 0.11, Acc@5: 41.78, TTA Acc@1: 0.11, Acc@5: 41.80
2025-06-10 18:30:34,467 - log - INFO - iter:3680/8100, clip_acc1=0.10869564861059189, tta_acc1=0.10869564861059189
2025-06-10 18:30:34,467 - log - INFO - iter:3680/8100, Original Acc@1: 0.11, Acc@5: 41.74, TTA Acc@1: 0.11, Acc@5: 41.77
2025-06-10 18:31:55,031 - log - INFO - iter:3700/8100, clip_acc1=0.10810811072587967, tta_acc1=0.10810811072587967
2025-06-10 18:31:55,032 - log - INFO - iter:3700/8100, Original Acc@1: 0.11, Acc@5: 41.65, TTA Acc@1: 0.11, Acc@5: 41.68
2025-06-10 18:33:31,635 - log - INFO - iter:3720/8100, clip_acc1=0.10752688348293304, tta_acc1=0.10752688348293304
2025-06-10 18:33:31,635 - log - INFO - iter:3720/8100, Original Acc@1: 0.11, Acc@5: 41.56, TTA Acc@1: 0.11, Acc@5: 41.59
2025-06-10 18:34:28,253 - log - INFO - iter:3740/8100, clip_acc1=0.10695187747478485, tta_acc1=0.10695187747478485
2025-06-10 18:34:28,253 - log - INFO - iter:3740/8100, Original Acc@1: 0.11, Acc@5: 41.50, TTA Acc@1: 0.11, Acc@5: 41.52
2025-06-10 18:35:46,275 - log - INFO - iter:3760/8100, clip_acc1=0.10638297349214554, tta_acc1=0.10638297349214554
2025-06-10 18:35:46,275 - log - INFO - iter:3760/8100, Original Acc@1: 0.11, Acc@5: 41.38, TTA Acc@1: 0.11, Acc@5: 41.41
2025-06-10 18:37:13,072 - log - INFO - iter:3780/8100, clip_acc1=0.10582010447978973, tta_acc1=0.10582010447978973
2025-06-10 18:37:13,072 - log - INFO - iter:3780/8100, Original Acc@1: 0.11, Acc@5: 41.24, TTA Acc@1: 0.11, Acc@5: 41.27
2025-06-10 18:38:19,636 - log - INFO - iter:3800/8100, clip_acc1=0.1315789371728897, tta_acc1=0.1315789371728897
2025-06-10 18:38:19,636 - log - INFO - iter:3800/8100, Original Acc@1: 0.13, Acc@5: 41.24, TTA Acc@1: 0.13, Acc@5: 41.26
2025-06-10 18:40:10,953 - log - INFO - iter:3820/8100, clip_acc1=0.13089005649089813, tta_acc1=0.13089005649089813
2025-06-10 18:40:10,954 - log - INFO - iter:3820/8100, Original Acc@1: 0.13, Acc@5: 41.15, TTA Acc@1: 0.13, Acc@5: 41.18
2025-06-10 18:41:29,423 - log - INFO - iter:3840/8100, clip_acc1=0.1302083432674408, tta_acc1=0.1302083432674408
2025-06-10 18:41:29,423 - log - INFO - iter:3840/8100, Original Acc@1: 0.13, Acc@5: 41.07, TTA Acc@1: 0.13, Acc@5: 41.09
2025-06-10 18:42:55,213 - log - INFO - iter:3860/8100, clip_acc1=0.15544041991233826, tta_acc1=0.15544041991233826
2025-06-10 18:42:55,213 - log - INFO - iter:3860/8100, Original Acc@1: 0.16, Acc@5: 41.06, TTA Acc@1: 0.16, Acc@5: 41.09
2025-06-10 18:44:13,654 - log - INFO - iter:3880/8100, clip_acc1=0.1804123818874359, tta_acc1=0.1804123818874359
2025-06-10 18:44:13,655 - log - INFO - iter:3880/8100, Original Acc@1: 0.18, Acc@5: 41.08, TTA Acc@1: 0.18, Acc@5: 41.11
2025-06-10 18:45:27,095 - log - INFO - iter:3900/8100, clip_acc1=0.1794871687889099, tta_acc1=0.1794871687889099
2025-06-10 18:45:27,095 - log - INFO - iter:3900/8100, Original Acc@1: 0.18, Acc@5: 41.03, TTA Acc@1: 0.18, Acc@5: 41.05
2025-06-10 18:46:32,275 - log - INFO - iter:3920/8100, clip_acc1=0.178571417927742, tta_acc1=0.178571417927742
2025-06-10 18:46:32,276 - log - INFO - iter:3920/8100, Original Acc@1: 0.18, Acc@5: 40.99, TTA Acc@1: 0.18, Acc@5: 41.02
2025-06-10 18:47:59,701 - log - INFO - iter:3940/8100, clip_acc1=0.17766498029232025, tta_acc1=0.17766498029232025
2025-06-10 18:47:59,701 - log - INFO - iter:3940/8100, Original Acc@1: 0.18, Acc@5: 41.02, TTA Acc@1: 0.18, Acc@5: 41.04
2025-06-10 18:49:25,001 - log - INFO - iter:3960/8100, clip_acc1=0.20202021300792694, tta_acc1=0.20202021300792694
2025-06-10 18:49:25,001 - log - INFO - iter:3960/8100, Original Acc@1: 0.20, Acc@5: 40.91, TTA Acc@1: 0.20, Acc@5: 40.93
2025-06-10 18:51:13,481 - log - INFO - iter:3980/8100, clip_acc1=0.2010050266981125, tta_acc1=0.2010050266981125
2025-06-10 18:51:13,481 - log - INFO - iter:3980/8100, Original Acc@1: 0.20, Acc@5: 40.93, TTA Acc@1: 0.20, Acc@5: 40.95
2025-06-10 18:52:34,837 - log - INFO - iter:4000/8100, clip_acc1=0.20000000298023224, tta_acc1=0.20000000298023224
2025-06-10 18:52:34,837 - log - INFO - iter:4000/8100, Original Acc@1: 0.20, Acc@5: 40.90, TTA Acc@1: 0.20, Acc@5: 40.93
2025-06-10 18:53:40,542 - log - INFO - iter:4020/8100, clip_acc1=0.19900497794151306, tta_acc1=0.19900497794151306
2025-06-10 18:53:40,542 - log - INFO - iter:4020/8100, Original Acc@1: 0.20, Acc@5: 40.82, TTA Acc@1: 0.20, Acc@5: 40.85
2025-06-10 18:55:18,304 - log - INFO - iter:4040/8100, clip_acc1=0.19801980257034302, tta_acc1=0.19801980257034302
2025-06-10 18:55:18,305 - log - INFO - iter:4040/8100, Original Acc@1: 0.20, Acc@5: 40.67, TTA Acc@1: 0.20, Acc@5: 40.69
2025-06-10 18:56:38,634 - log - INFO - iter:4060/8100, clip_acc1=0.19704434275627136, tta_acc1=0.19704434275627136
2025-06-10 18:56:38,635 - log - INFO - iter:4060/8100, Original Acc@1: 0.20, Acc@5: 40.59, TTA Acc@1: 0.20, Acc@5: 40.62
2025-06-10 18:57:35,823 - log - INFO - iter:4080/8100, clip_acc1=0.19607844948768616, tta_acc1=0.19607844948768616
2025-06-10 18:57:35,824 - log - INFO - iter:4080/8100, Original Acc@1: 0.20, Acc@5: 40.59, TTA Acc@1: 0.20, Acc@5: 40.61
2025-06-10 18:58:48,967 - log - INFO - iter:4100/8100, clip_acc1=0.19512194395065308, tta_acc1=0.19512194395065308
2025-06-10 18:58:48,968 - log - INFO - iter:4100/8100, Original Acc@1: 0.20, Acc@5: 40.51, TTA Acc@1: 0.20, Acc@5: 40.54
2025-06-10 19:00:29,755 - log - INFO - iter:4120/8100, clip_acc1=0.21844661235809326, tta_acc1=0.21844661235809326
2025-06-10 19:00:29,755 - log - INFO - iter:4120/8100, Original Acc@1: 0.22, Acc@5: 40.53, TTA Acc@1: 0.22, Acc@5: 40.56
2025-06-10 19:01:50,238 - log - INFO - iter:4140/8100, clip_acc1=0.21739129722118378, tta_acc1=0.21739129722118378
2025-06-10 19:01:50,238 - log - INFO - iter:4140/8100, Original Acc@1: 0.22, Acc@5: 40.48, TTA Acc@1: 0.22, Acc@5: 40.51
2025-06-10 19:03:24,660 - log - INFO - iter:4160/8100, clip_acc1=0.2163461595773697, tta_acc1=0.2163461595773697
2025-06-10 19:03:24,660 - log - INFO - iter:4160/8100, Original Acc@1: 0.22, Acc@5: 40.43, TTA Acc@1: 0.22, Acc@5: 40.46
2025-06-10 19:04:52,632 - log - INFO - iter:4180/8100, clip_acc1=0.23923444747924805, tta_acc1=0.23923444747924805
2025-06-10 19:04:52,632 - log - INFO - iter:4180/8100, Original Acc@1: 0.24, Acc@5: 40.41, TTA Acc@1: 0.24, Acc@5: 40.43
2025-06-10 19:05:55,104 - log - INFO - iter:4200/8100, clip_acc1=0.2380952388048172, tta_acc1=0.2380952388048172
2025-06-10 19:05:55,105 - log - INFO - iter:4200/8100, Original Acc@1: 0.24, Acc@5: 40.43, TTA Acc@1: 0.24, Acc@5: 40.45
2025-06-10 19:07:06,421 - log - INFO - iter:4220/8100, clip_acc1=0.2369668185710907, tta_acc1=0.2369668185710907
2025-06-10 19:07:06,422 - log - INFO - iter:4220/8100, Original Acc@1: 0.24, Acc@5: 40.24, TTA Acc@1: 0.24, Acc@5: 40.26
2025-06-10 19:08:28,696 - log - INFO - iter:4240/8100, clip_acc1=0.2358490526676178, tta_acc1=0.2358490526676178
2025-06-10 19:08:28,696 - log - INFO - iter:4240/8100, Original Acc@1: 0.24, Acc@5: 40.05, TTA Acc@1: 0.24, Acc@5: 40.07
2025-06-10 19:09:58,987 - log - INFO - iter:4260/8100, clip_acc1=0.23474179208278656, tta_acc1=0.23474179208278656
2025-06-10 19:09:58,987 - log - INFO - iter:4260/8100, Original Acc@1: 0.23, Acc@5: 39.86, TTA Acc@1: 0.23, Acc@5: 39.88
2025-06-10 19:11:15,570 - log - INFO - iter:4280/8100, clip_acc1=0.23364487290382385, tta_acc1=0.23364487290382385
2025-06-10 19:11:15,571 - log - INFO - iter:4280/8100, Original Acc@1: 0.23, Acc@5: 39.67, TTA Acc@1: 0.23, Acc@5: 39.70
2025-06-10 19:12:31,219 - log - INFO - iter:4300/8100, clip_acc1=0.23255814611911774, tta_acc1=0.23255814611911774
2025-06-10 19:12:31,219 - log - INFO - iter:4300/8100, Original Acc@1: 0.23, Acc@5: 39.49, TTA Acc@1: 0.23, Acc@5: 39.51
2025-06-10 19:13:41,629 - log - INFO - iter:4320/8100, clip_acc1=0.23148147761821747, tta_acc1=0.23148147761821747
2025-06-10 19:13:41,629 - log - INFO - iter:4320/8100, Original Acc@1: 0.23, Acc@5: 39.31, TTA Acc@1: 0.23, Acc@5: 39.33
2025-06-10 19:14:43,579 - log - INFO - iter:4340/8100, clip_acc1=0.2304147481918335, tta_acc1=0.2304147481918335
2025-06-10 19:14:43,579 - log - INFO - iter:4340/8100, Original Acc@1: 0.23, Acc@5: 39.12, TTA Acc@1: 0.23, Acc@5: 39.15
2025-06-10 19:15:45,430 - log - INFO - iter:4360/8100, clip_acc1=0.2293577939271927, tta_acc1=0.2293577939271927
2025-06-10 19:15:45,430 - log - INFO - iter:4360/8100, Original Acc@1: 0.23, Acc@5: 38.94, TTA Acc@1: 0.23, Acc@5: 38.97
2025-06-10 19:16:51,019 - log - INFO - iter:4380/8100, clip_acc1=0.2283104956150055, tta_acc1=0.2283104956150055
2025-06-10 19:16:51,020 - log - INFO - iter:4380/8100, Original Acc@1: 0.23, Acc@5: 38.77, TTA Acc@1: 0.23, Acc@5: 38.79
2025-06-10 19:18:34,394 - log - INFO - iter:4400/8100, clip_acc1=0.22727273404598236, tta_acc1=0.22727273404598236
2025-06-10 19:18:34,395 - log - INFO - iter:4400/8100, Original Acc@1: 0.23, Acc@5: 38.59, TTA Acc@1: 0.23, Acc@5: 38.61
2025-06-10 19:20:01,893 - log - INFO - iter:4420/8100, clip_acc1=0.22624434530735016, tta_acc1=0.22624434530735016
2025-06-10 19:20:01,893 - log - INFO - iter:4420/8100, Original Acc@1: 0.23, Acc@5: 38.42, TTA Acc@1: 0.23, Acc@5: 38.44
2025-06-10 19:21:06,667 - log - INFO - iter:4440/8100, clip_acc1=0.22522522509098053, tta_acc1=0.22522522509098053
2025-06-10 19:21:06,667 - log - INFO - iter:4440/8100, Original Acc@1: 0.23, Acc@5: 38.24, TTA Acc@1: 0.23, Acc@5: 38.27
2025-06-10 19:22:30,824 - log - INFO - iter:4460/8100, clip_acc1=0.22421523928642273, tta_acc1=0.22421523928642273
2025-06-10 19:22:30,824 - log - INFO - iter:4460/8100, Original Acc@1: 0.22, Acc@5: 38.07, TTA Acc@1: 0.22, Acc@5: 38.09
2025-06-10 19:23:35,364 - log - INFO - iter:4480/8100, clip_acc1=0.2232142835855484, tta_acc1=0.2232142835855484
2025-06-10 19:23:35,364 - log - INFO - iter:4480/8100, Original Acc@1: 0.22, Acc@5: 37.90, TTA Acc@1: 0.22, Acc@5: 37.92
2025-06-10 19:24:54,054 - log - INFO - iter:4500/8100, clip_acc1=0.2222222238779068, tta_acc1=0.2222222238779068
2025-06-10 19:24:54,055 - log - INFO - iter:4500/8100, Original Acc@1: 0.22, Acc@5: 37.73, TTA Acc@1: 0.22, Acc@5: 37.76
2025-06-10 19:25:57,696 - log - INFO - iter:4520/8100, clip_acc1=0.22123894095420837, tta_acc1=0.22123894095420837
2025-06-10 19:25:57,696 - log - INFO - iter:4520/8100, Original Acc@1: 0.22, Acc@5: 37.57, TTA Acc@1: 0.22, Acc@5: 37.59
2025-06-10 19:27:08,902 - log - INFO - iter:4540/8100, clip_acc1=0.22026431560516357, tta_acc1=0.22026431560516357
2025-06-10 19:27:08,902 - log - INFO - iter:4540/8100, Original Acc@1: 0.22, Acc@5: 37.40, TTA Acc@1: 0.22, Acc@5: 37.42
2025-06-10 19:28:15,834 - log - INFO - iter:4560/8100, clip_acc1=0.21929824352264404, tta_acc1=0.21929824352264404
2025-06-10 19:28:15,834 - log - INFO - iter:4560/8100, Original Acc@1: 0.22, Acc@5: 37.24, TTA Acc@1: 0.22, Acc@5: 37.26
2025-06-10 19:29:35,557 - log - INFO - iter:4580/8100, clip_acc1=0.21834062039852142, tta_acc1=0.21834062039852142
2025-06-10 19:29:35,557 - log - INFO - iter:4580/8100, Original Acc@1: 0.22, Acc@5: 37.07, TTA Acc@1: 0.22, Acc@5: 37.10
2025-06-10 19:31:01,870 - log - INFO - iter:4600/8100, clip_acc1=0.21739131212234497, tta_acc1=0.21739131212234497
2025-06-10 19:31:01,870 - log - INFO - iter:4600/8100, Original Acc@1: 0.22, Acc@5: 36.91, TTA Acc@1: 0.22, Acc@5: 36.93
2025-06-10 19:32:35,522 - log - INFO - iter:4620/8100, clip_acc1=0.21645022928714752, tta_acc1=0.21645022928714752
2025-06-10 19:32:35,522 - log - INFO - iter:4620/8100, Original Acc@1: 0.22, Acc@5: 36.75, TTA Acc@1: 0.22, Acc@5: 36.77
2025-06-10 19:34:11,964 - log - INFO - iter:4640/8100, clip_acc1=0.21551723778247833, tta_acc1=0.21551723778247833
2025-06-10 19:34:11,964 - log - INFO - iter:4640/8100, Original Acc@1: 0.22, Acc@5: 36.59, TTA Acc@1: 0.22, Acc@5: 36.62
2025-06-10 19:35:36,711 - log - INFO - iter:4660/8100, clip_acc1=0.21459227800369263, tta_acc1=0.21459227800369263
2025-06-10 19:35:36,711 - log - INFO - iter:4660/8100, Original Acc@1: 0.21, Acc@5: 36.44, TTA Acc@1: 0.21, Acc@5: 36.46
2025-06-10 19:36:51,539 - log - INFO - iter:4680/8100, clip_acc1=0.21367521584033966, tta_acc1=0.21367521584033966
2025-06-10 19:36:51,539 - log - INFO - iter:4680/8100, Original Acc@1: 0.21, Acc@5: 36.28, TTA Acc@1: 0.21, Acc@5: 36.30
2025-06-10 19:38:18,306 - log - INFO - iter:4700/8100, clip_acc1=0.21276594698429108, tta_acc1=0.21276594698429108
2025-06-10 19:38:18,306 - log - INFO - iter:4700/8100, Original Acc@1: 0.21, Acc@5: 36.13, TTA Acc@1: 0.21, Acc@5: 36.15
2025-06-10 19:39:14,496 - log - INFO - iter:4720/8100, clip_acc1=0.2118643969297409, tta_acc1=0.2118643969297409
2025-06-10 19:39:14,496 - log - INFO - iter:4720/8100, Original Acc@1: 0.21, Acc@5: 35.97, TTA Acc@1: 0.21, Acc@5: 36.00
2025-06-10 19:40:25,475 - log - INFO - iter:4740/8100, clip_acc1=0.2109704613685608, tta_acc1=0.2109704613685608
2025-06-10 19:40:25,475 - log - INFO - iter:4740/8100, Original Acc@1: 0.21, Acc@5: 35.82, TTA Acc@1: 0.21, Acc@5: 35.84
2025-06-10 19:41:36,805 - log - INFO - iter:4760/8100, clip_acc1=0.21008403599262238, tta_acc1=0.21008403599262238
2025-06-10 19:41:36,805 - log - INFO - iter:4760/8100, Original Acc@1: 0.21, Acc@5: 35.67, TTA Acc@1: 0.21, Acc@5: 35.69
2025-06-10 19:42:57,063 - log - INFO - iter:4780/8100, clip_acc1=0.2092050313949585, tta_acc1=0.2092050313949585
2025-06-10 19:42:57,064 - log - INFO - iter:4780/8100, Original Acc@1: 0.21, Acc@5: 35.52, TTA Acc@1: 0.21, Acc@5: 35.54
2025-06-10 19:44:10,720 - log - INFO - iter:4800/8100, clip_acc1=0.2083333432674408, tta_acc1=0.2083333432674408
2025-06-10 19:44:10,720 - log - INFO - iter:4800/8100, Original Acc@1: 0.21, Acc@5: 35.38, TTA Acc@1: 0.21, Acc@5: 35.40
2025-06-10 19:45:23,665 - log - INFO - iter:4820/8100, clip_acc1=0.2697095572948456, tta_acc1=0.2697095572948456
2025-06-10 19:45:23,665 - log - INFO - iter:4820/8100, Original Acc@1: 0.27, Acc@5: 35.64, TTA Acc@1: 0.27, Acc@5: 35.66
2025-06-10 19:46:51,054 - log - INFO - iter:4840/8100, clip_acc1=0.3512396812438965, tta_acc1=0.3512396812438965
2025-06-10 19:46:51,054 - log - INFO - iter:4840/8100, Original Acc@1: 0.35, Acc@5: 35.91, TTA Acc@1: 0.35, Acc@5: 35.93
2025-06-10 19:47:58,386 - log - INFO - iter:4860/8100, clip_acc1=0.4938271641731262, tta_acc1=0.4938271641731262
2025-06-10 19:47:58,386 - log - INFO - iter:4860/8100, Original Acc@1: 0.49, Acc@5: 36.17, TTA Acc@1: 0.49, Acc@5: 36.19
2025-06-10 19:49:07,966 - log - INFO - iter:4880/8100, clip_acc1=0.5532786846160889, tta_acc1=0.5532786846160889
2025-06-10 19:49:07,966 - log - INFO - iter:4880/8100, Original Acc@1: 0.55, Acc@5: 36.43, TTA Acc@1: 0.55, Acc@5: 36.45
2025-06-10 19:50:16,241 - log - INFO - iter:4900/8100, clip_acc1=0.6938775777816772, tta_acc1=0.6938775777816772
2025-06-10 19:50:16,241 - log - INFO - iter:4900/8100, Original Acc@1: 0.69, Acc@5: 36.69, TTA Acc@1: 0.69, Acc@5: 36.71
2025-06-10 19:51:38,563 - log - INFO - iter:4920/8100, clip_acc1=0.8130081295967102, tta_acc1=0.8130081295967102
2025-06-10 19:51:38,563 - log - INFO - iter:4920/8100, Original Acc@1: 0.81, Acc@5: 36.95, TTA Acc@1: 0.81, Acc@5: 36.97
2025-06-10 19:52:51,202 - log - INFO - iter:4940/8100, clip_acc1=0.8906882405281067, tta_acc1=0.8906882405281067
2025-06-10 19:52:51,202 - log - INFO - iter:4940/8100, Original Acc@1: 0.89, Acc@5: 37.21, TTA Acc@1: 0.89, Acc@5: 37.23
2025-06-10 19:54:09,539 - log - INFO - iter:4960/8100, clip_acc1=0.9475806355476379, tta_acc1=0.9475806355476379
2025-06-10 19:54:09,540 - log - INFO - iter:4960/8100, Original Acc@1: 0.95, Acc@5: 37.46, TTA Acc@1: 0.95, Acc@5: 37.48
2025-06-10 19:55:09,007 - log - INFO - iter:4980/8100, clip_acc1=1.064257025718689, tta_acc1=1.064257025718689
2025-06-10 19:55:09,008 - log - INFO - iter:4980/8100, Original Acc@1: 1.06, Acc@5: 37.71, TTA Acc@1: 1.06, Acc@5: 37.73
2025-06-10 19:56:42,348 - log - INFO - iter:5000/8100, clip_acc1=1.1799999475479126, tta_acc1=1.1799999475479126
2025-06-10 19:56:42,348 - log - INFO - iter:5000/8100, Original Acc@1: 1.18, Acc@5: 37.96, TTA Acc@1: 1.18, Acc@5: 37.98
2025-06-10 19:58:15,659 - log - INFO - iter:5020/8100, clip_acc1=1.2549800872802734, tta_acc1=1.2549800872802734
2025-06-10 19:58:15,660 - log - INFO - iter:5020/8100, Original Acc@1: 1.25, Acc@5: 38.21, TTA Acc@1: 1.25, Acc@5: 38.23
2025-06-10 19:59:35,547 - log - INFO - iter:5040/8100, clip_acc1=1.3492063283920288, tta_acc1=1.3492063283920288
2025-06-10 19:59:35,548 - log - INFO - iter:5040/8100, Original Acc@1: 1.35, Acc@5: 38.45, TTA Acc@1: 1.35, Acc@5: 38.47
2025-06-10 20:00:57,400 - log - INFO - iter:5060/8100, clip_acc1=1.442687749862671, tta_acc1=1.442687749862671
2025-06-10 20:00:57,400 - log - INFO - iter:5060/8100, Original Acc@1: 1.44, Acc@5: 38.70, TTA Acc@1: 1.44, Acc@5: 38.72
2025-06-10 20:02:09,231 - log - INFO - iter:5080/8100, clip_acc1=1.496062994003296, tta_acc1=1.496062994003296
2025-06-10 20:02:09,232 - log - INFO - iter:5080/8100, Original Acc@1: 1.50, Acc@5: 38.94, TTA Acc@1: 1.50, Acc@5: 38.96
2025-06-10 20:03:11,073 - log - INFO - iter:5100/8100, clip_acc1=1.5490195751190186, tta_acc1=1.5490195751190186
2025-06-10 20:03:11,074 - log - INFO - iter:5100/8100, Original Acc@1: 1.55, Acc@5: 39.18, TTA Acc@1: 1.55, Acc@5: 39.20
2025-06-10 20:04:15,956 - log - INFO - iter:5120/8100, clip_acc1=1.58203125, tta_acc1=1.58203125
2025-06-10 20:04:15,956 - log - INFO - iter:5120/8100, Original Acc@1: 1.58, Acc@5: 39.41, TTA Acc@1: 1.58, Acc@5: 39.43
2025-06-10 20:05:32,016 - log - INFO - iter:5140/8100, clip_acc1=1.6342412233352661, tta_acc1=1.6342412233352661
2025-06-10 20:05:32,016 - log - INFO - iter:5140/8100, Original Acc@1: 1.63, Acc@5: 39.65, TTA Acc@1: 1.63, Acc@5: 39.67
2025-06-10 20:06:43,899 - log - INFO - iter:5160/8100, clip_acc1=1.6472867727279663, tta_acc1=1.6472867727279663
2025-06-10 20:06:43,899 - log - INFO - iter:5160/8100, Original Acc@1: 1.65, Acc@5: 39.88, TTA Acc@1: 1.65, Acc@5: 39.90
2025-06-10 20:07:44,180 - log - INFO - iter:5180/8100, clip_acc1=1.6988416910171509, tta_acc1=1.6988416910171509
2025-06-10 20:07:44,181 - log - INFO - iter:5180/8100, Original Acc@1: 1.70, Acc@5: 40.12, TTA Acc@1: 1.70, Acc@5: 40.14
2025-06-10 20:09:11,166 - log - INFO - iter:5200/8100, clip_acc1=1.7884615659713745, tta_acc1=1.7884615659713745
2025-06-10 20:09:11,167 - log - INFO - iter:5200/8100, Original Acc@1: 1.79, Acc@5: 40.35, TTA Acc@1: 1.79, Acc@5: 40.37
2025-06-10 20:10:35,802 - log - INFO - iter:5220/8100, clip_acc1=1.8965517282485962, tta_acc1=1.8965517282485962
2025-06-10 20:10:35,802 - log - INFO - iter:5220/8100, Original Acc@1: 1.90, Acc@5: 40.57, TTA Acc@1: 1.90, Acc@5: 40.59
2025-06-10 20:11:54,555 - log - INFO - iter:5240/8100, clip_acc1=1.9847328662872314, tta_acc1=1.9847328662872314
2025-06-10 20:11:54,555 - log - INFO - iter:5240/8100, Original Acc@1: 1.98, Acc@5: 40.80, TTA Acc@1: 1.98, Acc@5: 40.82
2025-06-10 20:13:15,592 - log - INFO - iter:5260/8100, clip_acc1=2.091254711151123, tta_acc1=2.091254711151123
2025-06-10 20:13:15,593 - log - INFO - iter:5260/8100, Original Acc@1: 2.09, Acc@5: 41.03, TTA Acc@1: 2.09, Acc@5: 41.05
2025-06-10 20:14:54,661 - log - INFO - iter:5280/8100, clip_acc1=2.1401515007019043, tta_acc1=2.1401515007019043
2025-06-10 20:14:54,662 - log - INFO - iter:5280/8100, Original Acc@1: 2.14, Acc@5: 41.25, TTA Acc@1: 2.14, Acc@5: 41.27
2025-06-10 20:16:23,550 - log - INFO - iter:5300/8100, clip_acc1=2.2452831268310547, tta_acc1=2.2452831268310547
2025-06-10 20:16:23,551 - log - INFO - iter:5300/8100, Original Acc@1: 2.25, Acc@5: 41.47, TTA Acc@1: 2.25, Acc@5: 41.49
2025-06-10 20:17:48,766 - log - INFO - iter:5320/8100, clip_acc1=2.2932331562042236, tta_acc1=2.2932331562042236
2025-06-10 20:17:48,767 - log - INFO - iter:5320/8100, Original Acc@1: 2.29, Acc@5: 41.69, TTA Acc@1: 2.29, Acc@5: 41.71
2025-06-10 20:19:16,677 - log - INFO - iter:5340/8100, clip_acc1=2.3408238887786865, tta_acc1=2.3408238887786865
2025-06-10 20:19:16,678 - log - INFO - iter:5340/8100, Original Acc@1: 2.34, Acc@5: 41.91, TTA Acc@1: 2.34, Acc@5: 41.93
2025-06-10 20:20:21,957 - log - INFO - iter:5360/8100, clip_acc1=2.425373077392578, tta_acc1=2.425373077392578
2025-06-10 20:20:21,958 - log - INFO - iter:5360/8100, Original Acc@1: 2.43, Acc@5: 42.13, TTA Acc@1: 2.43, Acc@5: 42.15
2025-06-10 20:21:48,223 - log - INFO - iter:5380/8100, clip_acc1=2.546468496322632, tta_acc1=2.546468496322632
2025-06-10 20:21:48,224 - log - INFO - iter:5380/8100, Original Acc@1: 2.55, Acc@5: 42.34, TTA Acc@1: 2.55, Acc@5: 42.36
2025-06-10 20:22:57,683 - log - INFO - iter:5400/8100, clip_acc1=2.6666667461395264, tta_acc1=2.6666667461395264
2025-06-10 20:22:57,683 - log - INFO - iter:5400/8100, Original Acc@1: 2.67, Acc@5: 42.56, TTA Acc@1: 2.67, Acc@5: 42.57
2025-06-10 20:24:19,775 - log - INFO - iter:5420/8100, clip_acc1=2.785977840423584, tta_acc1=2.785977840423584
2025-06-10 20:24:19,775 - log - INFO - iter:5420/8100, Original Acc@1: 2.79, Acc@5: 42.77, TTA Acc@1: 2.79, Acc@5: 42.79
2025-06-10 20:25:27,980 - log - INFO - iter:5440/8100, clip_acc1=2.867647171020508, tta_acc1=2.867647171020508
2025-06-10 20:25:27,980 - log - INFO - iter:5440/8100, Original Acc@1: 2.87, Acc@5: 42.98, TTA Acc@1: 2.87, Acc@5: 43.00
2025-06-10 20:26:19,883 - log - INFO - iter:5460/8100, clip_acc1=2.930402994155884, tta_acc1=2.930402994155884
2025-06-10 20:26:19,883 - log - INFO - iter:5460/8100, Original Acc@1: 2.93, Acc@5: 43.19, TTA Acc@1: 2.93, Acc@5: 43.21
2025-06-10 20:27:49,512 - log - INFO - iter:5480/8100, clip_acc1=2.9927005767822266, tta_acc1=2.9927005767822266
2025-06-10 20:27:49,512 - log - INFO - iter:5480/8100, Original Acc@1: 2.99, Acc@5: 43.39, TTA Acc@1: 2.99, Acc@5: 43.41
2025-06-10 20:28:56,407 - log - INFO - iter:5500/8100, clip_acc1=3.109090805053711, tta_acc1=3.109090805053711
2025-06-10 20:28:56,408 - log - INFO - iter:5500/8100, Original Acc@1: 3.11, Acc@5: 43.60, TTA Acc@1: 3.11, Acc@5: 43.62
2025-06-10 20:30:09,384 - log - INFO - iter:5520/8100, clip_acc1=3.20652174949646, tta_acc1=3.20652174949646
2025-06-10 20:30:09,385 - log - INFO - iter:5520/8100, Original Acc@1: 3.21, Acc@5: 43.80, TTA Acc@1: 3.21, Acc@5: 43.82
2025-06-10 20:31:24,555 - log - INFO - iter:5540/8100, clip_acc1=3.267148017883301, tta_acc1=3.267148017883301
2025-06-10 20:31:24,555 - log - INFO - iter:5540/8100, Original Acc@1: 3.27, Acc@5: 44.01, TTA Acc@1: 3.27, Acc@5: 44.03
2025-06-10 20:32:29,049 - log - INFO - iter:5560/8100, clip_acc1=3.273381233215332, tta_acc1=3.273381233215332
2025-06-10 20:32:29,050 - log - INFO - iter:5560/8100, Original Acc@1: 3.27, Acc@5: 44.03, TTA Acc@1: 3.27, Acc@5: 44.05
2025-06-10 20:33:31,602 - log - INFO - iter:5580/8100, clip_acc1=3.261648654937744, tta_acc1=3.261648654937744
2025-06-10 20:33:31,603 - log - INFO - iter:5580/8100, Original Acc@1: 3.26, Acc@5: 43.87, TTA Acc@1: 3.26, Acc@5: 43.89
2025-06-10 20:34:55,557 - log - INFO - iter:5600/8100, clip_acc1=3.25, tta_acc1=3.25
2025-06-10 20:34:55,557 - log - INFO - iter:5600/8100, Original Acc@1: 3.25, Acc@5: 43.71, TTA Acc@1: 3.25, Acc@5: 43.73
2025-06-10 20:36:09,370 - log - INFO - iter:5620/8100, clip_acc1=3.238434076309204, tta_acc1=3.238434076309204
2025-06-10 20:36:09,370 - log - INFO - iter:5620/8100, Original Acc@1: 3.24, Acc@5: 43.56, TTA Acc@1: 3.24, Acc@5: 43.58
2025-06-10 20:37:20,774 - log - INFO - iter:5640/8100, clip_acc1=3.226950168609619, tta_acc1=3.226950168609619
2025-06-10 20:37:20,774 - log - INFO - iter:5640/8100, Original Acc@1: 3.23, Acc@5: 43.40, TTA Acc@1: 3.23, Acc@5: 43.42
2025-06-10 20:38:18,318 - log - INFO - iter:5660/8100, clip_acc1=3.215547561645508, tta_acc1=3.215547561645508
2025-06-10 20:38:18,318 - log - INFO - iter:5660/8100, Original Acc@1: 3.22, Acc@5: 43.25, TTA Acc@1: 3.22, Acc@5: 43.27
2025-06-10 20:39:18,018 - log - INFO - iter:5680/8100, clip_acc1=3.2042253017425537, tta_acc1=3.2042253017425537
2025-06-10 20:39:18,018 - log - INFO - iter:5680/8100, Original Acc@1: 3.20, Acc@5: 43.10, TTA Acc@1: 3.20, Acc@5: 43.12
2025-06-10 20:40:36,917 - log - INFO - iter:5700/8100, clip_acc1=3.1929826736450195, tta_acc1=3.1929826736450195
2025-06-10 20:40:36,918 - log - INFO - iter:5700/8100, Original Acc@1: 3.19, Acc@5: 42.95, TTA Acc@1: 3.19, Acc@5: 42.96
2025-06-10 20:41:48,427 - log - INFO - iter:5720/8100, clip_acc1=3.1818182468414307, tta_acc1=3.1818182468414307
2025-06-10 20:41:48,427 - log - INFO - iter:5720/8100, Original Acc@1: 3.18, Acc@5: 42.80, TTA Acc@1: 3.18, Acc@5: 42.81
2025-06-10 20:43:11,346 - log - INFO - iter:5740/8100, clip_acc1=3.170731544494629, tta_acc1=3.170731544494629
2025-06-10 20:43:11,347 - log - INFO - iter:5740/8100, Original Acc@1: 3.17, Acc@5: 42.65, TTA Acc@1: 3.17, Acc@5: 42.67
2025-06-10 20:44:16,935 - log - INFO - iter:5760/8100, clip_acc1=3.159722328186035, tta_acc1=3.159722328186035
2025-06-10 20:44:16,935 - log - INFO - iter:5760/8100, Original Acc@1: 3.16, Acc@5: 42.50, TTA Acc@1: 3.16, Acc@5: 42.52
2025-06-10 20:45:34,932 - log - INFO - iter:5780/8100, clip_acc1=3.1487889289855957, tta_acc1=3.1487889289855957
2025-06-10 20:45:34,932 - log - INFO - iter:5780/8100, Original Acc@1: 3.15, Acc@5: 42.35, TTA Acc@1: 3.15, Acc@5: 42.37
2025-06-10 20:46:52,263 - log - INFO - iter:5800/8100, clip_acc1=3.1379311084747314, tta_acc1=3.1379311084747314
2025-06-10 20:46:52,263 - log - INFO - iter:5800/8100, Original Acc@1: 3.14, Acc@5: 42.21, TTA Acc@1: 3.14, Acc@5: 42.22
2025-06-10 20:48:07,563 - log - INFO - iter:5820/8100, clip_acc1=3.127147674560547, tta_acc1=3.127147674560547
2025-06-10 20:48:07,563 - log - INFO - iter:5820/8100, Original Acc@1: 3.13, Acc@5: 42.06, TTA Acc@1: 3.13, Acc@5: 42.08
2025-06-10 20:49:15,644 - log - INFO - iter:5840/8100, clip_acc1=3.116438388824463, tta_acc1=3.116438388824463
2025-06-10 20:49:15,644 - log - INFO - iter:5840/8100, Original Acc@1: 3.12, Acc@5: 41.92, TTA Acc@1: 3.12, Acc@5: 41.93
2025-06-10 20:50:23,605 - log - INFO - iter:5860/8100, clip_acc1=3.105802059173584, tta_acc1=3.105802059173584
2025-06-10 20:50:23,606 - log - INFO - iter:5860/8100, Original Acc@1: 3.11, Acc@5: 41.77, TTA Acc@1: 3.11, Acc@5: 41.79
2025-06-10 20:52:22,225 - log - INFO - iter:5880/8100, clip_acc1=3.095238208770752, tta_acc1=3.095238208770752
2025-06-10 20:52:22,225 - log - INFO - iter:5880/8100, Original Acc@1: 3.10, Acc@5: 41.63, TTA Acc@1: 3.10, Acc@5: 41.65
2025-06-10 20:53:51,071 - log - INFO - iter:5900/8100, clip_acc1=3.0847458839416504, tta_acc1=3.0847458839416504
2025-06-10 20:53:51,071 - log - INFO - iter:5900/8100, Original Acc@1: 3.08, Acc@5: 41.49, TTA Acc@1: 3.08, Acc@5: 41.51
2025-06-10 20:55:07,266 - log - INFO - iter:5920/8100, clip_acc1=3.074324369430542, tta_acc1=3.074324369430542
2025-06-10 20:55:07,266 - log - INFO - iter:5920/8100, Original Acc@1: 3.07, Acc@5: 41.35, TTA Acc@1: 3.07, Acc@5: 41.37
2025-06-10 20:56:13,989 - log - INFO - iter:5940/8100, clip_acc1=3.0639729499816895, tta_acc1=3.0639729499816895
2025-06-10 20:56:13,989 - log - INFO - iter:5940/8100, Original Acc@1: 3.06, Acc@5: 41.21, TTA Acc@1: 3.06, Acc@5: 41.23
2025-06-10 20:57:42,072 - log - INFO - iter:5960/8100, clip_acc1=3.0536913871765137, tta_acc1=3.0536913871765137
2025-06-10 20:57:42,072 - log - INFO - iter:5960/8100, Original Acc@1: 3.05, Acc@5: 41.07, TTA Acc@1: 3.05, Acc@5: 41.09
2025-06-10 20:58:50,430 - log - INFO - iter:5980/8100, clip_acc1=3.04347825050354, tta_acc1=3.04347825050354
2025-06-10 20:58:50,430 - log - INFO - iter:5980/8100, Original Acc@1: 3.04, Acc@5: 40.94, TTA Acc@1: 3.04, Acc@5: 40.95
2025-06-10 21:00:02,045 - log - INFO - iter:6000/8100, clip_acc1=3.0333333015441895, tta_acc1=3.0333333015441895
2025-06-10 21:00:02,046 - log - INFO - iter:6000/8100, Original Acc@1: 3.03, Acc@5: 40.80, TTA Acc@1: 3.03, Acc@5: 40.82
2025-06-10 21:01:21,592 - log - INFO - iter:6020/8100, clip_acc1=3.0232555866241455, tta_acc1=3.0232555866241455
2025-06-10 21:01:21,592 - log - INFO - iter:6020/8100, Original Acc@1: 3.02, Acc@5: 40.66, TTA Acc@1: 3.02, Acc@5: 40.68
2025-06-10 21:02:33,564 - log - INFO - iter:6040/8100, clip_acc1=3.013245105743408, tta_acc1=3.013245105743408
2025-06-10 21:02:33,565 - log - INFO - iter:6040/8100, Original Acc@1: 3.01, Acc@5: 40.53, TTA Acc@1: 3.01, Acc@5: 40.55
2025-06-10 21:04:29,380 - log - INFO - iter:6060/8100, clip_acc1=3.003300428390503, tta_acc1=3.003300428390503
2025-06-10 21:04:29,381 - log - INFO - iter:6060/8100, Original Acc@1: 3.00, Acc@5: 40.40, TTA Acc@1: 3.00, Acc@5: 40.41
2025-06-10 21:05:43,477 - log - INFO - iter:6080/8100, clip_acc1=2.9934210777282715, tta_acc1=2.9934210777282715
2025-06-10 21:05:43,478 - log - INFO - iter:6080/8100, Original Acc@1: 2.99, Acc@5: 40.26, TTA Acc@1: 2.99, Acc@5: 40.28
2025-06-10 21:06:57,217 - log - INFO - iter:6100/8100, clip_acc1=2.9836065769195557, tta_acc1=2.9836065769195557
2025-06-10 21:06:57,218 - log - INFO - iter:6100/8100, Original Acc@1: 2.98, Acc@5: 40.13, TTA Acc@1: 2.98, Acc@5: 40.15
2025-06-10 21:07:57,213 - log - INFO - iter:6120/8100, clip_acc1=2.973856210708618, tta_acc1=2.973856210708618
2025-06-10 21:07:57,213 - log - INFO - iter:6120/8100, Original Acc@1: 2.97, Acc@5: 40.00, TTA Acc@1: 2.97, Acc@5: 40.02
2025-06-10 21:09:03,636 - log - INFO - iter:6140/8100, clip_acc1=2.9641692638397217, tta_acc1=2.9641692638397217
2025-06-10 21:09:03,636 - log - INFO - iter:6140/8100, Original Acc@1: 2.96, Acc@5: 39.87, TTA Acc@1: 2.96, Acc@5: 39.89
2025-06-10 21:10:20,118 - log - INFO - iter:6160/8100, clip_acc1=2.954545497894287, tta_acc1=2.954545497894287
2025-06-10 21:10:20,118 - log - INFO - iter:6160/8100, Original Acc@1: 2.95, Acc@5: 39.74, TTA Acc@1: 2.95, Acc@5: 39.76
2025-06-10 21:11:33,799 - log - INFO - iter:6180/8100, clip_acc1=2.944983720779419, tta_acc1=2.944983720779419
2025-06-10 21:11:33,799 - log - INFO - iter:6180/8100, Original Acc@1: 2.94, Acc@5: 39.61, TTA Acc@1: 2.94, Acc@5: 39.63
2025-06-10 21:12:32,523 - log - INFO - iter:6200/8100, clip_acc1=2.935483932495117, tta_acc1=2.935483932495117
2025-06-10 21:12:32,523 - log - INFO - iter:6200/8100, Original Acc@1: 2.94, Acc@5: 39.50, TTA Acc@1: 2.94, Acc@5: 39.52
2025-06-10 21:14:06,256 - log - INFO - iter:6220/8100, clip_acc1=2.9260449409484863, tta_acc1=2.9260449409484863
2025-06-10 21:14:06,256 - log - INFO - iter:6220/8100, Original Acc@1: 2.93, Acc@5: 39.37, TTA Acc@1: 2.93, Acc@5: 39.39
2025-06-10 21:15:12,002 - log - INFO - iter:6240/8100, clip_acc1=2.9166667461395264, tta_acc1=2.9166667461395264
2025-06-10 21:15:12,002 - log - INFO - iter:6240/8100, Original Acc@1: 2.92, Acc@5: 39.26, TTA Acc@1: 2.92, Acc@5: 39.28
2025-06-10 21:16:26,560 - log - INFO - iter:6260/8100, clip_acc1=2.907348155975342, tta_acc1=2.907348155975342
2025-06-10 21:16:26,561 - log - INFO - iter:6260/8100, Original Acc@1: 2.91, Acc@5: 39.14, TTA Acc@1: 2.91, Acc@5: 39.15
2025-06-10 21:18:14,872 - log - INFO - iter:6280/8100, clip_acc1=2.8980891704559326, tta_acc1=2.8980891704559326
2025-06-10 21:18:14,872 - log - INFO - iter:6280/8100, Original Acc@1: 2.90, Acc@5: 39.01, TTA Acc@1: 2.90, Acc@5: 39.03
2025-06-10 21:19:55,826 - log - INFO - iter:6300/8100, clip_acc1=2.8888888359069824, tta_acc1=2.8888888359069824
2025-06-10 21:19:55,826 - log - INFO - iter:6300/8100, Original Acc@1: 2.89, Acc@5: 38.89, TTA Acc@1: 2.89, Acc@5: 38.90
2025-06-10 21:21:32,075 - log - INFO - iter:6320/8100, clip_acc1=2.879746913909912, tta_acc1=2.879746913909912
2025-06-10 21:21:32,075 - log - INFO - iter:6320/8100, Original Acc@1: 2.88, Acc@5: 38.78, TTA Acc@1: 2.88, Acc@5: 38.80
2025-06-10 21:22:40,347 - log - INFO - iter:6340/8100, clip_acc1=2.8706624507904053, tta_acc1=2.8706624507904053
2025-06-10 21:22:40,347 - log - INFO - iter:6340/8100, Original Acc@1: 2.87, Acc@5: 38.66, TTA Acc@1: 2.87, Acc@5: 38.68
2025-06-10 21:23:52,849 - log - INFO - iter:6360/8100, clip_acc1=2.861635208129883, tta_acc1=2.861635208129883
2025-06-10 21:23:52,849 - log - INFO - iter:6360/8100, Original Acc@1: 2.86, Acc@5: 38.54, TTA Acc@1: 2.86, Acc@5: 38.55
2025-06-10 21:25:07,886 - log - INFO - iter:6380/8100, clip_acc1=2.8526647090911865, tta_acc1=2.8526647090911865
2025-06-10 21:25:07,887 - log - INFO - iter:6380/8100, Original Acc@1: 2.85, Acc@5: 38.42, TTA Acc@1: 2.85, Acc@5: 38.43
2025-06-10 21:26:19,121 - log - INFO - iter:6400/8100, clip_acc1=2.84375, tta_acc1=2.84375
2025-06-10 21:26:19,121 - log - INFO - iter:6400/8100, Original Acc@1: 2.84, Acc@5: 38.31, TTA Acc@1: 2.84, Acc@5: 38.33
2025-06-10 21:27:52,593 - log - INFO - iter:6420/8100, clip_acc1=2.834890842437744, tta_acc1=2.834890842437744
2025-06-10 21:27:52,593 - log - INFO - iter:6420/8100, Original Acc@1: 2.83, Acc@5: 38.19, TTA Acc@1: 2.83, Acc@5: 38.21
2025-06-10 21:29:07,972 - log - INFO - iter:6440/8100, clip_acc1=2.82608699798584, tta_acc1=2.82608699798584
2025-06-10 21:29:07,972 - log - INFO - iter:6440/8100, Original Acc@1: 2.83, Acc@5: 38.07, TTA Acc@1: 2.83, Acc@5: 38.09
2025-06-10 21:30:31,175 - log - INFO - iter:6460/8100, clip_acc1=2.8173375129699707, tta_acc1=2.8173375129699707
2025-06-10 21:30:31,176 - log - INFO - iter:6460/8100, Original Acc@1: 2.82, Acc@5: 38.11, TTA Acc@1: 2.82, Acc@5: 38.13
2025-06-10 21:31:37,254 - log - INFO - iter:6480/8100, clip_acc1=2.8086421489715576, tta_acc1=2.8086421489715576
2025-06-10 21:31:37,254 - log - INFO - iter:6480/8100, Original Acc@1: 2.81, Acc@5: 38.30, TTA Acc@1: 2.81, Acc@5: 38.32
2025-06-10 21:32:46,310 - log - INFO - iter:6500/8100, clip_acc1=2.799999952316284, tta_acc1=2.799999952316284
2025-06-10 21:32:46,310 - log - INFO - iter:6500/8100, Original Acc@1: 2.80, Acc@5: 38.49, TTA Acc@1: 2.80, Acc@5: 38.51
2025-06-10 21:34:13,361 - log - INFO - iter:6520/8100, clip_acc1=2.7914109230041504, tta_acc1=2.7914109230041504
2025-06-10 21:34:13,362 - log - INFO - iter:6520/8100, Original Acc@1: 2.79, Acc@5: 38.68, TTA Acc@1: 2.79, Acc@5: 38.70
2025-06-10 21:36:02,979 - log - INFO - iter:6540/8100, clip_acc1=2.782874584197998, tta_acc1=2.782874584197998
2025-06-10 21:36:02,979 - log - INFO - iter:6540/8100, Original Acc@1: 2.78, Acc@5: 38.85, TTA Acc@1: 2.78, Acc@5: 38.87
2025-06-10 21:37:25,797 - log - INFO - iter:6560/8100, clip_acc1=2.77439022064209, tta_acc1=2.77439022064209
2025-06-10 21:37:25,798 - log - INFO - iter:6560/8100, Original Acc@1: 2.77, Acc@5: 39.04, TTA Acc@1: 2.77, Acc@5: 39.05
2025-06-10 21:38:42,299 - log - INFO - iter:6580/8100, clip_acc1=2.7659573554992676, tta_acc1=2.7659573554992676
2025-06-10 21:38:42,299 - log - INFO - iter:6580/8100, Original Acc@1: 2.77, Acc@5: 39.21, TTA Acc@1: 2.77, Acc@5: 39.22
2025-06-10 21:40:21,714 - log - INFO - iter:6600/8100, clip_acc1=2.757575750350952, tta_acc1=2.757575750350952
2025-06-10 21:40:21,715 - log - INFO - iter:6600/8100, Original Acc@1: 2.76, Acc@5: 39.36, TTA Acc@1: 2.76, Acc@5: 39.38
2025-06-10 21:41:55,651 - log - INFO - iter:6620/8100, clip_acc1=2.7492449283599854, tta_acc1=2.7492449283599854
2025-06-10 21:41:55,651 - log - INFO - iter:6620/8100, Original Acc@1: 2.75, Acc@5: 39.55, TTA Acc@1: 2.75, Acc@5: 39.56
2025-06-10 21:43:21,598 - log - INFO - iter:6640/8100, clip_acc1=2.740963935852051, tta_acc1=2.740963935852051
2025-06-10 21:43:21,599 - log - INFO - iter:6640/8100, Original Acc@1: 2.74, Acc@5: 39.73, TTA Acc@1: 2.74, Acc@5: 39.74
2025-06-10 21:44:59,992 - log - INFO - iter:6660/8100, clip_acc1=2.7327327728271484, tta_acc1=2.7327327728271484
2025-06-10 21:44:59,992 - log - INFO - iter:6660/8100, Original Acc@1: 2.73, Acc@5: 39.91, TTA Acc@1: 2.73, Acc@5: 39.92
2025-06-10 21:46:35,401 - log - INFO - iter:6680/8100, clip_acc1=2.72455096244812, tta_acc1=2.72455096244812
2025-06-10 21:46:35,402 - log - INFO - iter:6680/8100, Original Acc@1: 2.72, Acc@5: 40.09, TTA Acc@1: 2.72, Acc@5: 40.10
2025-06-10 21:47:55,668 - log - INFO - iter:6700/8100, clip_acc1=2.7164177894592285, tta_acc1=2.7164177894592285
2025-06-10 21:47:55,669 - log - INFO - iter:6700/8100, Original Acc@1: 2.72, Acc@5: 40.25, TTA Acc@1: 2.72, Acc@5: 40.27
2025-06-10 21:49:08,931 - log - INFO - iter:6720/8100, clip_acc1=2.7083334922790527, tta_acc1=2.7083334922790527
2025-06-10 21:49:08,931 - log - INFO - iter:6720/8100, Original Acc@1: 2.71, Acc@5: 40.42, TTA Acc@1: 2.71, Acc@5: 40.43
2025-06-10 21:50:26,007 - log - INFO - iter:6740/8100, clip_acc1=2.700296640396118, tta_acc1=2.700296640396118
2025-06-10 21:50:26,008 - log - INFO - iter:6740/8100, Original Acc@1: 2.70, Acc@5: 40.59, TTA Acc@1: 2.70, Acc@5: 40.61
2025-06-10 21:51:47,912 - log - INFO - iter:6760/8100, clip_acc1=2.692307710647583, tta_acc1=2.692307710647583
2025-06-10 21:51:47,912 - log - INFO - iter:6760/8100, Original Acc@1: 2.69, Acc@5: 40.77, TTA Acc@1: 2.69, Acc@5: 40.78
2025-06-10 21:53:02,870 - log - INFO - iter:6780/8100, clip_acc1=2.684365749359131, tta_acc1=2.684365749359131
2025-06-10 21:53:02,870 - log - INFO - iter:6780/8100, Original Acc@1: 2.68, Acc@5: 40.94, TTA Acc@1: 2.68, Acc@5: 40.96
2025-06-10 21:54:15,318 - log - INFO - iter:6800/8100, clip_acc1=2.6764705181121826, tta_acc1=2.6764705181121826
2025-06-10 21:54:15,318 - log - INFO - iter:6800/8100, Original Acc@1: 2.68, Acc@5: 41.10, TTA Acc@1: 2.68, Acc@5: 41.12
2025-06-10 21:55:24,892 - log - INFO - iter:6820/8100, clip_acc1=2.668621778488159, tta_acc1=2.668621778488159
2025-06-10 21:55:24,892 - log - INFO - iter:6820/8100, Original Acc@1: 2.67, Acc@5: 41.28, TTA Acc@1: 2.67, Acc@5: 41.29
2025-06-10 21:56:38,177 - log - INFO - iter:6840/8100, clip_acc1=2.660818576812744, tta_acc1=2.660818576812744
2025-06-10 21:56:38,178 - log - INFO - iter:6840/8100, Original Acc@1: 2.66, Acc@5: 41.45, TTA Acc@1: 2.66, Acc@5: 41.46
2025-06-10 21:58:05,968 - log - INFO - iter:6860/8100, clip_acc1=2.6530611515045166, tta_acc1=2.6530611515045166
2025-06-10 21:58:05,969 - log - INFO - iter:6860/8100, Original Acc@1: 2.65, Acc@5: 41.62, TTA Acc@1: 2.65, Acc@5: 41.63
2025-06-10 21:59:25,622 - log - INFO - iter:6880/8100, clip_acc1=2.6453487873077393, tta_acc1=2.6453487873077393
2025-06-10 21:59:25,623 - log - INFO - iter:6880/8100, Original Acc@1: 2.65, Acc@5: 41.79, TTA Acc@1: 2.65, Acc@5: 41.80
2025-06-10 22:00:53,774 - log - INFO - iter:6900/8100, clip_acc1=2.637681007385254, tta_acc1=2.637681007385254
2025-06-10 22:00:53,775 - log - INFO - iter:6900/8100, Original Acc@1: 2.64, Acc@5: 41.96, TTA Acc@1: 2.64, Acc@5: 41.97
2025-06-10 22:02:16,747 - log - INFO - iter:6920/8100, clip_acc1=2.6300578117370605, tta_acc1=2.6300578117370605
2025-06-10 22:02:16,748 - log - INFO - iter:6920/8100, Original Acc@1: 2.63, Acc@5: 42.11, TTA Acc@1: 2.63, Acc@5: 42.12
2025-06-10 22:03:44,256 - log - INFO - iter:6940/8100, clip_acc1=2.622478485107422, tta_acc1=2.622478485107422
2025-06-10 22:03:44,257 - log - INFO - iter:6940/8100, Original Acc@1: 2.62, Acc@5: 42.28, TTA Acc@1: 2.62, Acc@5: 42.29
2025-06-10 22:05:19,777 - log - INFO - iter:6960/8100, clip_acc1=2.6149425506591797, tta_acc1=2.6149425506591797
2025-06-10 22:05:19,777 - log - INFO - iter:6960/8100, Original Acc@1: 2.61, Acc@5: 42.44, TTA Acc@1: 2.61, Acc@5: 42.46
2025-06-10 22:06:16,119 - log - INFO - iter:6980/8100, clip_acc1=2.607449769973755, tta_acc1=2.607449769973755
2025-06-10 22:06:16,119 - log - INFO - iter:6980/8100, Original Acc@1: 2.61, Acc@5: 42.61, TTA Acc@1: 2.61, Acc@5: 42.62
2025-06-10 22:08:04,497 - log - INFO - iter:7000/8100, clip_acc1=2.5999999046325684, tta_acc1=2.5999999046325684
2025-06-10 22:08:04,497 - log - INFO - iter:7000/8100, Original Acc@1: 2.60, Acc@5: 42.77, TTA Acc@1: 2.60, Acc@5: 42.79
2025-06-10 22:09:38,605 - log - INFO - iter:7020/8100, clip_acc1=2.592592477798462, tta_acc1=2.592592477798462
2025-06-10 22:09:38,605 - log - INFO - iter:7020/8100, Original Acc@1: 2.59, Acc@5: 42.91, TTA Acc@1: 2.59, Acc@5: 42.92
2025-06-10 22:10:48,001 - log - INFO - iter:7040/8100, clip_acc1=2.5852272510528564, tta_acc1=2.5852272510528564
2025-06-10 22:10:48,001 - log - INFO - iter:7040/8100, Original Acc@1: 2.59, Acc@5: 43.07, TTA Acc@1: 2.59, Acc@5: 43.08
2025-06-10 22:12:02,748 - log - INFO - iter:7060/8100, clip_acc1=2.5779037475585938, tta_acc1=2.5779037475585938
2025-06-10 22:12:02,749 - log - INFO - iter:7060/8100, Original Acc@1: 2.58, Acc@5: 43.23, TTA Acc@1: 2.58, Acc@5: 43.24
2025-06-10 22:13:28,684 - log - INFO - iter:7080/8100, clip_acc1=2.5706214904785156, tta_acc1=2.5706214904785156
2025-06-10 22:13:28,684 - log - INFO - iter:7080/8100, Original Acc@1: 2.57, Acc@5: 43.39, TTA Acc@1: 2.57, Acc@5: 43.40
2025-06-10 22:14:43,560 - log - INFO - iter:7100/8100, clip_acc1=2.563380479812622, tta_acc1=2.563380479812622
2025-06-10 22:14:43,560 - log - INFO - iter:7100/8100, Original Acc@1: 2.56, Acc@5: 43.54, TTA Acc@1: 2.56, Acc@5: 43.55
2025-06-10 22:16:03,219 - log - INFO - iter:7120/8100, clip_acc1=2.5561797618865967, tta_acc1=2.5561797618865967
2025-06-10 22:16:03,220 - log - INFO - iter:7120/8100, Original Acc@1: 2.56, Acc@5: 43.69, TTA Acc@1: 2.56, Acc@5: 43.71
2025-06-10 22:17:12,910 - log - INFO - iter:7140/8100, clip_acc1=2.5490198135375977, tta_acc1=2.5490198135375977
2025-06-10 22:17:12,911 - log - INFO - iter:7140/8100, Original Acc@1: 2.55, Acc@5: 43.85, TTA Acc@1: 2.55, Acc@5: 43.87
2025-06-10 22:18:17,888 - log - INFO - iter:7160/8100, clip_acc1=2.5418994426727295, tta_acc1=2.5418994426727295
2025-06-10 22:18:17,888 - log - INFO - iter:7160/8100, Original Acc@1: 2.54, Acc@5: 44.01, TTA Acc@1: 2.54, Acc@5: 44.02
2025-06-10 22:19:38,290 - log - INFO - iter:7180/8100, clip_acc1=2.5348188877105713, tta_acc1=2.5348188877105713
2025-06-10 22:19:38,290 - log - INFO - iter:7180/8100, Original Acc@1: 2.53, Acc@5: 44.16, TTA Acc@1: 2.53, Acc@5: 44.18
2025-06-10 22:20:40,759 - log - INFO - iter:7200/8100, clip_acc1=2.527777910232544, tta_acc1=2.527777910232544
2025-06-10 22:20:40,759 - log - INFO - iter:7200/8100, Original Acc@1: 2.53, Acc@5: 44.32, TTA Acc@1: 2.53, Acc@5: 44.33
2025-06-10 22:22:01,420 - log - INFO - iter:7220/8100, clip_acc1=2.797783851623535, tta_acc1=2.797783851623535
2025-06-10 22:22:01,421 - log - INFO - iter:7220/8100, Original Acc@1: 2.80, Acc@5: 44.47, TTA Acc@1: 2.80, Acc@5: 44.49
2025-06-10 22:23:08,215 - log - INFO - iter:7240/8100, clip_acc1=3.066298246383667, tta_acc1=3.066298246383667
2025-06-10 22:23:08,215 - log - INFO - iter:7240/8100, Original Acc@1: 3.07, Acc@5: 44.63, TTA Acc@1: 3.07, Acc@5: 44.64
2025-06-10 22:24:30,741 - log - INFO - iter:7260/8100, clip_acc1=3.3333334922790527, tta_acc1=3.3333334922790527
2025-06-10 22:24:30,741 - log - INFO - iter:7260/8100, Original Acc@1: 3.33, Acc@5: 44.78, TTA Acc@1: 3.33, Acc@5: 44.79
2025-06-10 22:25:35,612 - log - INFO - iter:7280/8100, clip_acc1=3.5989012718200684, tta_acc1=3.5989012718200684
2025-06-10 22:25:35,613 - log - INFO - iter:7280/8100, Original Acc@1: 3.60, Acc@5: 44.93, TTA Acc@1: 3.60, Acc@5: 44.95
2025-06-10 22:26:35,543 - log - INFO - iter:7300/8100, clip_acc1=3.863013744354248, tta_acc1=3.863013744354248
2025-06-10 22:26:35,543 - log - INFO - iter:7300/8100, Original Acc@1: 3.86, Acc@5: 45.08, TTA Acc@1: 3.86, Acc@5: 45.10
2025-06-10 22:27:46,660 - log - INFO - iter:7320/8100, clip_acc1=4.125683307647705, tta_acc1=4.125683307647705
2025-06-10 22:27:46,660 - log - INFO - iter:7320/8100, Original Acc@1: 4.13, Acc@5: 45.23, TTA Acc@1: 4.13, Acc@5: 45.25
2025-06-10 22:29:02,661 - log - INFO - iter:7340/8100, clip_acc1=4.386921405792236, tta_acc1=4.386921405792236
2025-06-10 22:29:02,662 - log - INFO - iter:7340/8100, Original Acc@1: 4.39, Acc@5: 45.38, TTA Acc@1: 4.39, Acc@5: 45.40
2025-06-10 22:30:07,617 - log - INFO - iter:7360/8100, clip_acc1=4.6467390060424805, tta_acc1=4.6467390060424805
2025-06-10 22:30:07,617 - log - INFO - iter:7360/8100, Original Acc@1: 4.65, Acc@5: 45.53, TTA Acc@1: 4.65, Acc@5: 45.54
2025-06-10 22:31:16,080 - log - INFO - iter:7380/8100, clip_acc1=4.905148983001709, tta_acc1=4.905148983001709
2025-06-10 22:31:16,080 - log - INFO - iter:7380/8100, Original Acc@1: 4.91, Acc@5: 45.68, TTA Acc@1: 4.91, Acc@5: 45.69
2025-06-10 22:33:03,726 - log - INFO - iter:7400/8100, clip_acc1=5.1621623039245605, tta_acc1=5.1621623039245605
2025-06-10 22:33:03,731 - log - INFO - iter:7400/8100, Original Acc@1: 5.16, Acc@5: 45.82, TTA Acc@1: 5.16, Acc@5: 45.84
2025-06-10 22:34:20,787 - log - INFO - iter:7420/8100, clip_acc1=5.417789936065674, tta_acc1=5.417789936065674
2025-06-10 22:34:20,787 - log - INFO - iter:7420/8100, Original Acc@1: 5.42, Acc@5: 45.97, TTA Acc@1: 5.42, Acc@5: 45.98
2025-06-10 22:35:44,030 - log - INFO - iter:7440/8100, clip_acc1=5.672043323516846, tta_acc1=5.672043323516846
2025-06-10 22:35:44,031 - log - INFO - iter:7440/8100, Original Acc@1: 5.67, Acc@5: 46.12, TTA Acc@1: 5.67, Acc@5: 46.13
2025-06-10 22:37:00,043 - log - INFO - iter:7460/8100, clip_acc1=5.924932956695557, tta_acc1=5.924932956695557
2025-06-10 22:37:00,044 - log - INFO - iter:7460/8100, Original Acc@1: 5.92, Acc@5: 46.26, TTA Acc@1: 5.92, Acc@5: 46.27
2025-06-10 22:37:59,612 - log - INFO - iter:7480/8100, clip_acc1=6.176470756530762, tta_acc1=6.176470756530762
2025-06-10 22:37:59,613 - log - INFO - iter:7480/8100, Original Acc@1: 6.18, Acc@5: 46.40, TTA Acc@1: 6.18, Acc@5: 46.42
2025-06-10 22:39:01,119 - log - INFO - iter:7500/8100, clip_acc1=6.426666736602783, tta_acc1=6.426666736602783
2025-06-10 22:39:01,119 - log - INFO - iter:7500/8100, Original Acc@1: 6.43, Acc@5: 46.55, TTA Acc@1: 6.43, Acc@5: 46.56
2025-06-10 22:39:57,683 - log - INFO - iter:7520/8100, clip_acc1=6.67553186416626, tta_acc1=6.67553186416626
2025-06-10 22:39:57,684 - log - INFO - iter:7520/8100, Original Acc@1: 6.68, Acc@5: 46.69, TTA Acc@1: 6.68, Acc@5: 46.70
2025-06-10 22:40:52,814 - log - INFO - iter:7540/8100, clip_acc1=6.92307710647583, tta_acc1=6.92307710647583
2025-06-10 22:40:52,814 - log - INFO - iter:7540/8100, Original Acc@1: 6.92, Acc@5: 46.83, TTA Acc@1: 6.92, Acc@5: 46.84
2025-06-10 22:41:55,178 - log - INFO - iter:7560/8100, clip_acc1=7.169312477111816, tta_acc1=7.169312477111816
2025-06-10 22:41:55,178 - log - INFO - iter:7560/8100, Original Acc@1: 7.17, Acc@5: 46.97, TTA Acc@1: 7.17, Acc@5: 46.98
2025-06-10 22:42:52,592 - log - INFO - iter:7580/8100, clip_acc1=7.414247989654541, tta_acc1=7.414247989654541
2025-06-10 22:42:52,592 - log - INFO - iter:7580/8100, Original Acc@1: 7.41, Acc@5: 47.11, TTA Acc@1: 7.41, Acc@5: 47.12
2025-06-10 22:44:14,029 - log - INFO - iter:7600/8100, clip_acc1=7.657894611358643, tta_acc1=7.657894611358643
2025-06-10 22:44:14,029 - log - INFO - iter:7600/8100, Original Acc@1: 7.66, Acc@5: 47.25, TTA Acc@1: 7.66, Acc@5: 47.26
2025-06-10 22:45:22,984 - log - INFO - iter:7620/8100, clip_acc1=7.900262355804443, tta_acc1=7.900262355804443
2025-06-10 22:45:22,984 - log - INFO - iter:7620/8100, Original Acc@1: 7.90, Acc@5: 47.39, TTA Acc@1: 7.90, Acc@5: 47.40
2025-06-10 22:46:19,001 - log - INFO - iter:7640/8100, clip_acc1=8.141361236572266, tta_acc1=8.141361236572266
2025-06-10 22:46:19,001 - log - INFO - iter:7640/8100, Original Acc@1: 8.14, Acc@5: 47.53, TTA Acc@1: 8.14, Acc@5: 47.54
2025-06-10 22:47:27,573 - log - INFO - iter:7660/8100, clip_acc1=8.381200790405273, tta_acc1=8.381200790405273
2025-06-10 22:47:27,573 - log - INFO - iter:7660/8100, Original Acc@1: 8.38, Acc@5: 47.66, TTA Acc@1: 8.38, Acc@5: 47.68
2025-06-10 22:48:26,976 - log - INFO - iter:7680/8100, clip_acc1=8.619791984558105, tta_acc1=8.619791984558105
2025-06-10 22:48:26,977 - log - INFO - iter:7680/8100, Original Acc@1: 8.62, Acc@5: 47.80, TTA Acc@1: 8.62, Acc@5: 47.81
2025-06-10 22:49:35,628 - log - INFO - iter:7700/8100, clip_acc1=8.857142448425293, tta_acc1=8.857142448425293
2025-06-10 22:49:35,629 - log - INFO - iter:7700/8100, Original Acc@1: 8.86, Acc@5: 47.94, TTA Acc@1: 8.86, Acc@5: 47.95
2025-06-10 22:50:34,844 - log - INFO - iter:7720/8100, clip_acc1=9.09326457977295, tta_acc1=9.09326457977295
2025-06-10 22:50:34,845 - log - INFO - iter:7720/8100, Original Acc@1: 9.09, Acc@5: 48.07, TTA Acc@1: 9.09, Acc@5: 48.08
2025-06-10 22:51:31,070 - log - INFO - iter:7740/8100, clip_acc1=9.328165054321289, tta_acc1=9.328165054321289
2025-06-10 22:51:31,070 - log - INFO - iter:7740/8100, Original Acc@1: 9.33, Acc@5: 48.20, TTA Acc@1: 9.33, Acc@5: 48.22
2025-06-10 22:52:28,558 - log - INFO - iter:7760/8100, clip_acc1=9.561856269836426, tta_acc1=9.561856269836426
2025-06-10 22:52:28,558 - log - INFO - iter:7760/8100, Original Acc@1: 9.56, Acc@5: 48.34, TTA Acc@1: 9.56, Acc@5: 48.35
2025-06-10 22:53:28,723 - log - INFO - iter:7780/8100, clip_acc1=9.794344902038574, tta_acc1=9.794344902038574
2025-06-10 22:53:28,724 - log - INFO - iter:7780/8100, Original Acc@1: 9.79, Acc@5: 48.47, TTA Acc@1: 9.79, Acc@5: 48.48
2025-06-10 22:54:37,543 - log - INFO - iter:7800/8100, clip_acc1=10.025640487670898, tta_acc1=10.025640487670898
2025-06-10 22:54:37,544 - log - INFO - iter:7800/8100, Original Acc@1: 10.03, Acc@5: 48.60, TTA Acc@1: 10.03, Acc@5: 48.62
2025-06-10 22:55:39,533 - log - INFO - iter:7820/8100, clip_acc1=10.255754470825195, tta_acc1=10.255754470825195
2025-06-10 22:55:39,533 - log - INFO - iter:7820/8100, Original Acc@1: 10.26, Acc@5: 48.73, TTA Acc@1: 10.26, Acc@5: 48.75
2025-06-10 22:56:45,713 - log - INFO - iter:7840/8100, clip_acc1=10.48469352722168, tta_acc1=10.48469352722168
2025-06-10 22:56:45,713 - log - INFO - iter:7840/8100, Original Acc@1: 10.48, Acc@5: 48.86, TTA Acc@1: 10.48, Acc@5: 48.88
2025-06-10 22:57:41,676 - log - INFO - iter:7860/8100, clip_acc1=10.712468147277832, tta_acc1=10.712468147277832
2025-06-10 22:57:41,676 - log - INFO - iter:7860/8100, Original Acc@1: 10.71, Acc@5: 48.99, TTA Acc@1: 10.71, Acc@5: 49.01
2025-06-10 22:58:42,934 - log - INFO - iter:7880/8100, clip_acc1=10.9390869140625, tta_acc1=10.9390869140625
2025-06-10 22:58:42,934 - log - INFO - iter:7880/8100, Original Acc@1: 10.94, Acc@5: 49.12, TTA Acc@1: 10.94, Acc@5: 49.14
2025-06-10 22:59:57,246 - log - INFO - iter:7900/8100, clip_acc1=11.164557456970215, tta_acc1=11.164557456970215
2025-06-10 22:59:57,247 - log - INFO - iter:7900/8100, Original Acc@1: 11.16, Acc@5: 49.25, TTA Acc@1: 11.16, Acc@5: 49.27
2025-06-10 23:01:06,201 - log - INFO - iter:7920/8100, clip_acc1=11.38888931274414, tta_acc1=11.38888931274414
2025-06-10 23:01:06,201 - log - INFO - iter:7920/8100, Original Acc@1: 11.39, Acc@5: 49.38, TTA Acc@1: 11.39, Acc@5: 49.39
2025-06-10 23:01:59,922 - log - INFO - iter:7940/8100, clip_acc1=11.612091064453125, tta_acc1=11.612091064453125
2025-06-10 23:01:59,922 - log - INFO - iter:7940/8100, Original Acc@1: 11.61, Acc@5: 49.51, TTA Acc@1: 11.61, Acc@5: 49.52
2025-06-10 23:02:54,790 - log - INFO - iter:7960/8100, clip_acc1=11.8341703414917, tta_acc1=11.8341703414917
2025-06-10 23:02:54,790 - log - INFO - iter:7960/8100, Original Acc@1: 11.83, Acc@5: 49.64, TTA Acc@1: 11.83, Acc@5: 49.65
2025-06-10 23:04:08,538 - log - INFO - iter:7980/8100, clip_acc1=12.055137634277344, tta_acc1=12.055137634277344
2025-06-10 23:04:08,538 - log - INFO - iter:7980/8100, Original Acc@1: 12.06, Acc@5: 49.76, TTA Acc@1: 12.06, Acc@5: 49.77
2025-06-10 23:05:14,331 - log - INFO - iter:8000/8100, clip_acc1=12.27500057220459, tta_acc1=12.27500057220459
2025-06-10 23:05:14,331 - log - INFO - iter:8000/8100, Original Acc@1: 12.28, Acc@5: 49.89, TTA Acc@1: 12.28, Acc@5: 49.90
2025-06-10 23:06:54,029 - log - INFO - iter:8020/8100, clip_acc1=12.493764877319336, tta_acc1=12.493764877319336
2025-06-10 23:06:54,029 - log - INFO - iter:8020/8100, Original Acc@1: 12.49, Acc@5: 50.01, TTA Acc@1: 12.49, Acc@5: 50.02
2025-06-10 23:08:31,636 - log - INFO - iter:8040/8100, clip_acc1=12.711442947387695, tta_acc1=12.711442947387695
2025-06-10 23:08:31,636 - log - INFO - iter:8040/8100, Original Acc@1: 12.71, Acc@5: 50.14, TTA Acc@1: 12.71, Acc@5: 50.15
2025-06-10 23:09:43,734 - log - INFO - iter:8060/8100, clip_acc1=12.928040504455566, tta_acc1=12.928040504455566
2025-06-10 23:09:43,734 - log - INFO - iter:8060/8100, Original Acc@1: 12.93, Acc@5: 50.26, TTA Acc@1: 12.93, Acc@5: 50.27
2025-06-10 23:11:22,945 - log - INFO - iter:8080/8100, clip_acc1=13.14356517791748, tta_acc1=13.14356517791748
2025-06-10 23:11:22,946 - log - INFO - iter:8080/8100, Original Acc@1: 13.14, Acc@5: 50.38, TTA Acc@1: 13.14, Acc@5: 50.40
2025-06-10 23:12:23,607 - log - INFO - iter:8100/8100, clip_acc1=13.358024597167969, tta_acc1=13.358024597167969
2025-06-10 23:12:23,608 - log - INFO - iter:8100/8100, Original Acc@1: 13.36, Acc@5: 50.51, TTA Acc@1: 13.36, Acc@5: 50.52
2025-06-10 23:12:23,667 - log - INFO - Final results - Original Acc@1: 13.36, Acc@5: 50.51, TTA Acc@1: 13.36, Acc@5: 50.52
2025-06-10 23:12:23,668 - log - INFO - Improvement from TTA in Acc@1 0.00, and Acc@5 0.01
2025-06-10 23:12:23,668 - log - INFO - => Acc. on testset [eurosat]: Clean Acc @1 13.358024597167969/ TTA Clean Acc @1 13.358024597167969, Clean Acc @5 50.50617218017578/ TTA Clean Acc @5 50.518516540527344
2025-06-10 23:12:23,668 - log - INFO - Total script execution time: 31081.82 seconds (518.03 minutes)
