2025-06-15 04:50:05,712 - log - INFO - ==========================================
data:/leonardo_work/EUHPC_R04_192/fmohamma/Adversarial_Robust_Clip/atpt_data/downstream_datasets
test_sets:DTD
dataset_mode:test
arch:vit_l_14_datacomp_1b
resolution:224
workers:4
no_pin_memory:False
batch_size:64
print_freq:20
gpu:0
no_cudnn_benchmark:False
n_ctx:4
ctx_init:a_photo_of_a
tpt_loss:tpt
seed:0
output_dir:/leonardo_work/EUHPC_R04_192/fmohamma/Adversarial_Robust_Clip/atpt_data/vit_l_14_datacomp_1b/DTD
log_output_dir:/leonardo_work/EUHPC_R04_192/fmohamma/Adversarial_Robust_Clip/ATPT/Final_Results/vit_l_14_datacomp_1b/DTD
eps:0.0
alpha:0.0
alpha_eps_ratio:4.0
steps:0
lr:0.005
selection_p:0.1
tta_steps:1
ensemble_type:vanilla
top_k:20
softmax_temp:0.01
counter_attack:True
counter_attack_type:pgd
counter_attack_steps:2
counter_attack_eps:2.0
counter_attack_alpha:1.0
counter_attack_tau_thres:0.2
counter_attack_beta:2.0
counter_attack_weighted_perturbations:True
pgd_clip_pure_i_text_embeddings:null
pgd_counter_and_clipure_i_lamda:1.0
selected_id_name:selected_topk.json
weighted_score_name:weighted_scores.json
batch_entropy_name:entropies.json
log_dir:/leonardo_work/EUHPC_R04_192/fmohamma/Adversarial_Robust_Clip/ATPT/Final_Results/vit_l_14_datacomp_1b/DTD/Clean/Counter_Attack/Eps_2_0_Steps_2_Alpha_1_0/tau_0_2_beta_2_0_weighted_pertrubation_True/TPT/Optimization_Loss_tpt_LR_0_005_Optimization_Steps_1_View_Selection_Fraction_0_1/Inference_Ensemble_vanilla

2025-06-15 04:50:05,713 - log - INFO - Use GPU: 0 for training
2025-06-15 04:51:46,847 - log - INFO - Freezing all parameters except prompt learner
2025-06-15 04:51:46,848 - log - INFO - => Model created: visual backbone vit_l_14_datacomp_1b
2025-06-15 04:51:46,870 - log - INFO - Number of test samples: 1692
2025-06-15 04:51:46,871 - log - INFO - Evaluating dataset: DTD
2025-06-15 04:51:46,872 - log - INFO - Starting evaluation with batch size: 64, selection percentage: 0.1
2025-06-15 04:51:46,872 - log - INFO - Test-time adaptation steps: 1, learning rate: 0.005
2025-06-15 04:51:46,872 - log - INFO - Using counter-attack with epsilon: 2.000000, alpha: 0.000000, steps: 2, tau_thres: 0.2, beta: 2.0, weighted perturbation: True
2025-06-15 04:52:54,989 - log - INFO - iter:20/1692, clip_acc1=0.0, tta_acc1=0.0
2025-06-15 04:52:54,989 - log - INFO - iter:20/1692, Original Acc@1: 0.00, Acc@5: 10.00, TTA Acc@1: 0.00, Acc@5: 45.00
2025-06-15 04:53:48,108 - log - INFO - iter:40/1692, clip_acc1=0.0, tta_acc1=0.0
2025-06-15 04:53:48,109 - log - INFO - iter:40/1692, Original Acc@1: 0.00, Acc@5: 12.50, TTA Acc@1: 0.00, Acc@5: 42.50
2025-06-15 04:54:41,285 - log - INFO - iter:60/1692, clip_acc1=0.0, tta_acc1=1.6666667461395264
2025-06-15 04:54:41,285 - log - INFO - iter:60/1692, Original Acc@1: 0.00, Acc@5: 23.33, TTA Acc@1: 1.67, Acc@5: 48.33
2025-06-15 04:55:34,166 - log - INFO - iter:80/1692, clip_acc1=2.5, tta_acc1=3.75
2025-06-15 04:55:34,166 - log - INFO - iter:80/1692, Original Acc@1: 2.50, Acc@5: 23.75, TTA Acc@1: 3.75, Acc@5: 53.75
2025-06-15 04:56:27,475 - log - INFO - iter:100/1692, clip_acc1=5.0, tta_acc1=6.0
2025-06-15 04:56:27,475 - log - INFO - iter:100/1692, Original Acc@1: 5.00, Acc@5: 28.00, TTA Acc@1: 6.00, Acc@5: 51.00
2025-06-15 04:57:23,876 - log - INFO - iter:120/1692, clip_acc1=15.000000953674316, tta_acc1=15.833333969116211
2025-06-15 04:57:23,876 - log - INFO - iter:120/1692, Original Acc@1: 15.00, Acc@5: 37.50, TTA Acc@1: 15.83, Acc@5: 56.67
2025-06-15 04:58:17,108 - log - INFO - iter:140/1692, clip_acc1=24.285715103149414, tta_acc1=26.428571701049805
2025-06-15 04:58:17,108 - log - INFO - iter:140/1692, Original Acc@1: 24.29, Acc@5: 45.00, TTA Acc@1: 26.43, Acc@5: 62.14
2025-06-15 04:59:10,447 - log - INFO - iter:160/1692, clip_acc1=28.125, tta_acc1=29.375
2025-06-15 04:59:10,447 - log - INFO - iter:160/1692, Original Acc@1: 28.12, Acc@5: 50.62, TTA Acc@1: 29.38, Acc@5: 66.25
2025-06-15 05:00:03,592 - log - INFO - iter:180/1692, clip_acc1=28.33333396911621, tta_acc1=30.0
2025-06-15 05:00:03,592 - log - INFO - iter:180/1692, Original Acc@1: 28.33, Acc@5: 51.67, TTA Acc@1: 30.00, Acc@5: 67.22
2025-06-15 05:00:59,045 - log - INFO - iter:200/1692, clip_acc1=35.5, tta_acc1=37.0
2025-06-15 05:00:59,045 - log - INFO - iter:200/1692, Original Acc@1: 35.50, Acc@5: 56.50, TTA Acc@1: 37.00, Acc@5: 70.50
2025-06-15 05:01:52,252 - log - INFO - iter:220/1692, clip_acc1=40.909088134765625, tta_acc1=42.27272415161133
2025-06-15 05:01:52,252 - log - INFO - iter:220/1692, Original Acc@1: 40.91, Acc@5: 60.45, TTA Acc@1: 42.27, Acc@5: 73.18
2025-06-15 05:02:45,423 - log - INFO - iter:240/1692, clip_acc1=44.583335876464844, tta_acc1=46.250003814697266
2025-06-15 05:02:45,424 - log - INFO - iter:240/1692, Original Acc@1: 44.58, Acc@5: 63.33, TTA Acc@1: 46.25, Acc@5: 75.00
2025-06-15 05:03:38,776 - log - INFO - iter:260/1692, clip_acc1=46.53845977783203, tta_acc1=48.846153259277344
2025-06-15 05:03:38,776 - log - INFO - iter:260/1692, Original Acc@1: 46.54, Acc@5: 65.00, TTA Acc@1: 48.85, Acc@5: 76.92
2025-06-15 05:04:32,049 - log - INFO - iter:280/1692, clip_acc1=47.5, tta_acc1=51.42857360839844
2025-06-15 05:04:32,049 - log - INFO - iter:280/1692, Original Acc@1: 47.50, Acc@5: 66.79, TTA Acc@1: 51.43, Acc@5: 78.21
2025-06-15 05:05:25,189 - log - INFO - iter:300/1692, clip_acc1=47.66666793823242, tta_acc1=53.0
2025-06-15 05:05:25,190 - log - INFO - iter:300/1692, Original Acc@1: 47.67, Acc@5: 68.33, TTA Acc@1: 53.00, Acc@5: 79.00
2025-06-15 05:06:18,376 - log - INFO - iter:320/1692, clip_acc1=47.5, tta_acc1=55.3125
2025-06-15 05:06:18,377 - log - INFO - iter:320/1692, Original Acc@1: 47.50, Acc@5: 70.00, TTA Acc@1: 55.31, Acc@5: 80.31
2025-06-15 05:07:12,220 - log - INFO - iter:340/1692, clip_acc1=48.235294342041016, tta_acc1=56.764705657958984
2025-06-15 05:07:12,221 - log - INFO - iter:340/1692, Original Acc@1: 48.24, Acc@5: 70.29, TTA Acc@1: 56.76, Acc@5: 80.88
2025-06-15 05:08:05,893 - log - INFO - iter:360/1692, clip_acc1=49.4444465637207, tta_acc1=58.05555725097656
2025-06-15 05:08:05,893 - log - INFO - iter:360/1692, Original Acc@1: 49.44, Acc@5: 70.56, TTA Acc@1: 58.06, Acc@5: 81.39
2025-06-15 05:09:00,122 - log - INFO - iter:380/1692, clip_acc1=48.15789794921875, tta_acc1=56.315792083740234
2025-06-15 05:09:00,123 - log - INFO - iter:380/1692, Original Acc@1: 48.16, Acc@5: 72.11, TTA Acc@1: 56.32, Acc@5: 82.11
2025-06-15 05:09:53,480 - log - INFO - iter:400/1692, clip_acc1=46.75, tta_acc1=54.5
2025-06-15 05:09:53,480 - log - INFO - iter:400/1692, Original Acc@1: 46.75, Acc@5: 73.25, TTA Acc@1: 54.50, Acc@5: 83.00
2025-06-15 05:10:46,729 - log - INFO - iter:420/1692, clip_acc1=47.619049072265625, tta_acc1=55.71428680419922
2025-06-15 05:10:46,730 - log - INFO - iter:420/1692, Original Acc@1: 47.62, Acc@5: 74.29, TTA Acc@1: 55.71, Acc@5: 83.81
2025-06-15 05:11:40,013 - log - INFO - iter:440/1692, clip_acc1=47.5, tta_acc1=56.818180084228516
2025-06-15 05:11:40,013 - log - INFO - iter:440/1692, Original Acc@1: 47.50, Acc@5: 74.55, TTA Acc@1: 56.82, Acc@5: 84.55
2025-06-15 05:12:33,137 - log - INFO - iter:460/1692, clip_acc1=47.173912048339844, tta_acc1=56.73912811279297
2025-06-15 05:12:33,137 - log - INFO - iter:460/1692, Original Acc@1: 47.17, Acc@5: 75.22, TTA Acc@1: 56.74, Acc@5: 85.00
2025-06-15 05:13:26,269 - log - INFO - iter:480/1692, clip_acc1=47.91666793823242, tta_acc1=57.500003814697266
2025-06-15 05:13:26,269 - log - INFO - iter:480/1692, Original Acc@1: 47.92, Acc@5: 75.63, TTA Acc@1: 57.50, Acc@5: 85.00
2025-06-15 05:14:19,613 - log - INFO - iter:500/1692, clip_acc1=47.80000305175781, tta_acc1=57.000003814697266
2025-06-15 05:14:19,614 - log - INFO - iter:500/1692, Original Acc@1: 47.80, Acc@5: 75.20, TTA Acc@1: 57.00, Acc@5: 83.80
2025-06-15 05:15:12,902 - log - INFO - iter:520/1692, clip_acc1=46.92307662963867, tta_acc1=55.19230651855469
2025-06-15 05:15:12,903 - log - INFO - iter:520/1692, Original Acc@1: 46.92, Acc@5: 75.38, TTA Acc@1: 55.19, Acc@5: 82.50
2025-06-15 05:16:06,186 - log - INFO - iter:540/1692, clip_acc1=47.22222137451172, tta_acc1=55.37036895751953
2025-06-15 05:16:06,187 - log - INFO - iter:540/1692, Original Acc@1: 47.22, Acc@5: 75.93, TTA Acc@1: 55.37, Acc@5: 82.59
2025-06-15 05:16:59,232 - log - INFO - iter:560/1692, clip_acc1=47.14285659790039, tta_acc1=55.53571319580078
2025-06-15 05:16:59,232 - log - INFO - iter:560/1692, Original Acc@1: 47.14, Acc@5: 76.07, TTA Acc@1: 55.54, Acc@5: 82.86
2025-06-15 05:17:52,560 - log - INFO - iter:580/1692, clip_acc1=47.24137878417969, tta_acc1=56.034481048583984
2025-06-15 05:17:52,560 - log - INFO - iter:580/1692, Original Acc@1: 47.24, Acc@5: 76.38, TTA Acc@1: 56.03, Acc@5: 83.28
2025-06-15 05:18:45,707 - log - INFO - iter:600/1692, clip_acc1=46.66666793823242, tta_acc1=55.333335876464844
2025-06-15 05:18:45,708 - log - INFO - iter:600/1692, Original Acc@1: 46.67, Acc@5: 76.50, TTA Acc@1: 55.33, Acc@5: 83.00
2025-06-15 05:19:38,908 - log - INFO - iter:620/1692, clip_acc1=46.129032135009766, tta_acc1=55.32257843017578
2025-06-15 05:19:38,908 - log - INFO - iter:620/1692, Original Acc@1: 46.13, Acc@5: 76.94, TTA Acc@1: 55.32, Acc@5: 83.06
2025-06-15 05:20:32,198 - log - INFO - iter:640/1692, clip_acc1=46.71875, tta_acc1=55.9375
2025-06-15 05:20:32,198 - log - INFO - iter:640/1692, Original Acc@1: 46.72, Acc@5: 77.03, TTA Acc@1: 55.94, Acc@5: 83.44
2025-06-15 05:21:25,442 - log - INFO - iter:660/1692, clip_acc1=46.3636360168457, tta_acc1=55.757572174072266
2025-06-15 05:21:25,442 - log - INFO - iter:660/1692, Original Acc@1: 46.36, Acc@5: 76.52, TTA Acc@1: 55.76, Acc@5: 83.48
2025-06-15 05:22:18,438 - log - INFO - iter:680/1692, clip_acc1=46.47058868408203, tta_acc1=56.02941131591797
2025-06-15 05:22:18,438 - log - INFO - iter:680/1692, Original Acc@1: 46.47, Acc@5: 76.76, TTA Acc@1: 56.03, Acc@5: 83.68
2025-06-15 05:23:11,672 - log - INFO - iter:700/1692, clip_acc1=47.0, tta_acc1=56.0
2025-06-15 05:23:11,672 - log - INFO - iter:700/1692, Original Acc@1: 47.00, Acc@5: 77.14, TTA Acc@1: 56.00, Acc@5: 84.00
2025-06-15 05:24:04,968 - log - INFO - iter:720/1692, clip_acc1=47.91666793823242, tta_acc1=56.38888931274414
2025-06-15 05:24:04,968 - log - INFO - iter:720/1692, Original Acc@1: 47.92, Acc@5: 77.78, TTA Acc@1: 56.39, Acc@5: 84.44
2025-06-15 05:24:58,313 - log - INFO - iter:740/1692, clip_acc1=49.054054260253906, tta_acc1=57.567569732666016
2025-06-15 05:24:58,313 - log - INFO - iter:740/1692, Original Acc@1: 49.05, Acc@5: 78.38, TTA Acc@1: 57.57, Acc@5: 84.86
2025-06-15 05:25:51,837 - log - INFO - iter:760/1692, clip_acc1=49.86842346191406, tta_acc1=58.552635192871094
2025-06-15 05:25:51,837 - log - INFO - iter:760/1692, Original Acc@1: 49.87, Acc@5: 78.68, TTA Acc@1: 58.55, Acc@5: 85.26
2025-06-15 05:26:45,143 - log - INFO - iter:780/1692, clip_acc1=50.897438049316406, tta_acc1=58.71794891357422
2025-06-15 05:26:45,143 - log - INFO - iter:780/1692, Original Acc@1: 50.90, Acc@5: 79.10, TTA Acc@1: 58.72, Acc@5: 85.26
2025-06-15 05:27:38,202 - log - INFO - iter:800/1692, clip_acc1=50.625, tta_acc1=57.875
2025-06-15 05:27:38,202 - log - INFO - iter:800/1692, Original Acc@1: 50.62, Acc@5: 79.25, TTA Acc@1: 57.88, Acc@5: 84.62
2025-06-15 05:28:31,379 - log - INFO - iter:820/1692, clip_acc1=50.4878044128418, tta_acc1=57.317073822021484
2025-06-15 05:28:31,379 - log - INFO - iter:820/1692, Original Acc@1: 50.49, Acc@5: 79.51, TTA Acc@1: 57.32, Acc@5: 84.27
2025-06-15 05:29:24,815 - log - INFO - iter:840/1692, clip_acc1=50.119049072265625, tta_acc1=56.66666793823242
2025-06-15 05:29:24,815 - log - INFO - iter:840/1692, Original Acc@1: 50.12, Acc@5: 79.52, TTA Acc@1: 56.67, Acc@5: 84.40
2025-06-15 05:30:18,077 - log - INFO - iter:860/1692, clip_acc1=49.76744079589844, tta_acc1=57.20930099487305
2025-06-15 05:30:18,077 - log - INFO - iter:860/1692, Original Acc@1: 49.77, Acc@5: 79.53, TTA Acc@1: 57.21, Acc@5: 84.77
2025-06-15 05:31:11,390 - log - INFO - iter:880/1692, clip_acc1=49.09090805053711, tta_acc1=56.477272033691406
2025-06-15 05:31:11,390 - log - INFO - iter:880/1692, Original Acc@1: 49.09, Acc@5: 78.41, TTA Acc@1: 56.48, Acc@5: 83.41
2025-06-15 05:32:04,655 - log - INFO - iter:900/1692, clip_acc1=48.0, tta_acc1=55.222225189208984
2025-06-15 05:32:04,656 - log - INFO - iter:900/1692, Original Acc@1: 48.00, Acc@5: 77.00, TTA Acc@1: 55.22, Acc@5: 81.78
2025-06-15 05:32:57,835 - log - INFO - iter:920/1692, clip_acc1=47.39130401611328, tta_acc1=54.456520080566406
2025-06-15 05:32:57,835 - log - INFO - iter:920/1692, Original Acc@1: 47.39, Acc@5: 77.28, TTA Acc@1: 54.46, Acc@5: 81.96
2025-06-15 05:33:51,210 - log - INFO - iter:940/1692, clip_acc1=47.12765884399414, tta_acc1=54.36170196533203
2025-06-15 05:33:51,210 - log - INFO - iter:940/1692, Original Acc@1: 47.13, Acc@5: 77.55, TTA Acc@1: 54.36, Acc@5: 82.23
2025-06-15 05:34:44,351 - log - INFO - iter:960/1692, clip_acc1=48.22916793823242, tta_acc1=55.312503814697266
2025-06-15 05:34:44,351 - log - INFO - iter:960/1692, Original Acc@1: 48.23, Acc@5: 78.02, TTA Acc@1: 55.31, Acc@5: 82.60
2025-06-15 05:35:37,333 - log - INFO - iter:980/1692, clip_acc1=49.28571319580078, tta_acc1=56.2244873046875
2025-06-15 05:35:37,333 - log - INFO - iter:980/1692, Original Acc@1: 49.29, Acc@5: 78.47, TTA Acc@1: 56.22, Acc@5: 82.96
2025-06-15 05:36:30,422 - log - INFO - iter:1000/1692, clip_acc1=50.30000305175781, tta_acc1=57.10000228881836
2025-06-15 05:36:30,422 - log - INFO - iter:1000/1692, Original Acc@1: 50.30, Acc@5: 78.90, TTA Acc@1: 57.10, Acc@5: 83.30
2025-06-15 05:37:23,772 - log - INFO - iter:1020/1692, clip_acc1=50.29412078857422, tta_acc1=56.76470947265625
2025-06-15 05:37:23,772 - log - INFO - iter:1020/1692, Original Acc@1: 50.29, Acc@5: 78.73, TTA Acc@1: 56.76, Acc@5: 83.04
2025-06-15 05:38:16,879 - log - INFO - iter:1040/1692, clip_acc1=49.71154022216797, tta_acc1=56.05769348144531
2025-06-15 05:38:16,879 - log - INFO - iter:1040/1692, Original Acc@1: 49.71, Acc@5: 78.46, TTA Acc@1: 56.06, Acc@5: 82.69
2025-06-15 05:39:10,130 - log - INFO - iter:1060/1692, clip_acc1=49.71697998046875, tta_acc1=56.32075500488281
2025-06-15 05:39:10,130 - log - INFO - iter:1060/1692, Original Acc@1: 49.72, Acc@5: 78.49, TTA Acc@1: 56.32, Acc@5: 82.92
2025-06-15 05:40:03,466 - log - INFO - iter:1080/1692, clip_acc1=50.5555534362793, tta_acc1=56.94444274902344
2025-06-15 05:40:03,466 - log - INFO - iter:1080/1692, Original Acc@1: 50.56, Acc@5: 78.89, TTA Acc@1: 56.94, Acc@5: 83.24
2025-06-15 05:40:56,972 - log - INFO - iter:1100/1692, clip_acc1=51.181819915771484, tta_acc1=57.272727966308594
2025-06-15 05:40:56,973 - log - INFO - iter:1100/1692, Original Acc@1: 51.18, Acc@5: 79.27, TTA Acc@1: 57.27, Acc@5: 83.45
2025-06-15 05:41:50,317 - log - INFO - iter:1120/1692, clip_acc1=51.875, tta_acc1=57.76785659790039
2025-06-15 05:41:50,318 - log - INFO - iter:1120/1692, Original Acc@1: 51.88, Acc@5: 79.55, TTA Acc@1: 57.77, Acc@5: 83.57
2025-06-15 05:42:43,560 - log - INFO - iter:1140/1692, clip_acc1=51.842105865478516, tta_acc1=57.98245620727539
2025-06-15 05:42:43,560 - log - INFO - iter:1140/1692, Original Acc@1: 51.84, Acc@5: 79.39, TTA Acc@1: 57.98, Acc@5: 83.60
2025-06-15 05:43:36,766 - log - INFO - iter:1160/1692, clip_acc1=51.55172348022461, tta_acc1=57.75862121582031
2025-06-15 05:43:36,766 - log - INFO - iter:1160/1692, Original Acc@1: 51.55, Acc@5: 79.22, TTA Acc@1: 57.76, Acc@5: 83.71
2025-06-15 05:44:29,972 - log - INFO - iter:1180/1692, clip_acc1=51.27118682861328, tta_acc1=57.28813552856445
2025-06-15 05:44:29,972 - log - INFO - iter:1180/1692, Original Acc@1: 51.27, Acc@5: 78.98, TTA Acc@1: 57.29, Acc@5: 83.39
2025-06-15 05:45:23,174 - log - INFO - iter:1200/1692, clip_acc1=51.41666793823242, tta_acc1=57.583335876464844
2025-06-15 05:45:23,174 - log - INFO - iter:1200/1692, Original Acc@1: 51.42, Acc@5: 79.08, TTA Acc@1: 57.58, Acc@5: 83.50
2025-06-15 05:46:16,385 - log - INFO - iter:1220/1692, clip_acc1=51.557376861572266, tta_acc1=57.86885070800781
2025-06-15 05:46:16,385 - log - INFO - iter:1220/1692, Original Acc@1: 51.56, Acc@5: 79.02, TTA Acc@1: 57.87, Acc@5: 83.69
2025-06-15 05:47:09,812 - log - INFO - iter:1240/1692, clip_acc1=51.370967864990234, tta_acc1=58.14516067504883
2025-06-15 05:47:09,812 - log - INFO - iter:1240/1692, Original Acc@1: 51.37, Acc@5: 78.79, TTA Acc@1: 58.15, Acc@5: 83.87
2025-06-15 05:48:03,169 - log - INFO - iter:1260/1692, clip_acc1=50.9523811340332, tta_acc1=58.41270065307617
2025-06-15 05:48:03,169 - log - INFO - iter:1260/1692, Original Acc@1: 50.95, Acc@5: 78.41, TTA Acc@1: 58.41, Acc@5: 83.97
2025-06-15 05:48:56,268 - log - INFO - iter:1280/1692, clip_acc1=51.328125, tta_acc1=58.59375
2025-06-15 05:48:56,268 - log - INFO - iter:1280/1692, Original Acc@1: 51.33, Acc@5: 78.59, TTA Acc@1: 58.59, Acc@5: 84.14
2025-06-15 05:49:49,814 - log - INFO - iter:1300/1692, clip_acc1=51.53845977783203, tta_acc1=58.69230651855469
2025-06-15 05:49:49,814 - log - INFO - iter:1300/1692, Original Acc@1: 51.54, Acc@5: 78.77, TTA Acc@1: 58.69, Acc@5: 84.31
2025-06-15 05:50:43,171 - log - INFO - iter:1320/1692, clip_acc1=51.212120056152344, tta_acc1=58.18181610107422
2025-06-15 05:50:43,172 - log - INFO - iter:1320/1692, Original Acc@1: 51.21, Acc@5: 78.48, TTA Acc@1: 58.18, Acc@5: 83.79
2025-06-15 05:51:36,437 - log - INFO - iter:1340/1692, clip_acc1=50.89552307128906, tta_acc1=57.985076904296875
2025-06-15 05:51:36,437 - log - INFO - iter:1340/1692, Original Acc@1: 50.90, Acc@5: 78.43, TTA Acc@1: 57.99, Acc@5: 83.73
2025-06-15 05:52:29,833 - log - INFO - iter:1360/1692, clip_acc1=50.29411697387695, tta_acc1=57.79411697387695
2025-06-15 05:52:29,833 - log - INFO - iter:1360/1692, Original Acc@1: 50.29, Acc@5: 78.09, TTA Acc@1: 57.79, Acc@5: 83.90
2025-06-15 05:53:23,053 - log - INFO - iter:1380/1692, clip_acc1=50.144927978515625, tta_acc1=57.826087951660156
2025-06-15 05:53:23,053 - log - INFO - iter:1380/1692, Original Acc@1: 50.14, Acc@5: 78.12, TTA Acc@1: 57.83, Acc@5: 83.99
2025-06-15 05:54:16,248 - log - INFO - iter:1400/1692, clip_acc1=50.14285659790039, tta_acc1=58.14285659790039
2025-06-15 05:54:16,249 - log - INFO - iter:1400/1692, Original Acc@1: 50.14, Acc@5: 78.21, TTA Acc@1: 58.14, Acc@5: 84.14
2025-06-15 05:55:09,315 - log - INFO - iter:1420/1692, clip_acc1=50.42253494262695, tta_acc1=58.45070266723633
2025-06-15 05:55:09,315 - log - INFO - iter:1420/1692, Original Acc@1: 50.42, Acc@5: 78.38, TTA Acc@1: 58.45, Acc@5: 84.23
2025-06-15 05:56:02,331 - log - INFO - iter:1440/1692, clip_acc1=50.972225189208984, tta_acc1=58.958335876464844
2025-06-15 05:56:02,332 - log - INFO - iter:1440/1692, Original Acc@1: 50.97, Acc@5: 78.61, TTA Acc@1: 58.96, Acc@5: 84.44
2025-06-15 05:56:55,116 - log - INFO - iter:1460/1692, clip_acc1=51.30137252807617, tta_acc1=59.38356399536133
2025-06-15 05:56:55,116 - log - INFO - iter:1460/1692, Original Acc@1: 51.30, Acc@5: 78.84, TTA Acc@1: 59.38, Acc@5: 84.59
2025-06-15 05:57:48,242 - log - INFO - iter:1480/1692, clip_acc1=51.554054260253906, tta_acc1=59.66216278076172
2025-06-15 05:57:48,242 - log - INFO - iter:1480/1692, Original Acc@1: 51.55, Acc@5: 78.99, TTA Acc@1: 59.66, Acc@5: 84.80
2025-06-15 05:58:42,020 - log - INFO - iter:1500/1692, clip_acc1=51.93333435058594, tta_acc1=60.133331298828125
2025-06-15 05:58:42,020 - log - INFO - iter:1500/1692, Original Acc@1: 51.93, Acc@5: 79.13, TTA Acc@1: 60.13, Acc@5: 85.00
2025-06-15 05:59:35,386 - log - INFO - iter:1520/1692, clip_acc1=52.23684310913086, tta_acc1=60.19737243652344
2025-06-15 05:59:35,386 - log - INFO - iter:1520/1692, Original Acc@1: 52.24, Acc@5: 79.21, TTA Acc@1: 60.20, Acc@5: 85.00
2025-06-15 06:00:28,739 - log - INFO - iter:1540/1692, clip_acc1=51.88311767578125, tta_acc1=59.80519485473633
2025-06-15 06:00:28,739 - log - INFO - iter:1540/1692, Original Acc@1: 51.88, Acc@5: 78.90, TTA Acc@1: 59.81, Acc@5: 84.74
2025-06-15 06:01:21,907 - log - INFO - iter:1560/1692, clip_acc1=51.92308044433594, tta_acc1=59.80769348144531
2025-06-15 06:01:21,907 - log - INFO - iter:1560/1692, Original Acc@1: 51.92, Acc@5: 78.78, TTA Acc@1: 59.81, Acc@5: 84.55
2025-06-15 06:02:16,087 - log - INFO - iter:1580/1692, clip_acc1=52.08860778808594, tta_acc1=60.0
2025-06-15 06:02:16,088 - log - INFO - iter:1580/1692, Original Acc@1: 52.09, Acc@5: 78.61, TTA Acc@1: 60.00, Acc@5: 84.43
2025-06-15 06:03:09,279 - log - INFO - iter:1600/1692, clip_acc1=52.5625, tta_acc1=60.375
2025-06-15 06:03:09,279 - log - INFO - iter:1600/1692, Original Acc@1: 52.56, Acc@5: 78.81, TTA Acc@1: 60.38, Acc@5: 84.56
2025-06-15 06:04:02,574 - log - INFO - iter:1620/1692, clip_acc1=52.90123748779297, tta_acc1=60.617286682128906
2025-06-15 06:04:02,575 - log - INFO - iter:1620/1692, Original Acc@1: 52.90, Acc@5: 78.95, TTA Acc@1: 60.62, Acc@5: 84.75
2025-06-15 06:04:55,642 - log - INFO - iter:1640/1692, clip_acc1=52.56097412109375, tta_acc1=60.30487823486328
2025-06-15 06:04:55,642 - log - INFO - iter:1640/1692, Original Acc@1: 52.56, Acc@5: 78.72, TTA Acc@1: 60.30, Acc@5: 84.63
2025-06-15 06:05:48,964 - log - INFO - iter:1660/1692, clip_acc1=52.34939956665039, tta_acc1=60.240966796875
2025-06-15 06:05:48,964 - log - INFO - iter:1660/1692, Original Acc@1: 52.35, Acc@5: 78.61, TTA Acc@1: 60.24, Acc@5: 84.64
2025-06-15 06:06:42,273 - log - INFO - iter:1680/1692, clip_acc1=52.85714340209961, tta_acc1=60.65476608276367
2025-06-15 06:06:42,273 - log - INFO - iter:1680/1692, Original Acc@1: 52.86, Acc@5: 78.87, TTA Acc@1: 60.65, Acc@5: 84.76
2025-06-15 06:07:11,298 - log - INFO - iter:1692/1692, clip_acc1=53.191490173339844, tta_acc1=60.933807373046875
2025-06-15 06:07:11,298 - log - INFO - iter:1692/1692, Original Acc@1: 53.19, Acc@5: 79.02, TTA Acc@1: 60.93, Acc@5: 84.87
2025-06-15 06:07:11,459 - log - INFO - Final results - Original Acc@1: 53.19, Acc@5: 79.02, TTA Acc@1: 60.93, Acc@5: 84.87
2025-06-15 06:07:11,460 - log - INFO - Improvement from TTA in Acc@1 7.74, and Acc@5 5.85
2025-06-15 06:07:11,460 - log - INFO - Number of selected samples with index 0: 277
2025-06-15 06:07:11,461 - log - INFO - Number of samples in the dataset: 1692
2025-06-15 06:07:11,476 - log - INFO - Selected IDs saved to /leonardo_work/EUHPC_R04_192/fmohamma/Adversarial_Robust_Clip/ATPT/Final_Results/vit_l_14_datacomp_1b/DTD/Clean/Counter_Attack/Eps_2_0_Steps_2_Alpha_1_0/tau_0_2_beta_2_0_weighted_pertrubation_True/TPT/Optimization_Loss_tpt_LR_0_005_Optimization_Steps_1_View_Selection_Fraction_0_1/Inference_Ensemble_vanilla/selected_topk.json
2025-06-15 06:07:11,582 - log - INFO - Batch entropies saved to /leonardo_work/EUHPC_R04_192/fmohamma/Adversarial_Robust_Clip/ATPT/Final_Results/vit_l_14_datacomp_1b/DTD/Clean/Counter_Attack/Eps_2_0_Steps_2_Alpha_1_0/tau_0_2_beta_2_0_weighted_pertrubation_True/TPT/Optimization_Loss_tpt_LR_0_005_Optimization_Steps_1_View_Selection_Fraction_0_1/Inference_Ensemble_vanilla/entropies.json
2025-06-15 06:07:11,584 - log - INFO - => Acc. on testset [DTD]: Clean Acc @1 53.191490173339844/ TTA Clean Acc @1 60.933807373046875, Clean Acc @5 79.01891326904297/ TTA Clean Acc @5 84.86997985839844
2025-06-15 06:07:11,584 - log - INFO - Total script execution time: 4625.95 seconds (77.10 minutes)
