2025-06-07 05:29:33,674 - log - INFO - ==========================================
data:/l/users/hashmat.malik/downstream_datasets
test_sets:Pets
dataset_mode:test
arch:fare4
resolution:224
workers:4
no_pin_memory:False
batch_size:64
print_freq:20
gpu:0
no_cudnn_benchmark:False
n_ctx:4
ctx_init:a_photo_of_a
tpt_loss:rtpt
seed:0
output_dir:/l/users/hashmat.malik/atpt_results/fare4/Pets
log_output_dir:/l/users/hashmat.malik/Projects/ATPT/Final_Results/fare4/Pets
eps:0.0
alpha:0.0
alpha_eps_ratio:4.0
steps:0
lr:0.005
selection_p:0.1
tta_steps:0
ensemble_type:weighted_rtpt
top_k:20
softmax_temp:0.01
counter_attack:True
counter_attack_type:pgd
counter_attack_steps:0
counter_attack_eps:4.0
counter_attack_alpha:1.0
counter_attack_tau_thres:0.2
counter_attack_beta:2.0
counter_attack_weighted_perturbations:True
pgd_clip_pure_i_text_embeddings:null
pgd_counter_and_clipure_i_lamda:1.0
selected_id_name:selected_topk.json
weighted_score_name:weighted_scores.json
batch_entropy_name:entropies.json
log_dir:/l/users/hashmat.malik/Projects/ATPT/Final_Results/fare4/Pets/Clean/Counter_Attack/Eps_4_0_Steps_0_Alpha_1_0/tau_0_2_beta_2_0_weighted_pertrubation_True/No_TPT/Inference_Ensemble_weighted_rtpt_topk_20_softmaxtemp_0_01

2025-06-07 05:29:33,675 - log - INFO - Use GPU: 0 for training
2025-06-07 05:29:44,595 - log - INFO - Freezing all parameters except prompt learner
2025-06-07 05:29:44,596 - log - INFO - => Model created: visual backbone fare4
2025-06-07 05:29:44,607 - log - INFO - Number of test samples: 3669
2025-06-07 05:29:44,607 - log - INFO - Evaluating dataset: Pets
2025-06-07 05:29:44,608 - log - INFO - Starting evaluation with batch size: 64, selection percentage: 0.1
2025-06-07 05:29:44,608 - log - INFO - Test-time adaptation steps: 0, learning rate: 0.005
2025-06-07 05:29:44,609 - log - INFO - Using counter-attack with epsilon: 4.000000, alpha: 0.000000, steps: 0, tau_thres: 0.2, beta: 2.0, weighted perturbation: True
2025-06-07 05:30:36,147 - log - INFO - iter:20/3669, clip_acc1=50.0, tta_acc1=55.0
2025-06-07 05:30:36,147 - log - INFO - iter:20/3669, Original Acc@1: 50.00, Acc@5: 85.00, TTA Acc@1: 55.00, Acc@5: 80.00
2025-06-07 05:31:26,751 - log - INFO - iter:40/3669, clip_acc1=67.5, tta_acc1=65.0
2025-06-07 05:31:26,751 - log - INFO - iter:40/3669, Original Acc@1: 67.50, Acc@5: 90.00, TTA Acc@1: 65.00, Acc@5: 85.00
2025-06-07 05:32:16,062 - log - INFO - iter:60/3669, clip_acc1=70.0, tta_acc1=61.66667175292969
2025-06-07 05:32:16,063 - log - INFO - iter:60/3669, Original Acc@1: 70.00, Acc@5: 91.67, TTA Acc@1: 61.67, Acc@5: 86.67
2025-06-07 05:33:05,102 - log - INFO - iter:80/3669, clip_acc1=73.75, tta_acc1=66.25
2025-06-07 05:33:05,103 - log - INFO - iter:80/3669, Original Acc@1: 73.75, Acc@5: 93.75, TTA Acc@1: 66.25, Acc@5: 90.00
2025-06-07 05:33:54,629 - log - INFO - iter:100/3669, clip_acc1=74.0, tta_acc1=64.0
2025-06-07 05:33:54,629 - log - INFO - iter:100/3669, Original Acc@1: 74.00, Acc@5: 95.00, TTA Acc@1: 64.00, Acc@5: 92.00
2025-06-07 05:34:44,559 - log - INFO - iter:120/3669, clip_acc1=76.66667175292969, tta_acc1=62.500003814697266
2025-06-07 05:34:44,559 - log - INFO - iter:120/3669, Original Acc@1: 76.67, Acc@5: 95.83, TTA Acc@1: 62.50, Acc@5: 92.50
2025-06-07 05:35:33,885 - log - INFO - iter:140/3669, clip_acc1=77.14286041259766, tta_acc1=62.14285659790039
2025-06-07 05:35:33,885 - log - INFO - iter:140/3669, Original Acc@1: 77.14, Acc@5: 96.43, TTA Acc@1: 62.14, Acc@5: 92.86
2025-06-07 05:36:23,878 - log - INFO - iter:160/3669, clip_acc1=76.875, tta_acc1=63.125
2025-06-07 05:36:23,878 - log - INFO - iter:160/3669, Original Acc@1: 76.88, Acc@5: 96.88, TTA Acc@1: 63.12, Acc@5: 93.75
2025-06-07 05:37:12,767 - log - INFO - iter:180/3669, clip_acc1=77.77777862548828, tta_acc1=63.88888931274414
2025-06-07 05:37:12,767 - log - INFO - iter:180/3669, Original Acc@1: 77.78, Acc@5: 97.22, TTA Acc@1: 63.89, Acc@5: 94.44
2025-06-07 05:38:02,179 - log - INFO - iter:200/3669, clip_acc1=78.0, tta_acc1=63.5
2025-06-07 05:38:02,180 - log - INFO - iter:200/3669, Original Acc@1: 78.00, Acc@5: 97.00, TTA Acc@1: 63.50, Acc@5: 94.50
2025-06-07 05:38:51,383 - log - INFO - iter:220/3669, clip_acc1=77.2727279663086, tta_acc1=62.27272415161133
2025-06-07 05:38:51,384 - log - INFO - iter:220/3669, Original Acc@1: 77.27, Acc@5: 97.27, TTA Acc@1: 62.27, Acc@5: 95.00
2025-06-07 05:39:40,260 - log - INFO - iter:240/3669, clip_acc1=74.58333587646484, tta_acc1=60.41666793823242
2025-06-07 05:39:40,260 - log - INFO - iter:240/3669, Original Acc@1: 74.58, Acc@5: 97.50, TTA Acc@1: 60.42, Acc@5: 95.42
2025-06-07 05:40:30,071 - log - INFO - iter:260/3669, clip_acc1=74.23076629638672, tta_acc1=59.230770111083984
2025-06-07 05:40:30,071 - log - INFO - iter:260/3669, Original Acc@1: 74.23, Acc@5: 97.69, TTA Acc@1: 59.23, Acc@5: 95.77
2025-06-07 05:41:19,500 - log - INFO - iter:280/3669, clip_acc1=74.28571319580078, tta_acc1=60.35714340209961
2025-06-07 05:41:19,501 - log - INFO - iter:280/3669, Original Acc@1: 74.29, Acc@5: 97.86, TTA Acc@1: 60.36, Acc@5: 96.07
2025-06-07 05:42:08,290 - log - INFO - iter:300/3669, clip_acc1=73.66667175292969, tta_acc1=60.0
2025-06-07 05:42:08,291 - log - INFO - iter:300/3669, Original Acc@1: 73.67, Acc@5: 98.00, TTA Acc@1: 60.00, Acc@5: 96.33
2025-06-07 05:42:57,483 - log - INFO - iter:320/3669, clip_acc1=74.6875, tta_acc1=61.875
2025-06-07 05:42:57,483 - log - INFO - iter:320/3669, Original Acc@1: 74.69, Acc@5: 98.12, TTA Acc@1: 61.88, Acc@5: 96.56
2025-06-07 05:43:46,944 - log - INFO - iter:340/3669, clip_acc1=76.17647552490234, tta_acc1=64.11764526367188
2025-06-07 05:43:46,944 - log - INFO - iter:340/3669, Original Acc@1: 76.18, Acc@5: 98.24, TTA Acc@1: 64.12, Acc@5: 96.76
2025-06-07 05:44:36,158 - log - INFO - iter:360/3669, clip_acc1=77.22222137451172, tta_acc1=65.83333587646484
2025-06-07 05:44:36,159 - log - INFO - iter:360/3669, Original Acc@1: 77.22, Acc@5: 98.33, TTA Acc@1: 65.83, Acc@5: 96.94
2025-06-07 05:45:25,307 - log - INFO - iter:380/3669, clip_acc1=78.42105865478516, tta_acc1=67.63158416748047
2025-06-07 05:45:25,308 - log - INFO - iter:380/3669, Original Acc@1: 78.42, Acc@5: 98.42, TTA Acc@1: 67.63, Acc@5: 97.11
2025-06-07 05:46:14,476 - log - INFO - iter:400/3669, clip_acc1=79.5, tta_acc1=69.25
2025-06-07 05:46:14,477 - log - INFO - iter:400/3669, Original Acc@1: 79.50, Acc@5: 98.50, TTA Acc@1: 69.25, Acc@5: 97.25
2025-06-07 05:47:03,648 - log - INFO - iter:420/3669, clip_acc1=79.76190948486328, tta_acc1=70.23809814453125
2025-06-07 05:47:03,649 - log - INFO - iter:420/3669, Original Acc@1: 79.76, Acc@5: 98.33, TTA Acc@1: 70.24, Acc@5: 97.14
2025-06-07 05:47:53,015 - log - INFO - iter:440/3669, clip_acc1=80.2272720336914, tta_acc1=71.59090423583984
2025-06-07 05:47:53,016 - log - INFO - iter:440/3669, Original Acc@1: 80.23, Acc@5: 98.41, TTA Acc@1: 71.59, Acc@5: 97.27
2025-06-07 05:48:41,648 - log - INFO - iter:460/3669, clip_acc1=81.08695220947266, tta_acc1=71.9565200805664
2025-06-07 05:48:41,648 - log - INFO - iter:460/3669, Original Acc@1: 81.09, Acc@5: 98.48, TTA Acc@1: 71.96, Acc@5: 97.39
2025-06-07 05:49:30,539 - log - INFO - iter:480/3669, clip_acc1=81.66667175292969, tta_acc1=72.91667175292969
2025-06-07 05:49:30,540 - log - INFO - iter:480/3669, Original Acc@1: 81.67, Acc@5: 98.54, TTA Acc@1: 72.92, Acc@5: 97.50
2025-06-07 05:50:20,144 - log - INFO - iter:500/3669, clip_acc1=82.20000457763672, tta_acc1=73.4000015258789
2025-06-07 05:50:20,145 - log - INFO - iter:500/3669, Original Acc@1: 82.20, Acc@5: 98.60, TTA Acc@1: 73.40, Acc@5: 97.60
2025-06-07 05:51:09,387 - log - INFO - iter:520/3669, clip_acc1=80.76923370361328, tta_acc1=71.92308044433594
2025-06-07 05:51:09,387 - log - INFO - iter:520/3669, Original Acc@1: 80.77, Acc@5: 98.65, TTA Acc@1: 71.92, Acc@5: 97.50
2025-06-07 05:51:58,829 - log - INFO - iter:540/3669, clip_acc1=79.81481170654297, tta_acc1=70.1851806640625
2025-06-07 05:51:58,830 - log - INFO - iter:540/3669, Original Acc@1: 79.81, Acc@5: 98.70, TTA Acc@1: 70.19, Acc@5: 97.59
2025-06-07 05:52:47,738 - log - INFO - iter:560/3669, clip_acc1=79.64286041259766, tta_acc1=69.46428680419922
2025-06-07 05:52:47,738 - log - INFO - iter:560/3669, Original Acc@1: 79.64, Acc@5: 98.57, TTA Acc@1: 69.46, Acc@5: 97.32
2025-06-07 05:53:37,188 - log - INFO - iter:580/3669, clip_acc1=78.27586364746094, tta_acc1=67.93103790283203
2025-06-07 05:53:37,188 - log - INFO - iter:580/3669, Original Acc@1: 78.28, Acc@5: 98.62, TTA Acc@1: 67.93, Acc@5: 97.41
2025-06-07 05:54:26,081 - log - INFO - iter:600/3669, clip_acc1=77.83333587646484, tta_acc1=67.16667175292969
2025-06-07 05:54:26,082 - log - INFO - iter:600/3669, Original Acc@1: 77.83, Acc@5: 98.67, TTA Acc@1: 67.17, Acc@5: 97.50
2025-06-07 05:55:15,333 - log - INFO - iter:620/3669, clip_acc1=76.7741928100586, tta_acc1=65.64515686035156
2025-06-07 05:55:15,334 - log - INFO - iter:620/3669, Original Acc@1: 76.77, Acc@5: 98.71, TTA Acc@1: 65.65, Acc@5: 97.58
2025-06-07 05:56:04,544 - log - INFO - iter:640/3669, clip_acc1=75.15625, tta_acc1=63.59375
2025-06-07 05:56:04,544 - log - INFO - iter:640/3669, Original Acc@1: 75.16, Acc@5: 98.75, TTA Acc@1: 63.59, Acc@5: 97.50
2025-06-07 05:56:53,637 - log - INFO - iter:660/3669, clip_acc1=73.48484802246094, tta_acc1=62.121212005615234
2025-06-07 05:56:53,637 - log - INFO - iter:660/3669, Original Acc@1: 73.48, Acc@5: 98.79, TTA Acc@1: 62.12, Acc@5: 97.58
2025-06-07 05:57:42,717 - log - INFO - iter:680/3669, clip_acc1=71.76470947265625, tta_acc1=60.44117736816406
2025-06-07 05:57:42,717 - log - INFO - iter:680/3669, Original Acc@1: 71.76, Acc@5: 98.82, TTA Acc@1: 60.44, Acc@5: 97.65
2025-06-07 05:58:31,636 - log - INFO - iter:700/3669, clip_acc1=70.28571319580078, tta_acc1=59.0
2025-06-07 05:58:31,636 - log - INFO - iter:700/3669, Original Acc@1: 70.29, Acc@5: 98.86, TTA Acc@1: 59.00, Acc@5: 97.71
2025-06-07 05:59:20,807 - log - INFO - iter:720/3669, clip_acc1=70.1388931274414, tta_acc1=59.02777862548828
2025-06-07 05:59:20,807 - log - INFO - iter:720/3669, Original Acc@1: 70.14, Acc@5: 98.89, TTA Acc@1: 59.03, Acc@5: 97.78
2025-06-07 06:00:10,071 - log - INFO - iter:740/3669, clip_acc1=70.40541076660156, tta_acc1=59.729732513427734
2025-06-07 06:00:10,071 - log - INFO - iter:740/3669, Original Acc@1: 70.41, Acc@5: 98.92, TTA Acc@1: 59.73, Acc@5: 97.84
2025-06-07 06:00:59,355 - log - INFO - iter:760/3669, clip_acc1=70.39473724365234, tta_acc1=60.000003814697266
2025-06-07 06:00:59,355 - log - INFO - iter:760/3669, Original Acc@1: 70.39, Acc@5: 98.95, TTA Acc@1: 60.00, Acc@5: 97.89
2025-06-07 06:01:48,184 - log - INFO - iter:780/3669, clip_acc1=70.64102935791016, tta_acc1=60.256412506103516
2025-06-07 06:01:48,184 - log - INFO - iter:780/3669, Original Acc@1: 70.64, Acc@5: 98.97, TTA Acc@1: 60.26, Acc@5: 97.95
2025-06-07 06:02:37,237 - log - INFO - iter:800/3669, clip_acc1=70.875, tta_acc1=60.375
2025-06-07 06:02:37,238 - log - INFO - iter:800/3669, Original Acc@1: 70.88, Acc@5: 99.00, TTA Acc@1: 60.38, Acc@5: 97.88
2025-06-07 06:03:26,375 - log - INFO - iter:820/3669, clip_acc1=71.21951293945312, tta_acc1=60.73170852661133
2025-06-07 06:03:26,375 - log - INFO - iter:820/3669, Original Acc@1: 71.22, Acc@5: 99.02, TTA Acc@1: 60.73, Acc@5: 97.93
2025-06-07 06:04:15,484 - log - INFO - iter:840/3669, clip_acc1=71.78572082519531, tta_acc1=61.30952453613281
2025-06-07 06:04:15,484 - log - INFO - iter:840/3669, Original Acc@1: 71.79, Acc@5: 99.05, TTA Acc@1: 61.31, Acc@5: 97.98
2025-06-07 06:05:04,547 - log - INFO - iter:860/3669, clip_acc1=71.97674560546875, tta_acc1=61.74418640136719
2025-06-07 06:05:04,547 - log - INFO - iter:860/3669, Original Acc@1: 71.98, Acc@5: 99.07, TTA Acc@1: 61.74, Acc@5: 97.91
2025-06-07 06:05:53,385 - log - INFO - iter:880/3669, clip_acc1=72.5, tta_acc1=62.499996185302734
2025-06-07 06:05:53,386 - log - INFO - iter:880/3669, Original Acc@1: 72.50, Acc@5: 99.09, TTA Acc@1: 62.50, Acc@5: 97.95
2025-06-07 06:06:42,695 - log - INFO - iter:900/3669, clip_acc1=72.55555725097656, tta_acc1=62.4444465637207
2025-06-07 06:06:42,695 - log - INFO - iter:900/3669, Original Acc@1: 72.56, Acc@5: 99.11, TTA Acc@1: 62.44, Acc@5: 97.89
2025-06-07 06:07:31,717 - log - INFO - iter:920/3669, clip_acc1=72.7173843383789, tta_acc1=62.2826042175293
2025-06-07 06:07:31,717 - log - INFO - iter:920/3669, Original Acc@1: 72.72, Acc@5: 99.13, TTA Acc@1: 62.28, Acc@5: 97.93
2025-06-07 06:08:21,515 - log - INFO - iter:940/3669, clip_acc1=73.0851058959961, tta_acc1=62.12765884399414
2025-06-07 06:08:21,515 - log - INFO - iter:940/3669, Original Acc@1: 73.09, Acc@5: 99.15, TTA Acc@1: 62.13, Acc@5: 97.87
2025-06-07 06:09:10,304 - log - INFO - iter:960/3669, clip_acc1=73.33333587646484, tta_acc1=62.083335876464844
2025-06-07 06:09:10,304 - log - INFO - iter:960/3669, Original Acc@1: 73.33, Acc@5: 99.17, TTA Acc@1: 62.08, Acc@5: 97.92
2025-06-07 06:09:59,577 - log - INFO - iter:980/3669, clip_acc1=73.26530456542969, tta_acc1=61.93877410888672
2025-06-07 06:09:59,578 - log - INFO - iter:980/3669, Original Acc@1: 73.27, Acc@5: 99.18, TTA Acc@1: 61.94, Acc@5: 97.96
2025-06-07 06:10:48,796 - log - INFO - iter:1000/3669, clip_acc1=73.20000457763672, tta_acc1=61.80000305175781
2025-06-07 06:10:48,797 - log - INFO - iter:1000/3669, Original Acc@1: 73.20, Acc@5: 99.20, TTA Acc@1: 61.80, Acc@5: 98.00
2025-06-07 06:11:38,602 - log - INFO - iter:1020/3669, clip_acc1=73.5294189453125, tta_acc1=62.352943420410156
2025-06-07 06:11:38,603 - log - INFO - iter:1020/3669, Original Acc@1: 73.53, Acc@5: 99.22, TTA Acc@1: 62.35, Acc@5: 98.04
2025-06-07 06:12:27,651 - log - INFO - iter:1040/3669, clip_acc1=73.75, tta_acc1=62.78845977783203
2025-06-07 06:12:27,651 - log - INFO - iter:1040/3669, Original Acc@1: 73.75, Acc@5: 99.23, TTA Acc@1: 62.79, Acc@5: 98.08
2025-06-07 06:13:17,189 - log - INFO - iter:1060/3669, clip_acc1=74.24528503417969, tta_acc1=63.49056625366211
2025-06-07 06:13:17,189 - log - INFO - iter:1060/3669, Original Acc@1: 74.25, Acc@5: 99.25, TTA Acc@1: 63.49, Acc@5: 98.11
2025-06-07 06:14:07,224 - log - INFO - iter:1080/3669, clip_acc1=74.2592544555664, tta_acc1=63.796295166015625
2025-06-07 06:14:07,224 - log - INFO - iter:1080/3669, Original Acc@1: 74.26, Acc@5: 99.26, TTA Acc@1: 63.80, Acc@5: 98.15
2025-06-07 06:14:57,102 - log - INFO - iter:1100/3669, clip_acc1=74.54545593261719, tta_acc1=64.2727279663086
2025-06-07 06:14:57,102 - log - INFO - iter:1100/3669, Original Acc@1: 74.55, Acc@5: 99.27, TTA Acc@1: 64.27, Acc@5: 98.18
2025-06-07 06:15:46,169 - log - INFO - iter:1120/3669, clip_acc1=75.0, tta_acc1=64.82142639160156
2025-06-07 06:15:46,169 - log - INFO - iter:1120/3669, Original Acc@1: 75.00, Acc@5: 99.29, TTA Acc@1: 64.82, Acc@5: 98.21
2025-06-07 06:16:35,611 - log - INFO - iter:1140/3669, clip_acc1=75.4385986328125, tta_acc1=65.4385986328125
2025-06-07 06:16:35,611 - log - INFO - iter:1140/3669, Original Acc@1: 75.44, Acc@5: 99.30, TTA Acc@1: 65.44, Acc@5: 98.25
2025-06-07 06:17:24,911 - log - INFO - iter:1160/3669, clip_acc1=75.86206817626953, tta_acc1=66.03448486328125
2025-06-07 06:17:24,911 - log - INFO - iter:1160/3669, Original Acc@1: 75.86, Acc@5: 99.31, TTA Acc@1: 66.03, Acc@5: 98.28
2025-06-07 06:18:13,880 - log - INFO - iter:1180/3669, clip_acc1=76.18643951416016, tta_acc1=66.52542114257812
2025-06-07 06:18:13,881 - log - INFO - iter:1180/3669, Original Acc@1: 76.19, Acc@5: 99.32, TTA Acc@1: 66.53, Acc@5: 98.31
2025-06-07 06:19:02,947 - log - INFO - iter:1200/3669, clip_acc1=76.5, tta_acc1=66.83333587646484
2025-06-07 06:19:02,948 - log - INFO - iter:1200/3669, Original Acc@1: 76.50, Acc@5: 99.33, TTA Acc@1: 66.83, Acc@5: 98.33
2025-06-07 06:19:52,191 - log - INFO - iter:1220/3669, clip_acc1=76.80327606201172, tta_acc1=67.13114929199219
2025-06-07 06:19:52,191 - log - INFO - iter:1220/3669, Original Acc@1: 76.80, Acc@5: 99.34, TTA Acc@1: 67.13, Acc@5: 98.36
2025-06-07 06:20:41,413 - log - INFO - iter:1240/3669, clip_acc1=76.53225708007812, tta_acc1=66.93548583984375
2025-06-07 06:20:41,414 - log - INFO - iter:1240/3669, Original Acc@1: 76.53, Acc@5: 99.35, TTA Acc@1: 66.94, Acc@5: 98.31
2025-06-07 06:21:30,896 - log - INFO - iter:1260/3669, clip_acc1=76.5873031616211, tta_acc1=67.14286041259766
2025-06-07 06:21:30,897 - log - INFO - iter:1260/3669, Original Acc@1: 76.59, Acc@5: 99.37, TTA Acc@1: 67.14, Acc@5: 98.33
2025-06-07 06:22:20,314 - log - INFO - iter:1280/3669, clip_acc1=76.71875, tta_acc1=67.421875
2025-06-07 06:22:20,314 - log - INFO - iter:1280/3669, Original Acc@1: 76.72, Acc@5: 99.38, TTA Acc@1: 67.42, Acc@5: 98.36
2025-06-07 06:23:09,707 - log - INFO - iter:1300/3669, clip_acc1=76.76923370361328, tta_acc1=67.53845977783203
2025-06-07 06:23:09,708 - log - INFO - iter:1300/3669, Original Acc@1: 76.77, Acc@5: 99.38, TTA Acc@1: 67.54, Acc@5: 98.38
2025-06-07 06:23:58,742 - log - INFO - iter:1320/3669, clip_acc1=77.12120819091797, tta_acc1=68.03030395507812
2025-06-07 06:23:58,742 - log - INFO - iter:1320/3669, Original Acc@1: 77.12, Acc@5: 99.39, TTA Acc@1: 68.03, Acc@5: 98.41
2025-06-07 06:24:47,801 - log - INFO - iter:1340/3669, clip_acc1=77.16417694091797, tta_acc1=68.35820770263672
2025-06-07 06:24:47,801 - log - INFO - iter:1340/3669, Original Acc@1: 77.16, Acc@5: 99.40, TTA Acc@1: 68.36, Acc@5: 98.43
2025-06-07 06:25:37,456 - log - INFO - iter:1360/3669, clip_acc1=77.42647552490234, tta_acc1=68.75
2025-06-07 06:25:37,457 - log - INFO - iter:1360/3669, Original Acc@1: 77.43, Acc@5: 99.41, TTA Acc@1: 68.75, Acc@5: 98.46
2025-06-07 06:26:26,828 - log - INFO - iter:1380/3669, clip_acc1=77.75362396240234, tta_acc1=69.13043975830078
2025-06-07 06:26:26,828 - log - INFO - iter:1380/3669, Original Acc@1: 77.75, Acc@5: 99.42, TTA Acc@1: 69.13, Acc@5: 98.48
2025-06-07 06:27:16,087 - log - INFO - iter:1400/3669, clip_acc1=78.07142639160156, tta_acc1=69.5
2025-06-07 06:27:16,087 - log - INFO - iter:1400/3669, Original Acc@1: 78.07, Acc@5: 99.43, TTA Acc@1: 69.50, Acc@5: 98.50
2025-06-07 06:28:05,702 - log - INFO - iter:1420/3669, clip_acc1=78.38027954101562, tta_acc1=69.92957305908203
2025-06-07 06:28:05,703 - log - INFO - iter:1420/3669, Original Acc@1: 78.38, Acc@5: 99.44, TTA Acc@1: 69.93, Acc@5: 98.52
2025-06-07 06:28:55,227 - log - INFO - iter:1440/3669, clip_acc1=78.68055725097656, tta_acc1=70.34722137451172
2025-06-07 06:28:55,227 - log - INFO - iter:1440/3669, Original Acc@1: 78.68, Acc@5: 99.44, TTA Acc@1: 70.35, Acc@5: 98.54
2025-06-07 06:29:44,608 - log - INFO - iter:1460/3669, clip_acc1=78.97260284423828, tta_acc1=70.75342559814453
2025-06-07 06:29:44,608 - log - INFO - iter:1460/3669, Original Acc@1: 78.97, Acc@5: 99.45, TTA Acc@1: 70.75, Acc@5: 98.56
2025-06-07 06:30:34,409 - log - INFO - iter:1480/3669, clip_acc1=79.25675964355469, tta_acc1=71.14865112304688
2025-06-07 06:30:34,409 - log - INFO - iter:1480/3669, Original Acc@1: 79.26, Acc@5: 99.46, TTA Acc@1: 71.15, Acc@5: 98.58
2025-06-07 06:31:24,005 - log - INFO - iter:1500/3669, clip_acc1=79.46666717529297, tta_acc1=71.4000015258789
2025-06-07 06:31:24,005 - log - INFO - iter:1500/3669, Original Acc@1: 79.47, Acc@5: 99.47, TTA Acc@1: 71.40, Acc@5: 98.60
2025-06-07 06:32:13,157 - log - INFO - iter:1520/3669, clip_acc1=79.67105865478516, tta_acc1=71.71053314208984
2025-06-07 06:32:13,157 - log - INFO - iter:1520/3669, Original Acc@1: 79.67, Acc@5: 99.47, TTA Acc@1: 71.71, Acc@5: 98.62
2025-06-07 06:33:02,858 - log - INFO - iter:1540/3669, clip_acc1=79.93506622314453, tta_acc1=72.07791900634766
2025-06-07 06:33:02,858 - log - INFO - iter:1540/3669, Original Acc@1: 79.94, Acc@5: 99.48, TTA Acc@1: 72.08, Acc@5: 98.64
2025-06-07 06:33:52,224 - log - INFO - iter:1560/3669, clip_acc1=80.19230651855469, tta_acc1=72.43589782714844
2025-06-07 06:33:52,224 - log - INFO - iter:1560/3669, Original Acc@1: 80.19, Acc@5: 99.49, TTA Acc@1: 72.44, Acc@5: 98.65
2025-06-07 06:34:41,720 - log - INFO - iter:1580/3669, clip_acc1=80.37974548339844, tta_acc1=72.7848129272461
2025-06-07 06:34:41,720 - log - INFO - iter:1580/3669, Original Acc@1: 80.38, Acc@5: 99.49, TTA Acc@1: 72.78, Acc@5: 98.67
2025-06-07 06:35:31,027 - log - INFO - iter:1600/3669, clip_acc1=80.5, tta_acc1=72.9375
2025-06-07 06:35:31,027 - log - INFO - iter:1600/3669, Original Acc@1: 80.50, Acc@5: 99.50, TTA Acc@1: 72.94, Acc@5: 98.69
2025-06-07 06:36:21,500 - log - INFO - iter:1620/3669, clip_acc1=80.67901611328125, tta_acc1=73.20987701416016
2025-06-07 06:36:21,500 - log - INFO - iter:1620/3669, Original Acc@1: 80.68, Acc@5: 99.51, TTA Acc@1: 73.21, Acc@5: 98.70
2025-06-07 06:37:11,215 - log - INFO - iter:1640/3669, clip_acc1=80.79268646240234, tta_acc1=73.23170471191406
2025-06-07 06:37:11,215 - log - INFO - iter:1640/3669, Original Acc@1: 80.79, Acc@5: 99.51, TTA Acc@1: 73.23, Acc@5: 98.72
2025-06-07 06:38:00,946 - log - INFO - iter:1660/3669, clip_acc1=80.96385955810547, tta_acc1=73.37349700927734
2025-06-07 06:38:00,946 - log - INFO - iter:1660/3669, Original Acc@1: 80.96, Acc@5: 99.52, TTA Acc@1: 73.37, Acc@5: 98.73
2025-06-07 06:38:50,688 - log - INFO - iter:1680/3669, clip_acc1=81.1309585571289, tta_acc1=73.6309585571289
2025-06-07 06:38:50,688 - log - INFO - iter:1680/3669, Original Acc@1: 81.13, Acc@5: 99.52, TTA Acc@1: 73.63, Acc@5: 98.75
2025-06-07 06:39:39,924 - log - INFO - iter:1700/3669, clip_acc1=81.23529052734375, tta_acc1=73.82352447509766
2025-06-07 06:39:39,925 - log - INFO - iter:1700/3669, Original Acc@1: 81.24, Acc@5: 99.41, TTA Acc@1: 73.82, Acc@5: 98.71
2025-06-07 06:40:28,751 - log - INFO - iter:1720/3669, clip_acc1=81.4534912109375, tta_acc1=74.1279067993164
2025-06-07 06:40:28,751 - log - INFO - iter:1720/3669, Original Acc@1: 81.45, Acc@5: 99.42, TTA Acc@1: 74.13, Acc@5: 98.72
2025-06-07 06:41:18,689 - log - INFO - iter:1740/3669, clip_acc1=81.66666412353516, tta_acc1=74.42528533935547
2025-06-07 06:41:18,690 - log - INFO - iter:1740/3669, Original Acc@1: 81.67, Acc@5: 99.43, TTA Acc@1: 74.43, Acc@5: 98.74
2025-06-07 06:42:08,242 - log - INFO - iter:1760/3669, clip_acc1=81.875, tta_acc1=74.71590423583984
2025-06-07 06:42:08,242 - log - INFO - iter:1760/3669, Original Acc@1: 81.88, Acc@5: 99.43, TTA Acc@1: 74.72, Acc@5: 98.75
2025-06-07 06:42:57,916 - log - INFO - iter:1780/3669, clip_acc1=81.96629333496094, tta_acc1=74.88764190673828
2025-06-07 06:42:57,916 - log - INFO - iter:1780/3669, Original Acc@1: 81.97, Acc@5: 99.38, TTA Acc@1: 74.89, Acc@5: 98.71
2025-06-07 06:43:47,515 - log - INFO - iter:1800/3669, clip_acc1=82.16667175292969, tta_acc1=75.16667175292969
2025-06-07 06:43:47,515 - log - INFO - iter:1800/3669, Original Acc@1: 82.17, Acc@5: 99.39, TTA Acc@1: 75.17, Acc@5: 98.72
2025-06-07 06:44:37,498 - log - INFO - iter:1820/3669, clip_acc1=82.36264038085938, tta_acc1=75.43956756591797
2025-06-07 06:44:37,498 - log - INFO - iter:1820/3669, Original Acc@1: 82.36, Acc@5: 99.40, TTA Acc@1: 75.44, Acc@5: 98.74
2025-06-07 06:45:27,203 - log - INFO - iter:1840/3669, clip_acc1=82.5543441772461, tta_acc1=75.7065200805664
2025-06-07 06:45:27,203 - log - INFO - iter:1840/3669, Original Acc@1: 82.55, Acc@5: 99.40, TTA Acc@1: 75.71, Acc@5: 98.75
2025-06-07 06:46:16,307 - log - INFO - iter:1860/3669, clip_acc1=82.68817138671875, tta_acc1=75.96774291992188
2025-06-07 06:46:16,307 - log - INFO - iter:1860/3669, Original Acc@1: 82.69, Acc@5: 99.41, TTA Acc@1: 75.97, Acc@5: 98.76
2025-06-07 06:47:05,818 - log - INFO - iter:1880/3669, clip_acc1=82.8723373413086, tta_acc1=76.22340393066406
2025-06-07 06:47:05,818 - log - INFO - iter:1880/3669, Original Acc@1: 82.87, Acc@5: 99.41, TTA Acc@1: 76.22, Acc@5: 98.78
2025-06-07 06:47:55,182 - log - INFO - iter:1900/3669, clip_acc1=82.78946685791016, tta_acc1=76.21052551269531
2025-06-07 06:47:55,183 - log - INFO - iter:1900/3669, Original Acc@1: 82.79, Acc@5: 99.42, TTA Acc@1: 76.21, Acc@5: 98.79
2025-06-07 06:48:45,082 - log - INFO - iter:1920/3669, clip_acc1=82.91667175292969, tta_acc1=76.45833587646484
2025-06-07 06:48:45,082 - log - INFO - iter:1920/3669, Original Acc@1: 82.92, Acc@5: 99.43, TTA Acc@1: 76.46, Acc@5: 98.80
2025-06-07 06:49:34,885 - log - INFO - iter:1940/3669, clip_acc1=83.0412368774414, tta_acc1=76.64949035644531
2025-06-07 06:49:34,885 - log - INFO - iter:1940/3669, Original Acc@1: 83.04, Acc@5: 99.43, TTA Acc@1: 76.65, Acc@5: 98.81
2025-06-07 06:50:23,997 - log - INFO - iter:1960/3669, clip_acc1=83.21427917480469, tta_acc1=76.88774871826172
2025-06-07 06:50:23,997 - log - INFO - iter:1960/3669, Original Acc@1: 83.21, Acc@5: 99.44, TTA Acc@1: 76.89, Acc@5: 98.83
2025-06-07 06:51:13,388 - log - INFO - iter:1980/3669, clip_acc1=83.38384246826172, tta_acc1=77.1212158203125
2025-06-07 06:51:13,389 - log - INFO - iter:1980/3669, Original Acc@1: 83.38, Acc@5: 99.44, TTA Acc@1: 77.12, Acc@5: 98.84
2025-06-07 06:52:03,373 - log - INFO - iter:2000/3669, clip_acc1=83.30000305175781, tta_acc1=76.85000610351562
2025-06-07 06:52:03,373 - log - INFO - iter:2000/3669, Original Acc@1: 83.30, Acc@5: 99.45, TTA Acc@1: 76.85, Acc@5: 98.80
2025-06-07 06:52:53,073 - log - INFO - iter:2020/3669, clip_acc1=83.46534729003906, tta_acc1=76.88118743896484
2025-06-07 06:52:53,073 - log - INFO - iter:2020/3669, Original Acc@1: 83.47, Acc@5: 99.46, TTA Acc@1: 76.88, Acc@5: 98.81
2025-06-07 06:53:42,343 - log - INFO - iter:2040/3669, clip_acc1=83.57843780517578, tta_acc1=76.56863403320312
2025-06-07 06:53:42,344 - log - INFO - iter:2040/3669, Original Acc@1: 83.58, Acc@5: 99.46, TTA Acc@1: 76.57, Acc@5: 98.82
2025-06-07 06:54:31,637 - log - INFO - iter:2060/3669, clip_acc1=83.64077758789062, tta_acc1=76.55339813232422
2025-06-07 06:54:31,638 - log - INFO - iter:2060/3669, Original Acc@1: 83.64, Acc@5: 99.47, TTA Acc@1: 76.55, Acc@5: 98.79
2025-06-07 06:55:20,642 - log - INFO - iter:2080/3669, clip_acc1=83.65384674072266, tta_acc1=76.49038696289062
2025-06-07 06:55:20,642 - log - INFO - iter:2080/3669, Original Acc@1: 83.65, Acc@5: 99.47, TTA Acc@1: 76.49, Acc@5: 98.80
2025-06-07 06:56:10,300 - log - INFO - iter:2100/3669, clip_acc1=83.80952453613281, tta_acc1=76.71428680419922
2025-06-07 06:56:10,300 - log - INFO - iter:2100/3669, Original Acc@1: 83.81, Acc@5: 99.48, TTA Acc@1: 76.71, Acc@5: 98.81
2025-06-07 06:56:59,919 - log - INFO - iter:2120/3669, clip_acc1=83.96226501464844, tta_acc1=76.9339599609375
2025-06-07 06:56:59,920 - log - INFO - iter:2120/3669, Original Acc@1: 83.96, Acc@5: 99.48, TTA Acc@1: 76.93, Acc@5: 98.82
2025-06-07 06:57:49,518 - log - INFO - iter:2140/3669, clip_acc1=84.11215209960938, tta_acc1=77.1495361328125
2025-06-07 06:57:49,519 - log - INFO - iter:2140/3669, Original Acc@1: 84.11, Acc@5: 99.49, TTA Acc@1: 77.15, Acc@5: 98.83
2025-06-07 06:58:40,030 - log - INFO - iter:2160/3669, clip_acc1=84.2592544555664, tta_acc1=77.3611068725586
2025-06-07 06:58:40,031 - log - INFO - iter:2160/3669, Original Acc@1: 84.26, Acc@5: 99.49, TTA Acc@1: 77.36, Acc@5: 98.84
2025-06-07 06:59:29,614 - log - INFO - iter:2180/3669, clip_acc1=84.40367126464844, tta_acc1=77.56880950927734
2025-06-07 06:59:29,615 - log - INFO - iter:2180/3669, Original Acc@1: 84.40, Acc@5: 99.50, TTA Acc@1: 77.57, Acc@5: 98.85
2025-06-07 07:00:19,371 - log - INFO - iter:2200/3669, clip_acc1=84.45454406738281, tta_acc1=77.59091186523438
2025-06-07 07:00:19,371 - log - INFO - iter:2200/3669, Original Acc@1: 84.45, Acc@5: 99.50, TTA Acc@1: 77.59, Acc@5: 98.86
2025-06-07 07:01:08,830 - log - INFO - iter:2220/3669, clip_acc1=84.59459686279297, tta_acc1=77.79279327392578
2025-06-07 07:01:08,830 - log - INFO - iter:2220/3669, Original Acc@1: 84.59, Acc@5: 99.50, TTA Acc@1: 77.79, Acc@5: 98.87
2025-06-07 07:01:58,833 - log - INFO - iter:2240/3669, clip_acc1=84.6875, tta_acc1=77.94642639160156
2025-06-07 07:01:58,833 - log - INFO - iter:2240/3669, Original Acc@1: 84.69, Acc@5: 99.51, TTA Acc@1: 77.95, Acc@5: 98.88
2025-06-07 07:02:48,329 - log - INFO - iter:2260/3669, clip_acc1=84.82300567626953, tta_acc1=78.14159393310547
2025-06-07 07:02:48,329 - log - INFO - iter:2260/3669, Original Acc@1: 84.82, Acc@5: 99.51, TTA Acc@1: 78.14, Acc@5: 98.89
2025-06-07 07:03:37,305 - log - INFO - iter:2280/3669, clip_acc1=84.91228485107422, tta_acc1=78.24561309814453
2025-06-07 07:03:37,305 - log - INFO - iter:2280/3669, Original Acc@1: 84.91, Acc@5: 99.52, TTA Acc@1: 78.25, Acc@5: 98.86
2025-06-07 07:04:26,899 - log - INFO - iter:2300/3669, clip_acc1=85.0434799194336, tta_acc1=78.43478393554688
2025-06-07 07:04:26,900 - log - INFO - iter:2300/3669, Original Acc@1: 85.04, Acc@5: 99.52, TTA Acc@1: 78.43, Acc@5: 98.87
2025-06-07 07:05:16,444 - log - INFO - iter:2320/3669, clip_acc1=85.12931060791016, tta_acc1=78.62068939208984
2025-06-07 07:05:16,445 - log - INFO - iter:2320/3669, Original Acc@1: 85.13, Acc@5: 99.53, TTA Acc@1: 78.62, Acc@5: 98.88
2025-06-07 07:06:06,489 - log - INFO - iter:2340/3669, clip_acc1=85.25640869140625, tta_acc1=78.80342102050781
2025-06-07 07:06:06,489 - log - INFO - iter:2340/3669, Original Acc@1: 85.26, Acc@5: 99.53, TTA Acc@1: 78.80, Acc@5: 98.89
2025-06-07 07:06:56,188 - log - INFO - iter:2360/3669, clip_acc1=85.38135528564453, tta_acc1=78.98304748535156
2025-06-07 07:06:56,188 - log - INFO - iter:2360/3669, Original Acc@1: 85.38, Acc@5: 99.53, TTA Acc@1: 78.98, Acc@5: 98.90
2025-06-07 07:07:45,675 - log - INFO - iter:2380/3669, clip_acc1=85.50420379638672, tta_acc1=79.15966796875
2025-06-07 07:07:45,675 - log - INFO - iter:2380/3669, Original Acc@1: 85.50, Acc@5: 99.54, TTA Acc@1: 79.16, Acc@5: 98.91
2025-06-07 07:08:34,790 - log - INFO - iter:2400/3669, clip_acc1=85.625, tta_acc1=79.29167175292969
2025-06-07 07:08:34,790 - log - INFO - iter:2400/3669, Original Acc@1: 85.62, Acc@5: 99.54, TTA Acc@1: 79.29, Acc@5: 98.92
2025-06-07 07:09:25,106 - log - INFO - iter:2420/3669, clip_acc1=85.74380493164062, tta_acc1=79.46280670166016
2025-06-07 07:09:25,107 - log - INFO - iter:2420/3669, Original Acc@1: 85.74, Acc@5: 99.55, TTA Acc@1: 79.46, Acc@5: 98.93
2025-06-07 07:10:14,557 - log - INFO - iter:2440/3669, clip_acc1=85.86065673828125, tta_acc1=79.63114929199219
2025-06-07 07:10:14,557 - log - INFO - iter:2440/3669, Original Acc@1: 85.86, Acc@5: 99.55, TTA Acc@1: 79.63, Acc@5: 98.93
2025-06-07 07:11:03,819 - log - INFO - iter:2460/3669, clip_acc1=85.9756088256836, tta_acc1=79.79674530029297
2025-06-07 07:11:03,819 - log - INFO - iter:2460/3669, Original Acc@1: 85.98, Acc@5: 99.55, TTA Acc@1: 79.80, Acc@5: 98.94
2025-06-07 07:11:53,208 - log - INFO - iter:2480/3669, clip_acc1=86.08870697021484, tta_acc1=79.95967864990234
2025-06-07 07:11:53,209 - log - INFO - iter:2480/3669, Original Acc@1: 86.09, Acc@5: 99.56, TTA Acc@1: 79.96, Acc@5: 98.95
2025-06-07 07:12:42,171 - log - INFO - iter:2500/3669, clip_acc1=86.15999603271484, tta_acc1=80.07999420166016
2025-06-07 07:12:42,172 - log - INFO - iter:2500/3669, Original Acc@1: 86.16, Acc@5: 99.56, TTA Acc@1: 80.08, Acc@5: 98.96
2025-06-07 07:13:31,340 - log - INFO - iter:2520/3669, clip_acc1=86.26984405517578, tta_acc1=80.23809814453125
2025-06-07 07:13:31,341 - log - INFO - iter:2520/3669, Original Acc@1: 86.27, Acc@5: 99.56, TTA Acc@1: 80.24, Acc@5: 98.97
2025-06-07 07:14:21,052 - log - INFO - iter:2540/3669, clip_acc1=86.3779525756836, tta_acc1=80.3936996459961
2025-06-07 07:14:21,052 - log - INFO - iter:2540/3669, Original Acc@1: 86.38, Acc@5: 99.57, TTA Acc@1: 80.39, Acc@5: 98.98
2025-06-07 07:15:10,833 - log - INFO - iter:2560/3669, clip_acc1=86.4453125, tta_acc1=80.5078125
2025-06-07 07:15:10,834 - log - INFO - iter:2560/3669, Original Acc@1: 86.45, Acc@5: 99.57, TTA Acc@1: 80.51, Acc@5: 98.95
2025-06-07 07:16:00,007 - log - INFO - iter:2580/3669, clip_acc1=86.55038452148438, tta_acc1=80.6589126586914
2025-06-07 07:16:00,007 - log - INFO - iter:2580/3669, Original Acc@1: 86.55, Acc@5: 99.57, TTA Acc@1: 80.66, Acc@5: 98.95
2025-06-07 07:16:49,507 - log - INFO - iter:2600/3669, clip_acc1=86.15384674072266, tta_acc1=80.26923370361328
2025-06-07 07:16:49,508 - log - INFO - iter:2600/3669, Original Acc@1: 86.15, Acc@5: 99.58, TTA Acc@1: 80.27, Acc@5: 98.96
2025-06-07 07:17:38,610 - log - INFO - iter:2620/3669, clip_acc1=85.87786102294922, tta_acc1=80.0
2025-06-07 07:17:38,610 - log - INFO - iter:2620/3669, Original Acc@1: 85.88, Acc@5: 99.58, TTA Acc@1: 80.00, Acc@5: 98.97
2025-06-07 07:18:28,827 - log - INFO - iter:2640/3669, clip_acc1=85.56817626953125, tta_acc1=79.62120819091797
2025-06-07 07:18:28,828 - log - INFO - iter:2640/3669, Original Acc@1: 85.57, Acc@5: 99.58, TTA Acc@1: 79.62, Acc@5: 98.98
2025-06-07 07:19:18,159 - log - INFO - iter:2660/3669, clip_acc1=85.2255630493164, tta_acc1=79.43608856201172
2025-06-07 07:19:18,160 - log - INFO - iter:2660/3669, Original Acc@1: 85.23, Acc@5: 99.59, TTA Acc@1: 79.44, Acc@5: 98.98
2025-06-07 07:20:07,950 - log - INFO - iter:2680/3669, clip_acc1=84.8880615234375, tta_acc1=79.14179229736328
2025-06-07 07:20:07,951 - log - INFO - iter:2680/3669, Original Acc@1: 84.89, Acc@5: 99.59, TTA Acc@1: 79.14, Acc@5: 98.99
2025-06-07 07:20:56,948 - log - INFO - iter:2700/3669, clip_acc1=84.88888549804688, tta_acc1=79.18518829345703
2025-06-07 07:20:56,948 - log - INFO - iter:2700/3669, Original Acc@1: 84.89, Acc@5: 99.59, TTA Acc@1: 79.19, Acc@5: 98.96
2025-06-07 07:21:46,646 - log - INFO - iter:2720/3669, clip_acc1=84.88970947265625, tta_acc1=79.15441131591797
2025-06-07 07:21:46,647 - log - INFO - iter:2720/3669, Original Acc@1: 84.89, Acc@5: 99.60, TTA Acc@1: 79.15, Acc@5: 98.97
2025-06-07 07:22:36,686 - log - INFO - iter:2740/3669, clip_acc1=84.81751251220703, tta_acc1=79.01459503173828
2025-06-07 07:22:36,686 - log - INFO - iter:2740/3669, Original Acc@1: 84.82, Acc@5: 99.56, TTA Acc@1: 79.01, Acc@5: 98.94
2025-06-07 07:23:25,677 - log - INFO - iter:2760/3669, clip_acc1=84.78260803222656, tta_acc1=79.05797576904297
2025-06-07 07:23:25,677 - log - INFO - iter:2760/3669, Original Acc@1: 84.78, Acc@5: 99.57, TTA Acc@1: 79.06, Acc@5: 98.95
2025-06-07 07:24:15,016 - log - INFO - iter:2780/3669, clip_acc1=84.71222686767578, tta_acc1=78.95683288574219
2025-06-07 07:24:15,017 - log - INFO - iter:2780/3669, Original Acc@1: 84.71, Acc@5: 99.53, TTA Acc@1: 78.96, Acc@5: 98.88
2025-06-07 07:25:04,275 - log - INFO - iter:2800/3669, clip_acc1=84.71428680419922, tta_acc1=78.96428680419922
2025-06-07 07:25:04,275 - log - INFO - iter:2800/3669, Original Acc@1: 84.71, Acc@5: 99.50, TTA Acc@1: 78.96, Acc@5: 98.79
2025-06-07 07:25:53,125 - log - INFO - iter:2820/3669, clip_acc1=84.75177001953125, tta_acc1=79.00708770751953
2025-06-07 07:25:53,126 - log - INFO - iter:2820/3669, Original Acc@1: 84.75, Acc@5: 99.50, TTA Acc@1: 79.01, Acc@5: 98.79
2025-06-07 07:26:41,922 - log - INFO - iter:2840/3669, clip_acc1=84.82394409179688, tta_acc1=79.1549301147461
2025-06-07 07:26:41,922 - log - INFO - iter:2840/3669, Original Acc@1: 84.82, Acc@5: 99.51, TTA Acc@1: 79.15, Acc@5: 98.80
2025-06-07 07:27:31,040 - log - INFO - iter:2860/3669, clip_acc1=84.9300765991211, tta_acc1=79.30070495605469
2025-06-07 07:27:31,041 - log - INFO - iter:2860/3669, Original Acc@1: 84.93, Acc@5: 99.51, TTA Acc@1: 79.30, Acc@5: 98.81
2025-06-07 07:28:20,268 - log - INFO - iter:2880/3669, clip_acc1=85.03472137451172, tta_acc1=79.44444274902344
2025-06-07 07:28:20,268 - log - INFO - iter:2880/3669, Original Acc@1: 85.03, Acc@5: 99.51, TTA Acc@1: 79.44, Acc@5: 98.82
2025-06-07 07:29:09,062 - log - INFO - iter:2900/3669, clip_acc1=85.13793182373047, tta_acc1=79.58621215820312
2025-06-07 07:29:09,062 - log - INFO - iter:2900/3669, Original Acc@1: 85.14, Acc@5: 99.52, TTA Acc@1: 79.59, Acc@5: 98.83
2025-06-07 07:29:58,723 - log - INFO - iter:2920/3669, clip_acc1=85.23973083496094, tta_acc1=79.72602844238281
2025-06-07 07:29:58,723 - log - INFO - iter:2920/3669, Original Acc@1: 85.24, Acc@5: 99.52, TTA Acc@1: 79.73, Acc@5: 98.84
2025-06-07 07:30:48,439 - log - INFO - iter:2940/3669, clip_acc1=85.34013366699219, tta_acc1=79.86394500732422
2025-06-07 07:30:48,439 - log - INFO - iter:2940/3669, Original Acc@1: 85.34, Acc@5: 99.52, TTA Acc@1: 79.86, Acc@5: 98.84
2025-06-07 07:31:37,467 - log - INFO - iter:2960/3669, clip_acc1=85.43919372558594, tta_acc1=80.0
2025-06-07 07:31:37,468 - log - INFO - iter:2960/3669, Original Acc@1: 85.44, Acc@5: 99.53, TTA Acc@1: 80.00, Acc@5: 98.85
2025-06-07 07:32:26,190 - log - INFO - iter:2980/3669, clip_acc1=85.53691864013672, tta_acc1=80.13423156738281
2025-06-07 07:32:26,190 - log - INFO - iter:2980/3669, Original Acc@1: 85.54, Acc@5: 99.53, TTA Acc@1: 80.13, Acc@5: 98.86
2025-06-07 07:33:15,404 - log - INFO - iter:3000/3669, clip_acc1=85.63333129882812, tta_acc1=80.26666259765625
2025-06-07 07:33:15,404 - log - INFO - iter:3000/3669, Original Acc@1: 85.63, Acc@5: 99.53, TTA Acc@1: 80.27, Acc@5: 98.87
2025-06-07 07:34:04,718 - log - INFO - iter:3020/3669, clip_acc1=85.72847747802734, tta_acc1=80.39735412597656
2025-06-07 07:34:04,718 - log - INFO - iter:3020/3669, Original Acc@1: 85.73, Acc@5: 99.54, TTA Acc@1: 80.40, Acc@5: 98.87
2025-06-07 07:34:54,137 - log - INFO - iter:3040/3669, clip_acc1=85.82237243652344, tta_acc1=80.52632141113281
2025-06-07 07:34:54,137 - log - INFO - iter:3040/3669, Original Acc@1: 85.82, Acc@5: 99.54, TTA Acc@1: 80.53, Acc@5: 98.88
2025-06-07 07:35:43,515 - log - INFO - iter:3060/3669, clip_acc1=85.88235473632812, tta_acc1=80.5882339477539
2025-06-07 07:35:43,516 - log - INFO - iter:3060/3669, Original Acc@1: 85.88, Acc@5: 99.54, TTA Acc@1: 80.59, Acc@5: 98.89
2025-06-07 07:36:32,869 - log - INFO - iter:3080/3669, clip_acc1=85.9740219116211, tta_acc1=80.71428680419922
2025-06-07 07:36:32,870 - log - INFO - iter:3080/3669, Original Acc@1: 85.97, Acc@5: 99.55, TTA Acc@1: 80.71, Acc@5: 98.90
2025-06-07 07:37:22,317 - log - INFO - iter:3100/3669, clip_acc1=86.0, tta_acc1=80.77420043945312
2025-06-07 07:37:22,317 - log - INFO - iter:3100/3669, Original Acc@1: 86.00, Acc@5: 99.55, TTA Acc@1: 80.77, Acc@5: 98.90
2025-06-07 07:38:11,370 - log - INFO - iter:3120/3669, clip_acc1=86.0897445678711, tta_acc1=80.8974380493164
2025-06-07 07:38:11,370 - log - INFO - iter:3120/3669, Original Acc@1: 86.09, Acc@5: 99.55, TTA Acc@1: 80.90, Acc@5: 98.91
2025-06-07 07:39:00,681 - log - INFO - iter:3140/3669, clip_acc1=86.1783447265625, tta_acc1=80.98725891113281
2025-06-07 07:39:00,681 - log - INFO - iter:3140/3669, Original Acc@1: 86.18, Acc@5: 99.55, TTA Acc@1: 80.99, Acc@5: 98.92
2025-06-07 07:39:50,197 - log - INFO - iter:3160/3669, clip_acc1=86.26582336425781, tta_acc1=81.04430389404297
2025-06-07 07:39:50,199 - log - INFO - iter:3160/3669, Original Acc@1: 86.27, Acc@5: 99.56, TTA Acc@1: 81.04, Acc@5: 98.92
2025-06-07 07:40:39,386 - log - INFO - iter:3180/3669, clip_acc1=86.35220336914062, tta_acc1=81.16352081298828
2025-06-07 07:40:39,387 - log - INFO - iter:3180/3669, Original Acc@1: 86.35, Acc@5: 99.56, TTA Acc@1: 81.16, Acc@5: 98.93
2025-06-07 07:41:28,197 - log - INFO - iter:3200/3669, clip_acc1=86.4375, tta_acc1=81.28125
2025-06-07 07:41:28,198 - log - INFO - iter:3200/3669, Original Acc@1: 86.44, Acc@5: 99.56, TTA Acc@1: 81.28, Acc@5: 98.94
2025-06-07 07:42:17,203 - log - INFO - iter:3220/3669, clip_acc1=86.52173614501953, tta_acc1=81.39751434326172
2025-06-07 07:42:17,203 - log - INFO - iter:3220/3669, Original Acc@1: 86.52, Acc@5: 99.57, TTA Acc@1: 81.40, Acc@5: 98.94
2025-06-07 07:43:06,514 - log - INFO - iter:3240/3669, clip_acc1=86.60494232177734, tta_acc1=81.5123519897461
2025-06-07 07:43:06,514 - log - INFO - iter:3240/3669, Original Acc@1: 86.60, Acc@5: 99.57, TTA Acc@1: 81.51, Acc@5: 98.95
2025-06-07 07:43:55,897 - log - INFO - iter:3260/3669, clip_acc1=86.68711853027344, tta_acc1=81.62576293945312
2025-06-07 07:43:55,897 - log - INFO - iter:3260/3669, Original Acc@1: 86.69, Acc@5: 99.57, TTA Acc@1: 81.63, Acc@5: 98.96
2025-06-07 07:44:45,003 - log - INFO - iter:3280/3669, clip_acc1=86.76829528808594, tta_acc1=81.73780822753906
2025-06-07 07:44:45,003 - log - INFO - iter:3280/3669, Original Acc@1: 86.77, Acc@5: 99.57, TTA Acc@1: 81.74, Acc@5: 98.96
2025-06-07 07:45:34,221 - log - INFO - iter:3300/3669, clip_acc1=86.63636779785156, tta_acc1=81.54545593261719
2025-06-07 07:45:34,221 - log - INFO - iter:3300/3669, Original Acc@1: 86.64, Acc@5: 99.58, TTA Acc@1: 81.55, Acc@5: 98.97
2025-06-07 07:46:23,880 - log - INFO - iter:3320/3669, clip_acc1=86.56626892089844, tta_acc1=81.38554382324219
2025-06-07 07:46:23,880 - log - INFO - iter:3320/3669, Original Acc@1: 86.57, Acc@5: 99.58, TTA Acc@1: 81.39, Acc@5: 98.98
2025-06-07 07:47:13,820 - log - INFO - iter:3340/3669, clip_acc1=86.4670639038086, tta_acc1=81.16766357421875
2025-06-07 07:47:13,820 - log - INFO - iter:3340/3669, Original Acc@1: 86.47, Acc@5: 99.58, TTA Acc@1: 81.17, Acc@5: 98.98
2025-06-07 07:48:02,899 - log - INFO - iter:3360/3669, clip_acc1=86.36904907226562, tta_acc1=80.92262268066406
2025-06-07 07:48:02,899 - log - INFO - iter:3360/3669, Original Acc@1: 86.37, Acc@5: 99.58, TTA Acc@1: 80.92, Acc@5: 98.96
2025-06-07 07:48:52,207 - log - INFO - iter:3380/3669, clip_acc1=86.27218627929688, tta_acc1=80.68047332763672
2025-06-07 07:48:52,207 - log - INFO - iter:3380/3669, Original Acc@1: 86.27, Acc@5: 99.59, TTA Acc@1: 80.68, Acc@5: 98.96
2025-06-07 07:49:41,036 - log - INFO - iter:3400/3669, clip_acc1=86.35293579101562, tta_acc1=80.79411315917969
2025-06-07 07:49:41,037 - log - INFO - iter:3400/3669, Original Acc@1: 86.35, Acc@5: 99.59, TTA Acc@1: 80.79, Acc@5: 98.97
2025-06-07 07:50:30,392 - log - INFO - iter:3420/3669, clip_acc1=86.31578826904297, tta_acc1=80.7602310180664
2025-06-07 07:50:30,393 - log - INFO - iter:3420/3669, Original Acc@1: 86.32, Acc@5: 99.59, TTA Acc@1: 80.76, Acc@5: 98.98
2025-06-07 07:51:19,098 - log - INFO - iter:3440/3669, clip_acc1=86.36627960205078, tta_acc1=80.84302520751953
2025-06-07 07:51:19,099 - log - INFO - iter:3440/3669, Original Acc@1: 86.37, Acc@5: 99.59, TTA Acc@1: 80.84, Acc@5: 98.98
2025-06-07 07:52:08,192 - log - INFO - iter:3460/3669, clip_acc1=86.38728332519531, tta_acc1=80.92485046386719
2025-06-07 07:52:08,192 - log - INFO - iter:3460/3669, Original Acc@1: 86.39, Acc@5: 99.60, TTA Acc@1: 80.92, Acc@5: 98.99
2025-06-07 07:52:56,780 - log - INFO - iter:3480/3669, clip_acc1=86.43678283691406, tta_acc1=81.00574493408203
2025-06-07 07:52:56,780 - log - INFO - iter:3480/3669, Original Acc@1: 86.44, Acc@5: 99.60, TTA Acc@1: 81.01, Acc@5: 98.97
2025-06-07 07:53:45,986 - log - INFO - iter:3500/3669, clip_acc1=86.48571014404297, tta_acc1=81.0857162475586
2025-06-07 07:53:45,986 - log - INFO - iter:3500/3669, Original Acc@1: 86.49, Acc@5: 99.60, TTA Acc@1: 81.09, Acc@5: 98.94
2025-06-07 07:54:36,018 - log - INFO - iter:3520/3669, clip_acc1=86.53408813476562, tta_acc1=81.1647720336914
2025-06-07 07:54:36,018 - log - INFO - iter:3520/3669, Original Acc@1: 86.53, Acc@5: 99.60, TTA Acc@1: 81.16, Acc@5: 98.95
2025-06-07 07:55:25,538 - log - INFO - iter:3540/3669, clip_acc1=86.61016845703125, tta_acc1=81.2429428100586
2025-06-07 07:55:25,539 - log - INFO - iter:3540/3669, Original Acc@1: 86.61, Acc@5: 99.60, TTA Acc@1: 81.24, Acc@5: 98.95
2025-06-07 07:56:15,109 - log - INFO - iter:3560/3669, clip_acc1=86.68539428710938, tta_acc1=81.34831237792969
2025-06-07 07:56:15,110 - log - INFO - iter:3560/3669, Original Acc@1: 86.69, Acc@5: 99.61, TTA Acc@1: 81.35, Acc@5: 98.96
2025-06-07 07:57:03,845 - log - INFO - iter:3580/3669, clip_acc1=86.73184204101562, tta_acc1=81.42457580566406
2025-06-07 07:57:03,845 - log - INFO - iter:3580/3669, Original Acc@1: 86.73, Acc@5: 99.61, TTA Acc@1: 81.42, Acc@5: 98.97
2025-06-07 07:57:52,861 - log - INFO - iter:3600/3669, clip_acc1=86.80555725097656, tta_acc1=81.52777862548828
2025-06-07 07:57:52,862 - log - INFO - iter:3600/3669, Original Acc@1: 86.81, Acc@5: 99.61, TTA Acc@1: 81.53, Acc@5: 98.97
2025-06-07 07:58:41,967 - log - INFO - iter:3620/3669, clip_acc1=86.87844848632812, tta_acc1=81.62982940673828
2025-06-07 07:58:41,967 - log - INFO - iter:3620/3669, Original Acc@1: 86.88, Acc@5: 99.61, TTA Acc@1: 81.63, Acc@5: 98.98
2025-06-07 07:59:31,416 - log - INFO - iter:3640/3669, clip_acc1=86.95055389404297, tta_acc1=81.73077392578125
2025-06-07 07:59:31,416 - log - INFO - iter:3640/3669, Original Acc@1: 86.95, Acc@5: 99.62, TTA Acc@1: 81.73, Acc@5: 98.98
2025-06-07 08:00:20,576 - log - INFO - iter:3660/3669, clip_acc1=86.99453735351562, tta_acc1=81.80328369140625
2025-06-07 08:00:20,576 - log - INFO - iter:3660/3669, Original Acc@1: 86.99, Acc@5: 99.62, TTA Acc@1: 81.80, Acc@5: 98.99
2025-06-07 08:00:38,802 - log - INFO - iter:3669/3669, clip_acc1=86.99918365478516, tta_acc1=81.84791564941406
2025-06-07 08:00:38,802 - log - INFO - iter:3669/3669, Original Acc@1: 87.00, Acc@5: 99.62, TTA Acc@1: 81.85, Acc@5: 98.99
2025-06-07 08:00:38,853 - log - INFO - Final results - Original Acc@1: 87.00, Acc@5: 99.62, TTA Acc@1: 81.85, Acc@5: 98.99
2025-06-07 08:00:38,853 - log - INFO - Improvement from TTA in Acc@1 -5.15, and Acc@5 -0.63
2025-06-07 08:00:39,107 - log - INFO - Weighted scores saved to /l/users/hashmat.malik/Projects/ATPT/Final_Results/fare4/Pets/Clean/Counter_Attack/Eps_4_0_Steps_0_Alpha_1_0/tau_0_2_beta_2_0_weighted_pertrubation_True/No_TPT/Inference_Ensemble_weighted_rtpt_topk_20_softmaxtemp_0_01/weighted_scores.json
2025-06-07 08:00:39,107 - log - INFO - Creating plot of average weights for each view
2025-06-07 08:00:39,324 - log - INFO - Average weights plot saved to /l/users/hashmat.malik/Projects/ATPT/Final_Results/fare4/Pets/Clean/Counter_Attack/Eps_4_0_Steps_0_Alpha_1_0/tau_0_2_beta_2_0_weighted_pertrubation_True/No_TPT/Inference_Ensemble_weighted_rtpt_topk_20_softmaxtemp_0_01/weighted_scores_plot.png
2025-06-07 08:00:39,329 - log - INFO - => Acc. on testset [Pets]: Clean Acc @1 86.99918365478516/ TTA Clean Acc @1 81.84791564941406, Clean Acc @5 99.61842346191406/ TTA Clean Acc @5 98.99154663085938
2025-06-07 08:00:39,329 - log - INFO - Total script execution time: 9065.66 seconds (151.09 minutes)
