2025-06-05 17:09:12,467 - log - INFO - ==========================================
data:/leonardo_work/EUHPC_R04_192/fmohamma/Adversarial_Robust_Clip/atpt_data/downstream_datasets
test_sets:Flower102
dataset_mode:test
arch:delta_clip_l14_224
resolution:224
workers:4
no_pin_memory:False
batch_size:64
print_freq:20
gpu:0
no_cudnn_benchmark:False
n_ctx:4
ctx_init:a_photo_of_a
tpt_loss:rtpt
seed:0
output_dir:/leonardo_work/EUHPC_R04_192/fmohamma/Adversarial_Robust_Clip/atpt_data/delta_clip_l14_224/Flower102
log_output_dir:/leonardo_work/EUHPC_R04_192/fmohamma/Adversarial_Robust_Clip/ATPT/Final_Results/delta_clip_l14_224/Flower102
eps:0.0
alpha:0.0
alpha_eps_ratio:4.0
steps:0
lr:0.005
selection_p:0.1
tta_steps:0
ensemble_type:vanilla
top_k:20
softmax_temp:0.01
counter_attack:True
counter_attack_type:pgd
counter_attack_steps:0
counter_attack_eps:4.0
counter_attack_alpha:1.0
counter_attack_tau_thres:0.2
counter_attack_beta:2.0
counter_attack_weighted_perturbations:True
pgd_clip_pure_i_text_embeddings:null
pgd_counter_and_clipure_i_lamda:1.0
selected_id_name:selected_topk.json
weighted_score_name:weighted_scores.json
batch_entropy_name:entropies.json
log_dir:/leonardo_work/EUHPC_R04_192/fmohamma/Adversarial_Robust_Clip/ATPT/Final_Results/delta_clip_l14_224/Flower102/Clean/Counter_Attack/Eps_4_0_Steps_0_Alpha_1_0/tau_0_2_beta_2_0_weighted_pertrubation_True/No_TPT/Inference_Ensemble_vanilla

2025-06-05 17:09:12,467 - log - INFO - Use GPU: 0 for training
2025-06-05 17:11:02,257 - log - INFO - Freezing all parameters except prompt learner
2025-06-05 17:11:02,259 - log - INFO - => Model created: visual backbone delta_clip_l14_224
2025-06-05 17:11:02,281 - log - INFO - Number of test samples: 2463
2025-06-05 17:11:02,281 - log - INFO - Evaluating dataset: Flower102
2025-06-05 17:11:02,282 - log - INFO - Starting evaluation with batch size: 64, selection percentage: 0.1
2025-06-05 17:11:02,283 - log - INFO - Test-time adaptation steps: 0, learning rate: 0.005
2025-06-05 17:11:02,283 - log - INFO - Using counter-attack with epsilon: 4.000000, alpha: 0.000000, steps: 0, tau_thres: 0.2, beta: 2.0, weighted perturbation: True
2025-06-05 17:11:41,845 - log - INFO - iter:20/2463, clip_acc1=100.0, tta_acc1=100.0
2025-06-05 17:11:41,846 - log - INFO - iter:20/2463, Original Acc@1: 100.00, Acc@5: 100.00, TTA Acc@1: 100.00, Acc@5: 100.00
2025-06-05 17:12:18,009 - log - INFO - iter:40/2463, clip_acc1=100.0, tta_acc1=100.0
2025-06-05 17:12:18,010 - log - INFO - iter:40/2463, Original Acc@1: 100.00, Acc@5: 100.00, TTA Acc@1: 100.00, Acc@5: 100.00
2025-06-05 17:12:54,137 - log - INFO - iter:60/2463, clip_acc1=100.00000762939453, tta_acc1=100.00000762939453
2025-06-05 17:12:54,137 - log - INFO - iter:60/2463, Original Acc@1: 100.00, Acc@5: 100.00, TTA Acc@1: 100.00, Acc@5: 100.00
2025-06-05 17:13:30,129 - log - INFO - iter:80/2463, clip_acc1=100.0, tta_acc1=97.5
2025-06-05 17:13:30,129 - log - INFO - iter:80/2463, Original Acc@1: 100.00, Acc@5: 100.00, TTA Acc@1: 97.50, Acc@5: 100.00
2025-06-05 17:14:06,374 - log - INFO - iter:100/2463, clip_acc1=100.0, tta_acc1=96.0
2025-06-05 17:14:06,374 - log - INFO - iter:100/2463, Original Acc@1: 100.00, Acc@5: 100.00, TTA Acc@1: 96.00, Acc@5: 100.00
2025-06-05 17:14:42,631 - log - INFO - iter:120/2463, clip_acc1=100.00000762939453, tta_acc1=94.16667175292969
2025-06-05 17:14:42,631 - log - INFO - iter:120/2463, Original Acc@1: 100.00, Acc@5: 100.00, TTA Acc@1: 94.17, Acc@5: 100.00
2025-06-05 17:15:18,844 - log - INFO - iter:140/2463, clip_acc1=99.28571319580078, tta_acc1=92.14286041259766
2025-06-05 17:15:18,845 - log - INFO - iter:140/2463, Original Acc@1: 99.29, Acc@5: 100.00, TTA Acc@1: 92.14, Acc@5: 100.00
2025-06-05 17:15:55,073 - log - INFO - iter:160/2463, clip_acc1=98.75, tta_acc1=91.25
2025-06-05 17:15:55,073 - log - INFO - iter:160/2463, Original Acc@1: 98.75, Acc@5: 100.00, TTA Acc@1: 91.25, Acc@5: 100.00
2025-06-05 17:16:31,184 - log - INFO - iter:180/2463, clip_acc1=96.66667175292969, tta_acc1=88.8888931274414
2025-06-05 17:16:31,185 - log - INFO - iter:180/2463, Original Acc@1: 96.67, Acc@5: 99.44, TTA Acc@1: 88.89, Acc@5: 99.44
2025-06-05 17:17:07,307 - log - INFO - iter:200/2463, clip_acc1=87.0, tta_acc1=80.0
2025-06-05 17:17:07,307 - log - INFO - iter:200/2463, Original Acc@1: 87.00, Acc@5: 89.50, TTA Acc@1: 80.00, Acc@5: 89.50
2025-06-05 17:17:43,356 - log - INFO - iter:220/2463, clip_acc1=79.09090423583984, tta_acc1=72.7272720336914
2025-06-05 17:17:43,356 - log - INFO - iter:220/2463, Original Acc@1: 79.09, Acc@5: 81.36, TTA Acc@1: 72.73, Acc@5: 81.36
2025-06-05 17:18:19,158 - log - INFO - iter:240/2463, clip_acc1=75.00000762939453, tta_acc1=69.16667175292969
2025-06-05 17:18:19,158 - log - INFO - iter:240/2463, Original Acc@1: 75.00, Acc@5: 77.08, TTA Acc@1: 69.17, Acc@5: 77.08
2025-06-05 17:18:55,062 - log - INFO - iter:260/2463, clip_acc1=76.92308044433594, tta_acc1=71.53845977783203
2025-06-05 17:18:55,063 - log - INFO - iter:260/2463, Original Acc@1: 76.92, Acc@5: 78.85, TTA Acc@1: 71.54, Acc@5: 78.85
2025-06-05 17:19:30,931 - log - INFO - iter:280/2463, clip_acc1=78.57142639160156, tta_acc1=73.21428680419922
2025-06-05 17:19:30,931 - log - INFO - iter:280/2463, Original Acc@1: 78.57, Acc@5: 80.36, TTA Acc@1: 73.21, Acc@5: 80.36
2025-06-05 17:20:06,839 - log - INFO - iter:300/2463, clip_acc1=74.66667175292969, tta_acc1=69.66667175292969
2025-06-05 17:20:06,839 - log - INFO - iter:300/2463, Original Acc@1: 74.67, Acc@5: 79.33, TTA Acc@1: 69.67, Acc@5: 77.67
2025-06-05 17:20:42,768 - log - INFO - iter:320/2463, clip_acc1=70.0, tta_acc1=65.3125
2025-06-05 17:20:42,768 - log - INFO - iter:320/2463, Original Acc@1: 70.00, Acc@5: 78.12, TTA Acc@1: 65.31, Acc@5: 73.75
2025-06-05 17:21:18,796 - log - INFO - iter:340/2463, clip_acc1=65.88235473632812, tta_acc1=61.47058868408203
2025-06-05 17:21:18,797 - log - INFO - iter:340/2463, Original Acc@1: 65.88, Acc@5: 77.65, TTA Acc@1: 61.47, Acc@5: 71.76
2025-06-05 17:21:54,705 - log - INFO - iter:360/2463, clip_acc1=66.66667175292969, tta_acc1=62.77777862548828
2025-06-05 17:21:54,705 - log - INFO - iter:360/2463, Original Acc@1: 66.67, Acc@5: 78.61, TTA Acc@1: 62.78, Acc@5: 72.50
2025-06-05 17:22:30,491 - log - INFO - iter:380/2463, clip_acc1=67.89473724365234, tta_acc1=64.73684692382812
2025-06-05 17:22:30,491 - log - INFO - iter:380/2463, Original Acc@1: 67.89, Acc@5: 79.74, TTA Acc@1: 64.74, Acc@5: 73.95
2025-06-05 17:23:06,395 - log - INFO - iter:400/2463, clip_acc1=68.25, tta_acc1=65.5
2025-06-05 17:23:06,395 - log - INFO - iter:400/2463, Original Acc@1: 68.25, Acc@5: 80.75, TTA Acc@1: 65.50, Acc@5: 75.25
2025-06-05 17:23:44,579 - log - INFO - iter:420/2463, clip_acc1=65.23809814453125, tta_acc1=63.57143020629883
2025-06-05 17:23:44,579 - log - INFO - iter:420/2463, Original Acc@1: 65.24, Acc@5: 81.67, TTA Acc@1: 63.57, Acc@5: 75.95
2025-06-05 17:24:20,711 - log - INFO - iter:440/2463, clip_acc1=62.499996185302734, tta_acc1=61.3636360168457
2025-06-05 17:24:20,712 - log - INFO - iter:440/2463, Original Acc@1: 62.50, Acc@5: 82.27, TTA Acc@1: 61.36, Acc@5: 77.05
2025-06-05 17:24:56,456 - log - INFO - iter:460/2463, clip_acc1=60.21738815307617, tta_acc1=59.999996185302734
2025-06-05 17:24:56,456 - log - INFO - iter:460/2463, Original Acc@1: 60.22, Acc@5: 83.04, TTA Acc@1: 60.00, Acc@5: 78.04
2025-06-05 17:25:32,367 - log - INFO - iter:480/2463, clip_acc1=60.000003814697266, tta_acc1=59.79166793823242
2025-06-05 17:25:32,367 - log - INFO - iter:480/2463, Original Acc@1: 60.00, Acc@5: 83.54, TTA Acc@1: 59.79, Acc@5: 78.75
2025-06-05 17:26:08,297 - log - INFO - iter:500/2463, clip_acc1=61.60000228881836, tta_acc1=61.400001525878906
2025-06-05 17:26:08,297 - log - INFO - iter:500/2463, Original Acc@1: 61.60, Acc@5: 84.20, TTA Acc@1: 61.40, Acc@5: 79.60
2025-06-05 17:26:44,324 - log - INFO - iter:520/2463, clip_acc1=63.07692337036133, tta_acc1=62.88461685180664
2025-06-05 17:26:44,324 - log - INFO - iter:520/2463, Original Acc@1: 63.08, Acc@5: 84.81, TTA Acc@1: 62.88, Acc@5: 80.38
2025-06-05 17:27:20,370 - log - INFO - iter:540/2463, clip_acc1=64.44444274902344, tta_acc1=64.0740737915039
2025-06-05 17:27:20,370 - log - INFO - iter:540/2463, Original Acc@1: 64.44, Acc@5: 85.37, TTA Acc@1: 64.07, Acc@5: 81.11
2025-06-05 17:27:56,230 - log - INFO - iter:560/2463, clip_acc1=65.53571319580078, tta_acc1=65.17857360839844
2025-06-05 17:27:56,231 - log - INFO - iter:560/2463, Original Acc@1: 65.54, Acc@5: 85.89, TTA Acc@1: 65.18, Acc@5: 81.79
2025-06-05 17:28:32,253 - log - INFO - iter:580/2463, clip_acc1=66.72413635253906, tta_acc1=66.20689392089844
2025-06-05 17:28:32,253 - log - INFO - iter:580/2463, Original Acc@1: 66.72, Acc@5: 86.38, TTA Acc@1: 66.21, Acc@5: 82.41
2025-06-05 17:29:08,121 - log - INFO - iter:600/2463, clip_acc1=67.83333587646484, tta_acc1=67.33333587646484
2025-06-05 17:29:08,121 - log - INFO - iter:600/2463, Original Acc@1: 67.83, Acc@5: 86.83, TTA Acc@1: 67.33, Acc@5: 83.00
2025-06-05 17:29:44,117 - log - INFO - iter:620/2463, clip_acc1=68.70967864990234, tta_acc1=68.2258071899414
2025-06-05 17:29:44,117 - log - INFO - iter:620/2463, Original Acc@1: 68.71, Acc@5: 87.26, TTA Acc@1: 68.23, Acc@5: 83.55
2025-06-05 17:30:20,247 - log - INFO - iter:640/2463, clip_acc1=69.6875, tta_acc1=69.21875
2025-06-05 17:30:20,247 - log - INFO - iter:640/2463, Original Acc@1: 69.69, Acc@5: 87.66, TTA Acc@1: 69.22, Acc@5: 84.06
2025-06-05 17:30:56,291 - log - INFO - iter:660/2463, clip_acc1=68.48484802246094, tta_acc1=68.03030395507812
2025-06-05 17:30:56,292 - log - INFO - iter:660/2463, Original Acc@1: 68.48, Acc@5: 85.91, TTA Acc@1: 68.03, Acc@5: 82.42
2025-06-05 17:31:32,051 - log - INFO - iter:680/2463, clip_acc1=66.47058868408203, tta_acc1=66.02941131591797
2025-06-05 17:31:32,052 - log - INFO - iter:680/2463, Original Acc@1: 66.47, Acc@5: 83.53, TTA Acc@1: 66.03, Acc@5: 80.15
2025-06-05 17:32:08,035 - log - INFO - iter:700/2463, clip_acc1=64.71428680419922, tta_acc1=64.28571319580078
2025-06-05 17:32:08,036 - log - INFO - iter:700/2463, Original Acc@1: 64.71, Acc@5: 83.00, TTA Acc@1: 64.29, Acc@5: 79.57
2025-06-05 17:32:44,045 - log - INFO - iter:720/2463, clip_acc1=63.05555725097656, tta_acc1=62.5
2025-06-05 17:32:44,045 - log - INFO - iter:720/2463, Original Acc@1: 63.06, Acc@5: 82.78, TTA Acc@1: 62.50, Acc@5: 79.31
2025-06-05 17:33:20,003 - log - INFO - iter:740/2463, clip_acc1=61.35135269165039, tta_acc1=60.810813903808594
2025-06-05 17:33:20,003 - log - INFO - iter:740/2463, Original Acc@1: 61.35, Acc@5: 80.68, TTA Acc@1: 60.81, Acc@5: 77.30
2025-06-05 17:33:56,053 - log - INFO - iter:760/2463, clip_acc1=59.86842346191406, tta_acc1=59.34210968017578
2025-06-05 17:33:56,053 - log - INFO - iter:760/2463, Original Acc@1: 59.87, Acc@5: 78.68, TTA Acc@1: 59.34, Acc@5: 75.39
2025-06-05 17:34:31,897 - log - INFO - iter:780/2463, clip_acc1=60.897438049316406, tta_acc1=60.38461685180664
2025-06-05 17:34:31,897 - log - INFO - iter:780/2463, Original Acc@1: 60.90, Acc@5: 79.23, TTA Acc@1: 60.38, Acc@5: 76.03
2025-06-05 17:35:07,677 - log - INFO - iter:800/2463, clip_acc1=61.75, tta_acc1=61.25
2025-06-05 17:35:07,677 - log - INFO - iter:800/2463, Original Acc@1: 61.75, Acc@5: 79.75, TTA Acc@1: 61.25, Acc@5: 76.50
2025-06-05 17:35:43,768 - log - INFO - iter:820/2463, clip_acc1=62.682926177978516, tta_acc1=61.95122146606445
2025-06-05 17:35:43,768 - log - INFO - iter:820/2463, Original Acc@1: 62.68, Acc@5: 80.24, TTA Acc@1: 61.95, Acc@5: 77.07
2025-06-05 17:36:19,876 - log - INFO - iter:840/2463, clip_acc1=63.57143020629883, tta_acc1=62.73809814453125
2025-06-05 17:36:19,876 - log - INFO - iter:840/2463, Original Acc@1: 63.57, Acc@5: 80.71, TTA Acc@1: 62.74, Acc@5: 77.62
2025-06-05 17:36:55,806 - log - INFO - iter:860/2463, clip_acc1=63.372093200683594, tta_acc1=62.44186019897461
2025-06-05 17:36:55,806 - log - INFO - iter:860/2463, Original Acc@1: 63.37, Acc@5: 80.12, TTA Acc@1: 62.44, Acc@5: 77.09
2025-06-05 17:37:31,834 - log - INFO - iter:880/2463, clip_acc1=61.93181610107422, tta_acc1=61.02272415161133
2025-06-05 17:37:31,834 - log - INFO - iter:880/2463, Original Acc@1: 61.93, Acc@5: 78.30, TTA Acc@1: 61.02, Acc@5: 75.34
2025-06-05 17:38:07,752 - log - INFO - iter:900/2463, clip_acc1=60.55555725097656, tta_acc1=59.66666793823242
2025-06-05 17:38:07,753 - log - INFO - iter:900/2463, Original Acc@1: 60.56, Acc@5: 76.67, TTA Acc@1: 59.67, Acc@5: 73.67
2025-06-05 17:38:43,742 - log - INFO - iter:920/2463, clip_acc1=61.304344177246094, tta_acc1=60.43478012084961
2025-06-05 17:38:43,742 - log - INFO - iter:920/2463, Original Acc@1: 61.30, Acc@5: 77.07, TTA Acc@1: 60.43, Acc@5: 74.13
2025-06-05 17:39:19,741 - log - INFO - iter:940/2463, clip_acc1=62.12765884399414, tta_acc1=61.27659225463867
2025-06-05 17:39:19,741 - log - INFO - iter:940/2463, Original Acc@1: 62.13, Acc@5: 77.55, TTA Acc@1: 61.28, Acc@5: 74.68
2025-06-05 17:39:55,603 - log - INFO - iter:960/2463, clip_acc1=62.812503814697266, tta_acc1=61.875003814697266
2025-06-05 17:39:55,603 - log - INFO - iter:960/2463, Original Acc@1: 62.81, Acc@5: 78.02, TTA Acc@1: 61.88, Acc@5: 75.10
2025-06-05 17:40:31,435 - log - INFO - iter:980/2463, clip_acc1=63.16326141357422, tta_acc1=62.142852783203125
2025-06-05 17:40:31,435 - log - INFO - iter:980/2463, Original Acc@1: 63.16, Acc@5: 78.47, TTA Acc@1: 62.14, Acc@5: 75.51
2025-06-05 17:41:07,330 - log - INFO - iter:1000/2463, clip_acc1=63.60000228881836, tta_acc1=62.70000457763672
2025-06-05 17:41:07,331 - log - INFO - iter:1000/2463, Original Acc@1: 63.60, Acc@5: 78.90, TTA Acc@1: 62.70, Acc@5: 76.00
2025-06-05 17:41:43,323 - log - INFO - iter:1020/2463, clip_acc1=64.31372833251953, tta_acc1=63.43137741088867
2025-06-05 17:41:43,324 - log - INFO - iter:1020/2463, Original Acc@1: 64.31, Acc@5: 79.31, TTA Acc@1: 63.43, Acc@5: 76.47
2025-06-05 17:42:19,240 - log - INFO - iter:1040/2463, clip_acc1=65.0, tta_acc1=64.03845977783203
2025-06-05 17:42:19,240 - log - INFO - iter:1040/2463, Original Acc@1: 65.00, Acc@5: 79.71, TTA Acc@1: 64.04, Acc@5: 76.92
2025-06-05 17:42:55,287 - log - INFO - iter:1060/2463, clip_acc1=65.5660400390625, tta_acc1=64.3396224975586
2025-06-05 17:42:55,288 - log - INFO - iter:1060/2463, Original Acc@1: 65.57, Acc@5: 80.09, TTA Acc@1: 64.34, Acc@5: 77.26
2025-06-05 17:43:31,211 - log - INFO - iter:1080/2463, clip_acc1=64.72222137451172, tta_acc1=63.33333206176758
2025-06-05 17:43:31,211 - log - INFO - iter:1080/2463, Original Acc@1: 64.72, Acc@5: 80.00, TTA Acc@1: 63.33, Acc@5: 76.48
2025-06-05 17:44:07,181 - log - INFO - iter:1100/2463, clip_acc1=64.54545593261719, tta_acc1=63.09090805053711
2025-06-05 17:44:07,181 - log - INFO - iter:1100/2463, Original Acc@1: 64.55, Acc@5: 80.27, TTA Acc@1: 63.09, Acc@5: 76.64
2025-06-05 17:44:43,087 - log - INFO - iter:1120/2463, clip_acc1=65.08928680419922, tta_acc1=63.48214340209961
2025-06-05 17:44:43,088 - log - INFO - iter:1120/2463, Original Acc@1: 65.09, Acc@5: 80.62, TTA Acc@1: 63.48, Acc@5: 77.05
2025-06-05 17:45:19,117 - log - INFO - iter:1140/2463, clip_acc1=65.35087585449219, tta_acc1=63.596492767333984
2025-06-05 17:45:19,118 - log - INFO - iter:1140/2463, Original Acc@1: 65.35, Acc@5: 80.96, TTA Acc@1: 63.60, Acc@5: 77.28
2025-06-05 17:45:55,178 - log - INFO - iter:1160/2463, clip_acc1=64.74137878417969, tta_acc1=62.67241287231445
2025-06-05 17:45:55,178 - log - INFO - iter:1160/2463, Original Acc@1: 64.74, Acc@5: 80.17, TTA Acc@1: 62.67, Acc@5: 76.47
2025-06-05 17:46:31,221 - log - INFO - iter:1180/2463, clip_acc1=63.72881317138672, tta_acc1=61.694915771484375
2025-06-05 17:46:31,221 - log - INFO - iter:1180/2463, Original Acc@1: 63.73, Acc@5: 78.90, TTA Acc@1: 61.69, Acc@5: 75.25
2025-06-05 17:47:07,041 - log - INFO - iter:1200/2463, clip_acc1=64.33333587646484, tta_acc1=62.333335876464844
2025-06-05 17:47:07,042 - log - INFO - iter:1200/2463, Original Acc@1: 64.33, Acc@5: 79.25, TTA Acc@1: 62.33, Acc@5: 75.67
2025-06-05 17:47:42,959 - log - INFO - iter:1220/2463, clip_acc1=63.68852615356445, tta_acc1=61.721309661865234
2025-06-05 17:47:42,960 - log - INFO - iter:1220/2463, Original Acc@1: 63.69, Acc@5: 78.36, TTA Acc@1: 61.72, Acc@5: 74.84
2025-06-05 17:48:18,986 - log - INFO - iter:1240/2463, clip_acc1=63.06451416015625, tta_acc1=61.04838562011719
2025-06-05 17:48:18,986 - log - INFO - iter:1240/2463, Original Acc@1: 63.06, Acc@5: 77.82, TTA Acc@1: 61.05, Acc@5: 74.35
2025-06-05 17:48:54,984 - log - INFO - iter:1260/2463, clip_acc1=63.015872955322266, tta_acc1=60.9523811340332
2025-06-05 17:48:54,984 - log - INFO - iter:1260/2463, Original Acc@1: 63.02, Acc@5: 78.17, TTA Acc@1: 60.95, Acc@5: 74.76
2025-06-05 17:49:30,884 - log - INFO - iter:1280/2463, clip_acc1=63.59375, tta_acc1=61.5625
2025-06-05 17:49:30,884 - log - INFO - iter:1280/2463, Original Acc@1: 63.59, Acc@5: 78.52, TTA Acc@1: 61.56, Acc@5: 75.16
2025-06-05 17:50:06,962 - log - INFO - iter:1300/2463, clip_acc1=64.0, tta_acc1=62.0
2025-06-05 17:50:06,962 - log - INFO - iter:1300/2463, Original Acc@1: 64.00, Acc@5: 78.85, TTA Acc@1: 62.00, Acc@5: 75.54
2025-06-05 17:50:43,031 - log - INFO - iter:1320/2463, clip_acc1=64.24242401123047, tta_acc1=61.969696044921875
2025-06-05 17:50:43,032 - log - INFO - iter:1320/2463, Original Acc@1: 64.24, Acc@5: 79.17, TTA Acc@1: 61.97, Acc@5: 75.91
2025-06-05 17:51:19,096 - log - INFO - iter:1340/2463, clip_acc1=64.17910766601562, tta_acc1=61.49253845214844
2025-06-05 17:51:19,096 - log - INFO - iter:1340/2463, Original Acc@1: 64.18, Acc@5: 79.48, TTA Acc@1: 61.49, Acc@5: 76.19
2025-06-05 17:51:55,086 - log - INFO - iter:1360/2463, clip_acc1=64.19117736816406, tta_acc1=61.47058868408203
2025-06-05 17:51:55,086 - log - INFO - iter:1360/2463, Original Acc@1: 64.19, Acc@5: 79.78, TTA Acc@1: 61.47, Acc@5: 76.40
2025-06-05 17:52:30,945 - log - INFO - iter:1380/2463, clip_acc1=64.71014404296875, tta_acc1=61.95652389526367
2025-06-05 17:52:30,945 - log - INFO - iter:1380/2463, Original Acc@1: 64.71, Acc@5: 80.07, TTA Acc@1: 61.96, Acc@5: 76.74
2025-06-05 17:53:07,008 - log - INFO - iter:1400/2463, clip_acc1=65.14285278320312, tta_acc1=62.35714340209961
2025-06-05 17:53:07,008 - log - INFO - iter:1400/2463, Original Acc@1: 65.14, Acc@5: 80.36, TTA Acc@1: 62.36, Acc@5: 77.00
2025-06-05 17:53:42,993 - log - INFO - iter:1420/2463, clip_acc1=65.35211181640625, tta_acc1=62.60563278198242
2025-06-05 17:53:42,993 - log - INFO - iter:1420/2463, Original Acc@1: 65.35, Acc@5: 80.35, TTA Acc@1: 62.61, Acc@5: 77.04
2025-06-05 17:54:18,878 - log - INFO - iter:1440/2463, clip_acc1=64.44444274902344, tta_acc1=61.736114501953125
2025-06-05 17:54:18,879 - log - INFO - iter:1440/2463, Original Acc@1: 64.44, Acc@5: 79.44, TTA Acc@1: 61.74, Acc@5: 76.18
2025-06-05 17:54:54,751 - log - INFO - iter:1460/2463, clip_acc1=63.904109954833984, tta_acc1=61.232879638671875
2025-06-05 17:54:54,752 - log - INFO - iter:1460/2463, Original Acc@1: 63.90, Acc@5: 79.45, TTA Acc@1: 61.23, Acc@5: 75.82
2025-06-05 17:55:30,641 - log - INFO - iter:1480/2463, clip_acc1=64.39189147949219, tta_acc1=61.75675964355469
2025-06-05 17:55:30,642 - log - INFO - iter:1480/2463, Original Acc@1: 64.39, Acc@5: 79.73, TTA Acc@1: 61.76, Acc@5: 76.15
2025-06-05 17:56:06,663 - log - INFO - iter:1500/2463, clip_acc1=64.5999984741211, tta_acc1=62.06666564941406
2025-06-05 17:56:06,663 - log - INFO - iter:1500/2463, Original Acc@1: 64.60, Acc@5: 80.00, TTA Acc@1: 62.07, Acc@5: 76.47
2025-06-05 17:56:42,756 - log - INFO - iter:1520/2463, clip_acc1=63.94737243652344, tta_acc1=61.90789794921875
2025-06-05 17:56:42,756 - log - INFO - iter:1520/2463, Original Acc@1: 63.95, Acc@5: 80.20, TTA Acc@1: 61.91, Acc@5: 76.71
2025-06-05 17:57:18,603 - log - INFO - iter:1540/2463, clip_acc1=63.506492614746094, tta_acc1=61.623374938964844
2025-06-05 17:57:18,603 - log - INFO - iter:1540/2463, Original Acc@1: 63.51, Acc@5: 80.45, TTA Acc@1: 61.62, Acc@5: 77.01
2025-06-05 17:57:54,460 - log - INFO - iter:1560/2463, clip_acc1=62.82051467895508, tta_acc1=60.833335876464844
2025-06-05 17:57:54,461 - log - INFO - iter:1560/2463, Original Acc@1: 62.82, Acc@5: 80.71, TTA Acc@1: 60.83, Acc@5: 77.24
2025-06-05 17:58:30,428 - log - INFO - iter:1580/2463, clip_acc1=62.21519088745117, tta_acc1=60.126583099365234
2025-06-05 17:58:30,428 - log - INFO - iter:1580/2463, Original Acc@1: 62.22, Acc@5: 80.95, TTA Acc@1: 60.13, Acc@5: 77.47
2025-06-05 17:59:06,461 - log - INFO - iter:1600/2463, clip_acc1=61.5625, tta_acc1=59.375
2025-06-05 17:59:06,461 - log - INFO - iter:1600/2463, Original Acc@1: 61.56, Acc@5: 81.12, TTA Acc@1: 59.38, Acc@5: 77.62
2025-06-05 17:59:42,525 - log - INFO - iter:1620/2463, clip_acc1=60.92593002319336, tta_acc1=58.82716369628906
2025-06-05 17:59:42,526 - log - INFO - iter:1620/2463, Original Acc@1: 60.93, Acc@5: 81.23, TTA Acc@1: 58.83, Acc@5: 77.53
2025-06-05 18:00:18,500 - log - INFO - iter:1640/2463, clip_acc1=61.219512939453125, tta_acc1=59.085365295410156
2025-06-05 18:00:18,500 - log - INFO - iter:1640/2463, Original Acc@1: 61.22, Acc@5: 81.46, TTA Acc@1: 59.09, Acc@5: 77.74
2025-06-05 18:00:54,386 - log - INFO - iter:1660/2463, clip_acc1=61.68674850463867, tta_acc1=59.57831573486328
2025-06-05 18:00:54,387 - log - INFO - iter:1660/2463, Original Acc@1: 61.69, Acc@5: 81.69, TTA Acc@1: 59.58, Acc@5: 78.01
2025-06-05 18:01:30,158 - log - INFO - iter:1680/2463, clip_acc1=61.96428680419922, tta_acc1=59.88095474243164
2025-06-05 18:01:30,159 - log - INFO - iter:1680/2463, Original Acc@1: 61.96, Acc@5: 81.90, TTA Acc@1: 59.88, Acc@5: 78.27
2025-06-05 18:02:05,987 - log - INFO - iter:1700/2463, clip_acc1=62.29411697387695, tta_acc1=59.999996185302734
2025-06-05 18:02:05,988 - log - INFO - iter:1700/2463, Original Acc@1: 62.29, Acc@5: 82.12, TTA Acc@1: 60.00, Acc@5: 78.53
2025-06-05 18:02:41,906 - log - INFO - iter:1720/2463, clip_acc1=62.32558059692383, tta_acc1=60.0
2025-06-05 18:02:41,906 - log - INFO - iter:1720/2463, Original Acc@1: 62.33, Acc@5: 82.33, TTA Acc@1: 60.00, Acc@5: 78.72
2025-06-05 18:03:18,034 - log - INFO - iter:1740/2463, clip_acc1=62.75862121582031, tta_acc1=60.45977020263672
2025-06-05 18:03:18,034 - log - INFO - iter:1740/2463, Original Acc@1: 62.76, Acc@5: 82.53, TTA Acc@1: 60.46, Acc@5: 78.97
2025-06-05 18:03:53,951 - log - INFO - iter:1760/2463, clip_acc1=62.55681610107422, tta_acc1=60.227272033691406
2025-06-05 18:03:53,951 - log - INFO - iter:1760/2463, Original Acc@1: 62.56, Acc@5: 82.56, TTA Acc@1: 60.23, Acc@5: 79.03
2025-06-05 18:04:29,915 - log - INFO - iter:1780/2463, clip_acc1=62.69662857055664, tta_acc1=60.39325714111328
2025-06-05 18:04:29,915 - log - INFO - iter:1780/2463, Original Acc@1: 62.70, Acc@5: 82.70, TTA Acc@1: 60.39, Acc@5: 79.16
2025-06-05 18:05:05,952 - log - INFO - iter:1800/2463, clip_acc1=62.77777862548828, tta_acc1=60.5
2025-06-05 18:05:05,952 - log - INFO - iter:1800/2463, Original Acc@1: 62.78, Acc@5: 82.89, TTA Acc@1: 60.50, Acc@5: 79.39
2025-06-05 18:05:41,904 - log - INFO - iter:1820/2463, clip_acc1=62.19780349731445, tta_acc1=59.9450569152832
2025-06-05 18:05:41,904 - log - INFO - iter:1820/2463, Original Acc@1: 62.20, Acc@5: 82.69, TTA Acc@1: 59.95, Acc@5: 79.23
2025-06-05 18:06:17,863 - log - INFO - iter:1840/2463, clip_acc1=62.22825622558594, tta_acc1=59.999996185302734
2025-06-05 18:06:17,864 - log - INFO - iter:1840/2463, Original Acc@1: 62.23, Acc@5: 82.50, TTA Acc@1: 60.00, Acc@5: 79.08
2025-06-05 18:06:53,746 - log - INFO - iter:1860/2463, clip_acc1=61.72043228149414, tta_acc1=59.46236801147461
2025-06-05 18:06:53,746 - log - INFO - iter:1860/2463, Original Acc@1: 61.72, Acc@5: 81.83, TTA Acc@1: 59.46, Acc@5: 78.44
2025-06-05 18:07:29,579 - log - INFO - iter:1880/2463, clip_acc1=61.86170196533203, tta_acc1=59.574466705322266
2025-06-05 18:07:29,579 - log - INFO - iter:1880/2463, Original Acc@1: 61.86, Acc@5: 82.02, TTA Acc@1: 59.57, Acc@5: 78.67
2025-06-05 18:08:05,538 - log - INFO - iter:1900/2463, clip_acc1=61.57894515991211, tta_acc1=59.31578826904297
2025-06-05 18:08:05,538 - log - INFO - iter:1900/2463, Original Acc@1: 61.58, Acc@5: 81.53, TTA Acc@1: 59.32, Acc@5: 78.21
2025-06-05 18:08:41,521 - log - INFO - iter:1920/2463, clip_acc1=61.875003814697266, tta_acc1=59.63541793823242
2025-06-05 18:08:41,521 - log - INFO - iter:1920/2463, Original Acc@1: 61.88, Acc@5: 81.61, TTA Acc@1: 59.64, Acc@5: 78.33
2025-06-05 18:09:17,627 - log - INFO - iter:1940/2463, clip_acc1=62.268043518066406, tta_acc1=60.05154800415039
2025-06-05 18:09:17,627 - log - INFO - iter:1940/2463, Original Acc@1: 62.27, Acc@5: 81.80, TTA Acc@1: 60.05, Acc@5: 78.56
2025-06-05 18:09:54,573 - log - INFO - iter:1960/2463, clip_acc1=62.448978424072266, tta_acc1=60.30611801147461
2025-06-05 18:09:54,574 - log - INFO - iter:1960/2463, Original Acc@1: 62.45, Acc@5: 81.99, TTA Acc@1: 60.31, Acc@5: 78.72
