2025-06-04 13:29:37,190 - log - INFO - ==========================================
data:/leonardo_work/EUHPC_R04_192/fmohamma/Adversarial_Robust_Clip/atpt_data/downstream_datasets
test_sets:Caltech101
dataset_mode:test
arch:delta_clip_l14_224
resolution:224
workers:4
no_pin_memory:False
batch_size:64
print_freq:20
gpu:0
no_cudnn_benchmark:False
n_ctx:4
ctx_init:a_photo_of_a
tpt_loss:rtpt
seed:0
output_dir:/leonardo_work/EUHPC_R04_192/fmohamma/Adversarial_Robust_Clip/atpt_data/delta_clip_l14_224/Caltech101
log_output_dir:/leonardo_work/EUHPC_R04_192/fmohamma/Adversarial_Robust_Clip/ATPT/Final_Results/delta_clip_l14_224/Caltech101
eps:0.0
alpha:0.0
alpha_eps_ratio:4.0
steps:0
lr:0.005
selection_p:0.1
tta_steps:0
ensemble_type:weighted_rtpt
top_k:20
softmax_temp:0.01
counter_attack:True
counter_attack_type:pgd
counter_attack_steps:0
counter_attack_eps:2.0
counter_attack_alpha:1.0
counter_attack_tau_thres:0.2
counter_attack_beta:2.0
counter_attack_weighted_perturbations:True
pgd_clip_pure_i_text_embeddings:null
pgd_counter_and_clipure_i_lamda:1.0
selected_id_name:selected_topk.json
weighted_score_name:weighted_scores.json
batch_entropy_name:entropies.json
log_dir:/leonardo_work/EUHPC_R04_192/fmohamma/Adversarial_Robust_Clip/ATPT/Final_Results/delta_clip_l14_224/Caltech101/Clean/Counter_Attack/Eps_2_0_Steps_0_Alpha_1_0/tau_0_2_beta_2_0_weighted_pertrubation_True/No_TPT/Inference_Ensemble_weighted_rtpt_topk_20_softmaxtemp_0_01

2025-06-04 13:29:37,191 - log - INFO - Use GPU: 0 for training
2025-06-04 13:31:20,776 - log - INFO - Freezing all parameters except prompt learner
2025-06-04 13:31:20,777 - log - INFO - => Model created: visual backbone delta_clip_l14_224
2025-06-04 13:31:21,021 - log - INFO - Number of test samples: 2465
2025-06-04 13:31:21,022 - log - INFO - Evaluating dataset: Caltech101
2025-06-04 13:31:21,023 - log - INFO - Starting evaluation with batch size: 64, selection percentage: 0.1
2025-06-04 13:31:21,023 - log - INFO - Test-time adaptation steps: 0, learning rate: 0.005
2025-06-04 13:31:21,023 - log - INFO - Using counter-attack with epsilon: 2.000000, alpha: 0.000000, steps: 0, tau_thres: 0.2, beta: 2.0, weighted perturbation: True
2025-06-04 13:32:22,988 - log - INFO - iter:20/2465, clip_acc1=90.0, tta_acc1=90.0
2025-06-04 13:32:22,988 - log - INFO - iter:20/2465, Original Acc@1: 90.00, Acc@5: 100.00, TTA Acc@1: 90.00, Acc@5: 100.00
2025-06-04 13:33:05,678 - log - INFO - iter:40/2465, clip_acc1=85.0, tta_acc1=95.0
2025-06-04 13:33:05,688 - log - INFO - iter:40/2465, Original Acc@1: 85.00, Acc@5: 97.50, TTA Acc@1: 95.00, Acc@5: 100.00
2025-06-04 13:33:48,239 - log - INFO - iter:60/2465, clip_acc1=83.33333587646484, tta_acc1=95.00000762939453
2025-06-04 13:33:48,239 - log - INFO - iter:60/2465, Original Acc@1: 83.33, Acc@5: 98.33, TTA Acc@1: 95.00, Acc@5: 100.00
2025-06-04 13:34:30,765 - log - INFO - iter:80/2465, clip_acc1=83.75, tta_acc1=96.25
2025-06-04 13:34:30,766 - log - INFO - iter:80/2465, Original Acc@1: 83.75, Acc@5: 98.75, TTA Acc@1: 96.25, Acc@5: 100.00
2025-06-04 13:35:13,385 - log - INFO - iter:100/2465, clip_acc1=83.0, tta_acc1=95.0
2025-06-04 13:35:13,385 - log - INFO - iter:100/2465, Original Acc@1: 83.00, Acc@5: 98.00, TTA Acc@1: 95.00, Acc@5: 100.00
2025-06-04 13:35:56,044 - log - INFO - iter:120/2465, clip_acc1=85.83333587646484, tta_acc1=95.83333587646484
2025-06-04 13:35:56,045 - log - INFO - iter:120/2465, Original Acc@1: 85.83, Acc@5: 98.33, TTA Acc@1: 95.83, Acc@5: 100.00
2025-06-04 13:36:38,237 - log - INFO - iter:140/2465, clip_acc1=86.42857360839844, tta_acc1=95.71428680419922
2025-06-04 13:36:38,237 - log - INFO - iter:140/2465, Original Acc@1: 86.43, Acc@5: 98.57, TTA Acc@1: 95.71, Acc@5: 100.00
2025-06-04 13:37:20,396 - log - INFO - iter:160/2465, clip_acc1=88.125, tta_acc1=95.625
2025-06-04 13:37:20,396 - log - INFO - iter:160/2465, Original Acc@1: 88.12, Acc@5: 98.75, TTA Acc@1: 95.62, Acc@5: 100.00
2025-06-04 13:38:02,587 - log - INFO - iter:180/2465, clip_acc1=89.44445037841797, tta_acc1=96.11111450195312
2025-06-04 13:38:02,588 - log - INFO - iter:180/2465, Original Acc@1: 89.44, Acc@5: 98.89, TTA Acc@1: 96.11, Acc@5: 100.00
2025-06-04 13:38:44,745 - log - INFO - iter:200/2465, clip_acc1=90.5, tta_acc1=96.5
2025-06-04 13:38:44,746 - log - INFO - iter:200/2465, Original Acc@1: 90.50, Acc@5: 99.00, TTA Acc@1: 96.50, Acc@5: 100.00
2025-06-04 13:39:26,982 - log - INFO - iter:220/2465, clip_acc1=91.36363220214844, tta_acc1=96.81817626953125
2025-06-04 13:39:26,983 - log - INFO - iter:220/2465, Original Acc@1: 91.36, Acc@5: 99.09, TTA Acc@1: 96.82, Acc@5: 100.00
2025-06-04 13:40:09,188 - log - INFO - iter:240/2465, clip_acc1=92.08333587646484, tta_acc1=97.08333587646484
2025-06-04 13:40:09,189 - log - INFO - iter:240/2465, Original Acc@1: 92.08, Acc@5: 99.17, TTA Acc@1: 97.08, Acc@5: 100.00
2025-06-04 13:40:51,515 - log - INFO - iter:260/2465, clip_acc1=92.69230651855469, tta_acc1=97.30769348144531
2025-06-04 13:40:51,515 - log - INFO - iter:260/2465, Original Acc@1: 92.69, Acc@5: 99.23, TTA Acc@1: 97.31, Acc@5: 100.00
2025-06-04 13:41:33,720 - log - INFO - iter:280/2465, clip_acc1=93.21428680419922, tta_acc1=97.5
2025-06-04 13:41:33,720 - log - INFO - iter:280/2465, Original Acc@1: 93.21, Acc@5: 99.29, TTA Acc@1: 97.50, Acc@5: 100.00
2025-06-04 13:42:16,052 - log - INFO - iter:300/2465, clip_acc1=93.66667175292969, tta_acc1=97.66667175292969
2025-06-04 13:42:16,052 - log - INFO - iter:300/2465, Original Acc@1: 93.67, Acc@5: 99.33, TTA Acc@1: 97.67, Acc@5: 100.00
2025-06-04 13:42:58,335 - log - INFO - iter:320/2465, clip_acc1=94.0625, tta_acc1=97.8125
2025-06-04 13:42:58,335 - log - INFO - iter:320/2465, Original Acc@1: 94.06, Acc@5: 99.38, TTA Acc@1: 97.81, Acc@5: 100.00
2025-06-04 13:43:40,681 - log - INFO - iter:340/2465, clip_acc1=94.4117660522461, tta_acc1=97.94117736816406
2025-06-04 13:43:40,682 - log - INFO - iter:340/2465, Original Acc@1: 94.41, Acc@5: 99.41, TTA Acc@1: 97.94, Acc@5: 100.00
2025-06-04 13:44:22,846 - log - INFO - iter:360/2465, clip_acc1=94.72222137451172, tta_acc1=98.05555725097656
2025-06-04 13:44:22,846 - log - INFO - iter:360/2465, Original Acc@1: 94.72, Acc@5: 99.44, TTA Acc@1: 98.06, Acc@5: 100.00
2025-06-04 13:45:05,002 - log - INFO - iter:380/2465, clip_acc1=95.00000762939453, tta_acc1=98.15789794921875
2025-06-04 13:45:05,002 - log - INFO - iter:380/2465, Original Acc@1: 95.00, Acc@5: 99.47, TTA Acc@1: 98.16, Acc@5: 100.00
2025-06-04 13:45:47,362 - log - INFO - iter:400/2465, clip_acc1=95.25, tta_acc1=98.25
2025-06-04 13:45:47,362 - log - INFO - iter:400/2465, Original Acc@1: 95.25, Acc@5: 99.50, TTA Acc@1: 98.25, Acc@5: 100.00
2025-06-04 13:46:29,468 - log - INFO - iter:420/2465, clip_acc1=95.4761962890625, tta_acc1=98.33333587646484
2025-06-04 13:46:29,468 - log - INFO - iter:420/2465, Original Acc@1: 95.48, Acc@5: 99.52, TTA Acc@1: 98.33, Acc@5: 100.00
2025-06-04 13:47:11,655 - log - INFO - iter:440/2465, clip_acc1=95.68181610107422, tta_acc1=98.40908813476562
2025-06-04 13:47:11,655 - log - INFO - iter:440/2465, Original Acc@1: 95.68, Acc@5: 99.55, TTA Acc@1: 98.41, Acc@5: 100.00
2025-06-04 13:47:53,779 - log - INFO - iter:460/2465, clip_acc1=95.86956024169922, tta_acc1=98.47825622558594
2025-06-04 13:47:53,779 - log - INFO - iter:460/2465, Original Acc@1: 95.87, Acc@5: 99.57, TTA Acc@1: 98.48, Acc@5: 100.00
2025-06-04 13:48:36,102 - log - INFO - iter:480/2465, clip_acc1=96.04167175292969, tta_acc1=98.54167175292969
2025-06-04 13:48:36,102 - log - INFO - iter:480/2465, Original Acc@1: 96.04, Acc@5: 99.58, TTA Acc@1: 98.54, Acc@5: 100.00
2025-06-04 13:49:18,248 - log - INFO - iter:500/2465, clip_acc1=96.20000457763672, tta_acc1=98.60000610351562
2025-06-04 13:49:18,248 - log - INFO - iter:500/2465, Original Acc@1: 96.20, Acc@5: 99.60, TTA Acc@1: 98.60, Acc@5: 100.00
2025-06-04 13:50:00,603 - log - INFO - iter:520/2465, clip_acc1=96.34615325927734, tta_acc1=98.65384674072266
2025-06-04 13:50:00,603 - log - INFO - iter:520/2465, Original Acc@1: 96.35, Acc@5: 99.62, TTA Acc@1: 98.65, Acc@5: 100.00
2025-06-04 13:50:43,070 - log - INFO - iter:540/2465, clip_acc1=96.48148345947266, tta_acc1=98.70370483398438
2025-06-04 13:50:43,070 - log - INFO - iter:540/2465, Original Acc@1: 96.48, Acc@5: 99.63, TTA Acc@1: 98.70, Acc@5: 100.00
2025-06-04 13:51:25,371 - log - INFO - iter:560/2465, clip_acc1=96.60713958740234, tta_acc1=98.75
2025-06-04 13:51:25,371 - log - INFO - iter:560/2465, Original Acc@1: 96.61, Acc@5: 99.64, TTA Acc@1: 98.75, Acc@5: 100.00
2025-06-04 13:52:07,698 - log - INFO - iter:580/2465, clip_acc1=96.72413635253906, tta_acc1=98.79310607910156
2025-06-04 13:52:07,698 - log - INFO - iter:580/2465, Original Acc@1: 96.72, Acc@5: 99.66, TTA Acc@1: 98.79, Acc@5: 100.00
2025-06-04 13:52:49,750 - log - INFO - iter:600/2465, clip_acc1=96.83333587646484, tta_acc1=98.83333587646484
2025-06-04 13:52:49,751 - log - INFO - iter:600/2465, Original Acc@1: 96.83, Acc@5: 99.67, TTA Acc@1: 98.83, Acc@5: 100.00
2025-06-04 13:53:32,071 - log - INFO - iter:620/2465, clip_acc1=96.93548583984375, tta_acc1=98.87096405029297
2025-06-04 13:53:32,071 - log - INFO - iter:620/2465, Original Acc@1: 96.94, Acc@5: 99.68, TTA Acc@1: 98.87, Acc@5: 100.00
2025-06-04 13:54:14,338 - log - INFO - iter:640/2465, clip_acc1=97.03125, tta_acc1=98.90625
2025-06-04 13:54:14,338 - log - INFO - iter:640/2465, Original Acc@1: 97.03, Acc@5: 99.69, TTA Acc@1: 98.91, Acc@5: 100.00
2025-06-04 13:54:56,696 - log - INFO - iter:660/2465, clip_acc1=97.12120819091797, tta_acc1=98.93939208984375
2025-06-04 13:54:56,697 - log - INFO - iter:660/2465, Original Acc@1: 97.12, Acc@5: 99.70, TTA Acc@1: 98.94, Acc@5: 100.00
2025-06-04 13:55:38,791 - log - INFO - iter:680/2465, clip_acc1=97.20588684082031, tta_acc1=98.97058868408203
2025-06-04 13:55:38,791 - log - INFO - iter:680/2465, Original Acc@1: 97.21, Acc@5: 99.71, TTA Acc@1: 98.97, Acc@5: 100.00
2025-06-04 13:56:21,166 - log - INFO - iter:700/2465, clip_acc1=97.28571319580078, tta_acc1=98.71428680419922
2025-06-04 13:56:21,166 - log - INFO - iter:700/2465, Original Acc@1: 97.29, Acc@5: 99.71, TTA Acc@1: 98.71, Acc@5: 100.00
2025-06-04 13:57:03,578 - log - INFO - iter:720/2465, clip_acc1=97.22222137451172, tta_acc1=98.61111450195312
2025-06-04 13:57:03,579 - log - INFO - iter:720/2465, Original Acc@1: 97.22, Acc@5: 99.72, TTA Acc@1: 98.61, Acc@5: 100.00
2025-06-04 13:57:45,979 - log - INFO - iter:740/2465, clip_acc1=97.29730224609375, tta_acc1=98.64865112304688
2025-06-04 13:57:45,979 - log - INFO - iter:740/2465, Original Acc@1: 97.30, Acc@5: 99.73, TTA Acc@1: 98.65, Acc@5: 100.00
2025-06-04 13:58:28,367 - log - INFO - iter:760/2465, clip_acc1=97.10527038574219, tta_acc1=98.28947448730469
2025-06-04 13:58:28,368 - log - INFO - iter:760/2465, Original Acc@1: 97.11, Acc@5: 99.61, TTA Acc@1: 98.29, Acc@5: 99.74
2025-06-04 13:59:10,641 - log - INFO - iter:780/2465, clip_acc1=97.17948913574219, tta_acc1=98.33333587646484
2025-06-04 13:59:10,641 - log - INFO - iter:780/2465, Original Acc@1: 97.18, Acc@5: 99.62, TTA Acc@1: 98.33, Acc@5: 99.74
2025-06-04 13:59:52,995 - log - INFO - iter:800/2465, clip_acc1=97.25, tta_acc1=98.375
2025-06-04 13:59:52,996 - log - INFO - iter:800/2465, Original Acc@1: 97.25, Acc@5: 99.62, TTA Acc@1: 98.38, Acc@5: 99.75
2025-06-04 14:00:35,444 - log - INFO - iter:820/2465, clip_acc1=97.31707000732422, tta_acc1=98.41463470458984
2025-06-04 14:00:35,445 - log - INFO - iter:820/2465, Original Acc@1: 97.32, Acc@5: 99.63, TTA Acc@1: 98.41, Acc@5: 99.76
2025-06-04 14:01:17,868 - log - INFO - iter:840/2465, clip_acc1=97.3809585571289, tta_acc1=98.45238494873047
2025-06-04 14:01:17,869 - log - INFO - iter:840/2465, Original Acc@1: 97.38, Acc@5: 99.64, TTA Acc@1: 98.45, Acc@5: 99.76
2025-06-04 14:02:00,200 - log - INFO - iter:860/2465, clip_acc1=97.44185638427734, tta_acc1=98.48837280273438
2025-06-04 14:02:00,200 - log - INFO - iter:860/2465, Original Acc@1: 97.44, Acc@5: 99.65, TTA Acc@1: 98.49, Acc@5: 99.77
2025-06-04 14:02:42,483 - log - INFO - iter:880/2465, clip_acc1=97.5, tta_acc1=98.5227279663086
2025-06-04 14:02:42,483 - log - INFO - iter:880/2465, Original Acc@1: 97.50, Acc@5: 99.66, TTA Acc@1: 98.52, Acc@5: 99.77
2025-06-04 14:03:24,987 - log - INFO - iter:900/2465, clip_acc1=97.55555725097656, tta_acc1=98.55555725097656
2025-06-04 14:03:24,987 - log - INFO - iter:900/2465, Original Acc@1: 97.56, Acc@5: 99.67, TTA Acc@1: 98.56, Acc@5: 99.78
2025-06-04 14:04:07,435 - log - INFO - iter:920/2465, clip_acc1=97.60868835449219, tta_acc1=98.58695220947266
2025-06-04 14:04:07,435 - log - INFO - iter:920/2465, Original Acc@1: 97.61, Acc@5: 99.67, TTA Acc@1: 98.59, Acc@5: 99.78
2025-06-04 14:04:49,714 - log - INFO - iter:940/2465, clip_acc1=97.6595687866211, tta_acc1=98.61701965332031
2025-06-04 14:04:49,714 - log - INFO - iter:940/2465, Original Acc@1: 97.66, Acc@5: 99.68, TTA Acc@1: 98.62, Acc@5: 99.79
2025-06-04 14:05:32,093 - log - INFO - iter:960/2465, clip_acc1=97.70833587646484, tta_acc1=98.64583587646484
2025-06-04 14:05:32,093 - log - INFO - iter:960/2465, Original Acc@1: 97.71, Acc@5: 99.69, TTA Acc@1: 98.65, Acc@5: 99.79
2025-06-04 14:06:14,274 - log - INFO - iter:980/2465, clip_acc1=97.75509643554688, tta_acc1=98.6734619140625
2025-06-04 14:06:14,274 - log - INFO - iter:980/2465, Original Acc@1: 97.76, Acc@5: 99.69, TTA Acc@1: 98.67, Acc@5: 99.80
2025-06-04 14:06:56,696 - log - INFO - iter:1000/2465, clip_acc1=97.70000457763672, tta_acc1=98.60000610351562
2025-06-04 14:06:56,696 - log - INFO - iter:1000/2465, Original Acc@1: 97.70, Acc@5: 99.70, TTA Acc@1: 98.60, Acc@5: 99.80
2025-06-04 14:07:39,043 - log - INFO - iter:1020/2465, clip_acc1=97.64706420898438, tta_acc1=98.62745666503906
2025-06-04 14:07:39,043 - log - INFO - iter:1020/2465, Original Acc@1: 97.65, Acc@5: 99.71, TTA Acc@1: 98.63, Acc@5: 99.80
2025-06-04 14:08:21,384 - log - INFO - iter:1040/2465, clip_acc1=97.69230651855469, tta_acc1=98.65384674072266
2025-06-04 14:08:21,384 - log - INFO - iter:1040/2465, Original Acc@1: 97.69, Acc@5: 99.71, TTA Acc@1: 98.65, Acc@5: 99.81
2025-06-04 14:09:03,966 - log - INFO - iter:1060/2465, clip_acc1=97.54717254638672, tta_acc1=98.58490753173828
2025-06-04 14:09:03,966 - log - INFO - iter:1060/2465, Original Acc@1: 97.55, Acc@5: 99.72, TTA Acc@1: 98.58, Acc@5: 99.81
2025-06-04 14:09:46,315 - log - INFO - iter:1080/2465, clip_acc1=97.5, tta_acc1=98.51851654052734
2025-06-04 14:09:46,316 - log - INFO - iter:1080/2465, Original Acc@1: 97.50, Acc@5: 99.63, TTA Acc@1: 98.52, Acc@5: 99.72
2025-06-04 14:10:28,808 - log - INFO - iter:1100/2465, clip_acc1=97.45454406738281, tta_acc1=98.36363983154297
2025-06-04 14:10:28,809 - log - INFO - iter:1100/2465, Original Acc@1: 97.45, Acc@5: 99.64, TTA Acc@1: 98.36, Acc@5: 99.73
2025-06-04 14:11:11,067 - log - INFO - iter:1120/2465, clip_acc1=96.33928680419922, tta_acc1=97.5
2025-06-04 14:11:11,067 - log - INFO - iter:1120/2465, Original Acc@1: 96.34, Acc@5: 99.64, TTA Acc@1: 97.50, Acc@5: 99.73
2025-06-04 14:11:53,478 - log - INFO - iter:1140/2465, clip_acc1=95.96491241455078, tta_acc1=97.19298553466797
2025-06-04 14:11:53,478 - log - INFO - iter:1140/2465, Original Acc@1: 95.96, Acc@5: 99.65, TTA Acc@1: 97.19, Acc@5: 99.74
2025-06-04 14:12:35,899 - log - INFO - iter:1160/2465, clip_acc1=95.68965148925781, tta_acc1=97.1551742553711
2025-06-04 14:12:35,899 - log - INFO - iter:1160/2465, Original Acc@1: 95.69, Acc@5: 99.66, TTA Acc@1: 97.16, Acc@5: 99.74
2025-06-04 14:13:18,385 - log - INFO - iter:1180/2465, clip_acc1=95.59321594238281, tta_acc1=97.11864471435547
2025-06-04 14:13:18,385 - log - INFO - iter:1180/2465, Original Acc@1: 95.59, Acc@5: 99.66, TTA Acc@1: 97.12, Acc@5: 99.75
2025-06-04 14:14:00,557 - log - INFO - iter:1200/2465, clip_acc1=95.66667175292969, tta_acc1=97.16667175292969
2025-06-04 14:14:00,557 - log - INFO - iter:1200/2465, Original Acc@1: 95.67, Acc@5: 99.67, TTA Acc@1: 97.17, Acc@5: 99.75
2025-06-04 14:14:42,799 - log - INFO - iter:1220/2465, clip_acc1=95.73770141601562, tta_acc1=97.2131118774414
2025-06-04 14:14:42,799 - log - INFO - iter:1220/2465, Original Acc@1: 95.74, Acc@5: 99.67, TTA Acc@1: 97.21, Acc@5: 99.75
2025-06-04 14:15:25,278 - log - INFO - iter:1240/2465, clip_acc1=95.80644989013672, tta_acc1=97.25806427001953
2025-06-04 14:15:25,279 - log - INFO - iter:1240/2465, Original Acc@1: 95.81, Acc@5: 99.68, TTA Acc@1: 97.26, Acc@5: 99.76
2025-06-04 14:16:07,705 - log - INFO - iter:1260/2465, clip_acc1=95.79365539550781, tta_acc1=97.22222137451172
2025-06-04 14:16:07,706 - log - INFO - iter:1260/2465, Original Acc@1: 95.79, Acc@5: 99.68, TTA Acc@1: 97.22, Acc@5: 99.76
2025-06-04 14:16:49,925 - log - INFO - iter:1280/2465, clip_acc1=95.859375, tta_acc1=97.265625
2025-06-04 14:16:49,925 - log - INFO - iter:1280/2465, Original Acc@1: 95.86, Acc@5: 99.69, TTA Acc@1: 97.27, Acc@5: 99.77
2025-06-04 14:17:32,428 - log - INFO - iter:1300/2465, clip_acc1=95.92308044433594, tta_acc1=97.30769348144531
2025-06-04 14:17:32,428 - log - INFO - iter:1300/2465, Original Acc@1: 95.92, Acc@5: 99.69, TTA Acc@1: 97.31, Acc@5: 99.77
2025-06-04 14:18:14,700 - log - INFO - iter:1320/2465, clip_acc1=95.98484802246094, tta_acc1=97.2727279663086
2025-06-04 14:18:14,700 - log - INFO - iter:1320/2465, Original Acc@1: 95.98, Acc@5: 99.70, TTA Acc@1: 97.27, Acc@5: 99.77
2025-06-04 14:18:57,212 - log - INFO - iter:1340/2465, clip_acc1=96.0447769165039, tta_acc1=97.31343078613281
2025-06-04 14:18:57,212 - log - INFO - iter:1340/2465, Original Acc@1: 96.04, Acc@5: 99.70, TTA Acc@1: 97.31, Acc@5: 99.78
2025-06-04 14:19:39,756 - log - INFO - iter:1360/2465, clip_acc1=96.02941131591797, tta_acc1=97.27941131591797
2025-06-04 14:19:39,757 - log - INFO - iter:1360/2465, Original Acc@1: 96.03, Acc@5: 99.71, TTA Acc@1: 97.28, Acc@5: 99.78
2025-06-04 14:20:22,070 - log - INFO - iter:1380/2465, clip_acc1=96.08695983886719, tta_acc1=97.31884765625
2025-06-04 14:20:22,070 - log - INFO - iter:1380/2465, Original Acc@1: 96.09, Acc@5: 99.71, TTA Acc@1: 97.32, Acc@5: 99.78
2025-06-04 14:21:04,583 - log - INFO - iter:1400/2465, clip_acc1=95.28571319580078, tta_acc1=96.5
2025-06-04 14:21:04,584 - log - INFO - iter:1400/2465, Original Acc@1: 95.29, Acc@5: 99.71, TTA Acc@1: 96.50, Acc@5: 99.79
2025-06-04 14:21:47,138 - log - INFO - iter:1420/2465, clip_acc1=95.28168487548828, tta_acc1=96.408447265625
2025-06-04 14:21:47,138 - log - INFO - iter:1420/2465, Original Acc@1: 95.28, Acc@5: 99.72, TTA Acc@1: 96.41, Acc@5: 99.79
2025-06-04 14:22:29,510 - log - INFO - iter:1440/2465, clip_acc1=95.34722137451172, tta_acc1=96.45833587646484
2025-06-04 14:22:29,511 - log - INFO - iter:1440/2465, Original Acc@1: 95.35, Acc@5: 99.72, TTA Acc@1: 96.46, Acc@5: 99.79
2025-06-04 14:23:11,675 - log - INFO - iter:1460/2465, clip_acc1=95.41096496582031, tta_acc1=96.50685119628906
2025-06-04 14:23:11,676 - log - INFO - iter:1460/2465, Original Acc@1: 95.41, Acc@5: 99.73, TTA Acc@1: 96.51, Acc@5: 99.79
2025-06-04 14:23:53,788 - log - INFO - iter:1480/2465, clip_acc1=95.47297668457031, tta_acc1=96.5540542602539
2025-06-04 14:23:53,788 - log - INFO - iter:1480/2465, Original Acc@1: 95.47, Acc@5: 99.73, TTA Acc@1: 96.55, Acc@5: 99.80
2025-06-04 14:24:36,234 - log - INFO - iter:1500/2465, clip_acc1=95.53333282470703, tta_acc1=96.46666717529297
2025-06-04 14:24:36,234 - log - INFO - iter:1500/2465, Original Acc@1: 95.53, Acc@5: 99.73, TTA Acc@1: 96.47, Acc@5: 99.80
2025-06-04 14:25:18,657 - log - INFO - iter:1520/2465, clip_acc1=95.59210968017578, tta_acc1=96.5131607055664
2025-06-04 14:25:18,657 - log - INFO - iter:1520/2465, Original Acc@1: 95.59, Acc@5: 99.74, TTA Acc@1: 96.51, Acc@5: 99.80
2025-06-04 14:26:00,928 - log - INFO - iter:1540/2465, clip_acc1=95.58441162109375, tta_acc1=96.55844116210938
2025-06-04 14:26:00,929 - log - INFO - iter:1540/2465, Original Acc@1: 95.58, Acc@5: 99.74, TTA Acc@1: 96.56, Acc@5: 99.81
2025-06-04 14:26:43,349 - log - INFO - iter:1560/2465, clip_acc1=95.64102935791016, tta_acc1=96.60256958007812
2025-06-04 14:26:43,349 - log - INFO - iter:1560/2465, Original Acc@1: 95.64, Acc@5: 99.74, TTA Acc@1: 96.60, Acc@5: 99.81
2025-06-04 14:27:25,785 - log - INFO - iter:1580/2465, clip_acc1=95.69620513916016, tta_acc1=96.64556884765625
2025-06-04 14:27:25,785 - log - INFO - iter:1580/2465, Original Acc@1: 95.70, Acc@5: 99.75, TTA Acc@1: 96.65, Acc@5: 99.81
2025-06-04 14:28:08,110 - log - INFO - iter:1600/2465, clip_acc1=95.75, tta_acc1=96.6875
2025-06-04 14:28:08,110 - log - INFO - iter:1600/2465, Original Acc@1: 95.75, Acc@5: 99.75, TTA Acc@1: 96.69, Acc@5: 99.81
2025-06-04 14:28:50,520 - log - INFO - iter:1620/2465, clip_acc1=95.80247497558594, tta_acc1=96.72840118408203
2025-06-04 14:28:50,521 - log - INFO - iter:1620/2465, Original Acc@1: 95.80, Acc@5: 99.75, TTA Acc@1: 96.73, Acc@5: 99.81
2025-06-04 14:29:32,800 - log - INFO - iter:1640/2465, clip_acc1=95.24390411376953, tta_acc1=95.9756088256836
2025-06-04 14:29:32,800 - log - INFO - iter:1640/2465, Original Acc@1: 95.24, Acc@5: 99.76, TTA Acc@1: 95.98, Acc@5: 99.82
2025-06-04 14:30:15,011 - log - INFO - iter:1660/2465, clip_acc1=94.39759063720703, tta_acc1=95.06024169921875
2025-06-04 14:30:15,011 - log - INFO - iter:1660/2465, Original Acc@1: 94.40, Acc@5: 99.76, TTA Acc@1: 95.06, Acc@5: 99.82
2025-06-04 14:30:57,338 - log - INFO - iter:1680/2465, clip_acc1=94.46428680419922, tta_acc1=95.05952453613281
2025-06-04 14:30:57,338 - log - INFO - iter:1680/2465, Original Acc@1: 94.46, Acc@5: 99.76, TTA Acc@1: 95.06, Acc@5: 99.82
2025-06-04 14:31:39,686 - log - INFO - iter:1700/2465, clip_acc1=94.52941131591797, tta_acc1=95.11764526367188
2025-06-04 14:31:39,686 - log - INFO - iter:1700/2465, Original Acc@1: 94.53, Acc@5: 99.76, TTA Acc@1: 95.12, Acc@5: 99.82
2025-06-04 14:32:22,005 - log - INFO - iter:1720/2465, clip_acc1=94.59302520751953, tta_acc1=95.05813598632812
2025-06-04 14:32:22,005 - log - INFO - iter:1720/2465, Original Acc@1: 94.59, Acc@5: 99.77, TTA Acc@1: 95.06, Acc@5: 99.83
2025-06-04 14:33:04,607 - log - INFO - iter:1740/2465, clip_acc1=94.48275756835938, tta_acc1=94.9425277709961
2025-06-04 14:33:04,607 - log - INFO - iter:1740/2465, Original Acc@1: 94.48, Acc@5: 99.77, TTA Acc@1: 94.94, Acc@5: 99.83
2025-06-04 14:33:47,045 - log - INFO - iter:1760/2465, clip_acc1=94.20454406738281, tta_acc1=94.71590423583984
2025-06-04 14:33:47,045 - log - INFO - iter:1760/2465, Original Acc@1: 94.20, Acc@5: 99.77, TTA Acc@1: 94.72, Acc@5: 99.83
2025-06-04 14:34:29,502 - log - INFO - iter:1780/2465, clip_acc1=94.15730285644531, tta_acc1=94.66292572021484
2025-06-04 14:34:29,503 - log - INFO - iter:1780/2465, Original Acc@1: 94.16, Acc@5: 99.72, TTA Acc@1: 94.66, Acc@5: 99.83
2025-06-04 14:35:11,910 - log - INFO - iter:1800/2465, clip_acc1=94.16667175292969, tta_acc1=94.66667175292969
2025-06-04 14:35:11,910 - log - INFO - iter:1800/2465, Original Acc@1: 94.17, Acc@5: 99.72, TTA Acc@1: 94.67, Acc@5: 99.83
2025-06-04 14:35:54,488 - log - INFO - iter:1820/2465, clip_acc1=94.23077392578125, tta_acc1=94.72528076171875
2025-06-04 14:35:54,488 - log - INFO - iter:1820/2465, Original Acc@1: 94.23, Acc@5: 99.73, TTA Acc@1: 94.73, Acc@5: 99.84
2025-06-04 14:36:36,896 - log - INFO - iter:1840/2465, clip_acc1=94.23912811279297, tta_acc1=94.72825622558594
2025-06-04 14:36:36,896 - log - INFO - iter:1840/2465, Original Acc@1: 94.24, Acc@5: 99.73, TTA Acc@1: 94.73, Acc@5: 99.78
2025-06-04 14:37:20,995 - log - INFO - iter:1860/2465, clip_acc1=94.30107879638672, tta_acc1=94.78495025634766
2025-06-04 14:37:20,995 - log - INFO - iter:1860/2465, Original Acc@1: 94.30, Acc@5: 99.73, TTA Acc@1: 94.78, Acc@5: 99.78
2025-06-04 14:38:04,437 - log - INFO - iter:1880/2465, clip_acc1=94.36170196533203, tta_acc1=94.84042358398438
2025-06-04 14:38:04,438 - log - INFO - iter:1880/2465, Original Acc@1: 94.36, Acc@5: 99.73, TTA Acc@1: 94.84, Acc@5: 99.79
2025-06-04 14:38:46,725 - log - INFO - iter:1900/2465, clip_acc1=94.42105102539062, tta_acc1=94.89472961425781
2025-06-04 14:38:46,726 - log - INFO - iter:1900/2465, Original Acc@1: 94.42, Acc@5: 99.74, TTA Acc@1: 94.89, Acc@5: 99.79
2025-06-04 14:39:29,390 - log - INFO - iter:1920/2465, clip_acc1=94.47917175292969, tta_acc1=94.94792175292969
2025-06-04 14:39:29,390 - log - INFO - iter:1920/2465, Original Acc@1: 94.48, Acc@5: 99.74, TTA Acc@1: 94.95, Acc@5: 99.79
2025-06-04 14:40:12,009 - log - INFO - iter:1940/2465, clip_acc1=94.48454284667969, tta_acc1=94.94845581054688
2025-06-04 14:40:12,009 - log - INFO - iter:1940/2465, Original Acc@1: 94.48, Acc@5: 99.74, TTA Acc@1: 94.95, Acc@5: 99.79
2025-06-04 14:40:54,542 - log - INFO - iter:1960/2465, clip_acc1=94.54080963134766, tta_acc1=94.99999237060547
2025-06-04 14:40:54,542 - log - INFO - iter:1960/2465, Original Acc@1: 94.54, Acc@5: 99.74, TTA Acc@1: 95.00, Acc@5: 99.80
2025-06-04 14:41:37,038 - log - INFO - iter:1980/2465, clip_acc1=94.59596252441406, tta_acc1=95.05050659179688
2025-06-04 14:41:37,038 - log - INFO - iter:1980/2465, Original Acc@1: 94.60, Acc@5: 99.75, TTA Acc@1: 95.05, Acc@5: 99.80
2025-06-04 14:42:19,493 - log - INFO - iter:2000/2465, clip_acc1=94.6500015258789, tta_acc1=95.10000610351562
2025-06-04 14:42:19,493 - log - INFO - iter:2000/2465, Original Acc@1: 94.65, Acc@5: 99.75, TTA Acc@1: 95.10, Acc@5: 99.80
2025-06-04 14:43:05,256 - log - INFO - iter:2020/2465, clip_acc1=94.70297241210938, tta_acc1=95.14852142333984
2025-06-04 14:43:05,257 - log - INFO - iter:2020/2465, Original Acc@1: 94.70, Acc@5: 99.75, TTA Acc@1: 95.15, Acc@5: 99.80
2025-06-04 14:43:47,727 - log - INFO - iter:2040/2465, clip_acc1=94.7549057006836, tta_acc1=95.19608306884766
2025-06-04 14:43:47,727 - log - INFO - iter:2040/2465, Original Acc@1: 94.75, Acc@5: 99.75, TTA Acc@1: 95.20, Acc@5: 99.80
2025-06-04 14:44:30,047 - log - INFO - iter:2060/2465, clip_acc1=94.80582427978516, tta_acc1=95.19417572021484
2025-06-04 14:44:30,047 - log - INFO - iter:2060/2465, Original Acc@1: 94.81, Acc@5: 99.76, TTA Acc@1: 95.19, Acc@5: 99.81
2025-06-04 14:45:12,509 - log - INFO - iter:2080/2465, clip_acc1=94.80769348144531, tta_acc1=95.19230651855469
2025-06-04 14:45:12,509 - log - INFO - iter:2080/2465, Original Acc@1: 94.81, Acc@5: 99.76, TTA Acc@1: 95.19, Acc@5: 99.81
2025-06-04 14:45:54,902 - log - INFO - iter:2100/2465, clip_acc1=94.85713958740234, tta_acc1=95.23809051513672
2025-06-04 14:45:54,903 - log - INFO - iter:2100/2465, Original Acc@1: 94.86, Acc@5: 99.76, TTA Acc@1: 95.24, Acc@5: 99.81
2025-06-04 14:46:37,468 - log - INFO - iter:2120/2465, clip_acc1=94.9056625366211, tta_acc1=95.28302001953125
2025-06-04 14:46:37,469 - log - INFO - iter:2120/2465, Original Acc@1: 94.91, Acc@5: 99.76, TTA Acc@1: 95.28, Acc@5: 99.81
2025-06-04 14:47:19,965 - log - INFO - iter:2140/2465, clip_acc1=94.95327758789062, tta_acc1=95.32710266113281
2025-06-04 14:47:19,965 - log - INFO - iter:2140/2465, Original Acc@1: 94.95, Acc@5: 99.77, TTA Acc@1: 95.33, Acc@5: 99.81
2025-06-04 14:48:02,618 - log - INFO - iter:2160/2465, clip_acc1=95.0, tta_acc1=95.37036895751953
2025-06-04 14:48:02,618 - log - INFO - iter:2160/2465, Original Acc@1: 95.00, Acc@5: 99.77, TTA Acc@1: 95.37, Acc@5: 99.81
2025-06-04 14:48:45,100 - log - INFO - iter:2180/2465, clip_acc1=95.0458755493164, tta_acc1=95.412841796875
2025-06-04 14:48:45,101 - log - INFO - iter:2180/2465, Original Acc@1: 95.05, Acc@5: 99.77, TTA Acc@1: 95.41, Acc@5: 99.82
2025-06-04 14:49:27,633 - log - INFO - iter:2200/2465, clip_acc1=95.09091186523438, tta_acc1=95.45454406738281
2025-06-04 14:49:27,633 - log - INFO - iter:2200/2465, Original Acc@1: 95.09, Acc@5: 99.77, TTA Acc@1: 95.45, Acc@5: 99.82
2025-06-04 14:50:10,084 - log - INFO - iter:2220/2465, clip_acc1=95.13513946533203, tta_acc1=95.49549865722656
2025-06-04 14:50:10,085 - log - INFO - iter:2220/2465, Original Acc@1: 95.14, Acc@5: 99.77, TTA Acc@1: 95.50, Acc@5: 99.82
2025-06-04 14:50:52,594 - log - INFO - iter:2240/2465, clip_acc1=95.17857360839844, tta_acc1=95.53571319580078
2025-06-04 14:50:52,595 - log - INFO - iter:2240/2465, Original Acc@1: 95.18, Acc@5: 99.78, TTA Acc@1: 95.54, Acc@5: 99.82
2025-06-04 14:51:35,132 - log - INFO - iter:2260/2465, clip_acc1=95.22123718261719, tta_acc1=95.5752182006836
2025-06-04 14:51:35,132 - log - INFO - iter:2260/2465, Original Acc@1: 95.22, Acc@5: 99.78, TTA Acc@1: 95.58, Acc@5: 99.82
2025-06-04 14:52:17,638 - log - INFO - iter:2280/2465, clip_acc1=95.1754379272461, tta_acc1=95.57017517089844
2025-06-04 14:52:17,638 - log - INFO - iter:2280/2465, Original Acc@1: 95.18, Acc@5: 99.78, TTA Acc@1: 95.57, Acc@5: 99.78
2025-06-04 14:53:00,060 - log - INFO - iter:2300/2465, clip_acc1=95.13043975830078, tta_acc1=95.52174377441406
2025-06-04 14:53:00,060 - log - INFO - iter:2300/2465, Original Acc@1: 95.13, Acc@5: 99.78, TTA Acc@1: 95.52, Acc@5: 99.74
2025-06-04 14:53:42,515 - log - INFO - iter:2320/2465, clip_acc1=95.17241668701172, tta_acc1=95.56034088134766
2025-06-04 14:53:42,515 - log - INFO - iter:2320/2465, Original Acc@1: 95.17, Acc@5: 99.78, TTA Acc@1: 95.56, Acc@5: 99.74
2025-06-04 14:54:24,994 - log - INFO - iter:2340/2465, clip_acc1=95.21367645263672, tta_acc1=95.5982894897461
2025-06-04 14:54:24,995 - log - INFO - iter:2340/2465, Original Acc@1: 95.21, Acc@5: 99.79, TTA Acc@1: 95.60, Acc@5: 99.74
2025-06-04 14:55:07,485 - log - INFO - iter:2360/2465, clip_acc1=95.25423431396484, tta_acc1=95.63558959960938
2025-06-04 14:55:07,485 - log - INFO - iter:2360/2465, Original Acc@1: 95.25, Acc@5: 99.79, TTA Acc@1: 95.64, Acc@5: 99.75
2025-06-04 14:55:49,838 - log - INFO - iter:2380/2465, clip_acc1=95.29412078857422, tta_acc1=95.67227172851562
2025-06-04 14:55:49,838 - log - INFO - iter:2380/2465, Original Acc@1: 95.29, Acc@5: 99.79, TTA Acc@1: 95.67, Acc@5: 99.75
2025-06-04 14:56:32,113 - log - INFO - iter:2400/2465, clip_acc1=95.25, tta_acc1=95.625
2025-06-04 14:56:32,113 - log - INFO - iter:2400/2465, Original Acc@1: 95.25, Acc@5: 99.79, TTA Acc@1: 95.62, Acc@5: 99.75
2025-06-04 14:57:14,449 - log - INFO - iter:2420/2465, clip_acc1=95.24793243408203, tta_acc1=95.53719329833984
2025-06-04 14:57:14,449 - log - INFO - iter:2420/2465, Original Acc@1: 95.25, Acc@5: 99.79, TTA Acc@1: 95.54, Acc@5: 99.75
2025-06-04 14:57:56,904 - log - INFO - iter:2440/2465, clip_acc1=95.24590301513672, tta_acc1=95.53278350830078
2025-06-04 14:57:56,905 - log - INFO - iter:2440/2465, Original Acc@1: 95.25, Acc@5: 99.80, TTA Acc@1: 95.53, Acc@5: 99.75
2025-06-04 14:58:38,262 - log - INFO - iter:2460/2465, clip_acc1=95.28455352783203, tta_acc1=95.56910705566406
2025-06-04 14:58:38,262 - log - INFO - iter:2460/2465, Original Acc@1: 95.28, Acc@5: 99.80, TTA Acc@1: 95.57, Acc@5: 99.76
2025-06-04 14:58:47,044 - log - INFO - iter:2465/2465, clip_acc1=95.29412078857422, tta_acc1=95.57809448242188
2025-06-04 14:58:47,044 - log - INFO - iter:2465/2465, Original Acc@1: 95.29, Acc@5: 99.80, TTA Acc@1: 95.58, Acc@5: 99.76
2025-06-04 14:58:47,246 - log - INFO - Final results - Original Acc@1: 95.29, Acc@5: 99.80, TTA Acc@1: 95.58, Acc@5: 99.76
2025-06-04 14:58:47,246 - log - INFO - Improvement from TTA in Acc@1 0.28, and Acc@5 -0.04
2025-06-04 14:58:47,416 - log - INFO - Weighted scores saved to /leonardo_work/EUHPC_R04_192/fmohamma/Adversarial_Robust_Clip/ATPT/Final_Results/delta_clip_l14_224/Caltech101/Clean/Counter_Attack/Eps_2_0_Steps_0_Alpha_1_0/tau_0_2_beta_2_0_weighted_pertrubation_True/No_TPT/Inference_Ensemble_weighted_rtpt_topk_20_softmaxtemp_0_01/weighted_scores.json
2025-06-04 14:58:47,416 - log - INFO - Creating plot of average weights for each view
2025-06-04 14:58:53,636 - log - INFO - Average weights plot saved to /leonardo_work/EUHPC_R04_192/fmohamma/Adversarial_Robust_Clip/ATPT/Final_Results/delta_clip_l14_224/Caltech101/Clean/Counter_Attack/Eps_2_0_Steps_0_Alpha_1_0/tau_0_2_beta_2_0_weighted_pertrubation_True/No_TPT/Inference_Ensemble_weighted_rtpt_topk_20_softmaxtemp_0_01/weighted_scores_plot.png
2025-06-04 14:58:53,640 - log - INFO - => Acc. on testset [Caltech101]: Clean Acc @1 95.29412078857422/ TTA Clean Acc @1 95.57809448242188, Clean Acc @5 99.79715728759766/ TTA Clean Acc @5 99.756591796875
2025-06-04 14:58:53,640 - log - INFO - Total script execution time: 5356.49 seconds (89.27 minutes)
