2025-06-10 05:52:11,497 - log - INFO - ==========================================
data:/leonardo_work/EUHPC_R04_192/fmohamma/Adversarial_Robust_Clip/atpt_data/downstream_datasets
test_sets:Aircraft
dataset_mode:test
arch:ViT-L/14
resolution:224
workers:4
no_pin_memory:False
batch_size:64
print_freq:20
gpu:0
no_cudnn_benchmark:False
n_ctx:4
ctx_init:a_photo_of_a
tpt_loss:rtpt
seed:0
output_dir:/leonardo_work/EUHPC_R04_192/fmohamma/Adversarial_Robust_Clip/atpt_data/ViT-L/14/Aircraft
log_output_dir:/leonardo_work/EUHPC_R04_192/fmohamma/Adversarial_Robust_Clip/ATPT/Final_Results/ViT-L/14/Aircraft
eps:0.0
alpha:0.0
alpha_eps_ratio:4.0
steps:0
lr:0.005
selection_p:0.1
tta_steps:1
ensemble_type:vanilla
top_k:20
softmax_temp:0.01
counter_attack:True
counter_attack_type:pgd
counter_attack_steps:2
counter_attack_eps:2.0
counter_attack_alpha:1.0
counter_attack_tau_thres:0.2
counter_attack_beta:2.0
counter_attack_weighted_perturbations:True
pgd_clip_pure_i_text_embeddings:null
pgd_counter_and_clipure_i_lamda:1.0
selected_id_name:selected_topk.json
weighted_score_name:weighted_scores.json
batch_entropy_name:entropies.json
log_dir:/leonardo_work/EUHPC_R04_192/fmohamma/Adversarial_Robust_Clip/ATPT/Final_Results/ViT-L/14/Aircraft/Clean/Counter_Attack/Eps_2_0_Steps_2_Alpha_1_0/tau_0_2_beta_2_0_weighted_pertrubation_True/TPT/Optimization_Loss_rtpt_LR_0_005_Optimization_Steps_1_View_Selection_Fraction_0_1/Inference_Ensemble_vanilla

2025-06-10 05:52:11,498 - log - INFO - Use GPU: 0 for training
2025-06-10 05:53:10,976 - log - INFO - Freezing all parameters except prompt learner
2025-06-10 05:53:10,978 - log - INFO - => Model created: visual backbone ViT-L/14
2025-06-10 05:53:11,081 - log - INFO - Number of test samples: 3333
2025-06-10 05:53:11,081 - log - INFO - Evaluating dataset: Aircraft
2025-06-10 05:53:11,082 - log - INFO - Starting evaluation with batch size: 64, selection percentage: 0.1
2025-06-10 05:53:11,082 - log - INFO - Test-time adaptation steps: 1, learning rate: 0.005
2025-06-10 05:53:11,082 - log - INFO - Using counter-attack with epsilon: 2.000000, alpha: 0.000000, steps: 2, tau_thres: 0.2, beta: 2.0, weighted perturbation: True
2025-06-10 05:54:27,457 - log - INFO - iter:20/3333, clip_acc1=30.0, tta_acc1=5.0
2025-06-10 05:54:27,458 - log - INFO - iter:20/3333, Original Acc@1: 30.00, Acc@5: 65.00, TTA Acc@1: 5.00, Acc@5: 20.00
2025-06-10 05:55:26,483 - log - INFO - iter:40/3333, clip_acc1=42.5, tta_acc1=7.5
2025-06-10 05:55:26,483 - log - INFO - iter:40/3333, Original Acc@1: 42.50, Acc@5: 77.50, TTA Acc@1: 7.50, Acc@5: 22.50
2025-06-10 05:56:25,466 - log - INFO - iter:60/3333, clip_acc1=43.333335876464844, tta_acc1=13.333333969116211
2025-06-10 05:56:25,466 - log - INFO - iter:60/3333, Original Acc@1: 43.33, Acc@5: 80.00, TTA Acc@1: 13.33, Acc@5: 30.00
2025-06-10 05:57:26,037 - log - INFO - iter:80/3333, clip_acc1=41.25, tta_acc1=16.25
2025-06-10 05:57:26,038 - log - INFO - iter:80/3333, Original Acc@1: 41.25, Acc@5: 73.75, TTA Acc@1: 16.25, Acc@5: 32.50
2025-06-10 05:58:25,216 - log - INFO - iter:100/3333, clip_acc1=34.0, tta_acc1=17.0
2025-06-10 05:58:25,217 - log - INFO - iter:100/3333, Original Acc@1: 34.00, Acc@5: 68.00, TTA Acc@1: 17.00, Acc@5: 32.00
2025-06-10 05:59:24,855 - log - INFO - iter:120/3333, clip_acc1=28.33333396911621, tta_acc1=14.166666984558105
2025-06-10 05:59:24,855 - log - INFO - iter:120/3333, Original Acc@1: 28.33, Acc@5: 60.83, TTA Acc@1: 14.17, Acc@5: 32.50
2025-06-10 06:00:25,380 - log - INFO - iter:140/3333, clip_acc1=24.285715103149414, tta_acc1=12.142857551574707
2025-06-10 06:00:25,381 - log - INFO - iter:140/3333, Original Acc@1: 24.29, Acc@5: 55.00, TTA Acc@1: 12.14, Acc@5: 33.57
2025-06-10 06:01:24,533 - log - INFO - iter:160/3333, clip_acc1=21.25, tta_acc1=10.625
2025-06-10 06:01:24,534 - log - INFO - iter:160/3333, Original Acc@1: 21.25, Acc@5: 50.00, TTA Acc@1: 10.62, Acc@5: 30.00
2025-06-10 06:02:23,917 - log - INFO - iter:180/3333, clip_acc1=18.88888931274414, tta_acc1=9.44444465637207
2025-06-10 06:02:23,918 - log - INFO - iter:180/3333, Original Acc@1: 18.89, Acc@5: 44.44, TTA Acc@1: 9.44, Acc@5: 28.33
2025-06-10 06:03:23,514 - log - INFO - iter:200/3333, clip_acc1=17.0, tta_acc1=8.5
2025-06-10 06:03:23,514 - log - INFO - iter:200/3333, Original Acc@1: 17.00, Acc@5: 42.50, TTA Acc@1: 8.50, Acc@5: 28.00
2025-06-10 06:04:22,842 - log - INFO - iter:220/3333, clip_acc1=15.454545021057129, tta_acc1=8.181818008422852
2025-06-10 06:04:22,842 - log - INFO - iter:220/3333, Original Acc@1: 15.45, Acc@5: 45.00, TTA Acc@1: 8.18, Acc@5: 31.36
2025-06-10 06:05:22,091 - log - INFO - iter:240/3333, clip_acc1=14.583333969116211, tta_acc1=7.500000476837158
2025-06-10 06:05:22,091 - log - INFO - iter:240/3333, Original Acc@1: 14.58, Acc@5: 47.08, TTA Acc@1: 7.50, Acc@5: 34.58
2025-06-10 06:06:21,307 - log - INFO - iter:260/3333, clip_acc1=16.153846740722656, tta_acc1=6.92307710647583
2025-06-10 06:06:21,308 - log - INFO - iter:260/3333, Original Acc@1: 16.15, Acc@5: 49.62, TTA Acc@1: 6.92, Acc@5: 35.00
2025-06-10 06:07:20,454 - log - INFO - iter:280/3333, clip_acc1=15.0, tta_acc1=6.428571701049805
2025-06-10 06:07:20,454 - log - INFO - iter:280/3333, Original Acc@1: 15.00, Acc@5: 48.93, TTA Acc@1: 6.43, Acc@5: 33.21
2025-06-10 06:08:19,678 - log - INFO - iter:300/3333, clip_acc1=14.333333969116211, tta_acc1=6.0
2025-06-10 06:08:19,678 - log - INFO - iter:300/3333, Original Acc@1: 14.33, Acc@5: 47.67, TTA Acc@1: 6.00, Acc@5: 33.00
2025-06-10 06:09:19,199 - log - INFO - iter:320/3333, clip_acc1=14.0625, tta_acc1=5.9375
2025-06-10 06:09:19,200 - log - INFO - iter:320/3333, Original Acc@1: 14.06, Acc@5: 48.44, TTA Acc@1: 5.94, Acc@5: 34.38
2025-06-10 06:10:18,731 - log - INFO - iter:340/3333, clip_acc1=14.411765098571777, tta_acc1=6.470588207244873
2025-06-10 06:10:18,731 - log - INFO - iter:340/3333, Original Acc@1: 14.41, Acc@5: 50.00, TTA Acc@1: 6.47, Acc@5: 36.18
2025-06-10 06:11:18,243 - log - INFO - iter:360/3333, clip_acc1=15.555556297302246, tta_acc1=6.388888835906982
2025-06-10 06:11:18,243 - log - INFO - iter:360/3333, Original Acc@1: 15.56, Acc@5: 52.50, TTA Acc@1: 6.39, Acc@5: 37.50
2025-06-10 06:12:17,385 - log - INFO - iter:380/3333, clip_acc1=17.10526466369629, tta_acc1=7.631579399108887
2025-06-10 06:12:17,386 - log - INFO - iter:380/3333, Original Acc@1: 17.11, Acc@5: 54.47, TTA Acc@1: 7.63, Acc@5: 39.21
2025-06-10 06:13:16,745 - log - INFO - iter:400/3333, clip_acc1=18.5, tta_acc1=9.75
2025-06-10 06:13:16,745 - log - INFO - iter:400/3333, Original Acc@1: 18.50, Acc@5: 55.50, TTA Acc@1: 9.75, Acc@5: 41.00
2025-06-10 06:14:16,582 - log - INFO - iter:420/3333, clip_acc1=17.619049072265625, tta_acc1=9.523809432983398
2025-06-10 06:14:16,582 - log - INFO - iter:420/3333, Original Acc@1: 17.62, Acc@5: 56.19, TTA Acc@1: 9.52, Acc@5: 43.33
2025-06-10 06:15:16,399 - log - INFO - iter:440/3333, clip_acc1=16.81818199157715, tta_acc1=9.545454025268555
2025-06-10 06:15:16,400 - log - INFO - iter:440/3333, Original Acc@1: 16.82, Acc@5: 57.73, TTA Acc@1: 9.55, Acc@5: 45.45
2025-06-10 06:16:15,626 - log - INFO - iter:460/3333, clip_acc1=16.7391300201416, tta_acc1=9.34782600402832
2025-06-10 06:16:15,627 - log - INFO - iter:460/3333, Original Acc@1: 16.74, Acc@5: 59.35, TTA Acc@1: 9.35, Acc@5: 47.39
2025-06-10 06:17:14,604 - log - INFO - iter:480/3333, clip_acc1=17.291667938232422, tta_acc1=10.625000953674316
2025-06-10 06:17:14,605 - log - INFO - iter:480/3333, Original Acc@1: 17.29, Acc@5: 59.38, TTA Acc@1: 10.63, Acc@5: 48.13
2025-06-10 06:18:14,337 - log - INFO - iter:500/3333, clip_acc1=17.400001525878906, tta_acc1=12.000000953674316
2025-06-10 06:18:14,337 - log - INFO - iter:500/3333, Original Acc@1: 17.40, Acc@5: 59.60, TTA Acc@1: 12.00, Acc@5: 48.40
2025-06-10 06:19:13,626 - log - INFO - iter:520/3333, clip_acc1=17.69230842590332, tta_acc1=12.5
2025-06-10 06:19:13,626 - log - INFO - iter:520/3333, Original Acc@1: 17.69, Acc@5: 60.38, TTA Acc@1: 12.50, Acc@5: 50.00
2025-06-10 06:20:12,902 - log - INFO - iter:540/3333, clip_acc1=17.962963104248047, tta_acc1=12.037036895751953
2025-06-10 06:20:12,902 - log - INFO - iter:540/3333, Original Acc@1: 17.96, Acc@5: 60.93, TTA Acc@1: 12.04, Acc@5: 50.56
2025-06-10 06:21:12,115 - log - INFO - iter:560/3333, clip_acc1=18.035715103149414, tta_acc1=11.607142448425293
2025-06-10 06:21:12,116 - log - INFO - iter:560/3333, Original Acc@1: 18.04, Acc@5: 61.61, TTA Acc@1: 11.61, Acc@5: 49.82
2025-06-10 06:22:11,523 - log - INFO - iter:580/3333, clip_acc1=17.758621215820312, tta_acc1=11.206896781921387
2025-06-10 06:22:11,523 - log - INFO - iter:580/3333, Original Acc@1: 17.76, Acc@5: 61.72, TTA Acc@1: 11.21, Acc@5: 49.66
2025-06-10 06:23:10,791 - log - INFO - iter:600/3333, clip_acc1=17.666667938232422, tta_acc1=11.0
2025-06-10 06:23:10,792 - log - INFO - iter:600/3333, Original Acc@1: 17.67, Acc@5: 62.33, TTA Acc@1: 11.00, Acc@5: 49.33
2025-06-10 06:24:10,098 - log - INFO - iter:620/3333, clip_acc1=17.25806427001953, tta_acc1=10.645160675048828
2025-06-10 06:24:10,099 - log - INFO - iter:620/3333, Original Acc@1: 17.26, Acc@5: 63.39, TTA Acc@1: 10.65, Acc@5: 48.39
2025-06-10 06:25:09,631 - log - INFO - iter:640/3333, clip_acc1=16.875, tta_acc1=10.3125
2025-06-10 06:25:09,631 - log - INFO - iter:640/3333, Original Acc@1: 16.88, Acc@5: 63.28, TTA Acc@1: 10.31, Acc@5: 47.66
2025-06-10 06:26:11,868 - log - INFO - iter:660/3333, clip_acc1=17.121212005615234, tta_acc1=10.454545021057129
2025-06-10 06:26:11,868 - log - INFO - iter:660/3333, Original Acc@1: 17.12, Acc@5: 63.03, TTA Acc@1: 10.45, Acc@5: 47.58
2025-06-10 06:27:11,293 - log - INFO - iter:680/3333, clip_acc1=17.05882453918457, tta_acc1=10.147059440612793
2025-06-10 06:27:11,293 - log - INFO - iter:680/3333, Original Acc@1: 17.06, Acc@5: 62.65, TTA Acc@1: 10.15, Acc@5: 47.35
2025-06-10 06:28:10,718 - log - INFO - iter:700/3333, clip_acc1=17.14285659790039, tta_acc1=9.857142448425293
2025-06-10 06:28:10,718 - log - INFO - iter:700/3333, Original Acc@1: 17.14, Acc@5: 62.43, TTA Acc@1: 9.86, Acc@5: 47.43
2025-06-10 06:29:09,789 - log - INFO - iter:720/3333, clip_acc1=17.36111068725586, tta_acc1=9.583333969116211
2025-06-10 06:29:09,789 - log - INFO - iter:720/3333, Original Acc@1: 17.36, Acc@5: 62.08, TTA Acc@1: 9.58, Acc@5: 47.22
2025-06-10 06:30:08,929 - log - INFO - iter:740/3333, clip_acc1=17.567567825317383, tta_acc1=9.729729652404785
2025-06-10 06:30:08,929 - log - INFO - iter:740/3333, Original Acc@1: 17.57, Acc@5: 61.62, TTA Acc@1: 9.73, Acc@5: 46.89
2025-06-10 06:31:08,445 - log - INFO - iter:760/3333, clip_acc1=17.894737243652344, tta_acc1=9.736842155456543
2025-06-10 06:31:08,445 - log - INFO - iter:760/3333, Original Acc@1: 17.89, Acc@5: 61.84, TTA Acc@1: 9.74, Acc@5: 46.32
2025-06-10 06:32:07,739 - log - INFO - iter:780/3333, clip_acc1=18.076923370361328, tta_acc1=10.0
2025-06-10 06:32:07,739 - log - INFO - iter:780/3333, Original Acc@1: 18.08, Acc@5: 62.18, TTA Acc@1: 10.00, Acc@5: 47.56
2025-06-10 06:33:07,422 - log - INFO - iter:800/3333, clip_acc1=18.75, tta_acc1=9.75
2025-06-10 06:33:07,422 - log - INFO - iter:800/3333, Original Acc@1: 18.75, Acc@5: 62.50, TTA Acc@1: 9.75, Acc@5: 48.62
2025-06-10 06:34:07,011 - log - INFO - iter:820/3333, clip_acc1=19.7560977935791, tta_acc1=11.09756088256836
2025-06-10 06:34:07,012 - log - INFO - iter:820/3333, Original Acc@1: 19.76, Acc@5: 63.05, TTA Acc@1: 11.10, Acc@5: 49.63
2025-06-10 06:35:06,783 - log - INFO - iter:840/3333, clip_acc1=20.119049072265625, tta_acc1=12.023810386657715
2025-06-10 06:35:06,783 - log - INFO - iter:840/3333, Original Acc@1: 20.12, Acc@5: 63.69, TTA Acc@1: 12.02, Acc@5: 50.71
2025-06-10 06:36:05,902 - log - INFO - iter:860/3333, clip_acc1=20.0, tta_acc1=11.976743698120117
2025-06-10 06:36:05,902 - log - INFO - iter:860/3333, Original Acc@1: 20.00, Acc@5: 64.07, TTA Acc@1: 11.98, Acc@5: 51.28
2025-06-10 06:37:05,401 - log - INFO - iter:880/3333, clip_acc1=20.34090805053711, tta_acc1=12.5
2025-06-10 06:37:05,402 - log - INFO - iter:880/3333, Original Acc@1: 20.34, Acc@5: 64.20, TTA Acc@1: 12.50, Acc@5: 51.93
2025-06-10 06:38:04,833 - log - INFO - iter:900/3333, clip_acc1=21.0, tta_acc1=13.222222328186035
2025-06-10 06:38:04,833 - log - INFO - iter:900/3333, Original Acc@1: 21.00, Acc@5: 64.44, TTA Acc@1: 13.22, Acc@5: 52.44
2025-06-10 06:39:04,079 - log - INFO - iter:920/3333, clip_acc1=20.978260040283203, tta_acc1=13.804347038269043
2025-06-10 06:39:04,080 - log - INFO - iter:920/3333, Original Acc@1: 20.98, Acc@5: 64.57, TTA Acc@1: 13.80, Acc@5: 52.93
2025-06-10 06:40:03,501 - log - INFO - iter:940/3333, clip_acc1=20.851062774658203, tta_acc1=14.042552947998047
2025-06-10 06:40:03,501 - log - INFO - iter:940/3333, Original Acc@1: 20.85, Acc@5: 64.47, TTA Acc@1: 14.04, Acc@5: 53.30
2025-06-10 06:41:02,689 - log - INFO - iter:960/3333, clip_acc1=20.416667938232422, tta_acc1=13.750000953674316
2025-06-10 06:41:02,689 - log - INFO - iter:960/3333, Original Acc@1: 20.42, Acc@5: 64.17, TTA Acc@1: 13.75, Acc@5: 53.33
2025-06-10 06:42:01,843 - log - INFO - iter:980/3333, clip_acc1=20.510202407836914, tta_acc1=13.87755012512207
2025-06-10 06:42:01,844 - log - INFO - iter:980/3333, Original Acc@1: 20.51, Acc@5: 64.59, TTA Acc@1: 13.88, Acc@5: 53.78
2025-06-10 06:43:01,057 - log - INFO - iter:1000/3333, clip_acc1=21.100000381469727, tta_acc1=14.600000381469727
2025-06-10 06:43:01,057 - log - INFO - iter:1000/3333, Original Acc@1: 21.10, Acc@5: 65.00, TTA Acc@1: 14.60, Acc@5: 54.50
2025-06-10 06:44:00,134 - log - INFO - iter:1020/3333, clip_acc1=20.686275482177734, tta_acc1=14.313726425170898
2025-06-10 06:44:00,135 - log - INFO - iter:1020/3333, Original Acc@1: 20.69, Acc@5: 65.20, TTA Acc@1: 14.31, Acc@5: 54.61
2025-06-10 06:44:59,798 - log - INFO - iter:1040/3333, clip_acc1=20.288461685180664, tta_acc1=14.038461685180664
2025-06-10 06:44:59,798 - log - INFO - iter:1040/3333, Original Acc@1: 20.29, Acc@5: 65.58, TTA Acc@1: 14.04, Acc@5: 55.10
2025-06-10 06:45:59,496 - log - INFO - iter:1060/3333, clip_acc1=19.90566062927246, tta_acc1=13.773585319519043
2025-06-10 06:45:59,496 - log - INFO - iter:1060/3333, Original Acc@1: 19.91, Acc@5: 65.66, TTA Acc@1: 13.77, Acc@5: 55.47
2025-06-10 06:46:58,827 - log - INFO - iter:1080/3333, clip_acc1=19.537036895751953, tta_acc1=13.61111068725586
2025-06-10 06:46:58,827 - log - INFO - iter:1080/3333, Original Acc@1: 19.54, Acc@5: 65.74, TTA Acc@1: 13.61, Acc@5: 55.56
2025-06-10 06:47:58,425 - log - INFO - iter:1100/3333, clip_acc1=19.454545974731445, tta_acc1=13.363636016845703
2025-06-10 06:47:58,425 - log - INFO - iter:1100/3333, Original Acc@1: 19.45, Acc@5: 66.09, TTA Acc@1: 13.36, Acc@5: 56.09
2025-06-10 06:48:57,935 - log - INFO - iter:1120/3333, clip_acc1=20.35714340209961, tta_acc1=14.10714340209961
2025-06-10 06:48:57,935 - log - INFO - iter:1120/3333, Original Acc@1: 20.36, Acc@5: 66.70, TTA Acc@1: 14.11, Acc@5: 56.79
2025-06-10 06:49:57,361 - log - INFO - iter:1140/3333, clip_acc1=20.877193450927734, tta_acc1=14.824562072753906
2025-06-10 06:49:57,362 - log - INFO - iter:1140/3333, Original Acc@1: 20.88, Acc@5: 67.11, TTA Acc@1: 14.82, Acc@5: 57.37
2025-06-10 06:50:56,646 - log - INFO - iter:1160/3333, clip_acc1=20.86206817626953, tta_acc1=15.086206436157227
2025-06-10 06:50:56,647 - log - INFO - iter:1160/3333, Original Acc@1: 20.86, Acc@5: 67.24, TTA Acc@1: 15.09, Acc@5: 57.67
2025-06-10 06:51:56,099 - log - INFO - iter:1180/3333, clip_acc1=20.593219757080078, tta_acc1=15.084745407104492
2025-06-10 06:51:56,100 - log - INFO - iter:1180/3333, Original Acc@1: 20.59, Acc@5: 67.12, TTA Acc@1: 15.08, Acc@5: 57.63
2025-06-10 06:52:55,159 - log - INFO - iter:1200/3333, clip_acc1=20.416667938232422, tta_acc1=15.166666984558105
2025-06-10 06:52:55,160 - log - INFO - iter:1200/3333, Original Acc@1: 20.42, Acc@5: 66.83, TTA Acc@1: 15.17, Acc@5: 57.50
2025-06-10 06:53:54,442 - log - INFO - iter:1220/3333, clip_acc1=20.327869415283203, tta_acc1=15.163934707641602
2025-06-10 06:53:54,443 - log - INFO - iter:1220/3333, Original Acc@1: 20.33, Acc@5: 66.48, TTA Acc@1: 15.16, Acc@5: 57.13
2025-06-10 06:54:53,750 - log - INFO - iter:1240/3333, clip_acc1=20.483871459960938, tta_acc1=15.403225898742676
2025-06-10 06:54:53,750 - log - INFO - iter:1240/3333, Original Acc@1: 20.48, Acc@5: 66.37, TTA Acc@1: 15.40, Acc@5: 57.10
2025-06-10 06:55:53,227 - log - INFO - iter:1260/3333, clip_acc1=21.03174591064453, tta_acc1=16.190475463867188
2025-06-10 06:55:53,227 - log - INFO - iter:1260/3333, Original Acc@1: 21.03, Acc@5: 66.75, TTA Acc@1: 16.19, Acc@5: 57.78
2025-06-10 06:56:52,768 - log - INFO - iter:1280/3333, clip_acc1=20.9375, tta_acc1=16.328125
2025-06-10 06:56:52,768 - log - INFO - iter:1280/3333, Original Acc@1: 20.94, Acc@5: 67.11, TTA Acc@1: 16.33, Acc@5: 58.20
2025-06-10 06:57:52,544 - log - INFO - iter:1300/3333, clip_acc1=20.923076629638672, tta_acc1=16.69230842590332
2025-06-10 06:57:52,544 - log - INFO - iter:1300/3333, Original Acc@1: 20.92, Acc@5: 67.46, TTA Acc@1: 16.69, Acc@5: 58.77
2025-06-10 06:58:52,411 - log - INFO - iter:1320/3333, clip_acc1=20.606060028076172, tta_acc1=16.439393997192383
2025-06-10 06:58:52,412 - log - INFO - iter:1320/3333, Original Acc@1: 20.61, Acc@5: 66.89, TTA Acc@1: 16.44, Acc@5: 57.95
2025-06-10 06:59:51,739 - log - INFO - iter:1340/3333, clip_acc1=20.522388458251953, tta_acc1=16.343284606933594
2025-06-10 06:59:51,739 - log - INFO - iter:1340/3333, Original Acc@1: 20.52, Acc@5: 66.57, TTA Acc@1: 16.34, Acc@5: 57.54
2025-06-10 07:00:51,073 - log - INFO - iter:1360/3333, clip_acc1=20.661766052246094, tta_acc1=16.102941513061523
2025-06-10 07:00:51,073 - log - INFO - iter:1360/3333, Original Acc@1: 20.66, Acc@5: 66.76, TTA Acc@1: 16.10, Acc@5: 58.09
2025-06-10 07:01:50,409 - log - INFO - iter:1380/3333, clip_acc1=20.724637985229492, tta_acc1=16.014493942260742
2025-06-10 07:01:50,409 - log - INFO - iter:1380/3333, Original Acc@1: 20.72, Acc@5: 66.81, TTA Acc@1: 16.01, Acc@5: 58.26
2025-06-10 07:02:50,021 - log - INFO - iter:1400/3333, clip_acc1=20.928571701049805, tta_acc1=15.857142448425293
2025-06-10 07:02:50,021 - log - INFO - iter:1400/3333, Original Acc@1: 20.93, Acc@5: 66.86, TTA Acc@1: 15.86, Acc@5: 58.00
2025-06-10 07:03:52,627 - log - INFO - iter:1420/3333, clip_acc1=21.690139770507812, tta_acc1=16.90140724182129
2025-06-10 07:03:52,627 - log - INFO - iter:1420/3333, Original Acc@1: 21.69, Acc@5: 67.18, TTA Acc@1: 16.90, Acc@5: 58.45
2025-06-10 07:04:51,870 - log - INFO - iter:1440/3333, clip_acc1=22.15277862548828, tta_acc1=17.5
2025-06-10 07:04:51,870 - log - INFO - iter:1440/3333, Original Acc@1: 22.15, Acc@5: 67.29, TTA Acc@1: 17.50, Acc@5: 58.89
2025-06-10 07:05:51,384 - log - INFO - iter:1460/3333, clip_acc1=21.849315643310547, tta_acc1=17.328767776489258
2025-06-10 07:05:51,384 - log - INFO - iter:1460/3333, Original Acc@1: 21.85, Acc@5: 67.33, TTA Acc@1: 17.33, Acc@5: 59.11
2025-06-10 07:06:51,033 - log - INFO - iter:1480/3333, clip_acc1=21.62162208557129, tta_acc1=17.16216278076172
2025-06-10 07:06:51,033 - log - INFO - iter:1480/3333, Original Acc@1: 21.62, Acc@5: 66.89, TTA Acc@1: 17.16, Acc@5: 58.99
2025-06-10 07:07:50,859 - log - INFO - iter:1500/3333, clip_acc1=21.33333396911621, tta_acc1=17.200000762939453
2025-06-10 07:07:50,859 - log - INFO - iter:1500/3333, Original Acc@1: 21.33, Acc@5: 66.33, TTA Acc@1: 17.20, Acc@5: 58.80
2025-06-10 07:08:50,302 - log - INFO - iter:1520/3333, clip_acc1=21.11842155456543, tta_acc1=17.171052932739258
2025-06-10 07:08:50,302 - log - INFO - iter:1520/3333, Original Acc@1: 21.12, Acc@5: 65.79, TTA Acc@1: 17.17, Acc@5: 58.75
2025-06-10 07:09:49,849 - log - INFO - iter:1540/3333, clip_acc1=20.84415626525879, tta_acc1=17.14285659790039
2025-06-10 07:09:49,849 - log - INFO - iter:1540/3333, Original Acc@1: 20.84, Acc@5: 65.39, TTA Acc@1: 17.14, Acc@5: 58.38
2025-06-10 07:10:49,124 - log - INFO - iter:1560/3333, clip_acc1=20.576923370361328, tta_acc1=16.987180709838867
2025-06-10 07:10:49,125 - log - INFO - iter:1560/3333, Original Acc@1: 20.58, Acc@5: 65.00, TTA Acc@1: 16.99, Acc@5: 57.88
2025-06-10 07:11:48,556 - log - INFO - iter:1580/3333, clip_acc1=20.822784423828125, tta_acc1=17.531644821166992
2025-06-10 07:11:48,556 - log - INFO - iter:1580/3333, Original Acc@1: 20.82, Acc@5: 65.13, TTA Acc@1: 17.53, Acc@5: 58.23
2025-06-10 07:12:48,090 - log - INFO - iter:1600/3333, clip_acc1=21.4375, tta_acc1=18.375
2025-06-10 07:12:48,091 - log - INFO - iter:1600/3333, Original Acc@1: 21.44, Acc@5: 65.56, TTA Acc@1: 18.38, Acc@5: 58.75
2025-06-10 07:13:47,264 - log - INFO - iter:1620/3333, clip_acc1=22.098766326904297, tta_acc1=19.13580322265625
2025-06-10 07:13:47,264 - log - INFO - iter:1620/3333, Original Acc@1: 22.10, Acc@5: 65.93, TTA Acc@1: 19.14, Acc@5: 59.26
2025-06-10 07:14:47,095 - log - INFO - iter:1640/3333, clip_acc1=22.439023971557617, tta_acc1=19.878047943115234
2025-06-10 07:14:47,095 - log - INFO - iter:1640/3333, Original Acc@1: 22.44, Acc@5: 66.28, TTA Acc@1: 19.88, Acc@5: 59.70
2025-06-10 07:15:46,667 - log - INFO - iter:1660/3333, clip_acc1=22.590362548828125, tta_acc1=20.180723190307617
2025-06-10 07:15:46,667 - log - INFO - iter:1660/3333, Original Acc@1: 22.59, Acc@5: 66.51, TTA Acc@1: 20.18, Acc@5: 60.00
2025-06-10 07:16:45,820 - log - INFO - iter:1680/3333, clip_acc1=22.44047737121582, tta_acc1=20.059524536132812
2025-06-10 07:16:45,820 - log - INFO - iter:1680/3333, Original Acc@1: 22.44, Acc@5: 66.49, TTA Acc@1: 20.06, Acc@5: 60.18
2025-06-10 07:17:45,136 - log - INFO - iter:1700/3333, clip_acc1=22.176469802856445, tta_acc1=19.94117546081543
2025-06-10 07:17:45,136 - log - INFO - iter:1700/3333, Original Acc@1: 22.18, Acc@5: 66.29, TTA Acc@1: 19.94, Acc@5: 60.00
2025-06-10 07:18:44,633 - log - INFO - iter:1720/3333, clip_acc1=22.5, tta_acc1=20.174419403076172
2025-06-10 07:18:44,633 - log - INFO - iter:1720/3333, Original Acc@1: 22.50, Acc@5: 66.34, TTA Acc@1: 20.17, Acc@5: 60.06
2025-06-10 07:19:43,917 - log - INFO - iter:1740/3333, clip_acc1=22.816091537475586, tta_acc1=20.22988510131836
2025-06-10 07:19:43,917 - log - INFO - iter:1740/3333, Original Acc@1: 22.82, Acc@5: 66.44, TTA Acc@1: 20.23, Acc@5: 60.29
2025-06-10 07:20:43,057 - log - INFO - iter:1760/3333, clip_acc1=22.727272033691406, tta_acc1=20.170454025268555
2025-06-10 07:20:43,057 - log - INFO - iter:1760/3333, Original Acc@1: 22.73, Acc@5: 66.31, TTA Acc@1: 20.17, Acc@5: 60.74
2025-06-10 07:21:42,121 - log - INFO - iter:1780/3333, clip_acc1=22.921348571777344, tta_acc1=20.505619049072266
2025-06-10 07:21:42,121 - log - INFO - iter:1780/3333, Original Acc@1: 22.92, Acc@5: 66.52, TTA Acc@1: 20.51, Acc@5: 61.18
2025-06-10 07:22:41,382 - log - INFO - iter:1800/3333, clip_acc1=23.44444465637207, tta_acc1=21.27777862548828
2025-06-10 07:22:41,382 - log - INFO - iter:1800/3333, Original Acc@1: 23.44, Acc@5: 66.72, TTA Acc@1: 21.28, Acc@5: 61.50
2025-06-10 07:23:40,855 - log - INFO - iter:1820/3333, clip_acc1=23.29670524597168, tta_acc1=21.813188552856445
2025-06-10 07:23:40,855 - log - INFO - iter:1820/3333, Original Acc@1: 23.30, Acc@5: 66.43, TTA Acc@1: 21.81, Acc@5: 61.81
2025-06-10 07:24:40,280 - log - INFO - iter:1840/3333, clip_acc1=23.315216064453125, tta_acc1=22.173912048339844
2025-06-10 07:24:40,280 - log - INFO - iter:1840/3333, Original Acc@1: 23.32, Acc@5: 66.14, TTA Acc@1: 22.17, Acc@5: 62.07
2025-06-10 07:25:40,437 - log - INFO - iter:1860/3333, clip_acc1=23.225807189941406, tta_acc1=22.419355392456055
2025-06-10 07:25:40,437 - log - INFO - iter:1860/3333, Original Acc@1: 23.23, Acc@5: 66.02, TTA Acc@1: 22.42, Acc@5: 62.37
2025-06-10 07:26:39,584 - log - INFO - iter:1880/3333, clip_acc1=23.03191375732422, tta_acc1=22.39361572265625
2025-06-10 07:26:39,584 - log - INFO - iter:1880/3333, Original Acc@1: 23.03, Acc@5: 65.69, TTA Acc@1: 22.39, Acc@5: 62.50
2025-06-10 07:27:39,039 - log - INFO - iter:1900/3333, clip_acc1=22.789472579956055, tta_acc1=22.368419647216797
2025-06-10 07:27:39,039 - log - INFO - iter:1900/3333, Original Acc@1: 22.79, Acc@5: 65.32, TTA Acc@1: 22.37, Acc@5: 62.68
2025-06-10 07:28:38,572 - log - INFO - iter:1920/3333, clip_acc1=23.33333396911621, tta_acc1=23.125001907348633
2025-06-10 07:28:38,573 - log - INFO - iter:1920/3333, Original Acc@1: 23.33, Acc@5: 65.62, TTA Acc@1: 23.13, Acc@5: 63.02
2025-06-10 07:29:37,575 - log - INFO - iter:1940/3333, clip_acc1=23.608247756958008, tta_acc1=23.298969268798828
2025-06-10 07:29:37,575 - log - INFO - iter:1940/3333, Original Acc@1: 23.61, Acc@5: 65.67, TTA Acc@1: 23.30, Acc@5: 63.20
2025-06-10 07:30:36,757 - log - INFO - iter:1960/3333, clip_acc1=23.367345809936523, tta_acc1=23.06122398376465
2025-06-10 07:30:36,757 - log - INFO - iter:1960/3333, Original Acc@1: 23.37, Acc@5: 65.46, TTA Acc@1: 23.06, Acc@5: 63.06
2025-06-10 07:31:36,002 - log - INFO - iter:1980/3333, clip_acc1=23.33333396911621, tta_acc1=23.232324600219727
2025-06-10 07:31:36,003 - log - INFO - iter:1980/3333, Original Acc@1: 23.33, Acc@5: 65.35, TTA Acc@1: 23.23, Acc@5: 63.13
2025-06-10 07:32:35,569 - log - INFO - iter:2000/3333, clip_acc1=23.400001525878906, tta_acc1=23.600000381469727
2025-06-10 07:32:35,569 - log - INFO - iter:2000/3333, Original Acc@1: 23.40, Acc@5: 65.60, TTA Acc@1: 23.60, Acc@5: 63.50
2025-06-10 07:33:34,865 - log - INFO - iter:2020/3333, clip_acc1=23.415842056274414, tta_acc1=24.207921981811523
2025-06-10 07:33:34,865 - log - INFO - iter:2020/3333, Original Acc@1: 23.42, Acc@5: 65.89, TTA Acc@1: 24.21, Acc@5: 63.86
2025-06-10 07:34:34,143 - log - INFO - iter:2040/3333, clip_acc1=23.431373596191406, tta_acc1=24.50980567932129
2025-06-10 07:34:34,144 - log - INFO - iter:2040/3333, Original Acc@1: 23.43, Acc@5: 65.88, TTA Acc@1: 24.51, Acc@5: 64.12
2025-06-10 07:35:33,391 - log - INFO - iter:2060/3333, clip_acc1=23.543689727783203, tta_acc1=24.514564514160156
2025-06-10 07:35:33,391 - log - INFO - iter:2060/3333, Original Acc@1: 23.54, Acc@5: 66.17, TTA Acc@1: 24.51, Acc@5: 64.32
2025-06-10 07:36:32,719 - log - INFO - iter:2080/3333, clip_acc1=23.413461685180664, tta_acc1=24.278846740722656
2025-06-10 07:36:32,719 - log - INFO - iter:2080/3333, Original Acc@1: 23.41, Acc@5: 65.82, TTA Acc@1: 24.28, Acc@5: 63.89
2025-06-10 07:37:32,231 - log - INFO - iter:2100/3333, clip_acc1=23.190475463867188, tta_acc1=24.047618865966797
2025-06-10 07:37:32,232 - log - INFO - iter:2100/3333, Original Acc@1: 23.19, Acc@5: 65.19, TTA Acc@1: 24.05, Acc@5: 63.33
2025-06-10 07:38:31,638 - log - INFO - iter:2120/3333, clip_acc1=23.537736892700195, tta_acc1=24.10377311706543
2025-06-10 07:38:31,639 - log - INFO - iter:2120/3333, Original Acc@1: 23.54, Acc@5: 65.52, TTA Acc@1: 24.10, Acc@5: 63.68
2025-06-10 07:39:31,176 - log - INFO - iter:2140/3333, clip_acc1=23.738319396972656, tta_acc1=24.018692016601562
2025-06-10 07:39:31,176 - log - INFO - iter:2140/3333, Original Acc@1: 23.74, Acc@5: 65.47, TTA Acc@1: 24.02, Acc@5: 63.79
2025-06-10 07:40:30,962 - log - INFO - iter:2160/3333, clip_acc1=23.518518447875977, tta_acc1=23.796295166015625
2025-06-10 07:40:30,962 - log - INFO - iter:2160/3333, Original Acc@1: 23.52, Acc@5: 64.91, TTA Acc@1: 23.80, Acc@5: 63.24
2025-06-10 07:41:30,957 - log - INFO - iter:2180/3333, clip_acc1=23.302751541137695, tta_acc1=23.71559715270996
2025-06-10 07:41:30,957 - log - INFO - iter:2180/3333, Original Acc@1: 23.30, Acc@5: 64.50, TTA Acc@1: 23.72, Acc@5: 63.12
2025-06-10 07:42:30,765 - log - INFO - iter:2200/3333, clip_acc1=23.18181800842285, tta_acc1=23.81818199157715
2025-06-10 07:42:30,765 - log - INFO - iter:2200/3333, Original Acc@1: 23.18, Acc@5: 64.27, TTA Acc@1: 23.82, Acc@5: 63.09
2025-06-10 07:43:30,519 - log - INFO - iter:2220/3333, clip_acc1=22.972972869873047, tta_acc1=23.60360336303711
2025-06-10 07:43:30,520 - log - INFO - iter:2220/3333, Original Acc@1: 22.97, Acc@5: 63.78, TTA Acc@1: 23.60, Acc@5: 62.75
2025-06-10 07:44:30,326 - log - INFO - iter:2240/3333, clip_acc1=22.76785659790039, tta_acc1=23.39285659790039
2025-06-10 07:44:30,327 - log - INFO - iter:2240/3333, Original Acc@1: 22.77, Acc@5: 63.21, TTA Acc@1: 23.39, Acc@5: 62.32
2025-06-10 07:45:30,071 - log - INFO - iter:2260/3333, clip_acc1=22.56637191772461, tta_acc1=23.185840606689453
2025-06-10 07:45:30,071 - log - INFO - iter:2260/3333, Original Acc@1: 22.57, Acc@5: 62.74, TTA Acc@1: 23.19, Acc@5: 61.81
2025-06-10 07:46:29,397 - log - INFO - iter:2280/3333, clip_acc1=22.36842155456543, tta_acc1=23.026315689086914
2025-06-10 07:46:29,397 - log - INFO - iter:2280/3333, Original Acc@1: 22.37, Acc@5: 62.28, TTA Acc@1: 23.03, Acc@5: 61.49
2025-06-10 07:47:28,891 - log - INFO - iter:2300/3333, clip_acc1=22.173913955688477, tta_acc1=22.826087951660156
2025-06-10 07:47:28,891 - log - INFO - iter:2300/3333, Original Acc@1: 22.17, Acc@5: 61.87, TTA Acc@1: 22.83, Acc@5: 61.17
2025-06-10 07:48:28,360 - log - INFO - iter:2320/3333, clip_acc1=22.11206817626953, tta_acc1=22.88793182373047
2025-06-10 07:48:28,360 - log - INFO - iter:2320/3333, Original Acc@1: 22.11, Acc@5: 61.59, TTA Acc@1: 22.89, Acc@5: 61.03
2025-06-10 07:49:28,185 - log - INFO - iter:2340/3333, clip_acc1=21.96581268310547, tta_acc1=22.735042572021484
2025-06-10 07:49:28,185 - log - INFO - iter:2340/3333, Original Acc@1: 21.97, Acc@5: 61.24, TTA Acc@1: 22.74, Acc@5: 60.85
2025-06-10 07:50:27,625 - log - INFO - iter:2360/3333, clip_acc1=21.822032928466797, tta_acc1=22.669490814208984
2025-06-10 07:50:27,626 - log - INFO - iter:2360/3333, Original Acc@1: 21.82, Acc@5: 61.02, TTA Acc@1: 22.67, Acc@5: 61.02
2025-06-10 07:51:27,159 - log - INFO - iter:2380/3333, clip_acc1=22.14285659790039, tta_acc1=23.109243392944336
2025-06-10 07:51:27,160 - log - INFO - iter:2380/3333, Original Acc@1: 22.14, Acc@5: 61.13, TTA Acc@1: 23.11, Acc@5: 61.26
2025-06-10 07:52:26,580 - log - INFO - iter:2400/3333, clip_acc1=22.791667938232422, tta_acc1=23.75
2025-06-10 07:52:26,581 - log - INFO - iter:2400/3333, Original Acc@1: 22.79, Acc@5: 61.46, TTA Acc@1: 23.75, Acc@5: 61.58
2025-06-10 07:53:26,231 - log - INFO - iter:2420/3333, clip_acc1=23.388429641723633, tta_acc1=24.380165100097656
2025-06-10 07:53:26,232 - log - INFO - iter:2420/3333, Original Acc@1: 23.39, Acc@5: 61.78, TTA Acc@1: 24.38, Acc@5: 61.90
2025-06-10 07:54:25,805 - log - INFO - iter:2440/3333, clip_acc1=23.852458953857422, tta_acc1=25.0
2025-06-10 07:54:25,806 - log - INFO - iter:2440/3333, Original Acc@1: 23.85, Acc@5: 62.05, TTA Acc@1: 25.00, Acc@5: 62.21
2025-06-10 07:55:25,288 - log - INFO - iter:2460/3333, clip_acc1=24.227642059326172, tta_acc1=25.56910514831543
2025-06-10 07:55:25,289 - log - INFO - iter:2460/3333, Original Acc@1: 24.23, Acc@5: 62.24, TTA Acc@1: 25.57, Acc@5: 62.52
2025-06-10 07:56:25,228 - log - INFO - iter:2480/3333, clip_acc1=24.15322494506836, tta_acc1=25.645160675048828
2025-06-10 07:56:25,228 - log - INFO - iter:2480/3333, Original Acc@1: 24.15, Acc@5: 62.26, TTA Acc@1: 25.65, Acc@5: 62.42
2025-06-10 07:57:24,831 - log - INFO - iter:2500/3333, clip_acc1=24.0, tta_acc1=25.51999855041504
2025-06-10 07:57:24,831 - log - INFO - iter:2500/3333, Original Acc@1: 24.00, Acc@5: 62.40, TTA Acc@1: 25.52, Acc@5: 62.44
2025-06-10 07:58:24,415 - log - INFO - iter:2520/3333, clip_acc1=24.404762268066406, tta_acc1=25.753969192504883
2025-06-10 07:58:24,415 - log - INFO - iter:2520/3333, Original Acc@1: 24.40, Acc@5: 62.66, TTA Acc@1: 25.75, Acc@5: 62.70
2025-06-10 07:59:24,291 - log - INFO - iter:2540/3333, clip_acc1=24.56692886352539, tta_acc1=26.023622512817383
2025-06-10 07:59:24,292 - log - INFO - iter:2540/3333, Original Acc@1: 24.57, Acc@5: 62.91, TTA Acc@1: 26.02, Acc@5: 62.87
2025-06-10 08:00:23,841 - log - INFO - iter:2560/3333, clip_acc1=24.609375, tta_acc1=26.25
2025-06-10 08:00:23,841 - log - INFO - iter:2560/3333, Original Acc@1: 24.61, Acc@5: 62.89, TTA Acc@1: 26.25, Acc@5: 63.05
2025-06-10 08:01:22,989 - log - INFO - iter:2580/3333, clip_acc1=24.65116310119629, tta_acc1=26.317829132080078
2025-06-10 08:01:22,990 - log - INFO - iter:2580/3333, Original Acc@1: 24.65, Acc@5: 63.02, TTA Acc@1: 26.32, Acc@5: 63.26
2025-06-10 08:02:22,515 - log - INFO - iter:2600/3333, clip_acc1=24.884614944458008, tta_acc1=26.269229888916016
2025-06-10 08:02:22,516 - log - INFO - iter:2600/3333, Original Acc@1: 24.88, Acc@5: 63.12, TTA Acc@1: 26.27, Acc@5: 63.46
2025-06-10 08:03:27,027 - log - INFO - iter:2620/3333, clip_acc1=25.152671813964844, tta_acc1=26.488550186157227
2025-06-10 08:03:27,028 - log - INFO - iter:2620/3333, Original Acc@1: 25.15, Acc@5: 63.36, TTA Acc@1: 26.49, Acc@5: 63.70
2025-06-10 08:04:26,457 - log - INFO - iter:2640/3333, clip_acc1=25.26515007019043, tta_acc1=26.51515007019043
2025-06-10 08:04:26,457 - log - INFO - iter:2640/3333, Original Acc@1: 25.27, Acc@5: 63.52, TTA Acc@1: 26.52, Acc@5: 63.90
2025-06-10 08:05:26,251 - log - INFO - iter:2660/3333, clip_acc1=25.112781524658203, tta_acc1=26.616540908813477
2025-06-10 08:05:26,252 - log - INFO - iter:2660/3333, Original Acc@1: 25.11, Acc@5: 63.61, TTA Acc@1: 26.62, Acc@5: 64.10
2025-06-10 08:06:25,758 - log - INFO - iter:2680/3333, clip_acc1=25.298507690429688, tta_acc1=26.604476928710938
2025-06-10 08:06:25,758 - log - INFO - iter:2680/3333, Original Acc@1: 25.30, Acc@5: 63.77, TTA Acc@1: 26.60, Acc@5: 64.33
2025-06-10 08:07:25,496 - log - INFO - iter:2700/3333, clip_acc1=25.77777862548828, tta_acc1=26.44444465637207
2025-06-10 08:07:25,496 - log - INFO - iter:2700/3333, Original Acc@1: 25.78, Acc@5: 64.04, TTA Acc@1: 26.44, Acc@5: 64.59
2025-06-10 08:08:25,577 - log - INFO - iter:2720/3333, clip_acc1=25.661766052246094, tta_acc1=26.875
2025-06-10 08:08:25,577 - log - INFO - iter:2720/3333, Original Acc@1: 25.66, Acc@5: 64.23, TTA Acc@1: 26.88, Acc@5: 64.85
2025-06-10 08:09:25,708 - log - INFO - iter:2740/3333, clip_acc1=25.656932830810547, tta_acc1=27.37226104736328
2025-06-10 08:09:25,709 - log - INFO - iter:2740/3333, Original Acc@1: 25.66, Acc@5: 64.49, TTA Acc@1: 27.37, Acc@5: 65.11
2025-06-10 08:10:24,942 - log - INFO - iter:2760/3333, clip_acc1=25.869565963745117, tta_acc1=27.89855194091797
2025-06-10 08:10:24,943 - log - INFO - iter:2760/3333, Original Acc@1: 25.87, Acc@5: 64.71, TTA Acc@1: 27.90, Acc@5: 65.36
2025-06-10 08:11:24,317 - log - INFO - iter:2780/3333, clip_acc1=26.04316520690918, tta_acc1=28.34532356262207
2025-06-10 08:11:24,317 - log - INFO - iter:2780/3333, Original Acc@1: 26.04, Acc@5: 64.86, TTA Acc@1: 28.35, Acc@5: 65.58
2025-06-10 08:12:23,699 - log - INFO - iter:2800/3333, clip_acc1=26.14285659790039, tta_acc1=28.714284896850586
2025-06-10 08:12:23,699 - log - INFO - iter:2800/3333, Original Acc@1: 26.14, Acc@5: 65.07, TTA Acc@1: 28.71, Acc@5: 65.79
2025-06-10 08:13:22,923 - log - INFO - iter:2820/3333, clip_acc1=25.95744514465332, tta_acc1=29.007091522216797
2025-06-10 08:13:22,923 - log - INFO - iter:2820/3333, Original Acc@1: 25.96, Acc@5: 64.65, TTA Acc@1: 29.01, Acc@5: 65.96
2025-06-10 08:14:22,135 - log - INFO - iter:2840/3333, clip_acc1=25.845069885253906, tta_acc1=29.15492820739746
2025-06-10 08:14:22,135 - log - INFO - iter:2840/3333, Original Acc@1: 25.85, Acc@5: 64.33, TTA Acc@1: 29.15, Acc@5: 66.16
2025-06-10 08:15:23,194 - log - INFO - iter:2860/3333, clip_acc1=25.90909194946289, tta_acc1=29.335664749145508
2025-06-10 08:15:23,194 - log - INFO - iter:2860/3333, Original Acc@1: 25.91, Acc@5: 64.34, TTA Acc@1: 29.34, Acc@5: 66.36
2025-06-10 08:16:22,666 - log - INFO - iter:2880/3333, clip_acc1=25.83333396911621, tta_acc1=29.20138931274414
2025-06-10 08:16:22,666 - log - INFO - iter:2880/3333, Original Acc@1: 25.83, Acc@5: 64.34, TTA Acc@1: 29.20, Acc@5: 66.60
2025-06-10 08:17:21,898 - log - INFO - iter:2900/3333, clip_acc1=25.79310417175293, tta_acc1=29.0
2025-06-10 08:17:21,898 - log - INFO - iter:2900/3333, Original Acc@1: 25.79, Acc@5: 64.21, TTA Acc@1: 29.00, Acc@5: 66.76
2025-06-10 08:18:21,259 - log - INFO - iter:2920/3333, clip_acc1=25.616439819335938, tta_acc1=28.97260284423828
2025-06-10 08:18:21,260 - log - INFO - iter:2920/3333, Original Acc@1: 25.62, Acc@5: 63.90, TTA Acc@1: 28.97, Acc@5: 66.88
2025-06-10 08:19:20,592 - log - INFO - iter:2940/3333, clip_acc1=25.442176818847656, tta_acc1=28.945579528808594
2025-06-10 08:19:20,592 - log - INFO - iter:2940/3333, Original Acc@1: 25.44, Acc@5: 63.74, TTA Acc@1: 28.95, Acc@5: 66.94
2025-06-10 08:20:20,004 - log - INFO - iter:2960/3333, clip_acc1=25.304054260253906, tta_acc1=28.783784866333008
2025-06-10 08:20:20,004 - log - INFO - iter:2960/3333, Original Acc@1: 25.30, Acc@5: 63.55, TTA Acc@1: 28.78, Acc@5: 66.79
2025-06-10 08:21:19,336 - log - INFO - iter:2980/3333, clip_acc1=25.268457412719727, tta_acc1=28.69127655029297
2025-06-10 08:21:19,337 - log - INFO - iter:2980/3333, Original Acc@1: 25.27, Acc@5: 63.52, TTA Acc@1: 28.69, Acc@5: 66.68
2025-06-10 08:22:18,613 - log - INFO - iter:3000/3333, clip_acc1=25.233333587646484, tta_acc1=28.566665649414062
2025-06-10 08:22:18,613 - log - INFO - iter:3000/3333, Original Acc@1: 25.23, Acc@5: 63.40, TTA Acc@1: 28.57, Acc@5: 66.40
2025-06-10 08:23:17,878 - log - INFO - iter:3020/3333, clip_acc1=25.066225051879883, tta_acc1=28.377483367919922
2025-06-10 08:23:17,878 - log - INFO - iter:3020/3333, Original Acc@1: 25.07, Acc@5: 62.98, TTA Acc@1: 28.38, Acc@5: 65.96
2025-06-10 08:24:17,296 - log - INFO - iter:3040/3333, clip_acc1=24.901317596435547, tta_acc1=28.22368621826172
2025-06-10 08:24:17,297 - log - INFO - iter:3040/3333, Original Acc@1: 24.90, Acc@5: 62.57, TTA Acc@1: 28.22, Acc@5: 65.69
2025-06-10 08:25:17,236 - log - INFO - iter:3060/3333, clip_acc1=24.803922653198242, tta_acc1=28.562091827392578
2025-06-10 08:25:17,236 - log - INFO - iter:3060/3333, Original Acc@1: 24.80, Acc@5: 62.45, TTA Acc@1: 28.56, Acc@5: 65.85
2025-06-10 08:26:15,994 - log - INFO - iter:3080/3333, clip_acc1=24.675323486328125, tta_acc1=28.47402572631836
2025-06-10 08:26:15,995 - log - INFO - iter:3080/3333, Original Acc@1: 24.68, Acc@5: 62.18, TTA Acc@1: 28.47, Acc@5: 65.62
2025-06-10 08:27:15,338 - log - INFO - iter:3100/3333, clip_acc1=24.516130447387695, tta_acc1=28.29032325744629
2025-06-10 08:27:15,338 - log - INFO - iter:3100/3333, Original Acc@1: 24.52, Acc@5: 61.90, TTA Acc@1: 28.29, Acc@5: 65.19
2025-06-10 08:28:14,660 - log - INFO - iter:3120/3333, clip_acc1=24.455129623413086, tta_acc1=28.30128288269043
2025-06-10 08:28:14,661 - log - INFO - iter:3120/3333, Original Acc@1: 24.46, Acc@5: 61.99, TTA Acc@1: 28.30, Acc@5: 65.38
2025-06-10 08:29:13,989 - log - INFO - iter:3140/3333, clip_acc1=24.39490509033203, tta_acc1=28.471338272094727
2025-06-10 08:29:13,990 - log - INFO - iter:3140/3333, Original Acc@1: 24.39, Acc@5: 61.97, TTA Acc@1: 28.47, Acc@5: 65.54
2025-06-10 08:30:13,356 - log - INFO - iter:3160/3333, clip_acc1=24.43037986755371, tta_acc1=28.44936752319336
2025-06-10 08:30:13,357 - log - INFO - iter:3160/3333, Original Acc@1: 24.43, Acc@5: 61.93, TTA Acc@1: 28.45, Acc@5: 65.70
2025-06-10 08:31:12,701 - log - INFO - iter:3180/3333, clip_acc1=24.68553352355957, tta_acc1=28.773584365844727
2025-06-10 08:31:12,702 - log - INFO - iter:3180/3333, Original Acc@1: 24.69, Acc@5: 62.11, TTA Acc@1: 28.77, Acc@5: 65.88
2025-06-10 08:32:11,953 - log - INFO - iter:3200/3333, clip_acc1=25.09375, tta_acc1=29.1875
2025-06-10 08:32:11,954 - log - INFO - iter:3200/3333, Original Acc@1: 25.09, Acc@5: 62.34, TTA Acc@1: 29.19, Acc@5: 66.09
2025-06-10 08:33:11,963 - log - INFO - iter:3220/3333, clip_acc1=24.968944549560547, tta_acc1=29.192546844482422
2025-06-10 08:33:11,963 - log - INFO - iter:3220/3333, Original Acc@1: 24.97, Acc@5: 62.27, TTA Acc@1: 29.19, Acc@5: 65.99
2025-06-10 08:34:11,870 - log - INFO - iter:3240/3333, clip_acc1=24.876544952392578, tta_acc1=29.197532653808594
2025-06-10 08:34:11,870 - log - INFO - iter:3240/3333, Original Acc@1: 24.88, Acc@5: 62.22, TTA Acc@1: 29.20, Acc@5: 65.83
2025-06-10 08:35:11,151 - log - INFO - iter:3260/3333, clip_acc1=24.754600524902344, tta_acc1=29.110429763793945
2025-06-10 08:35:11,152 - log - INFO - iter:3260/3333, Original Acc@1: 24.75, Acc@5: 62.12, TTA Acc@1: 29.11, Acc@5: 65.80
2025-06-10 08:36:10,371 - log - INFO - iter:3280/3333, clip_acc1=24.786584854125977, tta_acc1=29.207317352294922
2025-06-10 08:36:10,371 - log - INFO - iter:3280/3333, Original Acc@1: 24.79, Acc@5: 62.01, TTA Acc@1: 29.21, Acc@5: 65.85
2025-06-10 08:37:09,800 - log - INFO - iter:3300/3333, clip_acc1=24.787878036499023, tta_acc1=29.33333396911621
2025-06-10 08:37:09,801 - log - INFO - iter:3300/3333, Original Acc@1: 24.79, Acc@5: 62.03, TTA Acc@1: 29.33, Acc@5: 65.91
2025-06-10 08:38:09,133 - log - INFO - iter:3320/3333, clip_acc1=24.6385555267334, tta_acc1=29.156627655029297
2025-06-10 08:38:09,133 - log - INFO - iter:3320/3333, Original Acc@1: 24.64, Acc@5: 61.72, TTA Acc@1: 29.16, Acc@5: 65.57
2025-06-10 08:38:44,608 - log - INFO - iter:3333/3333, clip_acc1=24.54245376586914, tta_acc1=29.042903900146484
2025-06-10 08:38:44,608 - log - INFO - iter:3333/3333, Original Acc@1: 24.54, Acc@5: 61.54, TTA Acc@1: 29.04, Acc@5: 65.35
2025-06-10 08:38:44,758 - log - INFO - Final results - Original Acc@1: 24.54, Acc@5: 61.54, TTA Acc@1: 29.04, Acc@5: 65.35
2025-06-10 08:38:44,758 - log - INFO - Improvement from TTA in Acc@1 4.50, and Acc@5 3.81
2025-06-10 08:38:44,759 - log - INFO - Number of selected samples with index 0: 1255
2025-06-10 08:38:44,759 - log - INFO - Number of samples in the dataset: 3333
2025-06-10 08:38:44,797 - log - INFO - Selected IDs saved to /leonardo_work/EUHPC_R04_192/fmohamma/Adversarial_Robust_Clip/ATPT/Final_Results/ViT-L/14/Aircraft/Clean/Counter_Attack/Eps_2_0_Steps_2_Alpha_1_0/tau_0_2_beta_2_0_weighted_pertrubation_True/TPT/Optimization_Loss_rtpt_LR_0_005_Optimization_Steps_1_View_Selection_Fraction_0_1/Inference_Ensemble_vanilla/selected_topk.json
2025-06-10 08:38:45,014 - log - INFO - Batch entropies saved to /leonardo_work/EUHPC_R04_192/fmohamma/Adversarial_Robust_Clip/ATPT/Final_Results/ViT-L/14/Aircraft/Clean/Counter_Attack/Eps_2_0_Steps_2_Alpha_1_0/tau_0_2_beta_2_0_weighted_pertrubation_True/TPT/Optimization_Loss_rtpt_LR_0_005_Optimization_Steps_1_View_Selection_Fraction_0_1/Inference_Ensemble_vanilla/entropies.json
2025-06-10 08:38:45,017 - log - INFO - => Acc. on testset [Aircraft]: Clean Acc @1 24.54245376586914/ TTA Clean Acc @1 29.042903900146484, Clean Acc @5 61.53615188598633/ TTA Clean Acc @5 65.3465347290039
2025-06-10 08:38:45,017 - log - INFO - Total script execution time: 9993.58 seconds (166.56 minutes)
