2025-06-16 05:28:43,702 - log - INFO - ==========================================
data:/l/users/hashmat.malik/downstream_datasets
test_sets:Flower102
dataset_mode:test
arch:fare4
resolution:224
workers:4
no_pin_memory:False
batch_size:64
print_freq:20
gpu:0
no_cudnn_benchmark:False
n_ctx:4
ctx_init:a_photo_of_a
tpt_loss:rtpt
seed:0
output_dir:/l/users/hashmat.malik/atpt_results/fare4/Flower102
log_output_dir:/l/users/hashmat.malik/Projects/ATPT/Final_Results/fare4/Flower102
eps:0.0
alpha:0.0
alpha_eps_ratio:4.0
steps:0
lr:0.005
selection_p:0.1
tta_steps:1
ensemble_type:vanilla
top_k:20
softmax_temp:0.01
counter_attack:True
counter_attack_type:pgd
counter_attack_steps:0
counter_attack_eps:2.0
counter_attack_alpha:1.0
counter_attack_tau_thres:0.2
counter_attack_beta:2.0
counter_attack_weighted_perturbations:True
pgd_clip_pure_i_text_embeddings:null
pgd_counter_and_clipure_i_lamda:1.0
selected_id_name:selected_topk.json
weighted_score_name:weighted_scores.json
batch_entropy_name:entropies.json
log_dir:/l/users/hashmat.malik/Projects/ATPT/Final_Results/fare4/Flower102/Clean/Counter_Attack/Eps_2_0_Steps_0_Alpha_1_0/tau_0_2_beta_2_0_weighted_pertrubation_True/TPT/Optimization_Loss_rtpt_LR_0_005_Optimization_Steps_1_View_Selection_Fraction_0_1/Inference_Ensemble_vanilla

2025-06-16 05:28:43,703 - log - INFO - Use GPU: 0 for training
2025-06-16 05:28:56,057 - log - INFO - Freezing all parameters except prompt learner
2025-06-16 05:28:56,059 - log - INFO - => Model created: visual backbone fare4
2025-06-16 05:28:56,071 - log - INFO - Number of test samples: 2463
2025-06-16 05:28:56,072 - log - INFO - Evaluating dataset: Flower102
2025-06-16 05:28:56,073 - log - INFO - Starting evaluation with batch size: 64, selection percentage: 0.1
2025-06-16 05:28:56,073 - log - INFO - Test-time adaptation steps: 1, learning rate: 0.005
2025-06-16 05:28:56,073 - log - INFO - Using counter-attack with epsilon: 2.000000, alpha: 0.000000, steps: 0, tau_thres: 0.2, beta: 2.0, weighted perturbation: True
2025-06-16 05:30:03,228 - log - INFO - iter:20/2463, clip_acc1=80.0, tta_acc1=65.0
2025-06-16 05:30:03,229 - log - INFO - iter:20/2463, Original Acc@1: 80.00, Acc@5: 95.00, TTA Acc@1: 65.00, Acc@5: 85.00
2025-06-16 05:31:08,536 - log - INFO - iter:40/2463, clip_acc1=85.0, tta_acc1=75.0
2025-06-16 05:31:08,537 - log - INFO - iter:40/2463, Original Acc@1: 85.00, Acc@5: 97.50, TTA Acc@1: 75.00, Acc@5: 90.00
2025-06-16 05:32:13,277 - log - INFO - iter:60/2463, clip_acc1=90.00000762939453, tta_acc1=76.66667175292969
2025-06-16 05:32:13,277 - log - INFO - iter:60/2463, Original Acc@1: 90.00, Acc@5: 98.33, TTA Acc@1: 76.67, Acc@5: 91.67
2025-06-16 05:33:18,404 - log - INFO - iter:80/2463, clip_acc1=90.0, tta_acc1=77.5
2025-06-16 05:33:18,405 - log - INFO - iter:80/2463, Original Acc@1: 90.00, Acc@5: 98.75, TTA Acc@1: 77.50, Acc@5: 92.50
2025-06-16 05:34:23,734 - log - INFO - iter:100/2463, clip_acc1=90.0, tta_acc1=79.0
2025-06-16 05:34:23,734 - log - INFO - iter:100/2463, Original Acc@1: 90.00, Acc@5: 99.00, TTA Acc@1: 79.00, Acc@5: 93.00
2025-06-16 05:35:29,314 - log - INFO - iter:120/2463, clip_acc1=88.33333587646484, tta_acc1=76.66667175292969
2025-06-16 05:35:29,315 - log - INFO - iter:120/2463, Original Acc@1: 88.33, Acc@5: 98.33, TTA Acc@1: 76.67, Acc@5: 92.50
2025-06-16 05:36:34,209 - log - INFO - iter:140/2463, clip_acc1=89.28571319580078, tta_acc1=77.85713958740234
2025-06-16 05:36:34,210 - log - INFO - iter:140/2463, Original Acc@1: 89.29, Acc@5: 97.86, TTA Acc@1: 77.86, Acc@5: 92.86
2025-06-16 05:37:39,543 - log - INFO - iter:160/2463, clip_acc1=88.125, tta_acc1=76.875
2025-06-16 05:37:39,544 - log - INFO - iter:160/2463, Original Acc@1: 88.12, Acc@5: 96.25, TTA Acc@1: 76.88, Acc@5: 91.25
2025-06-16 05:38:44,986 - log - INFO - iter:180/2463, clip_acc1=85.0, tta_acc1=75.0
2025-06-16 05:38:44,986 - log - INFO - iter:180/2463, Original Acc@1: 85.00, Acc@5: 96.11, TTA Acc@1: 75.00, Acc@5: 91.11
2025-06-16 05:39:49,995 - log - INFO - iter:200/2463, clip_acc1=76.5, tta_acc1=67.5
2025-06-16 05:39:49,995 - log - INFO - iter:200/2463, Original Acc@1: 76.50, Acc@5: 86.50, TTA Acc@1: 67.50, Acc@5: 82.00
2025-06-16 05:40:55,118 - log - INFO - iter:220/2463, clip_acc1=69.54545593261719, tta_acc1=61.3636360168457
2025-06-16 05:40:55,119 - log - INFO - iter:220/2463, Original Acc@1: 69.55, Acc@5: 78.64, TTA Acc@1: 61.36, Acc@5: 74.55
2025-06-16 05:41:59,700 - log - INFO - iter:240/2463, clip_acc1=64.58333587646484, tta_acc1=57.083335876464844
2025-06-16 05:41:59,700 - log - INFO - iter:240/2463, Original Acc@1: 64.58, Acc@5: 74.17, TTA Acc@1: 57.08, Acc@5: 70.00
2025-06-16 05:43:04,639 - log - INFO - iter:260/2463, clip_acc1=63.46154022216797, tta_acc1=57.30769348144531
2025-06-16 05:43:04,640 - log - INFO - iter:260/2463, Original Acc@1: 63.46, Acc@5: 74.62, TTA Acc@1: 57.31, Acc@5: 70.77
2025-06-16 05:44:09,885 - log - INFO - iter:280/2463, clip_acc1=62.5, tta_acc1=56.42857360839844
2025-06-16 05:44:09,886 - log - INFO - iter:280/2463, Original Acc@1: 62.50, Acc@5: 76.07, TTA Acc@1: 56.43, Acc@5: 70.36
2025-06-16 05:45:15,222 - log - INFO - iter:300/2463, clip_acc1=59.333335876464844, tta_acc1=55.66666793823242
2025-06-16 05:45:15,223 - log - INFO - iter:300/2463, Original Acc@1: 59.33, Acc@5: 77.67, TTA Acc@1: 55.67, Acc@5: 70.33
2025-06-16 05:46:20,203 - log - INFO - iter:320/2463, clip_acc1=56.25, tta_acc1=53.75
2025-06-16 05:46:20,203 - log - INFO - iter:320/2463, Original Acc@1: 56.25, Acc@5: 77.81, TTA Acc@1: 53.75, Acc@5: 70.94
2025-06-16 05:47:25,791 - log - INFO - iter:340/2463, clip_acc1=53.52941131591797, tta_acc1=52.352943420410156
2025-06-16 05:47:25,792 - log - INFO - iter:340/2463, Original Acc@1: 53.53, Acc@5: 78.24, TTA Acc@1: 52.35, Acc@5: 69.41
2025-06-16 05:48:30,960 - log - INFO - iter:360/2463, clip_acc1=53.88888931274414, tta_acc1=52.5
2025-06-16 05:48:30,960 - log - INFO - iter:360/2463, Original Acc@1: 53.89, Acc@5: 79.17, TTA Acc@1: 52.50, Acc@5: 70.56
2025-06-16 05:49:36,023 - log - INFO - iter:380/2463, clip_acc1=54.47368621826172, tta_acc1=53.42105484008789
2025-06-16 05:49:36,023 - log - INFO - iter:380/2463, Original Acc@1: 54.47, Acc@5: 79.74, TTA Acc@1: 53.42, Acc@5: 71.58
2025-06-16 05:50:41,431 - log - INFO - iter:400/2463, clip_acc1=56.0, tta_acc1=54.75
2025-06-16 05:50:41,431 - log - INFO - iter:400/2463, Original Acc@1: 56.00, Acc@5: 80.50, TTA Acc@1: 54.75, Acc@5: 72.50
2025-06-16 05:51:46,198 - log - INFO - iter:420/2463, clip_acc1=55.23809814453125, tta_acc1=54.761905670166016
2025-06-16 05:51:46,198 - log - INFO - iter:420/2463, Original Acc@1: 55.24, Acc@5: 80.71, TTA Acc@1: 54.76, Acc@5: 72.62
2025-06-16 05:52:50,886 - log - INFO - iter:440/2463, clip_acc1=53.409088134765625, tta_acc1=53.409088134765625
2025-06-16 05:52:50,886 - log - INFO - iter:440/2463, Original Acc@1: 53.41, Acc@5: 80.91, TTA Acc@1: 53.41, Acc@5: 72.73
2025-06-16 05:53:55,450 - log - INFO - iter:460/2463, clip_acc1=52.60869216918945, tta_acc1=53.4782600402832
2025-06-16 05:53:55,451 - log - INFO - iter:460/2463, Original Acc@1: 52.61, Acc@5: 81.30, TTA Acc@1: 53.48, Acc@5: 73.70
2025-06-16 05:55:00,546 - log - INFO - iter:480/2463, clip_acc1=52.500003814697266, tta_acc1=53.958335876464844
2025-06-16 05:55:00,547 - log - INFO - iter:480/2463, Original Acc@1: 52.50, Acc@5: 81.67, TTA Acc@1: 53.96, Acc@5: 74.38
2025-06-16 05:56:05,154 - log - INFO - iter:500/2463, clip_acc1=54.20000076293945, tta_acc1=55.60000228881836
2025-06-16 05:56:05,154 - log - INFO - iter:500/2463, Original Acc@1: 54.20, Acc@5: 82.40, TTA Acc@1: 55.60, Acc@5: 75.20
2025-06-16 05:57:10,656 - log - INFO - iter:520/2463, clip_acc1=55.769229888916016, tta_acc1=55.769229888916016
2025-06-16 05:57:10,656 - log - INFO - iter:520/2463, Original Acc@1: 55.77, Acc@5: 83.08, TTA Acc@1: 55.77, Acc@5: 75.96
2025-06-16 05:58:15,754 - log - INFO - iter:540/2463, clip_acc1=56.11111068725586, tta_acc1=55.5555534362793
2025-06-16 05:58:15,755 - log - INFO - iter:540/2463, Original Acc@1: 56.11, Acc@5: 83.52, TTA Acc@1: 55.56, Acc@5: 76.11
2025-06-16 05:59:20,187 - log - INFO - iter:560/2463, clip_acc1=56.60714340209961, tta_acc1=55.89285659790039
2025-06-16 05:59:20,188 - log - INFO - iter:560/2463, Original Acc@1: 56.61, Acc@5: 83.75, TTA Acc@1: 55.89, Acc@5: 76.61
2025-06-16 06:00:24,783 - log - INFO - iter:580/2463, clip_acc1=56.2068977355957, tta_acc1=55.17241287231445
2025-06-16 06:00:24,783 - log - INFO - iter:580/2463, Original Acc@1: 56.21, Acc@5: 83.79, TTA Acc@1: 55.17, Acc@5: 76.38
2025-06-16 06:01:29,806 - log - INFO - iter:600/2463, clip_acc1=56.5, tta_acc1=55.333335876464844
2025-06-16 06:01:29,806 - log - INFO - iter:600/2463, Original Acc@1: 56.50, Acc@5: 84.33, TTA Acc@1: 55.33, Acc@5: 76.83
2025-06-16 06:02:34,907 - log - INFO - iter:620/2463, clip_acc1=57.09677505493164, tta_acc1=55.64516067504883
2025-06-16 06:02:34,907 - log - INFO - iter:620/2463, Original Acc@1: 57.10, Acc@5: 84.68, TTA Acc@1: 55.65, Acc@5: 76.94
2025-06-16 06:03:40,223 - log - INFO - iter:640/2463, clip_acc1=57.5, tta_acc1=56.09375
2025-06-16 06:03:40,223 - log - INFO - iter:640/2463, Original Acc@1: 57.50, Acc@5: 85.16, TTA Acc@1: 56.09, Acc@5: 77.34
2025-06-16 06:04:44,725 - log - INFO - iter:660/2463, clip_acc1=56.818180084228516, tta_acc1=55.0
2025-06-16 06:04:44,725 - log - INFO - iter:660/2463, Original Acc@1: 56.82, Acc@5: 85.45, TTA Acc@1: 55.00, Acc@5: 76.06
2025-06-16 06:05:49,967 - log - INFO - iter:680/2463, clip_acc1=55.29411697387695, tta_acc1=53.382354736328125
2025-06-16 06:05:49,967 - log - INFO - iter:680/2463, Original Acc@1: 55.29, Acc@5: 84.71, TTA Acc@1: 53.38, Acc@5: 73.97
2025-06-16 06:06:54,952 - log - INFO - iter:700/2463, clip_acc1=56.28571319580078, tta_acc1=54.28571319580078
2025-06-16 06:06:54,952 - log - INFO - iter:700/2463, Original Acc@1: 56.29, Acc@5: 85.00, TTA Acc@1: 54.29, Acc@5: 74.43
2025-06-16 06:07:59,997 - log - INFO - iter:720/2463, clip_acc1=57.36111068725586, tta_acc1=55.27777862548828
2025-06-16 06:07:59,998 - log - INFO - iter:720/2463, Original Acc@1: 57.36, Acc@5: 85.42, TTA Acc@1: 55.28, Acc@5: 75.14
2025-06-16 06:09:04,648 - log - INFO - iter:740/2463, clip_acc1=55.945945739746094, tta_acc1=53.91891860961914
2025-06-16 06:09:04,648 - log - INFO - iter:740/2463, Original Acc@1: 55.95, Acc@5: 83.24, TTA Acc@1: 53.92, Acc@5: 73.24
2025-06-16 06:10:09,361 - log - INFO - iter:760/2463, clip_acc1=54.47368621826172, tta_acc1=52.500003814697266
2025-06-16 06:10:09,361 - log - INFO - iter:760/2463, Original Acc@1: 54.47, Acc@5: 81.45, TTA Acc@1: 52.50, Acc@5: 71.45
2025-06-16 06:11:13,942 - log - INFO - iter:780/2463, clip_acc1=54.615386962890625, tta_acc1=52.30769348144531
2025-06-16 06:11:13,943 - log - INFO - iter:780/2463, Original Acc@1: 54.62, Acc@5: 81.67, TTA Acc@1: 52.31, Acc@5: 72.05
2025-06-16 06:12:18,546 - log - INFO - iter:800/2463, clip_acc1=54.5, tta_acc1=52.125
2025-06-16 06:12:18,546 - log - INFO - iter:800/2463, Original Acc@1: 54.50, Acc@5: 81.75, TTA Acc@1: 52.12, Acc@5: 72.12
2025-06-16 06:13:23,113 - log - INFO - iter:820/2463, clip_acc1=55.0, tta_acc1=52.19512176513672
2025-06-16 06:13:23,113 - log - INFO - iter:820/2463, Original Acc@1: 55.00, Acc@5: 82.20, TTA Acc@1: 52.20, Acc@5: 72.80
2025-06-16 06:14:28,281 - log - INFO - iter:840/2463, clip_acc1=55.59524154663086, tta_acc1=52.619049072265625
2025-06-16 06:14:28,281 - log - INFO - iter:840/2463, Original Acc@1: 55.60, Acc@5: 82.62, TTA Acc@1: 52.62, Acc@5: 73.45
2025-06-16 06:15:32,784 - log - INFO - iter:860/2463, clip_acc1=55.348838806152344, tta_acc1=52.20930099487305
2025-06-16 06:15:32,784 - log - INFO - iter:860/2463, Original Acc@1: 55.35, Acc@5: 81.98, TTA Acc@1: 52.21, Acc@5: 73.02
2025-06-16 06:16:37,655 - log - INFO - iter:880/2463, clip_acc1=54.09090805053711, tta_acc1=51.02272415161133
2025-06-16 06:16:37,656 - log - INFO - iter:880/2463, Original Acc@1: 54.09, Acc@5: 80.11, TTA Acc@1: 51.02, Acc@5: 71.36
2025-06-16 06:17:42,635 - log - INFO - iter:900/2463, clip_acc1=53.333335876464844, tta_acc1=49.88888931274414
2025-06-16 06:17:42,635 - log - INFO - iter:900/2463, Original Acc@1: 53.33, Acc@5: 79.89, TTA Acc@1: 49.89, Acc@5: 70.33
2025-06-16 06:18:47,684 - log - INFO - iter:920/2463, clip_acc1=53.260868072509766, tta_acc1=49.999996185302734
2025-06-16 06:18:47,684 - log - INFO - iter:920/2463, Original Acc@1: 53.26, Acc@5: 80.11, TTA Acc@1: 50.00, Acc@5: 70.43
2025-06-16 06:19:52,509 - log - INFO - iter:940/2463, clip_acc1=53.82978439331055, tta_acc1=50.53191375732422
2025-06-16 06:19:52,509 - log - INFO - iter:940/2463, Original Acc@1: 53.83, Acc@5: 80.32, TTA Acc@1: 50.53, Acc@5: 70.74
2025-06-16 06:20:57,118 - log - INFO - iter:960/2463, clip_acc1=54.687503814697266, tta_acc1=51.250003814697266
2025-06-16 06:20:57,118 - log - INFO - iter:960/2463, Original Acc@1: 54.69, Acc@5: 80.73, TTA Acc@1: 51.25, Acc@5: 71.25
2025-06-16 06:22:02,051 - log - INFO - iter:980/2463, clip_acc1=55.40816116333008, tta_acc1=52.04081344604492
2025-06-16 06:22:02,051 - log - INFO - iter:980/2463, Original Acc@1: 55.41, Acc@5: 81.12, TTA Acc@1: 52.04, Acc@5: 71.84
2025-06-16 06:23:06,836 - log - INFO - iter:1000/2463, clip_acc1=54.900001525878906, tta_acc1=51.30000305175781
2025-06-16 06:23:06,837 - log - INFO - iter:1000/2463, Original Acc@1: 54.90, Acc@5: 81.40, TTA Acc@1: 51.30, Acc@5: 72.30
2025-06-16 06:24:12,304 - log - INFO - iter:1020/2463, clip_acc1=55.196083068847656, tta_acc1=51.66666793823242
2025-06-16 06:24:12,305 - log - INFO - iter:1020/2463, Original Acc@1: 55.20, Acc@5: 81.67, TTA Acc@1: 51.67, Acc@5: 72.75
2025-06-16 06:25:18,064 - log - INFO - iter:1040/2463, clip_acc1=55.86538314819336, tta_acc1=52.5
2025-06-16 06:25:18,064 - log - INFO - iter:1040/2463, Original Acc@1: 55.87, Acc@5: 82.02, TTA Acc@1: 52.50, Acc@5: 73.17
2025-06-16 06:26:23,192 - log - INFO - iter:1060/2463, clip_acc1=56.415096282958984, tta_acc1=53.01886749267578
2025-06-16 06:26:23,192 - log - INFO - iter:1060/2463, Original Acc@1: 56.42, Acc@5: 82.36, TTA Acc@1: 53.02, Acc@5: 73.40
2025-06-16 06:27:28,269 - log - INFO - iter:1080/2463, clip_acc1=55.5555534362793, tta_acc1=52.22222137451172
2025-06-16 06:27:28,270 - log - INFO - iter:1080/2463, Original Acc@1: 55.56, Acc@5: 81.39, TTA Acc@1: 52.22, Acc@5: 72.50
2025-06-16 06:28:33,900 - log - INFO - iter:1100/2463, clip_acc1=55.3636360168457, tta_acc1=51.81818389892578
2025-06-16 06:28:33,900 - log - INFO - iter:1100/2463, Original Acc@1: 55.36, Acc@5: 81.09, TTA Acc@1: 51.82, Acc@5: 72.18
2025-06-16 06:29:38,970 - log - INFO - iter:1120/2463, clip_acc1=55.71428680419922, tta_acc1=51.78571319580078
2025-06-16 06:29:38,970 - log - INFO - iter:1120/2463, Original Acc@1: 55.71, Acc@5: 81.34, TTA Acc@1: 51.79, Acc@5: 72.41
2025-06-16 06:30:44,560 - log - INFO - iter:1140/2463, clip_acc1=55.614036560058594, tta_acc1=51.66666793823242
2025-06-16 06:30:44,560 - log - INFO - iter:1140/2463, Original Acc@1: 55.61, Acc@5: 81.49, TTA Acc@1: 51.67, Acc@5: 72.46
2025-06-16 06:31:49,812 - log - INFO - iter:1160/2463, clip_acc1=55.08620834350586, tta_acc1=51.034481048583984
2025-06-16 06:31:49,813 - log - INFO - iter:1160/2463, Original Acc@1: 55.09, Acc@5: 81.81, TTA Acc@1: 51.03, Acc@5: 72.59
2025-06-16 06:32:54,635 - log - INFO - iter:1180/2463, clip_acc1=54.40678024291992, tta_acc1=50.423728942871094
2025-06-16 06:32:54,635 - log - INFO - iter:1180/2463, Original Acc@1: 54.41, Acc@5: 82.12, TTA Acc@1: 50.42, Acc@5: 73.05
2025-06-16 06:34:00,112 - log - INFO - iter:1200/2463, clip_acc1=55.16666793823242, tta_acc1=51.25
2025-06-16 06:34:00,113 - log - INFO - iter:1200/2463, Original Acc@1: 55.17, Acc@5: 82.42, TTA Acc@1: 51.25, Acc@5: 73.50
2025-06-16 06:35:05,376 - log - INFO - iter:1220/2463, clip_acc1=54.918033599853516, tta_acc1=50.90163803100586
2025-06-16 06:35:05,377 - log - INFO - iter:1220/2463, Original Acc@1: 54.92, Acc@5: 82.38, TTA Acc@1: 50.90, Acc@5: 73.36
2025-06-16 06:36:10,945 - log - INFO - iter:1240/2463, clip_acc1=55.0, tta_acc1=51.04838562011719
2025-06-16 06:36:10,945 - log - INFO - iter:1240/2463, Original Acc@1: 55.00, Acc@5: 82.66, TTA Acc@1: 51.05, Acc@5: 73.47
2025-06-16 06:37:16,051 - log - INFO - iter:1260/2463, clip_acc1=55.63492202758789, tta_acc1=51.42857360839844
2025-06-16 06:37:16,052 - log - INFO - iter:1260/2463, Original Acc@1: 55.63, Acc@5: 82.94, TTA Acc@1: 51.43, Acc@5: 73.89
2025-06-16 06:38:20,969 - log - INFO - iter:1280/2463, clip_acc1=56.09375, tta_acc1=51.875
2025-06-16 06:38:20,970 - log - INFO - iter:1280/2463, Original Acc@1: 56.09, Acc@5: 83.20, TTA Acc@1: 51.88, Acc@5: 74.22
2025-06-16 06:39:25,925 - log - INFO - iter:1300/2463, clip_acc1=56.0, tta_acc1=51.769229888916016
2025-06-16 06:39:25,925 - log - INFO - iter:1300/2463, Original Acc@1: 56.00, Acc@5: 83.46, TTA Acc@1: 51.77, Acc@5: 74.15
2025-06-16 06:40:31,203 - log - INFO - iter:1320/2463, clip_acc1=55.45454406738281, tta_acc1=51.212120056152344
2025-06-16 06:40:31,204 - log - INFO - iter:1320/2463, Original Acc@1: 55.45, Acc@5: 83.48, TTA Acc@1: 51.21, Acc@5: 73.56
2025-06-16 06:41:36,444 - log - INFO - iter:1340/2463, clip_acc1=55.149253845214844, tta_acc1=50.74626922607422
2025-06-16 06:41:36,444 - log - INFO - iter:1340/2463, Original Acc@1: 55.15, Acc@5: 83.51, TTA Acc@1: 50.75, Acc@5: 73.21
2025-06-16 06:42:41,133 - log - INFO - iter:1360/2463, clip_acc1=55.29411697387695, tta_acc1=50.882354736328125
2025-06-16 06:42:41,134 - log - INFO - iter:1360/2463, Original Acc@1: 55.29, Acc@5: 83.53, TTA Acc@1: 50.88, Acc@5: 73.16
2025-06-16 06:43:46,471 - log - INFO - iter:1380/2463, clip_acc1=55.5797119140625, tta_acc1=51.159423828125
2025-06-16 06:43:46,471 - log - INFO - iter:1380/2463, Original Acc@1: 55.58, Acc@5: 83.70, TTA Acc@1: 51.16, Acc@5: 73.48
2025-06-16 06:44:51,527 - log - INFO - iter:1400/2463, clip_acc1=55.71428680419922, tta_acc1=51.5
2025-06-16 06:44:51,527 - log - INFO - iter:1400/2463, Original Acc@1: 55.71, Acc@5: 83.71, TTA Acc@1: 51.50, Acc@5: 73.50
2025-06-16 06:45:56,747 - log - INFO - iter:1420/2463, clip_acc1=55.915489196777344, tta_acc1=51.83098220825195
2025-06-16 06:45:56,747 - log - INFO - iter:1420/2463, Original Acc@1: 55.92, Acc@5: 83.66, TTA Acc@1: 51.83, Acc@5: 73.59
2025-06-16 06:47:01,697 - log - INFO - iter:1440/2463, clip_acc1=55.208335876464844, tta_acc1=51.11111068725586
2025-06-16 06:47:01,697 - log - INFO - iter:1440/2463, Original Acc@1: 55.21, Acc@5: 82.71, TTA Acc@1: 51.11, Acc@5: 72.85
2025-06-16 06:48:06,764 - log - INFO - iter:1460/2463, clip_acc1=55.205482482910156, tta_acc1=51.232879638671875
2025-06-16 06:48:06,765 - log - INFO - iter:1460/2463, Original Acc@1: 55.21, Acc@5: 82.88, TTA Acc@1: 51.23, Acc@5: 72.95
2025-06-16 06:49:11,151 - log - INFO - iter:1480/2463, clip_acc1=55.067569732666016, tta_acc1=50.878379821777344
2025-06-16 06:49:11,151 - log - INFO - iter:1480/2463, Original Acc@1: 55.07, Acc@5: 82.84, TTA Acc@1: 50.88, Acc@5: 72.84
2025-06-16 06:50:16,118 - log - INFO - iter:1500/2463, clip_acc1=55.06666564941406, tta_acc1=50.86666488647461
2025-06-16 06:50:16,118 - log - INFO - iter:1500/2463, Original Acc@1: 55.07, Acc@5: 82.80, TTA Acc@1: 50.87, Acc@5: 72.93
2025-06-16 06:51:21,525 - log - INFO - iter:1520/2463, clip_acc1=55.328948974609375, tta_acc1=51.18421173095703
2025-06-16 06:51:21,525 - log - INFO - iter:1520/2463, Original Acc@1: 55.33, Acc@5: 82.89, TTA Acc@1: 51.18, Acc@5: 73.22
2025-06-16 06:52:26,687 - log - INFO - iter:1540/2463, clip_acc1=55.51947784423828, tta_acc1=51.42856979370117
2025-06-16 06:52:26,687 - log - INFO - iter:1540/2463, Original Acc@1: 55.52, Acc@5: 83.12, TTA Acc@1: 51.43, Acc@5: 73.51
2025-06-16 06:53:31,260 - log - INFO - iter:1560/2463, clip_acc1=55.256412506103516, tta_acc1=51.089744567871094
2025-06-16 06:53:31,261 - log - INFO - iter:1560/2463, Original Acc@1: 55.26, Acc@5: 83.33, TTA Acc@1: 51.09, Acc@5: 73.46
2025-06-16 06:54:36,097 - log - INFO - iter:1580/2463, clip_acc1=55.063289642333984, tta_acc1=50.632911682128906
2025-06-16 06:54:36,097 - log - INFO - iter:1580/2463, Original Acc@1: 55.06, Acc@5: 83.54, TTA Acc@1: 50.63, Acc@5: 73.73
2025-06-16 06:55:41,300 - log - INFO - iter:1600/2463, clip_acc1=54.75, tta_acc1=50.3125
2025-06-16 06:55:41,300 - log - INFO - iter:1600/2463, Original Acc@1: 54.75, Acc@5: 83.69, TTA Acc@1: 50.31, Acc@5: 73.62
2025-06-16 06:56:46,041 - log - INFO - iter:1620/2463, clip_acc1=54.4444465637207, tta_acc1=50.061729431152344
2025-06-16 06:56:46,042 - log - INFO - iter:1620/2463, Original Acc@1: 54.44, Acc@5: 83.52, TTA Acc@1: 50.06, Acc@5: 73.21
2025-06-16 06:57:51,029 - log - INFO - iter:1640/2463, clip_acc1=54.93902587890625, tta_acc1=50.54878234863281
2025-06-16 06:57:51,030 - log - INFO - iter:1640/2463, Original Acc@1: 54.94, Acc@5: 83.72, TTA Acc@1: 50.55, Acc@5: 73.54
2025-06-16 06:58:55,739 - log - INFO - iter:1660/2463, clip_acc1=55.18072509765625, tta_acc1=50.66265106201172
2025-06-16 06:58:55,739 - log - INFO - iter:1660/2463, Original Acc@1: 55.18, Acc@5: 83.86, TTA Acc@1: 50.66, Acc@5: 73.61
2025-06-16 07:00:00,558 - log - INFO - iter:1680/2463, clip_acc1=55.59524154663086, tta_acc1=51.07143020629883
2025-06-16 07:00:00,559 - log - INFO - iter:1680/2463, Original Acc@1: 55.60, Acc@5: 83.93, TTA Acc@1: 51.07, Acc@5: 73.81
2025-06-16 07:01:05,823 - log - INFO - iter:1700/2463, clip_acc1=55.88235092163086, tta_acc1=51.470584869384766
2025-06-16 07:01:05,824 - log - INFO - iter:1700/2463, Original Acc@1: 55.88, Acc@5: 84.06, TTA Acc@1: 51.47, Acc@5: 74.00
2025-06-16 07:02:10,626 - log - INFO - iter:1720/2463, clip_acc1=55.872093200683594, tta_acc1=51.453487396240234
2025-06-16 07:02:10,627 - log - INFO - iter:1720/2463, Original Acc@1: 55.87, Acc@5: 84.07, TTA Acc@1: 51.45, Acc@5: 74.19
2025-06-16 07:03:15,686 - log - INFO - iter:1740/2463, clip_acc1=56.034481048583984, tta_acc1=51.609195709228516
2025-06-16 07:03:15,687 - log - INFO - iter:1740/2463, Original Acc@1: 56.03, Acc@5: 84.20, TTA Acc@1: 51.61, Acc@5: 74.37
2025-06-16 07:04:20,447 - log - INFO - iter:1760/2463, clip_acc1=55.51136016845703, tta_acc1=51.07954406738281
2025-06-16 07:04:20,447 - log - INFO - iter:1760/2463, Original Acc@1: 55.51, Acc@5: 83.64, TTA Acc@1: 51.08, Acc@5: 73.81
2025-06-16 07:05:25,227 - log - INFO - iter:1780/2463, clip_acc1=55.73033905029297, tta_acc1=51.34831619262695
2025-06-16 07:05:25,227 - log - INFO - iter:1780/2463, Original Acc@1: 55.73, Acc@5: 83.54, TTA Acc@1: 51.35, Acc@5: 73.82
2025-06-16 07:06:30,196 - log - INFO - iter:1800/2463, clip_acc1=55.66666793823242, tta_acc1=51.05555725097656
2025-06-16 07:06:30,196 - log - INFO - iter:1800/2463, Original Acc@1: 55.67, Acc@5: 83.56, TTA Acc@1: 51.06, Acc@5: 73.39
2025-06-16 07:07:35,299 - log - INFO - iter:1820/2463, clip_acc1=55.71428680419922, tta_acc1=51.153846740722656
2025-06-16 07:07:35,299 - log - INFO - iter:1820/2463, Original Acc@1: 55.71, Acc@5: 83.35, TTA Acc@1: 51.15, Acc@5: 73.30
2025-06-16 07:08:40,475 - log - INFO - iter:1840/2463, clip_acc1=55.815216064453125, tta_acc1=51.304344177246094
2025-06-16 07:08:40,476 - log - INFO - iter:1840/2463, Original Acc@1: 55.82, Acc@5: 83.15, TTA Acc@1: 51.30, Acc@5: 73.21
2025-06-16 07:09:45,969 - log - INFO - iter:1860/2463, clip_acc1=55.26881790161133, tta_acc1=50.86021423339844
2025-06-16 07:09:45,970 - log - INFO - iter:1860/2463, Original Acc@1: 55.27, Acc@5: 82.42, TTA Acc@1: 50.86, Acc@5: 72.58
2025-06-16 07:10:51,310 - log - INFO - iter:1880/2463, clip_acc1=55.106380462646484, tta_acc1=50.74467849731445
2025-06-16 07:10:51,310 - log - INFO - iter:1880/2463, Original Acc@1: 55.11, Acc@5: 82.50, TTA Acc@1: 50.74, Acc@5: 72.45
2025-06-16 07:11:56,085 - log - INFO - iter:1900/2463, clip_acc1=55.31578826904297, tta_acc1=50.89473342895508
2025-06-16 07:11:56,086 - log - INFO - iter:1900/2463, Original Acc@1: 55.32, Acc@5: 82.68, TTA Acc@1: 50.89, Acc@5: 72.58
2025-06-16 07:13:01,136 - log - INFO - iter:1920/2463, clip_acc1=55.677085876464844, tta_acc1=51.250003814697266
2025-06-16 07:13:01,137 - log - INFO - iter:1920/2463, Original Acc@1: 55.68, Acc@5: 82.86, TTA Acc@1: 51.25, Acc@5: 72.86
2025-06-16 07:14:06,496 - log - INFO - iter:1940/2463, clip_acc1=56.08247756958008, tta_acc1=51.70103454589844
2025-06-16 07:14:06,496 - log - INFO - iter:1940/2463, Original Acc@1: 56.08, Acc@5: 83.04, TTA Acc@1: 51.70, Acc@5: 73.14
2025-06-16 07:15:11,933 - log - INFO - iter:1960/2463, clip_acc1=56.275508880615234, tta_acc1=51.98979187011719
2025-06-16 07:15:11,933 - log - INFO - iter:1960/2463, Original Acc@1: 56.28, Acc@5: 83.16, TTA Acc@1: 51.99, Acc@5: 73.37
2025-06-16 07:16:17,026 - log - INFO - iter:1980/2463, clip_acc1=56.51515579223633, tta_acc1=52.222225189208984
2025-06-16 07:16:17,026 - log - INFO - iter:1980/2463, Original Acc@1: 56.52, Acc@5: 83.28, TTA Acc@1: 52.22, Acc@5: 73.43
2025-06-16 07:17:22,398 - log - INFO - iter:2000/2463, clip_acc1=56.900001525878906, tta_acc1=52.650001525878906
2025-06-16 07:17:22,399 - log - INFO - iter:2000/2463, Original Acc@1: 56.90, Acc@5: 83.40, TTA Acc@1: 52.65, Acc@5: 73.65
2025-06-16 07:18:27,685 - log - INFO - iter:2020/2463, clip_acc1=56.78218078613281, tta_acc1=52.57426071166992
2025-06-16 07:18:27,685 - log - INFO - iter:2020/2463, Original Acc@1: 56.78, Acc@5: 83.42, TTA Acc@1: 52.57, Acc@5: 73.66
2025-06-16 07:19:33,216 - log - INFO - iter:2040/2463, clip_acc1=57.00980758666992, tta_acc1=52.89215850830078
2025-06-16 07:19:33,217 - log - INFO - iter:2040/2463, Original Acc@1: 57.01, Acc@5: 83.58, TTA Acc@1: 52.89, Acc@5: 73.87
2025-06-16 07:20:38,156 - log - INFO - iter:2060/2463, clip_acc1=57.13592529296875, tta_acc1=52.91262435913086
2025-06-16 07:20:38,157 - log - INFO - iter:2060/2463, Original Acc@1: 57.14, Acc@5: 83.74, TTA Acc@1: 52.91, Acc@5: 74.03
2025-06-16 07:21:43,141 - log - INFO - iter:2080/2463, clip_acc1=57.25961685180664, tta_acc1=53.07692337036133
2025-06-16 07:21:43,141 - log - INFO - iter:2080/2463, Original Acc@1: 57.26, Acc@5: 83.61, TTA Acc@1: 53.08, Acc@5: 73.99
2025-06-16 07:22:48,261 - log - INFO - iter:2100/2463, clip_acc1=57.19047546386719, tta_acc1=52.9523811340332
2025-06-16 07:22:48,261 - log - INFO - iter:2100/2463, Original Acc@1: 57.19, Acc@5: 83.48, TTA Acc@1: 52.95, Acc@5: 73.86
2025-06-16 07:23:53,234 - log - INFO - iter:2120/2463, clip_acc1=57.1698112487793, tta_acc1=52.8301887512207
2025-06-16 07:23:53,235 - log - INFO - iter:2120/2463, Original Acc@1: 57.17, Acc@5: 83.63, TTA Acc@1: 52.83, Acc@5: 74.06
2025-06-16 07:24:58,323 - log - INFO - iter:2140/2463, clip_acc1=57.00934600830078, tta_acc1=52.663551330566406
2025-06-16 07:24:58,324 - log - INFO - iter:2140/2463, Original Acc@1: 57.01, Acc@5: 83.50, TTA Acc@1: 52.66, Acc@5: 74.11
2025-06-16 07:26:03,497 - log - INFO - iter:2160/2463, clip_acc1=57.36111068725586, tta_acc1=53.0555534362793
2025-06-16 07:26:03,497 - log - INFO - iter:2160/2463, Original Acc@1: 57.36, Acc@5: 83.66, TTA Acc@1: 53.06, Acc@5: 74.35
2025-06-16 07:27:08,841 - log - INFO - iter:2180/2463, clip_acc1=57.11009216308594, tta_acc1=52.88990783691406
2025-06-16 07:27:08,841 - log - INFO - iter:2180/2463, Original Acc@1: 57.11, Acc@5: 83.26, TTA Acc@1: 52.89, Acc@5: 74.04
2025-06-16 07:28:14,199 - log - INFO - iter:2200/2463, clip_acc1=57.1363639831543, tta_acc1=52.90909194946289
2025-06-16 07:28:14,199 - log - INFO - iter:2200/2463, Original Acc@1: 57.14, Acc@5: 83.27, TTA Acc@1: 52.91, Acc@5: 74.00
2025-06-16 07:29:20,425 - log - INFO - iter:2220/2463, clip_acc1=57.47747802734375, tta_acc1=53.15315628051758
2025-06-16 07:29:20,426 - log - INFO - iter:2220/2463, Original Acc@1: 57.48, Acc@5: 83.42, TTA Acc@1: 53.15, Acc@5: 74.23
2025-06-16 07:30:25,660 - log - INFO - iter:2240/2463, clip_acc1=57.23214340209961, tta_acc1=52.85714340209961
2025-06-16 07:30:25,660 - log - INFO - iter:2240/2463, Original Acc@1: 57.23, Acc@5: 83.48, TTA Acc@1: 52.86, Acc@5: 74.20
2025-06-16 07:31:31,276 - log - INFO - iter:2260/2463, clip_acc1=57.522125244140625, tta_acc1=53.18584060668945
2025-06-16 07:31:31,277 - log - INFO - iter:2260/2463, Original Acc@1: 57.52, Acc@5: 83.58, TTA Acc@1: 53.19, Acc@5: 74.42
2025-06-16 07:32:36,339 - log - INFO - iter:2280/2463, clip_acc1=57.8070182800293, tta_acc1=53.46491241455078
2025-06-16 07:32:36,340 - log - INFO - iter:2280/2463, Original Acc@1: 57.81, Acc@5: 83.73, TTA Acc@1: 53.46, Acc@5: 74.65
2025-06-16 07:33:41,435 - log - INFO - iter:2300/2463, clip_acc1=57.739131927490234, tta_acc1=53.39130401611328
2025-06-16 07:33:41,435 - log - INFO - iter:2300/2463, Original Acc@1: 57.74, Acc@5: 83.65, TTA Acc@1: 53.39, Acc@5: 74.48
2025-06-16 07:34:46,643 - log - INFO - iter:2320/2463, clip_acc1=57.4568977355957, tta_acc1=53.06034469604492
2025-06-16 07:34:46,643 - log - INFO - iter:2320/2463, Original Acc@1: 57.46, Acc@5: 83.49, TTA Acc@1: 53.06, Acc@5: 74.09
2025-06-16 07:35:51,858 - log - INFO - iter:2340/2463, clip_acc1=57.35042953491211, tta_acc1=52.86324691772461
2025-06-16 07:35:51,858 - log - INFO - iter:2340/2463, Original Acc@1: 57.35, Acc@5: 83.38, TTA Acc@1: 52.86, Acc@5: 73.85
2025-06-16 07:36:56,639 - log - INFO - iter:2360/2463, clip_acc1=57.37287902832031, tta_acc1=52.83898162841797
2025-06-16 07:36:56,639 - log - INFO - iter:2360/2463, Original Acc@1: 57.37, Acc@5: 83.26, TTA Acc@1: 52.84, Acc@5: 73.86
2025-06-16 07:38:01,726 - log - INFO - iter:2380/2463, clip_acc1=56.8907585144043, tta_acc1=52.39495849609375
2025-06-16 07:38:01,726 - log - INFO - iter:2380/2463, Original Acc@1: 56.89, Acc@5: 82.73, TTA Acc@1: 52.39, Acc@5: 73.45
2025-06-16 07:39:07,510 - log - INFO - iter:2400/2463, clip_acc1=56.54166793823242, tta_acc1=52.0
2025-06-16 07:39:07,511 - log - INFO - iter:2400/2463, Original Acc@1: 56.54, Acc@5: 82.50, TTA Acc@1: 52.00, Acc@5: 73.17
2025-06-16 07:40:12,565 - log - INFO - iter:2420/2463, clip_acc1=56.40495681762695, tta_acc1=51.9421501159668
2025-06-16 07:40:12,566 - log - INFO - iter:2420/2463, Original Acc@1: 56.40, Acc@5: 82.60, TTA Acc@1: 51.94, Acc@5: 73.31
2025-06-16 07:41:17,590 - log - INFO - iter:2440/2463, clip_acc1=56.51639175415039, tta_acc1=52.04917907714844
2025-06-16 07:41:17,590 - log - INFO - iter:2440/2463, Original Acc@1: 56.52, Acc@5: 82.70, TTA Acc@1: 52.05, Acc@5: 73.32
2025-06-16 07:42:20,256 - log - INFO - iter:2460/2463, clip_acc1=56.626014709472656, tta_acc1=52.03252029418945
2025-06-16 07:42:20,257 - log - INFO - iter:2460/2463, Original Acc@1: 56.63, Acc@5: 82.80, TTA Acc@1: 52.03, Acc@5: 73.41
2025-06-16 07:42:28,664 - log - INFO - iter:2463/2463, clip_acc1=56.5976448059082, tta_acc1=52.05034637451172
2025-06-16 07:42:28,664 - log - INFO - iter:2463/2463, Original Acc@1: 56.60, Acc@5: 82.83, TTA Acc@1: 52.05, Acc@5: 73.45
2025-06-16 07:42:28,735 - log - INFO - Final results - Original Acc@1: 56.60, Acc@5: 82.83, TTA Acc@1: 52.05, Acc@5: 73.45
2025-06-16 07:42:28,735 - log - INFO - Improvement from TTA in Acc@1 -4.55, and Acc@5 -9.38
2025-06-16 07:42:28,737 - log - INFO - Number of selected samples with index 0: 1366
2025-06-16 07:42:28,737 - log - INFO - Number of samples in the dataset: 2463
2025-06-16 07:42:28,768 - log - INFO - Selected IDs saved to /l/users/hashmat.malik/Projects/ATPT/Final_Results/fare4/Flower102/Clean/Counter_Attack/Eps_2_0_Steps_0_Alpha_1_0/tau_0_2_beta_2_0_weighted_pertrubation_True/TPT/Optimization_Loss_rtpt_LR_0_005_Optimization_Steps_1_View_Selection_Fraction_0_1/Inference_Ensemble_vanilla/selected_topk.json
2025-06-16 07:42:28,932 - log - INFO - Batch entropies saved to /l/users/hashmat.malik/Projects/ATPT/Final_Results/fare4/Flower102/Clean/Counter_Attack/Eps_2_0_Steps_0_Alpha_1_0/tau_0_2_beta_2_0_weighted_pertrubation_True/TPT/Optimization_Loss_rtpt_LR_0_005_Optimization_Steps_1_View_Selection_Fraction_0_1/Inference_Ensemble_vanilla/entropies.json
2025-06-16 07:42:28,934 - log - INFO - => Acc. on testset [Flower102]: Clean Acc @1 56.5976448059082/ TTA Clean Acc @1 52.05034637451172, Clean Acc @5 82.82582092285156/ TTA Clean Acc @5 73.44701385498047
2025-06-16 07:42:28,934 - log - INFO - Total script execution time: 8025.26 seconds (133.75 minutes)
