2025-06-12 04:35:41,362 - log - INFO - ==========================================
data:/leonardo_work/EUHPC_R04_192/fmohamma/Adversarial_Robust_Clip/atpt_data/downstream_datasets
test_sets:Flower102
dataset_mode:test
arch:vit_l_14_datacomp_1b
resolution:224
workers:4
no_pin_memory:False
batch_size:64
print_freq:20
gpu:0
no_cudnn_benchmark:False
n_ctx:4
ctx_init:a_photo_of_a
tpt_loss:rtpt
seed:0
output_dir:/leonardo_work/EUHPC_R04_192/fmohamma/Adversarial_Robust_Clip/atpt_data/vit_l_14_datacomp_1b/Flower102
log_output_dir:/leonardo_work/EUHPC_R04_192/fmohamma/Adversarial_Robust_Clip/ATPT/Final_Results/vit_l_14_datacomp_1b/Flower102
eps:0.0
alpha:0.0
alpha_eps_ratio:4.0
steps:0
lr:0.005
selection_p:0.1
tta_steps:1
ensemble_type:weighted_rtpt
top_k:20
softmax_temp:0.01
counter_attack:True
counter_attack_type:pgd
counter_attack_steps:2
counter_attack_eps:2.0
counter_attack_alpha:1.0
counter_attack_tau_thres:0.2
counter_attack_beta:2.0
counter_attack_weighted_perturbations:True
pgd_clip_pure_i_text_embeddings:null
pgd_counter_and_clipure_i_lamda:1.0
selected_id_name:selected_topk.json
weighted_score_name:weighted_scores.json
batch_entropy_name:entropies.json
log_dir:/leonardo_work/EUHPC_R04_192/fmohamma/Adversarial_Robust_Clip/ATPT/Final_Results/vit_l_14_datacomp_1b/Flower102/Clean/Counter_Attack/Eps_2_0_Steps_2_Alpha_1_0/tau_0_2_beta_2_0_weighted_pertrubation_True/TPT/Optimization_Loss_rtpt_LR_0_005_Optimization_Steps_1_View_Selection_Fraction_0_1/Inference_Ensemble_weighted_rtpt_topk_20_softmaxtemp_0_01

2025-06-12 04:35:41,363 - log - INFO - Use GPU: 0 for training
2025-06-12 04:37:39,874 - log - INFO - Freezing all parameters except prompt learner
2025-06-12 04:37:39,875 - log - INFO - => Model created: visual backbone vit_l_14_datacomp_1b
2025-06-12 04:37:39,898 - log - INFO - Number of test samples: 2463
2025-06-12 04:37:39,899 - log - INFO - Evaluating dataset: Flower102
2025-06-12 04:37:39,900 - log - INFO - Starting evaluation with batch size: 64, selection percentage: 0.1
2025-06-12 04:37:39,900 - log - INFO - Test-time adaptation steps: 1, learning rate: 0.005
2025-06-12 04:37:39,900 - log - INFO - Using counter-attack with epsilon: 2.000000, alpha: 0.000000, steps: 2, tau_thres: 0.2, beta: 2.0, weighted perturbation: True
2025-06-12 04:38:47,271 - log - INFO - iter:20/2463, clip_acc1=100.0, tta_acc1=100.0
2025-06-12 04:38:47,271 - log - INFO - iter:20/2463, Original Acc@1: 100.00, Acc@5: 100.00, TTA Acc@1: 100.00, Acc@5: 100.00
2025-06-12 04:39:42,653 - log - INFO - iter:40/2463, clip_acc1=100.0, tta_acc1=100.0
2025-06-12 04:39:42,653 - log - INFO - iter:40/2463, Original Acc@1: 100.00, Acc@5: 100.00, TTA Acc@1: 100.00, Acc@5: 100.00
2025-06-12 04:40:37,914 - log - INFO - iter:60/2463, clip_acc1=100.00000762939453, tta_acc1=100.00000762939453
2025-06-12 04:40:37,914 - log - INFO - iter:60/2463, Original Acc@1: 100.00, Acc@5: 100.00, TTA Acc@1: 100.00, Acc@5: 100.00
2025-06-12 04:41:33,181 - log - INFO - iter:80/2463, clip_acc1=98.75, tta_acc1=100.0
2025-06-12 04:41:33,181 - log - INFO - iter:80/2463, Original Acc@1: 98.75, Acc@5: 100.00, TTA Acc@1: 100.00, Acc@5: 100.00
2025-06-12 04:42:28,540 - log - INFO - iter:100/2463, clip_acc1=95.0, tta_acc1=99.0
2025-06-12 04:42:28,540 - log - INFO - iter:100/2463, Original Acc@1: 95.00, Acc@5: 100.00, TTA Acc@1: 99.00, Acc@5: 100.00
2025-06-12 04:43:24,246 - log - INFO - iter:120/2463, clip_acc1=90.00000762939453, tta_acc1=97.50000762939453
2025-06-12 04:43:24,247 - log - INFO - iter:120/2463, Original Acc@1: 90.00, Acc@5: 100.00, TTA Acc@1: 97.50, Acc@5: 100.00
2025-06-12 04:44:19,802 - log - INFO - iter:140/2463, clip_acc1=88.57142639160156, tta_acc1=97.85714721679688
2025-06-12 04:44:19,802 - log - INFO - iter:140/2463, Original Acc@1: 88.57, Acc@5: 100.00, TTA Acc@1: 97.86, Acc@5: 100.00
2025-06-12 04:45:16,737 - log - INFO - iter:160/2463, clip_acc1=86.25, tta_acc1=98.125
2025-06-12 04:45:16,737 - log - INFO - iter:160/2463, Original Acc@1: 86.25, Acc@5: 99.38, TTA Acc@1: 98.12, Acc@5: 100.00
2025-06-12 04:46:13,982 - log - INFO - iter:180/2463, clip_acc1=83.8888931274414, tta_acc1=97.77777862548828
2025-06-12 04:46:13,983 - log - INFO - iter:180/2463, Original Acc@1: 83.89, Acc@5: 98.89, TTA Acc@1: 97.78, Acc@5: 99.44
2025-06-12 04:47:10,090 - log - INFO - iter:200/2463, clip_acc1=75.5, tta_acc1=88.0
2025-06-12 04:47:10,091 - log - INFO - iter:200/2463, Original Acc@1: 75.50, Acc@5: 89.00, TTA Acc@1: 88.00, Acc@5: 89.50
2025-06-12 04:48:05,846 - log - INFO - iter:220/2463, clip_acc1=68.63636016845703, tta_acc1=80.0
2025-06-12 04:48:05,847 - log - INFO - iter:220/2463, Original Acc@1: 68.64, Acc@5: 80.91, TTA Acc@1: 80.00, Acc@5: 81.36
2025-06-12 04:49:01,142 - log - INFO - iter:240/2463, clip_acc1=65.41667175292969, tta_acc1=75.83333587646484
2025-06-12 04:49:01,142 - log - INFO - iter:240/2463, Original Acc@1: 65.42, Acc@5: 76.67, TTA Acc@1: 75.83, Acc@5: 77.08
2025-06-12 04:49:56,509 - log - INFO - iter:260/2463, clip_acc1=68.07691955566406, tta_acc1=77.69230651855469
2025-06-12 04:49:56,509 - log - INFO - iter:260/2463, Original Acc@1: 68.08, Acc@5: 78.46, TTA Acc@1: 77.69, Acc@5: 78.85
2025-06-12 04:50:52,076 - log - INFO - iter:280/2463, clip_acc1=70.35713958740234, tta_acc1=79.28571319580078
2025-06-12 04:50:52,077 - log - INFO - iter:280/2463, Original Acc@1: 70.36, Acc@5: 80.00, TTA Acc@1: 79.29, Acc@5: 80.36
2025-06-12 04:51:47,450 - log - INFO - iter:300/2463, clip_acc1=72.33333587646484, tta_acc1=80.66667175292969
2025-06-12 04:51:47,450 - log - INFO - iter:300/2463, Original Acc@1: 72.33, Acc@5: 81.33, TTA Acc@1: 80.67, Acc@5: 81.67
2025-06-12 04:52:42,975 - log - INFO - iter:320/2463, clip_acc1=74.0625, tta_acc1=81.875
2025-06-12 04:52:42,976 - log - INFO - iter:320/2463, Original Acc@1: 74.06, Acc@5: 82.50, TTA Acc@1: 81.88, Acc@5: 82.81
2025-06-12 04:53:38,577 - log - INFO - iter:340/2463, clip_acc1=75.29412078857422, tta_acc1=82.94117736816406
2025-06-12 04:53:38,577 - log - INFO - iter:340/2463, Original Acc@1: 75.29, Acc@5: 83.53, TTA Acc@1: 82.94, Acc@5: 83.82
2025-06-12 04:54:34,044 - log - INFO - iter:360/2463, clip_acc1=76.66667175292969, tta_acc1=83.8888931274414
2025-06-12 04:54:34,044 - log - INFO - iter:360/2463, Original Acc@1: 76.67, Acc@5: 84.44, TTA Acc@1: 83.89, Acc@5: 84.72
2025-06-12 04:55:29,411 - log - INFO - iter:380/2463, clip_acc1=77.63158416748047, tta_acc1=84.73684692382812
2025-06-12 04:55:29,411 - log - INFO - iter:380/2463, Original Acc@1: 77.63, Acc@5: 85.26, TTA Acc@1: 84.74, Acc@5: 85.53
2025-06-12 04:56:25,014 - log - INFO - iter:400/2463, clip_acc1=78.25, tta_acc1=85.0
2025-06-12 04:56:25,014 - log - INFO - iter:400/2463, Original Acc@1: 78.25, Acc@5: 86.00, TTA Acc@1: 85.00, Acc@5: 86.25
2025-06-12 04:57:20,416 - log - INFO - iter:420/2463, clip_acc1=78.0952377319336, tta_acc1=85.23809814453125
2025-06-12 04:57:20,416 - log - INFO - iter:420/2463, Original Acc@1: 78.10, Acc@5: 86.43, TTA Acc@1: 85.24, Acc@5: 86.67
2025-06-12 04:58:16,074 - log - INFO - iter:440/2463, clip_acc1=77.5, tta_acc1=85.45454406738281
2025-06-12 04:58:16,075 - log - INFO - iter:440/2463, Original Acc@1: 77.50, Acc@5: 87.05, TTA Acc@1: 85.45, Acc@5: 87.27
2025-06-12 04:59:11,508 - log - INFO - iter:460/2463, clip_acc1=77.39130401611328, tta_acc1=85.65216827392578
2025-06-12 04:59:11,508 - log - INFO - iter:460/2463, Original Acc@1: 77.39, Acc@5: 87.61, TTA Acc@1: 85.65, Acc@5: 87.83
2025-06-12 05:00:07,023 - log - INFO - iter:480/2463, clip_acc1=77.29167175292969, tta_acc1=86.04167175292969
2025-06-12 05:00:07,023 - log - INFO - iter:480/2463, Original Acc@1: 77.29, Acc@5: 87.71, TTA Acc@1: 86.04, Acc@5: 88.33
2025-06-12 05:01:02,892 - log - INFO - iter:500/2463, clip_acc1=78.20000457763672, tta_acc1=86.60000610351562
2025-06-12 05:01:02,893 - log - INFO - iter:500/2463, Original Acc@1: 78.20, Acc@5: 88.20, TTA Acc@1: 86.60, Acc@5: 88.80
2025-06-12 05:01:58,391 - log - INFO - iter:520/2463, clip_acc1=78.84615325927734, tta_acc1=87.11538696289062
2025-06-12 05:01:58,391 - log - INFO - iter:520/2463, Original Acc@1: 78.85, Acc@5: 88.46, TTA Acc@1: 87.12, Acc@5: 89.23
2025-06-12 05:02:53,866 - log - INFO - iter:540/2463, clip_acc1=79.62963104248047, tta_acc1=87.59259033203125
2025-06-12 05:02:53,867 - log - INFO - iter:540/2463, Original Acc@1: 79.63, Acc@5: 88.89, TTA Acc@1: 87.59, Acc@5: 89.63
2025-06-12 05:03:49,418 - log - INFO - iter:560/2463, clip_acc1=80.35713958740234, tta_acc1=88.03571319580078
2025-06-12 05:03:49,418 - log - INFO - iter:560/2463, Original Acc@1: 80.36, Acc@5: 89.29, TTA Acc@1: 88.04, Acc@5: 90.00
2025-06-12 05:04:45,069 - log - INFO - iter:580/2463, clip_acc1=81.03448486328125, tta_acc1=88.44827270507812
2025-06-12 05:04:45,069 - log - INFO - iter:580/2463, Original Acc@1: 81.03, Acc@5: 89.66, TTA Acc@1: 88.45, Acc@5: 90.34
2025-06-12 05:05:40,661 - log - INFO - iter:600/2463, clip_acc1=81.5, tta_acc1=88.83333587646484
2025-06-12 05:05:40,662 - log - INFO - iter:600/2463, Original Acc@1: 81.50, Acc@5: 90.00, TTA Acc@1: 88.83, Acc@5: 90.67
2025-06-12 05:06:36,266 - log - INFO - iter:620/2463, clip_acc1=82.09677124023438, tta_acc1=89.19355010986328
2025-06-12 05:06:36,267 - log - INFO - iter:620/2463, Original Acc@1: 82.10, Acc@5: 90.32, TTA Acc@1: 89.19, Acc@5: 90.97
2025-06-12 05:07:32,857 - log - INFO - iter:640/2463, clip_acc1=82.65625, tta_acc1=89.53125
2025-06-12 05:07:32,857 - log - INFO - iter:640/2463, Original Acc@1: 82.66, Acc@5: 90.62, TTA Acc@1: 89.53, Acc@5: 91.25
2025-06-12 05:08:28,388 - log - INFO - iter:660/2463, clip_acc1=81.06060028076172, tta_acc1=87.7272720336914
2025-06-12 05:08:28,388 - log - INFO - iter:660/2463, Original Acc@1: 81.06, Acc@5: 88.79, TTA Acc@1: 87.73, Acc@5: 89.70
2025-06-12 05:09:23,915 - log - INFO - iter:680/2463, clip_acc1=78.67647552490234, tta_acc1=85.14706420898438
2025-06-12 05:09:23,916 - log - INFO - iter:680/2463, Original Acc@1: 78.68, Acc@5: 86.32, TTA Acc@1: 85.15, Acc@5: 87.21
2025-06-12 05:10:19,518 - log - INFO - iter:700/2463, clip_acc1=79.0, tta_acc1=85.28571319580078
2025-06-12 05:10:19,519 - log - INFO - iter:700/2463, Original Acc@1: 79.00, Acc@5: 86.57, TTA Acc@1: 85.29, Acc@5: 87.29
2025-06-12 05:11:15,039 - log - INFO - iter:720/2463, clip_acc1=79.58333587646484, tta_acc1=85.69444274902344
2025-06-12 05:11:15,039 - log - INFO - iter:720/2463, Original Acc@1: 79.58, Acc@5: 86.94, TTA Acc@1: 85.69, Acc@5: 87.64
2025-06-12 05:12:10,655 - log - INFO - iter:740/2463, clip_acc1=77.97297668457031, tta_acc1=83.78378295898438
2025-06-12 05:12:10,655 - log - INFO - iter:740/2463, Original Acc@1: 77.97, Acc@5: 86.62, TTA Acc@1: 83.78, Acc@5: 86.89
2025-06-12 05:13:06,457 - log - INFO - iter:760/2463, clip_acc1=76.18421173095703, tta_acc1=81.84210968017578
2025-06-12 05:13:06,457 - log - INFO - iter:760/2463, Original Acc@1: 76.18, Acc@5: 86.71, TTA Acc@1: 81.84, Acc@5: 86.84
2025-06-12 05:14:02,633 - log - INFO - iter:780/2463, clip_acc1=76.53846740722656, tta_acc1=82.30769348144531
2025-06-12 05:14:02,633 - log - INFO - iter:780/2463, Original Acc@1: 76.54, Acc@5: 86.92, TTA Acc@1: 82.31, Acc@5: 87.18
2025-06-12 05:14:58,713 - log - INFO - iter:800/2463, clip_acc1=76.875, tta_acc1=82.75
2025-06-12 05:14:58,713 - log - INFO - iter:800/2463, Original Acc@1: 76.88, Acc@5: 87.25, TTA Acc@1: 82.75, Acc@5: 87.50
2025-06-12 05:15:54,202 - log - INFO - iter:820/2463, clip_acc1=77.31707000732422, tta_acc1=83.04878234863281
2025-06-12 05:15:54,202 - log - INFO - iter:820/2463, Original Acc@1: 77.32, Acc@5: 87.56, TTA Acc@1: 83.05, Acc@5: 87.80
2025-06-12 05:16:49,944 - log - INFO - iter:840/2463, clip_acc1=77.5, tta_acc1=83.21428680419922
2025-06-12 05:16:49,944 - log - INFO - iter:840/2463, Original Acc@1: 77.50, Acc@5: 87.86, TTA Acc@1: 83.21, Acc@5: 88.10
2025-06-12 05:17:45,479 - log - INFO - iter:860/2463, clip_acc1=76.86046600341797, tta_acc1=82.55813598632812
2025-06-12 05:17:45,479 - log - INFO - iter:860/2463, Original Acc@1: 76.86, Acc@5: 87.09, TTA Acc@1: 82.56, Acc@5: 87.33
2025-06-12 05:18:41,105 - log - INFO - iter:880/2463, clip_acc1=75.11363220214844, tta_acc1=80.68181610107422
2025-06-12 05:18:41,106 - log - INFO - iter:880/2463, Original Acc@1: 75.11, Acc@5: 85.11, TTA Acc@1: 80.68, Acc@5: 85.34
2025-06-12 05:19:36,612 - log - INFO - iter:900/2463, clip_acc1=73.66667175292969, tta_acc1=78.8888931274414
2025-06-12 05:19:36,612 - log - INFO - iter:900/2463, Original Acc@1: 73.67, Acc@5: 85.00, TTA Acc@1: 78.89, Acc@5: 85.22
2025-06-12 05:20:32,218 - log - INFO - iter:920/2463, clip_acc1=73.04347229003906, tta_acc1=78.58695220947266
2025-06-12 05:20:32,218 - log - INFO - iter:920/2463, Original Acc@1: 73.04, Acc@5: 85.00, TTA Acc@1: 78.59, Acc@5: 85.54
2025-06-12 05:21:28,139 - log - INFO - iter:940/2463, clip_acc1=73.0851058959961, tta_acc1=78.93616485595703
2025-06-12 05:21:28,140 - log - INFO - iter:940/2463, Original Acc@1: 73.09, Acc@5: 85.21, TTA Acc@1: 78.94, Acc@5: 85.85
2025-06-12 05:22:23,760 - log - INFO - iter:960/2463, clip_acc1=73.64583587646484, tta_acc1=79.37500762939453
2025-06-12 05:22:23,760 - log - INFO - iter:960/2463, Original Acc@1: 73.65, Acc@5: 85.52, TTA Acc@1: 79.38, Acc@5: 86.15
2025-06-12 05:23:19,245 - log - INFO - iter:980/2463, clip_acc1=73.77550506591797, tta_acc1=79.79591369628906
2025-06-12 05:23:19,245 - log - INFO - iter:980/2463, Original Acc@1: 73.78, Acc@5: 85.82, TTA Acc@1: 79.80, Acc@5: 86.43
2025-06-12 05:24:14,836 - log - INFO - iter:1000/2463, clip_acc1=73.80000305175781, tta_acc1=80.10000610351562
2025-06-12 05:24:14,836 - log - INFO - iter:1000/2463, Original Acc@1: 73.80, Acc@5: 85.90, TTA Acc@1: 80.10, Acc@5: 86.70
2025-06-12 05:25:10,318 - log - INFO - iter:1020/2463, clip_acc1=74.01961517333984, tta_acc1=80.49020385742188
2025-06-12 05:25:10,319 - log - INFO - iter:1020/2463, Original Acc@1: 74.02, Acc@5: 86.18, TTA Acc@1: 80.49, Acc@5: 86.96
2025-06-12 05:26:05,862 - log - INFO - iter:1040/2463, clip_acc1=74.51923370361328, tta_acc1=80.86538696289062
2025-06-12 05:26:05,863 - log - INFO - iter:1040/2463, Original Acc@1: 74.52, Acc@5: 86.44, TTA Acc@1: 80.87, Acc@5: 87.21
2025-06-12 05:27:01,513 - log - INFO - iter:1060/2463, clip_acc1=74.62264251708984, tta_acc1=80.94339752197266
2025-06-12 05:27:01,513 - log - INFO - iter:1060/2463, Original Acc@1: 74.62, Acc@5: 86.70, TTA Acc@1: 80.94, Acc@5: 87.36
2025-06-12 05:27:56,968 - log - INFO - iter:1080/2463, clip_acc1=74.53703308105469, tta_acc1=80.9259262084961
2025-06-12 05:27:56,969 - log - INFO - iter:1080/2463, Original Acc@1: 74.54, Acc@5: 86.85, TTA Acc@1: 80.93, Acc@5: 87.50
2025-06-12 05:28:52,724 - log - INFO - iter:1100/2463, clip_acc1=74.7272720336914, tta_acc1=81.2727279663086
2025-06-12 05:28:52,724 - log - INFO - iter:1100/2463, Original Acc@1: 74.73, Acc@5: 87.09, TTA Acc@1: 81.27, Acc@5: 87.73
2025-06-12 05:29:48,221 - log - INFO - iter:1120/2463, clip_acc1=75.08928680419922, tta_acc1=81.60713958740234
2025-06-12 05:29:48,221 - log - INFO - iter:1120/2463, Original Acc@1: 75.09, Acc@5: 87.32, TTA Acc@1: 81.61, Acc@5: 87.95
2025-06-12 05:30:43,767 - log - INFO - iter:1140/2463, clip_acc1=75.1754379272461, tta_acc1=81.66667175292969
2025-06-12 05:30:43,768 - log - INFO - iter:1140/2463, Original Acc@1: 75.18, Acc@5: 87.46, TTA Acc@1: 81.67, Acc@5: 88.16
2025-06-12 05:31:39,324 - log - INFO - iter:1160/2463, clip_acc1=74.48275756835938, tta_acc1=80.77586364746094
2025-06-12 05:31:39,325 - log - INFO - iter:1160/2463, Original Acc@1: 74.48, Acc@5: 87.24, TTA Acc@1: 80.78, Acc@5: 87.93
2025-06-12 05:32:34,853 - log - INFO - iter:1180/2463, clip_acc1=73.30508422851562, tta_acc1=79.49152374267578
2025-06-12 05:32:34,853 - log - INFO - iter:1180/2463, Original Acc@1: 73.31, Acc@5: 86.61, TTA Acc@1: 79.49, Acc@5: 87.20
2025-06-12 05:33:30,338 - log - INFO - iter:1200/2463, clip_acc1=73.75, tta_acc1=79.83333587646484
2025-06-12 05:33:30,338 - log - INFO - iter:1200/2463, Original Acc@1: 73.75, Acc@5: 86.83, TTA Acc@1: 79.83, Acc@5: 87.42
2025-06-12 05:34:25,959 - log - INFO - iter:1220/2463, clip_acc1=73.60655975341797, tta_acc1=79.83606719970703
2025-06-12 05:34:25,959 - log - INFO - iter:1220/2463, Original Acc@1: 73.61, Acc@5: 86.97, TTA Acc@1: 79.84, Acc@5: 87.46
2025-06-12 05:35:21,660 - log - INFO - iter:1240/2463, clip_acc1=73.54838562011719, tta_acc1=79.91935729980469
2025-06-12 05:35:21,661 - log - INFO - iter:1240/2463, Original Acc@1: 73.55, Acc@5: 87.18, TTA Acc@1: 79.92, Acc@5: 87.58
2025-06-12 05:36:17,422 - log - INFO - iter:1260/2463, clip_acc1=73.8888931274414, tta_acc1=80.0
2025-06-12 05:36:17,422 - log - INFO - iter:1260/2463, Original Acc@1: 73.89, Acc@5: 87.38, TTA Acc@1: 80.00, Acc@5: 87.62
2025-06-12 05:37:13,022 - log - INFO - iter:1280/2463, clip_acc1=74.296875, tta_acc1=80.3125
2025-06-12 05:37:13,023 - log - INFO - iter:1280/2463, Original Acc@1: 74.30, Acc@5: 87.58, TTA Acc@1: 80.31, Acc@5: 87.81
2025-06-12 05:38:08,720 - log - INFO - iter:1300/2463, clip_acc1=74.46154022216797, tta_acc1=80.61538696289062
2025-06-12 05:38:08,720 - log - INFO - iter:1300/2463, Original Acc@1: 74.46, Acc@5: 87.62, TTA Acc@1: 80.62, Acc@5: 88.00
2025-06-12 05:39:04,639 - log - INFO - iter:1320/2463, clip_acc1=74.69696807861328, tta_acc1=80.90908813476562
2025-06-12 05:39:04,639 - log - INFO - iter:1320/2463, Original Acc@1: 74.70, Acc@5: 87.73, TTA Acc@1: 80.91, Acc@5: 88.18
2025-06-12 05:40:00,261 - log - INFO - iter:1340/2463, clip_acc1=74.85074615478516, tta_acc1=81.0447769165039
2025-06-12 05:40:00,261 - log - INFO - iter:1340/2463, Original Acc@1: 74.85, Acc@5: 87.84, TTA Acc@1: 81.04, Acc@5: 88.36
2025-06-12 05:40:56,310 - log - INFO - iter:1360/2463, clip_acc1=74.70588684082031, tta_acc1=81.32353210449219
2025-06-12 05:40:56,311 - log - INFO - iter:1360/2463, Original Acc@1: 74.71, Acc@5: 88.01, TTA Acc@1: 81.32, Acc@5: 88.53
2025-06-12 05:41:52,399 - log - INFO - iter:1380/2463, clip_acc1=74.78260803222656, tta_acc1=81.59420776367188
2025-06-12 05:41:52,399 - log - INFO - iter:1380/2463, Original Acc@1: 74.78, Acc@5: 88.19, TTA Acc@1: 81.59, Acc@5: 88.70
2025-06-12 05:42:48,442 - log - INFO - iter:1400/2463, clip_acc1=74.71428680419922, tta_acc1=81.85713958740234
2025-06-12 05:42:48,442 - log - INFO - iter:1400/2463, Original Acc@1: 74.71, Acc@5: 88.21, TTA Acc@1: 81.86, Acc@5: 88.86
2025-06-12 05:43:44,034 - log - INFO - iter:1420/2463, clip_acc1=74.64788818359375, tta_acc1=81.83098602294922
2025-06-12 05:43:44,034 - log - INFO - iter:1420/2463, Original Acc@1: 74.65, Acc@5: 88.10, TTA Acc@1: 81.83, Acc@5: 88.73
2025-06-12 05:44:39,603 - log - INFO - iter:1440/2463, clip_acc1=73.81944274902344, tta_acc1=80.90277862548828
2025-06-12 05:44:39,604 - log - INFO - iter:1440/2463, Original Acc@1: 73.82, Acc@5: 87.15, TTA Acc@1: 80.90, Acc@5: 87.71
2025-06-12 05:45:35,095 - log - INFO - iter:1460/2463, clip_acc1=74.17808532714844, tta_acc1=81.02739715576172
2025-06-12 05:45:35,095 - log - INFO - iter:1460/2463, Original Acc@1: 74.18, Acc@5: 87.33, TTA Acc@1: 81.03, Acc@5: 87.88
2025-06-12 05:46:30,648 - log - INFO - iter:1480/2463, clip_acc1=74.52703094482422, tta_acc1=81.21621704101562
2025-06-12 05:46:30,649 - log - INFO - iter:1480/2463, Original Acc@1: 74.53, Acc@5: 87.50, TTA Acc@1: 81.22, Acc@5: 88.04
2025-06-12 05:47:26,333 - log - INFO - iter:1500/2463, clip_acc1=74.66666412353516, tta_acc1=81.33333587646484
2025-06-12 05:47:26,334 - log - INFO - iter:1500/2463, Original Acc@1: 74.67, Acc@5: 87.67, TTA Acc@1: 81.33, Acc@5: 88.20
2025-06-12 05:48:22,207 - log - INFO - iter:1520/2463, clip_acc1=74.53947448730469, tta_acc1=81.18421173095703
2025-06-12 05:48:22,207 - log - INFO - iter:1520/2463, Original Acc@1: 74.54, Acc@5: 87.76, TTA Acc@1: 81.18, Acc@5: 88.29
2025-06-12 05:49:17,780 - log - INFO - iter:1540/2463, clip_acc1=74.35064697265625, tta_acc1=80.9740219116211
2025-06-12 05:49:17,781 - log - INFO - iter:1540/2463, Original Acc@1: 74.35, Acc@5: 87.60, TTA Acc@1: 80.97, Acc@5: 88.31
2025-06-12 05:50:13,528 - log - INFO - iter:1560/2463, clip_acc1=73.9102554321289, tta_acc1=80.5769271850586
2025-06-12 05:50:13,529 - log - INFO - iter:1560/2463, Original Acc@1: 73.91, Acc@5: 87.69, TTA Acc@1: 80.58, Acc@5: 88.46
2025-06-12 05:51:09,453 - log - INFO - iter:1580/2463, clip_acc1=73.73417663574219, tta_acc1=80.06329345703125
2025-06-12 05:51:09,453 - log - INFO - iter:1580/2463, Original Acc@1: 73.73, Acc@5: 87.85, TTA Acc@1: 80.06, Acc@5: 88.61
2025-06-12 05:52:04,958 - log - INFO - iter:1600/2463, clip_acc1=74.0, tta_acc1=80.3125
2025-06-12 05:52:04,959 - log - INFO - iter:1600/2463, Original Acc@1: 74.00, Acc@5: 88.00, TTA Acc@1: 80.31, Acc@5: 88.75
2025-06-12 05:53:00,566 - log - INFO - iter:1620/2463, clip_acc1=74.13580322265625, tta_acc1=80.49382781982422
2025-06-12 05:53:00,566 - log - INFO - iter:1620/2463, Original Acc@1: 74.14, Acc@5: 88.09, TTA Acc@1: 80.49, Acc@5: 88.89
2025-06-12 05:53:58,127 - log - INFO - iter:1640/2463, clip_acc1=74.32926940917969, tta_acc1=80.67073059082031
2025-06-12 05:53:58,127 - log - INFO - iter:1640/2463, Original Acc@1: 74.33, Acc@5: 88.23, TTA Acc@1: 80.67, Acc@5: 89.02
2025-06-12 05:54:53,744 - log - INFO - iter:1660/2463, clip_acc1=74.57831573486328, tta_acc1=80.90361785888672
2025-06-12 05:54:53,744 - log - INFO - iter:1660/2463, Original Acc@1: 74.58, Acc@5: 88.37, TTA Acc@1: 80.90, Acc@5: 89.16
2025-06-12 05:55:49,187 - log - INFO - iter:1680/2463, clip_acc1=74.8809585571289, tta_acc1=81.1309585571289
2025-06-12 05:55:49,187 - log - INFO - iter:1680/2463, Original Acc@1: 74.88, Acc@5: 88.51, TTA Acc@1: 81.13, Acc@5: 89.29
2025-06-12 05:56:44,767 - log - INFO - iter:1700/2463, clip_acc1=75.17646789550781, tta_acc1=81.29411315917969
2025-06-12 05:56:44,767 - log - INFO - iter:1700/2463, Original Acc@1: 75.18, Acc@5: 88.65, TTA Acc@1: 81.29, Acc@5: 89.41
2025-06-12 05:57:40,424 - log - INFO - iter:1720/2463, clip_acc1=75.29069519042969, tta_acc1=81.4534912109375
2025-06-12 05:57:40,424 - log - INFO - iter:1720/2463, Original Acc@1: 75.29, Acc@5: 88.66, TTA Acc@1: 81.45, Acc@5: 89.53
2025-06-12 05:58:36,096 - log - INFO - iter:1740/2463, clip_acc1=75.45977020263672, tta_acc1=81.66666412353516
2025-06-12 05:58:36,096 - log - INFO - iter:1740/2463, Original Acc@1: 75.46, Acc@5: 88.79, TTA Acc@1: 81.67, Acc@5: 89.66
2025-06-12 05:59:31,590 - log - INFO - iter:1760/2463, clip_acc1=75.68181610107422, tta_acc1=81.875
2025-06-12 05:59:31,590 - log - INFO - iter:1760/2463, Original Acc@1: 75.68, Acc@5: 88.92, TTA Acc@1: 81.88, Acc@5: 89.77
2025-06-12 06:00:27,096 - log - INFO - iter:1780/2463, clip_acc1=75.9550552368164, tta_acc1=81.96629333496094
2025-06-12 06:00:27,096 - log - INFO - iter:1780/2463, Original Acc@1: 75.96, Acc@5: 89.04, TTA Acc@1: 81.97, Acc@5: 89.89
2025-06-12 06:01:22,560 - log - INFO - iter:1800/2463, clip_acc1=76.0, tta_acc1=82.0
2025-06-12 06:01:22,560 - log - INFO - iter:1800/2463, Original Acc@1: 76.00, Acc@5: 89.17, TTA Acc@1: 82.00, Acc@5: 90.00
2025-06-12 06:02:18,254 - log - INFO - iter:1820/2463, clip_acc1=75.82418060302734, tta_acc1=81.81319427490234
2025-06-12 06:02:18,254 - log - INFO - iter:1820/2463, Original Acc@1: 75.82, Acc@5: 88.90, TTA Acc@1: 81.81, Acc@5: 89.73
2025-06-12 06:03:13,784 - log - INFO - iter:1840/2463, clip_acc1=75.7065200805664, tta_acc1=81.63043212890625
2025-06-12 06:03:13,784 - log - INFO - iter:1840/2463, Original Acc@1: 75.71, Acc@5: 88.64, TTA Acc@1: 81.63, Acc@5: 89.46
2025-06-12 06:04:09,301 - log - INFO - iter:1860/2463, clip_acc1=75.10752868652344, tta_acc1=80.96774291992188
2025-06-12 06:04:09,302 - log - INFO - iter:1860/2463, Original Acc@1: 75.11, Acc@5: 87.90, TTA Acc@1: 80.97, Acc@5: 88.76
2025-06-12 06:05:04,917 - log - INFO - iter:1880/2463, clip_acc1=75.31914520263672, tta_acc1=81.17021179199219
2025-06-12 06:05:04,918 - log - INFO - iter:1880/2463, Original Acc@1: 75.32, Acc@5: 88.03, TTA Acc@1: 81.17, Acc@5: 88.88
2025-06-12 06:06:00,455 - log - INFO - iter:1900/2463, clip_acc1=75.47367858886719, tta_acc1=81.05262756347656
2025-06-12 06:06:00,455 - log - INFO - iter:1900/2463, Original Acc@1: 75.47, Acc@5: 88.16, TTA Acc@1: 81.05, Acc@5: 89.00
2025-06-12 06:07:02,360 - log - INFO - iter:1920/2463, clip_acc1=75.72917175292969, tta_acc1=81.19792175292969
2025-06-12 06:07:02,360 - log - INFO - iter:1920/2463, Original Acc@1: 75.73, Acc@5: 88.28, TTA Acc@1: 81.20, Acc@5: 89.11
2025-06-12 06:07:58,274 - log - INFO - iter:1940/2463, clip_acc1=75.97938537597656, tta_acc1=81.39175415039062
2025-06-12 06:07:58,274 - log - INFO - iter:1940/2463, Original Acc@1: 75.98, Acc@5: 88.40, TTA Acc@1: 81.39, Acc@5: 89.23
2025-06-12 06:09:30,709 - log - INFO - iter:1960/2463, clip_acc1=76.07142639160156, tta_acc1=81.58162689208984
2025-06-12 06:09:30,709 - log - INFO - iter:1960/2463, Original Acc@1: 76.07, Acc@5: 88.52, TTA Acc@1: 81.58, Acc@5: 89.34
2025-06-12 06:10:27,123 - log - INFO - iter:1980/2463, clip_acc1=76.26262664794922, tta_acc1=81.66667175292969
2025-06-12 06:10:27,123 - log - INFO - iter:1980/2463, Original Acc@1: 76.26, Acc@5: 88.64, TTA Acc@1: 81.67, Acc@5: 89.39
2025-06-12 06:11:22,812 - log - INFO - iter:2000/2463, clip_acc1=76.45000457763672, tta_acc1=81.80000305175781
2025-06-12 06:11:22,812 - log - INFO - iter:2000/2463, Original Acc@1: 76.45, Acc@5: 88.75, TTA Acc@1: 81.80, Acc@5: 89.50
2025-06-12 06:12:18,429 - log - INFO - iter:2020/2463, clip_acc1=76.38613891601562, tta_acc1=81.6336669921875
2025-06-12 06:12:18,430 - log - INFO - iter:2020/2463, Original Acc@1: 76.39, Acc@5: 88.76, TTA Acc@1: 81.63, Acc@5: 89.50
2025-06-12 06:13:14,356 - log - INFO - iter:2040/2463, clip_acc1=76.2745132446289, tta_acc1=81.51961517333984
2025-06-12 06:13:14,357 - log - INFO - iter:2040/2463, Original Acc@1: 76.27, Acc@5: 88.87, TTA Acc@1: 81.52, Acc@5: 89.61
2025-06-12 06:14:09,898 - log - INFO - iter:2060/2463, clip_acc1=76.01941680908203, tta_acc1=81.60194396972656
2025-06-12 06:14:09,898 - log - INFO - iter:2060/2463, Original Acc@1: 76.02, Acc@5: 88.93, TTA Acc@1: 81.60, Acc@5: 89.71
2025-06-12 06:15:05,467 - log - INFO - iter:2080/2463, clip_acc1=75.96154022216797, tta_acc1=81.49038696289062
2025-06-12 06:15:05,467 - log - INFO - iter:2080/2463, Original Acc@1: 75.96, Acc@5: 88.85, TTA Acc@1: 81.49, Acc@5: 89.62
2025-06-12 06:16:01,112 - log - INFO - iter:2100/2463, clip_acc1=75.80952453613281, tta_acc1=81.38095092773438
2025-06-12 06:16:01,112 - log - INFO - iter:2100/2463, Original Acc@1: 75.81, Acc@5: 88.76, TTA Acc@1: 81.38, Acc@5: 89.48
2025-06-12 06:16:56,666 - log - INFO - iter:2120/2463, clip_acc1=75.6603775024414, tta_acc1=81.32075500488281
2025-06-12 06:16:56,666 - log - INFO - iter:2120/2463, Original Acc@1: 75.66, Acc@5: 88.87, TTA Acc@1: 81.32, Acc@5: 89.58
2025-06-12 06:17:52,443 - log - INFO - iter:2140/2463, clip_acc1=75.51402282714844, tta_acc1=81.40187072753906
2025-06-12 06:17:52,444 - log - INFO - iter:2140/2463, Original Acc@1: 75.51, Acc@5: 88.88, TTA Acc@1: 81.40, Acc@5: 89.63
2025-06-12 06:18:48,141 - log - INFO - iter:2160/2463, clip_acc1=75.74073791503906, tta_acc1=81.5740737915039
2025-06-12 06:18:48,141 - log - INFO - iter:2160/2463, Original Acc@1: 75.74, Acc@5: 88.98, TTA Acc@1: 81.57, Acc@5: 89.72
2025-06-12 06:19:43,957 - log - INFO - iter:2180/2463, clip_acc1=75.412841796875, tta_acc1=81.19265747070312
2025-06-12 06:19:43,957 - log - INFO - iter:2180/2463, Original Acc@1: 75.41, Acc@5: 88.53, TTA Acc@1: 81.19, Acc@5: 89.27
2025-06-12 06:20:39,700 - log - INFO - iter:2200/2463, clip_acc1=75.59091186523438, tta_acc1=81.31818389892578
2025-06-12 06:20:39,701 - log - INFO - iter:2200/2463, Original Acc@1: 75.59, Acc@5: 88.64, TTA Acc@1: 81.32, Acc@5: 89.36
2025-06-12 06:21:35,365 - log - INFO - iter:2220/2463, clip_acc1=75.7657699584961, tta_acc1=81.48648834228516
2025-06-12 06:21:35,365 - log - INFO - iter:2220/2463, Original Acc@1: 75.77, Acc@5: 88.74, TTA Acc@1: 81.49, Acc@5: 89.46
2025-06-12 06:22:31,005 - log - INFO - iter:2240/2463, clip_acc1=75.84821319580078, tta_acc1=81.51786041259766
2025-06-12 06:22:31,005 - log - INFO - iter:2240/2463, Original Acc@1: 75.85, Acc@5: 88.84, TTA Acc@1: 81.52, Acc@5: 89.55
2025-06-12 06:23:26,872 - log - INFO - iter:2260/2463, clip_acc1=76.0177001953125, tta_acc1=81.6814193725586
2025-06-12 06:23:26,873 - log - INFO - iter:2260/2463, Original Acc@1: 76.02, Acc@5: 88.94, TTA Acc@1: 81.68, Acc@5: 89.65
2025-06-12 06:24:22,692 - log - INFO - iter:2280/2463, clip_acc1=76.0526351928711, tta_acc1=81.79824829101562
2025-06-12 06:24:22,692 - log - INFO - iter:2280/2463, Original Acc@1: 76.05, Acc@5: 89.04, TTA Acc@1: 81.80, Acc@5: 89.74
2025-06-12 06:25:18,268 - log - INFO - iter:2300/2463, clip_acc1=76.13043975830078, tta_acc1=81.9565200805664
2025-06-12 06:25:18,268 - log - INFO - iter:2300/2463, Original Acc@1: 76.13, Acc@5: 89.09, TTA Acc@1: 81.96, Acc@5: 89.83
2025-06-12 06:26:13,771 - log - INFO - iter:2320/2463, clip_acc1=76.20689392089844, tta_acc1=82.11206817626953
2025-06-12 06:26:13,771 - log - INFO - iter:2320/2463, Original Acc@1: 76.21, Acc@5: 89.09, TTA Acc@1: 82.11, Acc@5: 89.91
2025-06-12 06:27:09,390 - log - INFO - iter:2340/2463, clip_acc1=76.19657897949219, tta_acc1=82.17948913574219
2025-06-12 06:27:09,391 - log - INFO - iter:2340/2463, Original Acc@1: 76.20, Acc@5: 89.06, TTA Acc@1: 82.18, Acc@5: 89.91
2025-06-12 06:28:04,955 - log - INFO - iter:2360/2463, clip_acc1=76.10169219970703, tta_acc1=82.0762710571289
2025-06-12 06:28:04,955 - log - INFO - iter:2360/2463, Original Acc@1: 76.10, Acc@5: 89.11, TTA Acc@1: 82.08, Acc@5: 89.92
2025-06-12 06:29:00,871 - log - INFO - iter:2380/2463, clip_acc1=75.6302490234375, tta_acc1=81.47058868408203
2025-06-12 06:29:00,871 - log - INFO - iter:2380/2463, Original Acc@1: 75.63, Acc@5: 89.08, TTA Acc@1: 81.47, Acc@5: 89.92
2025-06-12 06:29:56,722 - log - INFO - iter:2400/2463, clip_acc1=75.16667175292969, tta_acc1=81.08333587646484
2025-06-12 06:29:56,722 - log - INFO - iter:2400/2463, Original Acc@1: 75.17, Acc@5: 88.92, TTA Acc@1: 81.08, Acc@5: 90.00
2025-06-12 06:30:52,560 - log - INFO - iter:2420/2463, clip_acc1=75.33058166503906, tta_acc1=81.23966979980469
2025-06-12 06:30:52,561 - log - INFO - iter:2420/2463, Original Acc@1: 75.33, Acc@5: 89.01, TTA Acc@1: 81.24, Acc@5: 90.08
2025-06-12 06:31:47,998 - log - INFO - iter:2440/2463, clip_acc1=75.49180603027344, tta_acc1=81.39344024658203
2025-06-12 06:31:47,998 - log - INFO - iter:2440/2463, Original Acc@1: 75.49, Acc@5: 89.06, TTA Acc@1: 81.39, Acc@5: 90.16
2025-06-12 06:32:41,934 - log - INFO - iter:2460/2463, clip_acc1=75.60975646972656, tta_acc1=81.54471588134766
2025-06-12 06:32:41,934 - log - INFO - iter:2460/2463, Original Acc@1: 75.61, Acc@5: 89.15, TTA Acc@1: 81.54, Acc@5: 90.24
2025-06-12 06:32:49,288 - log - INFO - iter:2463/2463, clip_acc1=75.63946533203125, tta_acc1=81.56719970703125
2025-06-12 06:32:49,289 - log - INFO - iter:2463/2463, Original Acc@1: 75.64, Acc@5: 89.16, TTA Acc@1: 81.57, Acc@5: 90.26
2025-06-12 06:32:49,409 - log - INFO - Final results - Original Acc@1: 75.64, Acc@5: 89.16, TTA Acc@1: 81.57, Acc@5: 90.26
2025-06-12 06:32:49,409 - log - INFO - Improvement from TTA in Acc@1 5.93, and Acc@5 1.10
2025-06-12 06:32:49,410 - log - INFO - Number of selected samples with index 0: 344
2025-06-12 06:32:49,410 - log - INFO - Number of samples in the dataset: 2463
2025-06-12 06:32:49,439 - log - INFO - Selected IDs saved to /leonardo_work/EUHPC_R04_192/fmohamma/Adversarial_Robust_Clip/ATPT/Final_Results/vit_l_14_datacomp_1b/Flower102/Clean/Counter_Attack/Eps_2_0_Steps_2_Alpha_1_0/tau_0_2_beta_2_0_weighted_pertrubation_True/TPT/Optimization_Loss_rtpt_LR_0_005_Optimization_Steps_1_View_Selection_Fraction_0_1/Inference_Ensemble_weighted_rtpt_topk_20_softmaxtemp_0_01/selected_topk.json
2025-06-12 06:32:49,607 - log - INFO - Batch entropies saved to /leonardo_work/EUHPC_R04_192/fmohamma/Adversarial_Robust_Clip/ATPT/Final_Results/vit_l_14_datacomp_1b/Flower102/Clean/Counter_Attack/Eps_2_0_Steps_2_Alpha_1_0/tau_0_2_beta_2_0_weighted_pertrubation_True/TPT/Optimization_Loss_rtpt_LR_0_005_Optimization_Steps_1_View_Selection_Fraction_0_1/Inference_Ensemble_weighted_rtpt_topk_20_softmaxtemp_0_01/entropies.json
2025-06-12 06:32:49,777 - log - INFO - Weighted scores saved to /leonardo_work/EUHPC_R04_192/fmohamma/Adversarial_Robust_Clip/ATPT/Final_Results/vit_l_14_datacomp_1b/Flower102/Clean/Counter_Attack/Eps_2_0_Steps_2_Alpha_1_0/tau_0_2_beta_2_0_weighted_pertrubation_True/TPT/Optimization_Loss_rtpt_LR_0_005_Optimization_Steps_1_View_Selection_Fraction_0_1/Inference_Ensemble_weighted_rtpt_topk_20_softmaxtemp_0_01/weighted_scores.json
2025-06-12 06:32:49,777 - log - INFO - Creating plot of average weights for each view
2025-06-12 06:32:56,570 - log - INFO - Average weights plot saved to /leonardo_work/EUHPC_R04_192/fmohamma/Adversarial_Robust_Clip/ATPT/Final_Results/vit_l_14_datacomp_1b/Flower102/Clean/Counter_Attack/Eps_2_0_Steps_2_Alpha_1_0/tau_0_2_beta_2_0_weighted_pertrubation_True/TPT/Optimization_Loss_rtpt_LR_0_005_Optimization_Steps_1_View_Selection_Fraction_0_1/Inference_Ensemble_weighted_rtpt_topk_20_softmaxtemp_0_01/weighted_scores_plot.png
2025-06-12 06:32:56,577 - log - INFO - => Acc. on testset [Flower102]: Clean Acc @1 75.63946533203125/ TTA Clean Acc @1 81.56719970703125, Clean Acc @5 89.15956115722656/ TTA Clean Acc @5 90.25579071044922
2025-06-12 06:32:56,577 - log - INFO - Total script execution time: 7035.26 seconds (117.25 minutes)
