2025-06-06 18:58:28,917 - log - INFO - ==========================================
data:/leonardo_work/EUHPC_R04_192/fmohamma/Adversarial_Robust_Clip/atpt_data/downstream_datasets
test_sets:UCF101
dataset_mode:test
arch:delta_clip_l14_224
resolution:224
workers:4
no_pin_memory:False
batch_size:64
print_freq:20
gpu:0
no_cudnn_benchmark:False
n_ctx:4
ctx_init:a_photo_of_a
tpt_loss:rtpt
seed:0
output_dir:/leonardo_work/EUHPC_R04_192/fmohamma/Adversarial_Robust_Clip/atpt_data/delta_clip_l14_224/UCF101
log_output_dir:/leonardo_work/EUHPC_R04_192/fmohamma/Adversarial_Robust_Clip/ATPT/Final_Results/delta_clip_l14_224/UCF101
eps:0.0
alpha:0.0
alpha_eps_ratio:4.0
steps:0
lr:0.005
selection_p:0.1
tta_steps:0
ensemble_type:weighted_rtpt
top_k:20
softmax_temp:0.01
counter_attack:True
counter_attack_type:pgd
counter_attack_steps:2
counter_attack_eps:4.0
counter_attack_alpha:1.0
counter_attack_tau_thres:0.2
counter_attack_beta:2.0
counter_attack_weighted_perturbations:True
pgd_clip_pure_i_text_embeddings:null
pgd_counter_and_clipure_i_lamda:1.0
selected_id_name:selected_topk.json
weighted_score_name:weighted_scores.json
batch_entropy_name:entropies.json
log_dir:/leonardo_work/EUHPC_R04_192/fmohamma/Adversarial_Robust_Clip/ATPT/Final_Results/delta_clip_l14_224/UCF101/Clean/Counter_Attack/Eps_4_0_Steps_2_Alpha_1_0/tau_0_2_beta_2_0_weighted_pertrubation_True/No_TPT/Inference_Ensemble_weighted_rtpt_topk_20_softmaxtemp_0_01

2025-06-06 18:58:28,918 - log - INFO - Use GPU: 0 for training
2025-06-06 19:00:35,051 - log - INFO - Freezing all parameters except prompt learner
2025-06-06 19:00:35,052 - log - INFO - => Model created: visual backbone delta_clip_l14_224
2025-06-06 19:00:35,082 - log - INFO - Number of test samples: 3783
2025-06-06 19:00:35,082 - log - INFO - Evaluating dataset: UCF101
2025-06-06 19:00:35,083 - log - INFO - Starting evaluation with batch size: 64, selection percentage: 0.1
2025-06-06 19:00:35,083 - log - INFO - Test-time adaptation steps: 0, learning rate: 0.005
2025-06-06 19:00:35,083 - log - INFO - Using counter-attack with epsilon: 4.000000, alpha: 0.000000, steps: 2, tau_thres: 0.2, beta: 2.0, weighted perturbation: True
2025-06-06 19:01:36,157 - log - INFO - iter:20/3783, clip_acc1=100.0, tta_acc1=95.0
2025-06-06 19:01:36,158 - log - INFO - iter:20/3783, Original Acc@1: 100.00, Acc@5: 100.00, TTA Acc@1: 95.00, Acc@5: 100.00
2025-06-06 19:02:19,012 - log - INFO - iter:40/3783, clip_acc1=100.0, tta_acc1=97.5
2025-06-06 19:02:19,012 - log - INFO - iter:40/3783, Original Acc@1: 100.00, Acc@5: 100.00, TTA Acc@1: 97.50, Acc@5: 100.00
2025-06-06 19:03:02,127 - log - INFO - iter:60/3783, clip_acc1=78.33333587646484, tta_acc1=78.33333587646484
2025-06-06 19:03:02,127 - log - INFO - iter:60/3783, Original Acc@1: 78.33, Acc@5: 100.00, TTA Acc@1: 78.33, Acc@5: 100.00
2025-06-06 19:03:46,365 - log - INFO - iter:80/3783, clip_acc1=75.0, tta_acc1=72.5
2025-06-06 19:03:46,366 - log - INFO - iter:80/3783, Original Acc@1: 75.00, Acc@5: 100.00, TTA Acc@1: 72.50, Acc@5: 100.00
2025-06-06 19:04:29,298 - log - INFO - iter:100/3783, clip_acc1=75.0, tta_acc1=72.0
2025-06-06 19:04:29,298 - log - INFO - iter:100/3783, Original Acc@1: 75.00, Acc@5: 99.00, TTA Acc@1: 72.00, Acc@5: 100.00
2025-06-06 19:05:12,448 - log - INFO - iter:120/3783, clip_acc1=75.00000762939453, tta_acc1=72.5
2025-06-06 19:05:12,448 - log - INFO - iter:120/3783, Original Acc@1: 75.00, Acc@5: 98.33, TTA Acc@1: 72.50, Acc@5: 98.33
2025-06-06 19:05:55,525 - log - INFO - iter:140/3783, clip_acc1=77.85713958740234, tta_acc1=75.71428680419922
2025-06-06 19:05:55,526 - log - INFO - iter:140/3783, Original Acc@1: 77.86, Acc@5: 97.86, TTA Acc@1: 75.71, Acc@5: 97.86
2025-06-06 19:06:38,598 - log - INFO - iter:160/3783, clip_acc1=75.625, tta_acc1=73.75
2025-06-06 19:06:38,598 - log - INFO - iter:160/3783, Original Acc@1: 75.62, Acc@5: 97.50, TTA Acc@1: 73.75, Acc@5: 96.88
2025-06-06 19:07:21,752 - log - INFO - iter:180/3783, clip_acc1=67.22222137451172, tta_acc1=65.55555725097656
2025-06-06 19:07:21,753 - log - INFO - iter:180/3783, Original Acc@1: 67.22, Acc@5: 96.11, TTA Acc@1: 65.56, Acc@5: 93.33
2025-06-06 19:08:04,607 - log - INFO - iter:200/3783, clip_acc1=68.5, tta_acc1=67.0
2025-06-06 19:08:04,607 - log - INFO - iter:200/3783, Original Acc@1: 68.50, Acc@5: 96.00, TTA Acc@1: 67.00, Acc@5: 93.00
2025-06-06 19:08:47,751 - log - INFO - iter:220/3783, clip_acc1=70.45454406738281, tta_acc1=68.18181610107422
2025-06-06 19:08:47,751 - log - INFO - iter:220/3783, Original Acc@1: 70.45, Acc@5: 96.36, TTA Acc@1: 68.18, Acc@5: 93.64
2025-06-06 19:09:30,882 - log - INFO - iter:240/3783, clip_acc1=70.41667175292969, tta_acc1=68.33333587646484
2025-06-06 19:09:30,882 - log - INFO - iter:240/3783, Original Acc@1: 70.42, Acc@5: 94.17, TTA Acc@1: 68.33, Acc@5: 91.67
2025-06-06 19:10:13,847 - log - INFO - iter:260/3783, clip_acc1=72.69230651855469, tta_acc1=70.76923370361328
2025-06-06 19:10:13,847 - log - INFO - iter:260/3783, Original Acc@1: 72.69, Acc@5: 94.62, TTA Acc@1: 70.77, Acc@5: 92.31
2025-06-06 19:10:56,692 - log - INFO - iter:280/3783, clip_acc1=70.71428680419922, tta_acc1=68.92857360839844
2025-06-06 19:10:56,692 - log - INFO - iter:280/3783, Original Acc@1: 70.71, Acc@5: 92.50, TTA Acc@1: 68.93, Acc@5: 91.07
2025-06-06 19:11:39,888 - log - INFO - iter:300/3783, clip_acc1=66.0, tta_acc1=64.33333587646484
2025-06-06 19:11:39,888 - log - INFO - iter:300/3783, Original Acc@1: 66.00, Acc@5: 91.00, TTA Acc@1: 64.33, Acc@5: 88.67
2025-06-06 19:12:25,040 - log - INFO - iter:320/3783, clip_acc1=66.875, tta_acc1=65.0
2025-06-06 19:12:25,040 - log - INFO - iter:320/3783, Original Acc@1: 66.88, Acc@5: 91.25, TTA Acc@1: 65.00, Acc@5: 89.06
2025-06-06 19:13:08,172 - log - INFO - iter:340/3783, clip_acc1=68.82353210449219, tta_acc1=66.76470947265625
2025-06-06 19:13:08,172 - log - INFO - iter:340/3783, Original Acc@1: 68.82, Acc@5: 91.76, TTA Acc@1: 66.76, Acc@5: 89.71
2025-06-06 19:13:51,037 - log - INFO - iter:360/3783, clip_acc1=70.55555725097656, tta_acc1=68.61111450195312
2025-06-06 19:13:51,038 - log - INFO - iter:360/3783, Original Acc@1: 70.56, Acc@5: 92.22, TTA Acc@1: 68.61, Acc@5: 90.28
2025-06-06 19:14:33,824 - log - INFO - iter:380/3783, clip_acc1=72.10526275634766, tta_acc1=70.2631607055664
2025-06-06 19:14:33,825 - log - INFO - iter:380/3783, Original Acc@1: 72.11, Acc@5: 92.63, TTA Acc@1: 70.26, Acc@5: 90.79
2025-06-06 19:15:16,781 - log - INFO - iter:400/3783, clip_acc1=73.5, tta_acc1=71.75
2025-06-06 19:15:16,781 - log - INFO - iter:400/3783, Original Acc@1: 73.50, Acc@5: 93.00, TTA Acc@1: 71.75, Acc@5: 91.25
2025-06-06 19:15:59,758 - log - INFO - iter:420/3783, clip_acc1=74.28572082519531, tta_acc1=72.61904907226562
2025-06-06 19:15:59,758 - log - INFO - iter:420/3783, Original Acc@1: 74.29, Acc@5: 93.33, TTA Acc@1: 72.62, Acc@5: 91.43
2025-06-06 19:16:42,787 - log - INFO - iter:440/3783, clip_acc1=75.45454406738281, tta_acc1=73.86363220214844
2025-06-06 19:16:42,787 - log - INFO - iter:440/3783, Original Acc@1: 75.45, Acc@5: 93.64, TTA Acc@1: 73.86, Acc@5: 91.82
2025-06-06 19:17:25,884 - log - INFO - iter:460/3783, clip_acc1=76.52173614501953, tta_acc1=75.0
2025-06-06 19:17:25,884 - log - INFO - iter:460/3783, Original Acc@1: 76.52, Acc@5: 93.91, TTA Acc@1: 75.00, Acc@5: 92.17
2025-06-06 19:18:08,849 - log - INFO - iter:480/3783, clip_acc1=76.45833587646484, tta_acc1=74.79167175292969
2025-06-06 19:18:08,849 - log - INFO - iter:480/3783, Original Acc@1: 76.46, Acc@5: 93.54, TTA Acc@1: 74.79, Acc@5: 92.08
2025-06-06 19:18:51,506 - log - INFO - iter:500/3783, clip_acc1=74.60000610351562, tta_acc1=73.20000457763672
2025-06-06 19:18:51,506 - log - INFO - iter:500/3783, Original Acc@1: 74.60, Acc@5: 93.80, TTA Acc@1: 73.20, Acc@5: 92.40
2025-06-06 19:19:34,203 - log - INFO - iter:520/3783, clip_acc1=74.61538696289062, tta_acc1=73.07691955566406
2025-06-06 19:19:34,204 - log - INFO - iter:520/3783, Original Acc@1: 74.62, Acc@5: 94.04, TTA Acc@1: 73.08, Acc@5: 92.69
2025-06-06 19:20:17,080 - log - INFO - iter:540/3783, clip_acc1=75.1851806640625, tta_acc1=73.70370483398438
2025-06-06 19:20:17,080 - log - INFO - iter:540/3783, Original Acc@1: 75.19, Acc@5: 94.26, TTA Acc@1: 73.70, Acc@5: 92.96
2025-06-06 19:20:59,884 - log - INFO - iter:560/3783, clip_acc1=73.92857360839844, tta_acc1=72.5
2025-06-06 19:20:59,884 - log - INFO - iter:560/3783, Original Acc@1: 73.93, Acc@5: 93.75, TTA Acc@1: 72.50, Acc@5: 92.32
2025-06-06 19:21:42,844 - log - INFO - iter:580/3783, clip_acc1=73.96551513671875, tta_acc1=72.4137954711914
2025-06-06 19:21:42,844 - log - INFO - iter:580/3783, Original Acc@1: 73.97, Acc@5: 93.97, TTA Acc@1: 72.41, Acc@5: 92.59
2025-06-06 19:22:26,489 - log - INFO - iter:600/3783, clip_acc1=74.83333587646484, tta_acc1=73.33333587646484
2025-06-06 19:22:26,489 - log - INFO - iter:600/3783, Original Acc@1: 74.83, Acc@5: 94.17, TTA Acc@1: 73.33, Acc@5: 92.83
2025-06-06 19:23:09,285 - log - INFO - iter:620/3783, clip_acc1=75.64515686035156, tta_acc1=74.19355010986328
2025-06-06 19:23:09,285 - log - INFO - iter:620/3783, Original Acc@1: 75.65, Acc@5: 94.35, TTA Acc@1: 74.19, Acc@5: 93.06
2025-06-06 19:23:52,208 - log - INFO - iter:640/3783, clip_acc1=76.40625, tta_acc1=75.0
2025-06-06 19:23:52,208 - log - INFO - iter:640/3783, Original Acc@1: 76.41, Acc@5: 94.53, TTA Acc@1: 75.00, Acc@5: 93.28
2025-06-06 19:24:35,081 - log - INFO - iter:660/3783, clip_acc1=76.51515197753906, tta_acc1=75.0
2025-06-06 19:24:35,081 - log - INFO - iter:660/3783, Original Acc@1: 76.52, Acc@5: 94.39, TTA Acc@1: 75.00, Acc@5: 93.03
2025-06-06 19:25:17,922 - log - INFO - iter:680/3783, clip_acc1=74.4117660522461, tta_acc1=72.79412078857422
2025-06-06 19:25:17,922 - log - INFO - iter:680/3783, Original Acc@1: 74.41, Acc@5: 93.53, TTA Acc@1: 72.79, Acc@5: 92.06
2025-06-06 19:26:00,907 - log - INFO - iter:700/3783, clip_acc1=72.28571319580078, tta_acc1=70.71428680419922
2025-06-06 19:26:00,908 - log - INFO - iter:700/3783, Original Acc@1: 72.29, Acc@5: 91.57, TTA Acc@1: 70.71, Acc@5: 90.00
2025-06-06 19:26:43,831 - log - INFO - iter:720/3783, clip_acc1=70.55555725097656, tta_acc1=68.75
2025-06-06 19:26:43,831 - log - INFO - iter:720/3783, Original Acc@1: 70.56, Acc@5: 91.39, TTA Acc@1: 68.75, Acc@5: 89.86
2025-06-06 19:27:26,781 - log - INFO - iter:740/3783, clip_acc1=70.27027130126953, tta_acc1=68.51351165771484
2025-06-06 19:27:26,781 - log - INFO - iter:740/3783, Original Acc@1: 70.27, Acc@5: 91.22, TTA Acc@1: 68.51, Acc@5: 89.86
2025-06-06 19:28:09,643 - log - INFO - iter:760/3783, clip_acc1=71.0526351928711, tta_acc1=69.34210968017578
2025-06-06 19:28:09,643 - log - INFO - iter:760/3783, Original Acc@1: 71.05, Acc@5: 91.45, TTA Acc@1: 69.34, Acc@5: 90.13
2025-06-06 19:28:52,380 - log - INFO - iter:780/3783, clip_acc1=69.35897827148438, tta_acc1=67.69230651855469
2025-06-06 19:28:52,380 - log - INFO - iter:780/3783, Original Acc@1: 69.36, Acc@5: 89.23, TTA Acc@1: 67.69, Acc@5: 87.95
2025-06-06 19:29:35,311 - log - INFO - iter:800/3783, clip_acc1=68.0, tta_acc1=66.5
2025-06-06 19:29:35,311 - log - INFO - iter:800/3783, Original Acc@1: 68.00, Acc@5: 87.62, TTA Acc@1: 66.50, Acc@5: 86.38
2025-06-06 19:30:18,299 - log - INFO - iter:820/3783, clip_acc1=68.65853881835938, tta_acc1=66.82926940917969
2025-06-06 19:30:18,300 - log - INFO - iter:820/3783, Original Acc@1: 68.66, Acc@5: 87.80, TTA Acc@1: 66.83, Acc@5: 86.59
2025-06-06 19:31:01,241 - log - INFO - iter:840/3783, clip_acc1=68.80952453613281, tta_acc1=66.78571319580078
2025-06-06 19:31:01,241 - log - INFO - iter:840/3783, Original Acc@1: 68.81, Acc@5: 87.86, TTA Acc@1: 66.79, Acc@5: 86.67
2025-06-06 19:31:44,028 - log - INFO - iter:860/3783, clip_acc1=67.6744155883789, tta_acc1=65.69767761230469
2025-06-06 19:31:44,029 - log - INFO - iter:860/3783, Original Acc@1: 67.67, Acc@5: 86.40, TTA Acc@1: 65.70, Acc@5: 85.35
2025-06-06 19:32:26,863 - log - INFO - iter:880/3783, clip_acc1=67.5, tta_acc1=64.88636016845703
2025-06-06 19:32:26,863 - log - INFO - iter:880/3783, Original Acc@1: 67.50, Acc@5: 86.36, TTA Acc@1: 64.89, Acc@5: 85.34
2025-06-06 19:33:09,839 - log - INFO - iter:900/3783, clip_acc1=66.11111450195312, tta_acc1=63.4444465637207
2025-06-06 19:33:09,840 - log - INFO - iter:900/3783, Original Acc@1: 66.11, Acc@5: 86.44, TTA Acc@1: 63.44, Acc@5: 85.56
2025-06-06 19:33:52,828 - log - INFO - iter:920/3783, clip_acc1=64.89130401611328, tta_acc1=62.2826042175293
2025-06-06 19:33:52,828 - log - INFO - iter:920/3783, Original Acc@1: 64.89, Acc@5: 86.52, TTA Acc@1: 62.28, Acc@5: 85.65
2025-06-06 19:34:35,479 - log - INFO - iter:940/3783, clip_acc1=65.63829803466797, tta_acc1=62.65957260131836
2025-06-06 19:34:35,479 - log - INFO - iter:940/3783, Original Acc@1: 65.64, Acc@5: 86.81, TTA Acc@1: 62.66, Acc@5: 85.74
2025-06-06 19:35:18,408 - log - INFO - iter:960/3783, clip_acc1=66.25, tta_acc1=63.22917175292969
2025-06-06 19:35:18,408 - log - INFO - iter:960/3783, Original Acc@1: 66.25, Acc@5: 87.08, TTA Acc@1: 63.23, Acc@5: 85.94
2025-06-06 19:36:01,115 - log - INFO - iter:980/3783, clip_acc1=66.83673095703125, tta_acc1=63.775508880615234
2025-06-06 19:36:01,115 - log - INFO - iter:980/3783, Original Acc@1: 66.84, Acc@5: 87.24, TTA Acc@1: 63.78, Acc@5: 86.12
2025-06-06 19:36:43,868 - log - INFO - iter:1000/3783, clip_acc1=67.10000610351562, tta_acc1=64.0
2025-06-06 19:36:43,868 - log - INFO - iter:1000/3783, Original Acc@1: 67.10, Acc@5: 87.40, TTA Acc@1: 64.00, Acc@5: 86.30
2025-06-06 19:37:26,560 - log - INFO - iter:1020/3783, clip_acc1=67.74510192871094, tta_acc1=64.60784912109375
2025-06-06 19:37:26,560 - log - INFO - iter:1020/3783, Original Acc@1: 67.75, Acc@5: 87.65, TTA Acc@1: 64.61, Acc@5: 86.57
2025-06-06 19:38:09,450 - log - INFO - iter:1040/3783, clip_acc1=68.36538696289062, tta_acc1=65.28845977783203
2025-06-06 19:38:09,450 - log - INFO - iter:1040/3783, Original Acc@1: 68.37, Acc@5: 87.88, TTA Acc@1: 65.29, Acc@5: 86.83
2025-06-06 19:38:52,518 - log - INFO - iter:1060/3783, clip_acc1=68.7735824584961, tta_acc1=65.5660400390625
2025-06-06 19:38:52,519 - log - INFO - iter:1060/3783, Original Acc@1: 68.77, Acc@5: 88.11, TTA Acc@1: 65.57, Acc@5: 87.08
2025-06-06 19:39:35,392 - log - INFO - iter:1080/3783, clip_acc1=68.98148345947266, tta_acc1=65.83333587646484
2025-06-06 19:39:35,392 - log - INFO - iter:1080/3783, Original Acc@1: 68.98, Acc@5: 88.24, TTA Acc@1: 65.83, Acc@5: 87.22
2025-06-06 19:40:18,244 - log - INFO - iter:1100/3783, clip_acc1=68.7272720336914, tta_acc1=65.7272720336914
2025-06-06 19:40:18,244 - log - INFO - iter:1100/3783, Original Acc@1: 68.73, Acc@5: 88.45, TTA Acc@1: 65.73, Acc@5: 87.45
2025-06-06 19:41:01,038 - log - INFO - iter:1120/3783, clip_acc1=69.19642639160156, tta_acc1=66.16071319580078
2025-06-06 19:41:01,038 - log - INFO - iter:1120/3783, Original Acc@1: 69.20, Acc@5: 88.66, TTA Acc@1: 66.16, Acc@5: 87.68
2025-06-06 19:41:43,963 - log - INFO - iter:1140/3783, clip_acc1=69.5614013671875, tta_acc1=66.40351104736328
2025-06-06 19:41:43,964 - log - INFO - iter:1140/3783, Original Acc@1: 69.56, Acc@5: 88.77, TTA Acc@1: 66.40, Acc@5: 87.81
2025-06-06 19:42:27,129 - log - INFO - iter:1160/3783, clip_acc1=69.13793182373047, tta_acc1=65.86206817626953
2025-06-06 19:42:27,129 - log - INFO - iter:1160/3783, Original Acc@1: 69.14, Acc@5: 88.62, TTA Acc@1: 65.86, Acc@5: 87.59
2025-06-06 19:43:10,192 - log - INFO - iter:1180/3783, clip_acc1=68.2203369140625, tta_acc1=64.83050537109375
2025-06-06 19:43:10,192 - log - INFO - iter:1180/3783, Original Acc@1: 68.22, Acc@5: 88.81, TTA Acc@1: 64.83, Acc@5: 87.71
2025-06-06 19:43:53,154 - log - INFO - iter:1200/3783, clip_acc1=67.08333587646484, tta_acc1=63.833335876464844
2025-06-06 19:43:53,154 - log - INFO - iter:1200/3783, Original Acc@1: 67.08, Acc@5: 88.92, TTA Acc@1: 63.83, Acc@5: 87.75
2025-06-06 19:44:35,941 - log - INFO - iter:1220/3783, clip_acc1=65.98360443115234, tta_acc1=62.78688430786133
2025-06-06 19:44:35,942 - log - INFO - iter:1220/3783, Original Acc@1: 65.98, Acc@5: 89.02, TTA Acc@1: 62.79, Acc@5: 87.79
2025-06-06 19:45:18,870 - log - INFO - iter:1240/3783, clip_acc1=66.04838562011719, tta_acc1=62.82257843017578
2025-06-06 19:45:18,871 - log - INFO - iter:1240/3783, Original Acc@1: 66.05, Acc@5: 89.03, TTA Acc@1: 62.82, Acc@5: 87.82
2025-06-06 19:46:01,829 - log - INFO - iter:1260/3783, clip_acc1=66.5079345703125, tta_acc1=63.333335876464844
2025-06-06 19:46:01,829 - log - INFO - iter:1260/3783, Original Acc@1: 66.51, Acc@5: 89.21, TTA Acc@1: 63.33, Acc@5: 88.02
2025-06-06 19:46:44,443 - log - INFO - iter:1280/3783, clip_acc1=67.03125, tta_acc1=63.828125
2025-06-06 19:46:44,443 - log - INFO - iter:1280/3783, Original Acc@1: 67.03, Acc@5: 89.38, TTA Acc@1: 63.83, Acc@5: 88.20
2025-06-06 19:47:27,242 - log - INFO - iter:1300/3783, clip_acc1=67.30769348144531, tta_acc1=64.15384674072266
2025-06-06 19:47:27,242 - log - INFO - iter:1300/3783, Original Acc@1: 67.31, Acc@5: 89.31, TTA Acc@1: 64.15, Acc@5: 88.15
2025-06-06 19:48:10,037 - log - INFO - iter:1320/3783, clip_acc1=67.2727279663086, tta_acc1=63.78787612915039
2025-06-06 19:48:10,038 - log - INFO - iter:1320/3783, Original Acc@1: 67.27, Acc@5: 89.32, TTA Acc@1: 63.79, Acc@5: 88.26
2025-06-06 19:48:53,497 - log - INFO - iter:1340/3783, clip_acc1=67.16417694091797, tta_acc1=63.656715393066406
2025-06-06 19:48:53,497 - log - INFO - iter:1340/3783, Original Acc@1: 67.16, Acc@5: 89.48, TTA Acc@1: 63.66, Acc@5: 88.43
2025-06-06 19:49:36,519 - log - INFO - iter:1360/3783, clip_acc1=66.25, tta_acc1=62.79411697387695
2025-06-06 19:49:36,519 - log - INFO - iter:1360/3783, Original Acc@1: 66.25, Acc@5: 89.19, TTA Acc@1: 62.79, Acc@5: 88.09
2025-06-06 19:50:19,245 - log - INFO - iter:1380/3783, clip_acc1=65.72463989257812, tta_acc1=62.318843841552734
2025-06-06 19:50:19,245 - log - INFO - iter:1380/3783, Original Acc@1: 65.72, Acc@5: 88.99, TTA Acc@1: 62.32, Acc@5: 87.90
2025-06-06 19:51:02,251 - log - INFO - iter:1400/3783, clip_acc1=66.21428680419922, tta_acc1=62.85714340209961
2025-06-06 19:51:02,251 - log - INFO - iter:1400/3783, Original Acc@1: 66.21, Acc@5: 89.14, TTA Acc@1: 62.86, Acc@5: 88.07
2025-06-06 19:51:45,165 - log - INFO - iter:1420/3783, clip_acc1=65.77464294433594, tta_acc1=62.39436340332031
2025-06-06 19:51:45,165 - log - INFO - iter:1420/3783, Original Acc@1: 65.77, Acc@5: 89.01, TTA Acc@1: 62.39, Acc@5: 87.96
2025-06-06 19:52:28,088 - log - INFO - iter:1440/3783, clip_acc1=64.86111450195312, tta_acc1=61.52777862548828
2025-06-06 19:52:28,088 - log - INFO - iter:1440/3783, Original Acc@1: 64.86, Acc@5: 88.68, TTA Acc@1: 61.53, Acc@5: 87.78
2025-06-06 19:53:10,755 - log - INFO - iter:1460/3783, clip_acc1=64.04109954833984, tta_acc1=60.890411376953125
2025-06-06 19:53:10,755 - log - INFO - iter:1460/3783, Original Acc@1: 64.04, Acc@5: 88.77, TTA Acc@1: 60.89, Acc@5: 87.88
2025-06-06 19:53:53,671 - log - INFO - iter:1480/3783, clip_acc1=63.51351547241211, tta_acc1=60.54054260253906
2025-06-06 19:53:53,671 - log - INFO - iter:1480/3783, Original Acc@1: 63.51, Acc@5: 88.85, TTA Acc@1: 60.54, Acc@5: 87.97
2025-06-06 19:54:36,465 - log - INFO - iter:1500/3783, clip_acc1=62.79999923706055, tta_acc1=59.733333587646484
2025-06-06 19:54:36,465 - log - INFO - iter:1500/3783, Original Acc@1: 62.80, Acc@5: 88.73, TTA Acc@1: 59.73, Acc@5: 87.73
2025-06-06 19:55:19,301 - log - INFO - iter:1520/3783, clip_acc1=62.302635192871094, tta_acc1=59.27631759643555
2025-06-06 19:55:19,301 - log - INFO - iter:1520/3783, Original Acc@1: 62.30, Acc@5: 88.75, TTA Acc@1: 59.28, Acc@5: 87.70
2025-06-06 19:56:02,104 - log - INFO - iter:1540/3783, clip_acc1=62.792205810546875, tta_acc1=59.80519485473633
2025-06-06 19:56:02,105 - log - INFO - iter:1540/3783, Original Acc@1: 62.79, Acc@5: 88.90, TTA Acc@1: 59.81, Acc@5: 87.86
2025-06-06 19:56:44,980 - log - INFO - iter:1560/3783, clip_acc1=63.26923370361328, tta_acc1=60.32051467895508
2025-06-06 19:56:44,980 - log - INFO - iter:1560/3783, Original Acc@1: 63.27, Acc@5: 89.04, TTA Acc@1: 60.32, Acc@5: 88.01
2025-06-06 19:57:27,868 - log - INFO - iter:1580/3783, clip_acc1=63.73417663574219, tta_acc1=60.822784423828125
2025-06-06 19:57:27,868 - log - INFO - iter:1580/3783, Original Acc@1: 63.73, Acc@5: 89.18, TTA Acc@1: 60.82, Acc@5: 88.16
2025-06-06 19:58:10,595 - log - INFO - iter:1600/3783, clip_acc1=64.1875, tta_acc1=61.3125
2025-06-06 19:58:10,595 - log - INFO - iter:1600/3783, Original Acc@1: 64.19, Acc@5: 89.31, TTA Acc@1: 61.31, Acc@5: 88.31
2025-06-06 19:58:53,447 - log - INFO - iter:1620/3783, clip_acc1=64.25926208496094, tta_acc1=61.41975402832031
2025-06-06 19:58:53,447 - log - INFO - iter:1620/3783, Original Acc@1: 64.26, Acc@5: 89.07, TTA Acc@1: 61.42, Acc@5: 88.09
2025-06-06 19:59:36,236 - log - INFO - iter:1640/3783, clip_acc1=64.26829528808594, tta_acc1=61.46341323852539
2025-06-06 19:59:36,237 - log - INFO - iter:1640/3783, Original Acc@1: 64.27, Acc@5: 88.78, TTA Acc@1: 61.46, Acc@5: 87.80
2025-06-06 20:00:18,999 - log - INFO - iter:1660/3783, clip_acc1=64.69879913330078, tta_acc1=61.867469787597656
2025-06-06 20:00:18,999 - log - INFO - iter:1660/3783, Original Acc@1: 64.70, Acc@5: 88.92, TTA Acc@1: 61.87, Acc@5: 87.95
2025-06-06 20:01:01,717 - log - INFO - iter:1680/3783, clip_acc1=65.11904907226562, tta_acc1=62.32143020629883
2025-06-06 20:01:01,717 - log - INFO - iter:1680/3783, Original Acc@1: 65.12, Acc@5: 89.05, TTA Acc@1: 62.32, Acc@5: 88.10
2025-06-06 20:01:44,509 - log - INFO - iter:1700/3783, clip_acc1=65.29411315917969, tta_acc1=62.5294075012207
2025-06-06 20:01:44,509 - log - INFO - iter:1700/3783, Original Acc@1: 65.29, Acc@5: 89.18, TTA Acc@1: 62.53, Acc@5: 88.24
2025-06-06 20:02:27,399 - log - INFO - iter:1720/3783, clip_acc1=65.11627960205078, tta_acc1=62.32558059692383
2025-06-06 20:02:27,399 - log - INFO - iter:1720/3783, Original Acc@1: 65.12, Acc@5: 89.01, TTA Acc@1: 62.33, Acc@5: 88.08
2025-06-06 20:03:10,264 - log - INFO - iter:1740/3783, clip_acc1=64.54022979736328, tta_acc1=61.72413635253906
2025-06-06 20:03:10,264 - log - INFO - iter:1740/3783, Original Acc@1: 64.54, Acc@5: 88.85, TTA Acc@1: 61.72, Acc@5: 87.82
2025-06-06 20:03:53,183 - log - INFO - iter:1760/3783, clip_acc1=63.8636360168457, tta_acc1=61.02272415161133
2025-06-06 20:03:53,184 - log - INFO - iter:1760/3783, Original Acc@1: 63.86, Acc@5: 88.24, TTA Acc@1: 61.02, Acc@5: 87.33
2025-06-06 20:04:35,792 - log - INFO - iter:1780/3783, clip_acc1=63.14606857299805, tta_acc1=60.33707809448242
2025-06-06 20:04:35,792 - log - INFO - iter:1780/3783, Original Acc@1: 63.15, Acc@5: 87.25, TTA Acc@1: 60.34, Acc@5: 86.40
2025-06-06 20:05:18,636 - log - INFO - iter:1800/3783, clip_acc1=62.4444465637207, tta_acc1=59.66666793823242
2025-06-06 20:05:18,636 - log - INFO - iter:1800/3783, Original Acc@1: 62.44, Acc@5: 86.39, TTA Acc@1: 59.67, Acc@5: 85.61
2025-06-06 20:06:01,573 - log - INFO - iter:1820/3783, clip_acc1=61.978023529052734, tta_acc1=59.230770111083984
2025-06-06 20:06:01,573 - log - INFO - iter:1820/3783, Original Acc@1: 61.98, Acc@5: 85.99, TTA Acc@1: 59.23, Acc@5: 85.22
2025-06-06 20:06:44,499 - log - INFO - iter:1840/3783, clip_acc1=61.956520080566406, tta_acc1=59.23912811279297
2025-06-06 20:06:44,500 - log - INFO - iter:1840/3783, Original Acc@1: 61.96, Acc@5: 86.14, TTA Acc@1: 59.24, Acc@5: 85.33
2025-06-06 20:07:27,279 - log - INFO - iter:1860/3783, clip_acc1=61.98925018310547, tta_acc1=59.30107498168945
2025-06-06 20:07:27,280 - log - INFO - iter:1860/3783, Original Acc@1: 61.99, Acc@5: 86.18, TTA Acc@1: 59.30, Acc@5: 85.38
2025-06-06 20:08:09,981 - log - INFO - iter:1880/3783, clip_acc1=62.340423583984375, tta_acc1=59.680850982666016
2025-06-06 20:08:09,982 - log - INFO - iter:1880/3783, Original Acc@1: 62.34, Acc@5: 86.28, TTA Acc@1: 59.68, Acc@5: 85.48
2025-06-06 20:08:52,638 - log - INFO - iter:1900/3783, clip_acc1=62.684207916259766, tta_acc1=60.05262756347656
2025-06-06 20:08:52,638 - log - INFO - iter:1900/3783, Original Acc@1: 62.68, Acc@5: 86.42, TTA Acc@1: 60.05, Acc@5: 85.63
2025-06-06 20:09:35,513 - log - INFO - iter:1920/3783, clip_acc1=63.020835876464844, tta_acc1=60.364585876464844
2025-06-06 20:09:35,513 - log - INFO - iter:1920/3783, Original Acc@1: 63.02, Acc@5: 86.56, TTA Acc@1: 60.36, Acc@5: 85.78
2025-06-06 20:10:18,503 - log - INFO - iter:1940/3783, clip_acc1=62.680416107177734, tta_acc1=60.000003814697266
2025-06-06 20:10:18,503 - log - INFO - iter:1940/3783, Original Acc@1: 62.68, Acc@5: 86.49, TTA Acc@1: 60.00, Acc@5: 85.67
2025-06-06 20:11:01,426 - log - INFO - iter:1960/3783, clip_acc1=62.142852783203125, tta_acc1=59.48979187011719
2025-06-06 20:11:01,427 - log - INFO - iter:1960/3783, Original Acc@1: 62.14, Acc@5: 86.38, TTA Acc@1: 59.49, Acc@5: 85.66
2025-06-06 20:11:44,420 - log - INFO - iter:1980/3783, clip_acc1=61.96969985961914, tta_acc1=59.393943786621094
2025-06-06 20:11:44,421 - log - INFO - iter:1980/3783, Original Acc@1: 61.97, Acc@5: 86.16, TTA Acc@1: 59.39, Acc@5: 85.45
2025-06-06 20:12:27,359 - log - INFO - iter:2000/3783, clip_acc1=62.30000305175781, tta_acc1=59.750003814697266
2025-06-06 20:12:27,359 - log - INFO - iter:2000/3783, Original Acc@1: 62.30, Acc@5: 86.30, TTA Acc@1: 59.75, Acc@5: 85.60
2025-06-06 20:13:10,261 - log - INFO - iter:2020/3783, clip_acc1=62.32673645019531, tta_acc1=59.75247573852539
2025-06-06 20:13:10,261 - log - INFO - iter:2020/3783, Original Acc@1: 62.33, Acc@5: 86.44, TTA Acc@1: 59.75, Acc@5: 85.69
2025-06-06 20:13:53,170 - log - INFO - iter:2040/3783, clip_acc1=62.352943420410156, tta_acc1=59.9019660949707
2025-06-06 20:13:53,171 - log - INFO - iter:2040/3783, Original Acc@1: 62.35, Acc@5: 86.57, TTA Acc@1: 59.90, Acc@5: 85.78
2025-06-06 20:14:36,066 - log - INFO - iter:2060/3783, clip_acc1=62.28155517578125, tta_acc1=59.90291213989258
2025-06-06 20:14:36,066 - log - INFO - iter:2060/3783, Original Acc@1: 62.28, Acc@5: 86.65, TTA Acc@1: 59.90, Acc@5: 85.92
2025-06-06 20:15:18,907 - log - INFO - iter:2080/3783, clip_acc1=62.5, tta_acc1=60.19230651855469
2025-06-06 20:15:18,908 - log - INFO - iter:2080/3783, Original Acc@1: 62.50, Acc@5: 86.78, TTA Acc@1: 60.19, Acc@5: 86.06
2025-06-06 20:16:01,824 - log - INFO - iter:2100/3783, clip_acc1=62.0476188659668, tta_acc1=59.761905670166016
2025-06-06 20:16:01,824 - log - INFO - iter:2100/3783, Original Acc@1: 62.05, Acc@5: 86.10, TTA Acc@1: 59.76, Acc@5: 85.38
2025-06-06 20:16:44,936 - log - INFO - iter:2120/3783, clip_acc1=61.46226501464844, tta_acc1=59.19811248779297
2025-06-06 20:16:44,936 - log - INFO - iter:2120/3783, Original Acc@1: 61.46, Acc@5: 85.57, TTA Acc@1: 59.20, Acc@5: 84.62
2025-06-06 20:17:27,856 - log - INFO - iter:2140/3783, clip_acc1=60.88785171508789, tta_acc1=58.64486312866211
2025-06-06 20:17:27,856 - log - INFO - iter:2140/3783, Original Acc@1: 60.89, Acc@5: 85.28, TTA Acc@1: 58.64, Acc@5: 84.39
2025-06-06 20:18:10,862 - log - INFO - iter:2160/3783, clip_acc1=60.50925827026367, tta_acc1=58.19444274902344
2025-06-06 20:18:10,862 - log - INFO - iter:2160/3783, Original Acc@1: 60.51, Acc@5: 84.86, TTA Acc@1: 58.19, Acc@5: 83.94
2025-06-06 20:18:53,716 - log - INFO - iter:2180/3783, clip_acc1=60.13761520385742, tta_acc1=57.75229263305664
2025-06-06 20:18:53,716 - log - INFO - iter:2180/3783, Original Acc@1: 60.14, Acc@5: 84.63, TTA Acc@1: 57.75, Acc@5: 83.72
2025-06-06 20:19:36,756 - log - INFO - iter:2200/3783, clip_acc1=60.04545593261719, tta_acc1=57.727272033691406
2025-06-06 20:19:36,757 - log - INFO - iter:2200/3783, Original Acc@1: 60.05, Acc@5: 84.41, TTA Acc@1: 57.73, Acc@5: 83.59
2025-06-06 20:20:19,567 - log - INFO - iter:2220/3783, clip_acc1=60.3603630065918, tta_acc1=58.06306457519531
2025-06-06 20:20:19,567 - log - INFO - iter:2220/3783, Original Acc@1: 60.36, Acc@5: 84.50, TTA Acc@1: 58.06, Acc@5: 83.74
2025-06-06 20:21:02,469 - log - INFO - iter:2240/3783, clip_acc1=60.35714340209961, tta_acc1=58.08035659790039
2025-06-06 20:21:02,469 - log - INFO - iter:2240/3783, Original Acc@1: 60.36, Acc@5: 84.29, TTA Acc@1: 58.08, Acc@5: 83.53
2025-06-06 20:21:45,479 - log - INFO - iter:2260/3783, clip_acc1=59.8230094909668, tta_acc1=57.56637191772461
2025-06-06 20:21:45,479 - log - INFO - iter:2260/3783, Original Acc@1: 59.82, Acc@5: 83.54, TTA Acc@1: 57.57, Acc@5: 82.79
2025-06-06 20:22:28,420 - log - INFO - iter:2280/3783, clip_acc1=59.605262756347656, tta_acc1=57.36842346191406
2025-06-06 20:22:28,420 - log - INFO - iter:2280/3783, Original Acc@1: 59.61, Acc@5: 83.11, TTA Acc@1: 57.37, Acc@5: 82.37
2025-06-06 20:23:11,265 - log - INFO - iter:2300/3783, clip_acc1=59.95652389526367, tta_acc1=57.739131927490234
2025-06-06 20:23:11,265 - log - INFO - iter:2300/3783, Original Acc@1: 59.96, Acc@5: 83.26, TTA Acc@1: 57.74, Acc@5: 82.52
2025-06-06 20:23:54,244 - log - INFO - iter:2320/3783, clip_acc1=60.30172348022461, tta_acc1=58.10344696044922
2025-06-06 20:23:54,245 - log - INFO - iter:2320/3783, Original Acc@1: 60.30, Acc@5: 83.41, TTA Acc@1: 58.10, Acc@5: 82.67
2025-06-06 20:24:38,389 - log - INFO - iter:2340/3783, clip_acc1=60.64102554321289, tta_acc1=58.46154022216797
2025-06-06 20:24:38,389 - log - INFO - iter:2340/3783, Original Acc@1: 60.64, Acc@5: 83.55, TTA Acc@1: 58.46, Acc@5: 82.82
2025-06-06 20:25:21,582 - log - INFO - iter:2360/3783, clip_acc1=60.97457504272461, tta_acc1=58.813560485839844
2025-06-06 20:25:21,582 - log - INFO - iter:2360/3783, Original Acc@1: 60.97, Acc@5: 83.69, TTA Acc@1: 58.81, Acc@5: 82.97
2025-06-06 20:26:04,898 - log - INFO - iter:2380/3783, clip_acc1=61.302520751953125, tta_acc1=59.159664154052734
2025-06-06 20:26:04,899 - log - INFO - iter:2380/3783, Original Acc@1: 61.30, Acc@5: 83.82, TTA Acc@1: 59.16, Acc@5: 83.11
2025-06-06 20:26:47,548 - log - INFO - iter:2400/3783, clip_acc1=61.625, tta_acc1=59.5
2025-06-06 20:26:47,548 - log - INFO - iter:2400/3783, Original Acc@1: 61.62, Acc@5: 83.96, TTA Acc@1: 59.50, Acc@5: 83.25
2025-06-06 20:27:30,668 - log - INFO - iter:2420/3783, clip_acc1=61.9421501159668, tta_acc1=59.83470916748047
2025-06-06 20:27:30,668 - log - INFO - iter:2420/3783, Original Acc@1: 61.94, Acc@5: 84.09, TTA Acc@1: 59.83, Acc@5: 83.39
2025-06-06 20:28:13,562 - log - INFO - iter:2440/3783, clip_acc1=62.25409698486328, tta_acc1=60.16393280029297
2025-06-06 20:28:13,562 - log - INFO - iter:2440/3783, Original Acc@1: 62.25, Acc@5: 84.22, TTA Acc@1: 60.16, Acc@5: 83.52
2025-06-06 20:28:56,431 - log - INFO - iter:2460/3783, clip_acc1=62.56097412109375, tta_acc1=60.243900299072266
2025-06-06 20:28:56,431 - log - INFO - iter:2460/3783, Original Acc@1: 62.56, Acc@5: 84.35, TTA Acc@1: 60.24, Acc@5: 83.66
2025-06-06 20:29:39,506 - log - INFO - iter:2480/3783, clip_acc1=62.8629035949707, tta_acc1=60.56451416015625
2025-06-06 20:29:39,506 - log - INFO - iter:2480/3783, Original Acc@1: 62.86, Acc@5: 84.48, TTA Acc@1: 60.56, Acc@5: 83.79
2025-06-06 20:30:22,382 - log - INFO - iter:2500/3783, clip_acc1=63.15999984741211, tta_acc1=60.87999725341797
2025-06-06 20:30:22,383 - log - INFO - iter:2500/3783, Original Acc@1: 63.16, Acc@5: 84.60, TTA Acc@1: 60.88, Acc@5: 83.92
2025-06-06 20:31:05,279 - log - INFO - iter:2520/3783, clip_acc1=63.4523811340332, tta_acc1=61.19047546386719
2025-06-06 20:31:05,280 - log - INFO - iter:2520/3783, Original Acc@1: 63.45, Acc@5: 84.72, TTA Acc@1: 61.19, Acc@5: 84.05
2025-06-06 20:31:48,369 - log - INFO - iter:2540/3783, clip_acc1=63.74015808105469, tta_acc1=61.45669174194336
2025-06-06 20:31:48,370 - log - INFO - iter:2540/3783, Original Acc@1: 63.74, Acc@5: 84.84, TTA Acc@1: 61.46, Acc@5: 84.17
2025-06-06 20:32:31,266 - log - INFO - iter:2560/3783, clip_acc1=63.515625, tta_acc1=61.2890625
2025-06-06 20:32:31,266 - log - INFO - iter:2560/3783, Original Acc@1: 63.52, Acc@5: 84.80, TTA Acc@1: 61.29, Acc@5: 84.02
2025-06-06 20:33:14,302 - log - INFO - iter:2580/3783, clip_acc1=63.33333206176758, tta_acc1=61.2015495300293
2025-06-06 20:33:14,302 - log - INFO - iter:2580/3783, Original Acc@1: 63.33, Acc@5: 84.84, TTA Acc@1: 61.20, Acc@5: 84.15
2025-06-06 20:33:57,321 - log - INFO - iter:2600/3783, clip_acc1=63.03845977783203, tta_acc1=60.88461685180664
2025-06-06 20:33:57,321 - log - INFO - iter:2600/3783, Original Acc@1: 63.04, Acc@5: 84.96, TTA Acc@1: 60.88, Acc@5: 84.27
2025-06-06 20:34:40,094 - log - INFO - iter:2620/3783, clip_acc1=62.82442855834961, tta_acc1=60.6870231628418
2025-06-06 20:34:40,094 - log - INFO - iter:2620/3783, Original Acc@1: 62.82, Acc@5: 85.08, TTA Acc@1: 60.69, Acc@5: 84.35
2025-06-06 20:35:22,878 - log - INFO - iter:2640/3783, clip_acc1=62.99242401123047, tta_acc1=60.83333206176758
2025-06-06 20:35:22,878 - log - INFO - iter:2640/3783, Original Acc@1: 62.99, Acc@5: 85.19, TTA Acc@1: 60.83, Acc@5: 84.47
2025-06-06 20:36:05,863 - log - INFO - iter:2660/3783, clip_acc1=62.6315803527832, tta_acc1=60.45112991333008
2025-06-06 20:36:05,863 - log - INFO - iter:2660/3783, Original Acc@1: 62.63, Acc@5: 85.11, TTA Acc@1: 60.45, Acc@5: 84.32
2025-06-06 20:36:49,065 - log - INFO - iter:2680/3783, clip_acc1=62.20149230957031, tta_acc1=60.0
2025-06-06 20:36:49,066 - log - INFO - iter:2680/3783, Original Acc@1: 62.20, Acc@5: 85.22, TTA Acc@1: 60.00, Acc@5: 84.44
2025-06-06 20:37:31,893 - log - INFO - iter:2700/3783, clip_acc1=62.11111068725586, tta_acc1=59.925926208496094
2025-06-06 20:37:31,893 - log - INFO - iter:2700/3783, Original Acc@1: 62.11, Acc@5: 85.33, TTA Acc@1: 59.93, Acc@5: 84.56
2025-06-06 20:38:14,974 - log - INFO - iter:2720/3783, clip_acc1=62.02206039428711, tta_acc1=59.81617736816406
2025-06-06 20:38:14,974 - log - INFO - iter:2720/3783, Original Acc@1: 62.02, Acc@5: 85.29, TTA Acc@1: 59.82, Acc@5: 84.52
2025-06-06 20:38:57,734 - log - INFO - iter:2740/3783, clip_acc1=62.18977737426758, tta_acc1=59.999996185302734
2025-06-06 20:38:57,734 - log - INFO - iter:2740/3783, Original Acc@1: 62.19, Acc@5: 85.40, TTA Acc@1: 60.00, Acc@5: 84.56
2025-06-06 20:39:40,481 - log - INFO - iter:2760/3783, clip_acc1=62.46377182006836, tta_acc1=60.28985595703125
2025-06-06 20:39:40,482 - log - INFO - iter:2760/3783, Original Acc@1: 62.46, Acc@5: 85.51, TTA Acc@1: 60.29, Acc@5: 84.67
2025-06-06 20:40:23,275 - log - INFO - iter:2780/3783, clip_acc1=62.73381423950195, tta_acc1=60.575538635253906
2025-06-06 20:40:23,275 - log - INFO - iter:2780/3783, Original Acc@1: 62.73, Acc@5: 85.61, TTA Acc@1: 60.58, Acc@5: 84.78
2025-06-06 20:41:06,004 - log - INFO - iter:2800/3783, clip_acc1=62.67856979370117, tta_acc1=60.5
2025-06-06 20:41:06,004 - log - INFO - iter:2800/3783, Original Acc@1: 62.68, Acc@5: 85.54, TTA Acc@1: 60.50, Acc@5: 84.71
2025-06-06 20:41:48,701 - log - INFO - iter:2820/3783, clip_acc1=62.482269287109375, tta_acc1=60.212764739990234
2025-06-06 20:41:48,702 - log - INFO - iter:2820/3783, Original Acc@1: 62.48, Acc@5: 85.39, TTA Acc@1: 60.21, Acc@5: 84.50
2025-06-06 20:42:31,393 - log - INFO - iter:2840/3783, clip_acc1=62.74647521972656, tta_acc1=60.49295425415039
2025-06-06 20:42:31,393 - log - INFO - iter:2840/3783, Original Acc@1: 62.75, Acc@5: 85.49, TTA Acc@1: 60.49, Acc@5: 84.61
2025-06-06 20:43:14,226 - log - INFO - iter:2860/3783, clip_acc1=62.83216857910156, tta_acc1=60.59440612792969
2025-06-06 20:43:14,226 - log - INFO - iter:2860/3783, Original Acc@1: 62.83, Acc@5: 85.49, TTA Acc@1: 60.59, Acc@5: 84.62
2025-06-06 20:43:57,200 - log - INFO - iter:2880/3783, clip_acc1=62.46527862548828, tta_acc1=60.24305725097656
2025-06-06 20:43:57,201 - log - INFO - iter:2880/3783, Original Acc@1: 62.47, Acc@5: 85.28, TTA Acc@1: 60.24, Acc@5: 84.34
2025-06-06 20:44:39,935 - log - INFO - iter:2900/3783, clip_acc1=62.2068977355957, tta_acc1=59.93103790283203
2025-06-06 20:44:39,935 - log - INFO - iter:2900/3783, Original Acc@1: 62.21, Acc@5: 85.38, TTA Acc@1: 59.93, Acc@5: 84.38
2025-06-06 20:45:22,819 - log - INFO - iter:2920/3783, clip_acc1=62.363014221191406, tta_acc1=60.171234130859375
2025-06-06 20:45:22,819 - log - INFO - iter:2920/3783, Original Acc@1: 62.36, Acc@5: 85.48, TTA Acc@1: 60.17, Acc@5: 84.49
2025-06-06 20:46:05,648 - log - INFO - iter:2940/3783, clip_acc1=62.44898223876953, tta_acc1=60.306121826171875
2025-06-06 20:46:05,648 - log - INFO - iter:2940/3783, Original Acc@1: 62.45, Acc@5: 85.58, TTA Acc@1: 60.31, Acc@5: 84.59
2025-06-06 20:46:48,641 - log - INFO - iter:2960/3783, clip_acc1=62.02702713012695, tta_acc1=59.898651123046875
2025-06-06 20:46:48,641 - log - INFO - iter:2960/3783, Original Acc@1: 62.03, Acc@5: 85.27, TTA Acc@1: 59.90, Acc@5: 84.19
2025-06-06 20:47:31,661 - log - INFO - iter:2980/3783, clip_acc1=61.6778564453125, tta_acc1=59.496646881103516
2025-06-06 20:47:31,661 - log - INFO - iter:2980/3783, Original Acc@1: 61.68, Acc@5: 84.93, TTA Acc@1: 59.50, Acc@5: 83.86
2025-06-06 20:48:14,670 - log - INFO - iter:3000/3783, clip_acc1=61.599998474121094, tta_acc1=59.39999771118164
2025-06-06 20:48:14,670 - log - INFO - iter:3000/3783, Original Acc@1: 61.60, Acc@5: 84.87, TTA Acc@1: 59.40, Acc@5: 83.73
2025-06-06 20:48:57,481 - log - INFO - iter:3020/3783, clip_acc1=61.788082122802734, tta_acc1=59.56953811645508
2025-06-06 20:48:57,482 - log - INFO - iter:3020/3783, Original Acc@1: 61.79, Acc@5: 84.97, TTA Acc@1: 59.57, Acc@5: 83.84
2025-06-06 20:49:40,339 - log - INFO - iter:3040/3783, clip_acc1=61.97368621826172, tta_acc1=59.76974105834961
2025-06-06 20:49:40,340 - log - INFO - iter:3040/3783, Original Acc@1: 61.97, Acc@5: 85.07, TTA Acc@1: 59.77, Acc@5: 83.95
2025-06-06 20:50:23,407 - log - INFO - iter:3060/3783, clip_acc1=61.960784912109375, tta_acc1=59.803924560546875
2025-06-06 20:50:23,408 - log - INFO - iter:3060/3783, Original Acc@1: 61.96, Acc@5: 85.10, TTA Acc@1: 59.80, Acc@5: 83.99
2025-06-06 20:51:06,354 - log - INFO - iter:3080/3783, clip_acc1=61.558441162109375, tta_acc1=59.415584564208984
2025-06-06 20:51:06,354 - log - INFO - iter:3080/3783, Original Acc@1: 61.56, Acc@5: 84.68, TTA Acc@1: 59.42, Acc@5: 83.54
2025-06-06 20:51:49,176 - log - INFO - iter:3100/3783, clip_acc1=61.54838943481445, tta_acc1=59.41935729980469
2025-06-06 20:51:49,177 - log - INFO - iter:3100/3783, Original Acc@1: 61.55, Acc@5: 84.58, TTA Acc@1: 59.42, Acc@5: 83.45
2025-06-06 20:52:32,078 - log - INFO - iter:3120/3783, clip_acc1=61.762821197509766, tta_acc1=59.647438049316406
2025-06-06 20:52:32,078 - log - INFO - iter:3120/3783, Original Acc@1: 61.76, Acc@5: 84.68, TTA Acc@1: 59.65, Acc@5: 83.53
2025-06-06 20:53:14,719 - log - INFO - iter:3140/3783, clip_acc1=61.78343963623047, tta_acc1=59.713375091552734
2025-06-06 20:53:14,719 - log - INFO - iter:3140/3783, Original Acc@1: 61.78, Acc@5: 84.62, TTA Acc@1: 59.71, Acc@5: 83.50
2025-06-06 20:53:57,882 - log - INFO - iter:3160/3783, clip_acc1=61.80379867553711, tta_acc1=59.7468376159668
2025-06-06 20:53:57,882 - log - INFO - iter:3160/3783, Original Acc@1: 61.80, Acc@5: 84.56, TTA Acc@1: 59.75, Acc@5: 83.48
2025-06-06 20:54:40,876 - log - INFO - iter:3180/3783, clip_acc1=62.04402542114258, tta_acc1=60.0
2025-06-06 20:54:40,876 - log - INFO - iter:3180/3783, Original Acc@1: 62.04, Acc@5: 84.65, TTA Acc@1: 60.00, Acc@5: 83.58
2025-06-06 20:55:23,847 - log - INFO - iter:3200/3783, clip_acc1=62.21875, tta_acc1=60.1875
2025-06-06 20:55:23,847 - log - INFO - iter:3200/3783, Original Acc@1: 62.22, Acc@5: 84.69, TTA Acc@1: 60.19, Acc@5: 83.62
2025-06-06 20:56:06,843 - log - INFO - iter:3220/3783, clip_acc1=61.832298278808594, tta_acc1=59.813663482666016
2025-06-06 20:56:06,843 - log - INFO - iter:3220/3783, Original Acc@1: 61.83, Acc@5: 84.16, TTA Acc@1: 59.81, Acc@5: 83.11
2025-06-06 20:56:49,968 - log - INFO - iter:3240/3783, clip_acc1=61.75926208496094, tta_acc1=59.753089904785156
2025-06-06 20:56:49,969 - log - INFO - iter:3240/3783, Original Acc@1: 61.76, Acc@5: 83.95, TTA Acc@1: 59.75, Acc@5: 82.90
2025-06-06 20:57:32,940 - log - INFO - iter:3260/3783, clip_acc1=61.96318817138672, tta_acc1=59.96932601928711
2025-06-06 20:57:32,940 - log - INFO - iter:3260/3783, Original Acc@1: 61.96, Acc@5: 84.05, TTA Acc@1: 59.97, Acc@5: 83.01
2025-06-06 20:58:15,889 - log - INFO - iter:3280/3783, clip_acc1=62.19512176513672, tta_acc1=60.21341323852539
2025-06-06 20:58:15,890 - log - INFO - iter:3280/3783, Original Acc@1: 62.20, Acc@5: 84.15, TTA Acc@1: 60.21, Acc@5: 83.11
2025-06-06 20:58:58,738 - log - INFO - iter:3300/3783, clip_acc1=62.33333206176758, tta_acc1=60.3636360168457
2025-06-06 20:58:58,738 - log - INFO - iter:3300/3783, Original Acc@1: 62.33, Acc@5: 84.18, TTA Acc@1: 60.36, Acc@5: 83.15
2025-06-06 20:59:41,393 - log - INFO - iter:3320/3783, clip_acc1=62.28915786743164, tta_acc1=60.27108383178711
2025-06-06 20:59:41,393 - log - INFO - iter:3320/3783, Original Acc@1: 62.29, Acc@5: 84.10, TTA Acc@1: 60.27, Acc@5: 83.07
2025-06-06 21:00:24,350 - log - INFO - iter:3340/3783, clip_acc1=62.4550895690918, tta_acc1=60.41916275024414
2025-06-06 21:00:24,350 - log - INFO - iter:3340/3783, Original Acc@1: 62.46, Acc@5: 84.16, TTA Acc@1: 60.42, Acc@5: 83.08
2025-06-06 21:01:07,370 - log - INFO - iter:3360/3783, clip_acc1=62.67857360839844, tta_acc1=60.65476608276367
2025-06-06 21:01:07,371 - log - INFO - iter:3360/3783, Original Acc@1: 62.68, Acc@5: 84.26, TTA Acc@1: 60.65, Acc@5: 83.18
2025-06-06 21:01:50,229 - log - INFO - iter:3380/3783, clip_acc1=62.89940643310547, tta_acc1=60.8875732421875
2025-06-06 21:01:50,229 - log - INFO - iter:3380/3783, Original Acc@1: 62.90, Acc@5: 84.35, TTA Acc@1: 60.89, Acc@5: 83.28
2025-06-06 21:02:33,255 - log - INFO - iter:3400/3783, clip_acc1=63.117645263671875, tta_acc1=61.117645263671875
2025-06-06 21:02:33,255 - log - INFO - iter:3400/3783, Original Acc@1: 63.12, Acc@5: 84.44, TTA Acc@1: 61.12, Acc@5: 83.38
2025-06-06 21:03:16,077 - log - INFO - iter:3420/3783, clip_acc1=63.33333206176758, tta_acc1=61.22806930541992
2025-06-06 21:03:16,077 - log - INFO - iter:3420/3783, Original Acc@1: 63.33, Acc@5: 84.53, TTA Acc@1: 61.23, Acc@5: 83.48
2025-06-06 21:03:58,929 - log - INFO - iter:3440/3783, clip_acc1=63.546512603759766, tta_acc1=61.453487396240234
2025-06-06 21:03:58,929 - log - INFO - iter:3440/3783, Original Acc@1: 63.55, Acc@5: 84.62, TTA Acc@1: 61.45, Acc@5: 83.58
2025-06-06 21:04:41,992 - log - INFO - iter:3460/3783, clip_acc1=63.52600860595703, tta_acc1=61.41618347167969
2025-06-06 21:04:41,993 - log - INFO - iter:3460/3783, Original Acc@1: 63.53, Acc@5: 84.51, TTA Acc@1: 61.42, Acc@5: 83.53
2025-06-06 21:05:24,927 - log - INFO - iter:3480/3783, clip_acc1=63.160919189453125, tta_acc1=61.09195327758789
2025-06-06 21:05:24,927 - log - INFO - iter:3480/3783, Original Acc@1: 63.16, Acc@5: 84.17, TTA Acc@1: 61.09, Acc@5: 83.22
2025-06-06 21:06:07,668 - log - INFO - iter:3500/3783, clip_acc1=63.0, tta_acc1=60.94285583496094
2025-06-06 21:06:07,668 - log - INFO - iter:3500/3783, Original Acc@1: 63.00, Acc@5: 83.89, TTA Acc@1: 60.94, Acc@5: 82.94
2025-06-06 21:06:50,613 - log - INFO - iter:3520/3783, clip_acc1=63.068180084228516, tta_acc1=60.96590805053711
2025-06-06 21:06:50,613 - log - INFO - iter:3520/3783, Original Acc@1: 63.07, Acc@5: 83.92, TTA Acc@1: 60.97, Acc@5: 82.84
2025-06-06 21:07:33,452 - log - INFO - iter:3540/3783, clip_acc1=63.27683639526367, tta_acc1=61.18644332885742
2025-06-06 21:07:33,452 - log - INFO - iter:3540/3783, Original Acc@1: 63.28, Acc@5: 84.01, TTA Acc@1: 61.19, Acc@5: 82.94
2025-06-06 21:08:16,546 - log - INFO - iter:3560/3783, clip_acc1=63.48314666748047, tta_acc1=61.40449523925781
2025-06-06 21:08:16,546 - log - INFO - iter:3560/3783, Original Acc@1: 63.48, Acc@5: 84.10, TTA Acc@1: 61.40, Acc@5: 83.03
2025-06-06 21:08:59,376 - log - INFO - iter:3580/3783, clip_acc1=63.379886627197266, tta_acc1=61.340782165527344
2025-06-06 21:08:59,377 - log - INFO - iter:3580/3783, Original Acc@1: 63.38, Acc@5: 84.11, TTA Acc@1: 61.34, Acc@5: 83.04
2025-06-06 21:09:42,207 - log - INFO - iter:3600/3783, clip_acc1=63.111114501953125, tta_acc1=61.11111068725586
2025-06-06 21:09:42,208 - log - INFO - iter:3600/3783, Original Acc@1: 63.11, Acc@5: 84.17, TTA Acc@1: 61.11, Acc@5: 83.11
2025-06-06 21:10:25,201 - log - INFO - iter:3620/3783, clip_acc1=63.287288665771484, tta_acc1=61.29833984375
2025-06-06 21:10:25,201 - log - INFO - iter:3620/3783, Original Acc@1: 63.29, Acc@5: 84.25, TTA Acc@1: 61.30, Acc@5: 83.18
2025-06-06 21:11:08,255 - log - INFO - iter:3640/3783, clip_acc1=63.46154022216797, tta_acc1=61.4835205078125
2025-06-06 21:11:08,255 - log - INFO - iter:3640/3783, Original Acc@1: 63.46, Acc@5: 84.34, TTA Acc@1: 61.48, Acc@5: 83.27
2025-06-06 21:11:50,936 - log - INFO - iter:3660/3783, clip_acc1=63.57923889160156, tta_acc1=61.58470153808594
2025-06-06 21:11:50,937 - log - INFO - iter:3660/3783, Original Acc@1: 63.58, Acc@5: 84.37, TTA Acc@1: 61.58, Acc@5: 83.28
2025-06-06 21:12:33,969 - log - INFO - iter:3680/3783, clip_acc1=63.586952209472656, tta_acc1=61.60325622558594
2025-06-06 21:12:33,969 - log - INFO - iter:3680/3783, Original Acc@1: 63.59, Acc@5: 84.46, TTA Acc@1: 61.60, Acc@5: 83.37
2025-06-06 21:13:16,880 - log - INFO - iter:3700/3783, clip_acc1=63.67567825317383, tta_acc1=61.70270538330078
2025-06-06 21:13:16,880 - log - INFO - iter:3700/3783, Original Acc@1: 63.68, Acc@5: 84.43, TTA Acc@1: 61.70, Acc@5: 83.35
2025-06-06 21:13:59,801 - log - INFO - iter:3720/3783, clip_acc1=63.844085693359375, tta_acc1=61.82795715332031
2025-06-06 21:13:59,801 - log - INFO - iter:3720/3783, Original Acc@1: 63.84, Acc@5: 84.52, TTA Acc@1: 61.83, Acc@5: 83.44
2025-06-06 21:14:42,510 - log - INFO - iter:3740/3783, clip_acc1=63.93048095703125, tta_acc1=61.92513656616211
2025-06-06 21:14:42,511 - log - INFO - iter:3740/3783, Original Acc@1: 63.93, Acc@5: 84.60, TTA Acc@1: 61.93, Acc@5: 83.53
2025-06-06 21:15:25,305 - log - INFO - iter:3760/3783, clip_acc1=63.82978439331055, tta_acc1=61.78191375732422
2025-06-06 21:15:25,305 - log - INFO - iter:3760/3783, Original Acc@1: 63.83, Acc@5: 84.52, TTA Acc@1: 61.78, Acc@5: 83.40
2025-06-06 21:16:06,731 - log - INFO - iter:3780/3783, clip_acc1=63.4920654296875, tta_acc1=61.45502853393555
2025-06-06 21:16:06,731 - log - INFO - iter:3780/3783, Original Acc@1: 63.49, Acc@5: 84.10, TTA Acc@1: 61.46, Acc@5: 82.99
2025-06-06 21:16:12,244 - log - INFO - iter:3783/3783, clip_acc1=63.44171142578125, tta_acc1=61.406288146972656
2025-06-06 21:16:12,245 - log - INFO - iter:3783/3783, Original Acc@1: 63.44, Acc@5: 84.03, TTA Acc@1: 61.41, Acc@5: 82.92
2025-06-06 21:16:12,356 - log - INFO - Final results - Original Acc@1: 63.44, Acc@5: 84.03, TTA Acc@1: 61.41, Acc@5: 82.92
2025-06-06 21:16:12,356 - log - INFO - Improvement from TTA in Acc@1 -2.04, and Acc@5 -1.11
2025-06-06 21:16:12,603 - log - INFO - Weighted scores saved to /leonardo_work/EUHPC_R04_192/fmohamma/Adversarial_Robust_Clip/ATPT/Final_Results/delta_clip_l14_224/UCF101/Clean/Counter_Attack/Eps_4_0_Steps_2_Alpha_1_0/tau_0_2_beta_2_0_weighted_pertrubation_True/No_TPT/Inference_Ensemble_weighted_rtpt_topk_20_softmaxtemp_0_01/weighted_scores.json
2025-06-06 21:16:12,603 - log - INFO - Creating plot of average weights for each view
2025-06-06 21:16:17,968 - log - INFO - Average weights plot saved to /leonardo_work/EUHPC_R04_192/fmohamma/Adversarial_Robust_Clip/ATPT/Final_Results/delta_clip_l14_224/UCF101/Clean/Counter_Attack/Eps_4_0_Steps_2_Alpha_1_0/tau_0_2_beta_2_0_weighted_pertrubation_True/No_TPT/Inference_Ensemble_weighted_rtpt_topk_20_softmaxtemp_0_01/weighted_scores_plot.png
2025-06-06 21:16:17,971 - log - INFO - => Acc. on testset [UCF101]: Clean Acc @1 63.44171142578125/ TTA Clean Acc @1 61.406288146972656, Clean Acc @5 84.03382873535156/ TTA Clean Acc @5 82.92359924316406
2025-06-06 21:16:17,971 - log - INFO - Total script execution time: 8269.09 seconds (137.82 minutes)
