2025-06-16 03:59:17,005 - log - INFO - ==========================================
data:/l/users/hashmat.malik/downstream_datasets
test_sets:eurosat
dataset_mode:test
arch:fare4
resolution:224
workers:4
no_pin_memory:False
batch_size:64
print_freq:20
gpu:0
no_cudnn_benchmark:False
n_ctx:4
ctx_init:a_photo_of_a
tpt_loss:rtpt
seed:0
output_dir:/l/users/hashmat.malik/atpt_results/fare4/eurosat
log_output_dir:/l/users/hashmat.malik/Projects/ATPT/Final_Results/fare4/eurosat
eps:0.0
alpha:0.0
alpha_eps_ratio:4.0
steps:0
lr:0.005
selection_p:0.1
tta_steps:1
ensemble_type:vanilla
top_k:20
softmax_temp:0.01
counter_attack:True
counter_attack_type:pgd
counter_attack_steps:0
counter_attack_eps:2.0
counter_attack_alpha:1.0
counter_attack_tau_thres:0.2
counter_attack_beta:2.0
counter_attack_weighted_perturbations:True
pgd_clip_pure_i_text_embeddings:null
pgd_counter_and_clipure_i_lamda:1.0
selected_id_name:selected_topk.json
weighted_score_name:weighted_scores.json
batch_entropy_name:entropies.json
log_dir:/l/users/hashmat.malik/Projects/ATPT/Final_Results/fare4/eurosat/Clean/Counter_Attack/Eps_2_0_Steps_0_Alpha_1_0/tau_0_2_beta_2_0_weighted_pertrubation_True/TPT/Optimization_Loss_rtpt_LR_0_005_Optimization_Steps_1_View_Selection_Fraction_0_1/Inference_Ensemble_vanilla

2025-06-16 03:59:17,006 - log - INFO - Use GPU: 0 for training
2025-06-16 03:59:31,910 - log - INFO - Freezing all parameters except prompt learner
2025-06-16 03:59:31,913 - log - INFO - => Model created: visual backbone fare4
2025-06-16 03:59:31,938 - log - INFO - Number of test samples: 8100
2025-06-16 03:59:31,939 - log - INFO - Evaluating dataset: eurosat
2025-06-16 03:59:31,941 - log - INFO - Starting evaluation with batch size: 64, selection percentage: 0.1
2025-06-16 03:59:31,941 - log - INFO - Test-time adaptation steps: 1, learning rate: 0.005
2025-06-16 03:59:31,941 - log - INFO - Using counter-attack with epsilon: 2.000000, alpha: 0.000000, steps: 0, tau_thres: 0.2, beta: 2.0, weighted perturbation: True
2025-06-16 04:00:47,221 - log - INFO - iter:20/8100, clip_acc1=0.0, tta_acc1=0.0
2025-06-16 04:00:47,226 - log - INFO - iter:20/8100, Original Acc@1: 0.00, Acc@5: 20.00, TTA Acc@1: 0.00, Acc@5: 0.00
2025-06-16 04:01:53,919 - log - INFO - iter:40/8100, clip_acc1=0.0, tta_acc1=0.0
2025-06-16 04:01:53,923 - log - INFO - iter:40/8100, Original Acc@1: 0.00, Acc@5: 27.50, TTA Acc@1: 0.00, Acc@5: 0.00
2025-06-16 04:02:58,831 - log - INFO - iter:60/8100, clip_acc1=0.0, tta_acc1=0.0
2025-06-16 04:02:58,835 - log - INFO - iter:60/8100, Original Acc@1: 0.00, Acc@5: 25.00, TTA Acc@1: 0.00, Acc@5: 0.00
2025-06-16 04:04:00,900 - log - INFO - iter:80/8100, clip_acc1=0.0, tta_acc1=0.0
2025-06-16 04:04:00,900 - log - INFO - iter:80/8100, Original Acc@1: 0.00, Acc@5: 21.25, TTA Acc@1: 0.00, Acc@5: 0.00
2025-06-16 04:05:03,238 - log - INFO - iter:100/8100, clip_acc1=0.0, tta_acc1=0.0
2025-06-16 04:05:03,239 - log - INFO - iter:100/8100, Original Acc@1: 0.00, Acc@5: 24.00, TTA Acc@1: 0.00, Acc@5: 0.00
2025-06-16 04:06:08,595 - log - INFO - iter:120/8100, clip_acc1=0.0, tta_acc1=0.0
2025-06-16 04:06:08,599 - log - INFO - iter:120/8100, Original Acc@1: 0.00, Acc@5: 22.50, TTA Acc@1: 0.00, Acc@5: 0.00
2025-06-16 04:07:12,906 - log - INFO - iter:140/8100, clip_acc1=0.0, tta_acc1=0.0
2025-06-16 04:07:12,907 - log - INFO - iter:140/8100, Original Acc@1: 0.00, Acc@5: 22.14, TTA Acc@1: 0.00, Acc@5: 0.00
2025-06-16 04:08:18,099 - log - INFO - iter:160/8100, clip_acc1=0.0, tta_acc1=0.0
2025-06-16 04:08:18,104 - log - INFO - iter:160/8100, Original Acc@1: 0.00, Acc@5: 23.12, TTA Acc@1: 0.00, Acc@5: 0.00
2025-06-16 04:09:22,413 - log - INFO - iter:180/8100, clip_acc1=0.0, tta_acc1=0.0
2025-06-16 04:09:22,417 - log - INFO - iter:180/8100, Original Acc@1: 0.00, Acc@5: 22.78, TTA Acc@1: 0.00, Acc@5: 0.00
2025-06-16 04:10:27,792 - log - INFO - iter:200/8100, clip_acc1=0.0, tta_acc1=0.0
2025-06-16 04:10:27,796 - log - INFO - iter:200/8100, Original Acc@1: 0.00, Acc@5: 23.50, TTA Acc@1: 0.00, Acc@5: 0.00
2025-06-16 04:11:34,885 - log - INFO - iter:220/8100, clip_acc1=0.0, tta_acc1=0.0
2025-06-16 04:11:34,886 - log - INFO - iter:220/8100, Original Acc@1: 0.00, Acc@5: 22.27, TTA Acc@1: 0.00, Acc@5: 0.00
2025-06-16 04:12:41,441 - log - INFO - iter:240/8100, clip_acc1=0.0, tta_acc1=0.0
2025-06-16 04:12:41,450 - log - INFO - iter:240/8100, Original Acc@1: 0.00, Acc@5: 22.50, TTA Acc@1: 0.00, Acc@5: 0.00
2025-06-16 04:13:49,472 - log - INFO - iter:260/8100, clip_acc1=0.0, tta_acc1=0.0
2025-06-16 04:13:49,476 - log - INFO - iter:260/8100, Original Acc@1: 0.00, Acc@5: 21.15, TTA Acc@1: 0.00, Acc@5: 0.00
2025-06-16 04:14:57,826 - log - INFO - iter:280/8100, clip_acc1=0.0, tta_acc1=0.0
2025-06-16 04:14:57,830 - log - INFO - iter:280/8100, Original Acc@1: 0.00, Acc@5: 21.79, TTA Acc@1: 0.00, Acc@5: 0.36
2025-06-16 04:16:03,380 - log - INFO - iter:300/8100, clip_acc1=0.0, tta_acc1=0.0
2025-06-16 04:16:03,387 - log - INFO - iter:300/8100, Original Acc@1: 0.00, Acc@5: 21.33, TTA Acc@1: 0.00, Acc@5: 0.33
2025-06-16 04:17:11,574 - log - INFO - iter:320/8100, clip_acc1=0.0, tta_acc1=0.0
2025-06-16 04:17:11,578 - log - INFO - iter:320/8100, Original Acc@1: 0.00, Acc@5: 21.25, TTA Acc@1: 0.00, Acc@5: 0.31
2025-06-16 04:18:22,131 - log - INFO - iter:340/8100, clip_acc1=0.0, tta_acc1=0.0
2025-06-16 04:18:22,135 - log - INFO - iter:340/8100, Original Acc@1: 0.00, Acc@5: 20.88, TTA Acc@1: 0.00, Acc@5: 0.29
2025-06-16 04:19:28,256 - log - INFO - iter:360/8100, clip_acc1=0.0, tta_acc1=0.0
2025-06-16 04:19:28,261 - log - INFO - iter:360/8100, Original Acc@1: 0.00, Acc@5: 20.28, TTA Acc@1: 0.00, Acc@5: 0.28
2025-06-16 04:20:34,645 - log - INFO - iter:380/8100, clip_acc1=0.0, tta_acc1=0.0
2025-06-16 04:20:34,645 - log - INFO - iter:380/8100, Original Acc@1: 0.00, Acc@5: 20.00, TTA Acc@1: 0.00, Acc@5: 0.26
2025-06-16 04:21:49,698 - log - INFO - iter:400/8100, clip_acc1=0.0, tta_acc1=0.0
2025-06-16 04:21:49,703 - log - INFO - iter:400/8100, Original Acc@1: 0.00, Acc@5: 20.50, TTA Acc@1: 0.00, Acc@5: 0.25
2025-06-16 04:22:56,882 - log - INFO - iter:420/8100, clip_acc1=0.0, tta_acc1=0.0
2025-06-16 04:22:56,886 - log - INFO - iter:420/8100, Original Acc@1: 0.00, Acc@5: 20.24, TTA Acc@1: 0.00, Acc@5: 0.24
2025-06-16 04:24:07,983 - log - INFO - iter:440/8100, clip_acc1=0.0, tta_acc1=0.0
2025-06-16 04:24:07,987 - log - INFO - iter:440/8100, Original Acc@1: 0.00, Acc@5: 20.00, TTA Acc@1: 0.00, Acc@5: 0.23
2025-06-16 04:25:15,339 - log - INFO - iter:460/8100, clip_acc1=0.0, tta_acc1=0.0
2025-06-16 04:25:15,344 - log - INFO - iter:460/8100, Original Acc@1: 0.00, Acc@5: 20.22, TTA Acc@1: 0.00, Acc@5: 0.22
2025-06-16 04:26:26,497 - log - INFO - iter:480/8100, clip_acc1=0.0, tta_acc1=0.0
2025-06-16 04:26:26,504 - log - INFO - iter:480/8100, Original Acc@1: 0.00, Acc@5: 20.42, TTA Acc@1: 0.00, Acc@5: 0.21
2025-06-16 04:27:32,908 - log - INFO - iter:500/8100, clip_acc1=0.0, tta_acc1=0.0
2025-06-16 04:27:32,909 - log - INFO - iter:500/8100, Original Acc@1: 0.00, Acc@5: 20.40, TTA Acc@1: 0.00, Acc@5: 0.20
2025-06-16 04:28:37,202 - log - INFO - iter:520/8100, clip_acc1=0.0, tta_acc1=0.0
2025-06-16 04:28:37,202 - log - INFO - iter:520/8100, Original Acc@1: 0.00, Acc@5: 20.38, TTA Acc@1: 0.00, Acc@5: 0.19
2025-06-16 04:29:42,585 - log - INFO - iter:540/8100, clip_acc1=0.0, tta_acc1=0.0
2025-06-16 04:29:42,586 - log - INFO - iter:540/8100, Original Acc@1: 0.00, Acc@5: 20.74, TTA Acc@1: 0.00, Acc@5: 0.19
2025-06-16 04:30:48,092 - log - INFO - iter:560/8100, clip_acc1=0.0, tta_acc1=0.0
2025-06-16 04:30:48,093 - log - INFO - iter:560/8100, Original Acc@1: 0.00, Acc@5: 20.71, TTA Acc@1: 0.00, Acc@5: 0.18
2025-06-16 04:31:57,083 - log - INFO - iter:580/8100, clip_acc1=0.0, tta_acc1=0.0
2025-06-16 04:31:57,084 - log - INFO - iter:580/8100, Original Acc@1: 0.00, Acc@5: 21.03, TTA Acc@1: 0.00, Acc@5: 0.17
2025-06-16 04:33:11,155 - log - INFO - iter:600/8100, clip_acc1=0.0, tta_acc1=0.0
2025-06-16 04:33:11,156 - log - INFO - iter:600/8100, Original Acc@1: 0.00, Acc@5: 21.67, TTA Acc@1: 0.00, Acc@5: 0.17
2025-06-16 04:34:20,785 - log - INFO - iter:620/8100, clip_acc1=0.0, tta_acc1=0.0
2025-06-16 04:34:20,785 - log - INFO - iter:620/8100, Original Acc@1: 0.00, Acc@5: 22.10, TTA Acc@1: 0.00, Acc@5: 0.16
2025-06-16 04:35:27,199 - log - INFO - iter:640/8100, clip_acc1=0.0, tta_acc1=0.0
2025-06-16 04:35:27,199 - log - INFO - iter:640/8100, Original Acc@1: 0.00, Acc@5: 22.50, TTA Acc@1: 0.00, Acc@5: 0.16
2025-06-16 04:36:37,591 - log - INFO - iter:660/8100, clip_acc1=0.0, tta_acc1=0.0
2025-06-16 04:36:37,591 - log - INFO - iter:660/8100, Original Acc@1: 0.00, Acc@5: 22.58, TTA Acc@1: 0.00, Acc@5: 0.15
2025-06-16 04:37:44,836 - log - INFO - iter:680/8100, clip_acc1=0.0, tta_acc1=0.0
2025-06-16 04:37:44,836 - log - INFO - iter:680/8100, Original Acc@1: 0.00, Acc@5: 22.79, TTA Acc@1: 0.00, Acc@5: 0.15
2025-06-16 04:38:52,983 - log - INFO - iter:700/8100, clip_acc1=0.0, tta_acc1=0.0
2025-06-16 04:38:52,984 - log - INFO - iter:700/8100, Original Acc@1: 0.00, Acc@5: 22.43, TTA Acc@1: 0.00, Acc@5: 0.14
2025-06-16 04:39:57,675 - log - INFO - iter:720/8100, clip_acc1=0.0, tta_acc1=0.0
2025-06-16 04:39:57,676 - log - INFO - iter:720/8100, Original Acc@1: 0.00, Acc@5: 22.50, TTA Acc@1: 0.00, Acc@5: 0.14
2025-06-16 04:41:07,125 - log - INFO - iter:740/8100, clip_acc1=0.0, tta_acc1=0.0
2025-06-16 04:41:07,125 - log - INFO - iter:740/8100, Original Acc@1: 0.00, Acc@5: 22.57, TTA Acc@1: 0.00, Acc@5: 0.14
2025-06-16 04:42:13,233 - log - INFO - iter:760/8100, clip_acc1=0.0, tta_acc1=0.0
2025-06-16 04:42:13,233 - log - INFO - iter:760/8100, Original Acc@1: 0.00, Acc@5: 22.24, TTA Acc@1: 0.00, Acc@5: 0.13
2025-06-16 04:43:23,739 - log - INFO - iter:780/8100, clip_acc1=0.0, tta_acc1=0.0
2025-06-16 04:43:23,743 - log - INFO - iter:780/8100, Original Acc@1: 0.00, Acc@5: 22.31, TTA Acc@1: 0.00, Acc@5: 0.13
2025-06-16 04:44:33,054 - log - INFO - iter:800/8100, clip_acc1=0.0, tta_acc1=0.0
2025-06-16 04:44:33,055 - log - INFO - iter:800/8100, Original Acc@1: 0.00, Acc@5: 22.50, TTA Acc@1: 0.00, Acc@5: 0.12
2025-06-16 04:45:41,477 - log - INFO - iter:820/8100, clip_acc1=0.0, tta_acc1=0.0
2025-06-16 04:45:41,477 - log - INFO - iter:820/8100, Original Acc@1: 0.00, Acc@5: 22.44, TTA Acc@1: 0.00, Acc@5: 0.12
2025-06-16 04:46:44,511 - log - INFO - iter:840/8100, clip_acc1=0.0, tta_acc1=0.0
2025-06-16 04:46:44,511 - log - INFO - iter:840/8100, Original Acc@1: 0.00, Acc@5: 22.86, TTA Acc@1: 0.00, Acc@5: 0.12
2025-06-16 04:47:50,358 - log - INFO - iter:860/8100, clip_acc1=0.0, tta_acc1=0.0
2025-06-16 04:47:50,359 - log - INFO - iter:860/8100, Original Acc@1: 0.00, Acc@5: 22.91, TTA Acc@1: 0.00, Acc@5: 0.12
2025-06-16 04:48:56,046 - log - INFO - iter:880/8100, clip_acc1=0.0, tta_acc1=0.0
2025-06-16 04:48:56,047 - log - INFO - iter:880/8100, Original Acc@1: 0.00, Acc@5: 22.61, TTA Acc@1: 0.00, Acc@5: 0.11
2025-06-16 04:50:00,611 - log - INFO - iter:900/8100, clip_acc1=0.0, tta_acc1=0.0
2025-06-16 04:50:00,611 - log - INFO - iter:900/8100, Original Acc@1: 0.00, Acc@5: 22.44, TTA Acc@1: 0.00, Acc@5: 0.11
2025-06-16 04:51:01,429 - log - INFO - iter:920/8100, clip_acc1=0.0, tta_acc1=0.0
2025-06-16 04:51:01,430 - log - INFO - iter:920/8100, Original Acc@1: 0.00, Acc@5: 23.70, TTA Acc@1: 0.00, Acc@5: 2.28
2025-06-16 04:52:03,300 - log - INFO - iter:940/8100, clip_acc1=0.0, tta_acc1=0.0
2025-06-16 04:52:03,300 - log - INFO - iter:940/8100, Original Acc@1: 0.00, Acc@5: 25.00, TTA Acc@1: 0.00, Acc@5: 4.36
2025-06-16 04:53:06,748 - log - INFO - iter:960/8100, clip_acc1=0.0, tta_acc1=0.0
2025-06-16 04:53:06,748 - log - INFO - iter:960/8100, Original Acc@1: 0.00, Acc@5: 26.56, TTA Acc@1: 0.00, Acc@5: 6.35
2025-06-16 04:54:12,144 - log - INFO - iter:980/8100, clip_acc1=0.0, tta_acc1=0.0
2025-06-16 04:54:12,144 - log - INFO - iter:980/8100, Original Acc@1: 0.00, Acc@5: 27.76, TTA Acc@1: 0.00, Acc@5: 8.27
2025-06-16 04:55:18,330 - log - INFO - iter:1000/8100, clip_acc1=0.0, tta_acc1=0.0
2025-06-16 04:55:18,331 - log - INFO - iter:1000/8100, Original Acc@1: 0.00, Acc@5: 29.10, TTA Acc@1: 0.00, Acc@5: 10.10
2025-06-16 04:56:24,705 - log - INFO - iter:1020/8100, clip_acc1=0.0, tta_acc1=0.0
2025-06-16 04:56:24,706 - log - INFO - iter:1020/8100, Original Acc@1: 0.00, Acc@5: 30.39, TTA Acc@1: 0.00, Acc@5: 11.86
2025-06-16 04:57:29,615 - log - INFO - iter:1040/8100, clip_acc1=0.0, tta_acc1=0.0
2025-06-16 04:57:29,615 - log - INFO - iter:1040/8100, Original Acc@1: 0.00, Acc@5: 31.44, TTA Acc@1: 0.00, Acc@5: 13.56
2025-06-16 04:58:36,334 - log - INFO - iter:1060/8100, clip_acc1=0.0, tta_acc1=0.0
2025-06-16 04:58:36,335 - log - INFO - iter:1060/8100, Original Acc@1: 0.00, Acc@5: 32.64, TTA Acc@1: 0.00, Acc@5: 15.19
2025-06-16 04:59:41,507 - log - INFO - iter:1080/8100, clip_acc1=0.0, tta_acc1=0.0
2025-06-16 04:59:41,507 - log - INFO - iter:1080/8100, Original Acc@1: 0.00, Acc@5: 33.89, TTA Acc@1: 0.00, Acc@5: 16.76
2025-06-16 05:00:46,997 - log - INFO - iter:1100/8100, clip_acc1=0.0, tta_acc1=0.0
2025-06-16 05:00:46,997 - log - INFO - iter:1100/8100, Original Acc@1: 0.00, Acc@5: 34.91, TTA Acc@1: 0.00, Acc@5: 18.27
2025-06-16 05:01:53,540 - log - INFO - iter:1120/8100, clip_acc1=0.0, tta_acc1=0.0
2025-06-16 05:01:53,541 - log - INFO - iter:1120/8100, Original Acc@1: 0.00, Acc@5: 35.98, TTA Acc@1: 0.00, Acc@5: 19.73
2025-06-16 05:03:01,412 - log - INFO - iter:1140/8100, clip_acc1=0.0, tta_acc1=0.0
2025-06-16 05:03:01,413 - log - INFO - iter:1140/8100, Original Acc@1: 0.00, Acc@5: 37.02, TTA Acc@1: 0.00, Acc@5: 21.14
2025-06-16 05:04:09,617 - log - INFO - iter:1160/8100, clip_acc1=0.0, tta_acc1=0.0
2025-06-16 05:04:09,617 - log - INFO - iter:1160/8100, Original Acc@1: 0.00, Acc@5: 37.93, TTA Acc@1: 0.00, Acc@5: 22.50
2025-06-16 05:05:14,145 - log - INFO - iter:1180/8100, clip_acc1=0.0, tta_acc1=0.0
2025-06-16 05:05:14,146 - log - INFO - iter:1180/8100, Original Acc@1: 0.00, Acc@5: 38.73, TTA Acc@1: 0.00, Acc@5: 23.81
2025-06-16 05:06:19,745 - log - INFO - iter:1200/8100, clip_acc1=0.0, tta_acc1=0.0
2025-06-16 05:06:19,745 - log - INFO - iter:1200/8100, Original Acc@1: 0.00, Acc@5: 39.75, TTA Acc@1: 0.00, Acc@5: 25.08
2025-06-16 05:07:25,805 - log - INFO - iter:1220/8100, clip_acc1=0.0, tta_acc1=0.0
2025-06-16 05:07:25,816 - log - INFO - iter:1220/8100, Original Acc@1: 0.00, Acc@5: 40.66, TTA Acc@1: 0.00, Acc@5: 26.31
2025-06-16 05:08:30,122 - log - INFO - iter:1240/8100, clip_acc1=0.0, tta_acc1=0.0
2025-06-16 05:08:30,123 - log - INFO - iter:1240/8100, Original Acc@1: 0.00, Acc@5: 41.61, TTA Acc@1: 0.00, Acc@5: 27.50
2025-06-16 05:09:38,328 - log - INFO - iter:1260/8100, clip_acc1=0.0, tta_acc1=0.0
2025-06-16 05:09:38,329 - log - INFO - iter:1260/8100, Original Acc@1: 0.00, Acc@5: 42.54, TTA Acc@1: 0.00, Acc@5: 28.65
2025-06-16 05:10:45,168 - log - INFO - iter:1280/8100, clip_acc1=0.0, tta_acc1=0.0
2025-06-16 05:10:45,169 - log - INFO - iter:1280/8100, Original Acc@1: 0.00, Acc@5: 43.28, TTA Acc@1: 0.00, Acc@5: 29.77
2025-06-16 05:11:50,236 - log - INFO - iter:1300/8100, clip_acc1=0.0, tta_acc1=0.0
2025-06-16 05:11:50,237 - log - INFO - iter:1300/8100, Original Acc@1: 0.00, Acc@5: 44.15, TTA Acc@1: 0.00, Acc@5: 30.85
2025-06-16 05:12:56,266 - log - INFO - iter:1320/8100, clip_acc1=0.0, tta_acc1=0.0
2025-06-16 05:12:56,266 - log - INFO - iter:1320/8100, Original Acc@1: 0.00, Acc@5: 44.85, TTA Acc@1: 0.00, Acc@5: 31.89
2025-06-16 05:13:59,389 - log - INFO - iter:1340/8100, clip_acc1=0.0, tta_acc1=0.0
2025-06-16 05:13:59,390 - log - INFO - iter:1340/8100, Original Acc@1: 0.00, Acc@5: 45.37, TTA Acc@1: 0.00, Acc@5: 32.91
2025-06-16 05:15:09,311 - log - INFO - iter:1360/8100, clip_acc1=0.0, tta_acc1=0.0
2025-06-16 05:15:09,312 - log - INFO - iter:1360/8100, Original Acc@1: 0.00, Acc@5: 46.03, TTA Acc@1: 0.00, Acc@5: 33.90
2025-06-16 05:16:10,381 - log - INFO - iter:1380/8100, clip_acc1=0.0, tta_acc1=0.0
2025-06-16 05:16:10,382 - log - INFO - iter:1380/8100, Original Acc@1: 0.00, Acc@5: 46.67, TTA Acc@1: 0.00, Acc@5: 34.86
2025-06-16 05:17:14,505 - log - INFO - iter:1400/8100, clip_acc1=0.0, tta_acc1=0.0
2025-06-16 05:17:14,506 - log - INFO - iter:1400/8100, Original Acc@1: 0.00, Acc@5: 47.43, TTA Acc@1: 0.00, Acc@5: 35.79
2025-06-16 05:18:21,352 - log - INFO - iter:1420/8100, clip_acc1=0.0, tta_acc1=0.0
2025-06-16 05:18:21,353 - log - INFO - iter:1420/8100, Original Acc@1: 0.00, Acc@5: 48.17, TTA Acc@1: 0.00, Acc@5: 36.69
2025-06-16 05:19:32,608 - log - INFO - iter:1440/8100, clip_acc1=0.0, tta_acc1=0.0
2025-06-16 05:19:32,608 - log - INFO - iter:1440/8100, Original Acc@1: 0.00, Acc@5: 48.89, TTA Acc@1: 0.00, Acc@5: 37.57
2025-06-16 05:20:34,089 - log - INFO - iter:1460/8100, clip_acc1=0.0, tta_acc1=0.0
2025-06-16 05:20:34,089 - log - INFO - iter:1460/8100, Original Acc@1: 0.00, Acc@5: 49.59, TTA Acc@1: 0.00, Acc@5: 38.42
2025-06-16 05:21:35,755 - log - INFO - iter:1480/8100, clip_acc1=0.0, tta_acc1=0.0
2025-06-16 05:21:35,755 - log - INFO - iter:1480/8100, Original Acc@1: 0.00, Acc@5: 50.20, TTA Acc@1: 0.00, Acc@5: 39.26
2025-06-16 05:22:42,474 - log - INFO - iter:1500/8100, clip_acc1=0.0, tta_acc1=0.0
2025-06-16 05:22:42,474 - log - INFO - iter:1500/8100, Original Acc@1: 0.00, Acc@5: 50.87, TTA Acc@1: 0.00, Acc@5: 40.07
2025-06-16 05:23:52,211 - log - INFO - iter:1520/8100, clip_acc1=0.0, tta_acc1=0.0
2025-06-16 05:23:52,211 - log - INFO - iter:1520/8100, Original Acc@1: 0.00, Acc@5: 51.38, TTA Acc@1: 0.00, Acc@5: 40.86
2025-06-16 05:24:56,845 - log - INFO - iter:1540/8100, clip_acc1=0.0, tta_acc1=0.0
2025-06-16 05:24:56,853 - log - INFO - iter:1540/8100, Original Acc@1: 0.00, Acc@5: 51.82, TTA Acc@1: 0.00, Acc@5: 41.62
2025-06-16 05:26:04,282 - log - INFO - iter:1560/8100, clip_acc1=0.0, tta_acc1=0.0
2025-06-16 05:26:04,291 - log - INFO - iter:1560/8100, Original Acc@1: 0.00, Acc@5: 52.31, TTA Acc@1: 0.00, Acc@5: 42.37
2025-06-16 05:27:16,732 - log - INFO - iter:1580/8100, clip_acc1=0.0, tta_acc1=0.0
2025-06-16 05:27:16,733 - log - INFO - iter:1580/8100, Original Acc@1: 0.00, Acc@5: 52.78, TTA Acc@1: 0.00, Acc@5: 43.10
2025-06-16 05:28:28,195 - log - INFO - iter:1600/8100, clip_acc1=0.0, tta_acc1=0.0
2025-06-16 05:28:28,195 - log - INFO - iter:1600/8100, Original Acc@1: 0.00, Acc@5: 53.19, TTA Acc@1: 0.00, Acc@5: 43.81
2025-06-16 05:29:36,902 - log - INFO - iter:1620/8100, clip_acc1=0.0, tta_acc1=0.0
2025-06-16 05:29:36,903 - log - INFO - iter:1620/8100, Original Acc@1: 0.00, Acc@5: 53.77, TTA Acc@1: 0.00, Acc@5: 44.51
2025-06-16 05:30:40,807 - log - INFO - iter:1640/8100, clip_acc1=0.0, tta_acc1=0.0
2025-06-16 05:30:40,808 - log - INFO - iter:1640/8100, Original Acc@1: 0.00, Acc@5: 54.27, TTA Acc@1: 0.00, Acc@5: 45.18
2025-06-16 05:31:50,140 - log - INFO - iter:1660/8100, clip_acc1=0.0, tta_acc1=0.0
2025-06-16 05:31:50,140 - log - INFO - iter:1660/8100, Original Acc@1: 0.00, Acc@5: 54.70, TTA Acc@1: 0.00, Acc@5: 45.84
2025-06-16 05:32:55,989 - log - INFO - iter:1680/8100, clip_acc1=0.0, tta_acc1=0.0
2025-06-16 05:32:55,990 - log - INFO - iter:1680/8100, Original Acc@1: 0.00, Acc@5: 55.18, TTA Acc@1: 0.00, Acc@5: 46.49
2025-06-16 05:34:00,628 - log - INFO - iter:1700/8100, clip_acc1=0.0, tta_acc1=0.0
2025-06-16 05:34:00,629 - log - INFO - iter:1700/8100, Original Acc@1: 0.00, Acc@5: 55.59, TTA Acc@1: 0.00, Acc@5: 47.12
2025-06-16 05:35:05,688 - log - INFO - iter:1720/8100, clip_acc1=0.0, tta_acc1=0.0
2025-06-16 05:35:05,689 - log - INFO - iter:1720/8100, Original Acc@1: 0.00, Acc@5: 56.05, TTA Acc@1: 0.00, Acc@5: 47.73
2025-06-16 05:36:13,141 - log - INFO - iter:1740/8100, clip_acc1=0.0, tta_acc1=0.0
2025-06-16 05:36:13,141 - log - INFO - iter:1740/8100, Original Acc@1: 0.00, Acc@5: 56.55, TTA Acc@1: 0.00, Acc@5: 48.33
2025-06-16 05:37:22,510 - log - INFO - iter:1760/8100, clip_acc1=0.0, tta_acc1=0.0
2025-06-16 05:37:22,510 - log - INFO - iter:1760/8100, Original Acc@1: 0.00, Acc@5: 57.05, TTA Acc@1: 0.00, Acc@5: 48.92
2025-06-16 05:38:34,923 - log - INFO - iter:1780/8100, clip_acc1=0.0, tta_acc1=0.0
2025-06-16 05:38:34,923 - log - INFO - iter:1780/8100, Original Acc@1: 0.00, Acc@5: 57.36, TTA Acc@1: 0.00, Acc@5: 49.49
2025-06-16 05:39:42,737 - log - INFO - iter:1800/8100, clip_acc1=0.0, tta_acc1=0.0
2025-06-16 05:39:42,737 - log - INFO - iter:1800/8100, Original Acc@1: 0.00, Acc@5: 57.78, TTA Acc@1: 0.00, Acc@5: 50.06
2025-06-16 05:40:50,363 - log - INFO - iter:1820/8100, clip_acc1=0.0, tta_acc1=0.0
2025-06-16 05:40:50,364 - log - INFO - iter:1820/8100, Original Acc@1: 0.00, Acc@5: 57.14, TTA Acc@1: 0.00, Acc@5: 49.51
2025-06-16 05:41:57,699 - log - INFO - iter:1840/8100, clip_acc1=0.0, tta_acc1=0.0
2025-06-16 05:41:57,700 - log - INFO - iter:1840/8100, Original Acc@1: 0.00, Acc@5: 56.52, TTA Acc@1: 0.00, Acc@5: 48.97
2025-06-16 05:43:09,014 - log - INFO - iter:1860/8100, clip_acc1=0.0, tta_acc1=0.0
2025-06-16 05:43:09,015 - log - INFO - iter:1860/8100, Original Acc@1: 0.00, Acc@5: 55.91, TTA Acc@1: 0.00, Acc@5: 48.44
2025-06-16 05:44:11,472 - log - INFO - iter:1880/8100, clip_acc1=0.0, tta_acc1=0.0
2025-06-16 05:44:11,472 - log - INFO - iter:1880/8100, Original Acc@1: 0.00, Acc@5: 55.32, TTA Acc@1: 0.00, Acc@5: 47.93
2025-06-16 05:45:13,643 - log - INFO - iter:1900/8100, clip_acc1=0.0, tta_acc1=0.0
2025-06-16 05:45:13,643 - log - INFO - iter:1900/8100, Original Acc@1: 0.00, Acc@5: 54.74, TTA Acc@1: 0.00, Acc@5: 47.42
2025-06-16 05:46:18,013 - log - INFO - iter:1920/8100, clip_acc1=0.0, tta_acc1=0.0
2025-06-16 05:46:18,013 - log - INFO - iter:1920/8100, Original Acc@1: 0.00, Acc@5: 54.17, TTA Acc@1: 0.00, Acc@5: 46.93
2025-06-16 05:47:25,331 - log - INFO - iter:1940/8100, clip_acc1=0.0, tta_acc1=0.0
2025-06-16 05:47:25,331 - log - INFO - iter:1940/8100, Original Acc@1: 0.00, Acc@5: 53.61, TTA Acc@1: 0.00, Acc@5: 46.44
2025-06-16 05:48:32,992 - log - INFO - iter:1960/8100, clip_acc1=0.0, tta_acc1=0.0
2025-06-16 05:48:32,993 - log - INFO - iter:1960/8100, Original Acc@1: 0.00, Acc@5: 53.06, TTA Acc@1: 0.00, Acc@5: 45.97
2025-06-16 05:49:37,640 - log - INFO - iter:1980/8100, clip_acc1=0.0, tta_acc1=0.0
2025-06-16 05:49:37,644 - log - INFO - iter:1980/8100, Original Acc@1: 0.00, Acc@5: 52.53, TTA Acc@1: 0.00, Acc@5: 45.51
2025-06-16 05:50:43,565 - log - INFO - iter:2000/8100, clip_acc1=0.0, tta_acc1=0.0
2025-06-16 05:50:43,565 - log - INFO - iter:2000/8100, Original Acc@1: 0.00, Acc@5: 52.00, TTA Acc@1: 0.00, Acc@5: 45.05
2025-06-16 05:51:49,436 - log - INFO - iter:2020/8100, clip_acc1=0.0, tta_acc1=0.0
2025-06-16 05:51:49,437 - log - INFO - iter:2020/8100, Original Acc@1: 0.00, Acc@5: 51.49, TTA Acc@1: 0.00, Acc@5: 44.60
2025-06-16 05:52:57,990 - log - INFO - iter:2040/8100, clip_acc1=0.0, tta_acc1=0.0
2025-06-16 05:52:57,990 - log - INFO - iter:2040/8100, Original Acc@1: 0.00, Acc@5: 50.98, TTA Acc@1: 0.00, Acc@5: 44.17
2025-06-16 05:54:04,351 - log - INFO - iter:2060/8100, clip_acc1=0.0, tta_acc1=0.0
2025-06-16 05:54:04,351 - log - INFO - iter:2060/8100, Original Acc@1: 0.00, Acc@5: 50.49, TTA Acc@1: 0.00, Acc@5: 43.74
2025-06-16 05:55:16,456 - log - INFO - iter:2080/8100, clip_acc1=0.0, tta_acc1=0.0
2025-06-16 05:55:16,456 - log - INFO - iter:2080/8100, Original Acc@1: 0.00, Acc@5: 50.00, TTA Acc@1: 0.00, Acc@5: 43.32
2025-06-16 05:56:23,481 - log - INFO - iter:2100/8100, clip_acc1=0.0, tta_acc1=0.0
2025-06-16 05:56:23,481 - log - INFO - iter:2100/8100, Original Acc@1: 0.00, Acc@5: 49.52, TTA Acc@1: 0.00, Acc@5: 42.90
2025-06-16 05:57:26,653 - log - INFO - iter:2120/8100, clip_acc1=0.0, tta_acc1=0.0
2025-06-16 05:57:26,654 - log - INFO - iter:2120/8100, Original Acc@1: 0.00, Acc@5: 49.06, TTA Acc@1: 0.00, Acc@5: 42.50
2025-06-16 05:58:32,758 - log - INFO - iter:2140/8100, clip_acc1=0.0, tta_acc1=0.0
2025-06-16 05:58:32,759 - log - INFO - iter:2140/8100, Original Acc@1: 0.00, Acc@5: 48.60, TTA Acc@1: 0.00, Acc@5: 42.10
2025-06-16 05:59:36,984 - log - INFO - iter:2160/8100, clip_acc1=0.0, tta_acc1=0.0
2025-06-16 05:59:36,984 - log - INFO - iter:2160/8100, Original Acc@1: 0.00, Acc@5: 48.15, TTA Acc@1: 0.00, Acc@5: 41.71
2025-06-16 06:00:45,278 - log - INFO - iter:2180/8100, clip_acc1=0.0, tta_acc1=0.0
2025-06-16 06:00:45,279 - log - INFO - iter:2180/8100, Original Acc@1: 0.00, Acc@5: 47.71, TTA Acc@1: 0.00, Acc@5: 41.33
2025-06-16 06:01:48,757 - log - INFO - iter:2200/8100, clip_acc1=0.0, tta_acc1=0.0
2025-06-16 06:01:48,758 - log - INFO - iter:2200/8100, Original Acc@1: 0.00, Acc@5: 47.27, TTA Acc@1: 0.00, Acc@5: 40.95
2025-06-16 06:02:54,990 - log - INFO - iter:2220/8100, clip_acc1=0.0, tta_acc1=0.0
2025-06-16 06:02:54,991 - log - INFO - iter:2220/8100, Original Acc@1: 0.00, Acc@5: 46.85, TTA Acc@1: 0.00, Acc@5: 40.59
2025-06-16 06:03:57,980 - log - INFO - iter:2240/8100, clip_acc1=0.0, tta_acc1=0.0
2025-06-16 06:03:57,982 - log - INFO - iter:2240/8100, Original Acc@1: 0.00, Acc@5: 46.43, TTA Acc@1: 0.00, Acc@5: 40.22
2025-06-16 06:05:04,696 - log - INFO - iter:2260/8100, clip_acc1=0.0, tta_acc1=0.0
2025-06-16 06:05:04,698 - log - INFO - iter:2260/8100, Original Acc@1: 0.00, Acc@5: 46.02, TTA Acc@1: 0.00, Acc@5: 39.87
2025-06-16 06:06:15,241 - log - INFO - iter:2280/8100, clip_acc1=0.0, tta_acc1=0.0
2025-06-16 06:06:15,242 - log - INFO - iter:2280/8100, Original Acc@1: 0.00, Acc@5: 45.61, TTA Acc@1: 0.00, Acc@5: 39.52
2025-06-16 06:07:18,463 - log - INFO - iter:2300/8100, clip_acc1=0.0, tta_acc1=0.0
2025-06-16 06:07:18,464 - log - INFO - iter:2300/8100, Original Acc@1: 0.00, Acc@5: 45.22, TTA Acc@1: 0.00, Acc@5: 39.17
2025-06-16 06:08:23,059 - log - INFO - iter:2320/8100, clip_acc1=0.0, tta_acc1=0.0
2025-06-16 06:08:23,060 - log - INFO - iter:2320/8100, Original Acc@1: 0.00, Acc@5: 44.83, TTA Acc@1: 0.00, Acc@5: 38.84
2025-06-16 06:09:27,265 - log - INFO - iter:2340/8100, clip_acc1=0.0, tta_acc1=0.0
2025-06-16 06:09:27,266 - log - INFO - iter:2340/8100, Original Acc@1: 0.00, Acc@5: 44.44, TTA Acc@1: 0.00, Acc@5: 38.50
2025-06-16 06:10:33,439 - log - INFO - iter:2360/8100, clip_acc1=0.0, tta_acc1=0.0
2025-06-16 06:10:33,441 - log - INFO - iter:2360/8100, Original Acc@1: 0.00, Acc@5: 44.07, TTA Acc@1: 0.00, Acc@5: 38.18
2025-06-16 06:11:37,862 - log - INFO - iter:2380/8100, clip_acc1=0.0, tta_acc1=0.0
2025-06-16 06:11:37,863 - log - INFO - iter:2380/8100, Original Acc@1: 0.00, Acc@5: 43.70, TTA Acc@1: 0.00, Acc@5: 37.86
2025-06-16 06:12:41,125 - log - INFO - iter:2400/8100, clip_acc1=0.0, tta_acc1=0.0
2025-06-16 06:12:41,126 - log - INFO - iter:2400/8100, Original Acc@1: 0.00, Acc@5: 43.33, TTA Acc@1: 0.00, Acc@5: 37.54
2025-06-16 06:13:48,204 - log - INFO - iter:2420/8100, clip_acc1=0.0, tta_acc1=0.0
2025-06-16 06:13:48,204 - log - INFO - iter:2420/8100, Original Acc@1: 0.00, Acc@5: 42.98, TTA Acc@1: 0.00, Acc@5: 37.23
2025-06-16 06:14:55,972 - log - INFO - iter:2440/8100, clip_acc1=0.0, tta_acc1=0.0
2025-06-16 06:14:55,973 - log - INFO - iter:2440/8100, Original Acc@1: 0.00, Acc@5: 42.62, TTA Acc@1: 0.00, Acc@5: 36.93
2025-06-16 06:16:02,395 - log - INFO - iter:2460/8100, clip_acc1=0.0, tta_acc1=0.0
2025-06-16 06:16:02,396 - log - INFO - iter:2460/8100, Original Acc@1: 0.00, Acc@5: 42.28, TTA Acc@1: 0.00, Acc@5: 36.63
2025-06-16 06:17:05,731 - log - INFO - iter:2480/8100, clip_acc1=0.0, tta_acc1=0.0
2025-06-16 06:17:05,732 - log - INFO - iter:2480/8100, Original Acc@1: 0.00, Acc@5: 41.94, TTA Acc@1: 0.00, Acc@5: 36.33
2025-06-16 06:18:11,787 - log - INFO - iter:2500/8100, clip_acc1=0.0, tta_acc1=0.0
2025-06-16 06:18:11,788 - log - INFO - iter:2500/8100, Original Acc@1: 0.00, Acc@5: 41.60, TTA Acc@1: 0.00, Acc@5: 36.04
2025-06-16 06:19:18,806 - log - INFO - iter:2520/8100, clip_acc1=0.0, tta_acc1=0.0
2025-06-16 06:19:18,806 - log - INFO - iter:2520/8100, Original Acc@1: 0.00, Acc@5: 41.27, TTA Acc@1: 0.00, Acc@5: 35.75
2025-06-16 06:20:23,475 - log - INFO - iter:2540/8100, clip_acc1=0.0, tta_acc1=0.0
2025-06-16 06:20:23,476 - log - INFO - iter:2540/8100, Original Acc@1: 0.00, Acc@5: 40.94, TTA Acc@1: 0.00, Acc@5: 35.47
2025-06-16 06:21:31,240 - log - INFO - iter:2560/8100, clip_acc1=0.0, tta_acc1=0.0
2025-06-16 06:21:31,241 - log - INFO - iter:2560/8100, Original Acc@1: 0.00, Acc@5: 40.62, TTA Acc@1: 0.00, Acc@5: 35.20
2025-06-16 06:22:36,537 - log - INFO - iter:2580/8100, clip_acc1=0.0, tta_acc1=0.0
2025-06-16 06:22:36,538 - log - INFO - iter:2580/8100, Original Acc@1: 0.00, Acc@5: 40.31, TTA Acc@1: 0.00, Acc@5: 34.92
2025-06-16 06:23:40,496 - log - INFO - iter:2600/8100, clip_acc1=0.0, tta_acc1=0.0
2025-06-16 06:23:40,496 - log - INFO - iter:2600/8100, Original Acc@1: 0.00, Acc@5: 40.00, TTA Acc@1: 0.00, Acc@5: 34.65
2025-06-16 06:24:47,657 - log - INFO - iter:2620/8100, clip_acc1=0.0, tta_acc1=0.0
2025-06-16 06:24:47,658 - log - INFO - iter:2620/8100, Original Acc@1: 0.00, Acc@5: 39.69, TTA Acc@1: 0.00, Acc@5: 34.39
2025-06-16 06:25:50,899 - log - INFO - iter:2640/8100, clip_acc1=0.0, tta_acc1=0.0
2025-06-16 06:25:50,899 - log - INFO - iter:2640/8100, Original Acc@1: 0.00, Acc@5: 39.39, TTA Acc@1: 0.00, Acc@5: 34.13
2025-06-16 06:26:56,186 - log - INFO - iter:2660/8100, clip_acc1=0.0, tta_acc1=0.0
2025-06-16 06:26:56,186 - log - INFO - iter:2660/8100, Original Acc@1: 0.00, Acc@5: 39.10, TTA Acc@1: 0.00, Acc@5: 33.87
2025-06-16 06:28:02,855 - log - INFO - iter:2680/8100, clip_acc1=0.0, tta_acc1=0.0
2025-06-16 06:28:02,856 - log - INFO - iter:2680/8100, Original Acc@1: 0.00, Acc@5: 38.81, TTA Acc@1: 0.00, Acc@5: 33.62
2025-06-16 06:29:12,256 - log - INFO - iter:2700/8100, clip_acc1=0.0, tta_acc1=0.0
2025-06-16 06:29:12,257 - log - INFO - iter:2700/8100, Original Acc@1: 0.00, Acc@5: 38.52, TTA Acc@1: 0.00, Acc@5: 33.37
2025-06-16 06:30:24,816 - log - INFO - iter:2720/8100, clip_acc1=0.0, tta_acc1=0.0
2025-06-16 06:30:24,827 - log - INFO - iter:2720/8100, Original Acc@1: 0.00, Acc@5: 38.64, TTA Acc@1: 0.00, Acc@5: 33.86
2025-06-16 06:31:31,272 - log - INFO - iter:2740/8100, clip_acc1=0.0, tta_acc1=0.0
2025-06-16 06:31:31,273 - log - INFO - iter:2740/8100, Original Acc@1: 0.00, Acc@5: 38.69, TTA Acc@1: 0.00, Acc@5: 34.34
2025-06-16 06:32:36,002 - log - INFO - iter:2760/8100, clip_acc1=0.0, tta_acc1=0.0
2025-06-16 06:32:36,003 - log - INFO - iter:2760/8100, Original Acc@1: 0.00, Acc@5: 38.91, TTA Acc@1: 0.00, Acc@5: 34.82
2025-06-16 06:33:42,777 - log - INFO - iter:2780/8100, clip_acc1=0.0, tta_acc1=0.0
2025-06-16 06:33:42,777 - log - INFO - iter:2780/8100, Original Acc@1: 0.00, Acc@5: 39.10, TTA Acc@1: 0.00, Acc@5: 35.29
2025-06-16 06:34:49,002 - log - INFO - iter:2800/8100, clip_acc1=0.0, tta_acc1=0.0
2025-06-16 06:34:49,002 - log - INFO - iter:2800/8100, Original Acc@1: 0.00, Acc@5: 39.36, TTA Acc@1: 0.00, Acc@5: 35.71
2025-06-16 06:35:54,289 - log - INFO - iter:2820/8100, clip_acc1=0.0, tta_acc1=0.0
2025-06-16 06:35:54,290 - log - INFO - iter:2820/8100, Original Acc@1: 0.00, Acc@5: 39.47, TTA Acc@1: 0.00, Acc@5: 36.17
2025-06-16 06:37:00,467 - log - INFO - iter:2840/8100, clip_acc1=0.0, tta_acc1=0.0
2025-06-16 06:37:00,468 - log - INFO - iter:2840/8100, Original Acc@1: 0.00, Acc@5: 39.40, TTA Acc@1: 0.00, Acc@5: 36.62
2025-06-16 06:38:10,686 - log - INFO - iter:2860/8100, clip_acc1=0.0, tta_acc1=0.0
2025-06-16 06:38:10,687 - log - INFO - iter:2860/8100, Original Acc@1: 0.00, Acc@5: 39.69, TTA Acc@1: 0.00, Acc@5: 37.06
2025-06-16 06:39:22,971 - log - INFO - iter:2880/8100, clip_acc1=0.0, tta_acc1=0.0
2025-06-16 06:39:22,971 - log - INFO - iter:2880/8100, Original Acc@1: 0.00, Acc@5: 39.83, TTA Acc@1: 0.00, Acc@5: 37.50
2025-06-16 06:40:31,062 - log - INFO - iter:2900/8100, clip_acc1=0.03448275849223137, tta_acc1=0.0
2025-06-16 06:40:31,062 - log - INFO - iter:2900/8100, Original Acc@1: 0.03, Acc@5: 39.93, TTA Acc@1: 0.00, Acc@5: 37.93
2025-06-16 06:41:40,264 - log - INFO - iter:2920/8100, clip_acc1=0.034246575087308884, tta_acc1=0.0
2025-06-16 06:41:40,264 - log - INFO - iter:2920/8100, Original Acc@1: 0.03, Acc@5: 40.14, TTA Acc@1: 0.00, Acc@5: 38.36
2025-06-16 06:42:48,390 - log - INFO - iter:2940/8100, clip_acc1=0.03401360660791397, tta_acc1=0.0
2025-06-16 06:42:48,390 - log - INFO - iter:2940/8100, Original Acc@1: 0.03, Acc@5: 40.27, TTA Acc@1: 0.00, Acc@5: 38.78
2025-06-16 06:44:01,148 - log - INFO - iter:2960/8100, clip_acc1=0.03378378599882126, tta_acc1=0.0
2025-06-16 06:44:01,149 - log - INFO - iter:2960/8100, Original Acc@1: 0.03, Acc@5: 40.47, TTA Acc@1: 0.00, Acc@5: 39.16
2025-06-16 06:45:08,059 - log - INFO - iter:2980/8100, clip_acc1=0.03355704993009567, tta_acc1=0.0
2025-06-16 06:45:08,059 - log - INFO - iter:2980/8100, Original Acc@1: 0.03, Acc@5: 40.67, TTA Acc@1: 0.00, Acc@5: 39.56
2025-06-16 06:46:17,670 - log - INFO - iter:3000/8100, clip_acc1=0.03333333134651184, tta_acc1=0.0
2025-06-16 06:46:17,670 - log - INFO - iter:3000/8100, Original Acc@1: 0.03, Acc@5: 40.90, TTA Acc@1: 0.00, Acc@5: 39.97
2025-06-16 06:47:29,192 - log - INFO - iter:3020/8100, clip_acc1=0.03311258181929588, tta_acc1=0.0
2025-06-16 06:47:29,197 - log - INFO - iter:3020/8100, Original Acc@1: 0.03, Acc@5: 41.13, TTA Acc@1: 0.00, Acc@5: 40.36
2025-06-16 06:48:38,001 - log - INFO - iter:3040/8100, clip_acc1=0.032894738018512726, tta_acc1=0.0
2025-06-16 06:48:38,002 - log - INFO - iter:3040/8100, Original Acc@1: 0.03, Acc@5: 41.35, TTA Acc@1: 0.00, Acc@5: 40.76
2025-06-16 06:49:43,573 - log - INFO - iter:3060/8100, clip_acc1=0.03267974033951759, tta_acc1=0.0
2025-06-16 06:49:43,573 - log - INFO - iter:3060/8100, Original Acc@1: 0.03, Acc@5: 41.63, TTA Acc@1: 0.00, Acc@5: 41.14
2025-06-16 06:50:45,772 - log - INFO - iter:3080/8100, clip_acc1=0.03246753290295601, tta_acc1=0.0
2025-06-16 06:50:45,772 - log - INFO - iter:3080/8100, Original Acc@1: 0.03, Acc@5: 41.85, TTA Acc@1: 0.00, Acc@5: 41.53
2025-06-16 06:51:50,196 - log - INFO - iter:3100/8100, clip_acc1=0.03225806728005409, tta_acc1=0.0
2025-06-16 06:51:50,197 - log - INFO - iter:3100/8100, Original Acc@1: 0.03, Acc@5: 41.94, TTA Acc@1: 0.00, Acc@5: 41.90
2025-06-16 06:52:55,732 - log - INFO - iter:3120/8100, clip_acc1=0.03205128386616707, tta_acc1=0.0
2025-06-16 06:52:55,732 - log - INFO - iter:3120/8100, Original Acc@1: 0.03, Acc@5: 41.86, TTA Acc@1: 0.00, Acc@5: 42.28
2025-06-16 06:54:05,308 - log - INFO - iter:3140/8100, clip_acc1=0.03184713423252106, tta_acc1=0.0
2025-06-16 06:54:05,309 - log - INFO - iter:3140/8100, Original Acc@1: 0.03, Acc@5: 41.91, TTA Acc@1: 0.00, Acc@5: 42.64
2025-06-16 06:55:10,506 - log - INFO - iter:3160/8100, clip_acc1=0.03164556995034218, tta_acc1=0.0
2025-06-16 06:55:10,507 - log - INFO - iter:3160/8100, Original Acc@1: 0.03, Acc@5: 42.09, TTA Acc@1: 0.00, Acc@5: 43.01
2025-06-16 06:56:13,824 - log - INFO - iter:3180/8100, clip_acc1=0.031446538865566254, tta_acc1=0.0
2025-06-16 06:56:13,825 - log - INFO - iter:3180/8100, Original Acc@1: 0.03, Acc@5: 42.14, TTA Acc@1: 0.00, Acc@5: 43.33
2025-06-16 06:57:21,554 - log - INFO - iter:3200/8100, clip_acc1=0.03125, tta_acc1=0.0
2025-06-16 06:57:21,554 - log - INFO - iter:3200/8100, Original Acc@1: 0.03, Acc@5: 42.34, TTA Acc@1: 0.00, Acc@5: 43.69
2025-06-16 06:58:26,824 - log - INFO - iter:3220/8100, clip_acc1=0.03105589933693409, tta_acc1=0.0
2025-06-16 06:58:26,824 - log - INFO - iter:3220/8100, Original Acc@1: 0.03, Acc@5: 42.48, TTA Acc@1: 0.00, Acc@5: 44.04
2025-06-16 06:59:31,882 - log - INFO - iter:3240/8100, clip_acc1=0.030864199623465538, tta_acc1=0.0
2025-06-16 06:59:31,882 - log - INFO - iter:3240/8100, Original Acc@1: 0.03, Acc@5: 42.65, TTA Acc@1: 0.00, Acc@5: 44.38
2025-06-16 07:00:36,029 - log - INFO - iter:3260/8100, clip_acc1=0.030674846842885017, tta_acc1=0.0
2025-06-16 07:00:36,029 - log - INFO - iter:3260/8100, Original Acc@1: 0.03, Acc@5: 42.82, TTA Acc@1: 0.00, Acc@5: 44.72
2025-06-16 07:01:42,160 - log - INFO - iter:3280/8100, clip_acc1=0.030487805604934692, tta_acc1=0.0
2025-06-16 07:01:42,160 - log - INFO - iter:3280/8100, Original Acc@1: 0.03, Acc@5: 42.99, TTA Acc@1: 0.00, Acc@5: 45.06
2025-06-16 07:02:52,870 - log - INFO - iter:3300/8100, clip_acc1=0.03030303120613098, tta_acc1=0.0
2025-06-16 07:02:52,871 - log - INFO - iter:3300/8100, Original Acc@1: 0.03, Acc@5: 43.12, TTA Acc@1: 0.00, Acc@5: 45.39
2025-06-16 07:03:58,256 - log - INFO - iter:3320/8100, clip_acc1=0.0301204826682806, tta_acc1=0.0
2025-06-16 07:03:58,256 - log - INFO - iter:3320/8100, Original Acc@1: 0.03, Acc@5: 43.25, TTA Acc@1: 0.00, Acc@5: 45.72
2025-06-16 07:05:05,494 - log - INFO - iter:3340/8100, clip_acc1=0.02994012087583542, tta_acc1=0.0
2025-06-16 07:05:05,495 - log - INFO - iter:3340/8100, Original Acc@1: 0.03, Acc@5: 43.29, TTA Acc@1: 0.00, Acc@5: 46.05
2025-06-16 07:06:13,949 - log - INFO - iter:3360/8100, clip_acc1=0.0297619067132473, tta_acc1=0.0
2025-06-16 07:06:13,950 - log - INFO - iter:3360/8100, Original Acc@1: 0.03, Acc@5: 43.45, TTA Acc@1: 0.00, Acc@5: 46.37
2025-06-16 07:07:20,416 - log - INFO - iter:3380/8100, clip_acc1=0.02958579920232296, tta_acc1=0.0
2025-06-16 07:07:20,417 - log - INFO - iter:3380/8100, Original Acc@1: 0.03, Acc@5: 43.49, TTA Acc@1: 0.00, Acc@5: 46.69
2025-06-16 07:08:27,754 - log - INFO - iter:3400/8100, clip_acc1=0.029411762952804565, tta_acc1=0.0
2025-06-16 07:08:27,755 - log - INFO - iter:3400/8100, Original Acc@1: 0.03, Acc@5: 43.56, TTA Acc@1: 0.00, Acc@5: 47.00
2025-06-16 07:09:35,832 - log - INFO - iter:3420/8100, clip_acc1=0.02923976629972458, tta_acc1=0.0
2025-06-16 07:09:35,833 - log - INFO - iter:3420/8100, Original Acc@1: 0.03, Acc@5: 43.71, TTA Acc@1: 0.00, Acc@5: 47.31
2025-06-16 07:10:38,739 - log - INFO - iter:3440/8100, clip_acc1=0.029069766402244568, tta_acc1=0.0
2025-06-16 07:10:38,739 - log - INFO - iter:3440/8100, Original Acc@1: 0.03, Acc@5: 43.75, TTA Acc@1: 0.00, Acc@5: 47.62
2025-06-16 07:11:46,445 - log - INFO - iter:3460/8100, clip_acc1=0.028901733458042145, tta_acc1=0.0
2025-06-16 07:11:46,446 - log - INFO - iter:3460/8100, Original Acc@1: 0.03, Acc@5: 43.82, TTA Acc@1: 0.00, Acc@5: 47.69
2025-06-16 07:12:47,756 - log - INFO - iter:3480/8100, clip_acc1=0.028735632076859474, tta_acc1=0.0
2025-06-16 07:12:47,757 - log - INFO - iter:3480/8100, Original Acc@1: 0.03, Acc@5: 43.82, TTA Acc@1: 0.00, Acc@5: 47.59
2025-06-16 07:13:54,751 - log - INFO - iter:3500/8100, clip_acc1=0.02857142873108387, tta_acc1=0.0
2025-06-16 07:13:54,752 - log - INFO - iter:3500/8100, Original Acc@1: 0.03, Acc@5: 43.77, TTA Acc@1: 0.00, Acc@5: 47.40
2025-06-16 07:15:00,514 - log - INFO - iter:3520/8100, clip_acc1=0.05681817978620529, tta_acc1=0.0
2025-06-16 07:15:00,516 - log - INFO - iter:3520/8100, Original Acc@1: 0.06, Acc@5: 43.72, TTA Acc@1: 0.00, Acc@5: 47.27
2025-06-16 07:16:05,413 - log - INFO - iter:3540/8100, clip_acc1=0.05649717524647713, tta_acc1=0.0
2025-06-16 07:16:05,414 - log - INFO - iter:3540/8100, Original Acc@1: 0.06, Acc@5: 43.67, TTA Acc@1: 0.00, Acc@5: 47.09
2025-06-16 07:17:12,480 - log - INFO - iter:3560/8100, clip_acc1=0.08426966518163681, tta_acc1=0.0
2025-06-16 07:17:12,481 - log - INFO - iter:3560/8100, Original Acc@1: 0.08, Acc@5: 43.60, TTA Acc@1: 0.00, Acc@5: 46.99
2025-06-16 07:18:16,839 - log - INFO - iter:3580/8100, clip_acc1=0.08379887789487839, tta_acc1=0.0
2025-06-16 07:18:16,840 - log - INFO - iter:3580/8100, Original Acc@1: 0.08, Acc@5: 43.60, TTA Acc@1: 0.00, Acc@5: 46.79
2025-06-16 07:19:21,198 - log - INFO - iter:3600/8100, clip_acc1=0.0833333358168602, tta_acc1=0.0
2025-06-16 07:19:21,199 - log - INFO - iter:3600/8100, Original Acc@1: 0.08, Acc@5: 43.61, TTA Acc@1: 0.00, Acc@5: 46.69
2025-06-16 07:20:26,103 - log - INFO - iter:3620/8100, clip_acc1=0.11049723625183105, tta_acc1=0.027624309062957764
2025-06-16 07:20:26,104 - log - INFO - iter:3620/8100, Original Acc@1: 0.11, Acc@5: 43.70, TTA Acc@1: 0.03, Acc@5: 46.60
2025-06-16 07:21:28,997 - log - INFO - iter:3640/8100, clip_acc1=0.13736264407634735, tta_acc1=0.02747252956032753
2025-06-16 07:21:28,997 - log - INFO - iter:3640/8100, Original Acc@1: 0.14, Acc@5: 43.63, TTA Acc@1: 0.03, Acc@5: 46.46
2025-06-16 07:22:36,598 - log - INFO - iter:3660/8100, clip_acc1=0.16393443942070007, tta_acc1=0.027322405949234962
2025-06-16 07:22:36,599 - log - INFO - iter:3660/8100, Original Acc@1: 0.16, Acc@5: 43.58, TTA Acc@1: 0.03, Acc@5: 46.31
2025-06-16 07:23:42,031 - log - INFO - iter:3680/8100, clip_acc1=0.16304346919059753, tta_acc1=0.027173912152647972
2025-06-16 07:23:42,032 - log - INFO - iter:3680/8100, Original Acc@1: 0.16, Acc@5: 43.53, TTA Acc@1: 0.03, Acc@5: 46.22
2025-06-16 07:24:58,458 - log - INFO - iter:3700/8100, clip_acc1=0.1621621698141098, tta_acc1=0.027027027681469917
2025-06-16 07:24:58,460 - log - INFO - iter:3700/8100, Original Acc@1: 0.16, Acc@5: 43.46, TTA Acc@1: 0.03, Acc@5: 46.11
2025-06-16 07:26:12,278 - log - INFO - iter:3720/8100, clip_acc1=0.16129033267498016, tta_acc1=0.02688172087073326
2025-06-16 07:26:12,283 - log - INFO - iter:3720/8100, Original Acc@1: 0.16, Acc@5: 43.39, TTA Acc@1: 0.03, Acc@5: 46.02
2025-06-16 07:27:21,155 - log - INFO - iter:3740/8100, clip_acc1=0.1871657818555832, tta_acc1=0.026737969368696213
2025-06-16 07:27:21,156 - log - INFO - iter:3740/8100, Original Acc@1: 0.19, Acc@5: 43.37, TTA Acc@1: 0.03, Acc@5: 45.94
2025-06-16 07:28:29,086 - log - INFO - iter:3760/8100, clip_acc1=0.18617020547389984, tta_acc1=0.026595743373036385
2025-06-16 07:28:29,087 - log - INFO - iter:3760/8100, Original Acc@1: 0.19, Acc@5: 43.30, TTA Acc@1: 0.03, Acc@5: 45.80
2025-06-16 07:29:35,461 - log - INFO - iter:3780/8100, clip_acc1=0.21164020895957947, tta_acc1=0.026455026119947433
2025-06-16 07:29:35,462 - log - INFO - iter:3780/8100, Original Acc@1: 0.21, Acc@5: 43.15, TTA Acc@1: 0.03, Acc@5: 45.61
2025-06-16 07:30:44,616 - log - INFO - iter:3800/8100, clip_acc1=0.2368420958518982, tta_acc1=0.026315787807106972
2025-06-16 07:30:44,617 - log - INFO - iter:3800/8100, Original Acc@1: 0.24, Acc@5: 43.18, TTA Acc@1: 0.03, Acc@5: 45.55
2025-06-16 07:31:51,509 - log - INFO - iter:3820/8100, clip_acc1=0.23560209572315216, tta_acc1=0.026178009808063507
2025-06-16 07:31:51,510 - log - INFO - iter:3820/8100, Original Acc@1: 0.24, Acc@5: 43.12, TTA Acc@1: 0.03, Acc@5: 45.37
2025-06-16 07:32:58,880 - log - INFO - iter:3840/8100, clip_acc1=0.2343750149011612, tta_acc1=0.0260416679084301
2025-06-16 07:32:58,881 - log - INFO - iter:3840/8100, Original Acc@1: 0.23, Acc@5: 43.10, TTA Acc@1: 0.03, Acc@5: 45.23
2025-06-16 07:34:11,230 - log - INFO - iter:3860/8100, clip_acc1=0.2590673565864563, tta_acc1=0.02590673603117466
2025-06-16 07:34:11,231 - log - INFO - iter:3860/8100, Original Acc@1: 0.26, Acc@5: 43.19, TTA Acc@1: 0.03, Acc@5: 45.10
2025-06-16 07:35:21,449 - log - INFO - iter:3880/8100, clip_acc1=0.2835051715373993, tta_acc1=0.025773197412490845
2025-06-16 07:35:21,449 - log - INFO - iter:3880/8100, Original Acc@1: 0.28, Acc@5: 43.20, TTA Acc@1: 0.03, Acc@5: 44.95
2025-06-16 07:36:33,029 - log - INFO - iter:3900/8100, clip_acc1=0.2820512652397156, tta_acc1=0.025641024112701416
2025-06-16 07:36:33,038 - log - INFO - iter:3900/8100, Original Acc@1: 0.28, Acc@5: 43.10, TTA Acc@1: 0.03, Acc@5: 44.77
2025-06-16 07:37:42,383 - log - INFO - iter:3920/8100, clip_acc1=0.2806122303009033, tta_acc1=0.02551020309329033
2025-06-16 07:37:42,383 - log - INFO - iter:3920/8100, Original Acc@1: 0.28, Acc@5: 43.11, TTA Acc@1: 0.03, Acc@5: 44.69
2025-06-16 07:38:54,495 - log - INFO - iter:3940/8100, clip_acc1=0.2791878283023834, tta_acc1=0.025380712002515793
2025-06-16 07:38:54,496 - log - INFO - iter:3940/8100, Original Acc@1: 0.28, Acc@5: 43.10, TTA Acc@1: 0.03, Acc@5: 44.57
2025-06-16 07:40:00,181 - log - INFO - iter:3960/8100, clip_acc1=0.3030303120613098, tta_acc1=0.025252526625990868
2025-06-16 07:40:00,182 - log - INFO - iter:3960/8100, Original Acc@1: 0.30, Acc@5: 43.01, TTA Acc@1: 0.03, Acc@5: 44.42
2025-06-16 07:41:02,884 - log - INFO - iter:3980/8100, clip_acc1=0.30150753259658813, tta_acc1=0.02512562833726406
2025-06-16 07:41:02,885 - log - INFO - iter:3980/8100, Original Acc@1: 0.30, Acc@5: 42.99, TTA Acc@1: 0.03, Acc@5: 44.30
2025-06-16 07:42:10,012 - log - INFO - iter:4000/8100, clip_acc1=0.30000001192092896, tta_acc1=0.02500000037252903
2025-06-16 07:42:10,012 - log - INFO - iter:4000/8100, Original Acc@1: 0.30, Acc@5: 43.05, TTA Acc@1: 0.03, Acc@5: 44.15
2025-06-16 07:43:22,619 - log - INFO - iter:4020/8100, clip_acc1=0.2985074818134308, tta_acc1=0.024875622242689133
2025-06-16 07:43:22,620 - log - INFO - iter:4020/8100, Original Acc@1: 0.30, Acc@5: 42.99, TTA Acc@1: 0.02, Acc@5: 44.00
2025-06-16 07:44:29,218 - log - INFO - iter:4040/8100, clip_acc1=0.2970297038555145, tta_acc1=0.024752475321292877
2025-06-16 07:44:29,218 - log - INFO - iter:4040/8100, Original Acc@1: 0.30, Acc@5: 42.90, TTA Acc@1: 0.02, Acc@5: 43.81
2025-06-16 07:45:38,316 - log - INFO - iter:4060/8100, clip_acc1=0.29556649923324585, tta_acc1=0.02463054284453392
2025-06-16 07:45:38,317 - log - INFO - iter:4060/8100, Original Acc@1: 0.30, Acc@5: 42.86, TTA Acc@1: 0.02, Acc@5: 43.60
2025-06-16 07:46:44,121 - log - INFO - iter:4080/8100, clip_acc1=0.29411765933036804, tta_acc1=0.02450980618596077
2025-06-16 07:46:44,122 - log - INFO - iter:4080/8100, Original Acc@1: 0.29, Acc@5: 42.87, TTA Acc@1: 0.02, Acc@5: 43.46
2025-06-16 07:47:51,079 - log - INFO - iter:4100/8100, clip_acc1=0.2926829159259796, tta_acc1=0.024390242993831635
2025-06-16 07:47:51,079 - log - INFO - iter:4100/8100, Original Acc@1: 0.29, Acc@5: 42.83, TTA Acc@1: 0.02, Acc@5: 43.32
2025-06-16 07:48:55,323 - log - INFO - iter:4120/8100, clip_acc1=0.31553399562835693, tta_acc1=0.024271845817565918
2025-06-16 07:48:55,324 - log - INFO - iter:4120/8100, Original Acc@1: 0.32, Acc@5: 42.84, TTA Acc@1: 0.02, Acc@5: 43.23
2025-06-16 07:49:59,440 - log - INFO - iter:4140/8100, clip_acc1=0.33816424012184143, tta_acc1=0.02415458858013153
2025-06-16 07:49:59,440 - log - INFO - iter:4140/8100, Original Acc@1: 0.34, Acc@5: 42.78, TTA Acc@1: 0.02, Acc@5: 43.07
2025-06-16 07:51:06,888 - log - INFO - iter:4160/8100, clip_acc1=0.36057692766189575, tta_acc1=0.024038461968302727
2025-06-16 07:51:06,888 - log - INFO - iter:4160/8100, Original Acc@1: 0.36, Acc@5: 42.76, TTA Acc@1: 0.02, Acc@5: 42.93
2025-06-16 07:52:11,277 - log - INFO - iter:4180/8100, clip_acc1=0.38277512788772583, tta_acc1=0.023923445492982864
2025-06-16 07:52:11,288 - log - INFO - iter:4180/8100, Original Acc@1: 0.38, Acc@5: 42.80, TTA Acc@1: 0.02, Acc@5: 42.80
2025-06-16 07:53:12,563 - log - INFO - iter:4200/8100, clip_acc1=0.380952388048172, tta_acc1=0.02380952425301075
2025-06-16 07:53:12,563 - log - INFO - iter:4200/8100, Original Acc@1: 0.38, Acc@5: 42.90, TTA Acc@1: 0.02, Acc@5: 42.67
2025-06-16 07:54:22,803 - log - INFO - iter:4220/8100, clip_acc1=0.37914690375328064, tta_acc1=0.02369668148458004
2025-06-16 07:54:22,804 - log - INFO - iter:4220/8100, Original Acc@1: 0.38, Acc@5: 42.70, TTA Acc@1: 0.02, Acc@5: 42.46
2025-06-16 07:55:27,512 - log - INFO - iter:4240/8100, clip_acc1=0.37735849618911743, tta_acc1=0.02358490601181984
2025-06-16 07:55:27,513 - log - INFO - iter:4240/8100, Original Acc@1: 0.38, Acc@5: 42.50, TTA Acc@1: 0.02, Acc@5: 42.26
2025-06-16 07:56:35,505 - log - INFO - iter:4260/8100, clip_acc1=0.3755868673324585, tta_acc1=0.023474179208278656
2025-06-16 07:56:35,506 - log - INFO - iter:4260/8100, Original Acc@1: 0.38, Acc@5: 42.30, TTA Acc@1: 0.02, Acc@5: 42.07
2025-06-16 07:57:52,504 - log - INFO - iter:4280/8100, clip_acc1=0.37383177876472473, tta_acc1=0.023364486172795296
2025-06-16 07:57:52,504 - log - INFO - iter:4280/8100, Original Acc@1: 0.37, Acc@5: 42.10, TTA Acc@1: 0.02, Acc@5: 41.87
2025-06-16 07:59:04,657 - log - INFO - iter:4300/8100, clip_acc1=0.3720930218696594, tta_acc1=0.023255813866853714
2025-06-16 07:59:04,658 - log - INFO - iter:4300/8100, Original Acc@1: 0.37, Acc@5: 41.91, TTA Acc@1: 0.02, Acc@5: 41.67
2025-06-16 08:00:12,140 - log - INFO - iter:4320/8100, clip_acc1=0.37037035822868347, tta_acc1=0.023148147389292717
2025-06-16 08:00:12,140 - log - INFO - iter:4320/8100, Original Acc@1: 0.37, Acc@5: 41.71, TTA Acc@1: 0.02, Acc@5: 41.48
2025-06-16 08:01:27,359 - log - INFO - iter:4340/8100, clip_acc1=0.36866360902786255, tta_acc1=0.02304147556424141
2025-06-16 08:01:27,360 - log - INFO - iter:4340/8100, Original Acc@1: 0.37, Acc@5: 41.52, TTA Acc@1: 0.02, Acc@5: 41.29
2025-06-16 08:02:38,551 - log - INFO - iter:4360/8100, clip_acc1=0.3669724762439728, tta_acc1=0.0229357797652483
2025-06-16 08:02:38,552 - log - INFO - iter:4360/8100, Original Acc@1: 0.37, Acc@5: 41.33, TTA Acc@1: 0.02, Acc@5: 41.10
2025-06-16 08:03:50,447 - log - INFO - iter:4380/8100, clip_acc1=0.3652968108654022, tta_acc1=0.02283105067908764
2025-06-16 08:03:50,447 - log - INFO - iter:4380/8100, Original Acc@1: 0.37, Acc@5: 41.14, TTA Acc@1: 0.02, Acc@5: 40.91
2025-06-16 08:04:56,645 - log - INFO - iter:4400/8100, clip_acc1=0.3636363744735718, tta_acc1=0.022727273404598236
2025-06-16 08:04:56,646 - log - INFO - iter:4400/8100, Original Acc@1: 0.36, Acc@5: 40.95, TTA Acc@1: 0.02, Acc@5: 40.73
2025-06-16 08:06:01,216 - log - INFO - iter:4420/8100, clip_acc1=0.36199095845222473, tta_acc1=0.022624434903264046
2025-06-16 08:06:01,217 - log - INFO - iter:4420/8100, Original Acc@1: 0.36, Acc@5: 40.77, TTA Acc@1: 0.02, Acc@5: 40.54
2025-06-16 08:07:08,776 - log - INFO - iter:4440/8100, clip_acc1=0.36036038398742676, tta_acc1=0.022522523999214172
2025-06-16 08:07:08,776 - log - INFO - iter:4440/8100, Original Acc@1: 0.36, Acc@5: 40.59, TTA Acc@1: 0.02, Acc@5: 40.36
2025-06-16 08:08:18,112 - log - INFO - iter:4460/8100, clip_acc1=0.35874438285827637, tta_acc1=0.022421523928642273
2025-06-16 08:08:18,113 - log - INFO - iter:4460/8100, Original Acc@1: 0.36, Acc@5: 40.40, TTA Acc@1: 0.02, Acc@5: 40.18
2025-06-16 08:09:32,377 - log - INFO - iter:4480/8100, clip_acc1=0.3571428656578064, tta_acc1=0.0223214291036129
2025-06-16 08:09:32,378 - log - INFO - iter:4480/8100, Original Acc@1: 0.36, Acc@5: 40.22, TTA Acc@1: 0.02, Acc@5: 40.00
2025-06-16 08:10:40,619 - log - INFO - iter:4500/8100, clip_acc1=0.35555556416511536, tta_acc1=0.02222222276031971
2025-06-16 08:10:40,620 - log - INFO - iter:4500/8100, Original Acc@1: 0.36, Acc@5: 40.04, TTA Acc@1: 0.02, Acc@5: 39.82
2025-06-16 08:11:52,618 - log - INFO - iter:4520/8100, clip_acc1=0.3539822995662689, tta_acc1=0.022123893722891808
2025-06-16 08:11:52,623 - log - INFO - iter:4520/8100, Original Acc@1: 0.35, Acc@5: 39.87, TTA Acc@1: 0.02, Acc@5: 39.65
2025-06-16 08:13:01,312 - log - INFO - iter:4540/8100, clip_acc1=0.35242292284965515, tta_acc1=0.022026432678103447
2025-06-16 08:13:01,318 - log - INFO - iter:4540/8100, Original Acc@1: 0.35, Acc@5: 39.69, TTA Acc@1: 0.02, Acc@5: 39.47
2025-06-16 08:14:05,461 - log - INFO - iter:4560/8100, clip_acc1=0.35087719559669495, tta_acc1=0.021929824724793434
2025-06-16 08:14:05,461 - log - INFO - iter:4560/8100, Original Acc@1: 0.35, Acc@5: 39.52, TTA Acc@1: 0.02, Acc@5: 39.30
2025-06-16 08:15:12,319 - log - INFO - iter:4580/8100, clip_acc1=0.34934499859809875, tta_acc1=0.021834062412381172
2025-06-16 08:15:12,324 - log - INFO - iter:4580/8100, Original Acc@1: 0.35, Acc@5: 39.34, TTA Acc@1: 0.02, Acc@5: 39.13
2025-06-16 08:16:15,363 - log - INFO - iter:4600/8100, clip_acc1=0.3478260934352875, tta_acc1=0.021739130839705467
2025-06-16 08:16:15,368 - log - INFO - iter:4600/8100, Original Acc@1: 0.35, Acc@5: 39.17, TTA Acc@1: 0.02, Acc@5: 38.96
2025-06-16 08:17:20,433 - log - INFO - iter:4620/8100, clip_acc1=0.34632036089897156, tta_acc1=0.021645022556185722
2025-06-16 08:17:20,437 - log - INFO - iter:4620/8100, Original Acc@1: 0.35, Acc@5: 39.00, TTA Acc@1: 0.02, Acc@5: 38.79
2025-06-16 08:18:25,346 - log - INFO - iter:4640/8100, clip_acc1=0.3448275923728943, tta_acc1=0.021551724523305893
2025-06-16 08:18:25,353 - log - INFO - iter:4640/8100, Original Acc@1: 0.34, Acc@5: 38.84, TTA Acc@1: 0.02, Acc@5: 38.62
2025-06-16 08:19:28,582 - log - INFO - iter:4660/8100, clip_acc1=0.3433476388454437, tta_acc1=0.021459227427840233
2025-06-16 08:19:28,586 - log - INFO - iter:4660/8100, Original Acc@1: 0.34, Acc@5: 38.67, TTA Acc@1: 0.02, Acc@5: 38.45
2025-06-16 08:20:34,644 - log - INFO - iter:4680/8100, clip_acc1=0.34188035130500793, tta_acc1=0.021367521956562996
2025-06-16 08:20:34,650 - log - INFO - iter:4680/8100, Original Acc@1: 0.34, Acc@5: 38.50, TTA Acc@1: 0.02, Acc@5: 38.29
2025-06-16 08:21:44,384 - log - INFO - iter:4700/8100, clip_acc1=0.3404255211353302, tta_acc1=0.021276595070958138
2025-06-16 08:21:44,395 - log - INFO - iter:4700/8100, Original Acc@1: 0.34, Acc@5: 38.34, TTA Acc@1: 0.02, Acc@5: 38.13
2025-06-16 08:22:52,985 - log - INFO - iter:4720/8100, clip_acc1=0.33898305892944336, tta_acc1=0.02118644118309021
2025-06-16 08:22:52,990 - log - INFO - iter:4720/8100, Original Acc@1: 0.34, Acc@5: 38.18, TTA Acc@1: 0.02, Acc@5: 37.97
2025-06-16 08:23:58,090 - log - INFO - iter:4740/8100, clip_acc1=0.3375527560710907, tta_acc1=0.02109704725444317
2025-06-16 08:23:58,102 - log - INFO - iter:4740/8100, Original Acc@1: 0.34, Acc@5: 38.02, TTA Acc@1: 0.02, Acc@5: 37.81
2025-06-16 08:25:08,687 - log - INFO - iter:4760/8100, clip_acc1=0.3361344635486603, tta_acc1=0.021008403971791267
2025-06-16 08:25:08,692 - log - INFO - iter:4760/8100, Original Acc@1: 0.34, Acc@5: 37.86, TTA Acc@1: 0.02, Acc@5: 37.65
2025-06-16 08:26:12,415 - log - INFO - iter:4780/8100, clip_acc1=0.33472803235054016, tta_acc1=0.02092050202190876
2025-06-16 08:26:12,415 - log - INFO - iter:4780/8100, Original Acc@1: 0.33, Acc@5: 37.70, TTA Acc@1: 0.02, Acc@5: 37.49
2025-06-16 08:27:15,642 - log - INFO - iter:4800/8100, clip_acc1=0.3333333432674408, tta_acc1=0.02083333395421505
2025-06-16 08:27:15,643 - log - INFO - iter:4800/8100, Original Acc@1: 0.33, Acc@5: 37.54, TTA Acc@1: 0.02, Acc@5: 37.33
2025-06-16 08:28:18,722 - log - INFO - iter:4820/8100, clip_acc1=0.4564315378665924, tta_acc1=0.02074688859283924
2025-06-16 08:28:18,722 - log - INFO - iter:4820/8100, Original Acc@1: 0.46, Acc@5: 37.80, TTA Acc@1: 0.02, Acc@5: 37.43
2025-06-16 08:29:20,825 - log - INFO - iter:4840/8100, clip_acc1=0.557851254940033, tta_acc1=0.041322313249111176
2025-06-16 08:29:20,826 - log - INFO - iter:4840/8100, Original Acc@1: 0.56, Acc@5: 38.06, TTA Acc@1: 0.04, Acc@5: 37.54
2025-06-16 08:30:26,389 - log - INFO - iter:4860/8100, clip_acc1=0.7201645970344543, tta_acc1=0.041152264922857285
2025-06-16 08:30:26,389 - log - INFO - iter:4860/8100, Original Acc@1: 0.72, Acc@5: 38.31, TTA Acc@1: 0.04, Acc@5: 37.67
2025-06-16 08:31:34,735 - log - INFO - iter:4880/8100, clip_acc1=0.8196721076965332, tta_acc1=0.04098360612988472
2025-06-16 08:31:34,736 - log - INFO - iter:4880/8100, Original Acc@1: 0.82, Acc@5: 38.57, TTA Acc@1: 0.04, Acc@5: 37.81
2025-06-16 08:32:37,403 - log - INFO - iter:4900/8100, clip_acc1=0.9795918464660645, tta_acc1=0.06122449040412903
2025-06-16 08:32:37,404 - log - INFO - iter:4900/8100, Original Acc@1: 0.98, Acc@5: 38.82, TTA Acc@1: 0.06, Acc@5: 38.04
2025-06-16 08:33:43,842 - log - INFO - iter:4920/8100, clip_acc1=1.1585365533828735, tta_acc1=0.060975607484579086
2025-06-16 08:33:43,843 - log - INFO - iter:4920/8100, Original Acc@1: 1.16, Acc@5: 39.07, TTA Acc@1: 0.06, Acc@5: 38.17
2025-06-16 08:34:48,063 - log - INFO - iter:4940/8100, clip_acc1=1.295546531677246, tta_acc1=0.06072874367237091
2025-06-16 08:34:48,064 - log - INFO - iter:4940/8100, Original Acc@1: 1.30, Acc@5: 39.31, TTA Acc@1: 0.06, Acc@5: 38.36
2025-06-16 08:35:53,407 - log - INFO - iter:4960/8100, clip_acc1=1.4112902879714966, tta_acc1=0.060483869165182114
2025-06-16 08:35:53,407 - log - INFO - iter:4960/8100, Original Acc@1: 1.41, Acc@5: 39.56, TTA Acc@1: 0.06, Acc@5: 38.53
2025-06-16 08:37:01,490 - log - INFO - iter:4980/8100, clip_acc1=1.546184778213501, tta_acc1=0.0803212895989418
2025-06-16 08:37:01,490 - log - INFO - iter:4980/8100, Original Acc@1: 1.55, Acc@5: 39.80, TTA Acc@1: 0.08, Acc@5: 38.65
2025-06-16 08:38:09,801 - log - INFO - iter:5000/8100, clip_acc1=1.7400000095367432, tta_acc1=0.09999999403953552
2025-06-16 08:38:09,805 - log - INFO - iter:5000/8100, Original Acc@1: 1.74, Acc@5: 40.04, TTA Acc@1: 0.10, Acc@5: 38.76
2025-06-16 08:39:12,709 - log - INFO - iter:5020/8100, clip_acc1=1.9123506546020508, tta_acc1=0.09960159659385681
2025-06-16 08:39:12,709 - log - INFO - iter:5020/8100, Original Acc@1: 1.91, Acc@5: 40.28, TTA Acc@1: 0.10, Acc@5: 38.92
2025-06-16 08:40:19,390 - log - INFO - iter:5040/8100, clip_acc1=2.0833332538604736, tta_acc1=0.0992063507437706
2025-06-16 08:40:19,390 - log - INFO - iter:5040/8100, Original Acc@1: 2.08, Acc@5: 40.52, TTA Acc@1: 0.10, Acc@5: 39.03
2025-06-16 08:41:24,356 - log - INFO - iter:5060/8100, clip_acc1=2.17391300201416, tta_acc1=0.13833992183208466
2025-06-16 08:41:24,363 - log - INFO - iter:5060/8100, Original Acc@1: 2.17, Acc@5: 40.75, TTA Acc@1: 0.14, Acc@5: 39.07
2025-06-16 08:42:29,037 - log - INFO - iter:5080/8100, clip_acc1=2.2440943717956543, tta_acc1=0.13779526948928833
2025-06-16 08:42:29,037 - log - INFO - iter:5080/8100, Original Acc@1: 2.24, Acc@5: 40.98, TTA Acc@1: 0.14, Acc@5: 39.21
2025-06-16 08:43:33,675 - log - INFO - iter:5100/8100, clip_acc1=2.313725471496582, tta_acc1=0.13725489377975464
2025-06-16 08:43:33,676 - log - INFO - iter:5100/8100, Original Acc@1: 2.31, Acc@5: 41.22, TTA Acc@1: 0.14, Acc@5: 39.29
2025-06-16 08:44:41,215 - log - INFO - iter:5120/8100, clip_acc1=2.421875, tta_acc1=0.13671875
2025-06-16 08:44:41,216 - log - INFO - iter:5120/8100, Original Acc@1: 2.42, Acc@5: 41.45, TTA Acc@1: 0.14, Acc@5: 39.43
2025-06-16 08:45:45,143 - log - INFO - iter:5140/8100, clip_acc1=2.509727716445923, tta_acc1=0.13618676364421844
2025-06-16 08:45:45,143 - log - INFO - iter:5140/8100, Original Acc@1: 2.51, Acc@5: 41.67, TTA Acc@1: 0.14, Acc@5: 39.49
2025-06-16 08:46:47,929 - log - INFO - iter:5160/8100, clip_acc1=2.577519416809082, tta_acc1=0.13565891981124878
2025-06-16 08:46:47,930 - log - INFO - iter:5160/8100, Original Acc@1: 2.58, Acc@5: 41.90, TTA Acc@1: 0.14, Acc@5: 39.53
2025-06-16 08:47:51,758 - log - INFO - iter:5180/8100, clip_acc1=2.644787549972534, tta_acc1=0.13513512909412384
2025-06-16 08:47:51,759 - log - INFO - iter:5180/8100, Original Acc@1: 2.64, Acc@5: 42.12, TTA Acc@1: 0.14, Acc@5: 39.69
2025-06-16 08:48:55,437 - log - INFO - iter:5200/8100, clip_acc1=2.730769157409668, tta_acc1=0.13461539149284363
2025-06-16 08:48:55,437 - log - INFO - iter:5200/8100, Original Acc@1: 2.73, Acc@5: 42.35, TTA Acc@1: 0.13, Acc@5: 39.77
2025-06-16 08:50:03,188 - log - INFO - iter:5220/8100, clip_acc1=2.8927204608917236, tta_acc1=0.15325671434402466
2025-06-16 08:50:03,188 - log - INFO - iter:5220/8100, Original Acc@1: 2.89, Acc@5: 42.57, TTA Acc@1: 0.15, Acc@5: 39.89
2025-06-16 08:51:09,958 - log - INFO - iter:5240/8100, clip_acc1=2.996183156967163, tta_acc1=0.17175573110580444
2025-06-16 08:51:09,958 - log - INFO - iter:5240/8100, Original Acc@1: 3.00, Acc@5: 42.79, TTA Acc@1: 0.17, Acc@5: 39.98
2025-06-16 08:52:16,207 - log - INFO - iter:5260/8100, clip_acc1=3.155893564224243, tta_acc1=0.17110265791416168
2025-06-16 08:52:16,208 - log - INFO - iter:5260/8100, Original Acc@1: 3.16, Acc@5: 43.00, TTA Acc@1: 0.17, Acc@5: 40.02
2025-06-16 08:53:22,884 - log - INFO - iter:5280/8100, clip_acc1=3.2196967601776123, tta_acc1=0.17045454680919647
2025-06-16 08:53:22,885 - log - INFO - iter:5280/8100, Original Acc@1: 3.22, Acc@5: 43.22, TTA Acc@1: 0.17, Acc@5: 40.08
2025-06-16 08:54:30,384 - log - INFO - iter:5300/8100, clip_acc1=3.4150943756103516, tta_acc1=0.16981132328510284
2025-06-16 08:54:30,385 - log - INFO - iter:5300/8100, Original Acc@1: 3.42, Acc@5: 43.43, TTA Acc@1: 0.17, Acc@5: 40.19
2025-06-16 08:55:37,521 - log - INFO - iter:5320/8100, clip_acc1=3.4774436950683594, tta_acc1=0.16917292773723602
2025-06-16 08:55:37,527 - log - INFO - iter:5320/8100, Original Acc@1: 3.48, Acc@5: 43.65, TTA Acc@1: 0.17, Acc@5: 40.28
2025-06-16 08:56:46,131 - log - INFO - iter:5340/8100, clip_acc1=3.520599365234375, tta_acc1=0.16853933036327362
2025-06-16 08:56:46,131 - log - INFO - iter:5340/8100, Original Acc@1: 3.52, Acc@5: 43.86, TTA Acc@1: 0.17, Acc@5: 40.39
2025-06-16 08:57:54,292 - log - INFO - iter:5360/8100, clip_acc1=3.619403123855591, tta_acc1=0.18656717240810394
2025-06-16 08:57:54,293 - log - INFO - iter:5360/8100, Original Acc@1: 3.62, Acc@5: 44.07, TTA Acc@1: 0.19, Acc@5: 40.52
2025-06-16 08:58:57,650 - log - INFO - iter:5380/8100, clip_acc1=3.7732341289520264, tta_acc1=0.1858736127614975
2025-06-16 08:58:57,650 - log - INFO - iter:5380/8100, Original Acc@1: 3.77, Acc@5: 44.28, TTA Acc@1: 0.19, Acc@5: 40.67
2025-06-16 09:00:03,509 - log - INFO - iter:5400/8100, clip_acc1=3.9629628658294678, tta_acc1=0.20370370149612427
2025-06-16 09:00:03,510 - log - INFO - iter:5400/8100, Original Acc@1: 3.96, Acc@5: 44.48, TTA Acc@1: 0.20, Acc@5: 40.78
2025-06-16 09:01:05,781 - log - INFO - iter:5420/8100, clip_acc1=4.114390850067139, tta_acc1=0.20295202732086182
2025-06-16 09:01:05,781 - log - INFO - iter:5420/8100, Original Acc@1: 4.11, Acc@5: 44.69, TTA Acc@1: 0.20, Acc@5: 40.90
2025-06-16 09:02:17,106 - log - INFO - iter:5440/8100, clip_acc1=4.227941036224365, tta_acc1=0.20220588147640228
2025-06-16 09:02:17,106 - log - INFO - iter:5440/8100, Original Acc@1: 4.23, Acc@5: 44.89, TTA Acc@1: 0.20, Acc@5: 41.03
2025-06-16 09:03:21,835 - log - INFO - iter:5460/8100, clip_acc1=4.30402946472168, tta_acc1=0.2014652043581009
2025-06-16 09:03:21,836 - log - INFO - iter:5460/8100, Original Acc@1: 4.30, Acc@5: 45.09, TTA Acc@1: 0.20, Acc@5: 41.08
2025-06-16 09:04:31,819 - log - INFO - iter:5480/8100, clip_acc1=4.41605806350708, tta_acc1=0.20072992146015167
2025-06-16 09:04:31,819 - log - INFO - iter:5480/8100, Original Acc@1: 4.42, Acc@5: 45.29, TTA Acc@1: 0.20, Acc@5: 41.20
2025-06-16 09:05:38,352 - log - INFO - iter:5500/8100, clip_acc1=4.563636302947998, tta_acc1=0.19999998807907104
2025-06-16 09:05:38,352 - log - INFO - iter:5500/8100, Original Acc@1: 4.56, Acc@5: 45.49, TTA Acc@1: 0.20, Acc@5: 41.35
2025-06-16 09:06:42,456 - log - INFO - iter:5520/8100, clip_acc1=4.746376991271973, tta_acc1=0.19927537441253662
2025-06-16 09:06:42,456 - log - INFO - iter:5520/8100, Original Acc@1: 4.75, Acc@5: 45.69, TTA Acc@1: 0.20, Acc@5: 41.50
2025-06-16 09:07:50,198 - log - INFO - iter:5540/8100, clip_acc1=4.837545394897461, tta_acc1=0.19855596125125885
2025-06-16 09:07:50,199 - log - INFO - iter:5540/8100, Original Acc@1: 4.84, Acc@5: 45.88, TTA Acc@1: 0.20, Acc@5: 41.55
2025-06-16 09:08:52,219 - log - INFO - iter:5560/8100, clip_acc1=4.856114864349365, tta_acc1=0.19784171879291534
2025-06-16 09:08:52,219 - log - INFO - iter:5560/8100, Original Acc@1: 4.86, Acc@5: 45.90, TTA Acc@1: 0.20, Acc@5: 41.49
2025-06-16 09:10:03,082 - log - INFO - iter:5580/8100, clip_acc1=4.838709354400635, tta_acc1=0.19713261723518372
2025-06-16 09:10:03,087 - log - INFO - iter:5580/8100, Original Acc@1: 4.84, Acc@5: 45.73, TTA Acc@1: 0.20, Acc@5: 41.47
2025-06-16 09:11:09,961 - log - INFO - iter:5600/8100, clip_acc1=4.821428298950195, tta_acc1=0.1964285671710968
2025-06-16 09:11:09,966 - log - INFO - iter:5600/8100, Original Acc@1: 4.82, Acc@5: 45.57, TTA Acc@1: 0.20, Acc@5: 41.41
2025-06-16 09:12:15,402 - log - INFO - iter:5620/8100, clip_acc1=4.804270267486572, tta_acc1=0.19572953879833221
2025-06-16 09:12:15,406 - log - INFO - iter:5620/8100, Original Acc@1: 4.80, Acc@5: 45.41, TTA Acc@1: 0.20, Acc@5: 41.30
2025-06-16 09:13:29,234 - log - INFO - iter:5640/8100, clip_acc1=4.787233829498291, tta_acc1=0.19503545761108398
2025-06-16 09:13:29,239 - log - INFO - iter:5640/8100, Original Acc@1: 4.79, Acc@5: 45.25, TTA Acc@1: 0.20, Acc@5: 41.21
2025-06-16 09:14:35,189 - log - INFO - iter:5660/8100, clip_acc1=4.770318031311035, tta_acc1=0.19434627890586853
2025-06-16 09:14:35,198 - log - INFO - iter:5660/8100, Original Acc@1: 4.77, Acc@5: 45.09, TTA Acc@1: 0.19, Acc@5: 41.11
2025-06-16 09:15:44,876 - log - INFO - iter:5680/8100, clip_acc1=4.753520965576172, tta_acc1=0.19366195797920227
2025-06-16 09:15:44,881 - log - INFO - iter:5680/8100, Original Acc@1: 4.75, Acc@5: 44.93, TTA Acc@1: 0.19, Acc@5: 41.00
2025-06-16 09:16:47,964 - log - INFO - iter:5700/8100, clip_acc1=4.736842155456543, tta_acc1=0.19298246502876282
2025-06-16 09:16:47,969 - log - INFO - iter:5700/8100, Original Acc@1: 4.74, Acc@5: 44.77, TTA Acc@1: 0.19, Acc@5: 40.89
2025-06-16 09:17:53,010 - log - INFO - iter:5720/8100, clip_acc1=4.720279693603516, tta_acc1=0.19230769574642181
2025-06-16 09:17:53,015 - log - INFO - iter:5720/8100, Original Acc@1: 4.72, Acc@5: 44.62, TTA Acc@1: 0.19, Acc@5: 40.80
2025-06-16 09:18:59,927 - log - INFO - iter:5740/8100, clip_acc1=4.703832626342773, tta_acc1=0.19163762032985687
2025-06-16 09:18:59,932 - log - INFO - iter:5740/8100, Original Acc@1: 4.70, Acc@5: 44.46, TTA Acc@1: 0.19, Acc@5: 40.73
2025-06-16 09:20:02,605 - log - INFO - iter:5760/8100, clip_acc1=4.6875, tta_acc1=0.1909722238779068
2025-06-16 09:20:02,605 - log - INFO - iter:5760/8100, Original Acc@1: 4.69, Acc@5: 44.32, TTA Acc@1: 0.19, Acc@5: 40.64
2025-06-16 09:21:07,808 - log - INFO - iter:5780/8100, clip_acc1=4.671280384063721, tta_acc1=0.19031141698360443
2025-06-16 09:21:07,813 - log - INFO - iter:5780/8100, Original Acc@1: 4.67, Acc@5: 44.17, TTA Acc@1: 0.19, Acc@5: 40.57
2025-06-16 09:22:14,038 - log - INFO - iter:5800/8100, clip_acc1=4.655172348022461, tta_acc1=0.18965518474578857
2025-06-16 09:22:14,043 - log - INFO - iter:5800/8100, Original Acc@1: 4.66, Acc@5: 44.02, TTA Acc@1: 0.19, Acc@5: 40.48
2025-06-16 09:23:16,273 - log - INFO - iter:5820/8100, clip_acc1=4.639174938201904, tta_acc1=0.18900343775749207
2025-06-16 09:23:16,278 - log - INFO - iter:5820/8100, Original Acc@1: 4.64, Acc@5: 43.87, TTA Acc@1: 0.19, Acc@5: 40.38
2025-06-16 09:24:21,516 - log - INFO - iter:5840/8100, clip_acc1=4.623287677764893, tta_acc1=0.1883561760187149
2025-06-16 09:24:21,521 - log - INFO - iter:5840/8100, Original Acc@1: 4.62, Acc@5: 43.72, TTA Acc@1: 0.19, Acc@5: 40.29
2025-06-16 09:25:29,887 - log - INFO - iter:5860/8100, clip_acc1=4.607508659362793, tta_acc1=0.18771331012248993
2025-06-16 09:25:29,899 - log - INFO - iter:5860/8100, Original Acc@1: 4.61, Acc@5: 43.57, TTA Acc@1: 0.19, Acc@5: 40.19
2025-06-16 09:26:36,035 - log - INFO - iter:5880/8100, clip_acc1=4.591836929321289, tta_acc1=0.18707482516765594
2025-06-16 09:26:36,039 - log - INFO - iter:5880/8100, Original Acc@1: 4.59, Acc@5: 43.42, TTA Acc@1: 0.19, Acc@5: 40.09
2025-06-16 09:27:44,399 - log - INFO - iter:5900/8100, clip_acc1=4.576271057128906, tta_acc1=0.18644067645072937
2025-06-16 09:27:44,404 - log - INFO - iter:5900/8100, Original Acc@1: 4.58, Acc@5: 43.27, TTA Acc@1: 0.19, Acc@5: 39.95
2025-06-16 09:28:50,541 - log - INFO - iter:5920/8100, clip_acc1=4.5608110427856445, tta_acc1=0.18581081926822662
2025-06-16 09:28:50,546 - log - INFO - iter:5920/8100, Original Acc@1: 4.56, Acc@5: 43.12, TTA Acc@1: 0.19, Acc@5: 39.85
2025-06-16 09:30:00,523 - log - INFO - iter:5940/8100, clip_acc1=4.545454502105713, tta_acc1=0.18518517911434174
2025-06-16 09:30:00,524 - log - INFO - iter:5940/8100, Original Acc@1: 4.55, Acc@5: 42.98, TTA Acc@1: 0.19, Acc@5: 39.71
2025-06-16 09:31:06,920 - log - INFO - iter:5960/8100, clip_acc1=4.530201435089111, tta_acc1=0.1845637708902359
2025-06-16 09:31:06,921 - log - INFO - iter:5960/8100, Original Acc@1: 4.53, Acc@5: 42.84, TTA Acc@1: 0.18, Acc@5: 39.60
2025-06-16 09:32:14,355 - log - INFO - iter:5980/8100, clip_acc1=4.515049934387207, tta_acc1=0.18394649028778076
2025-06-16 09:32:14,356 - log - INFO - iter:5980/8100, Original Acc@1: 4.52, Acc@5: 42.71, TTA Acc@1: 0.18, Acc@5: 39.52
2025-06-16 09:33:17,587 - log - INFO - iter:6000/8100, clip_acc1=4.5, tta_acc1=0.18333333730697632
2025-06-16 09:33:17,588 - log - INFO - iter:6000/8100, Original Acc@1: 4.50, Acc@5: 42.57, TTA Acc@1: 0.18, Acc@5: 39.42
2025-06-16 09:34:21,543 - log - INFO - iter:6020/8100, clip_acc1=4.485049724578857, tta_acc1=0.1827242523431778
2025-06-16 09:34:21,544 - log - INFO - iter:6020/8100, Original Acc@1: 4.49, Acc@5: 42.43, TTA Acc@1: 0.18, Acc@5: 39.32
2025-06-16 09:35:33,290 - log - INFO - iter:6040/8100, clip_acc1=4.470198631286621, tta_acc1=0.1821192055940628
2025-06-16 09:35:33,290 - log - INFO - iter:6040/8100, Original Acc@1: 4.47, Acc@5: 42.30, TTA Acc@1: 0.18, Acc@5: 39.22
2025-06-16 09:36:40,970 - log - INFO - iter:6060/8100, clip_acc1=4.455445766448975, tta_acc1=0.18151815235614777
2025-06-16 09:36:40,970 - log - INFO - iter:6060/8100, Original Acc@1: 4.46, Acc@5: 42.16, TTA Acc@1: 0.18, Acc@5: 39.13
2025-06-16 09:37:48,574 - log - INFO - iter:6080/8100, clip_acc1=4.440789699554443, tta_acc1=0.1809210628271103
2025-06-16 09:37:48,574 - log - INFO - iter:6080/8100, Original Acc@1: 4.44, Acc@5: 42.04, TTA Acc@1: 0.18, Acc@5: 39.01
2025-06-16 09:38:57,576 - log - INFO - iter:6100/8100, clip_acc1=4.426229476928711, tta_acc1=0.1803278625011444
2025-06-16 09:38:57,576 - log - INFO - iter:6100/8100, Original Acc@1: 4.43, Acc@5: 41.90, TTA Acc@1: 0.18, Acc@5: 38.92
2025-06-16 09:40:08,055 - log - INFO - iter:6120/8100, clip_acc1=4.411764621734619, tta_acc1=0.17973856627941132
2025-06-16 09:40:08,055 - log - INFO - iter:6120/8100, Original Acc@1: 4.41, Acc@5: 41.78, TTA Acc@1: 0.18, Acc@5: 38.82
2025-06-16 09:41:18,138 - log - INFO - iter:6140/8100, clip_acc1=4.397394180297852, tta_acc1=0.17915308475494385
2025-06-16 09:41:18,140 - log - INFO - iter:6140/8100, Original Acc@1: 4.40, Acc@5: 41.64, TTA Acc@1: 0.18, Acc@5: 38.71
2025-06-16 09:42:26,765 - log - INFO - iter:6160/8100, clip_acc1=4.383116722106934, tta_acc1=0.178571417927742
2025-06-16 09:42:26,766 - log - INFO - iter:6160/8100, Original Acc@1: 4.38, Acc@5: 41.51, TTA Acc@1: 0.18, Acc@5: 38.69
2025-06-16 09:43:37,764 - log - INFO - iter:6180/8100, clip_acc1=4.368931770324707, tta_acc1=0.1779935210943222
2025-06-16 09:43:37,764 - log - INFO - iter:6180/8100, Original Acc@1: 4.37, Acc@5: 41.38, TTA Acc@1: 0.18, Acc@5: 38.58
2025-06-16 09:44:45,707 - log - INFO - iter:6200/8100, clip_acc1=4.354838848114014, tta_acc1=0.17741936445236206
2025-06-16 09:44:45,708 - log - INFO - iter:6200/8100, Original Acc@1: 4.35, Acc@5: 41.26, TTA Acc@1: 0.18, Acc@5: 38.50
2025-06-16 09:45:54,809 - log - INFO - iter:6220/8100, clip_acc1=4.340836048126221, tta_acc1=0.1768488734960556
2025-06-16 09:45:54,810 - log - INFO - iter:6220/8100, Original Acc@1: 4.34, Acc@5: 41.13, TTA Acc@1: 0.18, Acc@5: 38.44
2025-06-16 09:47:01,454 - log - INFO - iter:6240/8100, clip_acc1=4.326923370361328, tta_acc1=0.17628206312656403
2025-06-16 09:47:01,456 - log - INFO - iter:6240/8100, Original Acc@1: 4.33, Acc@5: 41.01, TTA Acc@1: 0.18, Acc@5: 38.38
2025-06-16 09:48:13,436 - log - INFO - iter:6260/8100, clip_acc1=4.313098907470703, tta_acc1=0.17571884393692017
2025-06-16 09:48:13,437 - log - INFO - iter:6260/8100, Original Acc@1: 4.31, Acc@5: 40.88, TTA Acc@1: 0.18, Acc@5: 38.27
