2025-06-11 13:08:57,552 - log - INFO - ==========================================
data:/l/users/hashmat.malik/downstream_datasets
test_sets:eurosat
dataset_mode:test
arch:fare4
resolution:224
workers:4
no_pin_memory:False
batch_size:64
print_freq:20
gpu:0
no_cudnn_benchmark:False
n_ctx:4
ctx_init:a_photo_of_a
tpt_loss:rtpt
seed:0
output_dir:/l/users/hashmat.malik/atpt_results/fare4/eurosat
log_output_dir:/l/users/hashmat.malik/Projects/ATPT/Final_Results/fare4/eurosat
eps:0.0
alpha:0.0
alpha_eps_ratio:4.0
steps:0
lr:0.005
selection_p:0.1
tta_steps:0
ensemble_type:weighted_rtpt
top_k:20
softmax_temp:0.01
counter_attack:True
counter_attack_type:pgd
counter_attack_steps:2
counter_attack_eps:4.0
counter_attack_alpha:1.0
counter_attack_tau_thres:0.2
counter_attack_beta:2.0
counter_attack_weighted_perturbations:True
pgd_clip_pure_i_text_embeddings:null
pgd_counter_and_clipure_i_lamda:1.0
selected_id_name:selected_topk.json
weighted_score_name:weighted_scores.json
batch_entropy_name:entropies.json
log_dir:/l/users/hashmat.malik/Projects/ATPT/Final_Results/fare4/eurosat/Clean/Counter_Attack/Eps_4_0_Steps_2_Alpha_1_0/tau_0_2_beta_2_0_weighted_pertrubation_True/No_TPT/Inference_Ensemble_weighted_rtpt_topk_20_softmaxtemp_0_01

2025-06-11 13:08:57,553 - log - INFO - Use GPU: 0 for training
2025-06-11 13:09:09,245 - log - INFO - Freezing all parameters except prompt learner
2025-06-11 13:09:09,247 - log - INFO - => Model created: visual backbone fare4
2025-06-11 13:09:09,270 - log - INFO - Number of test samples: 8100
2025-06-11 13:09:09,270 - log - INFO - Evaluating dataset: eurosat
2025-06-11 13:09:09,271 - log - INFO - Starting evaluation with batch size: 64, selection percentage: 0.1
2025-06-11 13:09:09,271 - log - INFO - Test-time adaptation steps: 0, learning rate: 0.005
2025-06-11 13:09:09,271 - log - INFO - Using counter-attack with epsilon: 4.000000, alpha: 0.000000, steps: 2, tau_thres: 0.2, beta: 2.0, weighted perturbation: True
2025-06-11 13:10:29,620 - log - INFO - iter:20/8100, clip_acc1=0.0, tta_acc1=0.0
2025-06-11 13:10:29,620 - log - INFO - iter:20/8100, Original Acc@1: 0.00, Acc@5: 35.00, TTA Acc@1: 0.00, Acc@5: 10.00
2025-06-11 13:11:26,867 - log - INFO - iter:40/8100, clip_acc1=0.0, tta_acc1=0.0
2025-06-11 13:11:26,868 - log - INFO - iter:40/8100, Original Acc@1: 0.00, Acc@5: 40.00, TTA Acc@1: 0.00, Acc@5: 12.50
2025-06-11 13:12:34,781 - log - INFO - iter:60/8100, clip_acc1=0.0, tta_acc1=0.0
2025-06-11 13:12:34,782 - log - INFO - iter:60/8100, Original Acc@1: 0.00, Acc@5: 36.67, TTA Acc@1: 0.00, Acc@5: 15.00
2025-06-11 13:13:41,754 - log - INFO - iter:80/8100, clip_acc1=0.0, tta_acc1=0.0
2025-06-11 13:13:41,755 - log - INFO - iter:80/8100, Original Acc@1: 0.00, Acc@5: 30.00, TTA Acc@1: 0.00, Acc@5: 12.50
2025-06-11 13:15:24,182 - log - INFO - iter:100/8100, clip_acc1=0.0, tta_acc1=0.0
2025-06-11 13:15:24,182 - log - INFO - iter:100/8100, Original Acc@1: 0.00, Acc@5: 32.00, TTA Acc@1: 0.00, Acc@5: 15.00
2025-06-11 13:16:42,342 - log - INFO - iter:120/8100, clip_acc1=0.0, tta_acc1=0.0
2025-06-11 13:16:42,342 - log - INFO - iter:120/8100, Original Acc@1: 0.00, Acc@5: 32.50, TTA Acc@1: 0.00, Acc@5: 15.83
2025-06-11 13:17:33,170 - log - INFO - iter:140/8100, clip_acc1=0.0, tta_acc1=0.0
2025-06-11 13:17:33,171 - log - INFO - iter:140/8100, Original Acc@1: 0.00, Acc@5: 30.71, TTA Acc@1: 0.00, Acc@5: 15.00
2025-06-11 13:18:34,251 - log - INFO - iter:160/8100, clip_acc1=0.0, tta_acc1=0.0
2025-06-11 13:18:34,251 - log - INFO - iter:160/8100, Original Acc@1: 0.00, Acc@5: 30.62, TTA Acc@1: 0.00, Acc@5: 16.25
2025-06-11 13:19:30,142 - log - INFO - iter:180/8100, clip_acc1=0.0, tta_acc1=0.0
2025-06-11 13:19:30,142 - log - INFO - iter:180/8100, Original Acc@1: 0.00, Acc@5: 31.11, TTA Acc@1: 0.00, Acc@5: 15.00
2025-06-11 13:20:17,151 - log - INFO - iter:200/8100, clip_acc1=0.0, tta_acc1=0.0
2025-06-11 13:20:17,151 - log - INFO - iter:200/8100, Original Acc@1: 0.00, Acc@5: 31.00, TTA Acc@1: 0.00, Acc@5: 15.50
2025-06-11 13:21:26,287 - log - INFO - iter:220/8100, clip_acc1=0.0, tta_acc1=0.0
2025-06-11 13:21:26,287 - log - INFO - iter:220/8100, Original Acc@1: 0.00, Acc@5: 29.55, TTA Acc@1: 0.00, Acc@5: 14.09
2025-06-11 13:22:32,999 - log - INFO - iter:240/8100, clip_acc1=0.0, tta_acc1=0.0
2025-06-11 13:22:32,999 - log - INFO - iter:240/8100, Original Acc@1: 0.00, Acc@5: 30.83, TTA Acc@1: 0.00, Acc@5: 13.75
2025-06-11 13:23:42,411 - log - INFO - iter:260/8100, clip_acc1=0.0, tta_acc1=0.0
2025-06-11 13:23:42,412 - log - INFO - iter:260/8100, Original Acc@1: 0.00, Acc@5: 29.62, TTA Acc@1: 0.00, Acc@5: 13.08
2025-06-11 13:24:30,602 - log - INFO - iter:280/8100, clip_acc1=0.0, tta_acc1=0.0
2025-06-11 13:24:30,603 - log - INFO - iter:280/8100, Original Acc@1: 0.00, Acc@5: 30.00, TTA Acc@1: 0.00, Acc@5: 13.21
2025-06-11 13:25:42,554 - log - INFO - iter:300/8100, clip_acc1=0.0, tta_acc1=0.0
2025-06-11 13:25:42,554 - log - INFO - iter:300/8100, Original Acc@1: 0.00, Acc@5: 29.67, TTA Acc@1: 0.00, Acc@5: 12.33
2025-06-11 13:26:45,973 - log - INFO - iter:320/8100, clip_acc1=0.0, tta_acc1=0.0
2025-06-11 13:26:45,973 - log - INFO - iter:320/8100, Original Acc@1: 0.00, Acc@5: 30.62, TTA Acc@1: 0.00, Acc@5: 12.81
2025-06-11 13:27:41,602 - log - INFO - iter:340/8100, clip_acc1=0.0, tta_acc1=0.0
2025-06-11 13:27:41,603 - log - INFO - iter:340/8100, Original Acc@1: 0.00, Acc@5: 30.29, TTA Acc@1: 0.00, Acc@5: 12.65
2025-06-11 13:28:37,954 - log - INFO - iter:360/8100, clip_acc1=0.0, tta_acc1=0.0
2025-06-11 13:28:37,955 - log - INFO - iter:360/8100, Original Acc@1: 0.00, Acc@5: 29.72, TTA Acc@1: 0.00, Acc@5: 12.22
2025-06-11 13:29:40,079 - log - INFO - iter:380/8100, clip_acc1=0.0, tta_acc1=0.0
2025-06-11 13:29:40,079 - log - INFO - iter:380/8100, Original Acc@1: 0.00, Acc@5: 29.47, TTA Acc@1: 0.00, Acc@5: 12.37
2025-06-11 13:30:30,681 - log - INFO - iter:400/8100, clip_acc1=0.0, tta_acc1=0.0
2025-06-11 13:30:30,682 - log - INFO - iter:400/8100, Original Acc@1: 0.00, Acc@5: 29.75, TTA Acc@1: 0.00, Acc@5: 12.75
2025-06-11 13:31:23,740 - log - INFO - iter:420/8100, clip_acc1=0.0, tta_acc1=0.0
2025-06-11 13:31:23,741 - log - INFO - iter:420/8100, Original Acc@1: 0.00, Acc@5: 29.52, TTA Acc@1: 0.00, Acc@5: 12.38
2025-06-11 13:32:17,741 - log - INFO - iter:440/8100, clip_acc1=0.0, tta_acc1=0.0
2025-06-11 13:32:17,742 - log - INFO - iter:440/8100, Original Acc@1: 0.00, Acc@5: 29.09, TTA Acc@1: 0.00, Acc@5: 12.50
2025-06-11 13:33:13,644 - log - INFO - iter:460/8100, clip_acc1=0.0, tta_acc1=0.0
2025-06-11 13:33:13,645 - log - INFO - iter:460/8100, Original Acc@1: 0.00, Acc@5: 29.35, TTA Acc@1: 0.00, Acc@5: 12.83
2025-06-11 13:34:17,846 - log - INFO - iter:480/8100, clip_acc1=0.0, tta_acc1=0.0
2025-06-11 13:34:17,846 - log - INFO - iter:480/8100, Original Acc@1: 0.00, Acc@5: 29.79, TTA Acc@1: 0.00, Acc@5: 12.92
2025-06-11 13:35:23,819 - log - INFO - iter:500/8100, clip_acc1=0.0, tta_acc1=0.0
2025-06-11 13:35:23,819 - log - INFO - iter:500/8100, Original Acc@1: 0.00, Acc@5: 29.60, TTA Acc@1: 0.00, Acc@5: 12.80
2025-06-11 13:36:20,599 - log - INFO - iter:520/8100, clip_acc1=0.0, tta_acc1=0.0
2025-06-11 13:36:20,599 - log - INFO - iter:520/8100, Original Acc@1: 0.00, Acc@5: 29.62, TTA Acc@1: 0.00, Acc@5: 12.69
2025-06-11 13:37:12,172 - log - INFO - iter:540/8100, clip_acc1=0.0, tta_acc1=0.0
2025-06-11 13:37:12,172 - log - INFO - iter:540/8100, Original Acc@1: 0.00, Acc@5: 30.19, TTA Acc@1: 0.00, Acc@5: 12.59
2025-06-11 13:38:07,217 - log - INFO - iter:560/8100, clip_acc1=0.0, tta_acc1=0.0
2025-06-11 13:38:07,217 - log - INFO - iter:560/8100, Original Acc@1: 0.00, Acc@5: 30.18, TTA Acc@1: 0.00, Acc@5: 12.32
2025-06-11 13:39:14,357 - log - INFO - iter:580/8100, clip_acc1=0.0, tta_acc1=0.0
2025-06-11 13:39:14,357 - log - INFO - iter:580/8100, Original Acc@1: 0.00, Acc@5: 30.69, TTA Acc@1: 0.00, Acc@5: 12.59
2025-06-11 13:40:40,045 - log - INFO - iter:600/8100, clip_acc1=0.0, tta_acc1=0.0
2025-06-11 13:40:40,045 - log - INFO - iter:600/8100, Original Acc@1: 0.00, Acc@5: 31.00, TTA Acc@1: 0.00, Acc@5: 12.83
2025-06-11 13:41:33,623 - log - INFO - iter:620/8100, clip_acc1=0.0, tta_acc1=0.0
2025-06-11 13:41:33,623 - log - INFO - iter:620/8100, Original Acc@1: 0.00, Acc@5: 31.45, TTA Acc@1: 0.00, Acc@5: 12.58
2025-06-11 13:42:37,134 - log - INFO - iter:640/8100, clip_acc1=0.0, tta_acc1=0.0
2025-06-11 13:42:37,135 - log - INFO - iter:640/8100, Original Acc@1: 0.00, Acc@5: 32.03, TTA Acc@1: 0.00, Acc@5: 13.28
2025-06-11 13:43:47,477 - log - INFO - iter:660/8100, clip_acc1=0.0, tta_acc1=0.0
2025-06-11 13:43:47,477 - log - INFO - iter:660/8100, Original Acc@1: 0.00, Acc@5: 31.97, TTA Acc@1: 0.00, Acc@5: 13.48
2025-06-11 13:44:37,457 - log - INFO - iter:680/8100, clip_acc1=0.0, tta_acc1=0.0
2025-06-11 13:44:37,457 - log - INFO - iter:680/8100, Original Acc@1: 0.00, Acc@5: 31.91, TTA Acc@1: 0.00, Acc@5: 13.53
2025-06-11 13:45:35,051 - log - INFO - iter:700/8100, clip_acc1=0.0, tta_acc1=0.0
2025-06-11 13:45:35,051 - log - INFO - iter:700/8100, Original Acc@1: 0.00, Acc@5: 31.71, TTA Acc@1: 0.00, Acc@5: 13.14
2025-06-11 13:46:25,340 - log - INFO - iter:720/8100, clip_acc1=0.0, tta_acc1=0.0
2025-06-11 13:46:25,341 - log - INFO - iter:720/8100, Original Acc@1: 0.00, Acc@5: 31.67, TTA Acc@1: 0.00, Acc@5: 13.06
2025-06-11 13:47:24,344 - log - INFO - iter:740/8100, clip_acc1=0.0, tta_acc1=0.0
2025-06-11 13:47:24,344 - log - INFO - iter:740/8100, Original Acc@1: 0.00, Acc@5: 31.76, TTA Acc@1: 0.00, Acc@5: 12.97
2025-06-11 13:48:13,863 - log - INFO - iter:760/8100, clip_acc1=0.0, tta_acc1=0.0
2025-06-11 13:48:13,863 - log - INFO - iter:760/8100, Original Acc@1: 0.00, Acc@5: 31.45, TTA Acc@1: 0.00, Acc@5: 12.63
2025-06-11 13:49:09,255 - log - INFO - iter:780/8100, clip_acc1=0.0, tta_acc1=0.0
2025-06-11 13:49:09,256 - log - INFO - iter:780/8100, Original Acc@1: 0.00, Acc@5: 31.28, TTA Acc@1: 0.00, Acc@5: 12.56
2025-06-11 13:50:01,813 - log - INFO - iter:800/8100, clip_acc1=0.0, tta_acc1=0.0
2025-06-11 13:50:01,813 - log - INFO - iter:800/8100, Original Acc@1: 0.00, Acc@5: 31.38, TTA Acc@1: 0.00, Acc@5: 12.50
2025-06-11 13:51:08,845 - log - INFO - iter:820/8100, clip_acc1=0.0, tta_acc1=0.0
2025-06-11 13:51:08,845 - log - INFO - iter:820/8100, Original Acc@1: 0.00, Acc@5: 31.59, TTA Acc@1: 0.00, Acc@5: 12.44
2025-06-11 13:52:21,121 - log - INFO - iter:840/8100, clip_acc1=0.0, tta_acc1=0.0
2025-06-11 13:52:21,121 - log - INFO - iter:840/8100, Original Acc@1: 0.00, Acc@5: 31.90, TTA Acc@1: 0.00, Acc@5: 12.98
2025-06-11 13:53:21,115 - log - INFO - iter:860/8100, clip_acc1=0.0, tta_acc1=0.0
2025-06-11 13:53:21,115 - log - INFO - iter:860/8100, Original Acc@1: 0.00, Acc@5: 31.86, TTA Acc@1: 0.00, Acc@5: 12.91
2025-06-11 13:54:20,651 - log - INFO - iter:880/8100, clip_acc1=0.0, tta_acc1=0.0
2025-06-11 13:54:20,652 - log - INFO - iter:880/8100, Original Acc@1: 0.00, Acc@5: 31.36, TTA Acc@1: 0.00, Acc@5: 12.73
2025-06-11 13:55:15,835 - log - INFO - iter:900/8100, clip_acc1=0.0, tta_acc1=0.0
2025-06-11 13:55:15,835 - log - INFO - iter:900/8100, Original Acc@1: 0.00, Acc@5: 31.44, TTA Acc@1: 0.00, Acc@5: 12.56
2025-06-11 13:56:29,219 - log - INFO - iter:920/8100, clip_acc1=0.0, tta_acc1=0.0
2025-06-11 13:56:29,220 - log - INFO - iter:920/8100, Original Acc@1: 0.00, Acc@5: 32.61, TTA Acc@1: 0.00, Acc@5: 14.24
2025-06-11 13:57:40,264 - log - INFO - iter:940/8100, clip_acc1=0.0, tta_acc1=0.0
2025-06-11 13:57:40,264 - log - INFO - iter:940/8100, Original Acc@1: 0.00, Acc@5: 33.62, TTA Acc@1: 0.00, Acc@5: 15.85
2025-06-11 13:58:27,791 - log - INFO - iter:960/8100, clip_acc1=0.0, tta_acc1=0.0
2025-06-11 13:58:27,791 - log - INFO - iter:960/8100, Original Acc@1: 0.00, Acc@5: 35.00, TTA Acc@1: 0.00, Acc@5: 17.60
2025-06-11 13:59:35,925 - log - INFO - iter:980/8100, clip_acc1=0.0, tta_acc1=0.0
2025-06-11 13:59:35,926 - log - INFO - iter:980/8100, Original Acc@1: 0.00, Acc@5: 35.92, TTA Acc@1: 0.00, Acc@5: 19.18
2025-06-11 14:00:28,437 - log - INFO - iter:1000/8100, clip_acc1=0.0, tta_acc1=0.0
2025-06-11 14:00:28,437 - log - INFO - iter:1000/8100, Original Acc@1: 0.00, Acc@5: 37.10, TTA Acc@1: 0.00, Acc@5: 20.70
2025-06-11 14:01:48,196 - log - INFO - iter:1020/8100, clip_acc1=0.0, tta_acc1=0.0
2025-06-11 14:01:48,197 - log - INFO - iter:1020/8100, Original Acc@1: 0.00, Acc@5: 38.24, TTA Acc@1: 0.00, Acc@5: 22.16
2025-06-11 14:02:43,343 - log - INFO - iter:1040/8100, clip_acc1=0.0, tta_acc1=0.0
2025-06-11 14:02:43,343 - log - INFO - iter:1040/8100, Original Acc@1: 0.00, Acc@5: 39.04, TTA Acc@1: 0.00, Acc@5: 23.56
2025-06-11 14:03:57,581 - log - INFO - iter:1060/8100, clip_acc1=0.0, tta_acc1=0.0
2025-06-11 14:03:57,581 - log - INFO - iter:1060/8100, Original Acc@1: 0.00, Acc@5: 40.00, TTA Acc@1: 0.00, Acc@5: 25.00
2025-06-11 14:05:29,754 - log - INFO - iter:1080/8100, clip_acc1=0.0, tta_acc1=0.0
2025-06-11 14:05:29,755 - log - INFO - iter:1080/8100, Original Acc@1: 0.00, Acc@5: 41.11, TTA Acc@1: 0.00, Acc@5: 26.39
2025-06-11 14:06:41,742 - log - INFO - iter:1100/8100, clip_acc1=0.0, tta_acc1=0.0
2025-06-11 14:06:41,742 - log - INFO - iter:1100/8100, Original Acc@1: 0.00, Acc@5: 42.00, TTA Acc@1: 0.00, Acc@5: 27.64
2025-06-11 14:07:50,745 - log - INFO - iter:1120/8100, clip_acc1=0.0, tta_acc1=0.0
2025-06-11 14:07:50,745 - log - INFO - iter:1120/8100, Original Acc@1: 0.00, Acc@5: 42.86, TTA Acc@1: 0.00, Acc@5: 28.93
2025-06-11 14:08:55,537 - log - INFO - iter:1140/8100, clip_acc1=0.0, tta_acc1=0.0
2025-06-11 14:08:55,537 - log - INFO - iter:1140/8100, Original Acc@1: 0.00, Acc@5: 43.77, TTA Acc@1: 0.00, Acc@5: 30.09
2025-06-11 14:10:21,158 - log - INFO - iter:1160/8100, clip_acc1=0.0, tta_acc1=0.0
2025-06-11 14:10:21,159 - log - INFO - iter:1160/8100, Original Acc@1: 0.00, Acc@5: 44.57, TTA Acc@1: 0.00, Acc@5: 31.29
2025-06-11 14:11:19,198 - log - INFO - iter:1180/8100, clip_acc1=0.0, tta_acc1=0.0
2025-06-11 14:11:19,198 - log - INFO - iter:1180/8100, Original Acc@1: 0.00, Acc@5: 45.42, TTA Acc@1: 0.00, Acc@5: 32.37
2025-06-11 14:12:19,089 - log - INFO - iter:1200/8100, clip_acc1=0.0, tta_acc1=0.0
2025-06-11 14:12:19,089 - log - INFO - iter:1200/8100, Original Acc@1: 0.00, Acc@5: 46.33, TTA Acc@1: 0.00, Acc@5: 33.50
2025-06-11 14:13:47,790 - log - INFO - iter:1220/8100, clip_acc1=0.0, tta_acc1=0.0
2025-06-11 14:13:47,790 - log - INFO - iter:1220/8100, Original Acc@1: 0.00, Acc@5: 47.05, TTA Acc@1: 0.00, Acc@5: 34.51
2025-06-11 14:14:44,313 - log - INFO - iter:1240/8100, clip_acc1=0.0, tta_acc1=0.0
2025-06-11 14:14:44,318 - log - INFO - iter:1240/8100, Original Acc@1: 0.00, Acc@5: 47.90, TTA Acc@1: 0.00, Acc@5: 35.56
2025-06-11 14:15:36,644 - log - INFO - iter:1260/8100, clip_acc1=0.0, tta_acc1=0.0
2025-06-11 14:15:36,644 - log - INFO - iter:1260/8100, Original Acc@1: 0.00, Acc@5: 48.65, TTA Acc@1: 0.00, Acc@5: 36.59
2025-06-11 14:16:39,675 - log - INFO - iter:1280/8100, clip_acc1=0.0, tta_acc1=0.0
2025-06-11 14:16:39,676 - log - INFO - iter:1280/8100, Original Acc@1: 0.00, Acc@5: 49.30, TTA Acc@1: 0.00, Acc@5: 37.58
2025-06-11 14:17:40,066 - log - INFO - iter:1300/8100, clip_acc1=0.0, tta_acc1=0.0
2025-06-11 14:17:40,066 - log - INFO - iter:1300/8100, Original Acc@1: 0.00, Acc@5: 50.08, TTA Acc@1: 0.00, Acc@5: 38.54
2025-06-11 14:18:48,261 - log - INFO - iter:1320/8100, clip_acc1=0.0, tta_acc1=0.0
2025-06-11 14:18:48,262 - log - INFO - iter:1320/8100, Original Acc@1: 0.00, Acc@5: 50.61, TTA Acc@1: 0.00, Acc@5: 39.47
2025-06-11 14:19:39,840 - log - INFO - iter:1340/8100, clip_acc1=0.0, tta_acc1=0.0
2025-06-11 14:19:39,840 - log - INFO - iter:1340/8100, Original Acc@1: 0.00, Acc@5: 51.12, TTA Acc@1: 0.00, Acc@5: 40.22
2025-06-11 14:20:36,138 - log - INFO - iter:1360/8100, clip_acc1=0.0, tta_acc1=0.0
2025-06-11 14:20:36,138 - log - INFO - iter:1360/8100, Original Acc@1: 0.00, Acc@5: 51.69, TTA Acc@1: 0.00, Acc@5: 41.03
2025-06-11 14:21:29,715 - log - INFO - iter:1380/8100, clip_acc1=0.0, tta_acc1=0.0
2025-06-11 14:21:29,716 - log - INFO - iter:1380/8100, Original Acc@1: 0.00, Acc@5: 52.25, TTA Acc@1: 0.00, Acc@5: 41.81
2025-06-11 14:22:30,077 - log - INFO - iter:1400/8100, clip_acc1=0.0, tta_acc1=0.0
2025-06-11 14:22:30,078 - log - INFO - iter:1400/8100, Original Acc@1: 0.00, Acc@5: 52.93, TTA Acc@1: 0.00, Acc@5: 42.64
2025-06-11 14:24:00,763 - log - INFO - iter:1420/8100, clip_acc1=0.0, tta_acc1=0.0
2025-06-11 14:24:00,765 - log - INFO - iter:1420/8100, Original Acc@1: 0.00, Acc@5: 53.59, TTA Acc@1: 0.00, Acc@5: 43.45
2025-06-11 14:25:16,514 - log - INFO - iter:1440/8100, clip_acc1=0.0, tta_acc1=0.0
2025-06-11 14:25:16,515 - log - INFO - iter:1440/8100, Original Acc@1: 0.00, Acc@5: 54.24, TTA Acc@1: 0.00, Acc@5: 44.24
2025-06-11 14:26:04,455 - log - INFO - iter:1460/8100, clip_acc1=0.0, tta_acc1=0.0
2025-06-11 14:26:04,455 - log - INFO - iter:1460/8100, Original Acc@1: 0.00, Acc@5: 54.79, TTA Acc@1: 0.00, Acc@5: 44.93
2025-06-11 14:27:01,249 - log - INFO - iter:1480/8100, clip_acc1=0.0, tta_acc1=0.0
2025-06-11 14:27:01,249 - log - INFO - iter:1480/8100, Original Acc@1: 0.00, Acc@5: 55.34, TTA Acc@1: 0.00, Acc@5: 45.61
2025-06-11 14:28:17,109 - log - INFO - iter:1500/8100, clip_acc1=0.0, tta_acc1=0.0
2025-06-11 14:28:17,110 - log - INFO - iter:1500/8100, Original Acc@1: 0.00, Acc@5: 55.93, TTA Acc@1: 0.00, Acc@5: 46.33
2025-06-11 14:29:36,403 - log - INFO - iter:1520/8100, clip_acc1=0.0, tta_acc1=0.0
2025-06-11 14:29:36,403 - log - INFO - iter:1520/8100, Original Acc@1: 0.00, Acc@5: 56.38, TTA Acc@1: 0.00, Acc@5: 47.04
2025-06-11 14:30:42,953 - log - INFO - iter:1540/8100, clip_acc1=0.0, tta_acc1=0.0
2025-06-11 14:30:42,954 - log - INFO - iter:1540/8100, Original Acc@1: 0.00, Acc@5: 56.75, TTA Acc@1: 0.00, Acc@5: 47.73
2025-06-11 14:31:43,007 - log - INFO - iter:1560/8100, clip_acc1=0.0, tta_acc1=0.0
2025-06-11 14:31:43,008 - log - INFO - iter:1560/8100, Original Acc@1: 0.00, Acc@5: 57.18, TTA Acc@1: 0.00, Acc@5: 48.33
2025-06-11 14:32:49,105 - log - INFO - iter:1580/8100, clip_acc1=0.0, tta_acc1=0.0
2025-06-11 14:32:49,105 - log - INFO - iter:1580/8100, Original Acc@1: 0.00, Acc@5: 57.53, TTA Acc@1: 0.00, Acc@5: 48.99
2025-06-11 14:33:48,693 - log - INFO - iter:1600/8100, clip_acc1=0.0, tta_acc1=0.0
2025-06-11 14:33:48,693 - log - INFO - iter:1600/8100, Original Acc@1: 0.00, Acc@5: 57.88, TTA Acc@1: 0.00, Acc@5: 49.50
2025-06-11 14:34:42,214 - log - INFO - iter:1620/8100, clip_acc1=0.0, tta_acc1=0.0
2025-06-11 14:34:42,215 - log - INFO - iter:1620/8100, Original Acc@1: 0.00, Acc@5: 58.27, TTA Acc@1: 0.00, Acc@5: 50.06
2025-06-11 14:35:33,212 - log - INFO - iter:1640/8100, clip_acc1=0.0, tta_acc1=0.0
2025-06-11 14:35:33,213 - log - INFO - iter:1640/8100, Original Acc@1: 0.00, Acc@5: 58.72, TTA Acc@1: 0.00, Acc@5: 50.61
2025-06-11 14:36:39,789 - log - INFO - iter:1660/8100, clip_acc1=0.0, tta_acc1=0.0
2025-06-11 14:36:39,789 - log - INFO - iter:1660/8100, Original Acc@1: 0.00, Acc@5: 59.04, TTA Acc@1: 0.00, Acc@5: 51.14
2025-06-11 14:37:33,570 - log - INFO - iter:1680/8100, clip_acc1=0.0, tta_acc1=0.0
2025-06-11 14:37:33,570 - log - INFO - iter:1680/8100, Original Acc@1: 0.00, Acc@5: 59.46, TTA Acc@1: 0.00, Acc@5: 51.73
2025-06-11 14:38:34,837 - log - INFO - iter:1700/8100, clip_acc1=0.0, tta_acc1=0.0
2025-06-11 14:38:34,837 - log - INFO - iter:1700/8100, Original Acc@1: 0.00, Acc@5: 59.82, TTA Acc@1: 0.00, Acc@5: 52.24
2025-06-11 14:39:44,633 - log - INFO - iter:1720/8100, clip_acc1=0.0, tta_acc1=0.0
2025-06-11 14:39:44,633 - log - INFO - iter:1720/8100, Original Acc@1: 0.00, Acc@5: 60.17, TTA Acc@1: 0.00, Acc@5: 52.73
2025-06-11 14:40:37,423 - log - INFO - iter:1740/8100, clip_acc1=0.0, tta_acc1=0.0
2025-06-11 14:40:37,424 - log - INFO - iter:1740/8100, Original Acc@1: 0.00, Acc@5: 60.63, TTA Acc@1: 0.00, Acc@5: 53.28
2025-06-11 14:41:32,516 - log - INFO - iter:1760/8100, clip_acc1=0.0, tta_acc1=0.0
2025-06-11 14:41:32,516 - log - INFO - iter:1760/8100, Original Acc@1: 0.00, Acc@5: 61.08, TTA Acc@1: 0.00, Acc@5: 53.81
2025-06-11 14:42:28,402 - log - INFO - iter:1780/8100, clip_acc1=0.0, tta_acc1=0.0
2025-06-11 14:42:28,403 - log - INFO - iter:1780/8100, Original Acc@1: 0.00, Acc@5: 61.35, TTA Acc@1: 0.00, Acc@5: 54.33
2025-06-11 14:43:23,467 - log - INFO - iter:1800/8100, clip_acc1=0.0, tta_acc1=0.0
2025-06-11 14:43:23,467 - log - INFO - iter:1800/8100, Original Acc@1: 0.00, Acc@5: 61.72, TTA Acc@1: 0.00, Acc@5: 54.83
2025-06-11 14:44:19,554 - log - INFO - iter:1820/8100, clip_acc1=0.0, tta_acc1=0.0
2025-06-11 14:44:19,554 - log - INFO - iter:1820/8100, Original Acc@1: 0.00, Acc@5: 61.04, TTA Acc@1: 0.00, Acc@5: 54.23
2025-06-11 14:45:13,894 - log - INFO - iter:1840/8100, clip_acc1=0.0, tta_acc1=0.0
2025-06-11 14:45:13,894 - log - INFO - iter:1840/8100, Original Acc@1: 0.00, Acc@5: 60.38, TTA Acc@1: 0.00, Acc@5: 53.64
2025-06-11 14:46:09,534 - log - INFO - iter:1860/8100, clip_acc1=0.0, tta_acc1=0.0
2025-06-11 14:46:09,534 - log - INFO - iter:1860/8100, Original Acc@1: 0.00, Acc@5: 59.73, TTA Acc@1: 0.00, Acc@5: 53.06
2025-06-11 14:47:03,784 - log - INFO - iter:1880/8100, clip_acc1=0.0, tta_acc1=0.0
2025-06-11 14:47:03,784 - log - INFO - iter:1880/8100, Original Acc@1: 0.00, Acc@5: 59.10, TTA Acc@1: 0.00, Acc@5: 52.50
2025-06-11 14:48:21,718 - log - INFO - iter:1900/8100, clip_acc1=0.0, tta_acc1=0.0
2025-06-11 14:48:21,718 - log - INFO - iter:1900/8100, Original Acc@1: 0.00, Acc@5: 58.47, TTA Acc@1: 0.00, Acc@5: 51.95
2025-06-11 14:49:13,787 - log - INFO - iter:1920/8100, clip_acc1=0.0, tta_acc1=0.0
2025-06-11 14:49:13,787 - log - INFO - iter:1920/8100, Original Acc@1: 0.00, Acc@5: 57.86, TTA Acc@1: 0.00, Acc@5: 51.41
2025-06-11 14:50:19,017 - log - INFO - iter:1940/8100, clip_acc1=0.0, tta_acc1=0.0
2025-06-11 14:50:19,017 - log - INFO - iter:1940/8100, Original Acc@1: 0.00, Acc@5: 57.27, TTA Acc@1: 0.00, Acc@5: 50.88
2025-06-11 14:51:16,690 - log - INFO - iter:1960/8100, clip_acc1=0.0, tta_acc1=0.0
2025-06-11 14:51:16,690 - log - INFO - iter:1960/8100, Original Acc@1: 0.00, Acc@5: 56.68, TTA Acc@1: 0.00, Acc@5: 50.36
2025-06-11 14:52:31,467 - log - INFO - iter:1980/8100, clip_acc1=0.0, tta_acc1=0.0
2025-06-11 14:52:31,468 - log - INFO - iter:1980/8100, Original Acc@1: 0.00, Acc@5: 56.11, TTA Acc@1: 0.00, Acc@5: 49.85
2025-06-11 14:53:30,066 - log - INFO - iter:2000/8100, clip_acc1=0.0, tta_acc1=0.0
2025-06-11 14:53:30,067 - log - INFO - iter:2000/8100, Original Acc@1: 0.00, Acc@5: 55.55, TTA Acc@1: 0.00, Acc@5: 49.35
2025-06-11 14:54:42,881 - log - INFO - iter:2020/8100, clip_acc1=0.0, tta_acc1=0.0
2025-06-11 14:54:42,882 - log - INFO - iter:2020/8100, Original Acc@1: 0.00, Acc@5: 55.00, TTA Acc@1: 0.00, Acc@5: 48.86
2025-06-11 14:55:44,845 - log - INFO - iter:2040/8100, clip_acc1=0.0, tta_acc1=0.0
2025-06-11 14:55:44,845 - log - INFO - iter:2040/8100, Original Acc@1: 0.00, Acc@5: 54.46, TTA Acc@1: 0.00, Acc@5: 48.38
2025-06-11 14:56:35,188 - log - INFO - iter:2060/8100, clip_acc1=0.0, tta_acc1=0.0
2025-06-11 14:56:35,188 - log - INFO - iter:2060/8100, Original Acc@1: 0.00, Acc@5: 53.93, TTA Acc@1: 0.00, Acc@5: 47.91
2025-06-11 14:57:31,502 - log - INFO - iter:2080/8100, clip_acc1=0.0, tta_acc1=0.0
2025-06-11 14:57:31,502 - log - INFO - iter:2080/8100, Original Acc@1: 0.00, Acc@5: 53.41, TTA Acc@1: 0.00, Acc@5: 47.45
2025-06-11 14:58:36,322 - log - INFO - iter:2100/8100, clip_acc1=0.0, tta_acc1=0.0
2025-06-11 14:58:36,323 - log - INFO - iter:2100/8100, Original Acc@1: 0.00, Acc@5: 52.90, TTA Acc@1: 0.00, Acc@5: 47.00
2025-06-11 14:59:43,590 - log - INFO - iter:2120/8100, clip_acc1=0.0, tta_acc1=0.0
2025-06-11 14:59:43,590 - log - INFO - iter:2120/8100, Original Acc@1: 0.00, Acc@5: 52.41, TTA Acc@1: 0.00, Acc@5: 46.56
2025-06-11 15:00:38,986 - log - INFO - iter:2140/8100, clip_acc1=0.0, tta_acc1=0.0
2025-06-11 15:00:38,987 - log - INFO - iter:2140/8100, Original Acc@1: 0.00, Acc@5: 51.92, TTA Acc@1: 0.00, Acc@5: 46.12
2025-06-11 15:01:39,794 - log - INFO - iter:2160/8100, clip_acc1=0.0, tta_acc1=0.0
2025-06-11 15:01:39,795 - log - INFO - iter:2160/8100, Original Acc@1: 0.00, Acc@5: 51.44, TTA Acc@1: 0.00, Acc@5: 45.69
2025-06-11 15:03:06,765 - log - INFO - iter:2180/8100, clip_acc1=0.0, tta_acc1=0.0
2025-06-11 15:03:06,765 - log - INFO - iter:2180/8100, Original Acc@1: 0.00, Acc@5: 50.96, TTA Acc@1: 0.00, Acc@5: 45.28
2025-06-11 15:04:10,943 - log - INFO - iter:2200/8100, clip_acc1=0.0, tta_acc1=0.0
2025-06-11 15:04:10,943 - log - INFO - iter:2200/8100, Original Acc@1: 0.00, Acc@5: 50.50, TTA Acc@1: 0.00, Acc@5: 44.86
2025-06-11 15:05:05,087 - log - INFO - iter:2220/8100, clip_acc1=0.0, tta_acc1=0.0
2025-06-11 15:05:05,088 - log - INFO - iter:2220/8100, Original Acc@1: 0.00, Acc@5: 50.05, TTA Acc@1: 0.00, Acc@5: 44.46
2025-06-11 15:06:09,095 - log - INFO - iter:2240/8100, clip_acc1=0.0, tta_acc1=0.0
2025-06-11 15:06:09,096 - log - INFO - iter:2240/8100, Original Acc@1: 0.00, Acc@5: 49.60, TTA Acc@1: 0.00, Acc@5: 44.06
2025-06-11 15:07:27,802 - log - INFO - iter:2260/8100, clip_acc1=0.0, tta_acc1=0.0
2025-06-11 15:07:27,802 - log - INFO - iter:2260/8100, Original Acc@1: 0.00, Acc@5: 49.16, TTA Acc@1: 0.00, Acc@5: 43.67
2025-06-11 15:08:28,931 - log - INFO - iter:2280/8100, clip_acc1=0.0, tta_acc1=0.0
2025-06-11 15:08:28,931 - log - INFO - iter:2280/8100, Original Acc@1: 0.00, Acc@5: 48.73, TTA Acc@1: 0.00, Acc@5: 43.29
2025-06-11 15:09:22,006 - log - INFO - iter:2300/8100, clip_acc1=0.0, tta_acc1=0.0
2025-06-11 15:09:22,006 - log - INFO - iter:2300/8100, Original Acc@1: 0.00, Acc@5: 48.30, TTA Acc@1: 0.00, Acc@5: 42.91
2025-06-11 15:10:19,434 - log - INFO - iter:2320/8100, clip_acc1=0.0, tta_acc1=0.0
2025-06-11 15:10:19,434 - log - INFO - iter:2320/8100, Original Acc@1: 0.00, Acc@5: 47.89, TTA Acc@1: 0.00, Acc@5: 42.54
2025-06-11 15:11:30,460 - log - INFO - iter:2340/8100, clip_acc1=0.0, tta_acc1=0.0
2025-06-11 15:11:30,461 - log - INFO - iter:2340/8100, Original Acc@1: 0.00, Acc@5: 47.48, TTA Acc@1: 0.00, Acc@5: 42.18
2025-06-11 15:12:36,042 - log - INFO - iter:2360/8100, clip_acc1=0.0, tta_acc1=0.0
2025-06-11 15:12:36,042 - log - INFO - iter:2360/8100, Original Acc@1: 0.00, Acc@5: 47.08, TTA Acc@1: 0.00, Acc@5: 41.82
2025-06-11 15:13:30,818 - log - INFO - iter:2380/8100, clip_acc1=0.0, tta_acc1=0.0
2025-06-11 15:13:30,818 - log - INFO - iter:2380/8100, Original Acc@1: 0.00, Acc@5: 46.68, TTA Acc@1: 0.00, Acc@5: 41.47
2025-06-11 15:14:23,796 - log - INFO - iter:2400/8100, clip_acc1=0.0, tta_acc1=0.0
2025-06-11 15:14:23,797 - log - INFO - iter:2400/8100, Original Acc@1: 0.00, Acc@5: 46.29, TTA Acc@1: 0.00, Acc@5: 41.12
2025-06-11 15:15:33,709 - log - INFO - iter:2420/8100, clip_acc1=0.0, tta_acc1=0.0
2025-06-11 15:15:33,709 - log - INFO - iter:2420/8100, Original Acc@1: 0.00, Acc@5: 45.91, TTA Acc@1: 0.00, Acc@5: 40.79
2025-06-11 15:16:24,851 - log - INFO - iter:2440/8100, clip_acc1=0.0, tta_acc1=0.0
2025-06-11 15:16:24,851 - log - INFO - iter:2440/8100, Original Acc@1: 0.00, Acc@5: 45.53, TTA Acc@1: 0.00, Acc@5: 40.45
2025-06-11 15:17:21,260 - log - INFO - iter:2460/8100, clip_acc1=0.0, tta_acc1=0.0
2025-06-11 15:17:21,260 - log - INFO - iter:2460/8100, Original Acc@1: 0.00, Acc@5: 45.16, TTA Acc@1: 0.00, Acc@5: 40.12
2025-06-11 15:18:25,111 - log - INFO - iter:2480/8100, clip_acc1=0.0, tta_acc1=0.0
2025-06-11 15:18:25,111 - log - INFO - iter:2480/8100, Original Acc@1: 0.00, Acc@5: 44.80, TTA Acc@1: 0.00, Acc@5: 39.80
2025-06-11 15:19:19,472 - log - INFO - iter:2500/8100, clip_acc1=0.0, tta_acc1=0.0
2025-06-11 15:19:19,473 - log - INFO - iter:2500/8100, Original Acc@1: 0.00, Acc@5: 44.44, TTA Acc@1: 0.00, Acc@5: 39.48
2025-06-11 15:20:16,132 - log - INFO - iter:2520/8100, clip_acc1=0.0, tta_acc1=0.0
2025-06-11 15:20:16,132 - log - INFO - iter:2520/8100, Original Acc@1: 0.00, Acc@5: 44.09, TTA Acc@1: 0.00, Acc@5: 39.17
2025-06-11 15:21:10,131 - log - INFO - iter:2540/8100, clip_acc1=0.0, tta_acc1=0.0
2025-06-11 15:21:10,131 - log - INFO - iter:2540/8100, Original Acc@1: 0.00, Acc@5: 43.74, TTA Acc@1: 0.00, Acc@5: 38.86
2025-06-11 15:22:09,058 - log - INFO - iter:2560/8100, clip_acc1=0.0, tta_acc1=0.0
2025-06-11 15:22:09,059 - log - INFO - iter:2560/8100, Original Acc@1: 0.00, Acc@5: 43.40, TTA Acc@1: 0.00, Acc@5: 38.55
2025-06-11 15:23:06,321 - log - INFO - iter:2580/8100, clip_acc1=0.0, tta_acc1=0.0
2025-06-11 15:23:06,321 - log - INFO - iter:2580/8100, Original Acc@1: 0.00, Acc@5: 43.06, TTA Acc@1: 0.00, Acc@5: 38.26
2025-06-11 15:24:00,941 - log - INFO - iter:2600/8100, clip_acc1=0.0, tta_acc1=0.0
2025-06-11 15:24:00,941 - log - INFO - iter:2600/8100, Original Acc@1: 0.00, Acc@5: 42.73, TTA Acc@1: 0.00, Acc@5: 37.96
2025-06-11 15:25:19,056 - log - INFO - iter:2620/8100, clip_acc1=0.0, tta_acc1=0.0
2025-06-11 15:25:19,056 - log - INFO - iter:2620/8100, Original Acc@1: 0.00, Acc@5: 42.40, TTA Acc@1: 0.00, Acc@5: 37.67
2025-06-11 15:26:25,306 - log - INFO - iter:2640/8100, clip_acc1=0.0, tta_acc1=0.0
2025-06-11 15:26:25,306 - log - INFO - iter:2640/8100, Original Acc@1: 0.00, Acc@5: 42.08, TTA Acc@1: 0.00, Acc@5: 37.39
2025-06-11 15:27:26,404 - log - INFO - iter:2660/8100, clip_acc1=0.0, tta_acc1=0.0
2025-06-11 15:27:26,404 - log - INFO - iter:2660/8100, Original Acc@1: 0.00, Acc@5: 41.77, TTA Acc@1: 0.00, Acc@5: 37.11
2025-06-11 15:28:28,232 - log - INFO - iter:2680/8100, clip_acc1=0.0, tta_acc1=0.0
2025-06-11 15:28:28,233 - log - INFO - iter:2680/8100, Original Acc@1: 0.00, Acc@5: 41.46, TTA Acc@1: 0.00, Acc@5: 36.83
2025-06-11 15:29:26,581 - log - INFO - iter:2700/8100, clip_acc1=0.0, tta_acc1=0.0
2025-06-11 15:29:26,581 - log - INFO - iter:2700/8100, Original Acc@1: 0.00, Acc@5: 41.15, TTA Acc@1: 0.00, Acc@5: 36.56
2025-06-11 15:30:24,435 - log - INFO - iter:2720/8100, clip_acc1=0.0, tta_acc1=0.0
2025-06-11 15:30:24,435 - log - INFO - iter:2720/8100, Original Acc@1: 0.00, Acc@5: 41.07, TTA Acc@1: 0.00, Acc@5: 36.73
2025-06-11 15:31:20,579 - log - INFO - iter:2740/8100, clip_acc1=0.0, tta_acc1=0.0
2025-06-11 15:31:20,579 - log - INFO - iter:2740/8100, Original Acc@1: 0.00, Acc@5: 41.02, TTA Acc@1: 0.00, Acc@5: 36.86
2025-06-11 15:32:30,314 - log - INFO - iter:2760/8100, clip_acc1=0.0, tta_acc1=0.0
2025-06-11 15:32:30,315 - log - INFO - iter:2760/8100, Original Acc@1: 0.00, Acc@5: 41.12, TTA Acc@1: 0.00, Acc@5: 37.14
2025-06-11 15:33:27,592 - log - INFO - iter:2780/8100, clip_acc1=0.0, tta_acc1=0.0
2025-06-11 15:33:27,592 - log - INFO - iter:2780/8100, Original Acc@1: 0.00, Acc@5: 41.15, TTA Acc@1: 0.00, Acc@5: 37.41
2025-06-11 15:34:25,655 - log - INFO - iter:2800/8100, clip_acc1=0.0, tta_acc1=0.0
2025-06-11 15:34:25,655 - log - INFO - iter:2800/8100, Original Acc@1: 0.00, Acc@5: 41.29, TTA Acc@1: 0.00, Acc@5: 37.64
2025-06-11 15:35:17,139 - log - INFO - iter:2820/8100, clip_acc1=0.0, tta_acc1=0.0
2025-06-11 15:35:17,139 - log - INFO - iter:2820/8100, Original Acc@1: 0.00, Acc@5: 41.28, TTA Acc@1: 0.00, Acc@5: 37.77
2025-06-11 15:36:27,865 - log - INFO - iter:2840/8100, clip_acc1=0.0, tta_acc1=0.0
2025-06-11 15:36:27,865 - log - INFO - iter:2840/8100, Original Acc@1: 0.00, Acc@5: 41.13, TTA Acc@1: 0.00, Acc@5: 37.82
2025-06-11 15:37:35,279 - log - INFO - iter:2860/8100, clip_acc1=0.0, tta_acc1=0.0
2025-06-11 15:37:35,280 - log - INFO - iter:2860/8100, Original Acc@1: 0.00, Acc@5: 41.36, TTA Acc@1: 0.00, Acc@5: 38.15
2025-06-11 15:38:22,176 - log - INFO - iter:2880/8100, clip_acc1=0.0, tta_acc1=0.0
2025-06-11 15:38:22,176 - log - INFO - iter:2880/8100, Original Acc@1: 0.00, Acc@5: 41.32, TTA Acc@1: 0.00, Acc@5: 38.37
2025-06-11 15:39:21,393 - log - INFO - iter:2900/8100, clip_acc1=0.0, tta_acc1=0.0
2025-06-11 15:39:21,394 - log - INFO - iter:2900/8100, Original Acc@1: 0.00, Acc@5: 41.34, TTA Acc@1: 0.00, Acc@5: 38.41
2025-06-11 15:40:11,673 - log - INFO - iter:2920/8100, clip_acc1=0.0, tta_acc1=0.0
2025-06-11 15:40:11,673 - log - INFO - iter:2920/8100, Original Acc@1: 0.00, Acc@5: 41.44, TTA Acc@1: 0.00, Acc@5: 38.70
2025-06-11 15:41:09,078 - log - INFO - iter:2940/8100, clip_acc1=0.0, tta_acc1=0.0
2025-06-11 15:41:09,078 - log - INFO - iter:2940/8100, Original Acc@1: 0.00, Acc@5: 41.39, TTA Acc@1: 0.00, Acc@5: 38.81
2025-06-11 15:42:07,803 - log - INFO - iter:2960/8100, clip_acc1=0.0, tta_acc1=0.0
2025-06-11 15:42:07,803 - log - INFO - iter:2960/8100, Original Acc@1: 0.00, Acc@5: 41.42, TTA Acc@1: 0.00, Acc@5: 39.05
2025-06-11 15:43:20,492 - log - INFO - iter:2980/8100, clip_acc1=0.0, tta_acc1=0.0
2025-06-11 15:43:20,492 - log - INFO - iter:2980/8100, Original Acc@1: 0.00, Acc@5: 41.54, TTA Acc@1: 0.00, Acc@5: 39.23
2025-06-11 15:44:24,259 - log - INFO - iter:3000/8100, clip_acc1=0.0, tta_acc1=0.0
2025-06-11 15:44:24,259 - log - INFO - iter:3000/8100, Original Acc@1: 0.00, Acc@5: 41.70, TTA Acc@1: 0.00, Acc@5: 39.40
2025-06-11 15:45:12,778 - log - INFO - iter:3020/8100, clip_acc1=0.0, tta_acc1=0.0
2025-06-11 15:45:12,778 - log - INFO - iter:3020/8100, Original Acc@1: 0.00, Acc@5: 41.79, TTA Acc@1: 0.00, Acc@5: 39.70
2025-06-11 15:46:21,626 - log - INFO - iter:3040/8100, clip_acc1=0.0, tta_acc1=0.0
2025-06-11 15:46:21,627 - log - INFO - iter:3040/8100, Original Acc@1: 0.00, Acc@5: 41.91, TTA Acc@1: 0.00, Acc@5: 39.97
2025-06-11 15:47:30,199 - log - INFO - iter:3060/8100, clip_acc1=0.0, tta_acc1=0.0
2025-06-11 15:47:30,200 - log - INFO - iter:3060/8100, Original Acc@1: 0.00, Acc@5: 42.12, TTA Acc@1: 0.00, Acc@5: 40.23
2025-06-11 15:48:25,704 - log - INFO - iter:3080/8100, clip_acc1=0.0, tta_acc1=0.0
2025-06-11 15:48:25,704 - log - INFO - iter:3080/8100, Original Acc@1: 0.00, Acc@5: 42.24, TTA Acc@1: 0.00, Acc@5: 40.45
2025-06-11 15:49:25,447 - log - INFO - iter:3100/8100, clip_acc1=0.0, tta_acc1=0.0
2025-06-11 15:49:25,448 - log - INFO - iter:3100/8100, Original Acc@1: 0.00, Acc@5: 42.26, TTA Acc@1: 0.00, Acc@5: 40.52
2025-06-11 15:50:20,173 - log - INFO - iter:3120/8100, clip_acc1=0.0, tta_acc1=0.0
2025-06-11 15:50:20,173 - log - INFO - iter:3120/8100, Original Acc@1: 0.00, Acc@5: 42.12, TTA Acc@1: 0.00, Acc@5: 40.58
2025-06-11 15:51:25,897 - log - INFO - iter:3140/8100, clip_acc1=0.0, tta_acc1=0.0
2025-06-11 15:51:25,898 - log - INFO - iter:3140/8100, Original Acc@1: 0.00, Acc@5: 41.97, TTA Acc@1: 0.00, Acc@5: 40.70
2025-06-11 15:52:29,027 - log - INFO - iter:3160/8100, clip_acc1=0.0, tta_acc1=0.0
2025-06-11 15:52:29,027 - log - INFO - iter:3160/8100, Original Acc@1: 0.00, Acc@5: 42.03, TTA Acc@1: 0.00, Acc@5: 40.95
2025-06-11 15:53:31,171 - log - INFO - iter:3180/8100, clip_acc1=0.0, tta_acc1=0.0
2025-06-11 15:53:31,171 - log - INFO - iter:3180/8100, Original Acc@1: 0.00, Acc@5: 41.98, TTA Acc@1: 0.00, Acc@5: 41.04
2025-06-11 15:54:29,820 - log - INFO - iter:3200/8100, clip_acc1=0.0, tta_acc1=0.0
2025-06-11 15:54:29,821 - log - INFO - iter:3200/8100, Original Acc@1: 0.00, Acc@5: 42.09, TTA Acc@1: 0.00, Acc@5: 41.25
2025-06-11 15:55:33,683 - log - INFO - iter:3220/8100, clip_acc1=0.0, tta_acc1=0.0
2025-06-11 15:55:33,683 - log - INFO - iter:3220/8100, Original Acc@1: 0.00, Acc@5: 42.17, TTA Acc@1: 0.00, Acc@5: 41.37
2025-06-11 15:56:30,363 - log - INFO - iter:3240/8100, clip_acc1=0.0, tta_acc1=0.0
2025-06-11 15:56:30,363 - log - INFO - iter:3240/8100, Original Acc@1: 0.00, Acc@5: 42.25, TTA Acc@1: 0.00, Acc@5: 41.60
2025-06-11 15:57:26,802 - log - INFO - iter:3260/8100, clip_acc1=0.0, tta_acc1=0.0
2025-06-11 15:57:26,802 - log - INFO - iter:3260/8100, Original Acc@1: 0.00, Acc@5: 42.27, TTA Acc@1: 0.00, Acc@5: 41.72
2025-06-11 15:58:15,071 - log - INFO - iter:3280/8100, clip_acc1=0.0, tta_acc1=0.0
2025-06-11 15:58:15,071 - log - INFO - iter:3280/8100, Original Acc@1: 0.00, Acc@5: 42.32, TTA Acc@1: 0.00, Acc@5: 41.86
2025-06-11 15:59:20,629 - log - INFO - iter:3300/8100, clip_acc1=0.0, tta_acc1=0.0
2025-06-11 15:59:20,629 - log - INFO - iter:3300/8100, Original Acc@1: 0.00, Acc@5: 42.36, TTA Acc@1: 0.00, Acc@5: 42.03
2025-06-11 16:00:13,674 - log - INFO - iter:3320/8100, clip_acc1=0.0, tta_acc1=0.0
2025-06-11 16:00:13,675 - log - INFO - iter:3320/8100, Original Acc@1: 0.00, Acc@5: 42.38, TTA Acc@1: 0.00, Acc@5: 42.17
2025-06-11 16:01:10,540 - log - INFO - iter:3340/8100, clip_acc1=0.0, tta_acc1=0.0
2025-06-11 16:01:10,540 - log - INFO - iter:3340/8100, Original Acc@1: 0.00, Acc@5: 42.40, TTA Acc@1: 0.00, Acc@5: 42.22
2025-06-11 16:02:22,882 - log - INFO - iter:3360/8100, clip_acc1=0.0, tta_acc1=0.0
2025-06-11 16:02:22,882 - log - INFO - iter:3360/8100, Original Acc@1: 0.00, Acc@5: 42.35, TTA Acc@1: 0.00, Acc@5: 42.41
2025-06-11 16:03:14,440 - log - INFO - iter:3380/8100, clip_acc1=0.0, tta_acc1=0.0
2025-06-11 16:03:14,441 - log - INFO - iter:3380/8100, Original Acc@1: 0.00, Acc@5: 42.31, TTA Acc@1: 0.00, Acc@5: 42.49
2025-06-11 16:04:22,727 - log - INFO - iter:3400/8100, clip_acc1=0.0, tta_acc1=0.0
2025-06-11 16:04:22,727 - log - INFO - iter:3400/8100, Original Acc@1: 0.00, Acc@5: 42.29, TTA Acc@1: 0.00, Acc@5: 42.59
2025-06-11 16:05:33,018 - log - INFO - iter:3420/8100, clip_acc1=0.0, tta_acc1=0.0
2025-06-11 16:05:33,018 - log - INFO - iter:3420/8100, Original Acc@1: 0.00, Acc@5: 42.34, TTA Acc@1: 0.00, Acc@5: 42.72
2025-06-11 16:06:24,789 - log - INFO - iter:3440/8100, clip_acc1=0.0, tta_acc1=0.0
2025-06-11 16:06:24,789 - log - INFO - iter:3440/8100, Original Acc@1: 0.00, Acc@5: 42.38, TTA Acc@1: 0.00, Acc@5: 42.85
2025-06-11 16:07:25,689 - log - INFO - iter:3460/8100, clip_acc1=0.0, tta_acc1=0.0
2025-06-11 16:07:25,689 - log - INFO - iter:3460/8100, Original Acc@1: 0.00, Acc@5: 42.40, TTA Acc@1: 0.00, Acc@5: 42.89
2025-06-11 16:08:36,424 - log - INFO - iter:3480/8100, clip_acc1=0.0, tta_acc1=0.0
2025-06-11 16:08:36,424 - log - INFO - iter:3480/8100, Original Acc@1: 0.00, Acc@5: 42.36, TTA Acc@1: 0.00, Acc@5: 42.87
2025-06-11 16:09:39,738 - log - INFO - iter:3500/8100, clip_acc1=0.0, tta_acc1=0.0
2025-06-11 16:09:39,738 - log - INFO - iter:3500/8100, Original Acc@1: 0.00, Acc@5: 42.29, TTA Acc@1: 0.00, Acc@5: 42.80
2025-06-11 16:10:30,058 - log - INFO - iter:3520/8100, clip_acc1=0.028409089893102646, tta_acc1=0.05681817978620529
2025-06-11 16:10:30,059 - log - INFO - iter:3520/8100, Original Acc@1: 0.03, Acc@5: 42.22, TTA Acc@1: 0.06, Acc@5: 42.67
2025-06-11 16:11:20,479 - log - INFO - iter:3540/8100, clip_acc1=0.028248587623238564, tta_acc1=0.05649717524647713
2025-06-11 16:11:20,479 - log - INFO - iter:3540/8100, Original Acc@1: 0.03, Acc@5: 42.12, TTA Acc@1: 0.06, Acc@5: 42.54
2025-06-11 16:12:46,643 - log - INFO - iter:3560/8100, clip_acc1=0.028089888393878937, tta_acc1=0.08426966518163681
2025-06-11 16:12:46,643 - log - INFO - iter:3560/8100, Original Acc@1: 0.03, Acc@5: 42.05, TTA Acc@1: 0.08, Acc@5: 42.42
2025-06-11 16:13:48,839 - log - INFO - iter:3580/8100, clip_acc1=0.02793296054005623, tta_acc1=0.08379887789487839
2025-06-11 16:13:48,840 - log - INFO - iter:3580/8100, Original Acc@1: 0.03, Acc@5: 41.96, TTA Acc@1: 0.08, Acc@5: 42.29
2025-06-11 16:14:44,092 - log - INFO - iter:3600/8100, clip_acc1=0.02777777798473835, tta_acc1=0.0833333358168602
2025-06-11 16:14:44,093 - log - INFO - iter:3600/8100, Original Acc@1: 0.03, Acc@5: 41.94, TTA Acc@1: 0.08, Acc@5: 42.25
2025-06-11 16:15:47,652 - log - INFO - iter:3620/8100, clip_acc1=0.05524861812591553, tta_acc1=0.08287292718887329
2025-06-11 16:15:47,653 - log - INFO - iter:3620/8100, Original Acc@1: 0.06, Acc@5: 41.96, TTA Acc@1: 0.08, Acc@5: 42.18
2025-06-11 16:17:00,920 - log - INFO - iter:3640/8100, clip_acc1=0.08241758495569229, tta_acc1=0.08241758495569229
2025-06-11 16:17:00,920 - log - INFO - iter:3640/8100, Original Acc@1: 0.08, Acc@5: 41.87, TTA Acc@1: 0.08, Acc@5: 42.03
2025-06-11 16:17:56,066 - log - INFO - iter:3660/8100, clip_acc1=0.10928962379693985, tta_acc1=0.08196721971035004
2025-06-11 16:17:56,067 - log - INFO - iter:3660/8100, Original Acc@1: 0.11, Acc@5: 41.78, TTA Acc@1: 0.08, Acc@5: 41.89
2025-06-11 16:18:52,814 - log - INFO - iter:3680/8100, clip_acc1=0.10869564861059189, tta_acc1=0.08152173459529877
2025-06-11 16:18:52,814 - log - INFO - iter:3680/8100, Original Acc@1: 0.11, Acc@5: 41.74, TTA Acc@1: 0.08, Acc@5: 41.82
2025-06-11 16:19:52,418 - log - INFO - iter:3700/8100, clip_acc1=0.10810811072587967, tta_acc1=0.0810810849070549
2025-06-11 16:19:52,418 - log - INFO - iter:3700/8100, Original Acc@1: 0.11, Acc@5: 41.65, TTA Acc@1: 0.08, Acc@5: 41.62
2025-06-11 16:20:57,387 - log - INFO - iter:3720/8100, clip_acc1=0.10752688348293304, tta_acc1=0.08064516633749008
2025-06-11 16:20:57,387 - log - INFO - iter:3720/8100, Original Acc@1: 0.11, Acc@5: 41.56, TTA Acc@1: 0.08, Acc@5: 41.51
2025-06-11 16:21:46,068 - log - INFO - iter:3740/8100, clip_acc1=0.10695187747478485, tta_acc1=0.08021390438079834
2025-06-11 16:21:46,068 - log - INFO - iter:3740/8100, Original Acc@1: 0.11, Acc@5: 41.50, TTA Acc@1: 0.08, Acc@5: 41.39
2025-06-11 16:22:46,700 - log - INFO - iter:3760/8100, clip_acc1=0.10638297349214554, tta_acc1=0.0797872319817543
2025-06-11 16:22:46,700 - log - INFO - iter:3760/8100, Original Acc@1: 0.11, Acc@5: 41.38, TTA Acc@1: 0.08, Acc@5: 41.25
2025-06-11 16:23:48,211 - log - INFO - iter:3780/8100, clip_acc1=0.10582010447978973, tta_acc1=0.0793650820851326
2025-06-11 16:23:48,212 - log - INFO - iter:3780/8100, Original Acc@1: 0.11, Acc@5: 41.24, TTA Acc@1: 0.08, Acc@5: 41.11
2025-06-11 16:24:45,141 - log - INFO - iter:3800/8100, clip_acc1=0.1315789371728897, tta_acc1=0.07894736528396606
2025-06-11 16:24:45,143 - log - INFO - iter:3800/8100, Original Acc@1: 0.13, Acc@5: 41.24, TTA Acc@1: 0.08, Acc@5: 41.13
2025-06-11 16:25:40,659 - log - INFO - iter:3820/8100, clip_acc1=0.13089005649089813, tta_acc1=0.07853402942419052
2025-06-11 16:25:40,659 - log - INFO - iter:3820/8100, Original Acc@1: 0.13, Acc@5: 41.15, TTA Acc@1: 0.08, Acc@5: 41.02
2025-06-11 16:26:33,278 - log - INFO - iter:3840/8100, clip_acc1=0.1302083432674408, tta_acc1=0.0781250074505806
2025-06-11 16:26:33,278 - log - INFO - iter:3840/8100, Original Acc@1: 0.13, Acc@5: 41.07, TTA Acc@1: 0.08, Acc@5: 40.89
2025-06-11 16:27:38,812 - log - INFO - iter:3860/8100, clip_acc1=0.15544041991233826, tta_acc1=0.10362694412469864
2025-06-11 16:27:38,812 - log - INFO - iter:3860/8100, Original Acc@1: 0.16, Acc@5: 41.06, TTA Acc@1: 0.10, Acc@5: 40.78
2025-06-11 16:28:50,577 - log - INFO - iter:3880/8100, clip_acc1=0.1804123818874359, tta_acc1=0.10309278964996338
2025-06-11 16:28:50,577 - log - INFO - iter:3880/8100, Original Acc@1: 0.18, Acc@5: 41.08, TTA Acc@1: 0.10, Acc@5: 40.77
2025-06-11 16:29:47,362 - log - INFO - iter:3900/8100, clip_acc1=0.1794871687889099, tta_acc1=0.10256409645080566
2025-06-11 16:29:47,362 - log - INFO - iter:3900/8100, Original Acc@1: 0.18, Acc@5: 41.03, TTA Acc@1: 0.10, Acc@5: 40.64
2025-06-11 16:31:01,073 - log - INFO - iter:3920/8100, clip_acc1=0.178571417927742, tta_acc1=0.10204081237316132
2025-06-11 16:31:01,073 - log - INFO - iter:3920/8100, Original Acc@1: 0.18, Acc@5: 40.99, TTA Acc@1: 0.10, Acc@5: 40.59
2025-06-11 16:32:21,711 - log - INFO - iter:3940/8100, clip_acc1=0.17766498029232025, tta_acc1=0.10152284801006317
2025-06-11 16:32:21,712 - log - INFO - iter:3940/8100, Original Acc@1: 0.18, Acc@5: 41.02, TTA Acc@1: 0.10, Acc@5: 40.61
2025-06-11 16:33:12,801 - log - INFO - iter:3960/8100, clip_acc1=0.20202021300792694, tta_acc1=0.10101010650396347
2025-06-11 16:33:12,801 - log - INFO - iter:3960/8100, Original Acc@1: 0.20, Acc@5: 40.91, TTA Acc@1: 0.10, Acc@5: 40.45
2025-06-11 16:34:09,126 - log - INFO - iter:3980/8100, clip_acc1=0.2010050266981125, tta_acc1=0.10050251334905624
2025-06-11 16:34:09,126 - log - INFO - iter:3980/8100, Original Acc@1: 0.20, Acc@5: 40.93, TTA Acc@1: 0.10, Acc@5: 40.38
2025-06-11 16:35:11,742 - log - INFO - iter:4000/8100, clip_acc1=0.20000000298023224, tta_acc1=0.10000000149011612
2025-06-11 16:35:11,743 - log - INFO - iter:4000/8100, Original Acc@1: 0.20, Acc@5: 40.90, TTA Acc@1: 0.10, Acc@5: 40.30
2025-06-11 16:36:08,362 - log - INFO - iter:4020/8100, clip_acc1=0.19900497794151306, tta_acc1=0.09950248897075653
2025-06-11 16:36:08,363 - log - INFO - iter:4020/8100, Original Acc@1: 0.20, Acc@5: 40.82, TTA Acc@1: 0.10, Acc@5: 40.17
2025-06-11 16:37:19,131 - log - INFO - iter:4040/8100, clip_acc1=0.19801980257034302, tta_acc1=0.09900990128517151
2025-06-11 16:37:19,132 - log - INFO - iter:4040/8100, Original Acc@1: 0.20, Acc@5: 40.67, TTA Acc@1: 0.10, Acc@5: 40.02
2025-06-11 16:38:22,869 - log - INFO - iter:4060/8100, clip_acc1=0.19704434275627136, tta_acc1=0.09852217137813568
2025-06-11 16:38:22,869 - log - INFO - iter:4060/8100, Original Acc@1: 0.20, Acc@5: 40.59, TTA Acc@1: 0.10, Acc@5: 39.93
2025-06-11 16:39:24,756 - log - INFO - iter:4080/8100, clip_acc1=0.19607844948768616, tta_acc1=0.09803922474384308
2025-06-11 16:39:24,762 - log - INFO - iter:4080/8100, Original Acc@1: 0.20, Acc@5: 40.59, TTA Acc@1: 0.10, Acc@5: 39.88
2025-06-11 16:40:18,190 - log - INFO - iter:4100/8100, clip_acc1=0.19512194395065308, tta_acc1=0.09756097197532654
2025-06-11 16:40:18,190 - log - INFO - iter:4100/8100, Original Acc@1: 0.20, Acc@5: 40.51, TTA Acc@1: 0.10, Acc@5: 39.76
2025-06-11 16:41:16,097 - log - INFO - iter:4120/8100, clip_acc1=0.21844661235809326, tta_acc1=0.09708738327026367
2025-06-11 16:41:16,098 - log - INFO - iter:4120/8100, Original Acc@1: 0.22, Acc@5: 40.53, TTA Acc@1: 0.10, Acc@5: 39.78
2025-06-11 16:42:06,890 - log - INFO - iter:4140/8100, clip_acc1=0.21739129722118378, tta_acc1=0.09661835432052612
2025-06-11 16:42:06,891 - log - INFO - iter:4140/8100, Original Acc@1: 0.22, Acc@5: 40.48, TTA Acc@1: 0.10, Acc@5: 39.71
2025-06-11 16:42:59,942 - log - INFO - iter:4160/8100, clip_acc1=0.2163461595773697, tta_acc1=0.09615384787321091
2025-06-11 16:42:59,943 - log - INFO - iter:4160/8100, Original Acc@1: 0.22, Acc@5: 40.43, TTA Acc@1: 0.10, Acc@5: 39.62
2025-06-11 16:44:21,503 - log - INFO - iter:4180/8100, clip_acc1=0.23923444747924805, tta_acc1=0.09569378197193146
2025-06-11 16:44:21,503 - log - INFO - iter:4180/8100, Original Acc@1: 0.24, Acc@5: 40.41, TTA Acc@1: 0.10, Acc@5: 39.52
2025-06-11 16:45:13,904 - log - INFO - iter:4200/8100, clip_acc1=0.2380952388048172, tta_acc1=0.095238097012043
2025-06-11 16:45:13,904 - log - INFO - iter:4200/8100, Original Acc@1: 0.24, Acc@5: 40.43, TTA Acc@1: 0.10, Acc@5: 39.48
2025-06-11 16:46:24,946 - log - INFO - iter:4220/8100, clip_acc1=0.2369668185710907, tta_acc1=0.09478672593832016
2025-06-11 16:46:24,946 - log - INFO - iter:4220/8100, Original Acc@1: 0.24, Acc@5: 40.24, TTA Acc@1: 0.09, Acc@5: 39.29
2025-06-11 16:47:57,316 - log - INFO - iter:4240/8100, clip_acc1=0.2358490526676178, tta_acc1=0.09433962404727936
2025-06-11 16:47:57,316 - log - INFO - iter:4240/8100, Original Acc@1: 0.24, Acc@5: 40.05, TTA Acc@1: 0.09, Acc@5: 39.10
2025-06-11 16:49:01,747 - log - INFO - iter:4260/8100, clip_acc1=0.23474179208278656, tta_acc1=0.09389671683311462
2025-06-11 16:49:01,748 - log - INFO - iter:4260/8100, Original Acc@1: 0.23, Acc@5: 39.86, TTA Acc@1: 0.09, Acc@5: 38.92
2025-06-11 16:49:58,397 - log - INFO - iter:4280/8100, clip_acc1=0.23364487290382385, tta_acc1=0.09345794469118118
2025-06-11 16:49:58,397 - log - INFO - iter:4280/8100, Original Acc@1: 0.23, Acc@5: 39.67, TTA Acc@1: 0.09, Acc@5: 38.74
2025-06-11 16:50:57,993 - log - INFO - iter:4300/8100, clip_acc1=0.23255814611911774, tta_acc1=0.09302325546741486
2025-06-11 16:50:57,993 - log - INFO - iter:4300/8100, Original Acc@1: 0.23, Acc@5: 39.49, TTA Acc@1: 0.09, Acc@5: 38.56
2025-06-11 16:51:55,831 - log - INFO - iter:4320/8100, clip_acc1=0.23148147761821747, tta_acc1=0.09259258955717087
2025-06-11 16:51:55,831 - log - INFO - iter:4320/8100, Original Acc@1: 0.23, Acc@5: 39.31, TTA Acc@1: 0.09, Acc@5: 38.38
2025-06-11 16:52:53,160 - log - INFO - iter:4340/8100, clip_acc1=0.2304147481918335, tta_acc1=0.09216590225696564
2025-06-11 16:52:53,161 - log - INFO - iter:4340/8100, Original Acc@1: 0.23, Acc@5: 39.12, TTA Acc@1: 0.09, Acc@5: 38.20
2025-06-11 16:53:55,086 - log - INFO - iter:4360/8100, clip_acc1=0.2293577939271927, tta_acc1=0.0917431190609932
2025-06-11 16:53:55,086 - log - INFO - iter:4360/8100, Original Acc@1: 0.23, Acc@5: 38.94, TTA Acc@1: 0.09, Acc@5: 38.03
2025-06-11 16:54:52,014 - log - INFO - iter:4380/8100, clip_acc1=0.2283104956150055, tta_acc1=0.09132420271635056
2025-06-11 16:54:52,015 - log - INFO - iter:4380/8100, Original Acc@1: 0.23, Acc@5: 38.77, TTA Acc@1: 0.09, Acc@5: 37.85
2025-06-11 16:55:53,152 - log - INFO - iter:4400/8100, clip_acc1=0.22727273404598236, tta_acc1=0.09090909361839294
2025-06-11 16:55:53,153 - log - INFO - iter:4400/8100, Original Acc@1: 0.23, Acc@5: 38.59, TTA Acc@1: 0.09, Acc@5: 37.68
2025-06-11 16:56:55,725 - log - INFO - iter:4420/8100, clip_acc1=0.22624434530735016, tta_acc1=0.09049773961305618
2025-06-11 16:56:55,725 - log - INFO - iter:4420/8100, Original Acc@1: 0.23, Acc@5: 38.42, TTA Acc@1: 0.09, Acc@5: 37.51
2025-06-11 16:57:55,505 - log - INFO - iter:4440/8100, clip_acc1=0.22522522509098053, tta_acc1=0.09009009599685669
2025-06-11 16:57:55,505 - log - INFO - iter:4440/8100, Original Acc@1: 0.23, Acc@5: 38.24, TTA Acc@1: 0.09, Acc@5: 37.34
2025-06-11 16:59:07,013 - log - INFO - iter:4460/8100, clip_acc1=0.22421523928642273, tta_acc1=0.08968609571456909
2025-06-11 16:59:07,013 - log - INFO - iter:4460/8100, Original Acc@1: 0.22, Acc@5: 38.07, TTA Acc@1: 0.09, Acc@5: 37.17
2025-06-11 17:00:14,487 - log - INFO - iter:4480/8100, clip_acc1=0.2232142835855484, tta_acc1=0.0892857164144516
2025-06-11 17:00:14,488 - log - INFO - iter:4480/8100, Original Acc@1: 0.22, Acc@5: 37.90, TTA Acc@1: 0.09, Acc@5: 37.01
2025-06-11 17:01:27,425 - log - INFO - iter:4500/8100, clip_acc1=0.2222222238779068, tta_acc1=0.08888889104127884
2025-06-11 17:01:27,426 - log - INFO - iter:4500/8100, Original Acc@1: 0.22, Acc@5: 37.73, TTA Acc@1: 0.09, Acc@5: 36.84
2025-06-11 17:03:00,342 - log - INFO - iter:4520/8100, clip_acc1=0.22123894095420837, tta_acc1=0.08849557489156723
2025-06-11 17:03:00,343 - log - INFO - iter:4520/8100, Original Acc@1: 0.22, Acc@5: 37.57, TTA Acc@1: 0.09, Acc@5: 36.68
2025-06-11 17:03:58,252 - log - INFO - iter:4540/8100, clip_acc1=0.22026431560516357, tta_acc1=0.08810573071241379
2025-06-11 17:03:58,252 - log - INFO - iter:4540/8100, Original Acc@1: 0.22, Acc@5: 37.40, TTA Acc@1: 0.09, Acc@5: 36.52
2025-06-11 17:04:57,822 - log - INFO - iter:4560/8100, clip_acc1=0.21929824352264404, tta_acc1=0.08771929889917374
2025-06-11 17:04:57,822 - log - INFO - iter:4560/8100, Original Acc@1: 0.22, Acc@5: 37.24, TTA Acc@1: 0.09, Acc@5: 36.36
2025-06-11 17:05:59,644 - log - INFO - iter:4580/8100, clip_acc1=0.21834062039852142, tta_acc1=0.08733624964952469
2025-06-11 17:05:59,644 - log - INFO - iter:4580/8100, Original Acc@1: 0.22, Acc@5: 37.07, TTA Acc@1: 0.09, Acc@5: 36.20
2025-06-11 17:06:58,674 - log - INFO - iter:4600/8100, clip_acc1=0.21739131212234497, tta_acc1=0.08695652335882187
2025-06-11 17:06:58,675 - log - INFO - iter:4600/8100, Original Acc@1: 0.22, Acc@5: 36.91, TTA Acc@1: 0.09, Acc@5: 36.04
2025-06-11 17:07:57,426 - log - INFO - iter:4620/8100, clip_acc1=0.21645022928714752, tta_acc1=0.08658009022474289
2025-06-11 17:07:57,427 - log - INFO - iter:4620/8100, Original Acc@1: 0.22, Acc@5: 36.75, TTA Acc@1: 0.09, Acc@5: 35.89
2025-06-11 17:08:58,432 - log - INFO - iter:4640/8100, clip_acc1=0.21551723778247833, tta_acc1=0.08620689809322357
2025-06-11 17:08:58,433 - log - INFO - iter:4640/8100, Original Acc@1: 0.22, Acc@5: 36.59, TTA Acc@1: 0.09, Acc@5: 35.73
2025-06-11 17:09:48,375 - log - INFO - iter:4660/8100, clip_acc1=0.21459227800369263, tta_acc1=0.08583690971136093
2025-06-11 17:09:48,375 - log - INFO - iter:4660/8100, Original Acc@1: 0.21, Acc@5: 36.44, TTA Acc@1: 0.09, Acc@5: 35.58
2025-06-11 17:11:01,280 - log - INFO - iter:4680/8100, clip_acc1=0.21367521584033966, tta_acc1=0.08547008782625198
2025-06-11 17:11:01,281 - log - INFO - iter:4680/8100, Original Acc@1: 0.21, Acc@5: 36.28, TTA Acc@1: 0.09, Acc@5: 35.43
2025-06-11 17:12:03,639 - log - INFO - iter:4700/8100, clip_acc1=0.21276594698429108, tta_acc1=0.08510638028383255
2025-06-11 17:12:03,640 - log - INFO - iter:4700/8100, Original Acc@1: 0.21, Acc@5: 36.13, TTA Acc@1: 0.09, Acc@5: 35.28
2025-06-11 17:13:11,806 - log - INFO - iter:4720/8100, clip_acc1=0.2118643969297409, tta_acc1=0.08474576473236084
2025-06-11 17:13:11,806 - log - INFO - iter:4720/8100, Original Acc@1: 0.21, Acc@5: 35.97, TTA Acc@1: 0.08, Acc@5: 35.13
2025-06-11 17:14:14,595 - log - INFO - iter:4740/8100, clip_acc1=0.2109704613685608, tta_acc1=0.08438818901777267
2025-06-11 17:14:14,595 - log - INFO - iter:4740/8100, Original Acc@1: 0.21, Acc@5: 35.82, TTA Acc@1: 0.08, Acc@5: 34.98
2025-06-11 17:15:08,792 - log - INFO - iter:4760/8100, clip_acc1=0.21008403599262238, tta_acc1=0.08403361588716507
2025-06-11 17:15:08,793 - log - INFO - iter:4760/8100, Original Acc@1: 0.21, Acc@5: 35.67, TTA Acc@1: 0.08, Acc@5: 34.83
2025-06-11 17:16:07,815 - log - INFO - iter:4780/8100, clip_acc1=0.2092050313949585, tta_acc1=0.08368200808763504
2025-06-11 17:16:07,816 - log - INFO - iter:4780/8100, Original Acc@1: 0.21, Acc@5: 35.52, TTA Acc@1: 0.08, Acc@5: 34.69
2025-06-11 17:17:06,516 - log - INFO - iter:4800/8100, clip_acc1=0.2083333432674408, tta_acc1=0.0833333358168602
2025-06-11 17:17:06,516 - log - INFO - iter:4800/8100, Original Acc@1: 0.21, Acc@5: 35.38, TTA Acc@1: 0.08, Acc@5: 34.54
2025-06-11 17:18:09,682 - log - INFO - iter:4820/8100, clip_acc1=0.2697095572948456, tta_acc1=0.08298755437135696
2025-06-11 17:18:09,683 - log - INFO - iter:4820/8100, Original Acc@1: 0.27, Acc@5: 35.64, TTA Acc@1: 0.08, Acc@5: 34.81
2025-06-11 17:18:58,810 - log - INFO - iter:4840/8100, clip_acc1=0.3512396812438965, tta_acc1=0.1652892529964447
2025-06-11 17:18:58,810 - log - INFO - iter:4840/8100, Original Acc@1: 0.35, Acc@5: 35.91, TTA Acc@1: 0.17, Acc@5: 35.08
2025-06-11 17:20:21,119 - log - INFO - iter:4860/8100, clip_acc1=0.4938271641731262, tta_acc1=0.2674897015094757
2025-06-11 17:20:21,119 - log - INFO - iter:4860/8100, Original Acc@1: 0.49, Acc@5: 36.17, TTA Acc@1: 0.27, Acc@5: 35.35
2025-06-11 17:21:27,821 - log - INFO - iter:4880/8100, clip_acc1=0.5532786846160889, tta_acc1=0.30737704038619995
2025-06-11 17:21:27,822 - log - INFO - iter:4880/8100, Original Acc@1: 0.55, Acc@5: 36.43, TTA Acc@1: 0.31, Acc@5: 35.61
2025-06-11 17:22:19,361 - log - INFO - iter:4900/8100, clip_acc1=0.6938775777816772, tta_acc1=0.40816327929496765
2025-06-11 17:22:19,361 - log - INFO - iter:4900/8100, Original Acc@1: 0.69, Acc@5: 36.69, TTA Acc@1: 0.41, Acc@5: 35.88
2025-06-11 17:23:16,975 - log - INFO - iter:4920/8100, clip_acc1=0.8130081295967102, tta_acc1=0.4268292486667633
2025-06-11 17:23:16,975 - log - INFO - iter:4920/8100, Original Acc@1: 0.81, Acc@5: 36.95, TTA Acc@1: 0.43, Acc@5: 36.14
2025-06-11 17:24:10,848 - log - INFO - iter:4940/8100, clip_acc1=0.8906882405281067, tta_acc1=0.4858299493789673
2025-06-11 17:24:10,848 - log - INFO - iter:4940/8100, Original Acc@1: 0.89, Acc@5: 37.21, TTA Acc@1: 0.49, Acc@5: 36.40
2025-06-11 17:25:12,511 - log - INFO - iter:4960/8100, clip_acc1=0.9475806355476379, tta_acc1=0.5443548560142517
2025-06-11 17:25:12,512 - log - INFO - iter:4960/8100, Original Acc@1: 0.95, Acc@5: 37.46, TTA Acc@1: 0.54, Acc@5: 36.65
2025-06-11 17:26:18,053 - log - INFO - iter:4980/8100, clip_acc1=1.064257025718689, tta_acc1=0.6224899888038635
2025-06-11 17:26:18,053 - log - INFO - iter:4980/8100, Original Acc@1: 1.06, Acc@5: 37.71, TTA Acc@1: 0.62, Acc@5: 36.91
2025-06-11 17:27:28,113 - log - INFO - iter:5000/8100, clip_acc1=1.1799999475479126, tta_acc1=0.6800000071525574
2025-06-11 17:27:28,113 - log - INFO - iter:5000/8100, Original Acc@1: 1.18, Acc@5: 37.96, TTA Acc@1: 0.68, Acc@5: 37.16
2025-06-11 17:28:26,725 - log - INFO - iter:5020/8100, clip_acc1=1.2549800872802734, tta_acc1=0.6772908568382263
2025-06-11 17:28:26,725 - log - INFO - iter:5020/8100, Original Acc@1: 1.25, Acc@5: 38.21, TTA Acc@1: 0.68, Acc@5: 37.41
2025-06-11 17:29:17,426 - log - INFO - iter:5040/8100, clip_acc1=1.3492063283920288, tta_acc1=0.7142857313156128
2025-06-11 17:29:17,427 - log - INFO - iter:5040/8100, Original Acc@1: 1.35, Acc@5: 38.45, TTA Acc@1: 0.71, Acc@5: 37.66
2025-06-11 17:30:11,363 - log - INFO - iter:5060/8100, clip_acc1=1.442687749862671, tta_acc1=0.790513813495636
2025-06-11 17:30:11,363 - log - INFO - iter:5060/8100, Original Acc@1: 1.44, Acc@5: 38.70, TTA Acc@1: 0.79, Acc@5: 37.91
2025-06-11 17:31:17,685 - log - INFO - iter:5080/8100, clip_acc1=1.496062994003296, tta_acc1=0.8267716765403748
2025-06-11 17:31:17,685 - log - INFO - iter:5080/8100, Original Acc@1: 1.50, Acc@5: 38.94, TTA Acc@1: 0.83, Acc@5: 38.15
2025-06-11 17:32:04,932 - log - INFO - iter:5100/8100, clip_acc1=1.5490195751190186, tta_acc1=0.843137264251709
2025-06-11 17:32:04,933 - log - INFO - iter:5100/8100, Original Acc@1: 1.55, Acc@5: 39.18, TTA Acc@1: 0.84, Acc@5: 38.39
2025-06-11 17:33:00,674 - log - INFO - iter:5120/8100, clip_acc1=1.58203125, tta_acc1=0.859375
2025-06-11 17:33:00,674 - log - INFO - iter:5120/8100, Original Acc@1: 1.58, Acc@5: 39.41, TTA Acc@1: 0.86, Acc@5: 38.63
2025-06-11 17:33:50,772 - log - INFO - iter:5140/8100, clip_acc1=1.6342412233352661, tta_acc1=0.8560311198234558
2025-06-11 17:33:50,773 - log - INFO - iter:5140/8100, Original Acc@1: 1.63, Acc@5: 39.65, TTA Acc@1: 0.86, Acc@5: 38.87
2025-06-11 17:34:42,504 - log - INFO - iter:5160/8100, clip_acc1=1.6472867727279663, tta_acc1=0.8527131676673889
2025-06-11 17:34:42,505 - log - INFO - iter:5160/8100, Original Acc@1: 1.65, Acc@5: 39.88, TTA Acc@1: 0.85, Acc@5: 39.11
2025-06-11 17:35:55,955 - log - INFO - iter:5180/8100, clip_acc1=1.6988416910171509, tta_acc1=0.8494208455085754
2025-06-11 17:35:55,955 - log - INFO - iter:5180/8100, Original Acc@1: 1.70, Acc@5: 40.12, TTA Acc@1: 0.85, Acc@5: 39.34
2025-06-11 17:36:51,422 - log - INFO - iter:5200/8100, clip_acc1=1.7884615659713745, tta_acc1=0.9038461446762085
2025-06-11 17:36:51,422 - log - INFO - iter:5200/8100, Original Acc@1: 1.79, Acc@5: 40.35, TTA Acc@1: 0.90, Acc@5: 39.58
2025-06-11 17:37:39,168 - log - INFO - iter:5220/8100, clip_acc1=1.8965517282485962, tta_acc1=0.9578544497489929
2025-06-11 17:37:39,168 - log - INFO - iter:5220/8100, Original Acc@1: 1.90, Acc@5: 40.57, TTA Acc@1: 0.96, Acc@5: 39.81
2025-06-11 17:38:37,269 - log - INFO - iter:5240/8100, clip_acc1=1.9847328662872314, tta_acc1=0.9923664331436157
2025-06-11 17:38:37,270 - log - INFO - iter:5240/8100, Original Acc@1: 1.98, Acc@5: 40.80, TTA Acc@1: 0.99, Acc@5: 40.04
2025-06-11 17:39:26,996 - log - INFO - iter:5260/8100, clip_acc1=2.091254711151123, tta_acc1=1.0076044797897339
2025-06-11 17:39:26,996 - log - INFO - iter:5260/8100, Original Acc@1: 2.09, Acc@5: 41.03, TTA Acc@1: 1.01, Acc@5: 40.27
2025-06-11 17:40:57,170 - log - INFO - iter:5280/8100, clip_acc1=2.1401515007019043, tta_acc1=1.0227272510528564
2025-06-11 17:40:57,170 - log - INFO - iter:5280/8100, Original Acc@1: 2.14, Acc@5: 41.25, TTA Acc@1: 1.02, Acc@5: 40.49
2025-06-11 17:41:50,415 - log - INFO - iter:5300/8100, clip_acc1=2.2452831268310547, tta_acc1=1.0566037893295288
2025-06-11 17:41:50,416 - log - INFO - iter:5300/8100, Original Acc@1: 2.25, Acc@5: 41.47, TTA Acc@1: 1.06, Acc@5: 40.72
2025-06-11 17:42:55,581 - log - INFO - iter:5320/8100, clip_acc1=2.2932331562042236, tta_acc1=1.0714285373687744
2025-06-11 17:42:55,581 - log - INFO - iter:5320/8100, Original Acc@1: 2.29, Acc@5: 41.69, TTA Acc@1: 1.07, Acc@5: 40.94
2025-06-11 17:44:04,017 - log - INFO - iter:5340/8100, clip_acc1=2.3408238887786865, tta_acc1=1.1048688888549805
2025-06-11 17:44:04,018 - log - INFO - iter:5340/8100, Original Acc@1: 2.34, Acc@5: 41.91, TTA Acc@1: 1.10, Acc@5: 41.16
2025-06-11 17:44:59,004 - log - INFO - iter:5360/8100, clip_acc1=2.425373077392578, tta_acc1=1.1753731966018677
2025-06-11 17:44:59,005 - log - INFO - iter:5360/8100, Original Acc@1: 2.43, Acc@5: 42.13, TTA Acc@1: 1.18, Acc@5: 41.38
2025-06-11 17:45:55,072 - log - INFO - iter:5380/8100, clip_acc1=2.546468496322632, tta_acc1=1.2081784009933472
2025-06-11 17:45:55,072 - log - INFO - iter:5380/8100, Original Acc@1: 2.55, Acc@5: 42.34, TTA Acc@1: 1.21, Acc@5: 41.60
2025-06-11 17:47:11,541 - log - INFO - iter:5400/8100, clip_acc1=2.6666667461395264, tta_acc1=1.296296238899231
2025-06-11 17:47:11,541 - log - INFO - iter:5400/8100, Original Acc@1: 2.67, Acc@5: 42.56, TTA Acc@1: 1.30, Acc@5: 41.81
2025-06-11 17:48:27,825 - log - INFO - iter:5420/8100, clip_acc1=2.785977840423584, tta_acc1=1.3099631071090698
2025-06-11 17:48:27,825 - log - INFO - iter:5420/8100, Original Acc@1: 2.79, Acc@5: 42.77, TTA Acc@1: 1.31, Acc@5: 42.03
2025-06-11 17:49:39,759 - log - INFO - iter:5440/8100, clip_acc1=2.867647171020508, tta_acc1=1.341911792755127
2025-06-11 17:49:39,759 - log - INFO - iter:5440/8100, Original Acc@1: 2.87, Acc@5: 42.98, TTA Acc@1: 1.34, Acc@5: 42.24
2025-06-11 17:50:40,080 - log - INFO - iter:5460/8100, clip_acc1=2.930402994155884, tta_acc1=1.3736263513565063
2025-06-11 17:50:40,080 - log - INFO - iter:5460/8100, Original Acc@1: 2.93, Acc@5: 43.19, TTA Acc@1: 1.37, Acc@5: 42.45
2025-06-11 17:51:32,694 - log - INFO - iter:5480/8100, clip_acc1=2.9927005767822266, tta_acc1=1.4051094055175781
2025-06-11 17:51:32,695 - log - INFO - iter:5480/8100, Original Acc@1: 2.99, Acc@5: 43.39, TTA Acc@1: 1.41, Acc@5: 42.66
2025-06-11 17:52:48,891 - log - INFO - iter:5500/8100, clip_acc1=3.109090805053711, tta_acc1=1.4727271795272827
2025-06-11 17:52:48,892 - log - INFO - iter:5500/8100, Original Acc@1: 3.11, Acc@5: 43.60, TTA Acc@1: 1.47, Acc@5: 42.87
2025-06-11 17:53:39,634 - log - INFO - iter:5520/8100, clip_acc1=3.20652174949646, tta_acc1=1.5398551225662231
2025-06-11 17:53:39,634 - log - INFO - iter:5520/8100, Original Acc@1: 3.21, Acc@5: 43.80, TTA Acc@1: 1.54, Acc@5: 43.08
2025-06-11 17:54:35,353 - log - INFO - iter:5540/8100, clip_acc1=3.267148017883301, tta_acc1=1.5884476900100708
2025-06-11 17:54:35,354 - log - INFO - iter:5540/8100, Original Acc@1: 3.27, Acc@5: 44.01, TTA Acc@1: 1.59, Acc@5: 43.29
2025-06-11 17:55:34,577 - log - INFO - iter:5560/8100, clip_acc1=3.273381233215332, tta_acc1=1.6007194519042969
2025-06-11 17:55:34,578 - log - INFO - iter:5560/8100, Original Acc@1: 3.27, Acc@5: 44.03, TTA Acc@1: 1.60, Acc@5: 43.31
2025-06-11 17:56:49,959 - log - INFO - iter:5580/8100, clip_acc1=3.261648654937744, tta_acc1=1.5949820280075073
2025-06-11 17:56:49,960 - log - INFO - iter:5580/8100, Original Acc@1: 3.26, Acc@5: 43.87, TTA Acc@1: 1.59, Acc@5: 43.15
2025-06-11 17:57:42,474 - log - INFO - iter:5600/8100, clip_acc1=3.25, tta_acc1=1.5892857313156128
2025-06-11 17:57:42,475 - log - INFO - iter:5600/8100, Original Acc@1: 3.25, Acc@5: 43.71, TTA Acc@1: 1.59, Acc@5: 43.00
2025-06-11 17:58:54,403 - log - INFO - iter:5620/8100, clip_acc1=3.238434076309204, tta_acc1=1.5836299657821655
2025-06-11 17:58:54,403 - log - INFO - iter:5620/8100, Original Acc@1: 3.24, Acc@5: 43.56, TTA Acc@1: 1.58, Acc@5: 42.85
2025-06-11 17:59:57,761 - log - INFO - iter:5640/8100, clip_acc1=3.226950168609619, tta_acc1=1.5780141353607178
2025-06-11 17:59:57,762 - log - INFO - iter:5640/8100, Original Acc@1: 3.23, Acc@5: 43.40, TTA Acc@1: 1.58, Acc@5: 42.70
2025-06-11 18:01:08,947 - log - INFO - iter:5660/8100, clip_acc1=3.215547561645508, tta_acc1=1.57243812084198
2025-06-11 18:01:08,947 - log - INFO - iter:5660/8100, Original Acc@1: 3.22, Acc@5: 43.25, TTA Acc@1: 1.57, Acc@5: 42.54
2025-06-11 18:02:04,161 - log - INFO - iter:5680/8100, clip_acc1=3.2042253017425537, tta_acc1=1.5669013261795044
2025-06-11 18:02:04,162 - log - INFO - iter:5680/8100, Original Acc@1: 3.20, Acc@5: 43.10, TTA Acc@1: 1.57, Acc@5: 42.39
2025-06-11 18:02:52,958 - log - INFO - iter:5700/8100, clip_acc1=3.1929826736450195, tta_acc1=1.561403512954712
2025-06-11 18:02:52,958 - log - INFO - iter:5700/8100, Original Acc@1: 3.19, Acc@5: 42.95, TTA Acc@1: 1.56, Acc@5: 42.25
2025-06-11 18:03:44,367 - log - INFO - iter:5720/8100, clip_acc1=3.1818182468414307, tta_acc1=1.5559440851211548
2025-06-11 18:03:44,367 - log - INFO - iter:5720/8100, Original Acc@1: 3.18, Acc@5: 42.80, TTA Acc@1: 1.56, Acc@5: 42.10
2025-06-11 18:04:36,073 - log - INFO - iter:5740/8100, clip_acc1=3.170731544494629, tta_acc1=1.5505225658416748
2025-06-11 18:04:36,074 - log - INFO - iter:5740/8100, Original Acc@1: 3.17, Acc@5: 42.65, TTA Acc@1: 1.55, Acc@5: 41.95
2025-06-11 18:05:45,078 - log - INFO - iter:5760/8100, clip_acc1=3.159722328186035, tta_acc1=1.545138955116272
2025-06-11 18:05:45,078 - log - INFO - iter:5760/8100, Original Acc@1: 3.16, Acc@5: 42.50, TTA Acc@1: 1.55, Acc@5: 41.81
2025-06-11 18:06:41,409 - log - INFO - iter:5780/8100, clip_acc1=3.1487889289855957, tta_acc1=1.5397924184799194
2025-06-11 18:06:41,409 - log - INFO - iter:5780/8100, Original Acc@1: 3.15, Acc@5: 42.35, TTA Acc@1: 1.54, Acc@5: 41.66
2025-06-11 18:07:39,370 - log - INFO - iter:5800/8100, clip_acc1=3.1379311084747314, tta_acc1=1.5344828367233276
2025-06-11 18:07:39,370 - log - INFO - iter:5800/8100, Original Acc@1: 3.14, Acc@5: 42.21, TTA Acc@1: 1.53, Acc@5: 41.52
2025-06-11 18:08:48,226 - log - INFO - iter:5820/8100, clip_acc1=3.127147674560547, tta_acc1=1.5292096138000488
2025-06-11 18:08:48,232 - log - INFO - iter:5820/8100, Original Acc@1: 3.13, Acc@5: 42.06, TTA Acc@1: 1.53, Acc@5: 41.37
2025-06-11 18:10:01,031 - log - INFO - iter:5840/8100, clip_acc1=3.116438388824463, tta_acc1=1.5239726305007935
2025-06-11 18:10:01,032 - log - INFO - iter:5840/8100, Original Acc@1: 3.12, Acc@5: 41.92, TTA Acc@1: 1.52, Acc@5: 41.23
2025-06-11 18:10:55,600 - log - INFO - iter:5860/8100, clip_acc1=3.105802059173584, tta_acc1=1.5187712907791138
2025-06-11 18:10:55,600 - log - INFO - iter:5860/8100, Original Acc@1: 3.11, Acc@5: 41.77, TTA Acc@1: 1.52, Acc@5: 41.09
2025-06-11 18:12:03,040 - log - INFO - iter:5880/8100, clip_acc1=3.095238208770752, tta_acc1=1.5136054754257202
2025-06-11 18:12:03,040 - log - INFO - iter:5880/8100, Original Acc@1: 3.10, Acc@5: 41.63, TTA Acc@1: 1.51, Acc@5: 40.95
2025-06-11 18:12:54,621 - log - INFO - iter:5900/8100, clip_acc1=3.0847458839416504, tta_acc1=1.508474588394165
2025-06-11 18:12:54,621 - log - INFO - iter:5900/8100, Original Acc@1: 3.08, Acc@5: 41.49, TTA Acc@1: 1.51, Acc@5: 40.81
2025-06-11 18:13:50,778 - log - INFO - iter:5920/8100, clip_acc1=3.074324369430542, tta_acc1=1.5033783912658691
2025-06-11 18:13:50,779 - log - INFO - iter:5920/8100, Original Acc@1: 3.07, Acc@5: 41.35, TTA Acc@1: 1.50, Acc@5: 40.68
2025-06-11 18:14:50,349 - log - INFO - iter:5940/8100, clip_acc1=3.0639729499816895, tta_acc1=1.4983164072036743
2025-06-11 18:14:50,349 - log - INFO - iter:5940/8100, Original Acc@1: 3.06, Acc@5: 41.21, TTA Acc@1: 1.50, Acc@5: 40.54
2025-06-11 18:16:18,012 - log - INFO - iter:5960/8100, clip_acc1=3.0536913871765137, tta_acc1=1.4932886362075806
2025-06-11 18:16:18,013 - log - INFO - iter:5960/8100, Original Acc@1: 3.05, Acc@5: 41.07, TTA Acc@1: 1.49, Acc@5: 40.40
2025-06-11 18:17:07,910 - log - INFO - iter:5980/8100, clip_acc1=3.04347825050354, tta_acc1=1.488294243812561
2025-06-11 18:17:07,911 - log - INFO - iter:5980/8100, Original Acc@1: 3.04, Acc@5: 40.94, TTA Acc@1: 1.49, Acc@5: 40.27
2025-06-11 18:18:14,685 - log - INFO - iter:6000/8100, clip_acc1=3.0333333015441895, tta_acc1=1.4833333492279053
2025-06-11 18:18:14,685 - log - INFO - iter:6000/8100, Original Acc@1: 3.03, Acc@5: 40.80, TTA Acc@1: 1.48, Acc@5: 40.13
2025-06-11 18:19:18,473 - log - INFO - iter:6020/8100, clip_acc1=3.0232555866241455, tta_acc1=1.478405237197876
2025-06-11 18:19:18,474 - log - INFO - iter:6020/8100, Original Acc@1: 3.02, Acc@5: 40.66, TTA Acc@1: 1.48, Acc@5: 40.00
2025-06-11 18:20:35,468 - log - INFO - iter:6040/8100, clip_acc1=3.013245105743408, tta_acc1=1.4735099077224731
2025-06-11 18:20:35,468 - log - INFO - iter:6040/8100, Original Acc@1: 3.01, Acc@5: 40.53, TTA Acc@1: 1.47, Acc@5: 39.87
2025-06-11 18:21:24,619 - log - INFO - iter:6060/8100, clip_acc1=3.003300428390503, tta_acc1=1.4686468839645386
2025-06-11 18:21:24,619 - log - INFO - iter:6060/8100, Original Acc@1: 3.00, Acc@5: 40.40, TTA Acc@1: 1.47, Acc@5: 39.74
2025-06-11 18:22:23,834 - log - INFO - iter:6080/8100, clip_acc1=2.9934210777282715, tta_acc1=1.4638158082962036
2025-06-11 18:22:23,835 - log - INFO - iter:6080/8100, Original Acc@1: 2.99, Acc@5: 40.26, TTA Acc@1: 1.46, Acc@5: 39.61
2025-06-11 18:23:26,302 - log - INFO - iter:6100/8100, clip_acc1=2.9836065769195557, tta_acc1=1.4590164422988892
2025-06-11 18:23:26,303 - log - INFO - iter:6100/8100, Original Acc@1: 2.98, Acc@5: 40.13, TTA Acc@1: 1.46, Acc@5: 39.48
2025-06-11 18:24:39,147 - log - INFO - iter:6120/8100, clip_acc1=2.973856210708618, tta_acc1=1.4542484283447266
2025-06-11 18:24:39,148 - log - INFO - iter:6120/8100, Original Acc@1: 2.97, Acc@5: 40.00, TTA Acc@1: 1.45, Acc@5: 39.35
2025-06-11 18:25:55,157 - log - INFO - iter:6140/8100, clip_acc1=2.9641692638397217, tta_acc1=1.4495114088058472
2025-06-11 18:25:55,157 - log - INFO - iter:6140/8100, Original Acc@1: 2.96, Acc@5: 39.87, TTA Acc@1: 1.45, Acc@5: 39.22
2025-06-11 18:26:57,090 - log - INFO - iter:6160/8100, clip_acc1=2.954545497894287, tta_acc1=1.4448051452636719
2025-06-11 18:26:57,090 - log - INFO - iter:6160/8100, Original Acc@1: 2.95, Acc@5: 39.74, TTA Acc@1: 1.44, Acc@5: 39.09
2025-06-11 18:28:04,834 - log - INFO - iter:6180/8100, clip_acc1=2.944983720779419, tta_acc1=1.4401293992996216
2025-06-11 18:28:04,835 - log - INFO - iter:6180/8100, Original Acc@1: 2.94, Acc@5: 39.61, TTA Acc@1: 1.44, Acc@5: 38.96
2025-06-11 18:29:15,438 - log - INFO - iter:6200/8100, clip_acc1=2.935483932495117, tta_acc1=1.4354839324951172
2025-06-11 18:29:15,438 - log - INFO - iter:6200/8100, Original Acc@1: 2.94, Acc@5: 39.50, TTA Acc@1: 1.44, Acc@5: 38.85
2025-06-11 18:30:29,897 - log - INFO - iter:6220/8100, clip_acc1=2.9260449409484863, tta_acc1=1.430868148803711
2025-06-11 18:30:29,897 - log - INFO - iter:6220/8100, Original Acc@1: 2.93, Acc@5: 39.37, TTA Acc@1: 1.43, Acc@5: 38.73
2025-06-11 18:31:46,315 - log - INFO - iter:6240/8100, clip_acc1=2.9166667461395264, tta_acc1=1.4262820482254028
2025-06-11 18:31:46,315 - log - INFO - iter:6240/8100, Original Acc@1: 2.92, Acc@5: 39.26, TTA Acc@1: 1.43, Acc@5: 38.61
2025-06-11 18:32:44,785 - log - INFO - iter:6260/8100, clip_acc1=2.907348155975342, tta_acc1=1.4217252731323242
2025-06-11 18:32:44,785 - log - INFO - iter:6260/8100, Original Acc@1: 2.91, Acc@5: 39.14, TTA Acc@1: 1.42, Acc@5: 38.48
2025-06-11 18:33:45,040 - log - INFO - iter:6280/8100, clip_acc1=2.8980891704559326, tta_acc1=1.4171974658966064
2025-06-11 18:33:45,041 - log - INFO - iter:6280/8100, Original Acc@1: 2.90, Acc@5: 39.01, TTA Acc@1: 1.42, Acc@5: 38.36
2025-06-11 18:34:41,005 - log - INFO - iter:6300/8100, clip_acc1=2.8888888359069824, tta_acc1=1.4126983880996704
2025-06-11 18:34:41,006 - log - INFO - iter:6300/8100, Original Acc@1: 2.89, Acc@5: 38.89, TTA Acc@1: 1.41, Acc@5: 38.24
2025-06-11 18:35:33,417 - log - INFO - iter:6320/8100, clip_acc1=2.879746913909912, tta_acc1=1.408227801322937
2025-06-11 18:35:33,417 - log - INFO - iter:6320/8100, Original Acc@1: 2.88, Acc@5: 38.78, TTA Acc@1: 1.41, Acc@5: 38.12
2025-06-11 18:36:25,668 - log - INFO - iter:6340/8100, clip_acc1=2.8706624507904053, tta_acc1=1.4037854671478271
2025-06-11 18:36:25,668 - log - INFO - iter:6340/8100, Original Acc@1: 2.87, Acc@5: 38.66, TTA Acc@1: 1.40, Acc@5: 38.00
2025-06-11 18:37:22,084 - log - INFO - iter:6360/8100, clip_acc1=2.861635208129883, tta_acc1=1.3993710279464722
2025-06-11 18:37:22,084 - log - INFO - iter:6360/8100, Original Acc@1: 2.86, Acc@5: 38.54, TTA Acc@1: 1.40, Acc@5: 37.88
2025-06-11 18:38:21,433 - log - INFO - iter:6380/8100, clip_acc1=2.8526647090911865, tta_acc1=1.3949843645095825
2025-06-11 18:38:21,433 - log - INFO - iter:6380/8100, Original Acc@1: 2.85, Acc@5: 38.42, TTA Acc@1: 1.39, Acc@5: 37.76
2025-06-11 18:39:45,702 - log - INFO - iter:6400/8100, clip_acc1=2.84375, tta_acc1=1.390625
2025-06-11 18:39:45,702 - log - INFO - iter:6400/8100, Original Acc@1: 2.84, Acc@5: 38.31, TTA Acc@1: 1.39, Acc@5: 37.66
2025-06-11 18:40:56,418 - log - INFO - iter:6420/8100, clip_acc1=2.834890842437744, tta_acc1=1.386292815208435
2025-06-11 18:40:56,418 - log - INFO - iter:6420/8100, Original Acc@1: 2.83, Acc@5: 38.19, TTA Acc@1: 1.39, Acc@5: 37.54
2025-06-11 18:41:54,577 - log - INFO - iter:6440/8100, clip_acc1=2.82608699798584, tta_acc1=1.3819875717163086
2025-06-11 18:41:54,577 - log - INFO - iter:6440/8100, Original Acc@1: 2.83, Acc@5: 38.07, TTA Acc@1: 1.38, Acc@5: 37.42
2025-06-11 18:42:55,848 - log - INFO - iter:6460/8100, clip_acc1=2.8173375129699707, tta_acc1=1.3777090311050415
2025-06-11 18:42:55,849 - log - INFO - iter:6460/8100, Original Acc@1: 2.82, Acc@5: 38.11, TTA Acc@1: 1.38, Acc@5: 37.46
2025-06-11 18:43:50,539 - log - INFO - iter:6480/8100, clip_acc1=2.8086421489715576, tta_acc1=1.3734568357467651
2025-06-11 18:43:50,540 - log - INFO - iter:6480/8100, Original Acc@1: 2.81, Acc@5: 38.30, TTA Acc@1: 1.37, Acc@5: 37.65
2025-06-11 18:45:06,954 - log - INFO - iter:6500/8100, clip_acc1=2.799999952316284, tta_acc1=1.3692307472229004
2025-06-11 18:45:06,954 - log - INFO - iter:6500/8100, Original Acc@1: 2.80, Acc@5: 38.49, TTA Acc@1: 1.37, Acc@5: 37.85
2025-06-11 18:45:56,997 - log - INFO - iter:6520/8100, clip_acc1=2.7914109230041504, tta_acc1=1.3650306463241577
2025-06-11 18:45:56,997 - log - INFO - iter:6520/8100, Original Acc@1: 2.79, Acc@5: 38.68, TTA Acc@1: 1.37, Acc@5: 38.04
2025-06-11 18:46:48,443 - log - INFO - iter:6540/8100, clip_acc1=2.782874584197998, tta_acc1=1.360856294631958
2025-06-11 18:46:48,444 - log - INFO - iter:6540/8100, Original Acc@1: 2.78, Acc@5: 38.85, TTA Acc@1: 1.36, Acc@5: 38.23
2025-06-11 18:47:56,165 - log - INFO - iter:6560/8100, clip_acc1=2.77439022064209, tta_acc1=1.3567073345184326
2025-06-11 18:47:56,165 - log - INFO - iter:6560/8100, Original Acc@1: 2.77, Acc@5: 39.04, TTA Acc@1: 1.36, Acc@5: 38.41
2025-06-11 18:49:09,427 - log - INFO - iter:6580/8100, clip_acc1=2.7659573554992676, tta_acc1=1.3525835275650024
2025-06-11 18:49:09,427 - log - INFO - iter:6580/8100, Original Acc@1: 2.77, Acc@5: 39.21, TTA Acc@1: 1.35, Acc@5: 38.60
2025-06-11 18:50:26,506 - log - INFO - iter:6600/8100, clip_acc1=2.757575750350952, tta_acc1=1.3484848737716675
2025-06-11 18:50:26,507 - log - INFO - iter:6600/8100, Original Acc@1: 2.76, Acc@5: 39.36, TTA Acc@1: 1.35, Acc@5: 38.79
2025-06-11 18:51:38,211 - log - INFO - iter:6620/8100, clip_acc1=2.7492449283599854, tta_acc1=1.3444108963012695
2025-06-11 18:51:38,211 - log - INFO - iter:6620/8100, Original Acc@1: 2.75, Acc@5: 39.55, TTA Acc@1: 1.34, Acc@5: 38.97
2025-06-11 18:52:48,121 - log - INFO - iter:6640/8100, clip_acc1=2.740963935852051, tta_acc1=1.340361475944519
2025-06-11 18:52:48,121 - log - INFO - iter:6640/8100, Original Acc@1: 2.74, Acc@5: 39.73, TTA Acc@1: 1.34, Acc@5: 39.16
2025-06-11 18:54:23,180 - log - INFO - iter:6660/8100, clip_acc1=2.7327327728271484, tta_acc1=1.336336374282837
2025-06-11 18:54:23,180 - log - INFO - iter:6660/8100, Original Acc@1: 2.73, Acc@5: 39.91, TTA Acc@1: 1.34, Acc@5: 39.34
2025-06-11 18:55:56,830 - log - INFO - iter:6680/8100, clip_acc1=2.72455096244812, tta_acc1=1.332335352897644
2025-06-11 18:55:56,830 - log - INFO - iter:6680/8100, Original Acc@1: 2.72, Acc@5: 40.09, TTA Acc@1: 1.33, Acc@5: 39.52
2025-06-11 18:57:23,005 - log - INFO - iter:6700/8100, clip_acc1=2.7164177894592285, tta_acc1=1.3283581733703613
2025-06-11 18:57:23,006 - log - INFO - iter:6700/8100, Original Acc@1: 2.72, Acc@5: 40.25, TTA Acc@1: 1.33, Acc@5: 39.70
2025-06-11 18:59:03,218 - log - INFO - iter:6720/8100, clip_acc1=2.7083334922790527, tta_acc1=1.3244048357009888
2025-06-11 18:59:03,219 - log - INFO - iter:6720/8100, Original Acc@1: 2.71, Acc@5: 40.42, TTA Acc@1: 1.32, Acc@5: 39.88
2025-06-11 19:00:46,424 - log - INFO - iter:6740/8100, clip_acc1=2.700296640396118, tta_acc1=1.3204747438430786
2025-06-11 19:00:46,424 - log - INFO - iter:6740/8100, Original Acc@1: 2.70, Acc@5: 40.59, TTA Acc@1: 1.32, Acc@5: 40.04
2025-06-11 19:02:05,839 - log - INFO - iter:6760/8100, clip_acc1=2.692307710647583, tta_acc1=1.3165680170059204
2025-06-11 19:02:05,840 - log - INFO - iter:6760/8100, Original Acc@1: 2.69, Acc@5: 40.77, TTA Acc@1: 1.32, Acc@5: 40.22
2025-06-11 19:03:17,785 - log - INFO - iter:6780/8100, clip_acc1=2.684365749359131, tta_acc1=1.312684416770935
2025-06-11 19:03:17,786 - log - INFO - iter:6780/8100, Original Acc@1: 2.68, Acc@5: 40.94, TTA Acc@1: 1.31, Acc@5: 40.40
2025-06-11 19:04:38,175 - log - INFO - iter:6800/8100, clip_acc1=2.6764705181121826, tta_acc1=1.3088234663009644
2025-06-11 19:04:38,175 - log - INFO - iter:6800/8100, Original Acc@1: 2.68, Acc@5: 41.10, TTA Acc@1: 1.31, Acc@5: 40.57
2025-06-11 19:05:48,405 - log - INFO - iter:6820/8100, clip_acc1=2.668621778488159, tta_acc1=1.3049854040145874
2025-06-11 19:05:48,406 - log - INFO - iter:6820/8100, Original Acc@1: 2.67, Acc@5: 41.28, TTA Acc@1: 1.30, Acc@5: 40.75
2025-06-11 19:07:16,821 - log - INFO - iter:6840/8100, clip_acc1=2.660818576812744, tta_acc1=1.3011696338653564
2025-06-11 19:07:16,822 - log - INFO - iter:6840/8100, Original Acc@1: 2.66, Acc@5: 41.45, TTA Acc@1: 1.30, Acc@5: 40.92
2025-06-11 19:08:29,049 - log - INFO - iter:6860/8100, clip_acc1=2.6530611515045166, tta_acc1=1.297376036643982
2025-06-11 19:08:29,050 - log - INFO - iter:6860/8100, Original Acc@1: 2.65, Acc@5: 41.62, TTA Acc@1: 1.30, Acc@5: 41.09
2025-06-11 19:09:49,462 - log - INFO - iter:6880/8100, clip_acc1=2.6453487873077393, tta_acc1=1.2936046123504639
2025-06-11 19:09:49,463 - log - INFO - iter:6880/8100, Original Acc@1: 2.65, Acc@5: 41.79, TTA Acc@1: 1.29, Acc@5: 41.26
2025-06-11 19:11:11,956 - log - INFO - iter:6900/8100, clip_acc1=2.637681007385254, tta_acc1=1.2898550033569336
2025-06-11 19:11:11,956 - log - INFO - iter:6900/8100, Original Acc@1: 2.64, Acc@5: 41.96, TTA Acc@1: 1.29, Acc@5: 41.43
2025-06-11 19:12:26,103 - log - INFO - iter:6920/8100, clip_acc1=2.6300578117370605, tta_acc1=1.2861270904541016
2025-06-11 19:12:26,103 - log - INFO - iter:6920/8100, Original Acc@1: 2.63, Acc@5: 42.11, TTA Acc@1: 1.29, Acc@5: 41.59
2025-06-11 19:13:48,361 - log - INFO - iter:6940/8100, clip_acc1=2.622478485107422, tta_acc1=1.2824207544326782
2025-06-11 19:13:48,361 - log - INFO - iter:6940/8100, Original Acc@1: 2.62, Acc@5: 42.28, TTA Acc@1: 1.28, Acc@5: 41.76
2025-06-11 19:15:28,956 - log - INFO - iter:6960/8100, clip_acc1=2.6149425506591797, tta_acc1=1.278735637664795
2025-06-11 19:15:28,957 - log - INFO - iter:6960/8100, Original Acc@1: 2.61, Acc@5: 42.44, TTA Acc@1: 1.28, Acc@5: 41.93
2025-06-11 19:17:12,129 - log - INFO - iter:6980/8100, clip_acc1=2.607449769973755, tta_acc1=1.275071620941162
2025-06-11 19:17:12,129 - log - INFO - iter:6980/8100, Original Acc@1: 2.61, Acc@5: 42.61, TTA Acc@1: 1.28, Acc@5: 42.09
2025-06-11 19:18:14,744 - log - INFO - iter:7000/8100, clip_acc1=2.5999999046325684, tta_acc1=1.2714285850524902
2025-06-11 19:18:14,745 - log - INFO - iter:7000/8100, Original Acc@1: 2.60, Acc@5: 42.77, TTA Acc@1: 1.27, Acc@5: 42.26
2025-06-11 19:19:31,197 - log - INFO - iter:7020/8100, clip_acc1=2.592592477798462, tta_acc1=1.2678062915802002
2025-06-11 19:19:31,197 - log - INFO - iter:7020/8100, Original Acc@1: 2.59, Acc@5: 42.91, TTA Acc@1: 1.27, Acc@5: 42.42
2025-06-11 19:21:13,067 - log - INFO - iter:7040/8100, clip_acc1=2.5852272510528564, tta_acc1=1.264204502105713
2025-06-11 19:21:13,067 - log - INFO - iter:7040/8100, Original Acc@1: 2.59, Acc@5: 43.07, TTA Acc@1: 1.26, Acc@5: 42.59
2025-06-11 19:22:32,960 - log - INFO - iter:7060/8100, clip_acc1=2.5779037475585938, tta_acc1=1.2606232166290283
2025-06-11 19:22:32,960 - log - INFO - iter:7060/8100, Original Acc@1: 2.58, Acc@5: 43.23, TTA Acc@1: 1.26, Acc@5: 42.75
2025-06-11 19:23:45,783 - log - INFO - iter:7080/8100, clip_acc1=2.5706214904785156, tta_acc1=1.2570621967315674
2025-06-11 19:23:45,784 - log - INFO - iter:7080/8100, Original Acc@1: 2.57, Acc@5: 43.39, TTA Acc@1: 1.26, Acc@5: 42.91
2025-06-11 19:24:45,913 - log - INFO - iter:7100/8100, clip_acc1=2.563380479812622, tta_acc1=1.253521203994751
2025-06-11 19:24:45,914 - log - INFO - iter:7100/8100, Original Acc@1: 2.56, Acc@5: 43.54, TTA Acc@1: 1.25, Acc@5: 43.07
2025-06-11 19:26:09,596 - log - INFO - iter:7120/8100, clip_acc1=2.5561797618865967, tta_acc1=1.25
2025-06-11 19:26:09,596 - log - INFO - iter:7120/8100, Original Acc@1: 2.56, Acc@5: 43.69, TTA Acc@1: 1.25, Acc@5: 43.23
2025-06-11 19:27:35,294 - log - INFO - iter:7140/8100, clip_acc1=2.5490198135375977, tta_acc1=1.246498703956604
2025-06-11 19:27:35,294 - log - INFO - iter:7140/8100, Original Acc@1: 2.55, Acc@5: 43.85, TTA Acc@1: 1.25, Acc@5: 43.38
2025-06-11 19:29:20,148 - log - INFO - iter:7160/8100, clip_acc1=2.5418994426727295, tta_acc1=1.2430167198181152
2025-06-11 19:29:20,148 - log - INFO - iter:7160/8100, Original Acc@1: 2.54, Acc@5: 44.01, TTA Acc@1: 1.24, Acc@5: 43.53
2025-06-11 19:30:20,686 - log - INFO - iter:7180/8100, clip_acc1=2.5348188877105713, tta_acc1=1.2395544052124023
2025-06-11 19:30:20,687 - log - INFO - iter:7180/8100, Original Acc@1: 2.53, Acc@5: 44.16, TTA Acc@1: 1.24, Acc@5: 43.69
2025-06-11 19:31:39,158 - log - INFO - iter:7200/8100, clip_acc1=2.527777910232544, tta_acc1=1.2361111640930176
2025-06-11 19:31:39,164 - log - INFO - iter:7200/8100, Original Acc@1: 2.53, Acc@5: 44.32, TTA Acc@1: 1.24, Acc@5: 43.85
2025-06-11 19:32:44,675 - log - INFO - iter:7220/8100, clip_acc1=2.797783851623535, tta_acc1=1.509695291519165
2025-06-11 19:32:44,676 - log - INFO - iter:7220/8100, Original Acc@1: 2.80, Acc@5: 44.47, TTA Acc@1: 1.51, Acc@5: 44.00
2025-06-11 19:33:59,829 - log - INFO - iter:7240/8100, clip_acc1=3.066298246383667, tta_acc1=1.7817678451538086
2025-06-11 19:33:59,829 - log - INFO - iter:7240/8100, Original Acc@1: 3.07, Acc@5: 44.63, TTA Acc@1: 1.78, Acc@5: 44.16
2025-06-11 19:35:14,478 - log - INFO - iter:7260/8100, clip_acc1=3.3333334922790527, tta_acc1=2.0523416996002197
2025-06-11 19:35:14,479 - log - INFO - iter:7260/8100, Original Acc@1: 3.33, Acc@5: 44.78, TTA Acc@1: 2.05, Acc@5: 44.31
2025-06-11 19:36:48,320 - log - INFO - iter:7280/8100, clip_acc1=3.5989012718200684, tta_acc1=2.3214287757873535
2025-06-11 19:36:48,320 - log - INFO - iter:7280/8100, Original Acc@1: 3.60, Acc@5: 44.93, TTA Acc@1: 2.32, Acc@5: 44.46
2025-06-11 19:38:25,726 - log - INFO - iter:7300/8100, clip_acc1=3.863013744354248, tta_acc1=2.589040994644165
2025-06-11 19:38:25,727 - log - INFO - iter:7300/8100, Original Acc@1: 3.86, Acc@5: 45.08, TTA Acc@1: 2.59, Acc@5: 44.62
2025-06-11 19:40:04,234 - log - INFO - iter:7320/8100, clip_acc1=4.125683307647705, tta_acc1=2.855191469192505
2025-06-11 19:40:04,234 - log - INFO - iter:7320/8100, Original Acc@1: 4.13, Acc@5: 45.23, TTA Acc@1: 2.86, Acc@5: 44.77
2025-06-11 19:41:57,732 - log - INFO - iter:7340/8100, clip_acc1=4.386921405792236, tta_acc1=3.1198911666870117
2025-06-11 19:41:57,732 - log - INFO - iter:7340/8100, Original Acc@1: 4.39, Acc@5: 45.38, TTA Acc@1: 3.12, Acc@5: 44.92
2025-06-11 19:43:21,131 - log - INFO - iter:7360/8100, clip_acc1=4.6467390060424805, tta_acc1=3.3831520080566406
2025-06-11 19:43:21,131 - log - INFO - iter:7360/8100, Original Acc@1: 4.65, Acc@5: 45.53, TTA Acc@1: 3.38, Acc@5: 45.07
2025-06-11 19:44:40,463 - log - INFO - iter:7380/8100, clip_acc1=4.905148983001709, tta_acc1=3.644986391067505
2025-06-11 19:44:40,463 - log - INFO - iter:7380/8100, Original Acc@1: 4.91, Acc@5: 45.68, TTA Acc@1: 3.64, Acc@5: 45.22
2025-06-11 19:46:07,331 - log - INFO - iter:7400/8100, clip_acc1=5.1621623039245605, tta_acc1=3.9054055213928223
2025-06-11 19:46:07,331 - log - INFO - iter:7400/8100, Original Acc@1: 5.16, Acc@5: 45.82, TTA Acc@1: 3.91, Acc@5: 45.36
2025-06-11 19:47:53,814 - log - INFO - iter:7420/8100, clip_acc1=5.417789936065674, tta_acc1=4.1644206047058105
2025-06-11 19:47:53,814 - log - INFO - iter:7420/8100, Original Acc@1: 5.42, Acc@5: 45.97, TTA Acc@1: 4.16, Acc@5: 45.51
2025-06-11 19:49:24,859 - log - INFO - iter:7440/8100, clip_acc1=5.672043323516846, tta_acc1=4.422043323516846
2025-06-11 19:49:24,859 - log - INFO - iter:7440/8100, Original Acc@1: 5.67, Acc@5: 46.12, TTA Acc@1: 4.42, Acc@5: 45.66
2025-06-11 19:51:05,732 - log - INFO - iter:7460/8100, clip_acc1=5.924932956695557, tta_acc1=4.678284168243408
2025-06-11 19:51:05,732 - log - INFO - iter:7460/8100, Original Acc@1: 5.92, Acc@5: 46.26, TTA Acc@1: 4.68, Acc@5: 45.80
2025-06-11 19:52:26,764 - log - INFO - iter:7480/8100, clip_acc1=6.176470756530762, tta_acc1=4.933155059814453
2025-06-11 19:52:26,765 - log - INFO - iter:7480/8100, Original Acc@1: 6.18, Acc@5: 46.40, TTA Acc@1: 4.93, Acc@5: 45.95
2025-06-11 19:53:46,928 - log - INFO - iter:7500/8100, clip_acc1=6.426666736602783, tta_acc1=5.186666488647461
2025-06-11 19:53:46,928 - log - INFO - iter:7500/8100, Original Acc@1: 6.43, Acc@5: 46.55, TTA Acc@1: 5.19, Acc@5: 46.09
2025-06-11 19:55:34,215 - log - INFO - iter:7520/8100, clip_acc1=6.67553186416626, tta_acc1=5.43882942199707
2025-06-11 19:55:34,215 - log - INFO - iter:7520/8100, Original Acc@1: 6.68, Acc@5: 46.69, TTA Acc@1: 5.44, Acc@5: 46.24
2025-06-11 19:57:29,125 - log - INFO - iter:7540/8100, clip_acc1=6.92307710647583, tta_acc1=5.689655303955078
2025-06-11 19:57:29,126 - log - INFO - iter:7540/8100, Original Acc@1: 6.92, Acc@5: 46.83, TTA Acc@1: 5.69, Acc@5: 46.38
2025-06-11 19:58:46,628 - log - INFO - iter:7560/8100, clip_acc1=7.169312477111816, tta_acc1=5.939153671264648
2025-06-11 19:58:46,629 - log - INFO - iter:7560/8100, Original Acc@1: 7.17, Acc@5: 46.97, TTA Acc@1: 5.94, Acc@5: 46.52
2025-06-11 20:00:10,379 - log - INFO - iter:7580/8100, clip_acc1=7.414247989654541, tta_acc1=6.187335014343262
2025-06-11 20:00:10,379 - log - INFO - iter:7580/8100, Original Acc@1: 7.41, Acc@5: 47.11, TTA Acc@1: 6.19, Acc@5: 46.66
2025-06-11 20:01:36,141 - log - INFO - iter:7600/8100, clip_acc1=7.657894611358643, tta_acc1=6.434210300445557
2025-06-11 20:01:36,142 - log - INFO - iter:7600/8100, Original Acc@1: 7.66, Acc@5: 47.25, TTA Acc@1: 6.43, Acc@5: 46.80
2025-06-11 20:02:51,454 - log - INFO - iter:7620/8100, clip_acc1=7.900262355804443, tta_acc1=6.679790019989014
2025-06-11 20:02:51,454 - log - INFO - iter:7620/8100, Original Acc@1: 7.90, Acc@5: 47.39, TTA Acc@1: 6.68, Acc@5: 46.94
2025-06-11 20:04:22,603 - log - INFO - iter:7640/8100, clip_acc1=8.141361236572266, tta_acc1=6.924083709716797
2025-06-11 20:04:22,603 - log - INFO - iter:7640/8100, Original Acc@1: 8.14, Acc@5: 47.53, TTA Acc@1: 6.92, Acc@5: 47.08
2025-06-11 20:05:42,117 - log - INFO - iter:7660/8100, clip_acc1=8.381200790405273, tta_acc1=7.167101860046387
2025-06-11 20:05:42,117 - log - INFO - iter:7660/8100, Original Acc@1: 8.38, Acc@5: 47.66, TTA Acc@1: 7.17, Acc@5: 47.22
2025-06-11 20:06:38,430 - log - INFO - iter:7680/8100, clip_acc1=8.619791984558105, tta_acc1=7.4088544845581055
2025-06-11 20:06:38,430 - log - INFO - iter:7680/8100, Original Acc@1: 8.62, Acc@5: 47.80, TTA Acc@1: 7.41, Acc@5: 47.36
2025-06-11 20:08:10,182 - log - INFO - iter:7700/8100, clip_acc1=8.857142448425293, tta_acc1=7.649350166320801
2025-06-11 20:08:10,183 - log - INFO - iter:7700/8100, Original Acc@1: 8.86, Acc@5: 47.94, TTA Acc@1: 7.65, Acc@5: 47.49
2025-06-11 20:09:11,822 - log - INFO - iter:7720/8100, clip_acc1=9.09326457977295, tta_acc1=7.888601303100586
2025-06-11 20:09:11,823 - log - INFO - iter:7720/8100, Original Acc@1: 9.09, Acc@5: 48.07, TTA Acc@1: 7.89, Acc@5: 47.63
2025-06-11 20:10:24,592 - log - INFO - iter:7740/8100, clip_acc1=9.328165054321289, tta_acc1=8.126614570617676
2025-06-11 20:10:24,592 - log - INFO - iter:7740/8100, Original Acc@1: 9.33, Acc@5: 48.20, TTA Acc@1: 8.13, Acc@5: 47.76
2025-06-11 20:11:35,207 - log - INFO - iter:7760/8100, clip_acc1=9.561856269836426, tta_acc1=8.363402366638184
2025-06-11 20:11:35,207 - log - INFO - iter:7760/8100, Original Acc@1: 9.56, Acc@5: 48.34, TTA Acc@1: 8.36, Acc@5: 47.90
2025-06-11 20:12:55,302 - log - INFO - iter:7780/8100, clip_acc1=9.794344902038574, tta_acc1=8.59897232055664
2025-06-11 20:12:55,303 - log - INFO - iter:7780/8100, Original Acc@1: 9.79, Acc@5: 48.47, TTA Acc@1: 8.60, Acc@5: 48.03
2025-06-11 20:14:05,312 - log - INFO - iter:7800/8100, clip_acc1=10.025640487670898, tta_acc1=8.833333015441895
2025-06-11 20:14:05,313 - log - INFO - iter:7800/8100, Original Acc@1: 10.03, Acc@5: 48.60, TTA Acc@1: 8.83, Acc@5: 48.17
2025-06-11 20:15:55,712 - log - INFO - iter:7820/8100, clip_acc1=10.255754470825195, tta_acc1=9.066495895385742
2025-06-11 20:15:55,718 - log - INFO - iter:7820/8100, Original Acc@1: 10.26, Acc@5: 48.73, TTA Acc@1: 9.07, Acc@5: 48.30
2025-06-11 20:17:04,751 - log - INFO - iter:7840/8100, clip_acc1=10.48469352722168, tta_acc1=9.298468589782715
2025-06-11 20:17:04,751 - log - INFO - iter:7840/8100, Original Acc@1: 10.48, Acc@5: 48.86, TTA Acc@1: 9.30, Acc@5: 48.43
2025-06-11 20:18:24,257 - log - INFO - iter:7860/8100, clip_acc1=10.712468147277832, tta_acc1=9.52926254272461
2025-06-11 20:18:24,257 - log - INFO - iter:7860/8100, Original Acc@1: 10.71, Acc@5: 48.99, TTA Acc@1: 9.53, Acc@5: 48.56
2025-06-11 20:19:37,412 - log - INFO - iter:7880/8100, clip_acc1=10.9390869140625, tta_acc1=9.758883476257324
2025-06-11 20:19:37,412 - log - INFO - iter:7880/8100, Original Acc@1: 10.94, Acc@5: 49.12, TTA Acc@1: 9.76, Acc@5: 48.69
2025-06-11 20:20:55,688 - log - INFO - iter:7900/8100, clip_acc1=11.164557456970215, tta_acc1=9.98734188079834
2025-06-11 20:20:55,689 - log - INFO - iter:7900/8100, Original Acc@1: 11.16, Acc@5: 49.25, TTA Acc@1: 9.99, Acc@5: 48.82
2025-06-11 20:22:30,445 - log - INFO - iter:7920/8100, clip_acc1=11.38888931274414, tta_acc1=10.21464729309082
2025-06-11 20:22:30,445 - log - INFO - iter:7920/8100, Original Acc@1: 11.39, Acc@5: 49.38, TTA Acc@1: 10.21, Acc@5: 48.95
2025-06-11 20:23:38,370 - log - INFO - iter:7940/8100, clip_acc1=11.612091064453125, tta_acc1=10.44080638885498
2025-06-11 20:23:38,371 - log - INFO - iter:7940/8100, Original Acc@1: 11.61, Acc@5: 49.51, TTA Acc@1: 10.44, Acc@5: 49.08
2025-06-11 20:24:59,718 - log - INFO - iter:7960/8100, clip_acc1=11.8341703414917, tta_acc1=10.665828704833984
2025-06-11 20:24:59,718 - log - INFO - iter:7960/8100, Original Acc@1: 11.83, Acc@5: 49.64, TTA Acc@1: 10.67, Acc@5: 49.21
2025-06-11 20:26:08,222 - log - INFO - iter:7980/8100, clip_acc1=12.055137634277344, tta_acc1=10.889723777770996
2025-06-11 20:26:08,223 - log - INFO - iter:7980/8100, Original Acc@1: 12.06, Acc@5: 49.76, TTA Acc@1: 10.89, Acc@5: 49.34
2025-06-11 20:27:18,268 - log - INFO - iter:8000/8100, clip_acc1=12.27500057220459, tta_acc1=11.112500190734863
2025-06-11 20:27:18,268 - log - INFO - iter:8000/8100, Original Acc@1: 12.28, Acc@5: 49.89, TTA Acc@1: 11.11, Acc@5: 49.46
2025-06-11 20:29:05,601 - log - INFO - iter:8020/8100, clip_acc1=12.493764877319336, tta_acc1=11.3341646194458
2025-06-11 20:29:05,602 - log - INFO - iter:8020/8100, Original Acc@1: 12.49, Acc@5: 50.01, TTA Acc@1: 11.33, Acc@5: 49.59
2025-06-11 20:30:25,145 - log - INFO - iter:8040/8100, clip_acc1=12.711442947387695, tta_acc1=11.554726600646973
2025-06-11 20:30:25,145 - log - INFO - iter:8040/8100, Original Acc@1: 12.71, Acc@5: 50.14, TTA Acc@1: 11.55, Acc@5: 49.71
2025-06-11 20:31:41,182 - log - INFO - iter:8060/8100, clip_acc1=12.928040504455566, tta_acc1=11.77419376373291
2025-06-11 20:31:41,183 - log - INFO - iter:8060/8100, Original Acc@1: 12.93, Acc@5: 50.26, TTA Acc@1: 11.77, Acc@5: 49.84
2025-06-11 20:33:29,090 - log - INFO - iter:8080/8100, clip_acc1=13.14356517791748, tta_acc1=11.992574691772461
2025-06-11 20:33:29,090 - log - INFO - iter:8080/8100, Original Acc@1: 13.14, Acc@5: 50.38, TTA Acc@1: 11.99, Acc@5: 49.96
2025-06-11 20:34:21,124 - log - INFO - iter:8100/8100, clip_acc1=13.358024597167969, tta_acc1=12.20987606048584
2025-06-11 20:34:21,125 - log - INFO - iter:8100/8100, Original Acc@1: 13.36, Acc@5: 50.51, TTA Acc@1: 12.21, Acc@5: 50.09
2025-06-11 20:34:21,190 - log - INFO - Final results - Original Acc@1: 13.36, Acc@5: 50.51, TTA Acc@1: 12.21, Acc@5: 50.09
2025-06-11 20:34:21,191 - log - INFO - Improvement from TTA in Acc@1 -1.15, and Acc@5 -0.42
2025-06-11 20:34:21,756 - log - INFO - Weighted scores saved to /l/users/hashmat.malik/Projects/ATPT/Final_Results/fare4/eurosat/Clean/Counter_Attack/Eps_4_0_Steps_2_Alpha_1_0/tau_0_2_beta_2_0_weighted_pertrubation_True/No_TPT/Inference_Ensemble_weighted_rtpt_topk_20_softmaxtemp_0_01/weighted_scores.json
2025-06-11 20:34:21,756 - log - INFO - Creating plot of average weights for each view
2025-06-11 20:34:22,863 - log - INFO - Average weights plot saved to /l/users/hashmat.malik/Projects/ATPT/Final_Results/fare4/eurosat/Clean/Counter_Attack/Eps_4_0_Steps_2_Alpha_1_0/tau_0_2_beta_2_0_weighted_pertrubation_True/No_TPT/Inference_Ensemble_weighted_rtpt_topk_20_softmaxtemp_0_01/weighted_scores_plot.png
2025-06-11 20:34:22,873 - log - INFO - => Acc. on testset [eurosat]: Clean Acc @1 13.358024597167969/ TTA Clean Acc @1 12.20987606048584, Clean Acc @5 50.50617218017578/ TTA Clean Acc @5 50.08641815185547
2025-06-11 20:34:22,874 - log - INFO - Total script execution time: 26725.33 seconds (445.42 minutes)
