2025-06-10 05:52:11,497 - log - INFO - ==========================================
data:/leonardo_work/EUHPC_R04_192/fmohamma/Adversarial_Robust_Clip/atpt_data/downstream_datasets
test_sets:Aircraft
dataset_mode:test
arch:ViT-L/14
resolution:224
workers:4
no_pin_memory:False
batch_size:64
print_freq:20
gpu:0
no_cudnn_benchmark:False
n_ctx:4
ctx_init:a_photo_of_a
tpt_loss:rtpt
seed:0
output_dir:/leonardo_work/EUHPC_R04_192/fmohamma/Adversarial_Robust_Clip/atpt_data/ViT-L/14/Aircraft
log_output_dir:/leonardo_work/EUHPC_R04_192/fmohamma/Adversarial_Robust_Clip/ATPT/Final_Results/ViT-L/14/Aircraft
eps:0.0
alpha:0.0
alpha_eps_ratio:4.0
steps:0
lr:0.005
selection_p:0.1
tta_steps:1
ensemble_type:none
top_k:20
softmax_temp:0.01
counter_attack:True
counter_attack_type:pgd
counter_attack_steps:2
counter_attack_eps:2.0
counter_attack_alpha:1.0
counter_attack_tau_thres:0.2
counter_attack_beta:2.0
counter_attack_weighted_perturbations:True
pgd_clip_pure_i_text_embeddings:null
pgd_counter_and_clipure_i_lamda:1.0
selected_id_name:selected_topk.json
weighted_score_name:weighted_scores.json
batch_entropy_name:entropies.json
log_dir:/leonardo_work/EUHPC_R04_192/fmohamma/Adversarial_Robust_Clip/ATPT/Final_Results/ViT-L/14/Aircraft/Clean/Counter_Attack/Eps_2_0_Steps_2_Alpha_1_0/tau_0_2_beta_2_0_weighted_pertrubation_True/TPT/Optimization_Loss_rtpt_LR_0_005_Optimization_Steps_1_View_Selection_Fraction_0_1/Inference_Ensemble_none

2025-06-10 05:52:11,498 - log - INFO - Use GPU: 0 for training
2025-06-10 05:53:10,976 - log - INFO - Freezing all parameters except prompt learner
2025-06-10 05:53:10,978 - log - INFO - => Model created: visual backbone ViT-L/14
2025-06-10 05:53:11,081 - log - INFO - Number of test samples: 3333
2025-06-10 05:53:11,081 - log - INFO - Evaluating dataset: Aircraft
2025-06-10 05:53:11,082 - log - INFO - Starting evaluation with batch size: 64, selection percentage: 0.1
2025-06-10 05:53:11,082 - log - INFO - Test-time adaptation steps: 1, learning rate: 0.005
2025-06-10 05:53:11,082 - log - INFO - Using counter-attack with epsilon: 2.000000, alpha: 0.000000, steps: 2, tau_thres: 0.2, beta: 2.0, weighted perturbation: True
2025-06-10 05:54:27,490 - log - INFO - iter:20/3333, clip_acc1=30.0, tta_acc1=10.0
2025-06-10 05:54:27,490 - log - INFO - iter:20/3333, Original Acc@1: 30.00, Acc@5: 65.00, TTA Acc@1: 10.00, Acc@5: 20.00
2025-06-10 05:55:26,482 - log - INFO - iter:40/3333, clip_acc1=42.5, tta_acc1=12.5
2025-06-10 05:55:26,482 - log - INFO - iter:40/3333, Original Acc@1: 42.50, Acc@5: 77.50, TTA Acc@1: 12.50, Acc@5: 32.50
2025-06-10 05:56:25,474 - log - INFO - iter:60/3333, clip_acc1=43.333335876464844, tta_acc1=21.666667938232422
2025-06-10 05:56:25,474 - log - INFO - iter:60/3333, Original Acc@1: 43.33, Acc@5: 80.00, TTA Acc@1: 21.67, Acc@5: 40.00
2025-06-10 05:57:26,037 - log - INFO - iter:80/3333, clip_acc1=41.25, tta_acc1=22.5
2025-06-10 05:57:26,037 - log - INFO - iter:80/3333, Original Acc@1: 41.25, Acc@5: 73.75, TTA Acc@1: 22.50, Acc@5: 38.75
2025-06-10 05:58:25,223 - log - INFO - iter:100/3333, clip_acc1=34.0, tta_acc1=20.0
2025-06-10 05:58:25,223 - log - INFO - iter:100/3333, Original Acc@1: 34.00, Acc@5: 68.00, TTA Acc@1: 20.00, Acc@5: 36.00
2025-06-10 05:59:24,868 - log - INFO - iter:120/3333, clip_acc1=28.33333396911621, tta_acc1=17.5
2025-06-10 05:59:24,869 - log - INFO - iter:120/3333, Original Acc@1: 28.33, Acc@5: 60.83, TTA Acc@1: 17.50, Acc@5: 34.17
2025-06-10 06:00:25,413 - log - INFO - iter:140/3333, clip_acc1=24.285715103149414, tta_acc1=15.714285850524902
2025-06-10 06:00:25,414 - log - INFO - iter:140/3333, Original Acc@1: 24.29, Acc@5: 55.00, TTA Acc@1: 15.71, Acc@5: 35.00
2025-06-10 06:01:24,542 - log - INFO - iter:160/3333, clip_acc1=21.25, tta_acc1=14.375
2025-06-10 06:01:24,543 - log - INFO - iter:160/3333, Original Acc@1: 21.25, Acc@5: 50.00, TTA Acc@1: 14.38, Acc@5: 33.75
2025-06-10 06:02:23,926 - log - INFO - iter:180/3333, clip_acc1=18.88888931274414, tta_acc1=12.777777671813965
2025-06-10 06:02:23,926 - log - INFO - iter:180/3333, Original Acc@1: 18.89, Acc@5: 44.44, TTA Acc@1: 12.78, Acc@5: 32.78
2025-06-10 06:03:23,507 - log - INFO - iter:200/3333, clip_acc1=17.0, tta_acc1=12.5
2025-06-10 06:03:23,507 - log - INFO - iter:200/3333, Original Acc@1: 17.00, Acc@5: 42.50, TTA Acc@1: 12.50, Acc@5: 34.00
2025-06-10 06:04:22,857 - log - INFO - iter:220/3333, clip_acc1=15.454545021057129, tta_acc1=11.818181037902832
2025-06-10 06:04:22,858 - log - INFO - iter:220/3333, Original Acc@1: 15.45, Acc@5: 45.00, TTA Acc@1: 11.82, Acc@5: 34.09
2025-06-10 06:05:22,114 - log - INFO - iter:240/3333, clip_acc1=14.583333969116211, tta_acc1=11.250000953674316
2025-06-10 06:05:22,114 - log - INFO - iter:240/3333, Original Acc@1: 14.58, Acc@5: 47.08, TTA Acc@1: 11.25, Acc@5: 36.25
2025-06-10 06:06:21,331 - log - INFO - iter:260/3333, clip_acc1=16.153846740722656, tta_acc1=10.769230842590332
2025-06-10 06:06:21,331 - log - INFO - iter:260/3333, Original Acc@1: 16.15, Acc@5: 49.62, TTA Acc@1: 10.77, Acc@5: 37.31
2025-06-10 06:07:20,454 - log - INFO - iter:280/3333, clip_acc1=15.0, tta_acc1=10.0
2025-06-10 06:07:20,454 - log - INFO - iter:280/3333, Original Acc@1: 15.00, Acc@5: 48.93, TTA Acc@1: 10.00, Acc@5: 35.36
2025-06-10 06:08:19,697 - log - INFO - iter:300/3333, clip_acc1=14.333333969116211, tta_acc1=9.333333969116211
2025-06-10 06:08:19,698 - log - INFO - iter:300/3333, Original Acc@1: 14.33, Acc@5: 47.67, TTA Acc@1: 9.33, Acc@5: 35.00
2025-06-10 06:09:19,195 - log - INFO - iter:320/3333, clip_acc1=14.0625, tta_acc1=9.0625
2025-06-10 06:09:19,195 - log - INFO - iter:320/3333, Original Acc@1: 14.06, Acc@5: 48.44, TTA Acc@1: 9.06, Acc@5: 35.31
2025-06-10 06:10:18,758 - log - INFO - iter:340/3333, clip_acc1=14.411765098571777, tta_acc1=9.117647171020508
2025-06-10 06:10:18,758 - log - INFO - iter:340/3333, Original Acc@1: 14.41, Acc@5: 50.00, TTA Acc@1: 9.12, Acc@5: 36.76
2025-06-10 06:11:18,242 - log - INFO - iter:360/3333, clip_acc1=15.555556297302246, tta_acc1=8.611111640930176
2025-06-10 06:11:18,243 - log - INFO - iter:360/3333, Original Acc@1: 15.56, Acc@5: 52.50, TTA Acc@1: 8.61, Acc@5: 39.44
2025-06-10 06:12:17,358 - log - INFO - iter:380/3333, clip_acc1=17.10526466369629, tta_acc1=9.473684310913086
2025-06-10 06:12:17,359 - log - INFO - iter:380/3333, Original Acc@1: 17.11, Acc@5: 54.47, TTA Acc@1: 9.47, Acc@5: 41.32
2025-06-10 06:13:16,693 - log - INFO - iter:400/3333, clip_acc1=18.5, tta_acc1=10.75
2025-06-10 06:13:16,694 - log - INFO - iter:400/3333, Original Acc@1: 18.50, Acc@5: 55.50, TTA Acc@1: 10.75, Acc@5: 43.00
2025-06-10 06:14:16,490 - log - INFO - iter:420/3333, clip_acc1=17.619049072265625, tta_acc1=10.476190567016602
2025-06-10 06:14:16,490 - log - INFO - iter:420/3333, Original Acc@1: 17.62, Acc@5: 56.19, TTA Acc@1: 10.48, Acc@5: 44.52
2025-06-10 06:15:15,952 - log - INFO - iter:440/3333, clip_acc1=16.81818199157715, tta_acc1=10.909090995788574
2025-06-10 06:15:15,952 - log - INFO - iter:440/3333, Original Acc@1: 16.82, Acc@5: 57.73, TTA Acc@1: 10.91, Acc@5: 46.59
2025-06-10 06:16:15,327 - log - INFO - iter:460/3333, clip_acc1=16.7391300201416, tta_acc1=12.391304016113281
2025-06-10 06:16:15,327 - log - INFO - iter:460/3333, Original Acc@1: 16.74, Acc@5: 59.35, TTA Acc@1: 12.39, Acc@5: 48.48
2025-06-10 06:17:14,606 - log - INFO - iter:480/3333, clip_acc1=17.291667938232422, tta_acc1=13.125000953674316
2025-06-10 06:17:14,607 - log - INFO - iter:480/3333, Original Acc@1: 17.29, Acc@5: 59.38, TTA Acc@1: 13.13, Acc@5: 49.17
2025-06-10 06:18:14,347 - log - INFO - iter:500/3333, clip_acc1=17.400001525878906, tta_acc1=13.600000381469727
2025-06-10 06:18:14,347 - log - INFO - iter:500/3333, Original Acc@1: 17.40, Acc@5: 59.60, TTA Acc@1: 13.60, Acc@5: 49.60
2025-06-10 06:19:13,636 - log - INFO - iter:520/3333, clip_acc1=17.69230842590332, tta_acc1=13.65384578704834
2025-06-10 06:19:13,637 - log - INFO - iter:520/3333, Original Acc@1: 17.69, Acc@5: 60.38, TTA Acc@1: 13.65, Acc@5: 50.77
2025-06-10 06:20:12,916 - log - INFO - iter:540/3333, clip_acc1=17.962963104248047, tta_acc1=13.518518447875977
2025-06-10 06:20:12,917 - log - INFO - iter:540/3333, Original Acc@1: 17.96, Acc@5: 60.93, TTA Acc@1: 13.52, Acc@5: 51.11
2025-06-10 06:21:12,129 - log - INFO - iter:560/3333, clip_acc1=18.035715103149414, tta_acc1=13.035714149475098
2025-06-10 06:21:12,129 - log - INFO - iter:560/3333, Original Acc@1: 18.04, Acc@5: 61.61, TTA Acc@1: 13.04, Acc@5: 50.18
2025-06-10 06:22:11,548 - log - INFO - iter:580/3333, clip_acc1=17.758621215820312, tta_acc1=12.586206436157227
2025-06-10 06:22:11,548 - log - INFO - iter:580/3333, Original Acc@1: 17.76, Acc@5: 61.72, TTA Acc@1: 12.59, Acc@5: 49.31
2025-06-10 06:23:10,802 - log - INFO - iter:600/3333, clip_acc1=17.666667938232422, tta_acc1=12.166666984558105
2025-06-10 06:23:10,802 - log - INFO - iter:600/3333, Original Acc@1: 17.67, Acc@5: 62.33, TTA Acc@1: 12.17, Acc@5: 49.17
2025-06-10 06:24:10,101 - log - INFO - iter:620/3333, clip_acc1=17.25806427001953, tta_acc1=11.77419376373291
2025-06-10 06:24:10,101 - log - INFO - iter:620/3333, Original Acc@1: 17.26, Acc@5: 63.39, TTA Acc@1: 11.77, Acc@5: 48.55
2025-06-10 06:25:09,631 - log - INFO - iter:640/3333, clip_acc1=16.875, tta_acc1=11.40625
2025-06-10 06:25:09,632 - log - INFO - iter:640/3333, Original Acc@1: 16.88, Acc@5: 63.28, TTA Acc@1: 11.41, Acc@5: 47.81
2025-06-10 06:26:11,875 - log - INFO - iter:660/3333, clip_acc1=17.121212005615234, tta_acc1=11.21212100982666
2025-06-10 06:26:11,875 - log - INFO - iter:660/3333, Original Acc@1: 17.12, Acc@5: 63.03, TTA Acc@1: 11.21, Acc@5: 47.73
2025-06-10 06:27:11,304 - log - INFO - iter:680/3333, clip_acc1=17.05882453918457, tta_acc1=10.882352828979492
2025-06-10 06:27:11,304 - log - INFO - iter:680/3333, Original Acc@1: 17.06, Acc@5: 62.65, TTA Acc@1: 10.88, Acc@5: 47.35
2025-06-10 06:28:10,707 - log - INFO - iter:700/3333, clip_acc1=17.14285659790039, tta_acc1=10.714285850524902
2025-06-10 06:28:10,707 - log - INFO - iter:700/3333, Original Acc@1: 17.14, Acc@5: 62.43, TTA Acc@1: 10.71, Acc@5: 47.57
2025-06-10 06:29:09,802 - log - INFO - iter:720/3333, clip_acc1=17.36111068725586, tta_acc1=10.833333969116211
2025-06-10 06:29:09,803 - log - INFO - iter:720/3333, Original Acc@1: 17.36, Acc@5: 62.08, TTA Acc@1: 10.83, Acc@5: 47.64
2025-06-10 06:30:08,922 - log - INFO - iter:740/3333, clip_acc1=17.567567825317383, tta_acc1=11.08108139038086
2025-06-10 06:30:08,922 - log - INFO - iter:740/3333, Original Acc@1: 17.57, Acc@5: 61.62, TTA Acc@1: 11.08, Acc@5: 48.24
2025-06-10 06:31:08,452 - log - INFO - iter:760/3333, clip_acc1=17.894737243652344, tta_acc1=11.447368621826172
2025-06-10 06:31:08,452 - log - INFO - iter:760/3333, Original Acc@1: 17.89, Acc@5: 61.84, TTA Acc@1: 11.45, Acc@5: 48.42
2025-06-10 06:32:07,730 - log - INFO - iter:780/3333, clip_acc1=18.076923370361328, tta_acc1=11.794872283935547
2025-06-10 06:32:07,730 - log - INFO - iter:780/3333, Original Acc@1: 18.08, Acc@5: 62.18, TTA Acc@1: 11.79, Acc@5: 49.23
2025-06-10 06:33:07,432 - log - INFO - iter:800/3333, clip_acc1=18.75, tta_acc1=11.75
2025-06-10 06:33:07,432 - log - INFO - iter:800/3333, Original Acc@1: 18.75, Acc@5: 62.50, TTA Acc@1: 11.75, Acc@5: 50.25
2025-06-10 06:34:07,012 - log - INFO - iter:820/3333, clip_acc1=19.7560977935791, tta_acc1=12.92682933807373
2025-06-10 06:34:07,012 - log - INFO - iter:820/3333, Original Acc@1: 19.76, Acc@5: 63.05, TTA Acc@1: 12.93, Acc@5: 51.22
2025-06-10 06:35:06,788 - log - INFO - iter:840/3333, clip_acc1=20.119049072265625, tta_acc1=13.809524536132812
2025-06-10 06:35:06,788 - log - INFO - iter:840/3333, Original Acc@1: 20.12, Acc@5: 63.69, TTA Acc@1: 13.81, Acc@5: 52.14
2025-06-10 06:36:05,903 - log - INFO - iter:860/3333, clip_acc1=20.0, tta_acc1=13.60465145111084
2025-06-10 06:36:05,903 - log - INFO - iter:860/3333, Original Acc@1: 20.00, Acc@5: 64.07, TTA Acc@1: 13.60, Acc@5: 52.67
2025-06-10 06:37:05,395 - log - INFO - iter:880/3333, clip_acc1=20.34090805053711, tta_acc1=14.090909004211426
2025-06-10 06:37:05,395 - log - INFO - iter:880/3333, Original Acc@1: 20.34, Acc@5: 64.20, TTA Acc@1: 14.09, Acc@5: 53.30
2025-06-10 06:38:04,828 - log - INFO - iter:900/3333, clip_acc1=21.0, tta_acc1=14.88888931274414
2025-06-10 06:38:04,828 - log - INFO - iter:900/3333, Original Acc@1: 21.00, Acc@5: 64.44, TTA Acc@1: 14.89, Acc@5: 53.89
2025-06-10 06:39:04,080 - log - INFO - iter:920/3333, clip_acc1=20.978260040283203, tta_acc1=15.108695030212402
2025-06-10 06:39:04,080 - log - INFO - iter:920/3333, Original Acc@1: 20.98, Acc@5: 64.57, TTA Acc@1: 15.11, Acc@5: 54.24
2025-06-10 06:40:03,493 - log - INFO - iter:940/3333, clip_acc1=20.851062774658203, tta_acc1=15.21276569366455
2025-06-10 06:40:03,493 - log - INFO - iter:940/3333, Original Acc@1: 20.85, Acc@5: 64.47, TTA Acc@1: 15.21, Acc@5: 54.26
2025-06-10 06:41:02,706 - log - INFO - iter:960/3333, clip_acc1=20.416667938232422, tta_acc1=14.895833969116211
2025-06-10 06:41:02,706 - log - INFO - iter:960/3333, Original Acc@1: 20.42, Acc@5: 64.17, TTA Acc@1: 14.90, Acc@5: 54.38
2025-06-10 06:42:01,855 - log - INFO - iter:980/3333, clip_acc1=20.510202407836914, tta_acc1=14.897958755493164
2025-06-10 06:42:01,855 - log - INFO - iter:980/3333, Original Acc@1: 20.51, Acc@5: 64.59, TTA Acc@1: 14.90, Acc@5: 55.00
2025-06-10 06:43:01,065 - log - INFO - iter:1000/3333, clip_acc1=21.100000381469727, tta_acc1=15.30000114440918
2025-06-10 06:43:01,066 - log - INFO - iter:1000/3333, Original Acc@1: 21.10, Acc@5: 65.00, TTA Acc@1: 15.30, Acc@5: 55.50
2025-06-10 06:44:00,138 - log - INFO - iter:1020/3333, clip_acc1=20.686275482177734, tta_acc1=15.000000953674316
2025-06-10 06:44:00,138 - log - INFO - iter:1020/3333, Original Acc@1: 20.69, Acc@5: 65.20, TTA Acc@1: 15.00, Acc@5: 55.88
2025-06-10 06:44:59,799 - log - INFO - iter:1040/3333, clip_acc1=20.288461685180664, tta_acc1=14.711538314819336
2025-06-10 06:44:59,799 - log - INFO - iter:1040/3333, Original Acc@1: 20.29, Acc@5: 65.58, TTA Acc@1: 14.71, Acc@5: 56.54
2025-06-10 06:45:59,497 - log - INFO - iter:1060/3333, clip_acc1=19.90566062927246, tta_acc1=14.43396282196045
2025-06-10 06:45:59,497 - log - INFO - iter:1060/3333, Original Acc@1: 19.91, Acc@5: 65.66, TTA Acc@1: 14.43, Acc@5: 56.89
2025-06-10 06:46:58,833 - log - INFO - iter:1080/3333, clip_acc1=19.537036895751953, tta_acc1=14.351851463317871
2025-06-10 06:46:58,834 - log - INFO - iter:1080/3333, Original Acc@1: 19.54, Acc@5: 65.74, TTA Acc@1: 14.35, Acc@5: 57.31
2025-06-10 06:47:58,433 - log - INFO - iter:1100/3333, clip_acc1=19.454545974731445, tta_acc1=14.363636016845703
2025-06-10 06:47:58,433 - log - INFO - iter:1100/3333, Original Acc@1: 19.45, Acc@5: 66.09, TTA Acc@1: 14.36, Acc@5: 58.00
2025-06-10 06:48:57,950 - log - INFO - iter:1120/3333, clip_acc1=20.35714340209961, tta_acc1=15.178571701049805
2025-06-10 06:48:57,950 - log - INFO - iter:1120/3333, Original Acc@1: 20.36, Acc@5: 66.70, TTA Acc@1: 15.18, Acc@5: 58.75
2025-06-10 06:49:57,355 - log - INFO - iter:1140/3333, clip_acc1=20.877193450927734, tta_acc1=16.140350341796875
2025-06-10 06:49:57,356 - log - INFO - iter:1140/3333, Original Acc@1: 20.88, Acc@5: 67.11, TTA Acc@1: 16.14, Acc@5: 59.39
2025-06-10 06:50:56,624 - log - INFO - iter:1160/3333, clip_acc1=20.86206817626953, tta_acc1=16.379310607910156
2025-06-10 06:50:56,625 - log - INFO - iter:1160/3333, Original Acc@1: 20.86, Acc@5: 67.24, TTA Acc@1: 16.38, Acc@5: 59.74
2025-06-10 06:51:56,100 - log - INFO - iter:1180/3333, clip_acc1=20.593219757080078, tta_acc1=16.27118682861328
2025-06-10 06:51:56,100 - log - INFO - iter:1180/3333, Original Acc@1: 20.59, Acc@5: 67.12, TTA Acc@1: 16.27, Acc@5: 59.75
2025-06-10 06:52:55,168 - log - INFO - iter:1200/3333, clip_acc1=20.416667938232422, tta_acc1=16.166667938232422
2025-06-10 06:52:55,168 - log - INFO - iter:1200/3333, Original Acc@1: 20.42, Acc@5: 66.83, TTA Acc@1: 16.17, Acc@5: 59.58
2025-06-10 06:53:54,427 - log - INFO - iter:1220/3333, clip_acc1=20.327869415283203, tta_acc1=16.147541046142578
2025-06-10 06:53:54,427 - log - INFO - iter:1220/3333, Original Acc@1: 20.33, Acc@5: 66.48, TTA Acc@1: 16.15, Acc@5: 59.18
2025-06-10 06:54:53,774 - log - INFO - iter:1240/3333, clip_acc1=20.483871459960938, tta_acc1=16.45161247253418
2025-06-10 06:54:53,774 - log - INFO - iter:1240/3333, Original Acc@1: 20.48, Acc@5: 66.37, TTA Acc@1: 16.45, Acc@5: 59.11
2025-06-10 06:55:53,236 - log - INFO - iter:1260/3333, clip_acc1=21.03174591064453, tta_acc1=16.74603271484375
2025-06-10 06:55:53,236 - log - INFO - iter:1260/3333, Original Acc@1: 21.03, Acc@5: 66.75, TTA Acc@1: 16.75, Acc@5: 59.60
2025-06-10 06:56:52,648 - log - INFO - iter:1280/3333, clip_acc1=20.9375, tta_acc1=17.265625
2025-06-10 06:56:52,648 - log - INFO - iter:1280/3333, Original Acc@1: 20.94, Acc@5: 67.11, TTA Acc@1: 17.27, Acc@5: 60.08
2025-06-10 06:57:52,546 - log - INFO - iter:1300/3333, clip_acc1=20.923076629638672, tta_acc1=17.923076629638672
2025-06-10 06:57:52,546 - log - INFO - iter:1300/3333, Original Acc@1: 20.92, Acc@5: 67.46, TTA Acc@1: 17.92, Acc@5: 60.54
2025-06-10 06:58:52,425 - log - INFO - iter:1320/3333, clip_acc1=20.606060028076172, tta_acc1=17.651514053344727
2025-06-10 06:58:52,426 - log - INFO - iter:1320/3333, Original Acc@1: 20.61, Acc@5: 66.89, TTA Acc@1: 17.65, Acc@5: 59.92
2025-06-10 06:59:51,767 - log - INFO - iter:1340/3333, clip_acc1=20.522388458251953, tta_acc1=17.611940383911133
2025-06-10 06:59:51,768 - log - INFO - iter:1340/3333, Original Acc@1: 20.52, Acc@5: 66.57, TTA Acc@1: 17.61, Acc@5: 59.55
2025-06-10 07:00:51,859 - log - INFO - iter:1360/3333, clip_acc1=20.661766052246094, tta_acc1=17.573530197143555
2025-06-10 07:00:51,860 - log - INFO - iter:1360/3333, Original Acc@1: 20.66, Acc@5: 66.76, TTA Acc@1: 17.57, Acc@5: 59.93
2025-06-10 07:01:51,143 - log - INFO - iter:1380/3333, clip_acc1=20.724637985229492, tta_acc1=17.60869598388672
2025-06-10 07:01:51,143 - log - INFO - iter:1380/3333, Original Acc@1: 20.72, Acc@5: 66.81, TTA Acc@1: 17.61, Acc@5: 60.14
2025-06-10 07:02:50,474 - log - INFO - iter:1400/3333, clip_acc1=20.928571701049805, tta_acc1=17.78571319580078
2025-06-10 07:02:50,474 - log - INFO - iter:1400/3333, Original Acc@1: 20.93, Acc@5: 66.86, TTA Acc@1: 17.79, Acc@5: 60.21
2025-06-10 07:03:52,647 - log - INFO - iter:1420/3333, clip_acc1=21.690139770507812, tta_acc1=18.732393264770508
2025-06-10 07:03:52,647 - log - INFO - iter:1420/3333, Original Acc@1: 21.69, Acc@5: 67.18, TTA Acc@1: 18.73, Acc@5: 60.70
2025-06-10 07:04:51,877 - log - INFO - iter:1440/3333, clip_acc1=22.15277862548828, tta_acc1=19.30555534362793
2025-06-10 07:04:51,877 - log - INFO - iter:1440/3333, Original Acc@1: 22.15, Acc@5: 67.29, TTA Acc@1: 19.31, Acc@5: 60.83
2025-06-10 07:05:51,394 - log - INFO - iter:1460/3333, clip_acc1=21.849315643310547, tta_acc1=19.178083419799805
2025-06-10 07:05:51,395 - log - INFO - iter:1460/3333, Original Acc@1: 21.85, Acc@5: 67.33, TTA Acc@1: 19.18, Acc@5: 61.03
2025-06-10 07:06:51,048 - log - INFO - iter:1480/3333, clip_acc1=21.62162208557129, tta_acc1=19.054054260253906
2025-06-10 07:06:51,048 - log - INFO - iter:1480/3333, Original Acc@1: 21.62, Acc@5: 66.89, TTA Acc@1: 19.05, Acc@5: 60.68
2025-06-10 07:07:50,866 - log - INFO - iter:1500/3333, clip_acc1=21.33333396911621, tta_acc1=18.866666793823242
2025-06-10 07:07:50,867 - log - INFO - iter:1500/3333, Original Acc@1: 21.33, Acc@5: 66.33, TTA Acc@1: 18.87, Acc@5: 60.27
2025-06-10 07:08:50,320 - log - INFO - iter:1520/3333, clip_acc1=21.11842155456543, tta_acc1=18.68421173095703
2025-06-10 07:08:50,320 - log - INFO - iter:1520/3333, Original Acc@1: 21.12, Acc@5: 65.79, TTA Acc@1: 18.68, Acc@5: 59.93
2025-06-10 07:09:49,845 - log - INFO - iter:1540/3333, clip_acc1=20.84415626525879, tta_acc1=18.441558837890625
2025-06-10 07:09:49,845 - log - INFO - iter:1540/3333, Original Acc@1: 20.84, Acc@5: 65.39, TTA Acc@1: 18.44, Acc@5: 59.61
2025-06-10 07:10:49,125 - log - INFO - iter:1560/3333, clip_acc1=20.576923370361328, tta_acc1=18.205129623413086
2025-06-10 07:10:49,125 - log - INFO - iter:1560/3333, Original Acc@1: 20.58, Acc@5: 65.00, TTA Acc@1: 18.21, Acc@5: 59.23
2025-06-10 07:11:48,563 - log - INFO - iter:1580/3333, clip_acc1=20.822784423828125, tta_acc1=18.670886993408203
2025-06-10 07:11:48,563 - log - INFO - iter:1580/3333, Original Acc@1: 20.82, Acc@5: 65.13, TTA Acc@1: 18.67, Acc@5: 59.56
2025-06-10 07:12:48,141 - log - INFO - iter:1600/3333, clip_acc1=21.4375, tta_acc1=19.375
2025-06-10 07:12:48,141 - log - INFO - iter:1600/3333, Original Acc@1: 21.44, Acc@5: 65.56, TTA Acc@1: 19.38, Acc@5: 60.06
2025-06-10 07:13:47,281 - log - INFO - iter:1620/3333, clip_acc1=22.098766326904297, tta_acc1=20.123456954956055
2025-06-10 07:13:47,281 - log - INFO - iter:1620/3333, Original Acc@1: 22.10, Acc@5: 65.93, TTA Acc@1: 20.12, Acc@5: 60.49
2025-06-10 07:14:46,945 - log - INFO - iter:1640/3333, clip_acc1=22.439023971557617, tta_acc1=20.731706619262695
2025-06-10 07:14:46,945 - log - INFO - iter:1640/3333, Original Acc@1: 22.44, Acc@5: 66.28, TTA Acc@1: 20.73, Acc@5: 60.85
2025-06-10 07:15:46,679 - log - INFO - iter:1660/3333, clip_acc1=22.590362548828125, tta_acc1=21.024097442626953
2025-06-10 07:15:46,680 - log - INFO - iter:1660/3333, Original Acc@1: 22.59, Acc@5: 66.51, TTA Acc@1: 21.02, Acc@5: 61.02
2025-06-10 07:16:45,810 - log - INFO - iter:1680/3333, clip_acc1=22.44047737121582, tta_acc1=20.952381134033203
2025-06-10 07:16:45,810 - log - INFO - iter:1680/3333, Original Acc@1: 22.44, Acc@5: 66.49, TTA Acc@1: 20.95, Acc@5: 61.13
2025-06-10 07:17:45,131 - log - INFO - iter:1700/3333, clip_acc1=22.176469802856445, tta_acc1=20.823528289794922
2025-06-10 07:17:45,131 - log - INFO - iter:1700/3333, Original Acc@1: 22.18, Acc@5: 66.29, TTA Acc@1: 20.82, Acc@5: 60.88
2025-06-10 07:18:44,843 - log - INFO - iter:1720/3333, clip_acc1=22.5, tta_acc1=21.162790298461914
2025-06-10 07:18:44,843 - log - INFO - iter:1720/3333, Original Acc@1: 22.50, Acc@5: 66.34, TTA Acc@1: 21.16, Acc@5: 61.05
2025-06-10 07:19:44,045 - log - INFO - iter:1740/3333, clip_acc1=22.816091537475586, tta_acc1=21.379310607910156
2025-06-10 07:19:44,045 - log - INFO - iter:1740/3333, Original Acc@1: 22.82, Acc@5: 66.44, TTA Acc@1: 21.38, Acc@5: 61.21
2025-06-10 07:20:43,094 - log - INFO - iter:1760/3333, clip_acc1=22.727272033691406, tta_acc1=21.420454025268555
2025-06-10 07:20:43,095 - log - INFO - iter:1760/3333, Original Acc@1: 22.73, Acc@5: 66.31, TTA Acc@1: 21.42, Acc@5: 61.48
2025-06-10 07:21:42,156 - log - INFO - iter:1780/3333, clip_acc1=22.921348571777344, tta_acc1=21.685394287109375
2025-06-10 07:21:42,156 - log - INFO - iter:1780/3333, Original Acc@1: 22.92, Acc@5: 66.52, TTA Acc@1: 21.69, Acc@5: 61.74
2025-06-10 07:22:41,393 - log - INFO - iter:1800/3333, clip_acc1=23.44444465637207, tta_acc1=22.33333396911621
2025-06-10 07:22:41,393 - log - INFO - iter:1800/3333, Original Acc@1: 23.44, Acc@5: 66.72, TTA Acc@1: 22.33, Acc@5: 62.00
2025-06-10 07:23:40,872 - log - INFO - iter:1820/3333, clip_acc1=23.29670524597168, tta_acc1=22.362638473510742
2025-06-10 07:23:40,873 - log - INFO - iter:1820/3333, Original Acc@1: 23.30, Acc@5: 66.43, TTA Acc@1: 22.36, Acc@5: 61.92
2025-06-10 07:24:40,217 - log - INFO - iter:1840/3333, clip_acc1=23.315216064453125, tta_acc1=22.44565200805664
2025-06-10 07:24:40,218 - log - INFO - iter:1840/3333, Original Acc@1: 23.32, Acc@5: 66.14, TTA Acc@1: 22.45, Acc@5: 61.85
2025-06-10 07:25:40,443 - log - INFO - iter:1860/3333, clip_acc1=23.225807189941406, tta_acc1=22.52688217163086
2025-06-10 07:25:40,443 - log - INFO - iter:1860/3333, Original Acc@1: 23.23, Acc@5: 66.02, TTA Acc@1: 22.53, Acc@5: 61.94
2025-06-10 07:26:39,559 - log - INFO - iter:1880/3333, clip_acc1=23.03191375732422, tta_acc1=22.5
2025-06-10 07:26:39,559 - log - INFO - iter:1880/3333, Original Acc@1: 23.03, Acc@5: 65.69, TTA Acc@1: 22.50, Acc@5: 61.81
2025-06-10 07:27:39,001 - log - INFO - iter:1900/3333, clip_acc1=22.789472579956055, tta_acc1=22.421051025390625
2025-06-10 07:27:39,001 - log - INFO - iter:1900/3333, Original Acc@1: 22.79, Acc@5: 65.32, TTA Acc@1: 22.42, Acc@5: 61.89
2025-06-10 07:28:38,594 - log - INFO - iter:1920/3333, clip_acc1=23.33333396911621, tta_acc1=23.072917938232422
2025-06-10 07:28:38,594 - log - INFO - iter:1920/3333, Original Acc@1: 23.33, Acc@5: 65.62, TTA Acc@1: 23.07, Acc@5: 62.24
2025-06-10 07:29:37,580 - log - INFO - iter:1940/3333, clip_acc1=23.608247756958008, tta_acc1=23.298969268798828
2025-06-10 07:29:37,581 - log - INFO - iter:1940/3333, Original Acc@1: 23.61, Acc@5: 65.67, TTA Acc@1: 23.30, Acc@5: 62.37
2025-06-10 07:30:36,767 - log - INFO - iter:1960/3333, clip_acc1=23.367345809936523, tta_acc1=23.06122398376465
2025-06-10 07:30:36,767 - log - INFO - iter:1960/3333, Original Acc@1: 23.37, Acc@5: 65.46, TTA Acc@1: 23.06, Acc@5: 62.04
2025-06-10 07:31:36,012 - log - INFO - iter:1980/3333, clip_acc1=23.33333396911621, tta_acc1=23.030303955078125
2025-06-10 07:31:36,013 - log - INFO - iter:1980/3333, Original Acc@1: 23.33, Acc@5: 65.35, TTA Acc@1: 23.03, Acc@5: 61.97
2025-06-10 07:32:35,571 - log - INFO - iter:2000/3333, clip_acc1=23.400001525878906, tta_acc1=23.30000114440918
2025-06-10 07:32:35,571 - log - INFO - iter:2000/3333, Original Acc@1: 23.40, Acc@5: 65.60, TTA Acc@1: 23.30, Acc@5: 62.30
2025-06-10 07:33:34,874 - log - INFO - iter:2020/3333, clip_acc1=23.415842056274414, tta_acc1=23.51485252380371
2025-06-10 07:33:34,874 - log - INFO - iter:2020/3333, Original Acc@1: 23.42, Acc@5: 65.89, TTA Acc@1: 23.51, Acc@5: 62.62
2025-06-10 07:34:34,141 - log - INFO - iter:2040/3333, clip_acc1=23.431373596191406, tta_acc1=23.578432083129883
2025-06-10 07:34:34,141 - log - INFO - iter:2040/3333, Original Acc@1: 23.43, Acc@5: 65.88, TTA Acc@1: 23.58, Acc@5: 62.79
2025-06-10 07:35:33,385 - log - INFO - iter:2060/3333, clip_acc1=23.543689727783203, tta_acc1=23.737865447998047
2025-06-10 07:35:33,385 - log - INFO - iter:2060/3333, Original Acc@1: 23.54, Acc@5: 66.17, TTA Acc@1: 23.74, Acc@5: 63.01
2025-06-10 07:36:32,722 - log - INFO - iter:2080/3333, clip_acc1=23.413461685180664, tta_acc1=23.509614944458008
2025-06-10 07:36:32,722 - log - INFO - iter:2080/3333, Original Acc@1: 23.41, Acc@5: 65.82, TTA Acc@1: 23.51, Acc@5: 62.60
2025-06-10 07:37:32,228 - log - INFO - iter:2100/3333, clip_acc1=23.190475463867188, tta_acc1=23.28571319580078
2025-06-10 07:37:32,228 - log - INFO - iter:2100/3333, Original Acc@1: 23.19, Acc@5: 65.19, TTA Acc@1: 23.29, Acc@5: 62.00
2025-06-10 07:38:31,648 - log - INFO - iter:2120/3333, clip_acc1=23.537736892700195, tta_acc1=23.49056625366211
2025-06-10 07:38:31,648 - log - INFO - iter:2120/3333, Original Acc@1: 23.54, Acc@5: 65.52, TTA Acc@1: 23.49, Acc@5: 62.31
2025-06-10 07:39:31,176 - log - INFO - iter:2140/3333, clip_acc1=23.738319396972656, tta_acc1=23.50467300415039
2025-06-10 07:39:31,177 - log - INFO - iter:2140/3333, Original Acc@1: 23.74, Acc@5: 65.47, TTA Acc@1: 23.50, Acc@5: 62.38
2025-06-10 07:40:30,891 - log - INFO - iter:2160/3333, clip_acc1=23.518518447875977, tta_acc1=23.333332061767578
2025-06-10 07:40:30,892 - log - INFO - iter:2160/3333, Original Acc@1: 23.52, Acc@5: 64.91, TTA Acc@1: 23.33, Acc@5: 61.85
2025-06-10 07:41:30,942 - log - INFO - iter:2180/3333, clip_acc1=23.302751541137695, tta_acc1=23.165138244628906
2025-06-10 07:41:30,942 - log - INFO - iter:2180/3333, Original Acc@1: 23.30, Acc@5: 64.50, TTA Acc@1: 23.17, Acc@5: 61.61
2025-06-10 07:42:30,781 - log - INFO - iter:2200/3333, clip_acc1=23.18181800842285, tta_acc1=23.18181800842285
2025-06-10 07:42:30,781 - log - INFO - iter:2200/3333, Original Acc@1: 23.18, Acc@5: 64.27, TTA Acc@1: 23.18, Acc@5: 61.41
2025-06-10 07:43:30,512 - log - INFO - iter:2220/3333, clip_acc1=22.972972869873047, tta_acc1=22.972972869873047
2025-06-10 07:43:30,512 - log - INFO - iter:2220/3333, Original Acc@1: 22.97, Acc@5: 63.78, TTA Acc@1: 22.97, Acc@5: 61.04
2025-06-10 07:44:30,326 - log - INFO - iter:2240/3333, clip_acc1=22.76785659790039, tta_acc1=22.76785659790039
2025-06-10 07:44:30,327 - log - INFO - iter:2240/3333, Original Acc@1: 22.77, Acc@5: 63.21, TTA Acc@1: 22.77, Acc@5: 60.54
2025-06-10 07:45:30,071 - log - INFO - iter:2260/3333, clip_acc1=22.56637191772461, tta_acc1=22.56637191772461
2025-06-10 07:45:30,071 - log - INFO - iter:2260/3333, Original Acc@1: 22.57, Acc@5: 62.74, TTA Acc@1: 22.57, Acc@5: 60.04
2025-06-10 07:46:29,550 - log - INFO - iter:2280/3333, clip_acc1=22.36842155456543, tta_acc1=22.36842155456543
2025-06-10 07:46:29,551 - log - INFO - iter:2280/3333, Original Acc@1: 22.37, Acc@5: 62.28, TTA Acc@1: 22.37, Acc@5: 59.69
2025-06-10 07:47:28,903 - log - INFO - iter:2300/3333, clip_acc1=22.173913955688477, tta_acc1=22.173913955688477
2025-06-10 07:47:28,903 - log - INFO - iter:2300/3333, Original Acc@1: 22.17, Acc@5: 61.87, TTA Acc@1: 22.17, Acc@5: 59.30
2025-06-10 07:48:28,364 - log - INFO - iter:2320/3333, clip_acc1=22.11206817626953, tta_acc1=22.15517234802246
2025-06-10 07:48:28,365 - log - INFO - iter:2320/3333, Original Acc@1: 22.11, Acc@5: 61.59, TTA Acc@1: 22.16, Acc@5: 59.09
2025-06-10 07:49:28,200 - log - INFO - iter:2340/3333, clip_acc1=21.96581268310547, tta_acc1=21.96581268310547
2025-06-10 07:49:28,200 - log - INFO - iter:2340/3333, Original Acc@1: 21.97, Acc@5: 61.24, TTA Acc@1: 21.97, Acc@5: 58.72
2025-06-10 07:50:27,652 - log - INFO - iter:2360/3333, clip_acc1=21.822032928466797, tta_acc1=21.94915199279785
2025-06-10 07:50:27,653 - log - INFO - iter:2360/3333, Original Acc@1: 21.82, Acc@5: 61.02, TTA Acc@1: 21.95, Acc@5: 58.69
2025-06-10 07:51:27,166 - log - INFO - iter:2380/3333, clip_acc1=22.14285659790039, tta_acc1=22.352941513061523
2025-06-10 07:51:27,167 - log - INFO - iter:2380/3333, Original Acc@1: 22.14, Acc@5: 61.13, TTA Acc@1: 22.35, Acc@5: 58.95
2025-06-10 07:52:26,590 - log - INFO - iter:2400/3333, clip_acc1=22.791667938232422, tta_acc1=23.0
2025-06-10 07:52:26,590 - log - INFO - iter:2400/3333, Original Acc@1: 22.79, Acc@5: 61.46, TTA Acc@1: 23.00, Acc@5: 59.29
2025-06-10 07:53:26,234 - log - INFO - iter:2420/3333, clip_acc1=23.388429641723633, tta_acc1=23.636363983154297
2025-06-10 07:53:26,234 - log - INFO - iter:2420/3333, Original Acc@1: 23.39, Acc@5: 61.78, TTA Acc@1: 23.64, Acc@5: 59.63
2025-06-10 07:54:25,808 - log - INFO - iter:2440/3333, clip_acc1=23.852458953857422, tta_acc1=24.057376861572266
2025-06-10 07:54:25,809 - log - INFO - iter:2440/3333, Original Acc@1: 23.85, Acc@5: 62.05, TTA Acc@1: 24.06, Acc@5: 59.96
2025-06-10 07:55:25,296 - log - INFO - iter:2460/3333, clip_acc1=24.227642059326172, tta_acc1=24.430892944335938
2025-06-10 07:55:25,296 - log - INFO - iter:2460/3333, Original Acc@1: 24.23, Acc@5: 62.24, TTA Acc@1: 24.43, Acc@5: 60.16
2025-06-10 07:56:25,228 - log - INFO - iter:2480/3333, clip_acc1=24.15322494506836, tta_acc1=24.395160675048828
2025-06-10 07:56:25,228 - log - INFO - iter:2480/3333, Original Acc@1: 24.15, Acc@5: 62.26, TTA Acc@1: 24.40, Acc@5: 60.16
2025-06-10 07:57:24,832 - log - INFO - iter:2500/3333, clip_acc1=24.0, tta_acc1=24.239999771118164
2025-06-10 07:57:24,832 - log - INFO - iter:2500/3333, Original Acc@1: 24.00, Acc@5: 62.40, TTA Acc@1: 24.24, Acc@5: 60.32
2025-06-10 07:58:24,412 - log - INFO - iter:2520/3333, clip_acc1=24.404762268066406, tta_acc1=24.603174209594727
2025-06-10 07:58:24,412 - log - INFO - iter:2520/3333, Original Acc@1: 24.40, Acc@5: 62.66, TTA Acc@1: 24.60, Acc@5: 60.60
2025-06-10 07:59:24,299 - log - INFO - iter:2540/3333, clip_acc1=24.56692886352539, tta_acc1=24.842519760131836
2025-06-10 07:59:24,299 - log - INFO - iter:2540/3333, Original Acc@1: 24.57, Acc@5: 62.91, TTA Acc@1: 24.84, Acc@5: 60.91
2025-06-10 08:00:23,851 - log - INFO - iter:2560/3333, clip_acc1=24.609375, tta_acc1=25.0
2025-06-10 08:00:23,851 - log - INFO - iter:2560/3333, Original Acc@1: 24.61, Acc@5: 62.89, TTA Acc@1: 25.00, Acc@5: 60.98
2025-06-10 08:01:23,008 - log - INFO - iter:2580/3333, clip_acc1=24.65116310119629, tta_acc1=25.0
2025-06-10 08:01:23,008 - log - INFO - iter:2580/3333, Original Acc@1: 24.65, Acc@5: 63.02, TTA Acc@1: 25.00, Acc@5: 61.05
2025-06-10 08:02:22,517 - log - INFO - iter:2600/3333, clip_acc1=24.884614944458008, tta_acc1=25.038461685180664
2025-06-10 08:02:22,518 - log - INFO - iter:2600/3333, Original Acc@1: 24.88, Acc@5: 63.12, TTA Acc@1: 25.04, Acc@5: 61.23
2025-06-10 08:03:27,024 - log - INFO - iter:2620/3333, clip_acc1=25.152671813964844, tta_acc1=25.229007720947266
2025-06-10 08:03:27,025 - log - INFO - iter:2620/3333, Original Acc@1: 25.15, Acc@5: 63.36, TTA Acc@1: 25.23, Acc@5: 61.45
2025-06-10 08:04:26,458 - log - INFO - iter:2640/3333, clip_acc1=25.26515007019043, tta_acc1=25.26515007019043
2025-06-10 08:04:26,458 - log - INFO - iter:2640/3333, Original Acc@1: 25.27, Acc@5: 63.52, TTA Acc@1: 25.27, Acc@5: 61.67
2025-06-10 08:05:26,265 - log - INFO - iter:2660/3333, clip_acc1=25.112781524658203, tta_acc1=25.187971115112305
2025-06-10 08:05:26,265 - log - INFO - iter:2660/3333, Original Acc@1: 25.11, Acc@5: 63.61, TTA Acc@1: 25.19, Acc@5: 61.77
2025-06-10 08:06:25,767 - log - INFO - iter:2680/3333, clip_acc1=25.298507690429688, tta_acc1=25.3358211517334
2025-06-10 08:06:25,767 - log - INFO - iter:2680/3333, Original Acc@1: 25.30, Acc@5: 63.77, TTA Acc@1: 25.34, Acc@5: 61.98
2025-06-10 08:07:25,502 - log - INFO - iter:2700/3333, clip_acc1=25.77777862548828, tta_acc1=25.296297073364258
2025-06-10 08:07:25,502 - log - INFO - iter:2700/3333, Original Acc@1: 25.78, Acc@5: 64.04, TTA Acc@1: 25.30, Acc@5: 62.26
2025-06-10 08:08:25,577 - log - INFO - iter:2720/3333, clip_acc1=25.661766052246094, tta_acc1=25.551471710205078
2025-06-10 08:08:25,577 - log - INFO - iter:2720/3333, Original Acc@1: 25.66, Acc@5: 64.23, TTA Acc@1: 25.55, Acc@5: 62.46
2025-06-10 08:09:25,837 - log - INFO - iter:2740/3333, clip_acc1=25.656932830810547, tta_acc1=25.948904037475586
2025-06-10 08:09:25,838 - log - INFO - iter:2740/3333, Original Acc@1: 25.66, Acc@5: 64.49, TTA Acc@1: 25.95, Acc@5: 62.74
2025-06-10 08:10:24,973 - log - INFO - iter:2760/3333, clip_acc1=25.869565963745117, tta_acc1=26.48550796508789
2025-06-10 08:10:24,973 - log - INFO - iter:2760/3333, Original Acc@1: 25.87, Acc@5: 64.71, TTA Acc@1: 26.49, Acc@5: 63.01
2025-06-10 08:11:24,369 - log - INFO - iter:2780/3333, clip_acc1=26.04316520690918, tta_acc1=26.834531784057617
2025-06-10 08:11:24,369 - log - INFO - iter:2780/3333, Original Acc@1: 26.04, Acc@5: 64.86, TTA Acc@1: 26.83, Acc@5: 63.20
2025-06-10 08:12:23,706 - log - INFO - iter:2800/3333, clip_acc1=26.14285659790039, tta_acc1=27.10714340209961
2025-06-10 08:12:23,707 - log - INFO - iter:2800/3333, Original Acc@1: 26.14, Acc@5: 65.07, TTA Acc@1: 27.11, Acc@5: 63.46
2025-06-10 08:13:22,932 - log - INFO - iter:2820/3333, clip_acc1=25.95744514465332, tta_acc1=27.09219741821289
2025-06-10 08:13:22,932 - log - INFO - iter:2820/3333, Original Acc@1: 25.96, Acc@5: 64.65, TTA Acc@1: 27.09, Acc@5: 63.48
2025-06-10 08:14:22,159 - log - INFO - iter:2840/3333, clip_acc1=25.845069885253906, tta_acc1=27.112674713134766
2025-06-10 08:14:22,159 - log - INFO - iter:2840/3333, Original Acc@1: 25.85, Acc@5: 64.33, TTA Acc@1: 27.11, Acc@5: 63.59
2025-06-10 08:15:23,218 - log - INFO - iter:2860/3333, clip_acc1=25.90909194946289, tta_acc1=27.377622604370117
2025-06-10 08:15:23,218 - log - INFO - iter:2860/3333, Original Acc@1: 25.91, Acc@5: 64.34, TTA Acc@1: 27.38, Acc@5: 63.78
2025-06-10 08:16:22,686 - log - INFO - iter:2880/3333, clip_acc1=25.83333396911621, tta_acc1=27.43055534362793
2025-06-10 08:16:22,686 - log - INFO - iter:2880/3333, Original Acc@1: 25.83, Acc@5: 64.34, TTA Acc@1: 27.43, Acc@5: 63.99
2025-06-10 08:17:21,934 - log - INFO - iter:2900/3333, clip_acc1=25.79310417175293, tta_acc1=27.379310607910156
2025-06-10 08:17:21,934 - log - INFO - iter:2900/3333, Original Acc@1: 25.79, Acc@5: 64.21, TTA Acc@1: 27.38, Acc@5: 63.97
2025-06-10 08:18:21,282 - log - INFO - iter:2920/3333, clip_acc1=25.616439819335938, tta_acc1=27.226028442382812
2025-06-10 08:18:21,282 - log - INFO - iter:2920/3333, Original Acc@1: 25.62, Acc@5: 63.90, TTA Acc@1: 27.23, Acc@5: 63.97
2025-06-10 08:19:20,611 - log - INFO - iter:2940/3333, clip_acc1=25.442176818847656, tta_acc1=27.176870346069336
2025-06-10 08:19:20,611 - log - INFO - iter:2940/3333, Original Acc@1: 25.44, Acc@5: 63.74, TTA Acc@1: 27.18, Acc@5: 63.84
2025-06-10 08:20:20,015 - log - INFO - iter:2960/3333, clip_acc1=25.304054260253906, tta_acc1=27.027027130126953
2025-06-10 08:20:20,015 - log - INFO - iter:2960/3333, Original Acc@1: 25.30, Acc@5: 63.55, TTA Acc@1: 27.03, Acc@5: 63.68
2025-06-10 08:21:19,382 - log - INFO - iter:2980/3333, clip_acc1=25.268457412719727, tta_acc1=27.080537796020508
2025-06-10 08:21:19,382 - log - INFO - iter:2980/3333, Original Acc@1: 25.27, Acc@5: 63.52, TTA Acc@1: 27.08, Acc@5: 63.62
2025-06-10 08:22:18,604 - log - INFO - iter:3000/3333, clip_acc1=25.233333587646484, tta_acc1=27.03333282470703
2025-06-10 08:22:18,604 - log - INFO - iter:3000/3333, Original Acc@1: 25.23, Acc@5: 63.40, TTA Acc@1: 27.03, Acc@5: 63.50
2025-06-10 08:23:17,868 - log - INFO - iter:3020/3333, clip_acc1=25.066225051879883, tta_acc1=26.854305267333984
2025-06-10 08:23:17,869 - log - INFO - iter:3020/3333, Original Acc@1: 25.07, Acc@5: 62.98, TTA Acc@1: 26.85, Acc@5: 63.08
2025-06-10 08:24:17,307 - log - INFO - iter:3040/3333, clip_acc1=24.901317596435547, tta_acc1=26.710527420043945
2025-06-10 08:24:17,307 - log - INFO - iter:3040/3333, Original Acc@1: 24.90, Acc@5: 62.57, TTA Acc@1: 26.71, Acc@5: 62.70
2025-06-10 08:25:16,908 - log - INFO - iter:3060/3333, clip_acc1=24.803922653198242, tta_acc1=26.9281063079834
2025-06-10 08:25:16,908 - log - INFO - iter:3060/3333, Original Acc@1: 24.80, Acc@5: 62.45, TTA Acc@1: 26.93, Acc@5: 62.81
2025-06-10 08:26:16,001 - log - INFO - iter:3080/3333, clip_acc1=24.675323486328125, tta_acc1=26.883115768432617
2025-06-10 08:26:16,002 - log - INFO - iter:3080/3333, Original Acc@1: 24.68, Acc@5: 62.18, TTA Acc@1: 26.88, Acc@5: 62.60
2025-06-10 08:27:15,343 - log - INFO - iter:3100/3333, clip_acc1=24.516130447387695, tta_acc1=26.709678649902344
2025-06-10 08:27:15,343 - log - INFO - iter:3100/3333, Original Acc@1: 24.52, Acc@5: 61.90, TTA Acc@1: 26.71, Acc@5: 62.23
2025-06-10 08:28:14,670 - log - INFO - iter:3120/3333, clip_acc1=24.455129623413086, tta_acc1=26.826923370361328
2025-06-10 08:28:14,671 - log - INFO - iter:3120/3333, Original Acc@1: 24.46, Acc@5: 61.99, TTA Acc@1: 26.83, Acc@5: 62.40
2025-06-10 08:29:14,008 - log - INFO - iter:3140/3333, clip_acc1=24.39490509033203, tta_acc1=26.91082763671875
2025-06-10 08:29:14,008 - log - INFO - iter:3140/3333, Original Acc@1: 24.39, Acc@5: 61.97, TTA Acc@1: 26.91, Acc@5: 62.48
2025-06-10 08:30:13,375 - log - INFO - iter:3160/3333, clip_acc1=24.43037986755371, tta_acc1=26.89873504638672
2025-06-10 08:30:13,375 - log - INFO - iter:3160/3333, Original Acc@1: 24.43, Acc@5: 61.93, TTA Acc@1: 26.90, Acc@5: 62.47
2025-06-10 08:31:12,701 - log - INFO - iter:3180/3333, clip_acc1=24.68553352355957, tta_acc1=27.169811248779297
2025-06-10 08:31:12,701 - log - INFO - iter:3180/3333, Original Acc@1: 24.69, Acc@5: 62.11, TTA Acc@1: 27.17, Acc@5: 62.64
2025-06-10 08:32:11,987 - log - INFO - iter:3200/3333, clip_acc1=25.09375, tta_acc1=27.625
2025-06-10 08:32:11,987 - log - INFO - iter:3200/3333, Original Acc@1: 25.09, Acc@5: 62.34, TTA Acc@1: 27.62, Acc@5: 62.88
2025-06-10 08:33:11,959 - log - INFO - iter:3220/3333, clip_acc1=24.968944549560547, tta_acc1=27.60869598388672
2025-06-10 08:33:11,960 - log - INFO - iter:3220/3333, Original Acc@1: 24.97, Acc@5: 62.27, TTA Acc@1: 27.61, Acc@5: 62.80
2025-06-10 08:34:11,890 - log - INFO - iter:3240/3333, clip_acc1=24.876544952392578, tta_acc1=27.592594146728516
2025-06-10 08:34:11,890 - log - INFO - iter:3240/3333, Original Acc@1: 24.88, Acc@5: 62.22, TTA Acc@1: 27.59, Acc@5: 62.72
2025-06-10 08:35:11,208 - log - INFO - iter:3260/3333, clip_acc1=24.754600524902344, tta_acc1=27.515336990356445
2025-06-10 08:35:11,209 - log - INFO - iter:3260/3333, Original Acc@1: 24.75, Acc@5: 62.12, TTA Acc@1: 27.52, Acc@5: 62.61
2025-06-10 08:36:10,385 - log - INFO - iter:3280/3333, clip_acc1=24.786584854125977, tta_acc1=27.5
2025-06-10 08:36:10,386 - log - INFO - iter:3280/3333, Original Acc@1: 24.79, Acc@5: 62.01, TTA Acc@1: 27.50, Acc@5: 62.68
2025-06-10 08:37:09,812 - log - INFO - iter:3300/3333, clip_acc1=24.787878036499023, tta_acc1=27.515151977539062
2025-06-10 08:37:09,812 - log - INFO - iter:3300/3333, Original Acc@1: 24.79, Acc@5: 62.03, TTA Acc@1: 27.52, Acc@5: 62.73
2025-06-10 08:38:09,143 - log - INFO - iter:3320/3333, clip_acc1=24.6385555267334, tta_acc1=27.349397659301758
2025-06-10 08:38:09,143 - log - INFO - iter:3320/3333, Original Acc@1: 24.64, Acc@5: 61.72, TTA Acc@1: 27.35, Acc@5: 62.38
2025-06-10 08:38:44,723 - log - INFO - iter:3333/3333, clip_acc1=24.54245376586914, tta_acc1=27.24272346496582
2025-06-10 08:38:44,723 - log - INFO - iter:3333/3333, Original Acc@1: 24.54, Acc@5: 61.54, TTA Acc@1: 27.24, Acc@5: 62.20
2025-06-10 08:38:44,839 - log - INFO - Final results - Original Acc@1: 24.54, Acc@5: 61.54, TTA Acc@1: 27.24, Acc@5: 62.20
2025-06-10 08:38:44,839 - log - INFO - Improvement from TTA in Acc@1 2.70, and Acc@5 0.66
2025-06-10 08:38:44,840 - log - INFO - Number of selected samples with index 0: 1255
2025-06-10 08:38:44,840 - log - INFO - Number of samples in the dataset: 3333
2025-06-10 08:38:44,878 - log - INFO - Selected IDs saved to /leonardo_work/EUHPC_R04_192/fmohamma/Adversarial_Robust_Clip/ATPT/Final_Results/ViT-L/14/Aircraft/Clean/Counter_Attack/Eps_2_0_Steps_2_Alpha_1_0/tau_0_2_beta_2_0_weighted_pertrubation_True/TPT/Optimization_Loss_rtpt_LR_0_005_Optimization_Steps_1_View_Selection_Fraction_0_1/Inference_Ensemble_none/selected_topk.json
2025-06-10 08:38:45,098 - log - INFO - Batch entropies saved to /leonardo_work/EUHPC_R04_192/fmohamma/Adversarial_Robust_Clip/ATPT/Final_Results/ViT-L/14/Aircraft/Clean/Counter_Attack/Eps_2_0_Steps_2_Alpha_1_0/tau_0_2_beta_2_0_weighted_pertrubation_True/TPT/Optimization_Loss_rtpt_LR_0_005_Optimization_Steps_1_View_Selection_Fraction_0_1/Inference_Ensemble_none/entropies.json
2025-06-10 08:38:45,101 - log - INFO - => Acc. on testset [Aircraft]: Clean Acc @1 24.54245376586914/ TTA Clean Acc @1 27.24272346496582, Clean Acc @5 61.53615188598633/ TTA Clean Acc @5 62.19621658325195
2025-06-10 08:38:45,101 - log - INFO - Total script execution time: 9993.66 seconds (166.56 minutes)
