2025-06-14 20:07:34,000 - log - INFO - ==========================================
data:/leonardo_work/EUHPC_R04_192/fmohamma/Adversarial_Robust_Clip/atpt_data/downstream_datasets
test_sets:Caltech101
dataset_mode:test
arch:vit_l_14_datacomp_1b
resolution:224
workers:4
no_pin_memory:False
batch_size:64
print_freq:20
gpu:0
no_cudnn_benchmark:False
n_ctx:4
ctx_init:a_photo_of_a
tpt_loss:tpt
seed:0
output_dir:/leonardo_work/EUHPC_R04_192/fmohamma/Adversarial_Robust_Clip/atpt_data/vit_l_14_datacomp_1b/Caltech101
log_output_dir:/leonardo_work/EUHPC_R04_192/fmohamma/Adversarial_Robust_Clip/ATPT/Final_Results/vit_l_14_datacomp_1b/Caltech101
eps:0.0
alpha:0.0
alpha_eps_ratio:4.0
steps:0
lr:0.005
selection_p:0.1
tta_steps:1
ensemble_type:weighted_rtpt
top_k:20
softmax_temp:0.01
counter_attack:True
counter_attack_type:pgd
counter_attack_steps:2
counter_attack_eps:2.0
counter_attack_alpha:1.0
counter_attack_tau_thres:0.2
counter_attack_beta:2.0
counter_attack_weighted_perturbations:True
pgd_clip_pure_i_text_embeddings:null
pgd_counter_and_clipure_i_lamda:1.0
selected_id_name:selected_topk.json
weighted_score_name:weighted_scores.json
batch_entropy_name:entropies.json
log_dir:/leonardo_work/EUHPC_R04_192/fmohamma/Adversarial_Robust_Clip/ATPT/Final_Results/vit_l_14_datacomp_1b/Caltech101/Clean/Counter_Attack/Eps_2_0_Steps_2_Alpha_1_0/tau_0_2_beta_2_0_weighted_pertrubation_True/TPT/Optimization_Loss_tpt_LR_0_005_Optimization_Steps_1_View_Selection_Fraction_0_1/Inference_Ensemble_weighted_rtpt_topk_20_softmaxtemp_0_01

2025-06-14 20:07:34,001 - log - INFO - Use GPU: 0 for training
2025-06-14 20:09:07,267 - log - INFO - Freezing all parameters except prompt learner
2025-06-14 20:09:07,268 - log - INFO - => Model created: visual backbone vit_l_14_datacomp_1b
2025-06-14 20:09:07,292 - log - INFO - Number of test samples: 2465
2025-06-14 20:09:07,292 - log - INFO - Evaluating dataset: Caltech101
2025-06-14 20:09:07,294 - log - INFO - Starting evaluation with batch size: 64, selection percentage: 0.1
2025-06-14 20:09:07,294 - log - INFO - Test-time adaptation steps: 1, learning rate: 0.005
2025-06-14 20:09:07,294 - log - INFO - Using counter-attack with epsilon: 2.000000, alpha: 0.000000, steps: 2, tau_thres: 0.2, beta: 2.0, weighted perturbation: True
2025-06-14 20:10:24,400 - log - INFO - iter:20/2465, clip_acc1=100.0, tta_acc1=100.0
2025-06-14 20:10:24,400 - log - INFO - iter:20/2465, Original Acc@1: 100.00, Acc@5: 100.00, TTA Acc@1: 100.00, Acc@5: 100.00
2025-06-14 20:11:19,326 - log - INFO - iter:40/2465, clip_acc1=100.0, tta_acc1=100.0
2025-06-14 20:11:19,326 - log - INFO - iter:40/2465, Original Acc@1: 100.00, Acc@5: 100.00, TTA Acc@1: 100.00, Acc@5: 100.00
2025-06-14 20:12:14,585 - log - INFO - iter:60/2465, clip_acc1=100.00000762939453, tta_acc1=100.00000762939453
2025-06-14 20:12:14,585 - log - INFO - iter:60/2465, Original Acc@1: 100.00, Acc@5: 100.00, TTA Acc@1: 100.00, Acc@5: 100.00
2025-06-14 20:13:09,687 - log - INFO - iter:80/2465, clip_acc1=100.0, tta_acc1=100.0
2025-06-14 20:13:09,687 - log - INFO - iter:80/2465, Original Acc@1: 100.00, Acc@5: 100.00, TTA Acc@1: 100.00, Acc@5: 100.00
2025-06-14 20:14:04,557 - log - INFO - iter:100/2465, clip_acc1=100.0, tta_acc1=100.0
2025-06-14 20:14:04,558 - log - INFO - iter:100/2465, Original Acc@1: 100.00, Acc@5: 100.00, TTA Acc@1: 100.00, Acc@5: 100.00
2025-06-14 20:14:59,819 - log - INFO - iter:120/2465, clip_acc1=100.00000762939453, tta_acc1=100.00000762939453
2025-06-14 20:14:59,820 - log - INFO - iter:120/2465, Original Acc@1: 100.00, Acc@5: 100.00, TTA Acc@1: 100.00, Acc@5: 100.00
2025-06-14 20:15:54,581 - log - INFO - iter:140/2465, clip_acc1=97.85714721679688, tta_acc1=100.0
2025-06-14 20:15:54,581 - log - INFO - iter:140/2465, Original Acc@1: 97.86, Acc@5: 99.29, TTA Acc@1: 100.00, Acc@5: 100.00
2025-06-14 20:16:49,320 - log - INFO - iter:160/2465, clip_acc1=97.5, tta_acc1=99.375
2025-06-14 20:16:49,321 - log - INFO - iter:160/2465, Original Acc@1: 97.50, Acc@5: 99.38, TTA Acc@1: 99.38, Acc@5: 100.00
2025-06-14 20:17:43,969 - log - INFO - iter:180/2465, clip_acc1=95.0, tta_acc1=98.8888931274414
2025-06-14 20:17:43,969 - log - INFO - iter:180/2465, Original Acc@1: 95.00, Acc@5: 99.44, TTA Acc@1: 98.89, Acc@5: 100.00
2025-06-14 20:18:38,765 - log - INFO - iter:200/2465, clip_acc1=95.0, tta_acc1=99.0
2025-06-14 20:18:38,766 - log - INFO - iter:200/2465, Original Acc@1: 95.00, Acc@5: 99.50, TTA Acc@1: 99.00, Acc@5: 100.00
2025-06-14 20:19:33,786 - log - INFO - iter:220/2465, clip_acc1=95.45454406738281, tta_acc1=99.09090423583984
2025-06-14 20:19:33,787 - log - INFO - iter:220/2465, Original Acc@1: 95.45, Acc@5: 99.55, TTA Acc@1: 99.09, Acc@5: 100.00
2025-06-14 20:20:28,545 - log - INFO - iter:240/2465, clip_acc1=95.83333587646484, tta_acc1=99.16667175292969
2025-06-14 20:20:28,545 - log - INFO - iter:240/2465, Original Acc@1: 95.83, Acc@5: 99.58, TTA Acc@1: 99.17, Acc@5: 100.00
2025-06-14 20:21:23,130 - log - INFO - iter:260/2465, clip_acc1=96.15384674072266, tta_acc1=99.23076629638672
2025-06-14 20:21:23,131 - log - INFO - iter:260/2465, Original Acc@1: 96.15, Acc@5: 99.62, TTA Acc@1: 99.23, Acc@5: 100.00
2025-06-14 20:22:17,925 - log - INFO - iter:280/2465, clip_acc1=96.42857360839844, tta_acc1=99.28571319580078
2025-06-14 20:22:17,925 - log - INFO - iter:280/2465, Original Acc@1: 96.43, Acc@5: 99.64, TTA Acc@1: 99.29, Acc@5: 100.00
2025-06-14 20:23:12,473 - log - INFO - iter:300/2465, clip_acc1=96.66667175292969, tta_acc1=99.33333587646484
2025-06-14 20:23:12,473 - log - INFO - iter:300/2465, Original Acc@1: 96.67, Acc@5: 99.67, TTA Acc@1: 99.33, Acc@5: 100.00
2025-06-14 20:24:07,170 - log - INFO - iter:320/2465, clip_acc1=96.875, tta_acc1=99.375
2025-06-14 20:24:07,170 - log - INFO - iter:320/2465, Original Acc@1: 96.88, Acc@5: 99.69, TTA Acc@1: 99.38, Acc@5: 100.00
2025-06-14 20:25:03,408 - log - INFO - iter:340/2465, clip_acc1=97.05882263183594, tta_acc1=99.4117660522461
2025-06-14 20:25:03,409 - log - INFO - iter:340/2465, Original Acc@1: 97.06, Acc@5: 99.71, TTA Acc@1: 99.41, Acc@5: 100.00
2025-06-14 20:25:58,388 - log - INFO - iter:360/2465, clip_acc1=97.22222137451172, tta_acc1=99.44445037841797
2025-06-14 20:25:58,389 - log - INFO - iter:360/2465, Original Acc@1: 97.22, Acc@5: 99.72, TTA Acc@1: 99.44, Acc@5: 100.00
2025-06-14 20:26:53,146 - log - INFO - iter:380/2465, clip_acc1=97.36842346191406, tta_acc1=99.47368621826172
2025-06-14 20:26:53,146 - log - INFO - iter:380/2465, Original Acc@1: 97.37, Acc@5: 99.74, TTA Acc@1: 99.47, Acc@5: 100.00
2025-06-14 20:27:47,717 - log - INFO - iter:400/2465, clip_acc1=97.5, tta_acc1=99.5
2025-06-14 20:27:47,717 - log - INFO - iter:400/2465, Original Acc@1: 97.50, Acc@5: 99.75, TTA Acc@1: 99.50, Acc@5: 100.00
2025-06-14 20:28:42,203 - log - INFO - iter:420/2465, clip_acc1=97.61904907226562, tta_acc1=99.52381134033203
2025-06-14 20:28:42,204 - log - INFO - iter:420/2465, Original Acc@1: 97.62, Acc@5: 99.76, TTA Acc@1: 99.52, Acc@5: 100.00
2025-06-14 20:29:36,921 - log - INFO - iter:440/2465, clip_acc1=97.7272720336914, tta_acc1=99.54544830322266
2025-06-14 20:29:36,922 - log - INFO - iter:440/2465, Original Acc@1: 97.73, Acc@5: 99.77, TTA Acc@1: 99.55, Acc@5: 100.00
2025-06-14 20:30:31,585 - log - INFO - iter:460/2465, clip_acc1=97.82608032226562, tta_acc1=99.56521606445312
2025-06-14 20:30:31,586 - log - INFO - iter:460/2465, Original Acc@1: 97.83, Acc@5: 99.78, TTA Acc@1: 99.57, Acc@5: 100.00
2025-06-14 20:31:26,195 - log - INFO - iter:480/2465, clip_acc1=97.91667175292969, tta_acc1=99.58333587646484
2025-06-14 20:31:26,196 - log - INFO - iter:480/2465, Original Acc@1: 97.92, Acc@5: 99.79, TTA Acc@1: 99.58, Acc@5: 100.00
2025-06-14 20:32:21,078 - log - INFO - iter:500/2465, clip_acc1=97.80000305175781, tta_acc1=99.60000610351562
2025-06-14 20:32:21,078 - log - INFO - iter:500/2465, Original Acc@1: 97.80, Acc@5: 99.80, TTA Acc@1: 99.60, Acc@5: 100.00
2025-06-14 20:33:16,062 - log - INFO - iter:520/2465, clip_acc1=97.88461303710938, tta_acc1=99.61538696289062
2025-06-14 20:33:16,062 - log - INFO - iter:520/2465, Original Acc@1: 97.88, Acc@5: 99.81, TTA Acc@1: 99.62, Acc@5: 100.00
2025-06-14 20:34:11,054 - log - INFO - iter:540/2465, clip_acc1=97.77777862548828, tta_acc1=99.62963104248047
2025-06-14 20:34:11,054 - log - INFO - iter:540/2465, Original Acc@1: 97.78, Acc@5: 99.63, TTA Acc@1: 99.63, Acc@5: 100.00
2025-06-14 20:35:05,460 - log - INFO - iter:560/2465, clip_acc1=97.67857360839844, tta_acc1=99.64286041259766
2025-06-14 20:35:05,461 - log - INFO - iter:560/2465, Original Acc@1: 97.68, Acc@5: 99.64, TTA Acc@1: 99.64, Acc@5: 100.00
2025-06-14 20:36:00,178 - log - INFO - iter:580/2465, clip_acc1=97.75862121582031, tta_acc1=99.6551742553711
2025-06-14 20:36:00,178 - log - INFO - iter:580/2465, Original Acc@1: 97.76, Acc@5: 99.66, TTA Acc@1: 99.66, Acc@5: 100.00
2025-06-14 20:36:54,793 - log - INFO - iter:600/2465, clip_acc1=97.83333587646484, tta_acc1=99.66667175292969
2025-06-14 20:36:54,793 - log - INFO - iter:600/2465, Original Acc@1: 97.83, Acc@5: 99.67, TTA Acc@1: 99.67, Acc@5: 100.00
2025-06-14 20:37:49,548 - log - INFO - iter:620/2465, clip_acc1=97.9032211303711, tta_acc1=99.67742156982422
2025-06-14 20:37:49,548 - log - INFO - iter:620/2465, Original Acc@1: 97.90, Acc@5: 99.68, TTA Acc@1: 99.68, Acc@5: 100.00
2025-06-14 20:38:44,541 - log - INFO - iter:640/2465, clip_acc1=97.8125, tta_acc1=99.6875
2025-06-14 20:38:44,542 - log - INFO - iter:640/2465, Original Acc@1: 97.81, Acc@5: 99.53, TTA Acc@1: 99.69, Acc@5: 100.00
2025-06-14 20:39:39,638 - log - INFO - iter:660/2465, clip_acc1=97.57575225830078, tta_acc1=99.69696807861328
2025-06-14 20:39:39,638 - log - INFO - iter:660/2465, Original Acc@1: 97.58, Acc@5: 99.55, TTA Acc@1: 99.70, Acc@5: 100.00
2025-06-14 20:40:34,909 - log - INFO - iter:680/2465, clip_acc1=97.64706420898438, tta_acc1=99.70588684082031
2025-06-14 20:40:34,910 - log - INFO - iter:680/2465, Original Acc@1: 97.65, Acc@5: 99.56, TTA Acc@1: 99.71, Acc@5: 100.00
2025-06-14 20:41:30,037 - log - INFO - iter:700/2465, clip_acc1=97.14285278320312, tta_acc1=99.28571319580078
2025-06-14 20:41:30,037 - log - INFO - iter:700/2465, Original Acc@1: 97.14, Acc@5: 99.00, TTA Acc@1: 99.29, Acc@5: 100.00
2025-06-14 20:42:25,241 - log - INFO - iter:720/2465, clip_acc1=96.94445037841797, tta_acc1=99.30555725097656
2025-06-14 20:42:25,241 - log - INFO - iter:720/2465, Original Acc@1: 96.94, Acc@5: 98.89, TTA Acc@1: 99.31, Acc@5: 100.00
2025-06-14 20:43:19,914 - log - INFO - iter:740/2465, clip_acc1=97.02703094482422, tta_acc1=99.32432556152344
2025-06-14 20:43:19,914 - log - INFO - iter:740/2465, Original Acc@1: 97.03, Acc@5: 98.92, TTA Acc@1: 99.32, Acc@5: 100.00
2025-06-14 20:44:14,774 - log - INFO - iter:760/2465, clip_acc1=95.78947448730469, tta_acc1=99.07894897460938
2025-06-14 20:44:14,774 - log - INFO - iter:760/2465, Original Acc@1: 95.79, Acc@5: 98.55, TTA Acc@1: 99.08, Acc@5: 99.87
2025-06-14 20:45:09,371 - log - INFO - iter:780/2465, clip_acc1=95.8974380493164, tta_acc1=99.10256958007812
2025-06-14 20:45:09,372 - log - INFO - iter:780/2465, Original Acc@1: 95.90, Acc@5: 98.59, TTA Acc@1: 99.10, Acc@5: 99.87
2025-06-14 20:46:04,062 - log - INFO - iter:800/2465, clip_acc1=96.0, tta_acc1=99.125
2025-06-14 20:46:04,062 - log - INFO - iter:800/2465, Original Acc@1: 96.00, Acc@5: 98.62, TTA Acc@1: 99.12, Acc@5: 99.88
2025-06-14 20:46:59,386 - log - INFO - iter:820/2465, clip_acc1=95.8536605834961, tta_acc1=99.1463394165039
2025-06-14 20:46:59,386 - log - INFO - iter:820/2465, Original Acc@1: 95.85, Acc@5: 98.41, TTA Acc@1: 99.15, Acc@5: 99.88
2025-06-14 20:47:54,461 - log - INFO - iter:840/2465, clip_acc1=95.83333587646484, tta_acc1=99.04762268066406
2025-06-14 20:47:54,461 - log - INFO - iter:840/2465, Original Acc@1: 95.83, Acc@5: 98.45, TTA Acc@1: 99.05, Acc@5: 99.88
2025-06-14 20:48:49,525 - log - INFO - iter:860/2465, clip_acc1=95.93022918701172, tta_acc1=99.06977081298828
2025-06-14 20:48:49,526 - log - INFO - iter:860/2465, Original Acc@1: 95.93, Acc@5: 98.49, TTA Acc@1: 99.07, Acc@5: 99.88
2025-06-14 20:49:44,272 - log - INFO - iter:880/2465, clip_acc1=96.0227279663086, tta_acc1=99.09090423583984
2025-06-14 20:49:44,272 - log - INFO - iter:880/2465, Original Acc@1: 96.02, Acc@5: 98.52, TTA Acc@1: 99.09, Acc@5: 99.89
2025-06-14 20:50:39,109 - log - INFO - iter:900/2465, clip_acc1=96.11111450195312, tta_acc1=99.11111450195312
2025-06-14 20:50:39,109 - log - INFO - iter:900/2465, Original Acc@1: 96.11, Acc@5: 98.56, TTA Acc@1: 99.11, Acc@5: 99.89
2025-06-14 20:51:33,820 - log - INFO - iter:920/2465, clip_acc1=96.19564819335938, tta_acc1=99.13043212890625
2025-06-14 20:51:33,820 - log - INFO - iter:920/2465, Original Acc@1: 96.20, Acc@5: 98.59, TTA Acc@1: 99.13, Acc@5: 99.89
2025-06-14 20:52:28,667 - log - INFO - iter:940/2465, clip_acc1=96.17021179199219, tta_acc1=99.14893341064453
2025-06-14 20:52:28,668 - log - INFO - iter:940/2465, Original Acc@1: 96.17, Acc@5: 98.51, TTA Acc@1: 99.15, Acc@5: 99.89
2025-06-14 20:53:23,311 - log - INFO - iter:960/2465, clip_acc1=96.25000762939453, tta_acc1=99.16667175292969
2025-06-14 20:53:23,311 - log - INFO - iter:960/2465, Original Acc@1: 96.25, Acc@5: 98.54, TTA Acc@1: 99.17, Acc@5: 99.90
2025-06-14 20:54:18,463 - log - INFO - iter:980/2465, clip_acc1=96.32652282714844, tta_acc1=99.18367004394531
2025-06-14 20:54:18,463 - log - INFO - iter:980/2465, Original Acc@1: 96.33, Acc@5: 98.57, TTA Acc@1: 99.18, Acc@5: 99.90
2025-06-14 20:55:13,416 - log - INFO - iter:1000/2465, clip_acc1=96.4000015258789, tta_acc1=99.20000457763672
2025-06-14 20:55:13,417 - log - INFO - iter:1000/2465, Original Acc@1: 96.40, Acc@5: 98.60, TTA Acc@1: 99.20, Acc@5: 99.90
2025-06-14 20:56:08,421 - log - INFO - iter:1020/2465, clip_acc1=96.47059631347656, tta_acc1=99.21569061279297
2025-06-14 20:56:08,421 - log - INFO - iter:1020/2465, Original Acc@1: 96.47, Acc@5: 98.63, TTA Acc@1: 99.22, Acc@5: 99.90
2025-06-14 20:57:03,024 - log - INFO - iter:1040/2465, clip_acc1=96.53845977783203, tta_acc1=99.13461303710938
2025-06-14 20:57:03,024 - log - INFO - iter:1040/2465, Original Acc@1: 96.54, Acc@5: 98.65, TTA Acc@1: 99.13, Acc@5: 99.90
2025-06-14 20:58:01,188 - log - INFO - iter:1060/2465, clip_acc1=96.60377502441406, tta_acc1=99.05660247802734
2025-06-14 20:58:01,188 - log - INFO - iter:1060/2465, Original Acc@1: 96.60, Acc@5: 98.68, TTA Acc@1: 99.06, Acc@5: 99.91
2025-06-14 20:58:56,084 - log - INFO - iter:1080/2465, clip_acc1=96.48148345947266, tta_acc1=98.88888549804688
2025-06-14 20:58:56,084 - log - INFO - iter:1080/2465, Original Acc@1: 96.48, Acc@5: 98.52, TTA Acc@1: 98.89, Acc@5: 99.91
2025-06-14 20:59:50,875 - log - INFO - iter:1100/2465, clip_acc1=96.36363983154297, tta_acc1=98.90908813476562
2025-06-14 20:59:50,875 - log - INFO - iter:1100/2465, Original Acc@1: 96.36, Acc@5: 98.55, TTA Acc@1: 98.91, Acc@5: 99.91
2025-06-14 21:00:45,646 - log - INFO - iter:1120/2465, clip_acc1=95.53571319580078, tta_acc1=98.125
2025-06-14 21:00:45,647 - log - INFO - iter:1120/2465, Original Acc@1: 95.54, Acc@5: 98.48, TTA Acc@1: 98.12, Acc@5: 99.91
2025-06-14 21:01:40,689 - log - INFO - iter:1140/2465, clip_acc1=94.91228485107422, tta_acc1=97.98246002197266
2025-06-14 21:01:40,690 - log - INFO - iter:1140/2465, Original Acc@1: 94.91, Acc@5: 98.16, TTA Acc@1: 97.98, Acc@5: 99.91
2025-06-14 21:02:35,823 - log - INFO - iter:1160/2465, clip_acc1=94.74137878417969, tta_acc1=98.01724243164062
2025-06-14 21:02:35,824 - log - INFO - iter:1160/2465, Original Acc@1: 94.74, Acc@5: 98.19, TTA Acc@1: 98.02, Acc@5: 99.91
2025-06-14 21:03:30,748 - log - INFO - iter:1180/2465, clip_acc1=94.66101837158203, tta_acc1=97.88135528564453
2025-06-14 21:03:30,748 - log - INFO - iter:1180/2465, Original Acc@1: 94.66, Acc@5: 98.22, TTA Acc@1: 97.88, Acc@5: 99.92
2025-06-14 21:04:25,163 - log - INFO - iter:1200/2465, clip_acc1=94.75, tta_acc1=97.91667175292969
2025-06-14 21:04:25,164 - log - INFO - iter:1200/2465, Original Acc@1: 94.75, Acc@5: 98.25, TTA Acc@1: 97.92, Acc@5: 99.92
2025-06-14 21:05:19,950 - log - INFO - iter:1220/2465, clip_acc1=94.83606719970703, tta_acc1=97.95082092285156
2025-06-14 21:05:19,950 - log - INFO - iter:1220/2465, Original Acc@1: 94.84, Acc@5: 98.28, TTA Acc@1: 97.95, Acc@5: 99.92
2025-06-14 21:06:15,021 - log - INFO - iter:1240/2465, clip_acc1=94.83870697021484, tta_acc1=97.98387145996094
2025-06-14 21:06:15,021 - log - INFO - iter:1240/2465, Original Acc@1: 94.84, Acc@5: 98.23, TTA Acc@1: 97.98, Acc@5: 99.92
2025-06-14 21:07:09,753 - log - INFO - iter:1260/2465, clip_acc1=94.68254089355469, tta_acc1=97.93650817871094
2025-06-14 21:07:09,753 - log - INFO - iter:1260/2465, Original Acc@1: 94.68, Acc@5: 98.17, TTA Acc@1: 97.94, Acc@5: 99.92
2025-06-14 21:08:04,451 - log - INFO - iter:1280/2465, clip_acc1=94.609375, tta_acc1=97.96875
2025-06-14 21:08:04,452 - log - INFO - iter:1280/2465, Original Acc@1: 94.61, Acc@5: 98.20, TTA Acc@1: 97.97, Acc@5: 99.92
2025-06-14 21:08:59,451 - log - INFO - iter:1300/2465, clip_acc1=94.69230651855469, tta_acc1=98.0
2025-06-14 21:08:59,451 - log - INFO - iter:1300/2465, Original Acc@1: 94.69, Acc@5: 98.23, TTA Acc@1: 98.00, Acc@5: 99.92
2025-06-14 21:09:54,589 - log - INFO - iter:1320/2465, clip_acc1=94.69696807861328, tta_acc1=97.95454406738281
2025-06-14 21:09:54,589 - log - INFO - iter:1320/2465, Original Acc@1: 94.70, Acc@5: 98.26, TTA Acc@1: 97.95, Acc@5: 99.92
2025-06-14 21:10:49,153 - log - INFO - iter:1340/2465, clip_acc1=94.776123046875, tta_acc1=97.98507690429688
2025-06-14 21:10:49,154 - log - INFO - iter:1340/2465, Original Acc@1: 94.78, Acc@5: 98.28, TTA Acc@1: 97.99, Acc@5: 99.93
2025-06-14 21:11:43,764 - log - INFO - iter:1360/2465, clip_acc1=94.77941131591797, tta_acc1=98.01470947265625
2025-06-14 21:11:43,765 - log - INFO - iter:1360/2465, Original Acc@1: 94.78, Acc@5: 98.31, TTA Acc@1: 98.01, Acc@5: 99.93
2025-06-14 21:12:38,308 - log - INFO - iter:1380/2465, clip_acc1=94.85507202148438, tta_acc1=98.0434799194336
2025-06-14 21:12:38,308 - log - INFO - iter:1380/2465, Original Acc@1: 94.86, Acc@5: 98.33, TTA Acc@1: 98.04, Acc@5: 99.93
2025-06-14 21:13:32,997 - log - INFO - iter:1400/2465, clip_acc1=94.14285278320312, tta_acc1=97.92857360839844
2025-06-14 21:13:32,997 - log - INFO - iter:1400/2465, Original Acc@1: 94.14, Acc@5: 98.21, TTA Acc@1: 97.93, Acc@5: 99.93
2025-06-14 21:14:27,754 - log - INFO - iter:1420/2465, clip_acc1=94.01408386230469, tta_acc1=97.81689453125
2025-06-14 21:14:27,755 - log - INFO - iter:1420/2465, Original Acc@1: 94.01, Acc@5: 98.17, TTA Acc@1: 97.82, Acc@5: 99.79
2025-06-14 21:15:22,434 - log - INFO - iter:1440/2465, clip_acc1=94.02777862548828, tta_acc1=97.84722137451172
2025-06-14 21:15:22,434 - log - INFO - iter:1440/2465, Original Acc@1: 94.03, Acc@5: 98.19, TTA Acc@1: 97.85, Acc@5: 99.79
2025-06-14 21:16:17,277 - log - INFO - iter:1460/2465, clip_acc1=94.10958862304688, tta_acc1=97.87671661376953
2025-06-14 21:16:17,278 - log - INFO - iter:1460/2465, Original Acc@1: 94.11, Acc@5: 98.22, TTA Acc@1: 97.88, Acc@5: 99.79
2025-06-14 21:17:11,696 - log - INFO - iter:1480/2465, clip_acc1=94.12162017822266, tta_acc1=97.83783721923828
2025-06-14 21:17:11,696 - log - INFO - iter:1480/2465, Original Acc@1: 94.12, Acc@5: 98.18, TTA Acc@1: 97.84, Acc@5: 99.73
2025-06-14 21:18:06,421 - log - INFO - iter:1500/2465, clip_acc1=94.06666564941406, tta_acc1=97.79999542236328
2025-06-14 21:18:06,421 - log - INFO - iter:1500/2465, Original Acc@1: 94.07, Acc@5: 98.13, TTA Acc@1: 97.80, Acc@5: 99.67
2025-06-14 21:19:01,818 - log - INFO - iter:1520/2465, clip_acc1=94.07894897460938, tta_acc1=97.82894897460938
2025-06-14 21:19:01,819 - log - INFO - iter:1520/2465, Original Acc@1: 94.08, Acc@5: 98.09, TTA Acc@1: 97.83, Acc@5: 99.67
2025-06-14 21:19:56,303 - log - INFO - iter:1540/2465, clip_acc1=94.02597045898438, tta_acc1=97.85713958740234
2025-06-14 21:19:56,303 - log - INFO - iter:1540/2465, Original Acc@1: 94.03, Acc@5: 97.99, TTA Acc@1: 97.86, Acc@5: 99.68
2025-06-14 21:20:50,800 - log - INFO - iter:1560/2465, clip_acc1=94.10256958007812, tta_acc1=97.8846206665039
2025-06-14 21:20:50,800 - log - INFO - iter:1560/2465, Original Acc@1: 94.10, Acc@5: 98.01, TTA Acc@1: 97.88, Acc@5: 99.68
2025-06-14 21:21:45,545 - log - INFO - iter:1580/2465, clip_acc1=94.11392211914062, tta_acc1=97.84809875488281
2025-06-14 21:21:45,545 - log - INFO - iter:1580/2465, Original Acc@1: 94.11, Acc@5: 98.04, TTA Acc@1: 97.85, Acc@5: 99.68
2025-06-14 21:22:40,251 - log - INFO - iter:1600/2465, clip_acc1=94.1875, tta_acc1=97.875
2025-06-14 21:22:40,251 - log - INFO - iter:1600/2465, Original Acc@1: 94.19, Acc@5: 98.06, TTA Acc@1: 97.88, Acc@5: 99.69
2025-06-14 21:23:36,151 - log - INFO - iter:1620/2465, clip_acc1=94.13580322265625, tta_acc1=97.90123748779297
2025-06-14 21:23:36,151 - log - INFO - iter:1620/2465, Original Acc@1: 94.14, Acc@5: 98.02, TTA Acc@1: 97.90, Acc@5: 99.69
2025-06-14 21:24:30,858 - log - INFO - iter:1640/2465, clip_acc1=94.08536529541016, tta_acc1=97.56097412109375
2025-06-14 21:24:30,858 - log - INFO - iter:1640/2465, Original Acc@1: 94.09, Acc@5: 98.05, TTA Acc@1: 97.56, Acc@5: 99.70
2025-06-14 21:25:25,791 - log - INFO - iter:1660/2465, clip_acc1=93.61445617675781, tta_acc1=96.9277114868164
2025-06-14 21:25:25,791 - log - INFO - iter:1660/2465, Original Acc@1: 93.61, Acc@5: 98.07, TTA Acc@1: 96.93, Acc@5: 99.70
2025-06-14 21:26:20,397 - log - INFO - iter:1680/2465, clip_acc1=93.5714340209961, tta_acc1=96.9047622680664
2025-06-14 21:26:20,398 - log - INFO - iter:1680/2465, Original Acc@1: 93.57, Acc@5: 97.98, TTA Acc@1: 96.90, Acc@5: 99.70
2025-06-14 21:27:15,086 - log - INFO - iter:1700/2465, clip_acc1=93.64705657958984, tta_acc1=96.94116973876953
2025-06-14 21:27:15,086 - log - INFO - iter:1700/2465, Original Acc@1: 93.65, Acc@5: 98.00, TTA Acc@1: 96.94, Acc@5: 99.71
2025-06-14 21:28:09,666 - log - INFO - iter:1720/2465, clip_acc1=93.60465240478516, tta_acc1=96.86046600341797
2025-06-14 21:28:09,666 - log - INFO - iter:1720/2465, Original Acc@1: 93.60, Acc@5: 97.97, TTA Acc@1: 96.86, Acc@5: 99.65
2025-06-14 21:29:04,337 - log - INFO - iter:1740/2465, clip_acc1=93.39080047607422, tta_acc1=96.83908081054688
2025-06-14 21:29:04,337 - log - INFO - iter:1740/2465, Original Acc@1: 93.39, Acc@5: 97.87, TTA Acc@1: 96.84, Acc@5: 99.66
2025-06-14 21:29:59,085 - log - INFO - iter:1760/2465, clip_acc1=93.18181610107422, tta_acc1=96.59090423583984
2025-06-14 21:29:59,085 - log - INFO - iter:1760/2465, Original Acc@1: 93.18, Acc@5: 97.90, TTA Acc@1: 96.59, Acc@5: 99.66
2025-06-14 21:30:55,071 - log - INFO - iter:1780/2465, clip_acc1=93.08988952636719, tta_acc1=96.57303619384766
2025-06-14 21:30:55,071 - log - INFO - iter:1780/2465, Original Acc@1: 93.09, Acc@5: 97.92, TTA Acc@1: 96.57, Acc@5: 99.66
2025-06-14 21:31:50,473 - log - INFO - iter:1800/2465, clip_acc1=93.16667175292969, tta_acc1=96.61111450195312
2025-06-14 21:31:50,473 - log - INFO - iter:1800/2465, Original Acc@1: 93.17, Acc@5: 97.94, TTA Acc@1: 96.61, Acc@5: 99.67
2025-06-14 21:32:45,191 - log - INFO - iter:1820/2465, clip_acc1=93.0769271850586, tta_acc1=96.64835357666016
2025-06-14 21:32:45,191 - log - INFO - iter:1820/2465, Original Acc@1: 93.08, Acc@5: 97.97, TTA Acc@1: 96.65, Acc@5: 99.67
2025-06-14 21:33:39,704 - log - INFO - iter:1840/2465, clip_acc1=93.04347229003906, tta_acc1=96.68477630615234
2025-06-14 21:33:39,704 - log - INFO - iter:1840/2465, Original Acc@1: 93.04, Acc@5: 97.88, TTA Acc@1: 96.68, Acc@5: 99.67
2025-06-14 21:34:34,264 - log - INFO - iter:1860/2465, clip_acc1=93.06452178955078, tta_acc1=96.72042846679688
2025-06-14 21:34:34,265 - log - INFO - iter:1860/2465, Original Acc@1: 93.06, Acc@5: 97.90, TTA Acc@1: 96.72, Acc@5: 99.68
2025-06-14 21:35:29,005 - log - INFO - iter:1880/2465, clip_acc1=93.13829803466797, tta_acc1=96.75531768798828
2025-06-14 21:35:29,005 - log - INFO - iter:1880/2465, Original Acc@1: 93.14, Acc@5: 97.93, TTA Acc@1: 96.76, Acc@5: 99.68
2025-06-14 21:36:23,557 - log - INFO - iter:1900/2465, clip_acc1=93.21052551269531, tta_acc1=96.78946685791016
2025-06-14 21:36:23,557 - log - INFO - iter:1900/2465, Original Acc@1: 93.21, Acc@5: 97.95, TTA Acc@1: 96.79, Acc@5: 99.68
2025-06-14 21:37:18,769 - log - INFO - iter:1920/2465, clip_acc1=93.28125762939453, tta_acc1=96.82292175292969
2025-06-14 21:37:18,769 - log - INFO - iter:1920/2465, Original Acc@1: 93.28, Acc@5: 97.97, TTA Acc@1: 96.82, Acc@5: 99.69
2025-06-14 21:38:14,290 - log - INFO - iter:1940/2465, clip_acc1=93.24742889404297, tta_acc1=96.85567474365234
2025-06-14 21:38:14,291 - log - INFO - iter:1940/2465, Original Acc@1: 93.25, Acc@5: 97.94, TTA Acc@1: 96.86, Acc@5: 99.69
2025-06-14 21:39:09,491 - log - INFO - iter:1960/2465, clip_acc1=93.26530456542969, tta_acc1=96.88774871826172
2025-06-14 21:39:09,491 - log - INFO - iter:1960/2465, Original Acc@1: 93.27, Acc@5: 97.96, TTA Acc@1: 96.89, Acc@5: 99.69
2025-06-14 21:40:04,070 - log - INFO - iter:1980/2465, clip_acc1=93.33333587646484, tta_acc1=96.91919708251953
2025-06-14 21:40:04,071 - log - INFO - iter:1980/2465, Original Acc@1: 93.33, Acc@5: 97.98, TTA Acc@1: 96.92, Acc@5: 99.70
2025-06-14 21:40:58,823 - log - INFO - iter:2000/2465, clip_acc1=93.35000610351562, tta_acc1=96.95000457763672
2025-06-14 21:40:58,823 - log - INFO - iter:2000/2465, Original Acc@1: 93.35, Acc@5: 97.95, TTA Acc@1: 96.95, Acc@5: 99.70
2025-06-14 21:41:53,631 - log - INFO - iter:2020/2465, clip_acc1=93.36634063720703, tta_acc1=96.93069458007812
2025-06-14 21:41:53,631 - log - INFO - iter:2020/2465, Original Acc@1: 93.37, Acc@5: 97.97, TTA Acc@1: 96.93, Acc@5: 99.70
2025-06-14 21:42:48,387 - log - INFO - iter:2040/2465, clip_acc1=93.33333587646484, tta_acc1=96.9607925415039
2025-06-14 21:42:48,387 - log - INFO - iter:2040/2465, Original Acc@1: 93.33, Acc@5: 97.99, TTA Acc@1: 96.96, Acc@5: 99.71
2025-06-14 21:43:43,225 - log - INFO - iter:2060/2465, clip_acc1=93.25242614746094, tta_acc1=96.89320373535156
2025-06-14 21:43:43,225 - log - INFO - iter:2060/2465, Original Acc@1: 93.25, Acc@5: 98.01, TTA Acc@1: 96.89, Acc@5: 99.71
2025-06-14 21:44:38,471 - log - INFO - iter:2080/2465, clip_acc1=93.26923370361328, tta_acc1=96.875
2025-06-14 21:44:38,472 - log - INFO - iter:2080/2465, Original Acc@1: 93.27, Acc@5: 98.03, TTA Acc@1: 96.88, Acc@5: 99.71
2025-06-14 21:45:33,420 - log - INFO - iter:2100/2465, clip_acc1=93.23809051513672, tta_acc1=96.9047622680664
2025-06-14 21:45:33,421 - log - INFO - iter:2100/2465, Original Acc@1: 93.24, Acc@5: 98.00, TTA Acc@1: 96.90, Acc@5: 99.71
2025-06-14 21:46:28,461 - log - INFO - iter:2120/2465, clip_acc1=93.20755004882812, tta_acc1=96.9339599609375
2025-06-14 21:46:28,461 - log - INFO - iter:2120/2465, Original Acc@1: 93.21, Acc@5: 97.97, TTA Acc@1: 96.93, Acc@5: 99.72
2025-06-14 21:47:26,761 - log - INFO - iter:2140/2465, clip_acc1=93.27103424072266, tta_acc1=96.9626235961914
2025-06-14 21:47:26,761 - log - INFO - iter:2140/2465, Original Acc@1: 93.27, Acc@5: 97.99, TTA Acc@1: 96.96, Acc@5: 99.72
2025-06-14 21:48:21,655 - log - INFO - iter:2160/2465, clip_acc1=93.24073791503906, tta_acc1=96.99073791503906
2025-06-14 21:48:21,656 - log - INFO - iter:2160/2465, Original Acc@1: 93.24, Acc@5: 97.96, TTA Acc@1: 96.99, Acc@5: 99.72
2025-06-14 21:49:16,667 - log - INFO - iter:2180/2465, clip_acc1=93.30274963378906, tta_acc1=97.01834869384766
2025-06-14 21:49:16,668 - log - INFO - iter:2180/2465, Original Acc@1: 93.30, Acc@5: 97.98, TTA Acc@1: 97.02, Acc@5: 99.72
2025-06-14 21:50:11,512 - log - INFO - iter:2200/2465, clip_acc1=93.36363983154297, tta_acc1=97.04545593261719
2025-06-14 21:50:11,512 - log - INFO - iter:2200/2465, Original Acc@1: 93.36, Acc@5: 98.00, TTA Acc@1: 97.05, Acc@5: 99.73
2025-06-14 21:51:06,302 - log - INFO - iter:2220/2465, clip_acc1=93.42342376708984, tta_acc1=97.07207489013672
2025-06-14 21:51:06,302 - log - INFO - iter:2220/2465, Original Acc@1: 93.42, Acc@5: 98.02, TTA Acc@1: 97.07, Acc@5: 99.73
2025-06-14 21:52:01,920 - log - INFO - iter:2240/2465, clip_acc1=93.48213958740234, tta_acc1=97.09821319580078
2025-06-14 21:52:01,921 - log - INFO - iter:2240/2465, Original Acc@1: 93.48, Acc@5: 98.04, TTA Acc@1: 97.10, Acc@5: 99.73
2025-06-14 21:52:57,293 - log - INFO - iter:2260/2465, clip_acc1=93.53982543945312, tta_acc1=97.12389373779297
2025-06-14 21:52:57,293 - log - INFO - iter:2260/2465, Original Acc@1: 93.54, Acc@5: 98.05, TTA Acc@1: 97.12, Acc@5: 99.73
2025-06-14 21:53:52,677 - log - INFO - iter:2280/2465, clip_acc1=93.59649658203125, tta_acc1=97.14912414550781
2025-06-14 21:53:52,678 - log - INFO - iter:2280/2465, Original Acc@1: 93.60, Acc@5: 98.07, TTA Acc@1: 97.15, Acc@5: 99.74
2025-06-14 21:54:47,479 - log - INFO - iter:2300/2465, clip_acc1=93.39130401611328, tta_acc1=97.17391204833984
2025-06-14 21:54:47,479 - log - INFO - iter:2300/2465, Original Acc@1: 93.39, Acc@5: 98.04, TTA Acc@1: 97.17, Acc@5: 99.74
2025-06-14 21:55:42,184 - log - INFO - iter:2320/2465, clip_acc1=93.44827270507812, tta_acc1=97.19827270507812
2025-06-14 21:55:42,184 - log - INFO - iter:2320/2465, Original Acc@1: 93.45, Acc@5: 98.06, TTA Acc@1: 97.20, Acc@5: 99.74
2025-06-14 21:56:36,886 - log - INFO - iter:2340/2465, clip_acc1=93.5042724609375, tta_acc1=97.22222137451172
2025-06-14 21:56:36,886 - log - INFO - iter:2340/2465, Original Acc@1: 93.50, Acc@5: 98.08, TTA Acc@1: 97.22, Acc@5: 99.74
2025-06-14 21:57:31,644 - log - INFO - iter:2360/2465, clip_acc1=93.55931854248047, tta_acc1=97.24575805664062
2025-06-14 21:57:31,644 - log - INFO - iter:2360/2465, Original Acc@1: 93.56, Acc@5: 98.09, TTA Acc@1: 97.25, Acc@5: 99.75
2025-06-14 21:58:26,902 - log - INFO - iter:2380/2465, clip_acc1=93.61344909667969, tta_acc1=97.26890563964844
2025-06-14 21:58:26,902 - log - INFO - iter:2380/2465, Original Acc@1: 93.61, Acc@5: 98.11, TTA Acc@1: 97.27, Acc@5: 99.75
2025-06-14 21:59:22,080 - log - INFO - iter:2400/2465, clip_acc1=93.5, tta_acc1=97.16667175292969
2025-06-14 21:59:22,080 - log - INFO - iter:2400/2465, Original Acc@1: 93.50, Acc@5: 98.12, TTA Acc@1: 97.17, Acc@5: 99.75
2025-06-14 22:00:17,280 - log - INFO - iter:2420/2465, clip_acc1=93.47107696533203, tta_acc1=97.14875793457031
2025-06-14 22:00:17,280 - log - INFO - iter:2420/2465, Original Acc@1: 93.47, Acc@5: 98.10, TTA Acc@1: 97.15, Acc@5: 99.75
2025-06-14 22:01:12,205 - log - INFO - iter:2440/2465, clip_acc1=93.40164184570312, tta_acc1=97.00819396972656
2025-06-14 22:01:12,205 - log - INFO - iter:2440/2465, Original Acc@1: 93.40, Acc@5: 98.11, TTA Acc@1: 97.01, Acc@5: 99.75
2025-06-14 22:02:06,162 - log - INFO - iter:2460/2465, clip_acc1=93.45528411865234, tta_acc1=97.03251647949219
2025-06-14 22:02:06,162 - log - INFO - iter:2460/2465, Original Acc@1: 93.46, Acc@5: 98.13, TTA Acc@1: 97.03, Acc@5: 99.76
2025-06-14 22:02:18,406 - log - INFO - iter:2465/2465, clip_acc1=93.46855926513672, tta_acc1=97.03854370117188
2025-06-14 22:02:18,406 - log - INFO - iter:2465/2465, Original Acc@1: 93.47, Acc@5: 98.13, TTA Acc@1: 97.04, Acc@5: 99.76
2025-06-14 22:02:18,604 - log - INFO - Final results - Original Acc@1: 93.47, Acc@5: 98.13, TTA Acc@1: 97.04, Acc@5: 99.76
2025-06-14 22:02:18,604 - log - INFO - Improvement from TTA in Acc@1 3.57, and Acc@5 1.62
2025-06-14 22:02:18,605 - log - INFO - Number of selected samples with index 0: 457
2025-06-14 22:02:18,606 - log - INFO - Number of samples in the dataset: 2465
2025-06-14 22:02:18,637 - log - INFO - Selected IDs saved to /leonardo_work/EUHPC_R04_192/fmohamma/Adversarial_Robust_Clip/ATPT/Final_Results/vit_l_14_datacomp_1b/Caltech101/Clean/Counter_Attack/Eps_2_0_Steps_2_Alpha_1_0/tau_0_2_beta_2_0_weighted_pertrubation_True/TPT/Optimization_Loss_tpt_LR_0_005_Optimization_Steps_1_View_Selection_Fraction_0_1/Inference_Ensemble_weighted_rtpt_topk_20_softmaxtemp_0_01/selected_topk.json
2025-06-14 22:02:18,816 - log - INFO - Batch entropies saved to /leonardo_work/EUHPC_R04_192/fmohamma/Adversarial_Robust_Clip/ATPT/Final_Results/vit_l_14_datacomp_1b/Caltech101/Clean/Counter_Attack/Eps_2_0_Steps_2_Alpha_1_0/tau_0_2_beta_2_0_weighted_pertrubation_True/TPT/Optimization_Loss_tpt_LR_0_005_Optimization_Steps_1_View_Selection_Fraction_0_1/Inference_Ensemble_weighted_rtpt_topk_20_softmaxtemp_0_01/entropies.json
2025-06-14 22:02:18,984 - log - INFO - Weighted scores saved to /leonardo_work/EUHPC_R04_192/fmohamma/Adversarial_Robust_Clip/ATPT/Final_Results/vit_l_14_datacomp_1b/Caltech101/Clean/Counter_Attack/Eps_2_0_Steps_2_Alpha_1_0/tau_0_2_beta_2_0_weighted_pertrubation_True/TPT/Optimization_Loss_tpt_LR_0_005_Optimization_Steps_1_View_Selection_Fraction_0_1/Inference_Ensemble_weighted_rtpt_topk_20_softmaxtemp_0_01/weighted_scores.json
2025-06-14 22:02:18,984 - log - INFO - Creating plot of average weights for each view
2025-06-14 22:02:27,848 - log - INFO - Average weights plot saved to /leonardo_work/EUHPC_R04_192/fmohamma/Adversarial_Robust_Clip/ATPT/Final_Results/vit_l_14_datacomp_1b/Caltech101/Clean/Counter_Attack/Eps_2_0_Steps_2_Alpha_1_0/tau_0_2_beta_2_0_weighted_pertrubation_True/TPT/Optimization_Loss_tpt_LR_0_005_Optimization_Steps_1_View_Selection_Fraction_0_1/Inference_Ensemble_weighted_rtpt_topk_20_softmaxtemp_0_01/weighted_scores_plot.png
2025-06-14 22:02:27,854 - log - INFO - => Acc. on testset [Caltech101]: Clean Acc @1 93.46855926513672/ TTA Clean Acc @1 97.03854370117188, Clean Acc @5 98.13387298583984/ TTA Clean Acc @5 99.756591796875
2025-06-14 22:02:27,854 - log - INFO - Total script execution time: 6893.91 seconds (114.90 minutes)
