2025-06-13 04:02:37,181 - log - INFO - ==========================================
data:/leonardo_work/EUHPC_R04_192/fmohamma/Adversarial_Robust_Clip/atpt_data/downstream_datasets
test_sets:DTD
dataset_mode:test
arch:ViT-L/14
resolution:224
workers:4
no_pin_memory:False
batch_size:64
print_freq:20
gpu:0
no_cudnn_benchmark:False
n_ctx:4
ctx_init:a_photo_of_a
tpt_loss:tpt
seed:0
output_dir:/leonardo_work/EUHPC_R04_192/fmohamma/Adversarial_Robust_Clip/atpt_data/ViT-L/14/DTD
log_output_dir:/leonardo_work/EUHPC_R04_192/fmohamma/Adversarial_Robust_Clip/ATPT/Final_Results/ViT-L/14/DTD
eps:0.0
alpha:0.0
alpha_eps_ratio:4.0
steps:0
lr:0.005
selection_p:0.1
tta_steps:1
ensemble_type:weighted_rtpt
top_k:20
softmax_temp:0.01
counter_attack:True
counter_attack_type:pgd
counter_attack_steps:2
counter_attack_eps:4.0
counter_attack_alpha:1.0
counter_attack_tau_thres:0.2
counter_attack_beta:2.0
counter_attack_weighted_perturbations:True
pgd_clip_pure_i_text_embeddings:null
pgd_counter_and_clipure_i_lamda:1.0
selected_id_name:selected_topk.json
weighted_score_name:weighted_scores.json
batch_entropy_name:entropies.json
log_dir:/leonardo_work/EUHPC_R04_192/fmohamma/Adversarial_Robust_Clip/ATPT/Final_Results/ViT-L/14/DTD/Clean/Counter_Attack/Eps_4_0_Steps_2_Alpha_1_0/tau_0_2_beta_2_0_weighted_pertrubation_True/TPT/Optimization_Loss_tpt_LR_0_005_Optimization_Steps_1_View_Selection_Fraction_0_1/Inference_Ensemble_weighted_rtpt_topk_20_softmaxtemp_0_01

2025-06-13 04:02:37,182 - log - INFO - Use GPU: 0 for training
2025-06-13 04:03:37,247 - log - INFO - Freezing all parameters except prompt learner
2025-06-13 04:03:37,249 - log - INFO - => Model created: visual backbone ViT-L/14
2025-06-13 04:03:37,271 - log - INFO - Number of test samples: 1692
2025-06-13 04:03:37,271 - log - INFO - Evaluating dataset: DTD
2025-06-13 04:03:37,272 - log - INFO - Starting evaluation with batch size: 64, selection percentage: 0.1
2025-06-13 04:03:37,272 - log - INFO - Test-time adaptation steps: 1, learning rate: 0.005
2025-06-13 04:03:37,272 - log - INFO - Using counter-attack with epsilon: 4.000000, alpha: 0.000000, steps: 2, tau_thres: 0.2, beta: 2.0, weighted perturbation: True
2025-06-13 04:04:53,740 - log - INFO - iter:20/1692, clip_acc1=0.0, tta_acc1=5.0
2025-06-13 04:04:53,741 - log - INFO - iter:20/1692, Original Acc@1: 0.00, Acc@5: 0.00, TTA Acc@1: 5.00, Acc@5: 15.00
2025-06-13 04:05:49,303 - log - INFO - iter:40/1692, clip_acc1=0.0, tta_acc1=2.5
2025-06-13 04:05:49,304 - log - INFO - iter:40/1692, Original Acc@1: 0.00, Acc@5: 7.50, TTA Acc@1: 2.50, Acc@5: 17.50
2025-06-13 04:06:44,857 - log - INFO - iter:60/1692, clip_acc1=1.6666667461395264, tta_acc1=1.6666667461395264
2025-06-13 04:06:44,858 - log - INFO - iter:60/1692, Original Acc@1: 1.67, Acc@5: 6.67, TTA Acc@1: 1.67, Acc@5: 18.33
2025-06-13 04:07:40,218 - log - INFO - iter:80/1692, clip_acc1=1.25, tta_acc1=2.5
2025-06-13 04:07:40,218 - log - INFO - iter:80/1692, Original Acc@1: 1.25, Acc@5: 10.00, TTA Acc@1: 2.50, Acc@5: 18.75
2025-06-13 04:08:35,528 - log - INFO - iter:100/1692, clip_acc1=5.0, tta_acc1=5.0
2025-06-13 04:08:35,528 - log - INFO - iter:100/1692, Original Acc@1: 5.00, Acc@5: 18.00, TTA Acc@1: 5.00, Acc@5: 25.00
2025-06-13 04:09:33,205 - log - INFO - iter:120/1692, clip_acc1=15.000000953674316, tta_acc1=17.5
2025-06-13 04:09:33,205 - log - INFO - iter:120/1692, Original Acc@1: 15.00, Acc@5: 29.17, TTA Acc@1: 17.50, Acc@5: 36.67
2025-06-13 04:10:28,705 - log - INFO - iter:140/1692, clip_acc1=20.714284896850586, tta_acc1=27.85714340209961
2025-06-13 04:10:28,705 - log - INFO - iter:140/1692, Original Acc@1: 20.71, Acc@5: 37.14, TTA Acc@1: 27.86, Acc@5: 45.71
2025-06-13 04:11:24,304 - log - INFO - iter:160/1692, clip_acc1=21.25, tta_acc1=27.5
2025-06-13 04:11:24,304 - log - INFO - iter:160/1692, Original Acc@1: 21.25, Acc@5: 39.38, TTA Acc@1: 27.50, Acc@5: 45.00
2025-06-13 04:12:19,638 - log - INFO - iter:180/1692, clip_acc1=21.11111068725586, tta_acc1=25.55555534362793
2025-06-13 04:12:19,638 - log - INFO - iter:180/1692, Original Acc@1: 21.11, Acc@5: 40.56, TTA Acc@1: 25.56, Acc@5: 43.89
2025-06-13 04:13:16,795 - log - INFO - iter:200/1692, clip_acc1=25.5, tta_acc1=33.0
2025-06-13 04:13:16,796 - log - INFO - iter:200/1692, Original Acc@1: 25.50, Acc@5: 45.50, TTA Acc@1: 33.00, Acc@5: 49.50
2025-06-13 04:14:12,332 - log - INFO - iter:220/1692, clip_acc1=27.727272033691406, tta_acc1=38.6363639831543
2025-06-13 04:14:12,333 - log - INFO - iter:220/1692, Original Acc@1: 27.73, Acc@5: 49.09, TTA Acc@1: 38.64, Acc@5: 54.09
2025-06-13 04:15:07,860 - log - INFO - iter:240/1692, clip_acc1=32.91666793823242, tta_acc1=42.91666793823242
2025-06-13 04:15:07,860 - log - INFO - iter:240/1692, Original Acc@1: 32.92, Acc@5: 52.92, TTA Acc@1: 42.92, Acc@5: 57.92
2025-06-13 04:16:03,630 - log - INFO - iter:260/1692, clip_acc1=35.38461685180664, tta_acc1=46.153846740722656
2025-06-13 04:16:03,630 - log - INFO - iter:260/1692, Original Acc@1: 35.38, Acc@5: 55.00, TTA Acc@1: 46.15, Acc@5: 60.00
2025-06-13 04:16:59,254 - log - INFO - iter:280/1692, clip_acc1=36.78571319580078, tta_acc1=47.5
2025-06-13 04:16:59,255 - log - INFO - iter:280/1692, Original Acc@1: 36.79, Acc@5: 57.50, TTA Acc@1: 47.50, Acc@5: 62.50
2025-06-13 04:17:54,637 - log - INFO - iter:300/1692, clip_acc1=37.333335876464844, tta_acc1=47.333335876464844
2025-06-13 04:17:54,637 - log - INFO - iter:300/1692, Original Acc@1: 37.33, Acc@5: 59.00, TTA Acc@1: 47.33, Acc@5: 64.00
2025-06-13 04:18:50,306 - log - INFO - iter:320/1692, clip_acc1=35.0, tta_acc1=45.625
2025-06-13 04:18:50,307 - log - INFO - iter:320/1692, Original Acc@1: 35.00, Acc@5: 58.12, TTA Acc@1: 45.62, Acc@5: 64.69
2025-06-13 04:19:46,250 - log - INFO - iter:340/1692, clip_acc1=35.58823776245117, tta_acc1=47.05882263183594
2025-06-13 04:19:46,250 - log - INFO - iter:340/1692, Original Acc@1: 35.59, Acc@5: 57.65, TTA Acc@1: 47.06, Acc@5: 65.29
2025-06-13 04:20:42,085 - log - INFO - iter:360/1692, clip_acc1=35.833335876464844, tta_acc1=48.333335876464844
2025-06-13 04:20:42,085 - log - INFO - iter:360/1692, Original Acc@1: 35.83, Acc@5: 57.50, TTA Acc@1: 48.33, Acc@5: 66.11
2025-06-13 04:21:37,468 - log - INFO - iter:380/1692, clip_acc1=37.6315803527832, tta_acc1=47.6315803527832
2025-06-13 04:21:37,468 - log - INFO - iter:380/1692, Original Acc@1: 37.63, Acc@5: 59.74, TTA Acc@1: 47.63, Acc@5: 67.89
2025-06-13 04:22:32,970 - log - INFO - iter:400/1692, clip_acc1=38.75, tta_acc1=47.0
2025-06-13 04:22:32,970 - log - INFO - iter:400/1692, Original Acc@1: 38.75, Acc@5: 61.00, TTA Acc@1: 47.00, Acc@5: 69.25
2025-06-13 04:23:28,434 - log - INFO - iter:420/1692, clip_acc1=40.0, tta_acc1=47.85714340209961
2025-06-13 04:23:28,434 - log - INFO - iter:420/1692, Original Acc@1: 40.00, Acc@5: 62.38, TTA Acc@1: 47.86, Acc@5: 70.48
2025-06-13 04:24:24,169 - log - INFO - iter:440/1692, clip_acc1=38.6363639831543, tta_acc1=48.18181610107422
2025-06-13 04:24:24,169 - log - INFO - iter:440/1692, Original Acc@1: 38.64, Acc@5: 61.59, TTA Acc@1: 48.18, Acc@5: 70.91
2025-06-13 04:25:19,552 - log - INFO - iter:460/1692, clip_acc1=37.39130401611328, tta_acc1=46.52173614501953
2025-06-13 04:25:19,552 - log - INFO - iter:460/1692, Original Acc@1: 37.39, Acc@5: 60.00, TTA Acc@1: 46.52, Acc@5: 70.87
2025-06-13 04:26:15,072 - log - INFO - iter:480/1692, clip_acc1=38.333335876464844, tta_acc1=47.29166793823242
2025-06-13 04:26:15,072 - log - INFO - iter:480/1692, Original Acc@1: 38.33, Acc@5: 60.83, TTA Acc@1: 47.29, Acc@5: 71.46
2025-06-13 04:27:10,569 - log - INFO - iter:500/1692, clip_acc1=38.0, tta_acc1=47.400001525878906
2025-06-13 04:27:10,569 - log - INFO - iter:500/1692, Original Acc@1: 38.00, Acc@5: 60.60, TTA Acc@1: 47.40, Acc@5: 72.00
2025-06-13 04:28:06,366 - log - INFO - iter:520/1692, clip_acc1=38.269229888916016, tta_acc1=46.53845977783203
2025-06-13 04:28:06,366 - log - INFO - iter:520/1692, Original Acc@1: 38.27, Acc@5: 60.96, TTA Acc@1: 46.54, Acc@5: 72.12
2025-06-13 04:29:02,190 - log - INFO - iter:540/1692, clip_acc1=38.703704833984375, tta_acc1=46.11111068725586
2025-06-13 04:29:02,190 - log - INFO - iter:540/1692, Original Acc@1: 38.70, Acc@5: 62.04, TTA Acc@1: 46.11, Acc@5: 72.41
2025-06-13 04:29:57,824 - log - INFO - iter:560/1692, clip_acc1=38.39285659790039, tta_acc1=45.35714340209961
2025-06-13 04:29:57,824 - log - INFO - iter:560/1692, Original Acc@1: 38.39, Acc@5: 62.32, TTA Acc@1: 45.36, Acc@5: 72.68
2025-06-13 04:30:53,305 - log - INFO - iter:580/1692, clip_acc1=38.44827651977539, tta_acc1=45.0
2025-06-13 04:30:53,305 - log - INFO - iter:580/1692, Original Acc@1: 38.45, Acc@5: 62.76, TTA Acc@1: 45.00, Acc@5: 73.10
2025-06-13 04:31:48,803 - log - INFO - iter:600/1692, clip_acc1=38.333335876464844, tta_acc1=44.333335876464844
2025-06-13 04:31:48,804 - log - INFO - iter:600/1692, Original Acc@1: 38.33, Acc@5: 63.33, TTA Acc@1: 44.33, Acc@5: 73.67
2025-06-13 04:32:44,347 - log - INFO - iter:620/1692, clip_acc1=37.90322494506836, tta_acc1=43.54838562011719
2025-06-13 04:32:44,347 - log - INFO - iter:620/1692, Original Acc@1: 37.90, Acc@5: 63.06, TTA Acc@1: 43.55, Acc@5: 73.71
2025-06-13 04:33:40,140 - log - INFO - iter:640/1692, clip_acc1=36.875, tta_acc1=42.5
2025-06-13 04:33:40,141 - log - INFO - iter:640/1692, Original Acc@1: 36.88, Acc@5: 62.03, TTA Acc@1: 42.50, Acc@5: 72.81
2025-06-13 04:34:35,673 - log - INFO - iter:660/1692, clip_acc1=36.818180084228516, tta_acc1=42.27272415161133
2025-06-13 04:34:35,673 - log - INFO - iter:660/1692, Original Acc@1: 36.82, Acc@5: 61.97, TTA Acc@1: 42.27, Acc@5: 72.88
2025-06-13 04:35:31,310 - log - INFO - iter:680/1692, clip_acc1=37.05882263183594, tta_acc1=43.235294342041016
2025-06-13 04:35:31,310 - log - INFO - iter:680/1692, Original Acc@1: 37.06, Acc@5: 61.91, TTA Acc@1: 43.24, Acc@5: 73.53
2025-06-13 04:36:26,931 - log - INFO - iter:700/1692, clip_acc1=36.28571319580078, tta_acc1=42.85714340209961
2025-06-13 04:36:26,931 - log - INFO - iter:700/1692, Original Acc@1: 36.29, Acc@5: 61.29, TTA Acc@1: 42.86, Acc@5: 73.43
2025-06-13 04:37:21,990 - log - INFO - iter:720/1692, clip_acc1=35.55555725097656, tta_acc1=42.5
2025-06-13 04:37:21,990 - log - INFO - iter:720/1692, Original Acc@1: 35.56, Acc@5: 61.25, TTA Acc@1: 42.50, Acc@5: 73.47
2025-06-13 04:38:17,735 - log - INFO - iter:740/1692, clip_acc1=36.35135269165039, tta_acc1=43.648651123046875
2025-06-13 04:38:17,735 - log - INFO - iter:740/1692, Original Acc@1: 36.35, Acc@5: 61.76, TTA Acc@1: 43.65, Acc@5: 74.19
2025-06-13 04:39:13,475 - log - INFO - iter:760/1692, clip_acc1=36.578948974609375, tta_acc1=44.342105865478516
2025-06-13 04:39:13,475 - log - INFO - iter:760/1692, Original Acc@1: 36.58, Acc@5: 62.24, TTA Acc@1: 44.34, Acc@5: 74.21
2025-06-13 04:40:08,905 - log - INFO - iter:780/1692, clip_acc1=35.64102554321289, tta_acc1=43.20512771606445
2025-06-13 04:40:08,906 - log - INFO - iter:780/1692, Original Acc@1: 35.64, Acc@5: 60.64, TTA Acc@1: 43.21, Acc@5: 72.44
2025-06-13 04:41:04,220 - log - INFO - iter:800/1692, clip_acc1=34.875, tta_acc1=42.25
2025-06-13 04:41:04,221 - log - INFO - iter:800/1692, Original Acc@1: 34.88, Acc@5: 60.25, TTA Acc@1: 42.25, Acc@5: 71.12
2025-06-13 04:41:59,420 - log - INFO - iter:820/1692, clip_acc1=34.39024353027344, tta_acc1=41.219512939453125
2025-06-13 04:41:59,421 - log - INFO - iter:820/1692, Original Acc@1: 34.39, Acc@5: 60.24, TTA Acc@1: 41.22, Acc@5: 70.73
2025-06-13 04:42:55,201 - log - INFO - iter:840/1692, clip_acc1=33.69047927856445, tta_acc1=40.476192474365234
2025-06-13 04:42:55,201 - log - INFO - iter:840/1692, Original Acc@1: 33.69, Acc@5: 59.52, TTA Acc@1: 40.48, Acc@5: 70.00
2025-06-13 04:43:50,625 - log - INFO - iter:860/1692, clip_acc1=33.13953399658203, tta_acc1=40.348838806152344
2025-06-13 04:43:50,626 - log - INFO - iter:860/1692, Original Acc@1: 33.14, Acc@5: 58.84, TTA Acc@1: 40.35, Acc@5: 70.35
2025-06-13 04:44:46,507 - log - INFO - iter:880/1692, clip_acc1=32.3863639831543, tta_acc1=39.77272415161133
2025-06-13 04:44:46,508 - log - INFO - iter:880/1692, Original Acc@1: 32.39, Acc@5: 58.52, TTA Acc@1: 39.77, Acc@5: 69.20
2025-06-13 04:45:42,180 - log - INFO - iter:900/1692, clip_acc1=31.666667938232422, tta_acc1=39.0
2025-06-13 04:45:42,180 - log - INFO - iter:900/1692, Original Acc@1: 31.67, Acc@5: 57.44, TTA Acc@1: 39.00, Acc@5: 68.00
2025-06-13 04:46:37,802 - log - INFO - iter:920/1692, clip_acc1=31.630434036254883, tta_acc1=39.23912811279297
2025-06-13 04:46:37,802 - log - INFO - iter:920/1692, Original Acc@1: 31.63, Acc@5: 58.04, TTA Acc@1: 39.24, Acc@5: 67.93
2025-06-13 04:47:33,655 - log - INFO - iter:940/1692, clip_acc1=32.12765884399414, tta_acc1=40.212764739990234
2025-06-13 04:47:33,655 - log - INFO - iter:940/1692, Original Acc@1: 32.13, Acc@5: 58.83, TTA Acc@1: 40.21, Acc@5: 68.62
2025-06-13 04:48:28,980 - log - INFO - iter:960/1692, clip_acc1=33.22916793823242, tta_acc1=41.35416793823242
2025-06-13 04:48:28,980 - log - INFO - iter:960/1692, Original Acc@1: 33.23, Acc@5: 59.69, TTA Acc@1: 41.35, Acc@5: 69.27
2025-06-13 04:49:24,396 - log - INFO - iter:980/1692, clip_acc1=33.87754821777344, tta_acc1=42.55101776123047
2025-06-13 04:49:24,396 - log - INFO - iter:980/1692, Original Acc@1: 33.88, Acc@5: 60.41, TTA Acc@1: 42.55, Acc@5: 69.90
2025-06-13 04:50:19,695 - log - INFO - iter:1000/1692, clip_acc1=33.80000305175781, tta_acc1=43.500003814697266
2025-06-13 04:50:19,696 - log - INFO - iter:1000/1692, Original Acc@1: 33.80, Acc@5: 60.60, TTA Acc@1: 43.50, Acc@5: 70.40
2025-06-13 04:51:15,269 - log - INFO - iter:1020/1692, clip_acc1=33.431373596191406, tta_acc1=43.431373596191406
2025-06-13 04:51:15,269 - log - INFO - iter:1020/1692, Original Acc@1: 33.43, Acc@5: 60.29, TTA Acc@1: 43.43, Acc@5: 70.00
2025-06-13 04:52:10,626 - log - INFO - iter:1040/1692, clip_acc1=33.07692337036133, tta_acc1=42.88461685180664
2025-06-13 04:52:10,626 - log - INFO - iter:1040/1692, Original Acc@1: 33.08, Acc@5: 59.62, TTA Acc@1: 42.88, Acc@5: 69.52
2025-06-13 04:53:06,164 - log - INFO - iter:1060/1692, clip_acc1=32.8301887512207, tta_acc1=42.924530029296875
2025-06-13 04:53:06,164 - log - INFO - iter:1060/1692, Original Acc@1: 32.83, Acc@5: 59.15, TTA Acc@1: 42.92, Acc@5: 69.34
2025-06-13 04:54:01,843 - log - INFO - iter:1080/1692, clip_acc1=32.96296310424805, tta_acc1=43.425926208496094
2025-06-13 04:54:01,843 - log - INFO - iter:1080/1692, Original Acc@1: 32.96, Acc@5: 59.54, TTA Acc@1: 43.43, Acc@5: 69.91
2025-06-13 04:54:57,863 - log - INFO - iter:1100/1692, clip_acc1=33.181819915771484, tta_acc1=44.181819915771484
2025-06-13 04:54:57,864 - log - INFO - iter:1100/1692, Original Acc@1: 33.18, Acc@5: 60.27, TTA Acc@1: 44.18, Acc@5: 70.45
2025-06-13 04:55:53,404 - log - INFO - iter:1120/1692, clip_acc1=33.21428680419922, tta_acc1=44.64285659790039
2025-06-13 04:55:53,404 - log - INFO - iter:1120/1692, Original Acc@1: 33.21, Acc@5: 60.71, TTA Acc@1: 44.64, Acc@5: 70.80
2025-06-13 04:56:49,034 - log - INFO - iter:1140/1692, clip_acc1=33.157894134521484, tta_acc1=44.73684310913086
2025-06-13 04:56:49,035 - log - INFO - iter:1140/1692, Original Acc@1: 33.16, Acc@5: 60.79, TTA Acc@1: 44.74, Acc@5: 70.61
2025-06-13 04:57:44,480 - log - INFO - iter:1160/1692, clip_acc1=33.36206817626953, tta_acc1=44.82758712768555
2025-06-13 04:57:44,480 - log - INFO - iter:1160/1692, Original Acc@1: 33.36, Acc@5: 60.78, TTA Acc@1: 44.83, Acc@5: 70.43
2025-06-13 04:58:40,032 - log - INFO - iter:1180/1692, clip_acc1=33.813560485839844, tta_acc1=45.25423812866211
2025-06-13 04:58:40,032 - log - INFO - iter:1180/1692, Original Acc@1: 33.81, Acc@5: 61.02, TTA Acc@1: 45.25, Acc@5: 70.76
2025-06-13 04:59:35,634 - log - INFO - iter:1200/1692, clip_acc1=34.16666793823242, tta_acc1=45.91666793823242
2025-06-13 04:59:35,634 - log - INFO - iter:1200/1692, Original Acc@1: 34.17, Acc@5: 61.00, TTA Acc@1: 45.92, Acc@5: 71.08
2025-06-13 05:00:31,392 - log - INFO - iter:1220/1692, clip_acc1=34.180328369140625, tta_acc1=46.22950744628906
2025-06-13 05:00:31,393 - log - INFO - iter:1220/1692, Original Acc@1: 34.18, Acc@5: 60.82, TTA Acc@1: 46.23, Acc@5: 71.39
2025-06-13 05:01:27,239 - log - INFO - iter:1240/1692, clip_acc1=33.870967864990234, tta_acc1=46.129032135009766
2025-06-13 05:01:27,239 - log - INFO - iter:1240/1692, Original Acc@1: 33.87, Acc@5: 60.65, TTA Acc@1: 46.13, Acc@5: 71.61
2025-06-13 05:02:23,093 - log - INFO - iter:1260/1692, clip_acc1=33.33333206176758, tta_acc1=45.79365158081055
2025-06-13 05:02:23,093 - log - INFO - iter:1260/1692, Original Acc@1: 33.33, Acc@5: 60.16, TTA Acc@1: 45.79, Acc@5: 71.83
2025-06-13 05:03:18,755 - log - INFO - iter:1280/1692, clip_acc1=33.671875, tta_acc1=45.78125
2025-06-13 05:03:18,756 - log - INFO - iter:1280/1692, Original Acc@1: 33.67, Acc@5: 60.47, TTA Acc@1: 45.78, Acc@5: 71.95
2025-06-13 05:04:14,759 - log - INFO - iter:1300/1692, clip_acc1=34.0, tta_acc1=45.846153259277344
2025-06-13 05:04:14,760 - log - INFO - iter:1300/1692, Original Acc@1: 34.00, Acc@5: 60.85, TTA Acc@1: 45.85, Acc@5: 72.23
2025-06-13 05:05:10,379 - log - INFO - iter:1320/1692, clip_acc1=33.8636360168457, tta_acc1=45.378787994384766
2025-06-13 05:05:10,379 - log - INFO - iter:1320/1692, Original Acc@1: 33.86, Acc@5: 60.61, TTA Acc@1: 45.38, Acc@5: 71.89
2025-06-13 05:06:06,042 - log - INFO - iter:1340/1692, clip_acc1=33.88059616088867, tta_acc1=45.37313461303711
2025-06-13 05:06:06,042 - log - INFO - iter:1340/1692, Original Acc@1: 33.88, Acc@5: 60.67, TTA Acc@1: 45.37, Acc@5: 71.87
2025-06-13 05:07:02,207 - log - INFO - iter:1360/1692, clip_acc1=33.82352828979492, tta_acc1=45.36764907836914
2025-06-13 05:07:02,208 - log - INFO - iter:1360/1692, Original Acc@1: 33.82, Acc@5: 60.88, TTA Acc@1: 45.37, Acc@5: 71.99
2025-06-13 05:07:58,348 - log - INFO - iter:1380/1692, clip_acc1=33.69565200805664, tta_acc1=45.21739196777344
2025-06-13 05:07:58,349 - log - INFO - iter:1380/1692, Original Acc@1: 33.70, Acc@5: 60.94, TTA Acc@1: 45.22, Acc@5: 72.03
2025-06-13 05:08:54,007 - log - INFO - iter:1400/1692, clip_acc1=33.42856979370117, tta_acc1=44.92856979370117
2025-06-13 05:08:54,007 - log - INFO - iter:1400/1692, Original Acc@1: 33.43, Acc@5: 60.57, TTA Acc@1: 44.93, Acc@5: 72.14
2025-06-13 05:09:50,573 - log - INFO - iter:1420/1692, clip_acc1=33.80281448364258, tta_acc1=45.28168869018555
2025-06-13 05:09:50,573 - log - INFO - iter:1420/1692, Original Acc@1: 33.80, Acc@5: 60.85, TTA Acc@1: 45.28, Acc@5: 72.39
2025-06-13 05:10:46,011 - log - INFO - iter:1440/1692, clip_acc1=34.375, tta_acc1=45.833335876464844
2025-06-13 05:10:46,011 - log - INFO - iter:1440/1692, Original Acc@1: 34.38, Acc@5: 61.11, TTA Acc@1: 45.83, Acc@5: 72.71
2025-06-13 05:11:41,963 - log - INFO - iter:1460/1692, clip_acc1=34.72602844238281, tta_acc1=46.02739715576172
2025-06-13 05:11:41,963 - log - INFO - iter:1460/1692, Original Acc@1: 34.73, Acc@5: 61.37, TTA Acc@1: 46.03, Acc@5: 72.95
2025-06-13 05:12:37,536 - log - INFO - iter:1480/1692, clip_acc1=35.067569732666016, tta_acc1=46.148651123046875
2025-06-13 05:12:37,536 - log - INFO - iter:1480/1692, Original Acc@1: 35.07, Acc@5: 61.49, TTA Acc@1: 46.15, Acc@5: 72.97
2025-06-13 05:13:33,594 - log - INFO - iter:1500/1692, clip_acc1=35.0, tta_acc1=45.79999923706055
2025-06-13 05:13:33,594 - log - INFO - iter:1500/1692, Original Acc@1: 35.00, Acc@5: 61.73, TTA Acc@1: 45.80, Acc@5: 73.20
2025-06-13 05:14:29,595 - log - INFO - iter:1520/1692, clip_acc1=35.0, tta_acc1=45.85526657104492
2025-06-13 05:14:29,596 - log - INFO - iter:1520/1692, Original Acc@1: 35.00, Acc@5: 61.91, TTA Acc@1: 45.86, Acc@5: 73.36
2025-06-13 05:15:25,140 - log - INFO - iter:1540/1692, clip_acc1=34.80519485473633, tta_acc1=45.71428298950195
2025-06-13 05:15:25,140 - log - INFO - iter:1540/1692, Original Acc@1: 34.81, Acc@5: 61.56, TTA Acc@1: 45.71, Acc@5: 73.31
2025-06-13 05:16:20,777 - log - INFO - iter:1560/1692, clip_acc1=34.871795654296875, tta_acc1=46.089744567871094
2025-06-13 05:16:20,777 - log - INFO - iter:1560/1692, Original Acc@1: 34.87, Acc@5: 61.60, TTA Acc@1: 46.09, Acc@5: 73.53
2025-06-13 05:17:19,577 - log - INFO - iter:1580/1692, clip_acc1=35.126583099365234, tta_acc1=46.45569610595703
2025-06-13 05:17:19,577 - log - INFO - iter:1580/1692, Original Acc@1: 35.13, Acc@5: 61.52, TTA Acc@1: 46.46, Acc@5: 73.61
2025-06-13 05:18:15,129 - log - INFO - iter:1600/1692, clip_acc1=35.625, tta_acc1=47.0625
2025-06-13 05:18:15,129 - log - INFO - iter:1600/1692, Original Acc@1: 35.62, Acc@5: 61.81, TTA Acc@1: 47.06, Acc@5: 73.88
2025-06-13 05:19:10,713 - log - INFO - iter:1620/1692, clip_acc1=35.49382781982422, tta_acc1=47.469139099121094
2025-06-13 05:19:10,714 - log - INFO - iter:1620/1692, Original Acc@1: 35.49, Acc@5: 61.79, TTA Acc@1: 47.47, Acc@5: 74.07
2025-06-13 05:20:06,373 - log - INFO - iter:1640/1692, clip_acc1=35.42683029174805, tta_acc1=47.378047943115234
2025-06-13 05:20:06,373 - log - INFO - iter:1640/1692, Original Acc@1: 35.43, Acc@5: 61.71, TTA Acc@1: 47.38, Acc@5: 73.96
2025-06-13 05:21:05,863 - log - INFO - iter:1660/1692, clip_acc1=35.301204681396484, tta_acc1=47.469879150390625
2025-06-13 05:21:05,863 - log - INFO - iter:1660/1692, Original Acc@1: 35.30, Acc@5: 61.81, TTA Acc@1: 47.47, Acc@5: 74.16
2025-06-13 05:22:01,913 - log - INFO - iter:1680/1692, clip_acc1=35.654762268066406, tta_acc1=47.91666793823242
2025-06-13 05:22:01,914 - log - INFO - iter:1680/1692, Original Acc@1: 35.65, Acc@5: 62.26, TTA Acc@1: 47.92, Acc@5: 74.46
2025-06-13 05:22:32,196 - log - INFO - iter:1692/1692, clip_acc1=35.87470626831055, tta_acc1=48.226951599121094
2025-06-13 05:22:32,196 - log - INFO - iter:1692/1692, Original Acc@1: 35.87, Acc@5: 62.47, TTA Acc@1: 48.23, Acc@5: 74.65
2025-06-13 05:22:32,334 - log - INFO - Final results - Original Acc@1: 35.87, Acc@5: 62.47, TTA Acc@1: 48.23, Acc@5: 74.65
2025-06-13 05:22:32,334 - log - INFO - Improvement from TTA in Acc@1 12.35, and Acc@5 12.17
2025-06-13 05:22:32,335 - log - INFO - Number of selected samples with index 0: 268
2025-06-13 05:22:32,335 - log - INFO - Number of samples in the dataset: 1692
2025-06-13 05:22:32,351 - log - INFO - Selected IDs saved to /leonardo_work/EUHPC_R04_192/fmohamma/Adversarial_Robust_Clip/ATPT/Final_Results/ViT-L/14/DTD/Clean/Counter_Attack/Eps_4_0_Steps_2_Alpha_1_0/tau_0_2_beta_2_0_weighted_pertrubation_True/TPT/Optimization_Loss_tpt_LR_0_005_Optimization_Steps_1_View_Selection_Fraction_0_1/Inference_Ensemble_weighted_rtpt_topk_20_softmaxtemp_0_01/selected_topk.json
2025-06-13 05:22:32,457 - log - INFO - Batch entropies saved to /leonardo_work/EUHPC_R04_192/fmohamma/Adversarial_Robust_Clip/ATPT/Final_Results/ViT-L/14/DTD/Clean/Counter_Attack/Eps_4_0_Steps_2_Alpha_1_0/tau_0_2_beta_2_0_weighted_pertrubation_True/TPT/Optimization_Loss_tpt_LR_0_005_Optimization_Steps_1_View_Selection_Fraction_0_1/Inference_Ensemble_weighted_rtpt_topk_20_softmaxtemp_0_01/entropies.json
2025-06-13 05:22:32,569 - log - INFO - Weighted scores saved to /leonardo_work/EUHPC_R04_192/fmohamma/Adversarial_Robust_Clip/ATPT/Final_Results/ViT-L/14/DTD/Clean/Counter_Attack/Eps_4_0_Steps_2_Alpha_1_0/tau_0_2_beta_2_0_weighted_pertrubation_True/TPT/Optimization_Loss_tpt_LR_0_005_Optimization_Steps_1_View_Selection_Fraction_0_1/Inference_Ensemble_weighted_rtpt_topk_20_softmaxtemp_0_01/weighted_scores.json
2025-06-13 05:22:32,569 - log - INFO - Creating plot of average weights for each view
2025-06-13 05:22:37,649 - log - INFO - Average weights plot saved to /leonardo_work/EUHPC_R04_192/fmohamma/Adversarial_Robust_Clip/ATPT/Final_Results/ViT-L/14/DTD/Clean/Counter_Attack/Eps_4_0_Steps_2_Alpha_1_0/tau_0_2_beta_2_0_weighted_pertrubation_True/TPT/Optimization_Loss_tpt_LR_0_005_Optimization_Steps_1_View_Selection_Fraction_0_1/Inference_Ensemble_weighted_rtpt_topk_20_softmaxtemp_0_01/weighted_scores_plot.png
2025-06-13 05:22:37,653 - log - INFO - => Acc. on testset [DTD]: Clean Acc @1 35.87470626831055/ TTA Clean Acc @1 48.226951599121094, Clean Acc @5 62.4704475402832/ TTA Clean Acc @5 74.64539337158203
2025-06-13 05:22:37,653 - log - INFO - Total script execution time: 4800.51 seconds (80.01 minutes)
