2025-06-11 13:08:57,549 - log - INFO - ==========================================
data:/l/users/hashmat.malik/downstream_datasets
test_sets:Caltech101
dataset_mode:test
arch:fare4
resolution:224
workers:4
no_pin_memory:False
batch_size:64
print_freq:20
gpu:0
no_cudnn_benchmark:False
n_ctx:4
ctx_init:a_photo_of_a
tpt_loss:rtpt
seed:0
output_dir:/l/users/hashmat.malik/atpt_results/fare4/Caltech101
log_output_dir:/l/users/hashmat.malik/Projects/ATPT/Final_Results/fare4/Caltech101
eps:0.0
alpha:0.0
alpha_eps_ratio:4.0
steps:0
lr:0.005
selection_p:0.1
tta_steps:0
ensemble_type:weighted_rtpt
top_k:20
softmax_temp:0.01
counter_attack:True
counter_attack_type:pgd
counter_attack_steps:2
counter_attack_eps:4.0
counter_attack_alpha:1.0
counter_attack_tau_thres:0.2
counter_attack_beta:2.0
counter_attack_weighted_perturbations:True
pgd_clip_pure_i_text_embeddings:null
pgd_counter_and_clipure_i_lamda:1.0
selected_id_name:selected_topk.json
weighted_score_name:weighted_scores.json
batch_entropy_name:entropies.json
log_dir:/l/users/hashmat.malik/Projects/ATPT/Final_Results/fare4/Caltech101/Clean/Counter_Attack/Eps_4_0_Steps_2_Alpha_1_0/tau_0_2_beta_2_0_weighted_pertrubation_True/No_TPT/Inference_Ensemble_weighted_rtpt_topk_20_softmaxtemp_0_01

2025-06-11 13:08:57,550 - log - INFO - Use GPU: 0 for training
2025-06-11 13:09:11,145 - log - INFO - Freezing all parameters except prompt learner
2025-06-11 13:09:11,146 - log - INFO - => Model created: visual backbone fare4
2025-06-11 13:09:11,158 - log - INFO - Number of test samples: 2465
2025-06-11 13:09:11,158 - log - INFO - Evaluating dataset: Caltech101
2025-06-11 13:09:11,159 - log - INFO - Starting evaluation with batch size: 64, selection percentage: 0.1
2025-06-11 13:09:11,159 - log - INFO - Test-time adaptation steps: 0, learning rate: 0.005
2025-06-11 13:09:11,159 - log - INFO - Using counter-attack with epsilon: 4.000000, alpha: 0.000000, steps: 2, tau_thres: 0.2, beta: 2.0, weighted perturbation: True
2025-06-11 13:10:10,359 - log - INFO - iter:20/2465, clip_acc1=90.0, tta_acc1=100.0
2025-06-11 13:10:10,360 - log - INFO - iter:20/2465, Original Acc@1: 90.00, Acc@5: 100.00, TTA Acc@1: 100.00, Acc@5: 100.00
2025-06-11 13:11:23,716 - log - INFO - iter:40/2465, clip_acc1=92.5, tta_acc1=97.5
2025-06-11 13:11:23,716 - log - INFO - iter:40/2465, Original Acc@1: 92.50, Acc@5: 100.00, TTA Acc@1: 97.50, Acc@5: 100.00
2025-06-11 13:12:39,701 - log - INFO - iter:60/2465, clip_acc1=95.00000762939453, tta_acc1=98.33333587646484
2025-06-11 13:12:39,702 - log - INFO - iter:60/2465, Original Acc@1: 95.00, Acc@5: 100.00, TTA Acc@1: 98.33, Acc@5: 100.00
2025-06-11 13:13:42,033 - log - INFO - iter:80/2465, clip_acc1=91.25, tta_acc1=95.0
2025-06-11 13:13:42,033 - log - INFO - iter:80/2465, Original Acc@1: 91.25, Acc@5: 100.00, TTA Acc@1: 95.00, Acc@5: 100.00
2025-06-11 13:14:47,300 - log - INFO - iter:100/2465, clip_acc1=92.0, tta_acc1=95.0
2025-06-11 13:14:47,300 - log - INFO - iter:100/2465, Original Acc@1: 92.00, Acc@5: 100.00, TTA Acc@1: 95.00, Acc@5: 100.00
2025-06-11 13:15:47,924 - log - INFO - iter:120/2465, clip_acc1=91.66667175292969, tta_acc1=94.16667175292969
2025-06-11 13:15:47,924 - log - INFO - iter:120/2465, Original Acc@1: 91.67, Acc@5: 100.00, TTA Acc@1: 94.17, Acc@5: 100.00
2025-06-11 13:16:39,822 - log - INFO - iter:140/2465, clip_acc1=91.42857360839844, tta_acc1=94.28571319580078
2025-06-11 13:16:39,822 - log - INFO - iter:140/2465, Original Acc@1: 91.43, Acc@5: 100.00, TTA Acc@1: 94.29, Acc@5: 100.00
2025-06-11 13:17:31,281 - log - INFO - iter:160/2465, clip_acc1=90.625, tta_acc1=92.5
2025-06-11 13:17:31,281 - log - INFO - iter:160/2465, Original Acc@1: 90.62, Acc@5: 100.00, TTA Acc@1: 92.50, Acc@5: 100.00
2025-06-11 13:18:25,510 - log - INFO - iter:180/2465, clip_acc1=88.8888931274414, tta_acc1=91.11111450195312
2025-06-11 13:18:25,510 - log - INFO - iter:180/2465, Original Acc@1: 88.89, Acc@5: 100.00, TTA Acc@1: 91.11, Acc@5: 99.44
2025-06-11 13:19:26,944 - log - INFO - iter:200/2465, clip_acc1=89.0, tta_acc1=90.5
2025-06-11 13:19:26,944 - log - INFO - iter:200/2465, Original Acc@1: 89.00, Acc@5: 100.00, TTA Acc@1: 90.50, Acc@5: 99.50
2025-06-11 13:20:29,958 - log - INFO - iter:220/2465, clip_acc1=90.0, tta_acc1=90.45454406738281
2025-06-11 13:20:29,958 - log - INFO - iter:220/2465, Original Acc@1: 90.00, Acc@5: 100.00, TTA Acc@1: 90.45, Acc@5: 99.09
2025-06-11 13:21:45,705 - log - INFO - iter:240/2465, clip_acc1=90.83333587646484, tta_acc1=91.25000762939453
2025-06-11 13:21:45,705 - log - INFO - iter:240/2465, Original Acc@1: 90.83, Acc@5: 100.00, TTA Acc@1: 91.25, Acc@5: 99.17
2025-06-11 13:22:46,732 - log - INFO - iter:260/2465, clip_acc1=91.53845977783203, tta_acc1=91.92308044433594
2025-06-11 13:22:46,733 - log - INFO - iter:260/2465, Original Acc@1: 91.54, Acc@5: 100.00, TTA Acc@1: 91.92, Acc@5: 99.23
2025-06-11 13:23:41,720 - log - INFO - iter:280/2465, clip_acc1=92.14286041259766, tta_acc1=92.14286041259766
2025-06-11 13:23:41,720 - log - INFO - iter:280/2465, Original Acc@1: 92.14, Acc@5: 100.00, TTA Acc@1: 92.14, Acc@5: 99.29
2025-06-11 13:24:40,313 - log - INFO - iter:300/2465, clip_acc1=92.66667175292969, tta_acc1=92.66667175292969
2025-06-11 13:24:40,313 - log - INFO - iter:300/2465, Original Acc@1: 92.67, Acc@5: 100.00, TTA Acc@1: 92.67, Acc@5: 99.33
2025-06-11 13:25:39,410 - log - INFO - iter:320/2465, clip_acc1=93.125, tta_acc1=93.125
2025-06-11 13:25:39,410 - log - INFO - iter:320/2465, Original Acc@1: 93.12, Acc@5: 100.00, TTA Acc@1: 93.12, Acc@5: 99.38
2025-06-11 13:26:47,058 - log - INFO - iter:340/2465, clip_acc1=93.52941131591797, tta_acc1=93.52941131591797
2025-06-11 13:26:47,058 - log - INFO - iter:340/2465, Original Acc@1: 93.53, Acc@5: 100.00, TTA Acc@1: 93.53, Acc@5: 99.41
2025-06-11 13:27:54,799 - log - INFO - iter:360/2465, clip_acc1=93.8888931274414, tta_acc1=93.33333587646484
2025-06-11 13:27:54,799 - log - INFO - iter:360/2465, Original Acc@1: 93.89, Acc@5: 100.00, TTA Acc@1: 93.33, Acc@5: 99.44
2025-06-11 13:29:00,764 - log - INFO - iter:380/2465, clip_acc1=94.21053314208984, tta_acc1=93.68421173095703
2025-06-11 13:29:00,764 - log - INFO - iter:380/2465, Original Acc@1: 94.21, Acc@5: 100.00, TTA Acc@1: 93.68, Acc@5: 99.47
2025-06-11 13:30:03,299 - log - INFO - iter:400/2465, clip_acc1=94.5, tta_acc1=94.0
2025-06-11 13:30:03,299 - log - INFO - iter:400/2465, Original Acc@1: 94.50, Acc@5: 100.00, TTA Acc@1: 94.00, Acc@5: 99.50
2025-06-11 13:31:19,702 - log - INFO - iter:420/2465, clip_acc1=94.76190948486328, tta_acc1=94.28572082519531
2025-06-11 13:31:19,703 - log - INFO - iter:420/2465, Original Acc@1: 94.76, Acc@5: 100.00, TTA Acc@1: 94.29, Acc@5: 99.52
2025-06-11 13:32:15,587 - log - INFO - iter:440/2465, clip_acc1=95.0, tta_acc1=94.54544830322266
2025-06-11 13:32:15,587 - log - INFO - iter:440/2465, Original Acc@1: 95.00, Acc@5: 100.00, TTA Acc@1: 94.55, Acc@5: 99.55
2025-06-11 13:33:04,250 - log - INFO - iter:460/2465, clip_acc1=95.2173843383789, tta_acc1=94.78260803222656
2025-06-11 13:33:04,251 - log - INFO - iter:460/2465, Original Acc@1: 95.22, Acc@5: 100.00, TTA Acc@1: 94.78, Acc@5: 99.57
2025-06-11 13:34:35,383 - log - INFO - iter:480/2465, clip_acc1=95.00000762939453, tta_acc1=94.58333587646484
2025-06-11 13:34:35,383 - log - INFO - iter:480/2465, Original Acc@1: 95.00, Acc@5: 99.79, TTA Acc@1: 94.58, Acc@5: 99.17
2025-06-11 13:35:43,862 - log - INFO - iter:500/2465, clip_acc1=95.20000457763672, tta_acc1=94.4000015258789
2025-06-11 13:35:43,863 - log - INFO - iter:500/2465, Original Acc@1: 95.20, Acc@5: 99.80, TTA Acc@1: 94.40, Acc@5: 99.20
2025-06-11 13:36:43,938 - log - INFO - iter:520/2465, clip_acc1=95.38461303710938, tta_acc1=94.42308044433594
2025-06-11 13:36:43,938 - log - INFO - iter:520/2465, Original Acc@1: 95.38, Acc@5: 99.81, TTA Acc@1: 94.42, Acc@5: 99.23
2025-06-11 13:37:32,587 - log - INFO - iter:540/2465, clip_acc1=95.55555725097656, tta_acc1=94.2592544555664
2025-06-11 13:37:32,587 - log - INFO - iter:540/2465, Original Acc@1: 95.56, Acc@5: 99.81, TTA Acc@1: 94.26, Acc@5: 99.07
2025-06-11 13:38:38,179 - log - INFO - iter:560/2465, clip_acc1=95.71428680419922, tta_acc1=94.10713958740234
2025-06-11 13:38:38,179 - log - INFO - iter:560/2465, Original Acc@1: 95.71, Acc@5: 99.82, TTA Acc@1: 94.11, Acc@5: 98.93
2025-06-11 13:39:34,098 - log - INFO - iter:580/2465, clip_acc1=95.86206817626953, tta_acc1=94.13793182373047
2025-06-11 13:39:34,099 - log - INFO - iter:580/2465, Original Acc@1: 95.86, Acc@5: 99.83, TTA Acc@1: 94.14, Acc@5: 98.79
2025-06-11 13:40:40,159 - log - INFO - iter:600/2465, clip_acc1=96.0, tta_acc1=94.33333587646484
2025-06-11 13:40:40,160 - log - INFO - iter:600/2465, Original Acc@1: 96.00, Acc@5: 99.83, TTA Acc@1: 94.33, Acc@5: 98.83
2025-06-11 13:42:01,050 - log - INFO - iter:620/2465, clip_acc1=96.1290283203125, tta_acc1=94.3548355102539
2025-06-11 13:42:01,050 - log - INFO - iter:620/2465, Original Acc@1: 96.13, Acc@5: 99.84, TTA Acc@1: 94.35, Acc@5: 98.71
2025-06-11 13:43:16,120 - log - INFO - iter:640/2465, clip_acc1=96.25, tta_acc1=94.21875
2025-06-11 13:43:16,120 - log - INFO - iter:640/2465, Original Acc@1: 96.25, Acc@5: 99.84, TTA Acc@1: 94.22, Acc@5: 98.59
2025-06-11 13:44:25,725 - log - INFO - iter:660/2465, clip_acc1=96.36363220214844, tta_acc1=93.93939208984375
2025-06-11 13:44:25,726 - log - INFO - iter:660/2465, Original Acc@1: 96.36, Acc@5: 99.85, TTA Acc@1: 93.94, Acc@5: 98.33
2025-06-11 13:45:24,146 - log - INFO - iter:680/2465, clip_acc1=96.47058868408203, tta_acc1=94.11764526367188
2025-06-11 13:45:24,147 - log - INFO - iter:680/2465, Original Acc@1: 96.47, Acc@5: 99.85, TTA Acc@1: 94.12, Acc@5: 98.38
2025-06-11 13:46:17,223 - log - INFO - iter:700/2465, clip_acc1=95.57142639160156, tta_acc1=93.14285278320312
2025-06-11 13:46:17,224 - log - INFO - iter:700/2465, Original Acc@1: 95.57, Acc@5: 99.71, TTA Acc@1: 93.14, Acc@5: 98.00
2025-06-11 13:47:15,880 - log - INFO - iter:720/2465, clip_acc1=95.41667175292969, tta_acc1=93.05555725097656
2025-06-11 13:47:15,881 - log - INFO - iter:720/2465, Original Acc@1: 95.42, Acc@5: 99.72, TTA Acc@1: 93.06, Acc@5: 97.78
2025-06-11 13:48:17,390 - log - INFO - iter:740/2465, clip_acc1=95.27027130126953, tta_acc1=92.97297668457031
2025-06-11 13:48:17,390 - log - INFO - iter:740/2465, Original Acc@1: 95.27, Acc@5: 99.59, TTA Acc@1: 92.97, Acc@5: 97.84
2025-06-11 13:49:30,863 - log - INFO - iter:760/2465, clip_acc1=95.13158416748047, tta_acc1=92.63158416748047
2025-06-11 13:49:30,863 - log - INFO - iter:760/2465, Original Acc@1: 95.13, Acc@5: 99.47, TTA Acc@1: 92.63, Acc@5: 97.89
2025-06-11 13:50:53,801 - log - INFO - iter:780/2465, clip_acc1=95.25641632080078, tta_acc1=92.82051849365234
2025-06-11 13:50:53,801 - log - INFO - iter:780/2465, Original Acc@1: 95.26, Acc@5: 99.49, TTA Acc@1: 92.82, Acc@5: 97.95
2025-06-11 13:52:14,415 - log - INFO - iter:800/2465, clip_acc1=95.375, tta_acc1=93.0
2025-06-11 13:52:14,415 - log - INFO - iter:800/2465, Original Acc@1: 95.38, Acc@5: 99.50, TTA Acc@1: 93.00, Acc@5: 98.00
2025-06-11 13:53:16,625 - log - INFO - iter:820/2465, clip_acc1=95.36585235595703, tta_acc1=92.80487823486328
2025-06-11 13:53:16,625 - log - INFO - iter:820/2465, Original Acc@1: 95.37, Acc@5: 99.51, TTA Acc@1: 92.80, Acc@5: 98.05
2025-06-11 13:54:21,808 - log - INFO - iter:840/2465, clip_acc1=95.23809814453125, tta_acc1=92.73809814453125
2025-06-11 13:54:21,808 - log - INFO - iter:840/2465, Original Acc@1: 95.24, Acc@5: 99.52, TTA Acc@1: 92.74, Acc@5: 98.10
2025-06-11 13:55:19,246 - log - INFO - iter:860/2465, clip_acc1=95.23255920410156, tta_acc1=92.79069519042969
2025-06-11 13:55:19,246 - log - INFO - iter:860/2465, Original Acc@1: 95.23, Acc@5: 99.53, TTA Acc@1: 92.79, Acc@5: 98.14
2025-06-11 13:56:14,936 - log - INFO - iter:880/2465, clip_acc1=95.34090423583984, tta_acc1=92.7272720336914
2025-06-11 13:56:14,937 - log - INFO - iter:880/2465, Original Acc@1: 95.34, Acc@5: 99.55, TTA Acc@1: 92.73, Acc@5: 98.07
2025-06-11 13:57:15,239 - log - INFO - iter:900/2465, clip_acc1=95.44445037841797, tta_acc1=92.33333587646484
2025-06-11 13:57:15,239 - log - INFO - iter:900/2465, Original Acc@1: 95.44, Acc@5: 99.56, TTA Acc@1: 92.33, Acc@5: 97.89
2025-06-11 13:58:13,696 - log - INFO - iter:920/2465, clip_acc1=95.10868835449219, tta_acc1=91.63043212890625
2025-06-11 13:58:13,697 - log - INFO - iter:920/2465, Original Acc@1: 95.11, Acc@5: 99.57, TTA Acc@1: 91.63, Acc@5: 97.72
2025-06-11 13:59:11,440 - log - INFO - iter:940/2465, clip_acc1=95.10637664794922, tta_acc1=91.7021255493164
2025-06-11 13:59:11,440 - log - INFO - iter:940/2465, Original Acc@1: 95.11, Acc@5: 99.57, TTA Acc@1: 91.70, Acc@5: 97.66
2025-06-11 14:00:18,018 - log - INFO - iter:960/2465, clip_acc1=95.20833587646484, tta_acc1=91.87500762939453
2025-06-11 14:00:18,018 - log - INFO - iter:960/2465, Original Acc@1: 95.21, Acc@5: 99.58, TTA Acc@1: 91.88, Acc@5: 97.71
2025-06-11 14:01:20,079 - log - INFO - iter:980/2465, clip_acc1=94.99999237060547, tta_acc1=91.63265228271484
2025-06-11 14:01:20,079 - log - INFO - iter:980/2465, Original Acc@1: 95.00, Acc@5: 99.59, TTA Acc@1: 91.63, Acc@5: 97.45
2025-06-11 14:02:22,751 - log - INFO - iter:1000/2465, clip_acc1=94.50000762939453, tta_acc1=91.20000457763672
2025-06-11 14:02:22,752 - log - INFO - iter:1000/2465, Original Acc@1: 94.50, Acc@5: 99.60, TTA Acc@1: 91.20, Acc@5: 97.50
2025-06-11 14:03:27,549 - log - INFO - iter:1020/2465, clip_acc1=94.21569061279297, tta_acc1=90.49020385742188
2025-06-11 14:03:27,549 - log - INFO - iter:1020/2465, Original Acc@1: 94.22, Acc@5: 99.61, TTA Acc@1: 90.49, Acc@5: 97.55
2025-06-11 14:04:18,688 - log - INFO - iter:1040/2465, clip_acc1=94.13461303710938, tta_acc1=90.09615325927734
2025-06-11 14:04:18,688 - log - INFO - iter:1040/2465, Original Acc@1: 94.13, Acc@5: 99.62, TTA Acc@1: 90.10, Acc@5: 97.60
2025-06-11 14:05:24,957 - log - INFO - iter:1060/2465, clip_acc1=93.86792755126953, tta_acc1=89.81132507324219
2025-06-11 14:05:24,958 - log - INFO - iter:1060/2465, Original Acc@1: 93.87, Acc@5: 99.62, TTA Acc@1: 89.81, Acc@5: 97.64
2025-06-11 14:06:28,234 - log - INFO - iter:1080/2465, clip_acc1=93.88888549804688, tta_acc1=89.81481170654297
2025-06-11 14:06:28,234 - log - INFO - iter:1080/2465, Original Acc@1: 93.89, Acc@5: 99.54, TTA Acc@1: 89.81, Acc@5: 97.59
2025-06-11 14:07:54,955 - log - INFO - iter:1100/2465, clip_acc1=93.7272720336914, tta_acc1=89.54545593261719
2025-06-11 14:07:54,955 - log - INFO - iter:1100/2465, Original Acc@1: 93.73, Acc@5: 99.55, TTA Acc@1: 89.55, Acc@5: 97.55
2025-06-11 14:08:54,220 - log - INFO - iter:1120/2465, clip_acc1=93.48213958740234, tta_acc1=89.19642639160156
2025-06-11 14:08:54,220 - log - INFO - iter:1120/2465, Original Acc@1: 93.48, Acc@5: 99.55, TTA Acc@1: 89.20, Acc@5: 97.50
2025-06-11 14:09:56,189 - log - INFO - iter:1140/2465, clip_acc1=92.63158416748047, tta_acc1=88.07017517089844
2025-06-11 14:09:56,189 - log - INFO - iter:1140/2465, Original Acc@1: 92.63, Acc@5: 99.39, TTA Acc@1: 88.07, Acc@5: 97.19
2025-06-11 14:11:02,802 - log - INFO - iter:1160/2465, clip_acc1=92.75862121582031, tta_acc1=88.18965148925781
2025-06-11 14:11:02,802 - log - INFO - iter:1160/2465, Original Acc@1: 92.76, Acc@5: 99.40, TTA Acc@1: 88.19, Acc@5: 97.24
2025-06-11 14:12:02,370 - log - INFO - iter:1180/2465, clip_acc1=92.62712097167969, tta_acc1=88.2203369140625
2025-06-11 14:12:02,370 - log - INFO - iter:1180/2465, Original Acc@1: 92.63, Acc@5: 99.41, TTA Acc@1: 88.22, Acc@5: 97.29
2025-06-11 14:12:55,457 - log - INFO - iter:1200/2465, clip_acc1=92.75, tta_acc1=88.41667175292969
2025-06-11 14:12:55,457 - log - INFO - iter:1200/2465, Original Acc@1: 92.75, Acc@5: 99.42, TTA Acc@1: 88.42, Acc@5: 97.33
2025-06-11 14:13:57,668 - log - INFO - iter:1220/2465, clip_acc1=92.86885070800781, tta_acc1=88.60655975341797
2025-06-11 14:13:57,669 - log - INFO - iter:1220/2465, Original Acc@1: 92.87, Acc@5: 99.43, TTA Acc@1: 88.61, Acc@5: 97.38
2025-06-11 14:14:59,315 - log - INFO - iter:1240/2465, clip_acc1=92.66128540039062, tta_acc1=88.38709259033203
2025-06-11 14:14:59,321 - log - INFO - iter:1240/2465, Original Acc@1: 92.66, Acc@5: 99.35, TTA Acc@1: 88.39, Acc@5: 97.26
2025-06-11 14:15:58,277 - log - INFO - iter:1260/2465, clip_acc1=92.69841766357422, tta_acc1=88.4920654296875
2025-06-11 14:15:58,278 - log - INFO - iter:1260/2465, Original Acc@1: 92.70, Acc@5: 99.37, TTA Acc@1: 88.49, Acc@5: 97.30
2025-06-11 14:16:55,253 - log - INFO - iter:1280/2465, clip_acc1=92.8125, tta_acc1=88.59375
2025-06-11 14:16:55,253 - log - INFO - iter:1280/2465, Original Acc@1: 92.81, Acc@5: 99.38, TTA Acc@1: 88.59, Acc@5: 97.27
2025-06-11 14:17:55,363 - log - INFO - iter:1300/2465, clip_acc1=92.84615325927734, tta_acc1=88.61538696289062
2025-06-11 14:17:55,363 - log - INFO - iter:1300/2465, Original Acc@1: 92.85, Acc@5: 99.31, TTA Acc@1: 88.62, Acc@5: 97.15
2025-06-11 14:19:08,334 - log - INFO - iter:1320/2465, clip_acc1=92.8787841796875, tta_acc1=88.63636016845703
2025-06-11 14:19:08,334 - log - INFO - iter:1320/2465, Original Acc@1: 92.88, Acc@5: 99.24, TTA Acc@1: 88.64, Acc@5: 97.05
2025-06-11 14:20:19,533 - log - INFO - iter:1340/2465, clip_acc1=92.98507690429688, tta_acc1=88.80596923828125
2025-06-11 14:20:19,533 - log - INFO - iter:1340/2465, Original Acc@1: 92.99, Acc@5: 99.25, TTA Acc@1: 88.81, Acc@5: 97.09
2025-06-11 14:21:19,105 - log - INFO - iter:1360/2465, clip_acc1=93.01470947265625, tta_acc1=88.75
2025-06-11 14:21:19,105 - log - INFO - iter:1360/2465, Original Acc@1: 93.01, Acc@5: 99.26, TTA Acc@1: 88.75, Acc@5: 97.13
2025-06-11 14:22:16,812 - log - INFO - iter:1380/2465, clip_acc1=93.1159439086914, tta_acc1=88.91304779052734
2025-06-11 14:22:16,812 - log - INFO - iter:1380/2465, Original Acc@1: 93.12, Acc@5: 99.28, TTA Acc@1: 88.91, Acc@5: 97.17
