2025-06-10 14:34:21,865 - log - INFO - ==========================================
data:/l/users/hashmat.malik/downstream_datasets
test_sets:Caltech101
dataset_mode:test
arch:fare4
resolution:224
workers:4
no_pin_memory:False
batch_size:64
print_freq:20
gpu:0
no_cudnn_benchmark:False
n_ctx:4
ctx_init:a_photo_of_a
tpt_loss:rtpt
seed:0
output_dir:/l/users/hashmat.malik/atpt_results/fare4/Caltech101
log_output_dir:/l/users/hashmat.malik/Projects/ATPT/Final_Results/fare4/Caltech101
eps:0.0
alpha:0.0
alpha_eps_ratio:4.0
steps:0
lr:0.005
selection_p:0.1
tta_steps:0
ensemble_type:none
top_k:20
softmax_temp:0.01
counter_attack:True
counter_attack_type:pgd
counter_attack_steps:2
counter_attack_eps:4.0
counter_attack_alpha:1.0
counter_attack_tau_thres:0.2
counter_attack_beta:2.0
counter_attack_weighted_perturbations:True
pgd_clip_pure_i_text_embeddings:null
pgd_counter_and_clipure_i_lamda:1.0
selected_id_name:selected_topk.json
weighted_score_name:weighted_scores.json
batch_entropy_name:entropies.json
log_dir:/l/users/hashmat.malik/Projects/ATPT/Final_Results/fare4/Caltech101/Clean/Counter_Attack/Eps_4_0_Steps_2_Alpha_1_0/tau_0_2_beta_2_0_weighted_pertrubation_True/No_TPT/Inference_Ensemble_none

2025-06-10 14:34:21,866 - log - INFO - Use GPU: 0 for training
2025-06-10 14:34:42,611 - log - INFO - Freezing all parameters except prompt learner
2025-06-10 14:34:42,613 - log - INFO - => Model created: visual backbone fare4
2025-06-10 14:34:42,627 - log - INFO - Number of test samples: 2465
2025-06-10 14:34:42,627 - log - INFO - Evaluating dataset: Caltech101
2025-06-10 14:34:42,628 - log - INFO - Starting evaluation with batch size: 64, selection percentage: 0.1
2025-06-10 14:34:42,628 - log - INFO - Test-time adaptation steps: 0, learning rate: 0.005
2025-06-10 14:34:42,629 - log - INFO - Using counter-attack with epsilon: 4.000000, alpha: 0.000000, steps: 2, tau_thres: 0.2, beta: 2.0, weighted perturbation: True
2025-06-10 14:36:03,888 - log - INFO - iter:20/2465, clip_acc1=90.0, tta_acc1=90.0
2025-06-10 14:36:03,889 - log - INFO - iter:20/2465, Original Acc@1: 90.00, Acc@5: 100.00, TTA Acc@1: 90.00, Acc@5: 100.00
2025-06-10 14:37:22,874 - log - INFO - iter:40/2465, clip_acc1=92.5, tta_acc1=92.5
2025-06-10 14:37:22,875 - log - INFO - iter:40/2465, Original Acc@1: 92.50, Acc@5: 100.00, TTA Acc@1: 92.50, Acc@5: 100.00
2025-06-10 14:38:41,342 - log - INFO - iter:60/2465, clip_acc1=95.00000762939453, tta_acc1=95.00000762939453
2025-06-10 14:38:41,342 - log - INFO - iter:60/2465, Original Acc@1: 95.00, Acc@5: 100.00, TTA Acc@1: 95.00, Acc@5: 100.00
2025-06-10 14:39:59,859 - log - INFO - iter:80/2465, clip_acc1=91.25, tta_acc1=91.25
2025-06-10 14:39:59,860 - log - INFO - iter:80/2465, Original Acc@1: 91.25, Acc@5: 100.00, TTA Acc@1: 91.25, Acc@5: 100.00
2025-06-10 14:41:18,419 - log - INFO - iter:100/2465, clip_acc1=92.0, tta_acc1=92.0
2025-06-10 14:41:18,419 - log - INFO - iter:100/2465, Original Acc@1: 92.00, Acc@5: 100.00, TTA Acc@1: 92.00, Acc@5: 100.00
2025-06-10 14:42:36,812 - log - INFO - iter:120/2465, clip_acc1=91.66667175292969, tta_acc1=91.66667175292969
2025-06-10 14:42:36,812 - log - INFO - iter:120/2465, Original Acc@1: 91.67, Acc@5: 100.00, TTA Acc@1: 91.67, Acc@5: 100.00
2025-06-10 14:43:54,971 - log - INFO - iter:140/2465, clip_acc1=91.42857360839844, tta_acc1=91.42857360839844
2025-06-10 14:43:54,971 - log - INFO - iter:140/2465, Original Acc@1: 91.43, Acc@5: 100.00, TTA Acc@1: 91.43, Acc@5: 100.00
2025-06-10 14:45:13,626 - log - INFO - iter:160/2465, clip_acc1=90.625, tta_acc1=90.625
2025-06-10 14:45:13,627 - log - INFO - iter:160/2465, Original Acc@1: 90.62, Acc@5: 100.00, TTA Acc@1: 90.62, Acc@5: 100.00
2025-06-10 14:46:32,134 - log - INFO - iter:180/2465, clip_acc1=88.8888931274414, tta_acc1=88.8888931274414
2025-06-10 14:46:32,135 - log - INFO - iter:180/2465, Original Acc@1: 88.89, Acc@5: 100.00, TTA Acc@1: 88.89, Acc@5: 100.00
2025-06-10 14:47:50,360 - log - INFO - iter:200/2465, clip_acc1=89.0, tta_acc1=89.0
2025-06-10 14:47:50,360 - log - INFO - iter:200/2465, Original Acc@1: 89.00, Acc@5: 100.00, TTA Acc@1: 89.00, Acc@5: 100.00
2025-06-10 14:49:08,685 - log - INFO - iter:220/2465, clip_acc1=90.0, tta_acc1=90.0
2025-06-10 14:49:08,685 - log - INFO - iter:220/2465, Original Acc@1: 90.00, Acc@5: 100.00, TTA Acc@1: 90.00, Acc@5: 100.00
2025-06-10 14:50:27,013 - log - INFO - iter:240/2465, clip_acc1=90.83333587646484, tta_acc1=90.83333587646484
2025-06-10 14:50:27,013 - log - INFO - iter:240/2465, Original Acc@1: 90.83, Acc@5: 100.00, TTA Acc@1: 90.83, Acc@5: 100.00
2025-06-10 14:51:45,231 - log - INFO - iter:260/2465, clip_acc1=91.53845977783203, tta_acc1=91.53845977783203
2025-06-10 14:51:45,231 - log - INFO - iter:260/2465, Original Acc@1: 91.54, Acc@5: 100.00, TTA Acc@1: 91.54, Acc@5: 100.00
2025-06-10 14:53:03,548 - log - INFO - iter:280/2465, clip_acc1=92.14286041259766, tta_acc1=92.14286041259766
2025-06-10 14:53:03,548 - log - INFO - iter:280/2465, Original Acc@1: 92.14, Acc@5: 100.00, TTA Acc@1: 92.14, Acc@5: 100.00
2025-06-10 14:54:21,695 - log - INFO - iter:300/2465, clip_acc1=92.66667175292969, tta_acc1=92.66667175292969
2025-06-10 14:54:21,695 - log - INFO - iter:300/2465, Original Acc@1: 92.67, Acc@5: 100.00, TTA Acc@1: 92.67, Acc@5: 100.00
2025-06-10 14:55:39,681 - log - INFO - iter:320/2465, clip_acc1=93.125, tta_acc1=93.125
2025-06-10 14:55:39,682 - log - INFO - iter:320/2465, Original Acc@1: 93.12, Acc@5: 100.00, TTA Acc@1: 93.12, Acc@5: 100.00
2025-06-10 14:56:58,411 - log - INFO - iter:340/2465, clip_acc1=93.52941131591797, tta_acc1=93.52941131591797
2025-06-10 14:56:58,412 - log - INFO - iter:340/2465, Original Acc@1: 93.53, Acc@5: 100.00, TTA Acc@1: 93.53, Acc@5: 100.00
2025-06-10 14:58:16,721 - log - INFO - iter:360/2465, clip_acc1=93.8888931274414, tta_acc1=93.8888931274414
2025-06-10 14:58:16,722 - log - INFO - iter:360/2465, Original Acc@1: 93.89, Acc@5: 100.00, TTA Acc@1: 93.89, Acc@5: 100.00
2025-06-10 14:59:34,747 - log - INFO - iter:380/2465, clip_acc1=94.21053314208984, tta_acc1=94.21053314208984
2025-06-10 14:59:34,747 - log - INFO - iter:380/2465, Original Acc@1: 94.21, Acc@5: 100.00, TTA Acc@1: 94.21, Acc@5: 100.00
2025-06-10 15:00:52,860 - log - INFO - iter:400/2465, clip_acc1=94.5, tta_acc1=94.5
2025-06-10 15:00:52,861 - log - INFO - iter:400/2465, Original Acc@1: 94.50, Acc@5: 100.00, TTA Acc@1: 94.50, Acc@5: 100.00
2025-06-10 15:02:11,593 - log - INFO - iter:420/2465, clip_acc1=94.76190948486328, tta_acc1=94.76190948486328
2025-06-10 15:02:11,594 - log - INFO - iter:420/2465, Original Acc@1: 94.76, Acc@5: 100.00, TTA Acc@1: 94.76, Acc@5: 100.00
2025-06-10 15:03:29,937 - log - INFO - iter:440/2465, clip_acc1=95.0, tta_acc1=95.0
2025-06-10 15:03:29,937 - log - INFO - iter:440/2465, Original Acc@1: 95.00, Acc@5: 100.00, TTA Acc@1: 95.00, Acc@5: 100.00
2025-06-10 15:04:48,173 - log - INFO - iter:460/2465, clip_acc1=95.2173843383789, tta_acc1=95.2173843383789
2025-06-10 15:04:48,173 - log - INFO - iter:460/2465, Original Acc@1: 95.22, Acc@5: 100.00, TTA Acc@1: 95.22, Acc@5: 100.00
2025-06-10 15:06:06,604 - log - INFO - iter:480/2465, clip_acc1=95.00000762939453, tta_acc1=95.00000762939453
2025-06-10 15:06:06,604 - log - INFO - iter:480/2465, Original Acc@1: 95.00, Acc@5: 99.79, TTA Acc@1: 95.00, Acc@5: 99.79
2025-06-10 15:07:24,892 - log - INFO - iter:500/2465, clip_acc1=95.20000457763672, tta_acc1=95.20000457763672
2025-06-10 15:07:24,893 - log - INFO - iter:500/2465, Original Acc@1: 95.20, Acc@5: 99.80, TTA Acc@1: 95.20, Acc@5: 99.80
2025-06-10 15:08:43,580 - log - INFO - iter:520/2465, clip_acc1=95.38461303710938, tta_acc1=95.38461303710938
2025-06-10 15:08:43,581 - log - INFO - iter:520/2465, Original Acc@1: 95.38, Acc@5: 99.81, TTA Acc@1: 95.38, Acc@5: 99.81
2025-06-10 15:10:01,698 - log - INFO - iter:540/2465, clip_acc1=95.55555725097656, tta_acc1=95.55555725097656
2025-06-10 15:10:01,699 - log - INFO - iter:540/2465, Original Acc@1: 95.56, Acc@5: 99.81, TTA Acc@1: 95.56, Acc@5: 99.81
2025-06-10 15:11:19,891 - log - INFO - iter:560/2465, clip_acc1=95.71428680419922, tta_acc1=95.71428680419922
2025-06-10 15:11:19,891 - log - INFO - iter:560/2465, Original Acc@1: 95.71, Acc@5: 99.82, TTA Acc@1: 95.71, Acc@5: 99.82
2025-06-10 15:12:38,087 - log - INFO - iter:580/2465, clip_acc1=95.86206817626953, tta_acc1=95.86206817626953
2025-06-10 15:12:38,088 - log - INFO - iter:580/2465, Original Acc@1: 95.86, Acc@5: 99.83, TTA Acc@1: 95.86, Acc@5: 99.83
2025-06-10 15:13:56,435 - log - INFO - iter:600/2465, clip_acc1=96.0, tta_acc1=96.0
2025-06-10 15:13:56,435 - log - INFO - iter:600/2465, Original Acc@1: 96.00, Acc@5: 99.83, TTA Acc@1: 96.00, Acc@5: 99.83
2025-06-10 15:15:14,680 - log - INFO - iter:620/2465, clip_acc1=96.1290283203125, tta_acc1=96.1290283203125
2025-06-10 15:15:14,681 - log - INFO - iter:620/2465, Original Acc@1: 96.13, Acc@5: 99.84, TTA Acc@1: 96.13, Acc@5: 99.84
2025-06-10 15:16:33,341 - log - INFO - iter:640/2465, clip_acc1=96.25, tta_acc1=96.25
2025-06-10 15:16:33,341 - log - INFO - iter:640/2465, Original Acc@1: 96.25, Acc@5: 99.84, TTA Acc@1: 96.25, Acc@5: 99.84
2025-06-10 15:17:51,960 - log - INFO - iter:660/2465, clip_acc1=96.36363220214844, tta_acc1=96.36363220214844
2025-06-10 15:17:51,960 - log - INFO - iter:660/2465, Original Acc@1: 96.36, Acc@5: 99.85, TTA Acc@1: 96.36, Acc@5: 99.85
2025-06-10 15:19:10,849 - log - INFO - iter:680/2465, clip_acc1=96.47058868408203, tta_acc1=96.47058868408203
2025-06-10 15:19:10,849 - log - INFO - iter:680/2465, Original Acc@1: 96.47, Acc@5: 99.85, TTA Acc@1: 96.47, Acc@5: 99.85
2025-06-10 15:20:29,310 - log - INFO - iter:700/2465, clip_acc1=95.57142639160156, tta_acc1=95.57142639160156
2025-06-10 15:20:29,310 - log - INFO - iter:700/2465, Original Acc@1: 95.57, Acc@5: 99.71, TTA Acc@1: 95.57, Acc@5: 99.71
2025-06-10 15:21:47,096 - log - INFO - iter:720/2465, clip_acc1=95.41667175292969, tta_acc1=95.41667175292969
2025-06-10 15:21:47,097 - log - INFO - iter:720/2465, Original Acc@1: 95.42, Acc@5: 99.72, TTA Acc@1: 95.42, Acc@5: 99.72
2025-06-10 15:23:05,552 - log - INFO - iter:740/2465, clip_acc1=95.27027130126953, tta_acc1=95.27027130126953
2025-06-10 15:23:05,552 - log - INFO - iter:740/2465, Original Acc@1: 95.27, Acc@5: 99.59, TTA Acc@1: 95.27, Acc@5: 99.59
2025-06-10 15:24:24,009 - log - INFO - iter:760/2465, clip_acc1=95.13158416748047, tta_acc1=95.13158416748047
2025-06-10 15:24:24,010 - log - INFO - iter:760/2465, Original Acc@1: 95.13, Acc@5: 99.47, TTA Acc@1: 95.13, Acc@5: 99.47
2025-06-10 15:25:42,348 - log - INFO - iter:780/2465, clip_acc1=95.25641632080078, tta_acc1=95.25641632080078
2025-06-10 15:25:42,349 - log - INFO - iter:780/2465, Original Acc@1: 95.26, Acc@5: 99.49, TTA Acc@1: 95.26, Acc@5: 99.49
2025-06-10 15:27:00,934 - log - INFO - iter:800/2465, clip_acc1=95.375, tta_acc1=95.375
2025-06-10 15:27:00,935 - log - INFO - iter:800/2465, Original Acc@1: 95.38, Acc@5: 99.50, TTA Acc@1: 95.38, Acc@5: 99.50
2025-06-10 15:28:19,651 - log - INFO - iter:820/2465, clip_acc1=95.36585235595703, tta_acc1=95.36585235595703
2025-06-10 15:28:19,651 - log - INFO - iter:820/2465, Original Acc@1: 95.37, Acc@5: 99.51, TTA Acc@1: 95.37, Acc@5: 99.51
2025-06-10 15:29:38,679 - log - INFO - iter:840/2465, clip_acc1=95.23809814453125, tta_acc1=95.23809814453125
2025-06-10 15:29:38,679 - log - INFO - iter:840/2465, Original Acc@1: 95.24, Acc@5: 99.52, TTA Acc@1: 95.24, Acc@5: 99.52
2025-06-10 15:30:56,690 - log - INFO - iter:860/2465, clip_acc1=95.23255920410156, tta_acc1=95.23255920410156
2025-06-10 15:30:56,690 - log - INFO - iter:860/2465, Original Acc@1: 95.23, Acc@5: 99.53, TTA Acc@1: 95.23, Acc@5: 99.53
2025-06-10 15:32:13,450 - log - INFO - iter:880/2465, clip_acc1=95.34090423583984, tta_acc1=95.34090423583984
2025-06-10 15:32:13,451 - log - INFO - iter:880/2465, Original Acc@1: 95.34, Acc@5: 99.55, TTA Acc@1: 95.34, Acc@5: 99.55
2025-06-10 15:33:32,429 - log - INFO - iter:900/2465, clip_acc1=95.44445037841797, tta_acc1=95.44445037841797
2025-06-10 15:33:32,430 - log - INFO - iter:900/2465, Original Acc@1: 95.44, Acc@5: 99.56, TTA Acc@1: 95.44, Acc@5: 99.56
2025-06-10 15:34:51,478 - log - INFO - iter:920/2465, clip_acc1=95.10868835449219, tta_acc1=95.10868835449219
2025-06-10 15:34:51,478 - log - INFO - iter:920/2465, Original Acc@1: 95.11, Acc@5: 99.57, TTA Acc@1: 95.11, Acc@5: 99.57
2025-06-10 15:36:10,757 - log - INFO - iter:940/2465, clip_acc1=95.10637664794922, tta_acc1=95.10637664794922
2025-06-10 15:36:10,757 - log - INFO - iter:940/2465, Original Acc@1: 95.11, Acc@5: 99.57, TTA Acc@1: 95.11, Acc@5: 99.57
2025-06-10 15:37:28,669 - log - INFO - iter:960/2465, clip_acc1=95.20833587646484, tta_acc1=95.20833587646484
2025-06-10 15:37:28,669 - log - INFO - iter:960/2465, Original Acc@1: 95.21, Acc@5: 99.58, TTA Acc@1: 95.21, Acc@5: 99.58
2025-06-10 15:38:47,120 - log - INFO - iter:980/2465, clip_acc1=94.99999237060547, tta_acc1=94.99999237060547
2025-06-10 15:38:47,120 - log - INFO - iter:980/2465, Original Acc@1: 95.00, Acc@5: 99.59, TTA Acc@1: 95.00, Acc@5: 99.59
2025-06-10 15:40:06,373 - log - INFO - iter:1000/2465, clip_acc1=94.50000762939453, tta_acc1=94.50000762939453
2025-06-10 15:40:06,379 - log - INFO - iter:1000/2465, Original Acc@1: 94.50, Acc@5: 99.60, TTA Acc@1: 94.50, Acc@5: 99.60
2025-06-10 15:41:24,382 - log - INFO - iter:1020/2465, clip_acc1=94.21569061279297, tta_acc1=94.21569061279297
2025-06-10 15:41:24,383 - log - INFO - iter:1020/2465, Original Acc@1: 94.22, Acc@5: 99.61, TTA Acc@1: 94.22, Acc@5: 99.61
2025-06-10 15:42:42,685 - log - INFO - iter:1040/2465, clip_acc1=94.13461303710938, tta_acc1=94.13461303710938
2025-06-10 15:42:42,685 - log - INFO - iter:1040/2465, Original Acc@1: 94.13, Acc@5: 99.62, TTA Acc@1: 94.13, Acc@5: 99.62
2025-06-10 15:44:00,986 - log - INFO - iter:1060/2465, clip_acc1=93.86792755126953, tta_acc1=93.86792755126953
2025-06-10 15:44:00,986 - log - INFO - iter:1060/2465, Original Acc@1: 93.87, Acc@5: 99.62, TTA Acc@1: 93.87, Acc@5: 99.62
2025-06-10 15:45:19,341 - log - INFO - iter:1080/2465, clip_acc1=93.88888549804688, tta_acc1=93.88888549804688
2025-06-10 15:45:19,342 - log - INFO - iter:1080/2465, Original Acc@1: 93.89, Acc@5: 99.54, TTA Acc@1: 93.89, Acc@5: 99.54
2025-06-10 15:46:37,440 - log - INFO - iter:1100/2465, clip_acc1=93.7272720336914, tta_acc1=93.7272720336914
2025-06-10 15:46:37,441 - log - INFO - iter:1100/2465, Original Acc@1: 93.73, Acc@5: 99.55, TTA Acc@1: 93.73, Acc@5: 99.55
2025-06-10 15:47:55,599 - log - INFO - iter:1120/2465, clip_acc1=93.48213958740234, tta_acc1=93.48213958740234
2025-06-10 15:47:55,600 - log - INFO - iter:1120/2465, Original Acc@1: 93.48, Acc@5: 99.55, TTA Acc@1: 93.48, Acc@5: 99.55
2025-06-10 15:49:14,130 - log - INFO - iter:1140/2465, clip_acc1=92.63158416748047, tta_acc1=92.63158416748047
2025-06-10 15:49:14,131 - log - INFO - iter:1140/2465, Original Acc@1: 92.63, Acc@5: 99.39, TTA Acc@1: 92.63, Acc@5: 99.39
2025-06-10 15:50:32,062 - log - INFO - iter:1160/2465, clip_acc1=92.75862121582031, tta_acc1=92.75862121582031
2025-06-10 15:50:32,063 - log - INFO - iter:1160/2465, Original Acc@1: 92.76, Acc@5: 99.40, TTA Acc@1: 92.76, Acc@5: 99.40
2025-06-10 15:51:50,178 - log - INFO - iter:1180/2465, clip_acc1=92.62712097167969, tta_acc1=92.62712097167969
2025-06-10 15:51:50,178 - log - INFO - iter:1180/2465, Original Acc@1: 92.63, Acc@5: 99.41, TTA Acc@1: 92.63, Acc@5: 99.41
2025-06-10 15:53:08,048 - log - INFO - iter:1200/2465, clip_acc1=92.75, tta_acc1=92.75
2025-06-10 15:53:08,049 - log - INFO - iter:1200/2465, Original Acc@1: 92.75, Acc@5: 99.42, TTA Acc@1: 92.75, Acc@5: 99.42
2025-06-10 15:54:26,510 - log - INFO - iter:1220/2465, clip_acc1=92.86885070800781, tta_acc1=92.86885070800781
2025-06-10 15:54:26,511 - log - INFO - iter:1220/2465, Original Acc@1: 92.87, Acc@5: 99.43, TTA Acc@1: 92.87, Acc@5: 99.43
2025-06-10 15:55:44,664 - log - INFO - iter:1240/2465, clip_acc1=92.66128540039062, tta_acc1=92.66128540039062
2025-06-10 15:55:44,665 - log - INFO - iter:1240/2465, Original Acc@1: 92.66, Acc@5: 99.35, TTA Acc@1: 92.66, Acc@5: 99.35
2025-06-10 15:57:03,360 - log - INFO - iter:1260/2465, clip_acc1=92.69841766357422, tta_acc1=92.69841766357422
2025-06-10 15:57:03,360 - log - INFO - iter:1260/2465, Original Acc@1: 92.70, Acc@5: 99.37, TTA Acc@1: 92.70, Acc@5: 99.37
2025-06-10 15:58:21,613 - log - INFO - iter:1280/2465, clip_acc1=92.8125, tta_acc1=92.8125
2025-06-10 15:58:21,614 - log - INFO - iter:1280/2465, Original Acc@1: 92.81, Acc@5: 99.38, TTA Acc@1: 92.81, Acc@5: 99.38
2025-06-10 15:59:39,978 - log - INFO - iter:1300/2465, clip_acc1=92.84615325927734, tta_acc1=92.84615325927734
2025-06-10 15:59:39,979 - log - INFO - iter:1300/2465, Original Acc@1: 92.85, Acc@5: 99.31, TTA Acc@1: 92.85, Acc@5: 99.31
2025-06-10 16:00:58,368 - log - INFO - iter:1320/2465, clip_acc1=92.8787841796875, tta_acc1=92.8787841796875
2025-06-10 16:00:58,369 - log - INFO - iter:1320/2465, Original Acc@1: 92.88, Acc@5: 99.24, TTA Acc@1: 92.88, Acc@5: 99.24
2025-06-10 16:02:16,712 - log - INFO - iter:1340/2465, clip_acc1=92.98507690429688, tta_acc1=92.98507690429688
2025-06-10 16:02:16,712 - log - INFO - iter:1340/2465, Original Acc@1: 92.99, Acc@5: 99.25, TTA Acc@1: 92.99, Acc@5: 99.25
2025-06-10 16:03:35,177 - log - INFO - iter:1360/2465, clip_acc1=93.01470947265625, tta_acc1=93.01470947265625
2025-06-10 16:03:35,177 - log - INFO - iter:1360/2465, Original Acc@1: 93.01, Acc@5: 99.26, TTA Acc@1: 93.01, Acc@5: 99.26
2025-06-10 16:04:52,588 - log - INFO - iter:1380/2465, clip_acc1=93.1159439086914, tta_acc1=93.1159439086914
2025-06-10 16:04:52,589 - log - INFO - iter:1380/2465, Original Acc@1: 93.12, Acc@5: 99.28, TTA Acc@1: 93.12, Acc@5: 99.28
2025-06-10 16:06:19,778 - log - INFO - iter:1400/2465, clip_acc1=92.85713958740234, tta_acc1=92.85713958740234
2025-06-10 16:06:19,778 - log - INFO - iter:1400/2465, Original Acc@1: 92.86, Acc@5: 99.14, TTA Acc@1: 92.86, Acc@5: 99.14
2025-06-10 16:08:21,588 - log - INFO - iter:1420/2465, clip_acc1=92.81689453125, tta_acc1=92.81689453125
2025-06-10 16:08:21,589 - log - INFO - iter:1420/2465, Original Acc@1: 92.82, Acc@5: 99.08, TTA Acc@1: 92.82, Acc@5: 99.08
2025-06-10 16:10:23,366 - log - INFO - iter:1440/2465, clip_acc1=92.91667175292969, tta_acc1=92.91667175292969
2025-06-10 16:10:23,367 - log - INFO - iter:1440/2465, Original Acc@1: 92.92, Acc@5: 99.10, TTA Acc@1: 92.92, Acc@5: 99.10
2025-06-10 16:12:24,816 - log - INFO - iter:1460/2465, clip_acc1=93.01370239257812, tta_acc1=93.01370239257812
2025-06-10 16:12:24,816 - log - INFO - iter:1460/2465, Original Acc@1: 93.01, Acc@5: 99.11, TTA Acc@1: 93.01, Acc@5: 99.11
2025-06-10 16:14:26,567 - log - INFO - iter:1480/2465, clip_acc1=92.97297668457031, tta_acc1=92.97297668457031
2025-06-10 16:14:26,567 - log - INFO - iter:1480/2465, Original Acc@1: 92.97, Acc@5: 99.05, TTA Acc@1: 92.97, Acc@5: 99.05
2025-06-10 16:16:28,050 - log - INFO - iter:1500/2465, clip_acc1=92.93333435058594, tta_acc1=92.93333435058594
2025-06-10 16:16:28,050 - log - INFO - iter:1500/2465, Original Acc@1: 92.93, Acc@5: 99.00, TTA Acc@1: 92.93, Acc@5: 99.00
2025-06-10 16:18:29,580 - log - INFO - iter:1520/2465, clip_acc1=93.02632141113281, tta_acc1=93.02632141113281
2025-06-10 16:18:29,580 - log - INFO - iter:1520/2465, Original Acc@1: 93.03, Acc@5: 99.01, TTA Acc@1: 93.03, Acc@5: 99.01
2025-06-10 16:20:31,068 - log - INFO - iter:1540/2465, clip_acc1=92.85713958740234, tta_acc1=92.85713958740234
2025-06-10 16:20:31,069 - log - INFO - iter:1540/2465, Original Acc@1: 92.86, Acc@5: 98.90, TTA Acc@1: 92.86, Acc@5: 98.90
2025-06-10 16:22:32,497 - log - INFO - iter:1560/2465, clip_acc1=92.8846206665039, tta_acc1=92.8846206665039
2025-06-10 16:22:32,497 - log - INFO - iter:1560/2465, Original Acc@1: 92.88, Acc@5: 98.91, TTA Acc@1: 92.88, Acc@5: 98.91
2025-06-10 16:24:34,023 - log - INFO - iter:1580/2465, clip_acc1=92.97468566894531, tta_acc1=92.97468566894531
2025-06-10 16:24:34,023 - log - INFO - iter:1580/2465, Original Acc@1: 92.97, Acc@5: 98.92, TTA Acc@1: 92.97, Acc@5: 98.92
2025-06-10 16:26:35,461 - log - INFO - iter:1600/2465, clip_acc1=93.0, tta_acc1=93.0
2025-06-10 16:26:35,462 - log - INFO - iter:1600/2465, Original Acc@1: 93.00, Acc@5: 98.94, TTA Acc@1: 93.00, Acc@5: 98.94
2025-06-10 16:28:37,614 - log - INFO - iter:1620/2465, clip_acc1=93.02469635009766, tta_acc1=93.02469635009766
2025-06-10 16:28:37,614 - log - INFO - iter:1620/2465, Original Acc@1: 93.02, Acc@5: 98.89, TTA Acc@1: 93.02, Acc@5: 98.89
2025-06-10 16:30:39,429 - log - INFO - iter:1640/2465, clip_acc1=92.74390411376953, tta_acc1=92.74390411376953
2025-06-10 16:30:39,429 - log - INFO - iter:1640/2465, Original Acc@1: 92.74, Acc@5: 98.90, TTA Acc@1: 92.74, Acc@5: 98.90
2025-06-10 16:32:40,985 - log - INFO - iter:1660/2465, clip_acc1=92.22891998291016, tta_acc1=92.22891998291016
2025-06-10 16:32:40,985 - log - INFO - iter:1660/2465, Original Acc@1: 92.23, Acc@5: 98.92, TTA Acc@1: 92.23, Acc@5: 98.92
2025-06-10 16:34:42,491 - log - INFO - iter:1680/2465, clip_acc1=92.20238494873047, tta_acc1=92.20238494873047
2025-06-10 16:34:42,491 - log - INFO - iter:1680/2465, Original Acc@1: 92.20, Acc@5: 98.93, TTA Acc@1: 92.20, Acc@5: 98.93
2025-06-10 16:36:44,033 - log - INFO - iter:1700/2465, clip_acc1=92.29411315917969, tta_acc1=92.29411315917969
2025-06-10 16:36:44,033 - log - INFO - iter:1700/2465, Original Acc@1: 92.29, Acc@5: 98.94, TTA Acc@1: 92.29, Acc@5: 98.94
2025-06-10 16:38:45,598 - log - INFO - iter:1720/2465, clip_acc1=92.3255844116211, tta_acc1=92.3255844116211
2025-06-10 16:38:45,598 - log - INFO - iter:1720/2465, Original Acc@1: 92.33, Acc@5: 98.90, TTA Acc@1: 92.33, Acc@5: 98.90
2025-06-10 16:40:47,336 - log - INFO - iter:1740/2465, clip_acc1=92.24137878417969, tta_acc1=92.24137878417969
2025-06-10 16:40:47,336 - log - INFO - iter:1740/2465, Original Acc@1: 92.24, Acc@5: 98.91, TTA Acc@1: 92.24, Acc@5: 98.91
2025-06-10 16:42:48,791 - log - INFO - iter:1760/2465, clip_acc1=92.1022720336914, tta_acc1=92.1022720336914
2025-06-10 16:42:48,792 - log - INFO - iter:1760/2465, Original Acc@1: 92.10, Acc@5: 98.92, TTA Acc@1: 92.10, Acc@5: 98.92
2025-06-10 16:44:50,704 - log - INFO - iter:1780/2465, clip_acc1=91.96629333496094, tta_acc1=91.96629333496094
2025-06-10 16:44:50,705 - log - INFO - iter:1780/2465, Original Acc@1: 91.97, Acc@5: 98.82, TTA Acc@1: 91.97, Acc@5: 98.82
2025-06-10 16:46:52,763 - log - INFO - iter:1800/2465, clip_acc1=92.0, tta_acc1=92.0
2025-06-10 16:46:52,763 - log - INFO - iter:1800/2465, Original Acc@1: 92.00, Acc@5: 98.83, TTA Acc@1: 92.00, Acc@5: 98.83
2025-06-10 16:48:54,197 - log - INFO - iter:1820/2465, clip_acc1=92.0879135131836, tta_acc1=92.0879135131836
2025-06-10 16:48:54,197 - log - INFO - iter:1820/2465, Original Acc@1: 92.09, Acc@5: 98.85, TTA Acc@1: 92.09, Acc@5: 98.85
2025-06-10 16:50:55,837 - log - INFO - iter:1840/2465, clip_acc1=91.79347229003906, tta_acc1=91.79347229003906
2025-06-10 16:50:55,838 - log - INFO - iter:1840/2465, Original Acc@1: 91.79, Acc@5: 98.70, TTA Acc@1: 91.79, Acc@5: 98.70
2025-06-10 16:52:57,522 - log - INFO - iter:1860/2465, clip_acc1=91.7741928100586, tta_acc1=91.7741928100586
2025-06-10 16:52:57,528 - log - INFO - iter:1860/2465, Original Acc@1: 91.77, Acc@5: 98.66, TTA Acc@1: 91.77, Acc@5: 98.66
2025-06-10 16:54:59,132 - log - INFO - iter:1880/2465, clip_acc1=91.80850982666016, tta_acc1=91.80850982666016
2025-06-10 16:54:59,132 - log - INFO - iter:1880/2465, Original Acc@1: 91.81, Acc@5: 98.67, TTA Acc@1: 91.81, Acc@5: 98.67
2025-06-10 16:57:00,482 - log - INFO - iter:1900/2465, clip_acc1=91.78946685791016, tta_acc1=91.78946685791016
2025-06-10 16:57:00,483 - log - INFO - iter:1900/2465, Original Acc@1: 91.79, Acc@5: 98.63, TTA Acc@1: 91.79, Acc@5: 98.63
2025-06-10 16:59:01,776 - log - INFO - iter:1920/2465, clip_acc1=91.87500762939453, tta_acc1=91.87500762939453
2025-06-10 16:59:01,777 - log - INFO - iter:1920/2465, Original Acc@1: 91.88, Acc@5: 98.65, TTA Acc@1: 91.88, Acc@5: 98.65
2025-06-10 17:01:03,469 - log - INFO - iter:1940/2465, clip_acc1=91.9587631225586, tta_acc1=91.9587631225586
2025-06-10 17:01:03,470 - log - INFO - iter:1940/2465, Original Acc@1: 91.96, Acc@5: 98.66, TTA Acc@1: 91.96, Acc@5: 98.66
2025-06-10 17:03:04,901 - log - INFO - iter:1960/2465, clip_acc1=91.98979187011719, tta_acc1=91.98979187011719
2025-06-10 17:03:04,902 - log - INFO - iter:1960/2465, Original Acc@1: 91.99, Acc@5: 98.67, TTA Acc@1: 91.99, Acc@5: 98.67
2025-06-10 17:05:06,380 - log - INFO - iter:1980/2465, clip_acc1=92.07070922851562, tta_acc1=92.07070922851562
2025-06-10 17:05:06,381 - log - INFO - iter:1980/2465, Original Acc@1: 92.07, Acc@5: 98.69, TTA Acc@1: 92.07, Acc@5: 98.69
2025-06-10 17:07:08,536 - log - INFO - iter:2000/2465, clip_acc1=92.1500015258789, tta_acc1=92.1500015258789
2025-06-10 17:07:08,537 - log - INFO - iter:2000/2465, Original Acc@1: 92.15, Acc@5: 98.70, TTA Acc@1: 92.15, Acc@5: 98.70
2025-06-10 17:09:10,125 - log - INFO - iter:2020/2465, clip_acc1=92.22772216796875, tta_acc1=92.22772216796875
2025-06-10 17:09:10,126 - log - INFO - iter:2020/2465, Original Acc@1: 92.23, Acc@5: 98.71, TTA Acc@1: 92.23, Acc@5: 98.71
2025-06-10 17:11:11,670 - log - INFO - iter:2040/2465, clip_acc1=92.30392456054688, tta_acc1=92.30392456054688
2025-06-10 17:11:11,671 - log - INFO - iter:2040/2465, Original Acc@1: 92.30, Acc@5: 98.73, TTA Acc@1: 92.30, Acc@5: 98.73
2025-06-10 17:13:13,305 - log - INFO - iter:2060/2465, clip_acc1=92.3301010131836, tta_acc1=92.3301010131836
2025-06-10 17:13:13,306 - log - INFO - iter:2060/2465, Original Acc@1: 92.33, Acc@5: 98.69, TTA Acc@1: 92.33, Acc@5: 98.69
2025-06-10 17:15:15,199 - log - INFO - iter:2080/2465, clip_acc1=92.35576629638672, tta_acc1=92.35576629638672
2025-06-10 17:15:15,200 - log - INFO - iter:2080/2465, Original Acc@1: 92.36, Acc@5: 98.70, TTA Acc@1: 92.36, Acc@5: 98.70
2025-06-10 17:17:17,276 - log - INFO - iter:2100/2465, clip_acc1=92.33333587646484, tta_acc1=92.33333587646484
2025-06-10 17:17:17,276 - log - INFO - iter:2100/2465, Original Acc@1: 92.33, Acc@5: 98.71, TTA Acc@1: 92.33, Acc@5: 98.71
2025-06-10 17:19:18,633 - log - INFO - iter:2120/2465, clip_acc1=92.35848999023438, tta_acc1=92.35848999023438
2025-06-10 17:19:18,633 - log - INFO - iter:2120/2465, Original Acc@1: 92.36, Acc@5: 98.73, TTA Acc@1: 92.36, Acc@5: 98.73
2025-06-10 17:21:20,612 - log - INFO - iter:2140/2465, clip_acc1=92.4299087524414, tta_acc1=92.4299087524414
2025-06-10 17:21:20,613 - log - INFO - iter:2140/2465, Original Acc@1: 92.43, Acc@5: 98.74, TTA Acc@1: 92.43, Acc@5: 98.74
2025-06-10 17:23:22,257 - log - INFO - iter:2160/2465, clip_acc1=92.45370483398438, tta_acc1=92.45370483398438
2025-06-10 17:23:22,257 - log - INFO - iter:2160/2465, Original Acc@1: 92.45, Acc@5: 98.75, TTA Acc@1: 92.45, Acc@5: 98.75
2025-06-10 17:25:23,677 - log - INFO - iter:2180/2465, clip_acc1=92.52293395996094, tta_acc1=92.52293395996094
2025-06-10 17:25:23,678 - log - INFO - iter:2180/2465, Original Acc@1: 92.52, Acc@5: 98.76, TTA Acc@1: 92.52, Acc@5: 98.76
2025-06-10 17:27:21,858 - log - INFO - iter:2200/2465, clip_acc1=92.59091186523438, tta_acc1=92.59091186523438
2025-06-10 17:27:21,858 - log - INFO - iter:2200/2465, Original Acc@1: 92.59, Acc@5: 98.77, TTA Acc@1: 92.59, Acc@5: 98.77
2025-06-10 17:28:40,528 - log - INFO - iter:2220/2465, clip_acc1=92.65766143798828, tta_acc1=92.65766143798828
2025-06-10 17:28:40,529 - log - INFO - iter:2220/2465, Original Acc@1: 92.66, Acc@5: 98.78, TTA Acc@1: 92.66, Acc@5: 98.78
2025-06-10 17:29:59,180 - log - INFO - iter:2240/2465, clip_acc1=92.72321319580078, tta_acc1=92.72321319580078
2025-06-10 17:29:59,181 - log - INFO - iter:2240/2465, Original Acc@1: 92.72, Acc@5: 98.79, TTA Acc@1: 92.72, Acc@5: 98.79
2025-06-10 17:31:17,413 - log - INFO - iter:2260/2465, clip_acc1=92.78761291503906, tta_acc1=92.78761291503906
2025-06-10 17:31:17,414 - log - INFO - iter:2260/2465, Original Acc@1: 92.79, Acc@5: 98.81, TTA Acc@1: 92.79, Acc@5: 98.81
2025-06-10 17:32:35,122 - log - INFO - iter:2280/2465, clip_acc1=92.85087585449219, tta_acc1=92.85087585449219
2025-06-10 17:32:35,122 - log - INFO - iter:2280/2465, Original Acc@1: 92.85, Acc@5: 98.82, TTA Acc@1: 92.85, Acc@5: 98.82
2025-06-10 17:33:53,587 - log - INFO - iter:2300/2465, clip_acc1=92.86956787109375, tta_acc1=92.86956787109375
2025-06-10 17:33:53,587 - log - INFO - iter:2300/2465, Original Acc@1: 92.87, Acc@5: 98.78, TTA Acc@1: 92.87, Acc@5: 98.78
2025-06-10 17:35:11,604 - log - INFO - iter:2320/2465, clip_acc1=92.88793182373047, tta_acc1=92.88793182373047
2025-06-10 17:35:11,604 - log - INFO - iter:2320/2465, Original Acc@1: 92.89, Acc@5: 98.79, TTA Acc@1: 92.89, Acc@5: 98.79
2025-06-10 17:36:29,647 - log - INFO - iter:2340/2465, clip_acc1=92.94871520996094, tta_acc1=92.94871520996094
2025-06-10 17:36:29,648 - log - INFO - iter:2340/2465, Original Acc@1: 92.95, Acc@5: 98.80, TTA Acc@1: 92.95, Acc@5: 98.80
2025-06-10 17:37:48,223 - log - INFO - iter:2360/2465, clip_acc1=92.96610260009766, tta_acc1=92.96610260009766
2025-06-10 17:37:48,223 - log - INFO - iter:2360/2465, Original Acc@1: 92.97, Acc@5: 98.81, TTA Acc@1: 92.97, Acc@5: 98.81
2025-06-10 17:39:06,709 - log - INFO - iter:2380/2465, clip_acc1=93.02520751953125, tta_acc1=93.02520751953125
2025-06-10 17:39:06,709 - log - INFO - iter:2380/2465, Original Acc@1: 93.03, Acc@5: 98.82, TTA Acc@1: 93.03, Acc@5: 98.82
2025-06-10 17:40:24,899 - log - INFO - iter:2400/2465, clip_acc1=92.83333587646484, tta_acc1=92.83333587646484
2025-06-10 17:40:24,899 - log - INFO - iter:2400/2465, Original Acc@1: 92.83, Acc@5: 98.83, TTA Acc@1: 92.83, Acc@5: 98.83
2025-06-10 17:41:43,232 - log - INFO - iter:2420/2465, clip_acc1=92.76859283447266, tta_acc1=92.76859283447266
2025-06-10 17:41:43,232 - log - INFO - iter:2420/2465, Original Acc@1: 92.77, Acc@5: 98.84, TTA Acc@1: 92.77, Acc@5: 98.84
2025-06-10 17:43:01,238 - log - INFO - iter:2440/2465, clip_acc1=92.7868881225586, tta_acc1=92.7868881225586
2025-06-10 17:43:01,238 - log - INFO - iter:2440/2465, Original Acc@1: 92.79, Acc@5: 98.85, TTA Acc@1: 92.79, Acc@5: 98.85
2025-06-10 17:44:19,915 - log - INFO - iter:2460/2465, clip_acc1=92.84552764892578, tta_acc1=92.84552764892578
2025-06-10 17:44:19,915 - log - INFO - iter:2460/2465, Original Acc@1: 92.85, Acc@5: 98.86, TTA Acc@1: 92.85, Acc@5: 98.86
2025-06-10 17:44:39,374 - log - INFO - iter:2465/2465, clip_acc1=92.86003875732422, tta_acc1=92.86003875732422
2025-06-10 17:44:39,374 - log - INFO - iter:2465/2465, Original Acc@1: 92.86, Acc@5: 98.86, TTA Acc@1: 92.86, Acc@5: 98.86
2025-06-10 17:44:39,445 - log - INFO - Final results - Original Acc@1: 92.86, Acc@5: 98.86, TTA Acc@1: 92.86, Acc@5: 98.86
2025-06-10 17:44:39,446 - log - INFO - Improvement from TTA in Acc@1 0.00, and Acc@5 0.00
2025-06-10 17:44:39,446 - log - INFO - => Acc. on testset [Caltech101]: Clean Acc @1 92.86003875732422/ TTA Clean Acc @1 92.86003875732422, Clean Acc @5 98.86409759521484/ TTA Clean Acc @5 98.86409759521484
2025-06-10 17:44:39,446 - log - INFO - Total script execution time: 11417.60 seconds (190.29 minutes)
