2025-06-14 22:05:16,172 - log - INFO - ==========================================
data:/leonardo_work/EUHPC_R04_192/fmohamma/Adversarial_Robust_Clip/atpt_data/downstream_datasets
test_sets:Cars
dataset_mode:test
arch:vit_l_14_datacomp_1b
resolution:224
workers:4
no_pin_memory:False
batch_size:64
print_freq:20
gpu:0
no_cudnn_benchmark:False
n_ctx:4
ctx_init:a_photo_of_a
tpt_loss:tpt
seed:0
output_dir:/leonardo_work/EUHPC_R04_192/fmohamma/Adversarial_Robust_Clip/atpt_data/vit_l_14_datacomp_1b/Cars
log_output_dir:/leonardo_work/EUHPC_R04_192/fmohamma/Adversarial_Robust_Clip/ATPT/Final_Results/vit_l_14_datacomp_1b/Cars
eps:0.0
alpha:0.0
alpha_eps_ratio:4.0
steps:0
lr:0.005
selection_p:0.1
tta_steps:1
ensemble_type:vanilla
top_k:20
softmax_temp:0.01
counter_attack:True
counter_attack_type:pgd
counter_attack_steps:2
counter_attack_eps:4.0
counter_attack_alpha:1.0
counter_attack_tau_thres:0.2
counter_attack_beta:2.0
counter_attack_weighted_perturbations:True
pgd_clip_pure_i_text_embeddings:null
pgd_counter_and_clipure_i_lamda:1.0
selected_id_name:selected_topk.json
weighted_score_name:weighted_scores.json
batch_entropy_name:entropies.json
log_dir:/leonardo_work/EUHPC_R04_192/fmohamma/Adversarial_Robust_Clip/ATPT/Final_Results/vit_l_14_datacomp_1b/Cars/Clean/Counter_Attack/Eps_4_0_Steps_2_Alpha_1_0/tau_0_2_beta_2_0_weighted_pertrubation_True/TPT/Optimization_Loss_tpt_LR_0_005_Optimization_Steps_1_View_Selection_Fraction_0_1/Inference_Ensemble_vanilla

2025-06-14 22:05:16,172 - log - INFO - Use GPU: 0 for training
2025-06-14 22:07:28,350 - log - INFO - Freezing all parameters except prompt learner
2025-06-14 22:07:28,351 - log - INFO - => Model created: visual backbone vit_l_14_datacomp_1b
2025-06-14 22:07:28,384 - log - INFO - Number of test samples: 8041
2025-06-14 22:07:28,384 - log - INFO - Evaluating dataset: Cars
2025-06-14 22:07:28,385 - log - INFO - Starting evaluation with batch size: 64, selection percentage: 0.1
2025-06-14 22:07:28,385 - log - INFO - Test-time adaptation steps: 1, learning rate: 0.005
2025-06-14 22:07:28,385 - log - INFO - Using counter-attack with epsilon: 4.000000, alpha: 0.000000, steps: 2, tau_thres: 0.2, beta: 2.0, weighted perturbation: True
2025-06-14 22:08:37,338 - log - INFO - iter:20/8041, clip_acc1=100.0, tta_acc1=90.0
2025-06-14 22:08:37,338 - log - INFO - iter:20/8041, Original Acc@1: 100.00, Acc@5: 100.00, TTA Acc@1: 90.00, Acc@5: 100.00
2025-06-14 22:09:37,201 - log - INFO - iter:40/8041, clip_acc1=87.5, tta_acc1=92.5
2025-06-14 22:09:37,201 - log - INFO - iter:40/8041, Original Acc@1: 87.50, Acc@5: 97.50, TTA Acc@1: 92.50, Acc@5: 100.00
2025-06-14 22:10:36,075 - log - INFO - iter:60/8041, clip_acc1=88.33333587646484, tta_acc1=91.66667175292969
2025-06-14 22:10:36,075 - log - INFO - iter:60/8041, Original Acc@1: 88.33, Acc@5: 96.67, TTA Acc@1: 91.67, Acc@5: 100.00
2025-06-14 22:11:35,438 - log - INFO - iter:80/8041, clip_acc1=85.0, tta_acc1=92.5
2025-06-14 22:11:35,438 - log - INFO - iter:80/8041, Original Acc@1: 85.00, Acc@5: 96.25, TTA Acc@1: 92.50, Acc@5: 100.00
2025-06-14 22:12:34,867 - log - INFO - iter:100/8041, clip_acc1=84.0, tta_acc1=93.0
2025-06-14 22:12:34,867 - log - INFO - iter:100/8041, Original Acc@1: 84.00, Acc@5: 97.00, TTA Acc@1: 93.00, Acc@5: 100.00
2025-06-14 22:13:34,510 - log - INFO - iter:120/8041, clip_acc1=84.16667175292969, tta_acc1=92.50000762939453
2025-06-14 22:13:34,511 - log - INFO - iter:120/8041, Original Acc@1: 84.17, Acc@5: 97.50, TTA Acc@1: 92.50, Acc@5: 100.00
2025-06-14 22:14:33,750 - log - INFO - iter:140/8041, clip_acc1=81.42857360839844, tta_acc1=89.28571319580078
2025-06-14 22:14:33,750 - log - INFO - iter:140/8041, Original Acc@1: 81.43, Acc@5: 97.14, TTA Acc@1: 89.29, Acc@5: 99.29
2025-06-14 22:15:33,514 - log - INFO - iter:160/8041, clip_acc1=81.875, tta_acc1=90.625
2025-06-14 22:15:33,514 - log - INFO - iter:160/8041, Original Acc@1: 81.88, Acc@5: 96.25, TTA Acc@1: 90.62, Acc@5: 99.38
2025-06-14 22:16:32,306 - log - INFO - iter:180/8041, clip_acc1=82.77777862548828, tta_acc1=91.11111450195312
2025-06-14 22:16:32,306 - log - INFO - iter:180/8041, Original Acc@1: 82.78, Acc@5: 96.67, TTA Acc@1: 91.11, Acc@5: 99.44
2025-06-14 22:17:31,847 - log - INFO - iter:200/8041, clip_acc1=82.5, tta_acc1=91.5
2025-06-14 22:17:31,847 - log - INFO - iter:200/8041, Original Acc@1: 82.50, Acc@5: 96.50, TTA Acc@1: 91.50, Acc@5: 99.50
2025-06-14 22:18:31,289 - log - INFO - iter:220/8041, clip_acc1=83.18181610107422, tta_acc1=91.81817626953125
2025-06-14 22:18:31,289 - log - INFO - iter:220/8041, Original Acc@1: 83.18, Acc@5: 96.82, TTA Acc@1: 91.82, Acc@5: 99.55
2025-06-14 22:19:30,228 - log - INFO - iter:240/8041, clip_acc1=84.16667175292969, tta_acc1=92.50000762939453
2025-06-14 22:19:30,229 - log - INFO - iter:240/8041, Original Acc@1: 84.17, Acc@5: 97.08, TTA Acc@1: 92.50, Acc@5: 99.58
2025-06-14 22:20:29,685 - log - INFO - iter:260/8041, clip_acc1=84.23076629638672, tta_acc1=92.69230651855469
2025-06-14 22:20:29,686 - log - INFO - iter:260/8041, Original Acc@1: 84.23, Acc@5: 97.31, TTA Acc@1: 92.69, Acc@5: 99.62
2025-06-14 22:21:29,122 - log - INFO - iter:280/8041, clip_acc1=85.0, tta_acc1=92.85713958740234
2025-06-14 22:21:29,123 - log - INFO - iter:280/8041, Original Acc@1: 85.00, Acc@5: 97.14, TTA Acc@1: 92.86, Acc@5: 99.64
2025-06-14 22:22:28,759 - log - INFO - iter:300/8041, clip_acc1=85.33333587646484, tta_acc1=92.66667175292969
2025-06-14 22:22:28,759 - log - INFO - iter:300/8041, Original Acc@1: 85.33, Acc@5: 97.33, TTA Acc@1: 92.67, Acc@5: 99.67
2025-06-14 22:23:27,964 - log - INFO - iter:320/8041, clip_acc1=85.9375, tta_acc1=93.125
2025-06-14 22:23:27,964 - log - INFO - iter:320/8041, Original Acc@1: 85.94, Acc@5: 97.50, TTA Acc@1: 93.12, Acc@5: 99.69
2025-06-14 22:24:27,401 - log - INFO - iter:340/8041, clip_acc1=85.5882339477539, tta_acc1=92.64706420898438
2025-06-14 22:24:27,401 - log - INFO - iter:340/8041, Original Acc@1: 85.59, Acc@5: 97.35, TTA Acc@1: 92.65, Acc@5: 99.71
2025-06-14 22:25:26,440 - log - INFO - iter:360/8041, clip_acc1=85.27777862548828, tta_acc1=93.05555725097656
2025-06-14 22:25:26,440 - log - INFO - iter:360/8041, Original Acc@1: 85.28, Acc@5: 97.22, TTA Acc@1: 93.06, Acc@5: 99.72
2025-06-14 22:26:25,137 - log - INFO - iter:380/8041, clip_acc1=85.2631607055664, tta_acc1=93.15789794921875
2025-06-14 22:26:25,138 - log - INFO - iter:380/8041, Original Acc@1: 85.26, Acc@5: 97.37, TTA Acc@1: 93.16, Acc@5: 99.74
2025-06-14 22:27:24,574 - log - INFO - iter:400/8041, clip_acc1=84.5, tta_acc1=92.5
2025-06-14 22:27:24,574 - log - INFO - iter:400/8041, Original Acc@1: 84.50, Acc@5: 97.50, TTA Acc@1: 92.50, Acc@5: 99.75
2025-06-14 22:28:23,969 - log - INFO - iter:420/8041, clip_acc1=84.52381134033203, tta_acc1=92.61904907226562
2025-06-14 22:28:23,970 - log - INFO - iter:420/8041, Original Acc@1: 84.52, Acc@5: 97.14, TTA Acc@1: 92.62, Acc@5: 99.52
2025-06-14 22:29:23,595 - log - INFO - iter:440/8041, clip_acc1=84.54544830322266, tta_acc1=92.95454406738281
2025-06-14 22:29:23,595 - log - INFO - iter:440/8041, Original Acc@1: 84.55, Acc@5: 97.27, TTA Acc@1: 92.95, Acc@5: 99.55
2025-06-14 22:30:22,560 - log - INFO - iter:460/8041, clip_acc1=84.34782409667969, tta_acc1=92.82608032226562
2025-06-14 22:30:22,561 - log - INFO - iter:460/8041, Original Acc@1: 84.35, Acc@5: 97.17, TTA Acc@1: 92.83, Acc@5: 99.57
2025-06-14 22:31:22,447 - log - INFO - iter:480/8041, clip_acc1=84.37500762939453, tta_acc1=92.70833587646484
2025-06-14 22:31:22,447 - log - INFO - iter:480/8041, Original Acc@1: 84.38, Acc@5: 97.29, TTA Acc@1: 92.71, Acc@5: 99.38
2025-06-14 22:32:21,647 - log - INFO - iter:500/8041, clip_acc1=83.80000305175781, tta_acc1=92.60000610351562
2025-06-14 22:32:21,647 - log - INFO - iter:500/8041, Original Acc@1: 83.80, Acc@5: 97.40, TTA Acc@1: 92.60, Acc@5: 99.40
2025-06-14 22:33:21,783 - log - INFO - iter:520/8041, clip_acc1=83.84615325927734, tta_acc1=92.69230651855469
2025-06-14 22:33:21,783 - log - INFO - iter:520/8041, Original Acc@1: 83.85, Acc@5: 97.50, TTA Acc@1: 92.69, Acc@5: 99.42
2025-06-14 22:34:21,308 - log - INFO - iter:540/8041, clip_acc1=83.88888549804688, tta_acc1=92.59259033203125
2025-06-14 22:34:21,308 - log - INFO - iter:540/8041, Original Acc@1: 83.89, Acc@5: 97.59, TTA Acc@1: 92.59, Acc@5: 99.44
2025-06-14 22:35:21,989 - log - INFO - iter:560/8041, clip_acc1=84.28571319580078, tta_acc1=92.32142639160156
2025-06-14 22:35:21,989 - log - INFO - iter:560/8041, Original Acc@1: 84.29, Acc@5: 97.68, TTA Acc@1: 92.32, Acc@5: 99.46
2025-06-14 22:36:21,965 - log - INFO - iter:580/8041, clip_acc1=84.48275756835938, tta_acc1=92.24137878417969
2025-06-14 22:36:21,965 - log - INFO - iter:580/8041, Original Acc@1: 84.48, Acc@5: 97.76, TTA Acc@1: 92.24, Acc@5: 99.48
2025-06-14 22:37:21,444 - log - INFO - iter:600/8041, clip_acc1=84.66667175292969, tta_acc1=92.33333587646484
2025-06-14 22:37:21,444 - log - INFO - iter:600/8041, Original Acc@1: 84.67, Acc@5: 97.83, TTA Acc@1: 92.33, Acc@5: 99.50
2025-06-14 22:38:20,615 - log - INFO - iter:620/8041, clip_acc1=84.19355010986328, tta_acc1=92.25806427001953
2025-06-14 22:38:20,615 - log - INFO - iter:620/8041, Original Acc@1: 84.19, Acc@5: 97.58, TTA Acc@1: 92.26, Acc@5: 99.52
2025-06-14 22:39:20,174 - log - INFO - iter:640/8041, clip_acc1=84.21875, tta_acc1=92.34375
2025-06-14 22:39:20,174 - log - INFO - iter:640/8041, Original Acc@1: 84.22, Acc@5: 97.66, TTA Acc@1: 92.34, Acc@5: 99.53
2025-06-14 22:40:19,295 - log - INFO - iter:660/8041, clip_acc1=84.39393615722656, tta_acc1=92.2727279663086
2025-06-14 22:40:19,295 - log - INFO - iter:660/8041, Original Acc@1: 84.39, Acc@5: 97.73, TTA Acc@1: 92.27, Acc@5: 99.55
2025-06-14 22:41:18,582 - log - INFO - iter:680/8041, clip_acc1=84.26470947265625, tta_acc1=92.5
2025-06-14 22:41:18,582 - log - INFO - iter:680/8041, Original Acc@1: 84.26, Acc@5: 97.35, TTA Acc@1: 92.50, Acc@5: 99.56
2025-06-14 22:42:17,850 - log - INFO - iter:700/8041, clip_acc1=84.28571319580078, tta_acc1=92.28571319580078
2025-06-14 22:42:17,850 - log - INFO - iter:700/8041, Original Acc@1: 84.29, Acc@5: 97.29, TTA Acc@1: 92.29, Acc@5: 99.57
2025-06-14 22:43:17,185 - log - INFO - iter:720/8041, clip_acc1=83.8888931274414, tta_acc1=91.94445037841797
2025-06-14 22:43:17,186 - log - INFO - iter:720/8041, Original Acc@1: 83.89, Acc@5: 97.22, TTA Acc@1: 91.94, Acc@5: 99.58
2025-06-14 22:44:16,717 - log - INFO - iter:740/8041, clip_acc1=83.37837982177734, tta_acc1=92.02703094482422
2025-06-14 22:44:16,717 - log - INFO - iter:740/8041, Original Acc@1: 83.38, Acc@5: 97.16, TTA Acc@1: 92.03, Acc@5: 99.59
2025-06-14 22:45:15,825 - log - INFO - iter:760/8041, clip_acc1=83.42105865478516, tta_acc1=91.84210968017578
2025-06-14 22:45:15,825 - log - INFO - iter:760/8041, Original Acc@1: 83.42, Acc@5: 97.24, TTA Acc@1: 91.84, Acc@5: 99.61
2025-06-14 22:46:15,273 - log - INFO - iter:780/8041, clip_acc1=83.5897445678711, tta_acc1=91.92308044433594
2025-06-14 22:46:15,273 - log - INFO - iter:780/8041, Original Acc@1: 83.59, Acc@5: 97.18, TTA Acc@1: 91.92, Acc@5: 99.62
2025-06-14 22:47:15,178 - log - INFO - iter:800/8041, clip_acc1=83.625, tta_acc1=91.875
2025-06-14 22:47:15,178 - log - INFO - iter:800/8041, Original Acc@1: 83.62, Acc@5: 97.12, TTA Acc@1: 91.88, Acc@5: 99.62
2025-06-14 22:48:14,073 - log - INFO - iter:820/8041, clip_acc1=83.65853881835938, tta_acc1=91.82926940917969
2025-06-14 22:48:14,074 - log - INFO - iter:820/8041, Original Acc@1: 83.66, Acc@5: 97.07, TTA Acc@1: 91.83, Acc@5: 99.51
2025-06-14 22:49:13,396 - log - INFO - iter:840/8041, clip_acc1=83.5714340209961, tta_acc1=91.66667175292969
2025-06-14 22:49:13,396 - log - INFO - iter:840/8041, Original Acc@1: 83.57, Acc@5: 97.02, TTA Acc@1: 91.67, Acc@5: 99.52
2025-06-14 22:50:13,012 - log - INFO - iter:860/8041, clip_acc1=83.48837280273438, tta_acc1=91.74418640136719
2025-06-14 22:50:13,012 - log - INFO - iter:860/8041, Original Acc@1: 83.49, Acc@5: 96.98, TTA Acc@1: 91.74, Acc@5: 99.53
2025-06-14 22:51:12,326 - log - INFO - iter:880/8041, clip_acc1=83.40908813476562, tta_acc1=91.70454406738281
2025-06-14 22:51:12,326 - log - INFO - iter:880/8041, Original Acc@1: 83.41, Acc@5: 96.93, TTA Acc@1: 91.70, Acc@5: 99.32
2025-06-14 22:52:13,133 - log - INFO - iter:900/8041, clip_acc1=83.22222137451172, tta_acc1=91.55555725097656
2025-06-14 22:52:13,134 - log - INFO - iter:900/8041, Original Acc@1: 83.22, Acc@5: 96.89, TTA Acc@1: 91.56, Acc@5: 99.33
2025-06-14 22:53:12,916 - log - INFO - iter:920/8041, clip_acc1=83.2608642578125, tta_acc1=91.63043212890625
2025-06-14 22:53:12,917 - log - INFO - iter:920/8041, Original Acc@1: 83.26, Acc@5: 96.85, TTA Acc@1: 91.63, Acc@5: 99.35
2025-06-14 22:54:12,798 - log - INFO - iter:940/8041, clip_acc1=83.29786682128906, tta_acc1=91.59574127197266
2025-06-14 22:54:12,798 - log - INFO - iter:940/8041, Original Acc@1: 83.30, Acc@5: 96.70, TTA Acc@1: 91.60, Acc@5: 99.36
2025-06-14 22:55:12,643 - log - INFO - iter:960/8041, clip_acc1=83.43750762939453, tta_acc1=91.66667175292969
2025-06-14 22:55:12,643 - log - INFO - iter:960/8041, Original Acc@1: 83.44, Acc@5: 96.77, TTA Acc@1: 91.67, Acc@5: 99.38
2025-06-14 22:56:12,296 - log - INFO - iter:980/8041, clip_acc1=83.36734008789062, tta_acc1=91.63265228271484
2025-06-14 22:56:12,296 - log - INFO - iter:980/8041, Original Acc@1: 83.37, Acc@5: 96.84, TTA Acc@1: 91.63, Acc@5: 99.39
2025-06-14 22:57:12,405 - log - INFO - iter:1000/8041, clip_acc1=83.50000762939453, tta_acc1=91.60000610351562
2025-06-14 22:57:12,405 - log - INFO - iter:1000/8041, Original Acc@1: 83.50, Acc@5: 96.90, TTA Acc@1: 91.60, Acc@5: 99.30
2025-06-14 22:58:11,702 - log - INFO - iter:1020/8041, clip_acc1=83.62745666503906, tta_acc1=91.76470947265625
2025-06-14 22:58:11,702 - log - INFO - iter:1020/8041, Original Acc@1: 83.63, Acc@5: 96.86, TTA Acc@1: 91.76, Acc@5: 99.31
2025-06-14 22:59:11,178 - log - INFO - iter:1040/8041, clip_acc1=83.75, tta_acc1=91.92308044433594
2025-06-14 22:59:11,178 - log - INFO - iter:1040/8041, Original Acc@1: 83.75, Acc@5: 96.92, TTA Acc@1: 91.92, Acc@5: 99.33
2025-06-14 23:00:10,180 - log - INFO - iter:1060/8041, clip_acc1=83.7735824584961, tta_acc1=91.98113250732422
2025-06-14 23:00:10,181 - log - INFO - iter:1060/8041, Original Acc@1: 83.77, Acc@5: 96.89, TTA Acc@1: 91.98, Acc@5: 99.34
2025-06-14 23:01:09,972 - log - INFO - iter:1080/8041, clip_acc1=83.79629516601562, tta_acc1=91.94444274902344
2025-06-14 23:01:09,973 - log - INFO - iter:1080/8041, Original Acc@1: 83.80, Acc@5: 96.94, TTA Acc@1: 91.94, Acc@5: 99.35
2025-06-14 23:02:10,142 - log - INFO - iter:1100/8041, clip_acc1=83.81818389892578, tta_acc1=92.0
2025-06-14 23:02:10,143 - log - INFO - iter:1100/8041, Original Acc@1: 83.82, Acc@5: 96.82, TTA Acc@1: 92.00, Acc@5: 99.36
2025-06-14 23:03:09,635 - log - INFO - iter:1120/8041, clip_acc1=83.75, tta_acc1=91.96428680419922
2025-06-14 23:03:09,636 - log - INFO - iter:1120/8041, Original Acc@1: 83.75, Acc@5: 96.88, TTA Acc@1: 91.96, Acc@5: 99.38
2025-06-14 23:04:08,702 - log - INFO - iter:1140/8041, clip_acc1=83.59649658203125, tta_acc1=91.92982482910156
2025-06-14 23:04:08,702 - log - INFO - iter:1140/8041, Original Acc@1: 83.60, Acc@5: 96.75, TTA Acc@1: 91.93, Acc@5: 99.39
2025-06-14 23:05:07,743 - log - INFO - iter:1160/8041, clip_acc1=83.70689392089844, tta_acc1=92.06896209716797
2025-06-14 23:05:07,743 - log - INFO - iter:1160/8041, Original Acc@1: 83.71, Acc@5: 96.81, TTA Acc@1: 92.07, Acc@5: 99.40
2025-06-14 23:06:07,739 - log - INFO - iter:1180/8041, clip_acc1=83.6440658569336, tta_acc1=92.03389739990234
2025-06-14 23:06:07,739 - log - INFO - iter:1180/8041, Original Acc@1: 83.64, Acc@5: 96.86, TTA Acc@1: 92.03, Acc@5: 99.41
2025-06-14 23:07:07,083 - log - INFO - iter:1200/8041, clip_acc1=83.66667175292969, tta_acc1=91.83333587646484
2025-06-14 23:07:07,083 - log - INFO - iter:1200/8041, Original Acc@1: 83.67, Acc@5: 96.92, TTA Acc@1: 91.83, Acc@5: 99.42
2025-06-14 23:08:07,045 - log - INFO - iter:1220/8041, clip_acc1=83.85246276855469, tta_acc1=91.88524627685547
2025-06-14 23:08:07,046 - log - INFO - iter:1220/8041, Original Acc@1: 83.85, Acc@5: 96.97, TTA Acc@1: 91.89, Acc@5: 99.43
2025-06-14 23:09:06,572 - log - INFO - iter:1240/8041, clip_acc1=83.79032135009766, tta_acc1=91.7741928100586
2025-06-14 23:09:06,572 - log - INFO - iter:1240/8041, Original Acc@1: 83.79, Acc@5: 96.85, TTA Acc@1: 91.77, Acc@5: 99.44
2025-06-14 23:10:07,406 - log - INFO - iter:1260/8041, clip_acc1=83.33333587646484, tta_acc1=91.66666412353516
2025-06-14 23:10:07,406 - log - INFO - iter:1260/8041, Original Acc@1: 83.33, Acc@5: 96.75, TTA Acc@1: 91.67, Acc@5: 99.44
2025-06-14 23:11:07,416 - log - INFO - iter:1280/8041, clip_acc1=83.28125, tta_acc1=91.5625
2025-06-14 23:11:07,416 - log - INFO - iter:1280/8041, Original Acc@1: 83.28, Acc@5: 96.64, TTA Acc@1: 91.56, Acc@5: 99.45
2025-06-14 23:12:07,599 - log - INFO - iter:1300/8041, clip_acc1=83.46154022216797, tta_acc1=91.61538696289062
2025-06-14 23:12:07,599 - log - INFO - iter:1300/8041, Original Acc@1: 83.46, Acc@5: 96.69, TTA Acc@1: 91.62, Acc@5: 99.46
2025-06-14 23:13:07,283 - log - INFO - iter:1320/8041, clip_acc1=83.56060028076172, tta_acc1=91.59090423583984
2025-06-14 23:13:07,283 - log - INFO - iter:1320/8041, Original Acc@1: 83.56, Acc@5: 96.74, TTA Acc@1: 91.59, Acc@5: 99.47
2025-06-14 23:14:06,583 - log - INFO - iter:1340/8041, clip_acc1=83.35820770263672, tta_acc1=91.49253845214844
2025-06-14 23:14:06,583 - log - INFO - iter:1340/8041, Original Acc@1: 83.36, Acc@5: 96.72, TTA Acc@1: 91.49, Acc@5: 99.40
2025-06-14 23:15:06,152 - log - INFO - iter:1360/8041, clip_acc1=83.45588684082031, tta_acc1=91.54412078857422
2025-06-14 23:15:06,152 - log - INFO - iter:1360/8041, Original Acc@1: 83.46, Acc@5: 96.76, TTA Acc@1: 91.54, Acc@5: 99.41
2025-06-14 23:16:06,016 - log - INFO - iter:1380/8041, clip_acc1=83.55072784423828, tta_acc1=91.66667175292969
2025-06-14 23:16:06,017 - log - INFO - iter:1380/8041, Original Acc@1: 83.55, Acc@5: 96.81, TTA Acc@1: 91.67, Acc@5: 99.42
2025-06-14 23:17:05,378 - log - INFO - iter:1400/8041, clip_acc1=83.57142639160156, tta_acc1=91.71428680419922
2025-06-14 23:17:05,379 - log - INFO - iter:1400/8041, Original Acc@1: 83.57, Acc@5: 96.86, TTA Acc@1: 91.71, Acc@5: 99.43
2025-06-14 23:18:05,052 - log - INFO - iter:1420/8041, clip_acc1=83.59154510498047, tta_acc1=91.76055908203125
2025-06-14 23:18:05,052 - log - INFO - iter:1420/8041, Original Acc@1: 83.59, Acc@5: 96.83, TTA Acc@1: 91.76, Acc@5: 99.44
2025-06-14 23:19:04,981 - log - INFO - iter:1440/8041, clip_acc1=83.68055725097656, tta_acc1=91.875
2025-06-14 23:19:04,981 - log - INFO - iter:1440/8041, Original Acc@1: 83.68, Acc@5: 96.81, TTA Acc@1: 91.88, Acc@5: 99.44
2025-06-14 23:20:03,845 - log - INFO - iter:1460/8041, clip_acc1=83.49315643310547, tta_acc1=91.91780853271484
2025-06-14 23:20:03,845 - log - INFO - iter:1460/8041, Original Acc@1: 83.49, Acc@5: 96.78, TTA Acc@1: 91.92, Acc@5: 99.45
2025-06-14 23:21:03,130 - log - INFO - iter:1480/8041, clip_acc1=83.51351928710938, tta_acc1=91.95946502685547
2025-06-14 23:21:03,130 - log - INFO - iter:1480/8041, Original Acc@1: 83.51, Acc@5: 96.82, TTA Acc@1: 91.96, Acc@5: 99.46
2025-06-14 23:22:02,764 - log - INFO - iter:1500/8041, clip_acc1=83.46666717529297, tta_acc1=92.06666564941406
2025-06-14 23:22:02,764 - log - INFO - iter:1500/8041, Original Acc@1: 83.47, Acc@5: 96.80, TTA Acc@1: 92.07, Acc@5: 99.47
2025-06-14 23:23:02,469 - log - INFO - iter:1520/8041, clip_acc1=83.5526351928711, tta_acc1=92.10527038574219
2025-06-14 23:23:02,469 - log - INFO - iter:1520/8041, Original Acc@1: 83.55, Acc@5: 96.78, TTA Acc@1: 92.11, Acc@5: 99.47
2025-06-14 23:24:01,766 - log - INFO - iter:1540/8041, clip_acc1=83.63636016845703, tta_acc1=92.20779418945312
2025-06-14 23:24:01,766 - log - INFO - iter:1540/8041, Original Acc@1: 83.64, Acc@5: 96.75, TTA Acc@1: 92.21, Acc@5: 99.48
2025-06-14 23:25:00,948 - log - INFO - iter:1560/8041, clip_acc1=83.46154022216797, tta_acc1=92.17948913574219
2025-06-14 23:25:00,948 - log - INFO - iter:1560/8041, Original Acc@1: 83.46, Acc@5: 96.79, TTA Acc@1: 92.18, Acc@5: 99.49
2025-06-14 23:26:00,414 - log - INFO - iter:1580/8041, clip_acc1=83.54430389404297, tta_acc1=92.2151870727539
2025-06-14 23:26:00,414 - log - INFO - iter:1580/8041, Original Acc@1: 83.54, Acc@5: 96.84, TTA Acc@1: 92.22, Acc@5: 99.49
2025-06-14 23:27:00,691 - log - INFO - iter:1600/8041, clip_acc1=83.375, tta_acc1=92.0
2025-06-14 23:27:00,691 - log - INFO - iter:1600/8041, Original Acc@1: 83.38, Acc@5: 96.88, TTA Acc@1: 92.00, Acc@5: 99.50
2025-06-14 23:27:59,856 - log - INFO - iter:1620/8041, clip_acc1=83.20987701416016, tta_acc1=91.97531127929688
2025-06-14 23:27:59,856 - log - INFO - iter:1620/8041, Original Acc@1: 83.21, Acc@5: 96.91, TTA Acc@1: 91.98, Acc@5: 99.51
2025-06-14 23:28:59,090 - log - INFO - iter:1640/8041, clip_acc1=83.23170471191406, tta_acc1=91.95121765136719
2025-06-14 23:28:59,090 - log - INFO - iter:1640/8041, Original Acc@1: 83.23, Acc@5: 96.95, TTA Acc@1: 91.95, Acc@5: 99.51
2025-06-14 23:29:59,823 - log - INFO - iter:1660/8041, clip_acc1=83.37349700927734, tta_acc1=92.0481948852539
2025-06-14 23:29:59,824 - log - INFO - iter:1660/8041, Original Acc@1: 83.37, Acc@5: 96.93, TTA Acc@1: 92.05, Acc@5: 99.52
2025-06-14 23:30:58,958 - log - INFO - iter:1680/8041, clip_acc1=83.45238494873047, tta_acc1=92.08333587646484
2025-06-14 23:30:58,959 - log - INFO - iter:1680/8041, Original Acc@1: 83.45, Acc@5: 96.96, TTA Acc@1: 92.08, Acc@5: 99.52
2025-06-14 23:31:58,558 - log - INFO - iter:1700/8041, clip_acc1=83.35293579101562, tta_acc1=92.11764526367188
2025-06-14 23:31:58,559 - log - INFO - iter:1700/8041, Original Acc@1: 83.35, Acc@5: 96.94, TTA Acc@1: 92.12, Acc@5: 99.47
2025-06-14 23:32:58,142 - log - INFO - iter:1720/8041, clip_acc1=82.90697479248047, tta_acc1=91.80232238769531
2025-06-14 23:32:58,142 - log - INFO - iter:1720/8041, Original Acc@1: 82.91, Acc@5: 96.86, TTA Acc@1: 91.80, Acc@5: 99.42
2025-06-14 23:33:57,452 - log - INFO - iter:1740/8041, clip_acc1=82.93103790283203, tta_acc1=91.72413635253906
2025-06-14 23:33:57,452 - log - INFO - iter:1740/8041, Original Acc@1: 82.93, Acc@5: 96.90, TTA Acc@1: 91.72, Acc@5: 99.43
2025-06-14 23:34:56,672 - log - INFO - iter:1760/8041, clip_acc1=83.01136016845703, tta_acc1=91.81817626953125
2025-06-14 23:34:56,672 - log - INFO - iter:1760/8041, Original Acc@1: 83.01, Acc@5: 96.93, TTA Acc@1: 91.82, Acc@5: 99.43
2025-06-14 23:35:55,846 - log - INFO - iter:1780/8041, clip_acc1=83.03370666503906, tta_acc1=91.7977523803711
2025-06-14 23:35:55,846 - log - INFO - iter:1780/8041, Original Acc@1: 83.03, Acc@5: 96.97, TTA Acc@1: 91.80, Acc@5: 99.44
2025-06-14 23:36:54,942 - log - INFO - iter:1800/8041, clip_acc1=82.94444274902344, tta_acc1=91.72222137451172
2025-06-14 23:36:54,942 - log - INFO - iter:1800/8041, Original Acc@1: 82.94, Acc@5: 96.83, TTA Acc@1: 91.72, Acc@5: 99.44
2025-06-14 23:37:54,473 - log - INFO - iter:1820/8041, clip_acc1=82.85714721679688, tta_acc1=91.53846740722656
2025-06-14 23:37:54,473 - log - INFO - iter:1820/8041, Original Acc@1: 82.86, Acc@5: 96.81, TTA Acc@1: 91.54, Acc@5: 99.45
2025-06-14 23:38:53,916 - log - INFO - iter:1840/8041, clip_acc1=82.88043212890625, tta_acc1=91.52173614501953
2025-06-14 23:38:53,916 - log - INFO - iter:1840/8041, Original Acc@1: 82.88, Acc@5: 96.79, TTA Acc@1: 91.52, Acc@5: 99.46
2025-06-14 23:39:53,047 - log - INFO - iter:1860/8041, clip_acc1=82.74193572998047, tta_acc1=91.50537872314453
2025-06-14 23:39:53,047 - log - INFO - iter:1860/8041, Original Acc@1: 82.74, Acc@5: 96.72, TTA Acc@1: 91.51, Acc@5: 99.46
2025-06-14 23:40:52,798 - log - INFO - iter:1880/8041, clip_acc1=82.6595687866211, tta_acc1=91.4893569946289
2025-06-14 23:40:52,798 - log - INFO - iter:1880/8041, Original Acc@1: 82.66, Acc@5: 96.70, TTA Acc@1: 91.49, Acc@5: 99.47
2025-06-14 23:41:52,043 - log - INFO - iter:1900/8041, clip_acc1=82.6842041015625, tta_acc1=91.52631378173828
2025-06-14 23:41:52,043 - log - INFO - iter:1900/8041, Original Acc@1: 82.68, Acc@5: 96.74, TTA Acc@1: 91.53, Acc@5: 99.47
2025-06-14 23:42:51,489 - log - INFO - iter:1920/8041, clip_acc1=82.60417175292969, tta_acc1=91.40625762939453
2025-06-14 23:42:51,489 - log - INFO - iter:1920/8041, Original Acc@1: 82.60, Acc@5: 96.72, TTA Acc@1: 91.41, Acc@5: 99.48
2025-06-14 23:43:52,739 - log - INFO - iter:1940/8041, clip_acc1=82.68041229248047, tta_acc1=91.44330596923828
2025-06-14 23:43:52,739 - log - INFO - iter:1940/8041, Original Acc@1: 82.68, Acc@5: 96.75, TTA Acc@1: 91.44, Acc@5: 99.48
2025-06-14 23:44:51,949 - log - INFO - iter:1960/8041, clip_acc1=82.80612182617188, tta_acc1=91.4795913696289
2025-06-14 23:44:51,949 - log - INFO - iter:1960/8041, Original Acc@1: 82.81, Acc@5: 96.79, TTA Acc@1: 91.48, Acc@5: 99.49
2025-06-14 23:45:51,841 - log - INFO - iter:1980/8041, clip_acc1=82.87879180908203, tta_acc1=91.51515197753906
2025-06-14 23:45:51,841 - log - INFO - iter:1980/8041, Original Acc@1: 82.88, Acc@5: 96.82, TTA Acc@1: 91.52, Acc@5: 99.49
2025-06-14 23:46:51,123 - log - INFO - iter:2000/8041, clip_acc1=83.00000762939453, tta_acc1=91.55000305175781
2025-06-14 23:46:51,123 - log - INFO - iter:2000/8041, Original Acc@1: 83.00, Acc@5: 96.85, TTA Acc@1: 91.55, Acc@5: 99.50
2025-06-14 23:47:50,697 - log - INFO - iter:2020/8041, clip_acc1=82.97029876708984, tta_acc1=91.58415985107422
2025-06-14 23:47:50,697 - log - INFO - iter:2020/8041, Original Acc@1: 82.97, Acc@5: 96.83, TTA Acc@1: 91.58, Acc@5: 99.50
2025-06-14 23:48:50,034 - log - INFO - iter:2040/8041, clip_acc1=82.9411849975586, tta_acc1=91.6176528930664
2025-06-14 23:48:50,034 - log - INFO - iter:2040/8041, Original Acc@1: 82.94, Acc@5: 96.86, TTA Acc@1: 91.62, Acc@5: 99.51
2025-06-14 23:49:49,468 - log - INFO - iter:2060/8041, clip_acc1=82.86408233642578, tta_acc1=91.5048599243164
2025-06-14 23:49:49,468 - log - INFO - iter:2060/8041, Original Acc@1: 82.86, Acc@5: 96.89, TTA Acc@1: 91.50, Acc@5: 99.51
2025-06-14 23:50:49,023 - log - INFO - iter:2080/8041, clip_acc1=82.83654022216797, tta_acc1=91.58654022216797
2025-06-14 23:50:49,023 - log - INFO - iter:2080/8041, Original Acc@1: 82.84, Acc@5: 96.88, TTA Acc@1: 91.59, Acc@5: 99.52
2025-06-14 23:51:48,327 - log - INFO - iter:2100/8041, clip_acc1=82.80952453613281, tta_acc1=91.61904907226562
2025-06-14 23:51:48,328 - log - INFO - iter:2100/8041, Original Acc@1: 82.81, Acc@5: 96.86, TTA Acc@1: 91.62, Acc@5: 99.48
2025-06-14 23:52:48,504 - log - INFO - iter:2120/8041, clip_acc1=82.78302001953125, tta_acc1=91.50943756103516
2025-06-14 23:52:48,504 - log - INFO - iter:2120/8041, Original Acc@1: 82.78, Acc@5: 96.89, TTA Acc@1: 91.51, Acc@5: 99.48
2025-06-14 23:53:48,457 - log - INFO - iter:2140/8041, clip_acc1=82.80374145507812, tta_acc1=91.58879089355469
2025-06-14 23:53:48,458 - log - INFO - iter:2140/8041, Original Acc@1: 82.80, Acc@5: 96.92, TTA Acc@1: 91.59, Acc@5: 99.49
2025-06-14 23:54:48,262 - log - INFO - iter:2160/8041, clip_acc1=82.87036895751953, tta_acc1=91.62036895751953
2025-06-14 23:54:48,262 - log - INFO - iter:2160/8041, Original Acc@1: 82.87, Acc@5: 96.94, TTA Acc@1: 91.62, Acc@5: 99.49
2025-06-14 23:55:47,590 - log - INFO - iter:2180/8041, clip_acc1=82.7522964477539, tta_acc1=91.51376342773438
2025-06-14 23:55:47,590 - log - INFO - iter:2180/8041, Original Acc@1: 82.75, Acc@5: 96.93, TTA Acc@1: 91.51, Acc@5: 99.50
2025-06-14 23:56:47,306 - log - INFO - iter:2200/8041, clip_acc1=82.68181610107422, tta_acc1=91.5
2025-06-14 23:56:47,306 - log - INFO - iter:2200/8041, Original Acc@1: 82.68, Acc@5: 96.91, TTA Acc@1: 91.50, Acc@5: 99.50
2025-06-14 23:57:46,929 - log - INFO - iter:2220/8041, clip_acc1=82.70270538330078, tta_acc1=91.53153228759766
2025-06-14 23:57:46,929 - log - INFO - iter:2220/8041, Original Acc@1: 82.70, Acc@5: 96.89, TTA Acc@1: 91.53, Acc@5: 99.50
2025-06-14 23:58:46,724 - log - INFO - iter:2240/8041, clip_acc1=82.67857360839844, tta_acc1=91.47321319580078
2025-06-14 23:58:46,724 - log - INFO - iter:2240/8041, Original Acc@1: 82.68, Acc@5: 96.92, TTA Acc@1: 91.47, Acc@5: 99.51
2025-06-14 23:59:46,499 - log - INFO - iter:2260/8041, clip_acc1=82.65486907958984, tta_acc1=91.46017456054688
2025-06-14 23:59:46,499 - log - INFO - iter:2260/8041, Original Acc@1: 82.65, Acc@5: 96.95, TTA Acc@1: 91.46, Acc@5: 99.51
2025-06-15 00:00:46,468 - log - INFO - iter:2280/8041, clip_acc1=82.80702209472656, tta_acc1=91.53508758544922
2025-06-15 00:00:46,468 - log - INFO - iter:2280/8041, Original Acc@1: 82.81, Acc@5: 96.97, TTA Acc@1: 91.54, Acc@5: 99.52
2025-06-15 00:01:45,670 - log - INFO - iter:2300/8041, clip_acc1=82.7391357421875, tta_acc1=91.52174377441406
2025-06-15 00:01:45,671 - log - INFO - iter:2300/8041, Original Acc@1: 82.74, Acc@5: 96.96, TTA Acc@1: 91.52, Acc@5: 99.52
2025-06-15 00:02:45,585 - log - INFO - iter:2320/8041, clip_acc1=82.8448257446289, tta_acc1=91.55172729492188
2025-06-15 00:02:45,585 - log - INFO - iter:2320/8041, Original Acc@1: 82.84, Acc@5: 96.94, TTA Acc@1: 91.55, Acc@5: 99.53
2025-06-15 00:03:44,677 - log - INFO - iter:2340/8041, clip_acc1=82.86325073242188, tta_acc1=91.62393188476562
2025-06-15 00:03:44,677 - log - INFO - iter:2340/8041, Original Acc@1: 82.86, Acc@5: 96.92, TTA Acc@1: 91.62, Acc@5: 99.53
2025-06-15 00:04:45,393 - log - INFO - iter:2360/8041, clip_acc1=82.9237289428711, tta_acc1=91.65254211425781
2025-06-15 00:04:45,393 - log - INFO - iter:2360/8041, Original Acc@1: 82.92, Acc@5: 96.95, TTA Acc@1: 91.65, Acc@5: 99.53
2025-06-15 00:05:44,820 - log - INFO - iter:2380/8041, clip_acc1=83.02520751953125, tta_acc1=91.68067169189453
2025-06-15 00:05:44,821 - log - INFO - iter:2380/8041, Original Acc@1: 83.03, Acc@5: 96.97, TTA Acc@1: 91.68, Acc@5: 99.54
2025-06-15 00:06:44,352 - log - INFO - iter:2400/8041, clip_acc1=83.125, tta_acc1=91.75
2025-06-15 00:06:44,353 - log - INFO - iter:2400/8041, Original Acc@1: 83.12, Acc@5: 97.00, TTA Acc@1: 91.75, Acc@5: 99.54
2025-06-15 00:07:45,409 - log - INFO - iter:2420/8041, clip_acc1=83.18181610107422, tta_acc1=91.73553466796875
2025-06-15 00:07:45,409 - log - INFO - iter:2420/8041, Original Acc@1: 83.18, Acc@5: 96.98, TTA Acc@1: 91.74, Acc@5: 99.50
2025-06-15 00:08:44,657 - log - INFO - iter:2440/8041, clip_acc1=83.1557388305664, tta_acc1=91.76229858398438
2025-06-15 00:08:44,658 - log - INFO - iter:2440/8041, Original Acc@1: 83.16, Acc@5: 96.93, TTA Acc@1: 91.76, Acc@5: 99.51
2025-06-15 00:09:44,467 - log - INFO - iter:2460/8041, clip_acc1=83.13008117675781, tta_acc1=91.82926940917969
2025-06-15 00:09:44,467 - log - INFO - iter:2460/8041, Original Acc@1: 83.13, Acc@5: 96.91, TTA Acc@1: 91.83, Acc@5: 99.51
2025-06-15 00:10:43,986 - log - INFO - iter:2480/8041, clip_acc1=83.18548583984375, tta_acc1=91.81451416015625
2025-06-15 00:10:43,986 - log - INFO - iter:2480/8041, Original Acc@1: 83.19, Acc@5: 96.90, TTA Acc@1: 91.81, Acc@5: 99.52
2025-06-15 00:11:43,214 - log - INFO - iter:2500/8041, clip_acc1=83.23999786376953, tta_acc1=91.75999450683594
2025-06-15 00:11:43,214 - log - INFO - iter:2500/8041, Original Acc@1: 83.24, Acc@5: 96.92, TTA Acc@1: 91.76, Acc@5: 99.52
2025-06-15 00:12:43,247 - log - INFO - iter:2520/8041, clip_acc1=83.29365539550781, tta_acc1=91.82540130615234
2025-06-15 00:12:43,247 - log - INFO - iter:2520/8041, Original Acc@1: 83.29, Acc@5: 96.90, TTA Acc@1: 91.83, Acc@5: 99.52
2025-06-15 00:13:43,009 - log - INFO - iter:2540/8041, clip_acc1=83.38582611083984, tta_acc1=91.88976287841797
2025-06-15 00:13:43,009 - log - INFO - iter:2540/8041, Original Acc@1: 83.39, Acc@5: 96.93, TTA Acc@1: 91.89, Acc@5: 99.53
2025-06-15 00:14:43,540 - log - INFO - iter:2560/8041, clip_acc1=83.3984375, tta_acc1=91.8359375
2025-06-15 00:14:43,540 - log - INFO - iter:2560/8041, Original Acc@1: 83.40, Acc@5: 96.95, TTA Acc@1: 91.84, Acc@5: 99.53
2025-06-15 00:15:44,216 - log - INFO - iter:2580/8041, clip_acc1=83.52713012695312, tta_acc1=91.89922332763672
2025-06-15 00:15:44,216 - log - INFO - iter:2580/8041, Original Acc@1: 83.53, Acc@5: 96.98, TTA Acc@1: 91.90, Acc@5: 99.53
2025-06-15 00:16:45,004 - log - INFO - iter:2600/8041, clip_acc1=83.53845977783203, tta_acc1=91.96154022216797
2025-06-15 00:16:45,004 - log - INFO - iter:2600/8041, Original Acc@1: 83.54, Acc@5: 96.92, TTA Acc@1: 91.96, Acc@5: 99.54
2025-06-15 00:17:44,060 - log - INFO - iter:2620/8041, clip_acc1=83.47328186035156, tta_acc1=91.98473358154297
2025-06-15 00:17:44,060 - log - INFO - iter:2620/8041, Original Acc@1: 83.47, Acc@5: 96.87, TTA Acc@1: 91.98, Acc@5: 99.54
2025-06-15 00:18:43,640 - log - INFO - iter:2640/8041, clip_acc1=83.5227279663086, tta_acc1=92.04544830322266
2025-06-15 00:18:43,640 - log - INFO - iter:2640/8041, Original Acc@1: 83.52, Acc@5: 96.89, TTA Acc@1: 92.05, Acc@5: 99.55
2025-06-15 00:19:43,367 - log - INFO - iter:2660/8041, clip_acc1=83.4962387084961, tta_acc1=91.99248504638672
2025-06-15 00:19:43,367 - log - INFO - iter:2660/8041, Original Acc@1: 83.50, Acc@5: 96.92, TTA Acc@1: 91.99, Acc@5: 99.55
2025-06-15 00:20:42,855 - log - INFO - iter:2680/8041, clip_acc1=83.47014617919922, tta_acc1=91.97761535644531
2025-06-15 00:20:42,855 - log - INFO - iter:2680/8041, Original Acc@1: 83.47, Acc@5: 96.94, TTA Acc@1: 91.98, Acc@5: 99.55
2025-06-15 00:21:43,530 - log - INFO - iter:2700/8041, clip_acc1=83.44444274902344, tta_acc1=91.96295928955078
2025-06-15 00:21:43,530 - log - INFO - iter:2700/8041, Original Acc@1: 83.44, Acc@5: 96.96, TTA Acc@1: 91.96, Acc@5: 99.56
2025-06-15 00:22:43,208 - log - INFO - iter:2720/8041, clip_acc1=83.45588684082031, tta_acc1=92.02206420898438
2025-06-15 00:22:43,208 - log - INFO - iter:2720/8041, Original Acc@1: 83.46, Acc@5: 96.99, TTA Acc@1: 92.02, Acc@5: 99.56
2025-06-15 00:23:43,009 - log - INFO - iter:2740/8041, clip_acc1=83.3211669921875, tta_acc1=92.04379272460938
2025-06-15 00:23:43,010 - log - INFO - iter:2740/8041, Original Acc@1: 83.32, Acc@5: 96.93, TTA Acc@1: 92.04, Acc@5: 99.56
2025-06-15 00:24:42,485 - log - INFO - iter:2760/8041, clip_acc1=83.40579986572266, tta_acc1=92.06522369384766
2025-06-15 00:24:42,485 - log - INFO - iter:2760/8041, Original Acc@1: 83.41, Acc@5: 96.96, TTA Acc@1: 92.07, Acc@5: 99.57
2025-06-15 00:25:42,554 - log - INFO - iter:2780/8041, clip_acc1=83.48920440673828, tta_acc1=92.12229919433594
2025-06-15 00:25:42,555 - log - INFO - iter:2780/8041, Original Acc@1: 83.49, Acc@5: 96.98, TTA Acc@1: 92.12, Acc@5: 99.57
2025-06-15 00:26:41,946 - log - INFO - iter:2800/8041, clip_acc1=83.46428680419922, tta_acc1=92.10713958740234
2025-06-15 00:26:41,946 - log - INFO - iter:2800/8041, Original Acc@1: 83.46, Acc@5: 96.96, TTA Acc@1: 92.11, Acc@5: 99.57
2025-06-15 00:27:41,045 - log - INFO - iter:2820/8041, clip_acc1=83.51063537597656, tta_acc1=92.09219360351562
2025-06-15 00:27:41,045 - log - INFO - iter:2820/8041, Original Acc@1: 83.51, Acc@5: 96.99, TTA Acc@1: 92.09, Acc@5: 99.57
2025-06-15 00:28:40,631 - log - INFO - iter:2840/8041, clip_acc1=83.55633544921875, tta_acc1=92.1126708984375
2025-06-15 00:28:40,632 - log - INFO - iter:2840/8041, Original Acc@1: 83.56, Acc@5: 97.01, TTA Acc@1: 92.11, Acc@5: 99.58
2025-06-15 00:29:40,956 - log - INFO - iter:2860/8041, clip_acc1=83.60140228271484, tta_acc1=92.09790802001953
2025-06-15 00:29:40,956 - log - INFO - iter:2860/8041, Original Acc@1: 83.60, Acc@5: 96.99, TTA Acc@1: 92.10, Acc@5: 99.58
2025-06-15 00:30:40,098 - log - INFO - iter:2880/8041, clip_acc1=83.50694274902344, tta_acc1=92.04861450195312
2025-06-15 00:30:40,098 - log - INFO - iter:2880/8041, Original Acc@1: 83.51, Acc@5: 96.98, TTA Acc@1: 92.05, Acc@5: 99.55
2025-06-15 00:31:39,508 - log - INFO - iter:2900/8041, clip_acc1=83.48275756835938, tta_acc1=91.96552276611328
2025-06-15 00:31:39,508 - log - INFO - iter:2900/8041, Original Acc@1: 83.48, Acc@5: 96.97, TTA Acc@1: 91.97, Acc@5: 99.52
2025-06-15 00:32:38,944 - log - INFO - iter:2920/8041, clip_acc1=83.49315643310547, tta_acc1=92.02055358886719
2025-06-15 00:32:38,945 - log - INFO - iter:2920/8041, Original Acc@1: 83.49, Acc@5: 96.99, TTA Acc@1: 92.02, Acc@5: 99.52
2025-06-15 00:33:39,516 - log - INFO - iter:2940/8041, clip_acc1=83.36734771728516, tta_acc1=92.04081726074219
2025-06-15 00:33:39,517 - log - INFO - iter:2940/8041, Original Acc@1: 83.37, Acc@5: 97.01, TTA Acc@1: 92.04, Acc@5: 99.52
2025-06-15 00:34:39,092 - log - INFO - iter:2960/8041, clip_acc1=83.27703094482422, tta_acc1=92.02703094482422
2025-06-15 00:34:39,093 - log - INFO - iter:2960/8041, Original Acc@1: 83.28, Acc@5: 96.96, TTA Acc@1: 92.03, Acc@5: 99.49
2025-06-15 00:35:39,583 - log - INFO - iter:2980/8041, clip_acc1=83.22148132324219, tta_acc1=92.013427734375
2025-06-15 00:35:39,584 - log - INFO - iter:2980/8041, Original Acc@1: 83.22, Acc@5: 96.98, TTA Acc@1: 92.01, Acc@5: 99.50
2025-06-15 00:36:39,578 - log - INFO - iter:3000/8041, clip_acc1=83.26666259765625, tta_acc1=92.0
2025-06-15 00:36:39,578 - log - INFO - iter:3000/8041, Original Acc@1: 83.27, Acc@5: 97.00, TTA Acc@1: 92.00, Acc@5: 99.50
2025-06-15 00:37:39,284 - log - INFO - iter:3020/8041, clip_acc1=83.34437561035156, tta_acc1=92.052978515625
2025-06-15 00:37:39,284 - log - INFO - iter:3020/8041, Original Acc@1: 83.34, Acc@5: 97.02, TTA Acc@1: 92.05, Acc@5: 99.50
2025-06-15 00:38:39,486 - log - INFO - iter:3040/8041, clip_acc1=83.32237243652344, tta_acc1=92.07237243652344
2025-06-15 00:38:39,486 - log - INFO - iter:3040/8041, Original Acc@1: 83.32, Acc@5: 97.01, TTA Acc@1: 92.07, Acc@5: 99.51
2025-06-15 00:39:39,102 - log - INFO - iter:3060/8041, clip_acc1=83.33333587646484, tta_acc1=92.09150695800781
2025-06-15 00:39:39,102 - log - INFO - iter:3060/8041, Original Acc@1: 83.33, Acc@5: 96.99, TTA Acc@1: 92.09, Acc@5: 99.51
2025-06-15 00:40:38,860 - log - INFO - iter:3080/8041, clip_acc1=83.14934539794922, tta_acc1=92.01298522949219
2025-06-15 00:40:38,860 - log - INFO - iter:3080/8041, Original Acc@1: 83.15, Acc@5: 96.95, TTA Acc@1: 92.01, Acc@5: 99.48
2025-06-15 00:41:38,579 - log - INFO - iter:3100/8041, clip_acc1=83.12903594970703, tta_acc1=92.0
2025-06-15 00:41:38,579 - log - INFO - iter:3100/8041, Original Acc@1: 83.13, Acc@5: 96.97, TTA Acc@1: 92.00, Acc@5: 99.48
2025-06-15 00:42:39,439 - log - INFO - iter:3120/8041, clip_acc1=83.14102935791016, tta_acc1=92.05128479003906
2025-06-15 00:42:39,440 - log - INFO - iter:3120/8041, Original Acc@1: 83.14, Acc@5: 96.99, TTA Acc@1: 92.05, Acc@5: 99.49
2025-06-15 00:43:38,447 - log - INFO - iter:3140/8041, clip_acc1=83.12101745605469, tta_acc1=92.03821563720703
2025-06-15 00:43:38,447 - log - INFO - iter:3140/8041, Original Acc@1: 83.12, Acc@5: 96.94, TTA Acc@1: 92.04, Acc@5: 99.49
2025-06-15 00:44:38,125 - log - INFO - iter:3160/8041, clip_acc1=83.06961822509766, tta_acc1=91.9936752319336
2025-06-15 00:44:38,125 - log - INFO - iter:3160/8041, Original Acc@1: 83.07, Acc@5: 96.93, TTA Acc@1: 91.99, Acc@5: 99.46
2025-06-15 00:45:37,997 - log - INFO - iter:3180/8041, clip_acc1=83.08175659179688, tta_acc1=92.01258087158203
2025-06-15 00:45:37,998 - log - INFO - iter:3180/8041, Original Acc@1: 83.08, Acc@5: 96.92, TTA Acc@1: 92.01, Acc@5: 99.43
2025-06-15 00:46:37,332 - log - INFO - iter:3200/8041, clip_acc1=83.125, tta_acc1=92.03125
2025-06-15 00:46:37,332 - log - INFO - iter:3200/8041, Original Acc@1: 83.12, Acc@5: 96.94, TTA Acc@1: 92.03, Acc@5: 99.44
2025-06-15 00:47:41,368 - log - INFO - iter:3220/8041, clip_acc1=83.13664245605469, tta_acc1=92.04969024658203
2025-06-15 00:47:41,368 - log - INFO - iter:3220/8041, Original Acc@1: 83.14, Acc@5: 96.96, TTA Acc@1: 92.05, Acc@5: 99.44
2025-06-15 00:48:40,974 - log - INFO - iter:3240/8041, clip_acc1=83.08642578125, tta_acc1=92.09877014160156
2025-06-15 00:48:40,974 - log - INFO - iter:3240/8041, Original Acc@1: 83.09, Acc@5: 96.94, TTA Acc@1: 92.10, Acc@5: 99.44
2025-06-15 00:49:41,178 - log - INFO - iter:3260/8041, clip_acc1=83.00613403320312, tta_acc1=92.11656188964844
2025-06-15 00:49:41,178 - log - INFO - iter:3260/8041, Original Acc@1: 83.01, Acc@5: 96.90, TTA Acc@1: 92.12, Acc@5: 99.45
2025-06-15 00:50:43,309 - log - INFO - iter:3280/8041, clip_acc1=82.95731353759766, tta_acc1=92.16463470458984
2025-06-15 00:50:43,309 - log - INFO - iter:3280/8041, Original Acc@1: 82.96, Acc@5: 96.80, TTA Acc@1: 92.16, Acc@5: 99.45
2025-06-15 00:51:44,430 - log - INFO - iter:3300/8041, clip_acc1=83.0, tta_acc1=92.18181610107422
2025-06-15 00:51:44,430 - log - INFO - iter:3300/8041, Original Acc@1: 83.00, Acc@5: 96.79, TTA Acc@1: 92.18, Acc@5: 99.45
2025-06-15 00:52:43,928 - log - INFO - iter:3320/8041, clip_acc1=82.92169189453125, tta_acc1=92.10843658447266
2025-06-15 00:52:43,928 - log - INFO - iter:3320/8041, Original Acc@1: 82.92, Acc@5: 96.81, TTA Acc@1: 92.11, Acc@5: 99.46
2025-06-15 00:53:43,471 - log - INFO - iter:3340/8041, clip_acc1=82.90419006347656, tta_acc1=92.09580993652344
2025-06-15 00:53:43,471 - log - INFO - iter:3340/8041, Original Acc@1: 82.90, Acc@5: 96.83, TTA Acc@1: 92.10, Acc@5: 99.46
2025-06-15 00:54:42,964 - log - INFO - iter:3360/8041, clip_acc1=82.82738494873047, tta_acc1=92.08333587646484
2025-06-15 00:54:42,964 - log - INFO - iter:3360/8041, Original Acc@1: 82.83, Acc@5: 96.82, TTA Acc@1: 92.08, Acc@5: 99.46
2025-06-15 00:55:42,616 - log - INFO - iter:3380/8041, clip_acc1=82.81065368652344, tta_acc1=92.01183319091797
2025-06-15 00:55:42,616 - log - INFO - iter:3380/8041, Original Acc@1: 82.81, Acc@5: 96.83, TTA Acc@1: 92.01, Acc@5: 99.47
2025-06-15 00:56:41,696 - log - INFO - iter:3400/8041, clip_acc1=82.76470184326172, tta_acc1=92.0
2025-06-15 00:56:41,697 - log - INFO - iter:3400/8041, Original Acc@1: 82.76, Acc@5: 96.85, TTA Acc@1: 92.00, Acc@5: 99.47
2025-06-15 00:57:41,249 - log - INFO - iter:3420/8041, clip_acc1=82.69005584716797, tta_acc1=91.95906066894531
2025-06-15 00:57:41,249 - log - INFO - iter:3420/8041, Original Acc@1: 82.69, Acc@5: 96.84, TTA Acc@1: 91.96, Acc@5: 99.47
2025-06-15 00:58:41,220 - log - INFO - iter:3440/8041, clip_acc1=82.7034912109375, tta_acc1=91.97674560546875
2025-06-15 00:58:41,220 - log - INFO - iter:3440/8041, Original Acc@1: 82.70, Acc@5: 96.83, TTA Acc@1: 91.98, Acc@5: 99.48
2025-06-15 00:59:41,152 - log - INFO - iter:3460/8041, clip_acc1=82.68785858154297, tta_acc1=91.99421691894531
2025-06-15 00:59:41,152 - log - INFO - iter:3460/8041, Original Acc@1: 82.69, Acc@5: 96.82, TTA Acc@1: 91.99, Acc@5: 99.48
2025-06-15 01:00:40,373 - log - INFO - iter:3480/8041, clip_acc1=82.7298812866211, tta_acc1=92.0114974975586
2025-06-15 01:00:40,373 - log - INFO - iter:3480/8041, Original Acc@1: 82.73, Acc@5: 96.84, TTA Acc@1: 92.01, Acc@5: 99.48
2025-06-15 01:01:39,673 - log - INFO - iter:3500/8041, clip_acc1=82.65714263916016, tta_acc1=92.02857208251953
2025-06-15 01:01:39,674 - log - INFO - iter:3500/8041, Original Acc@1: 82.66, Acc@5: 96.77, TTA Acc@1: 92.03, Acc@5: 99.49
2025-06-15 01:02:39,303 - log - INFO - iter:3520/8041, clip_acc1=82.64204406738281, tta_acc1=92.01704406738281
2025-06-15 01:02:39,304 - log - INFO - iter:3520/8041, Original Acc@1: 82.64, Acc@5: 96.76, TTA Acc@1: 92.02, Acc@5: 99.49
2025-06-15 01:03:39,550 - log - INFO - iter:3540/8041, clip_acc1=82.6836166381836, tta_acc1=92.00565338134766
2025-06-15 01:03:39,550 - log - INFO - iter:3540/8041, Original Acc@1: 82.68, Acc@5: 96.78, TTA Acc@1: 92.01, Acc@5: 99.49
2025-06-15 01:04:39,671 - log - INFO - iter:3560/8041, clip_acc1=82.72471618652344, tta_acc1=92.02247619628906
2025-06-15 01:04:39,671 - log - INFO - iter:3560/8041, Original Acc@1: 82.72, Acc@5: 96.77, TTA Acc@1: 92.02, Acc@5: 99.49
2025-06-15 01:05:38,948 - log - INFO - iter:3580/8041, clip_acc1=82.68156433105469, tta_acc1=92.01116943359375
2025-06-15 01:05:38,948 - log - INFO - iter:3580/8041, Original Acc@1: 82.68, Acc@5: 96.73, TTA Acc@1: 92.01, Acc@5: 99.50
2025-06-15 01:06:38,405 - log - INFO - iter:3600/8041, clip_acc1=82.61111450195312, tta_acc1=91.97222137451172
2025-06-15 01:06:38,406 - log - INFO - iter:3600/8041, Original Acc@1: 82.61, Acc@5: 96.72, TTA Acc@1: 91.97, Acc@5: 99.50
2025-06-15 01:07:37,773 - log - INFO - iter:3620/8041, clip_acc1=82.67955780029297, tta_acc1=91.98894500732422
2025-06-15 01:07:37,774 - log - INFO - iter:3620/8041, Original Acc@1: 82.68, Acc@5: 96.74, TTA Acc@1: 91.99, Acc@5: 99.50
2025-06-15 01:08:37,515 - log - INFO - iter:3640/8041, clip_acc1=82.69231414794922, tta_acc1=91.97802734375
2025-06-15 01:08:37,516 - log - INFO - iter:3640/8041, Original Acc@1: 82.69, Acc@5: 96.73, TTA Acc@1: 91.98, Acc@5: 99.51
2025-06-15 01:09:36,934 - log - INFO - iter:3660/8041, clip_acc1=82.70491790771484, tta_acc1=91.96721649169922
2025-06-15 01:09:36,934 - log - INFO - iter:3660/8041, Original Acc@1: 82.70, Acc@5: 96.75, TTA Acc@1: 91.97, Acc@5: 99.51
2025-06-15 01:10:37,008 - log - INFO - iter:3680/8041, clip_acc1=82.66304016113281, tta_acc1=91.9293441772461
2025-06-15 01:10:37,008 - log - INFO - iter:3680/8041, Original Acc@1: 82.66, Acc@5: 96.74, TTA Acc@1: 91.93, Acc@5: 99.51
2025-06-15 01:11:36,261 - log - INFO - iter:3700/8041, clip_acc1=82.62162017822266, tta_acc1=91.8648681640625
2025-06-15 01:11:36,261 - log - INFO - iter:3700/8041, Original Acc@1: 82.62, Acc@5: 96.76, TTA Acc@1: 91.86, Acc@5: 99.51
2025-06-15 01:12:35,933 - log - INFO - iter:3720/8041, clip_acc1=82.68817138671875, tta_acc1=91.90860748291016
2025-06-15 01:12:35,934 - log - INFO - iter:3720/8041, Original Acc@1: 82.69, Acc@5: 96.77, TTA Acc@1: 91.91, Acc@5: 99.52
2025-06-15 01:13:35,668 - log - INFO - iter:3740/8041, clip_acc1=82.7272720336914, tta_acc1=91.92513275146484
2025-06-15 01:13:35,668 - log - INFO - iter:3740/8041, Original Acc@1: 82.73, Acc@5: 96.76, TTA Acc@1: 91.93, Acc@5: 99.52
2025-06-15 01:14:35,265 - log - INFO - iter:3760/8041, clip_acc1=82.71276092529297, tta_acc1=91.9148941040039
2025-06-15 01:14:35,265 - log - INFO - iter:3760/8041, Original Acc@1: 82.71, Acc@5: 96.78, TTA Acc@1: 91.91, Acc@5: 99.52
2025-06-15 01:15:35,723 - log - INFO - iter:3780/8041, clip_acc1=82.72486877441406, tta_acc1=91.95767211914062
2025-06-15 01:15:35,723 - log - INFO - iter:3780/8041, Original Acc@1: 82.72, Acc@5: 96.77, TTA Acc@1: 91.96, Acc@5: 99.52
2025-06-15 01:16:35,211 - log - INFO - iter:3800/8041, clip_acc1=82.7368392944336, tta_acc1=91.97367858886719
2025-06-15 01:16:35,211 - log - INFO - iter:3800/8041, Original Acc@1: 82.74, Acc@5: 96.79, TTA Acc@1: 91.97, Acc@5: 99.53
2025-06-15 01:17:34,685 - log - INFO - iter:3820/8041, clip_acc1=82.67015838623047, tta_acc1=91.98953247070312
2025-06-15 01:17:34,685 - log - INFO - iter:3820/8041, Original Acc@1: 82.67, Acc@5: 96.78, TTA Acc@1: 91.99, Acc@5: 99.53
2025-06-15 01:18:33,824 - log - INFO - iter:3840/8041, clip_acc1=82.63021087646484, tta_acc1=91.95313262939453
2025-06-15 01:18:33,824 - log - INFO - iter:3840/8041, Original Acc@1: 82.63, Acc@5: 96.80, TTA Acc@1: 91.95, Acc@5: 99.53
2025-06-15 01:19:32,841 - log - INFO - iter:3860/8041, clip_acc1=82.66839599609375, tta_acc1=91.99481964111328
2025-06-15 01:19:32,841 - log - INFO - iter:3860/8041, Original Acc@1: 82.67, Acc@5: 96.81, TTA Acc@1: 91.99, Acc@5: 99.53
2025-06-15 01:20:32,332 - log - INFO - iter:3880/8041, clip_acc1=82.68041229248047, tta_acc1=91.9587631225586
2025-06-15 01:20:32,333 - log - INFO - iter:3880/8041, Original Acc@1: 82.68, Acc@5: 96.83, TTA Acc@1: 91.96, Acc@5: 99.54
2025-06-15 01:21:31,719 - log - INFO - iter:3900/8041, clip_acc1=82.64102172851562, tta_acc1=91.97435760498047
2025-06-15 01:21:31,719 - log - INFO - iter:3900/8041, Original Acc@1: 82.64, Acc@5: 96.82, TTA Acc@1: 91.97, Acc@5: 99.54
2025-06-15 01:22:30,997 - log - INFO - iter:3920/8041, clip_acc1=82.6785659790039, tta_acc1=91.93877410888672
2025-06-15 01:22:30,997 - log - INFO - iter:3920/8041, Original Acc@1: 82.68, Acc@5: 96.81, TTA Acc@1: 91.94, Acc@5: 99.54
2025-06-15 01:23:31,515 - log - INFO - iter:3940/8041, clip_acc1=82.63959503173828, tta_acc1=91.92893981933594
2025-06-15 01:23:31,515 - log - INFO - iter:3940/8041, Original Acc@1: 82.64, Acc@5: 96.78, TTA Acc@1: 91.93, Acc@5: 99.54
2025-06-15 01:24:30,802 - log - INFO - iter:3960/8041, clip_acc1=82.65151977539062, tta_acc1=91.9697036743164
2025-06-15 01:24:30,802 - log - INFO - iter:3960/8041, Original Acc@1: 82.65, Acc@5: 96.77, TTA Acc@1: 91.97, Acc@5: 99.55
2025-06-15 01:25:30,926 - log - INFO - iter:3980/8041, clip_acc1=82.56281280517578, tta_acc1=91.95980072021484
2025-06-15 01:25:30,926 - log - INFO - iter:3980/8041, Original Acc@1: 82.56, Acc@5: 96.78, TTA Acc@1: 91.96, Acc@5: 99.55
2025-06-15 01:26:30,541 - log - INFO - iter:4000/8041, clip_acc1=82.55000305175781, tta_acc1=91.95000457763672
2025-06-15 01:26:30,541 - log - INFO - iter:4000/8041, Original Acc@1: 82.55, Acc@5: 96.78, TTA Acc@1: 91.95, Acc@5: 99.55
2025-06-15 01:27:29,887 - log - INFO - iter:4020/8041, clip_acc1=82.51244354248047, tta_acc1=91.9154281616211
2025-06-15 01:27:29,887 - log - INFO - iter:4020/8041, Original Acc@1: 82.51, Acc@5: 96.79, TTA Acc@1: 91.92, Acc@5: 99.55
2025-06-15 01:28:29,113 - log - INFO - iter:4040/8041, clip_acc1=82.5247573852539, tta_acc1=91.88118743896484
2025-06-15 01:28:29,113 - log - INFO - iter:4040/8041, Original Acc@1: 82.52, Acc@5: 96.78, TTA Acc@1: 91.88, Acc@5: 99.55
2025-06-15 01:29:28,675 - log - INFO - iter:4060/8041, clip_acc1=82.51232147216797, tta_acc1=91.8472900390625
2025-06-15 01:29:28,675 - log - INFO - iter:4060/8041, Original Acc@1: 82.51, Acc@5: 96.80, TTA Acc@1: 91.85, Acc@5: 99.56
2025-06-15 01:30:28,480 - log - INFO - iter:4080/8041, clip_acc1=82.5245132446289, tta_acc1=91.88726043701172
2025-06-15 01:30:28,480 - log - INFO - iter:4080/8041, Original Acc@1: 82.52, Acc@5: 96.81, TTA Acc@1: 91.89, Acc@5: 99.56
2025-06-15 01:31:28,208 - log - INFO - iter:4100/8041, clip_acc1=82.53658294677734, tta_acc1=91.90243530273438
2025-06-15 01:31:28,208 - log - INFO - iter:4100/8041, Original Acc@1: 82.54, Acc@5: 96.78, TTA Acc@1: 91.90, Acc@5: 99.56
2025-06-15 01:32:27,695 - log - INFO - iter:4120/8041, clip_acc1=82.54854583740234, tta_acc1=91.89320373535156
2025-06-15 01:32:27,695 - log - INFO - iter:4120/8041, Original Acc@1: 82.55, Acc@5: 96.77, TTA Acc@1: 91.89, Acc@5: 99.56
2025-06-15 01:33:27,426 - log - INFO - iter:4140/8041, clip_acc1=82.43961334228516, tta_acc1=91.83574676513672
2025-06-15 01:33:27,426 - log - INFO - iter:4140/8041, Original Acc@1: 82.44, Acc@5: 96.76, TTA Acc@1: 91.84, Acc@5: 99.57
2025-06-15 01:34:26,764 - log - INFO - iter:4160/8041, clip_acc1=82.37980651855469, tta_acc1=91.82691955566406
2025-06-15 01:34:26,764 - log - INFO - iter:4160/8041, Original Acc@1: 82.38, Acc@5: 96.78, TTA Acc@1: 91.83, Acc@5: 99.57
2025-06-15 01:35:26,985 - log - INFO - iter:4180/8041, clip_acc1=82.39234161376953, tta_acc1=91.86602783203125
2025-06-15 01:35:26,985 - log - INFO - iter:4180/8041, Original Acc@1: 82.39, Acc@5: 96.77, TTA Acc@1: 91.87, Acc@5: 99.57
2025-06-15 01:36:28,269 - log - INFO - iter:4200/8041, clip_acc1=82.42857360839844, tta_acc1=91.88095092773438
2025-06-15 01:36:28,269 - log - INFO - iter:4200/8041, Original Acc@1: 82.43, Acc@5: 96.79, TTA Acc@1: 91.88, Acc@5: 99.57
2025-06-15 01:37:27,464 - log - INFO - iter:4220/8041, clip_acc1=82.41706085205078, tta_acc1=91.87203979492188
2025-06-15 01:37:27,464 - log - INFO - iter:4220/8041, Original Acc@1: 82.42, Acc@5: 96.78, TTA Acc@1: 91.87, Acc@5: 99.57
2025-06-15 01:38:28,788 - log - INFO - iter:4240/8041, clip_acc1=82.4056625366211, tta_acc1=91.88679504394531
2025-06-15 01:38:28,788 - log - INFO - iter:4240/8041, Original Acc@1: 82.41, Acc@5: 96.77, TTA Acc@1: 91.89, Acc@5: 99.58
2025-06-15 01:39:28,341 - log - INFO - iter:4260/8041, clip_acc1=82.44131469726562, tta_acc1=91.90141296386719
2025-06-15 01:39:28,341 - log - INFO - iter:4260/8041, Original Acc@1: 82.44, Acc@5: 96.78, TTA Acc@1: 91.90, Acc@5: 99.58
2025-06-15 01:40:28,021 - log - INFO - iter:4280/8041, clip_acc1=82.47663879394531, tta_acc1=91.9158935546875
2025-06-15 01:40:28,021 - log - INFO - iter:4280/8041, Original Acc@1: 82.48, Acc@5: 96.78, TTA Acc@1: 91.92, Acc@5: 99.58
2025-06-15 01:41:27,494 - log - INFO - iter:4300/8041, clip_acc1=82.44186401367188, tta_acc1=91.88372039794922
2025-06-15 01:41:27,494 - log - INFO - iter:4300/8041, Original Acc@1: 82.44, Acc@5: 96.74, TTA Acc@1: 91.88, Acc@5: 99.58
2025-06-15 01:42:27,200 - log - INFO - iter:4320/8041, clip_acc1=82.33795928955078, tta_acc1=91.82870483398438
2025-06-15 01:42:27,200 - log - INFO - iter:4320/8041, Original Acc@1: 82.34, Acc@5: 96.71, TTA Acc@1: 91.83, Acc@5: 99.58
2025-06-15 01:43:26,377 - log - INFO - iter:4340/8041, clip_acc1=82.35023498535156, tta_acc1=91.86636352539062
2025-06-15 01:43:26,377 - log - INFO - iter:4340/8041, Original Acc@1: 82.35, Acc@5: 96.68, TTA Acc@1: 91.87, Acc@5: 99.59
2025-06-15 01:44:25,744 - log - INFO - iter:4360/8041, clip_acc1=82.40825653076172, tta_acc1=91.90367126464844
2025-06-15 01:44:25,744 - log - INFO - iter:4360/8041, Original Acc@1: 82.41, Acc@5: 96.70, TTA Acc@1: 91.90, Acc@5: 99.59
2025-06-15 01:45:24,859 - log - INFO - iter:4380/8041, clip_acc1=82.44292449951172, tta_acc1=91.94063568115234
2025-06-15 01:45:24,859 - log - INFO - iter:4380/8041, Original Acc@1: 82.44, Acc@5: 96.71, TTA Acc@1: 91.94, Acc@5: 99.59
2025-06-15 01:46:23,958 - log - INFO - iter:4400/8041, clip_acc1=82.38636779785156, tta_acc1=91.93181610107422
2025-06-15 01:46:23,959 - log - INFO - iter:4400/8041, Original Acc@1: 82.39, Acc@5: 96.68, TTA Acc@1: 91.93, Acc@5: 99.59
2025-06-15 01:47:23,317 - log - INFO - iter:4420/8041, clip_acc1=82.37556457519531, tta_acc1=91.9457015991211
2025-06-15 01:47:23,317 - log - INFO - iter:4420/8041, Original Acc@1: 82.38, Acc@5: 96.70, TTA Acc@1: 91.95, Acc@5: 99.59
2025-06-15 01:48:22,464 - log - INFO - iter:4440/8041, clip_acc1=82.409912109375, tta_acc1=91.95946502685547
2025-06-15 01:48:22,464 - log - INFO - iter:4440/8041, Original Acc@1: 82.41, Acc@5: 96.71, TTA Acc@1: 91.96, Acc@5: 99.59
2025-06-15 01:49:21,970 - log - INFO - iter:4460/8041, clip_acc1=82.4439468383789, tta_acc1=91.97309112548828
2025-06-15 01:49:21,970 - log - INFO - iter:4460/8041, Original Acc@1: 82.44, Acc@5: 96.70, TTA Acc@1: 91.97, Acc@5: 99.60
2025-06-15 01:50:21,425 - log - INFO - iter:4480/8041, clip_acc1=82.47767639160156, tta_acc1=91.98661041259766
2025-06-15 01:50:21,425 - log - INFO - iter:4480/8041, Original Acc@1: 82.48, Acc@5: 96.72, TTA Acc@1: 91.99, Acc@5: 99.60
2025-06-15 01:51:20,739 - log - INFO - iter:4500/8041, clip_acc1=82.46666717529297, tta_acc1=91.97777557373047
2025-06-15 01:51:20,739 - log - INFO - iter:4500/8041, Original Acc@1: 82.47, Acc@5: 96.71, TTA Acc@1: 91.98, Acc@5: 99.60
2025-06-15 01:52:19,920 - log - INFO - iter:4520/8041, clip_acc1=82.43362426757812, tta_acc1=91.9468994140625
2025-06-15 01:52:19,921 - log - INFO - iter:4520/8041, Original Acc@1: 82.43, Acc@5: 96.68, TTA Acc@1: 91.95, Acc@5: 99.60
2025-06-15 01:53:19,761 - log - INFO - iter:4540/8041, clip_acc1=82.44493865966797, tta_acc1=91.9383316040039
2025-06-15 01:53:19,761 - log - INFO - iter:4540/8041, Original Acc@1: 82.44, Acc@5: 96.67, TTA Acc@1: 91.94, Acc@5: 99.60
2025-06-15 01:54:18,768 - log - INFO - iter:4560/8041, clip_acc1=82.47807312011719, tta_acc1=91.90789794921875
2025-06-15 01:54:18,768 - log - INFO - iter:4560/8041, Original Acc@1: 82.48, Acc@5: 96.67, TTA Acc@1: 91.91, Acc@5: 99.61
2025-06-15 01:55:18,034 - log - INFO - iter:4580/8041, clip_acc1=82.51091766357422, tta_acc1=91.87773132324219
2025-06-15 01:55:18,034 - log - INFO - iter:4580/8041, Original Acc@1: 82.51, Acc@5: 96.66, TTA Acc@1: 91.88, Acc@5: 99.59
2025-06-15 01:56:17,851 - log - INFO - iter:4600/8041, clip_acc1=82.5434799194336, tta_acc1=91.89130401611328
2025-06-15 01:56:17,851 - log - INFO - iter:4600/8041, Original Acc@1: 82.54, Acc@5: 96.65, TTA Acc@1: 91.89, Acc@5: 99.59
2025-06-15 01:57:17,546 - log - INFO - iter:4620/8041, clip_acc1=82.51082611083984, tta_acc1=91.83982849121094
2025-06-15 01:57:17,546 - log - INFO - iter:4620/8041, Original Acc@1: 82.51, Acc@5: 96.65, TTA Acc@1: 91.84, Acc@5: 99.59
2025-06-15 01:58:17,181 - log - INFO - iter:4640/8041, clip_acc1=82.52155303955078, tta_acc1=91.81034088134766
2025-06-15 01:58:17,181 - log - INFO - iter:4640/8041, Original Acc@1: 82.52, Acc@5: 96.66, TTA Acc@1: 91.81, Acc@5: 99.59
2025-06-15 01:59:17,328 - log - INFO - iter:4660/8041, clip_acc1=82.48927307128906, tta_acc1=91.84549713134766
2025-06-15 01:59:17,328 - log - INFO - iter:4660/8041, Original Acc@1: 82.49, Acc@5: 96.67, TTA Acc@1: 91.85, Acc@5: 99.59
2025-06-15 02:00:18,097 - log - INFO - iter:4680/8041, clip_acc1=82.47863006591797, tta_acc1=91.81623840332031
2025-06-15 02:00:18,098 - log - INFO - iter:4680/8041, Original Acc@1: 82.48, Acc@5: 96.69, TTA Acc@1: 91.82, Acc@5: 99.59
2025-06-15 02:01:17,732 - log - INFO - iter:4700/8041, clip_acc1=82.4893569946289, tta_acc1=91.82978820800781
2025-06-15 02:01:17,732 - log - INFO - iter:4700/8041, Original Acc@1: 82.49, Acc@5: 96.70, TTA Acc@1: 91.83, Acc@5: 99.60
2025-06-15 02:02:16,999 - log - INFO - iter:4720/8041, clip_acc1=82.47881317138672, tta_acc1=91.84321594238281
2025-06-15 02:02:16,999 - log - INFO - iter:4720/8041, Original Acc@1: 82.48, Acc@5: 96.69, TTA Acc@1: 91.84, Acc@5: 99.60
2025-06-15 02:03:16,451 - log - INFO - iter:4740/8041, clip_acc1=82.46835327148438, tta_acc1=91.83544158935547
2025-06-15 02:03:16,451 - log - INFO - iter:4740/8041, Original Acc@1: 82.47, Acc@5: 96.71, TTA Acc@1: 91.84, Acc@5: 99.60
2025-06-15 02:04:15,935 - log - INFO - iter:4760/8041, clip_acc1=82.5, tta_acc1=91.84873962402344
2025-06-15 02:04:15,935 - log - INFO - iter:4760/8041, Original Acc@1: 82.50, Acc@5: 96.72, TTA Acc@1: 91.85, Acc@5: 99.60
2025-06-15 02:05:18,036 - log - INFO - iter:4780/8041, clip_acc1=82.48954010009766, tta_acc1=91.86193084716797
2025-06-15 02:05:18,036 - log - INFO - iter:4780/8041, Original Acc@1: 82.49, Acc@5: 96.69, TTA Acc@1: 91.86, Acc@5: 99.60
2025-06-15 02:06:18,821 - log - INFO - iter:4800/8041, clip_acc1=82.47917175292969, tta_acc1=91.875
2025-06-15 02:06:18,821 - log - INFO - iter:4800/8041, Original Acc@1: 82.48, Acc@5: 96.71, TTA Acc@1: 91.88, Acc@5: 99.60
2025-06-15 02:07:18,634 - log - INFO - iter:4820/8041, clip_acc1=82.42738342285156, tta_acc1=91.86721801757812
2025-06-15 02:07:18,634 - log - INFO - iter:4820/8041, Original Acc@1: 82.43, Acc@5: 96.70, TTA Acc@1: 91.87, Acc@5: 99.59
2025-06-15 02:08:18,279 - log - INFO - iter:4840/8041, clip_acc1=82.37602996826172, tta_acc1=91.88016510009766
2025-06-15 02:08:18,280 - log - INFO - iter:4840/8041, Original Acc@1: 82.38, Acc@5: 96.67, TTA Acc@1: 91.88, Acc@5: 99.59
2025-06-15 02:09:17,485 - log - INFO - iter:4860/8041, clip_acc1=82.36625671386719, tta_acc1=91.87242889404297
2025-06-15 02:09:17,485 - log - INFO - iter:4860/8041, Original Acc@1: 82.37, Acc@5: 96.69, TTA Acc@1: 91.87, Acc@5: 99.59
2025-06-15 02:10:17,396 - log - INFO - iter:4880/8041, clip_acc1=82.3770523071289, tta_acc1=91.8442611694336
2025-06-15 02:10:17,397 - log - INFO - iter:4880/8041, Original Acc@1: 82.38, Acc@5: 96.70, TTA Acc@1: 91.84, Acc@5: 99.59
2025-06-15 02:11:17,239 - log - INFO - iter:4900/8041, clip_acc1=82.36734771728516, tta_acc1=91.83673095703125
2025-06-15 02:11:17,239 - log - INFO - iter:4900/8041, Original Acc@1: 82.37, Acc@5: 96.69, TTA Acc@1: 91.84, Acc@5: 99.59
2025-06-15 02:12:17,572 - log - INFO - iter:4920/8041, clip_acc1=82.39836883544922, tta_acc1=91.82926940917969
2025-06-15 02:12:17,572 - log - INFO - iter:4920/8041, Original Acc@1: 82.40, Acc@5: 96.71, TTA Acc@1: 91.83, Acc@5: 99.59
2025-06-15 02:13:16,874 - log - INFO - iter:4940/8041, clip_acc1=82.40890502929688, tta_acc1=91.82186126708984
2025-06-15 02:13:16,874 - log - INFO - iter:4940/8041, Original Acc@1: 82.41, Acc@5: 96.70, TTA Acc@1: 91.82, Acc@5: 99.60
2025-06-15 02:14:16,812 - log - INFO - iter:4960/8041, clip_acc1=82.3790283203125, tta_acc1=91.7741928100586
2025-06-15 02:14:16,812 - log - INFO - iter:4960/8041, Original Acc@1: 82.38, Acc@5: 96.71, TTA Acc@1: 91.77, Acc@5: 99.60
2025-06-15 02:15:16,480 - log - INFO - iter:4980/8041, clip_acc1=82.40963745117188, tta_acc1=91.7670669555664
2025-06-15 02:15:16,480 - log - INFO - iter:4980/8041, Original Acc@1: 82.41, Acc@5: 96.73, TTA Acc@1: 91.77, Acc@5: 99.60
2025-06-15 02:16:16,130 - log - INFO - iter:5000/8041, clip_acc1=82.45999908447266, tta_acc1=91.79999542236328
2025-06-15 02:16:16,130 - log - INFO - iter:5000/8041, Original Acc@1: 82.46, Acc@5: 96.72, TTA Acc@1: 91.80, Acc@5: 99.60
2025-06-15 02:17:16,364 - log - INFO - iter:5020/8041, clip_acc1=82.49004364013672, tta_acc1=91.83267211914062
2025-06-15 02:17:16,364 - log - INFO - iter:5020/8041, Original Acc@1: 82.49, Acc@5: 96.73, TTA Acc@1: 91.83, Acc@5: 99.60
2025-06-15 02:18:16,516 - log - INFO - iter:5040/8041, clip_acc1=82.48016357421875, tta_acc1=91.80555725097656
2025-06-15 02:18:16,516 - log - INFO - iter:5040/8041, Original Acc@1: 82.48, Acc@5: 96.75, TTA Acc@1: 91.81, Acc@5: 99.60
2025-06-15 02:19:15,645 - log - INFO - iter:5060/8041, clip_acc1=82.54940795898438, tta_acc1=91.83794403076172
2025-06-15 02:19:15,645 - log - INFO - iter:5060/8041, Original Acc@1: 82.55, Acc@5: 96.76, TTA Acc@1: 91.84, Acc@5: 99.60
2025-06-15 02:20:15,260 - log - INFO - iter:5080/8041, clip_acc1=82.51968383789062, tta_acc1=91.81101989746094
2025-06-15 02:20:15,261 - log - INFO - iter:5080/8041, Original Acc@1: 82.52, Acc@5: 96.75, TTA Acc@1: 91.81, Acc@5: 99.61
2025-06-15 02:21:15,167 - log - INFO - iter:5100/8041, clip_acc1=82.54901885986328, tta_acc1=91.82352447509766
2025-06-15 02:21:15,167 - log - INFO - iter:5100/8041, Original Acc@1: 82.55, Acc@5: 96.75, TTA Acc@1: 91.82, Acc@5: 99.61
2025-06-15 02:22:15,425 - log - INFO - iter:5120/8041, clip_acc1=82.59765625, tta_acc1=91.85546875
2025-06-15 02:22:15,425 - log - INFO - iter:5120/8041, Original Acc@1: 82.60, Acc@5: 96.76, TTA Acc@1: 91.86, Acc@5: 99.61
2025-06-15 02:23:14,617 - log - INFO - iter:5140/8041, clip_acc1=82.60700225830078, tta_acc1=91.86770629882812
2025-06-15 02:23:14,617 - log - INFO - iter:5140/8041, Original Acc@1: 82.61, Acc@5: 96.77, TTA Acc@1: 91.87, Acc@5: 99.61
2025-06-15 02:24:15,076 - log - INFO - iter:5160/8041, clip_acc1=82.55813598632812, tta_acc1=91.8410873413086
2025-06-15 02:24:15,076 - log - INFO - iter:5160/8041, Original Acc@1: 82.56, Acc@5: 96.78, TTA Acc@1: 91.84, Acc@5: 99.61
2025-06-15 02:25:14,276 - log - INFO - iter:5180/8041, clip_acc1=82.5289535522461, tta_acc1=91.85327911376953
2025-06-15 02:25:14,276 - log - INFO - iter:5180/8041, Original Acc@1: 82.53, Acc@5: 96.80, TTA Acc@1: 91.85, Acc@5: 99.61
2025-06-15 02:26:13,672 - log - INFO - iter:5200/8041, clip_acc1=82.55769348144531, tta_acc1=91.88461303710938
2025-06-15 02:26:13,672 - log - INFO - iter:5200/8041, Original Acc@1: 82.56, Acc@5: 96.81, TTA Acc@1: 91.88, Acc@5: 99.62
2025-06-15 02:27:12,980 - log - INFO - iter:5220/8041, clip_acc1=82.56705474853516, tta_acc1=91.87739562988281
2025-06-15 02:27:12,980 - log - INFO - iter:5220/8041, Original Acc@1: 82.57, Acc@5: 96.80, TTA Acc@1: 91.88, Acc@5: 99.62
2025-06-15 02:28:12,259 - log - INFO - iter:5240/8041, clip_acc1=82.5572509765625, tta_acc1=91.83206176757812
2025-06-15 02:28:12,260 - log - INFO - iter:5240/8041, Original Acc@1: 82.56, Acc@5: 96.81, TTA Acc@1: 91.83, Acc@5: 99.62
2025-06-15 02:29:11,647 - log - INFO - iter:5260/8041, clip_acc1=82.50950622558594, tta_acc1=91.86311340332031
2025-06-15 02:29:11,647 - log - INFO - iter:5260/8041, Original Acc@1: 82.51, Acc@5: 96.81, TTA Acc@1: 91.86, Acc@5: 99.62
2025-06-15 02:30:11,317 - log - INFO - iter:5280/8041, clip_acc1=82.51893615722656, tta_acc1=91.8560562133789
2025-06-15 02:30:11,317 - log - INFO - iter:5280/8041, Original Acc@1: 82.52, Acc@5: 96.80, TTA Acc@1: 91.86, Acc@5: 99.62
2025-06-15 02:31:11,337 - log - INFO - iter:5300/8041, clip_acc1=82.50943756103516, tta_acc1=91.86792755126953
2025-06-15 02:31:11,337 - log - INFO - iter:5300/8041, Original Acc@1: 82.51, Acc@5: 96.79, TTA Acc@1: 91.87, Acc@5: 99.60
2025-06-15 02:32:11,429 - log - INFO - iter:5320/8041, clip_acc1=82.5, tta_acc1=91.84210968017578
2025-06-15 02:32:11,429 - log - INFO - iter:5320/8041, Original Acc@1: 82.50, Acc@5: 96.73, TTA Acc@1: 91.84, Acc@5: 99.61
2025-06-15 02:33:12,442 - log - INFO - iter:5340/8041, clip_acc1=82.50936126708984, tta_acc1=91.8726577758789
2025-06-15 02:33:12,442 - log - INFO - iter:5340/8041, Original Acc@1: 82.51, Acc@5: 96.72, TTA Acc@1: 91.87, Acc@5: 99.61
2025-06-15 02:34:11,501 - log - INFO - iter:5360/8041, clip_acc1=82.5186538696289, tta_acc1=91.90298461914062
2025-06-15 02:34:11,501 - log - INFO - iter:5360/8041, Original Acc@1: 82.52, Acc@5: 96.74, TTA Acc@1: 91.90, Acc@5: 99.61
2025-06-15 02:35:12,521 - log - INFO - iter:5380/8041, clip_acc1=82.52787780761719, tta_acc1=91.91449737548828
2025-06-15 02:35:12,521 - log - INFO - iter:5380/8041, Original Acc@1: 82.53, Acc@5: 96.73, TTA Acc@1: 91.91, Acc@5: 99.61
2025-06-15 02:36:12,818 - log - INFO - iter:5400/8041, clip_acc1=82.5, tta_acc1=91.94444274902344
2025-06-15 02:36:12,818 - log - INFO - iter:5400/8041, Original Acc@1: 82.50, Acc@5: 96.72, TTA Acc@1: 91.94, Acc@5: 99.61
2025-06-15 02:37:12,506 - log - INFO - iter:5420/8041, clip_acc1=82.4169692993164, tta_acc1=91.9003677368164
2025-06-15 02:37:12,506 - log - INFO - iter:5420/8041, Original Acc@1: 82.42, Acc@5: 96.68, TTA Acc@1: 91.90, Acc@5: 99.61
2025-06-15 02:38:12,373 - log - INFO - iter:5440/8041, clip_acc1=82.4632339477539, tta_acc1=91.9117660522461
2025-06-15 02:38:12,373 - log - INFO - iter:5440/8041, Original Acc@1: 82.46, Acc@5: 96.67, TTA Acc@1: 91.91, Acc@5: 99.61
2025-06-15 02:39:11,747 - log - INFO - iter:5460/8041, clip_acc1=82.47252655029297, tta_acc1=91.92308044433594
2025-06-15 02:39:11,747 - log - INFO - iter:5460/8041, Original Acc@1: 82.47, Acc@5: 96.68, TTA Acc@1: 91.92, Acc@5: 99.62
2025-06-15 02:40:10,936 - log - INFO - iter:5480/8041, clip_acc1=82.5, tta_acc1=91.8978042602539
2025-06-15 02:40:10,936 - log - INFO - iter:5480/8041, Original Acc@1: 82.50, Acc@5: 96.68, TTA Acc@1: 91.90, Acc@5: 99.62
2025-06-15 02:41:10,022 - log - INFO - iter:5500/8041, clip_acc1=82.41818237304688, tta_acc1=91.83636474609375
2025-06-15 02:41:10,022 - log - INFO - iter:5500/8041, Original Acc@1: 82.42, Acc@5: 96.62, TTA Acc@1: 91.84, Acc@5: 99.62
2025-06-15 02:42:09,128 - log - INFO - iter:5520/8041, clip_acc1=82.4456558227539, tta_acc1=91.8297119140625
2025-06-15 02:42:09,129 - log - INFO - iter:5520/8041, Original Acc@1: 82.45, Acc@5: 96.63, TTA Acc@1: 91.83, Acc@5: 99.62
2025-06-15 02:43:09,062 - log - INFO - iter:5540/8041, clip_acc1=82.4729232788086, tta_acc1=91.84115600585938
2025-06-15 02:43:09,062 - log - INFO - iter:5540/8041, Original Acc@1: 82.47, Acc@5: 96.64, TTA Acc@1: 91.84, Acc@5: 99.62
2025-06-15 02:44:09,215 - log - INFO - iter:5560/8041, clip_acc1=82.48200988769531, tta_acc1=91.83453369140625
2025-06-15 02:44:09,215 - log - INFO - iter:5560/8041, Original Acc@1: 82.48, Acc@5: 96.64, TTA Acc@1: 91.83, Acc@5: 99.62
2025-06-15 02:45:09,025 - log - INFO - iter:5580/8041, clip_acc1=82.50895690917969, tta_acc1=91.84587860107422
2025-06-15 02:45:09,025 - log - INFO - iter:5580/8041, Original Acc@1: 82.51, Acc@5: 96.65, TTA Acc@1: 91.85, Acc@5: 99.62
2025-06-15 02:46:08,319 - log - INFO - iter:5600/8041, clip_acc1=82.48213958740234, tta_acc1=91.83928680419922
2025-06-15 02:46:08,319 - log - INFO - iter:5600/8041, Original Acc@1: 82.48, Acc@5: 96.64, TTA Acc@1: 91.84, Acc@5: 99.62
2025-06-15 02:47:07,643 - log - INFO - iter:5620/8041, clip_acc1=82.50889587402344, tta_acc1=91.8327407836914
2025-06-15 02:47:07,644 - log - INFO - iter:5620/8041, Original Acc@1: 82.51, Acc@5: 96.65, TTA Acc@1: 91.83, Acc@5: 99.63
2025-06-15 02:48:07,717 - log - INFO - iter:5640/8041, clip_acc1=82.46453857421875, tta_acc1=91.79077911376953
2025-06-15 02:48:07,717 - log - INFO - iter:5640/8041, Original Acc@1: 82.46, Acc@5: 96.65, TTA Acc@1: 91.79, Acc@5: 99.63
2025-06-15 02:49:07,342 - log - INFO - iter:5660/8041, clip_acc1=82.42049407958984, tta_acc1=91.7844467163086
2025-06-15 02:49:07,342 - log - INFO - iter:5660/8041, Original Acc@1: 82.42, Acc@5: 96.66, TTA Acc@1: 91.78, Acc@5: 99.63
2025-06-15 02:50:07,416 - log - INFO - iter:5680/8041, clip_acc1=82.32394409179688, tta_acc1=91.77816772460938
2025-06-15 02:50:07,416 - log - INFO - iter:5680/8041, Original Acc@1: 82.32, Acc@5: 96.67, TTA Acc@1: 91.78, Acc@5: 99.63
2025-06-15 02:51:07,082 - log - INFO - iter:5700/8041, clip_acc1=82.35088348388672, tta_acc1=91.78947448730469
2025-06-15 02:51:07,082 - log - INFO - iter:5700/8041, Original Acc@1: 82.35, Acc@5: 96.68, TTA Acc@1: 91.79, Acc@5: 99.63
2025-06-15 02:52:06,212 - log - INFO - iter:5720/8041, clip_acc1=82.39511108398438, tta_acc1=91.80070495605469
2025-06-15 02:52:06,212 - log - INFO - iter:5720/8041, Original Acc@1: 82.40, Acc@5: 96.70, TTA Acc@1: 91.80, Acc@5: 99.63
2025-06-15 02:53:06,388 - log - INFO - iter:5740/8041, clip_acc1=82.40418243408203, tta_acc1=91.82926940917969
2025-06-15 02:53:06,389 - log - INFO - iter:5740/8041, Original Acc@1: 82.40, Acc@5: 96.69, TTA Acc@1: 91.83, Acc@5: 99.63
2025-06-15 02:54:05,893 - log - INFO - iter:5760/8041, clip_acc1=82.39583587646484, tta_acc1=91.80555725097656
2025-06-15 02:54:05,894 - log - INFO - iter:5760/8041, Original Acc@1: 82.40, Acc@5: 96.68, TTA Acc@1: 91.81, Acc@5: 99.64
2025-06-15 02:55:05,259 - log - INFO - iter:5780/8041, clip_acc1=82.37024688720703, tta_acc1=91.7820053100586
2025-06-15 02:55:05,259 - log - INFO - iter:5780/8041, Original Acc@1: 82.37, Acc@5: 96.70, TTA Acc@1: 91.78, Acc@5: 99.64
2025-06-15 02:56:05,143 - log - INFO - iter:5800/8041, clip_acc1=82.37931060791016, tta_acc1=91.74137878417969
2025-06-15 02:56:05,143 - log - INFO - iter:5800/8041, Original Acc@1: 82.38, Acc@5: 96.69, TTA Acc@1: 91.74, Acc@5: 99.64
2025-06-15 02:57:05,677 - log - INFO - iter:5820/8041, clip_acc1=82.35395050048828, tta_acc1=91.76976013183594
2025-06-15 02:57:05,678 - log - INFO - iter:5820/8041, Original Acc@1: 82.35, Acc@5: 96.68, TTA Acc@1: 91.77, Acc@5: 99.64
2025-06-15 02:58:05,070 - log - INFO - iter:5840/8041, clip_acc1=82.3630142211914, tta_acc1=91.78082275390625
2025-06-15 02:58:05,070 - log - INFO - iter:5840/8041, Original Acc@1: 82.36, Acc@5: 96.66, TTA Acc@1: 91.78, Acc@5: 99.64
2025-06-15 02:59:06,323 - log - INFO - iter:5860/8041, clip_acc1=82.28668975830078, tta_acc1=91.74061584472656
2025-06-15 02:59:06,324 - log - INFO - iter:5860/8041, Original Acc@1: 82.29, Acc@5: 96.64, TTA Acc@1: 91.74, Acc@5: 99.64
2025-06-15 03:00:05,645 - log - INFO - iter:5880/8041, clip_acc1=82.31292724609375, tta_acc1=91.76870727539062
2025-06-15 03:00:05,645 - log - INFO - iter:5880/8041, Original Acc@1: 82.31, Acc@5: 96.65, TTA Acc@1: 91.77, Acc@5: 99.64
2025-06-15 03:01:08,050 - log - INFO - iter:5900/8041, clip_acc1=82.33898162841797, tta_acc1=91.7796630859375
2025-06-15 03:01:08,050 - log - INFO - iter:5900/8041, Original Acc@1: 82.34, Acc@5: 96.64, TTA Acc@1: 91.78, Acc@5: 99.64
2025-06-15 03:02:08,639 - log - INFO - iter:5920/8041, clip_acc1=82.3648681640625, tta_acc1=91.77365112304688
2025-06-15 03:02:08,639 - log - INFO - iter:5920/8041, Original Acc@1: 82.36, Acc@5: 96.66, TTA Acc@1: 91.77, Acc@5: 99.65
2025-06-15 03:03:08,496 - log - INFO - iter:5940/8041, clip_acc1=82.37373352050781, tta_acc1=91.78450775146484
2025-06-15 03:03:08,497 - log - INFO - iter:5940/8041, Original Acc@1: 82.37, Acc@5: 96.65, TTA Acc@1: 91.78, Acc@5: 99.65
2025-06-15 03:04:07,606 - log - INFO - iter:5960/8041, clip_acc1=82.38255310058594, tta_acc1=91.79530334472656
2025-06-15 03:04:07,606 - log - INFO - iter:5960/8041, Original Acc@1: 82.38, Acc@5: 96.64, TTA Acc@1: 91.80, Acc@5: 99.65
2025-06-15 03:05:06,693 - log - INFO - iter:5980/8041, clip_acc1=82.34113311767578, tta_acc1=91.80601501464844
2025-06-15 03:05:06,693 - log - INFO - iter:5980/8041, Original Acc@1: 82.34, Acc@5: 96.62, TTA Acc@1: 91.81, Acc@5: 99.65
2025-06-15 03:06:06,429 - log - INFO - iter:6000/8041, clip_acc1=82.36666870117188, tta_acc1=91.79999542236328
2025-06-15 03:06:06,429 - log - INFO - iter:6000/8041, Original Acc@1: 82.37, Acc@5: 96.62, TTA Acc@1: 91.80, Acc@5: 99.63
2025-06-15 03:07:05,899 - log - INFO - iter:6020/8041, clip_acc1=82.3421859741211, tta_acc1=91.76079559326172
2025-06-15 03:07:05,899 - log - INFO - iter:6020/8041, Original Acc@1: 82.34, Acc@5: 96.59, TTA Acc@1: 91.76, Acc@5: 99.63
2025-06-15 03:08:05,217 - log - INFO - iter:6040/8041, clip_acc1=82.38410949707031, tta_acc1=91.75496673583984
2025-06-15 03:08:05,218 - log - INFO - iter:6040/8041, Original Acc@1: 82.38, Acc@5: 96.61, TTA Acc@1: 91.75, Acc@5: 99.64
2025-06-15 03:09:04,652 - log - INFO - iter:6060/8041, clip_acc1=82.3432388305664, tta_acc1=91.74917602539062
2025-06-15 03:09:04,652 - log - INFO - iter:6060/8041, Original Acc@1: 82.34, Acc@5: 96.62, TTA Acc@1: 91.75, Acc@5: 99.64
2025-06-15 03:10:04,180 - log - INFO - iter:6080/8041, clip_acc1=82.35197448730469, tta_acc1=91.75987243652344
2025-06-15 03:10:04,180 - log - INFO - iter:6080/8041, Original Acc@1: 82.35, Acc@5: 96.61, TTA Acc@1: 91.76, Acc@5: 99.64
2025-06-15 03:11:03,049 - log - INFO - iter:6100/8041, clip_acc1=82.3442611694336, tta_acc1=91.77049255371094
2025-06-15 03:11:03,049 - log - INFO - iter:6100/8041, Original Acc@1: 82.34, Acc@5: 96.62, TTA Acc@1: 91.77, Acc@5: 99.64
2025-06-15 03:12:03,487 - log - INFO - iter:6120/8041, clip_acc1=82.33660125732422, tta_acc1=91.74836730957031
2025-06-15 03:12:03,487 - log - INFO - iter:6120/8041, Original Acc@1: 82.34, Acc@5: 96.63, TTA Acc@1: 91.75, Acc@5: 99.64
2025-06-15 03:13:03,072 - log - INFO - iter:6140/8041, clip_acc1=82.34527587890625, tta_acc1=91.74266815185547
2025-06-15 03:13:03,072 - log - INFO - iter:6140/8041, Original Acc@1: 82.35, Acc@5: 96.63, TTA Acc@1: 91.74, Acc@5: 99.64
2025-06-15 03:14:02,594 - log - INFO - iter:6160/8041, clip_acc1=82.2727279663086, tta_acc1=91.72077941894531
2025-06-15 03:14:02,595 - log - INFO - iter:6160/8041, Original Acc@1: 82.27, Acc@5: 96.62, TTA Acc@1: 91.72, Acc@5: 99.64
2025-06-15 03:15:02,199 - log - INFO - iter:6180/8041, clip_acc1=82.31391143798828, tta_acc1=91.73138427734375
2025-06-15 03:15:02,199 - log - INFO - iter:6180/8041, Original Acc@1: 82.31, Acc@5: 96.63, TTA Acc@1: 91.73, Acc@5: 99.64
2025-06-15 03:16:01,306 - log - INFO - iter:6200/8041, clip_acc1=82.33871459960938, tta_acc1=91.75806427001953
2025-06-15 03:16:01,307 - log - INFO - iter:6200/8041, Original Acc@1: 82.34, Acc@5: 96.65, TTA Acc@1: 91.76, Acc@5: 99.65
2025-06-15 03:17:01,133 - log - INFO - iter:6220/8041, clip_acc1=82.31510925292969, tta_acc1=91.736328125
2025-06-15 03:17:01,134 - log - INFO - iter:6220/8041, Original Acc@1: 82.32, Acc@5: 96.62, TTA Acc@1: 91.74, Acc@5: 99.65
2025-06-15 03:18:01,112 - log - INFO - iter:6240/8041, clip_acc1=82.3397445678711, tta_acc1=91.69872283935547
2025-06-15 03:18:01,113 - log - INFO - iter:6240/8041, Original Acc@1: 82.34, Acc@5: 96.62, TTA Acc@1: 91.70, Acc@5: 99.65
2025-06-15 03:19:00,925 - log - INFO - iter:6260/8041, clip_acc1=82.39616394042969, tta_acc1=91.72523498535156
2025-06-15 03:19:00,925 - log - INFO - iter:6260/8041, Original Acc@1: 82.40, Acc@5: 96.63, TTA Acc@1: 91.73, Acc@5: 99.65
2025-06-15 03:20:00,259 - log - INFO - iter:6280/8041, clip_acc1=82.42037963867188, tta_acc1=91.7197494506836
2025-06-15 03:20:00,259 - log - INFO - iter:6280/8041, Original Acc@1: 82.42, Acc@5: 96.64, TTA Acc@1: 91.72, Acc@5: 99.65
2025-06-15 03:21:00,062 - log - INFO - iter:6300/8041, clip_acc1=82.44444274902344, tta_acc1=91.74602508544922
2025-06-15 03:21:00,063 - log - INFO - iter:6300/8041, Original Acc@1: 82.44, Acc@5: 96.65, TTA Acc@1: 91.75, Acc@5: 99.65
2025-06-15 03:22:00,577 - log - INFO - iter:6320/8041, clip_acc1=82.43670654296875, tta_acc1=91.74050903320312
2025-06-15 03:22:00,578 - log - INFO - iter:6320/8041, Original Acc@1: 82.44, Acc@5: 96.65, TTA Acc@1: 91.74, Acc@5: 99.65
2025-06-15 03:22:59,774 - log - INFO - iter:6340/8041, clip_acc1=82.44479370117188, tta_acc1=91.73501586914062
2025-06-15 03:22:59,774 - log - INFO - iter:6340/8041, Original Acc@1: 82.44, Acc@5: 96.64, TTA Acc@1: 91.74, Acc@5: 99.64
2025-06-15 03:23:59,818 - log - INFO - iter:6360/8041, clip_acc1=82.45282745361328, tta_acc1=91.74528503417969
2025-06-15 03:23:59,818 - log - INFO - iter:6360/8041, Original Acc@1: 82.45, Acc@5: 96.64, TTA Acc@1: 91.75, Acc@5: 99.64
2025-06-15 03:24:59,667 - log - INFO - iter:6380/8041, clip_acc1=82.4294662475586, tta_acc1=91.72413635253906
2025-06-15 03:24:59,667 - log - INFO - iter:6380/8041, Original Acc@1: 82.43, Acc@5: 96.61, TTA Acc@1: 91.72, Acc@5: 99.62
2025-06-15 03:25:58,957 - log - INFO - iter:6400/8041, clip_acc1=82.421875, tta_acc1=91.71875
2025-06-15 03:25:58,957 - log - INFO - iter:6400/8041, Original Acc@1: 82.42, Acc@5: 96.61, TTA Acc@1: 91.72, Acc@5: 99.62
2025-06-15 03:26:58,141 - log - INFO - iter:6420/8041, clip_acc1=82.42990112304688, tta_acc1=91.72896575927734
2025-06-15 03:26:58,142 - log - INFO - iter:6420/8041, Original Acc@1: 82.43, Acc@5: 96.62, TTA Acc@1: 91.73, Acc@5: 99.63
2025-06-15 03:27:58,201 - log - INFO - iter:6440/8041, clip_acc1=82.4378890991211, tta_acc1=91.75465393066406
2025-06-15 03:27:58,201 - log - INFO - iter:6440/8041, Original Acc@1: 82.44, Acc@5: 96.63, TTA Acc@1: 91.75, Acc@5: 99.63
2025-06-15 03:28:57,153 - log - INFO - iter:6460/8041, clip_acc1=82.41486358642578, tta_acc1=91.70278930664062
2025-06-15 03:28:57,153 - log - INFO - iter:6460/8041, Original Acc@1: 82.41, Acc@5: 96.64, TTA Acc@1: 91.70, Acc@5: 99.63
2025-06-15 03:29:57,983 - log - INFO - iter:6480/8041, clip_acc1=82.40740966796875, tta_acc1=91.6821060180664
2025-06-15 03:29:57,983 - log - INFO - iter:6480/8041, Original Acc@1: 82.41, Acc@5: 96.65, TTA Acc@1: 91.68, Acc@5: 99.63
2025-06-15 03:30:58,465 - log - INFO - iter:6500/8041, clip_acc1=82.44615173339844, tta_acc1=91.70768737792969
2025-06-15 03:30:58,466 - log - INFO - iter:6500/8041, Original Acc@1: 82.45, Acc@5: 96.65, TTA Acc@1: 91.71, Acc@5: 99.63
2025-06-15 03:31:57,714 - log - INFO - iter:6520/8041, clip_acc1=82.48466491699219, tta_acc1=91.71778869628906
2025-06-15 03:31:57,714 - log - INFO - iter:6520/8041, Original Acc@1: 82.48, Acc@5: 96.66, TTA Acc@1: 91.72, Acc@5: 99.63
2025-06-15 03:32:57,643 - log - INFO - iter:6540/8041, clip_acc1=82.47706604003906, tta_acc1=91.68195343017578
2025-06-15 03:32:57,644 - log - INFO - iter:6540/8041, Original Acc@1: 82.48, Acc@5: 96.65, TTA Acc@1: 91.68, Acc@5: 99.63
2025-06-15 03:33:57,100 - log - INFO - iter:6560/8041, clip_acc1=82.5, tta_acc1=91.67682647705078
2025-06-15 03:33:57,100 - log - INFO - iter:6560/8041, Original Acc@1: 82.50, Acc@5: 96.65, TTA Acc@1: 91.68, Acc@5: 99.63
2025-06-15 03:34:56,282 - log - INFO - iter:6580/8041, clip_acc1=82.47720336914062, tta_acc1=91.65653228759766
2025-06-15 03:34:56,282 - log - INFO - iter:6580/8041, Original Acc@1: 82.48, Acc@5: 96.64, TTA Acc@1: 91.66, Acc@5: 99.64
2025-06-15 03:35:56,368 - log - INFO - iter:6600/8041, clip_acc1=82.43939208984375, tta_acc1=91.6515121459961
2025-06-15 03:35:56,368 - log - INFO - iter:6600/8041, Original Acc@1: 82.44, Acc@5: 96.64, TTA Acc@1: 91.65, Acc@5: 99.64
2025-06-15 03:36:56,833 - log - INFO - iter:6620/8041, clip_acc1=82.46224212646484, tta_acc1=91.66163635253906
2025-06-15 03:36:56,833 - log - INFO - iter:6620/8041, Original Acc@1: 82.46, Acc@5: 96.65, TTA Acc@1: 91.66, Acc@5: 99.64
2025-06-15 03:37:56,743 - log - INFO - iter:6640/8041, clip_acc1=82.45481872558594, tta_acc1=91.64157104492188
2025-06-15 03:37:56,743 - log - INFO - iter:6640/8041, Original Acc@1: 82.45, Acc@5: 96.64, TTA Acc@1: 91.64, Acc@5: 99.62
2025-06-15 03:38:56,012 - log - INFO - iter:6660/8041, clip_acc1=82.43243408203125, tta_acc1=91.62162017822266
2025-06-15 03:38:56,012 - log - INFO - iter:6660/8041, Original Acc@1: 82.43, Acc@5: 96.65, TTA Acc@1: 91.62, Acc@5: 99.62
2025-06-15 03:39:55,922 - log - INFO - iter:6680/8041, clip_acc1=82.4101791381836, tta_acc1=91.6317367553711
2025-06-15 03:39:55,922 - log - INFO - iter:6680/8041, Original Acc@1: 82.41, Acc@5: 96.65, TTA Acc@1: 91.63, Acc@5: 99.63
2025-06-15 03:40:57,961 - log - INFO - iter:6700/8041, clip_acc1=82.35820770263672, tta_acc1=91.6119384765625
2025-06-15 03:40:57,962 - log - INFO - iter:6700/8041, Original Acc@1: 82.36, Acc@5: 96.66, TTA Acc@1: 91.61, Acc@5: 99.63
2025-06-15 03:41:57,977 - log - INFO - iter:6720/8041, clip_acc1=82.36607360839844, tta_acc1=91.5922622680664
2025-06-15 03:41:57,977 - log - INFO - iter:6720/8041, Original Acc@1: 82.37, Acc@5: 96.67, TTA Acc@1: 91.59, Acc@5: 99.61
2025-06-15 03:42:57,505 - log - INFO - iter:6740/8041, clip_acc1=82.35904693603516, tta_acc1=91.60237121582031
2025-06-15 03:42:57,505 - log - INFO - iter:6740/8041, Original Acc@1: 82.36, Acc@5: 96.65, TTA Acc@1: 91.60, Acc@5: 99.61
2025-06-15 03:43:57,472 - log - INFO - iter:6760/8041, clip_acc1=82.36686706542969, tta_acc1=91.58283996582031
2025-06-15 03:43:57,473 - log - INFO - iter:6760/8041, Original Acc@1: 82.37, Acc@5: 96.66, TTA Acc@1: 91.58, Acc@5: 99.62
2025-06-15 03:44:57,253 - log - INFO - iter:6780/8041, clip_acc1=82.31563568115234, tta_acc1=91.51917266845703
2025-06-15 03:44:57,254 - log - INFO - iter:6780/8041, Original Acc@1: 82.32, Acc@5: 96.65, TTA Acc@1: 91.52, Acc@5: 99.62
2025-06-15 03:45:56,643 - log - INFO - iter:6800/8041, clip_acc1=82.29411315917969, tta_acc1=91.52941131591797
2025-06-15 03:45:56,643 - log - INFO - iter:6800/8041, Original Acc@1: 82.29, Acc@5: 96.66, TTA Acc@1: 91.53, Acc@5: 99.62
2025-06-15 03:46:56,539 - log - INFO - iter:6820/8041, clip_acc1=82.31671905517578, tta_acc1=91.53959655761719
2025-06-15 03:46:56,539 - log - INFO - iter:6820/8041, Original Acc@1: 82.32, Acc@5: 96.66, TTA Acc@1: 91.54, Acc@5: 99.62
2025-06-15 03:47:56,822 - log - INFO - iter:6840/8041, clip_acc1=82.30994415283203, tta_acc1=91.53508758544922
2025-06-15 03:47:56,823 - log - INFO - iter:6840/8041, Original Acc@1: 82.31, Acc@5: 96.65, TTA Acc@1: 91.54, Acc@5: 99.62
2025-06-15 03:48:56,481 - log - INFO - iter:6860/8041, clip_acc1=82.33235931396484, tta_acc1=91.5451889038086
2025-06-15 03:48:56,481 - log - INFO - iter:6860/8041, Original Acc@1: 82.33, Acc@5: 96.66, TTA Acc@1: 91.55, Acc@5: 99.62
2025-06-15 03:49:55,841 - log - INFO - iter:6880/8041, clip_acc1=82.2965087890625, tta_acc1=91.54069519042969
2025-06-15 03:49:55,842 - log - INFO - iter:6880/8041, Original Acc@1: 82.30, Acc@5: 96.66, TTA Acc@1: 91.54, Acc@5: 99.62
2025-06-15 03:50:57,048 - log - INFO - iter:6900/8041, clip_acc1=82.27536010742188, tta_acc1=91.52173614501953
2025-06-15 03:50:57,048 - log - INFO - iter:6900/8041, Original Acc@1: 82.28, Acc@5: 96.67, TTA Acc@1: 91.52, Acc@5: 99.62
2025-06-15 03:51:56,255 - log - INFO - iter:6920/8041, clip_acc1=82.28323364257812, tta_acc1=91.51734161376953
2025-06-15 03:51:56,256 - log - INFO - iter:6920/8041, Original Acc@1: 82.28, Acc@5: 96.68, TTA Acc@1: 91.52, Acc@5: 99.62
2025-06-15 03:52:55,785 - log - INFO - iter:6940/8041, clip_acc1=82.29106903076172, tta_acc1=91.52738189697266
2025-06-15 03:52:55,785 - log - INFO - iter:6940/8041, Original Acc@1: 82.29, Acc@5: 96.66, TTA Acc@1: 91.53, Acc@5: 99.63
2025-06-15 03:53:55,150 - log - INFO - iter:6960/8041, clip_acc1=82.27011108398438, tta_acc1=91.52298736572266
2025-06-15 03:53:55,150 - log - INFO - iter:6960/8041, Original Acc@1: 82.27, Acc@5: 96.67, TTA Acc@1: 91.52, Acc@5: 99.63
2025-06-15 03:54:55,844 - log - INFO - iter:6980/8041, clip_acc1=82.2779312133789, tta_acc1=91.54727935791016
2025-06-15 03:54:55,844 - log - INFO - iter:6980/8041, Original Acc@1: 82.28, Acc@5: 96.68, TTA Acc@1: 91.55, Acc@5: 99.63
2025-06-15 03:55:55,489 - log - INFO - iter:7000/8041, clip_acc1=82.25714111328125, tta_acc1=91.52857208251953
2025-06-15 03:55:55,489 - log - INFO - iter:7000/8041, Original Acc@1: 82.26, Acc@5: 96.67, TTA Acc@1: 91.53, Acc@5: 99.63
2025-06-15 03:56:55,358 - log - INFO - iter:7020/8041, clip_acc1=82.2507095336914, tta_acc1=91.55270385742188
2025-06-15 03:56:55,358 - log - INFO - iter:7020/8041, Original Acc@1: 82.25, Acc@5: 96.68, TTA Acc@1: 91.55, Acc@5: 99.63
2025-06-15 03:57:54,754 - log - INFO - iter:7040/8041, clip_acc1=82.24431610107422, tta_acc1=91.54829406738281
2025-06-15 03:57:54,754 - log - INFO - iter:7040/8041, Original Acc@1: 82.24, Acc@5: 96.69, TTA Acc@1: 91.55, Acc@5: 99.63
2025-06-15 03:58:53,705 - log - INFO - iter:7060/8041, clip_acc1=82.26628875732422, tta_acc1=91.54390716552734
2025-06-15 03:58:53,706 - log - INFO - iter:7060/8041, Original Acc@1: 82.27, Acc@5: 96.70, TTA Acc@1: 91.54, Acc@5: 99.63
2025-06-15 03:59:52,913 - log - INFO - iter:7080/8041, clip_acc1=82.2598876953125, tta_acc1=91.55367279052734
2025-06-15 03:59:52,914 - log - INFO - iter:7080/8041, Original Acc@1: 82.26, Acc@5: 96.71, TTA Acc@1: 91.55, Acc@5: 99.63
2025-06-15 04:00:52,426 - log - INFO - iter:7100/8041, clip_acc1=82.28169250488281, tta_acc1=91.56338500976562
2025-06-15 04:00:52,426 - log - INFO - iter:7100/8041, Original Acc@1: 82.28, Acc@5: 96.70, TTA Acc@1: 91.56, Acc@5: 99.63
2025-06-15 04:01:52,929 - log - INFO - iter:7120/8041, clip_acc1=82.26123809814453, tta_acc1=91.5449447631836
2025-06-15 04:01:52,930 - log - INFO - iter:7120/8041, Original Acc@1: 82.26, Acc@5: 96.71, TTA Acc@1: 91.54, Acc@5: 99.63
2025-06-15 04:02:51,981 - log - INFO - iter:7140/8041, clip_acc1=82.26891326904297, tta_acc1=91.56863403320312
2025-06-15 04:02:51,981 - log - INFO - iter:7140/8041, Original Acc@1: 82.27, Acc@5: 96.72, TTA Acc@1: 91.57, Acc@5: 99.64
2025-06-15 04:03:51,602 - log - INFO - iter:7160/8041, clip_acc1=82.24860382080078, tta_acc1=91.55027770996094
2025-06-15 04:03:51,602 - log - INFO - iter:7160/8041, Original Acc@1: 82.25, Acc@5: 96.70, TTA Acc@1: 91.55, Acc@5: 99.64
2025-06-15 04:04:50,881 - log - INFO - iter:7180/8041, clip_acc1=82.21448516845703, tta_acc1=91.51810455322266
2025-06-15 04:04:50,882 - log - INFO - iter:7180/8041, Original Acc@1: 82.21, Acc@5: 96.71, TTA Acc@1: 91.52, Acc@5: 99.64
2025-06-15 04:05:50,243 - log - INFO - iter:7200/8041, clip_acc1=82.23611450195312, tta_acc1=91.5138931274414
2025-06-15 04:05:50,243 - log - INFO - iter:7200/8041, Original Acc@1: 82.24, Acc@5: 96.72, TTA Acc@1: 91.51, Acc@5: 99.64
2025-06-15 04:06:50,925 - log - INFO - iter:7220/8041, clip_acc1=82.24376678466797, tta_acc1=91.50969696044922
2025-06-15 04:06:50,925 - log - INFO - iter:7220/8041, Original Acc@1: 82.24, Acc@5: 96.73, TTA Acc@1: 91.51, Acc@5: 99.64
2025-06-15 04:07:50,515 - log - INFO - iter:7240/8041, clip_acc1=82.19612884521484, tta_acc1=91.46408081054688
2025-06-15 04:07:50,516 - log - INFO - iter:7240/8041, Original Acc@1: 82.20, Acc@5: 96.71, TTA Acc@1: 91.46, Acc@5: 99.64
2025-06-15 04:08:49,949 - log - INFO - iter:7260/8041, clip_acc1=82.1900863647461, tta_acc1=91.44628143310547
2025-06-15 04:08:49,949 - log - INFO - iter:7260/8041, Original Acc@1: 82.19, Acc@5: 96.69, TTA Acc@1: 91.45, Acc@5: 99.64
2025-06-15 04:09:49,616 - log - INFO - iter:7280/8041, clip_acc1=82.21154022216797, tta_acc1=91.45604705810547
2025-06-15 04:09:49,616 - log - INFO - iter:7280/8041, Original Acc@1: 82.21, Acc@5: 96.69, TTA Acc@1: 91.46, Acc@5: 99.64
2025-06-15 04:10:49,140 - log - INFO - iter:7300/8041, clip_acc1=82.24657440185547, tta_acc1=91.47945404052734
2025-06-15 04:10:49,140 - log - INFO - iter:7300/8041, Original Acc@1: 82.25, Acc@5: 96.70, TTA Acc@1: 91.48, Acc@5: 99.64
2025-06-15 04:11:49,534 - log - INFO - iter:7320/8041, clip_acc1=82.25410461425781, tta_acc1=91.47541046142578
2025-06-15 04:11:49,535 - log - INFO - iter:7320/8041, Original Acc@1: 82.25, Acc@5: 96.71, TTA Acc@1: 91.48, Acc@5: 99.64
2025-06-15 04:12:49,930 - log - INFO - iter:7340/8041, clip_acc1=82.23433685302734, tta_acc1=91.47139739990234
2025-06-15 04:12:49,930 - log - INFO - iter:7340/8041, Original Acc@1: 82.23, Acc@5: 96.70, TTA Acc@1: 91.47, Acc@5: 99.65
2025-06-15 04:13:50,734 - log - INFO - iter:7360/8041, clip_acc1=82.1875, tta_acc1=91.48097229003906
2025-06-15 04:13:50,735 - log - INFO - iter:7360/8041, Original Acc@1: 82.19, Acc@5: 96.70, TTA Acc@1: 91.48, Acc@5: 99.65
2025-06-15 04:14:50,033 - log - INFO - iter:7380/8041, clip_acc1=82.19512176513672, tta_acc1=91.46340942382812
2025-06-15 04:14:50,033 - log - INFO - iter:7380/8041, Original Acc@1: 82.20, Acc@5: 96.71, TTA Acc@1: 91.46, Acc@5: 99.65
2025-06-15 04:15:50,053 - log - INFO - iter:7400/8041, clip_acc1=82.21621704101562, tta_acc1=91.47297668457031
2025-06-15 04:15:50,053 - log - INFO - iter:7400/8041, Original Acc@1: 82.22, Acc@5: 96.72, TTA Acc@1: 91.47, Acc@5: 99.65
2025-06-15 04:16:49,773 - log - INFO - iter:7420/8041, clip_acc1=82.21024322509766, tta_acc1=91.48248291015625
2025-06-15 04:16:49,773 - log - INFO - iter:7420/8041, Original Acc@1: 82.21, Acc@5: 96.73, TTA Acc@1: 91.48, Acc@5: 99.65
2025-06-15 04:17:49,260 - log - INFO - iter:7440/8041, clip_acc1=82.23118591308594, tta_acc1=91.50537872314453
2025-06-15 04:17:49,260 - log - INFO - iter:7440/8041, Original Acc@1: 82.23, Acc@5: 96.73, TTA Acc@1: 91.51, Acc@5: 99.65
2025-06-15 04:18:48,775 - log - INFO - iter:7460/8041, clip_acc1=82.1983871459961, tta_acc1=91.52815246582031
2025-06-15 04:18:48,775 - log - INFO - iter:7460/8041, Original Acc@1: 82.20, Acc@5: 96.70, TTA Acc@1: 91.53, Acc@5: 99.65
2025-06-15 04:19:49,329 - log - INFO - iter:7480/8041, clip_acc1=82.20588684082031, tta_acc1=91.53743743896484
2025-06-15 04:19:49,329 - log - INFO - iter:7480/8041, Original Acc@1: 82.21, Acc@5: 96.70, TTA Acc@1: 91.54, Acc@5: 99.65
2025-06-15 04:20:48,967 - log - INFO - iter:7500/8041, clip_acc1=82.17333221435547, tta_acc1=91.50666809082031
2025-06-15 04:20:48,967 - log - INFO - iter:7500/8041, Original Acc@1: 82.17, Acc@5: 96.68, TTA Acc@1: 91.51, Acc@5: 99.64
2025-06-15 04:21:48,573 - log - INFO - iter:7520/8041, clip_acc1=82.19414520263672, tta_acc1=91.51595306396484
2025-06-15 04:21:48,573 - log - INFO - iter:7520/8041, Original Acc@1: 82.19, Acc@5: 96.69, TTA Acc@1: 91.52, Acc@5: 99.64
2025-06-15 04:22:47,999 - log - INFO - iter:7540/8041, clip_acc1=82.21485137939453, tta_acc1=91.52519989013672
2025-06-15 04:22:47,999 - log - INFO - iter:7540/8041, Original Acc@1: 82.21, Acc@5: 96.68, TTA Acc@1: 91.53, Acc@5: 99.64
2025-06-15 04:23:48,139 - log - INFO - iter:7560/8041, clip_acc1=82.20899963378906, tta_acc1=91.53439331054688
2025-06-15 04:23:48,140 - log - INFO - iter:7560/8041, Original Acc@1: 82.21, Acc@5: 96.68, TTA Acc@1: 91.53, Acc@5: 99.64
2025-06-15 04:24:47,639 - log - INFO - iter:7580/8041, clip_acc1=82.20316314697266, tta_acc1=91.55672454833984
2025-06-15 04:24:47,639 - log - INFO - iter:7580/8041, Original Acc@1: 82.20, Acc@5: 96.66, TTA Acc@1: 91.56, Acc@5: 99.64
2025-06-15 04:25:46,749 - log - INFO - iter:7600/8041, clip_acc1=82.22367858886719, tta_acc1=91.55262756347656
2025-06-15 04:25:46,750 - log - INFO - iter:7600/8041, Original Acc@1: 82.22, Acc@5: 96.67, TTA Acc@1: 91.55, Acc@5: 99.64
2025-06-15 04:26:45,948 - log - INFO - iter:7620/8041, clip_acc1=82.24409484863281, tta_acc1=91.56167602539062
2025-06-15 04:26:45,948 - log - INFO - iter:7620/8041, Original Acc@1: 82.24, Acc@5: 96.67, TTA Acc@1: 91.56, Acc@5: 99.65
2025-06-15 04:27:45,213 - log - INFO - iter:7640/8041, clip_acc1=82.25131225585938, tta_acc1=91.5575942993164
2025-06-15 04:27:45,214 - log - INFO - iter:7640/8041, Original Acc@1: 82.25, Acc@5: 96.68, TTA Acc@1: 91.56, Acc@5: 99.65
2025-06-15 04:28:44,537 - log - INFO - iter:7660/8041, clip_acc1=82.24542999267578, tta_acc1=91.55352783203125
2025-06-15 04:28:44,538 - log - INFO - iter:7660/8041, Original Acc@1: 82.25, Acc@5: 96.68, TTA Acc@1: 91.55, Acc@5: 99.65
2025-06-15 04:29:43,603 - log - INFO - iter:7680/8041, clip_acc1=82.25260925292969, tta_acc1=91.54948425292969
2025-06-15 04:29:43,603 - log - INFO - iter:7680/8041, Original Acc@1: 82.25, Acc@5: 96.69, TTA Acc@1: 91.55, Acc@5: 99.65
2025-06-15 04:30:42,740 - log - INFO - iter:7700/8041, clip_acc1=82.22077941894531, tta_acc1=91.53246307373047
2025-06-15 04:30:42,740 - log - INFO - iter:7700/8041, Original Acc@1: 82.22, Acc@5: 96.70, TTA Acc@1: 91.53, Acc@5: 99.65
2025-06-15 04:31:41,921 - log - INFO - iter:7720/8041, clip_acc1=82.21502685546875, tta_acc1=91.50259399414062
2025-06-15 04:31:41,922 - log - INFO - iter:7720/8041, Original Acc@1: 82.22, Acc@5: 96.71, TTA Acc@1: 91.50, Acc@5: 99.65
2025-06-15 04:32:41,227 - log - INFO - iter:7740/8041, clip_acc1=82.20929718017578, tta_acc1=91.48578643798828
2025-06-15 04:32:41,228 - log - INFO - iter:7740/8041, Original Acc@1: 82.21, Acc@5: 96.72, TTA Acc@1: 91.49, Acc@5: 99.65
2025-06-15 04:33:40,504 - log - INFO - iter:7760/8041, clip_acc1=82.21649932861328, tta_acc1=91.48196411132812
2025-06-15 04:33:40,504 - log - INFO - iter:7760/8041, Original Acc@1: 82.22, Acc@5: 96.73, TTA Acc@1: 91.48, Acc@5: 99.65
2025-06-15 04:34:39,895 - log - INFO - iter:7780/8041, clip_acc1=82.2236557006836, tta_acc1=91.50386047363281
2025-06-15 04:34:39,896 - log - INFO - iter:7780/8041, Original Acc@1: 82.22, Acc@5: 96.72, TTA Acc@1: 91.50, Acc@5: 99.65
2025-06-15 04:35:39,221 - log - INFO - iter:7800/8041, clip_acc1=82.25640869140625, tta_acc1=91.5128173828125
2025-06-15 04:35:39,221 - log - INFO - iter:7800/8041, Original Acc@1: 82.26, Acc@5: 96.73, TTA Acc@1: 91.51, Acc@5: 99.65
2025-06-15 04:36:38,554 - log - INFO - iter:7820/8041, clip_acc1=82.263427734375, tta_acc1=91.52174377441406
2025-06-15 04:36:38,554 - log - INFO - iter:7820/8041, Original Acc@1: 82.26, Acc@5: 96.73, TTA Acc@1: 91.52, Acc@5: 99.65
2025-06-15 04:37:38,216 - log - INFO - iter:7840/8041, clip_acc1=82.25765228271484, tta_acc1=91.53060913085938
2025-06-15 04:37:38,216 - log - INFO - iter:7840/8041, Original Acc@1: 82.26, Acc@5: 96.72, TTA Acc@1: 91.53, Acc@5: 99.66
2025-06-15 04:38:38,215 - log - INFO - iter:7860/8041, clip_acc1=82.25190734863281, tta_acc1=91.51399230957031
2025-06-15 04:38:38,215 - log - INFO - iter:7860/8041, Original Acc@1: 82.25, Acc@5: 96.73, TTA Acc@1: 91.51, Acc@5: 99.66
2025-06-15 04:39:37,435 - log - INFO - iter:7880/8041, clip_acc1=82.2461929321289, tta_acc1=91.5101547241211
2025-06-15 04:39:37,436 - log - INFO - iter:7880/8041, Original Acc@1: 82.25, Acc@5: 96.74, TTA Acc@1: 91.51, Acc@5: 99.66
2025-06-15 04:40:36,990 - log - INFO - iter:7900/8041, clip_acc1=82.2911376953125, tta_acc1=91.51898956298828
2025-06-15 04:40:36,990 - log - INFO - iter:7900/8041, Original Acc@1: 82.29, Acc@5: 96.75, TTA Acc@1: 91.52, Acc@5: 99.66
2025-06-15 04:41:36,320 - log - INFO - iter:7920/8041, clip_acc1=82.28535461425781, tta_acc1=91.50253295898438
2025-06-15 04:41:36,321 - log - INFO - iter:7920/8041, Original Acc@1: 82.29, Acc@5: 96.76, TTA Acc@1: 91.50, Acc@5: 99.66
2025-06-15 04:42:35,758 - log - INFO - iter:7940/8041, clip_acc1=82.24181365966797, tta_acc1=91.47354888916016
2025-06-15 04:42:35,759 - log - INFO - iter:7940/8041, Original Acc@1: 82.24, Acc@5: 96.76, TTA Acc@1: 91.47, Acc@5: 99.66
2025-06-15 04:43:34,598 - log - INFO - iter:7960/8041, clip_acc1=82.22361755371094, tta_acc1=91.45728302001953
2025-06-15 04:43:34,599 - log - INFO - iter:7960/8041, Original Acc@1: 82.22, Acc@5: 96.77, TTA Acc@1: 91.46, Acc@5: 99.66
2025-06-15 04:44:35,350 - log - INFO - iter:7980/8041, clip_acc1=82.20551300048828, tta_acc1=91.45362854003906
2025-06-15 04:44:35,350 - log - INFO - iter:7980/8041, Original Acc@1: 82.21, Acc@5: 96.75, TTA Acc@1: 91.45, Acc@5: 99.66
2025-06-15 04:45:35,169 - log - INFO - iter:8000/8041, clip_acc1=82.18750762939453, tta_acc1=91.43750762939453
2025-06-15 04:45:35,169 - log - INFO - iter:8000/8041, Original Acc@1: 82.19, Acc@5: 96.74, TTA Acc@1: 91.44, Acc@5: 99.66
2025-06-15 04:46:36,424 - log - INFO - iter:8020/8041, clip_acc1=82.19451141357422, tta_acc1=91.42144012451172
2025-06-15 04:46:36,425 - log - INFO - iter:8020/8041, Original Acc@1: 82.19, Acc@5: 96.73, TTA Acc@1: 91.42, Acc@5: 99.66
2025-06-15 04:47:34,088 - log - INFO - iter:8040/8041, clip_acc1=82.17662048339844, tta_acc1=91.39303588867188
2025-06-15 04:47:34,089 - log - INFO - iter:8040/8041, Original Acc@1: 82.18, Acc@5: 96.70, TTA Acc@1: 91.39, Acc@5: 99.66
2025-06-15 04:47:36,765 - log - INFO - iter:8041/8041, clip_acc1=82.17884063720703, tta_acc1=91.39411163330078
2025-06-15 04:47:36,765 - log - INFO - iter:8041/8041, Original Acc@1: 82.18, Acc@5: 96.70, TTA Acc@1: 91.39, Acc@5: 99.66
2025-06-15 04:47:36,863 - log - INFO - Final results - Original Acc@1: 82.18, Acc@5: 96.70, TTA Acc@1: 91.39, Acc@5: 99.66
2025-06-15 04:47:36,863 - log - INFO - Improvement from TTA in Acc@1 9.22, and Acc@5 2.96
2025-06-15 04:47:36,866 - log - INFO - Number of selected samples with index 0: 1867
2025-06-15 04:47:36,866 - log - INFO - Number of samples in the dataset: 8041
2025-06-15 04:47:36,923 - log - INFO - Selected IDs saved to /leonardo_work/EUHPC_R04_192/fmohamma/Adversarial_Robust_Clip/ATPT/Final_Results/vit_l_14_datacomp_1b/Cars/Clean/Counter_Attack/Eps_4_0_Steps_2_Alpha_1_0/tau_0_2_beta_2_0_weighted_pertrubation_True/TPT/Optimization_Loss_tpt_LR_0_005_Optimization_Steps_1_View_Selection_Fraction_0_1/Inference_Ensemble_vanilla/selected_topk.json
2025-06-15 04:47:37,428 - log - INFO - Batch entropies saved to /leonardo_work/EUHPC_R04_192/fmohamma/Adversarial_Robust_Clip/ATPT/Final_Results/vit_l_14_datacomp_1b/Cars/Clean/Counter_Attack/Eps_4_0_Steps_2_Alpha_1_0/tau_0_2_beta_2_0_weighted_pertrubation_True/TPT/Optimization_Loss_tpt_LR_0_005_Optimization_Steps_1_View_Selection_Fraction_0_1/Inference_Ensemble_vanilla/entropies.json
2025-06-15 04:47:37,437 - log - INFO - => Acc. on testset [Cars]: Clean Acc @1 82.17884063720703/ TTA Clean Acc @1 91.39411163330078, Clean Acc @5 96.70439147949219/ TTA Clean Acc @5 99.66422271728516
2025-06-15 04:47:37,437 - log - INFO - Total script execution time: 24141.28 seconds (402.35 minutes)
